ERROR - 2020-01-22 03:21:39 --> Could not find the language line "Tạo Điểm Lấy Hàng"
ERROR - 2020-01-22 03:21:39 --> Could not find the language line "Tạo Đơn Hàng"
ERROR - 2020-01-22 03:21:39 --> Severity: Warning --> Invalid argument supplied for foreach() /home/admin/domains/spshd.com/public_html/khachhang/application/views/tab4.php 394
ERROR - 2020-01-22 03:21:39 --> Could not find the language line "Đóng"
ERROR - 2020-01-22 03:21:39 --> Could not find the language line "Xác Nhận"
ERROR - 2020-01-22 03:21:39 --> Severity: Warning --> Invalid argument supplied for foreach() /home/admin/domains/spshd.com/public_html/khachhang/application/views/app.php 157
ERROR - 2020-01-22 03:21:39 --> Severity: Warning --> Invalid argument supplied for foreach() /home/admin/domains/spshd.com/public_html/khachhang/application/views/app.php 168
ERROR - 2020-01-22 03:21:39 --> Could not find the language line "Đóng"
ERROR - 2020-01-22 03:21:39 --> Could not find the language line "Xác Nhận"
ERROR - 2020-01-22 03:21:39 --> Could not find the language line "Đóng"
ERROR - 2020-01-22 03:21:39 --> Could not find the language line "Xác Nhận"
ERROR - 2020-01-22 08:51:42 --> Could not find the language line "Tạo Điểm Lấy Hàng"
ERROR - 2020-01-22 08:51:42 --> Could not find the language line "Tạo Đơn Hàng"
ERROR - 2020-01-22 08:51:42 --> Severity: Warning --> Invalid argument supplied for foreach() /home/admin/domains/spshd.com/public_html/khachhang/application/views/tab4.php 394
ERROR - 2020-01-22 08:51:42 --> Could not find the language line "Đóng"
ERROR - 2020-01-22 08:51:42 --> Could not find the language line "Xác Nhận"
ERROR - 2020-01-22 08:51:42 --> Severity: Warning --> Invalid argument supplied for foreach() /home/admin/domains/spshd.com/public_html/khachhang/application/views/app.php 157
ERROR - 2020-01-22 08:51:42 --> Severity: Warning --> Invalid argument supplied for foreach() /home/admin/domains/spshd.com/public_html/khachhang/application/views/app.php 168
ERROR - 2020-01-22 08:51:42 --> Could not find the language line "Đóng"
ERROR - 2020-01-22 08:51:42 --> Could not find the language line "Xác Nhận"
ERROR - 2020-01-22 08:51:42 --> Could not find the language line "Đóng"
ERROR - 2020-01-22 08:51:42 --> Could not find the language line "Xác Nhận"
ERROR - 2020-01-22 08:55:07 --> Could not find the language line "Tạo Điểm Lấy Hàng"
ERROR - 2020-01-22 08:55:07 --> Could not find the language line "Tạo Đơn Hàng"
ERROR - 2020-01-22 08:55:07 --> Severity: Warning --> Invalid argument supplied for foreach() /home/admin/domains/spshd.com/public_html/khachhang/application/views/tab4.php 394
ERROR - 2020-01-22 08:55:07 --> Could not find the language line "Đóng"
ERROR - 2020-01-22 08:55:07 --> Could not find the language line "Xác Nhận"
ERROR - 2020-01-22 08:55:07 --> Severity: Warning --> Invalid argument supplied for foreach() /home/admin/domains/spshd.com/public_html/khachhang/application/views/app.php 157
ERROR - 2020-01-22 08:55:07 --> Severity: Warning --> Invalid argument supplied for foreach() /home/admin/domains/spshd.com/public_html/khachhang/application/views/app.php 168
ERROR - 2020-01-22 08:55:07 --> Could not find the language line "Đóng"
ERROR - 2020-01-22 08:55:07 --> Could not find the language line "Xác Nhận"
ERROR - 2020-01-22 08:55:07 --> Could not find the language line "Đóng"
ERROR - 2020-01-22 08:55:07 --> Could not find the language line "Xác Nhận"
ERROR - 2020-01-22 08:55:11 --> Could not find the language line "Tạo Điểm Lấy Hàng"
ERROR - 2020-01-22 08:55:11 --> Could not find the language line "Tạo Đơn Hàng"
ERROR - 2020-01-22 08:55:11 --> Severity: Warning --> Invalid argument supplied for foreach() /home/admin/domains/spshd.com/public_html/khachhang/application/views/tab4.php 394
ERROR - 2020-01-22 08:55:11 --> Could not find the language line "Đóng"
ERROR - 2020-01-22 08:55:11 --> Could not find the language line "Xác Nhận"
ERROR - 2020-01-22 08:55:11 --> Severity: Warning --> Invalid argument supplied for foreach() /home/admin/domains/spshd.com/public_html/khachhang/application/views/app.php 157
ERROR - 2020-01-22 08:55:11 --> Severity: Warning --> Invalid argument supplied for foreach() /home/admin/domains/spshd.com/public_html/khachhang/application/views/app.php 168
ERROR - 2020-01-22 08:55:11 --> Could not find the language line "Đóng"
ERROR - 2020-01-22 08:55:11 --> Could not find the language line "Xác Nhận"
ERROR - 2020-01-22 08:55:11 --> Could not find the language line "Đóng"
ERROR - 2020-01-22 08:55:11 --> Could not find the language line "Xác Nhận"
ERROR - 2020-01-22 11:11:24 --> Could not find the language line "Tạo Điểm Lấy Hàng"
ERROR - 2020-01-22 11:11:24 --> Could not find the language line "Tạo Đơn Hàng"
ERROR - 2020-01-22 11:11:24 --> Severity: Warning --> Invalid argument supplied for foreach() /home/admin/domains/spshd.com/public_html/khachhang/application/views/tab4.php 394
ERROR - 2020-01-22 11:11:24 --> Could not find the language line "Đóng"
ERROR - 2020-01-22 11:11:24 --> Could not find the language line "Xác Nhận"
ERROR - 2020-01-22 11:11:24 --> Severity: Warning --> Invalid argument supplied for foreach() /home/admin/domains/spshd.com/public_html/khachhang/application/views/app.php 157
ERROR - 2020-01-22 11:11:24 --> Severity: Warning --> Invalid argument supplied for foreach() /home/admin/domains/spshd.com/public_html/khachhang/application/views/app.php 168
ERROR - 2020-01-22 11:11:24 --> Could not find the language line "Đóng"
ERROR - 2020-01-22 11:11:24 --> Could not find the language line "Xác Nhận"
ERROR - 2020-01-22 11:11:24 --> Could not find the language line "Đóng"
ERROR - 2020-01-22 11:11:24 --> Could not find the language line "Xác Nhận"
ERROR - 2020-01-22 16:01:16 --> Could not find the language line "Tạo Điểm Lấy Hàng"
ERROR - 2020-01-22 16:01:16 --> Could not find the language line "Tạo Đơn Hàng"
ERROR - 2020-01-22 16:01:16 --> Severity: Warning --> Invalid argument supplied for foreach() /home/admin/domains/spshd.com/public_html/khachhang/application/views/tab4.php 394
ERROR - 2020-01-22 16:01:16 --> Could not find the language line "Đóng"
ERROR - 2020-01-22 16:01:16 --> Could not find the language line "Xác Nhận"
ERROR - 2020-01-22 16:01:16 --> Severity: Warning --> Invalid argument supplied for foreach() /home/admin/domains/spshd.com/public_html/khachhang/application/views/app.php 157
ERROR - 2020-01-22 16:01:16 --> Severity: Warning --> Invalid argument supplied for foreach() /home/admin/domains/spshd.com/public_html/khachhang/application/views/app.php 168
ERROR - 2020-01-22 16:01:16 --> Could not find the language line "Đóng"
ERROR - 2020-01-22 16:01:16 --> Could not find the language line "Xác Nhận"
ERROR - 2020-01-22 16:01:16 --> Could not find the language line "Đóng"
ERROR - 2020-01-22 16:01:16 --> Could not find the language line "Xác Nhận"
ERROR - 2020-01-22 17:10:50 --> Could not find the language line "Email"
ERROR - 2020-01-22 17:10:50 --> Could not find the language line "password"
