ERROR - 2020-01-06 00:46:53 --> Could not find the language line "Email"
ERROR - 2020-01-06 00:46:53 --> Could not find the language line "password"
ERROR - 2020-01-06 00:49:43 --> Could not find the language line "Email"
ERROR - 2020-01-06 00:49:43 --> Could not find the language line "password"
ERROR - 2020-01-06 02:40:15 --> Could not find the language line "Email"
ERROR - 2020-01-06 02:40:15 --> Could not find the language line "password"
ERROR - 2020-01-06 02:40:30 --> Could not find the language line "Email"
ERROR - 2020-01-06 02:40:30 --> Could not find the language line "password"
ERROR - 2020-01-06 03:07:57 --> Could not find the language line "Tạo Điểm Lấy Hàng"
ERROR - 2020-01-06 03:07:57 --> Could not find the language line "Tạo Đơn Hàng"
ERROR - 2020-01-06 03:07:57 --> Severity: Warning --> Invalid argument supplied for foreach() /home/admin/domains/spshd.com/public_html/khachhang/application/views/tab4.php 394
ERROR - 2020-01-06 03:07:57 --> Could not find the language line "Đóng"
ERROR - 2020-01-06 03:07:57 --> Could not find the language line "Xác Nhận"
ERROR - 2020-01-06 03:07:57 --> Severity: Warning --> Invalid argument supplied for foreach() /home/admin/domains/spshd.com/public_html/khachhang/application/views/app.php 157
ERROR - 2020-01-06 03:07:57 --> Severity: Warning --> Invalid argument supplied for foreach() /home/admin/domains/spshd.com/public_html/khachhang/application/views/app.php 168
ERROR - 2020-01-06 03:07:57 --> Could not find the language line "Đóng"
ERROR - 2020-01-06 03:07:57 --> Could not find the language line "Xác Nhận"
ERROR - 2020-01-06 03:07:57 --> Could not find the language line "Đóng"
ERROR - 2020-01-06 03:07:57 --> Could not find the language line "Xác Nhận"
ERROR - 2020-01-06 05:17:05 --> Could not find the language line "Tạo Điểm Lấy Hàng"
ERROR - 2020-01-06 05:17:05 --> Could not find the language line "Tạo Đơn Hàng"
ERROR - 2020-01-06 05:17:05 --> Severity: Warning --> Invalid argument supplied for foreach() /home/admin/domains/spshd.com/public_html/khachhang/application/views/tab4.php 394
ERROR - 2020-01-06 05:17:05 --> Could not find the language line "Đóng"
ERROR - 2020-01-06 05:17:05 --> Could not find the language line "Xác Nhận"
ERROR - 2020-01-06 05:17:05 --> Severity: Warning --> Invalid argument supplied for foreach() /home/admin/domains/spshd.com/public_html/khachhang/application/views/app.php 157
ERROR - 2020-01-06 05:17:05 --> Severity: Warning --> Invalid argument supplied for foreach() /home/admin/domains/spshd.com/public_html/khachhang/application/views/app.php 168
ERROR - 2020-01-06 05:17:05 --> Could not find the language line "Đóng"
ERROR - 2020-01-06 05:17:05 --> Could not find the language line "Xác Nhận"
ERROR - 2020-01-06 05:17:05 --> Could not find the language line "Đóng"
ERROR - 2020-01-06 05:17:05 --> Could not find the language line "Xác Nhận"
ERROR - 2020-01-06 05:17:07 --> Could not find the language line "Tạo Điểm Lấy Hàng"
ERROR - 2020-01-06 05:17:07 --> Could not find the language line "Tạo Đơn Hàng"
ERROR - 2020-01-06 05:17:07 --> Severity: Warning --> Invalid argument supplied for foreach() /home/admin/domains/spshd.com/public_html/khachhang/application/views/tab4.php 394
ERROR - 2020-01-06 05:17:07 --> Could not find the language line "Đóng"
ERROR - 2020-01-06 05:17:07 --> Could not find the language line "Xác Nhận"
ERROR - 2020-01-06 05:17:07 --> Severity: Warning --> Invalid argument supplied for foreach() /home/admin/domains/spshd.com/public_html/khachhang/application/views/app.php 157
ERROR - 2020-01-06 05:17:07 --> Severity: Warning --> Invalid argument supplied for foreach() /home/admin/domains/spshd.com/public_html/khachhang/application/views/app.php 168
ERROR - 2020-01-06 05:17:07 --> Could not find the language line "Đóng"
ERROR - 2020-01-06 05:17:07 --> Could not find the language line "Xác Nhận"
ERROR - 2020-01-06 05:17:07 --> Could not find the language line "Đóng"
ERROR - 2020-01-06 05:17:07 --> Could not find the language line "Xác Nhận"
ERROR - 2020-01-06 05:17:08 --> Could not find the language line "Tạo Điểm Lấy Hàng"
ERROR - 2020-01-06 05:17:08 --> Could not find the language line "Tạo Đơn Hàng"
ERROR - 2020-01-06 05:17:08 --> Severity: Warning --> Invalid argument supplied for foreach() /home/admin/domains/spshd.com/public_html/khachhang/application/views/tab4.php 394
ERROR - 2020-01-06 05:17:08 --> Could not find the language line "Đóng"
ERROR - 2020-01-06 05:17:08 --> Could not find the language line "Xác Nhận"
ERROR - 2020-01-06 05:17:08 --> Severity: Warning --> Invalid argument supplied for foreach() /home/admin/domains/spshd.com/public_html/khachhang/application/views/app.php 157
ERROR - 2020-01-06 05:17:08 --> Severity: Warning --> Invalid argument supplied for foreach() /home/admin/domains/spshd.com/public_html/khachhang/application/views/app.php 168
ERROR - 2020-01-06 05:17:08 --> Could not find the language line "Đóng"
ERROR - 2020-01-06 05:17:08 --> Could not find the language line "Xác Nhận"
ERROR - 2020-01-06 05:17:08 --> Could not find the language line "Đóng"
ERROR - 2020-01-06 05:17:08 --> Could not find the language line "Xác Nhận"
ERROR - 2020-01-06 05:38:50 --> Could not find the language line "Tạo Điểm Lấy Hàng"
ERROR - 2020-01-06 05:38:50 --> Could not find the language line "Tạo Đơn Hàng"
ERROR - 2020-01-06 05:38:50 --> Severity: Warning --> Invalid argument supplied for foreach() /home/admin/domains/spshd.com/public_html/khachhang/application/views/tab4.php 394
ERROR - 2020-01-06 05:38:50 --> Could not find the language line "Đóng"
ERROR - 2020-01-06 05:38:50 --> Could not find the language line "Xác Nhận"
ERROR - 2020-01-06 05:38:50 --> Severity: Warning --> Invalid argument supplied for foreach() /home/admin/domains/spshd.com/public_html/khachhang/application/views/app.php 157
ERROR - 2020-01-06 05:38:50 --> Severity: Warning --> Invalid argument supplied for foreach() /home/admin/domains/spshd.com/public_html/khachhang/application/views/app.php 168
ERROR - 2020-01-06 05:38:50 --> Could not find the language line "Đóng"
ERROR - 2020-01-06 05:38:50 --> Could not find the language line "Xác Nhận"
ERROR - 2020-01-06 05:38:50 --> Could not find the language line "Đóng"
ERROR - 2020-01-06 05:38:50 --> Could not find the language line "Xác Nhận"
ERROR - 2020-01-06 05:39:39 --> Could not find the language line "Tạo Điểm Lấy Hàng"
ERROR - 2020-01-06 05:39:39 --> Could not find the language line "Tạo Đơn Hàng"
ERROR - 2020-01-06 05:39:39 --> Severity: Warning --> Invalid argument supplied for foreach() /home/admin/domains/spshd.com/public_html/khachhang/application/views/tab4.php 394
ERROR - 2020-01-06 05:39:39 --> Could not find the language line "Đóng"
ERROR - 2020-01-06 05:39:39 --> Could not find the language line "Xác Nhận"
ERROR - 2020-01-06 05:39:39 --> Severity: Warning --> Invalid argument supplied for foreach() /home/admin/domains/spshd.com/public_html/khachhang/application/views/app.php 157
ERROR - 2020-01-06 05:39:39 --> Severity: Warning --> Invalid argument supplied for foreach() /home/admin/domains/spshd.com/public_html/khachhang/application/views/app.php 168
ERROR - 2020-01-06 05:39:39 --> Could not find the language line "Đóng"
ERROR - 2020-01-06 05:39:39 --> Could not find the language line "Xác Nhận"
ERROR - 2020-01-06 05:39:39 --> Could not find the language line "Đóng"
ERROR - 2020-01-06 05:39:39 --> Could not find the language line "Xác Nhận"
ERROR - 2020-01-06 07:09:27 --> Could not find the language line "Tạo Điểm Lấy Hàng"
ERROR - 2020-01-06 07:09:27 --> Could not find the language line "Tạo Đơn Hàng"
ERROR - 2020-01-06 07:09:27 --> Severity: Warning --> Invalid argument supplied for foreach() /home/admin/domains/spshd.com/public_html/khachhang/application/views/tab4.php 394
ERROR - 2020-01-06 07:09:27 --> Could not find the language line "Đóng"
ERROR - 2020-01-06 07:09:27 --> Could not find the language line "Xác Nhận"
ERROR - 2020-01-06 07:09:27 --> Severity: Warning --> Invalid argument supplied for foreach() /home/admin/domains/spshd.com/public_html/khachhang/application/views/app.php 157
ERROR - 2020-01-06 07:09:27 --> Severity: Warning --> Invalid argument supplied for foreach() /home/admin/domains/spshd.com/public_html/khachhang/application/views/app.php 168
ERROR - 2020-01-06 07:09:27 --> Could not find the language line "Đóng"
ERROR - 2020-01-06 07:09:27 --> Could not find the language line "Xác Nhận"
ERROR - 2020-01-06 07:09:27 --> Could not find the language line "Đóng"
ERROR - 2020-01-06 07:09:27 --> Could not find the language line "Xác Nhận"
ERROR - 2020-01-06 07:49:56 --> Could not find the language line "Tạo Điểm Lấy Hàng"
ERROR - 2020-01-06 07:49:56 --> Could not find the language line "Tạo Đơn Hàng"
ERROR - 2020-01-06 07:49:56 --> Severity: Warning --> Invalid argument supplied for foreach() /home/admin/domains/spshd.com/public_html/khachhang/application/views/tab4.php 394
ERROR - 2020-01-06 07:49:56 --> Could not find the language line "Đóng"
ERROR - 2020-01-06 07:49:56 --> Could not find the language line "Xác Nhận"
ERROR - 2020-01-06 07:49:56 --> Severity: Warning --> Invalid argument supplied for foreach() /home/admin/domains/spshd.com/public_html/khachhang/application/views/app.php 157
ERROR - 2020-01-06 07:49:56 --> Severity: Warning --> Invalid argument supplied for foreach() /home/admin/domains/spshd.com/public_html/khachhang/application/views/app.php 168
ERROR - 2020-01-06 07:49:56 --> Could not find the language line "Đóng"
ERROR - 2020-01-06 07:49:56 --> Could not find the language line "Xác Nhận"
ERROR - 2020-01-06 07:49:56 --> Could not find the language line "Đóng"
ERROR - 2020-01-06 07:49:56 --> Could not find the language line "Xác Nhận"
ERROR - 2020-01-06 11:07:30 --> Could not find the language line "Tạo Điểm Lấy Hàng"
ERROR - 2020-01-06 11:07:30 --> Could not find the language line "Tạo Đơn Hàng"
ERROR - 2020-01-06 11:07:30 --> Severity: Warning --> Invalid argument supplied for foreach() /home/admin/domains/spshd.com/public_html/khachhang/application/views/tab4.php 394
ERROR - 2020-01-06 11:07:30 --> Could not find the language line "Đóng"
ERROR - 2020-01-06 11:07:30 --> Could not find the language line "Xác Nhận"
ERROR - 2020-01-06 11:07:30 --> Severity: Warning --> Invalid argument supplied for foreach() /home/admin/domains/spshd.com/public_html/khachhang/application/views/app.php 157
ERROR - 2020-01-06 11:07:30 --> Severity: Warning --> Invalid argument supplied for foreach() /home/admin/domains/spshd.com/public_html/khachhang/application/views/app.php 168
ERROR - 2020-01-06 11:07:30 --> Could not find the language line "Đóng"
ERROR - 2020-01-06 11:07:30 --> Could not find the language line "Xác Nhận"
ERROR - 2020-01-06 11:07:30 --> Could not find the language line "Đóng"
ERROR - 2020-01-06 11:07:30 --> Could not find the language line "Xác Nhận"
ERROR - 2020-01-06 12:02:31 --> Could not find the language line "Tạo Điểm Lấy Hàng"
ERROR - 2020-01-06 12:02:31 --> Could not find the language line "Tạo Đơn Hàng"
ERROR - 2020-01-06 12:02:31 --> Severity: Warning --> Invalid argument supplied for foreach() /home/admin/domains/spshd.com/public_html/khachhang/application/views/tab4.php 394
ERROR - 2020-01-06 12:02:31 --> Could not find the language line "Đóng"
ERROR - 2020-01-06 12:02:31 --> Could not find the language line "Xác Nhận"
ERROR - 2020-01-06 12:02:31 --> Severity: Warning --> Invalid argument supplied for foreach() /home/admin/domains/spshd.com/public_html/khachhang/application/views/app.php 157
ERROR - 2020-01-06 12:02:31 --> Severity: Warning --> Invalid argument supplied for foreach() /home/admin/domains/spshd.com/public_html/khachhang/application/views/app.php 168
ERROR - 2020-01-06 12:02:31 --> Could not find the language line "Đóng"
ERROR - 2020-01-06 12:02:31 --> Could not find the language line "Xác Nhận"
ERROR - 2020-01-06 12:02:31 --> Could not find the language line "Đóng"
ERROR - 2020-01-06 12:02:31 --> Could not find the language line "Xác Nhận"
ERROR - 2020-01-06 13:02:17 --> Could not find the language line "Tạo Điểm Lấy Hàng"
ERROR - 2020-01-06 13:02:17 --> Could not find the language line "Tạo Đơn Hàng"
ERROR - 2020-01-06 13:02:17 --> Severity: Warning --> Invalid argument supplied for foreach() /home/admin/domains/spshd.com/public_html/khachhang/application/views/tab4.php 394
ERROR - 2020-01-06 13:02:17 --> Could not find the language line "Đóng"
ERROR - 2020-01-06 13:02:17 --> Could not find the language line "Xác Nhận"
ERROR - 2020-01-06 13:02:17 --> Severity: Warning --> Invalid argument supplied for foreach() /home/admin/domains/spshd.com/public_html/khachhang/application/views/app.php 157
ERROR - 2020-01-06 13:02:17 --> Severity: Warning --> Invalid argument supplied for foreach() /home/admin/domains/spshd.com/public_html/khachhang/application/views/app.php 168
ERROR - 2020-01-06 13:02:17 --> Could not find the language line "Đóng"
ERROR - 2020-01-06 13:02:17 --> Could not find the language line "Xác Nhận"
ERROR - 2020-01-06 13:02:17 --> Could not find the language line "Đóng"
ERROR - 2020-01-06 13:02:17 --> Could not find the language line "Xác Nhận"
ERROR - 2020-01-06 14:41:50 --> Could not find the language line "Tạo Điểm Lấy Hàng"
ERROR - 2020-01-06 14:41:50 --> Could not find the language line "Tạo Đơn Hàng"
ERROR - 2020-01-06 14:41:50 --> Severity: Warning --> Invalid argument supplied for foreach() /home/admin/domains/spshd.com/public_html/khachhang/application/views/tab4.php 394
ERROR - 2020-01-06 14:41:50 --> Could not find the language line "Đóng"
ERROR - 2020-01-06 14:41:50 --> Could not find the language line "Xác Nhận"
ERROR - 2020-01-06 14:41:50 --> Severity: Warning --> Invalid argument supplied for foreach() /home/admin/domains/spshd.com/public_html/khachhang/application/views/app.php 157
ERROR - 2020-01-06 14:41:50 --> Severity: Warning --> Invalid argument supplied for foreach() /home/admin/domains/spshd.com/public_html/khachhang/application/views/app.php 168
ERROR - 2020-01-06 14:41:50 --> Could not find the language line "Đóng"
ERROR - 2020-01-06 14:41:50 --> Could not find the language line "Xác Nhận"
ERROR - 2020-01-06 14:41:50 --> Could not find the language line "Đóng"
ERROR - 2020-01-06 14:41:50 --> Could not find the language line "Xác Nhận"
ERROR - 2020-01-06 16:08:54 --> Could not find the language line "Email"
ERROR - 2020-01-06 16:08:54 --> Could not find the language line "password"
ERROR - 2020-01-06 16:09:11 --> Could not find the language line "Email"
ERROR - 2020-01-06 16:09:11 --> Could not find the language line "password"
ERROR - 2020-01-06 16:13:58 --> Could not find the language line "Tạo Điểm Lấy Hàng"
ERROR - 2020-01-06 16:13:58 --> Could not find the language line "Tạo Đơn Hàng"
ERROR - 2020-01-06 16:13:58 --> Severity: Warning --> Invalid argument supplied for foreach() /home/admin/domains/spshd.com/public_html/khachhang/application/views/tab4.php 394
ERROR - 2020-01-06 16:13:58 --> Could not find the language line "Đóng"
ERROR - 2020-01-06 16:13:58 --> Could not find the language line "Xác Nhận"
ERROR - 2020-01-06 16:13:58 --> Severity: Warning --> Invalid argument supplied for foreach() /home/admin/domains/spshd.com/public_html/khachhang/application/views/app.php 157
ERROR - 2020-01-06 16:13:58 --> Severity: Warning --> Invalid argument supplied for foreach() /home/admin/domains/spshd.com/public_html/khachhang/application/views/app.php 168
ERROR - 2020-01-06 16:13:58 --> Could not find the language line "Đóng"
ERROR - 2020-01-06 16:13:58 --> Could not find the language line "Xác Nhận"
ERROR - 2020-01-06 16:13:58 --> Could not find the language line "Đóng"
ERROR - 2020-01-06 16:13:58 --> Could not find the language line "Xác Nhận"
ERROR - 2020-01-06 16:13:58 --> Could not find the language line "Tạo Điểm Lấy Hàng"
ERROR - 2020-01-06 16:13:58 --> Could not find the language line "Tạo Đơn Hàng"
ERROR - 2020-01-06 16:13:58 --> Severity: Warning --> Invalid argument supplied for foreach() /home/admin/domains/spshd.com/public_html/khachhang/application/views/tab4.php 394
ERROR - 2020-01-06 16:13:58 --> Could not find the language line "Đóng"
ERROR - 2020-01-06 16:13:58 --> Could not find the language line "Xác Nhận"
ERROR - 2020-01-06 16:13:58 --> Severity: Warning --> Invalid argument supplied for foreach() /home/admin/domains/spshd.com/public_html/khachhang/application/views/app.php 157
ERROR - 2020-01-06 16:13:58 --> Severity: Warning --> Invalid argument supplied for foreach() /home/admin/domains/spshd.com/public_html/khachhang/application/views/app.php 168
ERROR - 2020-01-06 16:13:58 --> Could not find the language line "Đóng"
ERROR - 2020-01-06 16:13:58 --> Could not find the language line "Xác Nhận"
ERROR - 2020-01-06 16:13:58 --> Could not find the language line "Đóng"
ERROR - 2020-01-06 16:13:58 --> Could not find the language line "Xác Nhận"
ERROR - 2020-01-06 16:13:59 --> Could not find the language line "Tạo Điểm Lấy Hàng"
ERROR - 2020-01-06 16:13:59 --> Could not find the language line "Tạo Đơn Hàng"
ERROR - 2020-01-06 16:13:59 --> Severity: Warning --> Invalid argument supplied for foreach() /home/admin/domains/spshd.com/public_html/khachhang/application/views/tab4.php 394
ERROR - 2020-01-06 16:13:59 --> Could not find the language line "Đóng"
ERROR - 2020-01-06 16:13:59 --> Could not find the language line "Xác Nhận"
ERROR - 2020-01-06 16:13:59 --> Severity: Warning --> Invalid argument supplied for foreach() /home/admin/domains/spshd.com/public_html/khachhang/application/views/app.php 157
ERROR - 2020-01-06 16:13:59 --> Severity: Warning --> Invalid argument supplied for foreach() /home/admin/domains/spshd.com/public_html/khachhang/application/views/app.php 168
ERROR - 2020-01-06 16:13:59 --> Could not find the language line "Đóng"
ERROR - 2020-01-06 16:13:59 --> Could not find the language line "Xác Nhận"
ERROR - 2020-01-06 16:13:59 --> Could not find the language line "Đóng"
ERROR - 2020-01-06 16:13:59 --> Could not find the language line "Xác Nhận"
ERROR - 2020-01-06 16:14:44 --> Could not find the language line "Tạo Điểm Lấy Hàng"
ERROR - 2020-01-06 16:14:44 --> Could not find the language line "Tạo Đơn Hàng"
ERROR - 2020-01-06 16:14:44 --> Severity: Warning --> Invalid argument supplied for foreach() /home/admin/domains/spshd.com/public_html/khachhang/application/views/tab4.php 394
ERROR - 2020-01-06 16:14:44 --> Could not find the language line "Đóng"
ERROR - 2020-01-06 16:14:44 --> Could not find the language line "Xác Nhận"
ERROR - 2020-01-06 16:14:44 --> Severity: Warning --> Invalid argument supplied for foreach() /home/admin/domains/spshd.com/public_html/khachhang/application/views/app.php 157
ERROR - 2020-01-06 16:14:44 --> Severity: Warning --> Invalid argument supplied for foreach() /home/admin/domains/spshd.com/public_html/khachhang/application/views/app.php 168
ERROR - 2020-01-06 16:14:44 --> Could not find the language line "Đóng"
ERROR - 2020-01-06 16:14:44 --> Could not find the language line "Xác Nhận"
ERROR - 2020-01-06 16:14:44 --> Could not find the language line "Đóng"
ERROR - 2020-01-06 16:14:44 --> Could not find the language line "Xác Nhận"
ERROR - 2020-01-06 18:03:30 --> Could not find the language line "Email"
ERROR - 2020-01-06 18:03:30 --> Could not find the language line "password"
ERROR - 2020-01-06 18:03:37 --> Could not find the language line "Email"
ERROR - 2020-01-06 18:03:37 --> Could not find the language line "password"
ERROR - 2020-01-06 18:04:08 --> Could not find the language line "Email"
ERROR - 2020-01-06 18:04:08 --> Could not find the language line "password"
ERROR - 2020-01-06 18:04:27 --> Could not find the language line "Email"
ERROR - 2020-01-06 18:04:27 --> Could not find the language line "password"
ERROR - 2020-01-06 18:04:58 --> Could not find the language line "Email"
ERROR - 2020-01-06 18:04:58 --> Could not find the language line "password"
ERROR - 2020-01-06 18:05:11 --> Could not find the language line "Tạo Điểm Lấy Hàng"
ERROR - 2020-01-06 18:05:11 --> Could not find the language line "Tạo Đơn Hàng"
ERROR - 2020-01-06 18:05:11 --> Severity: Warning --> Invalid argument supplied for foreach() /home/admin/domains/spshd.com/public_html/khachhang/application/views/tab4.php 394
ERROR - 2020-01-06 18:05:11 --> Could not find the language line "Đóng"
ERROR - 2020-01-06 18:05:11 --> Could not find the language line "Xác Nhận"
ERROR - 2020-01-06 18:05:11 --> Severity: Warning --> Invalid argument supplied for foreach() /home/admin/domains/spshd.com/public_html/khachhang/application/views/app.php 157
ERROR - 2020-01-06 18:05:11 --> Severity: Warning --> Invalid argument supplied for foreach() /home/admin/domains/spshd.com/public_html/khachhang/application/views/app.php 168
ERROR - 2020-01-06 18:05:11 --> Could not find the language line "Đóng"
ERROR - 2020-01-06 18:05:11 --> Could not find the language line "Xác Nhận"
ERROR - 2020-01-06 18:05:11 --> Could not find the language line "Đóng"
ERROR - 2020-01-06 18:05:11 --> Could not find the language line "Xác Nhận"
ERROR - 2020-01-06 18:06:13 --> Could not find the language line "Tạo Điểm Lấy Hàng"
ERROR - 2020-01-06 18:06:13 --> Could not find the language line "Tạo Đơn Hàng"
ERROR - 2020-01-06 18:06:13 --> Severity: Warning --> Invalid argument supplied for foreach() /home/admin/domains/spshd.com/public_html/khachhang/application/views/tab4.php 394
ERROR - 2020-01-06 18:06:13 --> Could not find the language line "Đóng"
ERROR - 2020-01-06 18:06:13 --> Could not find the language line "Xác Nhận"
ERROR - 2020-01-06 18:06:13 --> Severity: Warning --> Invalid argument supplied for foreach() /home/admin/domains/spshd.com/public_html/khachhang/application/views/app.php 157
ERROR - 2020-01-06 18:06:13 --> Severity: Warning --> Invalid argument supplied for foreach() /home/admin/domains/spshd.com/public_html/khachhang/application/views/app.php 168
ERROR - 2020-01-06 18:06:13 --> Could not find the language line "Đóng"
ERROR - 2020-01-06 18:06:13 --> Could not find the language line "Xác Nhận"
ERROR - 2020-01-06 18:06:13 --> Could not find the language line "Đóng"
ERROR - 2020-01-06 18:06:13 --> Could not find the language line "Xác Nhận"
