ERROR - 2020-01-29 01:23:04 --> Could not find the language line "Email"
ERROR - 2020-01-29 01:23:04 --> Could not find the language line "password"
ERROR - 2020-01-29 01:23:27 --> Could not find the language line "Email"
ERROR - 2020-01-29 01:23:27 --> Could not find the language line "password"
ERROR - 2020-01-29 05:31:27 --> Could not find the language line "Email"
ERROR - 2020-01-29 05:31:27 --> Could not find the language line "password"
ERROR - 2020-01-29 07:19:27 --> Could not find the language line "Email"
ERROR - 2020-01-29 07:19:27 --> Could not find the language line "password"
ERROR - 2020-01-29 08:39:21 --> Could not find the language line "Tạo Điểm Lấy Hàng"
ERROR - 2020-01-29 08:39:21 --> Could not find the language line "Tạo Đơn Hàng"
ERROR - 2020-01-29 08:39:21 --> Severity: Warning --> Invalid argument supplied for foreach() /home/admin/domains/spshd.com/public_html/khachhang/application/views/tab4.php 394
ERROR - 2020-01-29 08:39:21 --> Could not find the language line "Đóng"
ERROR - 2020-01-29 08:39:21 --> Could not find the language line "Xác Nhận"
ERROR - 2020-01-29 08:39:21 --> Severity: Warning --> Invalid argument supplied for foreach() /home/admin/domains/spshd.com/public_html/khachhang/application/views/app.php 157
ERROR - 2020-01-29 08:39:21 --> Severity: Warning --> Invalid argument supplied for foreach() /home/admin/domains/spshd.com/public_html/khachhang/application/views/app.php 168
ERROR - 2020-01-29 08:39:21 --> Could not find the language line "Đóng"
ERROR - 2020-01-29 08:39:21 --> Could not find the language line "Xác Nhận"
ERROR - 2020-01-29 08:39:21 --> Could not find the language line "Đóng"
ERROR - 2020-01-29 08:39:21 --> Could not find the language line "Xác Nhận"
ERROR - 2020-01-29 08:39:47 --> Could not find the language line "Tạo Điểm Lấy Hàng"
ERROR - 2020-01-29 08:39:47 --> Could not find the language line "Tạo Đơn Hàng"
ERROR - 2020-01-29 08:39:47 --> Severity: Warning --> Invalid argument supplied for foreach() /home/admin/domains/spshd.com/public_html/khachhang/application/views/tab4.php 394
ERROR - 2020-01-29 08:39:47 --> Could not find the language line "Đóng"
ERROR - 2020-01-29 08:39:47 --> Could not find the language line "Xác Nhận"
ERROR - 2020-01-29 08:39:47 --> Severity: Warning --> Invalid argument supplied for foreach() /home/admin/domains/spshd.com/public_html/khachhang/application/views/app.php 157
ERROR - 2020-01-29 08:39:47 --> Severity: Warning --> Invalid argument supplied for foreach() /home/admin/domains/spshd.com/public_html/khachhang/application/views/app.php 168
ERROR - 2020-01-29 08:39:47 --> Could not find the language line "Đóng"
ERROR - 2020-01-29 08:39:47 --> Could not find the language line "Xác Nhận"
ERROR - 2020-01-29 08:39:47 --> Could not find the language line "Đóng"
ERROR - 2020-01-29 08:39:47 --> Could not find the language line "Xác Nhận"
ERROR - 2020-01-29 13:57:21 --> Could not find the language line "Email"
ERROR - 2020-01-29 13:57:21 --> Could not find the language line "password"
ERROR - 2020-01-29 14:08:27 --> Could not find the language line "Email"
ERROR - 2020-01-29 14:08:27 --> Could not find the language line "password"
ERROR - 2020-01-29 14:14:41 --> Could not find the language line "Email"
ERROR - 2020-01-29 14:14:41 --> Could not find the language line "password"
ERROR - 2020-01-29 15:06:32 --> Could not find the language line "Email"
ERROR - 2020-01-29 15:06:32 --> Could not find the language line "password"
