ERROR - 2019-10-01 14:36:21 --> Could not find the language line "Tạo Điểm Lấy Hàng"
ERROR - 2019-10-01 14:36:21 --> Could not find the language line "Tạo Đơn Hàng"
ERROR - 2019-10-01 14:36:21 --> Severity: Warning --> Invalid argument supplied for foreach() /home/admin/domains/spshd.com/public_html/khachhang/application/views/tab4.php 394
ERROR - 2019-10-01 14:36:21 --> Could not find the language line "Đóng"
ERROR - 2019-10-01 14:36:21 --> Could not find the language line "Xác Nhận"
ERROR - 2019-10-01 14:36:21 --> Severity: Warning --> Invalid argument supplied for foreach() /home/admin/domains/spshd.com/public_html/khachhang/application/views/app.php 157
ERROR - 2019-10-01 14:36:21 --> Severity: Warning --> Invalid argument supplied for foreach() /home/admin/domains/spshd.com/public_html/khachhang/application/views/app.php 168
ERROR - 2019-10-01 14:36:21 --> Could not find the language line "Đóng"
ERROR - 2019-10-01 14:36:21 --> Could not find the language line "Xác Nhận"
ERROR - 2019-10-01 14:36:21 --> Could not find the language line "Đóng"
ERROR - 2019-10-01 14:36:21 --> Could not find the language line "Xác Nhận"
ERROR - 2019-10-01 14:38:06 --> Could not find the language line "Email"
ERROR - 2019-10-01 14:38:06 --> Could not find the language line "password"
ERROR - 2019-10-01 14:38:52 --> Could not find the language line "Tạo Điểm Lấy Hàng"
ERROR - 2019-10-01 14:38:52 --> Could not find the language line "Tạo Đơn Hàng"
ERROR - 2019-10-01 14:38:52 --> Severity: Warning --> Invalid argument supplied for foreach() /home/admin/domains/spshd.com/public_html/khachhang/application/views/tab4.php 394
ERROR - 2019-10-01 14:38:52 --> Could not find the language line "Đóng"
ERROR - 2019-10-01 14:38:52 --> Could not find the language line "Xác Nhận"
ERROR - 2019-10-01 14:38:52 --> Severity: Warning --> Invalid argument supplied for foreach() /home/admin/domains/spshd.com/public_html/khachhang/application/views/app.php 157
ERROR - 2019-10-01 14:38:52 --> Severity: Warning --> Invalid argument supplied for foreach() /home/admin/domains/spshd.com/public_html/khachhang/application/views/app.php 168
ERROR - 2019-10-01 14:38:52 --> Could not find the language line "Đóng"
ERROR - 2019-10-01 14:38:52 --> Could not find the language line "Xác Nhận"
ERROR - 2019-10-01 14:38:52 --> Could not find the language line "Đóng"
ERROR - 2019-10-01 14:38:52 --> Could not find the language line "Xác Nhận"
