ERROR - 2020-06-08 01:45:04 --> Could not find the language line "Tạo Điểm Lấy Hàng"
ERROR - 2020-06-08 01:45:04 --> Could not find the language line "Tạo Đơn Hàng"
ERROR - 2020-06-08 01:45:04 --> Could not find the language line "Tải Excel"
ERROR - 2020-06-08 01:45:04 --> Could not find the language line "Đóng"
ERROR - 2020-06-08 01:45:04 --> Could not find the language line "Xác Nhận"
ERROR - 2020-06-08 01:45:04 --> Severity: Warning --> Invalid argument supplied for foreach() /home/admin/domains/spshd.com/public_html/khachhang/application/views/app.php 162
ERROR - 2020-06-08 01:45:04 --> Severity: Warning --> Invalid argument supplied for foreach() /home/admin/domains/spshd.com/public_html/khachhang/application/views/app.php 173
ERROR - 2020-06-08 01:45:04 --> Could not find the language line "Đóng"
ERROR - 2020-06-08 01:45:04 --> Could not find the language line "Xác Nhận"
ERROR - 2020-06-08 01:45:04 --> Could not find the language line "Đóng"
ERROR - 2020-06-08 01:45:04 --> Could not find the language line "Xác Nhận"
ERROR - 2020-06-08 01:45:04 --> Could not find the language line "Đóng"
ERROR - 2020-06-08 01:45:04 --> Could not find the language line "Tải"
ERROR - 2020-06-08 08:20:35 --> Could not find the language line "Tạo Điểm Lấy Hàng"
ERROR - 2020-06-08 08:20:35 --> Could not find the language line "Tạo Đơn Hàng"
ERROR - 2020-06-08 08:20:35 --> Could not find the language line "Tải Excel"
ERROR - 2020-06-08 08:20:35 --> Could not find the language line "Đóng"
ERROR - 2020-06-08 08:20:35 --> Could not find the language line "Xác Nhận"
ERROR - 2020-06-08 08:20:35 --> Severity: Warning --> Invalid argument supplied for foreach() /home/admin/domains/spshd.com/public_html/khachhang/application/views/app.php 162
ERROR - 2020-06-08 08:20:35 --> Severity: Warning --> Invalid argument supplied for foreach() /home/admin/domains/spshd.com/public_html/khachhang/application/views/app.php 173
ERROR - 2020-06-08 08:20:35 --> Could not find the language line "Đóng"
ERROR - 2020-06-08 08:20:35 --> Could not find the language line "Xác Nhận"
ERROR - 2020-06-08 08:20:35 --> Could not find the language line "Đóng"
ERROR - 2020-06-08 08:20:35 --> Could not find the language line "Xác Nhận"
ERROR - 2020-06-08 08:20:35 --> Could not find the language line "Đóng"
ERROR - 2020-06-08 08:20:35 --> Could not find the language line "Tải"
ERROR - 2020-06-08 08:28:44 --> Could not find the language line "Tạo Điểm Lấy Hàng"
ERROR - 2020-06-08 08:28:44 --> Could not find the language line "Tạo Đơn Hàng"
ERROR - 2020-06-08 08:28:44 --> Could not find the language line "Tải Excel"
ERROR - 2020-06-08 08:28:44 --> Could not find the language line "Đóng"
ERROR - 2020-06-08 08:28:44 --> Could not find the language line "Xác Nhận"
ERROR - 2020-06-08 08:28:44 --> Severity: Warning --> Invalid argument supplied for foreach() /home/admin/domains/spshd.com/public_html/khachhang/application/views/app.php 162
ERROR - 2020-06-08 08:28:44 --> Severity: Warning --> Invalid argument supplied for foreach() /home/admin/domains/spshd.com/public_html/khachhang/application/views/app.php 173
ERROR - 2020-06-08 08:28:44 --> Could not find the language line "Đóng"
ERROR - 2020-06-08 08:28:44 --> Could not find the language line "Xác Nhận"
ERROR - 2020-06-08 08:28:44 --> Could not find the language line "Đóng"
ERROR - 2020-06-08 08:28:44 --> Could not find the language line "Xác Nhận"
ERROR - 2020-06-08 08:28:44 --> Could not find the language line "Đóng"
ERROR - 2020-06-08 08:28:44 --> Could not find the language line "Tải"
ERROR - 2020-06-08 08:34:16 --> Could not find the language line "Tạo Điểm Lấy Hàng"
ERROR - 2020-06-08 08:34:16 --> Could not find the language line "Tạo Đơn Hàng"
ERROR - 2020-06-08 08:34:16 --> Could not find the language line "Tải Excel"
ERROR - 2020-06-08 08:34:16 --> Could not find the language line "Đóng"
ERROR - 2020-06-08 08:34:16 --> Could not find the language line "Xác Nhận"
ERROR - 2020-06-08 08:34:16 --> Severity: Warning --> Invalid argument supplied for foreach() /home/admin/domains/spshd.com/public_html/khachhang/application/views/app.php 162
ERROR - 2020-06-08 08:34:16 --> Severity: Warning --> Invalid argument supplied for foreach() /home/admin/domains/spshd.com/public_html/khachhang/application/views/app.php 173
ERROR - 2020-06-08 08:34:16 --> Could not find the language line "Đóng"
ERROR - 2020-06-08 08:34:16 --> Could not find the language line "Xác Nhận"
ERROR - 2020-06-08 08:34:16 --> Could not find the language line "Đóng"
ERROR - 2020-06-08 08:34:16 --> Could not find the language line "Xác Nhận"
ERROR - 2020-06-08 08:34:16 --> Could not find the language line "Đóng"
ERROR - 2020-06-08 08:34:16 --> Could not find the language line "Tải"
ERROR - 2020-06-08 09:18:33 --> Could not find the language line "Tạo Điểm Lấy Hàng"
ERROR - 2020-06-08 09:18:33 --> Could not find the language line "Tạo Đơn Hàng"
ERROR - 2020-06-08 09:18:33 --> Could not find the language line "Tải Excel"
ERROR - 2020-06-08 09:18:33 --> Could not find the language line "Đóng"
ERROR - 2020-06-08 09:18:33 --> Could not find the language line "Xác Nhận"
ERROR - 2020-06-08 09:18:33 --> Severity: Warning --> Invalid argument supplied for foreach() /home/admin/domains/spshd.com/public_html/khachhang/application/views/app.php 162
ERROR - 2020-06-08 09:18:33 --> Severity: Warning --> Invalid argument supplied for foreach() /home/admin/domains/spshd.com/public_html/khachhang/application/views/app.php 173
ERROR - 2020-06-08 09:18:33 --> Could not find the language line "Đóng"
ERROR - 2020-06-08 09:18:33 --> Could not find the language line "Xác Nhận"
ERROR - 2020-06-08 09:18:33 --> Could not find the language line "Đóng"
ERROR - 2020-06-08 09:18:33 --> Could not find the language line "Xác Nhận"
ERROR - 2020-06-08 09:18:33 --> Could not find the language line "Đóng"
ERROR - 2020-06-08 09:18:33 --> Could not find the language line "Tải"
ERROR - 2020-06-08 10:08:44 --> Could not find the language line "Tạo Điểm Lấy Hàng"
ERROR - 2020-06-08 10:08:44 --> Could not find the language line "Tạo Đơn Hàng"
ERROR - 2020-06-08 10:08:44 --> Could not find the language line "Tải Excel"
ERROR - 2020-06-08 10:08:44 --> Could not find the language line "Đóng"
ERROR - 2020-06-08 10:08:44 --> Could not find the language line "Xác Nhận"
ERROR - 2020-06-08 10:08:44 --> Severity: Warning --> Invalid argument supplied for foreach() /home/admin/domains/spshd.com/public_html/khachhang/application/views/app.php 162
ERROR - 2020-06-08 10:08:44 --> Severity: Warning --> Invalid argument supplied for foreach() /home/admin/domains/spshd.com/public_html/khachhang/application/views/app.php 173
ERROR - 2020-06-08 10:08:44 --> Could not find the language line "Đóng"
ERROR - 2020-06-08 10:08:44 --> Could not find the language line "Xác Nhận"
ERROR - 2020-06-08 10:08:44 --> Could not find the language line "Đóng"
ERROR - 2020-06-08 10:08:44 --> Could not find the language line "Xác Nhận"
ERROR - 2020-06-08 10:08:44 --> Could not find the language line "Đóng"
ERROR - 2020-06-08 10:08:44 --> Could not find the language line "Tải"
ERROR - 2020-06-08 10:29:40 --> Could not find the language line "Tạo Điểm Lấy Hàng"
ERROR - 2020-06-08 10:29:40 --> Could not find the language line "Tạo Đơn Hàng"
ERROR - 2020-06-08 10:29:40 --> Could not find the language line "Tải Excel"
ERROR - 2020-06-08 10:29:40 --> Could not find the language line "Đóng"
ERROR - 2020-06-08 10:29:40 --> Could not find the language line "Xác Nhận"
ERROR - 2020-06-08 10:29:40 --> Severity: Warning --> Invalid argument supplied for foreach() /home/admin/domains/spshd.com/public_html/khachhang/application/views/app.php 162
ERROR - 2020-06-08 10:29:40 --> Severity: Warning --> Invalid argument supplied for foreach() /home/admin/domains/spshd.com/public_html/khachhang/application/views/app.php 173
ERROR - 2020-06-08 10:29:40 --> Could not find the language line "Đóng"
ERROR - 2020-06-08 10:29:40 --> Could not find the language line "Xác Nhận"
ERROR - 2020-06-08 10:29:40 --> Could not find the language line "Đóng"
ERROR - 2020-06-08 10:29:40 --> Could not find the language line "Xác Nhận"
ERROR - 2020-06-08 10:29:40 --> Could not find the language line "Đóng"
ERROR - 2020-06-08 10:29:40 --> Could not find the language line "Tải"
ERROR - 2020-06-08 10:31:24 --> Could not find the language line "Tạo Điểm Lấy Hàng"
ERROR - 2020-06-08 10:31:24 --> Could not find the language line "Tạo Đơn Hàng"
ERROR - 2020-06-08 10:31:24 --> Could not find the language line "Tải Excel"
ERROR - 2020-06-08 10:31:24 --> Could not find the language line "Đóng"
ERROR - 2020-06-08 10:31:24 --> Could not find the language line "Xác Nhận"
ERROR - 2020-06-08 10:31:24 --> Severity: Warning --> Invalid argument supplied for foreach() /home/admin/domains/spshd.com/public_html/khachhang/application/views/app.php 162
ERROR - 2020-06-08 10:31:24 --> Severity: Warning --> Invalid argument supplied for foreach() /home/admin/domains/spshd.com/public_html/khachhang/application/views/app.php 173
ERROR - 2020-06-08 10:31:24 --> Could not find the language line "Đóng"
ERROR - 2020-06-08 10:31:24 --> Could not find the language line "Xác Nhận"
ERROR - 2020-06-08 10:31:24 --> Could not find the language line "Đóng"
ERROR - 2020-06-08 10:31:24 --> Could not find the language line "Xác Nhận"
ERROR - 2020-06-08 10:31:24 --> Could not find the language line "Đóng"
ERROR - 2020-06-08 10:31:24 --> Could not find the language line "Tải"
ERROR - 2020-06-08 11:39:10 --> Could not find the language line "Tạo Điểm Lấy Hàng"
ERROR - 2020-06-08 11:39:10 --> Could not find the language line "Tạo Đơn Hàng"
ERROR - 2020-06-08 11:39:10 --> Could not find the language line "Tải Excel"
ERROR - 2020-06-08 11:39:10 --> Could not find the language line "Đóng"
ERROR - 2020-06-08 11:39:10 --> Could not find the language line "Xác Nhận"
ERROR - 2020-06-08 11:39:10 --> Severity: Warning --> Invalid argument supplied for foreach() /home/admin/domains/spshd.com/public_html/khachhang/application/views/app.php 162
ERROR - 2020-06-08 11:39:10 --> Severity: Warning --> Invalid argument supplied for foreach() /home/admin/domains/spshd.com/public_html/khachhang/application/views/app.php 173
ERROR - 2020-06-08 11:39:10 --> Could not find the language line "Đóng"
ERROR - 2020-06-08 11:39:10 --> Could not find the language line "Xác Nhận"
ERROR - 2020-06-08 11:39:10 --> Could not find the language line "Đóng"
ERROR - 2020-06-08 11:39:10 --> Could not find the language line "Xác Nhận"
ERROR - 2020-06-08 11:39:10 --> Could not find the language line "Đóng"
ERROR - 2020-06-08 11:39:10 --> Could not find the language line "Tải"
ERROR - 2020-06-08 12:13:46 --> Could not find the language line "Tạo Điểm Lấy Hàng"
ERROR - 2020-06-08 12:13:46 --> Could not find the language line "Tạo Đơn Hàng"
ERROR - 2020-06-08 12:13:46 --> Could not find the language line "Tải Excel"
ERROR - 2020-06-08 12:13:46 --> Could not find the language line "Đóng"
ERROR - 2020-06-08 12:13:46 --> Could not find the language line "Xác Nhận"
ERROR - 2020-06-08 12:13:46 --> Severity: Warning --> Invalid argument supplied for foreach() /home/admin/domains/spshd.com/public_html/khachhang/application/views/app.php 162
ERROR - 2020-06-08 12:13:46 --> Severity: Warning --> Invalid argument supplied for foreach() /home/admin/domains/spshd.com/public_html/khachhang/application/views/app.php 173
ERROR - 2020-06-08 12:13:46 --> Could not find the language line "Đóng"
ERROR - 2020-06-08 12:13:46 --> Could not find the language line "Xác Nhận"
ERROR - 2020-06-08 12:13:46 --> Could not find the language line "Đóng"
ERROR - 2020-06-08 12:13:46 --> Could not find the language line "Xác Nhận"
ERROR - 2020-06-08 12:13:46 --> Could not find the language line "Đóng"
ERROR - 2020-06-08 12:13:46 --> Could not find the language line "Tải"
ERROR - 2020-06-08 12:13:47 --> Could not find the language line "Tạo Điểm Lấy Hàng"
ERROR - 2020-06-08 12:13:47 --> Could not find the language line "Tạo Đơn Hàng"
ERROR - 2020-06-08 12:13:47 --> Could not find the language line "Tải Excel"
ERROR - 2020-06-08 12:13:47 --> Could not find the language line "Đóng"
ERROR - 2020-06-08 12:13:47 --> Could not find the language line "Xác Nhận"
ERROR - 2020-06-08 12:13:47 --> Severity: Warning --> Invalid argument supplied for foreach() /home/admin/domains/spshd.com/public_html/khachhang/application/views/app.php 162
ERROR - 2020-06-08 12:13:47 --> Severity: Warning --> Invalid argument supplied for foreach() /home/admin/domains/spshd.com/public_html/khachhang/application/views/app.php 173
ERROR - 2020-06-08 12:13:47 --> Could not find the language line "Đóng"
ERROR - 2020-06-08 12:13:47 --> Could not find the language line "Xác Nhận"
ERROR - 2020-06-08 12:13:47 --> Could not find the language line "Đóng"
ERROR - 2020-06-08 12:13:47 --> Could not find the language line "Xác Nhận"
ERROR - 2020-06-08 12:13:47 --> Could not find the language line "Đóng"
ERROR - 2020-06-08 12:13:47 --> Could not find the language line "Tải"
ERROR - 2020-06-08 12:19:28 --> Could not find the language line "Tạo Điểm Lấy Hàng"
ERROR - 2020-06-08 12:19:28 --> Could not find the language line "Tạo Đơn Hàng"
ERROR - 2020-06-08 12:19:28 --> Could not find the language line "Tải Excel"
ERROR - 2020-06-08 12:19:28 --> Could not find the language line "Đóng"
ERROR - 2020-06-08 12:19:28 --> Could not find the language line "Xác Nhận"
ERROR - 2020-06-08 12:19:28 --> Severity: Warning --> Invalid argument supplied for foreach() /home/admin/domains/spshd.com/public_html/khachhang/application/views/app.php 162
ERROR - 2020-06-08 12:19:28 --> Severity: Warning --> Invalid argument supplied for foreach() /home/admin/domains/spshd.com/public_html/khachhang/application/views/app.php 173
ERROR - 2020-06-08 12:19:28 --> Could not find the language line "Đóng"
ERROR - 2020-06-08 12:19:28 --> Could not find the language line "Xác Nhận"
ERROR - 2020-06-08 12:19:28 --> Could not find the language line "Đóng"
ERROR - 2020-06-08 12:19:28 --> Could not find the language line "Xác Nhận"
ERROR - 2020-06-08 12:19:28 --> Could not find the language line "Đóng"
ERROR - 2020-06-08 12:19:28 --> Could not find the language line "Tải"
ERROR - 2020-06-08 13:18:49 --> Could not find the language line "Tạo Điểm Lấy Hàng"
ERROR - 2020-06-08 13:18:49 --> Could not find the language line "Tạo Đơn Hàng"
ERROR - 2020-06-08 13:18:49 --> Could not find the language line "Tải Excel"
ERROR - 2020-06-08 13:18:49 --> Could not find the language line "Đóng"
ERROR - 2020-06-08 13:18:49 --> Could not find the language line "Xác Nhận"
ERROR - 2020-06-08 13:18:49 --> Severity: Warning --> Invalid argument supplied for foreach() /home/admin/domains/spshd.com/public_html/khachhang/application/views/app.php 162
ERROR - 2020-06-08 13:18:49 --> Severity: Warning --> Invalid argument supplied for foreach() /home/admin/domains/spshd.com/public_html/khachhang/application/views/app.php 173
ERROR - 2020-06-08 13:18:49 --> Could not find the language line "Đóng"
ERROR - 2020-06-08 13:18:49 --> Could not find the language line "Xác Nhận"
ERROR - 2020-06-08 13:18:49 --> Could not find the language line "Đóng"
ERROR - 2020-06-08 13:18:49 --> Could not find the language line "Xác Nhận"
ERROR - 2020-06-08 13:18:49 --> Could not find the language line "Đóng"
ERROR - 2020-06-08 13:18:49 --> Could not find the language line "Tải"
ERROR - 2020-06-08 07:21:49 --> Could not find the language line "Email"
ERROR - 2020-06-08 07:21:49 --> Could not find the language line "password"
ERROR - 2020-06-08 13:25:32 --> Could not find the language line "Tạo Điểm Lấy Hàng"
ERROR - 2020-06-08 13:25:32 --> Could not find the language line "Tạo Đơn Hàng"
ERROR - 2020-06-08 13:25:32 --> Could not find the language line "Tải Excel"
ERROR - 2020-06-08 13:25:32 --> Could not find the language line "Đóng"
ERROR - 2020-06-08 13:25:32 --> Could not find the language line "Xác Nhận"
ERROR - 2020-06-08 13:25:32 --> Severity: Warning --> Invalid argument supplied for foreach() /home/admin/domains/spshd.com/public_html/khachhang/application/views/app.php 162
ERROR - 2020-06-08 13:25:32 --> Severity: Warning --> Invalid argument supplied for foreach() /home/admin/domains/spshd.com/public_html/khachhang/application/views/app.php 173
ERROR - 2020-06-08 13:25:32 --> Could not find the language line "Đóng"
ERROR - 2020-06-08 13:25:32 --> Could not find the language line "Xác Nhận"
ERROR - 2020-06-08 13:25:32 --> Could not find the language line "Đóng"
ERROR - 2020-06-08 13:25:32 --> Could not find the language line "Xác Nhận"
ERROR - 2020-06-08 13:25:32 --> Could not find the language line "Đóng"
ERROR - 2020-06-08 13:25:32 --> Could not find the language line "Tải"
ERROR - 2020-06-08 13:51:15 --> Could not find the language line "Tạo Điểm Lấy Hàng"
ERROR - 2020-06-08 13:51:15 --> Could not find the language line "Tạo Đơn Hàng"
ERROR - 2020-06-08 13:51:15 --> Could not find the language line "Tải Excel"
ERROR - 2020-06-08 13:51:15 --> Could not find the language line "Đóng"
ERROR - 2020-06-08 13:51:15 --> Could not find the language line "Xác Nhận"
ERROR - 2020-06-08 13:51:15 --> Severity: Warning --> Invalid argument supplied for foreach() /home/admin/domains/spshd.com/public_html/khachhang/application/views/app.php 162
ERROR - 2020-06-08 13:51:15 --> Severity: Warning --> Invalid argument supplied for foreach() /home/admin/domains/spshd.com/public_html/khachhang/application/views/app.php 173
ERROR - 2020-06-08 13:51:15 --> Could not find the language line "Đóng"
ERROR - 2020-06-08 13:51:15 --> Could not find the language line "Xác Nhận"
ERROR - 2020-06-08 13:51:15 --> Could not find the language line "Đóng"
ERROR - 2020-06-08 13:51:15 --> Could not find the language line "Xác Nhận"
ERROR - 2020-06-08 13:51:15 --> Could not find the language line "Đóng"
ERROR - 2020-06-08 13:51:15 --> Could not find the language line "Tải"
ERROR - 2020-06-08 08:07:35 --> Could not find the language line "Email"
ERROR - 2020-06-08 08:07:35 --> Could not find the language line "password"
ERROR - 2020-06-08 14:14:30 --> Could not find the language line "Tạo Điểm Lấy Hàng"
ERROR - 2020-06-08 14:14:30 --> Could not find the language line "Tạo Đơn Hàng"
ERROR - 2020-06-08 14:14:30 --> Could not find the language line "Tải Excel"
ERROR - 2020-06-08 14:14:30 --> Could not find the language line "Đóng"
ERROR - 2020-06-08 14:14:30 --> Could not find the language line "Xác Nhận"
ERROR - 2020-06-08 14:14:30 --> Severity: Warning --> Invalid argument supplied for foreach() /home/admin/domains/spshd.com/public_html/khachhang/application/views/app.php 162
ERROR - 2020-06-08 14:14:30 --> Severity: Warning --> Invalid argument supplied for foreach() /home/admin/domains/spshd.com/public_html/khachhang/application/views/app.php 173
ERROR - 2020-06-08 14:14:30 --> Could not find the language line "Đóng"
ERROR - 2020-06-08 14:14:30 --> Could not find the language line "Xác Nhận"
ERROR - 2020-06-08 14:14:30 --> Could not find the language line "Đóng"
ERROR - 2020-06-08 14:14:30 --> Could not find the language line "Xác Nhận"
ERROR - 2020-06-08 14:14:30 --> Could not find the language line "Đóng"
ERROR - 2020-06-08 14:14:30 --> Could not find the language line "Tải"
ERROR - 2020-06-08 14:14:32 --> Could not find the language line "Tạo Điểm Lấy Hàng"
ERROR - 2020-06-08 14:14:32 --> Could not find the language line "Tạo Đơn Hàng"
ERROR - 2020-06-08 14:14:32 --> Could not find the language line "Tải Excel"
ERROR - 2020-06-08 14:14:32 --> Could not find the language line "Đóng"
ERROR - 2020-06-08 14:14:32 --> Could not find the language line "Xác Nhận"
ERROR - 2020-06-08 14:14:32 --> Severity: Warning --> Invalid argument supplied for foreach() /home/admin/domains/spshd.com/public_html/khachhang/application/views/app.php 162
ERROR - 2020-06-08 14:14:32 --> Severity: Warning --> Invalid argument supplied for foreach() /home/admin/domains/spshd.com/public_html/khachhang/application/views/app.php 173
ERROR - 2020-06-08 14:14:32 --> Could not find the language line "Đóng"
ERROR - 2020-06-08 14:14:32 --> Could not find the language line "Xác Nhận"
ERROR - 2020-06-08 14:14:32 --> Could not find the language line "Đóng"
ERROR - 2020-06-08 14:14:32 --> Could not find the language line "Xác Nhận"
ERROR - 2020-06-08 14:14:32 --> Could not find the language line "Đóng"
ERROR - 2020-06-08 14:14:32 --> Could not find the language line "Tải"
ERROR - 2020-06-08 08:14:32 --> Could not find the language line "Email"
ERROR - 2020-06-08 08:14:32 --> Could not find the language line "password"
ERROR - 2020-06-08 14:15:28 --> Could not find the language line "Tạo Điểm Lấy Hàng"
ERROR - 2020-06-08 14:15:28 --> Could not find the language line "Tạo Đơn Hàng"
ERROR - 2020-06-08 14:15:28 --> Could not find the language line "Tải Excel"
ERROR - 2020-06-08 14:15:28 --> Could not find the language line "Đóng"
ERROR - 2020-06-08 14:15:28 --> Could not find the language line "Xác Nhận"
ERROR - 2020-06-08 14:15:28 --> Severity: Warning --> Invalid argument supplied for foreach() /home/admin/domains/spshd.com/public_html/khachhang/application/views/app.php 162
ERROR - 2020-06-08 14:15:28 --> Severity: Warning --> Invalid argument supplied for foreach() /home/admin/domains/spshd.com/public_html/khachhang/application/views/app.php 173
ERROR - 2020-06-08 14:15:28 --> Could not find the language line "Đóng"
ERROR - 2020-06-08 14:15:28 --> Could not find the language line "Xác Nhận"
ERROR - 2020-06-08 14:15:28 --> Could not find the language line "Đóng"
ERROR - 2020-06-08 14:15:28 --> Could not find the language line "Xác Nhận"
ERROR - 2020-06-08 14:15:28 --> Could not find the language line "Đóng"
ERROR - 2020-06-08 14:15:28 --> Could not find the language line "Tải"
ERROR - 2020-06-08 14:16:06 --> Could not find the language line "Tạo Điểm Lấy Hàng"
ERROR - 2020-06-08 14:16:06 --> Could not find the language line "Tạo Đơn Hàng"
ERROR - 2020-06-08 14:16:06 --> Could not find the language line "Tải Excel"
ERROR - 2020-06-08 14:16:06 --> Could not find the language line "Đóng"
ERROR - 2020-06-08 14:16:06 --> Could not find the language line "Xác Nhận"
ERROR - 2020-06-08 14:16:06 --> Severity: Warning --> Invalid argument supplied for foreach() /home/admin/domains/spshd.com/public_html/khachhang/application/views/app.php 162
ERROR - 2020-06-08 14:16:06 --> Severity: Warning --> Invalid argument supplied for foreach() /home/admin/domains/spshd.com/public_html/khachhang/application/views/app.php 173
ERROR - 2020-06-08 14:16:06 --> Could not find the language line "Đóng"
ERROR - 2020-06-08 14:16:06 --> Could not find the language line "Xác Nhận"
ERROR - 2020-06-08 14:16:06 --> Could not find the language line "Đóng"
ERROR - 2020-06-08 14:16:06 --> Could not find the language line "Xác Nhận"
ERROR - 2020-06-08 14:16:06 --> Could not find the language line "Đóng"
ERROR - 2020-06-08 14:16:06 --> Could not find the language line "Tải"
ERROR - 2020-06-08 08:17:26 --> Could not find the language line "Email"
ERROR - 2020-06-08 08:17:26 --> Could not find the language line "password"
ERROR - 2020-06-08 08:34:02 --> Could not find the language line "Email"
ERROR - 2020-06-08 08:34:02 --> Could not find the language line "password"
ERROR - 2020-06-08 14:42:04 --> Could not find the language line "Tạo Điểm Lấy Hàng"
ERROR - 2020-06-08 14:42:04 --> Could not find the language line "Tạo Đơn Hàng"
ERROR - 2020-06-08 14:42:04 --> Could not find the language line "Tải Excel"
ERROR - 2020-06-08 14:42:04 --> Could not find the language line "Đóng"
ERROR - 2020-06-08 14:42:04 --> Could not find the language line "Xác Nhận"
ERROR - 2020-06-08 14:42:04 --> Severity: Warning --> Invalid argument supplied for foreach() /home/admin/domains/spshd.com/public_html/khachhang/application/views/app.php 162
ERROR - 2020-06-08 14:42:04 --> Severity: Warning --> Invalid argument supplied for foreach() /home/admin/domains/spshd.com/public_html/khachhang/application/views/app.php 173
ERROR - 2020-06-08 14:42:04 --> Could not find the language line "Đóng"
ERROR - 2020-06-08 14:42:04 --> Could not find the language line "Xác Nhận"
ERROR - 2020-06-08 14:42:04 --> Could not find the language line "Đóng"
ERROR - 2020-06-08 14:42:04 --> Could not find the language line "Xác Nhận"
ERROR - 2020-06-08 14:42:04 --> Could not find the language line "Đóng"
ERROR - 2020-06-08 14:42:04 --> Could not find the language line "Tải"
ERROR - 2020-06-08 14:57:17 --> Could not find the language line "Tạo Điểm Lấy Hàng"
ERROR - 2020-06-08 14:57:17 --> Could not find the language line "Tạo Đơn Hàng"
ERROR - 2020-06-08 14:57:17 --> Could not find the language line "Tải Excel"
ERROR - 2020-06-08 14:57:17 --> Could not find the language line "Đóng"
ERROR - 2020-06-08 14:57:17 --> Could not find the language line "Xác Nhận"
ERROR - 2020-06-08 14:57:17 --> Severity: Warning --> Invalid argument supplied for foreach() /home/admin/domains/spshd.com/public_html/khachhang/application/views/app.php 162
ERROR - 2020-06-08 14:57:17 --> Severity: Warning --> Invalid argument supplied for foreach() /home/admin/domains/spshd.com/public_html/khachhang/application/views/app.php 173
ERROR - 2020-06-08 14:57:17 --> Could not find the language line "Đóng"
ERROR - 2020-06-08 14:57:17 --> Could not find the language line "Xác Nhận"
ERROR - 2020-06-08 14:57:17 --> Could not find the language line "Đóng"
ERROR - 2020-06-08 14:57:17 --> Could not find the language line "Xác Nhận"
ERROR - 2020-06-08 14:57:17 --> Could not find the language line "Đóng"
ERROR - 2020-06-08 14:57:17 --> Could not find the language line "Tải"
ERROR - 2020-06-08 08:57:24 --> Could not find the language line "Email"
ERROR - 2020-06-08 08:57:24 --> Could not find the language line "password"
ERROR - 2020-06-08 14:57:41 --> Could not find the language line "Tạo Điểm Lấy Hàng"
ERROR - 2020-06-08 14:57:41 --> Could not find the language line "Tạo Đơn Hàng"
ERROR - 2020-06-08 14:57:41 --> Could not find the language line "Tải Excel"
ERROR - 2020-06-08 14:57:41 --> Could not find the language line "Đóng"
ERROR - 2020-06-08 14:57:41 --> Could not find the language line "Xác Nhận"
ERROR - 2020-06-08 14:57:41 --> Severity: Warning --> Invalid argument supplied for foreach() /home/admin/domains/spshd.com/public_html/khachhang/application/views/app.php 162
ERROR - 2020-06-08 14:57:41 --> Severity: Warning --> Invalid argument supplied for foreach() /home/admin/domains/spshd.com/public_html/khachhang/application/views/app.php 173
ERROR - 2020-06-08 14:57:41 --> Could not find the language line "Đóng"
ERROR - 2020-06-08 14:57:41 --> Could not find the language line "Xác Nhận"
ERROR - 2020-06-08 14:57:41 --> Could not find the language line "Đóng"
ERROR - 2020-06-08 14:57:41 --> Could not find the language line "Xác Nhận"
ERROR - 2020-06-08 14:57:41 --> Could not find the language line "Đóng"
ERROR - 2020-06-08 14:57:41 --> Could not find the language line "Tải"
ERROR - 2020-06-08 14:59:37 --> Could not find the language line "Tạo Điểm Lấy Hàng"
ERROR - 2020-06-08 14:59:37 --> Could not find the language line "Tạo Đơn Hàng"
ERROR - 2020-06-08 14:59:37 --> Could not find the language line "Tải Excel"
ERROR - 2020-06-08 14:59:37 --> Could not find the language line "Đóng"
ERROR - 2020-06-08 14:59:37 --> Could not find the language line "Xác Nhận"
ERROR - 2020-06-08 14:59:37 --> Severity: Warning --> Invalid argument supplied for foreach() /home/admin/domains/spshd.com/public_html/khachhang/application/views/app.php 162
ERROR - 2020-06-08 14:59:37 --> Severity: Warning --> Invalid argument supplied for foreach() /home/admin/domains/spshd.com/public_html/khachhang/application/views/app.php 173
ERROR - 2020-06-08 14:59:37 --> Could not find the language line "Đóng"
ERROR - 2020-06-08 14:59:37 --> Could not find the language line "Xác Nhận"
ERROR - 2020-06-08 14:59:37 --> Could not find the language line "Đóng"
ERROR - 2020-06-08 14:59:37 --> Could not find the language line "Xác Nhận"
ERROR - 2020-06-08 14:59:37 --> Could not find the language line "Đóng"
ERROR - 2020-06-08 14:59:37 --> Could not find the language line "Tải"
ERROR - 2020-06-08 15:05:56 --> Could not find the language line "Tạo Điểm Lấy Hàng"
ERROR - 2020-06-08 15:05:56 --> Could not find the language line "Tạo Đơn Hàng"
ERROR - 2020-06-08 15:05:56 --> Could not find the language line "Tải Excel"
ERROR - 2020-06-08 15:05:56 --> Could not find the language line "Đóng"
ERROR - 2020-06-08 15:05:56 --> Could not find the language line "Xác Nhận"
ERROR - 2020-06-08 15:05:56 --> Severity: Warning --> Invalid argument supplied for foreach() /home/admin/domains/spshd.com/public_html/khachhang/application/views/app.php 162
ERROR - 2020-06-08 15:05:56 --> Severity: Warning --> Invalid argument supplied for foreach() /home/admin/domains/spshd.com/public_html/khachhang/application/views/app.php 173
ERROR - 2020-06-08 15:05:56 --> Could not find the language line "Đóng"
ERROR - 2020-06-08 15:05:56 --> Could not find the language line "Xác Nhận"
ERROR - 2020-06-08 15:05:56 --> Could not find the language line "Đóng"
ERROR - 2020-06-08 15:05:56 --> Could not find the language line "Xác Nhận"
ERROR - 2020-06-08 15:05:56 --> Could not find the language line "Đóng"
ERROR - 2020-06-08 15:05:56 --> Could not find the language line "Tải"
ERROR - 2020-06-08 15:06:00 --> Could not find the language line "Tạo Điểm Lấy Hàng"
ERROR - 2020-06-08 15:06:00 --> Could not find the language line "Tạo Đơn Hàng"
ERROR - 2020-06-08 15:06:00 --> Could not find the language line "Tải Excel"
ERROR - 2020-06-08 15:06:00 --> Could not find the language line "Đóng"
ERROR - 2020-06-08 15:06:00 --> Could not find the language line "Xác Nhận"
ERROR - 2020-06-08 15:06:00 --> Severity: Warning --> Invalid argument supplied for foreach() /home/admin/domains/spshd.com/public_html/khachhang/application/views/app.php 162
ERROR - 2020-06-08 15:06:00 --> Severity: Warning --> Invalid argument supplied for foreach() /home/admin/domains/spshd.com/public_html/khachhang/application/views/app.php 173
ERROR - 2020-06-08 15:06:00 --> Could not find the language line "Đóng"
ERROR - 2020-06-08 15:06:00 --> Could not find the language line "Xác Nhận"
ERROR - 2020-06-08 15:06:00 --> Could not find the language line "Đóng"
ERROR - 2020-06-08 15:06:00 --> Could not find the language line "Xác Nhận"
ERROR - 2020-06-08 15:06:00 --> Could not find the language line "Đóng"
ERROR - 2020-06-08 15:06:00 --> Could not find the language line "Tải"
ERROR - 2020-06-08 15:06:00 --> Could not find the language line "Tạo Điểm Lấy Hàng"
ERROR - 2020-06-08 15:06:00 --> Could not find the language line "Tạo Đơn Hàng"
ERROR - 2020-06-08 15:06:00 --> Could not find the language line "Tải Excel"
ERROR - 2020-06-08 15:06:00 --> Could not find the language line "Đóng"
ERROR - 2020-06-08 15:06:00 --> Could not find the language line "Xác Nhận"
ERROR - 2020-06-08 15:06:00 --> Severity: Warning --> Invalid argument supplied for foreach() /home/admin/domains/spshd.com/public_html/khachhang/application/views/app.php 162
ERROR - 2020-06-08 15:06:00 --> Severity: Warning --> Invalid argument supplied for foreach() /home/admin/domains/spshd.com/public_html/khachhang/application/views/app.php 173
ERROR - 2020-06-08 15:06:00 --> Could not find the language line "Đóng"
ERROR - 2020-06-08 15:06:00 --> Could not find the language line "Xác Nhận"
ERROR - 2020-06-08 15:06:00 --> Could not find the language line "Đóng"
ERROR - 2020-06-08 15:06:00 --> Could not find the language line "Xác Nhận"
ERROR - 2020-06-08 15:06:00 --> Could not find the language line "Đóng"
ERROR - 2020-06-08 15:06:00 --> Could not find the language line "Tải"
ERROR - 2020-06-08 15:11:09 --> Could not find the language line "Tạo Điểm Lấy Hàng"
ERROR - 2020-06-08 15:11:09 --> Could not find the language line "Tạo Đơn Hàng"
ERROR - 2020-06-08 15:11:09 --> Could not find the language line "Tải Excel"
ERROR - 2020-06-08 15:11:09 --> Could not find the language line "Đóng"
ERROR - 2020-06-08 15:11:09 --> Could not find the language line "Xác Nhận"
ERROR - 2020-06-08 15:11:09 --> Severity: Warning --> Invalid argument supplied for foreach() /home/admin/domains/spshd.com/public_html/khachhang/application/views/app.php 162
ERROR - 2020-06-08 15:11:09 --> Severity: Warning --> Invalid argument supplied for foreach() /home/admin/domains/spshd.com/public_html/khachhang/application/views/app.php 173
ERROR - 2020-06-08 15:11:09 --> Could not find the language line "Đóng"
ERROR - 2020-06-08 15:11:09 --> Could not find the language line "Xác Nhận"
ERROR - 2020-06-08 15:11:09 --> Could not find the language line "Đóng"
ERROR - 2020-06-08 15:11:09 --> Could not find the language line "Xác Nhận"
ERROR - 2020-06-08 15:11:09 --> Could not find the language line "Đóng"
ERROR - 2020-06-08 15:11:09 --> Could not find the language line "Tải"
ERROR - 2020-06-08 15:11:54 --> Could not find the language line "Tạo Điểm Lấy Hàng"
ERROR - 2020-06-08 15:11:54 --> Could not find the language line "Tạo Đơn Hàng"
ERROR - 2020-06-08 15:11:54 --> Could not find the language line "Tải Excel"
ERROR - 2020-06-08 15:11:54 --> Could not find the language line "Đóng"
ERROR - 2020-06-08 15:11:54 --> Could not find the language line "Xác Nhận"
ERROR - 2020-06-08 15:11:54 --> Severity: Warning --> Invalid argument supplied for foreach() /home/admin/domains/spshd.com/public_html/khachhang/application/views/app.php 162
ERROR - 2020-06-08 15:11:54 --> Severity: Warning --> Invalid argument supplied for foreach() /home/admin/domains/spshd.com/public_html/khachhang/application/views/app.php 173
ERROR - 2020-06-08 15:11:54 --> Could not find the language line "Đóng"
ERROR - 2020-06-08 15:11:54 --> Could not find the language line "Xác Nhận"
ERROR - 2020-06-08 15:11:54 --> Could not find the language line "Đóng"
ERROR - 2020-06-08 15:11:54 --> Could not find the language line "Xác Nhận"
ERROR - 2020-06-08 15:11:54 --> Could not find the language line "Đóng"
ERROR - 2020-06-08 15:11:54 --> Could not find the language line "Tải"
ERROR - 2020-06-08 15:12:18 --> Could not find the language line "Tạo Điểm Lấy Hàng"
ERROR - 2020-06-08 15:12:18 --> Could not find the language line "Tạo Đơn Hàng"
ERROR - 2020-06-08 15:12:18 --> Could not find the language line "Tải Excel"
ERROR - 2020-06-08 15:12:18 --> Could not find the language line "Đóng"
ERROR - 2020-06-08 15:12:18 --> Could not find the language line "Xác Nhận"
ERROR - 2020-06-08 15:12:18 --> Severity: Warning --> Invalid argument supplied for foreach() /home/admin/domains/spshd.com/public_html/khachhang/application/views/app.php 162
ERROR - 2020-06-08 15:12:18 --> Severity: Warning --> Invalid argument supplied for foreach() /home/admin/domains/spshd.com/public_html/khachhang/application/views/app.php 173
ERROR - 2020-06-08 15:12:18 --> Could not find the language line "Đóng"
ERROR - 2020-06-08 15:12:18 --> Could not find the language line "Xác Nhận"
ERROR - 2020-06-08 15:12:18 --> Could not find the language line "Đóng"
ERROR - 2020-06-08 15:12:18 --> Could not find the language line "Xác Nhận"
ERROR - 2020-06-08 15:12:18 --> Could not find the language line "Đóng"
ERROR - 2020-06-08 15:12:18 --> Could not find the language line "Tải"
ERROR - 2020-06-08 15:12:24 --> Could not find the language line "Tạo Điểm Lấy Hàng"
ERROR - 2020-06-08 15:12:24 --> Could not find the language line "Tạo Đơn Hàng"
ERROR - 2020-06-08 15:12:24 --> Could not find the language line "Tải Excel"
ERROR - 2020-06-08 15:12:24 --> Could not find the language line "Đóng"
ERROR - 2020-06-08 15:12:24 --> Could not find the language line "Xác Nhận"
ERROR - 2020-06-08 15:12:24 --> Severity: Warning --> Invalid argument supplied for foreach() /home/admin/domains/spshd.com/public_html/khachhang/application/views/app.php 162
ERROR - 2020-06-08 15:12:24 --> Severity: Warning --> Invalid argument supplied for foreach() /home/admin/domains/spshd.com/public_html/khachhang/application/views/app.php 173
ERROR - 2020-06-08 15:12:24 --> Could not find the language line "Đóng"
ERROR - 2020-06-08 15:12:24 --> Could not find the language line "Xác Nhận"
ERROR - 2020-06-08 15:12:24 --> Could not find the language line "Đóng"
ERROR - 2020-06-08 15:12:24 --> Could not find the language line "Xác Nhận"
ERROR - 2020-06-08 15:12:24 --> Could not find the language line "Đóng"
ERROR - 2020-06-08 15:12:24 --> Could not find the language line "Tải"
ERROR - 2020-06-08 15:14:40 --> Could not find the language line "Tạo Điểm Lấy Hàng"
ERROR - 2020-06-08 15:14:40 --> Could not find the language line "Tạo Đơn Hàng"
ERROR - 2020-06-08 15:14:40 --> Could not find the language line "Tải Excel"
ERROR - 2020-06-08 15:14:40 --> Could not find the language line "Đóng"
ERROR - 2020-06-08 15:14:40 --> Could not find the language line "Xác Nhận"
ERROR - 2020-06-08 15:14:40 --> Severity: Warning --> Invalid argument supplied for foreach() /home/admin/domains/spshd.com/public_html/khachhang/application/views/app.php 162
ERROR - 2020-06-08 15:14:40 --> Severity: Warning --> Invalid argument supplied for foreach() /home/admin/domains/spshd.com/public_html/khachhang/application/views/app.php 173
ERROR - 2020-06-08 15:14:40 --> Could not find the language line "Đóng"
ERROR - 2020-06-08 15:14:40 --> Could not find the language line "Xác Nhận"
ERROR - 2020-06-08 15:14:40 --> Could not find the language line "Đóng"
ERROR - 2020-06-08 15:14:40 --> Could not find the language line "Xác Nhận"
ERROR - 2020-06-08 15:14:40 --> Could not find the language line "Đóng"
ERROR - 2020-06-08 15:14:40 --> Could not find the language line "Tải"
ERROR - 2020-06-08 15:16:50 --> Could not find the language line "Tạo Điểm Lấy Hàng"
ERROR - 2020-06-08 15:16:50 --> Could not find the language line "Tạo Đơn Hàng"
ERROR - 2020-06-08 15:16:50 --> Could not find the language line "Tải Excel"
ERROR - 2020-06-08 15:16:50 --> Could not find the language line "Đóng"
ERROR - 2020-06-08 15:16:50 --> Could not find the language line "Xác Nhận"
ERROR - 2020-06-08 15:16:50 --> Severity: Warning --> Invalid argument supplied for foreach() /home/admin/domains/spshd.com/public_html/khachhang/application/views/app.php 162
ERROR - 2020-06-08 15:16:50 --> Severity: Warning --> Invalid argument supplied for foreach() /home/admin/domains/spshd.com/public_html/khachhang/application/views/app.php 173
ERROR - 2020-06-08 15:16:50 --> Could not find the language line "Đóng"
ERROR - 2020-06-08 15:16:50 --> Could not find the language line "Xác Nhận"
ERROR - 2020-06-08 15:16:50 --> Could not find the language line "Đóng"
ERROR - 2020-06-08 15:16:50 --> Could not find the language line "Xác Nhận"
ERROR - 2020-06-08 15:16:50 --> Could not find the language line "Đóng"
ERROR - 2020-06-08 15:16:50 --> Could not find the language line "Tải"
ERROR - 2020-06-08 15:17:21 --> Could not find the language line "Tạo Điểm Lấy Hàng"
ERROR - 2020-06-08 15:17:21 --> Could not find the language line "Tạo Đơn Hàng"
ERROR - 2020-06-08 15:17:21 --> Could not find the language line "Tải Excel"
ERROR - 2020-06-08 15:17:21 --> Could not find the language line "Đóng"
ERROR - 2020-06-08 15:17:21 --> Could not find the language line "Xác Nhận"
ERROR - 2020-06-08 15:17:21 --> Severity: Warning --> Invalid argument supplied for foreach() /home/admin/domains/spshd.com/public_html/khachhang/application/views/app.php 162
ERROR - 2020-06-08 15:17:21 --> Severity: Warning --> Invalid argument supplied for foreach() /home/admin/domains/spshd.com/public_html/khachhang/application/views/app.php 173
ERROR - 2020-06-08 15:17:21 --> Could not find the language line "Đóng"
ERROR - 2020-06-08 15:17:21 --> Could not find the language line "Xác Nhận"
ERROR - 2020-06-08 15:17:21 --> Could not find the language line "Đóng"
ERROR - 2020-06-08 15:17:21 --> Could not find the language line "Xác Nhận"
ERROR - 2020-06-08 15:17:21 --> Could not find the language line "Đóng"
ERROR - 2020-06-08 15:17:21 --> Could not find the language line "Tải"
ERROR - 2020-06-08 15:27:19 --> Could not find the language line "Tạo Điểm Lấy Hàng"
ERROR - 2020-06-08 15:27:19 --> Could not find the language line "Tạo Đơn Hàng"
ERROR - 2020-06-08 15:27:19 --> Could not find the language line "Tải Excel"
ERROR - 2020-06-08 15:27:19 --> Could not find the language line "Đóng"
ERROR - 2020-06-08 15:27:19 --> Could not find the language line "Xác Nhận"
ERROR - 2020-06-08 15:27:19 --> Severity: Warning --> Invalid argument supplied for foreach() /home/admin/domains/spshd.com/public_html/khachhang/application/views/app.php 162
ERROR - 2020-06-08 15:27:19 --> Severity: Warning --> Invalid argument supplied for foreach() /home/admin/domains/spshd.com/public_html/khachhang/application/views/app.php 173
ERROR - 2020-06-08 15:27:19 --> Could not find the language line "Đóng"
ERROR - 2020-06-08 15:27:19 --> Could not find the language line "Xác Nhận"
ERROR - 2020-06-08 15:27:19 --> Could not find the language line "Đóng"
ERROR - 2020-06-08 15:27:19 --> Could not find the language line "Xác Nhận"
ERROR - 2020-06-08 15:27:19 --> Could not find the language line "Đóng"
ERROR - 2020-06-08 15:27:19 --> Could not find the language line "Tải"
ERROR - 2020-06-08 09:29:30 --> Could not find the language line "Email"
ERROR - 2020-06-08 09:29:30 --> Could not find the language line "password"
ERROR - 2020-06-08 15:32:12 --> Could not find the language line "Tạo Điểm Lấy Hàng"
ERROR - 2020-06-08 15:32:12 --> Could not find the language line "Tạo Đơn Hàng"
ERROR - 2020-06-08 15:32:12 --> Could not find the language line "Tải Excel"
ERROR - 2020-06-08 15:32:12 --> Could not find the language line "Đóng"
ERROR - 2020-06-08 15:32:12 --> Could not find the language line "Xác Nhận"
ERROR - 2020-06-08 15:32:12 --> Severity: Warning --> Invalid argument supplied for foreach() /home/admin/domains/spshd.com/public_html/khachhang/application/views/app.php 162
ERROR - 2020-06-08 15:32:12 --> Severity: Warning --> Invalid argument supplied for foreach() /home/admin/domains/spshd.com/public_html/khachhang/application/views/app.php 173
ERROR - 2020-06-08 15:32:12 --> Could not find the language line "Đóng"
ERROR - 2020-06-08 15:32:12 --> Could not find the language line "Xác Nhận"
ERROR - 2020-06-08 15:32:12 --> Could not find the language line "Đóng"
ERROR - 2020-06-08 15:32:12 --> Could not find the language line "Xác Nhận"
ERROR - 2020-06-08 15:32:12 --> Could not find the language line "Đóng"
ERROR - 2020-06-08 15:32:12 --> Could not find the language line "Tải"
ERROR - 2020-06-08 15:33:57 --> Could not find the language line "Tạo Điểm Lấy Hàng"
ERROR - 2020-06-08 15:33:57 --> Could not find the language line "Tạo Đơn Hàng"
ERROR - 2020-06-08 15:33:57 --> Could not find the language line "Tải Excel"
ERROR - 2020-06-08 15:33:57 --> Could not find the language line "Đóng"
ERROR - 2020-06-08 15:33:57 --> Could not find the language line "Xác Nhận"
ERROR - 2020-06-08 15:33:57 --> Severity: Warning --> Invalid argument supplied for foreach() /home/admin/domains/spshd.com/public_html/khachhang/application/views/app.php 162
ERROR - 2020-06-08 15:33:57 --> Severity: Warning --> Invalid argument supplied for foreach() /home/admin/domains/spshd.com/public_html/khachhang/application/views/app.php 173
ERROR - 2020-06-08 15:33:57 --> Could not find the language line "Đóng"
ERROR - 2020-06-08 15:33:57 --> Could not find the language line "Xác Nhận"
ERROR - 2020-06-08 15:33:57 --> Could not find the language line "Đóng"
ERROR - 2020-06-08 15:33:57 --> Could not find the language line "Xác Nhận"
ERROR - 2020-06-08 15:33:57 --> Could not find the language line "Đóng"
ERROR - 2020-06-08 15:33:57 --> Could not find the language line "Tải"
ERROR - 2020-06-08 15:45:30 --> Could not find the language line "Tạo Điểm Lấy Hàng"
ERROR - 2020-06-08 15:45:30 --> Could not find the language line "Tạo Đơn Hàng"
ERROR - 2020-06-08 15:45:30 --> Could not find the language line "Tải Excel"
ERROR - 2020-06-08 15:45:30 --> Could not find the language line "Đóng"
ERROR - 2020-06-08 15:45:30 --> Could not find the language line "Xác Nhận"
ERROR - 2020-06-08 15:45:30 --> Severity: Warning --> Invalid argument supplied for foreach() /home/admin/domains/spshd.com/public_html/khachhang/application/views/app.php 162
ERROR - 2020-06-08 15:45:30 --> Severity: Warning --> Invalid argument supplied for foreach() /home/admin/domains/spshd.com/public_html/khachhang/application/views/app.php 173
ERROR - 2020-06-08 15:45:30 --> Could not find the language line "Đóng"
ERROR - 2020-06-08 15:45:30 --> Could not find the language line "Xác Nhận"
ERROR - 2020-06-08 15:45:30 --> Could not find the language line "Đóng"
ERROR - 2020-06-08 15:45:30 --> Could not find the language line "Xác Nhận"
ERROR - 2020-06-08 15:45:30 --> Could not find the language line "Đóng"
ERROR - 2020-06-08 15:45:30 --> Could not find the language line "Tải"
ERROR - 2020-06-08 15:46:47 --> Could not find the language line "Tạo Điểm Lấy Hàng"
ERROR - 2020-06-08 15:46:47 --> Could not find the language line "Tạo Đơn Hàng"
ERROR - 2020-06-08 15:46:47 --> Could not find the language line "Tải Excel"
ERROR - 2020-06-08 15:46:47 --> Could not find the language line "Đóng"
ERROR - 2020-06-08 15:46:47 --> Could not find the language line "Xác Nhận"
ERROR - 2020-06-08 15:46:47 --> Severity: Warning --> Invalid argument supplied for foreach() /home/admin/domains/spshd.com/public_html/khachhang/application/views/app.php 162
ERROR - 2020-06-08 15:46:47 --> Severity: Warning --> Invalid argument supplied for foreach() /home/admin/domains/spshd.com/public_html/khachhang/application/views/app.php 173
ERROR - 2020-06-08 15:46:47 --> Could not find the language line "Đóng"
ERROR - 2020-06-08 15:46:47 --> Could not find the language line "Xác Nhận"
ERROR - 2020-06-08 15:46:47 --> Could not find the language line "Đóng"
ERROR - 2020-06-08 15:46:47 --> Could not find the language line "Xác Nhận"
ERROR - 2020-06-08 15:46:47 --> Could not find the language line "Đóng"
ERROR - 2020-06-08 15:46:47 --> Could not find the language line "Tải"
ERROR - 2020-06-08 15:55:08 --> Could not find the language line "Tạo Điểm Lấy Hàng"
ERROR - 2020-06-08 15:55:08 --> Could not find the language line "Tạo Đơn Hàng"
ERROR - 2020-06-08 15:55:08 --> Could not find the language line "Tải Excel"
ERROR - 2020-06-08 15:55:08 --> Could not find the language line "Đóng"
ERROR - 2020-06-08 15:55:08 --> Could not find the language line "Xác Nhận"
ERROR - 2020-06-08 15:55:08 --> Severity: Warning --> Invalid argument supplied for foreach() /home/admin/domains/spshd.com/public_html/khachhang/application/views/app.php 162
ERROR - 2020-06-08 15:55:08 --> Severity: Warning --> Invalid argument supplied for foreach() /home/admin/domains/spshd.com/public_html/khachhang/application/views/app.php 173
ERROR - 2020-06-08 15:55:08 --> Could not find the language line "Đóng"
ERROR - 2020-06-08 15:55:08 --> Could not find the language line "Xác Nhận"
ERROR - 2020-06-08 15:55:08 --> Could not find the language line "Đóng"
ERROR - 2020-06-08 15:55:08 --> Could not find the language line "Xác Nhận"
ERROR - 2020-06-08 15:55:08 --> Could not find the language line "Đóng"
ERROR - 2020-06-08 15:55:08 --> Could not find the language line "Tải"
ERROR - 2020-06-08 10:00:42 --> Could not find the language line "Email"
ERROR - 2020-06-08 10:00:42 --> Could not find the language line "password"
ERROR - 2020-06-08 16:01:02 --> Could not find the language line "Tạo Điểm Lấy Hàng"
ERROR - 2020-06-08 16:01:02 --> Could not find the language line "Tạo Đơn Hàng"
ERROR - 2020-06-08 16:01:02 --> Could not find the language line "Tải Excel"
ERROR - 2020-06-08 16:01:02 --> Could not find the language line "Đóng"
ERROR - 2020-06-08 16:01:02 --> Could not find the language line "Xác Nhận"
ERROR - 2020-06-08 16:01:02 --> Severity: Warning --> Invalid argument supplied for foreach() /home/admin/domains/spshd.com/public_html/khachhang/application/views/app.php 162
ERROR - 2020-06-08 16:01:02 --> Severity: Warning --> Invalid argument supplied for foreach() /home/admin/domains/spshd.com/public_html/khachhang/application/views/app.php 173
ERROR - 2020-06-08 16:01:02 --> Could not find the language line "Đóng"
ERROR - 2020-06-08 16:01:02 --> Could not find the language line "Xác Nhận"
ERROR - 2020-06-08 16:01:02 --> Could not find the language line "Đóng"
ERROR - 2020-06-08 16:01:02 --> Could not find the language line "Xác Nhận"
ERROR - 2020-06-08 16:01:02 --> Could not find the language line "Đóng"
ERROR - 2020-06-08 16:01:02 --> Could not find the language line "Tải"
ERROR - 2020-06-08 16:35:28 --> Could not find the language line "Tạo Điểm Lấy Hàng"
ERROR - 2020-06-08 16:35:28 --> Could not find the language line "Tạo Đơn Hàng"
ERROR - 2020-06-08 16:35:28 --> Could not find the language line "Tải Excel"
ERROR - 2020-06-08 16:35:28 --> Could not find the language line "Đóng"
ERROR - 2020-06-08 16:35:28 --> Could not find the language line "Xác Nhận"
ERROR - 2020-06-08 16:35:28 --> Severity: Warning --> Invalid argument supplied for foreach() /home/admin/domains/spshd.com/public_html/khachhang/application/views/app.php 162
ERROR - 2020-06-08 16:35:28 --> Severity: Warning --> Invalid argument supplied for foreach() /home/admin/domains/spshd.com/public_html/khachhang/application/views/app.php 173
ERROR - 2020-06-08 16:35:28 --> Could not find the language line "Đóng"
ERROR - 2020-06-08 16:35:28 --> Could not find the language line "Xác Nhận"
ERROR - 2020-06-08 16:35:28 --> Could not find the language line "Đóng"
ERROR - 2020-06-08 16:35:28 --> Could not find the language line "Xác Nhận"
ERROR - 2020-06-08 16:35:28 --> Could not find the language line "Đóng"
ERROR - 2020-06-08 16:35:28 --> Could not find the language line "Tải"
ERROR - 2020-06-08 16:44:15 --> Could not find the language line "Tạo Điểm Lấy Hàng"
ERROR - 2020-06-08 16:44:15 --> Could not find the language line "Tạo Đơn Hàng"
ERROR - 2020-06-08 16:44:15 --> Could not find the language line "Tải Excel"
ERROR - 2020-06-08 16:44:15 --> Could not find the language line "Đóng"
ERROR - 2020-06-08 16:44:15 --> Could not find the language line "Xác Nhận"
ERROR - 2020-06-08 16:44:15 --> Severity: Warning --> Invalid argument supplied for foreach() /home/admin/domains/spshd.com/public_html/khachhang/application/views/app.php 162
ERROR - 2020-06-08 16:44:15 --> Severity: Warning --> Invalid argument supplied for foreach() /home/admin/domains/spshd.com/public_html/khachhang/application/views/app.php 173
ERROR - 2020-06-08 16:44:15 --> Could not find the language line "Đóng"
ERROR - 2020-06-08 16:44:15 --> Could not find the language line "Xác Nhận"
ERROR - 2020-06-08 16:44:15 --> Could not find the language line "Đóng"
ERROR - 2020-06-08 16:44:15 --> Could not find the language line "Xác Nhận"
ERROR - 2020-06-08 16:44:15 --> Could not find the language line "Đóng"
ERROR - 2020-06-08 16:44:15 --> Could not find the language line "Tải"
ERROR - 2020-06-08 16:44:55 --> Could not find the language line "Tạo Điểm Lấy Hàng"
ERROR - 2020-06-08 16:44:55 --> Could not find the language line "Tạo Đơn Hàng"
ERROR - 2020-06-08 16:44:55 --> Could not find the language line "Tải Excel"
ERROR - 2020-06-08 16:44:55 --> Could not find the language line "Đóng"
ERROR - 2020-06-08 16:44:55 --> Could not find the language line "Xác Nhận"
ERROR - 2020-06-08 16:44:55 --> Severity: Warning --> Invalid argument supplied for foreach() /home/admin/domains/spshd.com/public_html/khachhang/application/views/app.php 162
ERROR - 2020-06-08 16:44:55 --> Severity: Warning --> Invalid argument supplied for foreach() /home/admin/domains/spshd.com/public_html/khachhang/application/views/app.php 173
ERROR - 2020-06-08 16:44:55 --> Could not find the language line "Đóng"
ERROR - 2020-06-08 16:44:55 --> Could not find the language line "Xác Nhận"
ERROR - 2020-06-08 16:44:55 --> Could not find the language line "Đóng"
ERROR - 2020-06-08 16:44:55 --> Could not find the language line "Xác Nhận"
ERROR - 2020-06-08 16:44:55 --> Could not find the language line "Đóng"
ERROR - 2020-06-08 16:44:55 --> Could not find the language line "Tải"
ERROR - 2020-06-08 16:46:17 --> Could not find the language line "Tạo Điểm Lấy Hàng"
ERROR - 2020-06-08 16:46:17 --> Could not find the language line "Tạo Đơn Hàng"
ERROR - 2020-06-08 16:46:17 --> Could not find the language line "Tải Excel"
ERROR - 2020-06-08 16:46:17 --> Could not find the language line "Đóng"
ERROR - 2020-06-08 16:46:17 --> Could not find the language line "Xác Nhận"
ERROR - 2020-06-08 16:46:17 --> Severity: Warning --> Invalid argument supplied for foreach() /home/admin/domains/spshd.com/public_html/khachhang/application/views/app.php 162
ERROR - 2020-06-08 16:46:17 --> Severity: Warning --> Invalid argument supplied for foreach() /home/admin/domains/spshd.com/public_html/khachhang/application/views/app.php 173
ERROR - 2020-06-08 16:46:17 --> Could not find the language line "Đóng"
ERROR - 2020-06-08 16:46:17 --> Could not find the language line "Xác Nhận"
ERROR - 2020-06-08 16:46:17 --> Could not find the language line "Đóng"
ERROR - 2020-06-08 16:46:17 --> Could not find the language line "Xác Nhận"
ERROR - 2020-06-08 16:46:17 --> Could not find the language line "Đóng"
ERROR - 2020-06-08 16:46:17 --> Could not find the language line "Tải"
ERROR - 2020-06-08 16:59:25 --> Could not find the language line "Tạo Điểm Lấy Hàng"
ERROR - 2020-06-08 16:59:25 --> Could not find the language line "Tạo Đơn Hàng"
ERROR - 2020-06-08 16:59:25 --> Could not find the language line "Tải Excel"
ERROR - 2020-06-08 16:59:25 --> Could not find the language line "Đóng"
ERROR - 2020-06-08 16:59:25 --> Could not find the language line "Xác Nhận"
ERROR - 2020-06-08 16:59:25 --> Severity: Warning --> Invalid argument supplied for foreach() /home/admin/domains/spshd.com/public_html/khachhang/application/views/app.php 162
ERROR - 2020-06-08 16:59:25 --> Severity: Warning --> Invalid argument supplied for foreach() /home/admin/domains/spshd.com/public_html/khachhang/application/views/app.php 173
ERROR - 2020-06-08 16:59:25 --> Could not find the language line "Đóng"
ERROR - 2020-06-08 16:59:25 --> Could not find the language line "Xác Nhận"
ERROR - 2020-06-08 16:59:25 --> Could not find the language line "Đóng"
ERROR - 2020-06-08 16:59:25 --> Could not find the language line "Xác Nhận"
ERROR - 2020-06-08 16:59:25 --> Could not find the language line "Đóng"
ERROR - 2020-06-08 16:59:25 --> Could not find the language line "Tải"
ERROR - 2020-06-08 17:00:45 --> Could not find the language line "Tạo Điểm Lấy Hàng"
ERROR - 2020-06-08 17:00:45 --> Could not find the language line "Tạo Đơn Hàng"
ERROR - 2020-06-08 17:00:45 --> Could not find the language line "Tải Excel"
ERROR - 2020-06-08 17:00:45 --> Could not find the language line "Đóng"
ERROR - 2020-06-08 17:00:45 --> Could not find the language line "Xác Nhận"
ERROR - 2020-06-08 17:00:45 --> Severity: Warning --> Invalid argument supplied for foreach() /home/admin/domains/spshd.com/public_html/khachhang/application/views/app.php 162
ERROR - 2020-06-08 17:00:45 --> Severity: Warning --> Invalid argument supplied for foreach() /home/admin/domains/spshd.com/public_html/khachhang/application/views/app.php 173
ERROR - 2020-06-08 17:00:45 --> Could not find the language line "Đóng"
ERROR - 2020-06-08 17:00:45 --> Could not find the language line "Xác Nhận"
ERROR - 2020-06-08 17:00:45 --> Could not find the language line "Đóng"
ERROR - 2020-06-08 17:00:45 --> Could not find the language line "Xác Nhận"
ERROR - 2020-06-08 17:00:45 --> Could not find the language line "Đóng"
ERROR - 2020-06-08 17:00:45 --> Could not find the language line "Tải"
ERROR - 2020-06-08 17:13:40 --> Could not find the language line "Tạo Điểm Lấy Hàng"
ERROR - 2020-06-08 17:13:40 --> Could not find the language line "Tạo Đơn Hàng"
ERROR - 2020-06-08 17:13:40 --> Could not find the language line "Tải Excel"
ERROR - 2020-06-08 17:13:40 --> Could not find the language line "Đóng"
ERROR - 2020-06-08 17:13:40 --> Could not find the language line "Xác Nhận"
ERROR - 2020-06-08 17:13:40 --> Severity: Warning --> Invalid argument supplied for foreach() /home/admin/domains/spshd.com/public_html/khachhang/application/views/app.php 162
ERROR - 2020-06-08 17:13:40 --> Severity: Warning --> Invalid argument supplied for foreach() /home/admin/domains/spshd.com/public_html/khachhang/application/views/app.php 173
ERROR - 2020-06-08 17:13:40 --> Could not find the language line "Đóng"
ERROR - 2020-06-08 17:13:40 --> Could not find the language line "Xác Nhận"
ERROR - 2020-06-08 17:13:40 --> Could not find the language line "Đóng"
ERROR - 2020-06-08 17:13:40 --> Could not find the language line "Xác Nhận"
ERROR - 2020-06-08 17:13:40 --> Could not find the language line "Đóng"
ERROR - 2020-06-08 17:13:40 --> Could not find the language line "Tải"
ERROR - 2020-06-08 17:31:40 --> Could not find the language line "Tạo Điểm Lấy Hàng"
ERROR - 2020-06-08 17:31:40 --> Could not find the language line "Tạo Đơn Hàng"
ERROR - 2020-06-08 17:31:40 --> Could not find the language line "Tải Excel"
ERROR - 2020-06-08 17:31:40 --> Could not find the language line "Đóng"
ERROR - 2020-06-08 17:31:40 --> Could not find the language line "Xác Nhận"
ERROR - 2020-06-08 17:31:40 --> Severity: Warning --> Invalid argument supplied for foreach() /home/admin/domains/spshd.com/public_html/khachhang/application/views/app.php 162
ERROR - 2020-06-08 17:31:40 --> Severity: Warning --> Invalid argument supplied for foreach() /home/admin/domains/spshd.com/public_html/khachhang/application/views/app.php 173
ERROR - 2020-06-08 17:31:40 --> Could not find the language line "Đóng"
ERROR - 2020-06-08 17:31:40 --> Could not find the language line "Xác Nhận"
ERROR - 2020-06-08 17:31:40 --> Could not find the language line "Đóng"
ERROR - 2020-06-08 17:31:40 --> Could not find the language line "Xác Nhận"
ERROR - 2020-06-08 17:31:40 --> Could not find the language line "Đóng"
ERROR - 2020-06-08 17:31:40 --> Could not find the language line "Tải"
ERROR - 2020-06-08 17:55:30 --> Could not find the language line "Tạo Điểm Lấy Hàng"
ERROR - 2020-06-08 17:55:30 --> Could not find the language line "Tạo Đơn Hàng"
ERROR - 2020-06-08 17:55:30 --> Could not find the language line "Tải Excel"
ERROR - 2020-06-08 17:55:30 --> Could not find the language line "Đóng"
ERROR - 2020-06-08 17:55:30 --> Could not find the language line "Xác Nhận"
ERROR - 2020-06-08 17:55:30 --> Severity: Warning --> Invalid argument supplied for foreach() /home/admin/domains/spshd.com/public_html/khachhang/application/views/app.php 162
ERROR - 2020-06-08 17:55:30 --> Severity: Warning --> Invalid argument supplied for foreach() /home/admin/domains/spshd.com/public_html/khachhang/application/views/app.php 173
ERROR - 2020-06-08 17:55:30 --> Could not find the language line "Đóng"
ERROR - 2020-06-08 17:55:30 --> Could not find the language line "Xác Nhận"
ERROR - 2020-06-08 17:55:30 --> Could not find the language line "Đóng"
ERROR - 2020-06-08 17:55:30 --> Could not find the language line "Xác Nhận"
ERROR - 2020-06-08 17:55:30 --> Could not find the language line "Đóng"
ERROR - 2020-06-08 17:55:30 --> Could not find the language line "Tải"
ERROR - 2020-06-08 17:57:41 --> Could not find the language line "Tạo Điểm Lấy Hàng"
ERROR - 2020-06-08 17:57:41 --> Could not find the language line "Tạo Đơn Hàng"
ERROR - 2020-06-08 17:57:41 --> Could not find the language line "Tải Excel"
ERROR - 2020-06-08 17:57:41 --> Could not find the language line "Đóng"
ERROR - 2020-06-08 17:57:41 --> Could not find the language line "Xác Nhận"
ERROR - 2020-06-08 17:57:41 --> Severity: Warning --> Invalid argument supplied for foreach() /home/admin/domains/spshd.com/public_html/khachhang/application/views/app.php 162
ERROR - 2020-06-08 17:57:41 --> Severity: Warning --> Invalid argument supplied for foreach() /home/admin/domains/spshd.com/public_html/khachhang/application/views/app.php 173
ERROR - 2020-06-08 17:57:41 --> Could not find the language line "Đóng"
ERROR - 2020-06-08 17:57:41 --> Could not find the language line "Xác Nhận"
ERROR - 2020-06-08 17:57:41 --> Could not find the language line "Đóng"
ERROR - 2020-06-08 17:57:41 --> Could not find the language line "Xác Nhận"
ERROR - 2020-06-08 17:57:41 --> Could not find the language line "Đóng"
ERROR - 2020-06-08 17:57:41 --> Could not find the language line "Tải"
ERROR - 2020-06-08 17:58:54 --> Could not find the language line "Tạo Điểm Lấy Hàng"
ERROR - 2020-06-08 17:58:54 --> Could not find the language line "Tạo Đơn Hàng"
ERROR - 2020-06-08 17:58:54 --> Could not find the language line "Tải Excel"
ERROR - 2020-06-08 17:58:54 --> Could not find the language line "Đóng"
ERROR - 2020-06-08 17:58:54 --> Could not find the language line "Xác Nhận"
ERROR - 2020-06-08 17:58:54 --> Severity: Warning --> Invalid argument supplied for foreach() /home/admin/domains/spshd.com/public_html/khachhang/application/views/app.php 162
ERROR - 2020-06-08 17:58:54 --> Severity: Warning --> Invalid argument supplied for foreach() /home/admin/domains/spshd.com/public_html/khachhang/application/views/app.php 173
ERROR - 2020-06-08 17:58:54 --> Could not find the language line "Đóng"
ERROR - 2020-06-08 17:58:54 --> Could not find the language line "Xác Nhận"
ERROR - 2020-06-08 17:58:54 --> Could not find the language line "Đóng"
ERROR - 2020-06-08 17:58:54 --> Could not find the language line "Xác Nhận"
ERROR - 2020-06-08 17:58:54 --> Could not find the language line "Đóng"
ERROR - 2020-06-08 17:58:54 --> Could not find the language line "Tải"
ERROR - 2020-06-08 18:01:12 --> Could not find the language line "Tạo Điểm Lấy Hàng"
ERROR - 2020-06-08 18:01:12 --> Could not find the language line "Tạo Đơn Hàng"
ERROR - 2020-06-08 18:01:12 --> Could not find the language line "Tải Excel"
ERROR - 2020-06-08 18:01:12 --> Could not find the language line "Đóng"
ERROR - 2020-06-08 18:01:12 --> Could not find the language line "Xác Nhận"
ERROR - 2020-06-08 18:01:12 --> Severity: Warning --> Invalid argument supplied for foreach() /home/admin/domains/spshd.com/public_html/khachhang/application/views/app.php 162
ERROR - 2020-06-08 18:01:12 --> Severity: Warning --> Invalid argument supplied for foreach() /home/admin/domains/spshd.com/public_html/khachhang/application/views/app.php 173
ERROR - 2020-06-08 18:01:12 --> Could not find the language line "Đóng"
ERROR - 2020-06-08 18:01:12 --> Could not find the language line "Xác Nhận"
ERROR - 2020-06-08 18:01:12 --> Could not find the language line "Đóng"
ERROR - 2020-06-08 18:01:12 --> Could not find the language line "Xác Nhận"
ERROR - 2020-06-08 18:01:12 --> Could not find the language line "Đóng"
ERROR - 2020-06-08 18:01:12 --> Could not find the language line "Tải"
ERROR - 2020-06-08 18:02:43 --> Could not find the language line "Tạo Điểm Lấy Hàng"
ERROR - 2020-06-08 18:02:43 --> Could not find the language line "Tạo Đơn Hàng"
ERROR - 2020-06-08 18:02:43 --> Could not find the language line "Tải Excel"
ERROR - 2020-06-08 18:02:43 --> Could not find the language line "Đóng"
ERROR - 2020-06-08 18:02:43 --> Could not find the language line "Xác Nhận"
ERROR - 2020-06-08 18:02:43 --> Severity: Warning --> Invalid argument supplied for foreach() /home/admin/domains/spshd.com/public_html/khachhang/application/views/app.php 162
ERROR - 2020-06-08 18:02:43 --> Severity: Warning --> Invalid argument supplied for foreach() /home/admin/domains/spshd.com/public_html/khachhang/application/views/app.php 173
ERROR - 2020-06-08 18:02:43 --> Could not find the language line "Đóng"
ERROR - 2020-06-08 18:02:43 --> Could not find the language line "Xác Nhận"
ERROR - 2020-06-08 18:02:43 --> Could not find the language line "Đóng"
ERROR - 2020-06-08 18:02:43 --> Could not find the language line "Xác Nhận"
ERROR - 2020-06-08 18:02:43 --> Could not find the language line "Đóng"
ERROR - 2020-06-08 18:02:43 --> Could not find the language line "Tải"
ERROR - 2020-06-08 12:10:40 --> Could not find the language line "Email"
ERROR - 2020-06-08 12:10:40 --> Could not find the language line "password"
ERROR - 2020-06-08 18:39:30 --> Could not find the language line "Tạo Điểm Lấy Hàng"
ERROR - 2020-06-08 18:39:30 --> Could not find the language line "Tạo Đơn Hàng"
ERROR - 2020-06-08 18:39:30 --> Could not find the language line "Tải Excel"
ERROR - 2020-06-08 18:39:30 --> Could not find the language line "Đóng"
ERROR - 2020-06-08 18:39:30 --> Could not find the language line "Xác Nhận"
ERROR - 2020-06-08 18:39:30 --> Severity: Warning --> Invalid argument supplied for foreach() /home/admin/domains/spshd.com/public_html/khachhang/application/views/app.php 162
ERROR - 2020-06-08 18:39:30 --> Severity: Warning --> Invalid argument supplied for foreach() /home/admin/domains/spshd.com/public_html/khachhang/application/views/app.php 173
ERROR - 2020-06-08 18:39:30 --> Could not find the language line "Đóng"
ERROR - 2020-06-08 18:39:30 --> Could not find the language line "Xác Nhận"
ERROR - 2020-06-08 18:39:30 --> Could not find the language line "Đóng"
ERROR - 2020-06-08 18:39:30 --> Could not find the language line "Xác Nhận"
ERROR - 2020-06-08 18:39:30 --> Could not find the language line "Đóng"
ERROR - 2020-06-08 18:39:30 --> Could not find the language line "Tải"
ERROR - 2020-06-08 19:23:25 --> Could not find the language line "Tạo Điểm Lấy Hàng"
ERROR - 2020-06-08 19:23:25 --> Could not find the language line "Tạo Đơn Hàng"
ERROR - 2020-06-08 19:23:25 --> Could not find the language line "Tải Excel"
ERROR - 2020-06-08 19:23:25 --> Could not find the language line "Đóng"
ERROR - 2020-06-08 19:23:25 --> Could not find the language line "Xác Nhận"
ERROR - 2020-06-08 19:23:25 --> Severity: Warning --> Invalid argument supplied for foreach() /home/admin/domains/spshd.com/public_html/khachhang/application/views/app.php 162
ERROR - 2020-06-08 19:23:25 --> Severity: Warning --> Invalid argument supplied for foreach() /home/admin/domains/spshd.com/public_html/khachhang/application/views/app.php 173
ERROR - 2020-06-08 19:23:25 --> Could not find the language line "Đóng"
ERROR - 2020-06-08 19:23:25 --> Could not find the language line "Xác Nhận"
ERROR - 2020-06-08 19:23:25 --> Could not find the language line "Đóng"
ERROR - 2020-06-08 19:23:25 --> Could not find the language line "Xác Nhận"
ERROR - 2020-06-08 19:23:25 --> Could not find the language line "Đóng"
ERROR - 2020-06-08 19:23:25 --> Could not find the language line "Tải"
ERROR - 2020-06-08 19:26:05 --> Could not find the language line "Tạo Điểm Lấy Hàng"
ERROR - 2020-06-08 19:26:05 --> Could not find the language line "Tạo Đơn Hàng"
ERROR - 2020-06-08 19:26:05 --> Could not find the language line "Tải Excel"
ERROR - 2020-06-08 19:26:05 --> Could not find the language line "Đóng"
ERROR - 2020-06-08 19:26:05 --> Could not find the language line "Xác Nhận"
ERROR - 2020-06-08 19:26:05 --> Severity: Warning --> Invalid argument supplied for foreach() /home/admin/domains/spshd.com/public_html/khachhang/application/views/app.php 162
ERROR - 2020-06-08 19:26:05 --> Severity: Warning --> Invalid argument supplied for foreach() /home/admin/domains/spshd.com/public_html/khachhang/application/views/app.php 173
ERROR - 2020-06-08 19:26:05 --> Could not find the language line "Đóng"
ERROR - 2020-06-08 19:26:05 --> Could not find the language line "Xác Nhận"
ERROR - 2020-06-08 19:26:05 --> Could not find the language line "Đóng"
ERROR - 2020-06-08 19:26:05 --> Could not find the language line "Xác Nhận"
ERROR - 2020-06-08 19:26:05 --> Could not find the language line "Đóng"
ERROR - 2020-06-08 19:26:05 --> Could not find the language line "Tải"
ERROR - 2020-06-08 13:46:55 --> Could not find the language line "Email"
ERROR - 2020-06-08 13:46:55 --> Could not find the language line "password"
ERROR - 2020-06-08 13:51:52 --> Could not find the language line "Email"
ERROR - 2020-06-08 13:51:52 --> Could not find the language line "password"
ERROR - 2020-06-08 22:15:28 --> Could not find the language line "Tạo Điểm Lấy Hàng"
ERROR - 2020-06-08 22:15:28 --> Could not find the language line "Tạo Đơn Hàng"
ERROR - 2020-06-08 22:15:28 --> Could not find the language line "Tải Excel"
ERROR - 2020-06-08 22:15:28 --> Could not find the language line "Đóng"
ERROR - 2020-06-08 22:15:28 --> Could not find the language line "Xác Nhận"
ERROR - 2020-06-08 22:15:28 --> Severity: Warning --> Invalid argument supplied for foreach() /home/admin/domains/spshd.com/public_html/khachhang/application/views/app.php 162
ERROR - 2020-06-08 22:15:28 --> Severity: Warning --> Invalid argument supplied for foreach() /home/admin/domains/spshd.com/public_html/khachhang/application/views/app.php 173
ERROR - 2020-06-08 22:15:28 --> Could not find the language line "Đóng"
ERROR - 2020-06-08 22:15:28 --> Could not find the language line "Xác Nhận"
ERROR - 2020-06-08 22:15:28 --> Could not find the language line "Đóng"
ERROR - 2020-06-08 22:15:28 --> Could not find the language line "Xác Nhận"
ERROR - 2020-06-08 22:15:28 --> Could not find the language line "Đóng"
ERROR - 2020-06-08 22:15:28 --> Could not find the language line "Tải"
ERROR - 2020-06-08 16:59:44 --> Could not find the language line "Email"
ERROR - 2020-06-08 16:59:44 --> Could not find the language line "password"
ERROR - 2020-06-08 17:04:43 --> Could not find the language line "Email"
ERROR - 2020-06-08 17:04:43 --> Could not find the language line "password"
ERROR - 2020-06-08 23:16:08 --> Could not find the language line "Tạo Điểm Lấy Hàng"
ERROR - 2020-06-08 23:16:08 --> Could not find the language line "Tạo Đơn Hàng"
ERROR - 2020-06-08 23:16:08 --> Could not find the language line "Tải Excel"
ERROR - 2020-06-08 23:16:08 --> Could not find the language line "Đóng"
ERROR - 2020-06-08 23:16:08 --> Could not find the language line "Xác Nhận"
ERROR - 2020-06-08 23:16:08 --> Severity: Warning --> Invalid argument supplied for foreach() /home/admin/domains/spshd.com/public_html/khachhang/application/views/app.php 162
ERROR - 2020-06-08 23:16:08 --> Severity: Warning --> Invalid argument supplied for foreach() /home/admin/domains/spshd.com/public_html/khachhang/application/views/app.php 173
ERROR - 2020-06-08 23:16:08 --> Could not find the language line "Đóng"
ERROR - 2020-06-08 23:16:08 --> Could not find the language line "Xác Nhận"
ERROR - 2020-06-08 23:16:08 --> Could not find the language line "Đóng"
ERROR - 2020-06-08 23:16:08 --> Could not find the language line "Xác Nhận"
ERROR - 2020-06-08 23:16:08 --> Could not find the language line "Đóng"
ERROR - 2020-06-08 23:16:08 --> Could not find the language line "Tải"
ERROR - 2020-06-08 23:19:44 --> Could not find the language line "Tạo Điểm Lấy Hàng"
ERROR - 2020-06-08 23:19:44 --> Could not find the language line "Tạo Đơn Hàng"
ERROR - 2020-06-08 23:19:44 --> Could not find the language line "Tải Excel"
ERROR - 2020-06-08 23:19:44 --> Could not find the language line "Đóng"
ERROR - 2020-06-08 23:19:44 --> Could not find the language line "Xác Nhận"
ERROR - 2020-06-08 23:19:44 --> Severity: Warning --> Invalid argument supplied for foreach() /home/admin/domains/spshd.com/public_html/khachhang/application/views/app.php 162
ERROR - 2020-06-08 23:19:44 --> Severity: Warning --> Invalid argument supplied for foreach() /home/admin/domains/spshd.com/public_html/khachhang/application/views/app.php 173
ERROR - 2020-06-08 23:19:44 --> Could not find the language line "Đóng"
ERROR - 2020-06-08 23:19:44 --> Could not find the language line "Xác Nhận"
ERROR - 2020-06-08 23:19:44 --> Could not find the language line "Đóng"
ERROR - 2020-06-08 23:19:44 --> Could not find the language line "Xác Nhận"
ERROR - 2020-06-08 23:19:44 --> Could not find the language line "Đóng"
ERROR - 2020-06-08 23:19:44 --> Could not find the language line "Tải"
ERROR - 2020-06-08 23:30:55 --> Could not find the language line "Tạo Điểm Lấy Hàng"
ERROR - 2020-06-08 23:30:55 --> Could not find the language line "Tạo Đơn Hàng"
ERROR - 2020-06-08 23:30:55 --> Could not find the language line "Tải Excel"
ERROR - 2020-06-08 23:30:55 --> Could not find the language line "Đóng"
ERROR - 2020-06-08 23:30:55 --> Could not find the language line "Xác Nhận"
ERROR - 2020-06-08 23:30:55 --> Severity: Warning --> Invalid argument supplied for foreach() /home/admin/domains/spshd.com/public_html/khachhang/application/views/app.php 162
ERROR - 2020-06-08 23:30:55 --> Severity: Warning --> Invalid argument supplied for foreach() /home/admin/domains/spshd.com/public_html/khachhang/application/views/app.php 173
ERROR - 2020-06-08 23:30:55 --> Could not find the language line "Đóng"
ERROR - 2020-06-08 23:30:55 --> Could not find the language line "Xác Nhận"
ERROR - 2020-06-08 23:30:55 --> Could not find the language line "Đóng"
ERROR - 2020-06-08 23:30:55 --> Could not find the language line "Xác Nhận"
ERROR - 2020-06-08 23:30:55 --> Could not find the language line "Đóng"
ERROR - 2020-06-08 23:30:55 --> Could not find the language line "Tải"
ERROR - 2020-06-08 23:40:31 --> Could not find the language line "Tạo Điểm Lấy Hàng"
ERROR - 2020-06-08 23:40:31 --> Could not find the language line "Tạo Đơn Hàng"
ERROR - 2020-06-08 23:40:31 --> Could not find the language line "Tải Excel"
ERROR - 2020-06-08 23:40:31 --> Could not find the language line "Đóng"
ERROR - 2020-06-08 23:40:31 --> Could not find the language line "Xác Nhận"
ERROR - 2020-06-08 23:40:31 --> Severity: Warning --> Invalid argument supplied for foreach() /home/admin/domains/spshd.com/public_html/khachhang/application/views/app.php 162
ERROR - 2020-06-08 23:40:31 --> Severity: Warning --> Invalid argument supplied for foreach() /home/admin/domains/spshd.com/public_html/khachhang/application/views/app.php 173
ERROR - 2020-06-08 23:40:31 --> Could not find the language line "Đóng"
ERROR - 2020-06-08 23:40:31 --> Could not find the language line "Xác Nhận"
ERROR - 2020-06-08 23:40:31 --> Could not find the language line "Đóng"
ERROR - 2020-06-08 23:40:31 --> Could not find the language line "Xác Nhận"
ERROR - 2020-06-08 23:40:31 --> Could not find the language line "Đóng"
ERROR - 2020-06-08 23:40:31 --> Could not find the language line "Tải"
ERROR - 2020-06-08 23:40:42 --> Could not find the language line "Tạo Điểm Lấy Hàng"
ERROR - 2020-06-08 23:40:42 --> Could not find the language line "Tạo Đơn Hàng"
ERROR - 2020-06-08 23:40:42 --> Could not find the language line "Tải Excel"
ERROR - 2020-06-08 23:40:42 --> Could not find the language line "Đóng"
ERROR - 2020-06-08 23:40:42 --> Could not find the language line "Xác Nhận"
ERROR - 2020-06-08 23:40:42 --> Severity: Warning --> Invalid argument supplied for foreach() /home/admin/domains/spshd.com/public_html/khachhang/application/views/app.php 162
ERROR - 2020-06-08 23:40:42 --> Severity: Warning --> Invalid argument supplied for foreach() /home/admin/domains/spshd.com/public_html/khachhang/application/views/app.php 173
ERROR - 2020-06-08 23:40:42 --> Could not find the language line "Đóng"
ERROR - 2020-06-08 23:40:42 --> Could not find the language line "Xác Nhận"
ERROR - 2020-06-08 23:40:42 --> Could not find the language line "Đóng"
ERROR - 2020-06-08 23:40:42 --> Could not find the language line "Xác Nhận"
ERROR - 2020-06-08 23:40:42 --> Could not find the language line "Đóng"
ERROR - 2020-06-08 23:40:42 --> Could not find the language line "Tải"
