ERROR - 2019-11-14 02:15:10 --> Could not find the language line "Tạo Điểm Lấy Hàng"
ERROR - 2019-11-14 02:15:10 --> Could not find the language line "Tạo Đơn Hàng"
ERROR - 2019-11-14 02:15:10 --> Severity: Warning --> Invalid argument supplied for foreach() /home/admin/domains/spshd.com/public_html/khachhang/application/views/tab4.php 394
ERROR - 2019-11-14 02:15:10 --> Could not find the language line "Đóng"
ERROR - 2019-11-14 02:15:10 --> Could not find the language line "Xác Nhận"
ERROR - 2019-11-14 02:15:10 --> Severity: Warning --> Invalid argument supplied for foreach() /home/admin/domains/spshd.com/public_html/khachhang/application/views/app.php 157
ERROR - 2019-11-14 02:15:10 --> Severity: Warning --> Invalid argument supplied for foreach() /home/admin/domains/spshd.com/public_html/khachhang/application/views/app.php 168
ERROR - 2019-11-14 02:15:10 --> Could not find the language line "Đóng"
ERROR - 2019-11-14 02:15:10 --> Could not find the language line "Xác Nhận"
ERROR - 2019-11-14 02:15:10 --> Could not find the language line "Đóng"
ERROR - 2019-11-14 02:15:10 --> Could not find the language line "Xác Nhận"
ERROR - 2019-11-14 02:30:03 --> Could not find the language line "Tạo Điểm Lấy Hàng"
ERROR - 2019-11-14 02:30:03 --> Could not find the language line "Tạo Đơn Hàng"
ERROR - 2019-11-14 02:30:03 --> Severity: Warning --> Invalid argument supplied for foreach() /home/admin/domains/spshd.com/public_html/khachhang/application/views/tab4.php 394
ERROR - 2019-11-14 02:30:03 --> Could not find the language line "Đóng"
ERROR - 2019-11-14 02:30:03 --> Could not find the language line "Xác Nhận"
ERROR - 2019-11-14 02:30:03 --> Severity: Warning --> Invalid argument supplied for foreach() /home/admin/domains/spshd.com/public_html/khachhang/application/views/app.php 157
ERROR - 2019-11-14 02:30:03 --> Severity: Warning --> Invalid argument supplied for foreach() /home/admin/domains/spshd.com/public_html/khachhang/application/views/app.php 168
ERROR - 2019-11-14 02:30:03 --> Could not find the language line "Đóng"
ERROR - 2019-11-14 02:30:03 --> Could not find the language line "Xác Nhận"
ERROR - 2019-11-14 02:30:03 --> Could not find the language line "Đóng"
ERROR - 2019-11-14 02:30:03 --> Could not find the language line "Xác Nhận"
ERROR - 2019-11-14 03:44:44 --> Could not find the language line "Tạo Điểm Lấy Hàng"
ERROR - 2019-11-14 03:44:44 --> Could not find the language line "Tạo Đơn Hàng"
ERROR - 2019-11-14 03:44:44 --> Severity: Warning --> Invalid argument supplied for foreach() /home/admin/domains/spshd.com/public_html/khachhang/application/views/tab4.php 394
ERROR - 2019-11-14 03:44:44 --> Could not find the language line "Đóng"
ERROR - 2019-11-14 03:44:44 --> Could not find the language line "Xác Nhận"
ERROR - 2019-11-14 03:44:44 --> Severity: Warning --> Invalid argument supplied for foreach() /home/admin/domains/spshd.com/public_html/khachhang/application/views/app.php 157
ERROR - 2019-11-14 03:44:44 --> Severity: Warning --> Invalid argument supplied for foreach() /home/admin/domains/spshd.com/public_html/khachhang/application/views/app.php 168
ERROR - 2019-11-14 03:44:44 --> Could not find the language line "Đóng"
ERROR - 2019-11-14 03:44:44 --> Could not find the language line "Xác Nhận"
ERROR - 2019-11-14 03:44:44 --> Could not find the language line "Đóng"
ERROR - 2019-11-14 03:44:44 --> Could not find the language line "Xác Nhận"
ERROR - 2019-11-14 04:53:07 --> Could not find the language line "Email"
ERROR - 2019-11-14 04:53:07 --> Could not find the language line "password"
ERROR - 2019-11-14 04:53:07 --> Could not find the language line "Email"
ERROR - 2019-11-14 04:53:07 --> Could not find the language line "password"
ERROR - 2019-11-14 04:53:29 --> Could not find the language line "Tạo Điểm Lấy Hàng"
ERROR - 2019-11-14 04:53:29 --> Could not find the language line "Tạo Đơn Hàng"
ERROR - 2019-11-14 04:53:29 --> Severity: Warning --> Invalid argument supplied for foreach() /home/admin/domains/spshd.com/public_html/khachhang/application/views/tab4.php 394
ERROR - 2019-11-14 04:53:29 --> Could not find the language line "Đóng"
ERROR - 2019-11-14 04:53:29 --> Could not find the language line "Xác Nhận"
ERROR - 2019-11-14 04:53:29 --> Severity: Warning --> Invalid argument supplied for foreach() /home/admin/domains/spshd.com/public_html/khachhang/application/views/app.php 157
ERROR - 2019-11-14 04:53:29 --> Severity: Warning --> Invalid argument supplied for foreach() /home/admin/domains/spshd.com/public_html/khachhang/application/views/app.php 168
ERROR - 2019-11-14 04:53:29 --> Could not find the language line "Đóng"
ERROR - 2019-11-14 04:53:29 --> Could not find the language line "Xác Nhận"
ERROR - 2019-11-14 04:53:29 --> Could not find the language line "Đóng"
ERROR - 2019-11-14 04:53:29 --> Could not find the language line "Xác Nhận"
ERROR - 2019-11-14 04:54:16 --> Could not find the language line "Tạo Điểm Lấy Hàng"
ERROR - 2019-11-14 04:54:16 --> Could not find the language line "Tạo Đơn Hàng"
ERROR - 2019-11-14 04:54:16 --> Severity: Warning --> Invalid argument supplied for foreach() /home/admin/domains/spshd.com/public_html/khachhang/application/views/tab4.php 394
ERROR - 2019-11-14 04:54:16 --> Could not find the language line "Đóng"
ERROR - 2019-11-14 04:54:16 --> Could not find the language line "Xác Nhận"
ERROR - 2019-11-14 04:54:16 --> Severity: Warning --> Invalid argument supplied for foreach() /home/admin/domains/spshd.com/public_html/khachhang/application/views/app.php 157
ERROR - 2019-11-14 04:54:16 --> Severity: Warning --> Invalid argument supplied for foreach() /home/admin/domains/spshd.com/public_html/khachhang/application/views/app.php 168
ERROR - 2019-11-14 04:54:16 --> Could not find the language line "Đóng"
ERROR - 2019-11-14 04:54:16 --> Could not find the language line "Xác Nhận"
ERROR - 2019-11-14 04:54:16 --> Could not find the language line "Đóng"
ERROR - 2019-11-14 04:54:16 --> Could not find the language line "Xác Nhận"
ERROR - 2019-11-14 04:57:04 --> Could not find the language line "Tạo Điểm Lấy Hàng"
ERROR - 2019-11-14 04:57:04 --> Could not find the language line "Tạo Đơn Hàng"
ERROR - 2019-11-14 04:57:04 --> Severity: Warning --> Invalid argument supplied for foreach() /home/admin/domains/spshd.com/public_html/khachhang/application/views/tab4.php 394
ERROR - 2019-11-14 04:57:04 --> Could not find the language line "Đóng"
ERROR - 2019-11-14 04:57:04 --> Could not find the language line "Xác Nhận"
ERROR - 2019-11-14 04:57:04 --> Severity: Warning --> Invalid argument supplied for foreach() /home/admin/domains/spshd.com/public_html/khachhang/application/views/app.php 157
ERROR - 2019-11-14 04:57:04 --> Severity: Warning --> Invalid argument supplied for foreach() /home/admin/domains/spshd.com/public_html/khachhang/application/views/app.php 168
ERROR - 2019-11-14 04:57:04 --> Could not find the language line "Đóng"
ERROR - 2019-11-14 04:57:04 --> Could not find the language line "Xác Nhận"
ERROR - 2019-11-14 04:57:04 --> Could not find the language line "Đóng"
ERROR - 2019-11-14 04:57:04 --> Could not find the language line "Xác Nhận"
ERROR - 2019-11-14 04:57:09 --> Could not find the language line "Tạo Điểm Lấy Hàng"
ERROR - 2019-11-14 04:57:09 --> Could not find the language line "Tạo Đơn Hàng"
ERROR - 2019-11-14 04:57:09 --> Severity: Warning --> Invalid argument supplied for foreach() /home/admin/domains/spshd.com/public_html/khachhang/application/views/tab4.php 394
ERROR - 2019-11-14 04:57:09 --> Could not find the language line "Đóng"
ERROR - 2019-11-14 04:57:09 --> Could not find the language line "Xác Nhận"
ERROR - 2019-11-14 04:57:09 --> Severity: Warning --> Invalid argument supplied for foreach() /home/admin/domains/spshd.com/public_html/khachhang/application/views/app.php 157
ERROR - 2019-11-14 04:57:09 --> Severity: Warning --> Invalid argument supplied for foreach() /home/admin/domains/spshd.com/public_html/khachhang/application/views/app.php 168
ERROR - 2019-11-14 04:57:09 --> Could not find the language line "Đóng"
ERROR - 2019-11-14 04:57:09 --> Could not find the language line "Xác Nhận"
ERROR - 2019-11-14 04:57:09 --> Could not find the language line "Đóng"
ERROR - 2019-11-14 04:57:09 --> Could not find the language line "Xác Nhận"
ERROR - 2019-11-14 04:57:17 --> Could not find the language line "Email"
ERROR - 2019-11-14 04:57:17 --> Could not find the language line "password"
ERROR - 2019-11-14 05:00:00 --> Could not find the language line "Email"
ERROR - 2019-11-14 05:00:00 --> Could not find the language line "password"
ERROR - 2019-11-14 06:27:52 --> Could not find the language line "Tạo Điểm Lấy Hàng"
ERROR - 2019-11-14 06:27:52 --> Could not find the language line "Tạo Đơn Hàng"
ERROR - 2019-11-14 06:27:52 --> Severity: Warning --> Invalid argument supplied for foreach() /home/admin/domains/spshd.com/public_html/khachhang/application/views/tab4.php 394
ERROR - 2019-11-14 06:27:52 --> Could not find the language line "Đóng"
ERROR - 2019-11-14 06:27:52 --> Could not find the language line "Xác Nhận"
ERROR - 2019-11-14 06:27:52 --> Severity: Warning --> Invalid argument supplied for foreach() /home/admin/domains/spshd.com/public_html/khachhang/application/views/app.php 157
ERROR - 2019-11-14 06:27:52 --> Severity: Warning --> Invalid argument supplied for foreach() /home/admin/domains/spshd.com/public_html/khachhang/application/views/app.php 168
ERROR - 2019-11-14 06:27:52 --> Could not find the language line "Đóng"
ERROR - 2019-11-14 06:27:52 --> Could not find the language line "Xác Nhận"
ERROR - 2019-11-14 06:27:52 --> Could not find the language line "Đóng"
ERROR - 2019-11-14 06:27:52 --> Could not find the language line "Xác Nhận"
ERROR - 2019-11-14 06:49:07 --> Could not find the language line "Tạo Điểm Lấy Hàng"
ERROR - 2019-11-14 06:49:07 --> Could not find the language line "Tạo Đơn Hàng"
ERROR - 2019-11-14 06:49:07 --> Severity: Warning --> Invalid argument supplied for foreach() /home/admin/domains/spshd.com/public_html/khachhang/application/views/tab4.php 394
ERROR - 2019-11-14 06:49:07 --> Could not find the language line "Đóng"
ERROR - 2019-11-14 06:49:07 --> Could not find the language line "Xác Nhận"
ERROR - 2019-11-14 06:49:07 --> Severity: Warning --> Invalid argument supplied for foreach() /home/admin/domains/spshd.com/public_html/khachhang/application/views/app.php 157
ERROR - 2019-11-14 06:49:07 --> Severity: Warning --> Invalid argument supplied for foreach() /home/admin/domains/spshd.com/public_html/khachhang/application/views/app.php 168
ERROR - 2019-11-14 06:49:07 --> Could not find the language line "Đóng"
ERROR - 2019-11-14 06:49:07 --> Could not find the language line "Xác Nhận"
ERROR - 2019-11-14 06:49:07 --> Could not find the language line "Đóng"
ERROR - 2019-11-14 06:49:07 --> Could not find the language line "Xác Nhận"
ERROR - 2019-11-14 06:49:08 --> Could not find the language line "Tạo Điểm Lấy Hàng"
ERROR - 2019-11-14 06:49:08 --> Could not find the language line "Tạo Đơn Hàng"
ERROR - 2019-11-14 06:49:08 --> Severity: Warning --> Invalid argument supplied for foreach() /home/admin/domains/spshd.com/public_html/khachhang/application/views/tab4.php 394
ERROR - 2019-11-14 06:49:08 --> Could not find the language line "Đóng"
ERROR - 2019-11-14 06:49:08 --> Could not find the language line "Xác Nhận"
ERROR - 2019-11-14 06:49:08 --> Severity: Warning --> Invalid argument supplied for foreach() /home/admin/domains/spshd.com/public_html/khachhang/application/views/app.php 157
ERROR - 2019-11-14 06:49:08 --> Severity: Warning --> Invalid argument supplied for foreach() /home/admin/domains/spshd.com/public_html/khachhang/application/views/app.php 168
ERROR - 2019-11-14 06:49:08 --> Could not find the language line "Đóng"
ERROR - 2019-11-14 06:49:08 --> Could not find the language line "Xác Nhận"
ERROR - 2019-11-14 06:49:08 --> Could not find the language line "Đóng"
ERROR - 2019-11-14 06:49:08 --> Could not find the language line "Xác Nhận"
ERROR - 2019-11-14 11:09:52 --> Could not find the language line "Tạo Điểm Lấy Hàng"
ERROR - 2019-11-14 11:09:52 --> Could not find the language line "Tạo Đơn Hàng"
ERROR - 2019-11-14 11:09:52 --> Severity: Warning --> Invalid argument supplied for foreach() /home/admin/domains/spshd.com/public_html/khachhang/application/views/tab4.php 394
ERROR - 2019-11-14 11:09:52 --> Could not find the language line "Đóng"
ERROR - 2019-11-14 11:09:52 --> Could not find the language line "Xác Nhận"
ERROR - 2019-11-14 11:09:52 --> Severity: Warning --> Invalid argument supplied for foreach() /home/admin/domains/spshd.com/public_html/khachhang/application/views/app.php 157
ERROR - 2019-11-14 11:09:52 --> Severity: Warning --> Invalid argument supplied for foreach() /home/admin/domains/spshd.com/public_html/khachhang/application/views/app.php 168
ERROR - 2019-11-14 11:09:52 --> Could not find the language line "Đóng"
ERROR - 2019-11-14 11:09:52 --> Could not find the language line "Xác Nhận"
ERROR - 2019-11-14 11:09:52 --> Could not find the language line "Đóng"
ERROR - 2019-11-14 11:09:52 --> Could not find the language line "Xác Nhận"
ERROR - 2019-11-14 13:28:52 --> Could not find the language line "Tạo Điểm Lấy Hàng"
ERROR - 2019-11-14 13:28:52 --> Could not find the language line "Tạo Đơn Hàng"
ERROR - 2019-11-14 13:28:52 --> Severity: Warning --> Invalid argument supplied for foreach() /home/admin/domains/spshd.com/public_html/khachhang/application/views/tab4.php 394
ERROR - 2019-11-14 13:28:52 --> Could not find the language line "Đóng"
ERROR - 2019-11-14 13:28:52 --> Could not find the language line "Xác Nhận"
ERROR - 2019-11-14 13:28:52 --> Severity: Warning --> Invalid argument supplied for foreach() /home/admin/domains/spshd.com/public_html/khachhang/application/views/app.php 157
ERROR - 2019-11-14 13:28:52 --> Severity: Warning --> Invalid argument supplied for foreach() /home/admin/domains/spshd.com/public_html/khachhang/application/views/app.php 168
ERROR - 2019-11-14 13:28:52 --> Could not find the language line "Đóng"
ERROR - 2019-11-14 13:28:52 --> Could not find the language line "Xác Nhận"
ERROR - 2019-11-14 13:28:52 --> Could not find the language line "Đóng"
ERROR - 2019-11-14 13:28:52 --> Could not find the language line "Xác Nhận"
ERROR - 2019-11-14 16:08:40 --> Could not find the language line "Tạo Điểm Lấy Hàng"
ERROR - 2019-11-14 16:08:40 --> Could not find the language line "Tạo Đơn Hàng"
ERROR - 2019-11-14 16:08:40 --> Severity: Warning --> Invalid argument supplied for foreach() /home/admin/domains/spshd.com/public_html/khachhang/application/views/tab4.php 394
ERROR - 2019-11-14 16:08:40 --> Could not find the language line "Đóng"
ERROR - 2019-11-14 16:08:40 --> Could not find the language line "Xác Nhận"
ERROR - 2019-11-14 16:08:40 --> Severity: Warning --> Invalid argument supplied for foreach() /home/admin/domains/spshd.com/public_html/khachhang/application/views/app.php 157
ERROR - 2019-11-14 16:08:40 --> Severity: Warning --> Invalid argument supplied for foreach() /home/admin/domains/spshd.com/public_html/khachhang/application/views/app.php 168
ERROR - 2019-11-14 16:08:40 --> Could not find the language line "Đóng"
ERROR - 2019-11-14 16:08:40 --> Could not find the language line "Xác Nhận"
ERROR - 2019-11-14 16:08:40 --> Could not find the language line "Đóng"
ERROR - 2019-11-14 16:08:40 --> Could not find the language line "Xác Nhận"
ERROR - 2019-11-14 16:34:27 --> Could not find the language line "Tạo Điểm Lấy Hàng"
ERROR - 2019-11-14 16:34:27 --> Could not find the language line "Tạo Đơn Hàng"
ERROR - 2019-11-14 16:34:27 --> Severity: Warning --> Invalid argument supplied for foreach() /home/admin/domains/spshd.com/public_html/khachhang/application/views/tab4.php 394
ERROR - 2019-11-14 16:34:27 --> Could not find the language line "Đóng"
ERROR - 2019-11-14 16:34:27 --> Could not find the language line "Xác Nhận"
ERROR - 2019-11-14 16:34:27 --> Severity: Warning --> Invalid argument supplied for foreach() /home/admin/domains/spshd.com/public_html/khachhang/application/views/app.php 157
ERROR - 2019-11-14 16:34:27 --> Severity: Warning --> Invalid argument supplied for foreach() /home/admin/domains/spshd.com/public_html/khachhang/application/views/app.php 168
ERROR - 2019-11-14 16:34:27 --> Could not find the language line "Đóng"
ERROR - 2019-11-14 16:34:27 --> Could not find the language line "Xác Nhận"
ERROR - 2019-11-14 16:34:27 --> Could not find the language line "Đóng"
ERROR - 2019-11-14 16:34:27 --> Could not find the language line "Xác Nhận"
