ERROR - 2019-11-23 02:06:09 --> Could not find the language line "Tạo Điểm Lấy Hàng"
ERROR - 2019-11-23 02:06:09 --> Could not find the language line "Tạo Đơn Hàng"
ERROR - 2019-11-23 02:06:09 --> Severity: Warning --> Invalid argument supplied for foreach() /home/admin/domains/spshd.com/public_html/khachhang/application/views/tab4.php 394
ERROR - 2019-11-23 02:06:09 --> Could not find the language line "Đóng"
ERROR - 2019-11-23 02:06:09 --> Could not find the language line "Xác Nhận"
ERROR - 2019-11-23 02:06:09 --> Severity: Warning --> Invalid argument supplied for foreach() /home/admin/domains/spshd.com/public_html/khachhang/application/views/app.php 157
ERROR - 2019-11-23 02:06:09 --> Severity: Warning --> Invalid argument supplied for foreach() /home/admin/domains/spshd.com/public_html/khachhang/application/views/app.php 168
ERROR - 2019-11-23 02:06:09 --> Could not find the language line "Đóng"
ERROR - 2019-11-23 02:06:09 --> Could not find the language line "Xác Nhận"
ERROR - 2019-11-23 02:06:09 --> Could not find the language line "Đóng"
ERROR - 2019-11-23 02:06:09 --> Could not find the language line "Xác Nhận"
ERROR - 2019-11-23 03:38:50 --> Could not find the language line "Email"
ERROR - 2019-11-23 03:38:50 --> Could not find the language line "password"
ERROR - 2019-11-23 03:41:45 --> Could not find the language line "Tạo Điểm Lấy Hàng"
ERROR - 2019-11-23 03:41:45 --> Could not find the language line "Tạo Đơn Hàng"
ERROR - 2019-11-23 03:41:45 --> Severity: Warning --> Invalid argument supplied for foreach() /home/admin/domains/spshd.com/public_html/khachhang/application/views/tab4.php 394
ERROR - 2019-11-23 03:41:45 --> Could not find the language line "Đóng"
ERROR - 2019-11-23 03:41:45 --> Could not find the language line "Xác Nhận"
ERROR - 2019-11-23 03:41:45 --> Severity: Warning --> Invalid argument supplied for foreach() /home/admin/domains/spshd.com/public_html/khachhang/application/views/app.php 157
ERROR - 2019-11-23 03:41:45 --> Severity: Warning --> Invalid argument supplied for foreach() /home/admin/domains/spshd.com/public_html/khachhang/application/views/app.php 168
ERROR - 2019-11-23 03:41:45 --> Could not find the language line "Đóng"
ERROR - 2019-11-23 03:41:45 --> Could not find the language line "Xác Nhận"
ERROR - 2019-11-23 03:41:45 --> Could not find the language line "Đóng"
ERROR - 2019-11-23 03:41:45 --> Could not find the language line "Xác Nhận"
ERROR - 2019-11-23 04:17:46 --> Could not find the language line "Tạo Điểm Lấy Hàng"
ERROR - 2019-11-23 04:17:46 --> Could not find the language line "Tạo Đơn Hàng"
ERROR - 2019-11-23 04:17:46 --> Severity: Warning --> Invalid argument supplied for foreach() /home/admin/domains/spshd.com/public_html/khachhang/application/views/tab4.php 394
ERROR - 2019-11-23 04:17:46 --> Could not find the language line "Đóng"
ERROR - 2019-11-23 04:17:46 --> Could not find the language line "Xác Nhận"
ERROR - 2019-11-23 04:17:46 --> Severity: Warning --> Invalid argument supplied for foreach() /home/admin/domains/spshd.com/public_html/khachhang/application/views/app.php 157
ERROR - 2019-11-23 04:17:46 --> Severity: Warning --> Invalid argument supplied for foreach() /home/admin/domains/spshd.com/public_html/khachhang/application/views/app.php 168
ERROR - 2019-11-23 04:17:46 --> Could not find the language line "Đóng"
ERROR - 2019-11-23 04:17:46 --> Could not find the language line "Xác Nhận"
ERROR - 2019-11-23 04:17:46 --> Could not find the language line "Đóng"
ERROR - 2019-11-23 04:17:46 --> Could not find the language line "Xác Nhận"
ERROR - 2019-11-23 04:17:54 --> Could not find the language line "Email"
ERROR - 2019-11-23 04:17:54 --> Could not find the language line "password"
ERROR - 2019-11-23 05:17:50 --> Could not find the language line "Email"
ERROR - 2019-11-23 05:17:50 --> Could not find the language line "password"
ERROR - 2019-11-23 05:18:04 --> Could not find the language line "Tạo Điểm Lấy Hàng"
ERROR - 2019-11-23 05:18:04 --> Could not find the language line "Tạo Đơn Hàng"
ERROR - 2019-11-23 05:18:04 --> Severity: Warning --> Invalid argument supplied for foreach() /home/admin/domains/spshd.com/public_html/khachhang/application/views/tab4.php 394
ERROR - 2019-11-23 05:18:04 --> Could not find the language line "Đóng"
ERROR - 2019-11-23 05:18:04 --> Could not find the language line "Xác Nhận"
ERROR - 2019-11-23 05:18:04 --> Severity: Warning --> Invalid argument supplied for foreach() /home/admin/domains/spshd.com/public_html/khachhang/application/views/app.php 157
ERROR - 2019-11-23 05:18:04 --> Severity: Warning --> Invalid argument supplied for foreach() /home/admin/domains/spshd.com/public_html/khachhang/application/views/app.php 168
ERROR - 2019-11-23 05:18:04 --> Could not find the language line "Đóng"
ERROR - 2019-11-23 05:18:04 --> Could not find the language line "Xác Nhận"
ERROR - 2019-11-23 05:18:04 --> Could not find the language line "Đóng"
ERROR - 2019-11-23 05:18:04 --> Could not find the language line "Xác Nhận"
ERROR - 2019-11-23 05:24:42 --> Could not find the language line "Email"
ERROR - 2019-11-23 05:24:42 --> Could not find the language line "password"
ERROR - 2019-11-23 05:50:59 --> Could not find the language line "Email"
ERROR - 2019-11-23 05:50:59 --> Could not find the language line "password"
ERROR - 2019-11-23 08:38:25 --> Could not find the language line "Email"
ERROR - 2019-11-23 08:38:25 --> Could not find the language line "password"
ERROR - 2019-11-23 10:26:11 --> Could not find the language line "Tạo Điểm Lấy Hàng"
ERROR - 2019-11-23 10:26:11 --> Could not find the language line "Tạo Đơn Hàng"
ERROR - 2019-11-23 10:26:11 --> Severity: Warning --> Invalid argument supplied for foreach() /home/admin/domains/spshd.com/public_html/khachhang/application/views/tab4.php 394
ERROR - 2019-11-23 10:26:11 --> Could not find the language line "Đóng"
ERROR - 2019-11-23 10:26:11 --> Could not find the language line "Xác Nhận"
ERROR - 2019-11-23 10:26:11 --> Severity: Warning --> Invalid argument supplied for foreach() /home/admin/domains/spshd.com/public_html/khachhang/application/views/app.php 157
ERROR - 2019-11-23 10:26:11 --> Severity: Warning --> Invalid argument supplied for foreach() /home/admin/domains/spshd.com/public_html/khachhang/application/views/app.php 168
ERROR - 2019-11-23 10:26:11 --> Could not find the language line "Đóng"
ERROR - 2019-11-23 10:26:11 --> Could not find the language line "Xác Nhận"
ERROR - 2019-11-23 10:26:11 --> Could not find the language line "Đóng"
ERROR - 2019-11-23 10:26:11 --> Could not find the language line "Xác Nhận"
ERROR - 2019-11-23 14:00:27 --> Could not find the language line "Tạo Điểm Lấy Hàng"
ERROR - 2019-11-23 14:00:27 --> Could not find the language line "Tạo Đơn Hàng"
ERROR - 2019-11-23 14:00:27 --> Severity: Warning --> Invalid argument supplied for foreach() /home/admin/domains/spshd.com/public_html/khachhang/application/views/tab4.php 394
ERROR - 2019-11-23 14:00:27 --> Could not find the language line "Đóng"
ERROR - 2019-11-23 14:00:27 --> Could not find the language line "Xác Nhận"
ERROR - 2019-11-23 14:00:27 --> Severity: Warning --> Invalid argument supplied for foreach() /home/admin/domains/spshd.com/public_html/khachhang/application/views/app.php 157
ERROR - 2019-11-23 14:00:27 --> Severity: Warning --> Invalid argument supplied for foreach() /home/admin/domains/spshd.com/public_html/khachhang/application/views/app.php 168
ERROR - 2019-11-23 14:00:27 --> Could not find the language line "Đóng"
ERROR - 2019-11-23 14:00:27 --> Could not find the language line "Xác Nhận"
ERROR - 2019-11-23 14:00:27 --> Could not find the language line "Đóng"
ERROR - 2019-11-23 14:00:27 --> Could not find the language line "Xác Nhận"
ERROR - 2019-11-23 16:45:12 --> Could not find the language line "Email"
ERROR - 2019-11-23 16:45:12 --> Could not find the language line "password"
ERROR - 2019-11-23 16:47:10 --> Could not find the language line "Email"
ERROR - 2019-11-23 16:47:10 --> Could not find the language line "password"
ERROR - 2019-11-23 16:47:33 --> Could not find the language line "Tạo Điểm Lấy Hàng"
ERROR - 2019-11-23 16:47:33 --> Could not find the language line "Tạo Đơn Hàng"
ERROR - 2019-11-23 16:47:33 --> Severity: Warning --> Invalid argument supplied for foreach() /home/admin/domains/spshd.com/public_html/khachhang/application/views/tab4.php 394
ERROR - 2019-11-23 16:47:33 --> Could not find the language line "Đóng"
ERROR - 2019-11-23 16:47:33 --> Could not find the language line "Xác Nhận"
ERROR - 2019-11-23 16:47:33 --> Severity: Warning --> Invalid argument supplied for foreach() /home/admin/domains/spshd.com/public_html/khachhang/application/views/app.php 157
ERROR - 2019-11-23 16:47:33 --> Severity: Warning --> Invalid argument supplied for foreach() /home/admin/domains/spshd.com/public_html/khachhang/application/views/app.php 168
ERROR - 2019-11-23 16:47:33 --> Could not find the language line "Đóng"
ERROR - 2019-11-23 16:47:33 --> Could not find the language line "Xác Nhận"
ERROR - 2019-11-23 16:47:33 --> Could not find the language line "Đóng"
ERROR - 2019-11-23 16:47:33 --> Could not find the language line "Xác Nhận"
ERROR - 2019-11-23 23:25:18 --> Could not find the language line "Email"
ERROR - 2019-11-23 23:25:18 --> Could not find the language line "password"
ERROR - 2019-11-23 23:25:54 --> Could not find the language line "Tạo Điểm Lấy Hàng"
ERROR - 2019-11-23 23:25:54 --> Could not find the language line "Tạo Đơn Hàng"
ERROR - 2019-11-23 23:25:54 --> Severity: Warning --> Invalid argument supplied for foreach() /home/admin/domains/spshd.com/public_html/khachhang/application/views/tab4.php 394
ERROR - 2019-11-23 23:25:54 --> Could not find the language line "Đóng"
ERROR - 2019-11-23 23:25:54 --> Could not find the language line "Xác Nhận"
ERROR - 2019-11-23 23:25:54 --> Severity: Warning --> Invalid argument supplied for foreach() /home/admin/domains/spshd.com/public_html/khachhang/application/views/app.php 157
ERROR - 2019-11-23 23:25:54 --> Severity: Warning --> Invalid argument supplied for foreach() /home/admin/domains/spshd.com/public_html/khachhang/application/views/app.php 168
ERROR - 2019-11-23 23:25:54 --> Could not find the language line "Đóng"
ERROR - 2019-11-23 23:25:54 --> Could not find the language line "Xác Nhận"
ERROR - 2019-11-23 23:25:54 --> Could not find the language line "Đóng"
ERROR - 2019-11-23 23:25:54 --> Could not find the language line "Xác Nhận"
