ERROR - 2020-04-28 07:39:44 --> Could not find the language line "Tạo Điểm Lấy Hàng"
ERROR - 2020-04-28 07:39:44 --> Could not find the language line "Tạo Đơn Hàng"
ERROR - 2020-04-28 07:39:44 --> Could not find the language line "Tải Excel"
ERROR - 2020-04-28 07:39:44 --> Could not find the language line "Đóng"
ERROR - 2020-04-28 07:39:44 --> Could not find the language line "Xác Nhận"
ERROR - 2020-04-28 07:39:44 --> Severity: Warning --> Invalid argument supplied for foreach() /home/admin/domains/spshd.com/public_html/khachhang/application/views/app.php 161
ERROR - 2020-04-28 07:39:44 --> Severity: Warning --> Invalid argument supplied for foreach() /home/admin/domains/spshd.com/public_html/khachhang/application/views/app.php 172
ERROR - 2020-04-28 07:39:44 --> Could not find the language line "Đóng"
ERROR - 2020-04-28 07:39:44 --> Could not find the language line "Xác Nhận"
ERROR - 2020-04-28 07:39:44 --> Could not find the language line "Đóng"
ERROR - 2020-04-28 07:39:44 --> Could not find the language line "Xác Nhận"
ERROR - 2020-04-28 07:39:44 --> Could not find the language line "Đóng"
ERROR - 2020-04-28 07:39:44 --> Could not find the language line "Tải"
ERROR - 2020-04-28 02:04:25 --> Could not find the language line "Email"
ERROR - 2020-04-28 02:04:25 --> Could not find the language line "password"
ERROR - 2020-04-28 08:04:29 --> Could not find the language line "Tạo Điểm Lấy Hàng"
ERROR - 2020-04-28 08:04:29 --> Could not find the language line "Tạo Đơn Hàng"
ERROR - 2020-04-28 08:04:29 --> Could not find the language line "Tải Excel"
ERROR - 2020-04-28 08:04:29 --> Could not find the language line "Đóng"
ERROR - 2020-04-28 08:04:29 --> Could not find the language line "Xác Nhận"
ERROR - 2020-04-28 08:04:29 --> Severity: Warning --> Invalid argument supplied for foreach() /home/admin/domains/spshd.com/public_html/khachhang/application/views/app.php 161
ERROR - 2020-04-28 08:04:29 --> Severity: Warning --> Invalid argument supplied for foreach() /home/admin/domains/spshd.com/public_html/khachhang/application/views/app.php 172
ERROR - 2020-04-28 08:04:29 --> Could not find the language line "Đóng"
ERROR - 2020-04-28 08:04:29 --> Could not find the language line "Xác Nhận"
ERROR - 2020-04-28 08:04:29 --> Could not find the language line "Đóng"
ERROR - 2020-04-28 08:04:29 --> Could not find the language line "Xác Nhận"
ERROR - 2020-04-28 08:04:29 --> Could not find the language line "Đóng"
ERROR - 2020-04-28 08:04:29 --> Could not find the language line "Tải"
ERROR - 2020-04-28 08:25:22 --> Could not find the language line "Tạo Điểm Lấy Hàng"
ERROR - 2020-04-28 08:25:22 --> Could not find the language line "Tạo Đơn Hàng"
ERROR - 2020-04-28 08:25:22 --> Could not find the language line "Tải Excel"
ERROR - 2020-04-28 08:25:22 --> Could not find the language line "Đóng"
ERROR - 2020-04-28 08:25:22 --> Could not find the language line "Xác Nhận"
ERROR - 2020-04-28 08:25:22 --> Severity: Warning --> Invalid argument supplied for foreach() /home/admin/domains/spshd.com/public_html/khachhang/application/views/app.php 161
ERROR - 2020-04-28 08:25:22 --> Severity: Warning --> Invalid argument supplied for foreach() /home/admin/domains/spshd.com/public_html/khachhang/application/views/app.php 172
ERROR - 2020-04-28 08:25:22 --> Could not find the language line "Đóng"
ERROR - 2020-04-28 08:25:22 --> Could not find the language line "Xác Nhận"
ERROR - 2020-04-28 08:25:22 --> Could not find the language line "Đóng"
ERROR - 2020-04-28 08:25:22 --> Could not find the language line "Xác Nhận"
ERROR - 2020-04-28 08:25:22 --> Could not find the language line "Đóng"
ERROR - 2020-04-28 08:25:22 --> Could not find the language line "Tải"
ERROR - 2020-04-28 08:25:27 --> Could not find the language line "Tạo Điểm Lấy Hàng"
ERROR - 2020-04-28 08:25:27 --> Could not find the language line "Tạo Đơn Hàng"
ERROR - 2020-04-28 08:25:27 --> Could not find the language line "Tải Excel"
ERROR - 2020-04-28 08:25:27 --> Could not find the language line "Đóng"
ERROR - 2020-04-28 08:25:27 --> Could not find the language line "Xác Nhận"
ERROR - 2020-04-28 08:25:27 --> Severity: Warning --> Invalid argument supplied for foreach() /home/admin/domains/spshd.com/public_html/khachhang/application/views/app.php 161
ERROR - 2020-04-28 08:25:27 --> Severity: Warning --> Invalid argument supplied for foreach() /home/admin/domains/spshd.com/public_html/khachhang/application/views/app.php 172
ERROR - 2020-04-28 08:25:27 --> Could not find the language line "Đóng"
ERROR - 2020-04-28 08:25:27 --> Could not find the language line "Xác Nhận"
ERROR - 2020-04-28 08:25:27 --> Could not find the language line "Đóng"
ERROR - 2020-04-28 08:25:27 --> Could not find the language line "Xác Nhận"
ERROR - 2020-04-28 08:25:27 --> Could not find the language line "Đóng"
ERROR - 2020-04-28 08:25:27 --> Could not find the language line "Tải"
ERROR - 2020-04-28 08:25:33 --> Could not find the language line "Tạo Điểm Lấy Hàng"
ERROR - 2020-04-28 08:25:33 --> Could not find the language line "Tạo Đơn Hàng"
ERROR - 2020-04-28 08:25:33 --> Could not find the language line "Tải Excel"
ERROR - 2020-04-28 08:25:33 --> Could not find the language line "Đóng"
ERROR - 2020-04-28 08:25:33 --> Could not find the language line "Xác Nhận"
ERROR - 2020-04-28 08:25:33 --> Severity: Warning --> Invalid argument supplied for foreach() /home/admin/domains/spshd.com/public_html/khachhang/application/views/app.php 161
ERROR - 2020-04-28 08:25:33 --> Severity: Warning --> Invalid argument supplied for foreach() /home/admin/domains/spshd.com/public_html/khachhang/application/views/app.php 172
ERROR - 2020-04-28 08:25:33 --> Could not find the language line "Đóng"
ERROR - 2020-04-28 08:25:33 --> Could not find the language line "Xác Nhận"
ERROR - 2020-04-28 08:25:33 --> Could not find the language line "Đóng"
ERROR - 2020-04-28 08:25:33 --> Could not find the language line "Xác Nhận"
ERROR - 2020-04-28 08:25:33 --> Could not find the language line "Đóng"
ERROR - 2020-04-28 08:25:33 --> Could not find the language line "Tải"
ERROR - 2020-04-28 08:25:36 --> Could not find the language line "Tạo Điểm Lấy Hàng"
ERROR - 2020-04-28 08:25:36 --> Could not find the language line "Tạo Đơn Hàng"
ERROR - 2020-04-28 08:25:36 --> Could not find the language line "Tải Excel"
ERROR - 2020-04-28 08:25:36 --> Could not find the language line "Đóng"
ERROR - 2020-04-28 08:25:36 --> Could not find the language line "Xác Nhận"
ERROR - 2020-04-28 08:25:36 --> Severity: Warning --> Invalid argument supplied for foreach() /home/admin/domains/spshd.com/public_html/khachhang/application/views/app.php 161
ERROR - 2020-04-28 08:25:36 --> Severity: Warning --> Invalid argument supplied for foreach() /home/admin/domains/spshd.com/public_html/khachhang/application/views/app.php 172
ERROR - 2020-04-28 08:25:36 --> Could not find the language line "Đóng"
ERROR - 2020-04-28 08:25:36 --> Could not find the language line "Xác Nhận"
ERROR - 2020-04-28 08:25:36 --> Could not find the language line "Đóng"
ERROR - 2020-04-28 08:25:36 --> Could not find the language line "Xác Nhận"
ERROR - 2020-04-28 08:25:36 --> Could not find the language line "Đóng"
ERROR - 2020-04-28 08:25:36 --> Could not find the language line "Tải"
ERROR - 2020-04-28 08:53:56 --> Could not find the language line "Tạo Điểm Lấy Hàng"
ERROR - 2020-04-28 08:53:56 --> Could not find the language line "Tạo Đơn Hàng"
ERROR - 2020-04-28 08:53:56 --> Could not find the language line "Tải Excel"
ERROR - 2020-04-28 08:53:56 --> Could not find the language line "Đóng"
ERROR - 2020-04-28 08:53:56 --> Could not find the language line "Xác Nhận"
ERROR - 2020-04-28 08:53:56 --> Severity: Warning --> Invalid argument supplied for foreach() /home/admin/domains/spshd.com/public_html/khachhang/application/views/app.php 161
ERROR - 2020-04-28 08:53:56 --> Severity: Warning --> Invalid argument supplied for foreach() /home/admin/domains/spshd.com/public_html/khachhang/application/views/app.php 172
ERROR - 2020-04-28 08:53:56 --> Could not find the language line "Đóng"
ERROR - 2020-04-28 08:53:56 --> Could not find the language line "Xác Nhận"
ERROR - 2020-04-28 08:53:56 --> Could not find the language line "Đóng"
ERROR - 2020-04-28 08:53:56 --> Could not find the language line "Xác Nhận"
ERROR - 2020-04-28 08:53:56 --> Could not find the language line "Đóng"
ERROR - 2020-04-28 08:53:56 --> Could not find the language line "Tải"
ERROR - 2020-04-28 09:06:31 --> Could not find the language line "Tạo Điểm Lấy Hàng"
ERROR - 2020-04-28 09:06:31 --> Could not find the language line "Tạo Đơn Hàng"
ERROR - 2020-04-28 09:06:31 --> Could not find the language line "Tải Excel"
ERROR - 2020-04-28 09:06:31 --> Could not find the language line "Đóng"
ERROR - 2020-04-28 09:06:31 --> Could not find the language line "Xác Nhận"
ERROR - 2020-04-28 09:06:31 --> Severity: Warning --> Invalid argument supplied for foreach() /home/admin/domains/spshd.com/public_html/khachhang/application/views/app.php 161
ERROR - 2020-04-28 09:06:31 --> Severity: Warning --> Invalid argument supplied for foreach() /home/admin/domains/spshd.com/public_html/khachhang/application/views/app.php 172
ERROR - 2020-04-28 09:06:31 --> Could not find the language line "Đóng"
ERROR - 2020-04-28 09:06:31 --> Could not find the language line "Xác Nhận"
ERROR - 2020-04-28 09:06:31 --> Could not find the language line "Đóng"
ERROR - 2020-04-28 09:06:31 --> Could not find the language line "Xác Nhận"
ERROR - 2020-04-28 09:06:31 --> Could not find the language line "Đóng"
ERROR - 2020-04-28 09:06:31 --> Could not find the language line "Tải"
ERROR - 2020-04-28 09:38:17 --> Could not find the language line "Tạo Điểm Lấy Hàng"
ERROR - 2020-04-28 09:38:17 --> Could not find the language line "Tạo Đơn Hàng"
ERROR - 2020-04-28 09:38:17 --> Could not find the language line "Tải Excel"
ERROR - 2020-04-28 09:38:17 --> Could not find the language line "Đóng"
ERROR - 2020-04-28 09:38:17 --> Could not find the language line "Xác Nhận"
ERROR - 2020-04-28 09:38:17 --> Severity: Warning --> Invalid argument supplied for foreach() /home/admin/domains/spshd.com/public_html/khachhang/application/views/app.php 161
ERROR - 2020-04-28 09:38:17 --> Severity: Warning --> Invalid argument supplied for foreach() /home/admin/domains/spshd.com/public_html/khachhang/application/views/app.php 172
ERROR - 2020-04-28 09:38:17 --> Could not find the language line "Đóng"
ERROR - 2020-04-28 09:38:17 --> Could not find the language line "Xác Nhận"
ERROR - 2020-04-28 09:38:17 --> Could not find the language line "Đóng"
ERROR - 2020-04-28 09:38:17 --> Could not find the language line "Xác Nhận"
ERROR - 2020-04-28 09:38:17 --> Could not find the language line "Đóng"
ERROR - 2020-04-28 09:38:17 --> Could not find the language line "Tải"
ERROR - 2020-04-28 03:38:22 --> Could not find the language line "Email"
ERROR - 2020-04-28 03:38:22 --> Could not find the language line "password"
ERROR - 2020-04-28 09:38:59 --> Could not find the language line "Tạo Điểm Lấy Hàng"
ERROR - 2020-04-28 09:38:59 --> Could not find the language line "Tạo Đơn Hàng"
ERROR - 2020-04-28 09:38:59 --> Could not find the language line "Tải Excel"
ERROR - 2020-04-28 09:38:59 --> Could not find the language line "Đóng"
ERROR - 2020-04-28 09:38:59 --> Could not find the language line "Xác Nhận"
ERROR - 2020-04-28 09:38:59 --> Severity: Warning --> Invalid argument supplied for foreach() /home/admin/domains/spshd.com/public_html/khachhang/application/views/app.php 161
ERROR - 2020-04-28 09:38:59 --> Severity: Warning --> Invalid argument supplied for foreach() /home/admin/domains/spshd.com/public_html/khachhang/application/views/app.php 172
ERROR - 2020-04-28 09:38:59 --> Could not find the language line "Đóng"
ERROR - 2020-04-28 09:38:59 --> Could not find the language line "Xác Nhận"
ERROR - 2020-04-28 09:38:59 --> Could not find the language line "Đóng"
ERROR - 2020-04-28 09:38:59 --> Could not find the language line "Xác Nhận"
ERROR - 2020-04-28 09:38:59 --> Could not find the language line "Đóng"
ERROR - 2020-04-28 09:38:59 --> Could not find the language line "Tải"
ERROR - 2020-04-28 09:39:36 --> Could not find the language line "Tạo Điểm Lấy Hàng"
ERROR - 2020-04-28 09:39:36 --> Could not find the language line "Tạo Đơn Hàng"
ERROR - 2020-04-28 09:39:36 --> Could not find the language line "Tải Excel"
ERROR - 2020-04-28 09:39:36 --> Could not find the language line "Đóng"
ERROR - 2020-04-28 09:39:36 --> Could not find the language line "Xác Nhận"
ERROR - 2020-04-28 09:39:36 --> Severity: Warning --> Invalid argument supplied for foreach() /home/admin/domains/spshd.com/public_html/khachhang/application/views/app.php 161
ERROR - 2020-04-28 09:39:36 --> Severity: Warning --> Invalid argument supplied for foreach() /home/admin/domains/spshd.com/public_html/khachhang/application/views/app.php 172
ERROR - 2020-04-28 09:39:36 --> Could not find the language line "Đóng"
ERROR - 2020-04-28 09:39:36 --> Could not find the language line "Xác Nhận"
ERROR - 2020-04-28 09:39:36 --> Could not find the language line "Đóng"
ERROR - 2020-04-28 09:39:36 --> Could not find the language line "Xác Nhận"
ERROR - 2020-04-28 09:39:36 --> Could not find the language line "Đóng"
ERROR - 2020-04-28 09:39:36 --> Could not find the language line "Tải"
ERROR - 2020-04-28 09:39:37 --> Could not find the language line "Tạo Điểm Lấy Hàng"
ERROR - 2020-04-28 09:39:37 --> Could not find the language line "Tạo Đơn Hàng"
ERROR - 2020-04-28 09:39:37 --> Could not find the language line "Tải Excel"
ERROR - 2020-04-28 09:39:37 --> Could not find the language line "Đóng"
ERROR - 2020-04-28 09:39:37 --> Could not find the language line "Xác Nhận"
ERROR - 2020-04-28 09:39:37 --> Severity: Warning --> Invalid argument supplied for foreach() /home/admin/domains/spshd.com/public_html/khachhang/application/views/app.php 161
ERROR - 2020-04-28 09:39:37 --> Severity: Warning --> Invalid argument supplied for foreach() /home/admin/domains/spshd.com/public_html/khachhang/application/views/app.php 172
ERROR - 2020-04-28 09:39:37 --> Could not find the language line "Đóng"
ERROR - 2020-04-28 09:39:37 --> Could not find the language line "Xác Nhận"
ERROR - 2020-04-28 09:39:37 --> Could not find the language line "Đóng"
ERROR - 2020-04-28 09:39:37 --> Could not find the language line "Xác Nhận"
ERROR - 2020-04-28 09:39:37 --> Could not find the language line "Đóng"
ERROR - 2020-04-28 09:39:37 --> Could not find the language line "Tải"
ERROR - 2020-04-28 09:53:59 --> Could not find the language line "Tạo Điểm Lấy Hàng"
ERROR - 2020-04-28 09:53:59 --> Could not find the language line "Tạo Đơn Hàng"
ERROR - 2020-04-28 09:53:59 --> Could not find the language line "Tải Excel"
ERROR - 2020-04-28 09:53:59 --> Could not find the language line "Đóng"
ERROR - 2020-04-28 09:53:59 --> Could not find the language line "Xác Nhận"
ERROR - 2020-04-28 09:53:59 --> Severity: Warning --> Invalid argument supplied for foreach() /home/admin/domains/spshd.com/public_html/khachhang/application/views/app.php 161
ERROR - 2020-04-28 09:53:59 --> Severity: Warning --> Invalid argument supplied for foreach() /home/admin/domains/spshd.com/public_html/khachhang/application/views/app.php 172
ERROR - 2020-04-28 09:53:59 --> Could not find the language line "Đóng"
ERROR - 2020-04-28 09:53:59 --> Could not find the language line "Xác Nhận"
ERROR - 2020-04-28 09:53:59 --> Could not find the language line "Đóng"
ERROR - 2020-04-28 09:53:59 --> Could not find the language line "Xác Nhận"
ERROR - 2020-04-28 09:53:59 --> Could not find the language line "Đóng"
ERROR - 2020-04-28 09:53:59 --> Could not find the language line "Tải"
ERROR - 2020-04-28 10:18:42 --> Could not find the language line "Tạo Điểm Lấy Hàng"
ERROR - 2020-04-28 10:18:42 --> Could not find the language line "Tạo Đơn Hàng"
ERROR - 2020-04-28 10:18:42 --> Could not find the language line "Tải Excel"
ERROR - 2020-04-28 10:18:42 --> Could not find the language line "Đóng"
ERROR - 2020-04-28 10:18:42 --> Could not find the language line "Xác Nhận"
ERROR - 2020-04-28 10:18:42 --> Severity: Warning --> Invalid argument supplied for foreach() /home/admin/domains/spshd.com/public_html/khachhang/application/views/app.php 161
ERROR - 2020-04-28 10:18:42 --> Severity: Warning --> Invalid argument supplied for foreach() /home/admin/domains/spshd.com/public_html/khachhang/application/views/app.php 172
ERROR - 2020-04-28 10:18:42 --> Could not find the language line "Đóng"
ERROR - 2020-04-28 10:18:42 --> Could not find the language line "Xác Nhận"
ERROR - 2020-04-28 10:18:42 --> Could not find the language line "Đóng"
ERROR - 2020-04-28 10:18:42 --> Could not find the language line "Xác Nhận"
ERROR - 2020-04-28 10:18:42 --> Could not find the language line "Đóng"
ERROR - 2020-04-28 10:18:42 --> Could not find the language line "Tải"
ERROR - 2020-04-28 05:16:06 --> Could not find the language line "Email"
ERROR - 2020-04-28 05:16:06 --> Could not find the language line "password"
ERROR - 2020-04-28 05:18:50 --> Could not find the language line "Email"
ERROR - 2020-04-28 05:18:50 --> Could not find the language line "password"
ERROR - 2020-04-28 05:27:10 --> Could not find the language line "Email"
ERROR - 2020-04-28 05:27:10 --> Could not find the language line "password"
ERROR - 2020-04-28 11:49:56 --> Could not find the language line "Tạo Điểm Lấy Hàng"
ERROR - 2020-04-28 11:49:56 --> Could not find the language line "Tạo Đơn Hàng"
ERROR - 2020-04-28 11:49:56 --> Could not find the language line "Tải Excel"
ERROR - 2020-04-28 11:49:56 --> Could not find the language line "Đóng"
ERROR - 2020-04-28 11:49:56 --> Could not find the language line "Xác Nhận"
ERROR - 2020-04-28 11:49:56 --> Severity: Warning --> Invalid argument supplied for foreach() /home/admin/domains/spshd.com/public_html/khachhang/application/views/app.php 161
ERROR - 2020-04-28 11:49:56 --> Severity: Warning --> Invalid argument supplied for foreach() /home/admin/domains/spshd.com/public_html/khachhang/application/views/app.php 172
ERROR - 2020-04-28 11:49:56 --> Could not find the language line "Đóng"
ERROR - 2020-04-28 11:49:56 --> Could not find the language line "Xác Nhận"
ERROR - 2020-04-28 11:49:56 --> Could not find the language line "Đóng"
ERROR - 2020-04-28 11:49:56 --> Could not find the language line "Xác Nhận"
ERROR - 2020-04-28 11:49:56 --> Could not find the language line "Đóng"
ERROR - 2020-04-28 11:49:56 --> Could not find the language line "Tải"
ERROR - 2020-04-28 06:00:13 --> Could not find the language line "Email"
ERROR - 2020-04-28 06:00:13 --> Could not find the language line "password"
ERROR - 2020-04-28 06:00:23 --> Could not find the language line "Email"
ERROR - 2020-04-28 06:00:23 --> Could not find the language line "password"
ERROR - 2020-04-28 12:27:17 --> Could not find the language line "Tạo Điểm Lấy Hàng"
ERROR - 2020-04-28 12:27:17 --> Could not find the language line "Tạo Đơn Hàng"
ERROR - 2020-04-28 12:27:17 --> Could not find the language line "Tải Excel"
ERROR - 2020-04-28 12:27:17 --> Could not find the language line "Đóng"
ERROR - 2020-04-28 12:27:17 --> Could not find the language line "Xác Nhận"
ERROR - 2020-04-28 12:27:17 --> Severity: Warning --> Invalid argument supplied for foreach() /home/admin/domains/spshd.com/public_html/khachhang/application/views/app.php 161
ERROR - 2020-04-28 12:27:17 --> Severity: Warning --> Invalid argument supplied for foreach() /home/admin/domains/spshd.com/public_html/khachhang/application/views/app.php 172
ERROR - 2020-04-28 12:27:17 --> Could not find the language line "Đóng"
ERROR - 2020-04-28 12:27:17 --> Could not find the language line "Xác Nhận"
ERROR - 2020-04-28 12:27:17 --> Could not find the language line "Đóng"
ERROR - 2020-04-28 12:27:17 --> Could not find the language line "Xác Nhận"
ERROR - 2020-04-28 12:27:17 --> Could not find the language line "Đóng"
ERROR - 2020-04-28 12:27:17 --> Could not find the language line "Tải"
ERROR - 2020-04-28 12:59:54 --> Could not find the language line "Tạo Điểm Lấy Hàng"
ERROR - 2020-04-28 12:59:54 --> Could not find the language line "Tạo Đơn Hàng"
ERROR - 2020-04-28 12:59:54 --> Could not find the language line "Tải Excel"
ERROR - 2020-04-28 12:59:54 --> Could not find the language line "Đóng"
ERROR - 2020-04-28 12:59:54 --> Could not find the language line "Xác Nhận"
ERROR - 2020-04-28 12:59:54 --> Severity: Warning --> Invalid argument supplied for foreach() /home/admin/domains/spshd.com/public_html/khachhang/application/views/app.php 161
ERROR - 2020-04-28 12:59:54 --> Severity: Warning --> Invalid argument supplied for foreach() /home/admin/domains/spshd.com/public_html/khachhang/application/views/app.php 172
ERROR - 2020-04-28 12:59:54 --> Could not find the language line "Đóng"
ERROR - 2020-04-28 12:59:54 --> Could not find the language line "Xác Nhận"
ERROR - 2020-04-28 12:59:54 --> Could not find the language line "Đóng"
ERROR - 2020-04-28 12:59:54 --> Could not find the language line "Xác Nhận"
ERROR - 2020-04-28 12:59:54 --> Could not find the language line "Đóng"
ERROR - 2020-04-28 12:59:54 --> Could not find the language line "Tải"
ERROR - 2020-04-28 07:46:17 --> Could not find the language line "Email"
ERROR - 2020-04-28 07:46:17 --> Could not find the language line "password"
ERROR - 2020-04-28 13:46:27 --> Could not find the language line "Tạo Điểm Lấy Hàng"
ERROR - 2020-04-28 13:46:27 --> Could not find the language line "Tạo Đơn Hàng"
ERROR - 2020-04-28 13:46:27 --> Could not find the language line "Tải Excel"
ERROR - 2020-04-28 13:46:27 --> Could not find the language line "Đóng"
ERROR - 2020-04-28 13:46:27 --> Could not find the language line "Xác Nhận"
ERROR - 2020-04-28 13:46:27 --> Severity: Warning --> Invalid argument supplied for foreach() /home/admin/domains/spshd.com/public_html/khachhang/application/views/app.php 161
ERROR - 2020-04-28 13:46:27 --> Severity: Warning --> Invalid argument supplied for foreach() /home/admin/domains/spshd.com/public_html/khachhang/application/views/app.php 172
ERROR - 2020-04-28 13:46:27 --> Could not find the language line "Đóng"
ERROR - 2020-04-28 13:46:27 --> Could not find the language line "Xác Nhận"
ERROR - 2020-04-28 13:46:27 --> Could not find the language line "Đóng"
ERROR - 2020-04-28 13:46:27 --> Could not find the language line "Xác Nhận"
ERROR - 2020-04-28 13:46:27 --> Could not find the language line "Đóng"
ERROR - 2020-04-28 13:46:27 --> Could not find the language line "Tải"
ERROR - 2020-04-28 08:05:38 --> Could not find the language line "Email"
ERROR - 2020-04-28 08:05:38 --> Could not find the language line "password"
ERROR - 2020-04-28 08:36:23 --> Could not find the language line "Email"
ERROR - 2020-04-28 08:36:23 --> Could not find the language line "password"
ERROR - 2020-04-28 08:36:39 --> Could not find the language line "Email"
ERROR - 2020-04-28 08:36:39 --> Could not find the language line "password"
ERROR - 2020-04-28 14:36:58 --> Could not find the language line "Tạo Điểm Lấy Hàng"
ERROR - 2020-04-28 14:36:58 --> Could not find the language line "Tạo Đơn Hàng"
ERROR - 2020-04-28 14:36:58 --> Could not find the language line "Tải Excel"
ERROR - 2020-04-28 14:36:58 --> Could not find the language line "Đóng"
ERROR - 2020-04-28 14:36:58 --> Could not find the language line "Xác Nhận"
ERROR - 2020-04-28 14:36:58 --> Severity: Warning --> Invalid argument supplied for foreach() /home/admin/domains/spshd.com/public_html/khachhang/application/views/app.php 161
ERROR - 2020-04-28 14:36:58 --> Severity: Warning --> Invalid argument supplied for foreach() /home/admin/domains/spshd.com/public_html/khachhang/application/views/app.php 172
ERROR - 2020-04-28 14:36:58 --> Could not find the language line "Đóng"
ERROR - 2020-04-28 14:36:58 --> Could not find the language line "Xác Nhận"
ERROR - 2020-04-28 14:36:58 --> Could not find the language line "Đóng"
ERROR - 2020-04-28 14:36:58 --> Could not find the language line "Xác Nhận"
ERROR - 2020-04-28 14:36:58 --> Could not find the language line "Đóng"
ERROR - 2020-04-28 14:36:58 --> Could not find the language line "Tải"
ERROR - 2020-04-28 08:38:42 --> Could not find the language line "Email"
ERROR - 2020-04-28 08:38:42 --> Could not find the language line "password"
ERROR - 2020-04-28 08:39:12 --> Could not find the language line "Email"
ERROR - 2020-04-28 08:39:12 --> Could not find the language line "password"
ERROR - 2020-04-28 14:52:43 --> Could not find the language line "Tạo Điểm Lấy Hàng"
ERROR - 2020-04-28 14:52:43 --> Could not find the language line "Tạo Đơn Hàng"
ERROR - 2020-04-28 14:52:43 --> Could not find the language line "Tải Excel"
ERROR - 2020-04-28 14:52:43 --> Could not find the language line "Đóng"
ERROR - 2020-04-28 14:52:43 --> Could not find the language line "Xác Nhận"
ERROR - 2020-04-28 14:52:43 --> Severity: Warning --> Invalid argument supplied for foreach() /home/admin/domains/spshd.com/public_html/khachhang/application/views/app.php 161
ERROR - 2020-04-28 14:52:43 --> Severity: Warning --> Invalid argument supplied for foreach() /home/admin/domains/spshd.com/public_html/khachhang/application/views/app.php 172
ERROR - 2020-04-28 14:52:43 --> Could not find the language line "Đóng"
ERROR - 2020-04-28 14:52:43 --> Could not find the language line "Xác Nhận"
ERROR - 2020-04-28 14:52:43 --> Could not find the language line "Đóng"
ERROR - 2020-04-28 14:52:43 --> Could not find the language line "Xác Nhận"
ERROR - 2020-04-28 14:52:43 --> Could not find the language line "Đóng"
ERROR - 2020-04-28 14:52:43 --> Could not find the language line "Tải"
ERROR - 2020-04-28 14:55:39 --> Could not find the language line "Tạo Điểm Lấy Hàng"
ERROR - 2020-04-28 14:55:39 --> Could not find the language line "Tạo Đơn Hàng"
ERROR - 2020-04-28 14:55:39 --> Could not find the language line "Tải Excel"
ERROR - 2020-04-28 14:55:39 --> Could not find the language line "Đóng"
ERROR - 2020-04-28 14:55:39 --> Could not find the language line "Xác Nhận"
ERROR - 2020-04-28 14:55:39 --> Severity: Warning --> Invalid argument supplied for foreach() /home/admin/domains/spshd.com/public_html/khachhang/application/views/app.php 161
ERROR - 2020-04-28 14:55:39 --> Severity: Warning --> Invalid argument supplied for foreach() /home/admin/domains/spshd.com/public_html/khachhang/application/views/app.php 172
ERROR - 2020-04-28 14:55:39 --> Could not find the language line "Đóng"
ERROR - 2020-04-28 14:55:39 --> Could not find the language line "Xác Nhận"
ERROR - 2020-04-28 14:55:39 --> Could not find the language line "Đóng"
ERROR - 2020-04-28 14:55:39 --> Could not find the language line "Xác Nhận"
ERROR - 2020-04-28 14:55:39 --> Could not find the language line "Đóng"
ERROR - 2020-04-28 14:55:39 --> Could not find the language line "Tải"
ERROR - 2020-04-28 14:55:40 --> Could not find the language line "Tạo Điểm Lấy Hàng"
ERROR - 2020-04-28 14:55:40 --> Could not find the language line "Tạo Đơn Hàng"
ERROR - 2020-04-28 14:55:40 --> Could not find the language line "Tải Excel"
ERROR - 2020-04-28 14:55:40 --> Could not find the language line "Đóng"
ERROR - 2020-04-28 14:55:40 --> Could not find the language line "Xác Nhận"
ERROR - 2020-04-28 14:55:40 --> Severity: Warning --> Invalid argument supplied for foreach() /home/admin/domains/spshd.com/public_html/khachhang/application/views/app.php 161
ERROR - 2020-04-28 14:55:40 --> Severity: Warning --> Invalid argument supplied for foreach() /home/admin/domains/spshd.com/public_html/khachhang/application/views/app.php 172
ERROR - 2020-04-28 14:55:40 --> Could not find the language line "Đóng"
ERROR - 2020-04-28 14:55:40 --> Could not find the language line "Xác Nhận"
ERROR - 2020-04-28 14:55:40 --> Could not find the language line "Đóng"
ERROR - 2020-04-28 14:55:40 --> Could not find the language line "Xác Nhận"
ERROR - 2020-04-28 14:55:40 --> Could not find the language line "Đóng"
ERROR - 2020-04-28 14:55:40 --> Could not find the language line "Tải"
ERROR - 2020-04-28 15:20:34 --> Could not find the language line "Tạo Điểm Lấy Hàng"
ERROR - 2020-04-28 15:20:34 --> Could not find the language line "Tạo Đơn Hàng"
ERROR - 2020-04-28 15:20:34 --> Could not find the language line "Tải Excel"
ERROR - 2020-04-28 15:20:34 --> Could not find the language line "Đóng"
ERROR - 2020-04-28 15:20:34 --> Could not find the language line "Xác Nhận"
ERROR - 2020-04-28 15:20:34 --> Severity: Warning --> Invalid argument supplied for foreach() /home/admin/domains/spshd.com/public_html/khachhang/application/views/app.php 161
ERROR - 2020-04-28 15:20:34 --> Severity: Warning --> Invalid argument supplied for foreach() /home/admin/domains/spshd.com/public_html/khachhang/application/views/app.php 172
ERROR - 2020-04-28 15:20:34 --> Could not find the language line "Đóng"
ERROR - 2020-04-28 15:20:34 --> Could not find the language line "Xác Nhận"
ERROR - 2020-04-28 15:20:34 --> Could not find the language line "Đóng"
ERROR - 2020-04-28 15:20:34 --> Could not find the language line "Xác Nhận"
ERROR - 2020-04-28 15:20:34 --> Could not find the language line "Đóng"
ERROR - 2020-04-28 15:20:34 --> Could not find the language line "Tải"
ERROR - 2020-04-28 09:25:47 --> Could not find the language line "Email"
ERROR - 2020-04-28 09:25:47 --> Could not find the language line "password"
ERROR - 2020-04-28 15:32:33 --> Could not find the language line "Tạo Điểm Lấy Hàng"
ERROR - 2020-04-28 15:32:33 --> Could not find the language line "Tạo Đơn Hàng"
ERROR - 2020-04-28 15:32:33 --> Could not find the language line "Tải Excel"
ERROR - 2020-04-28 15:32:33 --> Could not find the language line "Đóng"
ERROR - 2020-04-28 15:32:33 --> Could not find the language line "Xác Nhận"
ERROR - 2020-04-28 15:32:33 --> Severity: Warning --> Invalid argument supplied for foreach() /home/admin/domains/spshd.com/public_html/khachhang/application/views/app.php 161
ERROR - 2020-04-28 15:32:33 --> Severity: Warning --> Invalid argument supplied for foreach() /home/admin/domains/spshd.com/public_html/khachhang/application/views/app.php 172
ERROR - 2020-04-28 15:32:33 --> Could not find the language line "Đóng"
ERROR - 2020-04-28 15:32:33 --> Could not find the language line "Xác Nhận"
ERROR - 2020-04-28 15:32:33 --> Could not find the language line "Đóng"
ERROR - 2020-04-28 15:32:33 --> Could not find the language line "Xác Nhận"
ERROR - 2020-04-28 15:32:33 --> Could not find the language line "Đóng"
ERROR - 2020-04-28 15:32:33 --> Could not find the language line "Tải"
ERROR - 2020-04-28 15:32:33 --> Could not find the language line "Tạo Điểm Lấy Hàng"
ERROR - 2020-04-28 15:32:33 --> Could not find the language line "Tạo Đơn Hàng"
ERROR - 2020-04-28 15:32:33 --> Could not find the language line "Tải Excel"
ERROR - 2020-04-28 15:32:33 --> Could not find the language line "Đóng"
ERROR - 2020-04-28 15:32:33 --> Could not find the language line "Xác Nhận"
ERROR - 2020-04-28 15:32:33 --> Severity: Warning --> Invalid argument supplied for foreach() /home/admin/domains/spshd.com/public_html/khachhang/application/views/app.php 161
ERROR - 2020-04-28 15:32:33 --> Severity: Warning --> Invalid argument supplied for foreach() /home/admin/domains/spshd.com/public_html/khachhang/application/views/app.php 172
ERROR - 2020-04-28 15:32:33 --> Could not find the language line "Đóng"
ERROR - 2020-04-28 15:32:33 --> Could not find the language line "Xác Nhận"
ERROR - 2020-04-28 15:32:33 --> Could not find the language line "Đóng"
ERROR - 2020-04-28 15:32:33 --> Could not find the language line "Xác Nhận"
ERROR - 2020-04-28 15:32:33 --> Could not find the language line "Đóng"
ERROR - 2020-04-28 15:32:33 --> Could not find the language line "Tải"
ERROR - 2020-04-28 16:11:21 --> Could not find the language line "Tạo Điểm Lấy Hàng"
ERROR - 2020-04-28 16:11:21 --> Could not find the language line "Tạo Đơn Hàng"
ERROR - 2020-04-28 16:11:21 --> Could not find the language line "Tải Excel"
ERROR - 2020-04-28 16:11:21 --> Could not find the language line "Đóng"
ERROR - 2020-04-28 16:11:21 --> Could not find the language line "Xác Nhận"
ERROR - 2020-04-28 16:11:21 --> Severity: Warning --> Invalid argument supplied for foreach() /home/admin/domains/spshd.com/public_html/khachhang/application/views/app.php 161
ERROR - 2020-04-28 16:11:21 --> Severity: Warning --> Invalid argument supplied for foreach() /home/admin/domains/spshd.com/public_html/khachhang/application/views/app.php 172
ERROR - 2020-04-28 16:11:21 --> Could not find the language line "Đóng"
ERROR - 2020-04-28 16:11:21 --> Could not find the language line "Xác Nhận"
ERROR - 2020-04-28 16:11:21 --> Could not find the language line "Đóng"
ERROR - 2020-04-28 16:11:21 --> Could not find the language line "Xác Nhận"
ERROR - 2020-04-28 16:11:21 --> Could not find the language line "Đóng"
ERROR - 2020-04-28 16:11:21 --> Could not find the language line "Tải"
ERROR - 2020-04-28 16:23:25 --> Could not find the language line "Tạo Điểm Lấy Hàng"
ERROR - 2020-04-28 16:23:25 --> Could not find the language line "Tạo Đơn Hàng"
ERROR - 2020-04-28 16:23:25 --> Could not find the language line "Tải Excel"
ERROR - 2020-04-28 16:23:25 --> Could not find the language line "Đóng"
ERROR - 2020-04-28 16:23:25 --> Could not find the language line "Xác Nhận"
ERROR - 2020-04-28 16:23:25 --> Severity: Warning --> Invalid argument supplied for foreach() /home/admin/domains/spshd.com/public_html/khachhang/application/views/app.php 161
ERROR - 2020-04-28 16:23:25 --> Severity: Warning --> Invalid argument supplied for foreach() /home/admin/domains/spshd.com/public_html/khachhang/application/views/app.php 172
ERROR - 2020-04-28 16:23:25 --> Could not find the language line "Đóng"
ERROR - 2020-04-28 16:23:25 --> Could not find the language line "Xác Nhận"
ERROR - 2020-04-28 16:23:25 --> Could not find the language line "Đóng"
ERROR - 2020-04-28 16:23:25 --> Could not find the language line "Xác Nhận"
ERROR - 2020-04-28 16:23:25 --> Could not find the language line "Đóng"
ERROR - 2020-04-28 16:23:25 --> Could not find the language line "Tải"
ERROR - 2020-04-28 17:01:37 --> Could not find the language line "Tạo Điểm Lấy Hàng"
ERROR - 2020-04-28 17:01:37 --> Could not find the language line "Tạo Đơn Hàng"
ERROR - 2020-04-28 17:01:37 --> Could not find the language line "Tải Excel"
ERROR - 2020-04-28 17:01:37 --> Could not find the language line "Đóng"
ERROR - 2020-04-28 17:01:37 --> Could not find the language line "Xác Nhận"
ERROR - 2020-04-28 17:01:37 --> Severity: Warning --> Invalid argument supplied for foreach() /home/admin/domains/spshd.com/public_html/khachhang/application/views/app.php 161
ERROR - 2020-04-28 17:01:37 --> Severity: Warning --> Invalid argument supplied for foreach() /home/admin/domains/spshd.com/public_html/khachhang/application/views/app.php 172
ERROR - 2020-04-28 17:01:37 --> Could not find the language line "Đóng"
ERROR - 2020-04-28 17:01:37 --> Could not find the language line "Xác Nhận"
ERROR - 2020-04-28 17:01:37 --> Could not find the language line "Đóng"
ERROR - 2020-04-28 17:01:37 --> Could not find the language line "Xác Nhận"
ERROR - 2020-04-28 17:01:37 --> Could not find the language line "Đóng"
ERROR - 2020-04-28 17:01:37 --> Could not find the language line "Tải"
ERROR - 2020-04-28 11:04:34 --> Could not find the language line "Email"
ERROR - 2020-04-28 11:04:34 --> Could not find the language line "password"
ERROR - 2020-04-28 17:11:43 --> Could not find the language line "Tạo Điểm Lấy Hàng"
ERROR - 2020-04-28 17:11:43 --> Could not find the language line "Tạo Đơn Hàng"
ERROR - 2020-04-28 17:11:43 --> Could not find the language line "Tải Excel"
ERROR - 2020-04-28 17:11:43 --> Could not find the language line "Đóng"
ERROR - 2020-04-28 17:11:43 --> Could not find the language line "Xác Nhận"
ERROR - 2020-04-28 17:11:43 --> Severity: Warning --> Invalid argument supplied for foreach() /home/admin/domains/spshd.com/public_html/khachhang/application/views/app.php 161
ERROR - 2020-04-28 17:11:43 --> Severity: Warning --> Invalid argument supplied for foreach() /home/admin/domains/spshd.com/public_html/khachhang/application/views/app.php 172
ERROR - 2020-04-28 17:11:43 --> Could not find the language line "Đóng"
ERROR - 2020-04-28 17:11:43 --> Could not find the language line "Xác Nhận"
ERROR - 2020-04-28 17:11:43 --> Could not find the language line "Đóng"
ERROR - 2020-04-28 17:11:43 --> Could not find the language line "Xác Nhận"
ERROR - 2020-04-28 17:11:43 --> Could not find the language line "Đóng"
ERROR - 2020-04-28 17:11:43 --> Could not find the language line "Tải"
ERROR - 2020-04-28 17:16:26 --> Could not find the language line "Tạo Điểm Lấy Hàng"
ERROR - 2020-04-28 17:16:26 --> Could not find the language line "Tạo Đơn Hàng"
ERROR - 2020-04-28 17:16:26 --> Could not find the language line "Tải Excel"
ERROR - 2020-04-28 17:16:26 --> Could not find the language line "Đóng"
ERROR - 2020-04-28 17:16:26 --> Could not find the language line "Xác Nhận"
ERROR - 2020-04-28 17:16:26 --> Severity: Warning --> Invalid argument supplied for foreach() /home/admin/domains/spshd.com/public_html/khachhang/application/views/app.php 161
ERROR - 2020-04-28 17:16:26 --> Severity: Warning --> Invalid argument supplied for foreach() /home/admin/domains/spshd.com/public_html/khachhang/application/views/app.php 172
ERROR - 2020-04-28 17:16:26 --> Could not find the language line "Đóng"
ERROR - 2020-04-28 17:16:26 --> Could not find the language line "Xác Nhận"
ERROR - 2020-04-28 17:16:26 --> Could not find the language line "Đóng"
ERROR - 2020-04-28 17:16:26 --> Could not find the language line "Xác Nhận"
ERROR - 2020-04-28 17:16:26 --> Could not find the language line "Đóng"
ERROR - 2020-04-28 17:16:26 --> Could not find the language line "Tải"
ERROR - 2020-04-28 17:33:50 --> Could not find the language line "Tạo Điểm Lấy Hàng"
ERROR - 2020-04-28 17:33:50 --> Could not find the language line "Tạo Đơn Hàng"
ERROR - 2020-04-28 17:33:50 --> Could not find the language line "Tải Excel"
ERROR - 2020-04-28 17:33:50 --> Could not find the language line "Đóng"
ERROR - 2020-04-28 17:33:50 --> Could not find the language line "Xác Nhận"
ERROR - 2020-04-28 17:33:50 --> Severity: Warning --> Invalid argument supplied for foreach() /home/admin/domains/spshd.com/public_html/khachhang/application/views/app.php 161
ERROR - 2020-04-28 17:33:50 --> Severity: Warning --> Invalid argument supplied for foreach() /home/admin/domains/spshd.com/public_html/khachhang/application/views/app.php 172
ERROR - 2020-04-28 17:33:50 --> Could not find the language line "Đóng"
ERROR - 2020-04-28 17:33:50 --> Could not find the language line "Xác Nhận"
ERROR - 2020-04-28 17:33:50 --> Could not find the language line "Đóng"
ERROR - 2020-04-28 17:33:50 --> Could not find the language line "Xác Nhận"
ERROR - 2020-04-28 17:33:50 --> Could not find the language line "Đóng"
ERROR - 2020-04-28 17:33:50 --> Could not find the language line "Tải"
ERROR - 2020-04-28 11:35:19 --> Could not find the language line "Email"
ERROR - 2020-04-28 11:35:19 --> Could not find the language line "password"
ERROR - 2020-04-28 11:57:45 --> Could not find the language line "Email"
ERROR - 2020-04-28 11:57:45 --> Could not find the language line "password"
ERROR - 2020-04-28 12:01:49 --> Could not find the language line "Email"
ERROR - 2020-04-28 12:01:49 --> Could not find the language line "password"
ERROR - 2020-04-28 12:02:34 --> Could not find the language line "Email"
ERROR - 2020-04-28 12:02:34 --> Could not find the language line "password"
ERROR - 2020-04-28 12:03:15 --> Could not find the language line "Email"
ERROR - 2020-04-28 12:03:15 --> Could not find the language line "password"
ERROR - 2020-04-28 12:04:32 --> Could not find the language line "Email"
ERROR - 2020-04-28 12:04:32 --> Could not find the language line "password"
ERROR - 2020-04-28 12:04:39 --> Could not find the language line "Email"
ERROR - 2020-04-28 12:04:39 --> Could not find the language line "password"
ERROR - 2020-04-28 12:05:49 --> Could not find the language line "Email"
ERROR - 2020-04-28 12:05:49 --> Could not find the language line "password"
ERROR - 2020-04-28 18:22:32 --> Could not find the language line "Tạo Điểm Lấy Hàng"
ERROR - 2020-04-28 18:22:32 --> Could not find the language line "Tạo Đơn Hàng"
ERROR - 2020-04-28 18:22:32 --> Could not find the language line "Tải Excel"
ERROR - 2020-04-28 18:22:32 --> Could not find the language line "Đóng"
ERROR - 2020-04-28 18:22:32 --> Could not find the language line "Xác Nhận"
ERROR - 2020-04-28 18:22:32 --> Severity: Warning --> Invalid argument supplied for foreach() /home/admin/domains/spshd.com/public_html/khachhang/application/views/app.php 161
ERROR - 2020-04-28 18:22:32 --> Severity: Warning --> Invalid argument supplied for foreach() /home/admin/domains/spshd.com/public_html/khachhang/application/views/app.php 172
ERROR - 2020-04-28 18:22:32 --> Could not find the language line "Đóng"
ERROR - 2020-04-28 18:22:32 --> Could not find the language line "Xác Nhận"
ERROR - 2020-04-28 18:22:32 --> Could not find the language line "Đóng"
ERROR - 2020-04-28 18:22:32 --> Could not find the language line "Xác Nhận"
ERROR - 2020-04-28 18:22:32 --> Could not find the language line "Đóng"
ERROR - 2020-04-28 18:22:32 --> Could not find the language line "Tải"
ERROR - 2020-04-28 18:31:47 --> Could not find the language line "Tạo Điểm Lấy Hàng"
ERROR - 2020-04-28 18:31:47 --> Could not find the language line "Tạo Đơn Hàng"
ERROR - 2020-04-28 18:31:47 --> Could not find the language line "Tải Excel"
ERROR - 2020-04-28 18:31:47 --> Could not find the language line "Đóng"
ERROR - 2020-04-28 18:31:47 --> Could not find the language line "Xác Nhận"
ERROR - 2020-04-28 18:31:47 --> Severity: Warning --> Invalid argument supplied for foreach() /home/admin/domains/spshd.com/public_html/khachhang/application/views/app.php 161
ERROR - 2020-04-28 18:31:47 --> Severity: Warning --> Invalid argument supplied for foreach() /home/admin/domains/spshd.com/public_html/khachhang/application/views/app.php 172
ERROR - 2020-04-28 18:31:47 --> Could not find the language line "Đóng"
ERROR - 2020-04-28 18:31:47 --> Could not find the language line "Xác Nhận"
ERROR - 2020-04-28 18:31:47 --> Could not find the language line "Đóng"
ERROR - 2020-04-28 18:31:47 --> Could not find the language line "Xác Nhận"
ERROR - 2020-04-28 18:31:47 --> Could not find the language line "Đóng"
ERROR - 2020-04-28 18:31:47 --> Could not find the language line "Tải"
ERROR - 2020-04-28 18:58:50 --> Could not find the language line "Tạo Điểm Lấy Hàng"
ERROR - 2020-04-28 18:58:50 --> Could not find the language line "Tạo Đơn Hàng"
ERROR - 2020-04-28 18:58:50 --> Could not find the language line "Tải Excel"
ERROR - 2020-04-28 18:58:50 --> Could not find the language line "Đóng"
ERROR - 2020-04-28 18:58:50 --> Could not find the language line "Xác Nhận"
ERROR - 2020-04-28 18:58:50 --> Severity: Warning --> Invalid argument supplied for foreach() /home/admin/domains/spshd.com/public_html/khachhang/application/views/app.php 161
ERROR - 2020-04-28 18:58:50 --> Severity: Warning --> Invalid argument supplied for foreach() /home/admin/domains/spshd.com/public_html/khachhang/application/views/app.php 172
ERROR - 2020-04-28 18:58:50 --> Could not find the language line "Đóng"
ERROR - 2020-04-28 18:58:50 --> Could not find the language line "Xác Nhận"
ERROR - 2020-04-28 18:58:50 --> Could not find the language line "Đóng"
ERROR - 2020-04-28 18:58:50 --> Could not find the language line "Xác Nhận"
ERROR - 2020-04-28 18:58:50 --> Could not find the language line "Đóng"
ERROR - 2020-04-28 18:58:50 --> Could not find the language line "Tải"
ERROR - 2020-04-28 19:02:14 --> Could not find the language line "Tạo Điểm Lấy Hàng"
ERROR - 2020-04-28 19:02:14 --> Could not find the language line "Tạo Đơn Hàng"
ERROR - 2020-04-28 19:02:14 --> Could not find the language line "Tải Excel"
ERROR - 2020-04-28 19:02:14 --> Could not find the language line "Đóng"
ERROR - 2020-04-28 19:02:14 --> Could not find the language line "Xác Nhận"
ERROR - 2020-04-28 19:02:14 --> Severity: Warning --> Invalid argument supplied for foreach() /home/admin/domains/spshd.com/public_html/khachhang/application/views/app.php 161
ERROR - 2020-04-28 19:02:14 --> Severity: Warning --> Invalid argument supplied for foreach() /home/admin/domains/spshd.com/public_html/khachhang/application/views/app.php 172
ERROR - 2020-04-28 19:02:14 --> Could not find the language line "Đóng"
ERROR - 2020-04-28 19:02:14 --> Could not find the language line "Xác Nhận"
ERROR - 2020-04-28 19:02:14 --> Could not find the language line "Đóng"
ERROR - 2020-04-28 19:02:14 --> Could not find the language line "Xác Nhận"
ERROR - 2020-04-28 19:02:14 --> Could not find the language line "Đóng"
ERROR - 2020-04-28 19:02:14 --> Could not find the language line "Tải"
ERROR - 2020-04-28 20:32:52 --> Could not find the language line "Tạo Điểm Lấy Hàng"
ERROR - 2020-04-28 20:32:52 --> Could not find the language line "Tạo Đơn Hàng"
ERROR - 2020-04-28 20:32:52 --> Could not find the language line "Tải Excel"
ERROR - 2020-04-28 20:32:52 --> Could not find the language line "Đóng"
ERROR - 2020-04-28 20:32:52 --> Could not find the language line "Xác Nhận"
ERROR - 2020-04-28 20:32:52 --> Severity: Warning --> Invalid argument supplied for foreach() /home/admin/domains/spshd.com/public_html/khachhang/application/views/app.php 161
ERROR - 2020-04-28 20:32:52 --> Severity: Warning --> Invalid argument supplied for foreach() /home/admin/domains/spshd.com/public_html/khachhang/application/views/app.php 172
ERROR - 2020-04-28 20:32:52 --> Could not find the language line "Đóng"
ERROR - 2020-04-28 20:32:52 --> Could not find the language line "Xác Nhận"
ERROR - 2020-04-28 20:32:52 --> Could not find the language line "Đóng"
ERROR - 2020-04-28 20:32:52 --> Could not find the language line "Xác Nhận"
ERROR - 2020-04-28 20:32:52 --> Could not find the language line "Đóng"
ERROR - 2020-04-28 20:32:52 --> Could not find the language line "Tải"
ERROR - 2020-04-28 20:32:54 --> Could not find the language line "Tạo Điểm Lấy Hàng"
ERROR - 2020-04-28 20:32:54 --> Could not find the language line "Tạo Đơn Hàng"
ERROR - 2020-04-28 20:32:54 --> Could not find the language line "Tải Excel"
ERROR - 2020-04-28 20:32:54 --> Could not find the language line "Đóng"
ERROR - 2020-04-28 20:32:54 --> Could not find the language line "Xác Nhận"
ERROR - 2020-04-28 20:32:54 --> Severity: Warning --> Invalid argument supplied for foreach() /home/admin/domains/spshd.com/public_html/khachhang/application/views/app.php 161
ERROR - 2020-04-28 20:32:54 --> Severity: Warning --> Invalid argument supplied for foreach() /home/admin/domains/spshd.com/public_html/khachhang/application/views/app.php 172
ERROR - 2020-04-28 20:32:54 --> Could not find the language line "Đóng"
ERROR - 2020-04-28 20:32:54 --> Could not find the language line "Xác Nhận"
ERROR - 2020-04-28 20:32:54 --> Could not find the language line "Đóng"
ERROR - 2020-04-28 20:32:54 --> Could not find the language line "Xác Nhận"
ERROR - 2020-04-28 20:32:54 --> Could not find the language line "Đóng"
ERROR - 2020-04-28 20:32:54 --> Could not find the language line "Tải"
ERROR - 2020-04-28 15:30:18 --> Could not find the language line "Email"
ERROR - 2020-04-28 15:30:18 --> Could not find the language line "password"
ERROR - 2020-04-28 21:57:55 --> Could not find the language line "Tạo Điểm Lấy Hàng"
ERROR - 2020-04-28 21:57:55 --> Could not find the language line "Tạo Đơn Hàng"
ERROR - 2020-04-28 21:57:55 --> Could not find the language line "Tải Excel"
ERROR - 2020-04-28 21:57:55 --> Could not find the language line "Đóng"
ERROR - 2020-04-28 21:57:55 --> Could not find the language line "Xác Nhận"
ERROR - 2020-04-28 21:57:55 --> Severity: Warning --> Invalid argument supplied for foreach() /home/admin/domains/spshd.com/public_html/khachhang/application/views/app.php 161
ERROR - 2020-04-28 21:57:55 --> Severity: Warning --> Invalid argument supplied for foreach() /home/admin/domains/spshd.com/public_html/khachhang/application/views/app.php 172
ERROR - 2020-04-28 21:57:55 --> Could not find the language line "Đóng"
ERROR - 2020-04-28 21:57:55 --> Could not find the language line "Xác Nhận"
ERROR - 2020-04-28 21:57:55 --> Could not find the language line "Đóng"
ERROR - 2020-04-28 21:57:55 --> Could not find the language line "Xác Nhận"
ERROR - 2020-04-28 21:57:55 --> Could not find the language line "Đóng"
ERROR - 2020-04-28 21:57:55 --> Could not find the language line "Tải"
ERROR - 2020-04-28 22:03:22 --> Could not find the language line "Tạo Điểm Lấy Hàng"
ERROR - 2020-04-28 22:03:22 --> Could not find the language line "Tạo Đơn Hàng"
ERROR - 2020-04-28 22:03:22 --> Could not find the language line "Tải Excel"
ERROR - 2020-04-28 22:03:22 --> Could not find the language line "Đóng"
ERROR - 2020-04-28 22:03:22 --> Could not find the language line "Xác Nhận"
ERROR - 2020-04-28 22:03:22 --> Severity: Warning --> Invalid argument supplied for foreach() /home/admin/domains/spshd.com/public_html/khachhang/application/views/app.php 161
ERROR - 2020-04-28 22:03:22 --> Severity: Warning --> Invalid argument supplied for foreach() /home/admin/domains/spshd.com/public_html/khachhang/application/views/app.php 172
ERROR - 2020-04-28 22:03:22 --> Could not find the language line "Đóng"
ERROR - 2020-04-28 22:03:22 --> Could not find the language line "Xác Nhận"
ERROR - 2020-04-28 22:03:22 --> Could not find the language line "Đóng"
ERROR - 2020-04-28 22:03:22 --> Could not find the language line "Xác Nhận"
ERROR - 2020-04-28 22:03:22 --> Could not find the language line "Đóng"
ERROR - 2020-04-28 22:03:22 --> Could not find the language line "Tải"
ERROR - 2020-04-28 22:08:14 --> Could not find the language line "Tạo Điểm Lấy Hàng"
ERROR - 2020-04-28 22:08:14 --> Could not find the language line "Tạo Đơn Hàng"
ERROR - 2020-04-28 22:08:14 --> Could not find the language line "Tải Excel"
ERROR - 2020-04-28 22:08:14 --> Could not find the language line "Đóng"
ERROR - 2020-04-28 22:08:14 --> Could not find the language line "Xác Nhận"
ERROR - 2020-04-28 22:08:14 --> Severity: Warning --> Invalid argument supplied for foreach() /home/admin/domains/spshd.com/public_html/khachhang/application/views/app.php 161
ERROR - 2020-04-28 22:08:14 --> Severity: Warning --> Invalid argument supplied for foreach() /home/admin/domains/spshd.com/public_html/khachhang/application/views/app.php 172
ERROR - 2020-04-28 22:08:14 --> Could not find the language line "Đóng"
ERROR - 2020-04-28 22:08:14 --> Could not find the language line "Xác Nhận"
ERROR - 2020-04-28 22:08:14 --> Could not find the language line "Đóng"
ERROR - 2020-04-28 22:08:14 --> Could not find the language line "Xác Nhận"
ERROR - 2020-04-28 22:08:14 --> Could not find the language line "Đóng"
ERROR - 2020-04-28 22:08:14 --> Could not find the language line "Tải"
ERROR - 2020-04-28 22:08:17 --> Could not find the language line "Tạo Điểm Lấy Hàng"
ERROR - 2020-04-28 22:08:17 --> Could not find the language line "Tạo Đơn Hàng"
ERROR - 2020-04-28 22:08:17 --> Could not find the language line "Tải Excel"
ERROR - 2020-04-28 22:08:17 --> Could not find the language line "Đóng"
ERROR - 2020-04-28 22:08:17 --> Could not find the language line "Xác Nhận"
ERROR - 2020-04-28 22:08:17 --> Severity: Warning --> Invalid argument supplied for foreach() /home/admin/domains/spshd.com/public_html/khachhang/application/views/app.php 161
ERROR - 2020-04-28 22:08:17 --> Severity: Warning --> Invalid argument supplied for foreach() /home/admin/domains/spshd.com/public_html/khachhang/application/views/app.php 172
ERROR - 2020-04-28 22:08:17 --> Could not find the language line "Đóng"
ERROR - 2020-04-28 22:08:17 --> Could not find the language line "Xác Nhận"
ERROR - 2020-04-28 22:08:17 --> Could not find the language line "Đóng"
ERROR - 2020-04-28 22:08:17 --> Could not find the language line "Xác Nhận"
ERROR - 2020-04-28 22:08:17 --> Could not find the language line "Đóng"
ERROR - 2020-04-28 22:08:17 --> Could not find the language line "Tải"
ERROR - 2020-04-28 22:43:12 --> Could not find the language line "Tạo Điểm Lấy Hàng"
ERROR - 2020-04-28 22:43:12 --> Could not find the language line "Tạo Đơn Hàng"
ERROR - 2020-04-28 22:43:12 --> Could not find the language line "Tải Excel"
ERROR - 2020-04-28 22:43:12 --> Could not find the language line "Đóng"
ERROR - 2020-04-28 22:43:12 --> Could not find the language line "Xác Nhận"
ERROR - 2020-04-28 22:43:12 --> Severity: Warning --> Invalid argument supplied for foreach() /home/admin/domains/spshd.com/public_html/khachhang/application/views/app.php 161
ERROR - 2020-04-28 22:43:12 --> Severity: Warning --> Invalid argument supplied for foreach() /home/admin/domains/spshd.com/public_html/khachhang/application/views/app.php 172
ERROR - 2020-04-28 22:43:12 --> Could not find the language line "Đóng"
ERROR - 2020-04-28 22:43:12 --> Could not find the language line "Xác Nhận"
ERROR - 2020-04-28 22:43:12 --> Could not find the language line "Đóng"
ERROR - 2020-04-28 22:43:12 --> Could not find the language line "Xác Nhận"
ERROR - 2020-04-28 22:43:12 --> Could not find the language line "Đóng"
ERROR - 2020-04-28 22:43:12 --> Could not find the language line "Tải"
ERROR - 2020-04-28 22:43:14 --> Could not find the language line "Tạo Điểm Lấy Hàng"
ERROR - 2020-04-28 22:43:14 --> Could not find the language line "Tạo Đơn Hàng"
ERROR - 2020-04-28 22:43:14 --> Could not find the language line "Tải Excel"
ERROR - 2020-04-28 22:43:14 --> Could not find the language line "Đóng"
ERROR - 2020-04-28 22:43:14 --> Could not find the language line "Xác Nhận"
ERROR - 2020-04-28 22:43:14 --> Severity: Warning --> Invalid argument supplied for foreach() /home/admin/domains/spshd.com/public_html/khachhang/application/views/app.php 161
ERROR - 2020-04-28 22:43:14 --> Severity: Warning --> Invalid argument supplied for foreach() /home/admin/domains/spshd.com/public_html/khachhang/application/views/app.php 172
ERROR - 2020-04-28 22:43:14 --> Could not find the language line "Đóng"
ERROR - 2020-04-28 22:43:14 --> Could not find the language line "Xác Nhận"
ERROR - 2020-04-28 22:43:14 --> Could not find the language line "Đóng"
ERROR - 2020-04-28 22:43:14 --> Could not find the language line "Xác Nhận"
ERROR - 2020-04-28 22:43:14 --> Could not find the language line "Đóng"
ERROR - 2020-04-28 22:43:14 --> Could not find the language line "Tải"
ERROR - 2020-04-28 22:43:27 --> Could not find the language line "Tạo Điểm Lấy Hàng"
ERROR - 2020-04-28 22:43:27 --> Could not find the language line "Tạo Đơn Hàng"
ERROR - 2020-04-28 22:43:27 --> Could not find the language line "Tải Excel"
ERROR - 2020-04-28 22:43:27 --> Could not find the language line "Đóng"
ERROR - 2020-04-28 22:43:27 --> Could not find the language line "Xác Nhận"
ERROR - 2020-04-28 22:43:27 --> Severity: Warning --> Invalid argument supplied for foreach() /home/admin/domains/spshd.com/public_html/khachhang/application/views/app.php 161
ERROR - 2020-04-28 22:43:27 --> Severity: Warning --> Invalid argument supplied for foreach() /home/admin/domains/spshd.com/public_html/khachhang/application/views/app.php 172
ERROR - 2020-04-28 22:43:27 --> Could not find the language line "Đóng"
ERROR - 2020-04-28 22:43:27 --> Could not find the language line "Xác Nhận"
ERROR - 2020-04-28 22:43:27 --> Could not find the language line "Đóng"
ERROR - 2020-04-28 22:43:27 --> Could not find the language line "Xác Nhận"
ERROR - 2020-04-28 22:43:27 --> Could not find the language line "Đóng"
ERROR - 2020-04-28 22:43:27 --> Could not find the language line "Tải"
ERROR - 2020-04-28 16:46:25 --> Could not find the language line "Email"
ERROR - 2020-04-28 16:46:25 --> Could not find the language line "password"
ERROR - 2020-04-28 22:51:34 --> Could not find the language line "Tạo Điểm Lấy Hàng"
ERROR - 2020-04-28 22:51:34 --> Could not find the language line "Tạo Đơn Hàng"
ERROR - 2020-04-28 22:51:34 --> Could not find the language line "Tải Excel"
ERROR - 2020-04-28 22:51:34 --> Could not find the language line "Đóng"
ERROR - 2020-04-28 22:51:34 --> Could not find the language line "Xác Nhận"
ERROR - 2020-04-28 22:51:34 --> Severity: Warning --> Invalid argument supplied for foreach() /home/admin/domains/spshd.com/public_html/khachhang/application/views/app.php 161
ERROR - 2020-04-28 22:51:34 --> Severity: Warning --> Invalid argument supplied for foreach() /home/admin/domains/spshd.com/public_html/khachhang/application/views/app.php 172
ERROR - 2020-04-28 22:51:34 --> Could not find the language line "Đóng"
ERROR - 2020-04-28 22:51:34 --> Could not find the language line "Xác Nhận"
ERROR - 2020-04-28 22:51:34 --> Could not find the language line "Đóng"
ERROR - 2020-04-28 22:51:34 --> Could not find the language line "Xác Nhận"
ERROR - 2020-04-28 22:51:34 --> Could not find the language line "Đóng"
ERROR - 2020-04-28 22:51:34 --> Could not find the language line "Tải"
ERROR - 2020-04-28 22:51:49 --> Could not find the language line "Tạo Điểm Lấy Hàng"
ERROR - 2020-04-28 22:51:49 --> Could not find the language line "Tạo Đơn Hàng"
ERROR - 2020-04-28 22:51:49 --> Could not find the language line "Tải Excel"
ERROR - 2020-04-28 22:51:49 --> Could not find the language line "Đóng"
ERROR - 2020-04-28 22:51:49 --> Could not find the language line "Xác Nhận"
ERROR - 2020-04-28 22:51:49 --> Severity: Warning --> Invalid argument supplied for foreach() /home/admin/domains/spshd.com/public_html/khachhang/application/views/app.php 161
ERROR - 2020-04-28 22:51:49 --> Severity: Warning --> Invalid argument supplied for foreach() /home/admin/domains/spshd.com/public_html/khachhang/application/views/app.php 172
ERROR - 2020-04-28 22:51:49 --> Could not find the language line "Đóng"
ERROR - 2020-04-28 22:51:49 --> Could not find the language line "Xác Nhận"
ERROR - 2020-04-28 22:51:49 --> Could not find the language line "Đóng"
ERROR - 2020-04-28 22:51:49 --> Could not find the language line "Xác Nhận"
ERROR - 2020-04-28 22:51:49 --> Could not find the language line "Đóng"
ERROR - 2020-04-28 22:51:49 --> Could not find the language line "Tải"
ERROR - 2020-04-28 22:52:48 --> Could not find the language line "Tạo Điểm Lấy Hàng"
ERROR - 2020-04-28 22:52:48 --> Could not find the language line "Tạo Đơn Hàng"
ERROR - 2020-04-28 22:52:48 --> Could not find the language line "Tải Excel"
ERROR - 2020-04-28 22:52:48 --> Could not find the language line "Đóng"
ERROR - 2020-04-28 22:52:48 --> Could not find the language line "Xác Nhận"
ERROR - 2020-04-28 22:52:48 --> Severity: Warning --> Invalid argument supplied for foreach() /home/admin/domains/spshd.com/public_html/khachhang/application/views/app.php 161
ERROR - 2020-04-28 22:52:48 --> Severity: Warning --> Invalid argument supplied for foreach() /home/admin/domains/spshd.com/public_html/khachhang/application/views/app.php 172
ERROR - 2020-04-28 22:52:48 --> Could not find the language line "Đóng"
ERROR - 2020-04-28 22:52:48 --> Could not find the language line "Xác Nhận"
ERROR - 2020-04-28 22:52:48 --> Could not find the language line "Đóng"
ERROR - 2020-04-28 22:52:48 --> Could not find the language line "Xác Nhận"
ERROR - 2020-04-28 22:52:48 --> Could not find the language line "Đóng"
ERROR - 2020-04-28 22:52:48 --> Could not find the language line "Tải"
ERROR - 2020-04-28 23:22:24 --> Could not find the language line "Tạo Điểm Lấy Hàng"
ERROR - 2020-04-28 23:22:24 --> Could not find the language line "Tạo Đơn Hàng"
ERROR - 2020-04-28 23:22:24 --> Could not find the language line "Tải Excel"
ERROR - 2020-04-28 23:22:24 --> Could not find the language line "Đóng"
ERROR - 2020-04-28 23:22:24 --> Could not find the language line "Xác Nhận"
ERROR - 2020-04-28 23:22:24 --> Severity: Warning --> Invalid argument supplied for foreach() /home/admin/domains/spshd.com/public_html/khachhang/application/views/app.php 161
ERROR - 2020-04-28 23:22:24 --> Severity: Warning --> Invalid argument supplied for foreach() /home/admin/domains/spshd.com/public_html/khachhang/application/views/app.php 172
ERROR - 2020-04-28 23:22:24 --> Could not find the language line "Đóng"
ERROR - 2020-04-28 23:22:24 --> Could not find the language line "Xác Nhận"
ERROR - 2020-04-28 23:22:24 --> Could not find the language line "Đóng"
ERROR - 2020-04-28 23:22:24 --> Could not find the language line "Xác Nhận"
ERROR - 2020-04-28 23:22:24 --> Could not find the language line "Đóng"
ERROR - 2020-04-28 23:22:24 --> Could not find the language line "Tải"
ERROR - 2020-04-28 17:28:53 --> Could not find the language line "Email"
ERROR - 2020-04-28 17:28:53 --> Could not find the language line "password"
ERROR - 2020-04-28 17:28:53 --> Could not find the language line "Email"
ERROR - 2020-04-28 17:28:53 --> Could not find the language line "password"
ERROR - 2020-04-28 23:29:16 --> Could not find the language line "Tạo Điểm Lấy Hàng"
ERROR - 2020-04-28 23:29:16 --> Could not find the language line "Tạo Đơn Hàng"
ERROR - 2020-04-28 23:29:16 --> Could not find the language line "Tải Excel"
ERROR - 2020-04-28 23:29:16 --> Could not find the language line "Đóng"
ERROR - 2020-04-28 23:29:16 --> Could not find the language line "Xác Nhận"
ERROR - 2020-04-28 23:29:16 --> Severity: Warning --> Invalid argument supplied for foreach() /home/admin/domains/spshd.com/public_html/khachhang/application/views/app.php 161
ERROR - 2020-04-28 23:29:16 --> Severity: Warning --> Invalid argument supplied for foreach() /home/admin/domains/spshd.com/public_html/khachhang/application/views/app.php 172
ERROR - 2020-04-28 23:29:16 --> Could not find the language line "Đóng"
ERROR - 2020-04-28 23:29:16 --> Could not find the language line "Xác Nhận"
ERROR - 2020-04-28 23:29:16 --> Could not find the language line "Đóng"
ERROR - 2020-04-28 23:29:16 --> Could not find the language line "Xác Nhận"
ERROR - 2020-04-28 23:29:16 --> Could not find the language line "Đóng"
ERROR - 2020-04-28 23:29:16 --> Could not find the language line "Tải"
ERROR - 2020-04-28 18:08:29 --> Could not find the language line "Email"
ERROR - 2020-04-28 18:08:29 --> Could not find the language line "password"
ERROR - 2020-04-28 19:07:47 --> Could not find the language line "Email"
ERROR - 2020-04-28 19:07:47 --> Could not find the language line "password"
ERROR - 2020-04-28 20:11:56 --> Could not find the language line "Email"
ERROR - 2020-04-28 20:11:56 --> Could not find the language line "password"
