ERROR - 2020-02-01 00:59:08 --> Could not find the language line "Email"
ERROR - 2020-02-01 00:59:08 --> Could not find the language line "password"
ERROR - 2020-02-01 01:03:40 --> Could not find the language line "Email"
ERROR - 2020-02-01 01:03:40 --> Could not find the language line "password"
ERROR - 2020-02-01 03:37:23 --> Could not find the language line "Email"
ERROR - 2020-02-01 03:37:23 --> Could not find the language line "password"
ERROR - 2020-02-01 09:20:36 --> Could not find the language line "Tạo Điểm Lấy Hàng"
ERROR - 2020-02-01 09:20:36 --> Could not find the language line "Tạo Đơn Hàng"
ERROR - 2020-02-01 09:20:36 --> Severity: Warning --> Invalid argument supplied for foreach() /home/admin/domains/spshd.com/public_html/khachhang/application/views/tab4.php 394
ERROR - 2020-02-01 09:20:36 --> Could not find the language line "Đóng"
ERROR - 2020-02-01 09:20:36 --> Could not find the language line "Xác Nhận"
ERROR - 2020-02-01 09:20:36 --> Severity: Warning --> Invalid argument supplied for foreach() /home/admin/domains/spshd.com/public_html/khachhang/application/views/app.php 157
ERROR - 2020-02-01 09:20:36 --> Severity: Warning --> Invalid argument supplied for foreach() /home/admin/domains/spshd.com/public_html/khachhang/application/views/app.php 168
ERROR - 2020-02-01 09:20:36 --> Could not find the language line "Đóng"
ERROR - 2020-02-01 09:20:36 --> Could not find the language line "Xác Nhận"
ERROR - 2020-02-01 09:20:36 --> Could not find the language line "Đóng"
ERROR - 2020-02-01 09:20:36 --> Could not find the language line "Xác Nhận"
ERROR - 2020-02-01 09:21:01 --> Could not find the language line "Tạo Điểm Lấy Hàng"
ERROR - 2020-02-01 09:21:01 --> Could not find the language line "Tạo Đơn Hàng"
ERROR - 2020-02-01 09:21:01 --> Severity: Warning --> Invalid argument supplied for foreach() /home/admin/domains/spshd.com/public_html/khachhang/application/views/tab4.php 394
ERROR - 2020-02-01 09:21:01 --> Could not find the language line "Đóng"
ERROR - 2020-02-01 09:21:01 --> Could not find the language line "Xác Nhận"
ERROR - 2020-02-01 09:21:01 --> Severity: Warning --> Invalid argument supplied for foreach() /home/admin/domains/spshd.com/public_html/khachhang/application/views/app.php 157
ERROR - 2020-02-01 09:21:01 --> Severity: Warning --> Invalid argument supplied for foreach() /home/admin/domains/spshd.com/public_html/khachhang/application/views/app.php 168
ERROR - 2020-02-01 09:21:01 --> Could not find the language line "Đóng"
ERROR - 2020-02-01 09:21:01 --> Could not find the language line "Xác Nhận"
ERROR - 2020-02-01 09:21:01 --> Could not find the language line "Đóng"
ERROR - 2020-02-01 09:21:01 --> Could not find the language line "Xác Nhận"
ERROR - 2020-02-01 09:47:32 --> Could not find the language line "Tạo Điểm Lấy Hàng"
ERROR - 2020-02-01 09:47:32 --> Could not find the language line "Tạo Đơn Hàng"
ERROR - 2020-02-01 09:47:32 --> Severity: Warning --> Invalid argument supplied for foreach() /home/admin/domains/spshd.com/public_html/khachhang/application/views/tab4.php 394
ERROR - 2020-02-01 09:47:32 --> Could not find the language line "Đóng"
ERROR - 2020-02-01 09:47:32 --> Could not find the language line "Xác Nhận"
ERROR - 2020-02-01 09:47:32 --> Severity: Warning --> Invalid argument supplied for foreach() /home/admin/domains/spshd.com/public_html/khachhang/application/views/app.php 157
ERROR - 2020-02-01 09:47:32 --> Severity: Warning --> Invalid argument supplied for foreach() /home/admin/domains/spshd.com/public_html/khachhang/application/views/app.php 168
ERROR - 2020-02-01 09:47:32 --> Could not find the language line "Đóng"
ERROR - 2020-02-01 09:47:32 --> Could not find the language line "Xác Nhận"
ERROR - 2020-02-01 09:47:32 --> Could not find the language line "Đóng"
ERROR - 2020-02-01 09:47:32 --> Could not find the language line "Xác Nhận"
ERROR - 2020-02-01 10:22:11 --> Could not find the language line "Tạo Điểm Lấy Hàng"
ERROR - 2020-02-01 10:22:11 --> Could not find the language line "Tạo Đơn Hàng"
ERROR - 2020-02-01 10:22:11 --> Severity: Warning --> Invalid argument supplied for foreach() /home/admin/domains/spshd.com/public_html/khachhang/application/views/tab4.php 394
ERROR - 2020-02-01 10:22:11 --> Could not find the language line "Đóng"
ERROR - 2020-02-01 10:22:11 --> Could not find the language line "Xác Nhận"
ERROR - 2020-02-01 10:22:11 --> Severity: Warning --> Invalid argument supplied for foreach() /home/admin/domains/spshd.com/public_html/khachhang/application/views/app.php 157
ERROR - 2020-02-01 10:22:11 --> Severity: Warning --> Invalid argument supplied for foreach() /home/admin/domains/spshd.com/public_html/khachhang/application/views/app.php 168
ERROR - 2020-02-01 10:22:11 --> Could not find the language line "Đóng"
ERROR - 2020-02-01 10:22:11 --> Could not find the language line "Xác Nhận"
ERROR - 2020-02-01 10:22:11 --> Could not find the language line "Đóng"
ERROR - 2020-02-01 10:22:11 --> Could not find the language line "Xác Nhận"
ERROR - 2020-02-01 12:07:57 --> Could not find the language line "Tạo Điểm Lấy Hàng"
ERROR - 2020-02-01 12:07:57 --> Could not find the language line "Tạo Đơn Hàng"
ERROR - 2020-02-01 12:07:57 --> Severity: Warning --> Invalid argument supplied for foreach() /home/admin/domains/spshd.com/public_html/khachhang/application/views/tab4.php 394
ERROR - 2020-02-01 12:07:57 --> Could not find the language line "Đóng"
ERROR - 2020-02-01 12:07:57 --> Could not find the language line "Xác Nhận"
ERROR - 2020-02-01 12:07:58 --> Severity: Warning --> Invalid argument supplied for foreach() /home/admin/domains/spshd.com/public_html/khachhang/application/views/app.php 157
ERROR - 2020-02-01 12:07:58 --> Severity: Warning --> Invalid argument supplied for foreach() /home/admin/domains/spshd.com/public_html/khachhang/application/views/app.php 168
ERROR - 2020-02-01 12:07:58 --> Could not find the language line "Đóng"
ERROR - 2020-02-01 12:07:58 --> Could not find the language line "Xác Nhận"
ERROR - 2020-02-01 12:07:58 --> Could not find the language line "Đóng"
ERROR - 2020-02-01 12:07:58 --> Could not find the language line "Xác Nhận"
ERROR - 2020-02-01 16:28:35 --> Could not find the language line "Email"
ERROR - 2020-02-01 16:28:35 --> Could not find the language line "password"
