ERROR - 2020-05-25 00:00:50 --> Could not find the language line "Tạo Điểm Lấy Hàng"
ERROR - 2020-05-25 00:00:50 --> Could not find the language line "Tạo Đơn Hàng"
ERROR - 2020-05-25 00:00:50 --> Could not find the language line "Tải Excel"
ERROR - 2020-05-25 00:00:50 --> Could not find the language line "Đóng"
ERROR - 2020-05-25 00:00:50 --> Could not find the language line "Xác Nhận"
ERROR - 2020-05-25 00:00:50 --> Severity: Warning --> Invalid argument supplied for foreach() /home/admin/domains/spshd.com/public_html/khachhang/application/views/app.php 162
ERROR - 2020-05-25 00:00:50 --> Severity: Warning --> Invalid argument supplied for foreach() /home/admin/domains/spshd.com/public_html/khachhang/application/views/app.php 173
ERROR - 2020-05-25 00:00:50 --> Could not find the language line "Đóng"
ERROR - 2020-05-25 00:00:50 --> Could not find the language line "Xác Nhận"
ERROR - 2020-05-25 00:00:50 --> Could not find the language line "Đóng"
ERROR - 2020-05-25 00:00:50 --> Could not find the language line "Xác Nhận"
ERROR - 2020-05-25 00:00:50 --> Could not find the language line "Đóng"
ERROR - 2020-05-25 00:00:50 --> Could not find the language line "Tải"
ERROR - 2020-05-25 07:27:42 --> Could not find the language line "Tạo Điểm Lấy Hàng"
ERROR - 2020-05-25 07:27:42 --> Could not find the language line "Tạo Đơn Hàng"
ERROR - 2020-05-25 07:27:42 --> Could not find the language line "Tải Excel"
ERROR - 2020-05-25 07:27:42 --> Could not find the language line "Đóng"
ERROR - 2020-05-25 07:27:42 --> Could not find the language line "Xác Nhận"
ERROR - 2020-05-25 07:27:42 --> Severity: Warning --> Invalid argument supplied for foreach() /home/admin/domains/spshd.com/public_html/khachhang/application/views/app.php 162
ERROR - 2020-05-25 07:27:42 --> Severity: Warning --> Invalid argument supplied for foreach() /home/admin/domains/spshd.com/public_html/khachhang/application/views/app.php 173
ERROR - 2020-05-25 07:27:42 --> Could not find the language line "Đóng"
ERROR - 2020-05-25 07:27:42 --> Could not find the language line "Xác Nhận"
ERROR - 2020-05-25 07:27:42 --> Could not find the language line "Đóng"
ERROR - 2020-05-25 07:27:42 --> Could not find the language line "Xác Nhận"
ERROR - 2020-05-25 07:27:42 --> Could not find the language line "Đóng"
ERROR - 2020-05-25 07:27:42 --> Could not find the language line "Tải"
ERROR - 2020-05-25 07:45:32 --> Could not find the language line "Tạo Điểm Lấy Hàng"
ERROR - 2020-05-25 07:45:32 --> Could not find the language line "Tạo Đơn Hàng"
ERROR - 2020-05-25 07:45:32 --> Could not find the language line "Tải Excel"
ERROR - 2020-05-25 07:45:32 --> Could not find the language line "Đóng"
ERROR - 2020-05-25 07:45:32 --> Could not find the language line "Xác Nhận"
ERROR - 2020-05-25 07:45:32 --> Severity: Warning --> Invalid argument supplied for foreach() /home/admin/domains/spshd.com/public_html/khachhang/application/views/app.php 162
ERROR - 2020-05-25 07:45:32 --> Severity: Warning --> Invalid argument supplied for foreach() /home/admin/domains/spshd.com/public_html/khachhang/application/views/app.php 173
ERROR - 2020-05-25 07:45:32 --> Could not find the language line "Đóng"
ERROR - 2020-05-25 07:45:32 --> Could not find the language line "Xác Nhận"
ERROR - 2020-05-25 07:45:32 --> Could not find the language line "Đóng"
ERROR - 2020-05-25 07:45:32 --> Could not find the language line "Xác Nhận"
ERROR - 2020-05-25 07:45:32 --> Could not find the language line "Đóng"
ERROR - 2020-05-25 07:45:32 --> Could not find the language line "Tải"
ERROR - 2020-05-25 07:56:01 --> Could not find the language line "Tạo Điểm Lấy Hàng"
ERROR - 2020-05-25 07:56:01 --> Could not find the language line "Tạo Đơn Hàng"
ERROR - 2020-05-25 07:56:01 --> Could not find the language line "Tải Excel"
ERROR - 2020-05-25 07:56:01 --> Could not find the language line "Đóng"
ERROR - 2020-05-25 07:56:01 --> Could not find the language line "Xác Nhận"
ERROR - 2020-05-25 07:56:01 --> Severity: Warning --> Invalid argument supplied for foreach() /home/admin/domains/spshd.com/public_html/khachhang/application/views/app.php 162
ERROR - 2020-05-25 07:56:01 --> Severity: Warning --> Invalid argument supplied for foreach() /home/admin/domains/spshd.com/public_html/khachhang/application/views/app.php 173
ERROR - 2020-05-25 07:56:01 --> Could not find the language line "Đóng"
ERROR - 2020-05-25 07:56:01 --> Could not find the language line "Xác Nhận"
ERROR - 2020-05-25 07:56:01 --> Could not find the language line "Đóng"
ERROR - 2020-05-25 07:56:01 --> Could not find the language line "Xác Nhận"
ERROR - 2020-05-25 07:56:01 --> Could not find the language line "Đóng"
ERROR - 2020-05-25 07:56:01 --> Could not find the language line "Tải"
ERROR - 2020-05-25 07:59:15 --> Could not find the language line "Tạo Điểm Lấy Hàng"
ERROR - 2020-05-25 07:59:15 --> Could not find the language line "Tạo Đơn Hàng"
ERROR - 2020-05-25 07:59:15 --> Could not find the language line "Tải Excel"
ERROR - 2020-05-25 07:59:15 --> Could not find the language line "Đóng"
ERROR - 2020-05-25 07:59:15 --> Could not find the language line "Xác Nhận"
ERROR - 2020-05-25 07:59:15 --> Severity: Warning --> Invalid argument supplied for foreach() /home/admin/domains/spshd.com/public_html/khachhang/application/views/app.php 162
ERROR - 2020-05-25 07:59:15 --> Severity: Warning --> Invalid argument supplied for foreach() /home/admin/domains/spshd.com/public_html/khachhang/application/views/app.php 173
ERROR - 2020-05-25 07:59:15 --> Could not find the language line "Đóng"
ERROR - 2020-05-25 07:59:15 --> Could not find the language line "Xác Nhận"
ERROR - 2020-05-25 07:59:15 --> Could not find the language line "Đóng"
ERROR - 2020-05-25 07:59:15 --> Could not find the language line "Xác Nhận"
ERROR - 2020-05-25 07:59:15 --> Could not find the language line "Đóng"
ERROR - 2020-05-25 07:59:15 --> Could not find the language line "Tải"
ERROR - 2020-05-25 08:01:40 --> Could not find the language line "Tạo Điểm Lấy Hàng"
ERROR - 2020-05-25 08:01:40 --> Could not find the language line "Tạo Đơn Hàng"
ERROR - 2020-05-25 08:01:40 --> Could not find the language line "Tải Excel"
ERROR - 2020-05-25 08:01:40 --> Could not find the language line "Đóng"
ERROR - 2020-05-25 08:01:40 --> Could not find the language line "Xác Nhận"
ERROR - 2020-05-25 08:01:40 --> Severity: Warning --> Invalid argument supplied for foreach() /home/admin/domains/spshd.com/public_html/khachhang/application/views/app.php 162
ERROR - 2020-05-25 08:01:40 --> Severity: Warning --> Invalid argument supplied for foreach() /home/admin/domains/spshd.com/public_html/khachhang/application/views/app.php 173
ERROR - 2020-05-25 08:01:40 --> Could not find the language line "Đóng"
ERROR - 2020-05-25 08:01:40 --> Could not find the language line "Xác Nhận"
ERROR - 2020-05-25 08:01:40 --> Could not find the language line "Đóng"
ERROR - 2020-05-25 08:01:40 --> Could not find the language line "Xác Nhận"
ERROR - 2020-05-25 08:01:40 --> Could not find the language line "Đóng"
ERROR - 2020-05-25 08:01:40 --> Could not find the language line "Tải"
ERROR - 2020-05-25 08:06:24 --> Could not find the language line "Tạo Điểm Lấy Hàng"
ERROR - 2020-05-25 08:06:24 --> Could not find the language line "Tạo Đơn Hàng"
ERROR - 2020-05-25 08:06:24 --> Could not find the language line "Tải Excel"
ERROR - 2020-05-25 08:06:24 --> Could not find the language line "Đóng"
ERROR - 2020-05-25 08:06:24 --> Could not find the language line "Xác Nhận"
ERROR - 2020-05-25 08:06:24 --> Severity: Warning --> Invalid argument supplied for foreach() /home/admin/domains/spshd.com/public_html/khachhang/application/views/app.php 162
ERROR - 2020-05-25 08:06:24 --> Severity: Warning --> Invalid argument supplied for foreach() /home/admin/domains/spshd.com/public_html/khachhang/application/views/app.php 173
ERROR - 2020-05-25 08:06:24 --> Could not find the language line "Đóng"
ERROR - 2020-05-25 08:06:24 --> Could not find the language line "Xác Nhận"
ERROR - 2020-05-25 08:06:24 --> Could not find the language line "Đóng"
ERROR - 2020-05-25 08:06:24 --> Could not find the language line "Xác Nhận"
ERROR - 2020-05-25 08:06:24 --> Could not find the language line "Đóng"
ERROR - 2020-05-25 08:06:24 --> Could not find the language line "Tải"
ERROR - 2020-05-25 08:06:25 --> Could not find the language line "Tạo Điểm Lấy Hàng"
ERROR - 2020-05-25 08:06:25 --> Could not find the language line "Tạo Đơn Hàng"
ERROR - 2020-05-25 08:06:25 --> Could not find the language line "Tải Excel"
ERROR - 2020-05-25 08:06:25 --> Could not find the language line "Đóng"
ERROR - 2020-05-25 08:06:25 --> Could not find the language line "Xác Nhận"
ERROR - 2020-05-25 08:06:25 --> Severity: Warning --> Invalid argument supplied for foreach() /home/admin/domains/spshd.com/public_html/khachhang/application/views/app.php 162
ERROR - 2020-05-25 08:06:25 --> Severity: Warning --> Invalid argument supplied for foreach() /home/admin/domains/spshd.com/public_html/khachhang/application/views/app.php 173
ERROR - 2020-05-25 08:06:25 --> Could not find the language line "Đóng"
ERROR - 2020-05-25 08:06:25 --> Could not find the language line "Xác Nhận"
ERROR - 2020-05-25 08:06:25 --> Could not find the language line "Đóng"
ERROR - 2020-05-25 08:06:25 --> Could not find the language line "Xác Nhận"
ERROR - 2020-05-25 08:06:25 --> Could not find the language line "Đóng"
ERROR - 2020-05-25 08:06:25 --> Could not find the language line "Tải"
ERROR - 2020-05-25 08:06:56 --> Could not find the language line "Tạo Điểm Lấy Hàng"
ERROR - 2020-05-25 08:06:56 --> Could not find the language line "Tạo Đơn Hàng"
ERROR - 2020-05-25 08:06:56 --> Could not find the language line "Tải Excel"
ERROR - 2020-05-25 08:06:56 --> Could not find the language line "Đóng"
ERROR - 2020-05-25 08:06:56 --> Could not find the language line "Xác Nhận"
ERROR - 2020-05-25 08:06:56 --> Severity: Warning --> Invalid argument supplied for foreach() /home/admin/domains/spshd.com/public_html/khachhang/application/views/app.php 162
ERROR - 2020-05-25 08:06:56 --> Severity: Warning --> Invalid argument supplied for foreach() /home/admin/domains/spshd.com/public_html/khachhang/application/views/app.php 173
ERROR - 2020-05-25 08:06:56 --> Could not find the language line "Đóng"
ERROR - 2020-05-25 08:06:56 --> Could not find the language line "Xác Nhận"
ERROR - 2020-05-25 08:06:56 --> Could not find the language line "Đóng"
ERROR - 2020-05-25 08:06:56 --> Could not find the language line "Xác Nhận"
ERROR - 2020-05-25 08:06:56 --> Could not find the language line "Đóng"
ERROR - 2020-05-25 08:06:56 --> Could not find the language line "Tải"
ERROR - 2020-05-25 08:13:19 --> Could not find the language line "Tạo Điểm Lấy Hàng"
ERROR - 2020-05-25 08:13:19 --> Could not find the language line "Tạo Đơn Hàng"
ERROR - 2020-05-25 08:13:19 --> Could not find the language line "Tải Excel"
ERROR - 2020-05-25 08:13:19 --> Could not find the language line "Đóng"
ERROR - 2020-05-25 08:13:19 --> Could not find the language line "Xác Nhận"
ERROR - 2020-05-25 08:13:19 --> Severity: Warning --> Invalid argument supplied for foreach() /home/admin/domains/spshd.com/public_html/khachhang/application/views/app.php 162
ERROR - 2020-05-25 08:13:19 --> Severity: Warning --> Invalid argument supplied for foreach() /home/admin/domains/spshd.com/public_html/khachhang/application/views/app.php 173
ERROR - 2020-05-25 08:13:19 --> Could not find the language line "Đóng"
ERROR - 2020-05-25 08:13:19 --> Could not find the language line "Xác Nhận"
ERROR - 2020-05-25 08:13:19 --> Could not find the language line "Đóng"
ERROR - 2020-05-25 08:13:19 --> Could not find the language line "Xác Nhận"
ERROR - 2020-05-25 08:13:19 --> Could not find the language line "Đóng"
ERROR - 2020-05-25 08:13:19 --> Could not find the language line "Tải"
ERROR - 2020-05-25 08:30:58 --> Could not find the language line "Tạo Điểm Lấy Hàng"
ERROR - 2020-05-25 08:30:58 --> Could not find the language line "Tạo Đơn Hàng"
ERROR - 2020-05-25 08:30:58 --> Could not find the language line "Tải Excel"
ERROR - 2020-05-25 08:30:58 --> Could not find the language line "Đóng"
ERROR - 2020-05-25 08:30:58 --> Could not find the language line "Xác Nhận"
ERROR - 2020-05-25 08:30:58 --> Severity: Warning --> Invalid argument supplied for foreach() /home/admin/domains/spshd.com/public_html/khachhang/application/views/app.php 162
ERROR - 2020-05-25 08:30:58 --> Severity: Warning --> Invalid argument supplied for foreach() /home/admin/domains/spshd.com/public_html/khachhang/application/views/app.php 173
ERROR - 2020-05-25 08:30:58 --> Could not find the language line "Đóng"
ERROR - 2020-05-25 08:30:58 --> Could not find the language line "Xác Nhận"
ERROR - 2020-05-25 08:30:58 --> Could not find the language line "Đóng"
ERROR - 2020-05-25 08:30:58 --> Could not find the language line "Xác Nhận"
ERROR - 2020-05-25 08:30:58 --> Could not find the language line "Đóng"
ERROR - 2020-05-25 08:30:58 --> Could not find the language line "Tải"
ERROR - 2020-05-25 08:37:35 --> Could not find the language line "Tạo Điểm Lấy Hàng"
ERROR - 2020-05-25 08:37:35 --> Could not find the language line "Tạo Đơn Hàng"
ERROR - 2020-05-25 08:37:35 --> Could not find the language line "Tải Excel"
ERROR - 2020-05-25 08:37:35 --> Could not find the language line "Đóng"
ERROR - 2020-05-25 08:37:35 --> Could not find the language line "Xác Nhận"
ERROR - 2020-05-25 08:37:35 --> Severity: Warning --> Invalid argument supplied for foreach() /home/admin/domains/spshd.com/public_html/khachhang/application/views/app.php 162
ERROR - 2020-05-25 08:37:35 --> Severity: Warning --> Invalid argument supplied for foreach() /home/admin/domains/spshd.com/public_html/khachhang/application/views/app.php 173
ERROR - 2020-05-25 08:37:35 --> Could not find the language line "Đóng"
ERROR - 2020-05-25 08:37:35 --> Could not find the language line "Xác Nhận"
ERROR - 2020-05-25 08:37:35 --> Could not find the language line "Đóng"
ERROR - 2020-05-25 08:37:35 --> Could not find the language line "Xác Nhận"
ERROR - 2020-05-25 08:37:35 --> Could not find the language line "Đóng"
ERROR - 2020-05-25 08:37:35 --> Could not find the language line "Tải"
ERROR - 2020-05-25 08:42:33 --> Could not find the language line "Tạo Điểm Lấy Hàng"
ERROR - 2020-05-25 08:42:33 --> Could not find the language line "Tạo Đơn Hàng"
ERROR - 2020-05-25 08:42:33 --> Could not find the language line "Tải Excel"
ERROR - 2020-05-25 08:42:33 --> Could not find the language line "Đóng"
ERROR - 2020-05-25 08:42:33 --> Could not find the language line "Xác Nhận"
ERROR - 2020-05-25 08:42:33 --> Severity: Warning --> Invalid argument supplied for foreach() /home/admin/domains/spshd.com/public_html/khachhang/application/views/app.php 162
ERROR - 2020-05-25 08:42:33 --> Severity: Warning --> Invalid argument supplied for foreach() /home/admin/domains/spshd.com/public_html/khachhang/application/views/app.php 173
ERROR - 2020-05-25 08:42:33 --> Could not find the language line "Đóng"
ERROR - 2020-05-25 08:42:33 --> Could not find the language line "Xác Nhận"
ERROR - 2020-05-25 08:42:33 --> Could not find the language line "Đóng"
ERROR - 2020-05-25 08:42:33 --> Could not find the language line "Xác Nhận"
ERROR - 2020-05-25 08:42:33 --> Could not find the language line "Đóng"
ERROR - 2020-05-25 08:42:33 --> Could not find the language line "Tải"
ERROR - 2020-05-25 08:52:26 --> Could not find the language line "Tạo Điểm Lấy Hàng"
ERROR - 2020-05-25 08:52:26 --> Could not find the language line "Tạo Đơn Hàng"
ERROR - 2020-05-25 08:52:26 --> Could not find the language line "Tải Excel"
ERROR - 2020-05-25 08:52:26 --> Could not find the language line "Đóng"
ERROR - 2020-05-25 08:52:26 --> Could not find the language line "Xác Nhận"
ERROR - 2020-05-25 08:52:26 --> Severity: Warning --> Invalid argument supplied for foreach() /home/admin/domains/spshd.com/public_html/khachhang/application/views/app.php 162
ERROR - 2020-05-25 08:52:26 --> Severity: Warning --> Invalid argument supplied for foreach() /home/admin/domains/spshd.com/public_html/khachhang/application/views/app.php 173
ERROR - 2020-05-25 08:52:26 --> Could not find the language line "Đóng"
ERROR - 2020-05-25 08:52:26 --> Could not find the language line "Xác Nhận"
ERROR - 2020-05-25 08:52:26 --> Could not find the language line "Đóng"
ERROR - 2020-05-25 08:52:26 --> Could not find the language line "Xác Nhận"
ERROR - 2020-05-25 08:52:26 --> Could not find the language line "Đóng"
ERROR - 2020-05-25 08:52:26 --> Could not find the language line "Tải"
ERROR - 2020-05-25 09:23:57 --> Could not find the language line "Tạo Điểm Lấy Hàng"
ERROR - 2020-05-25 09:23:57 --> Could not find the language line "Tạo Đơn Hàng"
ERROR - 2020-05-25 09:23:57 --> Could not find the language line "Tải Excel"
ERROR - 2020-05-25 09:23:57 --> Could not find the language line "Đóng"
ERROR - 2020-05-25 09:23:57 --> Could not find the language line "Xác Nhận"
ERROR - 2020-05-25 09:23:57 --> Severity: Warning --> Invalid argument supplied for foreach() /home/admin/domains/spshd.com/public_html/khachhang/application/views/app.php 162
ERROR - 2020-05-25 09:23:57 --> Severity: Warning --> Invalid argument supplied for foreach() /home/admin/domains/spshd.com/public_html/khachhang/application/views/app.php 173
ERROR - 2020-05-25 09:23:57 --> Could not find the language line "Đóng"
ERROR - 2020-05-25 09:23:57 --> Could not find the language line "Xác Nhận"
ERROR - 2020-05-25 09:23:57 --> Could not find the language line "Đóng"
ERROR - 2020-05-25 09:23:57 --> Could not find the language line "Xác Nhận"
ERROR - 2020-05-25 09:23:57 --> Could not find the language line "Đóng"
ERROR - 2020-05-25 09:23:57 --> Could not find the language line "Tải"
ERROR - 2020-05-25 09:46:22 --> Could not find the language line "Tạo Điểm Lấy Hàng"
ERROR - 2020-05-25 09:46:22 --> Could not find the language line "Tạo Đơn Hàng"
ERROR - 2020-05-25 09:46:22 --> Could not find the language line "Tải Excel"
ERROR - 2020-05-25 09:46:22 --> Could not find the language line "Đóng"
ERROR - 2020-05-25 09:46:22 --> Could not find the language line "Xác Nhận"
ERROR - 2020-05-25 09:46:22 --> Severity: Warning --> Invalid argument supplied for foreach() /home/admin/domains/spshd.com/public_html/khachhang/application/views/app.php 162
ERROR - 2020-05-25 09:46:22 --> Severity: Warning --> Invalid argument supplied for foreach() /home/admin/domains/spshd.com/public_html/khachhang/application/views/app.php 173
ERROR - 2020-05-25 09:46:22 --> Could not find the language line "Đóng"
ERROR - 2020-05-25 09:46:22 --> Could not find the language line "Xác Nhận"
ERROR - 2020-05-25 09:46:22 --> Could not find the language line "Đóng"
ERROR - 2020-05-25 09:46:22 --> Could not find the language line "Xác Nhận"
ERROR - 2020-05-25 09:46:22 --> Could not find the language line "Đóng"
ERROR - 2020-05-25 09:46:22 --> Could not find the language line "Tải"
ERROR - 2020-05-25 09:47:51 --> Could not find the language line "Tạo Điểm Lấy Hàng"
ERROR - 2020-05-25 09:47:51 --> Could not find the language line "Tạo Đơn Hàng"
ERROR - 2020-05-25 09:47:51 --> Could not find the language line "Tải Excel"
ERROR - 2020-05-25 09:47:51 --> Could not find the language line "Đóng"
ERROR - 2020-05-25 09:47:51 --> Could not find the language line "Xác Nhận"
ERROR - 2020-05-25 09:47:51 --> Severity: Warning --> Invalid argument supplied for foreach() /home/admin/domains/spshd.com/public_html/khachhang/application/views/app.php 162
ERROR - 2020-05-25 09:47:51 --> Severity: Warning --> Invalid argument supplied for foreach() /home/admin/domains/spshd.com/public_html/khachhang/application/views/app.php 173
ERROR - 2020-05-25 09:47:51 --> Could not find the language line "Đóng"
ERROR - 2020-05-25 09:47:51 --> Could not find the language line "Xác Nhận"
ERROR - 2020-05-25 09:47:51 --> Could not find the language line "Đóng"
ERROR - 2020-05-25 09:47:51 --> Could not find the language line "Xác Nhận"
ERROR - 2020-05-25 09:47:51 --> Could not find the language line "Đóng"
ERROR - 2020-05-25 09:47:51 --> Could not find the language line "Tải"
ERROR - 2020-05-25 10:06:00 --> Could not find the language line "Tạo Điểm Lấy Hàng"
ERROR - 2020-05-25 10:06:00 --> Could not find the language line "Tạo Đơn Hàng"
ERROR - 2020-05-25 10:06:00 --> Could not find the language line "Tải Excel"
ERROR - 2020-05-25 10:06:00 --> Could not find the language line "Đóng"
ERROR - 2020-05-25 10:06:00 --> Could not find the language line "Xác Nhận"
ERROR - 2020-05-25 10:06:00 --> Severity: Warning --> Invalid argument supplied for foreach() /home/admin/domains/spshd.com/public_html/khachhang/application/views/app.php 162
ERROR - 2020-05-25 10:06:00 --> Severity: Warning --> Invalid argument supplied for foreach() /home/admin/domains/spshd.com/public_html/khachhang/application/views/app.php 173
ERROR - 2020-05-25 10:06:00 --> Could not find the language line "Đóng"
ERROR - 2020-05-25 10:06:00 --> Could not find the language line "Xác Nhận"
ERROR - 2020-05-25 10:06:00 --> Could not find the language line "Đóng"
ERROR - 2020-05-25 10:06:00 --> Could not find the language line "Xác Nhận"
ERROR - 2020-05-25 10:06:00 --> Could not find the language line "Đóng"
ERROR - 2020-05-25 10:06:00 --> Could not find the language line "Tải"
ERROR - 2020-05-25 04:12:25 --> Could not find the language line "Email"
ERROR - 2020-05-25 04:12:25 --> Could not find the language line "password"
ERROR - 2020-05-25 04:13:27 --> Could not find the language line "Email"
ERROR - 2020-05-25 04:13:27 --> Could not find the language line "password"
ERROR - 2020-05-25 04:15:52 --> Could not find the language line "Email"
ERROR - 2020-05-25 04:15:52 --> Could not find the language line "password"
ERROR - 2020-05-25 04:15:59 --> Could not find the language line "Email"
ERROR - 2020-05-25 04:15:59 --> Could not find the language line "password"
ERROR - 2020-05-25 04:17:57 --> Could not find the language line "Email"
ERROR - 2020-05-25 04:17:57 --> Could not find the language line "password"
ERROR - 2020-05-25 04:18:00 --> Could not find the language line "Email"
ERROR - 2020-05-25 04:18:00 --> Could not find the language line "password"
ERROR - 2020-05-25 04:18:05 --> Could not find the language line "Email"
ERROR - 2020-05-25 04:18:05 --> Could not find the language line "password"
ERROR - 2020-05-25 04:18:35 --> Could not find the language line "Email"
ERROR - 2020-05-25 04:18:35 --> Could not find the language line "password"
ERROR - 2020-05-25 04:19:31 --> Could not find the language line "Email"
ERROR - 2020-05-25 04:19:31 --> Could not find the language line "password"
ERROR - 2020-05-25 04:20:28 --> Could not find the language line "Email"
ERROR - 2020-05-25 04:20:28 --> Could not find the language line "password"
ERROR - 2020-05-25 04:23:02 --> Could not find the language line "Email"
ERROR - 2020-05-25 04:23:02 --> Could not find the language line "password"
ERROR - 2020-05-25 04:24:31 --> Could not find the language line "Email"
ERROR - 2020-05-25 04:24:31 --> Could not find the language line "password"
ERROR - 2020-05-25 10:24:54 --> Could not find the language line "Tạo Điểm Lấy Hàng"
ERROR - 2020-05-25 10:24:54 --> Could not find the language line "Tạo Đơn Hàng"
ERROR - 2020-05-25 10:24:54 --> Could not find the language line "Tải Excel"
ERROR - 2020-05-25 10:24:54 --> Could not find the language line "Đóng"
ERROR - 2020-05-25 10:24:54 --> Could not find the language line "Xác Nhận"
ERROR - 2020-05-25 10:24:54 --> Severity: Warning --> Invalid argument supplied for foreach() /home/admin/domains/spshd.com/public_html/khachhang/application/views/app.php 162
ERROR - 2020-05-25 10:24:54 --> Severity: Warning --> Invalid argument supplied for foreach() /home/admin/domains/spshd.com/public_html/khachhang/application/views/app.php 173
ERROR - 2020-05-25 10:24:54 --> Could not find the language line "Đóng"
ERROR - 2020-05-25 10:24:54 --> Could not find the language line "Xác Nhận"
ERROR - 2020-05-25 10:24:54 --> Could not find the language line "Đóng"
ERROR - 2020-05-25 10:24:54 --> Could not find the language line "Xác Nhận"
ERROR - 2020-05-25 10:24:54 --> Could not find the language line "Đóng"
ERROR - 2020-05-25 10:24:54 --> Could not find the language line "Tải"
ERROR - 2020-05-25 10:24:54 --> Could not find the language line "Tạo Điểm Lấy Hàng"
ERROR - 2020-05-25 10:24:54 --> Could not find the language line "Tạo Đơn Hàng"
ERROR - 2020-05-25 10:24:54 --> Could not find the language line "Tải Excel"
ERROR - 2020-05-25 10:24:54 --> Could not find the language line "Đóng"
ERROR - 2020-05-25 10:24:54 --> Could not find the language line "Xác Nhận"
ERROR - 2020-05-25 10:24:54 --> Severity: Warning --> Invalid argument supplied for foreach() /home/admin/domains/spshd.com/public_html/khachhang/application/views/app.php 162
ERROR - 2020-05-25 10:24:54 --> Severity: Warning --> Invalid argument supplied for foreach() /home/admin/domains/spshd.com/public_html/khachhang/application/views/app.php 173
ERROR - 2020-05-25 10:24:54 --> Could not find the language line "Đóng"
ERROR - 2020-05-25 10:24:54 --> Could not find the language line "Xác Nhận"
ERROR - 2020-05-25 10:24:54 --> Could not find the language line "Đóng"
ERROR - 2020-05-25 10:24:54 --> Could not find the language line "Xác Nhận"
ERROR - 2020-05-25 10:24:54 --> Could not find the language line "Đóng"
ERROR - 2020-05-25 10:24:54 --> Could not find the language line "Tải"
ERROR - 2020-05-25 04:25:21 --> Could not find the language line "Email"
ERROR - 2020-05-25 04:25:21 --> Could not find the language line "password"
ERROR - 2020-05-25 04:25:31 --> Could not find the language line "Email"
ERROR - 2020-05-25 04:25:31 --> Could not find the language line "password"
ERROR - 2020-05-25 04:26:48 --> Could not find the language line "Email"
ERROR - 2020-05-25 04:26:48 --> Could not find the language line "password"
ERROR - 2020-05-25 10:29:22 --> Could not find the language line "Tạo Điểm Lấy Hàng"
ERROR - 2020-05-25 10:29:22 --> Could not find the language line "Tạo Đơn Hàng"
ERROR - 2020-05-25 10:29:22 --> Could not find the language line "Tải Excel"
ERROR - 2020-05-25 10:29:22 --> Could not find the language line "Đóng"
ERROR - 2020-05-25 10:29:22 --> Could not find the language line "Xác Nhận"
ERROR - 2020-05-25 10:29:22 --> Severity: Warning --> Invalid argument supplied for foreach() /home/admin/domains/spshd.com/public_html/khachhang/application/views/app.php 162
ERROR - 2020-05-25 10:29:22 --> Severity: Warning --> Invalid argument supplied for foreach() /home/admin/domains/spshd.com/public_html/khachhang/application/views/app.php 173
ERROR - 2020-05-25 10:29:22 --> Could not find the language line "Đóng"
ERROR - 2020-05-25 10:29:22 --> Could not find the language line "Xác Nhận"
ERROR - 2020-05-25 10:29:22 --> Could not find the language line "Đóng"
ERROR - 2020-05-25 10:29:22 --> Could not find the language line "Xác Nhận"
ERROR - 2020-05-25 10:29:22 --> Could not find the language line "Đóng"
ERROR - 2020-05-25 10:29:22 --> Could not find the language line "Tải"
ERROR - 2020-05-25 04:30:38 --> Could not find the language line "Email"
ERROR - 2020-05-25 04:30:38 --> Could not find the language line "password"
ERROR - 2020-05-25 04:32:00 --> Could not find the language line "Email"
ERROR - 2020-05-25 04:32:00 --> Could not find the language line "password"
ERROR - 2020-05-25 04:47:06 --> Could not find the language line "Email"
ERROR - 2020-05-25 04:47:06 --> Could not find the language line "password"
ERROR - 2020-05-25 10:47:19 --> Could not find the language line "Tạo Điểm Lấy Hàng"
ERROR - 2020-05-25 10:47:19 --> Could not find the language line "Tạo Đơn Hàng"
ERROR - 2020-05-25 10:47:19 --> Could not find the language line "Tải Excel"
ERROR - 2020-05-25 10:47:19 --> Could not find the language line "Đóng"
ERROR - 2020-05-25 10:47:19 --> Could not find the language line "Xác Nhận"
ERROR - 2020-05-25 10:47:19 --> Severity: Warning --> Invalid argument supplied for foreach() /home/admin/domains/spshd.com/public_html/khachhang/application/views/app.php 162
ERROR - 2020-05-25 10:47:19 --> Severity: Warning --> Invalid argument supplied for foreach() /home/admin/domains/spshd.com/public_html/khachhang/application/views/app.php 173
ERROR - 2020-05-25 10:47:19 --> Could not find the language line "Đóng"
ERROR - 2020-05-25 10:47:19 --> Could not find the language line "Xác Nhận"
ERROR - 2020-05-25 10:47:19 --> Could not find the language line "Đóng"
ERROR - 2020-05-25 10:47:19 --> Could not find the language line "Xác Nhận"
ERROR - 2020-05-25 10:47:19 --> Could not find the language line "Đóng"
ERROR - 2020-05-25 10:47:19 --> Could not find the language line "Tải"
ERROR - 2020-05-25 10:47:55 --> Could not find the language line "Tạo Điểm Lấy Hàng"
ERROR - 2020-05-25 10:47:55 --> Could not find the language line "Tạo Đơn Hàng"
ERROR - 2020-05-25 10:47:55 --> Could not find the language line "Tải Excel"
ERROR - 2020-05-25 10:47:55 --> Could not find the language line "Đóng"
ERROR - 2020-05-25 10:47:55 --> Could not find the language line "Xác Nhận"
ERROR - 2020-05-25 10:47:55 --> Severity: Warning --> Invalid argument supplied for foreach() /home/admin/domains/spshd.com/public_html/khachhang/application/views/app.php 162
ERROR - 2020-05-25 10:47:55 --> Severity: Warning --> Invalid argument supplied for foreach() /home/admin/domains/spshd.com/public_html/khachhang/application/views/app.php 173
ERROR - 2020-05-25 10:47:55 --> Could not find the language line "Đóng"
ERROR - 2020-05-25 10:47:55 --> Could not find the language line "Xác Nhận"
ERROR - 2020-05-25 10:47:55 --> Could not find the language line "Đóng"
ERROR - 2020-05-25 10:47:55 --> Could not find the language line "Xác Nhận"
ERROR - 2020-05-25 10:47:55 --> Could not find the language line "Đóng"
ERROR - 2020-05-25 10:47:55 --> Could not find the language line "Tải"
ERROR - 2020-05-25 11:14:23 --> Could not find the language line "Tạo Điểm Lấy Hàng"
ERROR - 2020-05-25 11:14:23 --> Could not find the language line "Tạo Đơn Hàng"
ERROR - 2020-05-25 11:14:23 --> Could not find the language line "Tải Excel"
ERROR - 2020-05-25 11:14:23 --> Could not find the language line "Đóng"
ERROR - 2020-05-25 11:14:23 --> Could not find the language line "Xác Nhận"
ERROR - 2020-05-25 11:14:23 --> Severity: Warning --> Invalid argument supplied for foreach() /home/admin/domains/spshd.com/public_html/khachhang/application/views/app.php 162
ERROR - 2020-05-25 11:14:23 --> Severity: Warning --> Invalid argument supplied for foreach() /home/admin/domains/spshd.com/public_html/khachhang/application/views/app.php 173
ERROR - 2020-05-25 11:14:23 --> Could not find the language line "Đóng"
ERROR - 2020-05-25 11:14:23 --> Could not find the language line "Xác Nhận"
ERROR - 2020-05-25 11:14:23 --> Could not find the language line "Đóng"
ERROR - 2020-05-25 11:14:23 --> Could not find the language line "Xác Nhận"
ERROR - 2020-05-25 11:14:23 --> Could not find the language line "Đóng"
ERROR - 2020-05-25 11:14:23 --> Could not find the language line "Tải"
ERROR - 2020-05-25 11:17:15 --> Could not find the language line "Tạo Điểm Lấy Hàng"
ERROR - 2020-05-25 11:17:15 --> Could not find the language line "Tạo Đơn Hàng"
ERROR - 2020-05-25 11:17:15 --> Could not find the language line "Tải Excel"
ERROR - 2020-05-25 11:17:15 --> Could not find the language line "Đóng"
ERROR - 2020-05-25 11:17:15 --> Could not find the language line "Xác Nhận"
ERROR - 2020-05-25 11:17:15 --> Severity: Warning --> Invalid argument supplied for foreach() /home/admin/domains/spshd.com/public_html/khachhang/application/views/app.php 162
ERROR - 2020-05-25 11:17:15 --> Severity: Warning --> Invalid argument supplied for foreach() /home/admin/domains/spshd.com/public_html/khachhang/application/views/app.php 173
ERROR - 2020-05-25 11:17:15 --> Could not find the language line "Đóng"
ERROR - 2020-05-25 11:17:15 --> Could not find the language line "Xác Nhận"
ERROR - 2020-05-25 11:17:15 --> Could not find the language line "Đóng"
ERROR - 2020-05-25 11:17:15 --> Could not find the language line "Xác Nhận"
ERROR - 2020-05-25 11:17:15 --> Could not find the language line "Đóng"
ERROR - 2020-05-25 11:17:15 --> Could not find the language line "Tải"
ERROR - 2020-05-25 11:19:11 --> Could not find the language line "Tạo Điểm Lấy Hàng"
ERROR - 2020-05-25 11:19:11 --> Could not find the language line "Tạo Đơn Hàng"
ERROR - 2020-05-25 11:19:11 --> Could not find the language line "Tải Excel"
ERROR - 2020-05-25 11:19:11 --> Could not find the language line "Đóng"
ERROR - 2020-05-25 11:19:11 --> Could not find the language line "Xác Nhận"
ERROR - 2020-05-25 11:19:11 --> Severity: Warning --> Invalid argument supplied for foreach() /home/admin/domains/spshd.com/public_html/khachhang/application/views/app.php 162
ERROR - 2020-05-25 11:19:11 --> Severity: Warning --> Invalid argument supplied for foreach() /home/admin/domains/spshd.com/public_html/khachhang/application/views/app.php 173
ERROR - 2020-05-25 11:19:11 --> Could not find the language line "Đóng"
ERROR - 2020-05-25 11:19:11 --> Could not find the language line "Xác Nhận"
ERROR - 2020-05-25 11:19:11 --> Could not find the language line "Đóng"
ERROR - 2020-05-25 11:19:11 --> Could not find the language line "Xác Nhận"
ERROR - 2020-05-25 11:19:11 --> Could not find the language line "Đóng"
ERROR - 2020-05-25 11:19:11 --> Could not find the language line "Tải"
ERROR - 2020-05-25 11:27:10 --> Could not find the language line "Tạo Điểm Lấy Hàng"
ERROR - 2020-05-25 11:27:10 --> Could not find the language line "Tạo Đơn Hàng"
ERROR - 2020-05-25 11:27:10 --> Could not find the language line "Tải Excel"
ERROR - 2020-05-25 11:27:10 --> Could not find the language line "Đóng"
ERROR - 2020-05-25 11:27:10 --> Could not find the language line "Xác Nhận"
ERROR - 2020-05-25 11:27:10 --> Severity: Warning --> Invalid argument supplied for foreach() /home/admin/domains/spshd.com/public_html/khachhang/application/views/app.php 162
ERROR - 2020-05-25 11:27:10 --> Severity: Warning --> Invalid argument supplied for foreach() /home/admin/domains/spshd.com/public_html/khachhang/application/views/app.php 173
ERROR - 2020-05-25 11:27:10 --> Could not find the language line "Đóng"
ERROR - 2020-05-25 11:27:10 --> Could not find the language line "Xác Nhận"
ERROR - 2020-05-25 11:27:10 --> Could not find the language line "Đóng"
ERROR - 2020-05-25 11:27:10 --> Could not find the language line "Xác Nhận"
ERROR - 2020-05-25 11:27:10 --> Could not find the language line "Đóng"
ERROR - 2020-05-25 11:27:10 --> Could not find the language line "Tải"
ERROR - 2020-05-25 11:32:16 --> Could not find the language line "Tạo Điểm Lấy Hàng"
ERROR - 2020-05-25 11:32:16 --> Could not find the language line "Tạo Đơn Hàng"
ERROR - 2020-05-25 11:32:16 --> Could not find the language line "Tải Excel"
ERROR - 2020-05-25 11:32:16 --> Could not find the language line "Đóng"
ERROR - 2020-05-25 11:32:16 --> Could not find the language line "Xác Nhận"
ERROR - 2020-05-25 11:32:16 --> Severity: Warning --> Invalid argument supplied for foreach() /home/admin/domains/spshd.com/public_html/khachhang/application/views/app.php 162
ERROR - 2020-05-25 11:32:16 --> Severity: Warning --> Invalid argument supplied for foreach() /home/admin/domains/spshd.com/public_html/khachhang/application/views/app.php 173
ERROR - 2020-05-25 11:32:16 --> Could not find the language line "Đóng"
ERROR - 2020-05-25 11:32:16 --> Could not find the language line "Xác Nhận"
ERROR - 2020-05-25 11:32:16 --> Could not find the language line "Đóng"
ERROR - 2020-05-25 11:32:16 --> Could not find the language line "Xác Nhận"
ERROR - 2020-05-25 11:32:16 --> Could not find the language line "Đóng"
ERROR - 2020-05-25 11:32:16 --> Could not find the language line "Tải"
ERROR - 2020-05-25 11:32:17 --> Could not find the language line "Tạo Điểm Lấy Hàng"
ERROR - 2020-05-25 11:32:17 --> Could not find the language line "Tạo Đơn Hàng"
ERROR - 2020-05-25 11:32:17 --> Could not find the language line "Tải Excel"
ERROR - 2020-05-25 11:32:17 --> Could not find the language line "Đóng"
ERROR - 2020-05-25 11:32:17 --> Could not find the language line "Xác Nhận"
ERROR - 2020-05-25 11:32:17 --> Severity: Warning --> Invalid argument supplied for foreach() /home/admin/domains/spshd.com/public_html/khachhang/application/views/app.php 162
ERROR - 2020-05-25 11:32:17 --> Severity: Warning --> Invalid argument supplied for foreach() /home/admin/domains/spshd.com/public_html/khachhang/application/views/app.php 173
ERROR - 2020-05-25 11:32:17 --> Could not find the language line "Đóng"
ERROR - 2020-05-25 11:32:17 --> Could not find the language line "Xác Nhận"
ERROR - 2020-05-25 11:32:17 --> Could not find the language line "Đóng"
ERROR - 2020-05-25 11:32:17 --> Could not find the language line "Xác Nhận"
ERROR - 2020-05-25 11:32:17 --> Could not find the language line "Đóng"
ERROR - 2020-05-25 11:32:17 --> Could not find the language line "Tải"
ERROR - 2020-05-25 05:37:07 --> Could not find the language line "Email"
ERROR - 2020-05-25 05:37:07 --> Could not find the language line "password"
ERROR - 2020-05-25 12:02:19 --> Could not find the language line "Tạo Điểm Lấy Hàng"
ERROR - 2020-05-25 12:02:19 --> Could not find the language line "Tạo Đơn Hàng"
ERROR - 2020-05-25 12:02:19 --> Could not find the language line "Tải Excel"
ERROR - 2020-05-25 12:02:19 --> Could not find the language line "Đóng"
ERROR - 2020-05-25 12:02:19 --> Could not find the language line "Xác Nhận"
ERROR - 2020-05-25 12:02:19 --> Severity: Warning --> Invalid argument supplied for foreach() /home/admin/domains/spshd.com/public_html/khachhang/application/views/app.php 162
ERROR - 2020-05-25 12:02:19 --> Severity: Warning --> Invalid argument supplied for foreach() /home/admin/domains/spshd.com/public_html/khachhang/application/views/app.php 173
ERROR - 2020-05-25 12:02:19 --> Could not find the language line "Đóng"
ERROR - 2020-05-25 12:02:19 --> Could not find the language line "Xác Nhận"
ERROR - 2020-05-25 12:02:19 --> Could not find the language line "Đóng"
ERROR - 2020-05-25 12:02:19 --> Could not find the language line "Xác Nhận"
ERROR - 2020-05-25 12:02:19 --> Could not find the language line "Đóng"
ERROR - 2020-05-25 12:02:19 --> Could not find the language line "Tải"
ERROR - 2020-05-25 12:08:49 --> Could not find the language line "Tạo Điểm Lấy Hàng"
ERROR - 2020-05-25 12:08:49 --> Could not find the language line "Tạo Đơn Hàng"
ERROR - 2020-05-25 12:08:49 --> Could not find the language line "Tải Excel"
ERROR - 2020-05-25 12:08:49 --> Could not find the language line "Đóng"
ERROR - 2020-05-25 12:08:49 --> Could not find the language line "Xác Nhận"
ERROR - 2020-05-25 12:08:49 --> Severity: Warning --> Invalid argument supplied for foreach() /home/admin/domains/spshd.com/public_html/khachhang/application/views/app.php 162
ERROR - 2020-05-25 12:08:49 --> Severity: Warning --> Invalid argument supplied for foreach() /home/admin/domains/spshd.com/public_html/khachhang/application/views/app.php 173
ERROR - 2020-05-25 12:08:49 --> Could not find the language line "Đóng"
ERROR - 2020-05-25 12:08:49 --> Could not find the language line "Xác Nhận"
ERROR - 2020-05-25 12:08:49 --> Could not find the language line "Đóng"
ERROR - 2020-05-25 12:08:49 --> Could not find the language line "Xác Nhận"
ERROR - 2020-05-25 12:08:49 --> Could not find the language line "Đóng"
ERROR - 2020-05-25 12:08:49 --> Could not find the language line "Tải"
ERROR - 2020-05-25 07:10:54 --> Could not find the language line "Email"
ERROR - 2020-05-25 07:10:54 --> Could not find the language line "password"
ERROR - 2020-05-25 07:25:18 --> Could not find the language line "Email"
ERROR - 2020-05-25 07:25:18 --> Could not find the language line "password"
ERROR - 2020-05-25 13:49:24 --> Could not find the language line "Tạo Điểm Lấy Hàng"
ERROR - 2020-05-25 13:49:24 --> Could not find the language line "Tạo Đơn Hàng"
ERROR - 2020-05-25 13:49:24 --> Could not find the language line "Tải Excel"
ERROR - 2020-05-25 13:49:24 --> Could not find the language line "Đóng"
ERROR - 2020-05-25 13:49:24 --> Could not find the language line "Xác Nhận"
ERROR - 2020-05-25 13:49:24 --> Severity: Warning --> Invalid argument supplied for foreach() /home/admin/domains/spshd.com/public_html/khachhang/application/views/app.php 162
ERROR - 2020-05-25 13:49:24 --> Severity: Warning --> Invalid argument supplied for foreach() /home/admin/domains/spshd.com/public_html/khachhang/application/views/app.php 173
ERROR - 2020-05-25 13:49:24 --> Could not find the language line "Đóng"
ERROR - 2020-05-25 13:49:24 --> Could not find the language line "Xác Nhận"
ERROR - 2020-05-25 13:49:24 --> Could not find the language line "Đóng"
ERROR - 2020-05-25 13:49:24 --> Could not find the language line "Xác Nhận"
ERROR - 2020-05-25 13:49:24 --> Could not find the language line "Đóng"
ERROR - 2020-05-25 13:49:24 --> Could not find the language line "Tải"
ERROR - 2020-05-25 14:13:23 --> Could not find the language line "Tạo Điểm Lấy Hàng"
ERROR - 2020-05-25 14:13:23 --> Could not find the language line "Tạo Đơn Hàng"
ERROR - 2020-05-25 14:13:23 --> Could not find the language line "Tải Excel"
ERROR - 2020-05-25 14:13:23 --> Could not find the language line "Đóng"
ERROR - 2020-05-25 14:13:23 --> Could not find the language line "Xác Nhận"
ERROR - 2020-05-25 14:13:23 --> Severity: Warning --> Invalid argument supplied for foreach() /home/admin/domains/spshd.com/public_html/khachhang/application/views/app.php 162
ERROR - 2020-05-25 14:13:23 --> Severity: Warning --> Invalid argument supplied for foreach() /home/admin/domains/spshd.com/public_html/khachhang/application/views/app.php 173
ERROR - 2020-05-25 14:13:23 --> Could not find the language line "Đóng"
ERROR - 2020-05-25 14:13:23 --> Could not find the language line "Xác Nhận"
ERROR - 2020-05-25 14:13:23 --> Could not find the language line "Đóng"
ERROR - 2020-05-25 14:13:23 --> Could not find the language line "Xác Nhận"
ERROR - 2020-05-25 14:13:23 --> Could not find the language line "Đóng"
ERROR - 2020-05-25 14:13:23 --> Could not find the language line "Tải"
ERROR - 2020-05-25 08:22:27 --> Could not find the language line "Email"
ERROR - 2020-05-25 08:22:27 --> Could not find the language line "password"
ERROR - 2020-05-25 14:25:06 --> Could not find the language line "Tạo Điểm Lấy Hàng"
ERROR - 2020-05-25 14:25:06 --> Could not find the language line "Tạo Đơn Hàng"
ERROR - 2020-05-25 14:25:06 --> Could not find the language line "Tải Excel"
ERROR - 2020-05-25 14:25:06 --> Could not find the language line "Đóng"
ERROR - 2020-05-25 14:25:06 --> Could not find the language line "Xác Nhận"
ERROR - 2020-05-25 14:25:06 --> Severity: Warning --> Invalid argument supplied for foreach() /home/admin/domains/spshd.com/public_html/khachhang/application/views/app.php 162
ERROR - 2020-05-25 14:25:06 --> Severity: Warning --> Invalid argument supplied for foreach() /home/admin/domains/spshd.com/public_html/khachhang/application/views/app.php 173
ERROR - 2020-05-25 14:25:06 --> Could not find the language line "Đóng"
ERROR - 2020-05-25 14:25:06 --> Could not find the language line "Xác Nhận"
ERROR - 2020-05-25 14:25:06 --> Could not find the language line "Đóng"
ERROR - 2020-05-25 14:25:06 --> Could not find the language line "Xác Nhận"
ERROR - 2020-05-25 14:25:06 --> Could not find the language line "Đóng"
ERROR - 2020-05-25 14:25:06 --> Could not find the language line "Tải"
ERROR - 2020-05-25 08:27:44 --> Could not find the language line "Email"
ERROR - 2020-05-25 08:27:44 --> Could not find the language line "password"
ERROR - 2020-05-25 14:28:01 --> Could not find the language line "Tạo Điểm Lấy Hàng"
ERROR - 2020-05-25 14:28:01 --> Could not find the language line "Tạo Đơn Hàng"
ERROR - 2020-05-25 14:28:01 --> Could not find the language line "Tải Excel"
ERROR - 2020-05-25 14:28:01 --> Could not find the language line "Đóng"
ERROR - 2020-05-25 14:28:01 --> Could not find the language line "Xác Nhận"
ERROR - 2020-05-25 14:28:01 --> Severity: Warning --> Invalid argument supplied for foreach() /home/admin/domains/spshd.com/public_html/khachhang/application/views/app.php 162
ERROR - 2020-05-25 14:28:01 --> Severity: Warning --> Invalid argument supplied for foreach() /home/admin/domains/spshd.com/public_html/khachhang/application/views/app.php 173
ERROR - 2020-05-25 14:28:01 --> Could not find the language line "Đóng"
ERROR - 2020-05-25 14:28:01 --> Could not find the language line "Xác Nhận"
ERROR - 2020-05-25 14:28:01 --> Could not find the language line "Đóng"
ERROR - 2020-05-25 14:28:01 --> Could not find the language line "Xác Nhận"
ERROR - 2020-05-25 14:28:01 --> Could not find the language line "Đóng"
ERROR - 2020-05-25 14:28:01 --> Could not find the language line "Tải"
ERROR - 2020-05-25 08:28:33 --> Could not find the language line "Email"
ERROR - 2020-05-25 08:28:33 --> Could not find the language line "password"
ERROR - 2020-05-25 14:53:49 --> Could not find the language line "Tạo Điểm Lấy Hàng"
ERROR - 2020-05-25 14:53:49 --> Could not find the language line "Tạo Đơn Hàng"
ERROR - 2020-05-25 14:53:49 --> Could not find the language line "Tải Excel"
ERROR - 2020-05-25 14:53:49 --> Could not find the language line "Đóng"
ERROR - 2020-05-25 14:53:49 --> Could not find the language line "Xác Nhận"
ERROR - 2020-05-25 14:53:49 --> Severity: Warning --> Invalid argument supplied for foreach() /home/admin/domains/spshd.com/public_html/khachhang/application/views/app.php 162
ERROR - 2020-05-25 14:53:49 --> Severity: Warning --> Invalid argument supplied for foreach() /home/admin/domains/spshd.com/public_html/khachhang/application/views/app.php 173
ERROR - 2020-05-25 14:53:49 --> Could not find the language line "Đóng"
ERROR - 2020-05-25 14:53:49 --> Could not find the language line "Xác Nhận"
ERROR - 2020-05-25 14:53:49 --> Could not find the language line "Đóng"
ERROR - 2020-05-25 14:53:49 --> Could not find the language line "Xác Nhận"
ERROR - 2020-05-25 14:53:49 --> Could not find the language line "Đóng"
ERROR - 2020-05-25 14:53:49 --> Could not find the language line "Tải"
ERROR - 2020-05-25 15:17:03 --> Could not find the language line "Tạo Điểm Lấy Hàng"
ERROR - 2020-05-25 15:17:03 --> Could not find the language line "Tạo Đơn Hàng"
ERROR - 2020-05-25 15:17:03 --> Could not find the language line "Tải Excel"
ERROR - 2020-05-25 15:17:03 --> Could not find the language line "Đóng"
ERROR - 2020-05-25 15:17:03 --> Could not find the language line "Xác Nhận"
ERROR - 2020-05-25 15:17:03 --> Severity: Warning --> Invalid argument supplied for foreach() /home/admin/domains/spshd.com/public_html/khachhang/application/views/app.php 162
ERROR - 2020-05-25 15:17:03 --> Severity: Warning --> Invalid argument supplied for foreach() /home/admin/domains/spshd.com/public_html/khachhang/application/views/app.php 173
ERROR - 2020-05-25 15:17:03 --> Could not find the language line "Đóng"
ERROR - 2020-05-25 15:17:03 --> Could not find the language line "Xác Nhận"
ERROR - 2020-05-25 15:17:03 --> Could not find the language line "Đóng"
ERROR - 2020-05-25 15:17:03 --> Could not find the language line "Xác Nhận"
ERROR - 2020-05-25 15:17:03 --> Could not find the language line "Đóng"
ERROR - 2020-05-25 15:17:03 --> Could not find the language line "Tải"
ERROR - 2020-05-25 15:20:00 --> Could not find the language line "Tạo Điểm Lấy Hàng"
ERROR - 2020-05-25 15:20:00 --> Could not find the language line "Tạo Đơn Hàng"
ERROR - 2020-05-25 15:20:00 --> Could not find the language line "Tải Excel"
ERROR - 2020-05-25 15:20:00 --> Could not find the language line "Đóng"
ERROR - 2020-05-25 15:20:00 --> Could not find the language line "Xác Nhận"
ERROR - 2020-05-25 15:20:00 --> Severity: Warning --> Invalid argument supplied for foreach() /home/admin/domains/spshd.com/public_html/khachhang/application/views/app.php 162
ERROR - 2020-05-25 15:20:00 --> Severity: Warning --> Invalid argument supplied for foreach() /home/admin/domains/spshd.com/public_html/khachhang/application/views/app.php 173
ERROR - 2020-05-25 15:20:00 --> Could not find the language line "Đóng"
ERROR - 2020-05-25 15:20:00 --> Could not find the language line "Xác Nhận"
ERROR - 2020-05-25 15:20:00 --> Could not find the language line "Đóng"
ERROR - 2020-05-25 15:20:00 --> Could not find the language line "Xác Nhận"
ERROR - 2020-05-25 15:20:00 --> Could not find the language line "Đóng"
ERROR - 2020-05-25 15:20:00 --> Could not find the language line "Tải"
ERROR - 2020-05-25 15:26:11 --> Could not find the language line "Tạo Điểm Lấy Hàng"
ERROR - 2020-05-25 15:26:11 --> Could not find the language line "Tạo Đơn Hàng"
ERROR - 2020-05-25 15:26:11 --> Could not find the language line "Tải Excel"
ERROR - 2020-05-25 15:26:11 --> Could not find the language line "Đóng"
ERROR - 2020-05-25 15:26:11 --> Could not find the language line "Xác Nhận"
ERROR - 2020-05-25 15:26:11 --> Severity: Warning --> Invalid argument supplied for foreach() /home/admin/domains/spshd.com/public_html/khachhang/application/views/app.php 162
ERROR - 2020-05-25 15:26:11 --> Severity: Warning --> Invalid argument supplied for foreach() /home/admin/domains/spshd.com/public_html/khachhang/application/views/app.php 173
ERROR - 2020-05-25 15:26:11 --> Could not find the language line "Đóng"
ERROR - 2020-05-25 15:26:11 --> Could not find the language line "Xác Nhận"
ERROR - 2020-05-25 15:26:11 --> Could not find the language line "Đóng"
ERROR - 2020-05-25 15:26:11 --> Could not find the language line "Xác Nhận"
ERROR - 2020-05-25 15:26:11 --> Could not find the language line "Đóng"
ERROR - 2020-05-25 15:26:11 --> Could not find the language line "Tải"
ERROR - 2020-05-25 15:29:30 --> Could not find the language line "Tạo Điểm Lấy Hàng"
ERROR - 2020-05-25 15:29:30 --> Could not find the language line "Tạo Đơn Hàng"
ERROR - 2020-05-25 15:29:30 --> Could not find the language line "Tải Excel"
ERROR - 2020-05-25 15:29:30 --> Could not find the language line "Đóng"
ERROR - 2020-05-25 15:29:30 --> Could not find the language line "Xác Nhận"
ERROR - 2020-05-25 15:29:30 --> Severity: Warning --> Invalid argument supplied for foreach() /home/admin/domains/spshd.com/public_html/khachhang/application/views/app.php 162
ERROR - 2020-05-25 15:29:30 --> Severity: Warning --> Invalid argument supplied for foreach() /home/admin/domains/spshd.com/public_html/khachhang/application/views/app.php 173
ERROR - 2020-05-25 15:29:30 --> Could not find the language line "Đóng"
ERROR - 2020-05-25 15:29:30 --> Could not find the language line "Xác Nhận"
ERROR - 2020-05-25 15:29:30 --> Could not find the language line "Đóng"
ERROR - 2020-05-25 15:29:30 --> Could not find the language line "Xác Nhận"
ERROR - 2020-05-25 15:29:30 --> Could not find the language line "Đóng"
ERROR - 2020-05-25 15:29:30 --> Could not find the language line "Tải"
ERROR - 2020-05-25 15:53:21 --> Could not find the language line "Tạo Điểm Lấy Hàng"
ERROR - 2020-05-25 15:53:21 --> Could not find the language line "Tạo Đơn Hàng"
ERROR - 2020-05-25 15:53:21 --> Could not find the language line "Tải Excel"
ERROR - 2020-05-25 15:53:21 --> Could not find the language line "Đóng"
ERROR - 2020-05-25 15:53:21 --> Could not find the language line "Xác Nhận"
ERROR - 2020-05-25 15:53:21 --> Severity: Warning --> Invalid argument supplied for foreach() /home/admin/domains/spshd.com/public_html/khachhang/application/views/app.php 162
ERROR - 2020-05-25 15:53:21 --> Severity: Warning --> Invalid argument supplied for foreach() /home/admin/domains/spshd.com/public_html/khachhang/application/views/app.php 173
ERROR - 2020-05-25 15:53:21 --> Could not find the language line "Đóng"
ERROR - 2020-05-25 15:53:21 --> Could not find the language line "Xác Nhận"
ERROR - 2020-05-25 15:53:21 --> Could not find the language line "Đóng"
ERROR - 2020-05-25 15:53:21 --> Could not find the language line "Xác Nhận"
ERROR - 2020-05-25 15:53:21 --> Could not find the language line "Đóng"
ERROR - 2020-05-25 15:53:21 --> Could not find the language line "Tải"
ERROR - 2020-05-25 09:58:55 --> Could not find the language line "Email"
ERROR - 2020-05-25 09:58:55 --> Could not find the language line "password"
ERROR - 2020-05-25 16:14:12 --> Could not find the language line "Tạo Điểm Lấy Hàng"
ERROR - 2020-05-25 16:14:12 --> Could not find the language line "Tạo Đơn Hàng"
ERROR - 2020-05-25 16:14:12 --> Could not find the language line "Tải Excel"
ERROR - 2020-05-25 16:14:12 --> Could not find the language line "Đóng"
ERROR - 2020-05-25 16:14:12 --> Could not find the language line "Xác Nhận"
ERROR - 2020-05-25 16:14:12 --> Severity: Warning --> Invalid argument supplied for foreach() /home/admin/domains/spshd.com/public_html/khachhang/application/views/app.php 162
ERROR - 2020-05-25 16:14:12 --> Severity: Warning --> Invalid argument supplied for foreach() /home/admin/domains/spshd.com/public_html/khachhang/application/views/app.php 173
ERROR - 2020-05-25 16:14:12 --> Could not find the language line "Đóng"
ERROR - 2020-05-25 16:14:12 --> Could not find the language line "Xác Nhận"
ERROR - 2020-05-25 16:14:12 --> Could not find the language line "Đóng"
ERROR - 2020-05-25 16:14:12 --> Could not find the language line "Xác Nhận"
ERROR - 2020-05-25 16:14:12 --> Could not find the language line "Đóng"
ERROR - 2020-05-25 16:14:12 --> Could not find the language line "Tải"
ERROR - 2020-05-25 10:18:17 --> Could not find the language line "Email"
ERROR - 2020-05-25 10:18:17 --> Could not find the language line "password"
ERROR - 2020-05-25 16:19:04 --> Could not find the language line "Tạo Điểm Lấy Hàng"
ERROR - 2020-05-25 16:19:04 --> Could not find the language line "Tạo Đơn Hàng"
ERROR - 2020-05-25 16:19:04 --> Could not find the language line "Tải Excel"
ERROR - 2020-05-25 16:19:04 --> Could not find the language line "Đóng"
ERROR - 2020-05-25 16:19:04 --> Could not find the language line "Xác Nhận"
ERROR - 2020-05-25 16:19:04 --> Severity: Warning --> Invalid argument supplied for foreach() /home/admin/domains/spshd.com/public_html/khachhang/application/views/app.php 162
ERROR - 2020-05-25 16:19:04 --> Severity: Warning --> Invalid argument supplied for foreach() /home/admin/domains/spshd.com/public_html/khachhang/application/views/app.php 173
ERROR - 2020-05-25 16:19:04 --> Could not find the language line "Đóng"
ERROR - 2020-05-25 16:19:04 --> Could not find the language line "Xác Nhận"
ERROR - 2020-05-25 16:19:04 --> Could not find the language line "Đóng"
ERROR - 2020-05-25 16:19:04 --> Could not find the language line "Xác Nhận"
ERROR - 2020-05-25 16:19:04 --> Could not find the language line "Đóng"
ERROR - 2020-05-25 16:19:04 --> Could not find the language line "Tải"
ERROR - 2020-05-25 16:19:04 --> Could not find the language line "Tạo Điểm Lấy Hàng"
ERROR - 2020-05-25 16:19:04 --> Could not find the language line "Tạo Đơn Hàng"
ERROR - 2020-05-25 16:19:04 --> Could not find the language line "Tải Excel"
ERROR - 2020-05-25 16:19:04 --> Could not find the language line "Đóng"
ERROR - 2020-05-25 16:19:04 --> Could not find the language line "Xác Nhận"
ERROR - 2020-05-25 16:19:04 --> Severity: Warning --> Invalid argument supplied for foreach() /home/admin/domains/spshd.com/public_html/khachhang/application/views/app.php 162
ERROR - 2020-05-25 16:19:04 --> Severity: Warning --> Invalid argument supplied for foreach() /home/admin/domains/spshd.com/public_html/khachhang/application/views/app.php 173
ERROR - 2020-05-25 16:19:04 --> Could not find the language line "Đóng"
ERROR - 2020-05-25 16:19:04 --> Could not find the language line "Xác Nhận"
ERROR - 2020-05-25 16:19:04 --> Could not find the language line "Đóng"
ERROR - 2020-05-25 16:19:04 --> Could not find the language line "Xác Nhận"
ERROR - 2020-05-25 16:19:04 --> Could not find the language line "Đóng"
ERROR - 2020-05-25 16:19:04 --> Could not find the language line "Tải"
ERROR - 2020-05-25 16:34:43 --> Could not find the language line "Tạo Điểm Lấy Hàng"
ERROR - 2020-05-25 16:34:43 --> Could not find the language line "Tạo Đơn Hàng"
ERROR - 2020-05-25 16:34:43 --> Could not find the language line "Tải Excel"
ERROR - 2020-05-25 16:34:43 --> Could not find the language line "Đóng"
ERROR - 2020-05-25 16:34:43 --> Could not find the language line "Xác Nhận"
ERROR - 2020-05-25 16:34:43 --> Severity: Warning --> Invalid argument supplied for foreach() /home/admin/domains/spshd.com/public_html/khachhang/application/views/app.php 162
ERROR - 2020-05-25 16:34:43 --> Severity: Warning --> Invalid argument supplied for foreach() /home/admin/domains/spshd.com/public_html/khachhang/application/views/app.php 173
ERROR - 2020-05-25 16:34:43 --> Could not find the language line "Đóng"
ERROR - 2020-05-25 16:34:43 --> Could not find the language line "Xác Nhận"
ERROR - 2020-05-25 16:34:43 --> Could not find the language line "Đóng"
ERROR - 2020-05-25 16:34:43 --> Could not find the language line "Xác Nhận"
ERROR - 2020-05-25 16:34:43 --> Could not find the language line "Đóng"
ERROR - 2020-05-25 16:34:43 --> Could not find the language line "Tải"
ERROR - 2020-05-25 16:43:04 --> Could not find the language line "Tạo Điểm Lấy Hàng"
ERROR - 2020-05-25 16:43:04 --> Could not find the language line "Tạo Đơn Hàng"
ERROR - 2020-05-25 16:43:04 --> Could not find the language line "Tải Excel"
ERROR - 2020-05-25 16:43:04 --> Could not find the language line "Đóng"
ERROR - 2020-05-25 16:43:04 --> Could not find the language line "Xác Nhận"
ERROR - 2020-05-25 16:43:04 --> Severity: Warning --> Invalid argument supplied for foreach() /home/admin/domains/spshd.com/public_html/khachhang/application/views/app.php 162
ERROR - 2020-05-25 16:43:04 --> Severity: Warning --> Invalid argument supplied for foreach() /home/admin/domains/spshd.com/public_html/khachhang/application/views/app.php 173
ERROR - 2020-05-25 16:43:04 --> Could not find the language line "Đóng"
ERROR - 2020-05-25 16:43:04 --> Could not find the language line "Xác Nhận"
ERROR - 2020-05-25 16:43:04 --> Could not find the language line "Đóng"
ERROR - 2020-05-25 16:43:04 --> Could not find the language line "Xác Nhận"
ERROR - 2020-05-25 16:43:04 --> Could not find the language line "Đóng"
ERROR - 2020-05-25 16:43:04 --> Could not find the language line "Tải"
ERROR - 2020-05-25 10:43:09 --> Could not find the language line "Email"
ERROR - 2020-05-25 10:43:09 --> Could not find the language line "password"
ERROR - 2020-05-25 16:43:31 --> Could not find the language line "Tạo Điểm Lấy Hàng"
ERROR - 2020-05-25 16:43:31 --> Could not find the language line "Tạo Đơn Hàng"
ERROR - 2020-05-25 16:43:31 --> Could not find the language line "Tải Excel"
ERROR - 2020-05-25 16:43:31 --> Could not find the language line "Đóng"
ERROR - 2020-05-25 16:43:31 --> Could not find the language line "Xác Nhận"
ERROR - 2020-05-25 16:43:31 --> Severity: Warning --> Invalid argument supplied for foreach() /home/admin/domains/spshd.com/public_html/khachhang/application/views/app.php 162
ERROR - 2020-05-25 16:43:31 --> Severity: Warning --> Invalid argument supplied for foreach() /home/admin/domains/spshd.com/public_html/khachhang/application/views/app.php 173
ERROR - 2020-05-25 16:43:31 --> Could not find the language line "Đóng"
ERROR - 2020-05-25 16:43:31 --> Could not find the language line "Xác Nhận"
ERROR - 2020-05-25 16:43:31 --> Could not find the language line "Đóng"
ERROR - 2020-05-25 16:43:31 --> Could not find the language line "Xác Nhận"
ERROR - 2020-05-25 16:43:31 --> Could not find the language line "Đóng"
ERROR - 2020-05-25 16:43:31 --> Could not find the language line "Tải"
ERROR - 2020-05-25 16:45:23 --> Could not find the language line "Tạo Điểm Lấy Hàng"
ERROR - 2020-05-25 16:45:23 --> Could not find the language line "Tạo Đơn Hàng"
ERROR - 2020-05-25 16:45:23 --> Could not find the language line "Tải Excel"
ERROR - 2020-05-25 16:45:23 --> Could not find the language line "Đóng"
ERROR - 2020-05-25 16:45:23 --> Could not find the language line "Xác Nhận"
ERROR - 2020-05-25 16:45:23 --> Severity: Warning --> Invalid argument supplied for foreach() /home/admin/domains/spshd.com/public_html/khachhang/application/views/app.php 162
ERROR - 2020-05-25 16:45:23 --> Severity: Warning --> Invalid argument supplied for foreach() /home/admin/domains/spshd.com/public_html/khachhang/application/views/app.php 173
ERROR - 2020-05-25 16:45:23 --> Could not find the language line "Đóng"
ERROR - 2020-05-25 16:45:23 --> Could not find the language line "Xác Nhận"
ERROR - 2020-05-25 16:45:23 --> Could not find the language line "Đóng"
ERROR - 2020-05-25 16:45:23 --> Could not find the language line "Xác Nhận"
ERROR - 2020-05-25 16:45:23 --> Could not find the language line "Đóng"
ERROR - 2020-05-25 16:45:23 --> Could not find the language line "Tải"
ERROR - 2020-05-25 17:12:32 --> Could not find the language line "Tạo Điểm Lấy Hàng"
ERROR - 2020-05-25 17:12:32 --> Could not find the language line "Tạo Đơn Hàng"
ERROR - 2020-05-25 17:12:32 --> Could not find the language line "Tải Excel"
ERROR - 2020-05-25 17:12:32 --> Could not find the language line "Đóng"
ERROR - 2020-05-25 17:12:32 --> Could not find the language line "Xác Nhận"
ERROR - 2020-05-25 17:12:32 --> Severity: Warning --> Invalid argument supplied for foreach() /home/admin/domains/spshd.com/public_html/khachhang/application/views/app.php 162
ERROR - 2020-05-25 17:12:32 --> Severity: Warning --> Invalid argument supplied for foreach() /home/admin/domains/spshd.com/public_html/khachhang/application/views/app.php 173
ERROR - 2020-05-25 17:12:32 --> Could not find the language line "Đóng"
ERROR - 2020-05-25 17:12:32 --> Could not find the language line "Xác Nhận"
ERROR - 2020-05-25 17:12:32 --> Could not find the language line "Đóng"
ERROR - 2020-05-25 17:12:32 --> Could not find the language line "Xác Nhận"
ERROR - 2020-05-25 17:12:32 --> Could not find the language line "Đóng"
ERROR - 2020-05-25 17:12:32 --> Could not find the language line "Tải"
ERROR - 2020-05-25 11:14:14 --> Could not find the language line "Email"
ERROR - 2020-05-25 11:14:14 --> Could not find the language line "password"
ERROR - 2020-05-25 11:14:43 --> Could not find the language line "Email"
ERROR - 2020-05-25 11:14:43 --> Could not find the language line "password"
ERROR - 2020-05-25 11:14:50 --> Could not find the language line "Email"
ERROR - 2020-05-25 11:14:50 --> Could not find the language line "password"
ERROR - 2020-05-25 11:14:55 --> Could not find the language line "Email"
ERROR - 2020-05-25 11:14:55 --> Could not find the language line "password"
ERROR - 2020-05-25 17:19:37 --> Could not find the language line "Tạo Điểm Lấy Hàng"
ERROR - 2020-05-25 17:19:37 --> Could not find the language line "Tạo Đơn Hàng"
ERROR - 2020-05-25 17:19:37 --> Could not find the language line "Tải Excel"
ERROR - 2020-05-25 17:19:37 --> Could not find the language line "Đóng"
ERROR - 2020-05-25 17:19:37 --> Could not find the language line "Xác Nhận"
ERROR - 2020-05-25 17:19:37 --> Severity: Warning --> Invalid argument supplied for foreach() /home/admin/domains/spshd.com/public_html/khachhang/application/views/app.php 162
ERROR - 2020-05-25 17:19:37 --> Severity: Warning --> Invalid argument supplied for foreach() /home/admin/domains/spshd.com/public_html/khachhang/application/views/app.php 173
ERROR - 2020-05-25 17:19:37 --> Could not find the language line "Đóng"
ERROR - 2020-05-25 17:19:37 --> Could not find the language line "Xác Nhận"
ERROR - 2020-05-25 17:19:37 --> Could not find the language line "Đóng"
ERROR - 2020-05-25 17:19:37 --> Could not find the language line "Xác Nhận"
ERROR - 2020-05-25 17:19:37 --> Could not find the language line "Đóng"
ERROR - 2020-05-25 17:19:37 --> Could not find the language line "Tải"
ERROR - 2020-05-25 17:19:45 --> Could not find the language line "Tạo Điểm Lấy Hàng"
ERROR - 2020-05-25 17:19:45 --> Could not find the language line "Tạo Đơn Hàng"
ERROR - 2020-05-25 17:19:45 --> Could not find the language line "Tải Excel"
ERROR - 2020-05-25 17:19:45 --> Could not find the language line "Đóng"
ERROR - 2020-05-25 17:19:45 --> Could not find the language line "Xác Nhận"
ERROR - 2020-05-25 17:19:45 --> Severity: Warning --> Invalid argument supplied for foreach() /home/admin/domains/spshd.com/public_html/khachhang/application/views/app.php 162
ERROR - 2020-05-25 17:19:45 --> Severity: Warning --> Invalid argument supplied for foreach() /home/admin/domains/spshd.com/public_html/khachhang/application/views/app.php 173
ERROR - 2020-05-25 17:19:45 --> Could not find the language line "Đóng"
ERROR - 2020-05-25 17:19:45 --> Could not find the language line "Xác Nhận"
ERROR - 2020-05-25 17:19:45 --> Could not find the language line "Đóng"
ERROR - 2020-05-25 17:19:45 --> Could not find the language line "Xác Nhận"
ERROR - 2020-05-25 17:19:45 --> Could not find the language line "Đóng"
ERROR - 2020-05-25 17:19:45 --> Could not find the language line "Tải"
ERROR - 2020-05-25 17:20:00 --> Could not find the language line "Tạo Điểm Lấy Hàng"
ERROR - 2020-05-25 17:20:00 --> Could not find the language line "Tạo Đơn Hàng"
ERROR - 2020-05-25 17:20:00 --> Could not find the language line "Tải Excel"
ERROR - 2020-05-25 17:20:00 --> Could not find the language line "Đóng"
ERROR - 2020-05-25 17:20:00 --> Could not find the language line "Xác Nhận"
ERROR - 2020-05-25 17:20:00 --> Severity: Warning --> Invalid argument supplied for foreach() /home/admin/domains/spshd.com/public_html/khachhang/application/views/app.php 162
ERROR - 2020-05-25 17:20:00 --> Severity: Warning --> Invalid argument supplied for foreach() /home/admin/domains/spshd.com/public_html/khachhang/application/views/app.php 173
ERROR - 2020-05-25 17:20:00 --> Could not find the language line "Đóng"
ERROR - 2020-05-25 17:20:00 --> Could not find the language line "Xác Nhận"
ERROR - 2020-05-25 17:20:00 --> Could not find the language line "Đóng"
ERROR - 2020-05-25 17:20:00 --> Could not find the language line "Xác Nhận"
ERROR - 2020-05-25 17:20:00 --> Could not find the language line "Đóng"
ERROR - 2020-05-25 17:20:00 --> Could not find the language line "Tải"
ERROR - 2020-05-25 11:22:03 --> Could not find the language line "Email"
ERROR - 2020-05-25 11:22:03 --> Could not find the language line "password"
ERROR - 2020-05-25 11:22:09 --> Could not find the language line "Email"
ERROR - 2020-05-25 11:22:09 --> Could not find the language line "password"
ERROR - 2020-05-25 17:23:21 --> Could not find the language line "Tạo Điểm Lấy Hàng"
ERROR - 2020-05-25 17:23:21 --> Could not find the language line "Tạo Đơn Hàng"
ERROR - 2020-05-25 17:23:21 --> Could not find the language line "Tải Excel"
ERROR - 2020-05-25 17:23:21 --> Could not find the language line "Đóng"
ERROR - 2020-05-25 17:23:21 --> Could not find the language line "Xác Nhận"
ERROR - 2020-05-25 17:23:21 --> Severity: Warning --> Invalid argument supplied for foreach() /home/admin/domains/spshd.com/public_html/khachhang/application/views/app.php 162
ERROR - 2020-05-25 17:23:21 --> Severity: Warning --> Invalid argument supplied for foreach() /home/admin/domains/spshd.com/public_html/khachhang/application/views/app.php 173
ERROR - 2020-05-25 17:23:21 --> Could not find the language line "Đóng"
ERROR - 2020-05-25 17:23:21 --> Could not find the language line "Xác Nhận"
ERROR - 2020-05-25 17:23:21 --> Could not find the language line "Đóng"
ERROR - 2020-05-25 17:23:21 --> Could not find the language line "Xác Nhận"
ERROR - 2020-05-25 17:23:21 --> Could not find the language line "Đóng"
ERROR - 2020-05-25 17:23:21 --> Could not find the language line "Tải"
ERROR - 2020-05-25 19:39:20 --> Could not find the language line "Tạo Điểm Lấy Hàng"
ERROR - 2020-05-25 19:39:20 --> Could not find the language line "Tạo Đơn Hàng"
ERROR - 2020-05-25 19:39:20 --> Could not find the language line "Tải Excel"
ERROR - 2020-05-25 19:39:20 --> Could not find the language line "Đóng"
ERROR - 2020-05-25 19:39:20 --> Could not find the language line "Xác Nhận"
ERROR - 2020-05-25 19:39:20 --> Severity: Warning --> Invalid argument supplied for foreach() /home/admin/domains/spshd.com/public_html/khachhang/application/views/app.php 162
ERROR - 2020-05-25 19:39:20 --> Severity: Warning --> Invalid argument supplied for foreach() /home/admin/domains/spshd.com/public_html/khachhang/application/views/app.php 173
ERROR - 2020-05-25 19:39:20 --> Could not find the language line "Đóng"
ERROR - 2020-05-25 19:39:20 --> Could not find the language line "Xác Nhận"
ERROR - 2020-05-25 19:39:20 --> Could not find the language line "Đóng"
ERROR - 2020-05-25 19:39:20 --> Could not find the language line "Xác Nhận"
ERROR - 2020-05-25 19:39:20 --> Could not find the language line "Đóng"
ERROR - 2020-05-25 19:39:20 --> Could not find the language line "Tải"
ERROR - 2020-05-25 20:09:35 --> Could not find the language line "Tạo Điểm Lấy Hàng"
ERROR - 2020-05-25 20:09:35 --> Could not find the language line "Tạo Đơn Hàng"
ERROR - 2020-05-25 20:09:35 --> Could not find the language line "Tải Excel"
ERROR - 2020-05-25 20:09:35 --> Could not find the language line "Đóng"
ERROR - 2020-05-25 20:09:35 --> Could not find the language line "Xác Nhận"
ERROR - 2020-05-25 20:09:35 --> Severity: Warning --> Invalid argument supplied for foreach() /home/admin/domains/spshd.com/public_html/khachhang/application/views/app.php 162
ERROR - 2020-05-25 20:09:35 --> Severity: Warning --> Invalid argument supplied for foreach() /home/admin/domains/spshd.com/public_html/khachhang/application/views/app.php 173
ERROR - 2020-05-25 20:09:35 --> Could not find the language line "Đóng"
ERROR - 2020-05-25 20:09:35 --> Could not find the language line "Xác Nhận"
ERROR - 2020-05-25 20:09:35 --> Could not find the language line "Đóng"
ERROR - 2020-05-25 20:09:35 --> Could not find the language line "Xác Nhận"
ERROR - 2020-05-25 20:09:35 --> Could not find the language line "Đóng"
ERROR - 2020-05-25 20:09:35 --> Could not find the language line "Tải"
ERROR - 2020-05-25 20:10:52 --> Could not find the language line "Tạo Điểm Lấy Hàng"
ERROR - 2020-05-25 20:10:52 --> Could not find the language line "Tạo Đơn Hàng"
ERROR - 2020-05-25 20:10:52 --> Could not find the language line "Tải Excel"
ERROR - 2020-05-25 20:10:52 --> Could not find the language line "Đóng"
ERROR - 2020-05-25 20:10:52 --> Could not find the language line "Xác Nhận"
ERROR - 2020-05-25 20:10:52 --> Severity: Warning --> Invalid argument supplied for foreach() /home/admin/domains/spshd.com/public_html/khachhang/application/views/app.php 162
ERROR - 2020-05-25 20:10:52 --> Severity: Warning --> Invalid argument supplied for foreach() /home/admin/domains/spshd.com/public_html/khachhang/application/views/app.php 173
ERROR - 2020-05-25 20:10:52 --> Could not find the language line "Đóng"
ERROR - 2020-05-25 20:10:52 --> Could not find the language line "Xác Nhận"
ERROR - 2020-05-25 20:10:52 --> Could not find the language line "Đóng"
ERROR - 2020-05-25 20:10:52 --> Could not find the language line "Xác Nhận"
ERROR - 2020-05-25 20:10:52 --> Could not find the language line "Đóng"
ERROR - 2020-05-25 20:10:52 --> Could not find the language line "Tải"
ERROR - 2020-05-25 14:26:54 --> Could not find the language line "Email"
ERROR - 2020-05-25 14:26:54 --> Could not find the language line "password"
ERROR - 2020-05-25 20:29:31 --> Could not find the language line "Tạo Điểm Lấy Hàng"
ERROR - 2020-05-25 20:29:31 --> Could not find the language line "Tạo Đơn Hàng"
ERROR - 2020-05-25 20:29:31 --> Could not find the language line "Tải Excel"
ERROR - 2020-05-25 20:29:31 --> Could not find the language line "Đóng"
ERROR - 2020-05-25 20:29:31 --> Could not find the language line "Xác Nhận"
ERROR - 2020-05-25 20:29:31 --> Severity: Warning --> Invalid argument supplied for foreach() /home/admin/domains/spshd.com/public_html/khachhang/application/views/app.php 162
ERROR - 2020-05-25 20:29:31 --> Severity: Warning --> Invalid argument supplied for foreach() /home/admin/domains/spshd.com/public_html/khachhang/application/views/app.php 173
ERROR - 2020-05-25 20:29:31 --> Could not find the language line "Đóng"
ERROR - 2020-05-25 20:29:31 --> Could not find the language line "Xác Nhận"
ERROR - 2020-05-25 20:29:31 --> Could not find the language line "Đóng"
ERROR - 2020-05-25 20:29:31 --> Could not find the language line "Xác Nhận"
ERROR - 2020-05-25 20:29:31 --> Could not find the language line "Đóng"
ERROR - 2020-05-25 20:29:31 --> Could not find the language line "Tải"
ERROR - 2020-05-25 15:55:30 --> Could not find the language line "Email"
ERROR - 2020-05-25 15:55:30 --> Could not find the language line "password"
ERROR - 2020-05-25 21:56:09 --> Could not find the language line "Tạo Điểm Lấy Hàng"
ERROR - 2020-05-25 21:56:09 --> Could not find the language line "Tạo Đơn Hàng"
ERROR - 2020-05-25 21:56:09 --> Could not find the language line "Tải Excel"
ERROR - 2020-05-25 21:56:09 --> Could not find the language line "Đóng"
ERROR - 2020-05-25 21:56:09 --> Could not find the language line "Xác Nhận"
ERROR - 2020-05-25 21:56:09 --> Severity: Warning --> Invalid argument supplied for foreach() /home/admin/domains/spshd.com/public_html/khachhang/application/views/app.php 162
ERROR - 2020-05-25 21:56:09 --> Severity: Warning --> Invalid argument supplied for foreach() /home/admin/domains/spshd.com/public_html/khachhang/application/views/app.php 173
ERROR - 2020-05-25 21:56:09 --> Could not find the language line "Đóng"
ERROR - 2020-05-25 21:56:09 --> Could not find the language line "Xác Nhận"
ERROR - 2020-05-25 21:56:09 --> Could not find the language line "Đóng"
ERROR - 2020-05-25 21:56:09 --> Could not find the language line "Xác Nhận"
ERROR - 2020-05-25 21:56:09 --> Could not find the language line "Đóng"
ERROR - 2020-05-25 21:56:09 --> Could not find the language line "Tải"
ERROR - 2020-05-25 22:00:16 --> Could not find the language line "Tạo Điểm Lấy Hàng"
ERROR - 2020-05-25 22:00:16 --> Could not find the language line "Tạo Đơn Hàng"
ERROR - 2020-05-25 22:00:16 --> Could not find the language line "Tải Excel"
ERROR - 2020-05-25 22:00:16 --> Could not find the language line "Đóng"
ERROR - 2020-05-25 22:00:16 --> Could not find the language line "Xác Nhận"
ERROR - 2020-05-25 22:00:16 --> Severity: Warning --> Invalid argument supplied for foreach() /home/admin/domains/spshd.com/public_html/khachhang/application/views/app.php 162
ERROR - 2020-05-25 22:00:16 --> Severity: Warning --> Invalid argument supplied for foreach() /home/admin/domains/spshd.com/public_html/khachhang/application/views/app.php 173
ERROR - 2020-05-25 22:00:16 --> Could not find the language line "Đóng"
ERROR - 2020-05-25 22:00:16 --> Could not find the language line "Xác Nhận"
ERROR - 2020-05-25 22:00:16 --> Could not find the language line "Đóng"
ERROR - 2020-05-25 22:00:16 --> Could not find the language line "Xác Nhận"
ERROR - 2020-05-25 22:00:16 --> Could not find the language line "Đóng"
ERROR - 2020-05-25 22:00:16 --> Could not find the language line "Tải"
ERROR - 2020-05-25 16:28:07 --> Could not find the language line "Email"
ERROR - 2020-05-25 16:28:07 --> Could not find the language line "password"
ERROR - 2020-05-25 22:28:51 --> Could not find the language line "Tạo Điểm Lấy Hàng"
ERROR - 2020-05-25 22:28:51 --> Could not find the language line "Tạo Đơn Hàng"
ERROR - 2020-05-25 22:28:51 --> Could not find the language line "Tải Excel"
ERROR - 2020-05-25 22:28:51 --> Could not find the language line "Đóng"
ERROR - 2020-05-25 22:28:51 --> Could not find the language line "Xác Nhận"
ERROR - 2020-05-25 22:28:51 --> Severity: Warning --> Invalid argument supplied for foreach() /home/admin/domains/spshd.com/public_html/khachhang/application/views/app.php 162
ERROR - 2020-05-25 22:28:51 --> Severity: Warning --> Invalid argument supplied for foreach() /home/admin/domains/spshd.com/public_html/khachhang/application/views/app.php 173
ERROR - 2020-05-25 22:28:51 --> Could not find the language line "Đóng"
ERROR - 2020-05-25 22:28:51 --> Could not find the language line "Xác Nhận"
ERROR - 2020-05-25 22:28:51 --> Could not find the language line "Đóng"
ERROR - 2020-05-25 22:28:51 --> Could not find the language line "Xác Nhận"
ERROR - 2020-05-25 22:28:51 --> Could not find the language line "Đóng"
ERROR - 2020-05-25 22:28:51 --> Could not find the language line "Tải"
ERROR - 2020-05-25 22:28:51 --> Could not find the language line "Tạo Điểm Lấy Hàng"
ERROR - 2020-05-25 22:28:51 --> Could not find the language line "Tạo Đơn Hàng"
ERROR - 2020-05-25 22:28:51 --> Could not find the language line "Tải Excel"
ERROR - 2020-05-25 22:28:51 --> Could not find the language line "Đóng"
ERROR - 2020-05-25 22:28:51 --> Could not find the language line "Xác Nhận"
ERROR - 2020-05-25 22:28:51 --> Severity: Warning --> Invalid argument supplied for foreach() /home/admin/domains/spshd.com/public_html/khachhang/application/views/app.php 162
ERROR - 2020-05-25 22:28:51 --> Severity: Warning --> Invalid argument supplied for foreach() /home/admin/domains/spshd.com/public_html/khachhang/application/views/app.php 173
ERROR - 2020-05-25 22:28:51 --> Could not find the language line "Đóng"
ERROR - 2020-05-25 22:28:51 --> Could not find the language line "Xác Nhận"
ERROR - 2020-05-25 22:28:51 --> Could not find the language line "Đóng"
ERROR - 2020-05-25 22:28:51 --> Could not find the language line "Xác Nhận"
ERROR - 2020-05-25 22:28:51 --> Could not find the language line "Đóng"
ERROR - 2020-05-25 22:28:51 --> Could not find the language line "Tải"
ERROR - 2020-05-25 22:34:47 --> Could not find the language line "Tạo Điểm Lấy Hàng"
ERROR - 2020-05-25 22:34:47 --> Could not find the language line "Tạo Đơn Hàng"
ERROR - 2020-05-25 22:34:47 --> Could not find the language line "Tải Excel"
ERROR - 2020-05-25 22:34:47 --> Could not find the language line "Đóng"
ERROR - 2020-05-25 22:34:47 --> Could not find the language line "Xác Nhận"
ERROR - 2020-05-25 22:34:47 --> Severity: Warning --> Invalid argument supplied for foreach() /home/admin/domains/spshd.com/public_html/khachhang/application/views/app.php 162
ERROR - 2020-05-25 22:34:47 --> Severity: Warning --> Invalid argument supplied for foreach() /home/admin/domains/spshd.com/public_html/khachhang/application/views/app.php 173
ERROR - 2020-05-25 22:34:47 --> Could not find the language line "Đóng"
ERROR - 2020-05-25 22:34:47 --> Could not find the language line "Xác Nhận"
ERROR - 2020-05-25 22:34:47 --> Could not find the language line "Đóng"
ERROR - 2020-05-25 22:34:47 --> Could not find the language line "Xác Nhận"
ERROR - 2020-05-25 22:34:47 --> Could not find the language line "Đóng"
ERROR - 2020-05-25 22:34:47 --> Could not find the language line "Tải"
ERROR - 2020-05-25 22:41:46 --> Could not find the language line "Tạo Điểm Lấy Hàng"
ERROR - 2020-05-25 22:41:46 --> Could not find the language line "Tạo Đơn Hàng"
ERROR - 2020-05-25 22:41:46 --> Could not find the language line "Tải Excel"
ERROR - 2020-05-25 22:41:46 --> Could not find the language line "Đóng"
ERROR - 2020-05-25 22:41:46 --> Could not find the language line "Xác Nhận"
ERROR - 2020-05-25 22:41:46 --> Severity: Warning --> Invalid argument supplied for foreach() /home/admin/domains/spshd.com/public_html/khachhang/application/views/app.php 162
ERROR - 2020-05-25 22:41:46 --> Severity: Warning --> Invalid argument supplied for foreach() /home/admin/domains/spshd.com/public_html/khachhang/application/views/app.php 173
ERROR - 2020-05-25 22:41:46 --> Could not find the language line "Đóng"
ERROR - 2020-05-25 22:41:46 --> Could not find the language line "Xác Nhận"
ERROR - 2020-05-25 22:41:46 --> Could not find the language line "Đóng"
ERROR - 2020-05-25 22:41:46 --> Could not find the language line "Xác Nhận"
ERROR - 2020-05-25 22:41:46 --> Could not find the language line "Đóng"
ERROR - 2020-05-25 22:41:46 --> Could not find the language line "Tải"
ERROR - 2020-05-25 22:44:03 --> Could not find the language line "Tạo Điểm Lấy Hàng"
ERROR - 2020-05-25 22:44:03 --> Could not find the language line "Tạo Đơn Hàng"
ERROR - 2020-05-25 22:44:03 --> Could not find the language line "Tải Excel"
ERROR - 2020-05-25 22:44:03 --> Could not find the language line "Đóng"
ERROR - 2020-05-25 22:44:03 --> Could not find the language line "Xác Nhận"
ERROR - 2020-05-25 22:44:03 --> Severity: Warning --> Invalid argument supplied for foreach() /home/admin/domains/spshd.com/public_html/khachhang/application/views/app.php 162
ERROR - 2020-05-25 22:44:03 --> Severity: Warning --> Invalid argument supplied for foreach() /home/admin/domains/spshd.com/public_html/khachhang/application/views/app.php 173
ERROR - 2020-05-25 22:44:03 --> Could not find the language line "Đóng"
ERROR - 2020-05-25 22:44:03 --> Could not find the language line "Xác Nhận"
ERROR - 2020-05-25 22:44:03 --> Could not find the language line "Đóng"
ERROR - 2020-05-25 22:44:03 --> Could not find the language line "Xác Nhận"
ERROR - 2020-05-25 22:44:03 --> Could not find the language line "Đóng"
ERROR - 2020-05-25 22:44:03 --> Could not find the language line "Tải"
ERROR - 2020-05-25 22:45:40 --> Could not find the language line "Tạo Điểm Lấy Hàng"
ERROR - 2020-05-25 22:45:40 --> Could not find the language line "Tạo Đơn Hàng"
ERROR - 2020-05-25 22:45:40 --> Could not find the language line "Tải Excel"
ERROR - 2020-05-25 22:45:40 --> Could not find the language line "Đóng"
ERROR - 2020-05-25 22:45:40 --> Could not find the language line "Xác Nhận"
ERROR - 2020-05-25 22:45:40 --> Severity: Warning --> Invalid argument supplied for foreach() /home/admin/domains/spshd.com/public_html/khachhang/application/views/app.php 162
ERROR - 2020-05-25 22:45:40 --> Severity: Warning --> Invalid argument supplied for foreach() /home/admin/domains/spshd.com/public_html/khachhang/application/views/app.php 173
ERROR - 2020-05-25 22:45:40 --> Could not find the language line "Đóng"
ERROR - 2020-05-25 22:45:40 --> Could not find the language line "Xác Nhận"
ERROR - 2020-05-25 22:45:40 --> Could not find the language line "Đóng"
ERROR - 2020-05-25 22:45:40 --> Could not find the language line "Xác Nhận"
ERROR - 2020-05-25 22:45:40 --> Could not find the language line "Đóng"
ERROR - 2020-05-25 22:45:40 --> Could not find the language line "Tải"
ERROR - 2020-05-25 22:45:55 --> Could not find the language line "Tạo Điểm Lấy Hàng"
ERROR - 2020-05-25 22:45:55 --> Could not find the language line "Tạo Đơn Hàng"
ERROR - 2020-05-25 22:45:55 --> Could not find the language line "Tải Excel"
ERROR - 2020-05-25 22:45:55 --> Could not find the language line "Đóng"
ERROR - 2020-05-25 22:45:55 --> Could not find the language line "Xác Nhận"
ERROR - 2020-05-25 22:45:55 --> Severity: Warning --> Invalid argument supplied for foreach() /home/admin/domains/spshd.com/public_html/khachhang/application/views/app.php 162
ERROR - 2020-05-25 22:45:55 --> Severity: Warning --> Invalid argument supplied for foreach() /home/admin/domains/spshd.com/public_html/khachhang/application/views/app.php 173
ERROR - 2020-05-25 22:45:55 --> Could not find the language line "Đóng"
ERROR - 2020-05-25 22:45:55 --> Could not find the language line "Xác Nhận"
ERROR - 2020-05-25 22:45:55 --> Could not find the language line "Đóng"
ERROR - 2020-05-25 22:45:55 --> Could not find the language line "Xác Nhận"
ERROR - 2020-05-25 22:45:55 --> Could not find the language line "Đóng"
ERROR - 2020-05-25 22:45:55 --> Could not find the language line "Tải"
ERROR - 2020-05-25 23:21:08 --> Could not find the language line "Tạo Điểm Lấy Hàng"
ERROR - 2020-05-25 23:21:08 --> Could not find the language line "Tạo Đơn Hàng"
ERROR - 2020-05-25 23:21:08 --> Could not find the language line "Tải Excel"
ERROR - 2020-05-25 23:21:08 --> Could not find the language line "Đóng"
ERROR - 2020-05-25 23:21:08 --> Could not find the language line "Xác Nhận"
ERROR - 2020-05-25 23:21:08 --> Severity: Warning --> Invalid argument supplied for foreach() /home/admin/domains/spshd.com/public_html/khachhang/application/views/app.php 162
ERROR - 2020-05-25 23:21:08 --> Severity: Warning --> Invalid argument supplied for foreach() /home/admin/domains/spshd.com/public_html/khachhang/application/views/app.php 173
ERROR - 2020-05-25 23:21:08 --> Could not find the language line "Đóng"
ERROR - 2020-05-25 23:21:08 --> Could not find the language line "Xác Nhận"
ERROR - 2020-05-25 23:21:08 --> Could not find the language line "Đóng"
ERROR - 2020-05-25 23:21:08 --> Could not find the language line "Xác Nhận"
ERROR - 2020-05-25 23:21:08 --> Could not find the language line "Đóng"
ERROR - 2020-05-25 23:21:08 --> Could not find the language line "Tải"
ERROR - 2020-05-25 17:21:12 --> Could not find the language line "Email"
ERROR - 2020-05-25 17:21:12 --> Could not find the language line "password"
ERROR - 2020-05-25 23:21:18 --> Could not find the language line "Tạo Điểm Lấy Hàng"
ERROR - 2020-05-25 23:21:18 --> Could not find the language line "Tạo Đơn Hàng"
ERROR - 2020-05-25 23:21:18 --> Could not find the language line "Tải Excel"
ERROR - 2020-05-25 23:21:18 --> Could not find the language line "Đóng"
ERROR - 2020-05-25 23:21:18 --> Could not find the language line "Xác Nhận"
ERROR - 2020-05-25 23:21:18 --> Severity: Warning --> Invalid argument supplied for foreach() /home/admin/domains/spshd.com/public_html/khachhang/application/views/app.php 162
ERROR - 2020-05-25 23:21:18 --> Severity: Warning --> Invalid argument supplied for foreach() /home/admin/domains/spshd.com/public_html/khachhang/application/views/app.php 173
ERROR - 2020-05-25 23:21:18 --> Could not find the language line "Đóng"
ERROR - 2020-05-25 23:21:18 --> Could not find the language line "Xác Nhận"
ERROR - 2020-05-25 23:21:18 --> Could not find the language line "Đóng"
ERROR - 2020-05-25 23:21:18 --> Could not find the language line "Xác Nhận"
ERROR - 2020-05-25 23:21:18 --> Could not find the language line "Đóng"
ERROR - 2020-05-25 23:21:18 --> Could not find the language line "Tải"
ERROR - 2020-05-25 23:41:14 --> Could not find the language line "Tạo Điểm Lấy Hàng"
ERROR - 2020-05-25 23:41:14 --> Could not find the language line "Tạo Đơn Hàng"
ERROR - 2020-05-25 23:41:14 --> Could not find the language line "Tải Excel"
ERROR - 2020-05-25 23:41:14 --> Could not find the language line "Đóng"
ERROR - 2020-05-25 23:41:14 --> Could not find the language line "Xác Nhận"
ERROR - 2020-05-25 23:41:14 --> Severity: Warning --> Invalid argument supplied for foreach() /home/admin/domains/spshd.com/public_html/khachhang/application/views/app.php 162
ERROR - 2020-05-25 23:41:14 --> Severity: Warning --> Invalid argument supplied for foreach() /home/admin/domains/spshd.com/public_html/khachhang/application/views/app.php 173
ERROR - 2020-05-25 23:41:14 --> Could not find the language line "Đóng"
ERROR - 2020-05-25 23:41:14 --> Could not find the language line "Xác Nhận"
ERROR - 2020-05-25 23:41:14 --> Could not find the language line "Đóng"
ERROR - 2020-05-25 23:41:14 --> Could not find the language line "Xác Nhận"
ERROR - 2020-05-25 23:41:14 --> Could not find the language line "Đóng"
ERROR - 2020-05-25 23:41:14 --> Could not find the language line "Tải"
ERROR - 2020-05-25 23:45:30 --> Could not find the language line "Tạo Điểm Lấy Hàng"
ERROR - 2020-05-25 23:45:30 --> Could not find the language line "Tạo Đơn Hàng"
ERROR - 2020-05-25 23:45:30 --> Could not find the language line "Tải Excel"
ERROR - 2020-05-25 23:45:30 --> Could not find the language line "Đóng"
ERROR - 2020-05-25 23:45:30 --> Could not find the language line "Xác Nhận"
ERROR - 2020-05-25 23:45:30 --> Severity: Warning --> Invalid argument supplied for foreach() /home/admin/domains/spshd.com/public_html/khachhang/application/views/app.php 162
ERROR - 2020-05-25 23:45:30 --> Severity: Warning --> Invalid argument supplied for foreach() /home/admin/domains/spshd.com/public_html/khachhang/application/views/app.php 173
ERROR - 2020-05-25 23:45:30 --> Could not find the language line "Đóng"
ERROR - 2020-05-25 23:45:30 --> Could not find the language line "Xác Nhận"
ERROR - 2020-05-25 23:45:30 --> Could not find the language line "Đóng"
ERROR - 2020-05-25 23:45:30 --> Could not find the language line "Xác Nhận"
ERROR - 2020-05-25 23:45:30 --> Could not find the language line "Đóng"
ERROR - 2020-05-25 23:45:30 --> Could not find the language line "Tải"
