ERROR - 2020-06-14 02:26:40 --> Could not find the language line "Email"
ERROR - 2020-06-14 02:26:40 --> Could not find the language line "password"
ERROR - 2020-06-14 08:38:25 --> Could not find the language line "Tạo Điểm Lấy Hàng"
ERROR - 2020-06-14 08:38:25 --> Could not find the language line "Tạo Đơn Hàng"
ERROR - 2020-06-14 08:38:25 --> Could not find the language line "Tải Excel"
ERROR - 2020-06-14 08:38:25 --> Could not find the language line "Đóng"
ERROR - 2020-06-14 08:38:25 --> Could not find the language line "Xác Nhận"
ERROR - 2020-06-14 08:38:25 --> Severity: Warning --> Invalid argument supplied for foreach() /home/admin/domains/spshd.com/public_html/khachhang/application/views/app.php 162
ERROR - 2020-06-14 08:38:25 --> Severity: Warning --> Invalid argument supplied for foreach() /home/admin/domains/spshd.com/public_html/khachhang/application/views/app.php 173
ERROR - 2020-06-14 08:38:25 --> Could not find the language line "Đóng"
ERROR - 2020-06-14 08:38:25 --> Could not find the language line "Xác Nhận"
ERROR - 2020-06-14 08:38:25 --> Could not find the language line "Đóng"
ERROR - 2020-06-14 08:38:25 --> Could not find the language line "Xác Nhận"
ERROR - 2020-06-14 08:38:25 --> Could not find the language line "Đóng"
ERROR - 2020-06-14 08:38:25 --> Could not find the language line "Tải"
ERROR - 2020-06-14 02:47:36 --> Could not find the language line "Email"
ERROR - 2020-06-14 02:47:36 --> Could not find the language line "password"
ERROR - 2020-06-14 08:47:39 --> Could not find the language line "Tạo Điểm Lấy Hàng"
ERROR - 2020-06-14 08:47:39 --> Could not find the language line "Tạo Đơn Hàng"
ERROR - 2020-06-14 08:47:39 --> Could not find the language line "Tải Excel"
ERROR - 2020-06-14 08:47:39 --> Could not find the language line "Đóng"
ERROR - 2020-06-14 08:47:39 --> Could not find the language line "Xác Nhận"
ERROR - 2020-06-14 08:47:39 --> Severity: Warning --> Invalid argument supplied for foreach() /home/admin/domains/spshd.com/public_html/khachhang/application/views/app.php 162
ERROR - 2020-06-14 08:47:39 --> Severity: Warning --> Invalid argument supplied for foreach() /home/admin/domains/spshd.com/public_html/khachhang/application/views/app.php 173
ERROR - 2020-06-14 08:47:39 --> Could not find the language line "Đóng"
ERROR - 2020-06-14 08:47:39 --> Could not find the language line "Xác Nhận"
ERROR - 2020-06-14 08:47:39 --> Could not find the language line "Đóng"
ERROR - 2020-06-14 08:47:39 --> Could not find the language line "Xác Nhận"
ERROR - 2020-06-14 08:47:39 --> Could not find the language line "Đóng"
ERROR - 2020-06-14 08:47:39 --> Could not find the language line "Tải"
ERROR - 2020-06-14 02:58:02 --> Could not find the language line "Email"
ERROR - 2020-06-14 02:58:02 --> Could not find the language line "password"
ERROR - 2020-06-14 10:52:19 --> Could not find the language line "Tạo Điểm Lấy Hàng"
ERROR - 2020-06-14 10:52:19 --> Could not find the language line "Tạo Đơn Hàng"
ERROR - 2020-06-14 10:52:19 --> Could not find the language line "Tải Excel"
ERROR - 2020-06-14 10:52:19 --> Could not find the language line "Đóng"
ERROR - 2020-06-14 10:52:19 --> Could not find the language line "Xác Nhận"
ERROR - 2020-06-14 10:52:19 --> Severity: Warning --> Invalid argument supplied for foreach() /home/admin/domains/spshd.com/public_html/khachhang/application/views/app.php 162
ERROR - 2020-06-14 10:52:19 --> Severity: Warning --> Invalid argument supplied for foreach() /home/admin/domains/spshd.com/public_html/khachhang/application/views/app.php 173
ERROR - 2020-06-14 10:52:19 --> Could not find the language line "Đóng"
ERROR - 2020-06-14 10:52:19 --> Could not find the language line "Xác Nhận"
ERROR - 2020-06-14 10:52:19 --> Could not find the language line "Đóng"
ERROR - 2020-06-14 10:52:19 --> Could not find the language line "Xác Nhận"
ERROR - 2020-06-14 10:52:19 --> Could not find the language line "Đóng"
ERROR - 2020-06-14 10:52:19 --> Could not find the language line "Tải"
ERROR - 2020-06-14 05:02:11 --> Could not find the language line "Email"
ERROR - 2020-06-14 05:02:11 --> Could not find the language line "password"
ERROR - 2020-06-14 05:48:54 --> Could not find the language line "Email"
ERROR - 2020-06-14 05:48:54 --> Could not find the language line "password"
ERROR - 2020-06-14 11:49:04 --> Could not find the language line "Tạo Điểm Lấy Hàng"
ERROR - 2020-06-14 11:49:04 --> Could not find the language line "Tạo Đơn Hàng"
ERROR - 2020-06-14 11:49:04 --> Could not find the language line "Tải Excel"
ERROR - 2020-06-14 11:49:04 --> Could not find the language line "Đóng"
ERROR - 2020-06-14 11:49:04 --> Could not find the language line "Xác Nhận"
ERROR - 2020-06-14 11:49:04 --> Severity: Warning --> Invalid argument supplied for foreach() /home/admin/domains/spshd.com/public_html/khachhang/application/views/app.php 162
ERROR - 2020-06-14 11:49:04 --> Severity: Warning --> Invalid argument supplied for foreach() /home/admin/domains/spshd.com/public_html/khachhang/application/views/app.php 173
ERROR - 2020-06-14 11:49:04 --> Could not find the language line "Đóng"
ERROR - 2020-06-14 11:49:04 --> Could not find the language line "Xác Nhận"
ERROR - 2020-06-14 11:49:04 --> Could not find the language line "Đóng"
ERROR - 2020-06-14 11:49:04 --> Could not find the language line "Xác Nhận"
ERROR - 2020-06-14 11:49:04 --> Could not find the language line "Đóng"
ERROR - 2020-06-14 11:49:04 --> Could not find the language line "Tải"
ERROR - 2020-06-14 11:50:34 --> Could not find the language line "Tạo Điểm Lấy Hàng"
ERROR - 2020-06-14 11:50:34 --> Could not find the language line "Tạo Đơn Hàng"
ERROR - 2020-06-14 11:50:34 --> Could not find the language line "Tải Excel"
ERROR - 2020-06-14 11:50:34 --> Could not find the language line "Đóng"
ERROR - 2020-06-14 11:50:34 --> Could not find the language line "Xác Nhận"
ERROR - 2020-06-14 11:50:34 --> Severity: Warning --> Invalid argument supplied for foreach() /home/admin/domains/spshd.com/public_html/khachhang/application/views/app.php 162
ERROR - 2020-06-14 11:50:34 --> Severity: Warning --> Invalid argument supplied for foreach() /home/admin/domains/spshd.com/public_html/khachhang/application/views/app.php 173
ERROR - 2020-06-14 11:50:34 --> Could not find the language line "Đóng"
ERROR - 2020-06-14 11:50:34 --> Could not find the language line "Xác Nhận"
ERROR - 2020-06-14 11:50:34 --> Could not find the language line "Đóng"
ERROR - 2020-06-14 11:50:34 --> Could not find the language line "Xác Nhận"
ERROR - 2020-06-14 11:50:34 --> Could not find the language line "Đóng"
ERROR - 2020-06-14 11:50:34 --> Could not find the language line "Tải"
ERROR - 2020-06-14 12:04:20 --> Could not find the language line "Tạo Điểm Lấy Hàng"
ERROR - 2020-06-14 12:04:20 --> Could not find the language line "Tạo Đơn Hàng"
ERROR - 2020-06-14 12:04:20 --> Could not find the language line "Tải Excel"
ERROR - 2020-06-14 12:04:20 --> Could not find the language line "Đóng"
ERROR - 2020-06-14 12:04:20 --> Could not find the language line "Xác Nhận"
ERROR - 2020-06-14 12:04:20 --> Severity: Warning --> Invalid argument supplied for foreach() /home/admin/domains/spshd.com/public_html/khachhang/application/views/app.php 162
ERROR - 2020-06-14 12:04:20 --> Severity: Warning --> Invalid argument supplied for foreach() /home/admin/domains/spshd.com/public_html/khachhang/application/views/app.php 173
ERROR - 2020-06-14 12:04:20 --> Could not find the language line "Đóng"
ERROR - 2020-06-14 12:04:20 --> Could not find the language line "Xác Nhận"
ERROR - 2020-06-14 12:04:20 --> Could not find the language line "Đóng"
ERROR - 2020-06-14 12:04:20 --> Could not find the language line "Xác Nhận"
ERROR - 2020-06-14 12:04:20 --> Could not find the language line "Đóng"
ERROR - 2020-06-14 12:04:20 --> Could not find the language line "Tải"
ERROR - 2020-06-14 12:48:23 --> Could not find the language line "Tạo Điểm Lấy Hàng"
ERROR - 2020-06-14 12:48:23 --> Could not find the language line "Tạo Đơn Hàng"
ERROR - 2020-06-14 12:48:23 --> Could not find the language line "Tải Excel"
ERROR - 2020-06-14 12:48:23 --> Could not find the language line "Đóng"
ERROR - 2020-06-14 12:48:23 --> Could not find the language line "Xác Nhận"
ERROR - 2020-06-14 12:48:23 --> Severity: Warning --> Invalid argument supplied for foreach() /home/admin/domains/spshd.com/public_html/khachhang/application/views/app.php 162
ERROR - 2020-06-14 12:48:23 --> Severity: Warning --> Invalid argument supplied for foreach() /home/admin/domains/spshd.com/public_html/khachhang/application/views/app.php 173
ERROR - 2020-06-14 12:48:23 --> Could not find the language line "Đóng"
ERROR - 2020-06-14 12:48:23 --> Could not find the language line "Xác Nhận"
ERROR - 2020-06-14 12:48:23 --> Could not find the language line "Đóng"
ERROR - 2020-06-14 12:48:23 --> Could not find the language line "Xác Nhận"
ERROR - 2020-06-14 12:48:23 --> Could not find the language line "Đóng"
ERROR - 2020-06-14 12:48:23 --> Could not find the language line "Tải"
ERROR - 2020-06-14 13:55:51 --> Could not find the language line "Tạo Điểm Lấy Hàng"
ERROR - 2020-06-14 13:55:51 --> Could not find the language line "Tạo Đơn Hàng"
ERROR - 2020-06-14 13:55:51 --> Could not find the language line "Tải Excel"
ERROR - 2020-06-14 13:55:51 --> Could not find the language line "Đóng"
ERROR - 2020-06-14 13:55:51 --> Could not find the language line "Xác Nhận"
ERROR - 2020-06-14 13:55:51 --> Severity: Warning --> Invalid argument supplied for foreach() /home/admin/domains/spshd.com/public_html/khachhang/application/views/app.php 162
ERROR - 2020-06-14 13:55:51 --> Severity: Warning --> Invalid argument supplied for foreach() /home/admin/domains/spshd.com/public_html/khachhang/application/views/app.php 173
ERROR - 2020-06-14 13:55:51 --> Could not find the language line "Đóng"
ERROR - 2020-06-14 13:55:51 --> Could not find the language line "Xác Nhận"
ERROR - 2020-06-14 13:55:51 --> Could not find the language line "Đóng"
ERROR - 2020-06-14 13:55:51 --> Could not find the language line "Xác Nhận"
ERROR - 2020-06-14 13:55:51 --> Could not find the language line "Đóng"
ERROR - 2020-06-14 13:55:51 --> Could not find the language line "Tải"
ERROR - 2020-06-14 15:12:21 --> Could not find the language line "Tạo Điểm Lấy Hàng"
ERROR - 2020-06-14 15:12:21 --> Could not find the language line "Tạo Đơn Hàng"
ERROR - 2020-06-14 15:12:21 --> Could not find the language line "Tải Excel"
ERROR - 2020-06-14 15:12:21 --> Could not find the language line "Đóng"
ERROR - 2020-06-14 15:12:21 --> Could not find the language line "Xác Nhận"
ERROR - 2020-06-14 15:12:21 --> Severity: Warning --> Invalid argument supplied for foreach() /home/admin/domains/spshd.com/public_html/khachhang/application/views/app.php 162
ERROR - 2020-06-14 15:12:21 --> Severity: Warning --> Invalid argument supplied for foreach() /home/admin/domains/spshd.com/public_html/khachhang/application/views/app.php 173
ERROR - 2020-06-14 15:12:21 --> Could not find the language line "Đóng"
ERROR - 2020-06-14 15:12:21 --> Could not find the language line "Xác Nhận"
ERROR - 2020-06-14 15:12:21 --> Could not find the language line "Đóng"
ERROR - 2020-06-14 15:12:21 --> Could not find the language line "Xác Nhận"
ERROR - 2020-06-14 15:12:21 --> Could not find the language line "Đóng"
ERROR - 2020-06-14 15:12:21 --> Could not find the language line "Tải"
ERROR - 2020-06-14 15:13:32 --> Could not find the language line "Tạo Điểm Lấy Hàng"
ERROR - 2020-06-14 15:13:32 --> Could not find the language line "Tạo Đơn Hàng"
ERROR - 2020-06-14 15:13:32 --> Could not find the language line "Tải Excel"
ERROR - 2020-06-14 15:13:32 --> Could not find the language line "Đóng"
ERROR - 2020-06-14 15:13:32 --> Could not find the language line "Xác Nhận"
ERROR - 2020-06-14 15:13:32 --> Severity: Warning --> Invalid argument supplied for foreach() /home/admin/domains/spshd.com/public_html/khachhang/application/views/app.php 162
ERROR - 2020-06-14 15:13:32 --> Severity: Warning --> Invalid argument supplied for foreach() /home/admin/domains/spshd.com/public_html/khachhang/application/views/app.php 173
ERROR - 2020-06-14 15:13:32 --> Could not find the language line "Đóng"
ERROR - 2020-06-14 15:13:32 --> Could not find the language line "Xác Nhận"
ERROR - 2020-06-14 15:13:32 --> Could not find the language line "Đóng"
ERROR - 2020-06-14 15:13:32 --> Could not find the language line "Xác Nhận"
ERROR - 2020-06-14 15:13:32 --> Could not find the language line "Đóng"
ERROR - 2020-06-14 15:13:32 --> Could not find the language line "Tải"
ERROR - 2020-06-14 16:31:51 --> Could not find the language line "Tạo Điểm Lấy Hàng"
ERROR - 2020-06-14 16:31:51 --> Could not find the language line "Tạo Đơn Hàng"
ERROR - 2020-06-14 16:31:51 --> Could not find the language line "Tải Excel"
ERROR - 2020-06-14 16:31:51 --> Could not find the language line "Đóng"
ERROR - 2020-06-14 16:31:51 --> Could not find the language line "Xác Nhận"
ERROR - 2020-06-14 16:31:51 --> Severity: Warning --> Invalid argument supplied for foreach() /home/admin/domains/spshd.com/public_html/khachhang/application/views/app.php 162
ERROR - 2020-06-14 16:31:51 --> Severity: Warning --> Invalid argument supplied for foreach() /home/admin/domains/spshd.com/public_html/khachhang/application/views/app.php 173
ERROR - 2020-06-14 16:31:51 --> Could not find the language line "Đóng"
ERROR - 2020-06-14 16:31:51 --> Could not find the language line "Xác Nhận"
ERROR - 2020-06-14 16:31:51 --> Could not find the language line "Đóng"
ERROR - 2020-06-14 16:31:51 --> Could not find the language line "Xác Nhận"
ERROR - 2020-06-14 16:31:51 --> Could not find the language line "Đóng"
ERROR - 2020-06-14 16:31:51 --> Could not find the language line "Tải"
ERROR - 2020-06-14 16:34:08 --> Could not find the language line "Tạo Điểm Lấy Hàng"
ERROR - 2020-06-14 16:34:08 --> Could not find the language line "Tạo Đơn Hàng"
ERROR - 2020-06-14 16:34:08 --> Could not find the language line "Tải Excel"
ERROR - 2020-06-14 16:34:08 --> Could not find the language line "Đóng"
ERROR - 2020-06-14 16:34:08 --> Could not find the language line "Xác Nhận"
ERROR - 2020-06-14 16:34:08 --> Severity: Warning --> Invalid argument supplied for foreach() /home/admin/domains/spshd.com/public_html/khachhang/application/views/app.php 162
ERROR - 2020-06-14 16:34:08 --> Severity: Warning --> Invalid argument supplied for foreach() /home/admin/domains/spshd.com/public_html/khachhang/application/views/app.php 173
ERROR - 2020-06-14 16:34:08 --> Could not find the language line "Đóng"
ERROR - 2020-06-14 16:34:08 --> Could not find the language line "Xác Nhận"
ERROR - 2020-06-14 16:34:08 --> Could not find the language line "Đóng"
ERROR - 2020-06-14 16:34:08 --> Could not find the language line "Xác Nhận"
ERROR - 2020-06-14 16:34:08 --> Could not find the language line "Đóng"
ERROR - 2020-06-14 16:34:08 --> Could not find the language line "Tải"
ERROR - 2020-06-14 16:38:30 --> Could not find the language line "Tạo Điểm Lấy Hàng"
ERROR - 2020-06-14 16:38:30 --> Could not find the language line "Tạo Đơn Hàng"
ERROR - 2020-06-14 16:38:30 --> Could not find the language line "Tải Excel"
ERROR - 2020-06-14 16:38:30 --> Could not find the language line "Đóng"
ERROR - 2020-06-14 16:38:30 --> Could not find the language line "Xác Nhận"
ERROR - 2020-06-14 16:38:30 --> Severity: Warning --> Invalid argument supplied for foreach() /home/admin/domains/spshd.com/public_html/khachhang/application/views/app.php 162
ERROR - 2020-06-14 16:38:30 --> Severity: Warning --> Invalid argument supplied for foreach() /home/admin/domains/spshd.com/public_html/khachhang/application/views/app.php 173
ERROR - 2020-06-14 16:38:30 --> Could not find the language line "Đóng"
ERROR - 2020-06-14 16:38:30 --> Could not find the language line "Xác Nhận"
ERROR - 2020-06-14 16:38:30 --> Could not find the language line "Đóng"
ERROR - 2020-06-14 16:38:30 --> Could not find the language line "Xác Nhận"
ERROR - 2020-06-14 16:38:30 --> Could not find the language line "Đóng"
ERROR - 2020-06-14 16:38:30 --> Could not find the language line "Tải"
ERROR - 2020-06-14 16:40:24 --> Could not find the language line "Tạo Điểm Lấy Hàng"
ERROR - 2020-06-14 16:40:24 --> Could not find the language line "Tạo Đơn Hàng"
ERROR - 2020-06-14 16:40:24 --> Could not find the language line "Tải Excel"
ERROR - 2020-06-14 16:40:24 --> Could not find the language line "Đóng"
ERROR - 2020-06-14 16:40:24 --> Could not find the language line "Xác Nhận"
ERROR - 2020-06-14 16:40:24 --> Severity: Warning --> Invalid argument supplied for foreach() /home/admin/domains/spshd.com/public_html/khachhang/application/views/app.php 162
ERROR - 2020-06-14 16:40:24 --> Severity: Warning --> Invalid argument supplied for foreach() /home/admin/domains/spshd.com/public_html/khachhang/application/views/app.php 173
ERROR - 2020-06-14 16:40:24 --> Could not find the language line "Đóng"
ERROR - 2020-06-14 16:40:24 --> Could not find the language line "Xác Nhận"
ERROR - 2020-06-14 16:40:24 --> Could not find the language line "Đóng"
ERROR - 2020-06-14 16:40:24 --> Could not find the language line "Xác Nhận"
ERROR - 2020-06-14 16:40:24 --> Could not find the language line "Đóng"
ERROR - 2020-06-14 16:40:24 --> Could not find the language line "Tải"
ERROR - 2020-06-14 16:41:17 --> Could not find the language line "Tạo Điểm Lấy Hàng"
ERROR - 2020-06-14 16:41:17 --> Could not find the language line "Tạo Đơn Hàng"
ERROR - 2020-06-14 16:41:17 --> Could not find the language line "Tải Excel"
ERROR - 2020-06-14 16:41:17 --> Could not find the language line "Đóng"
ERROR - 2020-06-14 16:41:17 --> Could not find the language line "Xác Nhận"
ERROR - 2020-06-14 16:41:17 --> Severity: Warning --> Invalid argument supplied for foreach() /home/admin/domains/spshd.com/public_html/khachhang/application/views/app.php 162
ERROR - 2020-06-14 16:41:17 --> Severity: Warning --> Invalid argument supplied for foreach() /home/admin/domains/spshd.com/public_html/khachhang/application/views/app.php 173
ERROR - 2020-06-14 16:41:17 --> Could not find the language line "Đóng"
ERROR - 2020-06-14 16:41:17 --> Could not find the language line "Xác Nhận"
ERROR - 2020-06-14 16:41:17 --> Could not find the language line "Đóng"
ERROR - 2020-06-14 16:41:17 --> Could not find the language line "Xác Nhận"
ERROR - 2020-06-14 16:41:17 --> Could not find the language line "Đóng"
ERROR - 2020-06-14 16:41:17 --> Could not find the language line "Tải"
ERROR - 2020-06-14 16:41:17 --> Could not find the language line "Tạo Điểm Lấy Hàng"
ERROR - 2020-06-14 16:41:17 --> Could not find the language line "Tạo Đơn Hàng"
ERROR - 2020-06-14 16:41:17 --> Could not find the language line "Tải Excel"
ERROR - 2020-06-14 16:41:17 --> Could not find the language line "Đóng"
ERROR - 2020-06-14 16:41:17 --> Could not find the language line "Xác Nhận"
ERROR - 2020-06-14 16:41:17 --> Severity: Warning --> Invalid argument supplied for foreach() /home/admin/domains/spshd.com/public_html/khachhang/application/views/app.php 162
ERROR - 2020-06-14 16:41:17 --> Severity: Warning --> Invalid argument supplied for foreach() /home/admin/domains/spshd.com/public_html/khachhang/application/views/app.php 173
ERROR - 2020-06-14 16:41:17 --> Could not find the language line "Đóng"
ERROR - 2020-06-14 16:41:17 --> Could not find the language line "Xác Nhận"
ERROR - 2020-06-14 16:41:17 --> Could not find the language line "Đóng"
ERROR - 2020-06-14 16:41:17 --> Could not find the language line "Xác Nhận"
ERROR - 2020-06-14 16:41:17 --> Could not find the language line "Đóng"
ERROR - 2020-06-14 16:41:17 --> Could not find the language line "Tải"
ERROR - 2020-06-14 10:41:30 --> Could not find the language line "Email"
ERROR - 2020-06-14 10:41:30 --> Could not find the language line "password"
ERROR - 2020-06-14 16:41:56 --> Could not find the language line "Tạo Điểm Lấy Hàng"
ERROR - 2020-06-14 16:41:56 --> Could not find the language line "Tạo Đơn Hàng"
ERROR - 2020-06-14 16:41:56 --> Could not find the language line "Tải Excel"
ERROR - 2020-06-14 16:41:56 --> Could not find the language line "Đóng"
ERROR - 2020-06-14 16:41:56 --> Could not find the language line "Xác Nhận"
ERROR - 2020-06-14 16:41:56 --> Severity: Warning --> Invalid argument supplied for foreach() /home/admin/domains/spshd.com/public_html/khachhang/application/views/app.php 162
ERROR - 2020-06-14 16:41:56 --> Severity: Warning --> Invalid argument supplied for foreach() /home/admin/domains/spshd.com/public_html/khachhang/application/views/app.php 173
ERROR - 2020-06-14 16:41:56 --> Could not find the language line "Đóng"
ERROR - 2020-06-14 16:41:56 --> Could not find the language line "Xác Nhận"
ERROR - 2020-06-14 16:41:56 --> Could not find the language line "Đóng"
ERROR - 2020-06-14 16:41:56 --> Could not find the language line "Xác Nhận"
ERROR - 2020-06-14 16:41:56 --> Could not find the language line "Đóng"
ERROR - 2020-06-14 16:41:56 --> Could not find the language line "Tải"
ERROR - 2020-06-14 16:42:13 --> Could not find the language line "Tạo Điểm Lấy Hàng"
ERROR - 2020-06-14 16:42:13 --> Could not find the language line "Tạo Đơn Hàng"
ERROR - 2020-06-14 16:42:13 --> Could not find the language line "Tải Excel"
ERROR - 2020-06-14 16:42:13 --> Could not find the language line "Đóng"
ERROR - 2020-06-14 16:42:13 --> Could not find the language line "Xác Nhận"
ERROR - 2020-06-14 16:42:13 --> Severity: Warning --> Invalid argument supplied for foreach() /home/admin/domains/spshd.com/public_html/khachhang/application/views/app.php 162
ERROR - 2020-06-14 16:42:13 --> Severity: Warning --> Invalid argument supplied for foreach() /home/admin/domains/spshd.com/public_html/khachhang/application/views/app.php 173
ERROR - 2020-06-14 16:42:13 --> Could not find the language line "Đóng"
ERROR - 2020-06-14 16:42:13 --> Could not find the language line "Xác Nhận"
ERROR - 2020-06-14 16:42:13 --> Could not find the language line "Đóng"
ERROR - 2020-06-14 16:42:13 --> Could not find the language line "Xác Nhận"
ERROR - 2020-06-14 16:42:13 --> Could not find the language line "Đóng"
ERROR - 2020-06-14 16:42:13 --> Could not find the language line "Tải"
ERROR - 2020-06-14 16:42:47 --> Could not find the language line "Tạo Điểm Lấy Hàng"
ERROR - 2020-06-14 16:42:47 --> Could not find the language line "Tạo Đơn Hàng"
ERROR - 2020-06-14 16:42:47 --> Could not find the language line "Tải Excel"
ERROR - 2020-06-14 16:42:47 --> Could not find the language line "Đóng"
ERROR - 2020-06-14 16:42:47 --> Could not find the language line "Xác Nhận"
ERROR - 2020-06-14 16:42:47 --> Severity: Warning --> Invalid argument supplied for foreach() /home/admin/domains/spshd.com/public_html/khachhang/application/views/app.php 162
ERROR - 2020-06-14 16:42:47 --> Severity: Warning --> Invalid argument supplied for foreach() /home/admin/domains/spshd.com/public_html/khachhang/application/views/app.php 173
ERROR - 2020-06-14 16:42:47 --> Could not find the language line "Đóng"
ERROR - 2020-06-14 16:42:47 --> Could not find the language line "Xác Nhận"
ERROR - 2020-06-14 16:42:47 --> Could not find the language line "Đóng"
ERROR - 2020-06-14 16:42:47 --> Could not find the language line "Xác Nhận"
ERROR - 2020-06-14 16:42:47 --> Could not find the language line "Đóng"
ERROR - 2020-06-14 16:42:47 --> Could not find the language line "Tải"
ERROR - 2020-06-14 16:44:52 --> Could not find the language line "Tạo Điểm Lấy Hàng"
ERROR - 2020-06-14 16:44:52 --> Could not find the language line "Tạo Đơn Hàng"
ERROR - 2020-06-14 16:44:52 --> Could not find the language line "Tải Excel"
ERROR - 2020-06-14 16:44:52 --> Could not find the language line "Đóng"
ERROR - 2020-06-14 16:44:52 --> Could not find the language line "Xác Nhận"
ERROR - 2020-06-14 16:44:52 --> Severity: Warning --> Invalid argument supplied for foreach() /home/admin/domains/spshd.com/public_html/khachhang/application/views/app.php 162
ERROR - 2020-06-14 16:44:52 --> Severity: Warning --> Invalid argument supplied for foreach() /home/admin/domains/spshd.com/public_html/khachhang/application/views/app.php 173
ERROR - 2020-06-14 16:44:52 --> Could not find the language line "Đóng"
ERROR - 2020-06-14 16:44:52 --> Could not find the language line "Xác Nhận"
ERROR - 2020-06-14 16:44:52 --> Could not find the language line "Đóng"
ERROR - 2020-06-14 16:44:52 --> Could not find the language line "Xác Nhận"
ERROR - 2020-06-14 16:44:52 --> Could not find the language line "Đóng"
ERROR - 2020-06-14 16:44:52 --> Could not find the language line "Tải"
ERROR - 2020-06-14 17:58:20 --> Could not find the language line "Tạo Điểm Lấy Hàng"
ERROR - 2020-06-14 17:58:20 --> Could not find the language line "Tạo Đơn Hàng"
ERROR - 2020-06-14 17:58:20 --> Could not find the language line "Tải Excel"
ERROR - 2020-06-14 17:58:20 --> Could not find the language line "Đóng"
ERROR - 2020-06-14 17:58:20 --> Could not find the language line "Xác Nhận"
ERROR - 2020-06-14 17:58:20 --> Severity: Warning --> Invalid argument supplied for foreach() /home/admin/domains/spshd.com/public_html/khachhang/application/views/app.php 162
ERROR - 2020-06-14 17:58:20 --> Severity: Warning --> Invalid argument supplied for foreach() /home/admin/domains/spshd.com/public_html/khachhang/application/views/app.php 173
ERROR - 2020-06-14 17:58:20 --> Could not find the language line "Đóng"
ERROR - 2020-06-14 17:58:20 --> Could not find the language line "Xác Nhận"
ERROR - 2020-06-14 17:58:20 --> Could not find the language line "Đóng"
ERROR - 2020-06-14 17:58:20 --> Could not find the language line "Xác Nhận"
ERROR - 2020-06-14 17:58:20 --> Could not find the language line "Đóng"
ERROR - 2020-06-14 17:58:20 --> Could not find the language line "Tải"
ERROR - 2020-06-14 18:01:16 --> Could not find the language line "Tạo Điểm Lấy Hàng"
ERROR - 2020-06-14 18:01:16 --> Could not find the language line "Tạo Đơn Hàng"
ERROR - 2020-06-14 18:01:16 --> Could not find the language line "Tải Excel"
ERROR - 2020-06-14 18:01:16 --> Could not find the language line "Đóng"
ERROR - 2020-06-14 18:01:16 --> Could not find the language line "Xác Nhận"
ERROR - 2020-06-14 18:01:16 --> Severity: Warning --> Invalid argument supplied for foreach() /home/admin/domains/spshd.com/public_html/khachhang/application/views/app.php 162
ERROR - 2020-06-14 18:01:16 --> Severity: Warning --> Invalid argument supplied for foreach() /home/admin/domains/spshd.com/public_html/khachhang/application/views/app.php 173
ERROR - 2020-06-14 18:01:16 --> Could not find the language line "Đóng"
ERROR - 2020-06-14 18:01:16 --> Could not find the language line "Xác Nhận"
ERROR - 2020-06-14 18:01:16 --> Could not find the language line "Đóng"
ERROR - 2020-06-14 18:01:16 --> Could not find the language line "Xác Nhận"
ERROR - 2020-06-14 18:01:16 --> Could not find the language line "Đóng"
ERROR - 2020-06-14 18:01:16 --> Could not find the language line "Tải"
ERROR - 2020-06-14 18:01:29 --> Could not find the language line "Tạo Điểm Lấy Hàng"
ERROR - 2020-06-14 18:01:29 --> Could not find the language line "Tạo Đơn Hàng"
ERROR - 2020-06-14 18:01:29 --> Could not find the language line "Tải Excel"
ERROR - 2020-06-14 18:01:29 --> Could not find the language line "Đóng"
ERROR - 2020-06-14 18:01:29 --> Could not find the language line "Xác Nhận"
ERROR - 2020-06-14 18:01:29 --> Severity: Warning --> Invalid argument supplied for foreach() /home/admin/domains/spshd.com/public_html/khachhang/application/views/app.php 162
ERROR - 2020-06-14 18:01:29 --> Severity: Warning --> Invalid argument supplied for foreach() /home/admin/domains/spshd.com/public_html/khachhang/application/views/app.php 173
ERROR - 2020-06-14 18:01:29 --> Could not find the language line "Đóng"
ERROR - 2020-06-14 18:01:29 --> Could not find the language line "Xác Nhận"
ERROR - 2020-06-14 18:01:29 --> Could not find the language line "Đóng"
ERROR - 2020-06-14 18:01:29 --> Could not find the language line "Xác Nhận"
ERROR - 2020-06-14 18:01:29 --> Could not find the language line "Đóng"
ERROR - 2020-06-14 18:01:29 --> Could not find the language line "Tải"
ERROR - 2020-06-14 18:16:36 --> Could not find the language line "Tạo Điểm Lấy Hàng"
ERROR - 2020-06-14 18:16:36 --> Could not find the language line "Tạo Đơn Hàng"
ERROR - 2020-06-14 18:16:36 --> Could not find the language line "Tải Excel"
ERROR - 2020-06-14 18:16:36 --> Could not find the language line "Đóng"
ERROR - 2020-06-14 18:16:36 --> Could not find the language line "Xác Nhận"
ERROR - 2020-06-14 18:16:36 --> Severity: Warning --> Invalid argument supplied for foreach() /home/admin/domains/spshd.com/public_html/khachhang/application/views/app.php 162
ERROR - 2020-06-14 18:16:36 --> Severity: Warning --> Invalid argument supplied for foreach() /home/admin/domains/spshd.com/public_html/khachhang/application/views/app.php 173
ERROR - 2020-06-14 18:16:36 --> Could not find the language line "Đóng"
ERROR - 2020-06-14 18:16:36 --> Could not find the language line "Xác Nhận"
ERROR - 2020-06-14 18:16:36 --> Could not find the language line "Đóng"
ERROR - 2020-06-14 18:16:36 --> Could not find the language line "Xác Nhận"
ERROR - 2020-06-14 18:16:36 --> Could not find the language line "Đóng"
ERROR - 2020-06-14 18:16:36 --> Could not find the language line "Tải"
ERROR - 2020-06-14 18:16:36 --> Could not find the language line "Tạo Điểm Lấy Hàng"
ERROR - 2020-06-14 18:16:36 --> Could not find the language line "Tạo Đơn Hàng"
ERROR - 2020-06-14 18:16:36 --> Could not find the language line "Tải Excel"
ERROR - 2020-06-14 18:16:36 --> Could not find the language line "Đóng"
ERROR - 2020-06-14 18:16:36 --> Could not find the language line "Xác Nhận"
ERROR - 2020-06-14 18:16:36 --> Severity: Warning --> Invalid argument supplied for foreach() /home/admin/domains/spshd.com/public_html/khachhang/application/views/app.php 162
ERROR - 2020-06-14 18:16:36 --> Severity: Warning --> Invalid argument supplied for foreach() /home/admin/domains/spshd.com/public_html/khachhang/application/views/app.php 173
ERROR - 2020-06-14 18:16:36 --> Could not find the language line "Đóng"
ERROR - 2020-06-14 18:16:36 --> Could not find the language line "Xác Nhận"
ERROR - 2020-06-14 18:16:36 --> Could not find the language line "Đóng"
ERROR - 2020-06-14 18:16:36 --> Could not find the language line "Xác Nhận"
ERROR - 2020-06-14 18:16:36 --> Could not find the language line "Đóng"
ERROR - 2020-06-14 18:16:36 --> Could not find the language line "Tải"
ERROR - 2020-06-14 18:23:49 --> Could not find the language line "Tạo Điểm Lấy Hàng"
ERROR - 2020-06-14 18:23:49 --> Could not find the language line "Tạo Đơn Hàng"
ERROR - 2020-06-14 18:23:49 --> Could not find the language line "Tải Excel"
ERROR - 2020-06-14 18:23:49 --> Could not find the language line "Đóng"
ERROR - 2020-06-14 18:23:49 --> Could not find the language line "Xác Nhận"
ERROR - 2020-06-14 18:23:49 --> Severity: Warning --> Invalid argument supplied for foreach() /home/admin/domains/spshd.com/public_html/khachhang/application/views/app.php 162
ERROR - 2020-06-14 18:23:49 --> Severity: Warning --> Invalid argument supplied for foreach() /home/admin/domains/spshd.com/public_html/khachhang/application/views/app.php 173
ERROR - 2020-06-14 18:23:49 --> Could not find the language line "Đóng"
ERROR - 2020-06-14 18:23:49 --> Could not find the language line "Xác Nhận"
ERROR - 2020-06-14 18:23:49 --> Could not find the language line "Đóng"
ERROR - 2020-06-14 18:23:49 --> Could not find the language line "Xác Nhận"
ERROR - 2020-06-14 18:23:49 --> Could not find the language line "Đóng"
ERROR - 2020-06-14 18:23:49 --> Could not find the language line "Tải"
ERROR - 2020-06-14 18:23:49 --> Could not find the language line "Tạo Điểm Lấy Hàng"
ERROR - 2020-06-14 18:23:49 --> Could not find the language line "Tạo Đơn Hàng"
ERROR - 2020-06-14 18:23:49 --> Could not find the language line "Tải Excel"
ERROR - 2020-06-14 18:23:49 --> Could not find the language line "Đóng"
ERROR - 2020-06-14 18:23:49 --> Could not find the language line "Xác Nhận"
ERROR - 2020-06-14 18:23:49 --> Severity: Warning --> Invalid argument supplied for foreach() /home/admin/domains/spshd.com/public_html/khachhang/application/views/app.php 162
ERROR - 2020-06-14 18:23:49 --> Severity: Warning --> Invalid argument supplied for foreach() /home/admin/domains/spshd.com/public_html/khachhang/application/views/app.php 173
ERROR - 2020-06-14 18:23:49 --> Could not find the language line "Đóng"
ERROR - 2020-06-14 18:23:49 --> Could not find the language line "Xác Nhận"
ERROR - 2020-06-14 18:23:49 --> Could not find the language line "Đóng"
ERROR - 2020-06-14 18:23:49 --> Could not find the language line "Xác Nhận"
ERROR - 2020-06-14 18:23:49 --> Could not find the language line "Đóng"
ERROR - 2020-06-14 18:23:49 --> Could not find the language line "Tải"
ERROR - 2020-06-14 19:08:42 --> Could not find the language line "Tạo Điểm Lấy Hàng"
ERROR - 2020-06-14 19:08:42 --> Could not find the language line "Tạo Đơn Hàng"
ERROR - 2020-06-14 19:08:42 --> Could not find the language line "Tải Excel"
ERROR - 2020-06-14 19:08:42 --> Could not find the language line "Đóng"
ERROR - 2020-06-14 19:08:42 --> Could not find the language line "Xác Nhận"
ERROR - 2020-06-14 19:08:42 --> Severity: Warning --> Invalid argument supplied for foreach() /home/admin/domains/spshd.com/public_html/khachhang/application/views/app.php 162
ERROR - 2020-06-14 19:08:42 --> Severity: Warning --> Invalid argument supplied for foreach() /home/admin/domains/spshd.com/public_html/khachhang/application/views/app.php 173
ERROR - 2020-06-14 19:08:42 --> Could not find the language line "Đóng"
ERROR - 2020-06-14 19:08:42 --> Could not find the language line "Xác Nhận"
ERROR - 2020-06-14 19:08:42 --> Could not find the language line "Đóng"
ERROR - 2020-06-14 19:08:42 --> Could not find the language line "Xác Nhận"
ERROR - 2020-06-14 19:08:42 --> Could not find the language line "Đóng"
ERROR - 2020-06-14 19:08:42 --> Could not find the language line "Tải"
ERROR - 2020-06-14 19:08:42 --> Could not find the language line "Tạo Điểm Lấy Hàng"
ERROR - 2020-06-14 19:08:42 --> Could not find the language line "Tạo Đơn Hàng"
ERROR - 2020-06-14 19:08:42 --> Could not find the language line "Tải Excel"
ERROR - 2020-06-14 19:08:42 --> Could not find the language line "Đóng"
ERROR - 2020-06-14 19:08:42 --> Could not find the language line "Xác Nhận"
ERROR - 2020-06-14 19:08:42 --> Severity: Warning --> Invalid argument supplied for foreach() /home/admin/domains/spshd.com/public_html/khachhang/application/views/app.php 162
ERROR - 2020-06-14 19:08:42 --> Severity: Warning --> Invalid argument supplied for foreach() /home/admin/domains/spshd.com/public_html/khachhang/application/views/app.php 173
ERROR - 2020-06-14 19:08:42 --> Could not find the language line "Đóng"
ERROR - 2020-06-14 19:08:42 --> Could not find the language line "Xác Nhận"
ERROR - 2020-06-14 19:08:42 --> Could not find the language line "Đóng"
ERROR - 2020-06-14 19:08:42 --> Could not find the language line "Xác Nhận"
ERROR - 2020-06-14 19:08:42 --> Could not find the language line "Đóng"
ERROR - 2020-06-14 19:08:42 --> Could not find the language line "Tải"
ERROR - 2020-06-14 19:22:44 --> Could not find the language line "Tạo Điểm Lấy Hàng"
ERROR - 2020-06-14 19:22:44 --> Could not find the language line "Tạo Đơn Hàng"
ERROR - 2020-06-14 19:22:44 --> Could not find the language line "Tải Excel"
ERROR - 2020-06-14 19:22:44 --> Could not find the language line "Đóng"
ERROR - 2020-06-14 19:22:44 --> Could not find the language line "Xác Nhận"
ERROR - 2020-06-14 19:22:44 --> Severity: Warning --> Invalid argument supplied for foreach() /home/admin/domains/spshd.com/public_html/khachhang/application/views/app.php 162
ERROR - 2020-06-14 19:22:44 --> Severity: Warning --> Invalid argument supplied for foreach() /home/admin/domains/spshd.com/public_html/khachhang/application/views/app.php 173
ERROR - 2020-06-14 19:22:44 --> Could not find the language line "Đóng"
ERROR - 2020-06-14 19:22:44 --> Could not find the language line "Xác Nhận"
ERROR - 2020-06-14 19:22:44 --> Could not find the language line "Đóng"
ERROR - 2020-06-14 19:22:44 --> Could not find the language line "Xác Nhận"
ERROR - 2020-06-14 19:22:44 --> Could not find the language line "Đóng"
ERROR - 2020-06-14 19:22:44 --> Could not find the language line "Tải"
ERROR - 2020-06-14 19:32:04 --> Could not find the language line "Tạo Điểm Lấy Hàng"
ERROR - 2020-06-14 19:32:04 --> Could not find the language line "Tạo Đơn Hàng"
ERROR - 2020-06-14 19:32:04 --> Could not find the language line "Tải Excel"
ERROR - 2020-06-14 19:32:04 --> Could not find the language line "Đóng"
ERROR - 2020-06-14 19:32:04 --> Could not find the language line "Xác Nhận"
ERROR - 2020-06-14 19:32:04 --> Severity: Warning --> Invalid argument supplied for foreach() /home/admin/domains/spshd.com/public_html/khachhang/application/views/app.php 162
ERROR - 2020-06-14 19:32:04 --> Severity: Warning --> Invalid argument supplied for foreach() /home/admin/domains/spshd.com/public_html/khachhang/application/views/app.php 173
ERROR - 2020-06-14 19:32:04 --> Could not find the language line "Đóng"
ERROR - 2020-06-14 19:32:04 --> Could not find the language line "Xác Nhận"
ERROR - 2020-06-14 19:32:04 --> Could not find the language line "Đóng"
ERROR - 2020-06-14 19:32:04 --> Could not find the language line "Xác Nhận"
ERROR - 2020-06-14 19:32:04 --> Could not find the language line "Đóng"
ERROR - 2020-06-14 19:32:04 --> Could not find the language line "Tải"
ERROR - 2020-06-14 14:06:29 --> Could not find the language line "Email"
ERROR - 2020-06-14 14:06:29 --> Could not find the language line "password"
ERROR - 2020-06-14 21:57:46 --> Could not find the language line "Tạo Điểm Lấy Hàng"
ERROR - 2020-06-14 21:57:46 --> Could not find the language line "Tạo Đơn Hàng"
ERROR - 2020-06-14 21:57:46 --> Could not find the language line "Tải Excel"
ERROR - 2020-06-14 21:57:46 --> Could not find the language line "Đóng"
ERROR - 2020-06-14 21:57:46 --> Could not find the language line "Xác Nhận"
ERROR - 2020-06-14 21:57:46 --> Severity: Warning --> Invalid argument supplied for foreach() /home/admin/domains/spshd.com/public_html/khachhang/application/views/app.php 162
ERROR - 2020-06-14 21:57:46 --> Severity: Warning --> Invalid argument supplied for foreach() /home/admin/domains/spshd.com/public_html/khachhang/application/views/app.php 173
ERROR - 2020-06-14 21:57:46 --> Could not find the language line "Đóng"
ERROR - 2020-06-14 21:57:46 --> Could not find the language line "Xác Nhận"
ERROR - 2020-06-14 21:57:46 --> Could not find the language line "Đóng"
ERROR - 2020-06-14 21:57:46 --> Could not find the language line "Xác Nhận"
ERROR - 2020-06-14 21:57:46 --> Could not find the language line "Đóng"
ERROR - 2020-06-14 21:57:46 --> Could not find the language line "Tải"
ERROR - 2020-06-14 22:01:35 --> Could not find the language line "Tạo Điểm Lấy Hàng"
ERROR - 2020-06-14 22:01:35 --> Could not find the language line "Tạo Đơn Hàng"
ERROR - 2020-06-14 22:01:35 --> Could not find the language line "Tải Excel"
ERROR - 2020-06-14 22:01:35 --> Could not find the language line "Đóng"
ERROR - 2020-06-14 22:01:35 --> Could not find the language line "Xác Nhận"
ERROR - 2020-06-14 22:01:35 --> Severity: Warning --> Invalid argument supplied for foreach() /home/admin/domains/spshd.com/public_html/khachhang/application/views/app.php 162
ERROR - 2020-06-14 22:01:35 --> Severity: Warning --> Invalid argument supplied for foreach() /home/admin/domains/spshd.com/public_html/khachhang/application/views/app.php 173
ERROR - 2020-06-14 22:01:35 --> Could not find the language line "Đóng"
ERROR - 2020-06-14 22:01:35 --> Could not find the language line "Xác Nhận"
ERROR - 2020-06-14 22:01:35 --> Could not find the language line "Đóng"
ERROR - 2020-06-14 22:01:35 --> Could not find the language line "Xác Nhận"
ERROR - 2020-06-14 22:01:35 --> Could not find the language line "Đóng"
ERROR - 2020-06-14 22:01:35 --> Could not find the language line "Tải"
ERROR - 2020-06-14 22:38:06 --> Could not find the language line "Tạo Điểm Lấy Hàng"
ERROR - 2020-06-14 22:38:06 --> Could not find the language line "Tạo Đơn Hàng"
ERROR - 2020-06-14 22:38:06 --> Could not find the language line "Tải Excel"
ERROR - 2020-06-14 22:38:06 --> Could not find the language line "Đóng"
ERROR - 2020-06-14 22:38:06 --> Could not find the language line "Xác Nhận"
ERROR - 2020-06-14 22:38:06 --> Severity: Warning --> Invalid argument supplied for foreach() /home/admin/domains/spshd.com/public_html/khachhang/application/views/app.php 162
ERROR - 2020-06-14 22:38:06 --> Severity: Warning --> Invalid argument supplied for foreach() /home/admin/domains/spshd.com/public_html/khachhang/application/views/app.php 173
ERROR - 2020-06-14 22:38:06 --> Could not find the language line "Đóng"
ERROR - 2020-06-14 22:38:06 --> Could not find the language line "Xác Nhận"
ERROR - 2020-06-14 22:38:06 --> Could not find the language line "Đóng"
ERROR - 2020-06-14 22:38:06 --> Could not find the language line "Xác Nhận"
ERROR - 2020-06-14 22:38:06 --> Could not find the language line "Đóng"
ERROR - 2020-06-14 22:38:06 --> Could not find the language line "Tải"
ERROR - 2020-06-14 23:10:25 --> Could not find the language line "Tạo Điểm Lấy Hàng"
ERROR - 2020-06-14 23:10:25 --> Could not find the language line "Tạo Đơn Hàng"
ERROR - 2020-06-14 23:10:25 --> Could not find the language line "Tải Excel"
ERROR - 2020-06-14 23:10:25 --> Could not find the language line "Đóng"
ERROR - 2020-06-14 23:10:25 --> Could not find the language line "Xác Nhận"
ERROR - 2020-06-14 23:10:25 --> Severity: Warning --> Invalid argument supplied for foreach() /home/admin/domains/spshd.com/public_html/khachhang/application/views/app.php 162
ERROR - 2020-06-14 23:10:25 --> Severity: Warning --> Invalid argument supplied for foreach() /home/admin/domains/spshd.com/public_html/khachhang/application/views/app.php 173
ERROR - 2020-06-14 23:10:25 --> Could not find the language line "Đóng"
ERROR - 2020-06-14 23:10:25 --> Could not find the language line "Xác Nhận"
ERROR - 2020-06-14 23:10:25 --> Could not find the language line "Đóng"
ERROR - 2020-06-14 23:10:25 --> Could not find the language line "Xác Nhận"
ERROR - 2020-06-14 23:10:25 --> Could not find the language line "Đóng"
ERROR - 2020-06-14 23:10:25 --> Could not find the language line "Tải"
