ERROR - 2020-02-18 01:38:41 --> Could not find the language line "Tạo Điểm Lấy Hàng"
ERROR - 2020-02-18 01:38:41 --> Could not find the language line "Tạo Đơn Hàng"
ERROR - 2020-02-18 01:38:41 --> Severity: Warning --> Invalid argument supplied for foreach() /home/admin/domains/spshd.com/public_html/khachhang/application/views/tab4.php 394
ERROR - 2020-02-18 01:38:41 --> Could not find the language line "Đóng"
ERROR - 2020-02-18 01:38:41 --> Could not find the language line "Xác Nhận"
ERROR - 2020-02-18 01:38:41 --> Severity: Warning --> Invalid argument supplied for foreach() /home/admin/domains/spshd.com/public_html/khachhang/application/views/app.php 157
ERROR - 2020-02-18 01:38:41 --> Severity: Warning --> Invalid argument supplied for foreach() /home/admin/domains/spshd.com/public_html/khachhang/application/views/app.php 168
ERROR - 2020-02-18 01:38:41 --> Could not find the language line "Đóng"
ERROR - 2020-02-18 01:38:41 --> Could not find the language line "Xác Nhận"
ERROR - 2020-02-18 01:38:41 --> Could not find the language line "Đóng"
ERROR - 2020-02-18 01:38:41 --> Could not find the language line "Xác Nhận"
ERROR - 2020-02-18 01:38:43 --> Could not find the language line "Tạo Điểm Lấy Hàng"
ERROR - 2020-02-18 01:38:43 --> Could not find the language line "Tạo Đơn Hàng"
ERROR - 2020-02-18 01:38:43 --> Severity: Warning --> Invalid argument supplied for foreach() /home/admin/domains/spshd.com/public_html/khachhang/application/views/tab4.php 394
ERROR - 2020-02-18 01:38:43 --> Could not find the language line "Đóng"
ERROR - 2020-02-18 01:38:43 --> Could not find the language line "Xác Nhận"
ERROR - 2020-02-18 01:38:43 --> Severity: Warning --> Invalid argument supplied for foreach() /home/admin/domains/spshd.com/public_html/khachhang/application/views/app.php 157
ERROR - 2020-02-18 01:38:43 --> Severity: Warning --> Invalid argument supplied for foreach() /home/admin/domains/spshd.com/public_html/khachhang/application/views/app.php 168
ERROR - 2020-02-18 01:38:43 --> Could not find the language line "Đóng"
ERROR - 2020-02-18 01:38:43 --> Could not find the language line "Xác Nhận"
ERROR - 2020-02-18 01:38:43 --> Could not find the language line "Đóng"
ERROR - 2020-02-18 01:38:43 --> Could not find the language line "Xác Nhận"
ERROR - 2020-02-18 01:38:43 --> Could not find the language line "Tạo Điểm Lấy Hàng"
ERROR - 2020-02-18 01:38:43 --> Could not find the language line "Tạo Đơn Hàng"
ERROR - 2020-02-18 01:38:43 --> Severity: Warning --> Invalid argument supplied for foreach() /home/admin/domains/spshd.com/public_html/khachhang/application/views/tab4.php 394
ERROR - 2020-02-18 01:38:43 --> Could not find the language line "Đóng"
ERROR - 2020-02-18 01:38:43 --> Could not find the language line "Xác Nhận"
ERROR - 2020-02-18 01:38:43 --> Severity: Warning --> Invalid argument supplied for foreach() /home/admin/domains/spshd.com/public_html/khachhang/application/views/app.php 157
ERROR - 2020-02-18 01:38:43 --> Severity: Warning --> Invalid argument supplied for foreach() /home/admin/domains/spshd.com/public_html/khachhang/application/views/app.php 168
ERROR - 2020-02-18 01:38:43 --> Could not find the language line "Đóng"
ERROR - 2020-02-18 01:38:43 --> Could not find the language line "Xác Nhận"
ERROR - 2020-02-18 01:38:43 --> Could not find the language line "Đóng"
ERROR - 2020-02-18 01:38:43 --> Could not find the language line "Xác Nhận"
ERROR - 2020-02-18 01:38:44 --> Could not find the language line "Tạo Điểm Lấy Hàng"
ERROR - 2020-02-18 01:38:44 --> Could not find the language line "Tạo Đơn Hàng"
ERROR - 2020-02-18 01:38:44 --> Severity: Warning --> Invalid argument supplied for foreach() /home/admin/domains/spshd.com/public_html/khachhang/application/views/tab4.php 394
ERROR - 2020-02-18 01:38:44 --> Could not find the language line "Đóng"
ERROR - 2020-02-18 01:38:44 --> Could not find the language line "Xác Nhận"
ERROR - 2020-02-18 01:38:44 --> Severity: Warning --> Invalid argument supplied for foreach() /home/admin/domains/spshd.com/public_html/khachhang/application/views/app.php 157
ERROR - 2020-02-18 01:38:44 --> Severity: Warning --> Invalid argument supplied for foreach() /home/admin/domains/spshd.com/public_html/khachhang/application/views/app.php 168
ERROR - 2020-02-18 01:38:44 --> Could not find the language line "Đóng"
ERROR - 2020-02-18 01:38:44 --> Could not find the language line "Xác Nhận"
ERROR - 2020-02-18 01:38:44 --> Could not find the language line "Đóng"
ERROR - 2020-02-18 01:38:44 --> Could not find the language line "Xác Nhận"
ERROR - 2020-02-18 02:06:27 --> Could not find the language line "Tạo Điểm Lấy Hàng"
ERROR - 2020-02-18 02:06:27 --> Could not find the language line "Tạo Đơn Hàng"
ERROR - 2020-02-18 02:06:27 --> Severity: Warning --> Invalid argument supplied for foreach() /home/admin/domains/spshd.com/public_html/khachhang/application/views/tab4.php 394
ERROR - 2020-02-18 02:06:27 --> Could not find the language line "Đóng"
ERROR - 2020-02-18 02:06:27 --> Could not find the language line "Xác Nhận"
ERROR - 2020-02-18 02:06:27 --> Severity: Warning --> Invalid argument supplied for foreach() /home/admin/domains/spshd.com/public_html/khachhang/application/views/app.php 157
ERROR - 2020-02-18 02:06:27 --> Severity: Warning --> Invalid argument supplied for foreach() /home/admin/domains/spshd.com/public_html/khachhang/application/views/app.php 168
ERROR - 2020-02-18 02:06:27 --> Could not find the language line "Đóng"
ERROR - 2020-02-18 02:06:27 --> Could not find the language line "Xác Nhận"
ERROR - 2020-02-18 02:06:27 --> Could not find the language line "Đóng"
ERROR - 2020-02-18 02:06:27 --> Could not find the language line "Xác Nhận"
ERROR - 2020-02-18 03:56:39 --> Could not find the language line "Tạo Điểm Lấy Hàng"
ERROR - 2020-02-18 03:56:39 --> Could not find the language line "Tạo Đơn Hàng"
ERROR - 2020-02-18 03:56:39 --> Severity: Warning --> Invalid argument supplied for foreach() /home/admin/domains/spshd.com/public_html/khachhang/application/views/tab4.php 394
ERROR - 2020-02-18 03:56:39 --> Could not find the language line "Đóng"
ERROR - 2020-02-18 03:56:39 --> Could not find the language line "Xác Nhận"
ERROR - 2020-02-18 03:56:39 --> Severity: Warning --> Invalid argument supplied for foreach() /home/admin/domains/spshd.com/public_html/khachhang/application/views/app.php 157
ERROR - 2020-02-18 03:56:39 --> Severity: Warning --> Invalid argument supplied for foreach() /home/admin/domains/spshd.com/public_html/khachhang/application/views/app.php 168
ERROR - 2020-02-18 03:56:39 --> Could not find the language line "Đóng"
ERROR - 2020-02-18 03:56:39 --> Could not find the language line "Xác Nhận"
ERROR - 2020-02-18 03:56:39 --> Could not find the language line "Đóng"
ERROR - 2020-02-18 03:56:39 --> Could not find the language line "Xác Nhận"
ERROR - 2020-02-18 03:56:40 --> Could not find the language line "Tạo Điểm Lấy Hàng"
ERROR - 2020-02-18 03:56:40 --> Could not find the language line "Tạo Đơn Hàng"
ERROR - 2020-02-18 03:56:40 --> Severity: Warning --> Invalid argument supplied for foreach() /home/admin/domains/spshd.com/public_html/khachhang/application/views/tab4.php 394
ERROR - 2020-02-18 03:56:40 --> Could not find the language line "Đóng"
ERROR - 2020-02-18 03:56:40 --> Could not find the language line "Xác Nhận"
ERROR - 2020-02-18 03:56:40 --> Severity: Warning --> Invalid argument supplied for foreach() /home/admin/domains/spshd.com/public_html/khachhang/application/views/app.php 157
ERROR - 2020-02-18 03:56:40 --> Severity: Warning --> Invalid argument supplied for foreach() /home/admin/domains/spshd.com/public_html/khachhang/application/views/app.php 168
ERROR - 2020-02-18 03:56:40 --> Could not find the language line "Đóng"
ERROR - 2020-02-18 03:56:40 --> Could not find the language line "Xác Nhận"
ERROR - 2020-02-18 03:56:40 --> Could not find the language line "Đóng"
ERROR - 2020-02-18 03:56:40 --> Could not find the language line "Xác Nhận"
ERROR - 2020-02-18 03:56:46 --> Could not find the language line "Tạo Điểm Lấy Hàng"
ERROR - 2020-02-18 03:56:46 --> Could not find the language line "Tạo Đơn Hàng"
ERROR - 2020-02-18 03:56:46 --> Severity: Warning --> Invalid argument supplied for foreach() /home/admin/domains/spshd.com/public_html/khachhang/application/views/tab4.php 394
ERROR - 2020-02-18 03:56:46 --> Could not find the language line "Đóng"
ERROR - 2020-02-18 03:56:46 --> Could not find the language line "Xác Nhận"
ERROR - 2020-02-18 03:56:46 --> Severity: Warning --> Invalid argument supplied for foreach() /home/admin/domains/spshd.com/public_html/khachhang/application/views/app.php 157
ERROR - 2020-02-18 03:56:46 --> Severity: Warning --> Invalid argument supplied for foreach() /home/admin/domains/spshd.com/public_html/khachhang/application/views/app.php 168
ERROR - 2020-02-18 03:56:46 --> Could not find the language line "Đóng"
ERROR - 2020-02-18 03:56:46 --> Could not find the language line "Xác Nhận"
ERROR - 2020-02-18 03:56:46 --> Could not find the language line "Đóng"
ERROR - 2020-02-18 03:56:46 --> Could not find the language line "Xác Nhận"
ERROR - 2020-02-18 03:56:48 --> Could not find the language line "Tạo Điểm Lấy Hàng"
ERROR - 2020-02-18 03:56:48 --> Could not find the language line "Tạo Đơn Hàng"
ERROR - 2020-02-18 03:56:48 --> Severity: Warning --> Invalid argument supplied for foreach() /home/admin/domains/spshd.com/public_html/khachhang/application/views/tab4.php 394
ERROR - 2020-02-18 03:56:48 --> Could not find the language line "Đóng"
ERROR - 2020-02-18 03:56:48 --> Could not find the language line "Xác Nhận"
ERROR - 2020-02-18 03:56:48 --> Severity: Warning --> Invalid argument supplied for foreach() /home/admin/domains/spshd.com/public_html/khachhang/application/views/app.php 157
ERROR - 2020-02-18 03:56:48 --> Severity: Warning --> Invalid argument supplied for foreach() /home/admin/domains/spshd.com/public_html/khachhang/application/views/app.php 168
ERROR - 2020-02-18 03:56:48 --> Could not find the language line "Đóng"
ERROR - 2020-02-18 03:56:48 --> Could not find the language line "Xác Nhận"
ERROR - 2020-02-18 03:56:48 --> Could not find the language line "Đóng"
ERROR - 2020-02-18 03:56:48 --> Could not find the language line "Xác Nhận"
ERROR - 2020-02-18 04:14:28 --> Could not find the language line "Tạo Điểm Lấy Hàng"
ERROR - 2020-02-18 04:14:28 --> Could not find the language line "Tạo Đơn Hàng"
ERROR - 2020-02-18 04:14:28 --> Severity: Warning --> Invalid argument supplied for foreach() /home/admin/domains/spshd.com/public_html/khachhang/application/views/tab4.php 394
ERROR - 2020-02-18 04:14:28 --> Could not find the language line "Đóng"
ERROR - 2020-02-18 04:14:28 --> Could not find the language line "Xác Nhận"
ERROR - 2020-02-18 04:14:28 --> Severity: Warning --> Invalid argument supplied for foreach() /home/admin/domains/spshd.com/public_html/khachhang/application/views/app.php 157
ERROR - 2020-02-18 04:14:28 --> Severity: Warning --> Invalid argument supplied for foreach() /home/admin/domains/spshd.com/public_html/khachhang/application/views/app.php 168
ERROR - 2020-02-18 04:14:28 --> Could not find the language line "Đóng"
ERROR - 2020-02-18 04:14:28 --> Could not find the language line "Xác Nhận"
ERROR - 2020-02-18 04:14:28 --> Could not find the language line "Đóng"
ERROR - 2020-02-18 04:14:28 --> Could not find the language line "Xác Nhận"
ERROR - 2020-02-18 04:20:23 --> Could not find the language line "Tạo Điểm Lấy Hàng"
ERROR - 2020-02-18 04:20:23 --> Could not find the language line "Tạo Đơn Hàng"
ERROR - 2020-02-18 04:20:23 --> Severity: Warning --> Invalid argument supplied for foreach() /home/admin/domains/spshd.com/public_html/khachhang/application/views/tab4.php 394
ERROR - 2020-02-18 04:20:23 --> Could not find the language line "Đóng"
ERROR - 2020-02-18 04:20:23 --> Could not find the language line "Xác Nhận"
ERROR - 2020-02-18 04:20:23 --> Severity: Warning --> Invalid argument supplied for foreach() /home/admin/domains/spshd.com/public_html/khachhang/application/views/app.php 157
ERROR - 2020-02-18 04:20:23 --> Severity: Warning --> Invalid argument supplied for foreach() /home/admin/domains/spshd.com/public_html/khachhang/application/views/app.php 168
ERROR - 2020-02-18 04:20:23 --> Could not find the language line "Đóng"
ERROR - 2020-02-18 04:20:23 --> Could not find the language line "Xác Nhận"
ERROR - 2020-02-18 04:20:23 --> Could not find the language line "Đóng"
ERROR - 2020-02-18 04:20:23 --> Could not find the language line "Xác Nhận"
ERROR - 2020-02-18 04:31:58 --> Could not find the language line "Tạo Điểm Lấy Hàng"
ERROR - 2020-02-18 04:31:58 --> Could not find the language line "Tạo Đơn Hàng"
ERROR - 2020-02-18 04:31:58 --> Severity: Warning --> Invalid argument supplied for foreach() /home/admin/domains/spshd.com/public_html/khachhang/application/views/tab4.php 394
ERROR - 2020-02-18 04:31:58 --> Could not find the language line "Đóng"
ERROR - 2020-02-18 04:31:58 --> Could not find the language line "Xác Nhận"
ERROR - 2020-02-18 04:31:58 --> Severity: Warning --> Invalid argument supplied for foreach() /home/admin/domains/spshd.com/public_html/khachhang/application/views/app.php 157
ERROR - 2020-02-18 04:31:58 --> Severity: Warning --> Invalid argument supplied for foreach() /home/admin/domains/spshd.com/public_html/khachhang/application/views/app.php 168
ERROR - 2020-02-18 04:31:58 --> Could not find the language line "Đóng"
ERROR - 2020-02-18 04:31:58 --> Could not find the language line "Xác Nhận"
ERROR - 2020-02-18 04:31:58 --> Could not find the language line "Đóng"
ERROR - 2020-02-18 04:31:58 --> Could not find the language line "Xác Nhận"
ERROR - 2020-02-18 04:31:58 --> Could not find the language line "Tạo Điểm Lấy Hàng"
ERROR - 2020-02-18 04:31:58 --> Could not find the language line "Tạo Đơn Hàng"
ERROR - 2020-02-18 04:31:58 --> Severity: Warning --> Invalid argument supplied for foreach() /home/admin/domains/spshd.com/public_html/khachhang/application/views/tab4.php 394
ERROR - 2020-02-18 04:31:58 --> Could not find the language line "Đóng"
ERROR - 2020-02-18 04:31:58 --> Could not find the language line "Xác Nhận"
ERROR - 2020-02-18 04:31:58 --> Severity: Warning --> Invalid argument supplied for foreach() /home/admin/domains/spshd.com/public_html/khachhang/application/views/app.php 157
ERROR - 2020-02-18 04:31:58 --> Severity: Warning --> Invalid argument supplied for foreach() /home/admin/domains/spshd.com/public_html/khachhang/application/views/app.php 168
ERROR - 2020-02-18 04:31:58 --> Could not find the language line "Đóng"
ERROR - 2020-02-18 04:31:58 --> Could not find the language line "Xác Nhận"
ERROR - 2020-02-18 04:31:58 --> Could not find the language line "Đóng"
ERROR - 2020-02-18 04:31:58 --> Could not find the language line "Xác Nhận"
ERROR - 2020-02-18 04:59:46 --> Could not find the language line "Tạo Điểm Lấy Hàng"
ERROR - 2020-02-18 04:59:46 --> Could not find the language line "Tạo Đơn Hàng"
ERROR - 2020-02-18 04:59:46 --> Severity: Warning --> Invalid argument supplied for foreach() /home/admin/domains/spshd.com/public_html/khachhang/application/views/tab4.php 394
ERROR - 2020-02-18 04:59:46 --> Could not find the language line "Đóng"
ERROR - 2020-02-18 04:59:46 --> Could not find the language line "Xác Nhận"
ERROR - 2020-02-18 04:59:46 --> Severity: Warning --> Invalid argument supplied for foreach() /home/admin/domains/spshd.com/public_html/khachhang/application/views/app.php 157
ERROR - 2020-02-18 04:59:46 --> Severity: Warning --> Invalid argument supplied for foreach() /home/admin/domains/spshd.com/public_html/khachhang/application/views/app.php 168
ERROR - 2020-02-18 04:59:46 --> Could not find the language line "Đóng"
ERROR - 2020-02-18 04:59:46 --> Could not find the language line "Xác Nhận"
ERROR - 2020-02-18 04:59:46 --> Could not find the language line "Đóng"
ERROR - 2020-02-18 04:59:46 --> Could not find the language line "Xác Nhận"
ERROR - 2020-02-18 05:23:39 --> Could not find the language line "Tạo Điểm Lấy Hàng"
ERROR - 2020-02-18 05:23:39 --> Could not find the language line "Tạo Đơn Hàng"
ERROR - 2020-02-18 05:23:39 --> Severity: Warning --> Invalid argument supplied for foreach() /home/admin/domains/spshd.com/public_html/khachhang/application/views/tab4.php 394
ERROR - 2020-02-18 05:23:39 --> Could not find the language line "Đóng"
ERROR - 2020-02-18 05:23:39 --> Could not find the language line "Xác Nhận"
ERROR - 2020-02-18 05:23:39 --> Severity: Warning --> Invalid argument supplied for foreach() /home/admin/domains/spshd.com/public_html/khachhang/application/views/app.php 157
ERROR - 2020-02-18 05:23:39 --> Severity: Warning --> Invalid argument supplied for foreach() /home/admin/domains/spshd.com/public_html/khachhang/application/views/app.php 168
ERROR - 2020-02-18 05:23:39 --> Could not find the language line "Đóng"
ERROR - 2020-02-18 05:23:39 --> Could not find the language line "Xác Nhận"
ERROR - 2020-02-18 05:23:39 --> Could not find the language line "Đóng"
ERROR - 2020-02-18 05:23:39 --> Could not find the language line "Xác Nhận"
ERROR - 2020-02-18 05:51:19 --> Could not find the language line "Tạo Điểm Lấy Hàng"
ERROR - 2020-02-18 05:51:19 --> Could not find the language line "Tạo Đơn Hàng"
ERROR - 2020-02-18 05:51:19 --> Severity: Warning --> Invalid argument supplied for foreach() /home/admin/domains/spshd.com/public_html/khachhang/application/views/tab4.php 394
ERROR - 2020-02-18 05:51:19 --> Could not find the language line "Đóng"
ERROR - 2020-02-18 05:51:19 --> Could not find the language line "Xác Nhận"
ERROR - 2020-02-18 05:51:19 --> Severity: Warning --> Invalid argument supplied for foreach() /home/admin/domains/spshd.com/public_html/khachhang/application/views/app.php 157
ERROR - 2020-02-18 05:51:19 --> Severity: Warning --> Invalid argument supplied for foreach() /home/admin/domains/spshd.com/public_html/khachhang/application/views/app.php 168
ERROR - 2020-02-18 05:51:19 --> Could not find the language line "Đóng"
ERROR - 2020-02-18 05:51:19 --> Could not find the language line "Xác Nhận"
ERROR - 2020-02-18 05:51:19 --> Could not find the language line "Đóng"
ERROR - 2020-02-18 05:51:19 --> Could not find the language line "Xác Nhận"
ERROR - 2020-02-18 08:33:05 --> Could not find the language line "Tạo Điểm Lấy Hàng"
ERROR - 2020-02-18 08:33:05 --> Could not find the language line "Tạo Đơn Hàng"
ERROR - 2020-02-18 08:33:05 --> Severity: Warning --> Invalid argument supplied for foreach() /home/admin/domains/spshd.com/public_html/khachhang/application/views/tab4.php 394
ERROR - 2020-02-18 08:33:05 --> Could not find the language line "Đóng"
ERROR - 2020-02-18 08:33:05 --> Could not find the language line "Xác Nhận"
ERROR - 2020-02-18 08:33:05 --> Severity: Warning --> Invalid argument supplied for foreach() /home/admin/domains/spshd.com/public_html/khachhang/application/views/app.php 157
ERROR - 2020-02-18 08:33:05 --> Severity: Warning --> Invalid argument supplied for foreach() /home/admin/domains/spshd.com/public_html/khachhang/application/views/app.php 168
ERROR - 2020-02-18 08:33:05 --> Could not find the language line "Đóng"
ERROR - 2020-02-18 08:33:05 --> Could not find the language line "Xác Nhận"
ERROR - 2020-02-18 08:33:05 --> Could not find the language line "Đóng"
ERROR - 2020-02-18 08:33:05 --> Could not find the language line "Xác Nhận"
ERROR - 2020-02-18 08:54:56 --> Could not find the language line "Tạo Điểm Lấy Hàng"
ERROR - 2020-02-18 08:54:56 --> Could not find the language line "Tạo Đơn Hàng"
ERROR - 2020-02-18 08:54:56 --> Severity: Warning --> Invalid argument supplied for foreach() /home/admin/domains/spshd.com/public_html/khachhang/application/views/tab4.php 394
ERROR - 2020-02-18 08:54:56 --> Could not find the language line "Đóng"
ERROR - 2020-02-18 08:54:56 --> Could not find the language line "Xác Nhận"
ERROR - 2020-02-18 08:54:56 --> Severity: Warning --> Invalid argument supplied for foreach() /home/admin/domains/spshd.com/public_html/khachhang/application/views/app.php 157
ERROR - 2020-02-18 08:54:56 --> Severity: Warning --> Invalid argument supplied for foreach() /home/admin/domains/spshd.com/public_html/khachhang/application/views/app.php 168
ERROR - 2020-02-18 08:54:56 --> Could not find the language line "Đóng"
ERROR - 2020-02-18 08:54:56 --> Could not find the language line "Xác Nhận"
ERROR - 2020-02-18 08:54:56 --> Could not find the language line "Đóng"
ERROR - 2020-02-18 08:54:56 --> Could not find the language line "Xác Nhận"
ERROR - 2020-02-18 08:56:02 --> Could not find the language line "Tạo Điểm Lấy Hàng"
ERROR - 2020-02-18 08:56:02 --> Could not find the language line "Tạo Đơn Hàng"
ERROR - 2020-02-18 08:56:02 --> Severity: Warning --> Invalid argument supplied for foreach() /home/admin/domains/spshd.com/public_html/khachhang/application/views/tab4.php 394
ERROR - 2020-02-18 08:56:02 --> Could not find the language line "Đóng"
ERROR - 2020-02-18 08:56:02 --> Could not find the language line "Xác Nhận"
ERROR - 2020-02-18 08:56:02 --> Severity: Warning --> Invalid argument supplied for foreach() /home/admin/domains/spshd.com/public_html/khachhang/application/views/app.php 157
ERROR - 2020-02-18 08:56:02 --> Severity: Warning --> Invalid argument supplied for foreach() /home/admin/domains/spshd.com/public_html/khachhang/application/views/app.php 168
ERROR - 2020-02-18 08:56:02 --> Could not find the language line "Đóng"
ERROR - 2020-02-18 08:56:02 --> Could not find the language line "Xác Nhận"
ERROR - 2020-02-18 08:56:02 --> Could not find the language line "Đóng"
ERROR - 2020-02-18 08:56:02 --> Could not find the language line "Xác Nhận"
ERROR - 2020-02-18 10:41:35 --> Could not find the language line "Tạo Điểm Lấy Hàng"
ERROR - 2020-02-18 10:41:35 --> Could not find the language line "Tạo Đơn Hàng"
ERROR - 2020-02-18 10:41:35 --> Severity: Warning --> Invalid argument supplied for foreach() /home/admin/domains/spshd.com/public_html/khachhang/application/views/tab4.php 394
ERROR - 2020-02-18 10:41:35 --> Could not find the language line "Đóng"
ERROR - 2020-02-18 10:41:35 --> Could not find the language line "Xác Nhận"
ERROR - 2020-02-18 10:41:35 --> Severity: Warning --> Invalid argument supplied for foreach() /home/admin/domains/spshd.com/public_html/khachhang/application/views/app.php 157
ERROR - 2020-02-18 10:41:35 --> Severity: Warning --> Invalid argument supplied for foreach() /home/admin/domains/spshd.com/public_html/khachhang/application/views/app.php 168
ERROR - 2020-02-18 10:41:35 --> Could not find the language line "Đóng"
ERROR - 2020-02-18 10:41:35 --> Could not find the language line "Xác Nhận"
ERROR - 2020-02-18 10:41:35 --> Could not find the language line "Đóng"
ERROR - 2020-02-18 10:41:35 --> Could not find the language line "Xác Nhận"
ERROR - 2020-02-18 12:42:14 --> Could not find the language line "Tạo Điểm Lấy Hàng"
ERROR - 2020-02-18 12:42:14 --> Could not find the language line "Tạo Đơn Hàng"
ERROR - 2020-02-18 12:42:14 --> Severity: Warning --> Invalid argument supplied for foreach() /home/admin/domains/spshd.com/public_html/khachhang/application/views/tab4.php 394
ERROR - 2020-02-18 12:42:14 --> Could not find the language line "Đóng"
ERROR - 2020-02-18 12:42:14 --> Could not find the language line "Xác Nhận"
ERROR - 2020-02-18 12:42:14 --> Severity: Warning --> Invalid argument supplied for foreach() /home/admin/domains/spshd.com/public_html/khachhang/application/views/app.php 157
ERROR - 2020-02-18 12:42:14 --> Severity: Warning --> Invalid argument supplied for foreach() /home/admin/domains/spshd.com/public_html/khachhang/application/views/app.php 168
ERROR - 2020-02-18 12:42:14 --> Could not find the language line "Đóng"
ERROR - 2020-02-18 12:42:14 --> Could not find the language line "Xác Nhận"
ERROR - 2020-02-18 12:42:14 --> Could not find the language line "Đóng"
ERROR - 2020-02-18 12:42:14 --> Could not find the language line "Xác Nhận"
ERROR - 2020-02-18 12:42:49 --> Could not find the language line "Tạo Điểm Lấy Hàng"
ERROR - 2020-02-18 12:42:49 --> Could not find the language line "Tạo Đơn Hàng"
ERROR - 2020-02-18 12:42:49 --> Severity: Warning --> Invalid argument supplied for foreach() /home/admin/domains/spshd.com/public_html/khachhang/application/views/tab4.php 394
ERROR - 2020-02-18 12:42:49 --> Could not find the language line "Đóng"
ERROR - 2020-02-18 12:42:49 --> Could not find the language line "Xác Nhận"
ERROR - 2020-02-18 12:42:49 --> Severity: Warning --> Invalid argument supplied for foreach() /home/admin/domains/spshd.com/public_html/khachhang/application/views/app.php 157
ERROR - 2020-02-18 12:42:49 --> Severity: Warning --> Invalid argument supplied for foreach() /home/admin/domains/spshd.com/public_html/khachhang/application/views/app.php 168
ERROR - 2020-02-18 12:42:49 --> Could not find the language line "Đóng"
ERROR - 2020-02-18 12:42:49 --> Could not find the language line "Xác Nhận"
ERROR - 2020-02-18 12:42:49 --> Could not find the language line "Đóng"
ERROR - 2020-02-18 12:42:49 --> Could not find the language line "Xác Nhận"
ERROR - 2020-02-18 12:43:35 --> Could not find the language line "Tạo Điểm Lấy Hàng"
ERROR - 2020-02-18 12:43:35 --> Could not find the language line "Tạo Đơn Hàng"
ERROR - 2020-02-18 12:43:35 --> Severity: Warning --> Invalid argument supplied for foreach() /home/admin/domains/spshd.com/public_html/khachhang/application/views/tab4.php 394
ERROR - 2020-02-18 12:43:35 --> Could not find the language line "Đóng"
ERROR - 2020-02-18 12:43:35 --> Could not find the language line "Xác Nhận"
ERROR - 2020-02-18 12:43:35 --> Severity: Warning --> Invalid argument supplied for foreach() /home/admin/domains/spshd.com/public_html/khachhang/application/views/app.php 157
ERROR - 2020-02-18 12:43:35 --> Severity: Warning --> Invalid argument supplied for foreach() /home/admin/domains/spshd.com/public_html/khachhang/application/views/app.php 168
ERROR - 2020-02-18 12:43:35 --> Could not find the language line "Đóng"
ERROR - 2020-02-18 12:43:35 --> Could not find the language line "Xác Nhận"
ERROR - 2020-02-18 12:43:35 --> Could not find the language line "Đóng"
ERROR - 2020-02-18 12:43:35 --> Could not find the language line "Xác Nhận"
ERROR - 2020-02-18 14:19:05 --> Could not find the language line "Tạo Điểm Lấy Hàng"
ERROR - 2020-02-18 14:19:05 --> Could not find the language line "Tạo Đơn Hàng"
ERROR - 2020-02-18 14:19:05 --> Severity: Warning --> Invalid argument supplied for foreach() /home/admin/domains/spshd.com/public_html/khachhang/application/views/tab4.php 394
ERROR - 2020-02-18 14:19:05 --> Could not find the language line "Đóng"
ERROR - 2020-02-18 14:19:05 --> Could not find the language line "Xác Nhận"
ERROR - 2020-02-18 14:19:05 --> Severity: Warning --> Invalid argument supplied for foreach() /home/admin/domains/spshd.com/public_html/khachhang/application/views/app.php 157
ERROR - 2020-02-18 14:19:05 --> Severity: Warning --> Invalid argument supplied for foreach() /home/admin/domains/spshd.com/public_html/khachhang/application/views/app.php 168
ERROR - 2020-02-18 14:19:05 --> Could not find the language line "Đóng"
ERROR - 2020-02-18 14:19:05 --> Could not find the language line "Xác Nhận"
ERROR - 2020-02-18 14:19:05 --> Could not find the language line "Đóng"
ERROR - 2020-02-18 14:19:05 --> Could not find the language line "Xác Nhận"
ERROR - 2020-02-18 15:24:07 --> Could not find the language line "Tạo Điểm Lấy Hàng"
ERROR - 2020-02-18 15:24:07 --> Could not find the language line "Tạo Đơn Hàng"
ERROR - 2020-02-18 15:24:07 --> Severity: Warning --> Invalid argument supplied for foreach() /home/admin/domains/spshd.com/public_html/khachhang/application/views/tab4.php 394
ERROR - 2020-02-18 15:24:07 --> Could not find the language line "Đóng"
ERROR - 2020-02-18 15:24:07 --> Could not find the language line "Xác Nhận"
ERROR - 2020-02-18 15:24:07 --> Severity: Warning --> Invalid argument supplied for foreach() /home/admin/domains/spshd.com/public_html/khachhang/application/views/app.php 157
ERROR - 2020-02-18 15:24:07 --> Severity: Warning --> Invalid argument supplied for foreach() /home/admin/domains/spshd.com/public_html/khachhang/application/views/app.php 168
ERROR - 2020-02-18 15:24:07 --> Could not find the language line "Đóng"
ERROR - 2020-02-18 15:24:07 --> Could not find the language line "Xác Nhận"
ERROR - 2020-02-18 15:24:07 --> Could not find the language line "Đóng"
ERROR - 2020-02-18 15:24:07 --> Could not find the language line "Xác Nhận"
ERROR - 2020-02-18 15:44:15 --> Could not find the language line "Tạo Điểm Lấy Hàng"
ERROR - 2020-02-18 15:44:15 --> Could not find the language line "Tạo Đơn Hàng"
ERROR - 2020-02-18 15:44:15 --> Severity: Warning --> Invalid argument supplied for foreach() /home/admin/domains/spshd.com/public_html/khachhang/application/views/tab4.php 394
ERROR - 2020-02-18 15:44:15 --> Could not find the language line "Đóng"
ERROR - 2020-02-18 15:44:15 --> Could not find the language line "Xác Nhận"
ERROR - 2020-02-18 15:44:15 --> Severity: Warning --> Invalid argument supplied for foreach() /home/admin/domains/spshd.com/public_html/khachhang/application/views/app.php 157
ERROR - 2020-02-18 15:44:15 --> Severity: Warning --> Invalid argument supplied for foreach() /home/admin/domains/spshd.com/public_html/khachhang/application/views/app.php 168
ERROR - 2020-02-18 15:44:15 --> Could not find the language line "Đóng"
ERROR - 2020-02-18 15:44:15 --> Could not find the language line "Xác Nhận"
ERROR - 2020-02-18 15:44:15 --> Could not find the language line "Đóng"
ERROR - 2020-02-18 15:44:15 --> Could not find the language line "Xác Nhận"
ERROR - 2020-02-18 15:44:37 --> Could not find the language line "Tạo Điểm Lấy Hàng"
ERROR - 2020-02-18 15:44:37 --> Could not find the language line "Tạo Đơn Hàng"
ERROR - 2020-02-18 15:44:37 --> Severity: Warning --> Invalid argument supplied for foreach() /home/admin/domains/spshd.com/public_html/khachhang/application/views/tab4.php 394
ERROR - 2020-02-18 15:44:37 --> Could not find the language line "Đóng"
ERROR - 2020-02-18 15:44:37 --> Could not find the language line "Xác Nhận"
ERROR - 2020-02-18 15:44:37 --> Severity: Warning --> Invalid argument supplied for foreach() /home/admin/domains/spshd.com/public_html/khachhang/application/views/app.php 157
ERROR - 2020-02-18 15:44:37 --> Severity: Warning --> Invalid argument supplied for foreach() /home/admin/domains/spshd.com/public_html/khachhang/application/views/app.php 168
ERROR - 2020-02-18 15:44:37 --> Could not find the language line "Đóng"
ERROR - 2020-02-18 15:44:37 --> Could not find the language line "Xác Nhận"
ERROR - 2020-02-18 15:44:37 --> Could not find the language line "Đóng"
ERROR - 2020-02-18 15:44:37 --> Could not find the language line "Xác Nhận"
