ERROR - 2020-01-28 01:48:56 --> Could not find the language line "Tạo Điểm Lấy Hàng"
ERROR - 2020-01-28 01:48:56 --> Could not find the language line "Tạo Đơn Hàng"
ERROR - 2020-01-28 01:48:56 --> Severity: Warning --> Invalid argument supplied for foreach() /home/admin/domains/spshd.com/public_html/khachhang/application/views/tab4.php 394
ERROR - 2020-01-28 01:48:56 --> Could not find the language line "Đóng"
ERROR - 2020-01-28 01:48:56 --> Could not find the language line "Xác Nhận"
ERROR - 2020-01-28 01:48:56 --> Severity: Warning --> Invalid argument supplied for foreach() /home/admin/domains/spshd.com/public_html/khachhang/application/views/app.php 157
ERROR - 2020-01-28 01:48:56 --> Severity: Warning --> Invalid argument supplied for foreach() /home/admin/domains/spshd.com/public_html/khachhang/application/views/app.php 168
ERROR - 2020-01-28 01:48:56 --> Could not find the language line "Đóng"
ERROR - 2020-01-28 01:48:56 --> Could not find the language line "Xác Nhận"
ERROR - 2020-01-28 01:48:56 --> Could not find the language line "Đóng"
ERROR - 2020-01-28 01:48:56 --> Could not find the language line "Xác Nhận"
ERROR - 2020-01-28 03:36:45 --> Could not find the language line "Tạo Điểm Lấy Hàng"
ERROR - 2020-01-28 03:36:45 --> Could not find the language line "Tạo Đơn Hàng"
ERROR - 2020-01-28 03:36:45 --> Severity: Warning --> Invalid argument supplied for foreach() /home/admin/domains/spshd.com/public_html/khachhang/application/views/tab4.php 394
ERROR - 2020-01-28 03:36:45 --> Could not find the language line "Đóng"
ERROR - 2020-01-28 03:36:45 --> Could not find the language line "Xác Nhận"
ERROR - 2020-01-28 03:36:45 --> Severity: Warning --> Invalid argument supplied for foreach() /home/admin/domains/spshd.com/public_html/khachhang/application/views/app.php 157
ERROR - 2020-01-28 03:36:45 --> Severity: Warning --> Invalid argument supplied for foreach() /home/admin/domains/spshd.com/public_html/khachhang/application/views/app.php 168
ERROR - 2020-01-28 03:36:45 --> Could not find the language line "Đóng"
ERROR - 2020-01-28 03:36:45 --> Could not find the language line "Xác Nhận"
ERROR - 2020-01-28 03:36:45 --> Could not find the language line "Đóng"
ERROR - 2020-01-28 03:36:45 --> Could not find the language line "Xác Nhận"
ERROR - 2020-01-28 05:58:29 --> Could not find the language line "Email"
ERROR - 2020-01-28 05:58:29 --> Could not find the language line "password"
ERROR - 2020-01-28 11:14:28 --> Could not find the language line "Email"
ERROR - 2020-01-28 11:14:28 --> Could not find the language line "password"
