ERROR - 2020-02-15 00:57:02 --> Could not find the language line "Tạo Điểm Lấy Hàng"
ERROR - 2020-02-15 00:57:02 --> Could not find the language line "Tạo Đơn Hàng"
ERROR - 2020-02-15 00:57:02 --> Severity: Warning --> Invalid argument supplied for foreach() /home/admin/domains/spshd.com/public_html/khachhang/application/views/tab4.php 394
ERROR - 2020-02-15 00:57:02 --> Could not find the language line "Đóng"
ERROR - 2020-02-15 00:57:02 --> Could not find the language line "Xác Nhận"
ERROR - 2020-02-15 00:57:02 --> Severity: Warning --> Invalid argument supplied for foreach() /home/admin/domains/spshd.com/public_html/khachhang/application/views/app.php 157
ERROR - 2020-02-15 00:57:02 --> Severity: Warning --> Invalid argument supplied for foreach() /home/admin/domains/spshd.com/public_html/khachhang/application/views/app.php 168
ERROR - 2020-02-15 00:57:02 --> Could not find the language line "Đóng"
ERROR - 2020-02-15 00:57:02 --> Could not find the language line "Xác Nhận"
ERROR - 2020-02-15 00:57:02 --> Could not find the language line "Đóng"
ERROR - 2020-02-15 00:57:02 --> Could not find the language line "Xác Nhận"
ERROR - 2020-02-15 02:13:38 --> Could not find the language line "Tạo Điểm Lấy Hàng"
ERROR - 2020-02-15 02:13:38 --> Could not find the language line "Tạo Đơn Hàng"
ERROR - 2020-02-15 02:13:38 --> Severity: Warning --> Invalid argument supplied for foreach() /home/admin/domains/spshd.com/public_html/khachhang/application/views/tab4.php 394
ERROR - 2020-02-15 02:13:38 --> Could not find the language line "Đóng"
ERROR - 2020-02-15 02:13:38 --> Could not find the language line "Xác Nhận"
ERROR - 2020-02-15 02:13:38 --> Severity: Warning --> Invalid argument supplied for foreach() /home/admin/domains/spshd.com/public_html/khachhang/application/views/app.php 157
ERROR - 2020-02-15 02:13:38 --> Severity: Warning --> Invalid argument supplied for foreach() /home/admin/domains/spshd.com/public_html/khachhang/application/views/app.php 168
ERROR - 2020-02-15 02:13:38 --> Could not find the language line "Đóng"
ERROR - 2020-02-15 02:13:38 --> Could not find the language line "Xác Nhận"
ERROR - 2020-02-15 02:13:38 --> Could not find the language line "Đóng"
ERROR - 2020-02-15 02:13:38 --> Could not find the language line "Xác Nhận"
ERROR - 2020-02-15 04:35:28 --> Could not find the language line "Tạo Điểm Lấy Hàng"
ERROR - 2020-02-15 04:35:28 --> Could not find the language line "Tạo Đơn Hàng"
ERROR - 2020-02-15 04:35:28 --> Severity: Warning --> Invalid argument supplied for foreach() /home/admin/domains/spshd.com/public_html/khachhang/application/views/tab4.php 394
ERROR - 2020-02-15 04:35:28 --> Could not find the language line "Đóng"
ERROR - 2020-02-15 04:35:28 --> Could not find the language line "Xác Nhận"
ERROR - 2020-02-15 04:35:28 --> Severity: Warning --> Invalid argument supplied for foreach() /home/admin/domains/spshd.com/public_html/khachhang/application/views/app.php 157
ERROR - 2020-02-15 04:35:28 --> Severity: Warning --> Invalid argument supplied for foreach() /home/admin/domains/spshd.com/public_html/khachhang/application/views/app.php 168
ERROR - 2020-02-15 04:35:28 --> Could not find the language line "Đóng"
ERROR - 2020-02-15 04:35:28 --> Could not find the language line "Xác Nhận"
ERROR - 2020-02-15 04:35:28 --> Could not find the language line "Đóng"
ERROR - 2020-02-15 04:35:28 --> Could not find the language line "Xác Nhận"
ERROR - 2020-02-15 04:54:32 --> Could not find the language line "Tạo Điểm Lấy Hàng"
ERROR - 2020-02-15 04:54:32 --> Could not find the language line "Tạo Đơn Hàng"
ERROR - 2020-02-15 04:54:32 --> Severity: Warning --> Invalid argument supplied for foreach() /home/admin/domains/spshd.com/public_html/khachhang/application/views/tab4.php 394
ERROR - 2020-02-15 04:54:32 --> Could not find the language line "Đóng"
ERROR - 2020-02-15 04:54:32 --> Could not find the language line "Xác Nhận"
ERROR - 2020-02-15 04:54:32 --> Severity: Warning --> Invalid argument supplied for foreach() /home/admin/domains/spshd.com/public_html/khachhang/application/views/app.php 157
ERROR - 2020-02-15 04:54:32 --> Severity: Warning --> Invalid argument supplied for foreach() /home/admin/domains/spshd.com/public_html/khachhang/application/views/app.php 168
ERROR - 2020-02-15 04:54:32 --> Could not find the language line "Đóng"
ERROR - 2020-02-15 04:54:32 --> Could not find the language line "Xác Nhận"
ERROR - 2020-02-15 04:54:32 --> Could not find the language line "Đóng"
ERROR - 2020-02-15 04:54:32 --> Could not find the language line "Xác Nhận"
ERROR - 2020-02-15 05:49:40 --> Could not find the language line "Tạo Điểm Lấy Hàng"
ERROR - 2020-02-15 05:49:40 --> Could not find the language line "Tạo Đơn Hàng"
ERROR - 2020-02-15 05:49:40 --> Severity: Warning --> Invalid argument supplied for foreach() /home/admin/domains/spshd.com/public_html/khachhang/application/views/tab4.php 394
ERROR - 2020-02-15 05:49:40 --> Could not find the language line "Đóng"
ERROR - 2020-02-15 05:49:40 --> Could not find the language line "Xác Nhận"
ERROR - 2020-02-15 05:49:40 --> Severity: Warning --> Invalid argument supplied for foreach() /home/admin/domains/spshd.com/public_html/khachhang/application/views/app.php 157
ERROR - 2020-02-15 05:49:40 --> Severity: Warning --> Invalid argument supplied for foreach() /home/admin/domains/spshd.com/public_html/khachhang/application/views/app.php 168
ERROR - 2020-02-15 05:49:40 --> Could not find the language line "Đóng"
ERROR - 2020-02-15 05:49:40 --> Could not find the language line "Xác Nhận"
ERROR - 2020-02-15 05:49:40 --> Could not find the language line "Đóng"
ERROR - 2020-02-15 05:49:40 --> Could not find the language line "Xác Nhận"
ERROR - 2020-02-15 06:03:28 --> Could not find the language line "Tạo Điểm Lấy Hàng"
ERROR - 2020-02-15 06:03:28 --> Could not find the language line "Tạo Đơn Hàng"
ERROR - 2020-02-15 06:03:28 --> Severity: Warning --> Invalid argument supplied for foreach() /home/admin/domains/spshd.com/public_html/khachhang/application/views/tab4.php 394
ERROR - 2020-02-15 06:03:28 --> Could not find the language line "Đóng"
ERROR - 2020-02-15 06:03:28 --> Could not find the language line "Xác Nhận"
ERROR - 2020-02-15 06:03:28 --> Severity: Warning --> Invalid argument supplied for foreach() /home/admin/domains/spshd.com/public_html/khachhang/application/views/app.php 157
ERROR - 2020-02-15 06:03:28 --> Severity: Warning --> Invalid argument supplied for foreach() /home/admin/domains/spshd.com/public_html/khachhang/application/views/app.php 168
ERROR - 2020-02-15 06:03:28 --> Could not find the language line "Đóng"
ERROR - 2020-02-15 06:03:28 --> Could not find the language line "Xác Nhận"
ERROR - 2020-02-15 06:03:28 --> Could not find the language line "Đóng"
ERROR - 2020-02-15 06:03:28 --> Could not find the language line "Xác Nhận"
ERROR - 2020-02-15 06:03:28 --> Could not find the language line "Tạo Điểm Lấy Hàng"
ERROR - 2020-02-15 06:03:28 --> Could not find the language line "Tạo Đơn Hàng"
ERROR - 2020-02-15 06:03:28 --> Severity: Warning --> Invalid argument supplied for foreach() /home/admin/domains/spshd.com/public_html/khachhang/application/views/tab4.php 394
ERROR - 2020-02-15 06:03:28 --> Could not find the language line "Đóng"
ERROR - 2020-02-15 06:03:28 --> Could not find the language line "Xác Nhận"
ERROR - 2020-02-15 06:03:28 --> Severity: Warning --> Invalid argument supplied for foreach() /home/admin/domains/spshd.com/public_html/khachhang/application/views/app.php 157
ERROR - 2020-02-15 06:03:28 --> Severity: Warning --> Invalid argument supplied for foreach() /home/admin/domains/spshd.com/public_html/khachhang/application/views/app.php 168
ERROR - 2020-02-15 06:03:28 --> Could not find the language line "Đóng"
ERROR - 2020-02-15 06:03:28 --> Could not find the language line "Xác Nhận"
ERROR - 2020-02-15 06:03:28 --> Could not find the language line "Đóng"
ERROR - 2020-02-15 06:03:28 --> Could not find the language line "Xác Nhận"
ERROR - 2020-02-15 08:13:31 --> Could not find the language line "Tạo Điểm Lấy Hàng"
ERROR - 2020-02-15 08:13:31 --> Could not find the language line "Tạo Đơn Hàng"
ERROR - 2020-02-15 08:13:31 --> Severity: Warning --> Invalid argument supplied for foreach() /home/admin/domains/spshd.com/public_html/khachhang/application/views/tab4.php 394
ERROR - 2020-02-15 08:13:31 --> Could not find the language line "Đóng"
ERROR - 2020-02-15 08:13:31 --> Could not find the language line "Xác Nhận"
ERROR - 2020-02-15 08:13:31 --> Severity: Warning --> Invalid argument supplied for foreach() /home/admin/domains/spshd.com/public_html/khachhang/application/views/app.php 157
ERROR - 2020-02-15 08:13:31 --> Severity: Warning --> Invalid argument supplied for foreach() /home/admin/domains/spshd.com/public_html/khachhang/application/views/app.php 168
ERROR - 2020-02-15 08:13:31 --> Could not find the language line "Đóng"
ERROR - 2020-02-15 08:13:31 --> Could not find the language line "Xác Nhận"
ERROR - 2020-02-15 08:13:31 --> Could not find the language line "Đóng"
ERROR - 2020-02-15 08:13:31 --> Could not find the language line "Xác Nhận"
ERROR - 2020-02-15 08:13:32 --> Could not find the language line "Tạo Điểm Lấy Hàng"
ERROR - 2020-02-15 08:13:32 --> Could not find the language line "Tạo Đơn Hàng"
ERROR - 2020-02-15 08:13:32 --> Severity: Warning --> Invalid argument supplied for foreach() /home/admin/domains/spshd.com/public_html/khachhang/application/views/tab4.php 394
ERROR - 2020-02-15 08:13:32 --> Could not find the language line "Đóng"
ERROR - 2020-02-15 08:13:32 --> Could not find the language line "Xác Nhận"
ERROR - 2020-02-15 08:13:32 --> Severity: Warning --> Invalid argument supplied for foreach() /home/admin/domains/spshd.com/public_html/khachhang/application/views/app.php 157
ERROR - 2020-02-15 08:13:32 --> Severity: Warning --> Invalid argument supplied for foreach() /home/admin/domains/spshd.com/public_html/khachhang/application/views/app.php 168
ERROR - 2020-02-15 08:13:32 --> Could not find the language line "Đóng"
ERROR - 2020-02-15 08:13:32 --> Could not find the language line "Xác Nhận"
ERROR - 2020-02-15 08:13:32 --> Could not find the language line "Đóng"
ERROR - 2020-02-15 08:13:32 --> Could not find the language line "Xác Nhận"
ERROR - 2020-02-15 08:37:32 --> Could not find the language line "Tạo Điểm Lấy Hàng"
ERROR - 2020-02-15 08:37:32 --> Could not find the language line "Tạo Đơn Hàng"
ERROR - 2020-02-15 08:37:32 --> Severity: Warning --> Invalid argument supplied for foreach() /home/admin/domains/spshd.com/public_html/khachhang/application/views/tab4.php 394
ERROR - 2020-02-15 08:37:32 --> Could not find the language line "Đóng"
ERROR - 2020-02-15 08:37:32 --> Could not find the language line "Xác Nhận"
ERROR - 2020-02-15 08:37:32 --> Severity: Warning --> Invalid argument supplied for foreach() /home/admin/domains/spshd.com/public_html/khachhang/application/views/app.php 157
ERROR - 2020-02-15 08:37:32 --> Severity: Warning --> Invalid argument supplied for foreach() /home/admin/domains/spshd.com/public_html/khachhang/application/views/app.php 168
ERROR - 2020-02-15 08:37:32 --> Could not find the language line "Đóng"
ERROR - 2020-02-15 08:37:32 --> Could not find the language line "Xác Nhận"
ERROR - 2020-02-15 08:37:32 --> Could not find the language line "Đóng"
ERROR - 2020-02-15 08:37:32 --> Could not find the language line "Xác Nhận"
ERROR - 2020-02-15 08:39:40 --> Could not find the language line "Tạo Điểm Lấy Hàng"
ERROR - 2020-02-15 08:39:40 --> Could not find the language line "Tạo Đơn Hàng"
ERROR - 2020-02-15 08:39:40 --> Severity: Warning --> Invalid argument supplied for foreach() /home/admin/domains/spshd.com/public_html/khachhang/application/views/tab4.php 394
ERROR - 2020-02-15 08:39:40 --> Could not find the language line "Đóng"
ERROR - 2020-02-15 08:39:40 --> Could not find the language line "Xác Nhận"
ERROR - 2020-02-15 08:39:40 --> Severity: Warning --> Invalid argument supplied for foreach() /home/admin/domains/spshd.com/public_html/khachhang/application/views/app.php 157
ERROR - 2020-02-15 08:39:40 --> Severity: Warning --> Invalid argument supplied for foreach() /home/admin/domains/spshd.com/public_html/khachhang/application/views/app.php 168
ERROR - 2020-02-15 08:39:40 --> Could not find the language line "Đóng"
ERROR - 2020-02-15 08:39:40 --> Could not find the language line "Xác Nhận"
ERROR - 2020-02-15 08:39:40 --> Could not find the language line "Đóng"
ERROR - 2020-02-15 08:39:40 --> Could not find the language line "Xác Nhận"
ERROR - 2020-02-15 08:48:27 --> Could not find the language line "Tạo Điểm Lấy Hàng"
ERROR - 2020-02-15 08:48:27 --> Could not find the language line "Tạo Đơn Hàng"
ERROR - 2020-02-15 08:48:27 --> Severity: Warning --> Invalid argument supplied for foreach() /home/admin/domains/spshd.com/public_html/khachhang/application/views/tab4.php 394
ERROR - 2020-02-15 08:48:27 --> Could not find the language line "Đóng"
ERROR - 2020-02-15 08:48:27 --> Could not find the language line "Xác Nhận"
ERROR - 2020-02-15 08:48:27 --> Severity: Warning --> Invalid argument supplied for foreach() /home/admin/domains/spshd.com/public_html/khachhang/application/views/app.php 157
ERROR - 2020-02-15 08:48:27 --> Severity: Warning --> Invalid argument supplied for foreach() /home/admin/domains/spshd.com/public_html/khachhang/application/views/app.php 168
ERROR - 2020-02-15 08:48:27 --> Could not find the language line "Đóng"
ERROR - 2020-02-15 08:48:27 --> Could not find the language line "Xác Nhận"
ERROR - 2020-02-15 08:48:27 --> Could not find the language line "Đóng"
ERROR - 2020-02-15 08:48:27 --> Could not find the language line "Xác Nhận"
ERROR - 2020-02-15 09:10:13 --> Could not find the language line "Tạo Điểm Lấy Hàng"
ERROR - 2020-02-15 09:10:13 --> Could not find the language line "Tạo Đơn Hàng"
ERROR - 2020-02-15 09:10:13 --> Severity: Warning --> Invalid argument supplied for foreach() /home/admin/domains/spshd.com/public_html/khachhang/application/views/tab4.php 394
ERROR - 2020-02-15 09:10:13 --> Could not find the language line "Đóng"
ERROR - 2020-02-15 09:10:13 --> Could not find the language line "Xác Nhận"
ERROR - 2020-02-15 09:10:13 --> Severity: Warning --> Invalid argument supplied for foreach() /home/admin/domains/spshd.com/public_html/khachhang/application/views/app.php 157
ERROR - 2020-02-15 09:10:13 --> Severity: Warning --> Invalid argument supplied for foreach() /home/admin/domains/spshd.com/public_html/khachhang/application/views/app.php 168
ERROR - 2020-02-15 09:10:13 --> Could not find the language line "Đóng"
ERROR - 2020-02-15 09:10:13 --> Could not find the language line "Xác Nhận"
ERROR - 2020-02-15 09:10:13 --> Could not find the language line "Đóng"
ERROR - 2020-02-15 09:10:13 --> Could not find the language line "Xác Nhận"
ERROR - 2020-02-15 09:11:24 --> Could not find the language line "Tạo Điểm Lấy Hàng"
ERROR - 2020-02-15 09:11:24 --> Could not find the language line "Tạo Đơn Hàng"
ERROR - 2020-02-15 09:11:24 --> Severity: Warning --> Invalid argument supplied for foreach() /home/admin/domains/spshd.com/public_html/khachhang/application/views/tab4.php 394
ERROR - 2020-02-15 09:11:24 --> Could not find the language line "Đóng"
ERROR - 2020-02-15 09:11:24 --> Could not find the language line "Xác Nhận"
ERROR - 2020-02-15 09:11:24 --> Severity: Warning --> Invalid argument supplied for foreach() /home/admin/domains/spshd.com/public_html/khachhang/application/views/app.php 157
ERROR - 2020-02-15 09:11:24 --> Severity: Warning --> Invalid argument supplied for foreach() /home/admin/domains/spshd.com/public_html/khachhang/application/views/app.php 168
ERROR - 2020-02-15 09:11:24 --> Could not find the language line "Đóng"
ERROR - 2020-02-15 09:11:24 --> Could not find the language line "Xác Nhận"
ERROR - 2020-02-15 09:11:24 --> Could not find the language line "Đóng"
ERROR - 2020-02-15 09:11:24 --> Could not find the language line "Xác Nhận"
ERROR - 2020-02-15 09:23:01 --> Could not find the language line "Tạo Điểm Lấy Hàng"
ERROR - 2020-02-15 09:23:01 --> Could not find the language line "Tạo Đơn Hàng"
ERROR - 2020-02-15 09:23:01 --> Severity: Warning --> Invalid argument supplied for foreach() /home/admin/domains/spshd.com/public_html/khachhang/application/views/tab4.php 394
ERROR - 2020-02-15 09:23:01 --> Could not find the language line "Đóng"
ERROR - 2020-02-15 09:23:01 --> Could not find the language line "Xác Nhận"
ERROR - 2020-02-15 09:23:01 --> Severity: Warning --> Invalid argument supplied for foreach() /home/admin/domains/spshd.com/public_html/khachhang/application/views/app.php 157
ERROR - 2020-02-15 09:23:01 --> Severity: Warning --> Invalid argument supplied for foreach() /home/admin/domains/spshd.com/public_html/khachhang/application/views/app.php 168
ERROR - 2020-02-15 09:23:01 --> Could not find the language line "Đóng"
ERROR - 2020-02-15 09:23:01 --> Could not find the language line "Xác Nhận"
ERROR - 2020-02-15 09:23:01 --> Could not find the language line "Đóng"
ERROR - 2020-02-15 09:23:01 --> Could not find the language line "Xác Nhận"
ERROR - 2020-02-15 09:43:04 --> Could not find the language line "Tạo Điểm Lấy Hàng"
ERROR - 2020-02-15 09:43:04 --> Could not find the language line "Tạo Đơn Hàng"
ERROR - 2020-02-15 09:43:04 --> Severity: Warning --> Invalid argument supplied for foreach() /home/admin/domains/spshd.com/public_html/khachhang/application/views/tab4.php 394
ERROR - 2020-02-15 09:43:04 --> Could not find the language line "Đóng"
ERROR - 2020-02-15 09:43:04 --> Could not find the language line "Xác Nhận"
ERROR - 2020-02-15 09:43:04 --> Severity: Warning --> Invalid argument supplied for foreach() /home/admin/domains/spshd.com/public_html/khachhang/application/views/app.php 157
ERROR - 2020-02-15 09:43:04 --> Severity: Warning --> Invalid argument supplied for foreach() /home/admin/domains/spshd.com/public_html/khachhang/application/views/app.php 168
ERROR - 2020-02-15 09:43:04 --> Could not find the language line "Đóng"
ERROR - 2020-02-15 09:43:04 --> Could not find the language line "Xác Nhận"
ERROR - 2020-02-15 09:43:04 --> Could not find the language line "Đóng"
ERROR - 2020-02-15 09:43:04 --> Could not find the language line "Xác Nhận"
ERROR - 2020-02-15 12:39:42 --> Could not find the language line "Tạo Điểm Lấy Hàng"
ERROR - 2020-02-15 12:39:42 --> Could not find the language line "Tạo Đơn Hàng"
ERROR - 2020-02-15 12:39:42 --> Severity: Warning --> Invalid argument supplied for foreach() /home/admin/domains/spshd.com/public_html/khachhang/application/views/tab4.php 394
ERROR - 2020-02-15 12:39:42 --> Could not find the language line "Đóng"
ERROR - 2020-02-15 12:39:42 --> Could not find the language line "Xác Nhận"
ERROR - 2020-02-15 12:39:42 --> Severity: Warning --> Invalid argument supplied for foreach() /home/admin/domains/spshd.com/public_html/khachhang/application/views/app.php 157
ERROR - 2020-02-15 12:39:42 --> Severity: Warning --> Invalid argument supplied for foreach() /home/admin/domains/spshd.com/public_html/khachhang/application/views/app.php 168
ERROR - 2020-02-15 12:39:42 --> Could not find the language line "Đóng"
ERROR - 2020-02-15 12:39:42 --> Could not find the language line "Xác Nhận"
ERROR - 2020-02-15 12:39:42 --> Could not find the language line "Đóng"
ERROR - 2020-02-15 12:39:42 --> Could not find the language line "Xác Nhận"
ERROR - 2020-02-15 16:02:11 --> Could not find the language line "Tạo Điểm Lấy Hàng"
ERROR - 2020-02-15 16:02:11 --> Could not find the language line "Tạo Đơn Hàng"
ERROR - 2020-02-15 16:02:11 --> Severity: Warning --> Invalid argument supplied for foreach() /home/admin/domains/spshd.com/public_html/khachhang/application/views/tab4.php 394
ERROR - 2020-02-15 16:02:11 --> Could not find the language line "Đóng"
ERROR - 2020-02-15 16:02:11 --> Could not find the language line "Xác Nhận"
ERROR - 2020-02-15 16:02:11 --> Severity: Warning --> Invalid argument supplied for foreach() /home/admin/domains/spshd.com/public_html/khachhang/application/views/app.php 157
ERROR - 2020-02-15 16:02:11 --> Severity: Warning --> Invalid argument supplied for foreach() /home/admin/domains/spshd.com/public_html/khachhang/application/views/app.php 168
ERROR - 2020-02-15 16:02:11 --> Could not find the language line "Đóng"
ERROR - 2020-02-15 16:02:11 --> Could not find the language line "Xác Nhận"
ERROR - 2020-02-15 16:02:11 --> Could not find the language line "Đóng"
ERROR - 2020-02-15 16:02:11 --> Could not find the language line "Xác Nhận"
