ERROR - 2019-10-21 00:55:11 --> Could not find the language line "Tạo Điểm Lấy Hàng"
ERROR - 2019-10-21 00:55:11 --> Could not find the language line "Tạo Đơn Hàng"
ERROR - 2019-10-21 00:55:11 --> Severity: Warning --> Invalid argument supplied for foreach() /home/admin/domains/spshd.com/public_html/khachhang/application/views/tab4.php 394
ERROR - 2019-10-21 00:55:11 --> Could not find the language line "Đóng"
ERROR - 2019-10-21 00:55:11 --> Could not find the language line "Xác Nhận"
ERROR - 2019-10-21 00:55:11 --> Severity: Warning --> Invalid argument supplied for foreach() /home/admin/domains/spshd.com/public_html/khachhang/application/views/app.php 157
ERROR - 2019-10-21 00:55:11 --> Severity: Warning --> Invalid argument supplied for foreach() /home/admin/domains/spshd.com/public_html/khachhang/application/views/app.php 168
ERROR - 2019-10-21 00:55:11 --> Could not find the language line "Đóng"
ERROR - 2019-10-21 00:55:11 --> Could not find the language line "Xác Nhận"
ERROR - 2019-10-21 00:55:11 --> Could not find the language line "Đóng"
ERROR - 2019-10-21 00:55:11 --> Could not find the language line "Xác Nhận"
ERROR - 2019-10-21 02:35:50 --> Could not find the language line "Tạo Điểm Lấy Hàng"
ERROR - 2019-10-21 02:35:50 --> Could not find the language line "Tạo Đơn Hàng"
ERROR - 2019-10-21 02:35:50 --> Severity: Warning --> Invalid argument supplied for foreach() /home/admin/domains/spshd.com/public_html/khachhang/application/views/tab4.php 394
ERROR - 2019-10-21 02:35:50 --> Could not find the language line "Đóng"
ERROR - 2019-10-21 02:35:50 --> Could not find the language line "Xác Nhận"
ERROR - 2019-10-21 02:35:50 --> Severity: Warning --> Invalid argument supplied for foreach() /home/admin/domains/spshd.com/public_html/khachhang/application/views/app.php 157
ERROR - 2019-10-21 02:35:50 --> Severity: Warning --> Invalid argument supplied for foreach() /home/admin/domains/spshd.com/public_html/khachhang/application/views/app.php 168
ERROR - 2019-10-21 02:35:50 --> Could not find the language line "Đóng"
ERROR - 2019-10-21 02:35:50 --> Could not find the language line "Xác Nhận"
ERROR - 2019-10-21 02:35:50 --> Could not find the language line "Đóng"
ERROR - 2019-10-21 02:35:50 --> Could not find the language line "Xác Nhận"
ERROR - 2019-10-21 04:21:12 --> Could not find the language line "Tạo Điểm Lấy Hàng"
ERROR - 2019-10-21 04:21:12 --> Could not find the language line "Tạo Đơn Hàng"
ERROR - 2019-10-21 04:21:12 --> Severity: Warning --> Invalid argument supplied for foreach() /home/admin/domains/spshd.com/public_html/khachhang/application/views/tab4.php 394
ERROR - 2019-10-21 04:21:12 --> Could not find the language line "Đóng"
ERROR - 2019-10-21 04:21:12 --> Could not find the language line "Xác Nhận"
ERROR - 2019-10-21 04:21:12 --> Severity: Warning --> Invalid argument supplied for foreach() /home/admin/domains/spshd.com/public_html/khachhang/application/views/app.php 157
ERROR - 2019-10-21 04:21:12 --> Severity: Warning --> Invalid argument supplied for foreach() /home/admin/domains/spshd.com/public_html/khachhang/application/views/app.php 168
ERROR - 2019-10-21 04:21:12 --> Could not find the language line "Đóng"
ERROR - 2019-10-21 04:21:12 --> Could not find the language line "Xác Nhận"
ERROR - 2019-10-21 04:21:12 --> Could not find the language line "Đóng"
ERROR - 2019-10-21 04:21:12 --> Could not find the language line "Xác Nhận"
ERROR - 2019-10-21 04:21:12 --> Could not find the language line "Tạo Điểm Lấy Hàng"
ERROR - 2019-10-21 04:21:12 --> Could not find the language line "Tạo Đơn Hàng"
ERROR - 2019-10-21 04:21:12 --> Severity: Warning --> Invalid argument supplied for foreach() /home/admin/domains/spshd.com/public_html/khachhang/application/views/tab4.php 394
ERROR - 2019-10-21 04:21:12 --> Could not find the language line "Đóng"
ERROR - 2019-10-21 04:21:12 --> Could not find the language line "Xác Nhận"
ERROR - 2019-10-21 04:21:12 --> Severity: Warning --> Invalid argument supplied for foreach() /home/admin/domains/spshd.com/public_html/khachhang/application/views/app.php 157
ERROR - 2019-10-21 04:21:12 --> Severity: Warning --> Invalid argument supplied for foreach() /home/admin/domains/spshd.com/public_html/khachhang/application/views/app.php 168
ERROR - 2019-10-21 04:21:12 --> Could not find the language line "Đóng"
ERROR - 2019-10-21 04:21:12 --> Could not find the language line "Xác Nhận"
ERROR - 2019-10-21 04:21:12 --> Could not find the language line "Đóng"
ERROR - 2019-10-21 04:21:12 --> Could not find the language line "Xác Nhận"
ERROR - 2019-10-21 04:21:49 --> Could not find the language line "Email"
ERROR - 2019-10-21 04:21:49 --> Could not find the language line "password"
ERROR - 2019-10-21 04:21:49 --> Could not find the language line "Tạo Điểm Lấy Hàng"
ERROR - 2019-10-21 04:21:49 --> Could not find the language line "Tạo Đơn Hàng"
ERROR - 2019-10-21 04:21:49 --> Severity: Warning --> Invalid argument supplied for foreach() /home/admin/domains/spshd.com/public_html/khachhang/application/views/tab4.php 394
ERROR - 2019-10-21 04:21:49 --> Could not find the language line "Đóng"
ERROR - 2019-10-21 04:21:49 --> Could not find the language line "Xác Nhận"
ERROR - 2019-10-21 04:21:49 --> Severity: Warning --> Invalid argument supplied for foreach() /home/admin/domains/spshd.com/public_html/khachhang/application/views/app.php 157
ERROR - 2019-10-21 04:21:49 --> Severity: Warning --> Invalid argument supplied for foreach() /home/admin/domains/spshd.com/public_html/khachhang/application/views/app.php 168
ERROR - 2019-10-21 04:21:49 --> Could not find the language line "Đóng"
ERROR - 2019-10-21 04:21:49 --> Could not find the language line "Xác Nhận"
ERROR - 2019-10-21 04:21:49 --> Could not find the language line "Đóng"
ERROR - 2019-10-21 04:21:49 --> Could not find the language line "Xác Nhận"
ERROR - 2019-10-21 04:22:11 --> Could not find the language line "Tạo Điểm Lấy Hàng"
ERROR - 2019-10-21 04:22:11 --> Could not find the language line "Tạo Đơn Hàng"
ERROR - 2019-10-21 04:22:11 --> Severity: Warning --> Invalid argument supplied for foreach() /home/admin/domains/spshd.com/public_html/khachhang/application/views/tab4.php 394
ERROR - 2019-10-21 04:22:11 --> Could not find the language line "Đóng"
ERROR - 2019-10-21 04:22:11 --> Could not find the language line "Xác Nhận"
ERROR - 2019-10-21 04:22:11 --> Severity: Warning --> Invalid argument supplied for foreach() /home/admin/domains/spshd.com/public_html/khachhang/application/views/app.php 157
ERROR - 2019-10-21 04:22:11 --> Severity: Warning --> Invalid argument supplied for foreach() /home/admin/domains/spshd.com/public_html/khachhang/application/views/app.php 168
ERROR - 2019-10-21 04:22:11 --> Could not find the language line "Đóng"
ERROR - 2019-10-21 04:22:11 --> Could not find the language line "Xác Nhận"
ERROR - 2019-10-21 04:22:11 --> Could not find the language line "Đóng"
ERROR - 2019-10-21 04:22:11 --> Could not find the language line "Xác Nhận"
ERROR - 2019-10-21 04:51:14 --> Could not find the language line "Tạo Điểm Lấy Hàng"
ERROR - 2019-10-21 04:51:14 --> Could not find the language line "Tạo Đơn Hàng"
ERROR - 2019-10-21 04:51:14 --> Severity: Warning --> Invalid argument supplied for foreach() /home/admin/domains/spshd.com/public_html/khachhang/application/views/tab4.php 394
ERROR - 2019-10-21 04:51:14 --> Could not find the language line "Đóng"
ERROR - 2019-10-21 04:51:14 --> Could not find the language line "Xác Nhận"
ERROR - 2019-10-21 04:51:14 --> Severity: Warning --> Invalid argument supplied for foreach() /home/admin/domains/spshd.com/public_html/khachhang/application/views/app.php 157
ERROR - 2019-10-21 04:51:14 --> Severity: Warning --> Invalid argument supplied for foreach() /home/admin/domains/spshd.com/public_html/khachhang/application/views/app.php 168
ERROR - 2019-10-21 04:51:14 --> Could not find the language line "Đóng"
ERROR - 2019-10-21 04:51:14 --> Could not find the language line "Xác Nhận"
ERROR - 2019-10-21 04:51:14 --> Could not find the language line "Đóng"
ERROR - 2019-10-21 04:51:14 --> Could not find the language line "Xác Nhận"
ERROR - 2019-10-21 05:00:01 --> Could not find the language line "Tạo Điểm Lấy Hàng"
ERROR - 2019-10-21 05:00:01 --> Could not find the language line "Tạo Đơn Hàng"
ERROR - 2019-10-21 05:00:01 --> Severity: Warning --> Invalid argument supplied for foreach() /home/admin/domains/spshd.com/public_html/khachhang/application/views/tab4.php 394
ERROR - 2019-10-21 05:00:01 --> Could not find the language line "Đóng"
ERROR - 2019-10-21 05:00:01 --> Could not find the language line "Xác Nhận"
ERROR - 2019-10-21 05:00:01 --> Severity: Warning --> Invalid argument supplied for foreach() /home/admin/domains/spshd.com/public_html/khachhang/application/views/app.php 157
ERROR - 2019-10-21 05:00:01 --> Severity: Warning --> Invalid argument supplied for foreach() /home/admin/domains/spshd.com/public_html/khachhang/application/views/app.php 168
ERROR - 2019-10-21 05:00:01 --> Could not find the language line "Đóng"
ERROR - 2019-10-21 05:00:01 --> Could not find the language line "Xác Nhận"
ERROR - 2019-10-21 05:00:01 --> Could not find the language line "Đóng"
ERROR - 2019-10-21 05:00:01 --> Could not find the language line "Xác Nhận"
ERROR - 2019-10-21 05:03:44 --> Could not find the language line "Email"
ERROR - 2019-10-21 05:03:44 --> Could not find the language line "password"
ERROR - 2019-10-21 05:04:25 --> Could not find the language line "Email"
ERROR - 2019-10-21 05:04:25 --> Could not find the language line "password"
ERROR - 2019-10-21 05:04:31 --> Could not find the language line "Email"
ERROR - 2019-10-21 05:04:31 --> Could not find the language line "password"
ERROR - 2019-10-21 05:15:42 --> Could not find the language line "Email"
ERROR - 2019-10-21 05:15:42 --> Could not find the language line "password"
ERROR - 2019-10-21 07:13:43 --> Could not find the language line "Email"
ERROR - 2019-10-21 07:13:43 --> Could not find the language line "password"
ERROR - 2019-10-21 08:17:28 --> Could not find the language line "Tạo Điểm Lấy Hàng"
ERROR - 2019-10-21 08:17:28 --> Could not find the language line "Tạo Đơn Hàng"
ERROR - 2019-10-21 08:17:28 --> Severity: Warning --> Invalid argument supplied for foreach() /home/admin/domains/spshd.com/public_html/khachhang/application/views/tab4.php 394
ERROR - 2019-10-21 08:17:28 --> Could not find the language line "Đóng"
ERROR - 2019-10-21 08:17:28 --> Could not find the language line "Xác Nhận"
ERROR - 2019-10-21 08:17:28 --> Severity: Warning --> Invalid argument supplied for foreach() /home/admin/domains/spshd.com/public_html/khachhang/application/views/app.php 157
ERROR - 2019-10-21 08:17:28 --> Severity: Warning --> Invalid argument supplied for foreach() /home/admin/domains/spshd.com/public_html/khachhang/application/views/app.php 168
ERROR - 2019-10-21 08:17:28 --> Could not find the language line "Đóng"
ERROR - 2019-10-21 08:17:28 --> Could not find the language line "Xác Nhận"
ERROR - 2019-10-21 08:17:28 --> Could not find the language line "Đóng"
ERROR - 2019-10-21 08:17:28 --> Could not find the language line "Xác Nhận"
ERROR - 2019-10-21 10:37:17 --> Could not find the language line "Tạo Điểm Lấy Hàng"
ERROR - 2019-10-21 10:37:17 --> Could not find the language line "Tạo Đơn Hàng"
ERROR - 2019-10-21 10:37:17 --> Severity: Warning --> Invalid argument supplied for foreach() /home/admin/domains/spshd.com/public_html/khachhang/application/views/tab4.php 394
ERROR - 2019-10-21 10:37:17 --> Could not find the language line "Đóng"
ERROR - 2019-10-21 10:37:17 --> Could not find the language line "Xác Nhận"
ERROR - 2019-10-21 10:37:17 --> Severity: Warning --> Invalid argument supplied for foreach() /home/admin/domains/spshd.com/public_html/khachhang/application/views/app.php 157
ERROR - 2019-10-21 10:37:17 --> Severity: Warning --> Invalid argument supplied for foreach() /home/admin/domains/spshd.com/public_html/khachhang/application/views/app.php 168
ERROR - 2019-10-21 10:37:17 --> Could not find the language line "Đóng"
ERROR - 2019-10-21 10:37:17 --> Could not find the language line "Xác Nhận"
ERROR - 2019-10-21 10:37:17 --> Could not find the language line "Đóng"
ERROR - 2019-10-21 10:37:17 --> Could not find the language line "Xác Nhận"
ERROR - 2019-10-21 11:14:50 --> Could not find the language line "Tạo Điểm Lấy Hàng"
ERROR - 2019-10-21 11:14:50 --> Could not find the language line "Tạo Đơn Hàng"
ERROR - 2019-10-21 11:14:50 --> Severity: Warning --> Invalid argument supplied for foreach() /home/admin/domains/spshd.com/public_html/khachhang/application/views/tab4.php 394
ERROR - 2019-10-21 11:14:50 --> Could not find the language line "Đóng"
ERROR - 2019-10-21 11:14:50 --> Could not find the language line "Xác Nhận"
ERROR - 2019-10-21 11:14:50 --> Severity: Warning --> Invalid argument supplied for foreach() /home/admin/domains/spshd.com/public_html/khachhang/application/views/app.php 157
ERROR - 2019-10-21 11:14:50 --> Severity: Warning --> Invalid argument supplied for foreach() /home/admin/domains/spshd.com/public_html/khachhang/application/views/app.php 168
ERROR - 2019-10-21 11:14:50 --> Could not find the language line "Đóng"
ERROR - 2019-10-21 11:14:50 --> Could not find the language line "Xác Nhận"
ERROR - 2019-10-21 11:14:50 --> Could not find the language line "Đóng"
ERROR - 2019-10-21 11:14:50 --> Could not find the language line "Xác Nhận"
ERROR - 2019-10-21 11:31:52 --> Could not find the language line "Tạo Điểm Lấy Hàng"
ERROR - 2019-10-21 11:31:52 --> Could not find the language line "Tạo Đơn Hàng"
ERROR - 2019-10-21 11:31:52 --> Severity: Warning --> Invalid argument supplied for foreach() /home/admin/domains/spshd.com/public_html/khachhang/application/views/tab4.php 394
ERROR - 2019-10-21 11:31:52 --> Could not find the language line "Đóng"
ERROR - 2019-10-21 11:31:52 --> Could not find the language line "Xác Nhận"
ERROR - 2019-10-21 11:31:52 --> Severity: Warning --> Invalid argument supplied for foreach() /home/admin/domains/spshd.com/public_html/khachhang/application/views/app.php 157
ERROR - 2019-10-21 11:31:52 --> Severity: Warning --> Invalid argument supplied for foreach() /home/admin/domains/spshd.com/public_html/khachhang/application/views/app.php 168
ERROR - 2019-10-21 11:31:52 --> Could not find the language line "Đóng"
ERROR - 2019-10-21 11:31:52 --> Could not find the language line "Xác Nhận"
ERROR - 2019-10-21 11:31:52 --> Could not find the language line "Đóng"
ERROR - 2019-10-21 11:31:52 --> Could not find the language line "Xác Nhận"
ERROR - 2019-10-21 11:31:52 --> Could not find the language line "Tạo Điểm Lấy Hàng"
ERROR - 2019-10-21 11:31:52 --> Could not find the language line "Tạo Đơn Hàng"
ERROR - 2019-10-21 11:31:52 --> Severity: Warning --> Invalid argument supplied for foreach() /home/admin/domains/spshd.com/public_html/khachhang/application/views/tab4.php 394
ERROR - 2019-10-21 11:31:52 --> Could not find the language line "Đóng"
ERROR - 2019-10-21 11:31:52 --> Could not find the language line "Xác Nhận"
ERROR - 2019-10-21 11:31:52 --> Severity: Warning --> Invalid argument supplied for foreach() /home/admin/domains/spshd.com/public_html/khachhang/application/views/app.php 157
ERROR - 2019-10-21 11:31:52 --> Severity: Warning --> Invalid argument supplied for foreach() /home/admin/domains/spshd.com/public_html/khachhang/application/views/app.php 168
ERROR - 2019-10-21 11:31:52 --> Could not find the language line "Đóng"
ERROR - 2019-10-21 11:31:52 --> Could not find the language line "Xác Nhận"
ERROR - 2019-10-21 11:31:52 --> Could not find the language line "Đóng"
ERROR - 2019-10-21 11:31:52 --> Could not find the language line "Xác Nhận"
ERROR - 2019-10-21 12:14:27 --> Could not find the language line "Tạo Điểm Lấy Hàng"
ERROR - 2019-10-21 12:14:27 --> Could not find the language line "Tạo Đơn Hàng"
ERROR - 2019-10-21 12:14:27 --> Severity: Warning --> Invalid argument supplied for foreach() /home/admin/domains/spshd.com/public_html/khachhang/application/views/tab4.php 394
ERROR - 2019-10-21 12:14:27 --> Could not find the language line "Đóng"
ERROR - 2019-10-21 12:14:27 --> Could not find the language line "Xác Nhận"
ERROR - 2019-10-21 12:14:27 --> Severity: Warning --> Invalid argument supplied for foreach() /home/admin/domains/spshd.com/public_html/khachhang/application/views/app.php 157
ERROR - 2019-10-21 12:14:27 --> Severity: Warning --> Invalid argument supplied for foreach() /home/admin/domains/spshd.com/public_html/khachhang/application/views/app.php 168
ERROR - 2019-10-21 12:14:27 --> Could not find the language line "Đóng"
ERROR - 2019-10-21 12:14:27 --> Could not find the language line "Xác Nhận"
ERROR - 2019-10-21 12:14:27 --> Could not find the language line "Đóng"
ERROR - 2019-10-21 12:14:27 --> Could not find the language line "Xác Nhận"
ERROR - 2019-10-21 13:13:11 --> Could not find the language line "Tạo Điểm Lấy Hàng"
ERROR - 2019-10-21 13:13:11 --> Could not find the language line "Tạo Đơn Hàng"
ERROR - 2019-10-21 13:13:11 --> Severity: Warning --> Invalid argument supplied for foreach() /home/admin/domains/spshd.com/public_html/khachhang/application/views/tab4.php 394
ERROR - 2019-10-21 13:13:11 --> Could not find the language line "Đóng"
ERROR - 2019-10-21 13:13:11 --> Could not find the language line "Xác Nhận"
ERROR - 2019-10-21 13:13:11 --> Severity: Warning --> Invalid argument supplied for foreach() /home/admin/domains/spshd.com/public_html/khachhang/application/views/app.php 157
ERROR - 2019-10-21 13:13:11 --> Severity: Warning --> Invalid argument supplied for foreach() /home/admin/domains/spshd.com/public_html/khachhang/application/views/app.php 168
ERROR - 2019-10-21 13:13:11 --> Could not find the language line "Đóng"
ERROR - 2019-10-21 13:13:11 --> Could not find the language line "Xác Nhận"
ERROR - 2019-10-21 13:13:11 --> Could not find the language line "Đóng"
ERROR - 2019-10-21 13:13:11 --> Could not find the language line "Xác Nhận"
ERROR - 2019-10-21 14:59:14 --> Could not find the language line "Tạo Điểm Lấy Hàng"
ERROR - 2019-10-21 14:59:14 --> Could not find the language line "Tạo Đơn Hàng"
ERROR - 2019-10-21 14:59:14 --> Severity: Warning --> Invalid argument supplied for foreach() /home/admin/domains/spshd.com/public_html/khachhang/application/views/tab4.php 394
ERROR - 2019-10-21 14:59:14 --> Could not find the language line "Đóng"
ERROR - 2019-10-21 14:59:14 --> Could not find the language line "Xác Nhận"
ERROR - 2019-10-21 14:59:14 --> Severity: Warning --> Invalid argument supplied for foreach() /home/admin/domains/spshd.com/public_html/khachhang/application/views/app.php 157
ERROR - 2019-10-21 14:59:14 --> Severity: Warning --> Invalid argument supplied for foreach() /home/admin/domains/spshd.com/public_html/khachhang/application/views/app.php 168
ERROR - 2019-10-21 14:59:14 --> Could not find the language line "Đóng"
ERROR - 2019-10-21 14:59:14 --> Could not find the language line "Xác Nhận"
ERROR - 2019-10-21 14:59:14 --> Could not find the language line "Đóng"
ERROR - 2019-10-21 14:59:14 --> Could not find the language line "Xác Nhận"
ERROR - 2019-10-21 15:29:20 --> Could not find the language line "Email"
ERROR - 2019-10-21 15:29:20 --> Could not find the language line "password"
ERROR - 2019-10-21 15:53:40 --> Could not find the language line "Tạo Điểm Lấy Hàng"
ERROR - 2019-10-21 15:53:40 --> Could not find the language line "Tạo Đơn Hàng"
ERROR - 2019-10-21 15:53:40 --> Severity: Warning --> Invalid argument supplied for foreach() /home/admin/domains/spshd.com/public_html/khachhang/application/views/tab4.php 394
ERROR - 2019-10-21 15:53:40 --> Could not find the language line "Đóng"
ERROR - 2019-10-21 15:53:40 --> Could not find the language line "Xác Nhận"
ERROR - 2019-10-21 15:53:40 --> Severity: Warning --> Invalid argument supplied for foreach() /home/admin/domains/spshd.com/public_html/khachhang/application/views/app.php 157
ERROR - 2019-10-21 15:53:40 --> Severity: Warning --> Invalid argument supplied for foreach() /home/admin/domains/spshd.com/public_html/khachhang/application/views/app.php 168
ERROR - 2019-10-21 15:53:40 --> Could not find the language line "Đóng"
ERROR - 2019-10-21 15:53:40 --> Could not find the language line "Xác Nhận"
ERROR - 2019-10-21 15:53:40 --> Could not find the language line "Đóng"
ERROR - 2019-10-21 15:53:40 --> Could not find the language line "Xác Nhận"
ERROR - 2019-10-21 16:15:52 --> Could not find the language line "Tạo Điểm Lấy Hàng"
ERROR - 2019-10-21 16:15:52 --> Could not find the language line "Tạo Đơn Hàng"
ERROR - 2019-10-21 16:15:52 --> Severity: Warning --> Invalid argument supplied for foreach() /home/admin/domains/spshd.com/public_html/khachhang/application/views/tab4.php 394
ERROR - 2019-10-21 16:15:52 --> Could not find the language line "Đóng"
ERROR - 2019-10-21 16:15:52 --> Could not find the language line "Xác Nhận"
ERROR - 2019-10-21 16:15:52 --> Severity: Warning --> Invalid argument supplied for foreach() /home/admin/domains/spshd.com/public_html/khachhang/application/views/app.php 157
ERROR - 2019-10-21 16:15:52 --> Severity: Warning --> Invalid argument supplied for foreach() /home/admin/domains/spshd.com/public_html/khachhang/application/views/app.php 168
ERROR - 2019-10-21 16:15:52 --> Could not find the language line "Đóng"
ERROR - 2019-10-21 16:15:52 --> Could not find the language line "Xác Nhận"
ERROR - 2019-10-21 16:15:52 --> Could not find the language line "Đóng"
ERROR - 2019-10-21 16:15:52 --> Could not find the language line "Xác Nhận"
ERROR - 2019-10-21 17:45:15 --> Could not find the language line "Tạo Điểm Lấy Hàng"
ERROR - 2019-10-21 17:45:15 --> Could not find the language line "Tạo Đơn Hàng"
ERROR - 2019-10-21 17:45:15 --> Severity: Warning --> Invalid argument supplied for foreach() /home/admin/domains/spshd.com/public_html/khachhang/application/views/tab4.php 394
ERROR - 2019-10-21 17:45:15 --> Could not find the language line "Đóng"
ERROR - 2019-10-21 17:45:15 --> Could not find the language line "Xác Nhận"
ERROR - 2019-10-21 17:45:15 --> Severity: Warning --> Invalid argument supplied for foreach() /home/admin/domains/spshd.com/public_html/khachhang/application/views/app.php 157
ERROR - 2019-10-21 17:45:15 --> Severity: Warning --> Invalid argument supplied for foreach() /home/admin/domains/spshd.com/public_html/khachhang/application/views/app.php 168
ERROR - 2019-10-21 17:45:15 --> Could not find the language line "Đóng"
ERROR - 2019-10-21 17:45:15 --> Could not find the language line "Xác Nhận"
ERROR - 2019-10-21 17:45:15 --> Could not find the language line "Đóng"
ERROR - 2019-10-21 17:45:15 --> Could not find the language line "Xác Nhận"
