ERROR - 2020-01-11 01:41:51 --> Could not find the language line "Tạo Điểm Lấy Hàng"
ERROR - 2020-01-11 01:41:51 --> Could not find the language line "Tạo Đơn Hàng"
ERROR - 2020-01-11 01:41:51 --> Severity: Warning --> Invalid argument supplied for foreach() /home/admin/domains/spshd.com/public_html/khachhang/application/views/tab4.php 394
ERROR - 2020-01-11 01:41:51 --> Could not find the language line "Đóng"
ERROR - 2020-01-11 01:41:51 --> Could not find the language line "Xác Nhận"
ERROR - 2020-01-11 01:41:51 --> Severity: Warning --> Invalid argument supplied for foreach() /home/admin/domains/spshd.com/public_html/khachhang/application/views/app.php 157
ERROR - 2020-01-11 01:41:51 --> Severity: Warning --> Invalid argument supplied for foreach() /home/admin/domains/spshd.com/public_html/khachhang/application/views/app.php 168
ERROR - 2020-01-11 01:41:51 --> Could not find the language line "Đóng"
ERROR - 2020-01-11 01:41:51 --> Could not find the language line "Xác Nhận"
ERROR - 2020-01-11 01:41:51 --> Could not find the language line "Đóng"
ERROR - 2020-01-11 01:41:51 --> Could not find the language line "Xác Nhận"
ERROR - 2020-01-11 02:27:09 --> Could not find the language line "Tạo Điểm Lấy Hàng"
ERROR - 2020-01-11 02:27:09 --> Could not find the language line "Tạo Đơn Hàng"
ERROR - 2020-01-11 02:27:09 --> Severity: Warning --> Invalid argument supplied for foreach() /home/admin/domains/spshd.com/public_html/khachhang/application/views/tab4.php 394
ERROR - 2020-01-11 02:27:09 --> Could not find the language line "Đóng"
ERROR - 2020-01-11 02:27:09 --> Could not find the language line "Xác Nhận"
ERROR - 2020-01-11 02:27:09 --> Severity: Warning --> Invalid argument supplied for foreach() /home/admin/domains/spshd.com/public_html/khachhang/application/views/app.php 157
ERROR - 2020-01-11 02:27:09 --> Severity: Warning --> Invalid argument supplied for foreach() /home/admin/domains/spshd.com/public_html/khachhang/application/views/app.php 168
ERROR - 2020-01-11 02:27:09 --> Could not find the language line "Đóng"
ERROR - 2020-01-11 02:27:09 --> Could not find the language line "Xác Nhận"
ERROR - 2020-01-11 02:27:09 --> Could not find the language line "Đóng"
ERROR - 2020-01-11 02:27:09 --> Could not find the language line "Xác Nhận"
ERROR - 2020-01-11 04:18:49 --> Could not find the language line "Tạo Điểm Lấy Hàng"
ERROR - 2020-01-11 04:18:49 --> Could not find the language line "Tạo Đơn Hàng"
ERROR - 2020-01-11 04:18:49 --> Severity: Warning --> Invalid argument supplied for foreach() /home/admin/domains/spshd.com/public_html/khachhang/application/views/tab4.php 394
ERROR - 2020-01-11 04:18:49 --> Could not find the language line "Đóng"
ERROR - 2020-01-11 04:18:49 --> Could not find the language line "Xác Nhận"
ERROR - 2020-01-11 04:18:49 --> Severity: Warning --> Invalid argument supplied for foreach() /home/admin/domains/spshd.com/public_html/khachhang/application/views/app.php 157
ERROR - 2020-01-11 04:18:49 --> Severity: Warning --> Invalid argument supplied for foreach() /home/admin/domains/spshd.com/public_html/khachhang/application/views/app.php 168
ERROR - 2020-01-11 04:18:49 --> Could not find the language line "Đóng"
ERROR - 2020-01-11 04:18:49 --> Could not find the language line "Xác Nhận"
ERROR - 2020-01-11 04:18:49 --> Could not find the language line "Đóng"
ERROR - 2020-01-11 04:18:49 --> Could not find the language line "Xác Nhận"
ERROR - 2020-01-11 05:42:12 --> Could not find the language line "Tạo Điểm Lấy Hàng"
ERROR - 2020-01-11 05:42:12 --> Could not find the language line "Tạo Đơn Hàng"
ERROR - 2020-01-11 05:42:12 --> Severity: Warning --> Invalid argument supplied for foreach() /home/admin/domains/spshd.com/public_html/khachhang/application/views/tab4.php 394
ERROR - 2020-01-11 05:42:12 --> Could not find the language line "Đóng"
ERROR - 2020-01-11 05:42:12 --> Could not find the language line "Xác Nhận"
ERROR - 2020-01-11 05:42:12 --> Severity: Warning --> Invalid argument supplied for foreach() /home/admin/domains/spshd.com/public_html/khachhang/application/views/app.php 157
ERROR - 2020-01-11 05:42:12 --> Severity: Warning --> Invalid argument supplied for foreach() /home/admin/domains/spshd.com/public_html/khachhang/application/views/app.php 168
ERROR - 2020-01-11 05:42:12 --> Could not find the language line "Đóng"
ERROR - 2020-01-11 05:42:12 --> Could not find the language line "Xác Nhận"
ERROR - 2020-01-11 05:42:12 --> Could not find the language line "Đóng"
ERROR - 2020-01-11 05:42:12 --> Could not find the language line "Xác Nhận"
ERROR - 2020-01-11 08:48:51 --> Could not find the language line "Tạo Điểm Lấy Hàng"
ERROR - 2020-01-11 08:48:51 --> Could not find the language line "Tạo Đơn Hàng"
ERROR - 2020-01-11 08:48:51 --> Severity: Warning --> Invalid argument supplied for foreach() /home/admin/domains/spshd.com/public_html/khachhang/application/views/tab4.php 394
ERROR - 2020-01-11 08:48:51 --> Could not find the language line "Đóng"
ERROR - 2020-01-11 08:48:51 --> Could not find the language line "Xác Nhận"
ERROR - 2020-01-11 08:48:51 --> Severity: Warning --> Invalid argument supplied for foreach() /home/admin/domains/spshd.com/public_html/khachhang/application/views/app.php 157
ERROR - 2020-01-11 08:48:51 --> Severity: Warning --> Invalid argument supplied for foreach() /home/admin/domains/spshd.com/public_html/khachhang/application/views/app.php 168
ERROR - 2020-01-11 08:48:51 --> Could not find the language line "Đóng"
ERROR - 2020-01-11 08:48:51 --> Could not find the language line "Xác Nhận"
ERROR - 2020-01-11 08:48:51 --> Could not find the language line "Đóng"
ERROR - 2020-01-11 08:48:51 --> Could not find the language line "Xác Nhận"
ERROR - 2020-01-11 08:48:51 --> Could not find the language line "Tạo Điểm Lấy Hàng"
ERROR - 2020-01-11 08:48:51 --> Could not find the language line "Tạo Đơn Hàng"
ERROR - 2020-01-11 08:48:51 --> Severity: Warning --> Invalid argument supplied for foreach() /home/admin/domains/spshd.com/public_html/khachhang/application/views/tab4.php 394
ERROR - 2020-01-11 08:48:51 --> Could not find the language line "Đóng"
ERROR - 2020-01-11 08:48:51 --> Could not find the language line "Xác Nhận"
ERROR - 2020-01-11 08:48:51 --> Severity: Warning --> Invalid argument supplied for foreach() /home/admin/domains/spshd.com/public_html/khachhang/application/views/app.php 157
ERROR - 2020-01-11 08:48:51 --> Severity: Warning --> Invalid argument supplied for foreach() /home/admin/domains/spshd.com/public_html/khachhang/application/views/app.php 168
ERROR - 2020-01-11 08:48:51 --> Could not find the language line "Đóng"
ERROR - 2020-01-11 08:48:51 --> Could not find the language line "Xác Nhận"
ERROR - 2020-01-11 08:48:51 --> Could not find the language line "Đóng"
ERROR - 2020-01-11 08:48:51 --> Could not find the language line "Xác Nhận"
ERROR - 2020-01-11 08:48:51 --> Could not find the language line "Tạo Điểm Lấy Hàng"
ERROR - 2020-01-11 08:48:51 --> Could not find the language line "Tạo Đơn Hàng"
ERROR - 2020-01-11 08:48:51 --> Severity: Warning --> Invalid argument supplied for foreach() /home/admin/domains/spshd.com/public_html/khachhang/application/views/tab4.php 394
ERROR - 2020-01-11 08:48:51 --> Could not find the language line "Đóng"
ERROR - 2020-01-11 08:48:51 --> Could not find the language line "Xác Nhận"
ERROR - 2020-01-11 08:48:51 --> Severity: Warning --> Invalid argument supplied for foreach() /home/admin/domains/spshd.com/public_html/khachhang/application/views/app.php 157
ERROR - 2020-01-11 08:48:51 --> Severity: Warning --> Invalid argument supplied for foreach() /home/admin/domains/spshd.com/public_html/khachhang/application/views/app.php 168
ERROR - 2020-01-11 08:48:51 --> Could not find the language line "Đóng"
ERROR - 2020-01-11 08:48:51 --> Could not find the language line "Xác Nhận"
ERROR - 2020-01-11 08:48:51 --> Could not find the language line "Đóng"
ERROR - 2020-01-11 08:48:51 --> Could not find the language line "Xác Nhận"
ERROR - 2020-01-11 10:26:13 --> Could not find the language line "Tạo Điểm Lấy Hàng"
ERROR - 2020-01-11 10:26:13 --> Could not find the language line "Tạo Đơn Hàng"
ERROR - 2020-01-11 10:26:13 --> Severity: Warning --> Invalid argument supplied for foreach() /home/admin/domains/spshd.com/public_html/khachhang/application/views/tab4.php 394
ERROR - 2020-01-11 10:26:13 --> Could not find the language line "Đóng"
ERROR - 2020-01-11 10:26:13 --> Could not find the language line "Xác Nhận"
ERROR - 2020-01-11 10:26:13 --> Severity: Warning --> Invalid argument supplied for foreach() /home/admin/domains/spshd.com/public_html/khachhang/application/views/app.php 157
ERROR - 2020-01-11 10:26:13 --> Severity: Warning --> Invalid argument supplied for foreach() /home/admin/domains/spshd.com/public_html/khachhang/application/views/app.php 168
ERROR - 2020-01-11 10:26:13 --> Could not find the language line "Đóng"
ERROR - 2020-01-11 10:26:13 --> Could not find the language line "Xác Nhận"
ERROR - 2020-01-11 10:26:13 --> Could not find the language line "Đóng"
ERROR - 2020-01-11 10:26:13 --> Could not find the language line "Xác Nhận"
ERROR - 2020-01-11 12:41:02 --> Could not find the language line "Email"
ERROR - 2020-01-11 12:41:02 --> Could not find the language line "password"
ERROR - 2020-01-11 17:01:33 --> Could not find the language line "Email"
ERROR - 2020-01-11 17:01:33 --> Could not find the language line "password"
ERROR - 2020-01-11 17:04:52 --> Could not find the language line "Email"
ERROR - 2020-01-11 17:04:52 --> Could not find the language line "password"
