ERROR - 2020-06-16 00:16:48 --> Could not find the language line "Email"
ERROR - 2020-06-16 00:16:48 --> Could not find the language line "password"
ERROR - 2020-06-16 00:23:35 --> Could not find the language line "Email"
ERROR - 2020-06-16 00:23:35 --> Could not find the language line "password"
ERROR - 2020-06-16 06:53:36 --> Could not find the language line "Tạo Điểm Lấy Hàng"
ERROR - 2020-06-16 06:53:36 --> Could not find the language line "Tạo Đơn Hàng"
ERROR - 2020-06-16 06:53:36 --> Could not find the language line "Tải Excel"
ERROR - 2020-06-16 06:53:36 --> Could not find the language line "Đóng"
ERROR - 2020-06-16 06:53:36 --> Could not find the language line "Xác Nhận"
ERROR - 2020-06-16 06:53:36 --> Severity: Warning --> Invalid argument supplied for foreach() /home/admin/domains/spshd.com/public_html/khachhang/application/views/app.php 162
ERROR - 2020-06-16 06:53:36 --> Severity: Warning --> Invalid argument supplied for foreach() /home/admin/domains/spshd.com/public_html/khachhang/application/views/app.php 173
ERROR - 2020-06-16 06:53:36 --> Could not find the language line "Đóng"
ERROR - 2020-06-16 06:53:36 --> Could not find the language line "Xác Nhận"
ERROR - 2020-06-16 06:53:36 --> Could not find the language line "Đóng"
ERROR - 2020-06-16 06:53:36 --> Could not find the language line "Xác Nhận"
ERROR - 2020-06-16 06:53:36 --> Could not find the language line "Đóng"
ERROR - 2020-06-16 06:53:36 --> Could not find the language line "Tải"
ERROR - 2020-06-16 08:18:59 --> Could not find the language line "Tạo Điểm Lấy Hàng"
ERROR - 2020-06-16 08:18:59 --> Could not find the language line "Tạo Đơn Hàng"
ERROR - 2020-06-16 08:18:59 --> Could not find the language line "Tải Excel"
ERROR - 2020-06-16 08:18:59 --> Could not find the language line "Đóng"
ERROR - 2020-06-16 08:18:59 --> Could not find the language line "Xác Nhận"
ERROR - 2020-06-16 08:18:59 --> Severity: Warning --> Invalid argument supplied for foreach() /home/admin/domains/spshd.com/public_html/khachhang/application/views/app.php 162
ERROR - 2020-06-16 08:18:59 --> Severity: Warning --> Invalid argument supplied for foreach() /home/admin/domains/spshd.com/public_html/khachhang/application/views/app.php 173
ERROR - 2020-06-16 08:18:59 --> Could not find the language line "Đóng"
ERROR - 2020-06-16 08:18:59 --> Could not find the language line "Xác Nhận"
ERROR - 2020-06-16 08:18:59 --> Could not find the language line "Đóng"
ERROR - 2020-06-16 08:18:59 --> Could not find the language line "Xác Nhận"
ERROR - 2020-06-16 08:18:59 --> Could not find the language line "Đóng"
ERROR - 2020-06-16 08:18:59 --> Could not find the language line "Tải"
ERROR - 2020-06-16 02:30:06 --> Could not find the language line "Email"
ERROR - 2020-06-16 02:30:06 --> Could not find the language line "password"
ERROR - 2020-06-16 02:30:06 --> Could not find the language line "Email"
ERROR - 2020-06-16 02:30:06 --> Could not find the language line "password"
ERROR - 2020-06-16 08:30:24 --> Could not find the language line "Tạo Điểm Lấy Hàng"
ERROR - 2020-06-16 08:30:24 --> Could not find the language line "Tạo Đơn Hàng"
ERROR - 2020-06-16 08:30:24 --> Could not find the language line "Tải Excel"
ERROR - 2020-06-16 08:30:24 --> Could not find the language line "Đóng"
ERROR - 2020-06-16 08:30:24 --> Could not find the language line "Xác Nhận"
ERROR - 2020-06-16 08:30:24 --> Severity: Warning --> Invalid argument supplied for foreach() /home/admin/domains/spshd.com/public_html/khachhang/application/views/app.php 162
ERROR - 2020-06-16 08:30:24 --> Severity: Warning --> Invalid argument supplied for foreach() /home/admin/domains/spshd.com/public_html/khachhang/application/views/app.php 173
ERROR - 2020-06-16 08:30:24 --> Could not find the language line "Đóng"
ERROR - 2020-06-16 08:30:24 --> Could not find the language line "Xác Nhận"
ERROR - 2020-06-16 08:30:24 --> Could not find the language line "Đóng"
ERROR - 2020-06-16 08:30:24 --> Could not find the language line "Xác Nhận"
ERROR - 2020-06-16 08:30:24 --> Could not find the language line "Đóng"
ERROR - 2020-06-16 08:30:24 --> Could not find the language line "Tải"
ERROR - 2020-06-16 08:35:24 --> Could not find the language line "Tạo Điểm Lấy Hàng"
ERROR - 2020-06-16 08:35:24 --> Could not find the language line "Tạo Đơn Hàng"
ERROR - 2020-06-16 08:35:24 --> Could not find the language line "Tải Excel"
ERROR - 2020-06-16 08:35:24 --> Could not find the language line "Đóng"
ERROR - 2020-06-16 08:35:24 --> Could not find the language line "Xác Nhận"
ERROR - 2020-06-16 08:35:24 --> Severity: Warning --> Invalid argument supplied for foreach() /home/admin/domains/spshd.com/public_html/khachhang/application/views/app.php 162
ERROR - 2020-06-16 08:35:24 --> Severity: Warning --> Invalid argument supplied for foreach() /home/admin/domains/spshd.com/public_html/khachhang/application/views/app.php 173
ERROR - 2020-06-16 08:35:24 --> Could not find the language line "Đóng"
ERROR - 2020-06-16 08:35:24 --> Could not find the language line "Xác Nhận"
ERROR - 2020-06-16 08:35:24 --> Could not find the language line "Đóng"
ERROR - 2020-06-16 08:35:24 --> Could not find the language line "Xác Nhận"
ERROR - 2020-06-16 08:35:24 --> Could not find the language line "Đóng"
ERROR - 2020-06-16 08:35:24 --> Could not find the language line "Tải"
ERROR - 2020-06-16 08:38:22 --> Could not find the language line "Tạo Điểm Lấy Hàng"
ERROR - 2020-06-16 08:38:22 --> Could not find the language line "Tạo Đơn Hàng"
ERROR - 2020-06-16 08:38:22 --> Could not find the language line "Tải Excel"
ERROR - 2020-06-16 08:38:22 --> Could not find the language line "Đóng"
ERROR - 2020-06-16 08:38:22 --> Could not find the language line "Xác Nhận"
ERROR - 2020-06-16 08:38:22 --> Severity: Warning --> Invalid argument supplied for foreach() /home/admin/domains/spshd.com/public_html/khachhang/application/views/app.php 162
ERROR - 2020-06-16 08:38:22 --> Severity: Warning --> Invalid argument supplied for foreach() /home/admin/domains/spshd.com/public_html/khachhang/application/views/app.php 173
ERROR - 2020-06-16 08:38:22 --> Could not find the language line "Đóng"
ERROR - 2020-06-16 08:38:22 --> Could not find the language line "Xác Nhận"
ERROR - 2020-06-16 08:38:22 --> Could not find the language line "Đóng"
ERROR - 2020-06-16 08:38:22 --> Could not find the language line "Xác Nhận"
ERROR - 2020-06-16 08:38:22 --> Could not find the language line "Đóng"
ERROR - 2020-06-16 08:38:22 --> Could not find the language line "Tải"
ERROR - 2020-06-16 09:05:06 --> Could not find the language line "Tạo Điểm Lấy Hàng"
ERROR - 2020-06-16 09:05:06 --> Could not find the language line "Tạo Đơn Hàng"
ERROR - 2020-06-16 09:05:06 --> Could not find the language line "Tải Excel"
ERROR - 2020-06-16 09:05:06 --> Could not find the language line "Đóng"
ERROR - 2020-06-16 09:05:06 --> Could not find the language line "Xác Nhận"
ERROR - 2020-06-16 09:05:06 --> Severity: Warning --> Invalid argument supplied for foreach() /home/admin/domains/spshd.com/public_html/khachhang/application/views/app.php 162
ERROR - 2020-06-16 09:05:06 --> Severity: Warning --> Invalid argument supplied for foreach() /home/admin/domains/spshd.com/public_html/khachhang/application/views/app.php 173
ERROR - 2020-06-16 09:05:06 --> Could not find the language line "Đóng"
ERROR - 2020-06-16 09:05:06 --> Could not find the language line "Xác Nhận"
ERROR - 2020-06-16 09:05:06 --> Could not find the language line "Đóng"
ERROR - 2020-06-16 09:05:06 --> Could not find the language line "Xác Nhận"
ERROR - 2020-06-16 09:05:06 --> Could not find the language line "Đóng"
ERROR - 2020-06-16 09:05:06 --> Could not find the language line "Tải"
ERROR - 2020-06-16 10:06:43 --> Could not find the language line "Tạo Điểm Lấy Hàng"
ERROR - 2020-06-16 10:06:43 --> Could not find the language line "Tạo Đơn Hàng"
ERROR - 2020-06-16 10:06:43 --> Could not find the language line "Tải Excel"
ERROR - 2020-06-16 10:06:43 --> Could not find the language line "Đóng"
ERROR - 2020-06-16 10:06:43 --> Could not find the language line "Xác Nhận"
ERROR - 2020-06-16 10:06:43 --> Severity: Warning --> Invalid argument supplied for foreach() /home/admin/domains/spshd.com/public_html/khachhang/application/views/app.php 162
ERROR - 2020-06-16 10:06:43 --> Severity: Warning --> Invalid argument supplied for foreach() /home/admin/domains/spshd.com/public_html/khachhang/application/views/app.php 173
ERROR - 2020-06-16 10:06:43 --> Could not find the language line "Đóng"
ERROR - 2020-06-16 10:06:43 --> Could not find the language line "Xác Nhận"
ERROR - 2020-06-16 10:06:43 --> Could not find the language line "Đóng"
ERROR - 2020-06-16 10:06:43 --> Could not find the language line "Xác Nhận"
ERROR - 2020-06-16 10:06:43 --> Could not find the language line "Đóng"
ERROR - 2020-06-16 10:06:43 --> Could not find the language line "Tải"
ERROR - 2020-06-16 10:07:17 --> Could not find the language line "Tạo Điểm Lấy Hàng"
ERROR - 2020-06-16 10:07:17 --> Could not find the language line "Tạo Đơn Hàng"
ERROR - 2020-06-16 10:07:17 --> Could not find the language line "Tải Excel"
ERROR - 2020-06-16 10:07:17 --> Could not find the language line "Đóng"
ERROR - 2020-06-16 10:07:17 --> Could not find the language line "Xác Nhận"
ERROR - 2020-06-16 10:07:17 --> Severity: Warning --> Invalid argument supplied for foreach() /home/admin/domains/spshd.com/public_html/khachhang/application/views/app.php 162
ERROR - 2020-06-16 10:07:17 --> Severity: Warning --> Invalid argument supplied for foreach() /home/admin/domains/spshd.com/public_html/khachhang/application/views/app.php 173
ERROR - 2020-06-16 10:07:17 --> Could not find the language line "Đóng"
ERROR - 2020-06-16 10:07:17 --> Could not find the language line "Xác Nhận"
ERROR - 2020-06-16 10:07:17 --> Could not find the language line "Đóng"
ERROR - 2020-06-16 10:07:17 --> Could not find the language line "Xác Nhận"
ERROR - 2020-06-16 10:07:17 --> Could not find the language line "Đóng"
ERROR - 2020-06-16 10:07:17 --> Could not find the language line "Tải"
ERROR - 2020-06-16 10:07:57 --> Could not find the language line "Tạo Điểm Lấy Hàng"
ERROR - 2020-06-16 10:07:57 --> Could not find the language line "Tạo Đơn Hàng"
ERROR - 2020-06-16 10:07:57 --> Could not find the language line "Tải Excel"
ERROR - 2020-06-16 10:07:57 --> Could not find the language line "Đóng"
ERROR - 2020-06-16 10:07:57 --> Could not find the language line "Xác Nhận"
ERROR - 2020-06-16 10:07:57 --> Severity: Warning --> Invalid argument supplied for foreach() /home/admin/domains/spshd.com/public_html/khachhang/application/views/app.php 162
ERROR - 2020-06-16 10:07:57 --> Severity: Warning --> Invalid argument supplied for foreach() /home/admin/domains/spshd.com/public_html/khachhang/application/views/app.php 173
ERROR - 2020-06-16 10:07:57 --> Could not find the language line "Đóng"
ERROR - 2020-06-16 10:07:57 --> Could not find the language line "Xác Nhận"
ERROR - 2020-06-16 10:07:57 --> Could not find the language line "Đóng"
ERROR - 2020-06-16 10:07:57 --> Could not find the language line "Xác Nhận"
ERROR - 2020-06-16 10:07:57 --> Could not find the language line "Đóng"
ERROR - 2020-06-16 10:07:57 --> Could not find the language line "Tải"
ERROR - 2020-06-16 10:08:46 --> Could not find the language line "Tạo Điểm Lấy Hàng"
ERROR - 2020-06-16 10:08:46 --> Could not find the language line "Tạo Đơn Hàng"
ERROR - 2020-06-16 10:08:46 --> Could not find the language line "Tải Excel"
ERROR - 2020-06-16 10:08:46 --> Could not find the language line "Đóng"
ERROR - 2020-06-16 10:08:46 --> Could not find the language line "Xác Nhận"
ERROR - 2020-06-16 10:08:46 --> Severity: Warning --> Invalid argument supplied for foreach() /home/admin/domains/spshd.com/public_html/khachhang/application/views/app.php 162
ERROR - 2020-06-16 10:08:46 --> Severity: Warning --> Invalid argument supplied for foreach() /home/admin/domains/spshd.com/public_html/khachhang/application/views/app.php 173
ERROR - 2020-06-16 10:08:46 --> Could not find the language line "Đóng"
ERROR - 2020-06-16 10:08:46 --> Could not find the language line "Xác Nhận"
ERROR - 2020-06-16 10:08:46 --> Could not find the language line "Đóng"
ERROR - 2020-06-16 10:08:46 --> Could not find the language line "Xác Nhận"
ERROR - 2020-06-16 10:08:46 --> Could not find the language line "Đóng"
ERROR - 2020-06-16 10:08:46 --> Could not find the language line "Tải"
ERROR - 2020-06-16 10:19:15 --> Could not find the language line "Tạo Điểm Lấy Hàng"
ERROR - 2020-06-16 10:19:15 --> Could not find the language line "Tạo Đơn Hàng"
ERROR - 2020-06-16 10:19:15 --> Could not find the language line "Tải Excel"
ERROR - 2020-06-16 10:19:15 --> Could not find the language line "Đóng"
ERROR - 2020-06-16 10:19:15 --> Could not find the language line "Xác Nhận"
ERROR - 2020-06-16 10:19:15 --> Severity: Warning --> Invalid argument supplied for foreach() /home/admin/domains/spshd.com/public_html/khachhang/application/views/app.php 162
ERROR - 2020-06-16 10:19:15 --> Severity: Warning --> Invalid argument supplied for foreach() /home/admin/domains/spshd.com/public_html/khachhang/application/views/app.php 173
ERROR - 2020-06-16 10:19:15 --> Could not find the language line "Đóng"
ERROR - 2020-06-16 10:19:15 --> Could not find the language line "Xác Nhận"
ERROR - 2020-06-16 10:19:15 --> Could not find the language line "Đóng"
ERROR - 2020-06-16 10:19:15 --> Could not find the language line "Xác Nhận"
ERROR - 2020-06-16 10:19:15 --> Could not find the language line "Đóng"
ERROR - 2020-06-16 10:19:15 --> Could not find the language line "Tải"
ERROR - 2020-06-16 10:28:43 --> Could not find the language line "Tạo Điểm Lấy Hàng"
ERROR - 2020-06-16 10:28:43 --> Could not find the language line "Tạo Đơn Hàng"
ERROR - 2020-06-16 10:28:43 --> Could not find the language line "Tải Excel"
ERROR - 2020-06-16 10:28:43 --> Could not find the language line "Đóng"
ERROR - 2020-06-16 10:28:43 --> Could not find the language line "Xác Nhận"
ERROR - 2020-06-16 10:28:43 --> Severity: Warning --> Invalid argument supplied for foreach() /home/admin/domains/spshd.com/public_html/khachhang/application/views/app.php 162
ERROR - 2020-06-16 10:28:43 --> Severity: Warning --> Invalid argument supplied for foreach() /home/admin/domains/spshd.com/public_html/khachhang/application/views/app.php 173
ERROR - 2020-06-16 10:28:43 --> Could not find the language line "Đóng"
ERROR - 2020-06-16 10:28:43 --> Could not find the language line "Xác Nhận"
ERROR - 2020-06-16 10:28:43 --> Could not find the language line "Đóng"
ERROR - 2020-06-16 10:28:43 --> Could not find the language line "Xác Nhận"
ERROR - 2020-06-16 10:28:43 --> Could not find the language line "Đóng"
ERROR - 2020-06-16 10:28:43 --> Could not find the language line "Tải"
ERROR - 2020-06-16 11:25:06 --> Could not find the language line "Tạo Điểm Lấy Hàng"
ERROR - 2020-06-16 11:25:06 --> Could not find the language line "Tạo Đơn Hàng"
ERROR - 2020-06-16 11:25:06 --> Could not find the language line "Tải Excel"
ERROR - 2020-06-16 11:25:06 --> Could not find the language line "Đóng"
ERROR - 2020-06-16 11:25:06 --> Could not find the language line "Xác Nhận"
ERROR - 2020-06-16 11:25:06 --> Severity: Warning --> Invalid argument supplied for foreach() /home/admin/domains/spshd.com/public_html/khachhang/application/views/app.php 162
ERROR - 2020-06-16 11:25:06 --> Severity: Warning --> Invalid argument supplied for foreach() /home/admin/domains/spshd.com/public_html/khachhang/application/views/app.php 173
ERROR - 2020-06-16 11:25:06 --> Could not find the language line "Đóng"
ERROR - 2020-06-16 11:25:06 --> Could not find the language line "Xác Nhận"
ERROR - 2020-06-16 11:25:06 --> Could not find the language line "Đóng"
ERROR - 2020-06-16 11:25:06 --> Could not find the language line "Xác Nhận"
ERROR - 2020-06-16 11:25:06 --> Could not find the language line "Đóng"
ERROR - 2020-06-16 11:25:06 --> Could not find the language line "Tải"
ERROR - 2020-06-16 11:33:53 --> Could not find the language line "Tạo Điểm Lấy Hàng"
ERROR - 2020-06-16 11:33:53 --> Could not find the language line "Tạo Đơn Hàng"
ERROR - 2020-06-16 11:33:53 --> Could not find the language line "Tải Excel"
ERROR - 2020-06-16 11:33:53 --> Could not find the language line "Đóng"
ERROR - 2020-06-16 11:33:53 --> Could not find the language line "Xác Nhận"
ERROR - 2020-06-16 11:33:53 --> Severity: Warning --> Invalid argument supplied for foreach() /home/admin/domains/spshd.com/public_html/khachhang/application/views/app.php 162
ERROR - 2020-06-16 11:33:53 --> Severity: Warning --> Invalid argument supplied for foreach() /home/admin/domains/spshd.com/public_html/khachhang/application/views/app.php 173
ERROR - 2020-06-16 11:33:53 --> Could not find the language line "Đóng"
ERROR - 2020-06-16 11:33:53 --> Could not find the language line "Xác Nhận"
ERROR - 2020-06-16 11:33:53 --> Could not find the language line "Đóng"
ERROR - 2020-06-16 11:33:53 --> Could not find the language line "Xác Nhận"
ERROR - 2020-06-16 11:33:53 --> Could not find the language line "Đóng"
ERROR - 2020-06-16 11:33:53 --> Could not find the language line "Tải"
ERROR - 2020-06-16 11:33:53 --> Could not find the language line "Tạo Điểm Lấy Hàng"
ERROR - 2020-06-16 11:33:53 --> Could not find the language line "Tạo Đơn Hàng"
ERROR - 2020-06-16 11:33:53 --> Could not find the language line "Tải Excel"
ERROR - 2020-06-16 11:33:53 --> Could not find the language line "Đóng"
ERROR - 2020-06-16 11:33:53 --> Could not find the language line "Xác Nhận"
ERROR - 2020-06-16 11:33:53 --> Severity: Warning --> Invalid argument supplied for foreach() /home/admin/domains/spshd.com/public_html/khachhang/application/views/app.php 162
ERROR - 2020-06-16 11:33:53 --> Severity: Warning --> Invalid argument supplied for foreach() /home/admin/domains/spshd.com/public_html/khachhang/application/views/app.php 173
ERROR - 2020-06-16 11:33:53 --> Could not find the language line "Đóng"
ERROR - 2020-06-16 11:33:53 --> Could not find the language line "Xác Nhận"
ERROR - 2020-06-16 11:33:53 --> Could not find the language line "Đóng"
ERROR - 2020-06-16 11:33:53 --> Could not find the language line "Xác Nhận"
ERROR - 2020-06-16 11:33:53 --> Could not find the language line "Đóng"
ERROR - 2020-06-16 11:33:53 --> Could not find the language line "Tải"
ERROR - 2020-06-16 12:46:52 --> Could not find the language line "Tạo Điểm Lấy Hàng"
ERROR - 2020-06-16 12:46:52 --> Could not find the language line "Tạo Đơn Hàng"
ERROR - 2020-06-16 12:46:52 --> Could not find the language line "Tải Excel"
ERROR - 2020-06-16 12:46:52 --> Could not find the language line "Đóng"
ERROR - 2020-06-16 12:46:52 --> Could not find the language line "Xác Nhận"
ERROR - 2020-06-16 12:46:52 --> Severity: Warning --> Invalid argument supplied for foreach() /home/admin/domains/spshd.com/public_html/khachhang/application/views/app.php 162
ERROR - 2020-06-16 12:46:52 --> Severity: Warning --> Invalid argument supplied for foreach() /home/admin/domains/spshd.com/public_html/khachhang/application/views/app.php 173
ERROR - 2020-06-16 12:46:52 --> Could not find the language line "Đóng"
ERROR - 2020-06-16 12:46:52 --> Could not find the language line "Xác Nhận"
ERROR - 2020-06-16 12:46:52 --> Could not find the language line "Đóng"
ERROR - 2020-06-16 12:46:52 --> Could not find the language line "Xác Nhận"
ERROR - 2020-06-16 12:46:52 --> Could not find the language line "Đóng"
ERROR - 2020-06-16 12:46:52 --> Could not find the language line "Tải"
ERROR - 2020-06-16 12:46:52 --> Could not find the language line "Tạo Điểm Lấy Hàng"
ERROR - 2020-06-16 12:46:52 --> Could not find the language line "Tạo Đơn Hàng"
ERROR - 2020-06-16 12:46:52 --> Could not find the language line "Tải Excel"
ERROR - 2020-06-16 12:46:52 --> Could not find the language line "Đóng"
ERROR - 2020-06-16 12:46:52 --> Could not find the language line "Xác Nhận"
ERROR - 2020-06-16 12:46:52 --> Severity: Warning --> Invalid argument supplied for foreach() /home/admin/domains/spshd.com/public_html/khachhang/application/views/app.php 162
ERROR - 2020-06-16 12:46:52 --> Severity: Warning --> Invalid argument supplied for foreach() /home/admin/domains/spshd.com/public_html/khachhang/application/views/app.php 173
ERROR - 2020-06-16 12:46:52 --> Could not find the language line "Đóng"
ERROR - 2020-06-16 12:46:52 --> Could not find the language line "Xác Nhận"
ERROR - 2020-06-16 12:46:52 --> Could not find the language line "Đóng"
ERROR - 2020-06-16 12:46:52 --> Could not find the language line "Xác Nhận"
ERROR - 2020-06-16 12:46:52 --> Could not find the language line "Đóng"
ERROR - 2020-06-16 12:46:52 --> Could not find the language line "Tải"
ERROR - 2020-06-16 13:29:14 --> Could not find the language line "Tạo Điểm Lấy Hàng"
ERROR - 2020-06-16 13:29:14 --> Could not find the language line "Tạo Đơn Hàng"
ERROR - 2020-06-16 13:29:14 --> Could not find the language line "Tải Excel"
ERROR - 2020-06-16 13:29:14 --> Could not find the language line "Đóng"
ERROR - 2020-06-16 13:29:14 --> Could not find the language line "Xác Nhận"
ERROR - 2020-06-16 13:29:14 --> Severity: Warning --> Invalid argument supplied for foreach() /home/admin/domains/spshd.com/public_html/khachhang/application/views/app.php 162
ERROR - 2020-06-16 13:29:14 --> Severity: Warning --> Invalid argument supplied for foreach() /home/admin/domains/spshd.com/public_html/khachhang/application/views/app.php 173
ERROR - 2020-06-16 13:29:14 --> Could not find the language line "Đóng"
ERROR - 2020-06-16 13:29:14 --> Could not find the language line "Xác Nhận"
ERROR - 2020-06-16 13:29:14 --> Could not find the language line "Đóng"
ERROR - 2020-06-16 13:29:14 --> Could not find the language line "Xác Nhận"
ERROR - 2020-06-16 13:29:14 --> Could not find the language line "Đóng"
ERROR - 2020-06-16 13:29:14 --> Could not find the language line "Tải"
ERROR - 2020-06-16 13:34:41 --> Could not find the language line "Tạo Điểm Lấy Hàng"
ERROR - 2020-06-16 13:34:41 --> Could not find the language line "Tạo Đơn Hàng"
ERROR - 2020-06-16 13:34:41 --> Could not find the language line "Tải Excel"
ERROR - 2020-06-16 13:34:41 --> Could not find the language line "Đóng"
ERROR - 2020-06-16 13:34:41 --> Could not find the language line "Xác Nhận"
ERROR - 2020-06-16 13:34:41 --> Severity: Warning --> Invalid argument supplied for foreach() /home/admin/domains/spshd.com/public_html/khachhang/application/views/app.php 162
ERROR - 2020-06-16 13:34:41 --> Severity: Warning --> Invalid argument supplied for foreach() /home/admin/domains/spshd.com/public_html/khachhang/application/views/app.php 173
ERROR - 2020-06-16 13:34:41 --> Could not find the language line "Đóng"
ERROR - 2020-06-16 13:34:41 --> Could not find the language line "Xác Nhận"
ERROR - 2020-06-16 13:34:41 --> Could not find the language line "Đóng"
ERROR - 2020-06-16 13:34:41 --> Could not find the language line "Xác Nhận"
ERROR - 2020-06-16 13:34:41 --> Could not find the language line "Đóng"
ERROR - 2020-06-16 13:34:41 --> Could not find the language line "Tải"
ERROR - 2020-06-16 13:42:05 --> Could not find the language line "Tạo Điểm Lấy Hàng"
ERROR - 2020-06-16 13:42:05 --> Could not find the language line "Tạo Đơn Hàng"
ERROR - 2020-06-16 13:42:05 --> Could not find the language line "Tải Excel"
ERROR - 2020-06-16 13:42:05 --> Could not find the language line "Đóng"
ERROR - 2020-06-16 13:42:05 --> Could not find the language line "Xác Nhận"
ERROR - 2020-06-16 13:42:05 --> Severity: Warning --> Invalid argument supplied for foreach() /home/admin/domains/spshd.com/public_html/khachhang/application/views/app.php 162
ERROR - 2020-06-16 13:42:05 --> Severity: Warning --> Invalid argument supplied for foreach() /home/admin/domains/spshd.com/public_html/khachhang/application/views/app.php 173
ERROR - 2020-06-16 13:42:05 --> Could not find the language line "Đóng"
ERROR - 2020-06-16 13:42:05 --> Could not find the language line "Xác Nhận"
ERROR - 2020-06-16 13:42:05 --> Could not find the language line "Đóng"
ERROR - 2020-06-16 13:42:05 --> Could not find the language line "Xác Nhận"
ERROR - 2020-06-16 13:42:05 --> Could not find the language line "Đóng"
ERROR - 2020-06-16 13:42:05 --> Could not find the language line "Tải"
ERROR - 2020-06-16 14:02:42 --> Could not find the language line "Tạo Điểm Lấy Hàng"
ERROR - 2020-06-16 14:02:42 --> Could not find the language line "Tạo Đơn Hàng"
ERROR - 2020-06-16 14:02:42 --> Could not find the language line "Tải Excel"
ERROR - 2020-06-16 14:02:42 --> Could not find the language line "Đóng"
ERROR - 2020-06-16 14:02:42 --> Could not find the language line "Xác Nhận"
ERROR - 2020-06-16 14:02:42 --> Severity: Warning --> Invalid argument supplied for foreach() /home/admin/domains/spshd.com/public_html/khachhang/application/views/app.php 162
ERROR - 2020-06-16 14:02:42 --> Severity: Warning --> Invalid argument supplied for foreach() /home/admin/domains/spshd.com/public_html/khachhang/application/views/app.php 173
ERROR - 2020-06-16 14:02:42 --> Could not find the language line "Đóng"
ERROR - 2020-06-16 14:02:42 --> Could not find the language line "Xác Nhận"
ERROR - 2020-06-16 14:02:42 --> Could not find the language line "Đóng"
ERROR - 2020-06-16 14:02:42 --> Could not find the language line "Xác Nhận"
ERROR - 2020-06-16 14:02:42 --> Could not find the language line "Đóng"
ERROR - 2020-06-16 14:02:42 --> Could not find the language line "Tải"
ERROR - 2020-06-16 08:20:12 --> Could not find the language line "Email"
ERROR - 2020-06-16 08:20:12 --> Could not find the language line "password"
ERROR - 2020-06-16 14:20:42 --> Could not find the language line "Tạo Điểm Lấy Hàng"
ERROR - 2020-06-16 14:20:42 --> Could not find the language line "Tạo Đơn Hàng"
ERROR - 2020-06-16 14:20:42 --> Could not find the language line "Tải Excel"
ERROR - 2020-06-16 14:20:42 --> Could not find the language line "Đóng"
ERROR - 2020-06-16 14:20:42 --> Could not find the language line "Xác Nhận"
ERROR - 2020-06-16 14:20:42 --> Severity: Warning --> Invalid argument supplied for foreach() /home/admin/domains/spshd.com/public_html/khachhang/application/views/app.php 162
ERROR - 2020-06-16 14:20:42 --> Severity: Warning --> Invalid argument supplied for foreach() /home/admin/domains/spshd.com/public_html/khachhang/application/views/app.php 173
ERROR - 2020-06-16 14:20:42 --> Could not find the language line "Đóng"
ERROR - 2020-06-16 14:20:42 --> Could not find the language line "Xác Nhận"
ERROR - 2020-06-16 14:20:42 --> Could not find the language line "Đóng"
ERROR - 2020-06-16 14:20:42 --> Could not find the language line "Xác Nhận"
ERROR - 2020-06-16 14:20:42 --> Could not find the language line "Đóng"
ERROR - 2020-06-16 14:20:42 --> Could not find the language line "Tải"
ERROR - 2020-06-16 14:21:45 --> Could not find the language line "Tạo Điểm Lấy Hàng"
ERROR - 2020-06-16 14:21:45 --> Could not find the language line "Tạo Đơn Hàng"
ERROR - 2020-06-16 14:21:45 --> Could not find the language line "Tải Excel"
ERROR - 2020-06-16 14:21:45 --> Could not find the language line "Đóng"
ERROR - 2020-06-16 14:21:45 --> Could not find the language line "Xác Nhận"
ERROR - 2020-06-16 14:21:45 --> Severity: Warning --> Invalid argument supplied for foreach() /home/admin/domains/spshd.com/public_html/khachhang/application/views/app.php 162
ERROR - 2020-06-16 14:21:45 --> Severity: Warning --> Invalid argument supplied for foreach() /home/admin/domains/spshd.com/public_html/khachhang/application/views/app.php 173
ERROR - 2020-06-16 14:21:45 --> Could not find the language line "Đóng"
ERROR - 2020-06-16 14:21:45 --> Could not find the language line "Xác Nhận"
ERROR - 2020-06-16 14:21:45 --> Could not find the language line "Đóng"
ERROR - 2020-06-16 14:21:45 --> Could not find the language line "Xác Nhận"
ERROR - 2020-06-16 14:21:45 --> Could not find the language line "Đóng"
ERROR - 2020-06-16 14:21:45 --> Could not find the language line "Tải"
ERROR - 2020-06-16 14:36:56 --> Could not find the language line "Tạo Điểm Lấy Hàng"
ERROR - 2020-06-16 14:36:56 --> Could not find the language line "Tạo Đơn Hàng"
ERROR - 2020-06-16 14:36:56 --> Could not find the language line "Tải Excel"
ERROR - 2020-06-16 14:36:56 --> Could not find the language line "Đóng"
ERROR - 2020-06-16 14:36:56 --> Could not find the language line "Xác Nhận"
ERROR - 2020-06-16 14:36:56 --> Severity: Warning --> Invalid argument supplied for foreach() /home/admin/domains/spshd.com/public_html/khachhang/application/views/app.php 162
ERROR - 2020-06-16 14:36:56 --> Severity: Warning --> Invalid argument supplied for foreach() /home/admin/domains/spshd.com/public_html/khachhang/application/views/app.php 173
ERROR - 2020-06-16 14:36:56 --> Could not find the language line "Đóng"
ERROR - 2020-06-16 14:36:56 --> Could not find the language line "Xác Nhận"
ERROR - 2020-06-16 14:36:56 --> Could not find the language line "Đóng"
ERROR - 2020-06-16 14:36:56 --> Could not find the language line "Xác Nhận"
ERROR - 2020-06-16 14:36:56 --> Could not find the language line "Đóng"
ERROR - 2020-06-16 14:36:56 --> Could not find the language line "Tải"
ERROR - 2020-06-16 08:55:45 --> Could not find the language line "Email"
ERROR - 2020-06-16 08:55:45 --> Could not find the language line "password"
ERROR - 2020-06-16 15:24:36 --> Could not find the language line "Tạo Điểm Lấy Hàng"
ERROR - 2020-06-16 15:24:36 --> Could not find the language line "Tạo Đơn Hàng"
ERROR - 2020-06-16 15:24:36 --> Could not find the language line "Tải Excel"
ERROR - 2020-06-16 15:24:36 --> Could not find the language line "Đóng"
ERROR - 2020-06-16 15:24:36 --> Could not find the language line "Xác Nhận"
ERROR - 2020-06-16 15:24:36 --> Could not find the language line "Tạo Điểm Lấy Hàng"
ERROR - 2020-06-16 15:24:36 --> Severity: Warning --> Invalid argument supplied for foreach() /home/admin/domains/spshd.com/public_html/khachhang/application/views/app.php 162
ERROR - 2020-06-16 15:24:36 --> Could not find the language line "Tạo Đơn Hàng"
ERROR - 2020-06-16 15:24:36 --> Could not find the language line "Tải Excel"
ERROR - 2020-06-16 15:24:36 --> Severity: Warning --> Invalid argument supplied for foreach() /home/admin/domains/spshd.com/public_html/khachhang/application/views/app.php 173
ERROR - 2020-06-16 15:24:36 --> Could not find the language line "Đóng"
ERROR - 2020-06-16 15:24:36 --> Could not find the language line "Đóng"
ERROR - 2020-06-16 15:24:36 --> Could not find the language line "Xác Nhận"
ERROR - 2020-06-16 15:24:36 --> Could not find the language line "Xác Nhận"
ERROR - 2020-06-16 15:24:36 --> Could not find the language line "Đóng"
ERROR - 2020-06-16 15:24:36 --> Could not find the language line "Xác Nhận"
ERROR - 2020-06-16 15:24:36 --> Could not find the language line "Đóng"
ERROR - 2020-06-16 15:24:36 --> Could not find the language line "Tải"
ERROR - 2020-06-16 15:24:36 --> Severity: Warning --> Invalid argument supplied for foreach() /home/admin/domains/spshd.com/public_html/khachhang/application/views/app.php 162
ERROR - 2020-06-16 15:24:36 --> Severity: Warning --> Invalid argument supplied for foreach() /home/admin/domains/spshd.com/public_html/khachhang/application/views/app.php 173
ERROR - 2020-06-16 15:24:36 --> Could not find the language line "Đóng"
ERROR - 2020-06-16 15:24:36 --> Could not find the language line "Xác Nhận"
ERROR - 2020-06-16 15:24:36 --> Could not find the language line "Đóng"
ERROR - 2020-06-16 15:24:36 --> Could not find the language line "Xác Nhận"
ERROR - 2020-06-16 15:24:36 --> Could not find the language line "Đóng"
ERROR - 2020-06-16 15:24:36 --> Could not find the language line "Tải"
ERROR - 2020-06-16 15:28:22 --> Could not find the language line "Tạo Điểm Lấy Hàng"
ERROR - 2020-06-16 15:28:22 --> Could not find the language line "Tạo Đơn Hàng"
ERROR - 2020-06-16 15:28:22 --> Could not find the language line "Tải Excel"
ERROR - 2020-06-16 15:28:22 --> Could not find the language line "Đóng"
ERROR - 2020-06-16 15:28:22 --> Could not find the language line "Xác Nhận"
ERROR - 2020-06-16 15:28:22 --> Severity: Warning --> Invalid argument supplied for foreach() /home/admin/domains/spshd.com/public_html/khachhang/application/views/app.php 162
ERROR - 2020-06-16 15:28:22 --> Severity: Warning --> Invalid argument supplied for foreach() /home/admin/domains/spshd.com/public_html/khachhang/application/views/app.php 173
ERROR - 2020-06-16 15:28:22 --> Could not find the language line "Đóng"
ERROR - 2020-06-16 15:28:22 --> Could not find the language line "Xác Nhận"
ERROR - 2020-06-16 15:28:22 --> Could not find the language line "Đóng"
ERROR - 2020-06-16 15:28:22 --> Could not find the language line "Xác Nhận"
ERROR - 2020-06-16 15:28:22 --> Could not find the language line "Đóng"
ERROR - 2020-06-16 15:28:22 --> Could not find the language line "Tải"
ERROR - 2020-06-16 15:28:25 --> Could not find the language line "Tạo Điểm Lấy Hàng"
ERROR - 2020-06-16 15:28:25 --> Could not find the language line "Tạo Đơn Hàng"
ERROR - 2020-06-16 15:28:25 --> Could not find the language line "Tải Excel"
ERROR - 2020-06-16 15:28:25 --> Could not find the language line "Đóng"
ERROR - 2020-06-16 15:28:25 --> Could not find the language line "Xác Nhận"
ERROR - 2020-06-16 15:28:25 --> Severity: Warning --> Invalid argument supplied for foreach() /home/admin/domains/spshd.com/public_html/khachhang/application/views/app.php 162
ERROR - 2020-06-16 15:28:25 --> Severity: Warning --> Invalid argument supplied for foreach() /home/admin/domains/spshd.com/public_html/khachhang/application/views/app.php 173
ERROR - 2020-06-16 15:28:25 --> Could not find the language line "Đóng"
ERROR - 2020-06-16 15:28:25 --> Could not find the language line "Xác Nhận"
ERROR - 2020-06-16 15:28:25 --> Could not find the language line "Đóng"
ERROR - 2020-06-16 15:28:25 --> Could not find the language line "Xác Nhận"
ERROR - 2020-06-16 15:28:25 --> Could not find the language line "Đóng"
ERROR - 2020-06-16 15:28:25 --> Could not find the language line "Tải"
ERROR - 2020-06-16 15:29:54 --> Could not find the language line "Tạo Điểm Lấy Hàng"
ERROR - 2020-06-16 15:29:54 --> Could not find the language line "Tạo Đơn Hàng"
ERROR - 2020-06-16 15:29:54 --> Could not find the language line "Tải Excel"
ERROR - 2020-06-16 15:29:54 --> Could not find the language line "Đóng"
ERROR - 2020-06-16 15:29:54 --> Could not find the language line "Xác Nhận"
ERROR - 2020-06-16 15:29:54 --> Severity: Warning --> Invalid argument supplied for foreach() /home/admin/domains/spshd.com/public_html/khachhang/application/views/app.php 162
ERROR - 2020-06-16 15:29:54 --> Severity: Warning --> Invalid argument supplied for foreach() /home/admin/domains/spshd.com/public_html/khachhang/application/views/app.php 173
ERROR - 2020-06-16 15:29:54 --> Could not find the language line "Đóng"
ERROR - 2020-06-16 15:29:54 --> Could not find the language line "Xác Nhận"
ERROR - 2020-06-16 15:29:54 --> Could not find the language line "Đóng"
ERROR - 2020-06-16 15:29:54 --> Could not find the language line "Xác Nhận"
ERROR - 2020-06-16 15:29:54 --> Could not find the language line "Đóng"
ERROR - 2020-06-16 15:29:54 --> Could not find the language line "Tải"
ERROR - 2020-06-16 09:37:06 --> Could not find the language line "Email"
ERROR - 2020-06-16 09:37:06 --> Could not find the language line "password"
ERROR - 2020-06-16 16:02:15 --> Could not find the language line "Tạo Điểm Lấy Hàng"
ERROR - 2020-06-16 16:02:15 --> Could not find the language line "Tạo Đơn Hàng"
ERROR - 2020-06-16 16:02:15 --> Could not find the language line "Tải Excel"
ERROR - 2020-06-16 16:02:15 --> Could not find the language line "Đóng"
ERROR - 2020-06-16 16:02:15 --> Could not find the language line "Xác Nhận"
ERROR - 2020-06-16 16:02:15 --> Severity: Warning --> Invalid argument supplied for foreach() /home/admin/domains/spshd.com/public_html/khachhang/application/views/app.php 162
ERROR - 2020-06-16 16:02:15 --> Severity: Warning --> Invalid argument supplied for foreach() /home/admin/domains/spshd.com/public_html/khachhang/application/views/app.php 173
ERROR - 2020-06-16 16:02:15 --> Could not find the language line "Đóng"
ERROR - 2020-06-16 16:02:15 --> Could not find the language line "Xác Nhận"
ERROR - 2020-06-16 16:02:15 --> Could not find the language line "Đóng"
ERROR - 2020-06-16 16:02:15 --> Could not find the language line "Xác Nhận"
ERROR - 2020-06-16 16:02:15 --> Could not find the language line "Đóng"
ERROR - 2020-06-16 16:02:15 --> Could not find the language line "Tải"
ERROR - 2020-06-16 16:03:05 --> Could not find the language line "Tạo Điểm Lấy Hàng"
ERROR - 2020-06-16 16:03:05 --> Could not find the language line "Tạo Đơn Hàng"
ERROR - 2020-06-16 16:03:05 --> Could not find the language line "Tải Excel"
ERROR - 2020-06-16 16:03:05 --> Could not find the language line "Đóng"
ERROR - 2020-06-16 16:03:05 --> Could not find the language line "Xác Nhận"
ERROR - 2020-06-16 16:03:05 --> Severity: Warning --> Invalid argument supplied for foreach() /home/admin/domains/spshd.com/public_html/khachhang/application/views/app.php 162
ERROR - 2020-06-16 16:03:05 --> Severity: Warning --> Invalid argument supplied for foreach() /home/admin/domains/spshd.com/public_html/khachhang/application/views/app.php 173
ERROR - 2020-06-16 16:03:05 --> Could not find the language line "Đóng"
ERROR - 2020-06-16 16:03:05 --> Could not find the language line "Xác Nhận"
ERROR - 2020-06-16 16:03:05 --> Could not find the language line "Đóng"
ERROR - 2020-06-16 16:03:05 --> Could not find the language line "Xác Nhận"
ERROR - 2020-06-16 16:03:05 --> Could not find the language line "Đóng"
ERROR - 2020-06-16 16:03:05 --> Could not find the language line "Tải"
ERROR - 2020-06-16 16:04:08 --> Could not find the language line "Tạo Điểm Lấy Hàng"
ERROR - 2020-06-16 16:04:08 --> Could not find the language line "Tạo Đơn Hàng"
ERROR - 2020-06-16 16:04:08 --> Could not find the language line "Tải Excel"
ERROR - 2020-06-16 16:04:08 --> Could not find the language line "Đóng"
ERROR - 2020-06-16 16:04:08 --> Could not find the language line "Xác Nhận"
ERROR - 2020-06-16 16:04:08 --> Severity: Warning --> Invalid argument supplied for foreach() /home/admin/domains/spshd.com/public_html/khachhang/application/views/app.php 162
ERROR - 2020-06-16 16:04:08 --> Severity: Warning --> Invalid argument supplied for foreach() /home/admin/domains/spshd.com/public_html/khachhang/application/views/app.php 173
ERROR - 2020-06-16 16:04:08 --> Could not find the language line "Đóng"
ERROR - 2020-06-16 16:04:08 --> Could not find the language line "Xác Nhận"
ERROR - 2020-06-16 16:04:08 --> Could not find the language line "Đóng"
ERROR - 2020-06-16 16:04:08 --> Could not find the language line "Xác Nhận"
ERROR - 2020-06-16 16:04:08 --> Could not find the language line "Đóng"
ERROR - 2020-06-16 16:04:08 --> Could not find the language line "Tải"
ERROR - 2020-06-16 10:07:18 --> Could not find the language line "Email"
ERROR - 2020-06-16 10:07:18 --> Could not find the language line "password"
ERROR - 2020-06-16 16:07:48 --> Could not find the language line "Tạo Điểm Lấy Hàng"
ERROR - 2020-06-16 16:07:48 --> Could not find the language line "Tạo Đơn Hàng"
ERROR - 2020-06-16 16:07:48 --> Could not find the language line "Tải Excel"
ERROR - 2020-06-16 16:07:48 --> Could not find the language line "Đóng"
ERROR - 2020-06-16 16:07:48 --> Could not find the language line "Xác Nhận"
ERROR - 2020-06-16 16:07:48 --> Severity: Warning --> Invalid argument supplied for foreach() /home/admin/domains/spshd.com/public_html/khachhang/application/views/app.php 162
ERROR - 2020-06-16 16:07:48 --> Severity: Warning --> Invalid argument supplied for foreach() /home/admin/domains/spshd.com/public_html/khachhang/application/views/app.php 173
ERROR - 2020-06-16 16:07:48 --> Could not find the language line "Đóng"
ERROR - 2020-06-16 16:07:48 --> Could not find the language line "Xác Nhận"
ERROR - 2020-06-16 16:07:48 --> Could not find the language line "Đóng"
ERROR - 2020-06-16 16:07:48 --> Could not find the language line "Xác Nhận"
ERROR - 2020-06-16 16:07:48 --> Could not find the language line "Đóng"
ERROR - 2020-06-16 16:07:48 --> Could not find the language line "Tải"
ERROR - 2020-06-16 16:31:18 --> Could not find the language line "Tạo Điểm Lấy Hàng"
ERROR - 2020-06-16 16:31:18 --> Could not find the language line "Tạo Đơn Hàng"
ERROR - 2020-06-16 16:31:18 --> Could not find the language line "Tải Excel"
ERROR - 2020-06-16 16:31:18 --> Could not find the language line "Đóng"
ERROR - 2020-06-16 16:31:18 --> Could not find the language line "Xác Nhận"
ERROR - 2020-06-16 16:31:18 --> Severity: Warning --> Invalid argument supplied for foreach() /home/admin/domains/spshd.com/public_html/khachhang/application/views/app.php 162
ERROR - 2020-06-16 16:31:18 --> Severity: Warning --> Invalid argument supplied for foreach() /home/admin/domains/spshd.com/public_html/khachhang/application/views/app.php 173
ERROR - 2020-06-16 16:31:18 --> Could not find the language line "Đóng"
ERROR - 2020-06-16 16:31:18 --> Could not find the language line "Xác Nhận"
ERROR - 2020-06-16 16:31:18 --> Could not find the language line "Đóng"
ERROR - 2020-06-16 16:31:18 --> Could not find the language line "Xác Nhận"
ERROR - 2020-06-16 16:31:18 --> Could not find the language line "Đóng"
ERROR - 2020-06-16 16:31:18 --> Could not find the language line "Tải"
ERROR - 2020-06-16 16:45:46 --> Could not find the language line "Tạo Điểm Lấy Hàng"
ERROR - 2020-06-16 16:45:46 --> Could not find the language line "Tạo Đơn Hàng"
ERROR - 2020-06-16 16:45:46 --> Could not find the language line "Tải Excel"
ERROR - 2020-06-16 16:45:46 --> Could not find the language line "Đóng"
ERROR - 2020-06-16 16:45:46 --> Could not find the language line "Xác Nhận"
ERROR - 2020-06-16 16:45:46 --> Severity: Warning --> Invalid argument supplied for foreach() /home/admin/domains/spshd.com/public_html/khachhang/application/views/app.php 162
ERROR - 2020-06-16 16:45:46 --> Severity: Warning --> Invalid argument supplied for foreach() /home/admin/domains/spshd.com/public_html/khachhang/application/views/app.php 173
ERROR - 2020-06-16 16:45:46 --> Could not find the language line "Đóng"
ERROR - 2020-06-16 16:45:46 --> Could not find the language line "Xác Nhận"
ERROR - 2020-06-16 16:45:46 --> Could not find the language line "Đóng"
ERROR - 2020-06-16 16:45:46 --> Could not find the language line "Xác Nhận"
ERROR - 2020-06-16 16:45:46 --> Could not find the language line "Đóng"
ERROR - 2020-06-16 16:45:46 --> Could not find the language line "Tải"
ERROR - 2020-06-16 16:49:15 --> Could not find the language line "Tạo Điểm Lấy Hàng"
ERROR - 2020-06-16 16:49:15 --> Could not find the language line "Tạo Đơn Hàng"
ERROR - 2020-06-16 16:49:15 --> Could not find the language line "Tải Excel"
ERROR - 2020-06-16 16:49:15 --> Could not find the language line "Đóng"
ERROR - 2020-06-16 16:49:15 --> Could not find the language line "Xác Nhận"
ERROR - 2020-06-16 16:49:15 --> Severity: Warning --> Invalid argument supplied for foreach() /home/admin/domains/spshd.com/public_html/khachhang/application/views/app.php 162
ERROR - 2020-06-16 16:49:15 --> Severity: Warning --> Invalid argument supplied for foreach() /home/admin/domains/spshd.com/public_html/khachhang/application/views/app.php 173
ERROR - 2020-06-16 16:49:15 --> Could not find the language line "Đóng"
ERROR - 2020-06-16 16:49:15 --> Could not find the language line "Xác Nhận"
ERROR - 2020-06-16 16:49:15 --> Could not find the language line "Đóng"
ERROR - 2020-06-16 16:49:15 --> Could not find the language line "Xác Nhận"
ERROR - 2020-06-16 16:49:15 --> Could not find the language line "Đóng"
ERROR - 2020-06-16 16:49:15 --> Could not find the language line "Tải"
ERROR - 2020-06-16 16:55:28 --> Could not find the language line "Tạo Điểm Lấy Hàng"
ERROR - 2020-06-16 16:55:28 --> Could not find the language line "Tạo Đơn Hàng"
ERROR - 2020-06-16 16:55:28 --> Could not find the language line "Tải Excel"
ERROR - 2020-06-16 16:55:28 --> Could not find the language line "Đóng"
ERROR - 2020-06-16 16:55:28 --> Could not find the language line "Xác Nhận"
ERROR - 2020-06-16 16:55:28 --> Severity: Warning --> Invalid argument supplied for foreach() /home/admin/domains/spshd.com/public_html/khachhang/application/views/app.php 162
ERROR - 2020-06-16 16:55:28 --> Severity: Warning --> Invalid argument supplied for foreach() /home/admin/domains/spshd.com/public_html/khachhang/application/views/app.php 173
ERROR - 2020-06-16 16:55:28 --> Could not find the language line "Đóng"
ERROR - 2020-06-16 16:55:28 --> Could not find the language line "Xác Nhận"
ERROR - 2020-06-16 16:55:28 --> Could not find the language line "Đóng"
ERROR - 2020-06-16 16:55:28 --> Could not find the language line "Xác Nhận"
ERROR - 2020-06-16 16:55:28 --> Could not find the language line "Đóng"
ERROR - 2020-06-16 16:55:28 --> Could not find the language line "Tải"
ERROR - 2020-06-16 17:09:36 --> Could not find the language line "Tạo Điểm Lấy Hàng"
ERROR - 2020-06-16 17:09:36 --> Could not find the language line "Tạo Đơn Hàng"
ERROR - 2020-06-16 17:09:36 --> Could not find the language line "Tải Excel"
ERROR - 2020-06-16 17:09:36 --> Could not find the language line "Đóng"
ERROR - 2020-06-16 17:09:36 --> Could not find the language line "Xác Nhận"
ERROR - 2020-06-16 17:09:36 --> Severity: Warning --> Invalid argument supplied for foreach() /home/admin/domains/spshd.com/public_html/khachhang/application/views/app.php 162
ERROR - 2020-06-16 17:09:36 --> Severity: Warning --> Invalid argument supplied for foreach() /home/admin/domains/spshd.com/public_html/khachhang/application/views/app.php 173
ERROR - 2020-06-16 17:09:36 --> Could not find the language line "Đóng"
ERROR - 2020-06-16 17:09:36 --> Could not find the language line "Xác Nhận"
ERROR - 2020-06-16 17:09:36 --> Could not find the language line "Đóng"
ERROR - 2020-06-16 17:09:36 --> Could not find the language line "Xác Nhận"
ERROR - 2020-06-16 17:09:36 --> Could not find the language line "Đóng"
ERROR - 2020-06-16 17:09:36 --> Could not find the language line "Tải"
ERROR - 2020-06-16 17:17:13 --> Could not find the language line "Tạo Điểm Lấy Hàng"
ERROR - 2020-06-16 17:17:13 --> Could not find the language line "Tạo Đơn Hàng"
ERROR - 2020-06-16 17:17:13 --> Could not find the language line "Tải Excel"
ERROR - 2020-06-16 17:17:13 --> Could not find the language line "Đóng"
ERROR - 2020-06-16 17:17:13 --> Could not find the language line "Xác Nhận"
ERROR - 2020-06-16 17:17:13 --> Severity: Warning --> Invalid argument supplied for foreach() /home/admin/domains/spshd.com/public_html/khachhang/application/views/app.php 162
ERROR - 2020-06-16 17:17:13 --> Severity: Warning --> Invalid argument supplied for foreach() /home/admin/domains/spshd.com/public_html/khachhang/application/views/app.php 173
ERROR - 2020-06-16 17:17:13 --> Could not find the language line "Đóng"
ERROR - 2020-06-16 17:17:13 --> Could not find the language line "Xác Nhận"
ERROR - 2020-06-16 17:17:13 --> Could not find the language line "Đóng"
ERROR - 2020-06-16 17:17:13 --> Could not find the language line "Xác Nhận"
ERROR - 2020-06-16 17:17:13 --> Could not find the language line "Đóng"
ERROR - 2020-06-16 17:17:13 --> Could not find the language line "Tải"
ERROR - 2020-06-16 17:25:43 --> Could not find the language line "Tạo Điểm Lấy Hàng"
ERROR - 2020-06-16 17:25:43 --> Could not find the language line "Tạo Đơn Hàng"
ERROR - 2020-06-16 17:25:43 --> Could not find the language line "Tải Excel"
ERROR - 2020-06-16 17:25:43 --> Could not find the language line "Đóng"
ERROR - 2020-06-16 17:25:43 --> Could not find the language line "Xác Nhận"
ERROR - 2020-06-16 17:25:43 --> Severity: Warning --> Invalid argument supplied for foreach() /home/admin/domains/spshd.com/public_html/khachhang/application/views/app.php 162
ERROR - 2020-06-16 17:25:43 --> Severity: Warning --> Invalid argument supplied for foreach() /home/admin/domains/spshd.com/public_html/khachhang/application/views/app.php 173
ERROR - 2020-06-16 17:25:43 --> Could not find the language line "Đóng"
ERROR - 2020-06-16 17:25:43 --> Could not find the language line "Xác Nhận"
ERROR - 2020-06-16 17:25:43 --> Could not find the language line "Đóng"
ERROR - 2020-06-16 17:25:43 --> Could not find the language line "Xác Nhận"
ERROR - 2020-06-16 17:25:43 --> Could not find the language line "Đóng"
ERROR - 2020-06-16 17:25:43 --> Could not find the language line "Tải"
ERROR - 2020-06-16 17:37:33 --> Could not find the language line "Tạo Điểm Lấy Hàng"
ERROR - 2020-06-16 17:37:33 --> Could not find the language line "Tạo Đơn Hàng"
ERROR - 2020-06-16 17:37:33 --> Could not find the language line "Tải Excel"
ERROR - 2020-06-16 17:37:33 --> Could not find the language line "Đóng"
ERROR - 2020-06-16 17:37:33 --> Could not find the language line "Xác Nhận"
ERROR - 2020-06-16 17:37:33 --> Severity: Warning --> Invalid argument supplied for foreach() /home/admin/domains/spshd.com/public_html/khachhang/application/views/app.php 162
ERROR - 2020-06-16 17:37:33 --> Severity: Warning --> Invalid argument supplied for foreach() /home/admin/domains/spshd.com/public_html/khachhang/application/views/app.php 173
ERROR - 2020-06-16 17:37:33 --> Could not find the language line "Đóng"
ERROR - 2020-06-16 17:37:33 --> Could not find the language line "Xác Nhận"
ERROR - 2020-06-16 17:37:33 --> Could not find the language line "Đóng"
ERROR - 2020-06-16 17:37:33 --> Could not find the language line "Xác Nhận"
ERROR - 2020-06-16 17:37:33 --> Could not find the language line "Đóng"
ERROR - 2020-06-16 17:37:33 --> Could not find the language line "Tải"
ERROR - 2020-06-16 17:39:55 --> Could not find the language line "Tạo Điểm Lấy Hàng"
ERROR - 2020-06-16 17:39:55 --> Could not find the language line "Tạo Đơn Hàng"
ERROR - 2020-06-16 17:39:55 --> Could not find the language line "Tải Excel"
ERROR - 2020-06-16 17:39:55 --> Could not find the language line "Đóng"
ERROR - 2020-06-16 17:39:55 --> Could not find the language line "Xác Nhận"
ERROR - 2020-06-16 17:39:55 --> Severity: Warning --> Invalid argument supplied for foreach() /home/admin/domains/spshd.com/public_html/khachhang/application/views/app.php 162
ERROR - 2020-06-16 17:39:55 --> Severity: Warning --> Invalid argument supplied for foreach() /home/admin/domains/spshd.com/public_html/khachhang/application/views/app.php 173
ERROR - 2020-06-16 17:39:55 --> Could not find the language line "Đóng"
ERROR - 2020-06-16 17:39:55 --> Could not find the language line "Xác Nhận"
ERROR - 2020-06-16 17:39:55 --> Could not find the language line "Đóng"
ERROR - 2020-06-16 17:39:55 --> Could not find the language line "Xác Nhận"
ERROR - 2020-06-16 17:39:55 --> Could not find the language line "Đóng"
ERROR - 2020-06-16 17:39:55 --> Could not find the language line "Tải"
ERROR - 2020-06-16 11:45:33 --> Could not find the language line "Email"
ERROR - 2020-06-16 11:45:33 --> Could not find the language line "password"
ERROR - 2020-06-16 17:47:21 --> Could not find the language line "Tạo Điểm Lấy Hàng"
ERROR - 2020-06-16 17:47:21 --> Could not find the language line "Tạo Đơn Hàng"
ERROR - 2020-06-16 17:47:21 --> Could not find the language line "Tải Excel"
ERROR - 2020-06-16 17:47:21 --> Could not find the language line "Đóng"
ERROR - 2020-06-16 17:47:21 --> Could not find the language line "Xác Nhận"
ERROR - 2020-06-16 17:47:21 --> Severity: Warning --> Invalid argument supplied for foreach() /home/admin/domains/spshd.com/public_html/khachhang/application/views/app.php 162
ERROR - 2020-06-16 17:47:21 --> Severity: Warning --> Invalid argument supplied for foreach() /home/admin/domains/spshd.com/public_html/khachhang/application/views/app.php 173
ERROR - 2020-06-16 17:47:21 --> Could not find the language line "Đóng"
ERROR - 2020-06-16 17:47:21 --> Could not find the language line "Xác Nhận"
ERROR - 2020-06-16 17:47:21 --> Could not find the language line "Đóng"
ERROR - 2020-06-16 17:47:21 --> Could not find the language line "Xác Nhận"
ERROR - 2020-06-16 17:47:21 --> Could not find the language line "Đóng"
ERROR - 2020-06-16 17:47:21 --> Could not find the language line "Tải"
ERROR - 2020-06-16 17:54:08 --> Could not find the language line "Tạo Điểm Lấy Hàng"
ERROR - 2020-06-16 17:54:08 --> Could not find the language line "Tạo Đơn Hàng"
ERROR - 2020-06-16 17:54:08 --> Could not find the language line "Tải Excel"
ERROR - 2020-06-16 17:54:08 --> Could not find the language line "Đóng"
ERROR - 2020-06-16 17:54:08 --> Could not find the language line "Xác Nhận"
ERROR - 2020-06-16 17:54:08 --> Severity: Warning --> Invalid argument supplied for foreach() /home/admin/domains/spshd.com/public_html/khachhang/application/views/app.php 162
ERROR - 2020-06-16 17:54:08 --> Severity: Warning --> Invalid argument supplied for foreach() /home/admin/domains/spshd.com/public_html/khachhang/application/views/app.php 173
ERROR - 2020-06-16 17:54:08 --> Could not find the language line "Đóng"
ERROR - 2020-06-16 17:54:08 --> Could not find the language line "Xác Nhận"
ERROR - 2020-06-16 17:54:08 --> Could not find the language line "Đóng"
ERROR - 2020-06-16 17:54:08 --> Could not find the language line "Xác Nhận"
ERROR - 2020-06-16 17:54:08 --> Could not find the language line "Đóng"
ERROR - 2020-06-16 17:54:08 --> Could not find the language line "Tải"
ERROR - 2020-06-16 17:58:34 --> Could not find the language line "Tạo Điểm Lấy Hàng"
ERROR - 2020-06-16 17:58:34 --> Could not find the language line "Tạo Đơn Hàng"
ERROR - 2020-06-16 17:58:34 --> Could not find the language line "Tải Excel"
ERROR - 2020-06-16 17:58:34 --> Could not find the language line "Đóng"
ERROR - 2020-06-16 17:58:34 --> Could not find the language line "Xác Nhận"
ERROR - 2020-06-16 17:58:34 --> Severity: Warning --> Invalid argument supplied for foreach() /home/admin/domains/spshd.com/public_html/khachhang/application/views/app.php 162
ERROR - 2020-06-16 17:58:34 --> Severity: Warning --> Invalid argument supplied for foreach() /home/admin/domains/spshd.com/public_html/khachhang/application/views/app.php 173
ERROR - 2020-06-16 17:58:34 --> Could not find the language line "Đóng"
ERROR - 2020-06-16 17:58:34 --> Could not find the language line "Xác Nhận"
ERROR - 2020-06-16 17:58:34 --> Could not find the language line "Đóng"
ERROR - 2020-06-16 17:58:34 --> Could not find the language line "Xác Nhận"
ERROR - 2020-06-16 17:58:34 --> Could not find the language line "Đóng"
ERROR - 2020-06-16 17:58:34 --> Could not find the language line "Tải"
ERROR - 2020-06-16 18:11:57 --> Could not find the language line "Tạo Điểm Lấy Hàng"
ERROR - 2020-06-16 18:11:57 --> Could not find the language line "Tạo Đơn Hàng"
ERROR - 2020-06-16 18:11:57 --> Could not find the language line "Tải Excel"
ERROR - 2020-06-16 18:11:57 --> Could not find the language line "Đóng"
ERROR - 2020-06-16 18:11:57 --> Could not find the language line "Xác Nhận"
ERROR - 2020-06-16 18:11:57 --> Severity: Warning --> Invalid argument supplied for foreach() /home/admin/domains/spshd.com/public_html/khachhang/application/views/app.php 162
ERROR - 2020-06-16 18:11:57 --> Severity: Warning --> Invalid argument supplied for foreach() /home/admin/domains/spshd.com/public_html/khachhang/application/views/app.php 173
ERROR - 2020-06-16 18:11:57 --> Could not find the language line "Đóng"
ERROR - 2020-06-16 18:11:57 --> Could not find the language line "Xác Nhận"
ERROR - 2020-06-16 18:11:57 --> Could not find the language line "Đóng"
ERROR - 2020-06-16 18:11:57 --> Could not find the language line "Xác Nhận"
ERROR - 2020-06-16 18:11:57 --> Could not find the language line "Đóng"
ERROR - 2020-06-16 18:11:57 --> Could not find the language line "Tải"
ERROR - 2020-06-16 18:18:33 --> Could not find the language line "Tạo Điểm Lấy Hàng"
ERROR - 2020-06-16 18:18:33 --> Could not find the language line "Tạo Đơn Hàng"
ERROR - 2020-06-16 18:18:33 --> Could not find the language line "Tải Excel"
ERROR - 2020-06-16 18:18:33 --> Could not find the language line "Đóng"
ERROR - 2020-06-16 18:18:33 --> Could not find the language line "Xác Nhận"
ERROR - 2020-06-16 18:18:33 --> Severity: Warning --> Invalid argument supplied for foreach() /home/admin/domains/spshd.com/public_html/khachhang/application/views/app.php 162
ERROR - 2020-06-16 18:18:33 --> Severity: Warning --> Invalid argument supplied for foreach() /home/admin/domains/spshd.com/public_html/khachhang/application/views/app.php 173
ERROR - 2020-06-16 18:18:33 --> Could not find the language line "Đóng"
ERROR - 2020-06-16 18:18:33 --> Could not find the language line "Xác Nhận"
ERROR - 2020-06-16 18:18:33 --> Could not find the language line "Đóng"
ERROR - 2020-06-16 18:18:33 --> Could not find the language line "Xác Nhận"
ERROR - 2020-06-16 18:18:33 --> Could not find the language line "Đóng"
ERROR - 2020-06-16 18:18:33 --> Could not find the language line "Tải"
ERROR - 2020-06-16 12:18:47 --> Could not find the language line "Email"
ERROR - 2020-06-16 12:18:47 --> Could not find the language line "password"
ERROR - 2020-06-16 18:29:35 --> Could not find the language line "Tạo Điểm Lấy Hàng"
ERROR - 2020-06-16 18:29:35 --> Could not find the language line "Tạo Đơn Hàng"
ERROR - 2020-06-16 18:29:35 --> Could not find the language line "Tải Excel"
ERROR - 2020-06-16 18:29:35 --> Could not find the language line "Đóng"
ERROR - 2020-06-16 18:29:35 --> Could not find the language line "Xác Nhận"
ERROR - 2020-06-16 18:29:35 --> Severity: Warning --> Invalid argument supplied for foreach() /home/admin/domains/spshd.com/public_html/khachhang/application/views/app.php 162
ERROR - 2020-06-16 18:29:35 --> Severity: Warning --> Invalid argument supplied for foreach() /home/admin/domains/spshd.com/public_html/khachhang/application/views/app.php 173
ERROR - 2020-06-16 18:29:35 --> Could not find the language line "Đóng"
ERROR - 2020-06-16 18:29:35 --> Could not find the language line "Xác Nhận"
ERROR - 2020-06-16 18:29:35 --> Could not find the language line "Đóng"
ERROR - 2020-06-16 18:29:35 --> Could not find the language line "Xác Nhận"
ERROR - 2020-06-16 18:29:35 --> Could not find the language line "Đóng"
ERROR - 2020-06-16 18:29:35 --> Could not find the language line "Tải"
ERROR - 2020-06-16 18:31:21 --> Could not find the language line "Tạo Điểm Lấy Hàng"
ERROR - 2020-06-16 18:31:21 --> Could not find the language line "Tạo Đơn Hàng"
ERROR - 2020-06-16 18:31:21 --> Could not find the language line "Tải Excel"
ERROR - 2020-06-16 18:31:21 --> Could not find the language line "Đóng"
ERROR - 2020-06-16 18:31:21 --> Could not find the language line "Xác Nhận"
ERROR - 2020-06-16 18:31:21 --> Severity: Warning --> Invalid argument supplied for foreach() /home/admin/domains/spshd.com/public_html/khachhang/application/views/app.php 162
ERROR - 2020-06-16 18:31:21 --> Severity: Warning --> Invalid argument supplied for foreach() /home/admin/domains/spshd.com/public_html/khachhang/application/views/app.php 173
ERROR - 2020-06-16 18:31:21 --> Could not find the language line "Đóng"
ERROR - 2020-06-16 18:31:21 --> Could not find the language line "Xác Nhận"
ERROR - 2020-06-16 18:31:21 --> Could not find the language line "Đóng"
ERROR - 2020-06-16 18:31:21 --> Could not find the language line "Xác Nhận"
ERROR - 2020-06-16 18:31:21 --> Could not find the language line "Đóng"
ERROR - 2020-06-16 18:31:21 --> Could not find the language line "Tải"
ERROR - 2020-06-16 18:31:46 --> Could not find the language line "Tạo Điểm Lấy Hàng"
ERROR - 2020-06-16 18:31:46 --> Could not find the language line "Tạo Đơn Hàng"
ERROR - 2020-06-16 18:31:46 --> Could not find the language line "Tải Excel"
ERROR - 2020-06-16 18:31:46 --> Could not find the language line "Đóng"
ERROR - 2020-06-16 18:31:46 --> Could not find the language line "Xác Nhận"
ERROR - 2020-06-16 18:31:46 --> Severity: Warning --> Invalid argument supplied for foreach() /home/admin/domains/spshd.com/public_html/khachhang/application/views/app.php 162
ERROR - 2020-06-16 18:31:46 --> Severity: Warning --> Invalid argument supplied for foreach() /home/admin/domains/spshd.com/public_html/khachhang/application/views/app.php 173
ERROR - 2020-06-16 18:31:46 --> Could not find the language line "Đóng"
ERROR - 2020-06-16 18:31:46 --> Could not find the language line "Xác Nhận"
ERROR - 2020-06-16 18:31:46 --> Could not find the language line "Đóng"
ERROR - 2020-06-16 18:31:46 --> Could not find the language line "Xác Nhận"
ERROR - 2020-06-16 18:31:46 --> Could not find the language line "Đóng"
ERROR - 2020-06-16 18:31:46 --> Could not find the language line "Tải"
ERROR - 2020-06-16 18:32:28 --> Could not find the language line "Tạo Điểm Lấy Hàng"
ERROR - 2020-06-16 18:32:28 --> Could not find the language line "Tạo Đơn Hàng"
ERROR - 2020-06-16 18:32:28 --> Could not find the language line "Tải Excel"
ERROR - 2020-06-16 18:32:28 --> Could not find the language line "Đóng"
ERROR - 2020-06-16 18:32:28 --> Could not find the language line "Xác Nhận"
ERROR - 2020-06-16 18:32:28 --> Severity: Warning --> Invalid argument supplied for foreach() /home/admin/domains/spshd.com/public_html/khachhang/application/views/app.php 162
ERROR - 2020-06-16 18:32:28 --> Severity: Warning --> Invalid argument supplied for foreach() /home/admin/domains/spshd.com/public_html/khachhang/application/views/app.php 173
ERROR - 2020-06-16 18:32:28 --> Could not find the language line "Đóng"
ERROR - 2020-06-16 18:32:28 --> Could not find the language line "Xác Nhận"
ERROR - 2020-06-16 18:32:28 --> Could not find the language line "Đóng"
ERROR - 2020-06-16 18:32:28 --> Could not find the language line "Xác Nhận"
ERROR - 2020-06-16 18:32:28 --> Could not find the language line "Đóng"
ERROR - 2020-06-16 18:32:28 --> Could not find the language line "Tải"
ERROR - 2020-06-16 18:37:38 --> Could not find the language line "Tạo Điểm Lấy Hàng"
ERROR - 2020-06-16 18:37:38 --> Could not find the language line "Tạo Đơn Hàng"
ERROR - 2020-06-16 18:37:38 --> Could not find the language line "Tải Excel"
ERROR - 2020-06-16 18:37:38 --> Could not find the language line "Đóng"
ERROR - 2020-06-16 18:37:38 --> Could not find the language line "Xác Nhận"
ERROR - 2020-06-16 18:37:38 --> Severity: Warning --> Invalid argument supplied for foreach() /home/admin/domains/spshd.com/public_html/khachhang/application/views/app.php 162
ERROR - 2020-06-16 18:37:38 --> Severity: Warning --> Invalid argument supplied for foreach() /home/admin/domains/spshd.com/public_html/khachhang/application/views/app.php 173
ERROR - 2020-06-16 18:37:38 --> Could not find the language line "Đóng"
ERROR - 2020-06-16 18:37:38 --> Could not find the language line "Xác Nhận"
ERROR - 2020-06-16 18:37:38 --> Could not find the language line "Đóng"
ERROR - 2020-06-16 18:37:38 --> Could not find the language line "Xác Nhận"
ERROR - 2020-06-16 18:37:38 --> Could not find the language line "Đóng"
ERROR - 2020-06-16 18:37:38 --> Could not find the language line "Tải"
ERROR - 2020-06-16 18:37:38 --> Could not find the language line "Tạo Điểm Lấy Hàng"
ERROR - 2020-06-16 18:37:38 --> Could not find the language line "Tạo Đơn Hàng"
ERROR - 2020-06-16 18:37:38 --> Could not find the language line "Tải Excel"
ERROR - 2020-06-16 18:37:38 --> Could not find the language line "Đóng"
ERROR - 2020-06-16 18:37:38 --> Could not find the language line "Xác Nhận"
ERROR - 2020-06-16 18:37:38 --> Severity: Warning --> Invalid argument supplied for foreach() /home/admin/domains/spshd.com/public_html/khachhang/application/views/app.php 162
ERROR - 2020-06-16 18:37:38 --> Severity: Warning --> Invalid argument supplied for foreach() /home/admin/domains/spshd.com/public_html/khachhang/application/views/app.php 173
ERROR - 2020-06-16 18:37:38 --> Could not find the language line "Đóng"
ERROR - 2020-06-16 18:37:38 --> Could not find the language line "Xác Nhận"
ERROR - 2020-06-16 18:37:38 --> Could not find the language line "Đóng"
ERROR - 2020-06-16 18:37:38 --> Could not find the language line "Xác Nhận"
ERROR - 2020-06-16 18:37:38 --> Could not find the language line "Đóng"
ERROR - 2020-06-16 18:37:38 --> Could not find the language line "Tải"
ERROR - 2020-06-16 18:44:05 --> Could not find the language line "Tạo Điểm Lấy Hàng"
ERROR - 2020-06-16 18:44:05 --> Could not find the language line "Tạo Đơn Hàng"
ERROR - 2020-06-16 18:44:05 --> Could not find the language line "Tải Excel"
ERROR - 2020-06-16 18:44:05 --> Could not find the language line "Đóng"
ERROR - 2020-06-16 18:44:05 --> Could not find the language line "Xác Nhận"
ERROR - 2020-06-16 18:44:05 --> Severity: Warning --> Invalid argument supplied for foreach() /home/admin/domains/spshd.com/public_html/khachhang/application/views/app.php 162
ERROR - 2020-06-16 18:44:05 --> Severity: Warning --> Invalid argument supplied for foreach() /home/admin/domains/spshd.com/public_html/khachhang/application/views/app.php 173
ERROR - 2020-06-16 18:44:05 --> Could not find the language line "Đóng"
ERROR - 2020-06-16 18:44:05 --> Could not find the language line "Xác Nhận"
ERROR - 2020-06-16 18:44:05 --> Could not find the language line "Đóng"
ERROR - 2020-06-16 18:44:05 --> Could not find the language line "Xác Nhận"
ERROR - 2020-06-16 18:44:05 --> Could not find the language line "Đóng"
ERROR - 2020-06-16 18:44:05 --> Could not find the language line "Tải"
ERROR - 2020-06-16 18:48:28 --> Could not find the language line "Tạo Điểm Lấy Hàng"
ERROR - 2020-06-16 18:48:28 --> Could not find the language line "Tạo Đơn Hàng"
ERROR - 2020-06-16 18:48:28 --> Could not find the language line "Tải Excel"
ERROR - 2020-06-16 18:48:28 --> Could not find the language line "Đóng"
ERROR - 2020-06-16 18:48:28 --> Could not find the language line "Xác Nhận"
ERROR - 2020-06-16 18:48:28 --> Severity: Warning --> Invalid argument supplied for foreach() /home/admin/domains/spshd.com/public_html/khachhang/application/views/app.php 162
ERROR - 2020-06-16 18:48:28 --> Severity: Warning --> Invalid argument supplied for foreach() /home/admin/domains/spshd.com/public_html/khachhang/application/views/app.php 173
ERROR - 2020-06-16 18:48:28 --> Could not find the language line "Đóng"
ERROR - 2020-06-16 18:48:28 --> Could not find the language line "Xác Nhận"
ERROR - 2020-06-16 18:48:28 --> Could not find the language line "Đóng"
ERROR - 2020-06-16 18:48:28 --> Could not find the language line "Xác Nhận"
ERROR - 2020-06-16 18:48:28 --> Could not find the language line "Đóng"
ERROR - 2020-06-16 18:48:28 --> Could not find the language line "Tải"
ERROR - 2020-06-16 18:49:22 --> Could not find the language line "Tạo Điểm Lấy Hàng"
ERROR - 2020-06-16 18:49:22 --> Could not find the language line "Tạo Đơn Hàng"
ERROR - 2020-06-16 18:49:22 --> Could not find the language line "Tải Excel"
ERROR - 2020-06-16 18:49:22 --> Could not find the language line "Đóng"
ERROR - 2020-06-16 18:49:22 --> Could not find the language line "Xác Nhận"
ERROR - 2020-06-16 18:49:22 --> Severity: Warning --> Invalid argument supplied for foreach() /home/admin/domains/spshd.com/public_html/khachhang/application/views/app.php 162
ERROR - 2020-06-16 18:49:22 --> Severity: Warning --> Invalid argument supplied for foreach() /home/admin/domains/spshd.com/public_html/khachhang/application/views/app.php 173
ERROR - 2020-06-16 18:49:22 --> Could not find the language line "Đóng"
ERROR - 2020-06-16 18:49:22 --> Could not find the language line "Xác Nhận"
ERROR - 2020-06-16 18:49:22 --> Could not find the language line "Đóng"
ERROR - 2020-06-16 18:49:22 --> Could not find the language line "Xác Nhận"
ERROR - 2020-06-16 18:49:22 --> Could not find the language line "Đóng"
ERROR - 2020-06-16 18:49:22 --> Could not find the language line "Tải"
ERROR - 2020-06-16 12:49:23 --> Could not find the language line "Email"
ERROR - 2020-06-16 12:49:23 --> Could not find the language line "password"
ERROR - 2020-06-16 19:01:34 --> Could not find the language line "Tạo Điểm Lấy Hàng"
ERROR - 2020-06-16 19:01:34 --> Could not find the language line "Tạo Đơn Hàng"
ERROR - 2020-06-16 19:01:34 --> Could not find the language line "Tải Excel"
ERROR - 2020-06-16 19:01:34 --> Could not find the language line "Đóng"
ERROR - 2020-06-16 19:01:34 --> Could not find the language line "Xác Nhận"
ERROR - 2020-06-16 19:01:34 --> Severity: Warning --> Invalid argument supplied for foreach() /home/admin/domains/spshd.com/public_html/khachhang/application/views/app.php 162
ERROR - 2020-06-16 19:01:34 --> Severity: Warning --> Invalid argument supplied for foreach() /home/admin/domains/spshd.com/public_html/khachhang/application/views/app.php 173
ERROR - 2020-06-16 19:01:34 --> Could not find the language line "Đóng"
ERROR - 2020-06-16 19:01:34 --> Could not find the language line "Xác Nhận"
ERROR - 2020-06-16 19:01:34 --> Could not find the language line "Đóng"
ERROR - 2020-06-16 19:01:34 --> Could not find the language line "Xác Nhận"
ERROR - 2020-06-16 19:01:34 --> Could not find the language line "Đóng"
ERROR - 2020-06-16 19:01:34 --> Could not find the language line "Tải"
ERROR - 2020-06-16 19:07:24 --> Could not find the language line "Tạo Điểm Lấy Hàng"
ERROR - 2020-06-16 19:07:24 --> Could not find the language line "Tạo Đơn Hàng"
ERROR - 2020-06-16 19:07:24 --> Could not find the language line "Tải Excel"
ERROR - 2020-06-16 19:07:24 --> Could not find the language line "Đóng"
ERROR - 2020-06-16 19:07:24 --> Could not find the language line "Xác Nhận"
ERROR - 2020-06-16 19:07:24 --> Severity: Warning --> Invalid argument supplied for foreach() /home/admin/domains/spshd.com/public_html/khachhang/application/views/app.php 162
ERROR - 2020-06-16 19:07:24 --> Severity: Warning --> Invalid argument supplied for foreach() /home/admin/domains/spshd.com/public_html/khachhang/application/views/app.php 173
ERROR - 2020-06-16 19:07:24 --> Could not find the language line "Đóng"
ERROR - 2020-06-16 19:07:24 --> Could not find the language line "Xác Nhận"
ERROR - 2020-06-16 19:07:24 --> Could not find the language line "Đóng"
ERROR - 2020-06-16 19:07:24 --> Could not find the language line "Xác Nhận"
ERROR - 2020-06-16 19:07:24 --> Could not find the language line "Đóng"
ERROR - 2020-06-16 19:07:24 --> Could not find the language line "Tải"
ERROR - 2020-06-16 20:16:34 --> Could not find the language line "Tạo Điểm Lấy Hàng"
ERROR - 2020-06-16 20:16:34 --> Could not find the language line "Tạo Đơn Hàng"
ERROR - 2020-06-16 20:16:34 --> Could not find the language line "Tải Excel"
ERROR - 2020-06-16 20:16:34 --> Could not find the language line "Đóng"
ERROR - 2020-06-16 20:16:34 --> Could not find the language line "Xác Nhận"
ERROR - 2020-06-16 20:16:34 --> Severity: Warning --> Invalid argument supplied for foreach() /home/admin/domains/spshd.com/public_html/khachhang/application/views/app.php 162
ERROR - 2020-06-16 20:16:34 --> Severity: Warning --> Invalid argument supplied for foreach() /home/admin/domains/spshd.com/public_html/khachhang/application/views/app.php 173
ERROR - 2020-06-16 20:16:34 --> Could not find the language line "Đóng"
ERROR - 2020-06-16 20:16:34 --> Could not find the language line "Xác Nhận"
ERROR - 2020-06-16 20:16:34 --> Could not find the language line "Đóng"
ERROR - 2020-06-16 20:16:34 --> Could not find the language line "Xác Nhận"
ERROR - 2020-06-16 20:16:34 --> Could not find the language line "Đóng"
ERROR - 2020-06-16 20:16:34 --> Could not find the language line "Tải"
ERROR - 2020-06-16 20:34:20 --> Could not find the language line "Tạo Điểm Lấy Hàng"
ERROR - 2020-06-16 20:34:20 --> Could not find the language line "Tạo Đơn Hàng"
ERROR - 2020-06-16 20:34:20 --> Could not find the language line "Tải Excel"
ERROR - 2020-06-16 20:34:20 --> Could not find the language line "Đóng"
ERROR - 2020-06-16 20:34:20 --> Could not find the language line "Xác Nhận"
ERROR - 2020-06-16 20:34:20 --> Severity: Warning --> Invalid argument supplied for foreach() /home/admin/domains/spshd.com/public_html/khachhang/application/views/app.php 162
ERROR - 2020-06-16 20:34:20 --> Severity: Warning --> Invalid argument supplied for foreach() /home/admin/domains/spshd.com/public_html/khachhang/application/views/app.php 173
ERROR - 2020-06-16 20:34:20 --> Could not find the language line "Đóng"
ERROR - 2020-06-16 20:34:20 --> Could not find the language line "Xác Nhận"
ERROR - 2020-06-16 20:34:20 --> Could not find the language line "Đóng"
ERROR - 2020-06-16 20:34:20 --> Could not find the language line "Xác Nhận"
ERROR - 2020-06-16 20:34:20 --> Could not find the language line "Đóng"
ERROR - 2020-06-16 20:34:20 --> Could not find the language line "Tải"
ERROR - 2020-06-16 21:01:51 --> Could not find the language line "Tạo Điểm Lấy Hàng"
ERROR - 2020-06-16 21:01:51 --> Could not find the language line "Tạo Đơn Hàng"
ERROR - 2020-06-16 21:01:51 --> Could not find the language line "Tải Excel"
ERROR - 2020-06-16 21:01:51 --> Could not find the language line "Đóng"
ERROR - 2020-06-16 21:01:51 --> Could not find the language line "Xác Nhận"
ERROR - 2020-06-16 21:01:51 --> Severity: Warning --> Invalid argument supplied for foreach() /home/admin/domains/spshd.com/public_html/khachhang/application/views/app.php 162
ERROR - 2020-06-16 21:01:51 --> Severity: Warning --> Invalid argument supplied for foreach() /home/admin/domains/spshd.com/public_html/khachhang/application/views/app.php 173
ERROR - 2020-06-16 21:01:51 --> Could not find the language line "Đóng"
ERROR - 2020-06-16 21:01:51 --> Could not find the language line "Xác Nhận"
ERROR - 2020-06-16 21:01:51 --> Could not find the language line "Đóng"
ERROR - 2020-06-16 21:01:51 --> Could not find the language line "Xác Nhận"
ERROR - 2020-06-16 21:01:51 --> Could not find the language line "Đóng"
ERROR - 2020-06-16 21:01:51 --> Could not find the language line "Tải"
ERROR - 2020-06-16 22:15:21 --> Could not find the language line "Tạo Điểm Lấy Hàng"
ERROR - 2020-06-16 22:15:21 --> Could not find the language line "Tạo Đơn Hàng"
ERROR - 2020-06-16 22:15:21 --> Could not find the language line "Tải Excel"
ERROR - 2020-06-16 22:15:21 --> Could not find the language line "Đóng"
ERROR - 2020-06-16 22:15:21 --> Could not find the language line "Xác Nhận"
ERROR - 2020-06-16 22:15:21 --> Severity: Warning --> Invalid argument supplied for foreach() /home/admin/domains/spshd.com/public_html/khachhang/application/views/app.php 162
ERROR - 2020-06-16 22:15:21 --> Severity: Warning --> Invalid argument supplied for foreach() /home/admin/domains/spshd.com/public_html/khachhang/application/views/app.php 173
ERROR - 2020-06-16 22:15:21 --> Could not find the language line "Đóng"
ERROR - 2020-06-16 22:15:21 --> Could not find the language line "Xác Nhận"
ERROR - 2020-06-16 22:15:21 --> Could not find the language line "Đóng"
ERROR - 2020-06-16 22:15:21 --> Could not find the language line "Xác Nhận"
ERROR - 2020-06-16 22:15:21 --> Could not find the language line "Đóng"
ERROR - 2020-06-16 22:15:21 --> Could not find the language line "Tải"
ERROR - 2020-06-16 22:15:22 --> Could not find the language line "Tạo Điểm Lấy Hàng"
ERROR - 2020-06-16 22:15:22 --> Could not find the language line "Tạo Đơn Hàng"
ERROR - 2020-06-16 22:15:22 --> Could not find the language line "Tải Excel"
ERROR - 2020-06-16 22:15:22 --> Could not find the language line "Đóng"
ERROR - 2020-06-16 22:15:22 --> Could not find the language line "Xác Nhận"
ERROR - 2020-06-16 22:15:22 --> Severity: Warning --> Invalid argument supplied for foreach() /home/admin/domains/spshd.com/public_html/khachhang/application/views/app.php 162
ERROR - 2020-06-16 22:15:22 --> Severity: Warning --> Invalid argument supplied for foreach() /home/admin/domains/spshd.com/public_html/khachhang/application/views/app.php 173
ERROR - 2020-06-16 22:15:22 --> Could not find the language line "Đóng"
ERROR - 2020-06-16 22:15:22 --> Could not find the language line "Xác Nhận"
ERROR - 2020-06-16 22:15:22 --> Could not find the language line "Đóng"
ERROR - 2020-06-16 22:15:22 --> Could not find the language line "Xác Nhận"
ERROR - 2020-06-16 22:15:22 --> Could not find the language line "Đóng"
ERROR - 2020-06-16 22:15:22 --> Could not find the language line "Tải"
ERROR - 2020-06-16 16:51:04 --> Could not find the language line "Email"
ERROR - 2020-06-16 16:51:04 --> Could not find the language line "password"
ERROR - 2020-06-16 22:51:11 --> Could not find the language line "Tạo Điểm Lấy Hàng"
ERROR - 2020-06-16 22:51:11 --> Could not find the language line "Tạo Đơn Hàng"
ERROR - 2020-06-16 22:51:11 --> Could not find the language line "Tải Excel"
ERROR - 2020-06-16 22:51:11 --> Could not find the language line "Đóng"
ERROR - 2020-06-16 22:51:11 --> Could not find the language line "Xác Nhận"
ERROR - 2020-06-16 22:51:11 --> Severity: Warning --> Invalid argument supplied for foreach() /home/admin/domains/spshd.com/public_html/khachhang/application/views/app.php 162
ERROR - 2020-06-16 22:51:11 --> Severity: Warning --> Invalid argument supplied for foreach() /home/admin/domains/spshd.com/public_html/khachhang/application/views/app.php 173
ERROR - 2020-06-16 22:51:11 --> Could not find the language line "Đóng"
ERROR - 2020-06-16 22:51:11 --> Could not find the language line "Xác Nhận"
ERROR - 2020-06-16 22:51:11 --> Could not find the language line "Đóng"
ERROR - 2020-06-16 22:51:11 --> Could not find the language line "Xác Nhận"
ERROR - 2020-06-16 22:51:11 --> Could not find the language line "Đóng"
ERROR - 2020-06-16 22:51:11 --> Could not find the language line "Tải"
ERROR - 2020-06-16 22:51:11 --> Could not find the language line "Tạo Điểm Lấy Hàng"
ERROR - 2020-06-16 22:51:11 --> Could not find the language line "Tạo Đơn Hàng"
ERROR - 2020-06-16 22:51:11 --> Could not find the language line "Tải Excel"
ERROR - 2020-06-16 22:51:11 --> Could not find the language line "Đóng"
ERROR - 2020-06-16 22:51:11 --> Could not find the language line "Xác Nhận"
ERROR - 2020-06-16 22:51:11 --> Severity: Warning --> Invalid argument supplied for foreach() /home/admin/domains/spshd.com/public_html/khachhang/application/views/app.php 162
ERROR - 2020-06-16 22:51:11 --> Severity: Warning --> Invalid argument supplied for foreach() /home/admin/domains/spshd.com/public_html/khachhang/application/views/app.php 173
ERROR - 2020-06-16 22:51:11 --> Could not find the language line "Đóng"
ERROR - 2020-06-16 22:51:11 --> Could not find the language line "Xác Nhận"
ERROR - 2020-06-16 22:51:11 --> Could not find the language line "Đóng"
ERROR - 2020-06-16 22:51:11 --> Could not find the language line "Xác Nhận"
ERROR - 2020-06-16 22:51:11 --> Could not find the language line "Đóng"
ERROR - 2020-06-16 22:51:11 --> Could not find the language line "Tải"
ERROR - 2020-06-16 22:54:20 --> Could not find the language line "Tạo Điểm Lấy Hàng"
ERROR - 2020-06-16 22:54:20 --> Could not find the language line "Tạo Đơn Hàng"
ERROR - 2020-06-16 22:54:20 --> Could not find the language line "Tải Excel"
ERROR - 2020-06-16 22:54:20 --> Could not find the language line "Đóng"
ERROR - 2020-06-16 22:54:20 --> Could not find the language line "Xác Nhận"
ERROR - 2020-06-16 22:54:20 --> Severity: Warning --> Invalid argument supplied for foreach() /home/admin/domains/spshd.com/public_html/khachhang/application/views/app.php 162
ERROR - 2020-06-16 22:54:20 --> Severity: Warning --> Invalid argument supplied for foreach() /home/admin/domains/spshd.com/public_html/khachhang/application/views/app.php 173
ERROR - 2020-06-16 22:54:20 --> Could not find the language line "Đóng"
ERROR - 2020-06-16 22:54:20 --> Could not find the language line "Xác Nhận"
ERROR - 2020-06-16 22:54:20 --> Could not find the language line "Đóng"
ERROR - 2020-06-16 22:54:20 --> Could not find the language line "Xác Nhận"
ERROR - 2020-06-16 22:54:20 --> Could not find the language line "Đóng"
ERROR - 2020-06-16 22:54:20 --> Could not find the language line "Tải"
ERROR - 2020-06-16 22:54:40 --> Could not find the language line "Tạo Điểm Lấy Hàng"
ERROR - 2020-06-16 22:54:40 --> Could not find the language line "Tạo Đơn Hàng"
ERROR - 2020-06-16 22:54:40 --> Could not find the language line "Tải Excel"
ERROR - 2020-06-16 22:54:40 --> Could not find the language line "Đóng"
ERROR - 2020-06-16 22:54:40 --> Could not find the language line "Xác Nhận"
ERROR - 2020-06-16 22:54:40 --> Severity: Warning --> Invalid argument supplied for foreach() /home/admin/domains/spshd.com/public_html/khachhang/application/views/app.php 162
ERROR - 2020-06-16 22:54:40 --> Severity: Warning --> Invalid argument supplied for foreach() /home/admin/domains/spshd.com/public_html/khachhang/application/views/app.php 173
ERROR - 2020-06-16 22:54:40 --> Could not find the language line "Đóng"
ERROR - 2020-06-16 22:54:40 --> Could not find the language line "Xác Nhận"
ERROR - 2020-06-16 22:54:40 --> Could not find the language line "Đóng"
ERROR - 2020-06-16 22:54:40 --> Could not find the language line "Xác Nhận"
ERROR - 2020-06-16 22:54:40 --> Could not find the language line "Đóng"
ERROR - 2020-06-16 22:54:40 --> Could not find the language line "Tải"
ERROR - 2020-06-16 23:16:59 --> Could not find the language line "Tạo Điểm Lấy Hàng"
ERROR - 2020-06-16 23:16:59 --> Could not find the language line "Tạo Đơn Hàng"
ERROR - 2020-06-16 23:16:59 --> Could not find the language line "Tải Excel"
ERROR - 2020-06-16 23:16:59 --> Could not find the language line "Đóng"
ERROR - 2020-06-16 23:16:59 --> Could not find the language line "Xác Nhận"
ERROR - 2020-06-16 23:16:59 --> Severity: Warning --> Invalid argument supplied for foreach() /home/admin/domains/spshd.com/public_html/khachhang/application/views/app.php 162
ERROR - 2020-06-16 23:16:59 --> Severity: Warning --> Invalid argument supplied for foreach() /home/admin/domains/spshd.com/public_html/khachhang/application/views/app.php 173
ERROR - 2020-06-16 23:16:59 --> Could not find the language line "Đóng"
ERROR - 2020-06-16 23:16:59 --> Could not find the language line "Xác Nhận"
ERROR - 2020-06-16 23:16:59 --> Could not find the language line "Đóng"
ERROR - 2020-06-16 23:16:59 --> Could not find the language line "Xác Nhận"
ERROR - 2020-06-16 23:16:59 --> Could not find the language line "Đóng"
ERROR - 2020-06-16 23:16:59 --> Could not find the language line "Tải"
ERROR - 2020-06-16 23:34:10 --> Could not find the language line "Tạo Điểm Lấy Hàng"
ERROR - 2020-06-16 23:34:10 --> Could not find the language line "Tạo Đơn Hàng"
ERROR - 2020-06-16 23:34:10 --> Could not find the language line "Tải Excel"
ERROR - 2020-06-16 23:34:10 --> Could not find the language line "Đóng"
ERROR - 2020-06-16 23:34:10 --> Could not find the language line "Xác Nhận"
ERROR - 2020-06-16 23:34:10 --> Severity: Warning --> Invalid argument supplied for foreach() /home/admin/domains/spshd.com/public_html/khachhang/application/views/app.php 162
ERROR - 2020-06-16 23:34:10 --> Severity: Warning --> Invalid argument supplied for foreach() /home/admin/domains/spshd.com/public_html/khachhang/application/views/app.php 173
ERROR - 2020-06-16 23:34:10 --> Could not find the language line "Đóng"
ERROR - 2020-06-16 23:34:10 --> Could not find the language line "Xác Nhận"
ERROR - 2020-06-16 23:34:10 --> Could not find the language line "Đóng"
ERROR - 2020-06-16 23:34:10 --> Could not find the language line "Xác Nhận"
ERROR - 2020-06-16 23:34:10 --> Could not find the language line "Đóng"
ERROR - 2020-06-16 23:34:10 --> Could not find the language line "Tải"
ERROR - 2020-06-16 23:34:10 --> Could not find the language line "Tạo Điểm Lấy Hàng"
ERROR - 2020-06-16 23:34:10 --> Could not find the language line "Tạo Đơn Hàng"
ERROR - 2020-06-16 23:34:10 --> Could not find the language line "Tải Excel"
ERROR - 2020-06-16 23:34:10 --> Could not find the language line "Đóng"
ERROR - 2020-06-16 23:34:10 --> Could not find the language line "Xác Nhận"
ERROR - 2020-06-16 23:34:10 --> Severity: Warning --> Invalid argument supplied for foreach() /home/admin/domains/spshd.com/public_html/khachhang/application/views/app.php 162
ERROR - 2020-06-16 23:34:10 --> Severity: Warning --> Invalid argument supplied for foreach() /home/admin/domains/spshd.com/public_html/khachhang/application/views/app.php 173
ERROR - 2020-06-16 23:34:10 --> Could not find the language line "Đóng"
ERROR - 2020-06-16 23:34:10 --> Could not find the language line "Xác Nhận"
ERROR - 2020-06-16 23:34:10 --> Could not find the language line "Đóng"
ERROR - 2020-06-16 23:34:10 --> Could not find the language line "Xác Nhận"
ERROR - 2020-06-16 23:34:10 --> Could not find the language line "Đóng"
ERROR - 2020-06-16 23:34:10 --> Could not find the language line "Tải"
ERROR - 2020-06-16 23:39:21 --> Could not find the language line "Tạo Điểm Lấy Hàng"
ERROR - 2020-06-16 23:39:21 --> Could not find the language line "Tạo Đơn Hàng"
ERROR - 2020-06-16 23:39:21 --> Could not find the language line "Tải Excel"
ERROR - 2020-06-16 23:39:21 --> Could not find the language line "Đóng"
ERROR - 2020-06-16 23:39:21 --> Could not find the language line "Xác Nhận"
ERROR - 2020-06-16 23:39:21 --> Severity: Warning --> Invalid argument supplied for foreach() /home/admin/domains/spshd.com/public_html/khachhang/application/views/app.php 162
ERROR - 2020-06-16 23:39:21 --> Severity: Warning --> Invalid argument supplied for foreach() /home/admin/domains/spshd.com/public_html/khachhang/application/views/app.php 173
ERROR - 2020-06-16 23:39:21 --> Could not find the language line "Đóng"
ERROR - 2020-06-16 23:39:21 --> Could not find the language line "Xác Nhận"
ERROR - 2020-06-16 23:39:21 --> Could not find the language line "Đóng"
ERROR - 2020-06-16 23:39:21 --> Could not find the language line "Xác Nhận"
ERROR - 2020-06-16 23:39:21 --> Could not find the language line "Đóng"
ERROR - 2020-06-16 23:39:21 --> Could not find the language line "Tải"
ERROR - 2020-06-16 17:45:27 --> Could not find the language line "Email"
ERROR - 2020-06-16 17:45:27 --> Could not find the language line "password"
