ERROR - 2019-12-08 00:27:10 --> Could not find the language line "Email"
ERROR - 2019-12-08 00:27:10 --> Could not find the language line "password"
ERROR - 2019-12-08 00:27:22 --> Could not find the language line "Email"
ERROR - 2019-12-08 00:27:22 --> Could not find the language line "password"
ERROR - 2019-12-08 00:27:34 --> Could not find the language line "Email"
ERROR - 2019-12-08 00:27:34 --> Could not find the language line "password"
ERROR - 2019-12-08 00:30:48 --> Could not find the language line "Email"
ERROR - 2019-12-08 00:30:48 --> Could not find the language line "password"
ERROR - 2019-12-08 00:47:48 --> Could not find the language line "Tạo Điểm Lấy Hàng"
ERROR - 2019-12-08 00:47:48 --> Could not find the language line "Tạo Đơn Hàng"
ERROR - 2019-12-08 00:47:48 --> Severity: Warning --> Invalid argument supplied for foreach() /home/admin/domains/spshd.com/public_html/khachhang/application/views/tab4.php 394
ERROR - 2019-12-08 00:47:48 --> Could not find the language line "Đóng"
ERROR - 2019-12-08 00:47:48 --> Could not find the language line "Xác Nhận"
ERROR - 2019-12-08 00:47:48 --> Severity: Warning --> Invalid argument supplied for foreach() /home/admin/domains/spshd.com/public_html/khachhang/application/views/app.php 157
ERROR - 2019-12-08 00:47:48 --> Severity: Warning --> Invalid argument supplied for foreach() /home/admin/domains/spshd.com/public_html/khachhang/application/views/app.php 168
ERROR - 2019-12-08 00:47:48 --> Could not find the language line "Đóng"
ERROR - 2019-12-08 00:47:48 --> Could not find the language line "Xác Nhận"
ERROR - 2019-12-08 00:47:48 --> Could not find the language line "Đóng"
ERROR - 2019-12-08 00:47:48 --> Could not find the language line "Xác Nhận"
ERROR - 2019-12-08 00:48:19 --> Could not find the language line "Tạo Điểm Lấy Hàng"
ERROR - 2019-12-08 00:48:19 --> Could not find the language line "Tạo Đơn Hàng"
ERROR - 2019-12-08 00:48:19 --> Severity: Warning --> Invalid argument supplied for foreach() /home/admin/domains/spshd.com/public_html/khachhang/application/views/tab4.php 394
ERROR - 2019-12-08 00:48:19 --> Could not find the language line "Đóng"
ERROR - 2019-12-08 00:48:19 --> Could not find the language line "Xác Nhận"
ERROR - 2019-12-08 00:48:19 --> Severity: Warning --> Invalid argument supplied for foreach() /home/admin/domains/spshd.com/public_html/khachhang/application/views/app.php 157
ERROR - 2019-12-08 00:48:19 --> Severity: Warning --> Invalid argument supplied for foreach() /home/admin/domains/spshd.com/public_html/khachhang/application/views/app.php 168
ERROR - 2019-12-08 00:48:19 --> Could not find the language line "Đóng"
ERROR - 2019-12-08 00:48:19 --> Could not find the language line "Xác Nhận"
ERROR - 2019-12-08 00:48:19 --> Could not find the language line "Đóng"
ERROR - 2019-12-08 00:48:19 --> Could not find the language line "Xác Nhận"
ERROR - 2019-12-08 03:28:02 --> Could not find the language line "Tạo Điểm Lấy Hàng"
ERROR - 2019-12-08 03:28:02 --> Could not find the language line "Tạo Đơn Hàng"
ERROR - 2019-12-08 03:28:02 --> Severity: Warning --> Invalid argument supplied for foreach() /home/admin/domains/spshd.com/public_html/khachhang/application/views/tab4.php 394
ERROR - 2019-12-08 03:28:02 --> Could not find the language line "Đóng"
ERROR - 2019-12-08 03:28:02 --> Could not find the language line "Xác Nhận"
ERROR - 2019-12-08 03:28:02 --> Severity: Warning --> Invalid argument supplied for foreach() /home/admin/domains/spshd.com/public_html/khachhang/application/views/app.php 157
ERROR - 2019-12-08 03:28:02 --> Severity: Warning --> Invalid argument supplied for foreach() /home/admin/domains/spshd.com/public_html/khachhang/application/views/app.php 168
ERROR - 2019-12-08 03:28:02 --> Could not find the language line "Đóng"
ERROR - 2019-12-08 03:28:02 --> Could not find the language line "Xác Nhận"
ERROR - 2019-12-08 03:28:02 --> Could not find the language line "Đóng"
ERROR - 2019-12-08 03:28:02 --> Could not find the language line "Xác Nhận"
ERROR - 2019-12-08 03:28:25 --> Could not find the language line "Tạo Điểm Lấy Hàng"
ERROR - 2019-12-08 03:28:25 --> Could not find the language line "Tạo Đơn Hàng"
ERROR - 2019-12-08 03:28:25 --> Severity: Warning --> Invalid argument supplied for foreach() /home/admin/domains/spshd.com/public_html/khachhang/application/views/tab4.php 394
ERROR - 2019-12-08 03:28:25 --> Could not find the language line "Đóng"
ERROR - 2019-12-08 03:28:25 --> Could not find the language line "Xác Nhận"
ERROR - 2019-12-08 03:28:25 --> Severity: Warning --> Invalid argument supplied for foreach() /home/admin/domains/spshd.com/public_html/khachhang/application/views/app.php 157
ERROR - 2019-12-08 03:28:25 --> Severity: Warning --> Invalid argument supplied for foreach() /home/admin/domains/spshd.com/public_html/khachhang/application/views/app.php 168
ERROR - 2019-12-08 03:28:25 --> Could not find the language line "Đóng"
ERROR - 2019-12-08 03:28:25 --> Could not find the language line "Xác Nhận"
ERROR - 2019-12-08 03:28:25 --> Could not find the language line "Đóng"
ERROR - 2019-12-08 03:28:25 --> Could not find the language line "Xác Nhận"
ERROR - 2019-12-08 04:20:01 --> Could not find the language line "Tạo Điểm Lấy Hàng"
ERROR - 2019-12-08 04:20:01 --> Could not find the language line "Tạo Đơn Hàng"
ERROR - 2019-12-08 04:20:01 --> Severity: Warning --> Invalid argument supplied for foreach() /home/admin/domains/spshd.com/public_html/khachhang/application/views/tab4.php 394
ERROR - 2019-12-08 04:20:01 --> Could not find the language line "Đóng"
ERROR - 2019-12-08 04:20:01 --> Could not find the language line "Xác Nhận"
ERROR - 2019-12-08 04:20:01 --> Severity: Warning --> Invalid argument supplied for foreach() /home/admin/domains/spshd.com/public_html/khachhang/application/views/app.php 157
ERROR - 2019-12-08 04:20:01 --> Severity: Warning --> Invalid argument supplied for foreach() /home/admin/domains/spshd.com/public_html/khachhang/application/views/app.php 168
ERROR - 2019-12-08 04:20:01 --> Could not find the language line "Đóng"
ERROR - 2019-12-08 04:20:01 --> Could not find the language line "Xác Nhận"
ERROR - 2019-12-08 04:20:01 --> Could not find the language line "Đóng"
ERROR - 2019-12-08 04:20:01 --> Could not find the language line "Xác Nhận"
ERROR - 2019-12-08 04:39:33 --> Could not find the language line "Tạo Điểm Lấy Hàng"
ERROR - 2019-12-08 04:39:33 --> Could not find the language line "Tạo Đơn Hàng"
ERROR - 2019-12-08 04:39:33 --> Severity: Warning --> Invalid argument supplied for foreach() /home/admin/domains/spshd.com/public_html/khachhang/application/views/tab4.php 394
ERROR - 2019-12-08 04:39:33 --> Could not find the language line "Đóng"
ERROR - 2019-12-08 04:39:33 --> Could not find the language line "Xác Nhận"
ERROR - 2019-12-08 04:39:33 --> Severity: Warning --> Invalid argument supplied for foreach() /home/admin/domains/spshd.com/public_html/khachhang/application/views/app.php 157
ERROR - 2019-12-08 04:39:33 --> Severity: Warning --> Invalid argument supplied for foreach() /home/admin/domains/spshd.com/public_html/khachhang/application/views/app.php 168
ERROR - 2019-12-08 04:39:33 --> Could not find the language line "Đóng"
ERROR - 2019-12-08 04:39:33 --> Could not find the language line "Xác Nhận"
ERROR - 2019-12-08 04:39:33 --> Could not find the language line "Đóng"
ERROR - 2019-12-08 04:39:33 --> Could not find the language line "Xác Nhận"
ERROR - 2019-12-08 04:43:01 --> Could not find the language line "Tạo Điểm Lấy Hàng"
ERROR - 2019-12-08 04:43:01 --> Could not find the language line "Tạo Đơn Hàng"
ERROR - 2019-12-08 04:43:01 --> Severity: Warning --> Invalid argument supplied for foreach() /home/admin/domains/spshd.com/public_html/khachhang/application/views/tab4.php 394
ERROR - 2019-12-08 04:43:01 --> Could not find the language line "Đóng"
ERROR - 2019-12-08 04:43:01 --> Could not find the language line "Xác Nhận"
ERROR - 2019-12-08 04:43:01 --> Severity: Warning --> Invalid argument supplied for foreach() /home/admin/domains/spshd.com/public_html/khachhang/application/views/app.php 157
ERROR - 2019-12-08 04:43:01 --> Severity: Warning --> Invalid argument supplied for foreach() /home/admin/domains/spshd.com/public_html/khachhang/application/views/app.php 168
ERROR - 2019-12-08 04:43:01 --> Could not find the language line "Đóng"
ERROR - 2019-12-08 04:43:01 --> Could not find the language line "Xác Nhận"
ERROR - 2019-12-08 04:43:01 --> Could not find the language line "Đóng"
ERROR - 2019-12-08 04:43:01 --> Could not find the language line "Xác Nhận"
ERROR - 2019-12-08 06:15:06 --> Could not find the language line "Tạo Điểm Lấy Hàng"
ERROR - 2019-12-08 06:15:06 --> Could not find the language line "Tạo Đơn Hàng"
ERROR - 2019-12-08 06:15:06 --> Severity: Warning --> Invalid argument supplied for foreach() /home/admin/domains/spshd.com/public_html/khachhang/application/views/tab4.php 394
ERROR - 2019-12-08 06:15:06 --> Could not find the language line "Đóng"
ERROR - 2019-12-08 06:15:06 --> Could not find the language line "Xác Nhận"
ERROR - 2019-12-08 06:15:06 --> Severity: Warning --> Invalid argument supplied for foreach() /home/admin/domains/spshd.com/public_html/khachhang/application/views/app.php 157
ERROR - 2019-12-08 06:15:06 --> Severity: Warning --> Invalid argument supplied for foreach() /home/admin/domains/spshd.com/public_html/khachhang/application/views/app.php 168
ERROR - 2019-12-08 06:15:06 --> Could not find the language line "Đóng"
ERROR - 2019-12-08 06:15:06 --> Could not find the language line "Xác Nhận"
ERROR - 2019-12-08 06:15:06 --> Could not find the language line "Đóng"
ERROR - 2019-12-08 06:15:06 --> Could not find the language line "Xác Nhận"
ERROR - 2019-12-08 06:15:30 --> Could not find the language line "Tạo Điểm Lấy Hàng"
ERROR - 2019-12-08 06:15:30 --> Could not find the language line "Tạo Đơn Hàng"
ERROR - 2019-12-08 06:15:30 --> Severity: Warning --> Invalid argument supplied for foreach() /home/admin/domains/spshd.com/public_html/khachhang/application/views/tab4.php 394
ERROR - 2019-12-08 06:15:30 --> Could not find the language line "Đóng"
ERROR - 2019-12-08 06:15:30 --> Could not find the language line "Xác Nhận"
ERROR - 2019-12-08 06:15:30 --> Severity: Warning --> Invalid argument supplied for foreach() /home/admin/domains/spshd.com/public_html/khachhang/application/views/app.php 157
ERROR - 2019-12-08 06:15:30 --> Severity: Warning --> Invalid argument supplied for foreach() /home/admin/domains/spshd.com/public_html/khachhang/application/views/app.php 168
ERROR - 2019-12-08 06:15:30 --> Could not find the language line "Đóng"
ERROR - 2019-12-08 06:15:30 --> Could not find the language line "Xác Nhận"
ERROR - 2019-12-08 06:15:30 --> Could not find the language line "Đóng"
ERROR - 2019-12-08 06:15:30 --> Could not find the language line "Xác Nhận"
ERROR - 2019-12-08 06:57:41 --> Could not find the language line "Tạo Điểm Lấy Hàng"
ERROR - 2019-12-08 06:57:41 --> Could not find the language line "Tạo Đơn Hàng"
ERROR - 2019-12-08 06:57:41 --> Severity: Warning --> Invalid argument supplied for foreach() /home/admin/domains/spshd.com/public_html/khachhang/application/views/tab4.php 394
ERROR - 2019-12-08 06:57:41 --> Could not find the language line "Đóng"
ERROR - 2019-12-08 06:57:41 --> Could not find the language line "Xác Nhận"
ERROR - 2019-12-08 06:57:41 --> Severity: Warning --> Invalid argument supplied for foreach() /home/admin/domains/spshd.com/public_html/khachhang/application/views/app.php 157
ERROR - 2019-12-08 06:57:41 --> Severity: Warning --> Invalid argument supplied for foreach() /home/admin/domains/spshd.com/public_html/khachhang/application/views/app.php 168
ERROR - 2019-12-08 06:57:41 --> Could not find the language line "Đóng"
ERROR - 2019-12-08 06:57:41 --> Could not find the language line "Xác Nhận"
ERROR - 2019-12-08 06:57:41 --> Could not find the language line "Đóng"
ERROR - 2019-12-08 06:57:41 --> Could not find the language line "Xác Nhận"
ERROR - 2019-12-08 06:57:51 --> Could not find the language line "Tạo Điểm Lấy Hàng"
ERROR - 2019-12-08 06:57:51 --> Could not find the language line "Tạo Đơn Hàng"
ERROR - 2019-12-08 06:57:51 --> Severity: Warning --> Invalid argument supplied for foreach() /home/admin/domains/spshd.com/public_html/khachhang/application/views/tab4.php 394
ERROR - 2019-12-08 06:57:51 --> Could not find the language line "Đóng"
ERROR - 2019-12-08 06:57:51 --> Could not find the language line "Xác Nhận"
ERROR - 2019-12-08 06:57:51 --> Severity: Warning --> Invalid argument supplied for foreach() /home/admin/domains/spshd.com/public_html/khachhang/application/views/app.php 157
ERROR - 2019-12-08 06:57:51 --> Severity: Warning --> Invalid argument supplied for foreach() /home/admin/domains/spshd.com/public_html/khachhang/application/views/app.php 168
ERROR - 2019-12-08 06:57:51 --> Could not find the language line "Đóng"
ERROR - 2019-12-08 06:57:51 --> Could not find the language line "Xác Nhận"
ERROR - 2019-12-08 06:57:51 --> Could not find the language line "Đóng"
ERROR - 2019-12-08 06:57:51 --> Could not find the language line "Xác Nhận"
ERROR - 2019-12-08 07:51:55 --> Could not find the language line "Tạo Điểm Lấy Hàng"
ERROR - 2019-12-08 07:51:55 --> Could not find the language line "Tạo Đơn Hàng"
ERROR - 2019-12-08 07:51:55 --> Severity: Warning --> Invalid argument supplied for foreach() /home/admin/domains/spshd.com/public_html/khachhang/application/views/tab4.php 394
ERROR - 2019-12-08 07:51:55 --> Could not find the language line "Đóng"
ERROR - 2019-12-08 07:51:55 --> Could not find the language line "Xác Nhận"
ERROR - 2019-12-08 07:51:55 --> Severity: Warning --> Invalid argument supplied for foreach() /home/admin/domains/spshd.com/public_html/khachhang/application/views/app.php 157
ERROR - 2019-12-08 07:51:55 --> Severity: Warning --> Invalid argument supplied for foreach() /home/admin/domains/spshd.com/public_html/khachhang/application/views/app.php 168
ERROR - 2019-12-08 07:51:55 --> Could not find the language line "Đóng"
ERROR - 2019-12-08 07:51:55 --> Could not find the language line "Xác Nhận"
ERROR - 2019-12-08 07:51:55 --> Could not find the language line "Đóng"
ERROR - 2019-12-08 07:51:55 --> Could not find the language line "Xác Nhận"
ERROR - 2019-12-08 09:51:54 --> Could not find the language line "Email"
ERROR - 2019-12-08 09:51:54 --> Could not find the language line "password"
ERROR - 2019-12-08 16:07:43 --> Could not find the language line "Tạo Điểm Lấy Hàng"
ERROR - 2019-12-08 16:07:43 --> Could not find the language line "Tạo Đơn Hàng"
ERROR - 2019-12-08 16:07:43 --> Severity: Warning --> Invalid argument supplied for foreach() /home/admin/domains/spshd.com/public_html/khachhang/application/views/tab4.php 394
ERROR - 2019-12-08 16:07:43 --> Could not find the language line "Đóng"
ERROR - 2019-12-08 16:07:43 --> Could not find the language line "Xác Nhận"
ERROR - 2019-12-08 16:07:43 --> Severity: Warning --> Invalid argument supplied for foreach() /home/admin/domains/spshd.com/public_html/khachhang/application/views/app.php 157
ERROR - 2019-12-08 16:07:43 --> Severity: Warning --> Invalid argument supplied for foreach() /home/admin/domains/spshd.com/public_html/khachhang/application/views/app.php 168
ERROR - 2019-12-08 16:07:43 --> Could not find the language line "Đóng"
ERROR - 2019-12-08 16:07:43 --> Could not find the language line "Xác Nhận"
ERROR - 2019-12-08 16:07:43 --> Could not find the language line "Đóng"
ERROR - 2019-12-08 16:07:43 --> Could not find the language line "Xác Nhận"
ERROR - 2019-12-08 16:07:44 --> Could not find the language line "Email"
ERROR - 2019-12-08 16:07:44 --> Could not find the language line "password"
ERROR - 2019-12-08 16:07:47 --> Could not find the language line "Tạo Điểm Lấy Hàng"
ERROR - 2019-12-08 16:07:47 --> Could not find the language line "Tạo Đơn Hàng"
ERROR - 2019-12-08 16:07:47 --> Severity: Warning --> Invalid argument supplied for foreach() /home/admin/domains/spshd.com/public_html/khachhang/application/views/tab4.php 394
ERROR - 2019-12-08 16:07:47 --> Could not find the language line "Đóng"
ERROR - 2019-12-08 16:07:47 --> Could not find the language line "Xác Nhận"
ERROR - 2019-12-08 16:07:47 --> Severity: Warning --> Invalid argument supplied for foreach() /home/admin/domains/spshd.com/public_html/khachhang/application/views/app.php 157
ERROR - 2019-12-08 16:07:47 --> Severity: Warning --> Invalid argument supplied for foreach() /home/admin/domains/spshd.com/public_html/khachhang/application/views/app.php 168
ERROR - 2019-12-08 16:07:47 --> Could not find the language line "Đóng"
ERROR - 2019-12-08 16:07:47 --> Could not find the language line "Xác Nhận"
ERROR - 2019-12-08 16:07:47 --> Could not find the language line "Đóng"
ERROR - 2019-12-08 16:07:47 --> Could not find the language line "Xác Nhận"
ERROR - 2019-12-08 16:11:23 --> Could not find the language line "Tạo Điểm Lấy Hàng"
ERROR - 2019-12-08 16:11:23 --> Could not find the language line "Tạo Đơn Hàng"
ERROR - 2019-12-08 16:11:23 --> Severity: Warning --> Invalid argument supplied for foreach() /home/admin/domains/spshd.com/public_html/khachhang/application/views/tab4.php 394
ERROR - 2019-12-08 16:11:23 --> Could not find the language line "Đóng"
ERROR - 2019-12-08 16:11:23 --> Could not find the language line "Xác Nhận"
ERROR - 2019-12-08 16:11:23 --> Severity: Warning --> Invalid argument supplied for foreach() /home/admin/domains/spshd.com/public_html/khachhang/application/views/app.php 157
ERROR - 2019-12-08 16:11:23 --> Severity: Warning --> Invalid argument supplied for foreach() /home/admin/domains/spshd.com/public_html/khachhang/application/views/app.php 168
ERROR - 2019-12-08 16:11:23 --> Could not find the language line "Đóng"
ERROR - 2019-12-08 16:11:23 --> Could not find the language line "Xác Nhận"
ERROR - 2019-12-08 16:11:23 --> Could not find the language line "Đóng"
ERROR - 2019-12-08 16:11:23 --> Could not find the language line "Xác Nhận"
ERROR - 2019-12-08 16:25:45 --> Could not find the language line "Tạo Điểm Lấy Hàng"
ERROR - 2019-12-08 16:25:45 --> Could not find the language line "Tạo Đơn Hàng"
ERROR - 2019-12-08 16:25:45 --> Severity: Warning --> Invalid argument supplied for foreach() /home/admin/domains/spshd.com/public_html/khachhang/application/views/tab4.php 394
ERROR - 2019-12-08 16:25:45 --> Could not find the language line "Đóng"
ERROR - 2019-12-08 16:25:45 --> Could not find the language line "Xác Nhận"
ERROR - 2019-12-08 16:25:45 --> Severity: Warning --> Invalid argument supplied for foreach() /home/admin/domains/spshd.com/public_html/khachhang/application/views/app.php 157
ERROR - 2019-12-08 16:25:45 --> Severity: Warning --> Invalid argument supplied for foreach() /home/admin/domains/spshd.com/public_html/khachhang/application/views/app.php 168
ERROR - 2019-12-08 16:25:45 --> Could not find the language line "Đóng"
ERROR - 2019-12-08 16:25:45 --> Could not find the language line "Xác Nhận"
ERROR - 2019-12-08 16:25:45 --> Could not find the language line "Đóng"
ERROR - 2019-12-08 16:25:45 --> Could not find the language line "Xác Nhận"
