ERROR - 2020-05-28 07:19:15 --> Could not find the language line "Tạo Điểm Lấy Hàng"
ERROR - 2020-05-28 07:19:15 --> Could not find the language line "Tạo Đơn Hàng"
ERROR - 2020-05-28 07:19:15 --> Could not find the language line "Tải Excel"
ERROR - 2020-05-28 07:19:15 --> Could not find the language line "Đóng"
ERROR - 2020-05-28 07:19:15 --> Could not find the language line "Xác Nhận"
ERROR - 2020-05-28 07:19:15 --> Severity: Warning --> Invalid argument supplied for foreach() /home/admin/domains/spshd.com/public_html/khachhang/application/views/app.php 162
ERROR - 2020-05-28 07:19:15 --> Severity: Warning --> Invalid argument supplied for foreach() /home/admin/domains/spshd.com/public_html/khachhang/application/views/app.php 173
ERROR - 2020-05-28 07:19:15 --> Could not find the language line "Đóng"
ERROR - 2020-05-28 07:19:15 --> Could not find the language line "Xác Nhận"
ERROR - 2020-05-28 07:19:15 --> Could not find the language line "Đóng"
ERROR - 2020-05-28 07:19:15 --> Could not find the language line "Xác Nhận"
ERROR - 2020-05-28 07:19:15 --> Could not find the language line "Đóng"
ERROR - 2020-05-28 07:19:15 --> Could not find the language line "Tải"
ERROR - 2020-05-28 07:19:35 --> Could not find the language line "Tạo Điểm Lấy Hàng"
ERROR - 2020-05-28 07:19:35 --> Could not find the language line "Tạo Đơn Hàng"
ERROR - 2020-05-28 07:19:35 --> Could not find the language line "Tải Excel"
ERROR - 2020-05-28 07:19:35 --> Could not find the language line "Đóng"
ERROR - 2020-05-28 07:19:35 --> Could not find the language line "Xác Nhận"
ERROR - 2020-05-28 07:19:35 --> Severity: Warning --> Invalid argument supplied for foreach() /home/admin/domains/spshd.com/public_html/khachhang/application/views/app.php 162
ERROR - 2020-05-28 07:19:35 --> Severity: Warning --> Invalid argument supplied for foreach() /home/admin/domains/spshd.com/public_html/khachhang/application/views/app.php 173
ERROR - 2020-05-28 07:19:35 --> Could not find the language line "Đóng"
ERROR - 2020-05-28 07:19:35 --> Could not find the language line "Xác Nhận"
ERROR - 2020-05-28 07:19:35 --> Could not find the language line "Đóng"
ERROR - 2020-05-28 07:19:35 --> Could not find the language line "Xác Nhận"
ERROR - 2020-05-28 07:19:35 --> Could not find the language line "Đóng"
ERROR - 2020-05-28 07:19:35 --> Could not find the language line "Tải"
ERROR - 2020-05-28 07:19:59 --> Could not find the language line "Tạo Điểm Lấy Hàng"
ERROR - 2020-05-28 07:19:59 --> Could not find the language line "Tạo Đơn Hàng"
ERROR - 2020-05-28 07:19:59 --> Could not find the language line "Tải Excel"
ERROR - 2020-05-28 07:19:59 --> Could not find the language line "Đóng"
ERROR - 2020-05-28 07:19:59 --> Could not find the language line "Xác Nhận"
ERROR - 2020-05-28 07:19:59 --> Severity: Warning --> Invalid argument supplied for foreach() /home/admin/domains/spshd.com/public_html/khachhang/application/views/app.php 162
ERROR - 2020-05-28 07:19:59 --> Severity: Warning --> Invalid argument supplied for foreach() /home/admin/domains/spshd.com/public_html/khachhang/application/views/app.php 173
ERROR - 2020-05-28 07:19:59 --> Could not find the language line "Đóng"
ERROR - 2020-05-28 07:19:59 --> Could not find the language line "Xác Nhận"
ERROR - 2020-05-28 07:19:59 --> Could not find the language line "Đóng"
ERROR - 2020-05-28 07:19:59 --> Could not find the language line "Xác Nhận"
ERROR - 2020-05-28 07:19:59 --> Could not find the language line "Đóng"
ERROR - 2020-05-28 07:19:59 --> Could not find the language line "Tải"
ERROR - 2020-05-28 07:25:15 --> Could not find the language line "Tạo Điểm Lấy Hàng"
ERROR - 2020-05-28 07:25:15 --> Could not find the language line "Tạo Đơn Hàng"
ERROR - 2020-05-28 07:25:15 --> Could not find the language line "Tải Excel"
ERROR - 2020-05-28 07:25:15 --> Could not find the language line "Đóng"
ERROR - 2020-05-28 07:25:15 --> Could not find the language line "Xác Nhận"
ERROR - 2020-05-28 07:25:15 --> Severity: Warning --> Invalid argument supplied for foreach() /home/admin/domains/spshd.com/public_html/khachhang/application/views/app.php 162
ERROR - 2020-05-28 07:25:15 --> Severity: Warning --> Invalid argument supplied for foreach() /home/admin/domains/spshd.com/public_html/khachhang/application/views/app.php 173
ERROR - 2020-05-28 07:25:15 --> Could not find the language line "Đóng"
ERROR - 2020-05-28 07:25:15 --> Could not find the language line "Xác Nhận"
ERROR - 2020-05-28 07:25:15 --> Could not find the language line "Đóng"
ERROR - 2020-05-28 07:25:15 --> Could not find the language line "Xác Nhận"
ERROR - 2020-05-28 07:25:15 --> Could not find the language line "Đóng"
ERROR - 2020-05-28 07:25:15 --> Could not find the language line "Tải"
ERROR - 2020-05-28 02:02:10 --> Could not find the language line "Email"
ERROR - 2020-05-28 02:02:10 --> Could not find the language line "password"
ERROR - 2020-05-28 08:05:13 --> Could not find the language line "Tạo Điểm Lấy Hàng"
ERROR - 2020-05-28 08:05:13 --> Could not find the language line "Tạo Đơn Hàng"
ERROR - 2020-05-28 08:05:13 --> Could not find the language line "Tải Excel"
ERROR - 2020-05-28 08:05:13 --> Could not find the language line "Đóng"
ERROR - 2020-05-28 08:05:13 --> Could not find the language line "Xác Nhận"
ERROR - 2020-05-28 08:05:13 --> Severity: Warning --> Invalid argument supplied for foreach() /home/admin/domains/spshd.com/public_html/khachhang/application/views/app.php 162
ERROR - 2020-05-28 08:05:13 --> Severity: Warning --> Invalid argument supplied for foreach() /home/admin/domains/spshd.com/public_html/khachhang/application/views/app.php 173
ERROR - 2020-05-28 08:05:13 --> Could not find the language line "Đóng"
ERROR - 2020-05-28 08:05:13 --> Could not find the language line "Xác Nhận"
ERROR - 2020-05-28 08:05:13 --> Could not find the language line "Đóng"
ERROR - 2020-05-28 08:05:13 --> Could not find the language line "Xác Nhận"
ERROR - 2020-05-28 08:05:13 --> Could not find the language line "Đóng"
ERROR - 2020-05-28 08:05:13 --> Could not find the language line "Tải"
ERROR - 2020-05-28 02:05:16 --> Could not find the language line "Email"
ERROR - 2020-05-28 02:05:16 --> Could not find the language line "password"
ERROR - 2020-05-28 08:31:46 --> Could not find the language line "Tạo Điểm Lấy Hàng"
ERROR - 2020-05-28 08:31:46 --> Could not find the language line "Tạo Đơn Hàng"
ERROR - 2020-05-28 08:31:46 --> Could not find the language line "Tải Excel"
ERROR - 2020-05-28 08:31:46 --> Could not find the language line "Đóng"
ERROR - 2020-05-28 08:31:46 --> Could not find the language line "Xác Nhận"
ERROR - 2020-05-28 08:31:46 --> Severity: Warning --> Invalid argument supplied for foreach() /home/admin/domains/spshd.com/public_html/khachhang/application/views/app.php 162
ERROR - 2020-05-28 08:31:46 --> Severity: Warning --> Invalid argument supplied for foreach() /home/admin/domains/spshd.com/public_html/khachhang/application/views/app.php 173
ERROR - 2020-05-28 08:31:46 --> Could not find the language line "Đóng"
ERROR - 2020-05-28 08:31:46 --> Could not find the language line "Xác Nhận"
ERROR - 2020-05-28 08:31:46 --> Could not find the language line "Đóng"
ERROR - 2020-05-28 08:31:46 --> Could not find the language line "Xác Nhận"
ERROR - 2020-05-28 08:31:46 --> Could not find the language line "Đóng"
ERROR - 2020-05-28 08:31:46 --> Could not find the language line "Tải"
ERROR - 2020-05-28 02:51:32 --> Could not find the language line "Email"
ERROR - 2020-05-28 02:51:32 --> Could not find the language line "password"
ERROR - 2020-05-28 08:51:35 --> Could not find the language line "Tạo Điểm Lấy Hàng"
ERROR - 2020-05-28 08:51:35 --> Could not find the language line "Tạo Đơn Hàng"
ERROR - 2020-05-28 08:51:35 --> Could not find the language line "Tải Excel"
ERROR - 2020-05-28 08:51:35 --> Could not find the language line "Đóng"
ERROR - 2020-05-28 08:51:35 --> Could not find the language line "Xác Nhận"
ERROR - 2020-05-28 08:51:35 --> Severity: Warning --> Invalid argument supplied for foreach() /home/admin/domains/spshd.com/public_html/khachhang/application/views/app.php 162
ERROR - 2020-05-28 08:51:35 --> Severity: Warning --> Invalid argument supplied for foreach() /home/admin/domains/spshd.com/public_html/khachhang/application/views/app.php 173
ERROR - 2020-05-28 08:51:35 --> Could not find the language line "Đóng"
ERROR - 2020-05-28 08:51:35 --> Could not find the language line "Xác Nhận"
ERROR - 2020-05-28 08:51:35 --> Could not find the language line "Đóng"
ERROR - 2020-05-28 08:51:35 --> Could not find the language line "Xác Nhận"
ERROR - 2020-05-28 08:51:35 --> Could not find the language line "Đóng"
ERROR - 2020-05-28 08:51:35 --> Could not find the language line "Tải"
ERROR - 2020-05-28 09:06:02 --> Could not find the language line "Tạo Điểm Lấy Hàng"
ERROR - 2020-05-28 09:06:02 --> Could not find the language line "Tạo Đơn Hàng"
ERROR - 2020-05-28 09:06:02 --> Could not find the language line "Tải Excel"
ERROR - 2020-05-28 09:06:02 --> Could not find the language line "Đóng"
ERROR - 2020-05-28 09:06:02 --> Could not find the language line "Xác Nhận"
ERROR - 2020-05-28 09:06:02 --> Severity: Warning --> Invalid argument supplied for foreach() /home/admin/domains/spshd.com/public_html/khachhang/application/views/app.php 162
ERROR - 2020-05-28 09:06:02 --> Severity: Warning --> Invalid argument supplied for foreach() /home/admin/domains/spshd.com/public_html/khachhang/application/views/app.php 173
ERROR - 2020-05-28 09:06:02 --> Could not find the language line "Đóng"
ERROR - 2020-05-28 09:06:02 --> Could not find the language line "Xác Nhận"
ERROR - 2020-05-28 09:06:02 --> Could not find the language line "Đóng"
ERROR - 2020-05-28 09:06:02 --> Could not find the language line "Xác Nhận"
ERROR - 2020-05-28 09:06:02 --> Could not find the language line "Đóng"
ERROR - 2020-05-28 09:06:02 --> Could not find the language line "Tải"
ERROR - 2020-05-28 09:06:18 --> Could not find the language line "Tạo Điểm Lấy Hàng"
ERROR - 2020-05-28 09:06:18 --> Could not find the language line "Tạo Đơn Hàng"
ERROR - 2020-05-28 09:06:18 --> Could not find the language line "Tải Excel"
ERROR - 2020-05-28 09:06:18 --> Could not find the language line "Đóng"
ERROR - 2020-05-28 09:06:18 --> Could not find the language line "Xác Nhận"
ERROR - 2020-05-28 09:06:18 --> Severity: Warning --> Invalid argument supplied for foreach() /home/admin/domains/spshd.com/public_html/khachhang/application/views/app.php 162
ERROR - 2020-05-28 09:06:18 --> Severity: Warning --> Invalid argument supplied for foreach() /home/admin/domains/spshd.com/public_html/khachhang/application/views/app.php 173
ERROR - 2020-05-28 09:06:18 --> Could not find the language line "Đóng"
ERROR - 2020-05-28 09:06:18 --> Could not find the language line "Xác Nhận"
ERROR - 2020-05-28 09:06:18 --> Could not find the language line "Đóng"
ERROR - 2020-05-28 09:06:18 --> Could not find the language line "Xác Nhận"
ERROR - 2020-05-28 09:06:18 --> Could not find the language line "Đóng"
ERROR - 2020-05-28 09:06:18 --> Could not find the language line "Tải"
ERROR - 2020-05-28 09:17:20 --> Could not find the language line "Tạo Điểm Lấy Hàng"
ERROR - 2020-05-28 09:17:20 --> Could not find the language line "Tạo Đơn Hàng"
ERROR - 2020-05-28 09:17:20 --> Could not find the language line "Tải Excel"
ERROR - 2020-05-28 09:17:20 --> Could not find the language line "Đóng"
ERROR - 2020-05-28 09:17:20 --> Could not find the language line "Xác Nhận"
ERROR - 2020-05-28 09:17:20 --> Severity: Warning --> Invalid argument supplied for foreach() /home/admin/domains/spshd.com/public_html/khachhang/application/views/app.php 162
ERROR - 2020-05-28 09:17:20 --> Severity: Warning --> Invalid argument supplied for foreach() /home/admin/domains/spshd.com/public_html/khachhang/application/views/app.php 173
ERROR - 2020-05-28 09:17:20 --> Could not find the language line "Đóng"
ERROR - 2020-05-28 09:17:20 --> Could not find the language line "Xác Nhận"
ERROR - 2020-05-28 09:17:20 --> Could not find the language line "Đóng"
ERROR - 2020-05-28 09:17:20 --> Could not find the language line "Xác Nhận"
ERROR - 2020-05-28 09:17:20 --> Could not find the language line "Đóng"
ERROR - 2020-05-28 09:17:20 --> Could not find the language line "Tải"
ERROR - 2020-05-28 09:21:09 --> Could not find the language line "Tạo Điểm Lấy Hàng"
ERROR - 2020-05-28 09:21:09 --> Could not find the language line "Tạo Đơn Hàng"
ERROR - 2020-05-28 09:21:09 --> Could not find the language line "Tải Excel"
ERROR - 2020-05-28 09:21:09 --> Could not find the language line "Đóng"
ERROR - 2020-05-28 09:21:09 --> Could not find the language line "Xác Nhận"
ERROR - 2020-05-28 09:21:09 --> Severity: Warning --> Invalid argument supplied for foreach() /home/admin/domains/spshd.com/public_html/khachhang/application/views/app.php 162
ERROR - 2020-05-28 09:21:09 --> Severity: Warning --> Invalid argument supplied for foreach() /home/admin/domains/spshd.com/public_html/khachhang/application/views/app.php 173
ERROR - 2020-05-28 09:21:09 --> Could not find the language line "Đóng"
ERROR - 2020-05-28 09:21:09 --> Could not find the language line "Xác Nhận"
ERROR - 2020-05-28 09:21:09 --> Could not find the language line "Đóng"
ERROR - 2020-05-28 09:21:09 --> Could not find the language line "Xác Nhận"
ERROR - 2020-05-28 09:21:09 --> Could not find the language line "Đóng"
ERROR - 2020-05-28 09:21:09 --> Could not find the language line "Tải"
ERROR - 2020-05-28 09:21:09 --> Could not find the language line "Tạo Điểm Lấy Hàng"
ERROR - 2020-05-28 09:21:09 --> Could not find the language line "Tạo Đơn Hàng"
ERROR - 2020-05-28 09:21:09 --> Could not find the language line "Tải Excel"
ERROR - 2020-05-28 09:21:09 --> Could not find the language line "Đóng"
ERROR - 2020-05-28 09:21:09 --> Could not find the language line "Xác Nhận"
ERROR - 2020-05-28 09:21:09 --> Severity: Warning --> Invalid argument supplied for foreach() /home/admin/domains/spshd.com/public_html/khachhang/application/views/app.php 162
ERROR - 2020-05-28 09:21:09 --> Severity: Warning --> Invalid argument supplied for foreach() /home/admin/domains/spshd.com/public_html/khachhang/application/views/app.php 173
ERROR - 2020-05-28 09:21:09 --> Could not find the language line "Đóng"
ERROR - 2020-05-28 09:21:09 --> Could not find the language line "Xác Nhận"
ERROR - 2020-05-28 09:21:09 --> Could not find the language line "Đóng"
ERROR - 2020-05-28 09:21:09 --> Could not find the language line "Xác Nhận"
ERROR - 2020-05-28 09:21:09 --> Could not find the language line "Đóng"
ERROR - 2020-05-28 09:21:09 --> Could not find the language line "Tải"
ERROR - 2020-05-28 09:44:20 --> Could not find the language line "Tạo Điểm Lấy Hàng"
ERROR - 2020-05-28 09:44:20 --> Could not find the language line "Tạo Đơn Hàng"
ERROR - 2020-05-28 09:44:20 --> Could not find the language line "Tải Excel"
ERROR - 2020-05-28 09:44:20 --> Could not find the language line "Đóng"
ERROR - 2020-05-28 09:44:20 --> Could not find the language line "Xác Nhận"
ERROR - 2020-05-28 09:44:20 --> Severity: Warning --> Invalid argument supplied for foreach() /home/admin/domains/spshd.com/public_html/khachhang/application/views/app.php 162
ERROR - 2020-05-28 09:44:20 --> Severity: Warning --> Invalid argument supplied for foreach() /home/admin/domains/spshd.com/public_html/khachhang/application/views/app.php 173
ERROR - 2020-05-28 09:44:20 --> Could not find the language line "Đóng"
ERROR - 2020-05-28 09:44:20 --> Could not find the language line "Xác Nhận"
ERROR - 2020-05-28 09:44:20 --> Could not find the language line "Đóng"
ERROR - 2020-05-28 09:44:20 --> Could not find the language line "Xác Nhận"
ERROR - 2020-05-28 09:44:20 --> Could not find the language line "Đóng"
ERROR - 2020-05-28 09:44:20 --> Could not find the language line "Tải"
ERROR - 2020-05-28 09:47:48 --> Could not find the language line "Tạo Điểm Lấy Hàng"
ERROR - 2020-05-28 09:47:48 --> Could not find the language line "Tạo Đơn Hàng"
ERROR - 2020-05-28 09:47:48 --> Could not find the language line "Tải Excel"
ERROR - 2020-05-28 09:47:48 --> Could not find the language line "Đóng"
ERROR - 2020-05-28 09:47:48 --> Could not find the language line "Xác Nhận"
ERROR - 2020-05-28 09:47:48 --> Severity: Warning --> Invalid argument supplied for foreach() /home/admin/domains/spshd.com/public_html/khachhang/application/views/app.php 162
ERROR - 2020-05-28 09:47:48 --> Severity: Warning --> Invalid argument supplied for foreach() /home/admin/domains/spshd.com/public_html/khachhang/application/views/app.php 173
ERROR - 2020-05-28 09:47:48 --> Could not find the language line "Đóng"
ERROR - 2020-05-28 09:47:48 --> Could not find the language line "Xác Nhận"
ERROR - 2020-05-28 09:47:48 --> Could not find the language line "Đóng"
ERROR - 2020-05-28 09:47:48 --> Could not find the language line "Xác Nhận"
ERROR - 2020-05-28 09:47:48 --> Could not find the language line "Đóng"
ERROR - 2020-05-28 09:47:48 --> Could not find the language line "Tải"
ERROR - 2020-05-28 10:01:56 --> Could not find the language line "Tạo Điểm Lấy Hàng"
ERROR - 2020-05-28 10:01:56 --> Could not find the language line "Tạo Đơn Hàng"
ERROR - 2020-05-28 10:01:56 --> Could not find the language line "Tải Excel"
ERROR - 2020-05-28 10:01:56 --> Could not find the language line "Đóng"
ERROR - 2020-05-28 10:01:56 --> Could not find the language line "Xác Nhận"
ERROR - 2020-05-28 10:01:56 --> Severity: Warning --> Invalid argument supplied for foreach() /home/admin/domains/spshd.com/public_html/khachhang/application/views/app.php 162
ERROR - 2020-05-28 10:01:56 --> Severity: Warning --> Invalid argument supplied for foreach() /home/admin/domains/spshd.com/public_html/khachhang/application/views/app.php 173
ERROR - 2020-05-28 10:01:56 --> Could not find the language line "Đóng"
ERROR - 2020-05-28 10:01:56 --> Could not find the language line "Xác Nhận"
ERROR - 2020-05-28 10:01:56 --> Could not find the language line "Đóng"
ERROR - 2020-05-28 10:01:56 --> Could not find the language line "Xác Nhận"
ERROR - 2020-05-28 10:01:56 --> Could not find the language line "Đóng"
ERROR - 2020-05-28 10:01:56 --> Could not find the language line "Tải"
ERROR - 2020-05-28 10:21:13 --> Could not find the language line "Tạo Điểm Lấy Hàng"
ERROR - 2020-05-28 10:21:13 --> Could not find the language line "Tạo Đơn Hàng"
ERROR - 2020-05-28 10:21:13 --> Could not find the language line "Tải Excel"
ERROR - 2020-05-28 10:21:13 --> Could not find the language line "Đóng"
ERROR - 2020-05-28 10:21:13 --> Could not find the language line "Xác Nhận"
ERROR - 2020-05-28 10:21:13 --> Severity: Warning --> Invalid argument supplied for foreach() /home/admin/domains/spshd.com/public_html/khachhang/application/views/app.php 162
ERROR - 2020-05-28 10:21:13 --> Severity: Warning --> Invalid argument supplied for foreach() /home/admin/domains/spshd.com/public_html/khachhang/application/views/app.php 173
ERROR - 2020-05-28 10:21:13 --> Could not find the language line "Đóng"
ERROR - 2020-05-28 10:21:13 --> Could not find the language line "Xác Nhận"
ERROR - 2020-05-28 10:21:13 --> Could not find the language line "Đóng"
ERROR - 2020-05-28 10:21:13 --> Could not find the language line "Xác Nhận"
ERROR - 2020-05-28 10:21:13 --> Could not find the language line "Đóng"
ERROR - 2020-05-28 10:21:13 --> Could not find the language line "Tải"
ERROR - 2020-05-28 10:27:15 --> Could not find the language line "Tạo Điểm Lấy Hàng"
ERROR - 2020-05-28 10:27:15 --> Could not find the language line "Tạo Đơn Hàng"
ERROR - 2020-05-28 10:27:15 --> Could not find the language line "Tải Excel"
ERROR - 2020-05-28 10:27:15 --> Could not find the language line "Đóng"
ERROR - 2020-05-28 10:27:15 --> Could not find the language line "Xác Nhận"
ERROR - 2020-05-28 10:27:15 --> Severity: Warning --> Invalid argument supplied for foreach() /home/admin/domains/spshd.com/public_html/khachhang/application/views/app.php 162
ERROR - 2020-05-28 10:27:15 --> Severity: Warning --> Invalid argument supplied for foreach() /home/admin/domains/spshd.com/public_html/khachhang/application/views/app.php 173
ERROR - 2020-05-28 10:27:15 --> Could not find the language line "Đóng"
ERROR - 2020-05-28 10:27:15 --> Could not find the language line "Xác Nhận"
ERROR - 2020-05-28 10:27:15 --> Could not find the language line "Đóng"
ERROR - 2020-05-28 10:27:15 --> Could not find the language line "Xác Nhận"
ERROR - 2020-05-28 10:27:15 --> Could not find the language line "Đóng"
ERROR - 2020-05-28 10:27:15 --> Could not find the language line "Tải"
ERROR - 2020-05-28 10:31:03 --> Could not find the language line "Tạo Điểm Lấy Hàng"
ERROR - 2020-05-28 10:31:03 --> Could not find the language line "Tạo Đơn Hàng"
ERROR - 2020-05-28 10:31:03 --> Could not find the language line "Tải Excel"
ERROR - 2020-05-28 10:31:03 --> Could not find the language line "Đóng"
ERROR - 2020-05-28 10:31:03 --> Could not find the language line "Xác Nhận"
ERROR - 2020-05-28 10:31:03 --> Severity: Warning --> Invalid argument supplied for foreach() /home/admin/domains/spshd.com/public_html/khachhang/application/views/app.php 162
ERROR - 2020-05-28 10:31:03 --> Severity: Warning --> Invalid argument supplied for foreach() /home/admin/domains/spshd.com/public_html/khachhang/application/views/app.php 173
ERROR - 2020-05-28 10:31:03 --> Could not find the language line "Đóng"
ERROR - 2020-05-28 10:31:03 --> Could not find the language line "Xác Nhận"
ERROR - 2020-05-28 10:31:03 --> Could not find the language line "Đóng"
ERROR - 2020-05-28 10:31:03 --> Could not find the language line "Xác Nhận"
ERROR - 2020-05-28 10:31:03 --> Could not find the language line "Đóng"
ERROR - 2020-05-28 10:31:03 --> Could not find the language line "Tải"
ERROR - 2020-05-28 10:31:04 --> Could not find the language line "Tạo Điểm Lấy Hàng"
ERROR - 2020-05-28 10:31:04 --> Could not find the language line "Tạo Đơn Hàng"
ERROR - 2020-05-28 10:31:04 --> Could not find the language line "Tải Excel"
ERROR - 2020-05-28 10:31:04 --> Could not find the language line "Đóng"
ERROR - 2020-05-28 10:31:04 --> Could not find the language line "Xác Nhận"
ERROR - 2020-05-28 10:31:04 --> Severity: Warning --> Invalid argument supplied for foreach() /home/admin/domains/spshd.com/public_html/khachhang/application/views/app.php 162
ERROR - 2020-05-28 10:31:04 --> Severity: Warning --> Invalid argument supplied for foreach() /home/admin/domains/spshd.com/public_html/khachhang/application/views/app.php 173
ERROR - 2020-05-28 10:31:04 --> Could not find the language line "Đóng"
ERROR - 2020-05-28 10:31:04 --> Could not find the language line "Xác Nhận"
ERROR - 2020-05-28 10:31:04 --> Could not find the language line "Đóng"
ERROR - 2020-05-28 10:31:04 --> Could not find the language line "Xác Nhận"
ERROR - 2020-05-28 10:31:04 --> Could not find the language line "Đóng"
ERROR - 2020-05-28 10:31:04 --> Could not find the language line "Tải"
ERROR - 2020-05-28 10:46:42 --> Could not find the language line "Tạo Điểm Lấy Hàng"
ERROR - 2020-05-28 10:46:42 --> Could not find the language line "Tạo Đơn Hàng"
ERROR - 2020-05-28 10:46:42 --> Could not find the language line "Tải Excel"
ERROR - 2020-05-28 10:46:42 --> Could not find the language line "Đóng"
ERROR - 2020-05-28 10:46:42 --> Could not find the language line "Xác Nhận"
ERROR - 2020-05-28 10:46:42 --> Severity: Warning --> Invalid argument supplied for foreach() /home/admin/domains/spshd.com/public_html/khachhang/application/views/app.php 162
ERROR - 2020-05-28 10:46:42 --> Severity: Warning --> Invalid argument supplied for foreach() /home/admin/domains/spshd.com/public_html/khachhang/application/views/app.php 173
ERROR - 2020-05-28 10:46:42 --> Could not find the language line "Đóng"
ERROR - 2020-05-28 10:46:42 --> Could not find the language line "Xác Nhận"
ERROR - 2020-05-28 10:46:42 --> Could not find the language line "Đóng"
ERROR - 2020-05-28 10:46:42 --> Could not find the language line "Xác Nhận"
ERROR - 2020-05-28 10:46:42 --> Could not find the language line "Đóng"
ERROR - 2020-05-28 10:46:42 --> Could not find the language line "Tải"
ERROR - 2020-05-28 10:52:30 --> Could not find the language line "Tạo Điểm Lấy Hàng"
ERROR - 2020-05-28 10:52:30 --> Could not find the language line "Tạo Đơn Hàng"
ERROR - 2020-05-28 10:52:30 --> Could not find the language line "Tải Excel"
ERROR - 2020-05-28 10:52:30 --> Could not find the language line "Đóng"
ERROR - 2020-05-28 10:52:30 --> Could not find the language line "Xác Nhận"
ERROR - 2020-05-28 10:52:30 --> Severity: Warning --> Invalid argument supplied for foreach() /home/admin/domains/spshd.com/public_html/khachhang/application/views/app.php 162
ERROR - 2020-05-28 10:52:30 --> Severity: Warning --> Invalid argument supplied for foreach() /home/admin/domains/spshd.com/public_html/khachhang/application/views/app.php 173
ERROR - 2020-05-28 10:52:30 --> Could not find the language line "Đóng"
ERROR - 2020-05-28 10:52:30 --> Could not find the language line "Xác Nhận"
ERROR - 2020-05-28 10:52:30 --> Could not find the language line "Đóng"
ERROR - 2020-05-28 10:52:30 --> Could not find the language line "Xác Nhận"
ERROR - 2020-05-28 10:52:30 --> Could not find the language line "Đóng"
ERROR - 2020-05-28 10:52:30 --> Could not find the language line "Tải"
ERROR - 2020-05-28 11:18:59 --> Could not find the language line "Tạo Điểm Lấy Hàng"
ERROR - 2020-05-28 11:18:59 --> Could not find the language line "Tạo Đơn Hàng"
ERROR - 2020-05-28 11:18:59 --> Could not find the language line "Tải Excel"
ERROR - 2020-05-28 11:18:59 --> Could not find the language line "Đóng"
ERROR - 2020-05-28 11:18:59 --> Could not find the language line "Xác Nhận"
ERROR - 2020-05-28 11:18:59 --> Severity: Warning --> Invalid argument supplied for foreach() /home/admin/domains/spshd.com/public_html/khachhang/application/views/app.php 162
ERROR - 2020-05-28 11:18:59 --> Severity: Warning --> Invalid argument supplied for foreach() /home/admin/domains/spshd.com/public_html/khachhang/application/views/app.php 173
ERROR - 2020-05-28 11:18:59 --> Could not find the language line "Đóng"
ERROR - 2020-05-28 11:18:59 --> Could not find the language line "Xác Nhận"
ERROR - 2020-05-28 11:18:59 --> Could not find the language line "Đóng"
ERROR - 2020-05-28 11:18:59 --> Could not find the language line "Xác Nhận"
ERROR - 2020-05-28 11:18:59 --> Could not find the language line "Đóng"
ERROR - 2020-05-28 11:18:59 --> Could not find the language line "Tải"
ERROR - 2020-05-28 06:22:27 --> Could not find the language line "Email"
ERROR - 2020-05-28 06:22:27 --> Could not find the language line "password"
ERROR - 2020-05-28 12:24:14 --> Could not find the language line "Tạo Điểm Lấy Hàng"
ERROR - 2020-05-28 12:24:14 --> Could not find the language line "Tạo Đơn Hàng"
ERROR - 2020-05-28 12:24:14 --> Could not find the language line "Tải Excel"
ERROR - 2020-05-28 12:24:14 --> Could not find the language line "Đóng"
ERROR - 2020-05-28 12:24:14 --> Could not find the language line "Xác Nhận"
ERROR - 2020-05-28 12:24:14 --> Severity: Warning --> Invalid argument supplied for foreach() /home/admin/domains/spshd.com/public_html/khachhang/application/views/app.php 162
ERROR - 2020-05-28 12:24:14 --> Severity: Warning --> Invalid argument supplied for foreach() /home/admin/domains/spshd.com/public_html/khachhang/application/views/app.php 173
ERROR - 2020-05-28 12:24:14 --> Could not find the language line "Đóng"
ERROR - 2020-05-28 12:24:14 --> Could not find the language line "Xác Nhận"
ERROR - 2020-05-28 12:24:14 --> Could not find the language line "Đóng"
ERROR - 2020-05-28 12:24:14 --> Could not find the language line "Xác Nhận"
ERROR - 2020-05-28 12:24:14 --> Could not find the language line "Đóng"
ERROR - 2020-05-28 12:24:14 --> Could not find the language line "Tải"
ERROR - 2020-05-28 06:28:05 --> Could not find the language line "Email"
ERROR - 2020-05-28 06:28:05 --> Could not find the language line "password"
ERROR - 2020-05-28 13:12:13 --> Could not find the language line "Tạo Điểm Lấy Hàng"
ERROR - 2020-05-28 13:12:13 --> Could not find the language line "Tạo Đơn Hàng"
ERROR - 2020-05-28 13:12:13 --> Could not find the language line "Tải Excel"
ERROR - 2020-05-28 13:12:13 --> Could not find the language line "Đóng"
ERROR - 2020-05-28 13:12:13 --> Could not find the language line "Xác Nhận"
ERROR - 2020-05-28 13:12:13 --> Severity: Warning --> Invalid argument supplied for foreach() /home/admin/domains/spshd.com/public_html/khachhang/application/views/app.php 162
ERROR - 2020-05-28 13:12:13 --> Severity: Warning --> Invalid argument supplied for foreach() /home/admin/domains/spshd.com/public_html/khachhang/application/views/app.php 173
ERROR - 2020-05-28 13:12:13 --> Could not find the language line "Đóng"
ERROR - 2020-05-28 13:12:13 --> Could not find the language line "Xác Nhận"
ERROR - 2020-05-28 13:12:13 --> Could not find the language line "Đóng"
ERROR - 2020-05-28 13:12:13 --> Could not find the language line "Xác Nhận"
ERROR - 2020-05-28 13:12:13 --> Could not find the language line "Đóng"
ERROR - 2020-05-28 13:12:13 --> Could not find the language line "Tải"
ERROR - 2020-05-28 13:34:45 --> Could not find the language line "Tạo Điểm Lấy Hàng"
ERROR - 2020-05-28 13:34:45 --> Could not find the language line "Tạo Đơn Hàng"
ERROR - 2020-05-28 13:34:45 --> Could not find the language line "Tải Excel"
ERROR - 2020-05-28 13:34:45 --> Could not find the language line "Đóng"
ERROR - 2020-05-28 13:34:45 --> Could not find the language line "Xác Nhận"
ERROR - 2020-05-28 13:34:45 --> Severity: Warning --> Invalid argument supplied for foreach() /home/admin/domains/spshd.com/public_html/khachhang/application/views/app.php 162
ERROR - 2020-05-28 13:34:45 --> Severity: Warning --> Invalid argument supplied for foreach() /home/admin/domains/spshd.com/public_html/khachhang/application/views/app.php 173
ERROR - 2020-05-28 13:34:45 --> Could not find the language line "Đóng"
ERROR - 2020-05-28 13:34:45 --> Could not find the language line "Xác Nhận"
ERROR - 2020-05-28 13:34:45 --> Could not find the language line "Đóng"
ERROR - 2020-05-28 13:34:45 --> Could not find the language line "Xác Nhận"
ERROR - 2020-05-28 13:34:45 --> Could not find the language line "Đóng"
ERROR - 2020-05-28 13:34:45 --> Could not find the language line "Tải"
ERROR - 2020-05-28 14:08:25 --> Could not find the language line "Tạo Điểm Lấy Hàng"
ERROR - 2020-05-28 14:08:25 --> Could not find the language line "Tạo Đơn Hàng"
ERROR - 2020-05-28 14:08:25 --> Could not find the language line "Tải Excel"
ERROR - 2020-05-28 14:08:25 --> Could not find the language line "Đóng"
ERROR - 2020-05-28 14:08:25 --> Could not find the language line "Xác Nhận"
ERROR - 2020-05-28 14:08:25 --> Severity: Warning --> Invalid argument supplied for foreach() /home/admin/domains/spshd.com/public_html/khachhang/application/views/app.php 162
ERROR - 2020-05-28 14:08:25 --> Severity: Warning --> Invalid argument supplied for foreach() /home/admin/domains/spshd.com/public_html/khachhang/application/views/app.php 173
ERROR - 2020-05-28 14:08:25 --> Could not find the language line "Đóng"
ERROR - 2020-05-28 14:08:25 --> Could not find the language line "Xác Nhận"
ERROR - 2020-05-28 14:08:25 --> Could not find the language line "Đóng"
ERROR - 2020-05-28 14:08:25 --> Could not find the language line "Xác Nhận"
ERROR - 2020-05-28 14:08:25 --> Could not find the language line "Đóng"
ERROR - 2020-05-28 14:08:25 --> Could not find the language line "Tải"
ERROR - 2020-05-28 14:18:16 --> Could not find the language line "Tạo Điểm Lấy Hàng"
ERROR - 2020-05-28 14:18:16 --> Could not find the language line "Tạo Đơn Hàng"
ERROR - 2020-05-28 14:18:16 --> Could not find the language line "Tải Excel"
ERROR - 2020-05-28 14:18:16 --> Could not find the language line "Đóng"
ERROR - 2020-05-28 14:18:16 --> Could not find the language line "Xác Nhận"
ERROR - 2020-05-28 14:18:16 --> Severity: Warning --> Invalid argument supplied for foreach() /home/admin/domains/spshd.com/public_html/khachhang/application/views/app.php 162
ERROR - 2020-05-28 14:18:16 --> Severity: Warning --> Invalid argument supplied for foreach() /home/admin/domains/spshd.com/public_html/khachhang/application/views/app.php 173
ERROR - 2020-05-28 14:18:16 --> Could not find the language line "Đóng"
ERROR - 2020-05-28 14:18:16 --> Could not find the language line "Xác Nhận"
ERROR - 2020-05-28 14:18:16 --> Could not find the language line "Đóng"
ERROR - 2020-05-28 14:18:16 --> Could not find the language line "Xác Nhận"
ERROR - 2020-05-28 14:18:16 --> Could not find the language line "Đóng"
ERROR - 2020-05-28 14:18:16 --> Could not find the language line "Tải"
ERROR - 2020-05-28 14:31:33 --> Could not find the language line "Tạo Điểm Lấy Hàng"
ERROR - 2020-05-28 14:31:33 --> Could not find the language line "Tạo Đơn Hàng"
ERROR - 2020-05-28 14:31:33 --> Could not find the language line "Tải Excel"
ERROR - 2020-05-28 14:31:33 --> Could not find the language line "Đóng"
ERROR - 2020-05-28 14:31:33 --> Could not find the language line "Xác Nhận"
ERROR - 2020-05-28 14:31:33 --> Severity: Warning --> Invalid argument supplied for foreach() /home/admin/domains/spshd.com/public_html/khachhang/application/views/app.php 162
ERROR - 2020-05-28 14:31:33 --> Severity: Warning --> Invalid argument supplied for foreach() /home/admin/domains/spshd.com/public_html/khachhang/application/views/app.php 173
ERROR - 2020-05-28 14:31:33 --> Could not find the language line "Đóng"
ERROR - 2020-05-28 14:31:33 --> Could not find the language line "Xác Nhận"
ERROR - 2020-05-28 14:31:33 --> Could not find the language line "Đóng"
ERROR - 2020-05-28 14:31:33 --> Could not find the language line "Xác Nhận"
ERROR - 2020-05-28 14:31:33 --> Could not find the language line "Đóng"
ERROR - 2020-05-28 14:31:33 --> Could not find the language line "Tải"
ERROR - 2020-05-28 14:31:38 --> Could not find the language line "Tạo Điểm Lấy Hàng"
ERROR - 2020-05-28 14:31:38 --> Could not find the language line "Tạo Đơn Hàng"
ERROR - 2020-05-28 14:31:38 --> Could not find the language line "Tải Excel"
ERROR - 2020-05-28 14:31:38 --> Could not find the language line "Đóng"
ERROR - 2020-05-28 14:31:38 --> Could not find the language line "Xác Nhận"
ERROR - 2020-05-28 14:31:38 --> Severity: Warning --> Invalid argument supplied for foreach() /home/admin/domains/spshd.com/public_html/khachhang/application/views/app.php 162
ERROR - 2020-05-28 14:31:38 --> Severity: Warning --> Invalid argument supplied for foreach() /home/admin/domains/spshd.com/public_html/khachhang/application/views/app.php 173
ERROR - 2020-05-28 14:31:38 --> Could not find the language line "Đóng"
ERROR - 2020-05-28 14:31:38 --> Could not find the language line "Xác Nhận"
ERROR - 2020-05-28 14:31:38 --> Could not find the language line "Đóng"
ERROR - 2020-05-28 14:31:38 --> Could not find the language line "Xác Nhận"
ERROR - 2020-05-28 14:31:38 --> Could not find the language line "Đóng"
ERROR - 2020-05-28 14:31:38 --> Could not find the language line "Tải"
ERROR - 2020-05-28 14:32:25 --> Could not find the language line "Tạo Điểm Lấy Hàng"
ERROR - 2020-05-28 14:32:25 --> Could not find the language line "Tạo Đơn Hàng"
ERROR - 2020-05-28 14:32:25 --> Could not find the language line "Tải Excel"
ERROR - 2020-05-28 14:32:25 --> Could not find the language line "Đóng"
ERROR - 2020-05-28 14:32:25 --> Could not find the language line "Xác Nhận"
ERROR - 2020-05-28 14:32:25 --> Severity: Warning --> Invalid argument supplied for foreach() /home/admin/domains/spshd.com/public_html/khachhang/application/views/app.php 162
ERROR - 2020-05-28 14:32:25 --> Severity: Warning --> Invalid argument supplied for foreach() /home/admin/domains/spshd.com/public_html/khachhang/application/views/app.php 173
ERROR - 2020-05-28 14:32:25 --> Could not find the language line "Đóng"
ERROR - 2020-05-28 14:32:25 --> Could not find the language line "Xác Nhận"
ERROR - 2020-05-28 14:32:25 --> Could not find the language line "Đóng"
ERROR - 2020-05-28 14:32:25 --> Could not find the language line "Xác Nhận"
ERROR - 2020-05-28 14:32:25 --> Could not find the language line "Đóng"
ERROR - 2020-05-28 14:32:25 --> Could not find the language line "Tải"
ERROR - 2020-05-28 14:40:39 --> Could not find the language line "Tạo Điểm Lấy Hàng"
ERROR - 2020-05-28 14:40:39 --> Could not find the language line "Tạo Đơn Hàng"
ERROR - 2020-05-28 14:40:39 --> Could not find the language line "Tải Excel"
ERROR - 2020-05-28 14:40:39 --> Could not find the language line "Đóng"
ERROR - 2020-05-28 14:40:39 --> Could not find the language line "Xác Nhận"
ERROR - 2020-05-28 14:40:39 --> Severity: Warning --> Invalid argument supplied for foreach() /home/admin/domains/spshd.com/public_html/khachhang/application/views/app.php 162
ERROR - 2020-05-28 14:40:39 --> Severity: Warning --> Invalid argument supplied for foreach() /home/admin/domains/spshd.com/public_html/khachhang/application/views/app.php 173
ERROR - 2020-05-28 14:40:39 --> Could not find the language line "Đóng"
ERROR - 2020-05-28 14:40:39 --> Could not find the language line "Xác Nhận"
ERROR - 2020-05-28 14:40:39 --> Could not find the language line "Đóng"
ERROR - 2020-05-28 14:40:39 --> Could not find the language line "Xác Nhận"
ERROR - 2020-05-28 14:40:39 --> Could not find the language line "Đóng"
ERROR - 2020-05-28 14:40:39 --> Could not find the language line "Tải"
ERROR - 2020-05-28 14:41:11 --> Could not find the language line "Tạo Điểm Lấy Hàng"
ERROR - 2020-05-28 14:41:11 --> Could not find the language line "Tạo Đơn Hàng"
ERROR - 2020-05-28 14:41:11 --> Could not find the language line "Tải Excel"
ERROR - 2020-05-28 14:41:11 --> Could not find the language line "Đóng"
ERROR - 2020-05-28 14:41:11 --> Could not find the language line "Xác Nhận"
ERROR - 2020-05-28 14:41:11 --> Severity: Warning --> Invalid argument supplied for foreach() /home/admin/domains/spshd.com/public_html/khachhang/application/views/app.php 162
ERROR - 2020-05-28 14:41:11 --> Severity: Warning --> Invalid argument supplied for foreach() /home/admin/domains/spshd.com/public_html/khachhang/application/views/app.php 173
ERROR - 2020-05-28 14:41:11 --> Could not find the language line "Đóng"
ERROR - 2020-05-28 14:41:11 --> Could not find the language line "Xác Nhận"
ERROR - 2020-05-28 14:41:11 --> Could not find the language line "Đóng"
ERROR - 2020-05-28 14:41:11 --> Could not find the language line "Xác Nhận"
ERROR - 2020-05-28 14:41:11 --> Could not find the language line "Đóng"
ERROR - 2020-05-28 14:41:11 --> Could not find the language line "Tải"
ERROR - 2020-05-28 14:41:49 --> Could not find the language line "Tạo Điểm Lấy Hàng"
ERROR - 2020-05-28 14:41:49 --> Could not find the language line "Tạo Đơn Hàng"
ERROR - 2020-05-28 14:41:49 --> Could not find the language line "Tải Excel"
ERROR - 2020-05-28 14:41:49 --> Could not find the language line "Đóng"
ERROR - 2020-05-28 14:41:49 --> Could not find the language line "Xác Nhận"
ERROR - 2020-05-28 14:41:49 --> Severity: Warning --> Invalid argument supplied for foreach() /home/admin/domains/spshd.com/public_html/khachhang/application/views/app.php 162
ERROR - 2020-05-28 14:41:49 --> Severity: Warning --> Invalid argument supplied for foreach() /home/admin/domains/spshd.com/public_html/khachhang/application/views/app.php 173
ERROR - 2020-05-28 14:41:49 --> Could not find the language line "Đóng"
ERROR - 2020-05-28 14:41:49 --> Could not find the language line "Xác Nhận"
ERROR - 2020-05-28 14:41:49 --> Could not find the language line "Đóng"
ERROR - 2020-05-28 14:41:49 --> Could not find the language line "Xác Nhận"
ERROR - 2020-05-28 14:41:49 --> Could not find the language line "Đóng"
ERROR - 2020-05-28 14:41:49 --> Could not find the language line "Tải"
ERROR - 2020-05-28 14:42:48 --> Could not find the language line "Tạo Điểm Lấy Hàng"
ERROR - 2020-05-28 14:42:48 --> Could not find the language line "Tạo Đơn Hàng"
ERROR - 2020-05-28 14:42:48 --> Could not find the language line "Tải Excel"
ERROR - 2020-05-28 14:42:48 --> Could not find the language line "Đóng"
ERROR - 2020-05-28 14:42:48 --> Could not find the language line "Xác Nhận"
ERROR - 2020-05-28 14:42:48 --> Severity: Warning --> Invalid argument supplied for foreach() /home/admin/domains/spshd.com/public_html/khachhang/application/views/app.php 162
ERROR - 2020-05-28 14:42:48 --> Severity: Warning --> Invalid argument supplied for foreach() /home/admin/domains/spshd.com/public_html/khachhang/application/views/app.php 173
ERROR - 2020-05-28 14:42:48 --> Could not find the language line "Đóng"
ERROR - 2020-05-28 14:42:48 --> Could not find the language line "Xác Nhận"
ERROR - 2020-05-28 14:42:48 --> Could not find the language line "Đóng"
ERROR - 2020-05-28 14:42:48 --> Could not find the language line "Xác Nhận"
ERROR - 2020-05-28 14:42:48 --> Could not find the language line "Đóng"
ERROR - 2020-05-28 14:42:48 --> Could not find the language line "Tải"
ERROR - 2020-05-28 15:02:50 --> Could not find the language line "Tạo Điểm Lấy Hàng"
ERROR - 2020-05-28 15:02:50 --> Could not find the language line "Tạo Đơn Hàng"
ERROR - 2020-05-28 15:02:50 --> Could not find the language line "Tải Excel"
ERROR - 2020-05-28 15:02:50 --> Could not find the language line "Đóng"
ERROR - 2020-05-28 15:02:50 --> Could not find the language line "Xác Nhận"
ERROR - 2020-05-28 15:02:50 --> Severity: Warning --> Invalid argument supplied for foreach() /home/admin/domains/spshd.com/public_html/khachhang/application/views/app.php 162
ERROR - 2020-05-28 15:02:50 --> Severity: Warning --> Invalid argument supplied for foreach() /home/admin/domains/spshd.com/public_html/khachhang/application/views/app.php 173
ERROR - 2020-05-28 15:02:50 --> Could not find the language line "Đóng"
ERROR - 2020-05-28 15:02:50 --> Could not find the language line "Xác Nhận"
ERROR - 2020-05-28 15:02:50 --> Could not find the language line "Đóng"
ERROR - 2020-05-28 15:02:50 --> Could not find the language line "Xác Nhận"
ERROR - 2020-05-28 15:02:50 --> Could not find the language line "Đóng"
ERROR - 2020-05-28 15:02:50 --> Could not find the language line "Tải"
ERROR - 2020-05-28 15:03:21 --> Could not find the language line "Tạo Điểm Lấy Hàng"
ERROR - 2020-05-28 15:03:21 --> Could not find the language line "Tạo Đơn Hàng"
ERROR - 2020-05-28 15:03:21 --> Could not find the language line "Tải Excel"
ERROR - 2020-05-28 15:03:21 --> Could not find the language line "Đóng"
ERROR - 2020-05-28 15:03:21 --> Could not find the language line "Xác Nhận"
ERROR - 2020-05-28 15:03:21 --> Severity: Warning --> Invalid argument supplied for foreach() /home/admin/domains/spshd.com/public_html/khachhang/application/views/app.php 162
ERROR - 2020-05-28 15:03:21 --> Severity: Warning --> Invalid argument supplied for foreach() /home/admin/domains/spshd.com/public_html/khachhang/application/views/app.php 173
ERROR - 2020-05-28 15:03:21 --> Could not find the language line "Đóng"
ERROR - 2020-05-28 15:03:21 --> Could not find the language line "Xác Nhận"
ERROR - 2020-05-28 15:03:21 --> Could not find the language line "Đóng"
ERROR - 2020-05-28 15:03:21 --> Could not find the language line "Xác Nhận"
ERROR - 2020-05-28 15:03:21 --> Could not find the language line "Đóng"
ERROR - 2020-05-28 15:03:21 --> Could not find the language line "Tải"
ERROR - 2020-05-28 16:01:38 --> Could not find the language line "Tạo Điểm Lấy Hàng"
ERROR - 2020-05-28 16:01:38 --> Could not find the language line "Tạo Đơn Hàng"
ERROR - 2020-05-28 16:01:38 --> Could not find the language line "Tải Excel"
ERROR - 2020-05-28 16:01:38 --> Could not find the language line "Đóng"
ERROR - 2020-05-28 16:01:38 --> Could not find the language line "Xác Nhận"
ERROR - 2020-05-28 16:01:38 --> Severity: Warning --> Invalid argument supplied for foreach() /home/admin/domains/spshd.com/public_html/khachhang/application/views/app.php 162
ERROR - 2020-05-28 16:01:38 --> Severity: Warning --> Invalid argument supplied for foreach() /home/admin/domains/spshd.com/public_html/khachhang/application/views/app.php 173
ERROR - 2020-05-28 16:01:38 --> Could not find the language line "Đóng"
ERROR - 2020-05-28 16:01:38 --> Could not find the language line "Xác Nhận"
ERROR - 2020-05-28 16:01:38 --> Could not find the language line "Đóng"
ERROR - 2020-05-28 16:01:38 --> Could not find the language line "Xác Nhận"
ERROR - 2020-05-28 16:01:38 --> Could not find the language line "Đóng"
ERROR - 2020-05-28 16:01:38 --> Could not find the language line "Tải"
ERROR - 2020-05-28 16:25:10 --> Could not find the language line "Tạo Điểm Lấy Hàng"
ERROR - 2020-05-28 16:25:10 --> Could not find the language line "Tạo Đơn Hàng"
ERROR - 2020-05-28 16:25:10 --> Could not find the language line "Tải Excel"
ERROR - 2020-05-28 16:25:10 --> Could not find the language line "Đóng"
ERROR - 2020-05-28 16:25:10 --> Could not find the language line "Xác Nhận"
ERROR - 2020-05-28 16:25:10 --> Severity: Warning --> Invalid argument supplied for foreach() /home/admin/domains/spshd.com/public_html/khachhang/application/views/app.php 162
ERROR - 2020-05-28 16:25:10 --> Severity: Warning --> Invalid argument supplied for foreach() /home/admin/domains/spshd.com/public_html/khachhang/application/views/app.php 173
ERROR - 2020-05-28 16:25:10 --> Could not find the language line "Đóng"
ERROR - 2020-05-28 16:25:10 --> Could not find the language line "Xác Nhận"
ERROR - 2020-05-28 16:25:10 --> Could not find the language line "Đóng"
ERROR - 2020-05-28 16:25:10 --> Could not find the language line "Xác Nhận"
ERROR - 2020-05-28 16:25:10 --> Could not find the language line "Đóng"
ERROR - 2020-05-28 16:25:10 --> Could not find the language line "Tải"
ERROR - 2020-05-28 10:30:49 --> Could not find the language line "Email"
ERROR - 2020-05-28 10:30:49 --> Could not find the language line "password"
ERROR - 2020-05-28 16:43:29 --> Could not find the language line "Tạo Điểm Lấy Hàng"
ERROR - 2020-05-28 16:43:29 --> Could not find the language line "Tạo Đơn Hàng"
ERROR - 2020-05-28 16:43:29 --> Could not find the language line "Tải Excel"
ERROR - 2020-05-28 16:43:29 --> Could not find the language line "Đóng"
ERROR - 2020-05-28 16:43:29 --> Could not find the language line "Xác Nhận"
ERROR - 2020-05-28 16:43:29 --> Severity: Warning --> Invalid argument supplied for foreach() /home/admin/domains/spshd.com/public_html/khachhang/application/views/app.php 162
ERROR - 2020-05-28 16:43:29 --> Severity: Warning --> Invalid argument supplied for foreach() /home/admin/domains/spshd.com/public_html/khachhang/application/views/app.php 173
ERROR - 2020-05-28 16:43:29 --> Could not find the language line "Đóng"
ERROR - 2020-05-28 16:43:29 --> Could not find the language line "Xác Nhận"
ERROR - 2020-05-28 16:43:29 --> Could not find the language line "Đóng"
ERROR - 2020-05-28 16:43:29 --> Could not find the language line "Xác Nhận"
ERROR - 2020-05-28 16:43:29 --> Could not find the language line "Đóng"
ERROR - 2020-05-28 16:43:29 --> Could not find the language line "Tải"
ERROR - 2020-05-28 16:43:29 --> Could not find the language line "Tạo Điểm Lấy Hàng"
ERROR - 2020-05-28 16:43:29 --> Could not find the language line "Tạo Đơn Hàng"
ERROR - 2020-05-28 16:43:29 --> Could not find the language line "Tải Excel"
ERROR - 2020-05-28 16:43:29 --> Could not find the language line "Đóng"
ERROR - 2020-05-28 16:43:29 --> Could not find the language line "Xác Nhận"
ERROR - 2020-05-28 16:43:29 --> Severity: Warning --> Invalid argument supplied for foreach() /home/admin/domains/spshd.com/public_html/khachhang/application/views/app.php 162
ERROR - 2020-05-28 16:43:29 --> Severity: Warning --> Invalid argument supplied for foreach() /home/admin/domains/spshd.com/public_html/khachhang/application/views/app.php 173
ERROR - 2020-05-28 16:43:29 --> Could not find the language line "Đóng"
ERROR - 2020-05-28 16:43:29 --> Could not find the language line "Xác Nhận"
ERROR - 2020-05-28 16:43:29 --> Could not find the language line "Đóng"
ERROR - 2020-05-28 16:43:29 --> Could not find the language line "Xác Nhận"
ERROR - 2020-05-28 16:43:29 --> Could not find the language line "Đóng"
ERROR - 2020-05-28 16:43:29 --> Could not find the language line "Tải"
ERROR - 2020-05-28 16:43:42 --> Could not find the language line "Tạo Điểm Lấy Hàng"
ERROR - 2020-05-28 16:43:42 --> Could not find the language line "Tạo Đơn Hàng"
ERROR - 2020-05-28 16:43:42 --> Could not find the language line "Tải Excel"
ERROR - 2020-05-28 16:43:42 --> Could not find the language line "Đóng"
ERROR - 2020-05-28 16:43:42 --> Could not find the language line "Xác Nhận"
ERROR - 2020-05-28 16:43:42 --> Severity: Warning --> Invalid argument supplied for foreach() /home/admin/domains/spshd.com/public_html/khachhang/application/views/app.php 162
ERROR - 2020-05-28 16:43:42 --> Severity: Warning --> Invalid argument supplied for foreach() /home/admin/domains/spshd.com/public_html/khachhang/application/views/app.php 173
ERROR - 2020-05-28 16:43:42 --> Could not find the language line "Đóng"
ERROR - 2020-05-28 16:43:42 --> Could not find the language line "Xác Nhận"
ERROR - 2020-05-28 16:43:42 --> Could not find the language line "Đóng"
ERROR - 2020-05-28 16:43:42 --> Could not find the language line "Xác Nhận"
ERROR - 2020-05-28 16:43:42 --> Could not find the language line "Đóng"
ERROR - 2020-05-28 16:43:42 --> Could not find the language line "Tải"
ERROR - 2020-05-28 16:43:59 --> Could not find the language line "Tạo Điểm Lấy Hàng"
ERROR - 2020-05-28 16:43:59 --> Could not find the language line "Tạo Đơn Hàng"
ERROR - 2020-05-28 16:43:59 --> Could not find the language line "Tải Excel"
ERROR - 2020-05-28 16:43:59 --> Could not find the language line "Đóng"
ERROR - 2020-05-28 16:43:59 --> Could not find the language line "Xác Nhận"
ERROR - 2020-05-28 16:43:59 --> Severity: Warning --> Invalid argument supplied for foreach() /home/admin/domains/spshd.com/public_html/khachhang/application/views/app.php 162
ERROR - 2020-05-28 16:43:59 --> Severity: Warning --> Invalid argument supplied for foreach() /home/admin/domains/spshd.com/public_html/khachhang/application/views/app.php 173
ERROR - 2020-05-28 16:43:59 --> Could not find the language line "Đóng"
ERROR - 2020-05-28 16:43:59 --> Could not find the language line "Xác Nhận"
ERROR - 2020-05-28 16:43:59 --> Could not find the language line "Đóng"
ERROR - 2020-05-28 16:43:59 --> Could not find the language line "Xác Nhận"
ERROR - 2020-05-28 16:43:59 --> Could not find the language line "Đóng"
ERROR - 2020-05-28 16:43:59 --> Could not find the language line "Tải"
ERROR - 2020-05-28 16:50:20 --> Could not find the language line "Tạo Điểm Lấy Hàng"
ERROR - 2020-05-28 16:50:20 --> Could not find the language line "Tạo Đơn Hàng"
ERROR - 2020-05-28 16:50:20 --> Could not find the language line "Tải Excel"
ERROR - 2020-05-28 16:50:20 --> Could not find the language line "Đóng"
ERROR - 2020-05-28 16:50:20 --> Could not find the language line "Xác Nhận"
ERROR - 2020-05-28 16:50:20 --> Severity: Warning --> Invalid argument supplied for foreach() /home/admin/domains/spshd.com/public_html/khachhang/application/views/app.php 162
ERROR - 2020-05-28 16:50:20 --> Severity: Warning --> Invalid argument supplied for foreach() /home/admin/domains/spshd.com/public_html/khachhang/application/views/app.php 173
ERROR - 2020-05-28 16:50:20 --> Could not find the language line "Đóng"
ERROR - 2020-05-28 16:50:20 --> Could not find the language line "Xác Nhận"
ERROR - 2020-05-28 16:50:20 --> Could not find the language line "Đóng"
ERROR - 2020-05-28 16:50:20 --> Could not find the language line "Xác Nhận"
ERROR - 2020-05-28 16:50:20 --> Could not find the language line "Đóng"
ERROR - 2020-05-28 16:50:20 --> Could not find the language line "Tải"
ERROR - 2020-05-28 17:15:00 --> Could not find the language line "Tạo Điểm Lấy Hàng"
ERROR - 2020-05-28 17:15:00 --> Could not find the language line "Tạo Đơn Hàng"
ERROR - 2020-05-28 17:15:00 --> Could not find the language line "Tải Excel"
ERROR - 2020-05-28 17:15:00 --> Could not find the language line "Đóng"
ERROR - 2020-05-28 17:15:00 --> Could not find the language line "Xác Nhận"
ERROR - 2020-05-28 17:15:00 --> Severity: Warning --> Invalid argument supplied for foreach() /home/admin/domains/spshd.com/public_html/khachhang/application/views/app.php 162
ERROR - 2020-05-28 17:15:00 --> Severity: Warning --> Invalid argument supplied for foreach() /home/admin/domains/spshd.com/public_html/khachhang/application/views/app.php 173
ERROR - 2020-05-28 17:15:00 --> Could not find the language line "Đóng"
ERROR - 2020-05-28 17:15:00 --> Could not find the language line "Xác Nhận"
ERROR - 2020-05-28 17:15:00 --> Could not find the language line "Đóng"
ERROR - 2020-05-28 17:15:00 --> Could not find the language line "Xác Nhận"
ERROR - 2020-05-28 17:15:00 --> Could not find the language line "Đóng"
ERROR - 2020-05-28 17:15:00 --> Could not find the language line "Tải"
ERROR - 2020-05-28 17:26:00 --> Could not find the language line "Tạo Điểm Lấy Hàng"
ERROR - 2020-05-28 17:26:00 --> Could not find the language line "Tạo Đơn Hàng"
ERROR - 2020-05-28 17:26:00 --> Could not find the language line "Tải Excel"
ERROR - 2020-05-28 17:26:00 --> Could not find the language line "Đóng"
ERROR - 2020-05-28 17:26:00 --> Could not find the language line "Xác Nhận"
ERROR - 2020-05-28 17:26:00 --> Severity: Warning --> Invalid argument supplied for foreach() /home/admin/domains/spshd.com/public_html/khachhang/application/views/app.php 162
ERROR - 2020-05-28 17:26:00 --> Severity: Warning --> Invalid argument supplied for foreach() /home/admin/domains/spshd.com/public_html/khachhang/application/views/app.php 173
ERROR - 2020-05-28 17:26:00 --> Could not find the language line "Đóng"
ERROR - 2020-05-28 17:26:00 --> Could not find the language line "Xác Nhận"
ERROR - 2020-05-28 17:26:00 --> Could not find the language line "Đóng"
ERROR - 2020-05-28 17:26:00 --> Could not find the language line "Xác Nhận"
ERROR - 2020-05-28 17:26:00 --> Could not find the language line "Đóng"
ERROR - 2020-05-28 17:26:00 --> Could not find the language line "Tải"
ERROR - 2020-05-28 18:41:41 --> Could not find the language line "Tạo Điểm Lấy Hàng"
ERROR - 2020-05-28 18:41:41 --> Could not find the language line "Tạo Đơn Hàng"
ERROR - 2020-05-28 18:41:41 --> Could not find the language line "Tải Excel"
ERROR - 2020-05-28 18:41:41 --> Could not find the language line "Đóng"
ERROR - 2020-05-28 18:41:41 --> Could not find the language line "Xác Nhận"
ERROR - 2020-05-28 18:41:41 --> Severity: Warning --> Invalid argument supplied for foreach() /home/admin/domains/spshd.com/public_html/khachhang/application/views/app.php 162
ERROR - 2020-05-28 18:41:41 --> Severity: Warning --> Invalid argument supplied for foreach() /home/admin/domains/spshd.com/public_html/khachhang/application/views/app.php 173
ERROR - 2020-05-28 18:41:41 --> Could not find the language line "Đóng"
ERROR - 2020-05-28 18:41:41 --> Could not find the language line "Xác Nhận"
ERROR - 2020-05-28 18:41:41 --> Could not find the language line "Đóng"
ERROR - 2020-05-28 18:41:41 --> Could not find the language line "Xác Nhận"
ERROR - 2020-05-28 18:41:41 --> Could not find the language line "Đóng"
ERROR - 2020-05-28 18:41:41 --> Could not find the language line "Tải"
ERROR - 2020-05-28 18:42:19 --> Could not find the language line "Tạo Điểm Lấy Hàng"
ERROR - 2020-05-28 18:42:19 --> Could not find the language line "Tạo Đơn Hàng"
ERROR - 2020-05-28 18:42:19 --> Could not find the language line "Tải Excel"
ERROR - 2020-05-28 18:42:19 --> Could not find the language line "Đóng"
ERROR - 2020-05-28 18:42:19 --> Could not find the language line "Xác Nhận"
ERROR - 2020-05-28 18:42:19 --> Severity: Warning --> Invalid argument supplied for foreach() /home/admin/domains/spshd.com/public_html/khachhang/application/views/app.php 162
ERROR - 2020-05-28 18:42:20 --> Severity: Warning --> Invalid argument supplied for foreach() /home/admin/domains/spshd.com/public_html/khachhang/application/views/app.php 173
ERROR - 2020-05-28 18:42:20 --> Could not find the language line "Đóng"
ERROR - 2020-05-28 18:42:20 --> Could not find the language line "Xác Nhận"
ERROR - 2020-05-28 18:42:20 --> Could not find the language line "Đóng"
ERROR - 2020-05-28 18:42:20 --> Could not find the language line "Xác Nhận"
ERROR - 2020-05-28 18:42:20 --> Could not find the language line "Đóng"
ERROR - 2020-05-28 18:42:20 --> Could not find the language line "Tải"
ERROR - 2020-05-28 19:08:46 --> Could not find the language line "Tạo Điểm Lấy Hàng"
ERROR - 2020-05-28 19:08:46 --> Could not find the language line "Tạo Đơn Hàng"
ERROR - 2020-05-28 19:08:46 --> Could not find the language line "Tải Excel"
ERROR - 2020-05-28 19:08:46 --> Could not find the language line "Đóng"
ERROR - 2020-05-28 19:08:46 --> Could not find the language line "Xác Nhận"
ERROR - 2020-05-28 19:08:46 --> Severity: Warning --> Invalid argument supplied for foreach() /home/admin/domains/spshd.com/public_html/khachhang/application/views/app.php 162
ERROR - 2020-05-28 19:08:46 --> Severity: Warning --> Invalid argument supplied for foreach() /home/admin/domains/spshd.com/public_html/khachhang/application/views/app.php 173
ERROR - 2020-05-28 19:08:46 --> Could not find the language line "Đóng"
ERROR - 2020-05-28 19:08:46 --> Could not find the language line "Xác Nhận"
ERROR - 2020-05-28 19:08:46 --> Could not find the language line "Đóng"
ERROR - 2020-05-28 19:08:46 --> Could not find the language line "Xác Nhận"
ERROR - 2020-05-28 19:08:46 --> Could not find the language line "Đóng"
ERROR - 2020-05-28 19:08:46 --> Could not find the language line "Tải"
ERROR - 2020-05-28 13:39:13 --> Could not find the language line "Email"
ERROR - 2020-05-28 13:39:13 --> Could not find the language line "password"
ERROR - 2020-05-28 20:06:52 --> Could not find the language line "Tạo Điểm Lấy Hàng"
ERROR - 2020-05-28 20:06:52 --> Could not find the language line "Tạo Đơn Hàng"
ERROR - 2020-05-28 20:06:52 --> Could not find the language line "Tải Excel"
ERROR - 2020-05-28 20:06:52 --> Could not find the language line "Đóng"
ERROR - 2020-05-28 20:06:52 --> Could not find the language line "Xác Nhận"
ERROR - 2020-05-28 20:06:52 --> Severity: Warning --> Invalid argument supplied for foreach() /home/admin/domains/spshd.com/public_html/khachhang/application/views/app.php 162
ERROR - 2020-05-28 20:06:52 --> Severity: Warning --> Invalid argument supplied for foreach() /home/admin/domains/spshd.com/public_html/khachhang/application/views/app.php 173
ERROR - 2020-05-28 20:06:52 --> Could not find the language line "Đóng"
ERROR - 2020-05-28 20:06:52 --> Could not find the language line "Xác Nhận"
ERROR - 2020-05-28 20:06:52 --> Could not find the language line "Đóng"
ERROR - 2020-05-28 20:06:52 --> Could not find the language line "Xác Nhận"
ERROR - 2020-05-28 20:06:52 --> Could not find the language line "Đóng"
ERROR - 2020-05-28 20:06:52 --> Could not find the language line "Tải"
ERROR - 2020-05-28 21:10:30 --> Could not find the language line "Tạo Điểm Lấy Hàng"
ERROR - 2020-05-28 21:10:30 --> Could not find the language line "Tạo Đơn Hàng"
ERROR - 2020-05-28 21:10:30 --> Could not find the language line "Tải Excel"
ERROR - 2020-05-28 21:10:30 --> Could not find the language line "Đóng"
ERROR - 2020-05-28 21:10:30 --> Could not find the language line "Xác Nhận"
ERROR - 2020-05-28 21:10:30 --> Severity: Warning --> Invalid argument supplied for foreach() /home/admin/domains/spshd.com/public_html/khachhang/application/views/app.php 162
ERROR - 2020-05-28 21:10:30 --> Severity: Warning --> Invalid argument supplied for foreach() /home/admin/domains/spshd.com/public_html/khachhang/application/views/app.php 173
ERROR - 2020-05-28 21:10:30 --> Could not find the language line "Đóng"
ERROR - 2020-05-28 21:10:30 --> Could not find the language line "Xác Nhận"
ERROR - 2020-05-28 21:10:30 --> Could not find the language line "Đóng"
ERROR - 2020-05-28 21:10:30 --> Could not find the language line "Xác Nhận"
ERROR - 2020-05-28 21:10:30 --> Could not find the language line "Đóng"
ERROR - 2020-05-28 21:10:30 --> Could not find the language line "Tải"
ERROR - 2020-05-28 15:42:53 --> Could not find the language line "Email"
ERROR - 2020-05-28 15:42:53 --> Could not find the language line "password"
ERROR - 2020-05-28 22:17:26 --> Could not find the language line "Tạo Điểm Lấy Hàng"
ERROR - 2020-05-28 22:17:26 --> Could not find the language line "Tạo Đơn Hàng"
ERROR - 2020-05-28 22:17:26 --> Could not find the language line "Tải Excel"
ERROR - 2020-05-28 22:17:26 --> Could not find the language line "Đóng"
ERROR - 2020-05-28 22:17:26 --> Could not find the language line "Xác Nhận"
ERROR - 2020-05-28 22:17:26 --> Severity: Warning --> Invalid argument supplied for foreach() /home/admin/domains/spshd.com/public_html/khachhang/application/views/app.php 162
ERROR - 2020-05-28 22:17:26 --> Severity: Warning --> Invalid argument supplied for foreach() /home/admin/domains/spshd.com/public_html/khachhang/application/views/app.php 173
ERROR - 2020-05-28 22:17:26 --> Could not find the language line "Đóng"
ERROR - 2020-05-28 22:17:26 --> Could not find the language line "Xác Nhận"
ERROR - 2020-05-28 22:17:26 --> Could not find the language line "Đóng"
ERROR - 2020-05-28 22:17:26 --> Could not find the language line "Xác Nhận"
ERROR - 2020-05-28 22:17:26 --> Could not find the language line "Đóng"
ERROR - 2020-05-28 22:17:26 --> Could not find the language line "Tải"
ERROR - 2020-05-28 22:38:57 --> Could not find the language line "Tạo Điểm Lấy Hàng"
ERROR - 2020-05-28 22:38:57 --> Could not find the language line "Tạo Đơn Hàng"
ERROR - 2020-05-28 22:38:57 --> Could not find the language line "Tải Excel"
ERROR - 2020-05-28 22:38:57 --> Could not find the language line "Đóng"
ERROR - 2020-05-28 22:38:57 --> Could not find the language line "Xác Nhận"
ERROR - 2020-05-28 22:38:57 --> Severity: Warning --> Invalid argument supplied for foreach() /home/admin/domains/spshd.com/public_html/khachhang/application/views/app.php 162
ERROR - 2020-05-28 22:38:57 --> Severity: Warning --> Invalid argument supplied for foreach() /home/admin/domains/spshd.com/public_html/khachhang/application/views/app.php 173
ERROR - 2020-05-28 22:38:57 --> Could not find the language line "Đóng"
ERROR - 2020-05-28 22:38:57 --> Could not find the language line "Xác Nhận"
ERROR - 2020-05-28 22:38:57 --> Could not find the language line "Đóng"
ERROR - 2020-05-28 22:38:57 --> Could not find the language line "Xác Nhận"
ERROR - 2020-05-28 22:38:57 --> Could not find the language line "Đóng"
ERROR - 2020-05-28 22:38:57 --> Could not find the language line "Tải"
ERROR - 2020-05-28 22:57:56 --> Could not find the language line "Tạo Điểm Lấy Hàng"
ERROR - 2020-05-28 22:57:56 --> Could not find the language line "Tạo Đơn Hàng"
ERROR - 2020-05-28 22:57:56 --> Could not find the language line "Tải Excel"
ERROR - 2020-05-28 22:57:56 --> Could not find the language line "Đóng"
ERROR - 2020-05-28 22:57:56 --> Could not find the language line "Xác Nhận"
ERROR - 2020-05-28 22:57:56 --> Severity: Warning --> Invalid argument supplied for foreach() /home/admin/domains/spshd.com/public_html/khachhang/application/views/app.php 162
ERROR - 2020-05-28 22:57:56 --> Severity: Warning --> Invalid argument supplied for foreach() /home/admin/domains/spshd.com/public_html/khachhang/application/views/app.php 173
ERROR - 2020-05-28 22:57:56 --> Could not find the language line "Đóng"
ERROR - 2020-05-28 22:57:56 --> Could not find the language line "Xác Nhận"
ERROR - 2020-05-28 22:57:56 --> Could not find the language line "Đóng"
ERROR - 2020-05-28 22:57:56 --> Could not find the language line "Xác Nhận"
ERROR - 2020-05-28 22:57:56 --> Could not find the language line "Đóng"
ERROR - 2020-05-28 22:57:56 --> Could not find the language line "Tải"
ERROR - 2020-05-28 22:58:18 --> Could not find the language line "Tạo Điểm Lấy Hàng"
ERROR - 2020-05-28 22:58:18 --> Could not find the language line "Tạo Đơn Hàng"
ERROR - 2020-05-28 22:58:18 --> Could not find the language line "Tải Excel"
ERROR - 2020-05-28 22:58:18 --> Could not find the language line "Đóng"
ERROR - 2020-05-28 22:58:18 --> Could not find the language line "Xác Nhận"
ERROR - 2020-05-28 22:58:18 --> Severity: Warning --> Invalid argument supplied for foreach() /home/admin/domains/spshd.com/public_html/khachhang/application/views/app.php 162
ERROR - 2020-05-28 22:58:18 --> Severity: Warning --> Invalid argument supplied for foreach() /home/admin/domains/spshd.com/public_html/khachhang/application/views/app.php 173
ERROR - 2020-05-28 22:58:18 --> Could not find the language line "Đóng"
ERROR - 2020-05-28 22:58:18 --> Could not find the language line "Xác Nhận"
ERROR - 2020-05-28 22:58:18 --> Could not find the language line "Đóng"
ERROR - 2020-05-28 22:58:18 --> Could not find the language line "Xác Nhận"
ERROR - 2020-05-28 22:58:18 --> Could not find the language line "Đóng"
ERROR - 2020-05-28 22:58:18 --> Could not find the language line "Tải"
ERROR - 2020-05-28 23:01:19 --> Could not find the language line "Tạo Điểm Lấy Hàng"
ERROR - 2020-05-28 23:01:19 --> Could not find the language line "Tạo Đơn Hàng"
ERROR - 2020-05-28 23:01:19 --> Could not find the language line "Tải Excel"
ERROR - 2020-05-28 23:01:19 --> Could not find the language line "Đóng"
ERROR - 2020-05-28 23:01:19 --> Could not find the language line "Xác Nhận"
ERROR - 2020-05-28 23:01:19 --> Severity: Warning --> Invalid argument supplied for foreach() /home/admin/domains/spshd.com/public_html/khachhang/application/views/app.php 162
ERROR - 2020-05-28 23:01:19 --> Severity: Warning --> Invalid argument supplied for foreach() /home/admin/domains/spshd.com/public_html/khachhang/application/views/app.php 173
ERROR - 2020-05-28 23:01:19 --> Could not find the language line "Đóng"
ERROR - 2020-05-28 23:01:19 --> Could not find the language line "Xác Nhận"
ERROR - 2020-05-28 23:01:19 --> Could not find the language line "Đóng"
ERROR - 2020-05-28 23:01:19 --> Could not find the language line "Xác Nhận"
ERROR - 2020-05-28 23:01:19 --> Could not find the language line "Đóng"
ERROR - 2020-05-28 23:01:19 --> Could not find the language line "Tải"
ERROR - 2020-05-28 23:15:37 --> Could not find the language line "Tạo Điểm Lấy Hàng"
ERROR - 2020-05-28 23:15:37 --> Could not find the language line "Tạo Đơn Hàng"
ERROR - 2020-05-28 23:15:37 --> Could not find the language line "Tải Excel"
ERROR - 2020-05-28 23:15:37 --> Could not find the language line "Đóng"
ERROR - 2020-05-28 23:15:37 --> Could not find the language line "Xác Nhận"
ERROR - 2020-05-28 23:15:37 --> Severity: Warning --> Invalid argument supplied for foreach() /home/admin/domains/spshd.com/public_html/khachhang/application/views/app.php 162
ERROR - 2020-05-28 23:15:37 --> Severity: Warning --> Invalid argument supplied for foreach() /home/admin/domains/spshd.com/public_html/khachhang/application/views/app.php 173
ERROR - 2020-05-28 23:15:37 --> Could not find the language line "Đóng"
ERROR - 2020-05-28 23:15:37 --> Could not find the language line "Xác Nhận"
ERROR - 2020-05-28 23:15:37 --> Could not find the language line "Đóng"
ERROR - 2020-05-28 23:15:37 --> Could not find the language line "Xác Nhận"
ERROR - 2020-05-28 23:15:37 --> Could not find the language line "Đóng"
ERROR - 2020-05-28 23:15:37 --> Could not find the language line "Tải"
ERROR - 2020-05-28 23:22:16 --> Could not find the language line "Tạo Điểm Lấy Hàng"
ERROR - 2020-05-28 23:22:16 --> Could not find the language line "Tạo Đơn Hàng"
ERROR - 2020-05-28 23:22:16 --> Could not find the language line "Tải Excel"
ERROR - 2020-05-28 23:22:16 --> Could not find the language line "Đóng"
ERROR - 2020-05-28 23:22:16 --> Could not find the language line "Xác Nhận"
ERROR - 2020-05-28 23:22:16 --> Severity: Warning --> Invalid argument supplied for foreach() /home/admin/domains/spshd.com/public_html/khachhang/application/views/app.php 162
ERROR - 2020-05-28 23:22:16 --> Severity: Warning --> Invalid argument supplied for foreach() /home/admin/domains/spshd.com/public_html/khachhang/application/views/app.php 173
ERROR - 2020-05-28 23:22:16 --> Could not find the language line "Đóng"
ERROR - 2020-05-28 23:22:16 --> Could not find the language line "Xác Nhận"
ERROR - 2020-05-28 23:22:16 --> Could not find the language line "Đóng"
ERROR - 2020-05-28 23:22:16 --> Could not find the language line "Xác Nhận"
ERROR - 2020-05-28 23:22:16 --> Could not find the language line "Đóng"
ERROR - 2020-05-28 23:22:16 --> Could not find the language line "Tải"
ERROR - 2020-05-28 23:22:16 --> Could not find the language line "Tạo Điểm Lấy Hàng"
ERROR - 2020-05-28 23:22:16 --> Could not find the language line "Tạo Đơn Hàng"
ERROR - 2020-05-28 23:22:16 --> Could not find the language line "Tải Excel"
ERROR - 2020-05-28 23:22:16 --> Could not find the language line "Đóng"
ERROR - 2020-05-28 23:22:16 --> Could not find the language line "Xác Nhận"
ERROR - 2020-05-28 23:22:16 --> Severity: Warning --> Invalid argument supplied for foreach() /home/admin/domains/spshd.com/public_html/khachhang/application/views/app.php 162
ERROR - 2020-05-28 23:22:16 --> Severity: Warning --> Invalid argument supplied for foreach() /home/admin/domains/spshd.com/public_html/khachhang/application/views/app.php 173
ERROR - 2020-05-28 23:22:16 --> Could not find the language line "Đóng"
ERROR - 2020-05-28 23:22:16 --> Could not find the language line "Xác Nhận"
ERROR - 2020-05-28 23:22:16 --> Could not find the language line "Đóng"
ERROR - 2020-05-28 23:22:16 --> Could not find the language line "Xác Nhận"
ERROR - 2020-05-28 23:22:16 --> Could not find the language line "Đóng"
ERROR - 2020-05-28 23:22:16 --> Could not find the language line "Tải"
ERROR - 2020-05-28 23:22:40 --> Could not find the language line "Tạo Điểm Lấy Hàng"
ERROR - 2020-05-28 23:22:40 --> Could not find the language line "Tạo Đơn Hàng"
ERROR - 2020-05-28 23:22:40 --> Could not find the language line "Tải Excel"
ERROR - 2020-05-28 23:22:40 --> Could not find the language line "Đóng"
ERROR - 2020-05-28 23:22:40 --> Could not find the language line "Xác Nhận"
ERROR - 2020-05-28 23:22:40 --> Severity: Warning --> Invalid argument supplied for foreach() /home/admin/domains/spshd.com/public_html/khachhang/application/views/app.php 162
ERROR - 2020-05-28 23:22:40 --> Severity: Warning --> Invalid argument supplied for foreach() /home/admin/domains/spshd.com/public_html/khachhang/application/views/app.php 173
ERROR - 2020-05-28 23:22:40 --> Could not find the language line "Đóng"
ERROR - 2020-05-28 23:22:40 --> Could not find the language line "Xác Nhận"
ERROR - 2020-05-28 23:22:40 --> Could not find the language line "Đóng"
ERROR - 2020-05-28 23:22:40 --> Could not find the language line "Xác Nhận"
ERROR - 2020-05-28 23:22:40 --> Could not find the language line "Đóng"
ERROR - 2020-05-28 23:22:40 --> Could not find the language line "Tải"
ERROR - 2020-05-28 21:54:56 --> Could not find the language line "Email"
ERROR - 2020-05-28 21:54:56 --> Could not find the language line "password"
