ERROR - 2020-01-02 01:35:57 --> Could not find the language line "Tạo Điểm Lấy Hàng"
ERROR - 2020-01-02 01:35:57 --> Could not find the language line "Tạo Đơn Hàng"
ERROR - 2020-01-02 01:35:57 --> Severity: Warning --> Invalid argument supplied for foreach() /home/admin/domains/spshd.com/public_html/khachhang/application/views/tab4.php 394
ERROR - 2020-01-02 01:35:57 --> Could not find the language line "Đóng"
ERROR - 2020-01-02 01:35:57 --> Could not find the language line "Xác Nhận"
ERROR - 2020-01-02 01:35:57 --> Severity: Warning --> Invalid argument supplied for foreach() /home/admin/domains/spshd.com/public_html/khachhang/application/views/app.php 157
ERROR - 2020-01-02 01:35:57 --> Severity: Warning --> Invalid argument supplied for foreach() /home/admin/domains/spshd.com/public_html/khachhang/application/views/app.php 168
ERROR - 2020-01-02 01:35:57 --> Could not find the language line "Đóng"
ERROR - 2020-01-02 01:35:57 --> Could not find the language line "Xác Nhận"
ERROR - 2020-01-02 01:35:57 --> Could not find the language line "Đóng"
ERROR - 2020-01-02 01:35:57 --> Could not find the language line "Xác Nhận"
ERROR - 2020-01-02 01:42:11 --> Could not find the language line "Tạo Điểm Lấy Hàng"
ERROR - 2020-01-02 01:42:11 --> Could not find the language line "Tạo Đơn Hàng"
ERROR - 2020-01-02 01:42:11 --> Severity: Warning --> Invalid argument supplied for foreach() /home/admin/domains/spshd.com/public_html/khachhang/application/views/tab4.php 394
ERROR - 2020-01-02 01:42:11 --> Could not find the language line "Đóng"
ERROR - 2020-01-02 01:42:11 --> Could not find the language line "Xác Nhận"
ERROR - 2020-01-02 01:42:11 --> Severity: Warning --> Invalid argument supplied for foreach() /home/admin/domains/spshd.com/public_html/khachhang/application/views/app.php 157
ERROR - 2020-01-02 01:42:11 --> Severity: Warning --> Invalid argument supplied for foreach() /home/admin/domains/spshd.com/public_html/khachhang/application/views/app.php 168
ERROR - 2020-01-02 01:42:11 --> Could not find the language line "Đóng"
ERROR - 2020-01-02 01:42:11 --> Could not find the language line "Xác Nhận"
ERROR - 2020-01-02 01:42:11 --> Could not find the language line "Đóng"
ERROR - 2020-01-02 01:42:11 --> Could not find the language line "Xác Nhận"
ERROR - 2020-01-02 04:23:03 --> Could not find the language line "Tạo Điểm Lấy Hàng"
ERROR - 2020-01-02 04:23:03 --> Could not find the language line "Tạo Đơn Hàng"
ERROR - 2020-01-02 04:23:03 --> Severity: Warning --> Invalid argument supplied for foreach() /home/admin/domains/spshd.com/public_html/khachhang/application/views/tab4.php 394
ERROR - 2020-01-02 04:23:03 --> Could not find the language line "Đóng"
ERROR - 2020-01-02 04:23:03 --> Could not find the language line "Xác Nhận"
ERROR - 2020-01-02 04:23:03 --> Severity: Warning --> Invalid argument supplied for foreach() /home/admin/domains/spshd.com/public_html/khachhang/application/views/app.php 157
ERROR - 2020-01-02 04:23:03 --> Severity: Warning --> Invalid argument supplied for foreach() /home/admin/domains/spshd.com/public_html/khachhang/application/views/app.php 168
ERROR - 2020-01-02 04:23:03 --> Could not find the language line "Đóng"
ERROR - 2020-01-02 04:23:03 --> Could not find the language line "Xác Nhận"
ERROR - 2020-01-02 04:23:03 --> Could not find the language line "Đóng"
ERROR - 2020-01-02 04:23:03 --> Could not find the language line "Xác Nhận"
ERROR - 2020-01-02 05:00:43 --> Could not find the language line "Tạo Điểm Lấy Hàng"
ERROR - 2020-01-02 05:00:43 --> Could not find the language line "Tạo Đơn Hàng"
ERROR - 2020-01-02 05:00:43 --> Severity: Warning --> Invalid argument supplied for foreach() /home/admin/domains/spshd.com/public_html/khachhang/application/views/tab4.php 394
ERROR - 2020-01-02 05:00:43 --> Could not find the language line "Đóng"
ERROR - 2020-01-02 05:00:43 --> Could not find the language line "Xác Nhận"
ERROR - 2020-01-02 05:00:43 --> Severity: Warning --> Invalid argument supplied for foreach() /home/admin/domains/spshd.com/public_html/khachhang/application/views/app.php 157
ERROR - 2020-01-02 05:00:43 --> Severity: Warning --> Invalid argument supplied for foreach() /home/admin/domains/spshd.com/public_html/khachhang/application/views/app.php 168
ERROR - 2020-01-02 05:00:43 --> Could not find the language line "Đóng"
ERROR - 2020-01-02 05:00:43 --> Could not find the language line "Xác Nhận"
ERROR - 2020-01-02 05:00:43 --> Could not find the language line "Đóng"
ERROR - 2020-01-02 05:00:43 --> Could not find the language line "Xác Nhận"
ERROR - 2020-01-02 08:16:33 --> Could not find the language line "Email"
ERROR - 2020-01-02 08:16:33 --> Could not find the language line "password"
ERROR - 2020-01-02 08:16:33 --> Could not find the language line "Email"
ERROR - 2020-01-02 08:16:33 --> Could not find the language line "password"
ERROR - 2020-01-02 08:24:37 --> Could not find the language line "Email"
ERROR - 2020-01-02 08:24:37 --> Could not find the language line "password"
ERROR - 2020-01-02 08:59:00 --> Could not find the language line "Tạo Điểm Lấy Hàng"
ERROR - 2020-01-02 08:59:00 --> Could not find the language line "Tạo Đơn Hàng"
ERROR - 2020-01-02 08:59:00 --> Severity: Warning --> Invalid argument supplied for foreach() /home/admin/domains/spshd.com/public_html/khachhang/application/views/tab4.php 394
ERROR - 2020-01-02 08:59:00 --> Could not find the language line "Đóng"
ERROR - 2020-01-02 08:59:00 --> Could not find the language line "Xác Nhận"
ERROR - 2020-01-02 08:59:00 --> Severity: Warning --> Invalid argument supplied for foreach() /home/admin/domains/spshd.com/public_html/khachhang/application/views/app.php 157
ERROR - 2020-01-02 08:59:00 --> Severity: Warning --> Invalid argument supplied for foreach() /home/admin/domains/spshd.com/public_html/khachhang/application/views/app.php 168
ERROR - 2020-01-02 08:59:00 --> Could not find the language line "Đóng"
ERROR - 2020-01-02 08:59:00 --> Could not find the language line "Xác Nhận"
ERROR - 2020-01-02 08:59:00 --> Could not find the language line "Đóng"
ERROR - 2020-01-02 08:59:00 --> Could not find the language line "Xác Nhận"
ERROR - 2020-01-02 09:12:29 --> Could not find the language line "Tạo Điểm Lấy Hàng"
ERROR - 2020-01-02 09:12:29 --> Could not find the language line "Tạo Đơn Hàng"
ERROR - 2020-01-02 09:12:29 --> Severity: Warning --> Invalid argument supplied for foreach() /home/admin/domains/spshd.com/public_html/khachhang/application/views/tab4.php 394
ERROR - 2020-01-02 09:12:29 --> Could not find the language line "Đóng"
ERROR - 2020-01-02 09:12:29 --> Could not find the language line "Xác Nhận"
ERROR - 2020-01-02 09:12:29 --> Severity: Warning --> Invalid argument supplied for foreach() /home/admin/domains/spshd.com/public_html/khachhang/application/views/app.php 157
ERROR - 2020-01-02 09:12:29 --> Severity: Warning --> Invalid argument supplied for foreach() /home/admin/domains/spshd.com/public_html/khachhang/application/views/app.php 168
ERROR - 2020-01-02 09:12:29 --> Could not find the language line "Đóng"
ERROR - 2020-01-02 09:12:29 --> Could not find the language line "Xác Nhận"
ERROR - 2020-01-02 09:12:29 --> Could not find the language line "Đóng"
ERROR - 2020-01-02 09:12:29 --> Could not find the language line "Xác Nhận"
ERROR - 2020-01-02 11:21:21 --> Could not find the language line "Tạo Điểm Lấy Hàng"
ERROR - 2020-01-02 11:21:21 --> Could not find the language line "Tạo Đơn Hàng"
ERROR - 2020-01-02 11:21:21 --> Severity: Warning --> Invalid argument supplied for foreach() /home/admin/domains/spshd.com/public_html/khachhang/application/views/tab4.php 394
ERROR - 2020-01-02 11:21:21 --> Could not find the language line "Đóng"
ERROR - 2020-01-02 11:21:21 --> Could not find the language line "Xác Nhận"
ERROR - 2020-01-02 11:21:21 --> Severity: Warning --> Invalid argument supplied for foreach() /home/admin/domains/spshd.com/public_html/khachhang/application/views/app.php 157
ERROR - 2020-01-02 11:21:21 --> Severity: Warning --> Invalid argument supplied for foreach() /home/admin/domains/spshd.com/public_html/khachhang/application/views/app.php 168
ERROR - 2020-01-02 11:21:21 --> Could not find the language line "Đóng"
ERROR - 2020-01-02 11:21:21 --> Could not find the language line "Xác Nhận"
ERROR - 2020-01-02 11:21:21 --> Could not find the language line "Đóng"
ERROR - 2020-01-02 11:21:21 --> Could not find the language line "Xác Nhận"
ERROR - 2020-01-02 15:08:32 --> Could not find the language line "Tạo Điểm Lấy Hàng"
ERROR - 2020-01-02 15:08:32 --> Could not find the language line "Tạo Đơn Hàng"
ERROR - 2020-01-02 15:08:32 --> Severity: Warning --> Invalid argument supplied for foreach() /home/admin/domains/spshd.com/public_html/khachhang/application/views/tab4.php 394
ERROR - 2020-01-02 15:08:32 --> Could not find the language line "Đóng"
ERROR - 2020-01-02 15:08:32 --> Could not find the language line "Xác Nhận"
ERROR - 2020-01-02 15:08:32 --> Severity: Warning --> Invalid argument supplied for foreach() /home/admin/domains/spshd.com/public_html/khachhang/application/views/app.php 157
ERROR - 2020-01-02 15:08:32 --> Severity: Warning --> Invalid argument supplied for foreach() /home/admin/domains/spshd.com/public_html/khachhang/application/views/app.php 168
ERROR - 2020-01-02 15:08:32 --> Could not find the language line "Đóng"
ERROR - 2020-01-02 15:08:32 --> Could not find the language line "Xác Nhận"
ERROR - 2020-01-02 15:08:32 --> Could not find the language line "Đóng"
ERROR - 2020-01-02 15:08:32 --> Could not find the language line "Xác Nhận"
ERROR - 2020-01-02 15:08:33 --> Could not find the language line "Tạo Điểm Lấy Hàng"
ERROR - 2020-01-02 15:08:33 --> Could not find the language line "Tạo Đơn Hàng"
ERROR - 2020-01-02 15:08:33 --> Severity: Warning --> Invalid argument supplied for foreach() /home/admin/domains/spshd.com/public_html/khachhang/application/views/tab4.php 394
ERROR - 2020-01-02 15:08:33 --> Could not find the language line "Đóng"
ERROR - 2020-01-02 15:08:33 --> Could not find the language line "Xác Nhận"
ERROR - 2020-01-02 15:08:33 --> Severity: Warning --> Invalid argument supplied for foreach() /home/admin/domains/spshd.com/public_html/khachhang/application/views/app.php 157
ERROR - 2020-01-02 15:08:33 --> Severity: Warning --> Invalid argument supplied for foreach() /home/admin/domains/spshd.com/public_html/khachhang/application/views/app.php 168
ERROR - 2020-01-02 15:08:33 --> Could not find the language line "Đóng"
ERROR - 2020-01-02 15:08:33 --> Could not find the language line "Xác Nhận"
ERROR - 2020-01-02 15:08:33 --> Could not find the language line "Đóng"
ERROR - 2020-01-02 15:08:33 --> Could not find the language line "Xác Nhận"
ERROR - 2020-01-02 17:28:30 --> Could not find the language line "Tạo Điểm Lấy Hàng"
ERROR - 2020-01-02 17:28:30 --> Could not find the language line "Tạo Đơn Hàng"
ERROR - 2020-01-02 17:28:30 --> Severity: Warning --> Invalid argument supplied for foreach() /home/admin/domains/spshd.com/public_html/khachhang/application/views/tab4.php 394
ERROR - 2020-01-02 17:28:30 --> Could not find the language line "Đóng"
ERROR - 2020-01-02 17:28:30 --> Could not find the language line "Xác Nhận"
ERROR - 2020-01-02 17:28:30 --> Severity: Warning --> Invalid argument supplied for foreach() /home/admin/domains/spshd.com/public_html/khachhang/application/views/app.php 157
ERROR - 2020-01-02 17:28:30 --> Severity: Warning --> Invalid argument supplied for foreach() /home/admin/domains/spshd.com/public_html/khachhang/application/views/app.php 168
ERROR - 2020-01-02 17:28:30 --> Could not find the language line "Đóng"
ERROR - 2020-01-02 17:28:30 --> Could not find the language line "Xác Nhận"
ERROR - 2020-01-02 17:28:30 --> Could not find the language line "Đóng"
ERROR - 2020-01-02 17:28:30 --> Could not find the language line "Xác Nhận"
ERROR - 2020-01-02 23:56:53 --> Could not find the language line "Email"
ERROR - 2020-01-02 23:56:53 --> Could not find the language line "password"
ERROR - 2020-01-02 23:56:53 --> Could not find the language line "Tạo Điểm Lấy Hàng"
ERROR - 2020-01-02 23:56:53 --> Could not find the language line "Tạo Đơn Hàng"
ERROR - 2020-01-02 23:56:53 --> Severity: Warning --> Invalid argument supplied for foreach() /home/admin/domains/spshd.com/public_html/khachhang/application/views/tab4.php 394
ERROR - 2020-01-02 23:56:53 --> Could not find the language line "Đóng"
ERROR - 2020-01-02 23:56:53 --> Could not find the language line "Xác Nhận"
ERROR - 2020-01-02 23:56:53 --> Severity: Warning --> Invalid argument supplied for foreach() /home/admin/domains/spshd.com/public_html/khachhang/application/views/app.php 157
ERROR - 2020-01-02 23:56:53 --> Severity: Warning --> Invalid argument supplied for foreach() /home/admin/domains/spshd.com/public_html/khachhang/application/views/app.php 168
ERROR - 2020-01-02 23:56:53 --> Could not find the language line "Đóng"
ERROR - 2020-01-02 23:56:53 --> Could not find the language line "Xác Nhận"
ERROR - 2020-01-02 23:56:53 --> Could not find the language line "Đóng"
ERROR - 2020-01-02 23:56:53 --> Could not find the language line "Xác Nhận"
