ERROR - 2020-05-07 07:43:12 --> Could not find the language line "Tạo Điểm Lấy Hàng"
ERROR - 2020-05-07 07:43:12 --> Could not find the language line "Tạo Đơn Hàng"
ERROR - 2020-05-07 07:43:12 --> Could not find the language line "Tải Excel"
ERROR - 2020-05-07 07:43:12 --> Could not find the language line "Đóng"
ERROR - 2020-05-07 07:43:12 --> Could not find the language line "Xác Nhận"
ERROR - 2020-05-07 07:43:12 --> Severity: Warning --> Invalid argument supplied for foreach() /home/admin/domains/spshd.com/public_html/khachhang/application/views/app.php 161
ERROR - 2020-05-07 07:43:12 --> Severity: Warning --> Invalid argument supplied for foreach() /home/admin/domains/spshd.com/public_html/khachhang/application/views/app.php 172
ERROR - 2020-05-07 07:43:12 --> Could not find the language line "Đóng"
ERROR - 2020-05-07 07:43:12 --> Could not find the language line "Xác Nhận"
ERROR - 2020-05-07 07:43:12 --> Could not find the language line "Đóng"
ERROR - 2020-05-07 07:43:12 --> Could not find the language line "Xác Nhận"
ERROR - 2020-05-07 07:43:12 --> Could not find the language line "Đóng"
ERROR - 2020-05-07 07:43:12 --> Could not find the language line "Tải"
ERROR - 2020-05-07 07:43:12 --> Could not find the language line "Tạo Điểm Lấy Hàng"
ERROR - 2020-05-07 07:43:12 --> Could not find the language line "Tạo Đơn Hàng"
ERROR - 2020-05-07 07:43:12 --> Could not find the language line "Tải Excel"
ERROR - 2020-05-07 07:43:12 --> Could not find the language line "Đóng"
ERROR - 2020-05-07 07:43:12 --> Could not find the language line "Xác Nhận"
ERROR - 2020-05-07 07:43:12 --> Severity: Warning --> Invalid argument supplied for foreach() /home/admin/domains/spshd.com/public_html/khachhang/application/views/app.php 161
ERROR - 2020-05-07 07:43:12 --> Severity: Warning --> Invalid argument supplied for foreach() /home/admin/domains/spshd.com/public_html/khachhang/application/views/app.php 172
ERROR - 2020-05-07 07:43:12 --> Could not find the language line "Đóng"
ERROR - 2020-05-07 07:43:12 --> Could not find the language line "Xác Nhận"
ERROR - 2020-05-07 07:43:12 --> Could not find the language line "Đóng"
ERROR - 2020-05-07 07:43:12 --> Could not find the language line "Xác Nhận"
ERROR - 2020-05-07 07:43:12 --> Could not find the language line "Đóng"
ERROR - 2020-05-07 07:43:12 --> Could not find the language line "Tải"
ERROR - 2020-05-07 07:43:16 --> Could not find the language line "Tạo Điểm Lấy Hàng"
ERROR - 2020-05-07 07:43:16 --> Could not find the language line "Tạo Đơn Hàng"
ERROR - 2020-05-07 07:43:16 --> Could not find the language line "Tải Excel"
ERROR - 2020-05-07 07:43:16 --> Could not find the language line "Đóng"
ERROR - 2020-05-07 07:43:16 --> Could not find the language line "Xác Nhận"
ERROR - 2020-05-07 07:43:16 --> Severity: Warning --> Invalid argument supplied for foreach() /home/admin/domains/spshd.com/public_html/khachhang/application/views/app.php 161
ERROR - 2020-05-07 07:43:16 --> Severity: Warning --> Invalid argument supplied for foreach() /home/admin/domains/spshd.com/public_html/khachhang/application/views/app.php 172
ERROR - 2020-05-07 07:43:16 --> Could not find the language line "Đóng"
ERROR - 2020-05-07 07:43:16 --> Could not find the language line "Xác Nhận"
ERROR - 2020-05-07 07:43:16 --> Could not find the language line "Đóng"
ERROR - 2020-05-07 07:43:16 --> Could not find the language line "Xác Nhận"
ERROR - 2020-05-07 07:43:16 --> Could not find the language line "Đóng"
ERROR - 2020-05-07 07:43:16 --> Could not find the language line "Tải"
ERROR - 2020-05-07 01:45:06 --> Could not find the language line "Email"
ERROR - 2020-05-07 01:45:06 --> Could not find the language line "password"
ERROR - 2020-05-07 07:50:25 --> Could not find the language line "Tạo Điểm Lấy Hàng"
ERROR - 2020-05-07 07:50:25 --> Could not find the language line "Tạo Đơn Hàng"
ERROR - 2020-05-07 07:50:25 --> Could not find the language line "Tải Excel"
ERROR - 2020-05-07 07:50:25 --> Could not find the language line "Đóng"
ERROR - 2020-05-07 07:50:25 --> Could not find the language line "Xác Nhận"
ERROR - 2020-05-07 07:50:25 --> Severity: Warning --> Invalid argument supplied for foreach() /home/admin/domains/spshd.com/public_html/khachhang/application/views/app.php 161
ERROR - 2020-05-07 07:50:25 --> Severity: Warning --> Invalid argument supplied for foreach() /home/admin/domains/spshd.com/public_html/khachhang/application/views/app.php 172
ERROR - 2020-05-07 07:50:25 --> Could not find the language line "Đóng"
ERROR - 2020-05-07 07:50:25 --> Could not find the language line "Xác Nhận"
ERROR - 2020-05-07 07:50:25 --> Could not find the language line "Đóng"
ERROR - 2020-05-07 07:50:25 --> Could not find the language line "Xác Nhận"
ERROR - 2020-05-07 07:50:25 --> Could not find the language line "Đóng"
ERROR - 2020-05-07 07:50:25 --> Could not find the language line "Tải"
ERROR - 2020-05-07 07:52:05 --> Could not find the language line "Tạo Điểm Lấy Hàng"
ERROR - 2020-05-07 07:52:05 --> Could not find the language line "Tạo Đơn Hàng"
ERROR - 2020-05-07 07:52:05 --> Could not find the language line "Tải Excel"
ERROR - 2020-05-07 07:52:05 --> Could not find the language line "Đóng"
ERROR - 2020-05-07 07:52:05 --> Could not find the language line "Xác Nhận"
ERROR - 2020-05-07 07:52:05 --> Severity: Warning --> Invalid argument supplied for foreach() /home/admin/domains/spshd.com/public_html/khachhang/application/views/app.php 161
ERROR - 2020-05-07 07:52:05 --> Severity: Warning --> Invalid argument supplied for foreach() /home/admin/domains/spshd.com/public_html/khachhang/application/views/app.php 172
ERROR - 2020-05-07 07:52:05 --> Could not find the language line "Đóng"
ERROR - 2020-05-07 07:52:05 --> Could not find the language line "Xác Nhận"
ERROR - 2020-05-07 07:52:05 --> Could not find the language line "Đóng"
ERROR - 2020-05-07 07:52:05 --> Could not find the language line "Xác Nhận"
ERROR - 2020-05-07 07:52:05 --> Could not find the language line "Đóng"
ERROR - 2020-05-07 07:52:05 --> Could not find the language line "Tải"
ERROR - 2020-05-07 02:18:35 --> Could not find the language line "Email"
ERROR - 2020-05-07 02:18:35 --> Could not find the language line "password"
ERROR - 2020-05-07 08:18:37 --> Could not find the language line "Tạo Điểm Lấy Hàng"
ERROR - 2020-05-07 08:18:37 --> Could not find the language line "Tạo Đơn Hàng"
ERROR - 2020-05-07 08:18:37 --> Could not find the language line "Tải Excel"
ERROR - 2020-05-07 08:18:37 --> Could not find the language line "Đóng"
ERROR - 2020-05-07 08:18:37 --> Could not find the language line "Xác Nhận"
ERROR - 2020-05-07 08:18:37 --> Severity: Warning --> Invalid argument supplied for foreach() /home/admin/domains/spshd.com/public_html/khachhang/application/views/app.php 161
ERROR - 2020-05-07 08:18:37 --> Severity: Warning --> Invalid argument supplied for foreach() /home/admin/domains/spshd.com/public_html/khachhang/application/views/app.php 172
ERROR - 2020-05-07 08:18:37 --> Could not find the language line "Đóng"
ERROR - 2020-05-07 08:18:37 --> Could not find the language line "Xác Nhận"
ERROR - 2020-05-07 08:18:37 --> Could not find the language line "Đóng"
ERROR - 2020-05-07 08:18:37 --> Could not find the language line "Xác Nhận"
ERROR - 2020-05-07 08:18:37 --> Could not find the language line "Đóng"
ERROR - 2020-05-07 08:18:37 --> Could not find the language line "Tải"
ERROR - 2020-05-07 08:24:26 --> Could not find the language line "Tạo Điểm Lấy Hàng"
ERROR - 2020-05-07 08:24:26 --> Could not find the language line "Tạo Đơn Hàng"
ERROR - 2020-05-07 08:24:26 --> Could not find the language line "Tải Excel"
ERROR - 2020-05-07 08:24:26 --> Could not find the language line "Đóng"
ERROR - 2020-05-07 08:24:26 --> Could not find the language line "Xác Nhận"
ERROR - 2020-05-07 08:24:26 --> Severity: Warning --> Invalid argument supplied for foreach() /home/admin/domains/spshd.com/public_html/khachhang/application/views/app.php 161
ERROR - 2020-05-07 08:24:26 --> Severity: Warning --> Invalid argument supplied for foreach() /home/admin/domains/spshd.com/public_html/khachhang/application/views/app.php 172
ERROR - 2020-05-07 08:24:26 --> Could not find the language line "Đóng"
ERROR - 2020-05-07 08:24:26 --> Could not find the language line "Xác Nhận"
ERROR - 2020-05-07 08:24:26 --> Could not find the language line "Đóng"
ERROR - 2020-05-07 08:24:26 --> Could not find the language line "Xác Nhận"
ERROR - 2020-05-07 08:24:26 --> Could not find the language line "Đóng"
ERROR - 2020-05-07 08:24:26 --> Could not find the language line "Tải"
ERROR - 2020-05-07 09:14:12 --> Could not find the language line "Tạo Điểm Lấy Hàng"
ERROR - 2020-05-07 09:14:12 --> Could not find the language line "Tạo Đơn Hàng"
ERROR - 2020-05-07 09:14:12 --> Could not find the language line "Tải Excel"
ERROR - 2020-05-07 09:14:12 --> Could not find the language line "Đóng"
ERROR - 2020-05-07 09:14:12 --> Could not find the language line "Xác Nhận"
ERROR - 2020-05-07 09:14:12 --> Severity: Warning --> Invalid argument supplied for foreach() /home/admin/domains/spshd.com/public_html/khachhang/application/views/app.php 161
ERROR - 2020-05-07 09:14:12 --> Severity: Warning --> Invalid argument supplied for foreach() /home/admin/domains/spshd.com/public_html/khachhang/application/views/app.php 172
ERROR - 2020-05-07 09:14:12 --> Could not find the language line "Đóng"
ERROR - 2020-05-07 09:14:12 --> Could not find the language line "Xác Nhận"
ERROR - 2020-05-07 09:14:12 --> Could not find the language line "Đóng"
ERROR - 2020-05-07 09:14:12 --> Could not find the language line "Xác Nhận"
ERROR - 2020-05-07 09:14:12 --> Could not find the language line "Đóng"
ERROR - 2020-05-07 09:14:12 --> Could not find the language line "Tải"
ERROR - 2020-05-07 09:27:27 --> Could not find the language line "Tạo Điểm Lấy Hàng"
ERROR - 2020-05-07 09:27:27 --> Could not find the language line "Tạo Đơn Hàng"
ERROR - 2020-05-07 09:27:27 --> Could not find the language line "Tải Excel"
ERROR - 2020-05-07 09:27:27 --> Could not find the language line "Đóng"
ERROR - 2020-05-07 09:27:27 --> Could not find the language line "Xác Nhận"
ERROR - 2020-05-07 09:27:27 --> Severity: Warning --> Invalid argument supplied for foreach() /home/admin/domains/spshd.com/public_html/khachhang/application/views/app.php 161
ERROR - 2020-05-07 09:27:27 --> Severity: Warning --> Invalid argument supplied for foreach() /home/admin/domains/spshd.com/public_html/khachhang/application/views/app.php 172
ERROR - 2020-05-07 09:27:27 --> Could not find the language line "Đóng"
ERROR - 2020-05-07 09:27:27 --> Could not find the language line "Xác Nhận"
ERROR - 2020-05-07 09:27:27 --> Could not find the language line "Đóng"
ERROR - 2020-05-07 09:27:27 --> Could not find the language line "Xác Nhận"
ERROR - 2020-05-07 09:27:27 --> Could not find the language line "Đóng"
ERROR - 2020-05-07 09:27:27 --> Could not find the language line "Tải"
ERROR - 2020-05-07 09:27:38 --> Could not find the language line "Tạo Điểm Lấy Hàng"
ERROR - 2020-05-07 09:27:38 --> Could not find the language line "Tạo Đơn Hàng"
ERROR - 2020-05-07 09:27:38 --> Could not find the language line "Tải Excel"
ERROR - 2020-05-07 09:27:38 --> Could not find the language line "Đóng"
ERROR - 2020-05-07 09:27:38 --> Could not find the language line "Xác Nhận"
ERROR - 2020-05-07 09:27:38 --> Severity: Warning --> Invalid argument supplied for foreach() /home/admin/domains/spshd.com/public_html/khachhang/application/views/app.php 161
ERROR - 2020-05-07 09:27:38 --> Severity: Warning --> Invalid argument supplied for foreach() /home/admin/domains/spshd.com/public_html/khachhang/application/views/app.php 172
ERROR - 2020-05-07 09:27:38 --> Could not find the language line "Đóng"
ERROR - 2020-05-07 09:27:38 --> Could not find the language line "Xác Nhận"
ERROR - 2020-05-07 09:27:38 --> Could not find the language line "Đóng"
ERROR - 2020-05-07 09:27:38 --> Could not find the language line "Xác Nhận"
ERROR - 2020-05-07 09:27:38 --> Could not find the language line "Đóng"
ERROR - 2020-05-07 09:27:38 --> Could not find the language line "Tải"
ERROR - 2020-05-07 11:16:07 --> Could not find the language line "Tạo Điểm Lấy Hàng"
ERROR - 2020-05-07 11:16:07 --> Could not find the language line "Tạo Đơn Hàng"
ERROR - 2020-05-07 11:16:07 --> Could not find the language line "Tải Excel"
ERROR - 2020-05-07 11:16:07 --> Could not find the language line "Đóng"
ERROR - 2020-05-07 11:16:07 --> Could not find the language line "Xác Nhận"
ERROR - 2020-05-07 11:16:07 --> Severity: Warning --> Invalid argument supplied for foreach() /home/admin/domains/spshd.com/public_html/khachhang/application/views/app.php 161
ERROR - 2020-05-07 11:16:07 --> Severity: Warning --> Invalid argument supplied for foreach() /home/admin/domains/spshd.com/public_html/khachhang/application/views/app.php 172
ERROR - 2020-05-07 11:16:07 --> Could not find the language line "Đóng"
ERROR - 2020-05-07 11:16:07 --> Could not find the language line "Xác Nhận"
ERROR - 2020-05-07 11:16:07 --> Could not find the language line "Đóng"
ERROR - 2020-05-07 11:16:07 --> Could not find the language line "Xác Nhận"
ERROR - 2020-05-07 11:16:07 --> Could not find the language line "Đóng"
ERROR - 2020-05-07 11:16:07 --> Could not find the language line "Tải"
ERROR - 2020-05-07 05:23:51 --> Could not find the language line "Email"
ERROR - 2020-05-07 05:23:51 --> Could not find the language line "password"
ERROR - 2020-05-07 11:28:06 --> Could not find the language line "Tạo Điểm Lấy Hàng"
ERROR - 2020-05-07 11:28:06 --> Could not find the language line "Tạo Đơn Hàng"
ERROR - 2020-05-07 11:28:06 --> Could not find the language line "Tải Excel"
ERROR - 2020-05-07 11:28:06 --> Could not find the language line "Đóng"
ERROR - 2020-05-07 11:28:06 --> Could not find the language line "Xác Nhận"
ERROR - 2020-05-07 11:28:06 --> Severity: Warning --> Invalid argument supplied for foreach() /home/admin/domains/spshd.com/public_html/khachhang/application/views/app.php 161
ERROR - 2020-05-07 11:28:06 --> Severity: Warning --> Invalid argument supplied for foreach() /home/admin/domains/spshd.com/public_html/khachhang/application/views/app.php 172
ERROR - 2020-05-07 11:28:06 --> Could not find the language line "Đóng"
ERROR - 2020-05-07 11:28:06 --> Could not find the language line "Xác Nhận"
ERROR - 2020-05-07 11:28:06 --> Could not find the language line "Đóng"
ERROR - 2020-05-07 11:28:06 --> Could not find the language line "Xác Nhận"
ERROR - 2020-05-07 11:28:06 --> Could not find the language line "Đóng"
ERROR - 2020-05-07 11:28:06 --> Could not find the language line "Tải"
ERROR - 2020-05-07 11:28:08 --> Could not find the language line "Tạo Điểm Lấy Hàng"
ERROR - 2020-05-07 11:28:08 --> Could not find the language line "Tạo Đơn Hàng"
ERROR - 2020-05-07 11:28:08 --> Could not find the language line "Tải Excel"
ERROR - 2020-05-07 11:28:08 --> Could not find the language line "Đóng"
ERROR - 2020-05-07 11:28:08 --> Could not find the language line "Xác Nhận"
ERROR - 2020-05-07 11:28:08 --> Severity: Warning --> Invalid argument supplied for foreach() /home/admin/domains/spshd.com/public_html/khachhang/application/views/app.php 161
ERROR - 2020-05-07 11:28:08 --> Severity: Warning --> Invalid argument supplied for foreach() /home/admin/domains/spshd.com/public_html/khachhang/application/views/app.php 172
ERROR - 2020-05-07 11:28:08 --> Could not find the language line "Đóng"
ERROR - 2020-05-07 11:28:08 --> Could not find the language line "Xác Nhận"
ERROR - 2020-05-07 11:28:08 --> Could not find the language line "Đóng"
ERROR - 2020-05-07 11:28:08 --> Could not find the language line "Xác Nhận"
ERROR - 2020-05-07 11:28:08 --> Could not find the language line "Đóng"
ERROR - 2020-05-07 11:28:08 --> Could not find the language line "Tải"
ERROR - 2020-05-07 11:30:56 --> Could not find the language line "Tạo Điểm Lấy Hàng"
ERROR - 2020-05-07 11:30:56 --> Could not find the language line "Tạo Đơn Hàng"
ERROR - 2020-05-07 11:30:56 --> Could not find the language line "Tải Excel"
ERROR - 2020-05-07 11:30:56 --> Could not find the language line "Đóng"
ERROR - 2020-05-07 11:30:56 --> Could not find the language line "Xác Nhận"
ERROR - 2020-05-07 11:30:56 --> Severity: Warning --> Invalid argument supplied for foreach() /home/admin/domains/spshd.com/public_html/khachhang/application/views/app.php 161
ERROR - 2020-05-07 11:30:56 --> Severity: Warning --> Invalid argument supplied for foreach() /home/admin/domains/spshd.com/public_html/khachhang/application/views/app.php 172
ERROR - 2020-05-07 11:30:56 --> Could not find the language line "Đóng"
ERROR - 2020-05-07 11:30:56 --> Could not find the language line "Xác Nhận"
ERROR - 2020-05-07 11:30:56 --> Could not find the language line "Đóng"
ERROR - 2020-05-07 11:30:56 --> Could not find the language line "Xác Nhận"
ERROR - 2020-05-07 11:30:56 --> Could not find the language line "Đóng"
ERROR - 2020-05-07 11:30:56 --> Could not find the language line "Tải"
ERROR - 2020-05-07 11:32:24 --> Could not find the language line "Tạo Điểm Lấy Hàng"
ERROR - 2020-05-07 11:32:24 --> Could not find the language line "Tạo Đơn Hàng"
ERROR - 2020-05-07 11:32:24 --> Could not find the language line "Tải Excel"
ERROR - 2020-05-07 11:32:24 --> Could not find the language line "Đóng"
ERROR - 2020-05-07 11:32:24 --> Could not find the language line "Xác Nhận"
ERROR - 2020-05-07 11:32:24 --> Severity: Warning --> Invalid argument supplied for foreach() /home/admin/domains/spshd.com/public_html/khachhang/application/views/app.php 161
ERROR - 2020-05-07 11:32:24 --> Severity: Warning --> Invalid argument supplied for foreach() /home/admin/domains/spshd.com/public_html/khachhang/application/views/app.php 172
ERROR - 2020-05-07 11:32:24 --> Could not find the language line "Đóng"
ERROR - 2020-05-07 11:32:24 --> Could not find the language line "Xác Nhận"
ERROR - 2020-05-07 11:32:24 --> Could not find the language line "Đóng"
ERROR - 2020-05-07 11:32:24 --> Could not find the language line "Xác Nhận"
ERROR - 2020-05-07 11:32:24 --> Could not find the language line "Đóng"
ERROR - 2020-05-07 11:32:24 --> Could not find the language line "Tải"
ERROR - 2020-05-07 11:53:26 --> Could not find the language line "Tạo Điểm Lấy Hàng"
ERROR - 2020-05-07 11:53:26 --> Could not find the language line "Tạo Đơn Hàng"
ERROR - 2020-05-07 11:53:26 --> Could not find the language line "Tải Excel"
ERROR - 2020-05-07 11:53:26 --> Could not find the language line "Đóng"
ERROR - 2020-05-07 11:53:26 --> Could not find the language line "Xác Nhận"
ERROR - 2020-05-07 11:53:26 --> Severity: Warning --> Invalid argument supplied for foreach() /home/admin/domains/spshd.com/public_html/khachhang/application/views/app.php 161
ERROR - 2020-05-07 11:53:26 --> Severity: Warning --> Invalid argument supplied for foreach() /home/admin/domains/spshd.com/public_html/khachhang/application/views/app.php 172
ERROR - 2020-05-07 11:53:26 --> Could not find the language line "Đóng"
ERROR - 2020-05-07 11:53:26 --> Could not find the language line "Xác Nhận"
ERROR - 2020-05-07 11:53:26 --> Could not find the language line "Đóng"
ERROR - 2020-05-07 11:53:26 --> Could not find the language line "Xác Nhận"
ERROR - 2020-05-07 11:53:26 --> Could not find the language line "Đóng"
ERROR - 2020-05-07 11:53:26 --> Could not find the language line "Tải"
ERROR - 2020-05-07 06:10:35 --> Could not find the language line "Email"
ERROR - 2020-05-07 06:10:35 --> Could not find the language line "password"
ERROR - 2020-05-07 06:10:43 --> Could not find the language line "Email"
ERROR - 2020-05-07 06:10:43 --> Could not find the language line "password"
ERROR - 2020-05-07 12:10:45 --> Could not find the language line "Tạo Điểm Lấy Hàng"
ERROR - 2020-05-07 12:10:45 --> Could not find the language line "Tạo Đơn Hàng"
ERROR - 2020-05-07 12:10:45 --> Could not find the language line "Tải Excel"
ERROR - 2020-05-07 12:10:45 --> Could not find the language line "Đóng"
ERROR - 2020-05-07 12:10:45 --> Could not find the language line "Xác Nhận"
ERROR - 2020-05-07 12:10:45 --> Severity: Warning --> Invalid argument supplied for foreach() /home/admin/domains/spshd.com/public_html/khachhang/application/views/app.php 161
ERROR - 2020-05-07 12:10:45 --> Severity: Warning --> Invalid argument supplied for foreach() /home/admin/domains/spshd.com/public_html/khachhang/application/views/app.php 172
ERROR - 2020-05-07 12:10:45 --> Could not find the language line "Đóng"
ERROR - 2020-05-07 12:10:45 --> Could not find the language line "Xác Nhận"
ERROR - 2020-05-07 12:10:45 --> Could not find the language line "Đóng"
ERROR - 2020-05-07 12:10:45 --> Could not find the language line "Xác Nhận"
ERROR - 2020-05-07 12:10:45 --> Could not find the language line "Đóng"
ERROR - 2020-05-07 12:10:45 --> Could not find the language line "Tải"
ERROR - 2020-05-07 12:12:04 --> Could not find the language line "Tạo Điểm Lấy Hàng"
ERROR - 2020-05-07 12:12:04 --> Could not find the language line "Tạo Đơn Hàng"
ERROR - 2020-05-07 12:12:04 --> Could not find the language line "Tải Excel"
ERROR - 2020-05-07 12:12:04 --> Could not find the language line "Đóng"
ERROR - 2020-05-07 12:12:04 --> Could not find the language line "Xác Nhận"
ERROR - 2020-05-07 12:12:04 --> Severity: Warning --> Invalid argument supplied for foreach() /home/admin/domains/spshd.com/public_html/khachhang/application/views/app.php 161
ERROR - 2020-05-07 12:12:04 --> Severity: Warning --> Invalid argument supplied for foreach() /home/admin/domains/spshd.com/public_html/khachhang/application/views/app.php 172
ERROR - 2020-05-07 12:12:04 --> Could not find the language line "Đóng"
ERROR - 2020-05-07 12:12:04 --> Could not find the language line "Xác Nhận"
ERROR - 2020-05-07 12:12:04 --> Could not find the language line "Đóng"
ERROR - 2020-05-07 12:12:04 --> Could not find the language line "Xác Nhận"
ERROR - 2020-05-07 12:12:04 --> Could not find the language line "Đóng"
ERROR - 2020-05-07 12:12:04 --> Could not find the language line "Tải"
ERROR - 2020-05-07 06:12:14 --> Could not find the language line "Email"
ERROR - 2020-05-07 06:12:14 --> Could not find the language line "password"
ERROR - 2020-05-07 12:12:36 --> Could not find the language line "Tạo Điểm Lấy Hàng"
ERROR - 2020-05-07 12:12:36 --> Could not find the language line "Tạo Đơn Hàng"
ERROR - 2020-05-07 12:12:36 --> Could not find the language line "Tải Excel"
ERROR - 2020-05-07 12:12:36 --> Could not find the language line "Đóng"
ERROR - 2020-05-07 12:12:36 --> Could not find the language line "Xác Nhận"
ERROR - 2020-05-07 12:12:36 --> Severity: Warning --> Invalid argument supplied for foreach() /home/admin/domains/spshd.com/public_html/khachhang/application/views/app.php 161
ERROR - 2020-05-07 12:12:36 --> Severity: Warning --> Invalid argument supplied for foreach() /home/admin/domains/spshd.com/public_html/khachhang/application/views/app.php 172
ERROR - 2020-05-07 12:12:36 --> Could not find the language line "Đóng"
ERROR - 2020-05-07 12:12:36 --> Could not find the language line "Xác Nhận"
ERROR - 2020-05-07 12:12:36 --> Could not find the language line "Đóng"
ERROR - 2020-05-07 12:12:36 --> Could not find the language line "Xác Nhận"
ERROR - 2020-05-07 12:12:36 --> Could not find the language line "Đóng"
ERROR - 2020-05-07 12:12:36 --> Could not find the language line "Tải"
ERROR - 2020-05-07 06:13:10 --> Could not find the language line "Email"
ERROR - 2020-05-07 06:13:10 --> Could not find the language line "password"
ERROR - 2020-05-07 06:13:35 --> Could not find the language line "Email"
ERROR - 2020-05-07 06:13:35 --> Could not find the language line "password"
ERROR - 2020-05-07 06:13:35 --> Could not find the language line "Email"
ERROR - 2020-05-07 06:13:35 --> Could not find the language line "password"
ERROR - 2020-05-07 06:13:59 --> Could not find the language line "Email"
ERROR - 2020-05-07 06:13:59 --> Could not find the language line "password"
ERROR - 2020-05-07 12:14:22 --> Could not find the language line "Tạo Điểm Lấy Hàng"
ERROR - 2020-05-07 12:14:22 --> Could not find the language line "Tạo Đơn Hàng"
ERROR - 2020-05-07 12:14:22 --> Could not find the language line "Tải Excel"
ERROR - 2020-05-07 12:14:22 --> Could not find the language line "Đóng"
ERROR - 2020-05-07 12:14:22 --> Could not find the language line "Xác Nhận"
ERROR - 2020-05-07 12:14:22 --> Severity: Warning --> Invalid argument supplied for foreach() /home/admin/domains/spshd.com/public_html/khachhang/application/views/app.php 161
ERROR - 2020-05-07 12:14:22 --> Severity: Warning --> Invalid argument supplied for foreach() /home/admin/domains/spshd.com/public_html/khachhang/application/views/app.php 172
ERROR - 2020-05-07 12:14:22 --> Could not find the language line "Đóng"
ERROR - 2020-05-07 12:14:22 --> Could not find the language line "Xác Nhận"
ERROR - 2020-05-07 12:14:22 --> Could not find the language line "Đóng"
ERROR - 2020-05-07 12:14:22 --> Could not find the language line "Xác Nhận"
ERROR - 2020-05-07 12:14:22 --> Could not find the language line "Đóng"
ERROR - 2020-05-07 12:14:22 --> Could not find the language line "Tải"
ERROR - 2020-05-07 12:16:43 --> Could not find the language line "Tạo Điểm Lấy Hàng"
ERROR - 2020-05-07 12:16:43 --> Could not find the language line "Tạo Đơn Hàng"
ERROR - 2020-05-07 12:16:43 --> Could not find the language line "Tải Excel"
ERROR - 2020-05-07 12:16:43 --> Could not find the language line "Đóng"
ERROR - 2020-05-07 12:16:43 --> Could not find the language line "Xác Nhận"
ERROR - 2020-05-07 12:16:43 --> Severity: Warning --> Invalid argument supplied for foreach() /home/admin/domains/spshd.com/public_html/khachhang/application/views/app.php 161
ERROR - 2020-05-07 12:16:43 --> Severity: Warning --> Invalid argument supplied for foreach() /home/admin/domains/spshd.com/public_html/khachhang/application/views/app.php 172
ERROR - 2020-05-07 12:16:43 --> Could not find the language line "Đóng"
ERROR - 2020-05-07 12:16:43 --> Could not find the language line "Xác Nhận"
ERROR - 2020-05-07 12:16:43 --> Could not find the language line "Đóng"
ERROR - 2020-05-07 12:16:43 --> Could not find the language line "Xác Nhận"
ERROR - 2020-05-07 12:16:43 --> Could not find the language line "Đóng"
ERROR - 2020-05-07 12:16:43 --> Could not find the language line "Tải"
ERROR - 2020-05-07 12:18:27 --> Could not find the language line "Tạo Điểm Lấy Hàng"
ERROR - 2020-05-07 12:18:27 --> Could not find the language line "Tạo Đơn Hàng"
ERROR - 2020-05-07 12:18:27 --> Could not find the language line "Tải Excel"
ERROR - 2020-05-07 12:18:27 --> Could not find the language line "Đóng"
ERROR - 2020-05-07 12:18:27 --> Could not find the language line "Xác Nhận"
ERROR - 2020-05-07 12:18:27 --> Severity: Warning --> Invalid argument supplied for foreach() /home/admin/domains/spshd.com/public_html/khachhang/application/views/app.php 161
ERROR - 2020-05-07 12:18:27 --> Severity: Warning --> Invalid argument supplied for foreach() /home/admin/domains/spshd.com/public_html/khachhang/application/views/app.php 172
ERROR - 2020-05-07 12:18:27 --> Could not find the language line "Đóng"
ERROR - 2020-05-07 12:18:27 --> Could not find the language line "Xác Nhận"
ERROR - 2020-05-07 12:18:27 --> Could not find the language line "Đóng"
ERROR - 2020-05-07 12:18:27 --> Could not find the language line "Xác Nhận"
ERROR - 2020-05-07 12:18:27 --> Could not find the language line "Đóng"
ERROR - 2020-05-07 12:18:27 --> Could not find the language line "Tải"
ERROR - 2020-05-07 12:57:13 --> Could not find the language line "Tạo Điểm Lấy Hàng"
ERROR - 2020-05-07 12:57:13 --> Could not find the language line "Tạo Đơn Hàng"
ERROR - 2020-05-07 12:57:13 --> Could not find the language line "Tải Excel"
ERROR - 2020-05-07 12:57:13 --> Could not find the language line "Đóng"
ERROR - 2020-05-07 12:57:13 --> Could not find the language line "Xác Nhận"
ERROR - 2020-05-07 12:57:13 --> Severity: Warning --> Invalid argument supplied for foreach() /home/admin/domains/spshd.com/public_html/khachhang/application/views/app.php 161
ERROR - 2020-05-07 12:57:13 --> Severity: Warning --> Invalid argument supplied for foreach() /home/admin/domains/spshd.com/public_html/khachhang/application/views/app.php 172
ERROR - 2020-05-07 12:57:13 --> Could not find the language line "Đóng"
ERROR - 2020-05-07 12:57:13 --> Could not find the language line "Xác Nhận"
ERROR - 2020-05-07 12:57:13 --> Could not find the language line "Đóng"
ERROR - 2020-05-07 12:57:13 --> Could not find the language line "Xác Nhận"
ERROR - 2020-05-07 12:57:13 --> Could not find the language line "Đóng"
ERROR - 2020-05-07 12:57:13 --> Could not find the language line "Tải"
ERROR - 2020-05-07 12:57:13 --> Could not find the language line "Tạo Điểm Lấy Hàng"
ERROR - 2020-05-07 12:57:13 --> Could not find the language line "Tạo Đơn Hàng"
ERROR - 2020-05-07 12:57:13 --> Could not find the language line "Tải Excel"
ERROR - 2020-05-07 12:57:13 --> Could not find the language line "Đóng"
ERROR - 2020-05-07 12:57:13 --> Could not find the language line "Xác Nhận"
ERROR - 2020-05-07 12:57:13 --> Severity: Warning --> Invalid argument supplied for foreach() /home/admin/domains/spshd.com/public_html/khachhang/application/views/app.php 161
ERROR - 2020-05-07 12:57:13 --> Severity: Warning --> Invalid argument supplied for foreach() /home/admin/domains/spshd.com/public_html/khachhang/application/views/app.php 172
ERROR - 2020-05-07 12:57:13 --> Could not find the language line "Đóng"
ERROR - 2020-05-07 12:57:13 --> Could not find the language line "Xác Nhận"
ERROR - 2020-05-07 12:57:13 --> Could not find the language line "Đóng"
ERROR - 2020-05-07 12:57:13 --> Could not find the language line "Xác Nhận"
ERROR - 2020-05-07 12:57:13 --> Could not find the language line "Đóng"
ERROR - 2020-05-07 12:57:13 --> Could not find the language line "Tải"
ERROR - 2020-05-07 13:06:23 --> Could not find the language line "Tạo Điểm Lấy Hàng"
ERROR - 2020-05-07 13:06:23 --> Could not find the language line "Tạo Đơn Hàng"
ERROR - 2020-05-07 13:06:23 --> Could not find the language line "Tải Excel"
ERROR - 2020-05-07 13:06:23 --> Could not find the language line "Đóng"
ERROR - 2020-05-07 13:06:23 --> Could not find the language line "Xác Nhận"
ERROR - 2020-05-07 13:06:23 --> Severity: Warning --> Invalid argument supplied for foreach() /home/admin/domains/spshd.com/public_html/khachhang/application/views/app.php 161
ERROR - 2020-05-07 13:06:23 --> Severity: Warning --> Invalid argument supplied for foreach() /home/admin/domains/spshd.com/public_html/khachhang/application/views/app.php 172
ERROR - 2020-05-07 13:06:23 --> Could not find the language line "Đóng"
ERROR - 2020-05-07 13:06:23 --> Could not find the language line "Xác Nhận"
ERROR - 2020-05-07 13:06:23 --> Could not find the language line "Đóng"
ERROR - 2020-05-07 13:06:23 --> Could not find the language line "Xác Nhận"
ERROR - 2020-05-07 13:06:23 --> Could not find the language line "Đóng"
ERROR - 2020-05-07 13:06:23 --> Could not find the language line "Tải"
ERROR - 2020-05-07 13:06:28 --> Could not find the language line "Tạo Điểm Lấy Hàng"
ERROR - 2020-05-07 13:06:28 --> Could not find the language line "Tạo Đơn Hàng"
ERROR - 2020-05-07 13:06:28 --> Could not find the language line "Tải Excel"
ERROR - 2020-05-07 13:06:28 --> Could not find the language line "Đóng"
ERROR - 2020-05-07 13:06:28 --> Could not find the language line "Xác Nhận"
ERROR - 2020-05-07 13:06:28 --> Severity: Warning --> Invalid argument supplied for foreach() /home/admin/domains/spshd.com/public_html/khachhang/application/views/app.php 161
ERROR - 2020-05-07 13:06:28 --> Severity: Warning --> Invalid argument supplied for foreach() /home/admin/domains/spshd.com/public_html/khachhang/application/views/app.php 172
ERROR - 2020-05-07 13:06:28 --> Could not find the language line "Đóng"
ERROR - 2020-05-07 13:06:28 --> Could not find the language line "Xác Nhận"
ERROR - 2020-05-07 13:06:28 --> Could not find the language line "Đóng"
ERROR - 2020-05-07 13:06:28 --> Could not find the language line "Xác Nhận"
ERROR - 2020-05-07 13:06:28 --> Could not find the language line "Đóng"
ERROR - 2020-05-07 13:06:28 --> Could not find the language line "Tải"
ERROR - 2020-05-07 13:06:31 --> Could not find the language line "Tạo Điểm Lấy Hàng"
ERROR - 2020-05-07 13:06:31 --> Could not find the language line "Tạo Đơn Hàng"
ERROR - 2020-05-07 13:06:31 --> Could not find the language line "Tải Excel"
ERROR - 2020-05-07 13:06:31 --> Could not find the language line "Đóng"
ERROR - 2020-05-07 13:06:31 --> Could not find the language line "Xác Nhận"
ERROR - 2020-05-07 13:06:31 --> Severity: Warning --> Invalid argument supplied for foreach() /home/admin/domains/spshd.com/public_html/khachhang/application/views/app.php 161
ERROR - 2020-05-07 13:06:31 --> Severity: Warning --> Invalid argument supplied for foreach() /home/admin/domains/spshd.com/public_html/khachhang/application/views/app.php 172
ERROR - 2020-05-07 13:06:31 --> Could not find the language line "Đóng"
ERROR - 2020-05-07 13:06:31 --> Could not find the language line "Xác Nhận"
ERROR - 2020-05-07 13:06:31 --> Could not find the language line "Đóng"
ERROR - 2020-05-07 13:06:31 --> Could not find the language line "Xác Nhận"
ERROR - 2020-05-07 13:06:31 --> Could not find the language line "Đóng"
ERROR - 2020-05-07 13:06:31 --> Could not find the language line "Tải"
ERROR - 2020-05-07 14:10:40 --> Could not find the language line "Tạo Điểm Lấy Hàng"
ERROR - 2020-05-07 14:10:40 --> Could not find the language line "Tạo Đơn Hàng"
ERROR - 2020-05-07 14:10:40 --> Could not find the language line "Tải Excel"
ERROR - 2020-05-07 14:10:40 --> Could not find the language line "Đóng"
ERROR - 2020-05-07 14:10:40 --> Could not find the language line "Xác Nhận"
ERROR - 2020-05-07 14:10:40 --> Severity: Warning --> Invalid argument supplied for foreach() /home/admin/domains/spshd.com/public_html/khachhang/application/views/app.php 161
ERROR - 2020-05-07 14:10:40 --> Severity: Warning --> Invalid argument supplied for foreach() /home/admin/domains/spshd.com/public_html/khachhang/application/views/app.php 172
ERROR - 2020-05-07 14:10:40 --> Could not find the language line "Đóng"
ERROR - 2020-05-07 14:10:40 --> Could not find the language line "Xác Nhận"
ERROR - 2020-05-07 14:10:40 --> Could not find the language line "Đóng"
ERROR - 2020-05-07 14:10:40 --> Could not find the language line "Xác Nhận"
ERROR - 2020-05-07 14:10:40 --> Could not find the language line "Đóng"
ERROR - 2020-05-07 14:10:40 --> Could not find the language line "Tải"
ERROR - 2020-05-07 14:10:40 --> Could not find the language line "Tạo Điểm Lấy Hàng"
ERROR - 2020-05-07 14:10:40 --> Could not find the language line "Tạo Đơn Hàng"
ERROR - 2020-05-07 14:10:40 --> Could not find the language line "Tải Excel"
ERROR - 2020-05-07 14:10:40 --> Could not find the language line "Đóng"
ERROR - 2020-05-07 14:10:40 --> Could not find the language line "Xác Nhận"
ERROR - 2020-05-07 14:10:40 --> Severity: Warning --> Invalid argument supplied for foreach() /home/admin/domains/spshd.com/public_html/khachhang/application/views/app.php 161
ERROR - 2020-05-07 14:10:40 --> Severity: Warning --> Invalid argument supplied for foreach() /home/admin/domains/spshd.com/public_html/khachhang/application/views/app.php 172
ERROR - 2020-05-07 14:10:40 --> Could not find the language line "Đóng"
ERROR - 2020-05-07 14:10:40 --> Could not find the language line "Xác Nhận"
ERROR - 2020-05-07 14:10:40 --> Could not find the language line "Đóng"
ERROR - 2020-05-07 14:10:40 --> Could not find the language line "Xác Nhận"
ERROR - 2020-05-07 14:10:40 --> Could not find the language line "Đóng"
ERROR - 2020-05-07 14:10:40 --> Could not find the language line "Tải"
ERROR - 2020-05-07 08:41:06 --> Could not find the language line "Email"
ERROR - 2020-05-07 08:41:06 --> Could not find the language line "password"
ERROR - 2020-05-07 08:41:13 --> Could not find the language line "Email"
ERROR - 2020-05-07 08:41:13 --> Could not find the language line "password"
ERROR - 2020-05-07 08:58:45 --> Could not find the language line "Email"
ERROR - 2020-05-07 08:58:45 --> Could not find the language line "password"
ERROR - 2020-05-07 15:12:00 --> Could not find the language line "Tạo Điểm Lấy Hàng"
ERROR - 2020-05-07 15:12:00 --> Could not find the language line "Tạo Đơn Hàng"
ERROR - 2020-05-07 15:12:00 --> Could not find the language line "Tải Excel"
ERROR - 2020-05-07 15:12:00 --> Could not find the language line "Đóng"
ERROR - 2020-05-07 15:12:00 --> Could not find the language line "Xác Nhận"
ERROR - 2020-05-07 15:12:00 --> Severity: Warning --> Invalid argument supplied for foreach() /home/admin/domains/spshd.com/public_html/khachhang/application/views/app.php 161
ERROR - 2020-05-07 15:12:00 --> Severity: Warning --> Invalid argument supplied for foreach() /home/admin/domains/spshd.com/public_html/khachhang/application/views/app.php 172
ERROR - 2020-05-07 15:12:00 --> Could not find the language line "Đóng"
ERROR - 2020-05-07 15:12:00 --> Could not find the language line "Xác Nhận"
ERROR - 2020-05-07 15:12:00 --> Could not find the language line "Đóng"
ERROR - 2020-05-07 15:12:00 --> Could not find the language line "Xác Nhận"
ERROR - 2020-05-07 15:12:00 --> Could not find the language line "Đóng"
ERROR - 2020-05-07 15:12:00 --> Could not find the language line "Tải"
ERROR - 2020-05-07 09:13:28 --> Could not find the language line "Email"
ERROR - 2020-05-07 09:13:28 --> Could not find the language line "password"
ERROR - 2020-05-07 15:15:33 --> Could not find the language line "Tạo Điểm Lấy Hàng"
ERROR - 2020-05-07 15:15:33 --> Could not find the language line "Tạo Đơn Hàng"
ERROR - 2020-05-07 15:15:33 --> Could not find the language line "Tải Excel"
ERROR - 2020-05-07 15:15:33 --> Could not find the language line "Đóng"
ERROR - 2020-05-07 15:15:33 --> Could not find the language line "Xác Nhận"
ERROR - 2020-05-07 15:15:33 --> Severity: Warning --> Invalid argument supplied for foreach() /home/admin/domains/spshd.com/public_html/khachhang/application/views/app.php 161
ERROR - 2020-05-07 15:15:33 --> Severity: Warning --> Invalid argument supplied for foreach() /home/admin/domains/spshd.com/public_html/khachhang/application/views/app.php 172
ERROR - 2020-05-07 15:15:33 --> Could not find the language line "Đóng"
ERROR - 2020-05-07 15:15:33 --> Could not find the language line "Xác Nhận"
ERROR - 2020-05-07 15:15:33 --> Could not find the language line "Đóng"
ERROR - 2020-05-07 15:15:33 --> Could not find the language line "Xác Nhận"
ERROR - 2020-05-07 15:15:33 --> Could not find the language line "Đóng"
ERROR - 2020-05-07 15:15:33 --> Could not find the language line "Tải"
ERROR - 2020-05-07 15:16:37 --> Could not find the language line "Tạo Điểm Lấy Hàng"
ERROR - 2020-05-07 15:16:37 --> Could not find the language line "Tạo Đơn Hàng"
ERROR - 2020-05-07 15:16:37 --> Could not find the language line "Tải Excel"
ERROR - 2020-05-07 15:16:37 --> Could not find the language line "Đóng"
ERROR - 2020-05-07 15:16:37 --> Could not find the language line "Xác Nhận"
ERROR - 2020-05-07 15:16:37 --> Severity: Warning --> Invalid argument supplied for foreach() /home/admin/domains/spshd.com/public_html/khachhang/application/views/app.php 161
ERROR - 2020-05-07 15:16:37 --> Severity: Warning --> Invalid argument supplied for foreach() /home/admin/domains/spshd.com/public_html/khachhang/application/views/app.php 172
ERROR - 2020-05-07 15:16:37 --> Could not find the language line "Đóng"
ERROR - 2020-05-07 15:16:37 --> Could not find the language line "Xác Nhận"
ERROR - 2020-05-07 15:16:37 --> Could not find the language line "Đóng"
ERROR - 2020-05-07 15:16:37 --> Could not find the language line "Xác Nhận"
ERROR - 2020-05-07 15:16:37 --> Could not find the language line "Đóng"
ERROR - 2020-05-07 15:16:37 --> Could not find the language line "Tải"
ERROR - 2020-05-07 15:35:26 --> Could not find the language line "Tạo Điểm Lấy Hàng"
ERROR - 2020-05-07 15:35:26 --> Could not find the language line "Tạo Đơn Hàng"
ERROR - 2020-05-07 15:35:26 --> Could not find the language line "Tải Excel"
ERROR - 2020-05-07 15:35:26 --> Could not find the language line "Đóng"
ERROR - 2020-05-07 15:35:26 --> Could not find the language line "Xác Nhận"
ERROR - 2020-05-07 15:35:26 --> Severity: Warning --> Invalid argument supplied for foreach() /home/admin/domains/spshd.com/public_html/khachhang/application/views/app.php 161
ERROR - 2020-05-07 15:35:26 --> Severity: Warning --> Invalid argument supplied for foreach() /home/admin/domains/spshd.com/public_html/khachhang/application/views/app.php 172
ERROR - 2020-05-07 15:35:26 --> Could not find the language line "Đóng"
ERROR - 2020-05-07 15:35:26 --> Could not find the language line "Xác Nhận"
ERROR - 2020-05-07 15:35:26 --> Could not find the language line "Đóng"
ERROR - 2020-05-07 15:35:26 --> Could not find the language line "Xác Nhận"
ERROR - 2020-05-07 15:35:26 --> Could not find the language line "Đóng"
ERROR - 2020-05-07 15:35:26 --> Could not find the language line "Tải"
ERROR - 2020-05-07 09:35:27 --> Could not find the language line "Email"
ERROR - 2020-05-07 09:35:27 --> Could not find the language line "password"
ERROR - 2020-05-07 16:11:58 --> Could not find the language line "Tạo Điểm Lấy Hàng"
ERROR - 2020-05-07 16:11:58 --> Could not find the language line "Tạo Đơn Hàng"
ERROR - 2020-05-07 16:11:58 --> Could not find the language line "Tải Excel"
ERROR - 2020-05-07 16:11:58 --> Could not find the language line "Đóng"
ERROR - 2020-05-07 16:11:58 --> Could not find the language line "Xác Nhận"
ERROR - 2020-05-07 16:11:58 --> Severity: Warning --> Invalid argument supplied for foreach() /home/admin/domains/spshd.com/public_html/khachhang/application/views/app.php 161
ERROR - 2020-05-07 16:11:58 --> Severity: Warning --> Invalid argument supplied for foreach() /home/admin/domains/spshd.com/public_html/khachhang/application/views/app.php 172
ERROR - 2020-05-07 16:11:58 --> Could not find the language line "Đóng"
ERROR - 2020-05-07 16:11:58 --> Could not find the language line "Xác Nhận"
ERROR - 2020-05-07 16:11:58 --> Could not find the language line "Đóng"
ERROR - 2020-05-07 16:11:58 --> Could not find the language line "Xác Nhận"
ERROR - 2020-05-07 16:11:58 --> Could not find the language line "Đóng"
ERROR - 2020-05-07 16:11:58 --> Could not find the language line "Tải"
ERROR - 2020-05-07 16:14:03 --> Could not find the language line "Tạo Điểm Lấy Hàng"
ERROR - 2020-05-07 16:14:03 --> Could not find the language line "Tạo Đơn Hàng"
ERROR - 2020-05-07 16:14:03 --> Could not find the language line "Tải Excel"
ERROR - 2020-05-07 16:14:03 --> Could not find the language line "Đóng"
ERROR - 2020-05-07 16:14:03 --> Could not find the language line "Xác Nhận"
ERROR - 2020-05-07 16:14:03 --> Severity: Warning --> Invalid argument supplied for foreach() /home/admin/domains/spshd.com/public_html/khachhang/application/views/app.php 161
ERROR - 2020-05-07 16:14:03 --> Severity: Warning --> Invalid argument supplied for foreach() /home/admin/domains/spshd.com/public_html/khachhang/application/views/app.php 172
ERROR - 2020-05-07 16:14:03 --> Could not find the language line "Đóng"
ERROR - 2020-05-07 16:14:03 --> Could not find the language line "Xác Nhận"
ERROR - 2020-05-07 16:14:03 --> Could not find the language line "Đóng"
ERROR - 2020-05-07 16:14:03 --> Could not find the language line "Xác Nhận"
ERROR - 2020-05-07 16:14:03 --> Could not find the language line "Đóng"
ERROR - 2020-05-07 16:14:03 --> Could not find the language line "Tải"
ERROR - 2020-05-07 16:16:04 --> Could not find the language line "Tạo Điểm Lấy Hàng"
ERROR - 2020-05-07 16:16:04 --> Could not find the language line "Tạo Đơn Hàng"
ERROR - 2020-05-07 16:16:04 --> Could not find the language line "Tải Excel"
ERROR - 2020-05-07 16:16:04 --> Could not find the language line "Đóng"
ERROR - 2020-05-07 16:16:04 --> Could not find the language line "Xác Nhận"
ERROR - 2020-05-07 16:16:04 --> Severity: Warning --> Invalid argument supplied for foreach() /home/admin/domains/spshd.com/public_html/khachhang/application/views/app.php 161
ERROR - 2020-05-07 16:16:04 --> Severity: Warning --> Invalid argument supplied for foreach() /home/admin/domains/spshd.com/public_html/khachhang/application/views/app.php 172
ERROR - 2020-05-07 16:16:04 --> Could not find the language line "Đóng"
ERROR - 2020-05-07 16:16:04 --> Could not find the language line "Xác Nhận"
ERROR - 2020-05-07 16:16:05 --> Could not find the language line "Đóng"
ERROR - 2020-05-07 16:16:05 --> Could not find the language line "Xác Nhận"
ERROR - 2020-05-07 16:16:05 --> Could not find the language line "Đóng"
ERROR - 2020-05-07 16:16:05 --> Could not find the language line "Tải"
ERROR - 2020-05-07 16:21:48 --> Could not find the language line "Tạo Điểm Lấy Hàng"
ERROR - 2020-05-07 16:21:48 --> Could not find the language line "Tạo Đơn Hàng"
ERROR - 2020-05-07 16:21:48 --> Could not find the language line "Tải Excel"
ERROR - 2020-05-07 16:21:48 --> Severity: Warning --> Invalid argument supplied for foreach() /home/admin/domains/spshd.com/public_html/khachhang/application/views/tab4.php 545
ERROR - 2020-05-07 16:21:48 --> Could not find the language line "Đóng"
ERROR - 2020-05-07 16:21:48 --> Could not find the language line "Xác Nhận"
ERROR - 2020-05-07 16:21:48 --> Severity: Warning --> Invalid argument supplied for foreach() /home/admin/domains/spshd.com/public_html/khachhang/application/views/app.php 161
ERROR - 2020-05-07 16:21:48 --> Severity: Warning --> Invalid argument supplied for foreach() /home/admin/domains/spshd.com/public_html/khachhang/application/views/app.php 172
ERROR - 2020-05-07 16:21:48 --> Could not find the language line "Đóng"
ERROR - 2020-05-07 16:21:48 --> Could not find the language line "Xác Nhận"
ERROR - 2020-05-07 16:21:48 --> Severity: Warning --> Invalid argument supplied for foreach() /home/admin/domains/spshd.com/public_html/khachhang/application/views/app.php 320
ERROR - 2020-05-07 16:21:48 --> Could not find the language line "Đóng"
ERROR - 2020-05-07 16:21:48 --> Could not find the language line "Xác Nhận"
ERROR - 2020-05-07 16:21:48 --> Could not find the language line "Đóng"
ERROR - 2020-05-07 16:21:48 --> Could not find the language line "Tải"
ERROR - 2020-05-07 16:22:18 --> Severity: Warning --> array_reverse() expects parameter 1 to be array, null given /home/admin/domains/spshd.com/public_html/khachhang/application/controllers/App.php 2012
ERROR - 2020-05-07 16:22:19 --> Severity: Warning --> array_reverse() expects parameter 1 to be array, null given /home/admin/domains/spshd.com/public_html/khachhang/application/controllers/App.php 2012
ERROR - 2020-05-07 16:22:20 --> Severity: Warning --> array_reverse() expects parameter 1 to be array, null given /home/admin/domains/spshd.com/public_html/khachhang/application/controllers/App.php 2012
ERROR - 2020-05-07 16:22:20 --> Severity: Warning --> array_reverse() expects parameter 1 to be array, null given /home/admin/domains/spshd.com/public_html/khachhang/application/controllers/App.php 2012
ERROR - 2020-05-07 16:22:21 --> Severity: Warning --> array_reverse() expects parameter 1 to be array, null given /home/admin/domains/spshd.com/public_html/khachhang/application/controllers/App.php 2012
ERROR - 2020-05-07 16:22:21 --> Severity: Warning --> array_reverse() expects parameter 1 to be array, null given /home/admin/domains/spshd.com/public_html/khachhang/application/controllers/App.php 2012
ERROR - 2020-05-07 16:22:22 --> Severity: Warning --> array_reverse() expects parameter 1 to be array, null given /home/admin/domains/spshd.com/public_html/khachhang/application/controllers/App.php 2012
ERROR - 2020-05-07 16:22:22 --> Severity: Warning --> array_reverse() expects parameter 1 to be array, null given /home/admin/domains/spshd.com/public_html/khachhang/application/controllers/App.php 2012
ERROR - 2020-05-07 16:22:24 --> Severity: Warning --> array_reverse() expects parameter 1 to be array, null given /home/admin/domains/spshd.com/public_html/khachhang/application/controllers/App.php 2012
ERROR - 2020-05-07 16:22:24 --> Severity: Warning --> array_reverse() expects parameter 1 to be array, null given /home/admin/domains/spshd.com/public_html/khachhang/application/controllers/App.php 2012
ERROR - 2020-05-07 16:22:25 --> Severity: Warning --> array_reverse() expects parameter 1 to be array, null given /home/admin/domains/spshd.com/public_html/khachhang/application/controllers/App.php 2012
ERROR - 2020-05-07 16:22:25 --> Severity: Warning --> array_reverse() expects parameter 1 to be array, null given /home/admin/domains/spshd.com/public_html/khachhang/application/controllers/App.php 2012
ERROR - 2020-05-07 16:22:26 --> Severity: Warning --> array_reverse() expects parameter 1 to be array, null given /home/admin/domains/spshd.com/public_html/khachhang/application/controllers/App.php 2012
ERROR - 2020-05-07 16:22:27 --> Severity: Warning --> array_reverse() expects parameter 1 to be array, null given /home/admin/domains/spshd.com/public_html/khachhang/application/controllers/App.php 2012
ERROR - 2020-05-07 16:22:27 --> Severity: Warning --> array_reverse() expects parameter 1 to be array, null given /home/admin/domains/spshd.com/public_html/khachhang/application/controllers/App.php 2012
ERROR - 2020-05-07 16:22:28 --> Severity: Warning --> array_reverse() expects parameter 1 to be array, null given /home/admin/domains/spshd.com/public_html/khachhang/application/controllers/App.php 2012
ERROR - 2020-05-07 16:22:28 --> Severity: Warning --> array_reverse() expects parameter 1 to be array, null given /home/admin/domains/spshd.com/public_html/khachhang/application/controllers/App.php 2012
ERROR - 2020-05-07 16:22:28 --> Severity: Warning --> array_reverse() expects parameter 1 to be array, null given /home/admin/domains/spshd.com/public_html/khachhang/application/controllers/App.php 2012
ERROR - 2020-05-07 16:22:29 --> Severity: Warning --> array_reverse() expects parameter 1 to be array, null given /home/admin/domains/spshd.com/public_html/khachhang/application/controllers/App.php 2012
ERROR - 2020-05-07 16:22:29 --> Severity: Warning --> array_reverse() expects parameter 1 to be array, null given /home/admin/domains/spshd.com/public_html/khachhang/application/controllers/App.php 2012
ERROR - 2020-05-07 16:22:29 --> Severity: Warning --> array_reverse() expects parameter 1 to be array, null given /home/admin/domains/spshd.com/public_html/khachhang/application/controllers/App.php 2012
ERROR - 2020-05-07 16:22:32 --> Severity: Warning --> array_reverse() expects parameter 1 to be array, null given /home/admin/domains/spshd.com/public_html/khachhang/application/controllers/App.php 2012
ERROR - 2020-05-07 16:22:32 --> Severity: Warning --> array_reverse() expects parameter 1 to be array, null given /home/admin/domains/spshd.com/public_html/khachhang/application/controllers/App.php 2012
ERROR - 2020-05-07 16:22:33 --> Severity: Warning --> array_reverse() expects parameter 1 to be array, null given /home/admin/domains/spshd.com/public_html/khachhang/application/controllers/App.php 2012
ERROR - 2020-05-07 16:22:42 --> Severity: Warning --> array_reverse() expects parameter 1 to be array, null given /home/admin/domains/spshd.com/public_html/khachhang/application/controllers/App.php 2012
ERROR - 2020-05-07 16:22:43 --> Severity: Warning --> array_reverse() expects parameter 1 to be array, null given /home/admin/domains/spshd.com/public_html/khachhang/application/controllers/App.php 2012
ERROR - 2020-05-07 16:22:51 --> Severity: Warning --> array_reverse() expects parameter 1 to be array, null given /home/admin/domains/spshd.com/public_html/khachhang/application/controllers/App.php 2012
ERROR - 2020-05-07 16:22:57 --> Severity: Warning --> array_reverse() expects parameter 1 to be array, null given /home/admin/domains/spshd.com/public_html/khachhang/application/controllers/App.php 2012
ERROR - 2020-05-07 16:22:57 --> Severity: Warning --> array_reverse() expects parameter 1 to be array, null given /home/admin/domains/spshd.com/public_html/khachhang/application/controllers/App.php 2012
ERROR - 2020-05-07 16:22:58 --> Severity: Warning --> array_reverse() expects parameter 1 to be array, null given /home/admin/domains/spshd.com/public_html/khachhang/application/controllers/App.php 2012
ERROR - 2020-05-07 16:22:59 --> Severity: Warning --> array_reverse() expects parameter 1 to be array, null given /home/admin/domains/spshd.com/public_html/khachhang/application/controllers/App.php 2012
ERROR - 2020-05-07 16:22:59 --> Severity: Warning --> array_reverse() expects parameter 1 to be array, null given /home/admin/domains/spshd.com/public_html/khachhang/application/controllers/App.php 2012
ERROR - 2020-05-07 16:23:00 --> Severity: Warning --> array_reverse() expects parameter 1 to be array, null given /home/admin/domains/spshd.com/public_html/khachhang/application/controllers/App.php 2012
ERROR - 2020-05-07 16:23:00 --> Severity: Warning --> array_reverse() expects parameter 1 to be array, null given /home/admin/domains/spshd.com/public_html/khachhang/application/controllers/App.php 2012
ERROR - 2020-05-07 16:23:00 --> Severity: Warning --> array_reverse() expects parameter 1 to be array, null given /home/admin/domains/spshd.com/public_html/khachhang/application/controllers/App.php 2012
ERROR - 2020-05-07 16:23:00 --> Severity: Warning --> array_reverse() expects parameter 1 to be array, null given /home/admin/domains/spshd.com/public_html/khachhang/application/controllers/App.php 2012
ERROR - 2020-05-07 16:23:01 --> Severity: Warning --> array_reverse() expects parameter 1 to be array, null given /home/admin/domains/spshd.com/public_html/khachhang/application/controllers/App.php 2012
ERROR - 2020-05-07 16:23:01 --> Severity: Warning --> array_reverse() expects parameter 1 to be array, null given /home/admin/domains/spshd.com/public_html/khachhang/application/controllers/App.php 2012
ERROR - 2020-05-07 16:23:01 --> Severity: Warning --> array_reverse() expects parameter 1 to be array, null given /home/admin/domains/spshd.com/public_html/khachhang/application/controllers/App.php 2012
ERROR - 2020-05-07 16:23:02 --> Severity: Warning --> array_reverse() expects parameter 1 to be array, null given /home/admin/domains/spshd.com/public_html/khachhang/application/controllers/App.php 2012
ERROR - 2020-05-07 16:23:02 --> Severity: Warning --> array_reverse() expects parameter 1 to be array, null given /home/admin/domains/spshd.com/public_html/khachhang/application/controllers/App.php 2012
ERROR - 2020-05-07 16:23:03 --> Severity: Warning --> array_reverse() expects parameter 1 to be array, null given /home/admin/domains/spshd.com/public_html/khachhang/application/controllers/App.php 2012
ERROR - 2020-05-07 16:23:03 --> Severity: Warning --> array_reverse() expects parameter 1 to be array, null given /home/admin/domains/spshd.com/public_html/khachhang/application/controllers/App.php 2012
ERROR - 2020-05-07 16:23:05 --> Severity: Warning --> array_reverse() expects parameter 1 to be array, null given /home/admin/domains/spshd.com/public_html/khachhang/application/controllers/App.php 2012
ERROR - 2020-05-07 16:23:05 --> Severity: Warning --> array_reverse() expects parameter 1 to be array, null given /home/admin/domains/spshd.com/public_html/khachhang/application/controllers/App.php 2012
ERROR - 2020-05-07 16:23:07 --> Severity: Warning --> array_reverse() expects parameter 1 to be array, null given /home/admin/domains/spshd.com/public_html/khachhang/application/controllers/App.php 2012
ERROR - 2020-05-07 16:23:07 --> Severity: Warning --> array_reverse() expects parameter 1 to be array, null given /home/admin/domains/spshd.com/public_html/khachhang/application/controllers/App.php 2012
ERROR - 2020-05-07 16:23:08 --> Severity: Warning --> array_reverse() expects parameter 1 to be array, null given /home/admin/domains/spshd.com/public_html/khachhang/application/controllers/App.php 2012
ERROR - 2020-05-07 16:23:08 --> Severity: Warning --> array_reverse() expects parameter 1 to be array, null given /home/admin/domains/spshd.com/public_html/khachhang/application/controllers/App.php 2012
ERROR - 2020-05-07 16:23:08 --> Severity: Warning --> array_reverse() expects parameter 1 to be array, null given /home/admin/domains/spshd.com/public_html/khachhang/application/controllers/App.php 2012
ERROR - 2020-05-07 16:27:47 --> Could not find the language line "Tạo Điểm Lấy Hàng"
ERROR - 2020-05-07 16:27:47 --> Could not find the language line "Tạo Đơn Hàng"
ERROR - 2020-05-07 16:27:47 --> Could not find the language line "Tải Excel"
ERROR - 2020-05-07 16:27:47 --> Severity: Warning --> Invalid argument supplied for foreach() /home/admin/domains/spshd.com/public_html/khachhang/application/views/tab4.php 545
ERROR - 2020-05-07 16:27:47 --> Could not find the language line "Đóng"
ERROR - 2020-05-07 16:27:47 --> Could not find the language line "Xác Nhận"
ERROR - 2020-05-07 16:27:47 --> Severity: Warning --> Invalid argument supplied for foreach() /home/admin/domains/spshd.com/public_html/khachhang/application/views/app.php 161
ERROR - 2020-05-07 16:27:47 --> Severity: Warning --> Invalid argument supplied for foreach() /home/admin/domains/spshd.com/public_html/khachhang/application/views/app.php 172
ERROR - 2020-05-07 16:27:47 --> Could not find the language line "Đóng"
ERROR - 2020-05-07 16:27:47 --> Could not find the language line "Xác Nhận"
ERROR - 2020-05-07 16:27:47 --> Severity: Warning --> Invalid argument supplied for foreach() /home/admin/domains/spshd.com/public_html/khachhang/application/views/app.php 320
ERROR - 2020-05-07 16:27:47 --> Could not find the language line "Đóng"
ERROR - 2020-05-07 16:27:47 --> Could not find the language line "Xác Nhận"
ERROR - 2020-05-07 16:27:47 --> Could not find the language line "Đóng"
ERROR - 2020-05-07 16:27:47 --> Could not find the language line "Tải"
ERROR - 2020-05-07 16:27:47 --> Could not find the language line "Tạo Điểm Lấy Hàng"
ERROR - 2020-05-07 16:27:47 --> Could not find the language line "Tạo Đơn Hàng"
ERROR - 2020-05-07 16:27:47 --> Could not find the language line "Tải Excel"
ERROR - 2020-05-07 16:27:47 --> Severity: Warning --> Invalid argument supplied for foreach() /home/admin/domains/spshd.com/public_html/khachhang/application/views/tab4.php 545
ERROR - 2020-05-07 16:27:47 --> Could not find the language line "Đóng"
ERROR - 2020-05-07 16:27:47 --> Could not find the language line "Xác Nhận"
ERROR - 2020-05-07 16:27:47 --> Severity: Warning --> Invalid argument supplied for foreach() /home/admin/domains/spshd.com/public_html/khachhang/application/views/app.php 161
ERROR - 2020-05-07 16:27:47 --> Severity: Warning --> Invalid argument supplied for foreach() /home/admin/domains/spshd.com/public_html/khachhang/application/views/app.php 172
ERROR - 2020-05-07 16:27:47 --> Could not find the language line "Đóng"
ERROR - 2020-05-07 16:27:47 --> Could not find the language line "Xác Nhận"
ERROR - 2020-05-07 16:27:47 --> Severity: Warning --> Invalid argument supplied for foreach() /home/admin/domains/spshd.com/public_html/khachhang/application/views/app.php 320
ERROR - 2020-05-07 16:27:47 --> Could not find the language line "Đóng"
ERROR - 2020-05-07 16:27:47 --> Could not find the language line "Xác Nhận"
ERROR - 2020-05-07 16:27:47 --> Could not find the language line "Đóng"
ERROR - 2020-05-07 16:27:47 --> Could not find the language line "Tải"
ERROR - 2020-05-07 16:28:55 --> Could not find the language line "Tạo Điểm Lấy Hàng"
ERROR - 2020-05-07 16:28:55 --> Could not find the language line "Tạo Đơn Hàng"
ERROR - 2020-05-07 16:28:55 --> Could not find the language line "Tải Excel"
ERROR - 2020-05-07 16:28:55 --> Could not find the language line "Đóng"
ERROR - 2020-05-07 16:28:55 --> Could not find the language line "Xác Nhận"
ERROR - 2020-05-07 16:28:55 --> Severity: Warning --> Invalid argument supplied for foreach() /home/admin/domains/spshd.com/public_html/khachhang/application/views/app.php 161
ERROR - 2020-05-07 16:28:55 --> Severity: Warning --> Invalid argument supplied for foreach() /home/admin/domains/spshd.com/public_html/khachhang/application/views/app.php 172
ERROR - 2020-05-07 16:28:55 --> Could not find the language line "Đóng"
ERROR - 2020-05-07 16:28:55 --> Could not find the language line "Xác Nhận"
ERROR - 2020-05-07 16:28:55 --> Could not find the language line "Đóng"
ERROR - 2020-05-07 16:28:55 --> Could not find the language line "Xác Nhận"
ERROR - 2020-05-07 16:28:55 --> Could not find the language line "Đóng"
ERROR - 2020-05-07 16:28:55 --> Could not find the language line "Tải"
ERROR - 2020-05-07 17:03:58 --> Could not find the language line "Tạo Điểm Lấy Hàng"
ERROR - 2020-05-07 17:03:58 --> Could not find the language line "Tạo Đơn Hàng"
ERROR - 2020-05-07 17:03:58 --> Could not find the language line "Tải Excel"
ERROR - 2020-05-07 17:03:58 --> Could not find the language line "Đóng"
ERROR - 2020-05-07 17:03:58 --> Could not find the language line "Xác Nhận"
ERROR - 2020-05-07 17:03:58 --> Severity: Warning --> Invalid argument supplied for foreach() /home/admin/domains/spshd.com/public_html/khachhang/application/views/app.php 161
ERROR - 2020-05-07 17:03:58 --> Severity: Warning --> Invalid argument supplied for foreach() /home/admin/domains/spshd.com/public_html/khachhang/application/views/app.php 172
ERROR - 2020-05-07 17:03:58 --> Could not find the language line "Đóng"
ERROR - 2020-05-07 17:03:58 --> Could not find the language line "Xác Nhận"
ERROR - 2020-05-07 17:03:58 --> Could not find the language line "Đóng"
ERROR - 2020-05-07 17:03:58 --> Could not find the language line "Xác Nhận"
ERROR - 2020-05-07 17:03:58 --> Could not find the language line "Đóng"
ERROR - 2020-05-07 17:03:58 --> Could not find the language line "Tải"
ERROR - 2020-05-07 11:16:01 --> Could not find the language line "Email"
ERROR - 2020-05-07 11:16:01 --> Could not find the language line "password"
ERROR - 2020-05-07 17:16:16 --> Could not find the language line "Tạo Điểm Lấy Hàng"
ERROR - 2020-05-07 17:16:16 --> Could not find the language line "Tạo Đơn Hàng"
ERROR - 2020-05-07 17:16:16 --> Could not find the language line "Tải Excel"
ERROR - 2020-05-07 17:16:16 --> Could not find the language line "Đóng"
ERROR - 2020-05-07 17:16:16 --> Could not find the language line "Xác Nhận"
ERROR - 2020-05-07 17:16:16 --> Severity: Warning --> Invalid argument supplied for foreach() /home/admin/domains/spshd.com/public_html/khachhang/application/views/app.php 161
ERROR - 2020-05-07 17:16:16 --> Severity: Warning --> Invalid argument supplied for foreach() /home/admin/domains/spshd.com/public_html/khachhang/application/views/app.php 172
ERROR - 2020-05-07 17:16:16 --> Could not find the language line "Đóng"
ERROR - 2020-05-07 17:16:16 --> Could not find the language line "Xác Nhận"
ERROR - 2020-05-07 17:16:16 --> Could not find the language line "Đóng"
ERROR - 2020-05-07 17:16:16 --> Could not find the language line "Xác Nhận"
ERROR - 2020-05-07 17:16:16 --> Could not find the language line "Đóng"
ERROR - 2020-05-07 17:16:16 --> Could not find the language line "Tải"
ERROR - 2020-05-07 18:02:03 --> Could not find the language line "Tạo Điểm Lấy Hàng"
ERROR - 2020-05-07 18:02:03 --> Could not find the language line "Tạo Đơn Hàng"
ERROR - 2020-05-07 18:02:03 --> Could not find the language line "Tải Excel"
ERROR - 2020-05-07 18:02:03 --> Could not find the language line "Đóng"
ERROR - 2020-05-07 18:02:03 --> Could not find the language line "Xác Nhận"
ERROR - 2020-05-07 18:02:03 --> Severity: Warning --> Invalid argument supplied for foreach() /home/admin/domains/spshd.com/public_html/khachhang/application/views/app.php 161
ERROR - 2020-05-07 18:02:03 --> Severity: Warning --> Invalid argument supplied for foreach() /home/admin/domains/spshd.com/public_html/khachhang/application/views/app.php 172
ERROR - 2020-05-07 18:02:03 --> Could not find the language line "Đóng"
ERROR - 2020-05-07 18:02:03 --> Could not find the language line "Xác Nhận"
ERROR - 2020-05-07 18:02:03 --> Could not find the language line "Đóng"
ERROR - 2020-05-07 18:02:03 --> Could not find the language line "Xác Nhận"
ERROR - 2020-05-07 18:02:03 --> Could not find the language line "Đóng"
ERROR - 2020-05-07 18:02:03 --> Could not find the language line "Tải"
ERROR - 2020-05-07 18:02:04 --> Could not find the language line "Tạo Điểm Lấy Hàng"
ERROR - 2020-05-07 18:02:04 --> Could not find the language line "Tạo Đơn Hàng"
ERROR - 2020-05-07 18:02:04 --> Could not find the language line "Tải Excel"
ERROR - 2020-05-07 18:02:04 --> Could not find the language line "Đóng"
ERROR - 2020-05-07 18:02:04 --> Could not find the language line "Xác Nhận"
ERROR - 2020-05-07 18:02:04 --> Severity: Warning --> Invalid argument supplied for foreach() /home/admin/domains/spshd.com/public_html/khachhang/application/views/app.php 161
ERROR - 2020-05-07 18:02:04 --> Severity: Warning --> Invalid argument supplied for foreach() /home/admin/domains/spshd.com/public_html/khachhang/application/views/app.php 172
ERROR - 2020-05-07 18:02:04 --> Could not find the language line "Đóng"
ERROR - 2020-05-07 18:02:04 --> Could not find the language line "Xác Nhận"
ERROR - 2020-05-07 18:02:04 --> Could not find the language line "Đóng"
ERROR - 2020-05-07 18:02:04 --> Could not find the language line "Xác Nhận"
ERROR - 2020-05-07 18:02:04 --> Could not find the language line "Đóng"
ERROR - 2020-05-07 18:02:04 --> Could not find the language line "Tải"
ERROR - 2020-05-07 18:53:38 --> Could not find the language line "Tạo Điểm Lấy Hàng"
ERROR - 2020-05-07 18:53:38 --> Could not find the language line "Tạo Đơn Hàng"
ERROR - 2020-05-07 18:53:38 --> Could not find the language line "Tải Excel"
ERROR - 2020-05-07 18:53:38 --> Could not find the language line "Đóng"
ERROR - 2020-05-07 18:53:38 --> Could not find the language line "Xác Nhận"
ERROR - 2020-05-07 18:53:38 --> Severity: Warning --> Invalid argument supplied for foreach() /home/admin/domains/spshd.com/public_html/khachhang/application/views/app.php 161
ERROR - 2020-05-07 18:53:38 --> Severity: Warning --> Invalid argument supplied for foreach() /home/admin/domains/spshd.com/public_html/khachhang/application/views/app.php 172
ERROR - 2020-05-07 18:53:38 --> Could not find the language line "Đóng"
ERROR - 2020-05-07 18:53:38 --> Could not find the language line "Xác Nhận"
ERROR - 2020-05-07 18:53:38 --> Could not find the language line "Đóng"
ERROR - 2020-05-07 18:53:38 --> Could not find the language line "Xác Nhận"
ERROR - 2020-05-07 18:53:38 --> Could not find the language line "Đóng"
ERROR - 2020-05-07 18:53:38 --> Could not find the language line "Tải"
ERROR - 2020-05-07 13:01:26 --> Could not find the language line "Email"
ERROR - 2020-05-07 13:01:26 --> Could not find the language line "password"
ERROR - 2020-05-07 13:02:25 --> Could not find the language line "Email"
ERROR - 2020-05-07 13:02:25 --> Could not find the language line "password"
ERROR - 2020-05-07 19:23:54 --> Could not find the language line "Tạo Điểm Lấy Hàng"
ERROR - 2020-05-07 19:23:54 --> Could not find the language line "Tạo Đơn Hàng"
ERROR - 2020-05-07 19:23:54 --> Could not find the language line "Tải Excel"
ERROR - 2020-05-07 19:23:54 --> Could not find the language line "Đóng"
ERROR - 2020-05-07 19:23:54 --> Could not find the language line "Xác Nhận"
ERROR - 2020-05-07 19:23:54 --> Severity: Warning --> Invalid argument supplied for foreach() /home/admin/domains/spshd.com/public_html/khachhang/application/views/app.php 161
ERROR - 2020-05-07 19:23:54 --> Severity: Warning --> Invalid argument supplied for foreach() /home/admin/domains/spshd.com/public_html/khachhang/application/views/app.php 172
ERROR - 2020-05-07 19:23:54 --> Could not find the language line "Đóng"
ERROR - 2020-05-07 19:23:54 --> Could not find the language line "Xác Nhận"
ERROR - 2020-05-07 19:23:54 --> Could not find the language line "Đóng"
ERROR - 2020-05-07 19:23:54 --> Could not find the language line "Xác Nhận"
ERROR - 2020-05-07 19:23:54 --> Could not find the language line "Đóng"
ERROR - 2020-05-07 19:23:54 --> Could not find the language line "Tải"
ERROR - 2020-05-07 19:23:54 --> Could not find the language line "Tạo Điểm Lấy Hàng"
ERROR - 2020-05-07 19:23:54 --> Could not find the language line "Tạo Đơn Hàng"
ERROR - 2020-05-07 19:23:54 --> Could not find the language line "Tải Excel"
ERROR - 2020-05-07 19:23:54 --> Could not find the language line "Đóng"
ERROR - 2020-05-07 19:23:54 --> Could not find the language line "Xác Nhận"
ERROR - 2020-05-07 19:23:54 --> Severity: Warning --> Invalid argument supplied for foreach() /home/admin/domains/spshd.com/public_html/khachhang/application/views/app.php 161
ERROR - 2020-05-07 19:23:54 --> Severity: Warning --> Invalid argument supplied for foreach() /home/admin/domains/spshd.com/public_html/khachhang/application/views/app.php 172
ERROR - 2020-05-07 19:23:54 --> Could not find the language line "Đóng"
ERROR - 2020-05-07 19:23:54 --> Could not find the language line "Xác Nhận"
ERROR - 2020-05-07 19:23:54 --> Could not find the language line "Đóng"
ERROR - 2020-05-07 19:23:54 --> Could not find the language line "Xác Nhận"
ERROR - 2020-05-07 19:23:54 --> Could not find the language line "Đóng"
ERROR - 2020-05-07 19:23:54 --> Could not find the language line "Tải"
ERROR - 2020-05-07 21:21:32 --> Could not find the language line "Tạo Điểm Lấy Hàng"
ERROR - 2020-05-07 21:21:32 --> Could not find the language line "Tạo Đơn Hàng"
ERROR - 2020-05-07 21:21:32 --> Could not find the language line "Tải Excel"
ERROR - 2020-05-07 21:21:32 --> Could not find the language line "Đóng"
ERROR - 2020-05-07 21:21:32 --> Could not find the language line "Xác Nhận"
ERROR - 2020-05-07 21:21:32 --> Severity: Warning --> Invalid argument supplied for foreach() /home/admin/domains/spshd.com/public_html/khachhang/application/views/app.php 161
ERROR - 2020-05-07 21:21:32 --> Severity: Warning --> Invalid argument supplied for foreach() /home/admin/domains/spshd.com/public_html/khachhang/application/views/app.php 172
ERROR - 2020-05-07 21:21:32 --> Could not find the language line "Đóng"
ERROR - 2020-05-07 21:21:32 --> Could not find the language line "Xác Nhận"
ERROR - 2020-05-07 21:21:32 --> Could not find the language line "Đóng"
ERROR - 2020-05-07 21:21:32 --> Could not find the language line "Xác Nhận"
ERROR - 2020-05-07 21:21:32 --> Could not find the language line "Đóng"
ERROR - 2020-05-07 21:21:32 --> Could not find the language line "Tải"
ERROR - 2020-05-07 21:26:35 --> Could not find the language line "Tạo Điểm Lấy Hàng"
ERROR - 2020-05-07 21:26:35 --> Could not find the language line "Tạo Đơn Hàng"
ERROR - 2020-05-07 21:26:35 --> Could not find the language line "Tải Excel"
ERROR - 2020-05-07 21:26:35 --> Could not find the language line "Đóng"
ERROR - 2020-05-07 21:26:35 --> Could not find the language line "Xác Nhận"
ERROR - 2020-05-07 21:26:35 --> Severity: Warning --> Invalid argument supplied for foreach() /home/admin/domains/spshd.com/public_html/khachhang/application/views/app.php 161
ERROR - 2020-05-07 21:26:35 --> Severity: Warning --> Invalid argument supplied for foreach() /home/admin/domains/spshd.com/public_html/khachhang/application/views/app.php 172
ERROR - 2020-05-07 21:26:35 --> Could not find the language line "Đóng"
ERROR - 2020-05-07 21:26:35 --> Could not find the language line "Xác Nhận"
ERROR - 2020-05-07 21:26:35 --> Could not find the language line "Đóng"
ERROR - 2020-05-07 21:26:35 --> Could not find the language line "Xác Nhận"
ERROR - 2020-05-07 21:26:35 --> Could not find the language line "Đóng"
ERROR - 2020-05-07 21:26:35 --> Could not find the language line "Tải"
ERROR - 2020-05-07 21:27:51 --> Could not find the language line "Tạo Điểm Lấy Hàng"
ERROR - 2020-05-07 21:27:51 --> Could not find the language line "Tạo Đơn Hàng"
ERROR - 2020-05-07 21:27:51 --> Could not find the language line "Tải Excel"
ERROR - 2020-05-07 21:27:51 --> Could not find the language line "Đóng"
ERROR - 2020-05-07 21:27:51 --> Could not find the language line "Xác Nhận"
ERROR - 2020-05-07 21:27:51 --> Severity: Warning --> Invalid argument supplied for foreach() /home/admin/domains/spshd.com/public_html/khachhang/application/views/app.php 161
ERROR - 2020-05-07 21:27:51 --> Severity: Warning --> Invalid argument supplied for foreach() /home/admin/domains/spshd.com/public_html/khachhang/application/views/app.php 172
ERROR - 2020-05-07 21:27:51 --> Could not find the language line "Đóng"
ERROR - 2020-05-07 21:27:51 --> Could not find the language line "Xác Nhận"
ERROR - 2020-05-07 21:27:51 --> Could not find the language line "Đóng"
ERROR - 2020-05-07 21:27:51 --> Could not find the language line "Xác Nhận"
ERROR - 2020-05-07 21:27:51 --> Could not find the language line "Đóng"
ERROR - 2020-05-07 21:27:51 --> Could not find the language line "Tải"
ERROR - 2020-05-07 21:27:52 --> Could not find the language line "Tạo Điểm Lấy Hàng"
ERROR - 2020-05-07 21:27:52 --> Could not find the language line "Tạo Đơn Hàng"
ERROR - 2020-05-07 21:27:52 --> Could not find the language line "Tải Excel"
ERROR - 2020-05-07 21:27:52 --> Could not find the language line "Đóng"
ERROR - 2020-05-07 21:27:52 --> Could not find the language line "Xác Nhận"
ERROR - 2020-05-07 21:27:52 --> Severity: Warning --> Invalid argument supplied for foreach() /home/admin/domains/spshd.com/public_html/khachhang/application/views/app.php 161
ERROR - 2020-05-07 21:27:52 --> Severity: Warning --> Invalid argument supplied for foreach() /home/admin/domains/spshd.com/public_html/khachhang/application/views/app.php 172
ERROR - 2020-05-07 21:27:52 --> Could not find the language line "Đóng"
ERROR - 2020-05-07 21:27:52 --> Could not find the language line "Xác Nhận"
ERROR - 2020-05-07 21:27:52 --> Could not find the language line "Đóng"
ERROR - 2020-05-07 21:27:52 --> Could not find the language line "Xác Nhận"
ERROR - 2020-05-07 21:27:52 --> Could not find the language line "Đóng"
ERROR - 2020-05-07 21:27:52 --> Could not find the language line "Tải"
ERROR - 2020-05-07 15:56:08 --> Could not find the language line "Email"
ERROR - 2020-05-07 15:56:08 --> Could not find the language line "password"
ERROR - 2020-05-07 22:25:19 --> Could not find the language line "Tạo Điểm Lấy Hàng"
ERROR - 2020-05-07 22:25:19 --> Could not find the language line "Tạo Đơn Hàng"
ERROR - 2020-05-07 22:25:19 --> Could not find the language line "Tải Excel"
ERROR - 2020-05-07 22:25:19 --> Could not find the language line "Đóng"
ERROR - 2020-05-07 22:25:19 --> Could not find the language line "Xác Nhận"
ERROR - 2020-05-07 22:25:19 --> Severity: Warning --> Invalid argument supplied for foreach() /home/admin/domains/spshd.com/public_html/khachhang/application/views/app.php 161
ERROR - 2020-05-07 22:25:19 --> Severity: Warning --> Invalid argument supplied for foreach() /home/admin/domains/spshd.com/public_html/khachhang/application/views/app.php 172
ERROR - 2020-05-07 22:25:19 --> Could not find the language line "Đóng"
ERROR - 2020-05-07 22:25:19 --> Could not find the language line "Xác Nhận"
ERROR - 2020-05-07 22:25:19 --> Could not find the language line "Đóng"
ERROR - 2020-05-07 22:25:19 --> Could not find the language line "Xác Nhận"
ERROR - 2020-05-07 22:25:19 --> Could not find the language line "Đóng"
ERROR - 2020-05-07 22:25:19 --> Could not find the language line "Tải"
ERROR - 2020-05-07 22:25:19 --> Could not find the language line "Tạo Điểm Lấy Hàng"
ERROR - 2020-05-07 22:25:19 --> Could not find the language line "Tạo Đơn Hàng"
ERROR - 2020-05-07 22:25:19 --> Could not find the language line "Tải Excel"
ERROR - 2020-05-07 22:25:19 --> Could not find the language line "Đóng"
ERROR - 2020-05-07 22:25:19 --> Could not find the language line "Xác Nhận"
ERROR - 2020-05-07 22:25:19 --> Severity: Warning --> Invalid argument supplied for foreach() /home/admin/domains/spshd.com/public_html/khachhang/application/views/app.php 161
ERROR - 2020-05-07 22:25:19 --> Severity: Warning --> Invalid argument supplied for foreach() /home/admin/domains/spshd.com/public_html/khachhang/application/views/app.php 172
ERROR - 2020-05-07 22:25:19 --> Could not find the language line "Đóng"
ERROR - 2020-05-07 22:25:19 --> Could not find the language line "Xác Nhận"
ERROR - 2020-05-07 22:25:19 --> Could not find the language line "Đóng"
ERROR - 2020-05-07 22:25:19 --> Could not find the language line "Xác Nhận"
ERROR - 2020-05-07 22:25:19 --> Could not find the language line "Đóng"
ERROR - 2020-05-07 22:25:19 --> Could not find the language line "Tải"
ERROR - 2020-05-07 22:25:25 --> Could not find the language line "Tạo Điểm Lấy Hàng"
ERROR - 2020-05-07 22:25:25 --> Could not find the language line "Tạo Đơn Hàng"
ERROR - 2020-05-07 22:25:25 --> Could not find the language line "Tải Excel"
ERROR - 2020-05-07 22:25:25 --> Could not find the language line "Đóng"
ERROR - 2020-05-07 22:25:25 --> Could not find the language line "Xác Nhận"
ERROR - 2020-05-07 22:25:25 --> Severity: Warning --> Invalid argument supplied for foreach() /home/admin/domains/spshd.com/public_html/khachhang/application/views/app.php 161
ERROR - 2020-05-07 22:25:25 --> Severity: Warning --> Invalid argument supplied for foreach() /home/admin/domains/spshd.com/public_html/khachhang/application/views/app.php 172
ERROR - 2020-05-07 22:25:25 --> Could not find the language line "Đóng"
ERROR - 2020-05-07 22:25:25 --> Could not find the language line "Xác Nhận"
ERROR - 2020-05-07 22:25:25 --> Could not find the language line "Đóng"
ERROR - 2020-05-07 22:25:25 --> Could not find the language line "Xác Nhận"
ERROR - 2020-05-07 22:25:25 --> Could not find the language line "Đóng"
ERROR - 2020-05-07 22:25:25 --> Could not find the language line "Tải"
ERROR - 2020-05-07 22:25:27 --> Could not find the language line "Tạo Điểm Lấy Hàng"
ERROR - 2020-05-07 22:25:27 --> Could not find the language line "Tạo Đơn Hàng"
ERROR - 2020-05-07 22:25:27 --> Could not find the language line "Tải Excel"
ERROR - 2020-05-07 22:25:27 --> Could not find the language line "Đóng"
ERROR - 2020-05-07 22:25:27 --> Could not find the language line "Xác Nhận"
ERROR - 2020-05-07 22:25:27 --> Severity: Warning --> Invalid argument supplied for foreach() /home/admin/domains/spshd.com/public_html/khachhang/application/views/app.php 161
ERROR - 2020-05-07 22:25:27 --> Severity: Warning --> Invalid argument supplied for foreach() /home/admin/domains/spshd.com/public_html/khachhang/application/views/app.php 172
ERROR - 2020-05-07 22:25:27 --> Could not find the language line "Đóng"
ERROR - 2020-05-07 22:25:27 --> Could not find the language line "Xác Nhận"
ERROR - 2020-05-07 22:25:27 --> Could not find the language line "Đóng"
ERROR - 2020-05-07 22:25:27 --> Could not find the language line "Xác Nhận"
ERROR - 2020-05-07 22:25:27 --> Could not find the language line "Đóng"
ERROR - 2020-05-07 22:25:27 --> Could not find the language line "Tải"
ERROR - 2020-05-07 22:27:54 --> Could not find the language line "Tạo Điểm Lấy Hàng"
ERROR - 2020-05-07 22:27:54 --> Could not find the language line "Tạo Đơn Hàng"
ERROR - 2020-05-07 22:27:54 --> Could not find the language line "Tải Excel"
ERROR - 2020-05-07 22:27:54 --> Could not find the language line "Đóng"
ERROR - 2020-05-07 22:27:54 --> Could not find the language line "Xác Nhận"
ERROR - 2020-05-07 22:27:54 --> Severity: Warning --> Invalid argument supplied for foreach() /home/admin/domains/spshd.com/public_html/khachhang/application/views/app.php 161
ERROR - 2020-05-07 22:27:54 --> Severity: Warning --> Invalid argument supplied for foreach() /home/admin/domains/spshd.com/public_html/khachhang/application/views/app.php 172
ERROR - 2020-05-07 22:27:54 --> Could not find the language line "Đóng"
ERROR - 2020-05-07 22:27:54 --> Could not find the language line "Xác Nhận"
ERROR - 2020-05-07 22:27:54 --> Could not find the language line "Đóng"
ERROR - 2020-05-07 22:27:54 --> Could not find the language line "Xác Nhận"
ERROR - 2020-05-07 22:27:54 --> Could not find the language line "Đóng"
ERROR - 2020-05-07 22:27:54 --> Could not find the language line "Tải"
ERROR - 2020-05-07 22:28:13 --> Could not find the language line "Tạo Điểm Lấy Hàng"
ERROR - 2020-05-07 22:28:13 --> Could not find the language line "Tạo Đơn Hàng"
ERROR - 2020-05-07 22:28:13 --> Could not find the language line "Tải Excel"
ERROR - 2020-05-07 22:28:13 --> Could not find the language line "Đóng"
ERROR - 2020-05-07 22:28:13 --> Could not find the language line "Xác Nhận"
ERROR - 2020-05-07 22:28:13 --> Severity: Warning --> Invalid argument supplied for foreach() /home/admin/domains/spshd.com/public_html/khachhang/application/views/app.php 161
ERROR - 2020-05-07 22:28:13 --> Severity: Warning --> Invalid argument supplied for foreach() /home/admin/domains/spshd.com/public_html/khachhang/application/views/app.php 172
ERROR - 2020-05-07 22:28:13 --> Could not find the language line "Đóng"
ERROR - 2020-05-07 22:28:13 --> Could not find the language line "Xác Nhận"
ERROR - 2020-05-07 22:28:13 --> Could not find the language line "Đóng"
ERROR - 2020-05-07 22:28:13 --> Could not find the language line "Xác Nhận"
ERROR - 2020-05-07 22:28:13 --> Could not find the language line "Đóng"
ERROR - 2020-05-07 22:28:13 --> Could not find the language line "Tải"
ERROR - 2020-05-07 22:46:50 --> Could not find the language line "Tạo Điểm Lấy Hàng"
ERROR - 2020-05-07 22:46:50 --> Could not find the language line "Tạo Đơn Hàng"
ERROR - 2020-05-07 22:46:50 --> Could not find the language line "Tải Excel"
ERROR - 2020-05-07 22:46:50 --> Could not find the language line "Đóng"
ERROR - 2020-05-07 22:46:50 --> Could not find the language line "Xác Nhận"
ERROR - 2020-05-07 22:46:50 --> Severity: Warning --> Invalid argument supplied for foreach() /home/admin/domains/spshd.com/public_html/khachhang/application/views/app.php 161
ERROR - 2020-05-07 22:46:50 --> Severity: Warning --> Invalid argument supplied for foreach() /home/admin/domains/spshd.com/public_html/khachhang/application/views/app.php 172
ERROR - 2020-05-07 22:46:50 --> Could not find the language line "Đóng"
ERROR - 2020-05-07 22:46:50 --> Could not find the language line "Xác Nhận"
ERROR - 2020-05-07 22:46:50 --> Could not find the language line "Đóng"
ERROR - 2020-05-07 22:46:50 --> Could not find the language line "Xác Nhận"
ERROR - 2020-05-07 22:46:50 --> Could not find the language line "Đóng"
ERROR - 2020-05-07 22:46:50 --> Could not find the language line "Tải"
ERROR - 2020-05-07 16:50:10 --> Could not find the language line "Email"
ERROR - 2020-05-07 16:50:10 --> Could not find the language line "password"
ERROR - 2020-05-07 16:51:16 --> Could not find the language line "Email"
ERROR - 2020-05-07 16:51:16 --> Could not find the language line "password"
ERROR - 2020-05-07 22:51:34 --> Could not find the language line "Tạo Điểm Lấy Hàng"
ERROR - 2020-05-07 22:51:34 --> Could not find the language line "Tạo Đơn Hàng"
ERROR - 2020-05-07 22:51:34 --> Could not find the language line "Tải Excel"
ERROR - 2020-05-07 22:51:34 --> Could not find the language line "Đóng"
ERROR - 2020-05-07 22:51:34 --> Could not find the language line "Xác Nhận"
ERROR - 2020-05-07 22:51:34 --> Severity: Warning --> Invalid argument supplied for foreach() /home/admin/domains/spshd.com/public_html/khachhang/application/views/app.php 161
ERROR - 2020-05-07 22:51:34 --> Severity: Warning --> Invalid argument supplied for foreach() /home/admin/domains/spshd.com/public_html/khachhang/application/views/app.php 172
ERROR - 2020-05-07 22:51:34 --> Could not find the language line "Đóng"
ERROR - 2020-05-07 22:51:34 --> Could not find the language line "Xác Nhận"
ERROR - 2020-05-07 22:51:34 --> Could not find the language line "Đóng"
ERROR - 2020-05-07 22:51:34 --> Could not find the language line "Xác Nhận"
ERROR - 2020-05-07 22:51:34 --> Could not find the language line "Đóng"
ERROR - 2020-05-07 22:51:34 --> Could not find the language line "Tải"
ERROR - 2020-05-07 16:53:15 --> Query error: You have an error in your SQL syntax; check the manual that corresponds to your MariaDB server version for the right syntax to use near '[1,2])' at line 3 - Invalid query: 
        SELECT create_order.*,tblorders_shop.shop as name_shop   FROM `tbl_create_order` as create_order
        LEFT JOIN tblorders_shop  ON tblorders_shop.id= create_order.orders_shop_id
        WHERE create_order.`id` IN ([1,2])
ERROR - 2020-05-07 22:55:33 --> Could not find the language line "Tạo Điểm Lấy Hàng"
ERROR - 2020-05-07 22:55:33 --> Could not find the language line "Tạo Đơn Hàng"
ERROR - 2020-05-07 22:55:33 --> Could not find the language line "Tải Excel"
ERROR - 2020-05-07 22:55:33 --> Could not find the language line "Đóng"
ERROR - 2020-05-07 22:55:33 --> Could not find the language line "Xác Nhận"
ERROR - 2020-05-07 22:55:33 --> Severity: Warning --> Invalid argument supplied for foreach() /home/admin/domains/spshd.com/public_html/khachhang/application/views/app.php 161
ERROR - 2020-05-07 22:55:33 --> Severity: Warning --> Invalid argument supplied for foreach() /home/admin/domains/spshd.com/public_html/khachhang/application/views/app.php 172
ERROR - 2020-05-07 22:55:33 --> Could not find the language line "Đóng"
ERROR - 2020-05-07 22:55:33 --> Could not find the language line "Xác Nhận"
ERROR - 2020-05-07 22:55:33 --> Could not find the language line "Đóng"
ERROR - 2020-05-07 22:55:33 --> Could not find the language line "Xác Nhận"
ERROR - 2020-05-07 22:55:33 --> Could not find the language line "Đóng"
ERROR - 2020-05-07 22:55:33 --> Could not find the language line "Tải"
ERROR - 2020-05-07 16:55:39 --> Query error: Unknown column 'tblorders_shop.code_order' in 'field list' - Invalid query: 
        SELECT create_order.*,tblorders_shop.shop as name_shop ,tblorders_shop.code_order as code_order   FROM `tbl_create_order` as create_order
        LEFT JOIN tblorders_shop  ON tblorders_shop.id= create_order.orders_shop_id
        WHERE create_order.`id` IN (1,2)
ERROR - 2020-05-07 16:55:40 --> Query error: Unknown column 'tblorders_shop.code_order' in 'field list' - Invalid query: 
        SELECT create_order.*,tblorders_shop.shop as name_shop ,tblorders_shop.code_order as code_order   FROM `tbl_create_order` as create_order
        LEFT JOIN tblorders_shop  ON tblorders_shop.id= create_order.orders_shop_id
        WHERE create_order.`id` IN (1,2)
ERROR - 2020-05-07 16:55:41 --> Query error: Unknown column 'tblorders_shop.code_order' in 'field list' - Invalid query: 
        SELECT create_order.*,tblorders_shop.shop as name_shop ,tblorders_shop.code_order as code_order   FROM `tbl_create_order` as create_order
        LEFT JOIN tblorders_shop  ON tblorders_shop.id= create_order.orders_shop_id
        WHERE create_order.`id` IN (1,2)
ERROR - 2020-05-07 16:55:41 --> Query error: Unknown column 'tblorders_shop.code_order' in 'field list' - Invalid query: 
        SELECT create_order.*,tblorders_shop.shop as name_shop ,tblorders_shop.code_order as code_order   FROM `tbl_create_order` as create_order
        LEFT JOIN tblorders_shop  ON tblorders_shop.id= create_order.orders_shop_id
        WHERE create_order.`id` IN (1,2)
ERROR - 2020-05-07 16:55:41 --> Query error: Unknown column 'tblorders_shop.code_order' in 'field list' - Invalid query: 
        SELECT create_order.*,tblorders_shop.shop as name_shop ,tblorders_shop.code_order as code_order   FROM `tbl_create_order` as create_order
        LEFT JOIN tblorders_shop  ON tblorders_shop.id= create_order.orders_shop_id
        WHERE create_order.`id` IN (1,2)
ERROR - 2020-05-07 23:26:04 --> Could not find the language line "Tạo Điểm Lấy Hàng"
ERROR - 2020-05-07 23:26:04 --> Could not find the language line "Tạo Đơn Hàng"
ERROR - 2020-05-07 23:26:04 --> Could not find the language line "Tải Excel"
ERROR - 2020-05-07 23:26:04 --> Could not find the language line "Đóng"
ERROR - 2020-05-07 23:26:04 --> Could not find the language line "Xác Nhận"
ERROR - 2020-05-07 23:26:04 --> Severity: Warning --> Invalid argument supplied for foreach() /home/admin/domains/spshd.com/public_html/khachhang/application/views/app.php 161
ERROR - 2020-05-07 23:26:04 --> Severity: Warning --> Invalid argument supplied for foreach() /home/admin/domains/spshd.com/public_html/khachhang/application/views/app.php 172
ERROR - 2020-05-07 23:26:04 --> Could not find the language line "Đóng"
ERROR - 2020-05-07 23:26:04 --> Could not find the language line "Xác Nhận"
ERROR - 2020-05-07 23:26:04 --> Could not find the language line "Đóng"
ERROR - 2020-05-07 23:26:04 --> Could not find the language line "Xác Nhận"
ERROR - 2020-05-07 23:26:04 --> Could not find the language line "Đóng"
ERROR - 2020-05-07 23:26:04 --> Could not find the language line "Tải"
ERROR - 2020-05-07 17:26:25 --> Query error: You have an error in your SQL syntax; check the manual that corresponds to your MariaDB server version for the right syntax to use near 'on,999925256,999925257,999925258)' at line 3 - Invalid query: 
        SELECT create_order.*,tblorders_shop.shop as name_shop ,tblorders_shop.code_orders as code_order   FROM `tbl_create_order` as create_order
        LEFT JOIN tblorders_shop  ON tblorders_shop.id= create_order.orders_shop_id
        WHERE create_order.`id` IN (on,999925256,999925257,999925258)
ERROR - 2020-05-07 17:26:40 --> Query error: You have an error in your SQL syntax; check the manual that corresponds to your MariaDB server version for the right syntax to use near 'on,999925256,999925257,999925258)' at line 3 - Invalid query: 
        SELECT create_order.*,tblorders_shop.shop as name_shop ,tblorders_shop.code_orders as code_order   FROM `tbl_create_order` as create_order
        LEFT JOIN tblorders_shop  ON tblorders_shop.id= create_order.orders_shop_id
        WHERE create_order.`id` IN (on,999925256,999925257,999925258)
ERROR - 2020-05-07 23:27:40 --> Could not find the language line "Tạo Điểm Lấy Hàng"
ERROR - 2020-05-07 23:27:40 --> Could not find the language line "Tạo Đơn Hàng"
ERROR - 2020-05-07 23:27:40 --> Could not find the language line "Tải Excel"
ERROR - 2020-05-07 23:27:40 --> Could not find the language line "Đóng"
ERROR - 2020-05-07 23:27:40 --> Could not find the language line "Xác Nhận"
ERROR - 2020-05-07 23:27:40 --> Severity: Warning --> Invalid argument supplied for foreach() /home/admin/domains/spshd.com/public_html/khachhang/application/views/app.php 161
ERROR - 2020-05-07 23:27:40 --> Severity: Warning --> Invalid argument supplied for foreach() /home/admin/domains/spshd.com/public_html/khachhang/application/views/app.php 172
ERROR - 2020-05-07 23:27:40 --> Could not find the language line "Đóng"
ERROR - 2020-05-07 23:27:40 --> Could not find the language line "Xác Nhận"
ERROR - 2020-05-07 23:27:40 --> Could not find the language line "Đóng"
ERROR - 2020-05-07 23:27:40 --> Could not find the language line "Xác Nhận"
ERROR - 2020-05-07 23:27:40 --> Could not find the language line "Đóng"
ERROR - 2020-05-07 23:27:40 --> Could not find the language line "Tải"
ERROR - 2020-05-07 23:28:04 --> Could not find the language line "Tạo Điểm Lấy Hàng"
ERROR - 2020-05-07 23:28:04 --> Could not find the language line "Tạo Đơn Hàng"
ERROR - 2020-05-07 23:28:04 --> Could not find the language line "Tải Excel"
ERROR - 2020-05-07 23:28:04 --> Could not find the language line "Đóng"
ERROR - 2020-05-07 23:28:04 --> Could not find the language line "Xác Nhận"
ERROR - 2020-05-07 23:28:04 --> Severity: Warning --> Invalid argument supplied for foreach() /home/admin/domains/spshd.com/public_html/khachhang/application/views/app.php 161
ERROR - 2020-05-07 23:28:04 --> Severity: Warning --> Invalid argument supplied for foreach() /home/admin/domains/spshd.com/public_html/khachhang/application/views/app.php 172
ERROR - 2020-05-07 23:28:04 --> Could not find the language line "Đóng"
ERROR - 2020-05-07 23:28:04 --> Could not find the language line "Xác Nhận"
ERROR - 2020-05-07 23:28:04 --> Could not find the language line "Đóng"
ERROR - 2020-05-07 23:28:04 --> Could not find the language line "Xác Nhận"
ERROR - 2020-05-07 23:28:04 --> Could not find the language line "Đóng"
ERROR - 2020-05-07 23:28:04 --> Could not find the language line "Tải"
ERROR - 2020-05-07 23:37:20 --> Could not find the language line "Tạo Điểm Lấy Hàng"
ERROR - 2020-05-07 23:37:20 --> Could not find the language line "Tạo Đơn Hàng"
ERROR - 2020-05-07 23:37:20 --> Could not find the language line "Tải Excel"
ERROR - 2020-05-07 23:37:20 --> Could not find the language line "Đóng"
ERROR - 2020-05-07 23:37:20 --> Could not find the language line "Xác Nhận"
ERROR - 2020-05-07 23:37:20 --> Severity: Warning --> Invalid argument supplied for foreach() /home/admin/domains/spshd.com/public_html/khachhang/application/views/app.php 161
ERROR - 2020-05-07 23:37:20 --> Severity: Warning --> Invalid argument supplied for foreach() /home/admin/domains/spshd.com/public_html/khachhang/application/views/app.php 172
ERROR - 2020-05-07 23:37:20 --> Could not find the language line "Đóng"
ERROR - 2020-05-07 23:37:20 --> Could not find the language line "Xác Nhận"
ERROR - 2020-05-07 23:37:20 --> Could not find the language line "Đóng"
ERROR - 2020-05-07 23:37:20 --> Could not find the language line "Xác Nhận"
ERROR - 2020-05-07 23:37:20 --> Could not find the language line "Đóng"
ERROR - 2020-05-07 23:37:20 --> Could not find the language line "Tải"
ERROR - 2020-05-07 17:58:57 --> Query error: You have an error in your SQL syntax; check the manual that corresponds to your MariaDB server version for the right syntax to use near 'on,21990,22013,22022,22024,22025,22027,22098,22099,22100,22101)' at line 3 - Invalid query: 
        SELECT create_order.*,tblorders_shop.shop as name_shop ,tblorders_shop.code_orders as code_order   FROM `tbl_create_order` as create_order
        LEFT JOIN tblorders_shop  ON tblorders_shop.id= create_order.orders_shop_id
        WHERE create_order.`id` IN (on,21990,22013,22022,22024,22025,22027,22098,22099,22100,22101)
ERROR - 2020-05-07 23:59:03 --> Could not find the language line "Tạo Điểm Lấy Hàng"
ERROR - 2020-05-07 23:59:03 --> Could not find the language line "Tạo Đơn Hàng"
ERROR - 2020-05-07 23:59:03 --> Could not find the language line "Tải Excel"
ERROR - 2020-05-07 23:59:03 --> Could not find the language line "Đóng"
ERROR - 2020-05-07 23:59:03 --> Could not find the language line "Xác Nhận"
ERROR - 2020-05-07 23:59:03 --> Severity: Warning --> Invalid argument supplied for foreach() /home/admin/domains/spshd.com/public_html/khachhang/application/views/app.php 161
ERROR - 2020-05-07 23:59:03 --> Severity: Warning --> Invalid argument supplied for foreach() /home/admin/domains/spshd.com/public_html/khachhang/application/views/app.php 172
ERROR - 2020-05-07 23:59:03 --> Could not find the language line "Đóng"
ERROR - 2020-05-07 23:59:03 --> Could not find the language line "Xác Nhận"
ERROR - 2020-05-07 23:59:03 --> Could not find the language line "Đóng"
ERROR - 2020-05-07 23:59:03 --> Could not find the language line "Xác Nhận"
ERROR - 2020-05-07 23:59:03 --> Could not find the language line "Đóng"
ERROR - 2020-05-07 23:59:03 --> Could not find the language line "Tải"
ERROR - 2020-05-07 18:13:19 --> Query error: Unknown column 'shop.soc' in 'where clause' - Invalid query: 
        SELECT shop.*,create_order.note_private,create_order.required_code,create_order.id as create_order_id,declared_region.name_region  FROM `tblorders_shop` as shop
        LEFT JOIN tbl_create_order as create_order ON create_order.orders_shop_id= shop.id
        LEFT JOIN tbldeclared_region as declared_region ON declared_region.id= shop.region_id
        WHERE shop.`shop` LIKE '%S909549 - Sang Sen Shop%'AND shop.soc LIKE '%12341234%'AND shop.`status` <> 'Hủy'AND shop.`status` <> 'Huỷ' ORDER BY shop.date_create DESC
ERROR - 2020-05-07 18:13:29 --> Query error: Unknown column 'shop.soc' in 'where clause' - Invalid query: 
        SELECT shop.*,create_order.note_private,create_order.required_code,create_order.id as create_order_id,declared_region.name_region  FROM `tblorders_shop` as shop
        LEFT JOIN tbl_create_order as create_order ON create_order.orders_shop_id= shop.id
        LEFT JOIN tbldeclared_region as declared_region ON declared_region.id= shop.region_id
        WHERE shop.`shop` LIKE '%S909549 - Sang Sen Shop%'AND shop.soc LIKE '%12341234%'AND shop.`status` <> 'Hủy'AND shop.`status` <> 'Huỷ' ORDER BY shop.date_create DESC
ERROR - 2020-05-07 18:13:30 --> Query error: Unknown column 'shop.soc' in 'where clause' - Invalid query: 
        SELECT shop.*,create_order.note_private,create_order.required_code,create_order.id as create_order_id,declared_region.name_region  FROM `tblorders_shop` as shop
        LEFT JOIN tbl_create_order as create_order ON create_order.orders_shop_id= shop.id
        LEFT JOIN tbldeclared_region as declared_region ON declared_region.id= shop.region_id
        WHERE shop.`shop` LIKE '%S909549 - Sang Sen Shop%'AND shop.soc LIKE '%12341234%'AND shop.`status` <> 'Hủy'AND shop.`status` <> 'Huỷ' ORDER BY shop.date_create DESC
ERROR - 2020-05-07 18:13:30 --> Query error: Unknown column 'shop.soc' in 'where clause' - Invalid query: 
        SELECT shop.*,create_order.note_private,create_order.required_code,create_order.id as create_order_id,declared_region.name_region  FROM `tblorders_shop` as shop
        LEFT JOIN tbl_create_order as create_order ON create_order.orders_shop_id= shop.id
        LEFT JOIN tbldeclared_region as declared_region ON declared_region.id= shop.region_id
        WHERE shop.`shop` LIKE '%S909549 - Sang Sen Shop%'AND shop.soc LIKE '%12341234%'AND shop.`status` <> 'Hủy'AND shop.`status` <> 'Huỷ' ORDER BY shop.date_create DESC
ERROR - 2020-05-07 18:13:31 --> Query error: Unknown column 'shop.soc' in 'where clause' - Invalid query: 
        SELECT shop.*,create_order.note_private,create_order.required_code,create_order.id as create_order_id,declared_region.name_region  FROM `tblorders_shop` as shop
        LEFT JOIN tbl_create_order as create_order ON create_order.orders_shop_id= shop.id
        LEFT JOIN tbldeclared_region as declared_region ON declared_region.id= shop.region_id
        WHERE shop.`shop` LIKE '%S909549 - Sang Sen Shop%'AND shop.soc LIKE '%12341234%'AND shop.`status` <> 'Hủy'AND shop.`status` <> 'Huỷ' ORDER BY shop.date_create DESC
ERROR - 2020-05-07 18:13:31 --> Query error: Unknown column 'shop.soc' in 'where clause' - Invalid query: 
        SELECT shop.*,create_order.note_private,create_order.required_code,create_order.id as create_order_id,declared_region.name_region  FROM `tblorders_shop` as shop
        LEFT JOIN tbl_create_order as create_order ON create_order.orders_shop_id= shop.id
        LEFT JOIN tbldeclared_region as declared_region ON declared_region.id= shop.region_id
        WHERE shop.`shop` LIKE '%S909549 - Sang Sen Shop%'AND shop.soc LIKE '%12341234%'AND shop.`status` <> 'Hủy'AND shop.`status` <> 'Huỷ' ORDER BY shop.date_create DESC
ERROR - 2020-05-07 18:23:36 --> Could not find the language line "Email"
ERROR - 2020-05-07 18:23:36 --> Could not find the language line "password"
ERROR - 2020-05-07 19:19:12 --> Could not find the language line "Email"
ERROR - 2020-05-07 19:19:12 --> Could not find the language line "password"
