ERROR - 2019-12-05 00:44:44 --> Could not find the language line "Tạo Điểm Lấy Hàng"
ERROR - 2019-12-05 00:44:44 --> Could not find the language line "Tạo Đơn Hàng"
ERROR - 2019-12-05 00:44:44 --> Severity: Warning --> Invalid argument supplied for foreach() /home/admin/domains/spshd.com/public_html/khachhang/application/views/tab4.php 394
ERROR - 2019-12-05 00:44:44 --> Could not find the language line "Đóng"
ERROR - 2019-12-05 00:44:44 --> Could not find the language line "Xác Nhận"
ERROR - 2019-12-05 00:44:44 --> Severity: Warning --> Invalid argument supplied for foreach() /home/admin/domains/spshd.com/public_html/khachhang/application/views/app.php 157
ERROR - 2019-12-05 00:44:44 --> Severity: Warning --> Invalid argument supplied for foreach() /home/admin/domains/spshd.com/public_html/khachhang/application/views/app.php 168
ERROR - 2019-12-05 00:44:44 --> Could not find the language line "Đóng"
ERROR - 2019-12-05 00:44:44 --> Could not find the language line "Xác Nhận"
ERROR - 2019-12-05 00:44:44 --> Could not find the language line "Đóng"
ERROR - 2019-12-05 00:44:44 --> Could not find the language line "Xác Nhận"
ERROR - 2019-12-05 02:08:20 --> Could not find the language line "Tạo Điểm Lấy Hàng"
ERROR - 2019-12-05 02:08:20 --> Could not find the language line "Tạo Đơn Hàng"
ERROR - 2019-12-05 02:08:20 --> Severity: Warning --> Invalid argument supplied for foreach() /home/admin/domains/spshd.com/public_html/khachhang/application/views/tab4.php 394
ERROR - 2019-12-05 02:08:20 --> Could not find the language line "Đóng"
ERROR - 2019-12-05 02:08:20 --> Could not find the language line "Xác Nhận"
ERROR - 2019-12-05 02:08:20 --> Severity: Warning --> Invalid argument supplied for foreach() /home/admin/domains/spshd.com/public_html/khachhang/application/views/app.php 157
ERROR - 2019-12-05 02:08:20 --> Severity: Warning --> Invalid argument supplied for foreach() /home/admin/domains/spshd.com/public_html/khachhang/application/views/app.php 168
ERROR - 2019-12-05 02:08:20 --> Could not find the language line "Đóng"
ERROR - 2019-12-05 02:08:20 --> Could not find the language line "Xác Nhận"
ERROR - 2019-12-05 02:08:20 --> Could not find the language line "Đóng"
ERROR - 2019-12-05 02:08:20 --> Could not find the language line "Xác Nhận"
ERROR - 2019-12-05 02:08:20 --> Could not find the language line "Tạo Điểm Lấy Hàng"
ERROR - 2019-12-05 02:08:20 --> Could not find the language line "Tạo Đơn Hàng"
ERROR - 2019-12-05 02:08:20 --> Severity: Warning --> Invalid argument supplied for foreach() /home/admin/domains/spshd.com/public_html/khachhang/application/views/tab4.php 394
ERROR - 2019-12-05 02:08:20 --> Could not find the language line "Đóng"
ERROR - 2019-12-05 02:08:20 --> Could not find the language line "Xác Nhận"
ERROR - 2019-12-05 02:08:20 --> Severity: Warning --> Invalid argument supplied for foreach() /home/admin/domains/spshd.com/public_html/khachhang/application/views/app.php 157
ERROR - 2019-12-05 02:08:20 --> Severity: Warning --> Invalid argument supplied for foreach() /home/admin/domains/spshd.com/public_html/khachhang/application/views/app.php 168
ERROR - 2019-12-05 02:08:20 --> Could not find the language line "Đóng"
ERROR - 2019-12-05 02:08:20 --> Could not find the language line "Xác Nhận"
ERROR - 2019-12-05 02:08:20 --> Could not find the language line "Đóng"
ERROR - 2019-12-05 02:08:20 --> Could not find the language line "Xác Nhận"
ERROR - 2019-12-05 02:20:21 --> Could not find the language line "Tạo Điểm Lấy Hàng"
ERROR - 2019-12-05 02:20:21 --> Could not find the language line "Tạo Đơn Hàng"
ERROR - 2019-12-05 02:20:21 --> Severity: Warning --> Invalid argument supplied for foreach() /home/admin/domains/spshd.com/public_html/khachhang/application/views/tab4.php 394
ERROR - 2019-12-05 02:20:21 --> Could not find the language line "Đóng"
ERROR - 2019-12-05 02:20:21 --> Could not find the language line "Xác Nhận"
ERROR - 2019-12-05 02:20:21 --> Severity: Warning --> Invalid argument supplied for foreach() /home/admin/domains/spshd.com/public_html/khachhang/application/views/app.php 157
ERROR - 2019-12-05 02:20:21 --> Severity: Warning --> Invalid argument supplied for foreach() /home/admin/domains/spshd.com/public_html/khachhang/application/views/app.php 168
ERROR - 2019-12-05 02:20:21 --> Could not find the language line "Đóng"
ERROR - 2019-12-05 02:20:21 --> Could not find the language line "Xác Nhận"
ERROR - 2019-12-05 02:20:21 --> Could not find the language line "Đóng"
ERROR - 2019-12-05 02:20:21 --> Could not find the language line "Xác Nhận"
ERROR - 2019-12-05 02:20:24 --> Could not find the language line "Tạo Điểm Lấy Hàng"
ERROR - 2019-12-05 02:20:24 --> Could not find the language line "Tạo Đơn Hàng"
ERROR - 2019-12-05 02:20:24 --> Severity: Warning --> Invalid argument supplied for foreach() /home/admin/domains/spshd.com/public_html/khachhang/application/views/tab4.php 394
ERROR - 2019-12-05 02:20:24 --> Could not find the language line "Đóng"
ERROR - 2019-12-05 02:20:24 --> Could not find the language line "Xác Nhận"
ERROR - 2019-12-05 02:20:24 --> Severity: Warning --> Invalid argument supplied for foreach() /home/admin/domains/spshd.com/public_html/khachhang/application/views/app.php 157
ERROR - 2019-12-05 02:20:24 --> Severity: Warning --> Invalid argument supplied for foreach() /home/admin/domains/spshd.com/public_html/khachhang/application/views/app.php 168
ERROR - 2019-12-05 02:20:24 --> Could not find the language line "Đóng"
ERROR - 2019-12-05 02:20:24 --> Could not find the language line "Xác Nhận"
ERROR - 2019-12-05 02:20:24 --> Could not find the language line "Đóng"
ERROR - 2019-12-05 02:20:24 --> Could not find the language line "Xác Nhận"
ERROR - 2019-12-05 02:20:24 --> Could not find the language line "Tạo Điểm Lấy Hàng"
ERROR - 2019-12-05 02:20:24 --> Could not find the language line "Tạo Đơn Hàng"
ERROR - 2019-12-05 02:20:24 --> Severity: Warning --> Invalid argument supplied for foreach() /home/admin/domains/spshd.com/public_html/khachhang/application/views/tab4.php 394
ERROR - 2019-12-05 02:20:24 --> Could not find the language line "Đóng"
ERROR - 2019-12-05 02:20:24 --> Could not find the language line "Xác Nhận"
ERROR - 2019-12-05 02:20:24 --> Severity: Warning --> Invalid argument supplied for foreach() /home/admin/domains/spshd.com/public_html/khachhang/application/views/app.php 157
ERROR - 2019-12-05 02:20:24 --> Severity: Warning --> Invalid argument supplied for foreach() /home/admin/domains/spshd.com/public_html/khachhang/application/views/app.php 168
ERROR - 2019-12-05 02:20:24 --> Could not find the language line "Đóng"
ERROR - 2019-12-05 02:20:24 --> Could not find the language line "Xác Nhận"
ERROR - 2019-12-05 02:20:24 --> Could not find the language line "Đóng"
ERROR - 2019-12-05 02:20:24 --> Could not find the language line "Xác Nhận"
ERROR - 2019-12-05 02:20:24 --> Could not find the language line "Tạo Điểm Lấy Hàng"
ERROR - 2019-12-05 02:20:24 --> Could not find the language line "Tạo Đơn Hàng"
ERROR - 2019-12-05 02:20:24 --> Severity: Warning --> Invalid argument supplied for foreach() /home/admin/domains/spshd.com/public_html/khachhang/application/views/tab4.php 394
ERROR - 2019-12-05 02:20:24 --> Could not find the language line "Đóng"
ERROR - 2019-12-05 02:20:24 --> Could not find the language line "Xác Nhận"
ERROR - 2019-12-05 02:20:24 --> Severity: Warning --> Invalid argument supplied for foreach() /home/admin/domains/spshd.com/public_html/khachhang/application/views/app.php 157
ERROR - 2019-12-05 02:20:24 --> Severity: Warning --> Invalid argument supplied for foreach() /home/admin/domains/spshd.com/public_html/khachhang/application/views/app.php 168
ERROR - 2019-12-05 02:20:24 --> Could not find the language line "Đóng"
ERROR - 2019-12-05 02:20:24 --> Could not find the language line "Xác Nhận"
ERROR - 2019-12-05 02:20:24 --> Could not find the language line "Đóng"
ERROR - 2019-12-05 02:20:24 --> Could not find the language line "Xác Nhận"
ERROR - 2019-12-05 03:02:09 --> Could not find the language line "Tạo Điểm Lấy Hàng"
ERROR - 2019-12-05 03:02:09 --> Could not find the language line "Tạo Đơn Hàng"
ERROR - 2019-12-05 03:02:09 --> Severity: Warning --> Invalid argument supplied for foreach() /home/admin/domains/spshd.com/public_html/khachhang/application/views/tab4.php 394
ERROR - 2019-12-05 03:02:09 --> Could not find the language line "Đóng"
ERROR - 2019-12-05 03:02:09 --> Could not find the language line "Xác Nhận"
ERROR - 2019-12-05 03:02:09 --> Severity: Warning --> Invalid argument supplied for foreach() /home/admin/domains/spshd.com/public_html/khachhang/application/views/app.php 157
ERROR - 2019-12-05 03:02:09 --> Severity: Warning --> Invalid argument supplied for foreach() /home/admin/domains/spshd.com/public_html/khachhang/application/views/app.php 168
ERROR - 2019-12-05 03:02:09 --> Could not find the language line "Đóng"
ERROR - 2019-12-05 03:02:09 --> Could not find the language line "Xác Nhận"
ERROR - 2019-12-05 03:02:09 --> Could not find the language line "Đóng"
ERROR - 2019-12-05 03:02:09 --> Could not find the language line "Xác Nhận"
ERROR - 2019-12-05 03:24:03 --> Could not find the language line "Email"
ERROR - 2019-12-05 03:24:03 --> Could not find the language line "password"
ERROR - 2019-12-05 03:24:28 --> Could not find the language line "Email"
ERROR - 2019-12-05 03:24:28 --> Could not find the language line "password"
ERROR - 2019-12-05 03:24:45 --> Could not find the language line "Tạo Điểm Lấy Hàng"
ERROR - 2019-12-05 03:24:45 --> Could not find the language line "Tạo Đơn Hàng"
ERROR - 2019-12-05 03:24:45 --> Severity: Warning --> Invalid argument supplied for foreach() /home/admin/domains/spshd.com/public_html/khachhang/application/views/tab4.php 394
ERROR - 2019-12-05 03:24:45 --> Could not find the language line "Đóng"
ERROR - 2019-12-05 03:24:45 --> Could not find the language line "Xác Nhận"
ERROR - 2019-12-05 03:24:45 --> Severity: Warning --> Invalid argument supplied for foreach() /home/admin/domains/spshd.com/public_html/khachhang/application/views/app.php 157
ERROR - 2019-12-05 03:24:45 --> Severity: Warning --> Invalid argument supplied for foreach() /home/admin/domains/spshd.com/public_html/khachhang/application/views/app.php 168
ERROR - 2019-12-05 03:24:45 --> Could not find the language line "Đóng"
ERROR - 2019-12-05 03:24:45 --> Could not find the language line "Xác Nhận"
ERROR - 2019-12-05 03:24:45 --> Could not find the language line "Đóng"
ERROR - 2019-12-05 03:24:45 --> Could not find the language line "Xác Nhận"
ERROR - 2019-12-05 03:26:45 --> Could not find the language line "Email"
ERROR - 2019-12-05 03:26:45 --> Could not find the language line "password"
ERROR - 2019-12-05 03:28:40 --> Could not find the language line "Tạo Điểm Lấy Hàng"
ERROR - 2019-12-05 03:28:40 --> Could not find the language line "Tạo Đơn Hàng"
ERROR - 2019-12-05 03:28:40 --> Severity: Warning --> Invalid argument supplied for foreach() /home/admin/domains/spshd.com/public_html/khachhang/application/views/tab4.php 394
ERROR - 2019-12-05 03:28:40 --> Could not find the language line "Đóng"
ERROR - 2019-12-05 03:28:40 --> Could not find the language line "Xác Nhận"
ERROR - 2019-12-05 03:28:40 --> Severity: Warning --> Invalid argument supplied for foreach() /home/admin/domains/spshd.com/public_html/khachhang/application/views/app.php 157
ERROR - 2019-12-05 03:28:40 --> Severity: Warning --> Invalid argument supplied for foreach() /home/admin/domains/spshd.com/public_html/khachhang/application/views/app.php 168
ERROR - 2019-12-05 03:28:40 --> Could not find the language line "Đóng"
ERROR - 2019-12-05 03:28:40 --> Could not find the language line "Xác Nhận"
ERROR - 2019-12-05 03:28:40 --> Could not find the language line "Đóng"
ERROR - 2019-12-05 03:28:40 --> Could not find the language line "Xác Nhận"
ERROR - 2019-12-05 03:28:45 --> Could not find the language line "Email"
ERROR - 2019-12-05 03:28:45 --> Could not find the language line "password"
ERROR - 2019-12-05 03:28:58 --> Could not find the language line "Email"
ERROR - 2019-12-05 03:28:58 --> Could not find the language line "password"
ERROR - 2019-12-05 03:29:09 --> Could not find the language line "Email"
ERROR - 2019-12-05 03:29:09 --> Could not find the language line "password"
ERROR - 2019-12-05 03:29:15 --> Could not find the language line "Email"
ERROR - 2019-12-05 03:29:15 --> Could not find the language line "password"
ERROR - 2019-12-05 03:29:40 --> Could not find the language line "Tạo Điểm Lấy Hàng"
ERROR - 2019-12-05 03:29:40 --> Could not find the language line "Tạo Đơn Hàng"
ERROR - 2019-12-05 03:29:40 --> Severity: Warning --> Invalid argument supplied for foreach() /home/admin/domains/spshd.com/public_html/khachhang/application/views/tab4.php 394
ERROR - 2019-12-05 03:29:40 --> Could not find the language line "Đóng"
ERROR - 2019-12-05 03:29:40 --> Could not find the language line "Xác Nhận"
ERROR - 2019-12-05 03:29:40 --> Severity: Warning --> Invalid argument supplied for foreach() /home/admin/domains/spshd.com/public_html/khachhang/application/views/app.php 157
ERROR - 2019-12-05 03:29:40 --> Severity: Warning --> Invalid argument supplied for foreach() /home/admin/domains/spshd.com/public_html/khachhang/application/views/app.php 168
ERROR - 2019-12-05 03:29:40 --> Could not find the language line "Đóng"
ERROR - 2019-12-05 03:29:40 --> Could not find the language line "Xác Nhận"
ERROR - 2019-12-05 03:29:40 --> Could not find the language line "Đóng"
ERROR - 2019-12-05 03:29:40 --> Could not find the language line "Xác Nhận"
ERROR - 2019-12-05 03:31:43 --> Could not find the language line "Tạo Điểm Lấy Hàng"
ERROR - 2019-12-05 03:31:43 --> Could not find the language line "Tạo Đơn Hàng"
ERROR - 2019-12-05 03:31:43 --> Severity: Warning --> Invalid argument supplied for foreach() /home/admin/domains/spshd.com/public_html/khachhang/application/views/tab4.php 394
ERROR - 2019-12-05 03:31:43 --> Could not find the language line "Đóng"
ERROR - 2019-12-05 03:31:43 --> Could not find the language line "Xác Nhận"
ERROR - 2019-12-05 03:31:43 --> Severity: Warning --> Invalid argument supplied for foreach() /home/admin/domains/spshd.com/public_html/khachhang/application/views/app.php 157
ERROR - 2019-12-05 03:31:43 --> Severity: Warning --> Invalid argument supplied for foreach() /home/admin/domains/spshd.com/public_html/khachhang/application/views/app.php 168
ERROR - 2019-12-05 03:31:43 --> Could not find the language line "Đóng"
ERROR - 2019-12-05 03:31:43 --> Could not find the language line "Xác Nhận"
ERROR - 2019-12-05 03:31:43 --> Could not find the language line "Đóng"
ERROR - 2019-12-05 03:31:43 --> Could not find the language line "Xác Nhận"
ERROR - 2019-12-05 03:37:07 --> Could not find the language line "Email"
ERROR - 2019-12-05 03:37:07 --> Could not find the language line "password"
ERROR - 2019-12-05 03:37:20 --> Could not find the language line "Tạo Điểm Lấy Hàng"
ERROR - 2019-12-05 03:37:20 --> Could not find the language line "Tạo Đơn Hàng"
ERROR - 2019-12-05 03:37:20 --> Severity: Warning --> Invalid argument supplied for foreach() /home/admin/domains/spshd.com/public_html/khachhang/application/views/tab4.php 394
ERROR - 2019-12-05 03:37:20 --> Could not find the language line "Đóng"
ERROR - 2019-12-05 03:37:20 --> Could not find the language line "Xác Nhận"
ERROR - 2019-12-05 03:37:20 --> Severity: Warning --> Invalid argument supplied for foreach() /home/admin/domains/spshd.com/public_html/khachhang/application/views/app.php 157
ERROR - 2019-12-05 03:37:20 --> Severity: Warning --> Invalid argument supplied for foreach() /home/admin/domains/spshd.com/public_html/khachhang/application/views/app.php 168
ERROR - 2019-12-05 03:37:20 --> Could not find the language line "Đóng"
ERROR - 2019-12-05 03:37:20 --> Could not find the language line "Xác Nhận"
ERROR - 2019-12-05 03:37:20 --> Could not find the language line "Đóng"
ERROR - 2019-12-05 03:37:20 --> Could not find the language line "Xác Nhận"
ERROR - 2019-12-05 03:37:59 --> Could not find the language line "Tạo Điểm Lấy Hàng"
ERROR - 2019-12-05 03:37:59 --> Could not find the language line "Tạo Đơn Hàng"
ERROR - 2019-12-05 03:37:59 --> Severity: Warning --> Invalid argument supplied for foreach() /home/admin/domains/spshd.com/public_html/khachhang/application/views/tab4.php 394
ERROR - 2019-12-05 03:37:59 --> Could not find the language line "Đóng"
ERROR - 2019-12-05 03:37:59 --> Could not find the language line "Xác Nhận"
ERROR - 2019-12-05 03:37:59 --> Severity: Warning --> Invalid argument supplied for foreach() /home/admin/domains/spshd.com/public_html/khachhang/application/views/app.php 157
ERROR - 2019-12-05 03:37:59 --> Severity: Warning --> Invalid argument supplied for foreach() /home/admin/domains/spshd.com/public_html/khachhang/application/views/app.php 168
ERROR - 2019-12-05 03:37:59 --> Could not find the language line "Đóng"
ERROR - 2019-12-05 03:37:59 --> Could not find the language line "Xác Nhận"
ERROR - 2019-12-05 03:37:59 --> Could not find the language line "Đóng"
ERROR - 2019-12-05 03:37:59 --> Could not find the language line "Xác Nhận"
ERROR - 2019-12-05 03:38:56 --> Could not find the language line "Tạo Điểm Lấy Hàng"
ERROR - 2019-12-05 03:38:56 --> Could not find the language line "Tạo Đơn Hàng"
ERROR - 2019-12-05 03:38:56 --> Severity: Warning --> Invalid argument supplied for foreach() /home/admin/domains/spshd.com/public_html/khachhang/application/views/tab4.php 394
ERROR - 2019-12-05 03:38:56 --> Could not find the language line "Đóng"
ERROR - 2019-12-05 03:38:56 --> Could not find the language line "Xác Nhận"
ERROR - 2019-12-05 03:38:56 --> Severity: Warning --> Invalid argument supplied for foreach() /home/admin/domains/spshd.com/public_html/khachhang/application/views/app.php 157
ERROR - 2019-12-05 03:38:56 --> Severity: Warning --> Invalid argument supplied for foreach() /home/admin/domains/spshd.com/public_html/khachhang/application/views/app.php 168
ERROR - 2019-12-05 03:38:56 --> Could not find the language line "Đóng"
ERROR - 2019-12-05 03:38:56 --> Could not find the language line "Xác Nhận"
ERROR - 2019-12-05 03:38:56 --> Could not find the language line "Đóng"
ERROR - 2019-12-05 03:38:56 --> Could not find the language line "Xác Nhận"
ERROR - 2019-12-05 03:39:55 --> Could not find the language line "Tạo Điểm Lấy Hàng"
ERROR - 2019-12-05 03:39:55 --> Could not find the language line "Tạo Đơn Hàng"
ERROR - 2019-12-05 03:39:55 --> Severity: Warning --> Invalid argument supplied for foreach() /home/admin/domains/spshd.com/public_html/khachhang/application/views/tab4.php 394
ERROR - 2019-12-05 03:39:55 --> Could not find the language line "Đóng"
ERROR - 2019-12-05 03:39:55 --> Could not find the language line "Xác Nhận"
ERROR - 2019-12-05 03:39:55 --> Severity: Warning --> Invalid argument supplied for foreach() /home/admin/domains/spshd.com/public_html/khachhang/application/views/app.php 157
ERROR - 2019-12-05 03:39:55 --> Severity: Warning --> Invalid argument supplied for foreach() /home/admin/domains/spshd.com/public_html/khachhang/application/views/app.php 168
ERROR - 2019-12-05 03:39:55 --> Could not find the language line "Đóng"
ERROR - 2019-12-05 03:39:55 --> Could not find the language line "Xác Nhận"
ERROR - 2019-12-05 03:39:55 --> Could not find the language line "Đóng"
ERROR - 2019-12-05 03:39:55 --> Could not find the language line "Xác Nhận"
ERROR - 2019-12-05 03:40:35 --> Could not find the language line "Email"
ERROR - 2019-12-05 03:40:35 --> Could not find the language line "password"
ERROR - 2019-12-05 03:40:54 --> Could not find the language line "Email"
ERROR - 2019-12-05 03:40:54 --> Could not find the language line "password"
ERROR - 2019-12-05 03:41:59 --> Could not find the language line "Email"
ERROR - 2019-12-05 03:41:59 --> Could not find the language line "password"
ERROR - 2019-12-05 03:43:35 --> Could not find the language line "Email"
ERROR - 2019-12-05 03:43:35 --> Could not find the language line "password"
ERROR - 2019-12-05 03:43:52 --> Could not find the language line "Email"
ERROR - 2019-12-05 03:43:52 --> Could not find the language line "password"
ERROR - 2019-12-05 03:44:11 --> Could not find the language line "Email"
ERROR - 2019-12-05 03:44:11 --> Could not find the language line "password"
ERROR - 2019-12-05 03:44:15 --> Could not find the language line "Email"
ERROR - 2019-12-05 03:44:15 --> Could not find the language line "password"
ERROR - 2019-12-05 03:44:24 --> Could not find the language line "Email"
ERROR - 2019-12-05 03:44:24 --> Could not find the language line "password"
ERROR - 2019-12-05 03:44:37 --> Could not find the language line "Tạo Điểm Lấy Hàng"
ERROR - 2019-12-05 03:44:37 --> Could not find the language line "Tạo Đơn Hàng"
ERROR - 2019-12-05 03:44:37 --> Severity: Warning --> Invalid argument supplied for foreach() /home/admin/domains/spshd.com/public_html/khachhang/application/views/tab4.php 394
ERROR - 2019-12-05 03:44:37 --> Could not find the language line "Đóng"
ERROR - 2019-12-05 03:44:37 --> Could not find the language line "Xác Nhận"
ERROR - 2019-12-05 03:44:37 --> Severity: Warning --> Invalid argument supplied for foreach() /home/admin/domains/spshd.com/public_html/khachhang/application/views/app.php 157
ERROR - 2019-12-05 03:44:37 --> Severity: Warning --> Invalid argument supplied for foreach() /home/admin/domains/spshd.com/public_html/khachhang/application/views/app.php 168
ERROR - 2019-12-05 03:44:37 --> Could not find the language line "Đóng"
ERROR - 2019-12-05 03:44:37 --> Could not find the language line "Xác Nhận"
ERROR - 2019-12-05 03:44:37 --> Could not find the language line "Đóng"
ERROR - 2019-12-05 03:44:37 --> Could not find the language line "Xác Nhận"
ERROR - 2019-12-05 03:45:04 --> Could not find the language line "Tạo Điểm Lấy Hàng"
ERROR - 2019-12-05 03:45:04 --> Could not find the language line "Tạo Đơn Hàng"
ERROR - 2019-12-05 03:45:04 --> Severity: Warning --> Invalid argument supplied for foreach() /home/admin/domains/spshd.com/public_html/khachhang/application/views/tab4.php 394
ERROR - 2019-12-05 03:45:04 --> Could not find the language line "Đóng"
ERROR - 2019-12-05 03:45:04 --> Could not find the language line "Xác Nhận"
ERROR - 2019-12-05 03:45:04 --> Severity: Warning --> Invalid argument supplied for foreach() /home/admin/domains/spshd.com/public_html/khachhang/application/views/app.php 157
ERROR - 2019-12-05 03:45:04 --> Severity: Warning --> Invalid argument supplied for foreach() /home/admin/domains/spshd.com/public_html/khachhang/application/views/app.php 168
ERROR - 2019-12-05 03:45:04 --> Could not find the language line "Đóng"
ERROR - 2019-12-05 03:45:04 --> Could not find the language line "Xác Nhận"
ERROR - 2019-12-05 03:45:04 --> Could not find the language line "Đóng"
ERROR - 2019-12-05 03:45:04 --> Could not find the language line "Xác Nhận"
ERROR - 2019-12-05 03:45:12 --> Could not find the language line "Tạo Điểm Lấy Hàng"
ERROR - 2019-12-05 03:45:12 --> Could not find the language line "Tạo Đơn Hàng"
ERROR - 2019-12-05 03:45:12 --> Severity: Warning --> Invalid argument supplied for foreach() /home/admin/domains/spshd.com/public_html/khachhang/application/views/tab4.php 394
ERROR - 2019-12-05 03:45:12 --> Could not find the language line "Đóng"
ERROR - 2019-12-05 03:45:12 --> Could not find the language line "Xác Nhận"
ERROR - 2019-12-05 03:45:12 --> Severity: Warning --> Invalid argument supplied for foreach() /home/admin/domains/spshd.com/public_html/khachhang/application/views/app.php 157
ERROR - 2019-12-05 03:45:12 --> Severity: Warning --> Invalid argument supplied for foreach() /home/admin/domains/spshd.com/public_html/khachhang/application/views/app.php 168
ERROR - 2019-12-05 03:45:12 --> Could not find the language line "Đóng"
ERROR - 2019-12-05 03:45:12 --> Could not find the language line "Xác Nhận"
ERROR - 2019-12-05 03:45:12 --> Could not find the language line "Đóng"
ERROR - 2019-12-05 03:45:12 --> Could not find the language line "Xác Nhận"
ERROR - 2019-12-05 04:34:37 --> Could not find the language line "Tạo Điểm Lấy Hàng"
ERROR - 2019-12-05 04:34:37 --> Could not find the language line "Tạo Đơn Hàng"
ERROR - 2019-12-05 04:34:37 --> Severity: Warning --> Invalid argument supplied for foreach() /home/admin/domains/spshd.com/public_html/khachhang/application/views/tab4.php 394
ERROR - 2019-12-05 04:34:37 --> Could not find the language line "Đóng"
ERROR - 2019-12-05 04:34:37 --> Could not find the language line "Xác Nhận"
ERROR - 2019-12-05 04:34:37 --> Severity: Warning --> Invalid argument supplied for foreach() /home/admin/domains/spshd.com/public_html/khachhang/application/views/app.php 157
ERROR - 2019-12-05 04:34:37 --> Severity: Warning --> Invalid argument supplied for foreach() /home/admin/domains/spshd.com/public_html/khachhang/application/views/app.php 168
ERROR - 2019-12-05 04:34:37 --> Could not find the language line "Đóng"
ERROR - 2019-12-05 04:34:37 --> Could not find the language line "Xác Nhận"
ERROR - 2019-12-05 04:34:37 --> Could not find the language line "Đóng"
ERROR - 2019-12-05 04:34:37 --> Could not find the language line "Xác Nhận"
ERROR - 2019-12-05 05:11:16 --> Could not find the language line "Email"
ERROR - 2019-12-05 05:11:16 --> Could not find the language line "password"
ERROR - 2019-12-05 05:12:13 --> Could not find the language line "Email"
ERROR - 2019-12-05 05:12:13 --> Could not find the language line "password"
ERROR - 2019-12-05 05:12:34 --> Could not find the language line "Email"
ERROR - 2019-12-05 05:12:34 --> Could not find the language line "password"
ERROR - 2019-12-05 05:12:46 --> Could not find the language line "Email"
ERROR - 2019-12-05 05:12:46 --> Could not find the language line "password"
ERROR - 2019-12-05 05:12:52 --> Could not find the language line "Tạo Điểm Lấy Hàng"
ERROR - 2019-12-05 05:12:52 --> Could not find the language line "Tạo Đơn Hàng"
ERROR - 2019-12-05 05:12:52 --> Severity: Warning --> Invalid argument supplied for foreach() /home/admin/domains/spshd.com/public_html/khachhang/application/views/tab4.php 394
ERROR - 2019-12-05 05:12:52 --> Could not find the language line "Đóng"
ERROR - 2019-12-05 05:12:52 --> Could not find the language line "Xác Nhận"
ERROR - 2019-12-05 05:12:52 --> Severity: Warning --> Invalid argument supplied for foreach() /home/admin/domains/spshd.com/public_html/khachhang/application/views/app.php 157
ERROR - 2019-12-05 05:12:52 --> Severity: Warning --> Invalid argument supplied for foreach() /home/admin/domains/spshd.com/public_html/khachhang/application/views/app.php 168
ERROR - 2019-12-05 05:12:52 --> Could not find the language line "Đóng"
ERROR - 2019-12-05 05:12:52 --> Could not find the language line "Xác Nhận"
ERROR - 2019-12-05 05:12:52 --> Could not find the language line "Đóng"
ERROR - 2019-12-05 05:12:52 --> Could not find the language line "Xác Nhận"
ERROR - 2019-12-05 05:12:57 --> Could not find the language line "Tạo Điểm Lấy Hàng"
ERROR - 2019-12-05 05:12:57 --> Could not find the language line "Tạo Đơn Hàng"
ERROR - 2019-12-05 05:12:57 --> Severity: Warning --> Invalid argument supplied for foreach() /home/admin/domains/spshd.com/public_html/khachhang/application/views/tab4.php 394
ERROR - 2019-12-05 05:12:57 --> Could not find the language line "Đóng"
ERROR - 2019-12-05 05:12:57 --> Could not find the language line "Xác Nhận"
ERROR - 2019-12-05 05:12:57 --> Severity: Warning --> Invalid argument supplied for foreach() /home/admin/domains/spshd.com/public_html/khachhang/application/views/app.php 157
ERROR - 2019-12-05 05:12:57 --> Severity: Warning --> Invalid argument supplied for foreach() /home/admin/domains/spshd.com/public_html/khachhang/application/views/app.php 168
ERROR - 2019-12-05 05:12:57 --> Could not find the language line "Đóng"
ERROR - 2019-12-05 05:12:57 --> Could not find the language line "Xác Nhận"
ERROR - 2019-12-05 05:12:57 --> Could not find the language line "Đóng"
ERROR - 2019-12-05 05:12:57 --> Could not find the language line "Xác Nhận"
ERROR - 2019-12-05 05:14:21 --> Could not find the language line "Email"
ERROR - 2019-12-05 05:14:21 --> Could not find the language line "password"
ERROR - 2019-12-05 05:14:32 --> Could not find the language line "Email"
ERROR - 2019-12-05 05:14:32 --> Could not find the language line "password"
ERROR - 2019-12-05 05:19:15 --> Could not find the language line "Email"
ERROR - 2019-12-05 05:19:15 --> Could not find the language line "password"
ERROR - 2019-12-05 05:27:45 --> Could not find the language line "Email"
ERROR - 2019-12-05 05:27:45 --> Could not find the language line "password"
ERROR - 2019-12-05 05:30:14 --> Could not find the language line "Email"
ERROR - 2019-12-05 05:30:14 --> Could not find the language line "password"
ERROR - 2019-12-05 05:48:26 --> Could not find the language line "Tạo Điểm Lấy Hàng"
ERROR - 2019-12-05 05:48:26 --> Could not find the language line "Tạo Đơn Hàng"
ERROR - 2019-12-05 05:48:26 --> Severity: Warning --> Invalid argument supplied for foreach() /home/admin/domains/spshd.com/public_html/khachhang/application/views/tab4.php 394
ERROR - 2019-12-05 05:48:26 --> Could not find the language line "Đóng"
ERROR - 2019-12-05 05:48:26 --> Could not find the language line "Xác Nhận"
ERROR - 2019-12-05 05:48:26 --> Severity: Warning --> Invalid argument supplied for foreach() /home/admin/domains/spshd.com/public_html/khachhang/application/views/app.php 157
ERROR - 2019-12-05 05:48:26 --> Severity: Warning --> Invalid argument supplied for foreach() /home/admin/domains/spshd.com/public_html/khachhang/application/views/app.php 168
ERROR - 2019-12-05 05:48:26 --> Could not find the language line "Đóng"
ERROR - 2019-12-05 05:48:26 --> Could not find the language line "Xác Nhận"
ERROR - 2019-12-05 05:48:26 --> Could not find the language line "Đóng"
ERROR - 2019-12-05 05:48:26 --> Could not find the language line "Xác Nhận"
ERROR - 2019-12-05 05:55:11 --> Could not find the language line "Tạo Điểm Lấy Hàng"
ERROR - 2019-12-05 05:55:11 --> Could not find the language line "Tạo Đơn Hàng"
ERROR - 2019-12-05 05:55:11 --> Severity: Warning --> Invalid argument supplied for foreach() /home/admin/domains/spshd.com/public_html/khachhang/application/views/tab4.php 394
ERROR - 2019-12-05 05:55:11 --> Could not find the language line "Đóng"
ERROR - 2019-12-05 05:55:11 --> Could not find the language line "Xác Nhận"
ERROR - 2019-12-05 05:55:11 --> Severity: Warning --> Invalid argument supplied for foreach() /home/admin/domains/spshd.com/public_html/khachhang/application/views/app.php 157
ERROR - 2019-12-05 05:55:11 --> Severity: Warning --> Invalid argument supplied for foreach() /home/admin/domains/spshd.com/public_html/khachhang/application/views/app.php 168
ERROR - 2019-12-05 05:55:11 --> Could not find the language line "Đóng"
ERROR - 2019-12-05 05:55:11 --> Could not find the language line "Xác Nhận"
ERROR - 2019-12-05 05:55:11 --> Could not find the language line "Đóng"
ERROR - 2019-12-05 05:55:11 --> Could not find the language line "Xác Nhận"
ERROR - 2019-12-05 05:56:32 --> Could not find the language line "Tạo Điểm Lấy Hàng"
ERROR - 2019-12-05 05:56:32 --> Could not find the language line "Tạo Đơn Hàng"
ERROR - 2019-12-05 05:56:32 --> Severity: Warning --> Invalid argument supplied for foreach() /home/admin/domains/spshd.com/public_html/khachhang/application/views/tab4.php 394
ERROR - 2019-12-05 05:56:32 --> Could not find the language line "Đóng"
ERROR - 2019-12-05 05:56:32 --> Could not find the language line "Xác Nhận"
ERROR - 2019-12-05 05:56:32 --> Severity: Warning --> Invalid argument supplied for foreach() /home/admin/domains/spshd.com/public_html/khachhang/application/views/app.php 157
ERROR - 2019-12-05 05:56:32 --> Severity: Warning --> Invalid argument supplied for foreach() /home/admin/domains/spshd.com/public_html/khachhang/application/views/app.php 168
ERROR - 2019-12-05 05:56:32 --> Could not find the language line "Đóng"
ERROR - 2019-12-05 05:56:32 --> Could not find the language line "Xác Nhận"
ERROR - 2019-12-05 05:56:32 --> Could not find the language line "Đóng"
ERROR - 2019-12-05 05:56:32 --> Could not find the language line "Xác Nhận"
ERROR - 2019-12-05 06:37:54 --> Could not find the language line "Tạo Điểm Lấy Hàng"
ERROR - 2019-12-05 06:37:54 --> Could not find the language line "Tạo Đơn Hàng"
ERROR - 2019-12-05 06:37:54 --> Severity: Warning --> Invalid argument supplied for foreach() /home/admin/domains/spshd.com/public_html/khachhang/application/views/tab4.php 394
ERROR - 2019-12-05 06:37:54 --> Could not find the language line "Đóng"
ERROR - 2019-12-05 06:37:54 --> Could not find the language line "Xác Nhận"
ERROR - 2019-12-05 06:37:54 --> Severity: Warning --> Invalid argument supplied for foreach() /home/admin/domains/spshd.com/public_html/khachhang/application/views/app.php 157
ERROR - 2019-12-05 06:37:54 --> Severity: Warning --> Invalid argument supplied for foreach() /home/admin/domains/spshd.com/public_html/khachhang/application/views/app.php 168
ERROR - 2019-12-05 06:37:54 --> Could not find the language line "Đóng"
ERROR - 2019-12-05 06:37:54 --> Could not find the language line "Xác Nhận"
ERROR - 2019-12-05 06:37:54 --> Could not find the language line "Đóng"
ERROR - 2019-12-05 06:37:54 --> Could not find the language line "Xác Nhận"
ERROR - 2019-12-05 06:38:11 --> Could not find the language line "Tạo Điểm Lấy Hàng"
ERROR - 2019-12-05 06:38:11 --> Could not find the language line "Tạo Đơn Hàng"
ERROR - 2019-12-05 06:38:11 --> Severity: Warning --> Invalid argument supplied for foreach() /home/admin/domains/spshd.com/public_html/khachhang/application/views/tab4.php 394
ERROR - 2019-12-05 06:38:11 --> Could not find the language line "Đóng"
ERROR - 2019-12-05 06:38:11 --> Could not find the language line "Xác Nhận"
ERROR - 2019-12-05 06:38:11 --> Severity: Warning --> Invalid argument supplied for foreach() /home/admin/domains/spshd.com/public_html/khachhang/application/views/app.php 157
ERROR - 2019-12-05 06:38:11 --> Severity: Warning --> Invalid argument supplied for foreach() /home/admin/domains/spshd.com/public_html/khachhang/application/views/app.php 168
ERROR - 2019-12-05 06:38:11 --> Could not find the language line "Đóng"
ERROR - 2019-12-05 06:38:11 --> Could not find the language line "Xác Nhận"
ERROR - 2019-12-05 06:38:11 --> Could not find the language line "Đóng"
ERROR - 2019-12-05 06:38:11 --> Could not find the language line "Xác Nhận"
ERROR - 2019-12-05 06:45:16 --> Could not find the language line "Tạo Điểm Lấy Hàng"
ERROR - 2019-12-05 06:45:16 --> Could not find the language line "Tạo Đơn Hàng"
ERROR - 2019-12-05 06:45:16 --> Severity: Warning --> Invalid argument supplied for foreach() /home/admin/domains/spshd.com/public_html/khachhang/application/views/tab4.php 394
ERROR - 2019-12-05 06:45:16 --> Could not find the language line "Đóng"
ERROR - 2019-12-05 06:45:16 --> Could not find the language line "Xác Nhận"
ERROR - 2019-12-05 06:45:16 --> Severity: Warning --> Invalid argument supplied for foreach() /home/admin/domains/spshd.com/public_html/khachhang/application/views/app.php 157
ERROR - 2019-12-05 06:45:16 --> Severity: Warning --> Invalid argument supplied for foreach() /home/admin/domains/spshd.com/public_html/khachhang/application/views/app.php 168
ERROR - 2019-12-05 06:45:16 --> Could not find the language line "Đóng"
ERROR - 2019-12-05 06:45:16 --> Could not find the language line "Xác Nhận"
ERROR - 2019-12-05 06:45:16 --> Could not find the language line "Đóng"
ERROR - 2019-12-05 06:45:16 --> Could not find the language line "Xác Nhận"
ERROR - 2019-12-05 07:05:24 --> Could not find the language line "Tạo Điểm Lấy Hàng"
ERROR - 2019-12-05 07:05:24 --> Could not find the language line "Tạo Đơn Hàng"
ERROR - 2019-12-05 07:05:24 --> Severity: Warning --> Invalid argument supplied for foreach() /home/admin/domains/spshd.com/public_html/khachhang/application/views/tab4.php 394
ERROR - 2019-12-05 07:05:24 --> Could not find the language line "Đóng"
ERROR - 2019-12-05 07:05:24 --> Could not find the language line "Xác Nhận"
ERROR - 2019-12-05 07:05:24 --> Severity: Warning --> Invalid argument supplied for foreach() /home/admin/domains/spshd.com/public_html/khachhang/application/views/app.php 157
ERROR - 2019-12-05 07:05:24 --> Severity: Warning --> Invalid argument supplied for foreach() /home/admin/domains/spshd.com/public_html/khachhang/application/views/app.php 168
ERROR - 2019-12-05 07:05:24 --> Could not find the language line "Đóng"
ERROR - 2019-12-05 07:05:24 --> Could not find the language line "Xác Nhận"
ERROR - 2019-12-05 07:05:24 --> Could not find the language line "Đóng"
ERROR - 2019-12-05 07:05:24 --> Could not find the language line "Xác Nhận"
ERROR - 2019-12-05 07:06:34 --> Could not find the language line "Email"
ERROR - 2019-12-05 07:06:34 --> Could not find the language line "password"
ERROR - 2019-12-05 07:07:06 --> Could not find the language line "Tạo Điểm Lấy Hàng"
ERROR - 2019-12-05 07:07:06 --> Could not find the language line "Tạo Đơn Hàng"
ERROR - 2019-12-05 07:07:06 --> Severity: Warning --> Invalid argument supplied for foreach() /home/admin/domains/spshd.com/public_html/khachhang/application/views/tab4.php 394
ERROR - 2019-12-05 07:07:06 --> Could not find the language line "Đóng"
ERROR - 2019-12-05 07:07:06 --> Could not find the language line "Xác Nhận"
ERROR - 2019-12-05 07:07:06 --> Severity: Warning --> Invalid argument supplied for foreach() /home/admin/domains/spshd.com/public_html/khachhang/application/views/app.php 157
ERROR - 2019-12-05 07:07:06 --> Severity: Warning --> Invalid argument supplied for foreach() /home/admin/domains/spshd.com/public_html/khachhang/application/views/app.php 168
ERROR - 2019-12-05 07:07:06 --> Could not find the language line "Đóng"
ERROR - 2019-12-05 07:07:06 --> Could not find the language line "Xác Nhận"
ERROR - 2019-12-05 07:07:06 --> Could not find the language line "Đóng"
ERROR - 2019-12-05 07:07:06 --> Could not find the language line "Xác Nhận"
ERROR - 2019-12-05 07:19:13 --> Could not find the language line "Tạo Điểm Lấy Hàng"
ERROR - 2019-12-05 07:19:13 --> Could not find the language line "Tạo Đơn Hàng"
ERROR - 2019-12-05 07:19:13 --> Severity: Warning --> Invalid argument supplied for foreach() /home/admin/domains/spshd.com/public_html/khachhang/application/views/tab4.php 394
ERROR - 2019-12-05 07:19:13 --> Could not find the language line "Đóng"
ERROR - 2019-12-05 07:19:13 --> Could not find the language line "Xác Nhận"
ERROR - 2019-12-05 07:19:13 --> Severity: Warning --> Invalid argument supplied for foreach() /home/admin/domains/spshd.com/public_html/khachhang/application/views/app.php 157
ERROR - 2019-12-05 07:19:13 --> Severity: Warning --> Invalid argument supplied for foreach() /home/admin/domains/spshd.com/public_html/khachhang/application/views/app.php 168
ERROR - 2019-12-05 07:19:13 --> Could not find the language line "Đóng"
ERROR - 2019-12-05 07:19:13 --> Could not find the language line "Xác Nhận"
ERROR - 2019-12-05 07:19:13 --> Could not find the language line "Đóng"
ERROR - 2019-12-05 07:19:13 --> Could not find the language line "Xác Nhận"
ERROR - 2019-12-05 07:19:14 --> Could not find the language line "Tạo Điểm Lấy Hàng"
ERROR - 2019-12-05 07:19:14 --> Could not find the language line "Tạo Đơn Hàng"
ERROR - 2019-12-05 07:19:14 --> Severity: Warning --> Invalid argument supplied for foreach() /home/admin/domains/spshd.com/public_html/khachhang/application/views/tab4.php 394
ERROR - 2019-12-05 07:19:14 --> Could not find the language line "Đóng"
ERROR - 2019-12-05 07:19:14 --> Could not find the language line "Xác Nhận"
ERROR - 2019-12-05 07:19:14 --> Severity: Warning --> Invalid argument supplied for foreach() /home/admin/domains/spshd.com/public_html/khachhang/application/views/app.php 157
ERROR - 2019-12-05 07:19:14 --> Severity: Warning --> Invalid argument supplied for foreach() /home/admin/domains/spshd.com/public_html/khachhang/application/views/app.php 168
ERROR - 2019-12-05 07:19:14 --> Could not find the language line "Đóng"
ERROR - 2019-12-05 07:19:14 --> Could not find the language line "Xác Nhận"
ERROR - 2019-12-05 07:19:14 --> Could not find the language line "Đóng"
ERROR - 2019-12-05 07:19:14 --> Could not find the language line "Xác Nhận"
ERROR - 2019-12-05 07:20:25 --> Could not find the language line "Tạo Điểm Lấy Hàng"
ERROR - 2019-12-05 07:20:25 --> Could not find the language line "Tạo Đơn Hàng"
ERROR - 2019-12-05 07:20:25 --> Severity: Warning --> Invalid argument supplied for foreach() /home/admin/domains/spshd.com/public_html/khachhang/application/views/tab4.php 394
ERROR - 2019-12-05 07:20:25 --> Could not find the language line "Đóng"
ERROR - 2019-12-05 07:20:25 --> Could not find the language line "Xác Nhận"
ERROR - 2019-12-05 07:20:25 --> Severity: Warning --> Invalid argument supplied for foreach() /home/admin/domains/spshd.com/public_html/khachhang/application/views/app.php 157
ERROR - 2019-12-05 07:20:25 --> Severity: Warning --> Invalid argument supplied for foreach() /home/admin/domains/spshd.com/public_html/khachhang/application/views/app.php 168
ERROR - 2019-12-05 07:20:25 --> Could not find the language line "Đóng"
ERROR - 2019-12-05 07:20:25 --> Could not find the language line "Xác Nhận"
ERROR - 2019-12-05 07:20:25 --> Could not find the language line "Đóng"
ERROR - 2019-12-05 07:20:25 --> Could not find the language line "Xác Nhận"
ERROR - 2019-12-05 07:22:51 --> Could not find the language line "Tạo Điểm Lấy Hàng"
ERROR - 2019-12-05 07:22:51 --> Could not find the language line "Tạo Đơn Hàng"
ERROR - 2019-12-05 07:22:51 --> Severity: Warning --> Invalid argument supplied for foreach() /home/admin/domains/spshd.com/public_html/khachhang/application/views/tab4.php 394
ERROR - 2019-12-05 07:22:51 --> Could not find the language line "Đóng"
ERROR - 2019-12-05 07:22:51 --> Could not find the language line "Xác Nhận"
ERROR - 2019-12-05 07:22:51 --> Severity: Warning --> Invalid argument supplied for foreach() /home/admin/domains/spshd.com/public_html/khachhang/application/views/app.php 157
ERROR - 2019-12-05 07:22:51 --> Severity: Warning --> Invalid argument supplied for foreach() /home/admin/domains/spshd.com/public_html/khachhang/application/views/app.php 168
ERROR - 2019-12-05 07:22:51 --> Could not find the language line "Đóng"
ERROR - 2019-12-05 07:22:51 --> Could not find the language line "Xác Nhận"
ERROR - 2019-12-05 07:22:51 --> Could not find the language line "Đóng"
ERROR - 2019-12-05 07:22:51 --> Could not find the language line "Xác Nhận"
ERROR - 2019-12-05 07:24:03 --> Could not find the language line "Email"
ERROR - 2019-12-05 07:24:03 --> Could not find the language line "password"
ERROR - 2019-12-05 10:52:05 --> Could not find the language line "Tạo Điểm Lấy Hàng"
ERROR - 2019-12-05 10:52:05 --> Could not find the language line "Tạo Đơn Hàng"
ERROR - 2019-12-05 10:52:05 --> Severity: Warning --> Invalid argument supplied for foreach() /home/admin/domains/spshd.com/public_html/khachhang/application/views/tab4.php 394
ERROR - 2019-12-05 10:52:05 --> Could not find the language line "Đóng"
ERROR - 2019-12-05 10:52:05 --> Could not find the language line "Xác Nhận"
ERROR - 2019-12-05 10:52:05 --> Severity: Warning --> Invalid argument supplied for foreach() /home/admin/domains/spshd.com/public_html/khachhang/application/views/app.php 157
ERROR - 2019-12-05 10:52:05 --> Severity: Warning --> Invalid argument supplied for foreach() /home/admin/domains/spshd.com/public_html/khachhang/application/views/app.php 168
ERROR - 2019-12-05 10:52:05 --> Could not find the language line "Đóng"
ERROR - 2019-12-05 10:52:05 --> Could not find the language line "Xác Nhận"
ERROR - 2019-12-05 10:52:05 --> Could not find the language line "Đóng"
ERROR - 2019-12-05 10:52:05 --> Could not find the language line "Xác Nhận"
ERROR - 2019-12-05 10:52:21 --> Could not find the language line "Email"
ERROR - 2019-12-05 10:52:21 --> Could not find the language line "password"
ERROR - 2019-12-05 10:52:58 --> Could not find the language line "Tạo Điểm Lấy Hàng"
ERROR - 2019-12-05 10:52:58 --> Could not find the language line "Tạo Đơn Hàng"
ERROR - 2019-12-05 10:52:58 --> Severity: Warning --> Invalid argument supplied for foreach() /home/admin/domains/spshd.com/public_html/khachhang/application/views/tab4.php 394
ERROR - 2019-12-05 10:52:58 --> Could not find the language line "Đóng"
ERROR - 2019-12-05 10:52:58 --> Could not find the language line "Xác Nhận"
ERROR - 2019-12-05 10:52:58 --> Severity: Warning --> Invalid argument supplied for foreach() /home/admin/domains/spshd.com/public_html/khachhang/application/views/app.php 157
ERROR - 2019-12-05 10:52:58 --> Severity: Warning --> Invalid argument supplied for foreach() /home/admin/domains/spshd.com/public_html/khachhang/application/views/app.php 168
ERROR - 2019-12-05 10:52:58 --> Could not find the language line "Đóng"
ERROR - 2019-12-05 10:52:58 --> Could not find the language line "Xác Nhận"
ERROR - 2019-12-05 10:52:58 --> Could not find the language line "Đóng"
ERROR - 2019-12-05 10:52:58 --> Could not find the language line "Xác Nhận"
ERROR - 2019-12-05 10:53:00 --> Could not find the language line "Tạo Điểm Lấy Hàng"
ERROR - 2019-12-05 10:53:00 --> Could not find the language line "Tạo Đơn Hàng"
ERROR - 2019-12-05 10:53:00 --> Severity: Warning --> Invalid argument supplied for foreach() /home/admin/domains/spshd.com/public_html/khachhang/application/views/tab4.php 394
ERROR - 2019-12-05 10:53:00 --> Could not find the language line "Đóng"
ERROR - 2019-12-05 10:53:00 --> Could not find the language line "Xác Nhận"
ERROR - 2019-12-05 10:53:00 --> Severity: Warning --> Invalid argument supplied for foreach() /home/admin/domains/spshd.com/public_html/khachhang/application/views/app.php 157
ERROR - 2019-12-05 10:53:00 --> Severity: Warning --> Invalid argument supplied for foreach() /home/admin/domains/spshd.com/public_html/khachhang/application/views/app.php 168
ERROR - 2019-12-05 10:53:00 --> Could not find the language line "Đóng"
ERROR - 2019-12-05 10:53:00 --> Could not find the language line "Xác Nhận"
ERROR - 2019-12-05 10:53:00 --> Could not find the language line "Đóng"
ERROR - 2019-12-05 10:53:00 --> Could not find the language line "Xác Nhận"
ERROR - 2019-12-05 10:54:50 --> Could not find the language line "Tạo Điểm Lấy Hàng"
ERROR - 2019-12-05 10:54:50 --> Could not find the language line "Tạo Đơn Hàng"
ERROR - 2019-12-05 10:54:50 --> Severity: Warning --> Invalid argument supplied for foreach() /home/admin/domains/spshd.com/public_html/khachhang/application/views/tab4.php 394
ERROR - 2019-12-05 10:54:50 --> Could not find the language line "Đóng"
ERROR - 2019-12-05 10:54:50 --> Could not find the language line "Xác Nhận"
ERROR - 2019-12-05 10:54:50 --> Severity: Warning --> Invalid argument supplied for foreach() /home/admin/domains/spshd.com/public_html/khachhang/application/views/app.php 157
ERROR - 2019-12-05 10:54:50 --> Severity: Warning --> Invalid argument supplied for foreach() /home/admin/domains/spshd.com/public_html/khachhang/application/views/app.php 168
ERROR - 2019-12-05 10:54:50 --> Could not find the language line "Đóng"
ERROR - 2019-12-05 10:54:50 --> Could not find the language line "Xác Nhận"
ERROR - 2019-12-05 10:54:50 --> Could not find the language line "Đóng"
ERROR - 2019-12-05 10:54:50 --> Could not find the language line "Xác Nhận"
ERROR - 2019-12-05 10:55:33 --> Could not find the language line "Tạo Điểm Lấy Hàng"
ERROR - 2019-12-05 10:55:33 --> Could not find the language line "Tạo Đơn Hàng"
ERROR - 2019-12-05 10:55:33 --> Severity: Warning --> Invalid argument supplied for foreach() /home/admin/domains/spshd.com/public_html/khachhang/application/views/tab4.php 394
ERROR - 2019-12-05 10:55:33 --> Could not find the language line "Đóng"
ERROR - 2019-12-05 10:55:33 --> Could not find the language line "Xác Nhận"
ERROR - 2019-12-05 10:55:33 --> Severity: Warning --> Invalid argument supplied for foreach() /home/admin/domains/spshd.com/public_html/khachhang/application/views/app.php 157
ERROR - 2019-12-05 10:55:33 --> Severity: Warning --> Invalid argument supplied for foreach() /home/admin/domains/spshd.com/public_html/khachhang/application/views/app.php 168
ERROR - 2019-12-05 10:55:33 --> Could not find the language line "Đóng"
ERROR - 2019-12-05 10:55:33 --> Could not find the language line "Xác Nhận"
ERROR - 2019-12-05 10:55:33 --> Could not find the language line "Đóng"
ERROR - 2019-12-05 10:55:33 --> Could not find the language line "Xác Nhận"
ERROR - 2019-12-05 10:55:42 --> Could not find the language line "Email"
ERROR - 2019-12-05 10:55:42 --> Could not find the language line "password"
ERROR - 2019-12-05 10:55:47 --> Could not find the language line "Tạo Điểm Lấy Hàng"
ERROR - 2019-12-05 10:55:47 --> Could not find the language line "Tạo Đơn Hàng"
ERROR - 2019-12-05 10:55:47 --> Severity: Warning --> Invalid argument supplied for foreach() /home/admin/domains/spshd.com/public_html/khachhang/application/views/tab4.php 394
ERROR - 2019-12-05 10:55:47 --> Could not find the language line "Đóng"
ERROR - 2019-12-05 10:55:47 --> Could not find the language line "Xác Nhận"
ERROR - 2019-12-05 10:55:47 --> Severity: Warning --> Invalid argument supplied for foreach() /home/admin/domains/spshd.com/public_html/khachhang/application/views/app.php 157
ERROR - 2019-12-05 10:55:47 --> Severity: Warning --> Invalid argument supplied for foreach() /home/admin/domains/spshd.com/public_html/khachhang/application/views/app.php 168
ERROR - 2019-12-05 10:55:47 --> Could not find the language line "Đóng"
ERROR - 2019-12-05 10:55:47 --> Could not find the language line "Xác Nhận"
ERROR - 2019-12-05 10:55:47 --> Could not find the language line "Đóng"
ERROR - 2019-12-05 10:55:47 --> Could not find the language line "Xác Nhận"
ERROR - 2019-12-05 10:56:33 --> Could not find the language line "Tạo Điểm Lấy Hàng"
ERROR - 2019-12-05 10:56:33 --> Could not find the language line "Tạo Đơn Hàng"
ERROR - 2019-12-05 10:56:33 --> Severity: Warning --> Invalid argument supplied for foreach() /home/admin/domains/spshd.com/public_html/khachhang/application/views/tab4.php 394
ERROR - 2019-12-05 10:56:33 --> Could not find the language line "Đóng"
ERROR - 2019-12-05 10:56:33 --> Could not find the language line "Xác Nhận"
ERROR - 2019-12-05 10:56:33 --> Severity: Warning --> Invalid argument supplied for foreach() /home/admin/domains/spshd.com/public_html/khachhang/application/views/app.php 157
ERROR - 2019-12-05 10:56:33 --> Severity: Warning --> Invalid argument supplied for foreach() /home/admin/domains/spshd.com/public_html/khachhang/application/views/app.php 168
ERROR - 2019-12-05 10:56:33 --> Could not find the language line "Đóng"
ERROR - 2019-12-05 10:56:33 --> Could not find the language line "Xác Nhận"
ERROR - 2019-12-05 10:56:33 --> Could not find the language line "Đóng"
ERROR - 2019-12-05 10:56:33 --> Could not find the language line "Xác Nhận"
ERROR - 2019-12-05 10:58:37 --> Could not find the language line "Tạo Điểm Lấy Hàng"
ERROR - 2019-12-05 10:58:37 --> Could not find the language line "Tạo Đơn Hàng"
ERROR - 2019-12-05 10:58:37 --> Severity: Warning --> Invalid argument supplied for foreach() /home/admin/domains/spshd.com/public_html/khachhang/application/views/tab4.php 394
ERROR - 2019-12-05 10:58:37 --> Could not find the language line "Đóng"
ERROR - 2019-12-05 10:58:37 --> Could not find the language line "Xác Nhận"
ERROR - 2019-12-05 10:58:37 --> Severity: Warning --> Invalid argument supplied for foreach() /home/admin/domains/spshd.com/public_html/khachhang/application/views/app.php 157
ERROR - 2019-12-05 10:58:37 --> Severity: Warning --> Invalid argument supplied for foreach() /home/admin/domains/spshd.com/public_html/khachhang/application/views/app.php 168
ERROR - 2019-12-05 10:58:37 --> Could not find the language line "Đóng"
ERROR - 2019-12-05 10:58:37 --> Could not find the language line "Xác Nhận"
ERROR - 2019-12-05 10:58:37 --> Could not find the language line "Đóng"
ERROR - 2019-12-05 10:58:37 --> Could not find the language line "Xác Nhận"
ERROR - 2019-12-05 10:59:47 --> Could not find the language line "Tạo Điểm Lấy Hàng"
ERROR - 2019-12-05 10:59:47 --> Could not find the language line "Tạo Đơn Hàng"
ERROR - 2019-12-05 10:59:47 --> Severity: Warning --> Invalid argument supplied for foreach() /home/admin/domains/spshd.com/public_html/khachhang/application/views/tab4.php 394
ERROR - 2019-12-05 10:59:47 --> Could not find the language line "Đóng"
ERROR - 2019-12-05 10:59:47 --> Could not find the language line "Xác Nhận"
ERROR - 2019-12-05 10:59:47 --> Severity: Warning --> Invalid argument supplied for foreach() /home/admin/domains/spshd.com/public_html/khachhang/application/views/app.php 157
ERROR - 2019-12-05 10:59:47 --> Severity: Warning --> Invalid argument supplied for foreach() /home/admin/domains/spshd.com/public_html/khachhang/application/views/app.php 168
ERROR - 2019-12-05 10:59:47 --> Could not find the language line "Đóng"
ERROR - 2019-12-05 10:59:47 --> Could not find the language line "Xác Nhận"
ERROR - 2019-12-05 10:59:47 --> Could not find the language line "Đóng"
ERROR - 2019-12-05 10:59:47 --> Could not find the language line "Xác Nhận"
ERROR - 2019-12-05 11:02:51 --> Could not find the language line "Email"
ERROR - 2019-12-05 11:02:51 --> Could not find the language line "password"
ERROR - 2019-12-05 11:35:20 --> Could not find the language line "Tạo Điểm Lấy Hàng"
ERROR - 2019-12-05 11:35:20 --> Could not find the language line "Tạo Đơn Hàng"
ERROR - 2019-12-05 11:35:20 --> Severity: Warning --> Invalid argument supplied for foreach() /home/admin/domains/spshd.com/public_html/khachhang/application/views/tab4.php 394
ERROR - 2019-12-05 11:35:20 --> Could not find the language line "Đóng"
ERROR - 2019-12-05 11:35:20 --> Could not find the language line "Xác Nhận"
ERROR - 2019-12-05 11:35:20 --> Severity: Warning --> Invalid argument supplied for foreach() /home/admin/domains/spshd.com/public_html/khachhang/application/views/app.php 157
ERROR - 2019-12-05 11:35:20 --> Severity: Warning --> Invalid argument supplied for foreach() /home/admin/domains/spshd.com/public_html/khachhang/application/views/app.php 168
ERROR - 2019-12-05 11:35:20 --> Could not find the language line "Đóng"
ERROR - 2019-12-05 11:35:20 --> Could not find the language line "Xác Nhận"
ERROR - 2019-12-05 11:35:20 --> Could not find the language line "Đóng"
ERROR - 2019-12-05 11:35:20 --> Could not find the language line "Xác Nhận"
ERROR - 2019-12-05 12:03:05 --> Could not find the language line "Tạo Điểm Lấy Hàng"
ERROR - 2019-12-05 12:03:05 --> Could not find the language line "Tạo Đơn Hàng"
ERROR - 2019-12-05 12:03:05 --> Severity: Warning --> Invalid argument supplied for foreach() /home/admin/domains/spshd.com/public_html/khachhang/application/views/tab4.php 394
ERROR - 2019-12-05 12:03:05 --> Could not find the language line "Đóng"
ERROR - 2019-12-05 12:03:05 --> Could not find the language line "Xác Nhận"
ERROR - 2019-12-05 12:03:05 --> Severity: Warning --> Invalid argument supplied for foreach() /home/admin/domains/spshd.com/public_html/khachhang/application/views/app.php 157
ERROR - 2019-12-05 12:03:05 --> Severity: Warning --> Invalid argument supplied for foreach() /home/admin/domains/spshd.com/public_html/khachhang/application/views/app.php 168
ERROR - 2019-12-05 12:03:05 --> Could not find the language line "Đóng"
ERROR - 2019-12-05 12:03:05 --> Could not find the language line "Xác Nhận"
ERROR - 2019-12-05 12:03:05 --> Could not find the language line "Đóng"
ERROR - 2019-12-05 12:03:05 --> Could not find the language line "Xác Nhận"
ERROR - 2019-12-05 12:03:05 --> Could not find the language line "Tạo Điểm Lấy Hàng"
ERROR - 2019-12-05 12:03:05 --> Could not find the language line "Tạo Đơn Hàng"
ERROR - 2019-12-05 12:03:05 --> Severity: Warning --> Invalid argument supplied for foreach() /home/admin/domains/spshd.com/public_html/khachhang/application/views/tab4.php 394
ERROR - 2019-12-05 12:03:05 --> Could not find the language line "Đóng"
ERROR - 2019-12-05 12:03:05 --> Could not find the language line "Xác Nhận"
ERROR - 2019-12-05 12:03:05 --> Severity: Warning --> Invalid argument supplied for foreach() /home/admin/domains/spshd.com/public_html/khachhang/application/views/app.php 157
ERROR - 2019-12-05 12:03:05 --> Severity: Warning --> Invalid argument supplied for foreach() /home/admin/domains/spshd.com/public_html/khachhang/application/views/app.php 168
ERROR - 2019-12-05 12:03:05 --> Could not find the language line "Đóng"
ERROR - 2019-12-05 12:03:05 --> Could not find the language line "Xác Nhận"
ERROR - 2019-12-05 12:03:05 --> Could not find the language line "Đóng"
ERROR - 2019-12-05 12:03:05 --> Could not find the language line "Xác Nhận"
ERROR - 2019-12-05 12:26:42 --> Could not find the language line "Email"
ERROR - 2019-12-05 12:26:42 --> Could not find the language line "password"
ERROR - 2019-12-05 12:27:55 --> Could not find the language line "Email"
ERROR - 2019-12-05 12:27:55 --> Could not find the language line "password"
ERROR - 2019-12-05 12:31:11 --> Could not find the language line "Email"
ERROR - 2019-12-05 12:31:11 --> Could not find the language line "password"
ERROR - 2019-12-05 12:31:11 --> Could not find the language line "Email"
ERROR - 2019-12-05 12:31:11 --> Could not find the language line "password"
ERROR - 2019-12-05 12:32:26 --> Could not find the language line "Email"
ERROR - 2019-12-05 12:32:26 --> Could not find the language line "password"
ERROR - 2019-12-05 13:17:39 --> Could not find the language line "Email"
ERROR - 2019-12-05 13:17:39 --> Could not find the language line "password"
ERROR - 2019-12-05 13:26:15 --> Could not find the language line "Email"
ERROR - 2019-12-05 13:26:15 --> Could not find the language line "password"
ERROR - 2019-12-05 13:32:18 --> Could not find the language line "Email"
ERROR - 2019-12-05 13:32:18 --> Could not find the language line "password"
ERROR - 2019-12-05 14:01:39 --> Could not find the language line "Email"
ERROR - 2019-12-05 14:01:39 --> Could not find the language line "password"
ERROR - 2019-12-05 14:17:42 --> Could not find the language line "Email"
ERROR - 2019-12-05 14:17:42 --> Could not find the language line "password"
ERROR - 2019-12-05 14:19:53 --> Could not find the language line "Tạo Điểm Lấy Hàng"
ERROR - 2019-12-05 14:19:53 --> Could not find the language line "Tạo Đơn Hàng"
ERROR - 2019-12-05 14:19:53 --> Severity: Warning --> Invalid argument supplied for foreach() /home/admin/domains/spshd.com/public_html/khachhang/application/views/tab4.php 394
ERROR - 2019-12-05 14:19:53 --> Could not find the language line "Đóng"
ERROR - 2019-12-05 14:19:53 --> Could not find the language line "Xác Nhận"
ERROR - 2019-12-05 14:19:53 --> Severity: Warning --> Invalid argument supplied for foreach() /home/admin/domains/spshd.com/public_html/khachhang/application/views/app.php 157
ERROR - 2019-12-05 14:19:53 --> Severity: Warning --> Invalid argument supplied for foreach() /home/admin/domains/spshd.com/public_html/khachhang/application/views/app.php 168
ERROR - 2019-12-05 14:19:53 --> Could not find the language line "Đóng"
ERROR - 2019-12-05 14:19:53 --> Could not find the language line "Xác Nhận"
ERROR - 2019-12-05 14:19:53 --> Could not find the language line "Đóng"
ERROR - 2019-12-05 14:19:53 --> Could not find the language line "Xác Nhận"
ERROR - 2019-12-05 14:21:03 --> Could not find the language line "Tạo Điểm Lấy Hàng"
ERROR - 2019-12-05 14:21:03 --> Could not find the language line "Tạo Đơn Hàng"
ERROR - 2019-12-05 14:21:03 --> Severity: Warning --> Invalid argument supplied for foreach() /home/admin/domains/spshd.com/public_html/khachhang/application/views/tab4.php 394
ERROR - 2019-12-05 14:21:03 --> Could not find the language line "Đóng"
ERROR - 2019-12-05 14:21:03 --> Could not find the language line "Xác Nhận"
ERROR - 2019-12-05 14:21:03 --> Severity: Warning --> Invalid argument supplied for foreach() /home/admin/domains/spshd.com/public_html/khachhang/application/views/app.php 157
ERROR - 2019-12-05 14:21:03 --> Severity: Warning --> Invalid argument supplied for foreach() /home/admin/domains/spshd.com/public_html/khachhang/application/views/app.php 168
ERROR - 2019-12-05 14:21:03 --> Could not find the language line "Đóng"
ERROR - 2019-12-05 14:21:03 --> Could not find the language line "Xác Nhận"
ERROR - 2019-12-05 14:21:03 --> Could not find the language line "Đóng"
ERROR - 2019-12-05 14:21:03 --> Could not find the language line "Xác Nhận"
ERROR - 2019-12-05 14:36:42 --> Could not find the language line "Email"
ERROR - 2019-12-05 14:36:42 --> Could not find the language line "password"
ERROR - 2019-12-05 14:37:27 --> Could not find the language line "Email"
ERROR - 2019-12-05 14:37:27 --> Could not find the language line "password"
ERROR - 2019-12-05 14:39:23 --> Could not find the language line "Email"
ERROR - 2019-12-05 14:39:23 --> Could not find the language line "password"
ERROR - 2019-12-05 14:39:31 --> Could not find the language line "Email"
ERROR - 2019-12-05 14:39:31 --> Could not find the language line "password"
ERROR - 2019-12-05 14:43:03 --> Could not find the language line "Email"
ERROR - 2019-12-05 14:43:03 --> Could not find the language line "password"
ERROR - 2019-12-05 14:43:04 --> Could not find the language line "Email"
ERROR - 2019-12-05 14:43:04 --> Could not find the language line "password"
ERROR - 2019-12-05 14:44:05 --> Could not find the language line "Tạo Điểm Lấy Hàng"
ERROR - 2019-12-05 14:44:05 --> Could not find the language line "Tạo Đơn Hàng"
ERROR - 2019-12-05 14:44:05 --> Severity: Warning --> Invalid argument supplied for foreach() /home/admin/domains/spshd.com/public_html/khachhang/application/views/tab4.php 394
ERROR - 2019-12-05 14:44:05 --> Could not find the language line "Đóng"
ERROR - 2019-12-05 14:44:05 --> Could not find the language line "Xác Nhận"
ERROR - 2019-12-05 14:44:05 --> Severity: Warning --> Invalid argument supplied for foreach() /home/admin/domains/spshd.com/public_html/khachhang/application/views/app.php 157
ERROR - 2019-12-05 14:44:05 --> Severity: Warning --> Invalid argument supplied for foreach() /home/admin/domains/spshd.com/public_html/khachhang/application/views/app.php 168
ERROR - 2019-12-05 14:44:05 --> Could not find the language line "Đóng"
ERROR - 2019-12-05 14:44:05 --> Could not find the language line "Xác Nhận"
ERROR - 2019-12-05 14:44:05 --> Could not find the language line "Đóng"
ERROR - 2019-12-05 14:44:05 --> Could not find the language line "Xác Nhận"
ERROR - 2019-12-05 14:44:25 --> Could not find the language line "Email"
ERROR - 2019-12-05 14:44:25 --> Could not find the language line "password"
ERROR - 2019-12-05 14:44:29 --> Could not find the language line "Email"
ERROR - 2019-12-05 14:44:29 --> Could not find the language line "password"
ERROR - 2019-12-05 14:57:24 --> Could not find the language line "Email"
ERROR - 2019-12-05 14:57:24 --> Could not find the language line "password"
ERROR - 2019-12-05 15:11:22 --> Could not find the language line "Email"
ERROR - 2019-12-05 15:11:22 --> Could not find the language line "password"
ERROR - 2019-12-05 15:11:30 --> Could not find the language line "Email"
ERROR - 2019-12-05 15:11:30 --> Could not find the language line "password"
ERROR - 2019-12-05 15:11:35 --> Could not find the language line "Email"
ERROR - 2019-12-05 15:11:35 --> Could not find the language line "password"
ERROR - 2019-12-05 15:11:47 --> Could not find the language line "Tạo Điểm Lấy Hàng"
ERROR - 2019-12-05 15:11:47 --> Could not find the language line "Tạo Đơn Hàng"
ERROR - 2019-12-05 15:11:47 --> Severity: Warning --> Invalid argument supplied for foreach() /home/admin/domains/spshd.com/public_html/khachhang/application/views/tab4.php 394
ERROR - 2019-12-05 15:11:47 --> Could not find the language line "Đóng"
ERROR - 2019-12-05 15:11:47 --> Could not find the language line "Xác Nhận"
ERROR - 2019-12-05 15:11:47 --> Severity: Warning --> Invalid argument supplied for foreach() /home/admin/domains/spshd.com/public_html/khachhang/application/views/app.php 157
ERROR - 2019-12-05 15:11:47 --> Severity: Warning --> Invalid argument supplied for foreach() /home/admin/domains/spshd.com/public_html/khachhang/application/views/app.php 168
ERROR - 2019-12-05 15:11:47 --> Could not find the language line "Đóng"
ERROR - 2019-12-05 15:11:47 --> Could not find the language line "Xác Nhận"
ERROR - 2019-12-05 15:11:47 --> Could not find the language line "Đóng"
ERROR - 2019-12-05 15:11:47 --> Could not find the language line "Xác Nhận"
ERROR - 2019-12-05 15:12:18 --> Could not find the language line "Tạo Điểm Lấy Hàng"
ERROR - 2019-12-05 15:12:18 --> Could not find the language line "Tạo Đơn Hàng"
ERROR - 2019-12-05 15:12:18 --> Severity: Warning --> Invalid argument supplied for foreach() /home/admin/domains/spshd.com/public_html/khachhang/application/views/tab4.php 394
ERROR - 2019-12-05 15:12:18 --> Could not find the language line "Đóng"
ERROR - 2019-12-05 15:12:18 --> Could not find the language line "Xác Nhận"
ERROR - 2019-12-05 15:12:18 --> Severity: Warning --> Invalid argument supplied for foreach() /home/admin/domains/spshd.com/public_html/khachhang/application/views/app.php 157
ERROR - 2019-12-05 15:12:18 --> Severity: Warning --> Invalid argument supplied for foreach() /home/admin/domains/spshd.com/public_html/khachhang/application/views/app.php 168
ERROR - 2019-12-05 15:12:18 --> Could not find the language line "Đóng"
ERROR - 2019-12-05 15:12:18 --> Could not find the language line "Xác Nhận"
ERROR - 2019-12-05 15:12:18 --> Could not find the language line "Đóng"
ERROR - 2019-12-05 15:12:18 --> Could not find the language line "Xác Nhận"
ERROR - 2019-12-05 15:12:33 --> Could not find the language line "Tạo Điểm Lấy Hàng"
ERROR - 2019-12-05 15:12:33 --> Could not find the language line "Tạo Đơn Hàng"
ERROR - 2019-12-05 15:12:33 --> Severity: Warning --> Invalid argument supplied for foreach() /home/admin/domains/spshd.com/public_html/khachhang/application/views/tab4.php 394
ERROR - 2019-12-05 15:12:33 --> Could not find the language line "Đóng"
ERROR - 2019-12-05 15:12:33 --> Could not find the language line "Xác Nhận"
ERROR - 2019-12-05 15:12:33 --> Severity: Warning --> Invalid argument supplied for foreach() /home/admin/domains/spshd.com/public_html/khachhang/application/views/app.php 157
ERROR - 2019-12-05 15:12:33 --> Severity: Warning --> Invalid argument supplied for foreach() /home/admin/domains/spshd.com/public_html/khachhang/application/views/app.php 168
ERROR - 2019-12-05 15:12:33 --> Could not find the language line "Đóng"
ERROR - 2019-12-05 15:12:33 --> Could not find the language line "Xác Nhận"
ERROR - 2019-12-05 15:12:33 --> Could not find the language line "Đóng"
ERROR - 2019-12-05 15:12:33 --> Could not find the language line "Xác Nhận"
ERROR - 2019-12-05 15:16:48 --> Could not find the language line "Tạo Điểm Lấy Hàng"
ERROR - 2019-12-05 15:16:48 --> Could not find the language line "Tạo Đơn Hàng"
ERROR - 2019-12-05 15:16:48 --> Severity: Warning --> Invalid argument supplied for foreach() /home/admin/domains/spshd.com/public_html/khachhang/application/views/tab4.php 394
ERROR - 2019-12-05 15:16:48 --> Could not find the language line "Đóng"
ERROR - 2019-12-05 15:16:48 --> Could not find the language line "Xác Nhận"
ERROR - 2019-12-05 15:16:48 --> Severity: Warning --> Invalid argument supplied for foreach() /home/admin/domains/spshd.com/public_html/khachhang/application/views/app.php 157
ERROR - 2019-12-05 15:16:48 --> Severity: Warning --> Invalid argument supplied for foreach() /home/admin/domains/spshd.com/public_html/khachhang/application/views/app.php 168
ERROR - 2019-12-05 15:16:48 --> Could not find the language line "Đóng"
ERROR - 2019-12-05 15:16:48 --> Could not find the language line "Xác Nhận"
ERROR - 2019-12-05 15:16:48 --> Could not find the language line "Đóng"
ERROR - 2019-12-05 15:16:48 --> Could not find the language line "Xác Nhận"
ERROR - 2019-12-05 15:17:21 --> Could not find the language line "Tạo Điểm Lấy Hàng"
ERROR - 2019-12-05 15:17:21 --> Could not find the language line "Tạo Đơn Hàng"
ERROR - 2019-12-05 15:17:21 --> Severity: Warning --> Invalid argument supplied for foreach() /home/admin/domains/spshd.com/public_html/khachhang/application/views/tab4.php 394
ERROR - 2019-12-05 15:17:21 --> Could not find the language line "Đóng"
ERROR - 2019-12-05 15:17:21 --> Could not find the language line "Xác Nhận"
ERROR - 2019-12-05 15:17:21 --> Severity: Warning --> Invalid argument supplied for foreach() /home/admin/domains/spshd.com/public_html/khachhang/application/views/app.php 157
ERROR - 2019-12-05 15:17:21 --> Severity: Warning --> Invalid argument supplied for foreach() /home/admin/domains/spshd.com/public_html/khachhang/application/views/app.php 168
ERROR - 2019-12-05 15:17:21 --> Could not find the language line "Đóng"
ERROR - 2019-12-05 15:17:21 --> Could not find the language line "Xác Nhận"
ERROR - 2019-12-05 15:17:21 --> Could not find the language line "Đóng"
ERROR - 2019-12-05 15:17:21 --> Could not find the language line "Xác Nhận"
ERROR - 2019-12-05 15:18:41 --> Could not find the language line "Tạo Điểm Lấy Hàng"
ERROR - 2019-12-05 15:18:41 --> Could not find the language line "Tạo Đơn Hàng"
ERROR - 2019-12-05 15:18:41 --> Severity: Warning --> Invalid argument supplied for foreach() /home/admin/domains/spshd.com/public_html/khachhang/application/views/tab4.php 394
ERROR - 2019-12-05 15:18:41 --> Could not find the language line "Đóng"
ERROR - 2019-12-05 15:18:41 --> Could not find the language line "Xác Nhận"
ERROR - 2019-12-05 15:18:41 --> Severity: Warning --> Invalid argument supplied for foreach() /home/admin/domains/spshd.com/public_html/khachhang/application/views/app.php 157
ERROR - 2019-12-05 15:18:41 --> Severity: Warning --> Invalid argument supplied for foreach() /home/admin/domains/spshd.com/public_html/khachhang/application/views/app.php 168
ERROR - 2019-12-05 15:18:41 --> Could not find the language line "Đóng"
ERROR - 2019-12-05 15:18:41 --> Could not find the language line "Xác Nhận"
ERROR - 2019-12-05 15:18:41 --> Could not find the language line "Đóng"
ERROR - 2019-12-05 15:18:41 --> Could not find the language line "Xác Nhận"
ERROR - 2019-12-05 15:19:46 --> Could not find the language line "Tạo Điểm Lấy Hàng"
ERROR - 2019-12-05 15:19:46 --> Could not find the language line "Tạo Đơn Hàng"
ERROR - 2019-12-05 15:19:46 --> Severity: Warning --> Invalid argument supplied for foreach() /home/admin/domains/spshd.com/public_html/khachhang/application/views/tab4.php 394
ERROR - 2019-12-05 15:19:46 --> Could not find the language line "Đóng"
ERROR - 2019-12-05 15:19:46 --> Could not find the language line "Xác Nhận"
ERROR - 2019-12-05 15:19:46 --> Severity: Warning --> Invalid argument supplied for foreach() /home/admin/domains/spshd.com/public_html/khachhang/application/views/app.php 157
ERROR - 2019-12-05 15:19:46 --> Severity: Warning --> Invalid argument supplied for foreach() /home/admin/domains/spshd.com/public_html/khachhang/application/views/app.php 168
ERROR - 2019-12-05 15:19:46 --> Could not find the language line "Đóng"
ERROR - 2019-12-05 15:19:46 --> Could not find the language line "Xác Nhận"
ERROR - 2019-12-05 15:19:46 --> Could not find the language line "Đóng"
ERROR - 2019-12-05 15:19:46 --> Could not find the language line "Xác Nhận"
ERROR - 2019-12-05 15:25:31 --> Could not find the language line "Tạo Điểm Lấy Hàng"
ERROR - 2019-12-05 15:25:31 --> Could not find the language line "Tạo Đơn Hàng"
ERROR - 2019-12-05 15:25:31 --> Severity: Warning --> Invalid argument supplied for foreach() /home/admin/domains/spshd.com/public_html/khachhang/application/views/tab4.php 394
ERROR - 2019-12-05 15:25:31 --> Could not find the language line "Đóng"
ERROR - 2019-12-05 15:25:31 --> Could not find the language line "Xác Nhận"
ERROR - 2019-12-05 15:25:31 --> Severity: Warning --> Invalid argument supplied for foreach() /home/admin/domains/spshd.com/public_html/khachhang/application/views/app.php 157
ERROR - 2019-12-05 15:25:31 --> Severity: Warning --> Invalid argument supplied for foreach() /home/admin/domains/spshd.com/public_html/khachhang/application/views/app.php 168
ERROR - 2019-12-05 15:25:31 --> Could not find the language line "Đóng"
ERROR - 2019-12-05 15:25:31 --> Could not find the language line "Xác Nhận"
ERROR - 2019-12-05 15:25:31 --> Could not find the language line "Đóng"
ERROR - 2019-12-05 15:25:31 --> Could not find the language line "Xác Nhận"
ERROR - 2019-12-05 15:26:07 --> Could not find the language line "Tạo Điểm Lấy Hàng"
ERROR - 2019-12-05 15:26:07 --> Could not find the language line "Tạo Đơn Hàng"
ERROR - 2019-12-05 15:26:07 --> Severity: Warning --> Invalid argument supplied for foreach() /home/admin/domains/spshd.com/public_html/khachhang/application/views/tab4.php 394
ERROR - 2019-12-05 15:26:07 --> Could not find the language line "Đóng"
ERROR - 2019-12-05 15:26:07 --> Could not find the language line "Xác Nhận"
ERROR - 2019-12-05 15:26:07 --> Severity: Warning --> Invalid argument supplied for foreach() /home/admin/domains/spshd.com/public_html/khachhang/application/views/app.php 157
ERROR - 2019-12-05 15:26:07 --> Severity: Warning --> Invalid argument supplied for foreach() /home/admin/domains/spshd.com/public_html/khachhang/application/views/app.php 168
ERROR - 2019-12-05 15:26:07 --> Could not find the language line "Đóng"
ERROR - 2019-12-05 15:26:07 --> Could not find the language line "Xác Nhận"
ERROR - 2019-12-05 15:26:07 --> Could not find the language line "Đóng"
ERROR - 2019-12-05 15:26:07 --> Could not find the language line "Xác Nhận"
ERROR - 2019-12-05 15:26:40 --> Could not find the language line "Email"
ERROR - 2019-12-05 15:26:40 --> Could not find the language line "password"
ERROR - 2019-12-05 15:27:16 --> Could not find the language line "Email"
ERROR - 2019-12-05 15:27:16 --> Could not find the language line "password"
ERROR - 2019-12-05 15:27:21 --> Could not find the language line "Email"
ERROR - 2019-12-05 15:27:21 --> Could not find the language line "password"
ERROR - 2019-12-05 15:28:33 --> Could not find the language line "Tạo Điểm Lấy Hàng"
ERROR - 2019-12-05 15:28:33 --> Could not find the language line "Tạo Đơn Hàng"
ERROR - 2019-12-05 15:28:33 --> Severity: Warning --> Invalid argument supplied for foreach() /home/admin/domains/spshd.com/public_html/khachhang/application/views/tab4.php 394
ERROR - 2019-12-05 15:28:33 --> Could not find the language line "Đóng"
ERROR - 2019-12-05 15:28:33 --> Could not find the language line "Xác Nhận"
ERROR - 2019-12-05 15:28:33 --> Severity: Warning --> Invalid argument supplied for foreach() /home/admin/domains/spshd.com/public_html/khachhang/application/views/app.php 157
ERROR - 2019-12-05 15:28:33 --> Severity: Warning --> Invalid argument supplied for foreach() /home/admin/domains/spshd.com/public_html/khachhang/application/views/app.php 168
ERROR - 2019-12-05 15:28:33 --> Could not find the language line "Đóng"
ERROR - 2019-12-05 15:28:33 --> Could not find the language line "Xác Nhận"
ERROR - 2019-12-05 15:28:33 --> Could not find the language line "Đóng"
ERROR - 2019-12-05 15:28:33 --> Could not find the language line "Xác Nhận"
ERROR - 2019-12-05 15:29:24 --> Could not find the language line "Email"
ERROR - 2019-12-05 15:29:24 --> Could not find the language line "password"
ERROR - 2019-12-05 15:29:28 --> Could not find the language line "Tạo Điểm Lấy Hàng"
ERROR - 2019-12-05 15:29:28 --> Could not find the language line "Tạo Đơn Hàng"
ERROR - 2019-12-05 15:29:28 --> Severity: Warning --> Invalid argument supplied for foreach() /home/admin/domains/spshd.com/public_html/khachhang/application/views/tab4.php 394
ERROR - 2019-12-05 15:29:28 --> Could not find the language line "Đóng"
ERROR - 2019-12-05 15:29:28 --> Could not find the language line "Xác Nhận"
ERROR - 2019-12-05 15:29:28 --> Severity: Warning --> Invalid argument supplied for foreach() /home/admin/domains/spshd.com/public_html/khachhang/application/views/app.php 157
ERROR - 2019-12-05 15:29:28 --> Severity: Warning --> Invalid argument supplied for foreach() /home/admin/domains/spshd.com/public_html/khachhang/application/views/app.php 168
ERROR - 2019-12-05 15:29:28 --> Could not find the language line "Đóng"
ERROR - 2019-12-05 15:29:28 --> Could not find the language line "Xác Nhận"
ERROR - 2019-12-05 15:29:28 --> Could not find the language line "Đóng"
ERROR - 2019-12-05 15:29:28 --> Could not find the language line "Xác Nhận"
ERROR - 2019-12-05 15:30:15 --> Could not find the language line "Tạo Điểm Lấy Hàng"
ERROR - 2019-12-05 15:30:15 --> Could not find the language line "Tạo Đơn Hàng"
ERROR - 2019-12-05 15:30:15 --> Severity: Warning --> Invalid argument supplied for foreach() /home/admin/domains/spshd.com/public_html/khachhang/application/views/tab4.php 394
ERROR - 2019-12-05 15:30:15 --> Could not find the language line "Đóng"
ERROR - 2019-12-05 15:30:15 --> Could not find the language line "Xác Nhận"
ERROR - 2019-12-05 15:30:15 --> Severity: Warning --> Invalid argument supplied for foreach() /home/admin/domains/spshd.com/public_html/khachhang/application/views/app.php 157
ERROR - 2019-12-05 15:30:15 --> Severity: Warning --> Invalid argument supplied for foreach() /home/admin/domains/spshd.com/public_html/khachhang/application/views/app.php 168
ERROR - 2019-12-05 15:30:15 --> Could not find the language line "Đóng"
ERROR - 2019-12-05 15:30:15 --> Could not find the language line "Xác Nhận"
ERROR - 2019-12-05 15:30:15 --> Could not find the language line "Đóng"
ERROR - 2019-12-05 15:30:15 --> Could not find the language line "Xác Nhận"
ERROR - 2019-12-05 15:33:36 --> Could not find the language line "Email"
ERROR - 2019-12-05 15:33:36 --> Could not find the language line "password"
ERROR - 2019-12-05 15:33:55 --> Could not find the language line "Tạo Điểm Lấy Hàng"
ERROR - 2019-12-05 15:33:55 --> Could not find the language line "Tạo Đơn Hàng"
ERROR - 2019-12-05 15:33:55 --> Severity: Warning --> Invalid argument supplied for foreach() /home/admin/domains/spshd.com/public_html/khachhang/application/views/tab4.php 394
ERROR - 2019-12-05 15:33:55 --> Could not find the language line "Đóng"
ERROR - 2019-12-05 15:33:55 --> Could not find the language line "Xác Nhận"
ERROR - 2019-12-05 15:33:55 --> Severity: Warning --> Invalid argument supplied for foreach() /home/admin/domains/spshd.com/public_html/khachhang/application/views/app.php 157
ERROR - 2019-12-05 15:33:55 --> Severity: Warning --> Invalid argument supplied for foreach() /home/admin/domains/spshd.com/public_html/khachhang/application/views/app.php 168
ERROR - 2019-12-05 15:33:55 --> Could not find the language line "Đóng"
ERROR - 2019-12-05 15:33:55 --> Could not find the language line "Xác Nhận"
ERROR - 2019-12-05 15:33:55 --> Could not find the language line "Đóng"
ERROR - 2019-12-05 15:33:55 --> Could not find the language line "Xác Nhận"
ERROR - 2019-12-05 15:35:27 --> Could not find the language line "Email"
ERROR - 2019-12-05 15:35:27 --> Could not find the language line "password"
ERROR - 2019-12-05 15:35:46 --> Could not find the language line "Tạo Điểm Lấy Hàng"
ERROR - 2019-12-05 15:35:46 --> Could not find the language line "Tạo Đơn Hàng"
ERROR - 2019-12-05 15:35:46 --> Severity: Warning --> Invalid argument supplied for foreach() /home/admin/domains/spshd.com/public_html/khachhang/application/views/tab4.php 394
ERROR - 2019-12-05 15:35:46 --> Could not find the language line "Đóng"
ERROR - 2019-12-05 15:35:46 --> Could not find the language line "Xác Nhận"
ERROR - 2019-12-05 15:35:46 --> Severity: Warning --> Invalid argument supplied for foreach() /home/admin/domains/spshd.com/public_html/khachhang/application/views/app.php 157
ERROR - 2019-12-05 15:35:46 --> Severity: Warning --> Invalid argument supplied for foreach() /home/admin/domains/spshd.com/public_html/khachhang/application/views/app.php 168
ERROR - 2019-12-05 15:35:46 --> Could not find the language line "Đóng"
ERROR - 2019-12-05 15:35:46 --> Could not find the language line "Xác Nhận"
ERROR - 2019-12-05 15:35:46 --> Could not find the language line "Đóng"
ERROR - 2019-12-05 15:35:46 --> Could not find the language line "Xác Nhận"
ERROR - 2019-12-05 15:39:51 --> Could not find the language line "Tạo Điểm Lấy Hàng"
ERROR - 2019-12-05 15:39:51 --> Could not find the language line "Tạo Đơn Hàng"
ERROR - 2019-12-05 15:39:51 --> Severity: Warning --> Invalid argument supplied for foreach() /home/admin/domains/spshd.com/public_html/khachhang/application/views/tab4.php 394
ERROR - 2019-12-05 15:39:51 --> Could not find the language line "Đóng"
ERROR - 2019-12-05 15:39:51 --> Could not find the language line "Xác Nhận"
ERROR - 2019-12-05 15:39:51 --> Severity: Warning --> Invalid argument supplied for foreach() /home/admin/domains/spshd.com/public_html/khachhang/application/views/app.php 157
ERROR - 2019-12-05 15:39:51 --> Severity: Warning --> Invalid argument supplied for foreach() /home/admin/domains/spshd.com/public_html/khachhang/application/views/app.php 168
ERROR - 2019-12-05 15:39:51 --> Could not find the language line "Đóng"
ERROR - 2019-12-05 15:39:51 --> Could not find the language line "Xác Nhận"
ERROR - 2019-12-05 15:39:51 --> Could not find the language line "Đóng"
ERROR - 2019-12-05 15:39:51 --> Could not find the language line "Xác Nhận"
ERROR - 2019-12-05 15:42:14 --> Could not find the language line "Tạo Điểm Lấy Hàng"
ERROR - 2019-12-05 15:42:14 --> Could not find the language line "Tạo Đơn Hàng"
ERROR - 2019-12-05 15:42:14 --> Severity: Warning --> Invalid argument supplied for foreach() /home/admin/domains/spshd.com/public_html/khachhang/application/views/tab4.php 394
ERROR - 2019-12-05 15:42:14 --> Could not find the language line "Đóng"
ERROR - 2019-12-05 15:42:14 --> Could not find the language line "Xác Nhận"
ERROR - 2019-12-05 15:42:14 --> Severity: Warning --> Invalid argument supplied for foreach() /home/admin/domains/spshd.com/public_html/khachhang/application/views/app.php 157
ERROR - 2019-12-05 15:42:14 --> Severity: Warning --> Invalid argument supplied for foreach() /home/admin/domains/spshd.com/public_html/khachhang/application/views/app.php 168
ERROR - 2019-12-05 15:42:14 --> Could not find the language line "Đóng"
ERROR - 2019-12-05 15:42:14 --> Could not find the language line "Xác Nhận"
ERROR - 2019-12-05 15:42:14 --> Could not find the language line "Đóng"
ERROR - 2019-12-05 15:42:14 --> Could not find the language line "Xác Nhận"
ERROR - 2019-12-05 15:44:53 --> Could not find the language line "Tạo Điểm Lấy Hàng"
ERROR - 2019-12-05 15:44:53 --> Could not find the language line "Tạo Đơn Hàng"
ERROR - 2019-12-05 15:44:53 --> Severity: Warning --> Invalid argument supplied for foreach() /home/admin/domains/spshd.com/public_html/khachhang/application/views/tab4.php 394
ERROR - 2019-12-05 15:44:53 --> Could not find the language line "Đóng"
ERROR - 2019-12-05 15:44:53 --> Could not find the language line "Xác Nhận"
ERROR - 2019-12-05 15:44:53 --> Severity: Warning --> Invalid argument supplied for foreach() /home/admin/domains/spshd.com/public_html/khachhang/application/views/app.php 157
ERROR - 2019-12-05 15:44:53 --> Severity: Warning --> Invalid argument supplied for foreach() /home/admin/domains/spshd.com/public_html/khachhang/application/views/app.php 168
ERROR - 2019-12-05 15:44:53 --> Could not find the language line "Đóng"
ERROR - 2019-12-05 15:44:53 --> Could not find the language line "Xác Nhận"
ERROR - 2019-12-05 15:44:53 --> Could not find the language line "Đóng"
ERROR - 2019-12-05 15:44:53 --> Could not find the language line "Xác Nhận"
ERROR - 2019-12-05 15:46:08 --> Could not find the language line "Tạo Điểm Lấy Hàng"
ERROR - 2019-12-05 15:46:08 --> Could not find the language line "Tạo Đơn Hàng"
ERROR - 2019-12-05 15:46:08 --> Severity: Warning --> Invalid argument supplied for foreach() /home/admin/domains/spshd.com/public_html/khachhang/application/views/tab4.php 394
ERROR - 2019-12-05 15:46:08 --> Could not find the language line "Đóng"
ERROR - 2019-12-05 15:46:08 --> Could not find the language line "Xác Nhận"
ERROR - 2019-12-05 15:46:08 --> Severity: Warning --> Invalid argument supplied for foreach() /home/admin/domains/spshd.com/public_html/khachhang/application/views/app.php 157
ERROR - 2019-12-05 15:46:08 --> Severity: Warning --> Invalid argument supplied for foreach() /home/admin/domains/spshd.com/public_html/khachhang/application/views/app.php 168
ERROR - 2019-12-05 15:46:08 --> Could not find the language line "Đóng"
ERROR - 2019-12-05 15:46:08 --> Could not find the language line "Xác Nhận"
ERROR - 2019-12-05 15:46:08 --> Could not find the language line "Đóng"
ERROR - 2019-12-05 15:46:08 --> Could not find the language line "Xác Nhận"
ERROR - 2019-12-05 15:46:10 --> Could not find the language line "Tạo Điểm Lấy Hàng"
ERROR - 2019-12-05 15:46:10 --> Could not find the language line "Tạo Đơn Hàng"
ERROR - 2019-12-05 15:46:10 --> Severity: Warning --> Invalid argument supplied for foreach() /home/admin/domains/spshd.com/public_html/khachhang/application/views/tab4.php 394
ERROR - 2019-12-05 15:46:10 --> Could not find the language line "Đóng"
ERROR - 2019-12-05 15:46:10 --> Could not find the language line "Xác Nhận"
ERROR - 2019-12-05 15:46:10 --> Severity: Warning --> Invalid argument supplied for foreach() /home/admin/domains/spshd.com/public_html/khachhang/application/views/app.php 157
ERROR - 2019-12-05 15:46:10 --> Severity: Warning --> Invalid argument supplied for foreach() /home/admin/domains/spshd.com/public_html/khachhang/application/views/app.php 168
ERROR - 2019-12-05 15:46:10 --> Could not find the language line "Đóng"
ERROR - 2019-12-05 15:46:10 --> Could not find the language line "Xác Nhận"
ERROR - 2019-12-05 15:46:10 --> Could not find the language line "Đóng"
ERROR - 2019-12-05 15:46:10 --> Could not find the language line "Xác Nhận"
ERROR - 2019-12-05 15:46:12 --> Could not find the language line "Tạo Điểm Lấy Hàng"
ERROR - 2019-12-05 15:46:12 --> Could not find the language line "Tạo Đơn Hàng"
ERROR - 2019-12-05 15:46:12 --> Severity: Warning --> Invalid argument supplied for foreach() /home/admin/domains/spshd.com/public_html/khachhang/application/views/tab4.php 394
ERROR - 2019-12-05 15:46:12 --> Could not find the language line "Đóng"
ERROR - 2019-12-05 15:46:12 --> Could not find the language line "Xác Nhận"
ERROR - 2019-12-05 15:46:12 --> Severity: Warning --> Invalid argument supplied for foreach() /home/admin/domains/spshd.com/public_html/khachhang/application/views/app.php 157
ERROR - 2019-12-05 15:46:12 --> Severity: Warning --> Invalid argument supplied for foreach() /home/admin/domains/spshd.com/public_html/khachhang/application/views/app.php 168
ERROR - 2019-12-05 15:46:12 --> Could not find the language line "Đóng"
ERROR - 2019-12-05 15:46:12 --> Could not find the language line "Xác Nhận"
ERROR - 2019-12-05 15:46:12 --> Could not find the language line "Đóng"
ERROR - 2019-12-05 15:46:12 --> Could not find the language line "Xác Nhận"
ERROR - 2019-12-05 15:52:04 --> Could not find the language line "Email"
ERROR - 2019-12-05 15:52:04 --> Could not find the language line "password"
ERROR - 2019-12-05 15:52:04 --> Could not find the language line "Tạo Điểm Lấy Hàng"
ERROR - 2019-12-05 15:52:04 --> Could not find the language line "Tạo Đơn Hàng"
ERROR - 2019-12-05 15:52:04 --> Severity: Warning --> Invalid argument supplied for foreach() /home/admin/domains/spshd.com/public_html/khachhang/application/views/tab4.php 394
ERROR - 2019-12-05 15:52:04 --> Could not find the language line "Đóng"
ERROR - 2019-12-05 15:52:04 --> Could not find the language line "Xác Nhận"
ERROR - 2019-12-05 15:52:04 --> Severity: Warning --> Invalid argument supplied for foreach() /home/admin/domains/spshd.com/public_html/khachhang/application/views/app.php 157
ERROR - 2019-12-05 15:52:04 --> Severity: Warning --> Invalid argument supplied for foreach() /home/admin/domains/spshd.com/public_html/khachhang/application/views/app.php 168
ERROR - 2019-12-05 15:52:04 --> Could not find the language line "Đóng"
ERROR - 2019-12-05 15:52:04 --> Could not find the language line "Xác Nhận"
ERROR - 2019-12-05 15:52:04 --> Could not find the language line "Đóng"
ERROR - 2019-12-05 15:52:04 --> Could not find the language line "Xác Nhận"
ERROR - 2019-12-05 15:52:20 --> Could not find the language line "Tạo Điểm Lấy Hàng"
ERROR - 2019-12-05 15:52:20 --> Could not find the language line "Tạo Đơn Hàng"
ERROR - 2019-12-05 15:52:20 --> Severity: Warning --> Invalid argument supplied for foreach() /home/admin/domains/spshd.com/public_html/khachhang/application/views/tab4.php 394
ERROR - 2019-12-05 15:52:20 --> Could not find the language line "Đóng"
ERROR - 2019-12-05 15:52:20 --> Could not find the language line "Xác Nhận"
ERROR - 2019-12-05 15:52:20 --> Severity: Warning --> Invalid argument supplied for foreach() /home/admin/domains/spshd.com/public_html/khachhang/application/views/app.php 157
ERROR - 2019-12-05 15:52:20 --> Severity: Warning --> Invalid argument supplied for foreach() /home/admin/domains/spshd.com/public_html/khachhang/application/views/app.php 168
ERROR - 2019-12-05 15:52:20 --> Could not find the language line "Đóng"
ERROR - 2019-12-05 15:52:20 --> Could not find the language line "Xác Nhận"
ERROR - 2019-12-05 15:52:20 --> Could not find the language line "Đóng"
ERROR - 2019-12-05 15:52:20 --> Could not find the language line "Xác Nhận"
ERROR - 2019-12-05 15:53:00 --> Could not find the language line "Tạo Điểm Lấy Hàng"
ERROR - 2019-12-05 15:53:00 --> Could not find the language line "Tạo Đơn Hàng"
ERROR - 2019-12-05 15:53:00 --> Severity: Warning --> Invalid argument supplied for foreach() /home/admin/domains/spshd.com/public_html/khachhang/application/views/tab4.php 394
ERROR - 2019-12-05 15:53:00 --> Could not find the language line "Đóng"
ERROR - 2019-12-05 15:53:00 --> Could not find the language line "Xác Nhận"
ERROR - 2019-12-05 15:53:00 --> Severity: Warning --> Invalid argument supplied for foreach() /home/admin/domains/spshd.com/public_html/khachhang/application/views/app.php 157
ERROR - 2019-12-05 15:53:00 --> Severity: Warning --> Invalid argument supplied for foreach() /home/admin/domains/spshd.com/public_html/khachhang/application/views/app.php 168
ERROR - 2019-12-05 15:53:00 --> Could not find the language line "Đóng"
ERROR - 2019-12-05 15:53:00 --> Could not find the language line "Xác Nhận"
ERROR - 2019-12-05 15:53:00 --> Could not find the language line "Đóng"
ERROR - 2019-12-05 15:53:00 --> Could not find the language line "Xác Nhận"
ERROR - 2019-12-05 15:53:45 --> Could not find the language line "Tạo Điểm Lấy Hàng"
ERROR - 2019-12-05 15:53:45 --> Could not find the language line "Tạo Đơn Hàng"
ERROR - 2019-12-05 15:53:45 --> Severity: Warning --> Invalid argument supplied for foreach() /home/admin/domains/spshd.com/public_html/khachhang/application/views/tab4.php 394
ERROR - 2019-12-05 15:53:45 --> Could not find the language line "Đóng"
ERROR - 2019-12-05 15:53:45 --> Could not find the language line "Xác Nhận"
ERROR - 2019-12-05 15:53:45 --> Severity: Warning --> Invalid argument supplied for foreach() /home/admin/domains/spshd.com/public_html/khachhang/application/views/app.php 157
ERROR - 2019-12-05 15:53:45 --> Severity: Warning --> Invalid argument supplied for foreach() /home/admin/domains/spshd.com/public_html/khachhang/application/views/app.php 168
ERROR - 2019-12-05 15:53:45 --> Could not find the language line "Đóng"
ERROR - 2019-12-05 15:53:45 --> Could not find the language line "Xác Nhận"
ERROR - 2019-12-05 15:53:45 --> Could not find the language line "Đóng"
ERROR - 2019-12-05 15:53:45 --> Could not find the language line "Xác Nhận"
ERROR - 2019-12-05 15:54:02 --> Could not find the language line "Tạo Điểm Lấy Hàng"
ERROR - 2019-12-05 15:54:02 --> Could not find the language line "Tạo Đơn Hàng"
ERROR - 2019-12-05 15:54:02 --> Severity: Warning --> Invalid argument supplied for foreach() /home/admin/domains/spshd.com/public_html/khachhang/application/views/tab4.php 394
ERROR - 2019-12-05 15:54:02 --> Could not find the language line "Đóng"
ERROR - 2019-12-05 15:54:02 --> Could not find the language line "Xác Nhận"
ERROR - 2019-12-05 15:54:02 --> Severity: Warning --> Invalid argument supplied for foreach() /home/admin/domains/spshd.com/public_html/khachhang/application/views/app.php 157
ERROR - 2019-12-05 15:54:02 --> Severity: Warning --> Invalid argument supplied for foreach() /home/admin/domains/spshd.com/public_html/khachhang/application/views/app.php 168
ERROR - 2019-12-05 15:54:02 --> Could not find the language line "Đóng"
ERROR - 2019-12-05 15:54:02 --> Could not find the language line "Xác Nhận"
ERROR - 2019-12-05 15:54:02 --> Could not find the language line "Đóng"
ERROR - 2019-12-05 15:54:02 --> Could not find the language line "Xác Nhận"
ERROR - 2019-12-05 15:58:19 --> Could not find the language line "Tạo Điểm Lấy Hàng"
ERROR - 2019-12-05 15:58:19 --> Could not find the language line "Tạo Đơn Hàng"
ERROR - 2019-12-05 15:58:19 --> Severity: Warning --> Invalid argument supplied for foreach() /home/admin/domains/spshd.com/public_html/khachhang/application/views/tab4.php 394
ERROR - 2019-12-05 15:58:19 --> Could not find the language line "Đóng"
ERROR - 2019-12-05 15:58:19 --> Could not find the language line "Xác Nhận"
ERROR - 2019-12-05 15:58:19 --> Severity: Warning --> Invalid argument supplied for foreach() /home/admin/domains/spshd.com/public_html/khachhang/application/views/app.php 157
ERROR - 2019-12-05 15:58:19 --> Severity: Warning --> Invalid argument supplied for foreach() /home/admin/domains/spshd.com/public_html/khachhang/application/views/app.php 168
ERROR - 2019-12-05 15:58:19 --> Could not find the language line "Đóng"
ERROR - 2019-12-05 15:58:19 --> Could not find the language line "Xác Nhận"
ERROR - 2019-12-05 15:58:19 --> Could not find the language line "Đóng"
ERROR - 2019-12-05 15:58:19 --> Could not find the language line "Xác Nhận"
ERROR - 2019-12-05 15:59:41 --> Could not find the language line "Email"
ERROR - 2019-12-05 15:59:41 --> Could not find the language line "password"
ERROR - 2019-12-05 16:01:35 --> Could not find the language line "Tạo Điểm Lấy Hàng"
ERROR - 2019-12-05 16:01:35 --> Could not find the language line "Tạo Đơn Hàng"
ERROR - 2019-12-05 16:01:35 --> Severity: Warning --> Invalid argument supplied for foreach() /home/admin/domains/spshd.com/public_html/khachhang/application/views/tab4.php 394
ERROR - 2019-12-05 16:01:35 --> Could not find the language line "Đóng"
ERROR - 2019-12-05 16:01:35 --> Could not find the language line "Xác Nhận"
ERROR - 2019-12-05 16:01:35 --> Severity: Warning --> Invalid argument supplied for foreach() /home/admin/domains/spshd.com/public_html/khachhang/application/views/app.php 157
ERROR - 2019-12-05 16:01:35 --> Severity: Warning --> Invalid argument supplied for foreach() /home/admin/domains/spshd.com/public_html/khachhang/application/views/app.php 168
ERROR - 2019-12-05 16:01:35 --> Could not find the language line "Đóng"
ERROR - 2019-12-05 16:01:35 --> Could not find the language line "Xác Nhận"
ERROR - 2019-12-05 16:01:35 --> Could not find the language line "Đóng"
ERROR - 2019-12-05 16:01:35 --> Could not find the language line "Xác Nhận"
ERROR - 2019-12-05 16:34:40 --> Could not find the language line "Email"
ERROR - 2019-12-05 16:34:40 --> Could not find the language line "password"
ERROR - 2019-12-05 16:34:51 --> Could not find the language line "Tạo Điểm Lấy Hàng"
ERROR - 2019-12-05 16:34:51 --> Could not find the language line "Tạo Đơn Hàng"
ERROR - 2019-12-05 16:34:51 --> Severity: Warning --> Invalid argument supplied for foreach() /home/admin/domains/spshd.com/public_html/khachhang/application/views/tab4.php 394
ERROR - 2019-12-05 16:34:51 --> Could not find the language line "Đóng"
ERROR - 2019-12-05 16:34:51 --> Could not find the language line "Xác Nhận"
ERROR - 2019-12-05 16:34:51 --> Severity: Warning --> Invalid argument supplied for foreach() /home/admin/domains/spshd.com/public_html/khachhang/application/views/app.php 157
ERROR - 2019-12-05 16:34:51 --> Severity: Warning --> Invalid argument supplied for foreach() /home/admin/domains/spshd.com/public_html/khachhang/application/views/app.php 168
ERROR - 2019-12-05 16:34:51 --> Could not find the language line "Đóng"
ERROR - 2019-12-05 16:34:51 --> Could not find the language line "Xác Nhận"
ERROR - 2019-12-05 16:34:51 --> Could not find the language line "Đóng"
ERROR - 2019-12-05 16:34:51 --> Could not find the language line "Xác Nhận"
ERROR - 2019-12-05 16:34:52 --> Severity: Warning --> Invalid argument supplied for foreach() /home/admin/domains/spshd.com/public_html/khachhang/application/controllers/App.php 825
ERROR - 2019-12-05 16:34:52 --> Severity: Warning --> Invalid argument supplied for foreach() /home/admin/domains/spshd.com/public_html/khachhang/application/controllers/App.php 832
ERROR - 2019-12-05 16:34:52 --> Severity: Warning --> Invalid argument supplied for foreach() /home/admin/domains/spshd.com/public_html/khachhang/application/controllers/App.php 859
ERROR - 2019-12-05 16:34:52 --> Severity: Warning --> Invalid argument supplied for foreach() /home/admin/domains/spshd.com/public_html/khachhang/application/controllers/App.php 883
ERROR - 2019-12-05 16:34:52 --> Severity: Warning --> Invalid argument supplied for foreach() /home/admin/domains/spshd.com/public_html/khachhang/application/controllers/App.php 886
ERROR - 2019-12-05 16:34:52 --> Severity: Warning --> array_merge(): Argument #1 is not an array /home/admin/domains/spshd.com/public_html/khachhang/application/controllers/App.php 896
ERROR - 2019-12-05 16:34:52 --> Severity: Warning --> Invalid argument supplied for foreach() /home/admin/domains/spshd.com/public_html/khachhang/application/controllers/App.php 408
ERROR - 2019-12-05 16:34:56 --> Could not find the language line "Email"
ERROR - 2019-12-05 16:34:56 --> Could not find the language line "password"
ERROR - 2019-12-05 16:40:14 --> Could not find the language line "Tạo Điểm Lấy Hàng"
ERROR - 2019-12-05 16:40:14 --> Could not find the language line "Tạo Đơn Hàng"
ERROR - 2019-12-05 16:40:14 --> Severity: Warning --> Invalid argument supplied for foreach() /home/admin/domains/spshd.com/public_html/khachhang/application/views/tab4.php 394
ERROR - 2019-12-05 16:40:14 --> Could not find the language line "Đóng"
ERROR - 2019-12-05 16:40:14 --> Could not find the language line "Xác Nhận"
ERROR - 2019-12-05 16:40:14 --> Severity: Warning --> Invalid argument supplied for foreach() /home/admin/domains/spshd.com/public_html/khachhang/application/views/app.php 157
ERROR - 2019-12-05 16:40:14 --> Severity: Warning --> Invalid argument supplied for foreach() /home/admin/domains/spshd.com/public_html/khachhang/application/views/app.php 168
ERROR - 2019-12-05 16:40:14 --> Could not find the language line "Đóng"
ERROR - 2019-12-05 16:40:14 --> Could not find the language line "Xác Nhận"
ERROR - 2019-12-05 16:40:14 --> Could not find the language line "Đóng"
ERROR - 2019-12-05 16:40:14 --> Could not find the language line "Xác Nhận"
