ERROR - 2019-11-22 04:12:41 --> Could not find the language line "Tạo Điểm Lấy Hàng"
ERROR - 2019-11-22 04:12:41 --> Could not find the language line "Tạo Đơn Hàng"
ERROR - 2019-11-22 04:12:41 --> Severity: Warning --> Invalid argument supplied for foreach() /home/admin/domains/spshd.com/public_html/khachhang/application/views/tab4.php 394
ERROR - 2019-11-22 04:12:41 --> Could not find the language line "Đóng"
ERROR - 2019-11-22 04:12:41 --> Could not find the language line "Xác Nhận"
ERROR - 2019-11-22 04:12:41 --> Severity: Warning --> Invalid argument supplied for foreach() /home/admin/domains/spshd.com/public_html/khachhang/application/views/app.php 157
ERROR - 2019-11-22 04:12:41 --> Severity: Warning --> Invalid argument supplied for foreach() /home/admin/domains/spshd.com/public_html/khachhang/application/views/app.php 168
ERROR - 2019-11-22 04:12:41 --> Could not find the language line "Đóng"
ERROR - 2019-11-22 04:12:41 --> Could not find the language line "Xác Nhận"
ERROR - 2019-11-22 04:12:41 --> Could not find the language line "Đóng"
ERROR - 2019-11-22 04:12:41 --> Could not find the language line "Xác Nhận"
ERROR - 2019-11-22 05:45:58 --> Could not find the language line "Tạo Điểm Lấy Hàng"
ERROR - 2019-11-22 05:45:58 --> Could not find the language line "Tạo Đơn Hàng"
ERROR - 2019-11-22 05:45:58 --> Severity: Warning --> Invalid argument supplied for foreach() /home/admin/domains/spshd.com/public_html/khachhang/application/views/tab4.php 394
ERROR - 2019-11-22 05:45:58 --> Could not find the language line "Đóng"
ERROR - 2019-11-22 05:45:58 --> Could not find the language line "Xác Nhận"
ERROR - 2019-11-22 05:45:58 --> Severity: Warning --> Invalid argument supplied for foreach() /home/admin/domains/spshd.com/public_html/khachhang/application/views/app.php 157
ERROR - 2019-11-22 05:45:58 --> Severity: Warning --> Invalid argument supplied for foreach() /home/admin/domains/spshd.com/public_html/khachhang/application/views/app.php 168
ERROR - 2019-11-22 05:45:58 --> Could not find the language line "Đóng"
ERROR - 2019-11-22 05:45:58 --> Could not find the language line "Xác Nhận"
ERROR - 2019-11-22 05:45:58 --> Could not find the language line "Đóng"
ERROR - 2019-11-22 05:45:58 --> Could not find the language line "Xác Nhận"
ERROR - 2019-11-22 05:48:43 --> Could not find the language line "Email"
ERROR - 2019-11-22 05:48:43 --> Could not find the language line "password"
ERROR - 2019-11-22 06:42:14 --> Could not find the language line "Tạo Điểm Lấy Hàng"
ERROR - 2019-11-22 06:42:14 --> Could not find the language line "Tạo Đơn Hàng"
ERROR - 2019-11-22 06:42:14 --> Severity: Warning --> Invalid argument supplied for foreach() /home/admin/domains/spshd.com/public_html/khachhang/application/views/tab4.php 394
ERROR - 2019-11-22 06:42:14 --> Could not find the language line "Đóng"
ERROR - 2019-11-22 06:42:14 --> Could not find the language line "Xác Nhận"
ERROR - 2019-11-22 06:42:14 --> Severity: Warning --> Invalid argument supplied for foreach() /home/admin/domains/spshd.com/public_html/khachhang/application/views/app.php 157
ERROR - 2019-11-22 06:42:14 --> Severity: Warning --> Invalid argument supplied for foreach() /home/admin/domains/spshd.com/public_html/khachhang/application/views/app.php 168
ERROR - 2019-11-22 06:42:14 --> Could not find the language line "Đóng"
ERROR - 2019-11-22 06:42:14 --> Could not find the language line "Xác Nhận"
ERROR - 2019-11-22 06:42:14 --> Could not find the language line "Đóng"
ERROR - 2019-11-22 06:42:14 --> Could not find the language line "Xác Nhận"
ERROR - 2019-11-22 13:20:38 --> Could not find the language line "Tạo Điểm Lấy Hàng"
ERROR - 2019-11-22 13:20:38 --> Could not find the language line "Tạo Đơn Hàng"
ERROR - 2019-11-22 13:20:38 --> Severity: Warning --> Invalid argument supplied for foreach() /home/admin/domains/spshd.com/public_html/khachhang/application/views/tab4.php 394
ERROR - 2019-11-22 13:20:38 --> Could not find the language line "Đóng"
ERROR - 2019-11-22 13:20:38 --> Could not find the language line "Xác Nhận"
ERROR - 2019-11-22 13:20:38 --> Severity: Warning --> Invalid argument supplied for foreach() /home/admin/domains/spshd.com/public_html/khachhang/application/views/app.php 157
ERROR - 2019-11-22 13:20:38 --> Severity: Warning --> Invalid argument supplied for foreach() /home/admin/domains/spshd.com/public_html/khachhang/application/views/app.php 168
ERROR - 2019-11-22 13:20:38 --> Could not find the language line "Đóng"
ERROR - 2019-11-22 13:20:38 --> Could not find the language line "Xác Nhận"
ERROR - 2019-11-22 13:20:38 --> Could not find the language line "Đóng"
ERROR - 2019-11-22 13:20:38 --> Could not find the language line "Xác Nhận"
ERROR - 2019-11-22 14:51:02 --> Could not find the language line "Tạo Điểm Lấy Hàng"
ERROR - 2019-11-22 14:51:02 --> Could not find the language line "Tạo Đơn Hàng"
ERROR - 2019-11-22 14:51:02 --> Severity: Warning --> Invalid argument supplied for foreach() /home/admin/domains/spshd.com/public_html/khachhang/application/views/tab4.php 394
ERROR - 2019-11-22 14:51:02 --> Could not find the language line "Đóng"
ERROR - 2019-11-22 14:51:02 --> Could not find the language line "Xác Nhận"
ERROR - 2019-11-22 14:51:02 --> Severity: Warning --> Invalid argument supplied for foreach() /home/admin/domains/spshd.com/public_html/khachhang/application/views/app.php 157
ERROR - 2019-11-22 14:51:02 --> Severity: Warning --> Invalid argument supplied for foreach() /home/admin/domains/spshd.com/public_html/khachhang/application/views/app.php 168
ERROR - 2019-11-22 14:51:02 --> Could not find the language line "Đóng"
ERROR - 2019-11-22 14:51:02 --> Could not find the language line "Xác Nhận"
ERROR - 2019-11-22 14:51:02 --> Could not find the language line "Đóng"
ERROR - 2019-11-22 14:51:02 --> Could not find the language line "Xác Nhận"
ERROR - 2019-11-22 14:51:03 --> Could not find the language line "Tạo Điểm Lấy Hàng"
ERROR - 2019-11-22 14:51:03 --> Could not find the language line "Tạo Đơn Hàng"
ERROR - 2019-11-22 14:51:03 --> Severity: Warning --> Invalid argument supplied for foreach() /home/admin/domains/spshd.com/public_html/khachhang/application/views/tab4.php 394
ERROR - 2019-11-22 14:51:03 --> Could not find the language line "Đóng"
ERROR - 2019-11-22 14:51:03 --> Could not find the language line "Xác Nhận"
ERROR - 2019-11-22 14:51:03 --> Severity: Warning --> Invalid argument supplied for foreach() /home/admin/domains/spshd.com/public_html/khachhang/application/views/app.php 157
ERROR - 2019-11-22 14:51:03 --> Severity: Warning --> Invalid argument supplied for foreach() /home/admin/domains/spshd.com/public_html/khachhang/application/views/app.php 168
ERROR - 2019-11-22 14:51:03 --> Could not find the language line "Đóng"
ERROR - 2019-11-22 14:51:03 --> Could not find the language line "Xác Nhận"
ERROR - 2019-11-22 14:51:03 --> Could not find the language line "Đóng"
ERROR - 2019-11-22 14:51:03 --> Could not find the language line "Xác Nhận"
ERROR - 2019-11-22 16:16:03 --> Could not find the language line "Tạo Điểm Lấy Hàng"
ERROR - 2019-11-22 16:16:03 --> Could not find the language line "Tạo Đơn Hàng"
ERROR - 2019-11-22 16:16:03 --> Severity: Warning --> Invalid argument supplied for foreach() /home/admin/domains/spshd.com/public_html/khachhang/application/views/tab4.php 394
ERROR - 2019-11-22 16:16:03 --> Could not find the language line "Đóng"
ERROR - 2019-11-22 16:16:03 --> Could not find the language line "Xác Nhận"
ERROR - 2019-11-22 16:16:03 --> Severity: Warning --> Invalid argument supplied for foreach() /home/admin/domains/spshd.com/public_html/khachhang/application/views/app.php 157
ERROR - 2019-11-22 16:16:03 --> Severity: Warning --> Invalid argument supplied for foreach() /home/admin/domains/spshd.com/public_html/khachhang/application/views/app.php 168
ERROR - 2019-11-22 16:16:03 --> Could not find the language line "Đóng"
ERROR - 2019-11-22 16:16:03 --> Could not find the language line "Xác Nhận"
ERROR - 2019-11-22 16:16:03 --> Could not find the language line "Đóng"
ERROR - 2019-11-22 16:16:03 --> Could not find the language line "Xác Nhận"
ERROR - 2019-11-22 17:02:22 --> Could not find the language line "Email"
ERROR - 2019-11-22 17:02:22 --> Could not find the language line "password"
