ERROR - 2019-10-08 06:34:28 --> Could not find the language line "Tạo Điểm Lấy Hàng"
ERROR - 2019-10-08 06:34:28 --> Could not find the language line "Tạo Đơn Hàng"
ERROR - 2019-10-08 06:34:28 --> Severity: Warning --> Invalid argument supplied for foreach() /home/admin/domains/spshd.com/public_html/khachhang/application/views/tab4.php 394
ERROR - 2019-10-08 06:34:28 --> Could not find the language line "Đóng"
ERROR - 2019-10-08 06:34:28 --> Could not find the language line "Xác Nhận"
ERROR - 2019-10-08 06:34:28 --> Severity: Warning --> Invalid argument supplied for foreach() /home/admin/domains/spshd.com/public_html/khachhang/application/views/app.php 157
ERROR - 2019-10-08 06:34:28 --> Severity: Warning --> Invalid argument supplied for foreach() /home/admin/domains/spshd.com/public_html/khachhang/application/views/app.php 168
ERROR - 2019-10-08 06:34:28 --> Could not find the language line "Đóng"
ERROR - 2019-10-08 06:34:28 --> Could not find the language line "Xác Nhận"
ERROR - 2019-10-08 06:34:28 --> Could not find the language line "Đóng"
ERROR - 2019-10-08 06:34:28 --> Could not find the language line "Xác Nhận"
ERROR - 2019-10-08 06:34:29 --> Could not find the language line "Tạo Điểm Lấy Hàng"
ERROR - 2019-10-08 06:34:29 --> Could not find the language line "Tạo Đơn Hàng"
ERROR - 2019-10-08 06:34:29 --> Severity: Warning --> Invalid argument supplied for foreach() /home/admin/domains/spshd.com/public_html/khachhang/application/views/tab4.php 394
ERROR - 2019-10-08 06:34:29 --> Could not find the language line "Đóng"
ERROR - 2019-10-08 06:34:29 --> Could not find the language line "Xác Nhận"
ERROR - 2019-10-08 06:34:29 --> Severity: Warning --> Invalid argument supplied for foreach() /home/admin/domains/spshd.com/public_html/khachhang/application/views/app.php 157
ERROR - 2019-10-08 06:34:29 --> Severity: Warning --> Invalid argument supplied for foreach() /home/admin/domains/spshd.com/public_html/khachhang/application/views/app.php 168
ERROR - 2019-10-08 06:34:29 --> Could not find the language line "Đóng"
ERROR - 2019-10-08 06:34:29 --> Could not find the language line "Xác Nhận"
ERROR - 2019-10-08 06:34:29 --> Could not find the language line "Đóng"
ERROR - 2019-10-08 06:34:29 --> Could not find the language line "Xác Nhận"
ERROR - 2019-10-08 08:59:51 --> Could not find the language line "Tạo Điểm Lấy Hàng"
ERROR - 2019-10-08 08:59:51 --> Could not find the language line "Tạo Đơn Hàng"
ERROR - 2019-10-08 08:59:51 --> Severity: Warning --> Invalid argument supplied for foreach() /home/admin/domains/spshd.com/public_html/khachhang/application/views/tab4.php 394
ERROR - 2019-10-08 08:59:51 --> Could not find the language line "Đóng"
ERROR - 2019-10-08 08:59:51 --> Could not find the language line "Xác Nhận"
ERROR - 2019-10-08 08:59:51 --> Severity: Warning --> Invalid argument supplied for foreach() /home/admin/domains/spshd.com/public_html/khachhang/application/views/app.php 157
ERROR - 2019-10-08 08:59:51 --> Severity: Warning --> Invalid argument supplied for foreach() /home/admin/domains/spshd.com/public_html/khachhang/application/views/app.php 168
ERROR - 2019-10-08 08:59:51 --> Could not find the language line "Đóng"
ERROR - 2019-10-08 08:59:51 --> Could not find the language line "Xác Nhận"
ERROR - 2019-10-08 08:59:51 --> Could not find the language line "Đóng"
ERROR - 2019-10-08 08:59:51 --> Could not find the language line "Xác Nhận"
ERROR - 2019-10-08 10:18:45 --> Could not find the language line "Tạo Điểm Lấy Hàng"
ERROR - 2019-10-08 10:18:45 --> Could not find the language line "Tạo Đơn Hàng"
ERROR - 2019-10-08 10:18:45 --> Severity: Warning --> Invalid argument supplied for foreach() /home/admin/domains/spshd.com/public_html/khachhang/application/views/tab4.php 394
ERROR - 2019-10-08 10:18:45 --> Could not find the language line "Đóng"
ERROR - 2019-10-08 10:18:45 --> Could not find the language line "Xác Nhận"
ERROR - 2019-10-08 10:18:45 --> Severity: Warning --> Invalid argument supplied for foreach() /home/admin/domains/spshd.com/public_html/khachhang/application/views/app.php 157
ERROR - 2019-10-08 10:18:45 --> Severity: Warning --> Invalid argument supplied for foreach() /home/admin/domains/spshd.com/public_html/khachhang/application/views/app.php 168
ERROR - 2019-10-08 10:18:45 --> Could not find the language line "Đóng"
ERROR - 2019-10-08 10:18:45 --> Could not find the language line "Xác Nhận"
ERROR - 2019-10-08 10:18:45 --> Could not find the language line "Đóng"
ERROR - 2019-10-08 10:18:45 --> Could not find the language line "Xác Nhận"
ERROR - 2019-10-08 10:41:51 --> Could not find the language line "Email"
ERROR - 2019-10-08 10:41:51 --> Could not find the language line "password"
ERROR - 2019-10-08 10:45:58 --> Could not find the language line "Email"
ERROR - 2019-10-08 10:45:58 --> Could not find the language line "password"
ERROR - 2019-10-08 11:15:50 --> Could not find the language line "Email"
ERROR - 2019-10-08 11:15:50 --> Could not find the language line "password"
ERROR - 2019-10-08 11:16:11 --> Could not find the language line "Email"
ERROR - 2019-10-08 11:16:11 --> Could not find the language line "password"
ERROR - 2019-10-08 11:16:20 --> Could not find the language line "Email"
ERROR - 2019-10-08 11:16:20 --> Could not find the language line "password"
ERROR - 2019-10-08 11:16:31 --> Could not find the language line "Tạo Điểm Lấy Hàng"
ERROR - 2019-10-08 11:16:31 --> Could not find the language line "Tạo Đơn Hàng"
ERROR - 2019-10-08 11:16:31 --> Severity: Warning --> Invalid argument supplied for foreach() /home/admin/domains/spshd.com/public_html/khachhang/application/views/tab4.php 394
ERROR - 2019-10-08 11:16:31 --> Could not find the language line "Đóng"
ERROR - 2019-10-08 11:16:31 --> Could not find the language line "Xác Nhận"
ERROR - 2019-10-08 11:16:31 --> Severity: Warning --> Invalid argument supplied for foreach() /home/admin/domains/spshd.com/public_html/khachhang/application/views/app.php 157
ERROR - 2019-10-08 11:16:31 --> Severity: Warning --> Invalid argument supplied for foreach() /home/admin/domains/spshd.com/public_html/khachhang/application/views/app.php 168
ERROR - 2019-10-08 11:16:31 --> Could not find the language line "Đóng"
ERROR - 2019-10-08 11:16:31 --> Could not find the language line "Xác Nhận"
ERROR - 2019-10-08 11:16:31 --> Could not find the language line "Đóng"
ERROR - 2019-10-08 11:16:31 --> Could not find the language line "Xác Nhận"
ERROR - 2019-10-08 11:16:31 --> Could not find the language line "Tạo Điểm Lấy Hàng"
ERROR - 2019-10-08 11:16:31 --> Could not find the language line "Tạo Đơn Hàng"
ERROR - 2019-10-08 11:16:31 --> Severity: Warning --> Invalid argument supplied for foreach() /home/admin/domains/spshd.com/public_html/khachhang/application/views/tab4.php 394
ERROR - 2019-10-08 11:16:31 --> Could not find the language line "Đóng"
ERROR - 2019-10-08 11:16:31 --> Could not find the language line "Xác Nhận"
ERROR - 2019-10-08 11:16:31 --> Severity: Warning --> Invalid argument supplied for foreach() /home/admin/domains/spshd.com/public_html/khachhang/application/views/app.php 157
ERROR - 2019-10-08 11:16:31 --> Severity: Warning --> Invalid argument supplied for foreach() /home/admin/domains/spshd.com/public_html/khachhang/application/views/app.php 168
ERROR - 2019-10-08 11:16:31 --> Could not find the language line "Đóng"
ERROR - 2019-10-08 11:16:31 --> Could not find the language line "Xác Nhận"
ERROR - 2019-10-08 11:16:31 --> Could not find the language line "Đóng"
ERROR - 2019-10-08 11:16:31 --> Could not find the language line "Xác Nhận"
ERROR - 2019-10-08 11:17:37 --> Could not find the language line "Email"
ERROR - 2019-10-08 11:17:37 --> Could not find the language line "password"
ERROR - 2019-10-08 11:17:48 --> Could not find the language line "Tạo Điểm Lấy Hàng"
ERROR - 2019-10-08 11:17:48 --> Could not find the language line "Tạo Đơn Hàng"
ERROR - 2019-10-08 11:17:48 --> Severity: Warning --> Invalid argument supplied for foreach() /home/admin/domains/spshd.com/public_html/khachhang/application/views/tab4.php 394
ERROR - 2019-10-08 11:17:48 --> Could not find the language line "Đóng"
ERROR - 2019-10-08 11:17:48 --> Could not find the language line "Xác Nhận"
ERROR - 2019-10-08 11:17:48 --> Severity: Warning --> Invalid argument supplied for foreach() /home/admin/domains/spshd.com/public_html/khachhang/application/views/app.php 157
ERROR - 2019-10-08 11:17:48 --> Severity: Warning --> Invalid argument supplied for foreach() /home/admin/domains/spshd.com/public_html/khachhang/application/views/app.php 168
ERROR - 2019-10-08 11:17:48 --> Could not find the language line "Đóng"
ERROR - 2019-10-08 11:17:48 --> Could not find the language line "Xác Nhận"
ERROR - 2019-10-08 11:17:48 --> Could not find the language line "Đóng"
ERROR - 2019-10-08 11:17:48 --> Could not find the language line "Xác Nhận"
ERROR - 2019-10-08 11:24:57 --> Could not find the language line "Email"
ERROR - 2019-10-08 11:24:57 --> Could not find the language line "password"
ERROR - 2019-10-08 13:03:28 --> Could not find the language line "Tạo Điểm Lấy Hàng"
ERROR - 2019-10-08 13:03:28 --> Could not find the language line "Tạo Đơn Hàng"
ERROR - 2019-10-08 13:03:28 --> Severity: Warning --> Invalid argument supplied for foreach() /home/admin/domains/spshd.com/public_html/khachhang/application/views/tab4.php 394
ERROR - 2019-10-08 13:03:28 --> Could not find the language line "Đóng"
ERROR - 2019-10-08 13:03:28 --> Could not find the language line "Xác Nhận"
ERROR - 2019-10-08 13:03:28 --> Severity: Warning --> Invalid argument supplied for foreach() /home/admin/domains/spshd.com/public_html/khachhang/application/views/app.php 157
ERROR - 2019-10-08 13:03:28 --> Severity: Warning --> Invalid argument supplied for foreach() /home/admin/domains/spshd.com/public_html/khachhang/application/views/app.php 168
ERROR - 2019-10-08 13:03:28 --> Could not find the language line "Đóng"
ERROR - 2019-10-08 13:03:28 --> Could not find the language line "Xác Nhận"
ERROR - 2019-10-08 13:03:28 --> Could not find the language line "Đóng"
ERROR - 2019-10-08 13:03:28 --> Could not find the language line "Xác Nhận"
ERROR - 2019-10-08 13:06:05 --> Could not find the language line "Tạo Điểm Lấy Hàng"
ERROR - 2019-10-08 13:06:05 --> Could not find the language line "Tạo Đơn Hàng"
ERROR - 2019-10-08 13:06:05 --> Severity: Warning --> Invalid argument supplied for foreach() /home/admin/domains/spshd.com/public_html/khachhang/application/views/tab4.php 394
ERROR - 2019-10-08 13:06:05 --> Could not find the language line "Đóng"
ERROR - 2019-10-08 13:06:05 --> Could not find the language line "Xác Nhận"
ERROR - 2019-10-08 13:06:05 --> Severity: Warning --> Invalid argument supplied for foreach() /home/admin/domains/spshd.com/public_html/khachhang/application/views/app.php 157
ERROR - 2019-10-08 13:06:05 --> Severity: Warning --> Invalid argument supplied for foreach() /home/admin/domains/spshd.com/public_html/khachhang/application/views/app.php 168
ERROR - 2019-10-08 13:06:05 --> Could not find the language line "Đóng"
ERROR - 2019-10-08 13:06:05 --> Could not find the language line "Xác Nhận"
ERROR - 2019-10-08 13:06:05 --> Could not find the language line "Đóng"
ERROR - 2019-10-08 13:06:05 --> Could not find the language line "Xác Nhận"
ERROR - 2019-10-08 13:06:28 --> Could not find the language line "Tạo Điểm Lấy Hàng"
ERROR - 2019-10-08 13:06:28 --> Could not find the language line "Tạo Đơn Hàng"
ERROR - 2019-10-08 13:06:28 --> Severity: Warning --> Invalid argument supplied for foreach() /home/admin/domains/spshd.com/public_html/khachhang/application/views/tab4.php 394
ERROR - 2019-10-08 13:06:28 --> Could not find the language line "Đóng"
ERROR - 2019-10-08 13:06:28 --> Could not find the language line "Xác Nhận"
ERROR - 2019-10-08 13:06:28 --> Severity: Warning --> Invalid argument supplied for foreach() /home/admin/domains/spshd.com/public_html/khachhang/application/views/app.php 157
ERROR - 2019-10-08 13:06:28 --> Severity: Warning --> Invalid argument supplied for foreach() /home/admin/domains/spshd.com/public_html/khachhang/application/views/app.php 168
ERROR - 2019-10-08 13:06:28 --> Could not find the language line "Đóng"
ERROR - 2019-10-08 13:06:28 --> Could not find the language line "Xác Nhận"
ERROR - 2019-10-08 13:06:28 --> Could not find the language line "Đóng"
ERROR - 2019-10-08 13:06:28 --> Could not find the language line "Xác Nhận"
ERROR - 2019-10-08 13:11:11 --> Could not find the language line "Email"
ERROR - 2019-10-08 13:11:11 --> Could not find the language line "password"
ERROR - 2019-10-08 13:29:50 --> Could not find the language line "Tạo Điểm Lấy Hàng"
ERROR - 2019-10-08 13:29:50 --> Could not find the language line "Tạo Đơn Hàng"
ERROR - 2019-10-08 13:29:50 --> Severity: Warning --> Invalid argument supplied for foreach() /home/admin/domains/spshd.com/public_html/khachhang/application/views/tab4.php 394
ERROR - 2019-10-08 13:29:50 --> Could not find the language line "Đóng"
ERROR - 2019-10-08 13:29:50 --> Could not find the language line "Xác Nhận"
ERROR - 2019-10-08 13:29:50 --> Severity: Warning --> Invalid argument supplied for foreach() /home/admin/domains/spshd.com/public_html/khachhang/application/views/app.php 157
ERROR - 2019-10-08 13:29:50 --> Severity: Warning --> Invalid argument supplied for foreach() /home/admin/domains/spshd.com/public_html/khachhang/application/views/app.php 168
ERROR - 2019-10-08 13:29:50 --> Could not find the language line "Đóng"
ERROR - 2019-10-08 13:29:50 --> Could not find the language line "Xác Nhận"
ERROR - 2019-10-08 13:29:50 --> Could not find the language line "Đóng"
ERROR - 2019-10-08 13:29:50 --> Could not find the language line "Xác Nhận"
ERROR - 2019-10-08 13:32:37 --> Could not find the language line "Tạo Điểm Lấy Hàng"
ERROR - 2019-10-08 13:32:37 --> Could not find the language line "Tạo Đơn Hàng"
ERROR - 2019-10-08 13:32:37 --> Severity: Warning --> Invalid argument supplied for foreach() /home/admin/domains/spshd.com/public_html/khachhang/application/views/tab4.php 394
ERROR - 2019-10-08 13:32:37 --> Could not find the language line "Đóng"
ERROR - 2019-10-08 13:32:37 --> Could not find the language line "Xác Nhận"
ERROR - 2019-10-08 13:32:37 --> Severity: Warning --> Invalid argument supplied for foreach() /home/admin/domains/spshd.com/public_html/khachhang/application/views/app.php 157
ERROR - 2019-10-08 13:32:37 --> Severity: Warning --> Invalid argument supplied for foreach() /home/admin/domains/spshd.com/public_html/khachhang/application/views/app.php 168
ERROR - 2019-10-08 13:32:37 --> Could not find the language line "Đóng"
ERROR - 2019-10-08 13:32:37 --> Could not find the language line "Xác Nhận"
ERROR - 2019-10-08 13:32:37 --> Could not find the language line "Đóng"
ERROR - 2019-10-08 13:32:37 --> Could not find the language line "Xác Nhận"
ERROR - 2019-10-08 13:32:46 --> Could not find the language line "Email"
ERROR - 2019-10-08 13:32:46 --> Could not find the language line "password"
ERROR - 2019-10-08 13:33:06 --> Could not find the language line "Email"
ERROR - 2019-10-08 13:33:06 --> Could not find the language line "password"
ERROR - 2019-10-08 13:33:17 --> Could not find the language line "Tạo Điểm Lấy Hàng"
ERROR - 2019-10-08 13:33:17 --> Could not find the language line "Tạo Đơn Hàng"
ERROR - 2019-10-08 13:33:17 --> Severity: Warning --> Invalid argument supplied for foreach() /home/admin/domains/spshd.com/public_html/khachhang/application/views/tab4.php 394
ERROR - 2019-10-08 13:33:17 --> Could not find the language line "Đóng"
ERROR - 2019-10-08 13:33:17 --> Could not find the language line "Xác Nhận"
ERROR - 2019-10-08 13:33:17 --> Severity: Warning --> Invalid argument supplied for foreach() /home/admin/domains/spshd.com/public_html/khachhang/application/views/app.php 157
ERROR - 2019-10-08 13:33:17 --> Severity: Warning --> Invalid argument supplied for foreach() /home/admin/domains/spshd.com/public_html/khachhang/application/views/app.php 168
ERROR - 2019-10-08 13:33:17 --> Could not find the language line "Đóng"
ERROR - 2019-10-08 13:33:17 --> Could not find the language line "Xác Nhận"
ERROR - 2019-10-08 13:33:17 --> Could not find the language line "Đóng"
ERROR - 2019-10-08 13:33:17 --> Could not find the language line "Xác Nhận"
ERROR - 2019-10-08 14:04:02 --> Could not find the language line "Tạo Điểm Lấy Hàng"
ERROR - 2019-10-08 14:04:02 --> Could not find the language line "Tạo Đơn Hàng"
ERROR - 2019-10-08 14:04:02 --> Severity: Warning --> Invalid argument supplied for foreach() /home/admin/domains/spshd.com/public_html/khachhang/application/views/tab4.php 394
ERROR - 2019-10-08 14:04:02 --> Could not find the language line "Đóng"
ERROR - 2019-10-08 14:04:02 --> Could not find the language line "Xác Nhận"
ERROR - 2019-10-08 14:04:02 --> Severity: Warning --> Invalid argument supplied for foreach() /home/admin/domains/spshd.com/public_html/khachhang/application/views/app.php 157
ERROR - 2019-10-08 14:04:02 --> Severity: Warning --> Invalid argument supplied for foreach() /home/admin/domains/spshd.com/public_html/khachhang/application/views/app.php 168
ERROR - 2019-10-08 14:04:02 --> Could not find the language line "Đóng"
ERROR - 2019-10-08 14:04:02 --> Could not find the language line "Xác Nhận"
ERROR - 2019-10-08 14:04:02 --> Could not find the language line "Đóng"
ERROR - 2019-10-08 14:04:02 --> Could not find the language line "Xác Nhận"
ERROR - 2019-10-08 14:04:17 --> Could not find the language line "Email"
ERROR - 2019-10-08 14:04:17 --> Could not find the language line "password"
ERROR - 2019-10-08 14:05:05 --> Could not find the language line "Tạo Điểm Lấy Hàng"
ERROR - 2019-10-08 14:05:05 --> Could not find the language line "Tạo Đơn Hàng"
ERROR - 2019-10-08 14:05:05 --> Severity: Warning --> Invalid argument supplied for foreach() /home/admin/domains/spshd.com/public_html/khachhang/application/views/tab4.php 394
ERROR - 2019-10-08 14:05:05 --> Could not find the language line "Đóng"
ERROR - 2019-10-08 14:05:05 --> Could not find the language line "Xác Nhận"
ERROR - 2019-10-08 14:05:05 --> Severity: Warning --> Invalid argument supplied for foreach() /home/admin/domains/spshd.com/public_html/khachhang/application/views/app.php 157
ERROR - 2019-10-08 14:05:05 --> Severity: Warning --> Invalid argument supplied for foreach() /home/admin/domains/spshd.com/public_html/khachhang/application/views/app.php 168
ERROR - 2019-10-08 14:05:05 --> Could not find the language line "Đóng"
ERROR - 2019-10-08 14:05:05 --> Could not find the language line "Xác Nhận"
ERROR - 2019-10-08 14:05:05 --> Could not find the language line "Đóng"
ERROR - 2019-10-08 14:05:05 --> Could not find the language line "Xác Nhận"
ERROR - 2019-10-08 14:05:45 --> Could not find the language line "Email"
ERROR - 2019-10-08 14:05:45 --> Could not find the language line "password"
ERROR - 2019-10-08 14:06:31 --> Could not find the language line "Tạo Điểm Lấy Hàng"
ERROR - 2019-10-08 14:06:31 --> Could not find the language line "Tạo Đơn Hàng"
ERROR - 2019-10-08 14:06:31 --> Severity: Warning --> Invalid argument supplied for foreach() /home/admin/domains/spshd.com/public_html/khachhang/application/views/tab4.php 394
ERROR - 2019-10-08 14:06:31 --> Could not find the language line "Đóng"
ERROR - 2019-10-08 14:06:31 --> Could not find the language line "Xác Nhận"
ERROR - 2019-10-08 14:06:31 --> Severity: Warning --> Invalid argument supplied for foreach() /home/admin/domains/spshd.com/public_html/khachhang/application/views/app.php 157
ERROR - 2019-10-08 14:06:31 --> Severity: Warning --> Invalid argument supplied for foreach() /home/admin/domains/spshd.com/public_html/khachhang/application/views/app.php 168
ERROR - 2019-10-08 14:06:31 --> Could not find the language line "Đóng"
ERROR - 2019-10-08 14:06:31 --> Could not find the language line "Xác Nhận"
ERROR - 2019-10-08 14:06:31 --> Could not find the language line "Đóng"
ERROR - 2019-10-08 14:06:31 --> Could not find the language line "Xác Nhận"
ERROR - 2019-10-08 14:06:43 --> Could not find the language line "Email"
ERROR - 2019-10-08 14:06:43 --> Could not find the language line "password"
ERROR - 2019-10-08 14:07:49 --> Could not find the language line "Tạo Điểm Lấy Hàng"
ERROR - 2019-10-08 14:07:49 --> Could not find the language line "Tạo Đơn Hàng"
ERROR - 2019-10-08 14:07:49 --> Severity: Warning --> Invalid argument supplied for foreach() /home/admin/domains/spshd.com/public_html/khachhang/application/views/tab4.php 394
ERROR - 2019-10-08 14:07:49 --> Could not find the language line "Đóng"
ERROR - 2019-10-08 14:07:49 --> Could not find the language line "Xác Nhận"
ERROR - 2019-10-08 14:07:49 --> Severity: Warning --> Invalid argument supplied for foreach() /home/admin/domains/spshd.com/public_html/khachhang/application/views/app.php 157
ERROR - 2019-10-08 14:07:49 --> Severity: Warning --> Invalid argument supplied for foreach() /home/admin/domains/spshd.com/public_html/khachhang/application/views/app.php 168
ERROR - 2019-10-08 14:07:49 --> Could not find the language line "Đóng"
ERROR - 2019-10-08 14:07:49 --> Could not find the language line "Xác Nhận"
ERROR - 2019-10-08 14:07:49 --> Could not find the language line "Đóng"
ERROR - 2019-10-08 14:07:49 --> Could not find the language line "Xác Nhận"
ERROR - 2019-10-08 14:08:07 --> Could not find the language line "Email"
ERROR - 2019-10-08 14:08:07 --> Could not find the language line "password"
ERROR - 2019-10-08 14:08:48 --> Could not find the language line "Email"
ERROR - 2019-10-08 14:08:48 --> Could not find the language line "password"
ERROR - 2019-10-08 14:09:02 --> Could not find the language line "Email"
ERROR - 2019-10-08 14:09:02 --> Could not find the language line "password"
ERROR - 2019-10-08 14:09:16 --> Could not find the language line "Tạo Điểm Lấy Hàng"
ERROR - 2019-10-08 14:09:16 --> Could not find the language line "Tạo Đơn Hàng"
ERROR - 2019-10-08 14:09:16 --> Severity: Warning --> Invalid argument supplied for foreach() /home/admin/domains/spshd.com/public_html/khachhang/application/views/tab4.php 394
ERROR - 2019-10-08 14:09:16 --> Could not find the language line "Đóng"
ERROR - 2019-10-08 14:09:16 --> Could not find the language line "Xác Nhận"
ERROR - 2019-10-08 14:09:16 --> Severity: Warning --> Invalid argument supplied for foreach() /home/admin/domains/spshd.com/public_html/khachhang/application/views/app.php 157
ERROR - 2019-10-08 14:09:16 --> Severity: Warning --> Invalid argument supplied for foreach() /home/admin/domains/spshd.com/public_html/khachhang/application/views/app.php 168
ERROR - 2019-10-08 14:09:16 --> Could not find the language line "Đóng"
ERROR - 2019-10-08 14:09:16 --> Could not find the language line "Xác Nhận"
ERROR - 2019-10-08 14:09:16 --> Could not find the language line "Đóng"
ERROR - 2019-10-08 14:09:16 --> Could not find the language line "Xác Nhận"
ERROR - 2019-10-08 14:09:40 --> Could not find the language line "Email"
ERROR - 2019-10-08 14:09:40 --> Could not find the language line "password"
ERROR - 2019-10-08 14:09:51 --> Could not find the language line "Tạo Điểm Lấy Hàng"
ERROR - 2019-10-08 14:09:51 --> Could not find the language line "Tạo Đơn Hàng"
ERROR - 2019-10-08 14:09:51 --> Severity: Warning --> Invalid argument supplied for foreach() /home/admin/domains/spshd.com/public_html/khachhang/application/views/tab4.php 394
ERROR - 2019-10-08 14:09:51 --> Could not find the language line "Đóng"
ERROR - 2019-10-08 14:09:51 --> Could not find the language line "Xác Nhận"
ERROR - 2019-10-08 14:09:51 --> Severity: Warning --> Invalid argument supplied for foreach() /home/admin/domains/spshd.com/public_html/khachhang/application/views/app.php 157
ERROR - 2019-10-08 14:09:51 --> Severity: Warning --> Invalid argument supplied for foreach() /home/admin/domains/spshd.com/public_html/khachhang/application/views/app.php 168
ERROR - 2019-10-08 14:09:51 --> Could not find the language line "Đóng"
ERROR - 2019-10-08 14:09:51 --> Could not find the language line "Xác Nhận"
ERROR - 2019-10-08 14:09:51 --> Could not find the language line "Đóng"
ERROR - 2019-10-08 14:09:51 --> Could not find the language line "Xác Nhận"
ERROR - 2019-10-08 16:41:27 --> Could not find the language line "Tạo Điểm Lấy Hàng"
ERROR - 2019-10-08 16:41:27 --> Could not find the language line "Tạo Đơn Hàng"
ERROR - 2019-10-08 16:41:27 --> Severity: Warning --> Invalid argument supplied for foreach() /home/admin/domains/spshd.com/public_html/khachhang/application/views/tab4.php 394
ERROR - 2019-10-08 16:41:27 --> Could not find the language line "Đóng"
ERROR - 2019-10-08 16:41:27 --> Could not find the language line "Xác Nhận"
ERROR - 2019-10-08 16:41:27 --> Severity: Warning --> Invalid argument supplied for foreach() /home/admin/domains/spshd.com/public_html/khachhang/application/views/app.php 157
ERROR - 2019-10-08 16:41:27 --> Severity: Warning --> Invalid argument supplied for foreach() /home/admin/domains/spshd.com/public_html/khachhang/application/views/app.php 168
ERROR - 2019-10-08 16:41:27 --> Could not find the language line "Đóng"
ERROR - 2019-10-08 16:41:27 --> Could not find the language line "Xác Nhận"
ERROR - 2019-10-08 16:41:27 --> Could not find the language line "Đóng"
ERROR - 2019-10-08 16:41:27 --> Could not find the language line "Xác Nhận"
ERROR - 2019-10-08 16:41:27 --> Could not find the language line "Tạo Điểm Lấy Hàng"
ERROR - 2019-10-08 16:41:27 --> Could not find the language line "Tạo Đơn Hàng"
ERROR - 2019-10-08 16:41:27 --> Severity: Warning --> Invalid argument supplied for foreach() /home/admin/domains/spshd.com/public_html/khachhang/application/views/tab4.php 394
ERROR - 2019-10-08 16:41:27 --> Could not find the language line "Đóng"
ERROR - 2019-10-08 16:41:27 --> Could not find the language line "Xác Nhận"
ERROR - 2019-10-08 16:41:27 --> Severity: Warning --> Invalid argument supplied for foreach() /home/admin/domains/spshd.com/public_html/khachhang/application/views/app.php 157
ERROR - 2019-10-08 16:41:27 --> Severity: Warning --> Invalid argument supplied for foreach() /home/admin/domains/spshd.com/public_html/khachhang/application/views/app.php 168
ERROR - 2019-10-08 16:41:27 --> Could not find the language line "Đóng"
ERROR - 2019-10-08 16:41:27 --> Could not find the language line "Xác Nhận"
ERROR - 2019-10-08 16:41:27 --> Could not find the language line "Đóng"
ERROR - 2019-10-08 16:41:27 --> Could not find the language line "Xác Nhận"
ERROR - 2019-10-08 16:42:24 --> Could not find the language line "Tạo Điểm Lấy Hàng"
ERROR - 2019-10-08 16:42:24 --> Could not find the language line "Tạo Đơn Hàng"
ERROR - 2019-10-08 16:42:24 --> Severity: Warning --> Invalid argument supplied for foreach() /home/admin/domains/spshd.com/public_html/khachhang/application/views/tab4.php 394
ERROR - 2019-10-08 16:42:24 --> Could not find the language line "Đóng"
ERROR - 2019-10-08 16:42:24 --> Could not find the language line "Xác Nhận"
ERROR - 2019-10-08 16:42:24 --> Severity: Warning --> Invalid argument supplied for foreach() /home/admin/domains/spshd.com/public_html/khachhang/application/views/app.php 157
ERROR - 2019-10-08 16:42:24 --> Severity: Warning --> Invalid argument supplied for foreach() /home/admin/domains/spshd.com/public_html/khachhang/application/views/app.php 168
ERROR - 2019-10-08 16:42:24 --> Could not find the language line "Đóng"
ERROR - 2019-10-08 16:42:24 --> Could not find the language line "Xác Nhận"
ERROR - 2019-10-08 16:42:24 --> Could not find the language line "Đóng"
ERROR - 2019-10-08 16:42:24 --> Could not find the language line "Xác Nhận"
ERROR - 2019-10-08 16:42:39 --> Could not find the language line "Tạo Điểm Lấy Hàng"
ERROR - 2019-10-08 16:42:39 --> Could not find the language line "Tạo Đơn Hàng"
ERROR - 2019-10-08 16:42:39 --> Severity: Warning --> Invalid argument supplied for foreach() /home/admin/domains/spshd.com/public_html/khachhang/application/views/tab4.php 394
ERROR - 2019-10-08 16:42:39 --> Could not find the language line "Đóng"
ERROR - 2019-10-08 16:42:39 --> Could not find the language line "Xác Nhận"
ERROR - 2019-10-08 16:42:39 --> Severity: Warning --> Invalid argument supplied for foreach() /home/admin/domains/spshd.com/public_html/khachhang/application/views/app.php 157
ERROR - 2019-10-08 16:42:39 --> Severity: Warning --> Invalid argument supplied for foreach() /home/admin/domains/spshd.com/public_html/khachhang/application/views/app.php 168
ERROR - 2019-10-08 16:42:39 --> Could not find the language line "Đóng"
ERROR - 2019-10-08 16:42:39 --> Could not find the language line "Xác Nhận"
ERROR - 2019-10-08 16:42:39 --> Could not find the language line "Đóng"
ERROR - 2019-10-08 16:42:39 --> Could not find the language line "Xác Nhận"
ERROR - 2019-10-08 18:44:21 --> Could not find the language line "Email"
ERROR - 2019-10-08 18:44:21 --> Could not find the language line "password"
