ERROR - 2020-01-14 08:34:12 --> Could not find the language line "Tạo Điểm Lấy Hàng"
ERROR - 2020-01-14 08:34:12 --> Could not find the language line "Tạo Đơn Hàng"
ERROR - 2020-01-14 08:34:12 --> Severity: Warning --> Invalid argument supplied for foreach() /home/admin/domains/spshd.com/public_html/khachhang/application/views/tab4.php 394
ERROR - 2020-01-14 08:34:12 --> Could not find the language line "Đóng"
ERROR - 2020-01-14 08:34:12 --> Could not find the language line "Xác Nhận"
ERROR - 2020-01-14 08:34:12 --> Severity: Warning --> Invalid argument supplied for foreach() /home/admin/domains/spshd.com/public_html/khachhang/application/views/app.php 157
ERROR - 2020-01-14 08:34:12 --> Severity: Warning --> Invalid argument supplied for foreach() /home/admin/domains/spshd.com/public_html/khachhang/application/views/app.php 168
ERROR - 2020-01-14 08:34:12 --> Could not find the language line "Đóng"
ERROR - 2020-01-14 08:34:12 --> Could not find the language line "Xác Nhận"
ERROR - 2020-01-14 08:34:12 --> Could not find the language line "Đóng"
ERROR - 2020-01-14 08:34:12 --> Could not find the language line "Xác Nhận"
ERROR - 2020-01-14 08:35:32 --> Could not find the language line "Tạo Điểm Lấy Hàng"
ERROR - 2020-01-14 08:35:32 --> Could not find the language line "Tạo Đơn Hàng"
ERROR - 2020-01-14 08:35:32 --> Severity: Warning --> Invalid argument supplied for foreach() /home/admin/domains/spshd.com/public_html/khachhang/application/views/tab4.php 394
ERROR - 2020-01-14 08:35:32 --> Could not find the language line "Đóng"
ERROR - 2020-01-14 08:35:32 --> Could not find the language line "Xác Nhận"
ERROR - 2020-01-14 08:35:32 --> Severity: Warning --> Invalid argument supplied for foreach() /home/admin/domains/spshd.com/public_html/khachhang/application/views/app.php 157
ERROR - 2020-01-14 08:35:32 --> Severity: Warning --> Invalid argument supplied for foreach() /home/admin/domains/spshd.com/public_html/khachhang/application/views/app.php 168
ERROR - 2020-01-14 08:35:32 --> Could not find the language line "Đóng"
ERROR - 2020-01-14 08:35:32 --> Could not find the language line "Xác Nhận"
ERROR - 2020-01-14 08:35:32 --> Could not find the language line "Đóng"
ERROR - 2020-01-14 08:35:32 --> Could not find the language line "Xác Nhận"
ERROR - 2020-01-14 08:35:33 --> Could not find the language line "Tạo Điểm Lấy Hàng"
ERROR - 2020-01-14 08:35:33 --> Could not find the language line "Tạo Đơn Hàng"
ERROR - 2020-01-14 08:35:33 --> Severity: Warning --> Invalid argument supplied for foreach() /home/admin/domains/spshd.com/public_html/khachhang/application/views/tab4.php 394
ERROR - 2020-01-14 08:35:33 --> Could not find the language line "Đóng"
ERROR - 2020-01-14 08:35:33 --> Could not find the language line "Xác Nhận"
ERROR - 2020-01-14 08:35:33 --> Severity: Warning --> Invalid argument supplied for foreach() /home/admin/domains/spshd.com/public_html/khachhang/application/views/app.php 157
ERROR - 2020-01-14 08:35:33 --> Severity: Warning --> Invalid argument supplied for foreach() /home/admin/domains/spshd.com/public_html/khachhang/application/views/app.php 168
ERROR - 2020-01-14 08:35:33 --> Could not find the language line "Đóng"
ERROR - 2020-01-14 08:35:33 --> Could not find the language line "Xác Nhận"
ERROR - 2020-01-14 08:35:33 --> Could not find the language line "Đóng"
ERROR - 2020-01-14 08:35:33 --> Could not find the language line "Xác Nhận"
ERROR - 2020-01-14 09:59:19 --> Could not find the language line "Tạo Điểm Lấy Hàng"
ERROR - 2020-01-14 09:59:19 --> Could not find the language line "Tạo Đơn Hàng"
ERROR - 2020-01-14 09:59:19 --> Severity: Warning --> Invalid argument supplied for foreach() /home/admin/domains/spshd.com/public_html/khachhang/application/views/tab4.php 394
ERROR - 2020-01-14 09:59:19 --> Could not find the language line "Đóng"
ERROR - 2020-01-14 09:59:19 --> Could not find the language line "Xác Nhận"
ERROR - 2020-01-14 09:59:19 --> Severity: Warning --> Invalid argument supplied for foreach() /home/admin/domains/spshd.com/public_html/khachhang/application/views/app.php 157
ERROR - 2020-01-14 09:59:19 --> Severity: Warning --> Invalid argument supplied for foreach() /home/admin/domains/spshd.com/public_html/khachhang/application/views/app.php 168
ERROR - 2020-01-14 09:59:19 --> Could not find the language line "Đóng"
ERROR - 2020-01-14 09:59:19 --> Could not find the language line "Xác Nhận"
ERROR - 2020-01-14 09:59:19 --> Could not find the language line "Đóng"
ERROR - 2020-01-14 09:59:19 --> Could not find the language line "Xác Nhận"
ERROR - 2020-01-14 10:39:02 --> Could not find the language line "Email"
ERROR - 2020-01-14 10:39:02 --> Could not find the language line "password"
ERROR - 2020-01-14 11:14:02 --> Could not find the language line "Tạo Điểm Lấy Hàng"
ERROR - 2020-01-14 11:14:02 --> Could not find the language line "Tạo Đơn Hàng"
ERROR - 2020-01-14 11:14:02 --> Severity: Warning --> Invalid argument supplied for foreach() /home/admin/domains/spshd.com/public_html/khachhang/application/views/tab4.php 394
ERROR - 2020-01-14 11:14:02 --> Could not find the language line "Đóng"
ERROR - 2020-01-14 11:14:02 --> Could not find the language line "Xác Nhận"
ERROR - 2020-01-14 11:14:02 --> Severity: Warning --> Invalid argument supplied for foreach() /home/admin/domains/spshd.com/public_html/khachhang/application/views/app.php 157
ERROR - 2020-01-14 11:14:02 --> Severity: Warning --> Invalid argument supplied for foreach() /home/admin/domains/spshd.com/public_html/khachhang/application/views/app.php 168
ERROR - 2020-01-14 11:14:02 --> Could not find the language line "Đóng"
ERROR - 2020-01-14 11:14:02 --> Could not find the language line "Xác Nhận"
ERROR - 2020-01-14 11:14:02 --> Could not find the language line "Đóng"
ERROR - 2020-01-14 11:14:02 --> Could not find the language line "Xác Nhận"
ERROR - 2020-01-14 11:14:04 --> Could not find the language line "Tạo Điểm Lấy Hàng"
ERROR - 2020-01-14 11:14:04 --> Could not find the language line "Tạo Đơn Hàng"
ERROR - 2020-01-14 11:14:04 --> Severity: Warning --> Invalid argument supplied for foreach() /home/admin/domains/spshd.com/public_html/khachhang/application/views/tab4.php 394
ERROR - 2020-01-14 11:14:04 --> Could not find the language line "Đóng"
ERROR - 2020-01-14 11:14:04 --> Could not find the language line "Xác Nhận"
ERROR - 2020-01-14 11:14:04 --> Severity: Warning --> Invalid argument supplied for foreach() /home/admin/domains/spshd.com/public_html/khachhang/application/views/app.php 157
ERROR - 2020-01-14 11:14:04 --> Severity: Warning --> Invalid argument supplied for foreach() /home/admin/domains/spshd.com/public_html/khachhang/application/views/app.php 168
ERROR - 2020-01-14 11:14:04 --> Could not find the language line "Đóng"
ERROR - 2020-01-14 11:14:04 --> Could not find the language line "Xác Nhận"
ERROR - 2020-01-14 11:14:04 --> Could not find the language line "Đóng"
ERROR - 2020-01-14 11:14:04 --> Could not find the language line "Xác Nhận"
ERROR - 2020-01-14 12:07:02 --> Could not find the language line "Tạo Điểm Lấy Hàng"
ERROR - 2020-01-14 12:07:02 --> Could not find the language line "Tạo Đơn Hàng"
ERROR - 2020-01-14 12:07:02 --> Severity: Warning --> Invalid argument supplied for foreach() /home/admin/domains/spshd.com/public_html/khachhang/application/views/tab4.php 394
ERROR - 2020-01-14 12:07:02 --> Could not find the language line "Đóng"
ERROR - 2020-01-14 12:07:02 --> Could not find the language line "Xác Nhận"
ERROR - 2020-01-14 12:07:02 --> Severity: Warning --> Invalid argument supplied for foreach() /home/admin/domains/spshd.com/public_html/khachhang/application/views/app.php 157
ERROR - 2020-01-14 12:07:02 --> Severity: Warning --> Invalid argument supplied for foreach() /home/admin/domains/spshd.com/public_html/khachhang/application/views/app.php 168
ERROR - 2020-01-14 12:07:02 --> Could not find the language line "Đóng"
ERROR - 2020-01-14 12:07:02 --> Could not find the language line "Xác Nhận"
ERROR - 2020-01-14 12:07:02 --> Could not find the language line "Đóng"
ERROR - 2020-01-14 12:07:02 --> Could not find the language line "Xác Nhận"
ERROR - 2020-01-14 12:07:02 --> Could not find the language line "Tạo Điểm Lấy Hàng"
ERROR - 2020-01-14 12:07:02 --> Could not find the language line "Tạo Đơn Hàng"
ERROR - 2020-01-14 12:07:02 --> Severity: Warning --> Invalid argument supplied for foreach() /home/admin/domains/spshd.com/public_html/khachhang/application/views/tab4.php 394
ERROR - 2020-01-14 12:07:02 --> Could not find the language line "Đóng"
ERROR - 2020-01-14 12:07:02 --> Could not find the language line "Xác Nhận"
ERROR - 2020-01-14 12:07:02 --> Severity: Warning --> Invalid argument supplied for foreach() /home/admin/domains/spshd.com/public_html/khachhang/application/views/app.php 157
ERROR - 2020-01-14 12:07:02 --> Severity: Warning --> Invalid argument supplied for foreach() /home/admin/domains/spshd.com/public_html/khachhang/application/views/app.php 168
ERROR - 2020-01-14 12:07:02 --> Could not find the language line "Đóng"
ERROR - 2020-01-14 12:07:02 --> Could not find the language line "Xác Nhận"
ERROR - 2020-01-14 12:07:02 --> Could not find the language line "Đóng"
ERROR - 2020-01-14 12:07:02 --> Could not find the language line "Xác Nhận"
ERROR - 2020-01-14 12:07:05 --> Could not find the language line "Tạo Điểm Lấy Hàng"
ERROR - 2020-01-14 12:07:05 --> Could not find the language line "Tạo Đơn Hàng"
ERROR - 2020-01-14 12:07:05 --> Severity: Warning --> Invalid argument supplied for foreach() /home/admin/domains/spshd.com/public_html/khachhang/application/views/tab4.php 394
ERROR - 2020-01-14 12:07:05 --> Could not find the language line "Đóng"
ERROR - 2020-01-14 12:07:05 --> Could not find the language line "Xác Nhận"
ERROR - 2020-01-14 12:07:05 --> Severity: Warning --> Invalid argument supplied for foreach() /home/admin/domains/spshd.com/public_html/khachhang/application/views/app.php 157
ERROR - 2020-01-14 12:07:05 --> Severity: Warning --> Invalid argument supplied for foreach() /home/admin/domains/spshd.com/public_html/khachhang/application/views/app.php 168
ERROR - 2020-01-14 12:07:05 --> Could not find the language line "Đóng"
ERROR - 2020-01-14 12:07:05 --> Could not find the language line "Xác Nhận"
ERROR - 2020-01-14 12:07:05 --> Could not find the language line "Đóng"
ERROR - 2020-01-14 12:07:05 --> Could not find the language line "Xác Nhận"
ERROR - 2020-01-14 12:41:23 --> Could not find the language line "Tạo Điểm Lấy Hàng"
ERROR - 2020-01-14 12:41:23 --> Could not find the language line "Tạo Đơn Hàng"
ERROR - 2020-01-14 12:41:23 --> Severity: Warning --> Invalid argument supplied for foreach() /home/admin/domains/spshd.com/public_html/khachhang/application/views/tab4.php 394
ERROR - 2020-01-14 12:41:23 --> Could not find the language line "Đóng"
ERROR - 2020-01-14 12:41:23 --> Could not find the language line "Xác Nhận"
ERROR - 2020-01-14 12:41:23 --> Severity: Warning --> Invalid argument supplied for foreach() /home/admin/domains/spshd.com/public_html/khachhang/application/views/app.php 157
ERROR - 2020-01-14 12:41:23 --> Severity: Warning --> Invalid argument supplied for foreach() /home/admin/domains/spshd.com/public_html/khachhang/application/views/app.php 168
ERROR - 2020-01-14 12:41:23 --> Could not find the language line "Đóng"
ERROR - 2020-01-14 12:41:23 --> Could not find the language line "Xác Nhận"
ERROR - 2020-01-14 12:41:23 --> Could not find the language line "Đóng"
ERROR - 2020-01-14 12:41:23 --> Could not find the language line "Xác Nhận"
ERROR - 2020-01-14 12:41:23 --> Could not find the language line "Tạo Điểm Lấy Hàng"
ERROR - 2020-01-14 12:41:23 --> Could not find the language line "Tạo Đơn Hàng"
ERROR - 2020-01-14 12:41:23 --> Severity: Warning --> Invalid argument supplied for foreach() /home/admin/domains/spshd.com/public_html/khachhang/application/views/tab4.php 394
ERROR - 2020-01-14 12:41:23 --> Could not find the language line "Đóng"
ERROR - 2020-01-14 12:41:23 --> Could not find the language line "Xác Nhận"
ERROR - 2020-01-14 12:41:23 --> Severity: Warning --> Invalid argument supplied for foreach() /home/admin/domains/spshd.com/public_html/khachhang/application/views/app.php 157
ERROR - 2020-01-14 12:41:23 --> Severity: Warning --> Invalid argument supplied for foreach() /home/admin/domains/spshd.com/public_html/khachhang/application/views/app.php 168
ERROR - 2020-01-14 12:41:23 --> Could not find the language line "Đóng"
ERROR - 2020-01-14 12:41:23 --> Could not find the language line "Xác Nhận"
ERROR - 2020-01-14 12:41:23 --> Could not find the language line "Đóng"
ERROR - 2020-01-14 12:41:23 --> Could not find the language line "Xác Nhận"
ERROR - 2020-01-14 15:54:46 --> Could not find the language line "Tạo Điểm Lấy Hàng"
ERROR - 2020-01-14 15:54:46 --> Could not find the language line "Tạo Đơn Hàng"
ERROR - 2020-01-14 15:54:46 --> Severity: Warning --> Invalid argument supplied for foreach() /home/admin/domains/spshd.com/public_html/khachhang/application/views/tab4.php 394
ERROR - 2020-01-14 15:54:46 --> Could not find the language line "Đóng"
ERROR - 2020-01-14 15:54:46 --> Could not find the language line "Xác Nhận"
ERROR - 2020-01-14 15:54:46 --> Severity: Warning --> Invalid argument supplied for foreach() /home/admin/domains/spshd.com/public_html/khachhang/application/views/app.php 157
ERROR - 2020-01-14 15:54:46 --> Severity: Warning --> Invalid argument supplied for foreach() /home/admin/domains/spshd.com/public_html/khachhang/application/views/app.php 168
ERROR - 2020-01-14 15:54:46 --> Could not find the language line "Đóng"
ERROR - 2020-01-14 15:54:46 --> Could not find the language line "Xác Nhận"
ERROR - 2020-01-14 15:54:46 --> Could not find the language line "Đóng"
ERROR - 2020-01-14 15:54:46 --> Could not find the language line "Xác Nhận"
ERROR - 2020-01-14 16:45:56 --> Could not find the language line "Email"
ERROR - 2020-01-14 16:45:56 --> Could not find the language line "password"
ERROR - 2020-01-14 16:56:18 --> Could not find the language line "Email"
ERROR - 2020-01-14 16:56:18 --> Could not find the language line "password"
ERROR - 2020-01-14 23:51:19 --> Could not find the language line "Email"
ERROR - 2020-01-14 23:51:19 --> Could not find the language line "password"
