ERROR - 2019-11-13 01:07:49 --> Could not find the language line "Email"
ERROR - 2019-11-13 01:07:49 --> Could not find the language line "password"
ERROR - 2019-11-13 01:08:02 --> Could not find the language line "Tạo Điểm Lấy Hàng"
ERROR - 2019-11-13 01:08:02 --> Could not find the language line "Tạo Đơn Hàng"
ERROR - 2019-11-13 01:08:02 --> Severity: Warning --> Invalid argument supplied for foreach() /home/admin/domains/spshd.com/public_html/khachhang/application/views/tab4.php 394
ERROR - 2019-11-13 01:08:02 --> Could not find the language line "Đóng"
ERROR - 2019-11-13 01:08:02 --> Could not find the language line "Xác Nhận"
ERROR - 2019-11-13 01:08:02 --> Severity: Warning --> Invalid argument supplied for foreach() /home/admin/domains/spshd.com/public_html/khachhang/application/views/app.php 157
ERROR - 2019-11-13 01:08:02 --> Severity: Warning --> Invalid argument supplied for foreach() /home/admin/domains/spshd.com/public_html/khachhang/application/views/app.php 168
ERROR - 2019-11-13 01:08:02 --> Could not find the language line "Đóng"
ERROR - 2019-11-13 01:08:02 --> Could not find the language line "Xác Nhận"
ERROR - 2019-11-13 01:08:02 --> Could not find the language line "Đóng"
ERROR - 2019-11-13 01:08:02 --> Could not find the language line "Xác Nhận"
ERROR - 2019-11-13 02:36:37 --> Could not find the language line "Tạo Điểm Lấy Hàng"
ERROR - 2019-11-13 02:36:37 --> Could not find the language line "Tạo Đơn Hàng"
ERROR - 2019-11-13 02:36:37 --> Severity: Warning --> Invalid argument supplied for foreach() /home/admin/domains/spshd.com/public_html/khachhang/application/views/tab4.php 394
ERROR - 2019-11-13 02:36:37 --> Could not find the language line "Đóng"
ERROR - 2019-11-13 02:36:37 --> Could not find the language line "Xác Nhận"
ERROR - 2019-11-13 02:36:37 --> Severity: Warning --> Invalid argument supplied for foreach() /home/admin/domains/spshd.com/public_html/khachhang/application/views/app.php 157
ERROR - 2019-11-13 02:36:37 --> Severity: Warning --> Invalid argument supplied for foreach() /home/admin/domains/spshd.com/public_html/khachhang/application/views/app.php 168
ERROR - 2019-11-13 02:36:37 --> Could not find the language line "Đóng"
ERROR - 2019-11-13 02:36:37 --> Could not find the language line "Xác Nhận"
ERROR - 2019-11-13 02:36:37 --> Could not find the language line "Đóng"
ERROR - 2019-11-13 02:36:37 --> Could not find the language line "Xác Nhận"
ERROR - 2019-11-13 04:17:53 --> Could not find the language line "Tạo Điểm Lấy Hàng"
ERROR - 2019-11-13 04:17:53 --> Could not find the language line "Tạo Đơn Hàng"
ERROR - 2019-11-13 04:17:53 --> Severity: Warning --> Invalid argument supplied for foreach() /home/admin/domains/spshd.com/public_html/khachhang/application/views/tab4.php 394
ERROR - 2019-11-13 04:17:53 --> Could not find the language line "Đóng"
ERROR - 2019-11-13 04:17:53 --> Could not find the language line "Xác Nhận"
ERROR - 2019-11-13 04:17:53 --> Severity: Warning --> Invalid argument supplied for foreach() /home/admin/domains/spshd.com/public_html/khachhang/application/views/app.php 157
ERROR - 2019-11-13 04:17:53 --> Severity: Warning --> Invalid argument supplied for foreach() /home/admin/domains/spshd.com/public_html/khachhang/application/views/app.php 168
ERROR - 2019-11-13 04:17:53 --> Could not find the language line "Đóng"
ERROR - 2019-11-13 04:17:53 --> Could not find the language line "Xác Nhận"
ERROR - 2019-11-13 04:17:53 --> Could not find the language line "Đóng"
ERROR - 2019-11-13 04:17:53 --> Could not find the language line "Xác Nhận"
ERROR - 2019-11-13 08:26:44 --> Could not find the language line "Tạo Điểm Lấy Hàng"
ERROR - 2019-11-13 08:26:44 --> Could not find the language line "Tạo Đơn Hàng"
ERROR - 2019-11-13 08:26:44 --> Severity: Warning --> Invalid argument supplied for foreach() /home/admin/domains/spshd.com/public_html/khachhang/application/views/tab4.php 394
ERROR - 2019-11-13 08:26:44 --> Could not find the language line "Đóng"
ERROR - 2019-11-13 08:26:44 --> Could not find the language line "Xác Nhận"
ERROR - 2019-11-13 08:26:44 --> Severity: Warning --> Invalid argument supplied for foreach() /home/admin/domains/spshd.com/public_html/khachhang/application/views/app.php 157
ERROR - 2019-11-13 08:26:44 --> Severity: Warning --> Invalid argument supplied for foreach() /home/admin/domains/spshd.com/public_html/khachhang/application/views/app.php 168
ERROR - 2019-11-13 08:26:44 --> Could not find the language line "Đóng"
ERROR - 2019-11-13 08:26:44 --> Could not find the language line "Xác Nhận"
ERROR - 2019-11-13 08:26:44 --> Could not find the language line "Đóng"
ERROR - 2019-11-13 08:26:44 --> Could not find the language line "Xác Nhận"
ERROR - 2019-11-13 08:26:45 --> Could not find the language line "Tạo Điểm Lấy Hàng"
ERROR - 2019-11-13 08:26:45 --> Could not find the language line "Tạo Đơn Hàng"
ERROR - 2019-11-13 08:26:45 --> Severity: Warning --> Invalid argument supplied for foreach() /home/admin/domains/spshd.com/public_html/khachhang/application/views/tab4.php 394
ERROR - 2019-11-13 08:26:45 --> Could not find the language line "Đóng"
ERROR - 2019-11-13 08:26:45 --> Could not find the language line "Xác Nhận"
ERROR - 2019-11-13 08:26:45 --> Severity: Warning --> Invalid argument supplied for foreach() /home/admin/domains/spshd.com/public_html/khachhang/application/views/app.php 157
ERROR - 2019-11-13 08:26:45 --> Severity: Warning --> Invalid argument supplied for foreach() /home/admin/domains/spshd.com/public_html/khachhang/application/views/app.php 168
ERROR - 2019-11-13 08:26:45 --> Could not find the language line "Đóng"
ERROR - 2019-11-13 08:26:45 --> Could not find the language line "Xác Nhận"
ERROR - 2019-11-13 08:26:45 --> Could not find the language line "Đóng"
ERROR - 2019-11-13 08:26:45 --> Could not find the language line "Xác Nhận"
ERROR - 2019-11-13 09:34:29 --> Could not find the language line "Tạo Điểm Lấy Hàng"
ERROR - 2019-11-13 09:34:29 --> Could not find the language line "Tạo Đơn Hàng"
ERROR - 2019-11-13 09:34:29 --> Severity: Warning --> Invalid argument supplied for foreach() /home/admin/domains/spshd.com/public_html/khachhang/application/views/tab4.php 394
ERROR - 2019-11-13 09:34:29 --> Could not find the language line "Đóng"
ERROR - 2019-11-13 09:34:29 --> Could not find the language line "Xác Nhận"
ERROR - 2019-11-13 09:34:29 --> Severity: Warning --> Invalid argument supplied for foreach() /home/admin/domains/spshd.com/public_html/khachhang/application/views/app.php 157
ERROR - 2019-11-13 09:34:29 --> Severity: Warning --> Invalid argument supplied for foreach() /home/admin/domains/spshd.com/public_html/khachhang/application/views/app.php 168
ERROR - 2019-11-13 09:34:29 --> Could not find the language line "Đóng"
ERROR - 2019-11-13 09:34:29 --> Could not find the language line "Xác Nhận"
ERROR - 2019-11-13 09:34:29 --> Could not find the language line "Đóng"
ERROR - 2019-11-13 09:34:29 --> Could not find the language line "Xác Nhận"
ERROR - 2019-11-13 09:34:33 --> Could not find the language line "Email"
ERROR - 2019-11-13 09:34:33 --> Could not find the language line "password"
ERROR - 2019-11-13 10:05:06 --> Could not find the language line "Tạo Điểm Lấy Hàng"
ERROR - 2019-11-13 10:05:06 --> Could not find the language line "Tạo Đơn Hàng"
ERROR - 2019-11-13 10:05:06 --> Severity: Warning --> Invalid argument supplied for foreach() /home/admin/domains/spshd.com/public_html/khachhang/application/views/tab4.php 394
ERROR - 2019-11-13 10:05:06 --> Could not find the language line "Đóng"
ERROR - 2019-11-13 10:05:06 --> Could not find the language line "Xác Nhận"
ERROR - 2019-11-13 10:05:06 --> Severity: Warning --> Invalid argument supplied for foreach() /home/admin/domains/spshd.com/public_html/khachhang/application/views/app.php 157
ERROR - 2019-11-13 10:05:06 --> Severity: Warning --> Invalid argument supplied for foreach() /home/admin/domains/spshd.com/public_html/khachhang/application/views/app.php 168
ERROR - 2019-11-13 10:05:06 --> Could not find the language line "Đóng"
ERROR - 2019-11-13 10:05:06 --> Could not find the language line "Xác Nhận"
ERROR - 2019-11-13 10:05:06 --> Could not find the language line "Đóng"
ERROR - 2019-11-13 10:05:06 --> Could not find the language line "Xác Nhận"
ERROR - 2019-11-13 10:56:47 --> Could not find the language line "Tạo Điểm Lấy Hàng"
ERROR - 2019-11-13 10:56:47 --> Could not find the language line "Tạo Đơn Hàng"
ERROR - 2019-11-13 10:56:47 --> Severity: Warning --> Invalid argument supplied for foreach() /home/admin/domains/spshd.com/public_html/khachhang/application/views/tab4.php 394
ERROR - 2019-11-13 10:56:47 --> Could not find the language line "Đóng"
ERROR - 2019-11-13 10:56:47 --> Could not find the language line "Xác Nhận"
ERROR - 2019-11-13 10:56:47 --> Severity: Warning --> Invalid argument supplied for foreach() /home/admin/domains/spshd.com/public_html/khachhang/application/views/app.php 157
ERROR - 2019-11-13 10:56:47 --> Severity: Warning --> Invalid argument supplied for foreach() /home/admin/domains/spshd.com/public_html/khachhang/application/views/app.php 168
ERROR - 2019-11-13 10:56:47 --> Could not find the language line "Đóng"
ERROR - 2019-11-13 10:56:47 --> Could not find the language line "Xác Nhận"
ERROR - 2019-11-13 10:56:47 --> Could not find the language line "Đóng"
ERROR - 2019-11-13 10:56:47 --> Could not find the language line "Xác Nhận"
ERROR - 2019-11-13 14:21:41 --> Could not find the language line "Tạo Điểm Lấy Hàng"
ERROR - 2019-11-13 14:21:41 --> Could not find the language line "Tạo Đơn Hàng"
ERROR - 2019-11-13 14:21:41 --> Severity: Warning --> Invalid argument supplied for foreach() /home/admin/domains/spshd.com/public_html/khachhang/application/views/tab4.php 394
ERROR - 2019-11-13 14:21:41 --> Could not find the language line "Đóng"
ERROR - 2019-11-13 14:21:41 --> Could not find the language line "Xác Nhận"
ERROR - 2019-11-13 14:21:41 --> Severity: Warning --> Invalid argument supplied for foreach() /home/admin/domains/spshd.com/public_html/khachhang/application/views/app.php 157
ERROR - 2019-11-13 14:21:41 --> Severity: Warning --> Invalid argument supplied for foreach() /home/admin/domains/spshd.com/public_html/khachhang/application/views/app.php 168
ERROR - 2019-11-13 14:21:41 --> Could not find the language line "Đóng"
ERROR - 2019-11-13 14:21:41 --> Could not find the language line "Xác Nhận"
ERROR - 2019-11-13 14:21:41 --> Could not find the language line "Đóng"
ERROR - 2019-11-13 14:21:41 --> Could not find the language line "Xác Nhận"
ERROR - 2019-11-13 14:55:47 --> Could not find the language line "Tạo Điểm Lấy Hàng"
ERROR - 2019-11-13 14:55:47 --> Could not find the language line "Tạo Đơn Hàng"
ERROR - 2019-11-13 14:55:47 --> Severity: Warning --> Invalid argument supplied for foreach() /home/admin/domains/spshd.com/public_html/khachhang/application/views/tab4.php 394
ERROR - 2019-11-13 14:55:47 --> Could not find the language line "Đóng"
ERROR - 2019-11-13 14:55:47 --> Could not find the language line "Xác Nhận"
ERROR - 2019-11-13 14:55:47 --> Severity: Warning --> Invalid argument supplied for foreach() /home/admin/domains/spshd.com/public_html/khachhang/application/views/app.php 157
ERROR - 2019-11-13 14:55:47 --> Severity: Warning --> Invalid argument supplied for foreach() /home/admin/domains/spshd.com/public_html/khachhang/application/views/app.php 168
ERROR - 2019-11-13 14:55:47 --> Could not find the language line "Đóng"
ERROR - 2019-11-13 14:55:47 --> Could not find the language line "Xác Nhận"
ERROR - 2019-11-13 14:55:47 --> Could not find the language line "Đóng"
ERROR - 2019-11-13 14:55:47 --> Could not find the language line "Xác Nhận"
ERROR - 2019-11-13 16:09:33 --> Could not find the language line "Tạo Điểm Lấy Hàng"
ERROR - 2019-11-13 16:09:33 --> Could not find the language line "Tạo Đơn Hàng"
ERROR - 2019-11-13 16:09:33 --> Severity: Warning --> Invalid argument supplied for foreach() /home/admin/domains/spshd.com/public_html/khachhang/application/views/tab4.php 394
ERROR - 2019-11-13 16:09:33 --> Could not find the language line "Đóng"
ERROR - 2019-11-13 16:09:33 --> Could not find the language line "Xác Nhận"
ERROR - 2019-11-13 16:09:33 --> Severity: Warning --> Invalid argument supplied for foreach() /home/admin/domains/spshd.com/public_html/khachhang/application/views/app.php 157
ERROR - 2019-11-13 16:09:33 --> Severity: Warning --> Invalid argument supplied for foreach() /home/admin/domains/spshd.com/public_html/khachhang/application/views/app.php 168
ERROR - 2019-11-13 16:09:33 --> Could not find the language line "Đóng"
ERROR - 2019-11-13 16:09:33 --> Could not find the language line "Xác Nhận"
ERROR - 2019-11-13 16:09:33 --> Could not find the language line "Đóng"
ERROR - 2019-11-13 16:09:33 --> Could not find the language line "Xác Nhận"
ERROR - 2019-11-13 16:10:11 --> Could not find the language line "Tạo Điểm Lấy Hàng"
ERROR - 2019-11-13 16:10:11 --> Could not find the language line "Tạo Đơn Hàng"
ERROR - 2019-11-13 16:10:11 --> Severity: Warning --> Invalid argument supplied for foreach() /home/admin/domains/spshd.com/public_html/khachhang/application/views/tab4.php 394
ERROR - 2019-11-13 16:10:11 --> Could not find the language line "Đóng"
ERROR - 2019-11-13 16:10:11 --> Could not find the language line "Xác Nhận"
ERROR - 2019-11-13 16:10:11 --> Severity: Warning --> Invalid argument supplied for foreach() /home/admin/domains/spshd.com/public_html/khachhang/application/views/app.php 157
ERROR - 2019-11-13 16:10:11 --> Severity: Warning --> Invalid argument supplied for foreach() /home/admin/domains/spshd.com/public_html/khachhang/application/views/app.php 168
ERROR - 2019-11-13 16:10:11 --> Could not find the language line "Đóng"
ERROR - 2019-11-13 16:10:11 --> Could not find the language line "Xác Nhận"
ERROR - 2019-11-13 16:10:11 --> Could not find the language line "Đóng"
ERROR - 2019-11-13 16:10:11 --> Could not find the language line "Xác Nhận"
ERROR - 2019-11-13 16:10:13 --> Could not find the language line "Email"
ERROR - 2019-11-13 16:10:13 --> Could not find the language line "password"
