ERROR - 2020-06-29 06:53:04 --> Could not find the language line "Tạo Điểm Lấy Hàng"
ERROR - 2020-06-29 06:53:04 --> Could not find the language line "Tạo Đơn Hàng"
ERROR - 2020-06-29 06:53:04 --> Could not find the language line "Tải Excel"
ERROR - 2020-06-29 06:53:04 --> Could not find the language line "Đóng"
ERROR - 2020-06-29 06:53:04 --> Could not find the language line "Xác Nhận"
ERROR - 2020-06-29 06:53:04 --> Severity: Warning --> Invalid argument supplied for foreach() /home/admin/domains/spshd.com/public_html/khachhang/application/views/app.php 162
ERROR - 2020-06-29 06:53:04 --> Severity: Warning --> Invalid argument supplied for foreach() /home/admin/domains/spshd.com/public_html/khachhang/application/views/app.php 173
ERROR - 2020-06-29 06:53:04 --> Could not find the language line "Đóng"
ERROR - 2020-06-29 06:53:04 --> Could not find the language line "Xác Nhận"
ERROR - 2020-06-29 06:53:04 --> Could not find the language line "Đóng"
ERROR - 2020-06-29 06:53:04 --> Could not find the language line "Xác Nhận"
ERROR - 2020-06-29 06:53:04 --> Could not find the language line "Đóng"
ERROR - 2020-06-29 06:53:04 --> Could not find the language line "Tải"
ERROR - 2020-06-29 08:45:54 --> Could not find the language line "Tạo Điểm Lấy Hàng"
ERROR - 2020-06-29 08:45:54 --> Could not find the language line "Tạo Đơn Hàng"
ERROR - 2020-06-29 08:45:54 --> Could not find the language line "Tải Excel"
ERROR - 2020-06-29 08:45:54 --> Could not find the language line "Đóng"
ERROR - 2020-06-29 08:45:54 --> Could not find the language line "Xác Nhận"
ERROR - 2020-06-29 08:45:54 --> Severity: Warning --> Invalid argument supplied for foreach() /home/admin/domains/spshd.com/public_html/khachhang/application/views/app.php 162
ERROR - 2020-06-29 08:45:54 --> Severity: Warning --> Invalid argument supplied for foreach() /home/admin/domains/spshd.com/public_html/khachhang/application/views/app.php 173
ERROR - 2020-06-29 08:45:54 --> Could not find the language line "Đóng"
ERROR - 2020-06-29 08:45:54 --> Could not find the language line "Xác Nhận"
ERROR - 2020-06-29 08:45:54 --> Could not find the language line "Đóng"
ERROR - 2020-06-29 08:45:54 --> Could not find the language line "Xác Nhận"
ERROR - 2020-06-29 08:45:54 --> Could not find the language line "Đóng"
ERROR - 2020-06-29 08:45:54 --> Could not find the language line "Tải"
ERROR - 2020-06-29 08:56:07 --> Could not find the language line "Tạo Điểm Lấy Hàng"
ERROR - 2020-06-29 08:56:07 --> Could not find the language line "Tạo Đơn Hàng"
ERROR - 2020-06-29 08:56:07 --> Could not find the language line "Tải Excel"
ERROR - 2020-06-29 08:56:07 --> Could not find the language line "Đóng"
ERROR - 2020-06-29 08:56:07 --> Could not find the language line "Xác Nhận"
ERROR - 2020-06-29 08:56:07 --> Severity: Warning --> Invalid argument supplied for foreach() /home/admin/domains/spshd.com/public_html/khachhang/application/views/app.php 162
ERROR - 2020-06-29 08:56:07 --> Severity: Warning --> Invalid argument supplied for foreach() /home/admin/domains/spshd.com/public_html/khachhang/application/views/app.php 173
ERROR - 2020-06-29 08:56:07 --> Could not find the language line "Đóng"
ERROR - 2020-06-29 08:56:07 --> Could not find the language line "Xác Nhận"
ERROR - 2020-06-29 08:56:07 --> Could not find the language line "Đóng"
ERROR - 2020-06-29 08:56:07 --> Could not find the language line "Xác Nhận"
ERROR - 2020-06-29 08:56:07 --> Could not find the language line "Đóng"
ERROR - 2020-06-29 08:56:07 --> Could not find the language line "Tải"
ERROR - 2020-06-29 03:20:15 --> Could not find the language line "Email"
ERROR - 2020-06-29 03:20:15 --> Could not find the language line "password"
ERROR - 2020-06-29 09:25:14 --> Could not find the language line "Tạo Điểm Lấy Hàng"
ERROR - 2020-06-29 09:25:14 --> Could not find the language line "Tạo Đơn Hàng"
ERROR - 2020-06-29 09:25:14 --> Could not find the language line "Tải Excel"
ERROR - 2020-06-29 09:25:14 --> Could not find the language line "Đóng"
ERROR - 2020-06-29 09:25:14 --> Could not find the language line "Xác Nhận"
ERROR - 2020-06-29 09:25:14 --> Severity: Warning --> Invalid argument supplied for foreach() /home/admin/domains/spshd.com/public_html/khachhang/application/views/app.php 162
ERROR - 2020-06-29 09:25:14 --> Severity: Warning --> Invalid argument supplied for foreach() /home/admin/domains/spshd.com/public_html/khachhang/application/views/app.php 173
ERROR - 2020-06-29 09:25:14 --> Could not find the language line "Đóng"
ERROR - 2020-06-29 09:25:14 --> Could not find the language line "Xác Nhận"
ERROR - 2020-06-29 09:25:14 --> Could not find the language line "Đóng"
ERROR - 2020-06-29 09:25:14 --> Could not find the language line "Xác Nhận"
ERROR - 2020-06-29 09:25:14 --> Could not find the language line "Đóng"
ERROR - 2020-06-29 09:25:14 --> Could not find the language line "Tải"
ERROR - 2020-06-29 09:25:31 --> Could not find the language line "Tạo Điểm Lấy Hàng"
ERROR - 2020-06-29 09:25:31 --> Could not find the language line "Tạo Đơn Hàng"
ERROR - 2020-06-29 09:25:31 --> Could not find the language line "Tải Excel"
ERROR - 2020-06-29 09:25:31 --> Could not find the language line "Đóng"
ERROR - 2020-06-29 09:25:31 --> Could not find the language line "Xác Nhận"
ERROR - 2020-06-29 09:25:31 --> Severity: Warning --> Invalid argument supplied for foreach() /home/admin/domains/spshd.com/public_html/khachhang/application/views/app.php 162
ERROR - 2020-06-29 09:25:31 --> Severity: Warning --> Invalid argument supplied for foreach() /home/admin/domains/spshd.com/public_html/khachhang/application/views/app.php 173
ERROR - 2020-06-29 09:25:31 --> Could not find the language line "Đóng"
ERROR - 2020-06-29 09:25:31 --> Could not find the language line "Xác Nhận"
ERROR - 2020-06-29 09:25:31 --> Could not find the language line "Đóng"
ERROR - 2020-06-29 09:25:31 --> Could not find the language line "Xác Nhận"
ERROR - 2020-06-29 09:25:31 --> Could not find the language line "Đóng"
ERROR - 2020-06-29 09:25:31 --> Could not find the language line "Tải"
ERROR - 2020-06-29 09:26:27 --> Could not find the language line "Tạo Điểm Lấy Hàng"
ERROR - 2020-06-29 09:26:27 --> Could not find the language line "Tạo Đơn Hàng"
ERROR - 2020-06-29 09:26:27 --> Could not find the language line "Tải Excel"
ERROR - 2020-06-29 09:26:27 --> Could not find the language line "Đóng"
ERROR - 2020-06-29 09:26:27 --> Could not find the language line "Xác Nhận"
ERROR - 2020-06-29 09:26:27 --> Severity: Warning --> Invalid argument supplied for foreach() /home/admin/domains/spshd.com/public_html/khachhang/application/views/app.php 162
ERROR - 2020-06-29 09:26:27 --> Severity: Warning --> Invalid argument supplied for foreach() /home/admin/domains/spshd.com/public_html/khachhang/application/views/app.php 173
ERROR - 2020-06-29 09:26:27 --> Could not find the language line "Đóng"
ERROR - 2020-06-29 09:26:27 --> Could not find the language line "Xác Nhận"
ERROR - 2020-06-29 09:26:27 --> Could not find the language line "Đóng"
ERROR - 2020-06-29 09:26:27 --> Could not find the language line "Xác Nhận"
ERROR - 2020-06-29 09:26:27 --> Could not find the language line "Đóng"
ERROR - 2020-06-29 09:26:27 --> Could not find the language line "Tải"
ERROR - 2020-06-29 09:59:03 --> Could not find the language line "Tạo Điểm Lấy Hàng"
ERROR - 2020-06-29 09:59:03 --> Could not find the language line "Tạo Đơn Hàng"
ERROR - 2020-06-29 09:59:03 --> Could not find the language line "Tải Excel"
ERROR - 2020-06-29 09:59:03 --> Could not find the language line "Đóng"
ERROR - 2020-06-29 09:59:03 --> Could not find the language line "Xác Nhận"
ERROR - 2020-06-29 09:59:03 --> Severity: Warning --> Invalid argument supplied for foreach() /home/admin/domains/spshd.com/public_html/khachhang/application/views/app.php 162
ERROR - 2020-06-29 09:59:03 --> Severity: Warning --> Invalid argument supplied for foreach() /home/admin/domains/spshd.com/public_html/khachhang/application/views/app.php 173
ERROR - 2020-06-29 09:59:03 --> Could not find the language line "Đóng"
ERROR - 2020-06-29 09:59:03 --> Could not find the language line "Xác Nhận"
ERROR - 2020-06-29 09:59:03 --> Could not find the language line "Đóng"
ERROR - 2020-06-29 09:59:03 --> Could not find the language line "Xác Nhận"
ERROR - 2020-06-29 09:59:03 --> Could not find the language line "Đóng"
ERROR - 2020-06-29 09:59:03 --> Could not find the language line "Tải"
ERROR - 2020-06-29 10:00:39 --> Could not find the language line "Tạo Điểm Lấy Hàng"
ERROR - 2020-06-29 10:00:39 --> Could not find the language line "Tạo Đơn Hàng"
ERROR - 2020-06-29 10:00:39 --> Could not find the language line "Tải Excel"
ERROR - 2020-06-29 10:00:39 --> Could not find the language line "Đóng"
ERROR - 2020-06-29 10:00:39 --> Could not find the language line "Xác Nhận"
ERROR - 2020-06-29 10:00:39 --> Severity: Warning --> Invalid argument supplied for foreach() /home/admin/domains/spshd.com/public_html/khachhang/application/views/app.php 162
ERROR - 2020-06-29 10:00:39 --> Severity: Warning --> Invalid argument supplied for foreach() /home/admin/domains/spshd.com/public_html/khachhang/application/views/app.php 173
ERROR - 2020-06-29 10:00:39 --> Could not find the language line "Đóng"
ERROR - 2020-06-29 10:00:39 --> Could not find the language line "Xác Nhận"
ERROR - 2020-06-29 10:00:39 --> Could not find the language line "Đóng"
ERROR - 2020-06-29 10:00:39 --> Could not find the language line "Xác Nhận"
ERROR - 2020-06-29 10:00:39 --> Could not find the language line "Đóng"
ERROR - 2020-06-29 10:00:39 --> Could not find the language line "Tải"
ERROR - 2020-06-29 04:14:01 --> Could not find the language line "Email"
ERROR - 2020-06-29 04:14:01 --> Could not find the language line "password"
ERROR - 2020-06-29 10:22:35 --> Could not find the language line "Tạo Điểm Lấy Hàng"
ERROR - 2020-06-29 10:22:35 --> Could not find the language line "Tạo Đơn Hàng"
ERROR - 2020-06-29 10:22:35 --> Could not find the language line "Tải Excel"
ERROR - 2020-06-29 10:22:35 --> Could not find the language line "Đóng"
ERROR - 2020-06-29 10:22:35 --> Could not find the language line "Xác Nhận"
ERROR - 2020-06-29 10:22:35 --> Severity: Warning --> Invalid argument supplied for foreach() /home/admin/domains/spshd.com/public_html/khachhang/application/views/app.php 162
ERROR - 2020-06-29 10:22:35 --> Severity: Warning --> Invalid argument supplied for foreach() /home/admin/domains/spshd.com/public_html/khachhang/application/views/app.php 173
ERROR - 2020-06-29 10:22:35 --> Could not find the language line "Đóng"
ERROR - 2020-06-29 10:22:35 --> Could not find the language line "Xác Nhận"
ERROR - 2020-06-29 10:22:35 --> Could not find the language line "Đóng"
ERROR - 2020-06-29 10:22:35 --> Could not find the language line "Xác Nhận"
ERROR - 2020-06-29 10:22:35 --> Could not find the language line "Đóng"
ERROR - 2020-06-29 10:22:35 --> Could not find the language line "Tải"
ERROR - 2020-06-29 10:45:01 --> Could not find the language line "Tạo Điểm Lấy Hàng"
ERROR - 2020-06-29 10:45:01 --> Could not find the language line "Tạo Đơn Hàng"
ERROR - 2020-06-29 10:45:01 --> Could not find the language line "Tải Excel"
ERROR - 2020-06-29 10:45:01 --> Could not find the language line "Đóng"
ERROR - 2020-06-29 10:45:01 --> Could not find the language line "Xác Nhận"
ERROR - 2020-06-29 10:45:01 --> Severity: Warning --> Invalid argument supplied for foreach() /home/admin/domains/spshd.com/public_html/khachhang/application/views/app.php 162
ERROR - 2020-06-29 10:45:01 --> Severity: Warning --> Invalid argument supplied for foreach() /home/admin/domains/spshd.com/public_html/khachhang/application/views/app.php 173
ERROR - 2020-06-29 10:45:01 --> Could not find the language line "Đóng"
ERROR - 2020-06-29 10:45:01 --> Could not find the language line "Xác Nhận"
ERROR - 2020-06-29 10:45:01 --> Could not find the language line "Đóng"
ERROR - 2020-06-29 10:45:01 --> Could not find the language line "Xác Nhận"
ERROR - 2020-06-29 10:45:01 --> Could not find the language line "Đóng"
ERROR - 2020-06-29 10:45:01 --> Could not find the language line "Tải"
ERROR - 2020-06-29 10:51:03 --> Could not find the language line "Tạo Điểm Lấy Hàng"
ERROR - 2020-06-29 10:51:03 --> Could not find the language line "Tạo Đơn Hàng"
ERROR - 2020-06-29 10:51:03 --> Could not find the language line "Tải Excel"
ERROR - 2020-06-29 10:51:03 --> Could not find the language line "Đóng"
ERROR - 2020-06-29 10:51:03 --> Could not find the language line "Xác Nhận"
ERROR - 2020-06-29 10:51:03 --> Severity: Warning --> Invalid argument supplied for foreach() /home/admin/domains/spshd.com/public_html/khachhang/application/views/app.php 162
ERROR - 2020-06-29 10:51:03 --> Severity: Warning --> Invalid argument supplied for foreach() /home/admin/domains/spshd.com/public_html/khachhang/application/views/app.php 173
ERROR - 2020-06-29 10:51:03 --> Could not find the language line "Đóng"
ERROR - 2020-06-29 10:51:03 --> Could not find the language line "Xác Nhận"
ERROR - 2020-06-29 10:51:03 --> Could not find the language line "Đóng"
ERROR - 2020-06-29 10:51:03 --> Could not find the language line "Xác Nhận"
ERROR - 2020-06-29 10:51:03 --> Could not find the language line "Đóng"
ERROR - 2020-06-29 10:51:03 --> Could not find the language line "Tải"
ERROR - 2020-06-29 10:55:22 --> Could not find the language line "Tạo Điểm Lấy Hàng"
ERROR - 2020-06-29 10:55:22 --> Could not find the language line "Tạo Đơn Hàng"
ERROR - 2020-06-29 10:55:22 --> Could not find the language line "Tải Excel"
ERROR - 2020-06-29 10:55:22 --> Could not find the language line "Đóng"
ERROR - 2020-06-29 10:55:22 --> Could not find the language line "Xác Nhận"
ERROR - 2020-06-29 10:55:22 --> Severity: Warning --> Invalid argument supplied for foreach() /home/admin/domains/spshd.com/public_html/khachhang/application/views/app.php 162
ERROR - 2020-06-29 10:55:22 --> Severity: Warning --> Invalid argument supplied for foreach() /home/admin/domains/spshd.com/public_html/khachhang/application/views/app.php 173
ERROR - 2020-06-29 10:55:22 --> Could not find the language line "Đóng"
ERROR - 2020-06-29 10:55:22 --> Could not find the language line "Xác Nhận"
ERROR - 2020-06-29 10:55:22 --> Could not find the language line "Đóng"
ERROR - 2020-06-29 10:55:22 --> Could not find the language line "Xác Nhận"
ERROR - 2020-06-29 10:55:22 --> Could not find the language line "Đóng"
ERROR - 2020-06-29 10:55:22 --> Could not find the language line "Tải"
ERROR - 2020-06-29 11:56:41 --> Could not find the language line "Tạo Điểm Lấy Hàng"
ERROR - 2020-06-29 11:56:41 --> Could not find the language line "Tạo Đơn Hàng"
ERROR - 2020-06-29 11:56:41 --> Could not find the language line "Tải Excel"
ERROR - 2020-06-29 11:56:41 --> Could not find the language line "Đóng"
ERROR - 2020-06-29 11:56:41 --> Could not find the language line "Xác Nhận"
ERROR - 2020-06-29 11:56:41 --> Severity: Warning --> Invalid argument supplied for foreach() /home/admin/domains/spshd.com/public_html/khachhang/application/views/app.php 162
ERROR - 2020-06-29 11:56:41 --> Severity: Warning --> Invalid argument supplied for foreach() /home/admin/domains/spshd.com/public_html/khachhang/application/views/app.php 173
ERROR - 2020-06-29 11:56:41 --> Could not find the language line "Đóng"
ERROR - 2020-06-29 11:56:41 --> Could not find the language line "Xác Nhận"
ERROR - 2020-06-29 11:56:41 --> Could not find the language line "Đóng"
ERROR - 2020-06-29 11:56:41 --> Could not find the language line "Xác Nhận"
ERROR - 2020-06-29 11:56:41 --> Could not find the language line "Đóng"
ERROR - 2020-06-29 11:56:41 --> Could not find the language line "Tải"
ERROR - 2020-06-29 12:02:04 --> Could not find the language line "Tạo Điểm Lấy Hàng"
ERROR - 2020-06-29 12:02:04 --> Could not find the language line "Tạo Đơn Hàng"
ERROR - 2020-06-29 12:02:04 --> Could not find the language line "Tải Excel"
ERROR - 2020-06-29 12:02:04 --> Could not find the language line "Đóng"
ERROR - 2020-06-29 12:02:04 --> Could not find the language line "Xác Nhận"
ERROR - 2020-06-29 12:02:04 --> Severity: Warning --> Invalid argument supplied for foreach() /home/admin/domains/spshd.com/public_html/khachhang/application/views/app.php 162
ERROR - 2020-06-29 12:02:04 --> Severity: Warning --> Invalid argument supplied for foreach() /home/admin/domains/spshd.com/public_html/khachhang/application/views/app.php 173
ERROR - 2020-06-29 12:02:04 --> Could not find the language line "Đóng"
ERROR - 2020-06-29 12:02:04 --> Could not find the language line "Xác Nhận"
ERROR - 2020-06-29 12:02:04 --> Could not find the language line "Đóng"
ERROR - 2020-06-29 12:02:04 --> Could not find the language line "Xác Nhận"
ERROR - 2020-06-29 12:02:04 --> Could not find the language line "Đóng"
ERROR - 2020-06-29 12:02:04 --> Could not find the language line "Tải"
ERROR - 2020-06-29 06:26:28 --> Could not find the language line "Email"
ERROR - 2020-06-29 06:26:28 --> Could not find the language line "password"
ERROR - 2020-06-29 13:02:30 --> Could not find the language line "Tạo Điểm Lấy Hàng"
ERROR - 2020-06-29 13:02:30 --> Could not find the language line "Tạo Đơn Hàng"
ERROR - 2020-06-29 13:02:30 --> Could not find the language line "Tải Excel"
ERROR - 2020-06-29 13:02:30 --> Could not find the language line "Đóng"
ERROR - 2020-06-29 13:02:30 --> Could not find the language line "Xác Nhận"
ERROR - 2020-06-29 13:02:30 --> Severity: Warning --> Invalid argument supplied for foreach() /home/admin/domains/spshd.com/public_html/khachhang/application/views/app.php 162
ERROR - 2020-06-29 13:02:30 --> Severity: Warning --> Invalid argument supplied for foreach() /home/admin/domains/spshd.com/public_html/khachhang/application/views/app.php 173
ERROR - 2020-06-29 13:02:30 --> Could not find the language line "Đóng"
ERROR - 2020-06-29 13:02:30 --> Could not find the language line "Xác Nhận"
ERROR - 2020-06-29 13:02:30 --> Could not find the language line "Đóng"
ERROR - 2020-06-29 13:02:30 --> Could not find the language line "Xác Nhận"
ERROR - 2020-06-29 13:02:30 --> Could not find the language line "Đóng"
ERROR - 2020-06-29 13:02:30 --> Could not find the language line "Tải"
ERROR - 2020-06-29 07:03:35 --> Could not find the language line "Email"
ERROR - 2020-06-29 07:03:35 --> Could not find the language line "password"
ERROR - 2020-06-29 13:13:13 --> Could not find the language line "Tạo Điểm Lấy Hàng"
ERROR - 2020-06-29 13:13:13 --> Could not find the language line "Tạo Đơn Hàng"
ERROR - 2020-06-29 13:13:13 --> Could not find the language line "Tải Excel"
ERROR - 2020-06-29 13:13:13 --> Could not find the language line "Đóng"
ERROR - 2020-06-29 13:13:13 --> Could not find the language line "Xác Nhận"
ERROR - 2020-06-29 13:13:13 --> Severity: Warning --> Invalid argument supplied for foreach() /home/admin/domains/spshd.com/public_html/khachhang/application/views/app.php 162
ERROR - 2020-06-29 13:13:13 --> Severity: Warning --> Invalid argument supplied for foreach() /home/admin/domains/spshd.com/public_html/khachhang/application/views/app.php 173
ERROR - 2020-06-29 13:13:13 --> Could not find the language line "Đóng"
ERROR - 2020-06-29 13:13:13 --> Could not find the language line "Xác Nhận"
ERROR - 2020-06-29 13:13:13 --> Could not find the language line "Đóng"
ERROR - 2020-06-29 13:13:13 --> Could not find the language line "Xác Nhận"
ERROR - 2020-06-29 13:13:13 --> Could not find the language line "Đóng"
ERROR - 2020-06-29 13:13:13 --> Could not find the language line "Tải"
ERROR - 2020-06-29 13:17:27 --> Could not find the language line "Tạo Điểm Lấy Hàng"
ERROR - 2020-06-29 13:17:27 --> Could not find the language line "Tạo Đơn Hàng"
ERROR - 2020-06-29 13:17:27 --> Could not find the language line "Tải Excel"
ERROR - 2020-06-29 13:17:27 --> Could not find the language line "Đóng"
ERROR - 2020-06-29 13:17:27 --> Could not find the language line "Xác Nhận"
ERROR - 2020-06-29 13:17:27 --> Severity: Warning --> Invalid argument supplied for foreach() /home/admin/domains/spshd.com/public_html/khachhang/application/views/app.php 162
ERROR - 2020-06-29 13:17:27 --> Severity: Warning --> Invalid argument supplied for foreach() /home/admin/domains/spshd.com/public_html/khachhang/application/views/app.php 173
ERROR - 2020-06-29 13:17:27 --> Could not find the language line "Đóng"
ERROR - 2020-06-29 13:17:27 --> Could not find the language line "Xác Nhận"
ERROR - 2020-06-29 13:17:27 --> Could not find the language line "Đóng"
ERROR - 2020-06-29 13:17:27 --> Could not find the language line "Xác Nhận"
ERROR - 2020-06-29 13:17:27 --> Could not find the language line "Đóng"
ERROR - 2020-06-29 13:17:27 --> Could not find the language line "Tải"
ERROR - 2020-06-29 14:40:48 --> Could not find the language line "Tạo Điểm Lấy Hàng"
ERROR - 2020-06-29 14:40:48 --> Could not find the language line "Tạo Đơn Hàng"
ERROR - 2020-06-29 14:40:48 --> Could not find the language line "Tải Excel"
ERROR - 2020-06-29 14:40:48 --> Could not find the language line "Đóng"
ERROR - 2020-06-29 14:40:48 --> Could not find the language line "Xác Nhận"
ERROR - 2020-06-29 14:40:48 --> Severity: Warning --> Invalid argument supplied for foreach() /home/admin/domains/spshd.com/public_html/khachhang/application/views/app.php 162
ERROR - 2020-06-29 14:40:48 --> Severity: Warning --> Invalid argument supplied for foreach() /home/admin/domains/spshd.com/public_html/khachhang/application/views/app.php 173
ERROR - 2020-06-29 14:40:48 --> Could not find the language line "Đóng"
ERROR - 2020-06-29 14:40:48 --> Could not find the language line "Xác Nhận"
ERROR - 2020-06-29 14:40:48 --> Could not find the language line "Đóng"
ERROR - 2020-06-29 14:40:48 --> Could not find the language line "Xác Nhận"
ERROR - 2020-06-29 14:40:48 --> Could not find the language line "Đóng"
ERROR - 2020-06-29 14:40:48 --> Could not find the language line "Tải"
ERROR - 2020-06-29 14:51:25 --> Could not find the language line "Tạo Điểm Lấy Hàng"
ERROR - 2020-06-29 14:51:25 --> Could not find the language line "Tạo Đơn Hàng"
ERROR - 2020-06-29 14:51:25 --> Could not find the language line "Tải Excel"
ERROR - 2020-06-29 14:51:25 --> Could not find the language line "Đóng"
ERROR - 2020-06-29 14:51:25 --> Could not find the language line "Xác Nhận"
ERROR - 2020-06-29 14:51:25 --> Severity: Warning --> Invalid argument supplied for foreach() /home/admin/domains/spshd.com/public_html/khachhang/application/views/app.php 162
ERROR - 2020-06-29 14:51:25 --> Severity: Warning --> Invalid argument supplied for foreach() /home/admin/domains/spshd.com/public_html/khachhang/application/views/app.php 173
ERROR - 2020-06-29 14:51:25 --> Could not find the language line "Đóng"
ERROR - 2020-06-29 14:51:25 --> Could not find the language line "Xác Nhận"
ERROR - 2020-06-29 14:51:25 --> Could not find the language line "Đóng"
ERROR - 2020-06-29 14:51:25 --> Could not find the language line "Xác Nhận"
ERROR - 2020-06-29 14:51:25 --> Could not find the language line "Đóng"
ERROR - 2020-06-29 14:51:25 --> Could not find the language line "Tải"
ERROR - 2020-06-29 14:56:48 --> Could not find the language line "Tạo Điểm Lấy Hàng"
ERROR - 2020-06-29 14:56:48 --> Could not find the language line "Tạo Đơn Hàng"
ERROR - 2020-06-29 14:56:48 --> Could not find the language line "Tải Excel"
ERROR - 2020-06-29 14:56:48 --> Could not find the language line "Đóng"
ERROR - 2020-06-29 14:56:48 --> Could not find the language line "Xác Nhận"
ERROR - 2020-06-29 14:56:48 --> Severity: Warning --> Invalid argument supplied for foreach() /home/admin/domains/spshd.com/public_html/khachhang/application/views/app.php 162
ERROR - 2020-06-29 14:56:48 --> Severity: Warning --> Invalid argument supplied for foreach() /home/admin/domains/spshd.com/public_html/khachhang/application/views/app.php 173
ERROR - 2020-06-29 14:56:48 --> Could not find the language line "Đóng"
ERROR - 2020-06-29 14:56:48 --> Could not find the language line "Xác Nhận"
ERROR - 2020-06-29 14:56:48 --> Could not find the language line "Đóng"
ERROR - 2020-06-29 14:56:48 --> Could not find the language line "Xác Nhận"
ERROR - 2020-06-29 14:56:48 --> Could not find the language line "Đóng"
ERROR - 2020-06-29 14:56:48 --> Could not find the language line "Tải"
ERROR - 2020-06-29 15:03:58 --> Could not find the language line "Tạo Điểm Lấy Hàng"
ERROR - 2020-06-29 15:03:58 --> Could not find the language line "Tạo Đơn Hàng"
ERROR - 2020-06-29 15:03:58 --> Could not find the language line "Tải Excel"
ERROR - 2020-06-29 15:03:58 --> Could not find the language line "Đóng"
ERROR - 2020-06-29 15:03:58 --> Could not find the language line "Xác Nhận"
ERROR - 2020-06-29 15:03:58 --> Severity: Warning --> Invalid argument supplied for foreach() /home/admin/domains/spshd.com/public_html/khachhang/application/views/app.php 162
ERROR - 2020-06-29 15:03:58 --> Severity: Warning --> Invalid argument supplied for foreach() /home/admin/domains/spshd.com/public_html/khachhang/application/views/app.php 173
ERROR - 2020-06-29 15:03:58 --> Could not find the language line "Đóng"
ERROR - 2020-06-29 15:03:58 --> Could not find the language line "Xác Nhận"
ERROR - 2020-06-29 15:03:58 --> Could not find the language line "Đóng"
ERROR - 2020-06-29 15:03:58 --> Could not find the language line "Xác Nhận"
ERROR - 2020-06-29 15:03:58 --> Could not find the language line "Đóng"
ERROR - 2020-06-29 15:03:58 --> Could not find the language line "Tải"
ERROR - 2020-06-29 15:05:55 --> Could not find the language line "Tạo Điểm Lấy Hàng"
ERROR - 2020-06-29 15:05:55 --> Could not find the language line "Tạo Đơn Hàng"
ERROR - 2020-06-29 15:05:55 --> Could not find the language line "Tải Excel"
ERROR - 2020-06-29 15:05:55 --> Could not find the language line "Đóng"
ERROR - 2020-06-29 15:05:55 --> Could not find the language line "Xác Nhận"
ERROR - 2020-06-29 15:05:55 --> Severity: Warning --> Invalid argument supplied for foreach() /home/admin/domains/spshd.com/public_html/khachhang/application/views/app.php 162
ERROR - 2020-06-29 15:05:55 --> Severity: Warning --> Invalid argument supplied for foreach() /home/admin/domains/spshd.com/public_html/khachhang/application/views/app.php 173
ERROR - 2020-06-29 15:05:55 --> Could not find the language line "Đóng"
ERROR - 2020-06-29 15:05:55 --> Could not find the language line "Xác Nhận"
ERROR - 2020-06-29 15:05:55 --> Could not find the language line "Đóng"
ERROR - 2020-06-29 15:05:55 --> Could not find the language line "Xác Nhận"
ERROR - 2020-06-29 15:05:55 --> Could not find the language line "Đóng"
ERROR - 2020-06-29 15:05:55 --> Could not find the language line "Tải"
ERROR - 2020-06-29 15:06:01 --> Could not find the language line "Tạo Điểm Lấy Hàng"
ERROR - 2020-06-29 15:06:01 --> Could not find the language line "Tạo Đơn Hàng"
ERROR - 2020-06-29 15:06:01 --> Could not find the language line "Tải Excel"
ERROR - 2020-06-29 15:06:01 --> Could not find the language line "Đóng"
ERROR - 2020-06-29 15:06:01 --> Could not find the language line "Xác Nhận"
ERROR - 2020-06-29 15:06:01 --> Severity: Warning --> Invalid argument supplied for foreach() /home/admin/domains/spshd.com/public_html/khachhang/application/views/app.php 162
ERROR - 2020-06-29 15:06:01 --> Severity: Warning --> Invalid argument supplied for foreach() /home/admin/domains/spshd.com/public_html/khachhang/application/views/app.php 173
ERROR - 2020-06-29 15:06:01 --> Could not find the language line "Đóng"
ERROR - 2020-06-29 15:06:01 --> Could not find the language line "Xác Nhận"
ERROR - 2020-06-29 15:06:01 --> Could not find the language line "Đóng"
ERROR - 2020-06-29 15:06:01 --> Could not find the language line "Xác Nhận"
ERROR - 2020-06-29 15:06:01 --> Could not find the language line "Đóng"
ERROR - 2020-06-29 15:06:01 --> Could not find the language line "Tải"
ERROR - 2020-06-29 15:08:44 --> Could not find the language line "Tạo Điểm Lấy Hàng"
ERROR - 2020-06-29 15:08:44 --> Could not find the language line "Tạo Đơn Hàng"
ERROR - 2020-06-29 15:08:44 --> Could not find the language line "Tải Excel"
ERROR - 2020-06-29 15:08:44 --> Could not find the language line "Đóng"
ERROR - 2020-06-29 15:08:44 --> Could not find the language line "Xác Nhận"
ERROR - 2020-06-29 15:08:44 --> Severity: Warning --> Invalid argument supplied for foreach() /home/admin/domains/spshd.com/public_html/khachhang/application/views/app.php 162
ERROR - 2020-06-29 15:08:44 --> Severity: Warning --> Invalid argument supplied for foreach() /home/admin/domains/spshd.com/public_html/khachhang/application/views/app.php 173
ERROR - 2020-06-29 15:08:44 --> Could not find the language line "Đóng"
ERROR - 2020-06-29 15:08:44 --> Could not find the language line "Xác Nhận"
ERROR - 2020-06-29 15:08:44 --> Could not find the language line "Đóng"
ERROR - 2020-06-29 15:08:44 --> Could not find the language line "Xác Nhận"
ERROR - 2020-06-29 15:08:44 --> Could not find the language line "Đóng"
ERROR - 2020-06-29 15:08:44 --> Could not find the language line "Tải"
ERROR - 2020-06-29 15:30:49 --> Could not find the language line "Tạo Điểm Lấy Hàng"
ERROR - 2020-06-29 15:30:49 --> Could not find the language line "Tạo Đơn Hàng"
ERROR - 2020-06-29 15:30:49 --> Could not find the language line "Tải Excel"
ERROR - 2020-06-29 15:30:49 --> Could not find the language line "Đóng"
ERROR - 2020-06-29 15:30:49 --> Could not find the language line "Xác Nhận"
ERROR - 2020-06-29 15:30:49 --> Severity: Warning --> Invalid argument supplied for foreach() /home/admin/domains/spshd.com/public_html/khachhang/application/views/app.php 162
ERROR - 2020-06-29 15:30:49 --> Severity: Warning --> Invalid argument supplied for foreach() /home/admin/domains/spshd.com/public_html/khachhang/application/views/app.php 173
ERROR - 2020-06-29 15:30:49 --> Could not find the language line "Đóng"
ERROR - 2020-06-29 15:30:49 --> Could not find the language line "Xác Nhận"
ERROR - 2020-06-29 15:30:49 --> Could not find the language line "Đóng"
ERROR - 2020-06-29 15:30:49 --> Could not find the language line "Xác Nhận"
ERROR - 2020-06-29 15:30:49 --> Could not find the language line "Đóng"
ERROR - 2020-06-29 15:30:49 --> Could not find the language line "Tải"
ERROR - 2020-06-29 15:31:09 --> Could not find the language line "Tạo Điểm Lấy Hàng"
ERROR - 2020-06-29 15:31:09 --> Could not find the language line "Tạo Đơn Hàng"
ERROR - 2020-06-29 15:31:09 --> Could not find the language line "Tải Excel"
ERROR - 2020-06-29 15:31:09 --> Could not find the language line "Đóng"
ERROR - 2020-06-29 15:31:09 --> Could not find the language line "Xác Nhận"
ERROR - 2020-06-29 15:31:09 --> Severity: Warning --> Invalid argument supplied for foreach() /home/admin/domains/spshd.com/public_html/khachhang/application/views/app.php 162
ERROR - 2020-06-29 15:31:09 --> Severity: Warning --> Invalid argument supplied for foreach() /home/admin/domains/spshd.com/public_html/khachhang/application/views/app.php 173
ERROR - 2020-06-29 15:31:09 --> Could not find the language line "Đóng"
ERROR - 2020-06-29 15:31:09 --> Could not find the language line "Xác Nhận"
ERROR - 2020-06-29 15:31:09 --> Could not find the language line "Đóng"
ERROR - 2020-06-29 15:31:09 --> Could not find the language line "Xác Nhận"
ERROR - 2020-06-29 15:31:09 --> Could not find the language line "Đóng"
ERROR - 2020-06-29 15:31:09 --> Could not find the language line "Tải"
ERROR - 2020-06-29 15:31:37 --> Could not find the language line "Tạo Điểm Lấy Hàng"
ERROR - 2020-06-29 15:31:37 --> Could not find the language line "Tạo Đơn Hàng"
ERROR - 2020-06-29 15:31:37 --> Could not find the language line "Tải Excel"
ERROR - 2020-06-29 15:31:37 --> Could not find the language line "Đóng"
ERROR - 2020-06-29 15:31:37 --> Could not find the language line "Xác Nhận"
ERROR - 2020-06-29 15:31:37 --> Severity: Warning --> Invalid argument supplied for foreach() /home/admin/domains/spshd.com/public_html/khachhang/application/views/app.php 162
ERROR - 2020-06-29 15:31:37 --> Severity: Warning --> Invalid argument supplied for foreach() /home/admin/domains/spshd.com/public_html/khachhang/application/views/app.php 173
ERROR - 2020-06-29 15:31:37 --> Could not find the language line "Đóng"
ERROR - 2020-06-29 15:31:37 --> Could not find the language line "Xác Nhận"
ERROR - 2020-06-29 15:31:37 --> Could not find the language line "Đóng"
ERROR - 2020-06-29 15:31:37 --> Could not find the language line "Xác Nhận"
ERROR - 2020-06-29 15:31:37 --> Could not find the language line "Đóng"
ERROR - 2020-06-29 15:31:37 --> Could not find the language line "Tải"
ERROR - 2020-06-29 15:33:43 --> Could not find the language line "Tạo Điểm Lấy Hàng"
ERROR - 2020-06-29 15:33:43 --> Could not find the language line "Tạo Đơn Hàng"
ERROR - 2020-06-29 15:33:43 --> Could not find the language line "Tải Excel"
ERROR - 2020-06-29 15:33:43 --> Could not find the language line "Đóng"
ERROR - 2020-06-29 15:33:43 --> Could not find the language line "Xác Nhận"
ERROR - 2020-06-29 15:33:43 --> Severity: Warning --> Invalid argument supplied for foreach() /home/admin/domains/spshd.com/public_html/khachhang/application/views/app.php 162
ERROR - 2020-06-29 15:33:43 --> Severity: Warning --> Invalid argument supplied for foreach() /home/admin/domains/spshd.com/public_html/khachhang/application/views/app.php 173
ERROR - 2020-06-29 15:33:43 --> Could not find the language line "Đóng"
ERROR - 2020-06-29 15:33:43 --> Could not find the language line "Xác Nhận"
ERROR - 2020-06-29 15:33:43 --> Could not find the language line "Đóng"
ERROR - 2020-06-29 15:33:43 --> Could not find the language line "Xác Nhận"
ERROR - 2020-06-29 15:33:43 --> Could not find the language line "Đóng"
ERROR - 2020-06-29 15:33:43 --> Could not find the language line "Tải"
ERROR - 2020-06-29 15:36:38 --> Could not find the language line "Tạo Điểm Lấy Hàng"
ERROR - 2020-06-29 15:36:38 --> Could not find the language line "Tạo Đơn Hàng"
ERROR - 2020-06-29 15:36:38 --> Could not find the language line "Tải Excel"
ERROR - 2020-06-29 15:36:38 --> Could not find the language line "Đóng"
ERROR - 2020-06-29 15:36:38 --> Could not find the language line "Xác Nhận"
ERROR - 2020-06-29 15:36:38 --> Severity: Warning --> Invalid argument supplied for foreach() /home/admin/domains/spshd.com/public_html/khachhang/application/views/app.php 162
ERROR - 2020-06-29 15:36:38 --> Severity: Warning --> Invalid argument supplied for foreach() /home/admin/domains/spshd.com/public_html/khachhang/application/views/app.php 173
ERROR - 2020-06-29 15:36:38 --> Could not find the language line "Đóng"
ERROR - 2020-06-29 15:36:38 --> Could not find the language line "Xác Nhận"
ERROR - 2020-06-29 15:36:38 --> Could not find the language line "Đóng"
ERROR - 2020-06-29 15:36:38 --> Could not find the language line "Xác Nhận"
ERROR - 2020-06-29 15:36:38 --> Could not find the language line "Đóng"
ERROR - 2020-06-29 15:36:38 --> Could not find the language line "Tải"
ERROR - 2020-06-29 16:08:34 --> Could not find the language line "Tạo Điểm Lấy Hàng"
ERROR - 2020-06-29 16:08:34 --> Could not find the language line "Tạo Đơn Hàng"
ERROR - 2020-06-29 16:08:34 --> Could not find the language line "Tải Excel"
ERROR - 2020-06-29 16:08:34 --> Could not find the language line "Đóng"
ERROR - 2020-06-29 16:08:34 --> Could not find the language line "Xác Nhận"
ERROR - 2020-06-29 16:08:34 --> Severity: Warning --> Invalid argument supplied for foreach() /home/admin/domains/spshd.com/public_html/khachhang/application/views/app.php 162
ERROR - 2020-06-29 16:08:34 --> Severity: Warning --> Invalid argument supplied for foreach() /home/admin/domains/spshd.com/public_html/khachhang/application/views/app.php 173
ERROR - 2020-06-29 16:08:34 --> Could not find the language line "Đóng"
ERROR - 2020-06-29 16:08:34 --> Could not find the language line "Xác Nhận"
ERROR - 2020-06-29 16:08:34 --> Could not find the language line "Đóng"
ERROR - 2020-06-29 16:08:34 --> Could not find the language line "Xác Nhận"
ERROR - 2020-06-29 16:08:34 --> Could not find the language line "Đóng"
ERROR - 2020-06-29 16:08:34 --> Could not find the language line "Tải"
ERROR - 2020-06-29 16:12:44 --> Could not find the language line "Tạo Điểm Lấy Hàng"
ERROR - 2020-06-29 16:12:44 --> Could not find the language line "Tạo Đơn Hàng"
ERROR - 2020-06-29 16:12:44 --> Could not find the language line "Tải Excel"
ERROR - 2020-06-29 16:12:44 --> Could not find the language line "Đóng"
ERROR - 2020-06-29 16:12:44 --> Could not find the language line "Xác Nhận"
ERROR - 2020-06-29 16:12:44 --> Severity: Warning --> Invalid argument supplied for foreach() /home/admin/domains/spshd.com/public_html/khachhang/application/views/app.php 162
ERROR - 2020-06-29 16:12:44 --> Severity: Warning --> Invalid argument supplied for foreach() /home/admin/domains/spshd.com/public_html/khachhang/application/views/app.php 173
ERROR - 2020-06-29 16:12:44 --> Could not find the language line "Đóng"
ERROR - 2020-06-29 16:12:44 --> Could not find the language line "Xác Nhận"
ERROR - 2020-06-29 16:12:44 --> Could not find the language line "Đóng"
ERROR - 2020-06-29 16:12:44 --> Could not find the language line "Xác Nhận"
ERROR - 2020-06-29 16:12:44 --> Could not find the language line "Đóng"
ERROR - 2020-06-29 16:12:44 --> Could not find the language line "Tải"
ERROR - 2020-06-29 16:16:24 --> Could not find the language line "Tạo Điểm Lấy Hàng"
ERROR - 2020-06-29 16:16:24 --> Could not find the language line "Tạo Đơn Hàng"
ERROR - 2020-06-29 16:16:24 --> Could not find the language line "Tải Excel"
ERROR - 2020-06-29 16:16:24 --> Could not find the language line "Đóng"
ERROR - 2020-06-29 16:16:24 --> Could not find the language line "Xác Nhận"
ERROR - 2020-06-29 16:16:24 --> Severity: Warning --> Invalid argument supplied for foreach() /home/admin/domains/spshd.com/public_html/khachhang/application/views/app.php 162
ERROR - 2020-06-29 16:16:24 --> Severity: Warning --> Invalid argument supplied for foreach() /home/admin/domains/spshd.com/public_html/khachhang/application/views/app.php 173
ERROR - 2020-06-29 16:16:24 --> Could not find the language line "Đóng"
ERROR - 2020-06-29 16:16:24 --> Could not find the language line "Xác Nhận"
ERROR - 2020-06-29 16:16:24 --> Could not find the language line "Đóng"
ERROR - 2020-06-29 16:16:24 --> Could not find the language line "Xác Nhận"
ERROR - 2020-06-29 16:16:24 --> Could not find the language line "Đóng"
ERROR - 2020-06-29 16:16:24 --> Could not find the language line "Tải"
ERROR - 2020-06-29 17:22:08 --> Could not find the language line "Tạo Điểm Lấy Hàng"
ERROR - 2020-06-29 17:22:08 --> Could not find the language line "Tạo Đơn Hàng"
ERROR - 2020-06-29 17:22:08 --> Could not find the language line "Tải Excel"
ERROR - 2020-06-29 17:22:08 --> Could not find the language line "Đóng"
ERROR - 2020-06-29 17:22:08 --> Could not find the language line "Xác Nhận"
ERROR - 2020-06-29 17:22:08 --> Severity: Warning --> Invalid argument supplied for foreach() /home/admin/domains/spshd.com/public_html/khachhang/application/views/app.php 162
ERROR - 2020-06-29 17:22:08 --> Severity: Warning --> Invalid argument supplied for foreach() /home/admin/domains/spshd.com/public_html/khachhang/application/views/app.php 173
ERROR - 2020-06-29 17:22:08 --> Could not find the language line "Đóng"
ERROR - 2020-06-29 17:22:08 --> Could not find the language line "Xác Nhận"
ERROR - 2020-06-29 17:22:08 --> Could not find the language line "Đóng"
ERROR - 2020-06-29 17:22:08 --> Could not find the language line "Xác Nhận"
ERROR - 2020-06-29 17:22:08 --> Could not find the language line "Đóng"
ERROR - 2020-06-29 17:22:08 --> Could not find the language line "Tải"
ERROR - 2020-06-29 17:28:12 --> Could not find the language line "Tạo Điểm Lấy Hàng"
ERROR - 2020-06-29 17:28:12 --> Could not find the language line "Tạo Đơn Hàng"
ERROR - 2020-06-29 17:28:12 --> Could not find the language line "Tải Excel"
ERROR - 2020-06-29 17:28:12 --> Could not find the language line "Đóng"
ERROR - 2020-06-29 17:28:12 --> Could not find the language line "Xác Nhận"
ERROR - 2020-06-29 17:28:12 --> Severity: Warning --> Invalid argument supplied for foreach() /home/admin/domains/spshd.com/public_html/khachhang/application/views/app.php 162
ERROR - 2020-06-29 17:28:12 --> Severity: Warning --> Invalid argument supplied for foreach() /home/admin/domains/spshd.com/public_html/khachhang/application/views/app.php 173
ERROR - 2020-06-29 17:28:12 --> Could not find the language line "Đóng"
ERROR - 2020-06-29 17:28:12 --> Could not find the language line "Xác Nhận"
ERROR - 2020-06-29 17:28:12 --> Could not find the language line "Đóng"
ERROR - 2020-06-29 17:28:12 --> Could not find the language line "Xác Nhận"
ERROR - 2020-06-29 17:28:12 --> Could not find the language line "Đóng"
ERROR - 2020-06-29 17:28:12 --> Could not find the language line "Tải"
ERROR - 2020-06-29 17:34:21 --> Could not find the language line "Tạo Điểm Lấy Hàng"
ERROR - 2020-06-29 17:34:21 --> Could not find the language line "Tạo Đơn Hàng"
ERROR - 2020-06-29 17:34:21 --> Could not find the language line "Tải Excel"
ERROR - 2020-06-29 17:34:21 --> Could not find the language line "Đóng"
ERROR - 2020-06-29 17:34:21 --> Could not find the language line "Xác Nhận"
ERROR - 2020-06-29 17:34:21 --> Severity: Warning --> Invalid argument supplied for foreach() /home/admin/domains/spshd.com/public_html/khachhang/application/views/app.php 162
ERROR - 2020-06-29 17:34:21 --> Severity: Warning --> Invalid argument supplied for foreach() /home/admin/domains/spshd.com/public_html/khachhang/application/views/app.php 173
ERROR - 2020-06-29 17:34:21 --> Could not find the language line "Đóng"
ERROR - 2020-06-29 17:34:21 --> Could not find the language line "Xác Nhận"
ERROR - 2020-06-29 17:34:21 --> Could not find the language line "Đóng"
ERROR - 2020-06-29 17:34:21 --> Could not find the language line "Xác Nhận"
ERROR - 2020-06-29 17:34:21 --> Could not find the language line "Đóng"
ERROR - 2020-06-29 17:34:21 --> Could not find the language line "Tải"
ERROR - 2020-06-29 17:39:30 --> Could not find the language line "Tạo Điểm Lấy Hàng"
ERROR - 2020-06-29 17:39:30 --> Could not find the language line "Tạo Đơn Hàng"
ERROR - 2020-06-29 17:39:30 --> Could not find the language line "Tải Excel"
ERROR - 2020-06-29 17:39:30 --> Could not find the language line "Đóng"
ERROR - 2020-06-29 17:39:30 --> Could not find the language line "Xác Nhận"
ERROR - 2020-06-29 17:39:30 --> Severity: Warning --> Invalid argument supplied for foreach() /home/admin/domains/spshd.com/public_html/khachhang/application/views/app.php 162
ERROR - 2020-06-29 17:39:30 --> Severity: Warning --> Invalid argument supplied for foreach() /home/admin/domains/spshd.com/public_html/khachhang/application/views/app.php 173
ERROR - 2020-06-29 17:39:30 --> Could not find the language line "Đóng"
ERROR - 2020-06-29 17:39:30 --> Could not find the language line "Xác Nhận"
ERROR - 2020-06-29 17:39:30 --> Could not find the language line "Đóng"
ERROR - 2020-06-29 17:39:30 --> Could not find the language line "Xác Nhận"
ERROR - 2020-06-29 17:39:30 --> Could not find the language line "Đóng"
ERROR - 2020-06-29 17:39:30 --> Could not find the language line "Tải"
ERROR - 2020-06-29 17:46:51 --> Could not find the language line "Tạo Điểm Lấy Hàng"
ERROR - 2020-06-29 17:46:51 --> Could not find the language line "Tạo Đơn Hàng"
ERROR - 2020-06-29 17:46:51 --> Could not find the language line "Tải Excel"
ERROR - 2020-06-29 17:46:51 --> Could not find the language line "Đóng"
ERROR - 2020-06-29 17:46:51 --> Could not find the language line "Xác Nhận"
ERROR - 2020-06-29 17:46:51 --> Severity: Warning --> Invalid argument supplied for foreach() /home/admin/domains/spshd.com/public_html/khachhang/application/views/app.php 162
ERROR - 2020-06-29 17:46:51 --> Severity: Warning --> Invalid argument supplied for foreach() /home/admin/domains/spshd.com/public_html/khachhang/application/views/app.php 173
ERROR - 2020-06-29 17:46:51 --> Could not find the language line "Đóng"
ERROR - 2020-06-29 17:46:51 --> Could not find the language line "Xác Nhận"
ERROR - 2020-06-29 17:46:51 --> Could not find the language line "Đóng"
ERROR - 2020-06-29 17:46:51 --> Could not find the language line "Xác Nhận"
ERROR - 2020-06-29 17:46:51 --> Could not find the language line "Đóng"
ERROR - 2020-06-29 17:46:51 --> Could not find the language line "Tải"
ERROR - 2020-06-29 17:52:26 --> Could not find the language line "Tạo Điểm Lấy Hàng"
ERROR - 2020-06-29 17:52:26 --> Could not find the language line "Tạo Đơn Hàng"
ERROR - 2020-06-29 17:52:26 --> Could not find the language line "Tải Excel"
ERROR - 2020-06-29 17:52:26 --> Could not find the language line "Đóng"
ERROR - 2020-06-29 17:52:26 --> Could not find the language line "Xác Nhận"
ERROR - 2020-06-29 17:52:26 --> Severity: Warning --> Invalid argument supplied for foreach() /home/admin/domains/spshd.com/public_html/khachhang/application/views/app.php 162
ERROR - 2020-06-29 17:52:26 --> Severity: Warning --> Invalid argument supplied for foreach() /home/admin/domains/spshd.com/public_html/khachhang/application/views/app.php 173
ERROR - 2020-06-29 17:52:26 --> Could not find the language line "Đóng"
ERROR - 2020-06-29 17:52:26 --> Could not find the language line "Xác Nhận"
ERROR - 2020-06-29 17:52:26 --> Could not find the language line "Đóng"
ERROR - 2020-06-29 17:52:26 --> Could not find the language line "Xác Nhận"
ERROR - 2020-06-29 17:52:26 --> Could not find the language line "Đóng"
ERROR - 2020-06-29 17:52:26 --> Could not find the language line "Tải"
ERROR - 2020-06-29 17:54:29 --> Could not find the language line "Tạo Điểm Lấy Hàng"
ERROR - 2020-06-29 17:54:29 --> Could not find the language line "Tạo Đơn Hàng"
ERROR - 2020-06-29 17:54:29 --> Could not find the language line "Tải Excel"
ERROR - 2020-06-29 17:54:29 --> Could not find the language line "Đóng"
ERROR - 2020-06-29 17:54:29 --> Could not find the language line "Xác Nhận"
ERROR - 2020-06-29 17:54:29 --> Severity: Warning --> Invalid argument supplied for foreach() /home/admin/domains/spshd.com/public_html/khachhang/application/views/app.php 162
ERROR - 2020-06-29 17:54:29 --> Severity: Warning --> Invalid argument supplied for foreach() /home/admin/domains/spshd.com/public_html/khachhang/application/views/app.php 173
ERROR - 2020-06-29 17:54:29 --> Could not find the language line "Đóng"
ERROR - 2020-06-29 17:54:29 --> Could not find the language line "Xác Nhận"
ERROR - 2020-06-29 17:54:29 --> Could not find the language line "Đóng"
ERROR - 2020-06-29 17:54:29 --> Could not find the language line "Xác Nhận"
ERROR - 2020-06-29 17:54:29 --> Could not find the language line "Đóng"
ERROR - 2020-06-29 17:54:29 --> Could not find the language line "Tải"
ERROR - 2020-06-29 17:57:08 --> Could not find the language line "Tạo Điểm Lấy Hàng"
ERROR - 2020-06-29 17:57:08 --> Could not find the language line "Tạo Đơn Hàng"
ERROR - 2020-06-29 17:57:08 --> Could not find the language line "Tải Excel"
ERROR - 2020-06-29 17:57:08 --> Could not find the language line "Đóng"
ERROR - 2020-06-29 17:57:08 --> Could not find the language line "Xác Nhận"
ERROR - 2020-06-29 17:57:08 --> Severity: Warning --> Invalid argument supplied for foreach() /home/admin/domains/spshd.com/public_html/khachhang/application/views/app.php 162
ERROR - 2020-06-29 17:57:08 --> Severity: Warning --> Invalid argument supplied for foreach() /home/admin/domains/spshd.com/public_html/khachhang/application/views/app.php 173
ERROR - 2020-06-29 17:57:08 --> Could not find the language line "Đóng"
ERROR - 2020-06-29 17:57:08 --> Could not find the language line "Xác Nhận"
ERROR - 2020-06-29 17:57:08 --> Could not find the language line "Đóng"
ERROR - 2020-06-29 17:57:08 --> Could not find the language line "Xác Nhận"
ERROR - 2020-06-29 17:57:08 --> Could not find the language line "Đóng"
ERROR - 2020-06-29 17:57:08 --> Could not find the language line "Tải"
ERROR - 2020-06-29 18:04:27 --> Could not find the language line "Tạo Điểm Lấy Hàng"
ERROR - 2020-06-29 18:04:27 --> Could not find the language line "Tạo Đơn Hàng"
ERROR - 2020-06-29 18:04:27 --> Could not find the language line "Tải Excel"
ERROR - 2020-06-29 18:04:27 --> Could not find the language line "Đóng"
ERROR - 2020-06-29 18:04:27 --> Could not find the language line "Xác Nhận"
ERROR - 2020-06-29 18:04:27 --> Severity: Warning --> Invalid argument supplied for foreach() /home/admin/domains/spshd.com/public_html/khachhang/application/views/app.php 162
ERROR - 2020-06-29 18:04:27 --> Severity: Warning --> Invalid argument supplied for foreach() /home/admin/domains/spshd.com/public_html/khachhang/application/views/app.php 173
ERROR - 2020-06-29 18:04:27 --> Could not find the language line "Đóng"
ERROR - 2020-06-29 18:04:27 --> Could not find the language line "Xác Nhận"
ERROR - 2020-06-29 18:04:27 --> Could not find the language line "Đóng"
ERROR - 2020-06-29 18:04:27 --> Could not find the language line "Xác Nhận"
ERROR - 2020-06-29 18:04:27 --> Could not find the language line "Đóng"
ERROR - 2020-06-29 18:04:27 --> Could not find the language line "Tải"
ERROR - 2020-06-29 18:08:34 --> Could not find the language line "Tạo Điểm Lấy Hàng"
ERROR - 2020-06-29 18:08:34 --> Could not find the language line "Tạo Đơn Hàng"
ERROR - 2020-06-29 18:08:34 --> Could not find the language line "Tải Excel"
ERROR - 2020-06-29 18:08:34 --> Could not find the language line "Đóng"
ERROR - 2020-06-29 18:08:34 --> Could not find the language line "Xác Nhận"
ERROR - 2020-06-29 18:08:34 --> Severity: Warning --> Invalid argument supplied for foreach() /home/admin/domains/spshd.com/public_html/khachhang/application/views/app.php 162
ERROR - 2020-06-29 18:08:34 --> Severity: Warning --> Invalid argument supplied for foreach() /home/admin/domains/spshd.com/public_html/khachhang/application/views/app.php 173
ERROR - 2020-06-29 18:08:34 --> Could not find the language line "Đóng"
ERROR - 2020-06-29 18:08:34 --> Could not find the language line "Xác Nhận"
ERROR - 2020-06-29 18:08:34 --> Could not find the language line "Đóng"
ERROR - 2020-06-29 18:08:34 --> Could not find the language line "Xác Nhận"
ERROR - 2020-06-29 18:08:34 --> Could not find the language line "Đóng"
ERROR - 2020-06-29 18:08:34 --> Could not find the language line "Tải"
ERROR - 2020-06-29 18:10:07 --> Could not find the language line "Tạo Điểm Lấy Hàng"
ERROR - 2020-06-29 18:10:07 --> Could not find the language line "Tạo Đơn Hàng"
ERROR - 2020-06-29 18:10:07 --> Could not find the language line "Tải Excel"
ERROR - 2020-06-29 18:10:07 --> Could not find the language line "Đóng"
ERROR - 2020-06-29 18:10:07 --> Could not find the language line "Xác Nhận"
ERROR - 2020-06-29 18:10:07 --> Severity: Warning --> Invalid argument supplied for foreach() /home/admin/domains/spshd.com/public_html/khachhang/application/views/app.php 162
ERROR - 2020-06-29 18:10:07 --> Severity: Warning --> Invalid argument supplied for foreach() /home/admin/domains/spshd.com/public_html/khachhang/application/views/app.php 173
ERROR - 2020-06-29 18:10:07 --> Could not find the language line "Đóng"
ERROR - 2020-06-29 18:10:07 --> Could not find the language line "Xác Nhận"
ERROR - 2020-06-29 18:10:07 --> Could not find the language line "Đóng"
ERROR - 2020-06-29 18:10:07 --> Could not find the language line "Xác Nhận"
ERROR - 2020-06-29 18:10:07 --> Could not find the language line "Đóng"
ERROR - 2020-06-29 18:10:07 --> Could not find the language line "Tải"
ERROR - 2020-06-29 18:17:20 --> Could not find the language line "Tạo Điểm Lấy Hàng"
ERROR - 2020-06-29 18:17:20 --> Could not find the language line "Tạo Đơn Hàng"
ERROR - 2020-06-29 18:17:20 --> Could not find the language line "Tải Excel"
ERROR - 2020-06-29 18:17:20 --> Could not find the language line "Đóng"
ERROR - 2020-06-29 18:17:20 --> Could not find the language line "Xác Nhận"
ERROR - 2020-06-29 18:17:20 --> Severity: Warning --> Invalid argument supplied for foreach() /home/admin/domains/spshd.com/public_html/khachhang/application/views/app.php 162
ERROR - 2020-06-29 18:17:20 --> Severity: Warning --> Invalid argument supplied for foreach() /home/admin/domains/spshd.com/public_html/khachhang/application/views/app.php 173
ERROR - 2020-06-29 18:17:20 --> Could not find the language line "Đóng"
ERROR - 2020-06-29 18:17:20 --> Could not find the language line "Xác Nhận"
ERROR - 2020-06-29 18:17:20 --> Could not find the language line "Đóng"
ERROR - 2020-06-29 18:17:20 --> Could not find the language line "Xác Nhận"
ERROR - 2020-06-29 18:17:20 --> Could not find the language line "Đóng"
ERROR - 2020-06-29 18:17:20 --> Could not find the language line "Tải"
ERROR - 2020-06-29 18:19:21 --> Could not find the language line "Tạo Điểm Lấy Hàng"
ERROR - 2020-06-29 18:19:21 --> Could not find the language line "Tạo Đơn Hàng"
ERROR - 2020-06-29 18:19:21 --> Could not find the language line "Tải Excel"
ERROR - 2020-06-29 18:19:21 --> Could not find the language line "Đóng"
ERROR - 2020-06-29 18:19:21 --> Could not find the language line "Xác Nhận"
ERROR - 2020-06-29 18:19:21 --> Severity: Warning --> Invalid argument supplied for foreach() /home/admin/domains/spshd.com/public_html/khachhang/application/views/app.php 162
ERROR - 2020-06-29 18:19:21 --> Severity: Warning --> Invalid argument supplied for foreach() /home/admin/domains/spshd.com/public_html/khachhang/application/views/app.php 173
ERROR - 2020-06-29 18:19:21 --> Could not find the language line "Đóng"
ERROR - 2020-06-29 18:19:21 --> Could not find the language line "Xác Nhận"
ERROR - 2020-06-29 18:19:21 --> Could not find the language line "Đóng"
ERROR - 2020-06-29 18:19:21 --> Could not find the language line "Xác Nhận"
ERROR - 2020-06-29 18:19:21 --> Could not find the language line "Đóng"
ERROR - 2020-06-29 18:19:21 --> Could not find the language line "Tải"
ERROR - 2020-06-29 18:29:44 --> Could not find the language line "Tạo Điểm Lấy Hàng"
ERROR - 2020-06-29 18:29:44 --> Could not find the language line "Tạo Đơn Hàng"
ERROR - 2020-06-29 18:29:44 --> Could not find the language line "Tải Excel"
ERROR - 2020-06-29 18:29:44 --> Could not find the language line "Đóng"
ERROR - 2020-06-29 18:29:44 --> Could not find the language line "Xác Nhận"
ERROR - 2020-06-29 18:29:44 --> Severity: Warning --> Invalid argument supplied for foreach() /home/admin/domains/spshd.com/public_html/khachhang/application/views/app.php 162
ERROR - 2020-06-29 18:29:44 --> Severity: Warning --> Invalid argument supplied for foreach() /home/admin/domains/spshd.com/public_html/khachhang/application/views/app.php 173
ERROR - 2020-06-29 18:29:44 --> Could not find the language line "Đóng"
ERROR - 2020-06-29 18:29:44 --> Could not find the language line "Xác Nhận"
ERROR - 2020-06-29 18:29:44 --> Could not find the language line "Đóng"
ERROR - 2020-06-29 18:29:44 --> Could not find the language line "Xác Nhận"
ERROR - 2020-06-29 18:29:44 --> Could not find the language line "Đóng"
ERROR - 2020-06-29 18:29:44 --> Could not find the language line "Tải"
ERROR - 2020-06-29 12:29:55 --> Could not find the language line "Email"
ERROR - 2020-06-29 12:29:55 --> Could not find the language line "password"
ERROR - 2020-06-29 12:30:16 --> Could not find the language line "Email"
ERROR - 2020-06-29 12:30:16 --> Could not find the language line "password"
ERROR - 2020-06-29 12:30:22 --> Could not find the language line "Email"
ERROR - 2020-06-29 12:30:22 --> Could not find the language line "password"
ERROR - 2020-06-29 12:30:53 --> Could not find the language line "Email"
ERROR - 2020-06-29 12:30:53 --> Could not find the language line "password"
ERROR - 2020-06-29 12:30:59 --> Could not find the language line "Email"
ERROR - 2020-06-29 12:30:59 --> Could not find the language line "password"
ERROR - 2020-06-29 12:31:11 --> Could not find the language line "Email"
ERROR - 2020-06-29 12:31:11 --> Could not find the language line "password"
ERROR - 2020-06-29 12:34:46 --> Could not find the language line "Email"
ERROR - 2020-06-29 12:34:46 --> Could not find the language line "password"
ERROR - 2020-06-29 18:34:58 --> Could not find the language line "Tạo Điểm Lấy Hàng"
ERROR - 2020-06-29 18:34:58 --> Could not find the language line "Tạo Đơn Hàng"
ERROR - 2020-06-29 18:34:58 --> Could not find the language line "Tải Excel"
ERROR - 2020-06-29 18:34:58 --> Could not find the language line "Đóng"
ERROR - 2020-06-29 18:34:58 --> Could not find the language line "Xác Nhận"
ERROR - 2020-06-29 18:34:58 --> Severity: Warning --> Invalid argument supplied for foreach() /home/admin/domains/spshd.com/public_html/khachhang/application/views/app.php 162
ERROR - 2020-06-29 18:34:58 --> Severity: Warning --> Invalid argument supplied for foreach() /home/admin/domains/spshd.com/public_html/khachhang/application/views/app.php 173
ERROR - 2020-06-29 18:34:58 --> Could not find the language line "Đóng"
ERROR - 2020-06-29 18:34:58 --> Could not find the language line "Xác Nhận"
ERROR - 2020-06-29 18:34:58 --> Could not find the language line "Đóng"
ERROR - 2020-06-29 18:34:58 --> Could not find the language line "Xác Nhận"
ERROR - 2020-06-29 18:34:58 --> Could not find the language line "Đóng"
ERROR - 2020-06-29 18:34:58 --> Could not find the language line "Tải"
ERROR - 2020-06-29 18:37:51 --> Could not find the language line "Tạo Điểm Lấy Hàng"
ERROR - 2020-06-29 18:37:51 --> Could not find the language line "Tạo Đơn Hàng"
ERROR - 2020-06-29 18:37:51 --> Could not find the language line "Tải Excel"
ERROR - 2020-06-29 18:37:51 --> Could not find the language line "Đóng"
ERROR - 2020-06-29 18:37:51 --> Could not find the language line "Xác Nhận"
ERROR - 2020-06-29 18:37:51 --> Severity: Warning --> Invalid argument supplied for foreach() /home/admin/domains/spshd.com/public_html/khachhang/application/views/app.php 162
ERROR - 2020-06-29 18:37:51 --> Severity: Warning --> Invalid argument supplied for foreach() /home/admin/domains/spshd.com/public_html/khachhang/application/views/app.php 173
ERROR - 2020-06-29 18:37:51 --> Could not find the language line "Đóng"
ERROR - 2020-06-29 18:37:51 --> Could not find the language line "Xác Nhận"
ERROR - 2020-06-29 18:37:51 --> Could not find the language line "Đóng"
ERROR - 2020-06-29 18:37:51 --> Could not find the language line "Xác Nhận"
ERROR - 2020-06-29 18:37:51 --> Could not find the language line "Đóng"
ERROR - 2020-06-29 18:37:51 --> Could not find the language line "Tải"
ERROR - 2020-06-29 18:38:03 --> Could not find the language line "Tạo Điểm Lấy Hàng"
ERROR - 2020-06-29 18:38:03 --> Could not find the language line "Tạo Đơn Hàng"
ERROR - 2020-06-29 18:38:03 --> Could not find the language line "Tải Excel"
ERROR - 2020-06-29 18:38:03 --> Could not find the language line "Đóng"
ERROR - 2020-06-29 18:38:03 --> Could not find the language line "Xác Nhận"
ERROR - 2020-06-29 18:38:03 --> Severity: Warning --> Invalid argument supplied for foreach() /home/admin/domains/spshd.com/public_html/khachhang/application/views/app.php 162
ERROR - 2020-06-29 18:38:03 --> Severity: Warning --> Invalid argument supplied for foreach() /home/admin/domains/spshd.com/public_html/khachhang/application/views/app.php 173
ERROR - 2020-06-29 18:38:03 --> Could not find the language line "Đóng"
ERROR - 2020-06-29 18:38:03 --> Could not find the language line "Xác Nhận"
ERROR - 2020-06-29 18:38:03 --> Could not find the language line "Đóng"
ERROR - 2020-06-29 18:38:03 --> Could not find the language line "Xác Nhận"
ERROR - 2020-06-29 18:38:03 --> Could not find the language line "Đóng"
ERROR - 2020-06-29 18:38:03 --> Could not find the language line "Tải"
ERROR - 2020-06-29 12:41:02 --> Could not find the language line "Email"
ERROR - 2020-06-29 12:41:02 --> Could not find the language line "password"
ERROR - 2020-06-29 12:41:25 --> Could not find the language line "Email"
ERROR - 2020-06-29 12:41:25 --> Could not find the language line "password"
ERROR - 2020-06-29 12:41:43 --> Could not find the language line "Email"
ERROR - 2020-06-29 12:41:43 --> Could not find the language line "password"
ERROR - 2020-06-29 18:49:16 --> Could not find the language line "Tạo Điểm Lấy Hàng"
ERROR - 2020-06-29 18:49:16 --> Could not find the language line "Tạo Đơn Hàng"
ERROR - 2020-06-29 18:49:16 --> Could not find the language line "Tải Excel"
ERROR - 2020-06-29 18:49:16 --> Could not find the language line "Đóng"
ERROR - 2020-06-29 18:49:16 --> Could not find the language line "Xác Nhận"
ERROR - 2020-06-29 18:49:16 --> Severity: Warning --> Invalid argument supplied for foreach() /home/admin/domains/spshd.com/public_html/khachhang/application/views/app.php 162
ERROR - 2020-06-29 18:49:16 --> Severity: Warning --> Invalid argument supplied for foreach() /home/admin/domains/spshd.com/public_html/khachhang/application/views/app.php 173
ERROR - 2020-06-29 18:49:16 --> Could not find the language line "Đóng"
ERROR - 2020-06-29 18:49:16 --> Could not find the language line "Xác Nhận"
ERROR - 2020-06-29 18:49:16 --> Could not find the language line "Đóng"
ERROR - 2020-06-29 18:49:16 --> Could not find the language line "Xác Nhận"
ERROR - 2020-06-29 18:49:16 --> Could not find the language line "Đóng"
ERROR - 2020-06-29 18:49:16 --> Could not find the language line "Tải"
ERROR - 2020-06-29 18:59:41 --> Could not find the language line "Tạo Điểm Lấy Hàng"
ERROR - 2020-06-29 18:59:41 --> Could not find the language line "Tạo Đơn Hàng"
ERROR - 2020-06-29 18:59:41 --> Could not find the language line "Tải Excel"
ERROR - 2020-06-29 18:59:41 --> Could not find the language line "Đóng"
ERROR - 2020-06-29 18:59:41 --> Could not find the language line "Xác Nhận"
ERROR - 2020-06-29 18:59:41 --> Severity: Warning --> Invalid argument supplied for foreach() /home/admin/domains/spshd.com/public_html/khachhang/application/views/app.php 162
ERROR - 2020-06-29 18:59:41 --> Severity: Warning --> Invalid argument supplied for foreach() /home/admin/domains/spshd.com/public_html/khachhang/application/views/app.php 173
ERROR - 2020-06-29 18:59:41 --> Could not find the language line "Đóng"
ERROR - 2020-06-29 18:59:41 --> Could not find the language line "Xác Nhận"
ERROR - 2020-06-29 18:59:41 --> Could not find the language line "Đóng"
ERROR - 2020-06-29 18:59:41 --> Could not find the language line "Xác Nhận"
ERROR - 2020-06-29 18:59:41 --> Could not find the language line "Đóng"
ERROR - 2020-06-29 18:59:41 --> Could not find the language line "Tải"
ERROR - 2020-06-29 19:04:15 --> Could not find the language line "Tạo Điểm Lấy Hàng"
ERROR - 2020-06-29 19:04:15 --> Could not find the language line "Tạo Đơn Hàng"
ERROR - 2020-06-29 19:04:15 --> Could not find the language line "Tải Excel"
ERROR - 2020-06-29 19:04:15 --> Could not find the language line "Đóng"
ERROR - 2020-06-29 19:04:15 --> Could not find the language line "Xác Nhận"
ERROR - 2020-06-29 19:04:15 --> Severity: Warning --> Invalid argument supplied for foreach() /home/admin/domains/spshd.com/public_html/khachhang/application/views/app.php 162
ERROR - 2020-06-29 19:04:15 --> Severity: Warning --> Invalid argument supplied for foreach() /home/admin/domains/spshd.com/public_html/khachhang/application/views/app.php 173
ERROR - 2020-06-29 19:04:15 --> Could not find the language line "Đóng"
ERROR - 2020-06-29 19:04:15 --> Could not find the language line "Xác Nhận"
ERROR - 2020-06-29 19:04:15 --> Could not find the language line "Đóng"
ERROR - 2020-06-29 19:04:15 --> Could not find the language line "Xác Nhận"
ERROR - 2020-06-29 19:04:15 --> Could not find the language line "Đóng"
ERROR - 2020-06-29 19:04:15 --> Could not find the language line "Tải"
ERROR - 2020-06-29 19:06:28 --> Could not find the language line "Tạo Điểm Lấy Hàng"
ERROR - 2020-06-29 19:06:28 --> Could not find the language line "Tạo Đơn Hàng"
ERROR - 2020-06-29 19:06:28 --> Could not find the language line "Tải Excel"
ERROR - 2020-06-29 19:06:28 --> Could not find the language line "Đóng"
ERROR - 2020-06-29 19:06:28 --> Could not find the language line "Xác Nhận"
ERROR - 2020-06-29 19:06:28 --> Severity: Warning --> Invalid argument supplied for foreach() /home/admin/domains/spshd.com/public_html/khachhang/application/views/app.php 162
ERROR - 2020-06-29 19:06:28 --> Severity: Warning --> Invalid argument supplied for foreach() /home/admin/domains/spshd.com/public_html/khachhang/application/views/app.php 173
ERROR - 2020-06-29 19:06:28 --> Could not find the language line "Đóng"
ERROR - 2020-06-29 19:06:28 --> Could not find the language line "Xác Nhận"
ERROR - 2020-06-29 19:06:28 --> Could not find the language line "Đóng"
ERROR - 2020-06-29 19:06:28 --> Could not find the language line "Xác Nhận"
ERROR - 2020-06-29 19:06:28 --> Could not find the language line "Đóng"
ERROR - 2020-06-29 19:06:28 --> Could not find the language line "Tải"
ERROR - 2020-06-29 19:14:29 --> Could not find the language line "Tạo Điểm Lấy Hàng"
ERROR - 2020-06-29 19:14:29 --> Could not find the language line "Tạo Đơn Hàng"
ERROR - 2020-06-29 19:14:29 --> Could not find the language line "Tải Excel"
ERROR - 2020-06-29 19:14:29 --> Could not find the language line "Đóng"
ERROR - 2020-06-29 19:14:29 --> Could not find the language line "Xác Nhận"
ERROR - 2020-06-29 19:14:29 --> Severity: Warning --> Invalid argument supplied for foreach() /home/admin/domains/spshd.com/public_html/khachhang/application/views/app.php 162
ERROR - 2020-06-29 19:14:29 --> Severity: Warning --> Invalid argument supplied for foreach() /home/admin/domains/spshd.com/public_html/khachhang/application/views/app.php 173
ERROR - 2020-06-29 19:14:29 --> Could not find the language line "Đóng"
ERROR - 2020-06-29 19:14:29 --> Could not find the language line "Xác Nhận"
ERROR - 2020-06-29 19:14:29 --> Could not find the language line "Đóng"
ERROR - 2020-06-29 19:14:29 --> Could not find the language line "Xác Nhận"
ERROR - 2020-06-29 19:14:29 --> Could not find the language line "Đóng"
ERROR - 2020-06-29 19:14:29 --> Could not find the language line "Tải"
ERROR - 2020-06-29 19:14:29 --> Could not find the language line "Tạo Điểm Lấy Hàng"
ERROR - 2020-06-29 19:14:29 --> Could not find the language line "Tạo Đơn Hàng"
ERROR - 2020-06-29 19:14:29 --> Could not find the language line "Tải Excel"
ERROR - 2020-06-29 19:14:29 --> Could not find the language line "Đóng"
ERROR - 2020-06-29 19:14:29 --> Could not find the language line "Xác Nhận"
ERROR - 2020-06-29 19:14:29 --> Severity: Warning --> Invalid argument supplied for foreach() /home/admin/domains/spshd.com/public_html/khachhang/application/views/app.php 162
ERROR - 2020-06-29 19:14:29 --> Severity: Warning --> Invalid argument supplied for foreach() /home/admin/domains/spshd.com/public_html/khachhang/application/views/app.php 173
ERROR - 2020-06-29 19:14:29 --> Could not find the language line "Đóng"
ERROR - 2020-06-29 19:14:29 --> Could not find the language line "Xác Nhận"
ERROR - 2020-06-29 19:14:29 --> Could not find the language line "Đóng"
ERROR - 2020-06-29 19:14:29 --> Could not find the language line "Xác Nhận"
ERROR - 2020-06-29 19:14:29 --> Could not find the language line "Đóng"
ERROR - 2020-06-29 19:14:29 --> Could not find the language line "Tải"
ERROR - 2020-06-29 19:16:42 --> Could not find the language line "Tạo Điểm Lấy Hàng"
ERROR - 2020-06-29 19:16:42 --> Could not find the language line "Tạo Đơn Hàng"
ERROR - 2020-06-29 19:16:42 --> Could not find the language line "Tải Excel"
ERROR - 2020-06-29 19:16:42 --> Could not find the language line "Đóng"
ERROR - 2020-06-29 19:16:42 --> Could not find the language line "Xác Nhận"
ERROR - 2020-06-29 19:16:42 --> Severity: Warning --> Invalid argument supplied for foreach() /home/admin/domains/spshd.com/public_html/khachhang/application/views/app.php 162
ERROR - 2020-06-29 19:16:42 --> Severity: Warning --> Invalid argument supplied for foreach() /home/admin/domains/spshd.com/public_html/khachhang/application/views/app.php 173
ERROR - 2020-06-29 19:16:42 --> Could not find the language line "Đóng"
ERROR - 2020-06-29 19:16:42 --> Could not find the language line "Xác Nhận"
ERROR - 2020-06-29 19:16:42 --> Could not find the language line "Đóng"
ERROR - 2020-06-29 19:16:42 --> Could not find the language line "Xác Nhận"
ERROR - 2020-06-29 19:16:42 --> Could not find the language line "Đóng"
ERROR - 2020-06-29 19:16:42 --> Could not find the language line "Tải"
ERROR - 2020-06-29 20:21:09 --> Could not find the language line "Tạo Điểm Lấy Hàng"
ERROR - 2020-06-29 20:21:09 --> Could not find the language line "Tạo Đơn Hàng"
ERROR - 2020-06-29 20:21:09 --> Could not find the language line "Tải Excel"
ERROR - 2020-06-29 20:21:09 --> Could not find the language line "Đóng"
ERROR - 2020-06-29 20:21:09 --> Could not find the language line "Xác Nhận"
ERROR - 2020-06-29 20:21:09 --> Severity: Warning --> Invalid argument supplied for foreach() /home/admin/domains/spshd.com/public_html/khachhang/application/views/app.php 162
ERROR - 2020-06-29 20:21:09 --> Severity: Warning --> Invalid argument supplied for foreach() /home/admin/domains/spshd.com/public_html/khachhang/application/views/app.php 173
ERROR - 2020-06-29 20:21:09 --> Could not find the language line "Đóng"
ERROR - 2020-06-29 20:21:09 --> Could not find the language line "Xác Nhận"
ERROR - 2020-06-29 20:21:09 --> Could not find the language line "Đóng"
ERROR - 2020-06-29 20:21:09 --> Could not find the language line "Xác Nhận"
ERROR - 2020-06-29 20:21:09 --> Could not find the language line "Đóng"
ERROR - 2020-06-29 20:21:09 --> Could not find the language line "Tải"
ERROR - 2020-06-29 14:32:41 --> Could not find the language line "Email"
ERROR - 2020-06-29 14:32:41 --> Could not find the language line "password"
ERROR - 2020-06-29 20:35:27 --> Could not find the language line "Tạo Điểm Lấy Hàng"
ERROR - 2020-06-29 20:35:27 --> Could not find the language line "Tạo Đơn Hàng"
ERROR - 2020-06-29 20:35:27 --> Could not find the language line "Tải Excel"
ERROR - 2020-06-29 20:35:27 --> Could not find the language line "Đóng"
ERROR - 2020-06-29 20:35:27 --> Could not find the language line "Xác Nhận"
ERROR - 2020-06-29 20:35:27 --> Severity: Warning --> Invalid argument supplied for foreach() /home/admin/domains/spshd.com/public_html/khachhang/application/views/app.php 162
ERROR - 2020-06-29 20:35:27 --> Severity: Warning --> Invalid argument supplied for foreach() /home/admin/domains/spshd.com/public_html/khachhang/application/views/app.php 173
ERROR - 2020-06-29 20:35:27 --> Could not find the language line "Đóng"
ERROR - 2020-06-29 20:35:27 --> Could not find the language line "Xác Nhận"
ERROR - 2020-06-29 20:35:27 --> Could not find the language line "Đóng"
ERROR - 2020-06-29 20:35:27 --> Could not find the language line "Xác Nhận"
ERROR - 2020-06-29 20:35:27 --> Could not find the language line "Đóng"
ERROR - 2020-06-29 20:35:27 --> Could not find the language line "Tải"
ERROR - 2020-06-29 14:36:27 --> Could not find the language line "Email"
ERROR - 2020-06-29 14:36:27 --> Could not find the language line "password"
ERROR - 2020-06-29 21:26:47 --> Could not find the language line "Tạo Điểm Lấy Hàng"
ERROR - 2020-06-29 21:26:47 --> Could not find the language line "Tạo Đơn Hàng"
ERROR - 2020-06-29 21:26:47 --> Could not find the language line "Tải Excel"
ERROR - 2020-06-29 21:26:47 --> Could not find the language line "Đóng"
ERROR - 2020-06-29 21:26:47 --> Could not find the language line "Xác Nhận"
ERROR - 2020-06-29 21:26:47 --> Severity: Warning --> Invalid argument supplied for foreach() /home/admin/domains/spshd.com/public_html/khachhang/application/views/app.php 162
ERROR - 2020-06-29 21:26:47 --> Severity: Warning --> Invalid argument supplied for foreach() /home/admin/domains/spshd.com/public_html/khachhang/application/views/app.php 173
ERROR - 2020-06-29 21:26:47 --> Could not find the language line "Đóng"
ERROR - 2020-06-29 21:26:47 --> Could not find the language line "Xác Nhận"
ERROR - 2020-06-29 21:26:47 --> Could not find the language line "Đóng"
ERROR - 2020-06-29 21:26:47 --> Could not find the language line "Xác Nhận"
ERROR - 2020-06-29 21:26:47 --> Could not find the language line "Đóng"
ERROR - 2020-06-29 21:26:47 --> Could not find the language line "Tải"
ERROR - 2020-06-29 15:27:51 --> Could not find the language line "Email"
ERROR - 2020-06-29 15:27:51 --> Could not find the language line "password"
ERROR - 2020-06-29 21:46:49 --> Could not find the language line "Tạo Điểm Lấy Hàng"
ERROR - 2020-06-29 21:46:49 --> Could not find the language line "Tạo Đơn Hàng"
ERROR - 2020-06-29 21:46:49 --> Could not find the language line "Tải Excel"
ERROR - 2020-06-29 21:46:49 --> Could not find the language line "Đóng"
ERROR - 2020-06-29 21:46:49 --> Could not find the language line "Xác Nhận"
ERROR - 2020-06-29 21:46:49 --> Severity: Warning --> Invalid argument supplied for foreach() /home/admin/domains/spshd.com/public_html/khachhang/application/views/app.php 162
ERROR - 2020-06-29 21:46:49 --> Severity: Warning --> Invalid argument supplied for foreach() /home/admin/domains/spshd.com/public_html/khachhang/application/views/app.php 173
ERROR - 2020-06-29 21:46:49 --> Could not find the language line "Đóng"
ERROR - 2020-06-29 21:46:49 --> Could not find the language line "Xác Nhận"
ERROR - 2020-06-29 21:46:49 --> Could not find the language line "Đóng"
ERROR - 2020-06-29 21:46:49 --> Could not find the language line "Xác Nhận"
ERROR - 2020-06-29 21:46:49 --> Could not find the language line "Đóng"
ERROR - 2020-06-29 21:46:49 --> Could not find the language line "Tải"
ERROR - 2020-06-29 22:18:08 --> Could not find the language line "Tạo Điểm Lấy Hàng"
ERROR - 2020-06-29 22:18:08 --> Could not find the language line "Tạo Đơn Hàng"
ERROR - 2020-06-29 22:18:08 --> Could not find the language line "Tải Excel"
ERROR - 2020-06-29 22:18:08 --> Could not find the language line "Đóng"
ERROR - 2020-06-29 22:18:08 --> Could not find the language line "Xác Nhận"
ERROR - 2020-06-29 22:18:08 --> Severity: Warning --> Invalid argument supplied for foreach() /home/admin/domains/spshd.com/public_html/khachhang/application/views/app.php 162
ERROR - 2020-06-29 22:18:08 --> Severity: Warning --> Invalid argument supplied for foreach() /home/admin/domains/spshd.com/public_html/khachhang/application/views/app.php 173
ERROR - 2020-06-29 22:18:08 --> Could not find the language line "Đóng"
ERROR - 2020-06-29 22:18:08 --> Could not find the language line "Xác Nhận"
ERROR - 2020-06-29 22:18:08 --> Could not find the language line "Đóng"
ERROR - 2020-06-29 22:18:08 --> Could not find the language line "Xác Nhận"
ERROR - 2020-06-29 22:18:08 --> Could not find the language line "Đóng"
ERROR - 2020-06-29 22:18:08 --> Could not find the language line "Tải"
