ERROR - 2019-11-27 00:27:40 --> Could not find the language line "Tạo Điểm Lấy Hàng"
ERROR - 2019-11-27 00:27:40 --> Could not find the language line "Tạo Đơn Hàng"
ERROR - 2019-11-27 00:27:40 --> Severity: Warning --> Invalid argument supplied for foreach() /home/admin/domains/spshd.com/public_html/khachhang/application/views/tab4.php 394
ERROR - 2019-11-27 00:27:40 --> Could not find the language line "Đóng"
ERROR - 2019-11-27 00:27:40 --> Could not find the language line "Xác Nhận"
ERROR - 2019-11-27 00:27:40 --> Severity: Warning --> Invalid argument supplied for foreach() /home/admin/domains/spshd.com/public_html/khachhang/application/views/app.php 157
ERROR - 2019-11-27 00:27:40 --> Severity: Warning --> Invalid argument supplied for foreach() /home/admin/domains/spshd.com/public_html/khachhang/application/views/app.php 168
ERROR - 2019-11-27 00:27:40 --> Could not find the language line "Đóng"
ERROR - 2019-11-27 00:27:40 --> Could not find the language line "Xác Nhận"
ERROR - 2019-11-27 00:27:40 --> Could not find the language line "Đóng"
ERROR - 2019-11-27 00:27:40 --> Could not find the language line "Xác Nhận"
ERROR - 2019-11-27 00:27:40 --> Could not find the language line "Tạo Điểm Lấy Hàng"
ERROR - 2019-11-27 00:27:40 --> Could not find the language line "Tạo Đơn Hàng"
ERROR - 2019-11-27 00:27:40 --> Severity: Warning --> Invalid argument supplied for foreach() /home/admin/domains/spshd.com/public_html/khachhang/application/views/tab4.php 394
ERROR - 2019-11-27 00:27:40 --> Could not find the language line "Đóng"
ERROR - 2019-11-27 00:27:40 --> Could not find the language line "Xác Nhận"
ERROR - 2019-11-27 00:27:40 --> Severity: Warning --> Invalid argument supplied for foreach() /home/admin/domains/spshd.com/public_html/khachhang/application/views/app.php 157
ERROR - 2019-11-27 00:27:40 --> Severity: Warning --> Invalid argument supplied for foreach() /home/admin/domains/spshd.com/public_html/khachhang/application/views/app.php 168
ERROR - 2019-11-27 00:27:40 --> Could not find the language line "Đóng"
ERROR - 2019-11-27 00:27:40 --> Could not find the language line "Xác Nhận"
ERROR - 2019-11-27 00:27:40 --> Could not find the language line "Đóng"
ERROR - 2019-11-27 00:27:40 --> Could not find the language line "Xác Nhận"
ERROR - 2019-11-27 01:01:52 --> Could not find the language line "Email"
ERROR - 2019-11-27 01:01:52 --> Could not find the language line "password"
ERROR - 2019-11-27 01:02:44 --> Could not find the language line "Tạo Điểm Lấy Hàng"
ERROR - 2019-11-27 01:02:44 --> Could not find the language line "Tạo Đơn Hàng"
ERROR - 2019-11-27 01:02:44 --> Severity: Warning --> Invalid argument supplied for foreach() /home/admin/domains/spshd.com/public_html/khachhang/application/views/tab4.php 394
ERROR - 2019-11-27 01:02:44 --> Could not find the language line "Đóng"
ERROR - 2019-11-27 01:02:44 --> Could not find the language line "Xác Nhận"
ERROR - 2019-11-27 01:02:44 --> Severity: Warning --> Invalid argument supplied for foreach() /home/admin/domains/spshd.com/public_html/khachhang/application/views/app.php 157
ERROR - 2019-11-27 01:02:44 --> Severity: Warning --> Invalid argument supplied for foreach() /home/admin/domains/spshd.com/public_html/khachhang/application/views/app.php 168
ERROR - 2019-11-27 01:02:44 --> Could not find the language line "Đóng"
ERROR - 2019-11-27 01:02:44 --> Could not find the language line "Xác Nhận"
ERROR - 2019-11-27 01:02:44 --> Could not find the language line "Đóng"
ERROR - 2019-11-27 01:02:44 --> Could not find the language line "Xác Nhận"
ERROR - 2019-11-27 03:05:06 --> Could not find the language line "Tạo Điểm Lấy Hàng"
ERROR - 2019-11-27 03:05:06 --> Could not find the language line "Tạo Đơn Hàng"
ERROR - 2019-11-27 03:05:06 --> Severity: Warning --> Invalid argument supplied for foreach() /home/admin/domains/spshd.com/public_html/khachhang/application/views/tab4.php 394
ERROR - 2019-11-27 03:05:06 --> Could not find the language line "Đóng"
ERROR - 2019-11-27 03:05:06 --> Could not find the language line "Xác Nhận"
ERROR - 2019-11-27 03:05:06 --> Severity: Warning --> Invalid argument supplied for foreach() /home/admin/domains/spshd.com/public_html/khachhang/application/views/app.php 157
ERROR - 2019-11-27 03:05:06 --> Severity: Warning --> Invalid argument supplied for foreach() /home/admin/domains/spshd.com/public_html/khachhang/application/views/app.php 168
ERROR - 2019-11-27 03:05:06 --> Could not find the language line "Đóng"
ERROR - 2019-11-27 03:05:06 --> Could not find the language line "Xác Nhận"
ERROR - 2019-11-27 03:05:06 --> Could not find the language line "Đóng"
ERROR - 2019-11-27 03:05:06 --> Could not find the language line "Xác Nhận"
ERROR - 2019-11-27 03:30:03 --> Could not find the language line "Email"
ERROR - 2019-11-27 03:30:03 --> Could not find the language line "password"
ERROR - 2019-11-27 03:30:19 --> Could not find the language line "Tạo Điểm Lấy Hàng"
ERROR - 2019-11-27 03:30:19 --> Could not find the language line "Tạo Đơn Hàng"
ERROR - 2019-11-27 03:30:19 --> Severity: Warning --> Invalid argument supplied for foreach() /home/admin/domains/spshd.com/public_html/khachhang/application/views/tab4.php 394
ERROR - 2019-11-27 03:30:19 --> Could not find the language line "Đóng"
ERROR - 2019-11-27 03:30:19 --> Could not find the language line "Xác Nhận"
ERROR - 2019-11-27 03:30:19 --> Severity: Warning --> Invalid argument supplied for foreach() /home/admin/domains/spshd.com/public_html/khachhang/application/views/app.php 157
ERROR - 2019-11-27 03:30:19 --> Severity: Warning --> Invalid argument supplied for foreach() /home/admin/domains/spshd.com/public_html/khachhang/application/views/app.php 168
ERROR - 2019-11-27 03:30:19 --> Could not find the language line "Đóng"
ERROR - 2019-11-27 03:30:19 --> Could not find the language line "Xác Nhận"
ERROR - 2019-11-27 03:30:19 --> Could not find the language line "Đóng"
ERROR - 2019-11-27 03:30:19 --> Could not find the language line "Xác Nhận"
ERROR - 2019-11-27 03:36:09 --> Could not find the language line "Tạo Điểm Lấy Hàng"
ERROR - 2019-11-27 03:36:09 --> Could not find the language line "Tạo Đơn Hàng"
ERROR - 2019-11-27 03:36:09 --> Severity: Warning --> Invalid argument supplied for foreach() /home/admin/domains/spshd.com/public_html/khachhang/application/views/tab4.php 394
ERROR - 2019-11-27 03:36:09 --> Could not find the language line "Đóng"
ERROR - 2019-11-27 03:36:09 --> Could not find the language line "Xác Nhận"
ERROR - 2019-11-27 03:36:09 --> Severity: Warning --> Invalid argument supplied for foreach() /home/admin/domains/spshd.com/public_html/khachhang/application/views/app.php 157
ERROR - 2019-11-27 03:36:09 --> Severity: Warning --> Invalid argument supplied for foreach() /home/admin/domains/spshd.com/public_html/khachhang/application/views/app.php 168
ERROR - 2019-11-27 03:36:09 --> Could not find the language line "Đóng"
ERROR - 2019-11-27 03:36:09 --> Could not find the language line "Xác Nhận"
ERROR - 2019-11-27 03:36:09 --> Could not find the language line "Đóng"
ERROR - 2019-11-27 03:36:09 --> Could not find the language line "Xác Nhận"
ERROR - 2019-11-27 03:36:12 --> Could not find the language line "Email"
ERROR - 2019-11-27 03:36:12 --> Could not find the language line "password"
ERROR - 2019-11-27 03:54:22 --> Could not find the language line "Email"
ERROR - 2019-11-27 03:54:22 --> Could not find the language line "password"
ERROR - 2019-11-27 03:54:36 --> Could not find the language line "Email"
ERROR - 2019-11-27 03:54:36 --> Could not find the language line "password"
ERROR - 2019-11-27 04:02:46 --> Could not find the language line "Email"
ERROR - 2019-11-27 04:02:46 --> Could not find the language line "password"
ERROR - 2019-11-27 04:02:59 --> Could not find the language line "Tạo Điểm Lấy Hàng"
ERROR - 2019-11-27 04:02:59 --> Could not find the language line "Tạo Đơn Hàng"
ERROR - 2019-11-27 04:02:59 --> Severity: Warning --> Invalid argument supplied for foreach() /home/admin/domains/spshd.com/public_html/khachhang/application/views/tab4.php 394
ERROR - 2019-11-27 04:02:59 --> Could not find the language line "Đóng"
ERROR - 2019-11-27 04:02:59 --> Could not find the language line "Xác Nhận"
ERROR - 2019-11-27 04:02:59 --> Severity: Warning --> Invalid argument supplied for foreach() /home/admin/domains/spshd.com/public_html/khachhang/application/views/app.php 157
ERROR - 2019-11-27 04:02:59 --> Severity: Warning --> Invalid argument supplied for foreach() /home/admin/domains/spshd.com/public_html/khachhang/application/views/app.php 168
ERROR - 2019-11-27 04:02:59 --> Could not find the language line "Đóng"
ERROR - 2019-11-27 04:02:59 --> Could not find the language line "Xác Nhận"
ERROR - 2019-11-27 04:02:59 --> Could not find the language line "Đóng"
ERROR - 2019-11-27 04:02:59 --> Could not find the language line "Xác Nhận"
ERROR - 2019-11-27 04:04:09 --> Could not find the language line "Tạo Điểm Lấy Hàng"
ERROR - 2019-11-27 04:04:09 --> Could not find the language line "Tạo Đơn Hàng"
ERROR - 2019-11-27 04:04:09 --> Severity: Warning --> Invalid argument supplied for foreach() /home/admin/domains/spshd.com/public_html/khachhang/application/views/tab4.php 394
ERROR - 2019-11-27 04:04:09 --> Could not find the language line "Đóng"
ERROR - 2019-11-27 04:04:09 --> Could not find the language line "Xác Nhận"
ERROR - 2019-11-27 04:04:09 --> Severity: Warning --> Invalid argument supplied for foreach() /home/admin/domains/spshd.com/public_html/khachhang/application/views/app.php 157
ERROR - 2019-11-27 04:04:09 --> Severity: Warning --> Invalid argument supplied for foreach() /home/admin/domains/spshd.com/public_html/khachhang/application/views/app.php 168
ERROR - 2019-11-27 04:04:09 --> Could not find the language line "Đóng"
ERROR - 2019-11-27 04:04:09 --> Could not find the language line "Xác Nhận"
ERROR - 2019-11-27 04:04:09 --> Could not find the language line "Đóng"
ERROR - 2019-11-27 04:04:09 --> Could not find the language line "Xác Nhận"
ERROR - 2019-11-27 04:05:09 --> Could not find the language line "Tạo Điểm Lấy Hàng"
ERROR - 2019-11-27 04:05:09 --> Could not find the language line "Tạo Đơn Hàng"
ERROR - 2019-11-27 04:05:09 --> Severity: Warning --> Invalid argument supplied for foreach() /home/admin/domains/spshd.com/public_html/khachhang/application/views/tab4.php 394
ERROR - 2019-11-27 04:05:09 --> Could not find the language line "Đóng"
ERROR - 2019-11-27 04:05:09 --> Could not find the language line "Xác Nhận"
ERROR - 2019-11-27 04:05:09 --> Severity: Warning --> Invalid argument supplied for foreach() /home/admin/domains/spshd.com/public_html/khachhang/application/views/app.php 157
ERROR - 2019-11-27 04:05:09 --> Severity: Warning --> Invalid argument supplied for foreach() /home/admin/domains/spshd.com/public_html/khachhang/application/views/app.php 168
ERROR - 2019-11-27 04:05:09 --> Could not find the language line "Đóng"
ERROR - 2019-11-27 04:05:09 --> Could not find the language line "Xác Nhận"
ERROR - 2019-11-27 04:05:09 --> Could not find the language line "Đóng"
ERROR - 2019-11-27 04:05:09 --> Could not find the language line "Xác Nhận"
ERROR - 2019-11-27 04:05:53 --> Could not find the language line "Email"
ERROR - 2019-11-27 04:05:53 --> Could not find the language line "password"
ERROR - 2019-11-27 05:09:28 --> Could not find the language line "Email"
ERROR - 2019-11-27 05:09:28 --> Could not find the language line "password"
ERROR - 2019-11-27 05:09:51 --> Could not find the language line "Tạo Điểm Lấy Hàng"
ERROR - 2019-11-27 05:09:51 --> Could not find the language line "Tạo Đơn Hàng"
ERROR - 2019-11-27 05:09:51 --> Severity: Warning --> Invalid argument supplied for foreach() /home/admin/domains/spshd.com/public_html/khachhang/application/views/tab4.php 394
ERROR - 2019-11-27 05:09:51 --> Could not find the language line "Đóng"
ERROR - 2019-11-27 05:09:51 --> Could not find the language line "Xác Nhận"
ERROR - 2019-11-27 05:09:51 --> Severity: Warning --> Invalid argument supplied for foreach() /home/admin/domains/spshd.com/public_html/khachhang/application/views/app.php 157
ERROR - 2019-11-27 05:09:51 --> Severity: Warning --> Invalid argument supplied for foreach() /home/admin/domains/spshd.com/public_html/khachhang/application/views/app.php 168
ERROR - 2019-11-27 05:09:51 --> Could not find the language line "Đóng"
ERROR - 2019-11-27 05:09:51 --> Could not find the language line "Xác Nhận"
ERROR - 2019-11-27 05:09:51 --> Could not find the language line "Đóng"
ERROR - 2019-11-27 05:09:51 --> Could not find the language line "Xác Nhận"
ERROR - 2019-11-27 05:51:17 --> Could not find the language line "Tạo Điểm Lấy Hàng"
ERROR - 2019-11-27 05:51:17 --> Could not find the language line "Tạo Đơn Hàng"
ERROR - 2019-11-27 05:51:17 --> Severity: Warning --> Invalid argument supplied for foreach() /home/admin/domains/spshd.com/public_html/khachhang/application/views/tab4.php 394
ERROR - 2019-11-27 05:51:17 --> Could not find the language line "Đóng"
ERROR - 2019-11-27 05:51:17 --> Could not find the language line "Xác Nhận"
ERROR - 2019-11-27 05:51:17 --> Severity: Warning --> Invalid argument supplied for foreach() /home/admin/domains/spshd.com/public_html/khachhang/application/views/app.php 157
ERROR - 2019-11-27 05:51:17 --> Severity: Warning --> Invalid argument supplied for foreach() /home/admin/domains/spshd.com/public_html/khachhang/application/views/app.php 168
ERROR - 2019-11-27 05:51:17 --> Could not find the language line "Đóng"
ERROR - 2019-11-27 05:51:17 --> Could not find the language line "Xác Nhận"
ERROR - 2019-11-27 05:51:17 --> Could not find the language line "Đóng"
ERROR - 2019-11-27 05:51:17 --> Could not find the language line "Xác Nhận"
ERROR - 2019-11-27 07:03:59 --> Could not find the language line "Email"
ERROR - 2019-11-27 07:03:59 --> Could not find the language line "password"
ERROR - 2019-11-27 07:04:19 --> Could not find the language line "Tạo Điểm Lấy Hàng"
ERROR - 2019-11-27 07:04:19 --> Could not find the language line "Tạo Đơn Hàng"
ERROR - 2019-11-27 07:04:19 --> Severity: Warning --> Invalid argument supplied for foreach() /home/admin/domains/spshd.com/public_html/khachhang/application/views/tab4.php 394
ERROR - 2019-11-27 07:04:19 --> Could not find the language line "Đóng"
ERROR - 2019-11-27 07:04:19 --> Could not find the language line "Xác Nhận"
ERROR - 2019-11-27 07:04:19 --> Severity: Warning --> Invalid argument supplied for foreach() /home/admin/domains/spshd.com/public_html/khachhang/application/views/app.php 157
ERROR - 2019-11-27 07:04:19 --> Severity: Warning --> Invalid argument supplied for foreach() /home/admin/domains/spshd.com/public_html/khachhang/application/views/app.php 168
ERROR - 2019-11-27 07:04:19 --> Could not find the language line "Đóng"
ERROR - 2019-11-27 07:04:19 --> Could not find the language line "Xác Nhận"
ERROR - 2019-11-27 07:04:19 --> Could not find the language line "Đóng"
ERROR - 2019-11-27 07:04:19 --> Could not find the language line "Xác Nhận"
ERROR - 2019-11-27 10:50:22 --> Could not find the language line "Email"
ERROR - 2019-11-27 10:50:22 --> Could not find the language line "password"
ERROR - 2019-11-27 11:42:19 --> Could not find the language line "Tạo Điểm Lấy Hàng"
ERROR - 2019-11-27 11:42:19 --> Could not find the language line "Tạo Đơn Hàng"
ERROR - 2019-11-27 11:42:19 --> Severity: Warning --> Invalid argument supplied for foreach() /home/admin/domains/spshd.com/public_html/khachhang/application/views/tab4.php 394
ERROR - 2019-11-27 11:42:19 --> Could not find the language line "Đóng"
ERROR - 2019-11-27 11:42:19 --> Could not find the language line "Xác Nhận"
ERROR - 2019-11-27 11:42:19 --> Severity: Warning --> Invalid argument supplied for foreach() /home/admin/domains/spshd.com/public_html/khachhang/application/views/app.php 157
ERROR - 2019-11-27 11:42:19 --> Severity: Warning --> Invalid argument supplied for foreach() /home/admin/domains/spshd.com/public_html/khachhang/application/views/app.php 168
ERROR - 2019-11-27 11:42:19 --> Could not find the language line "Đóng"
ERROR - 2019-11-27 11:42:19 --> Could not find the language line "Xác Nhận"
ERROR - 2019-11-27 11:42:19 --> Could not find the language line "Đóng"
ERROR - 2019-11-27 11:42:19 --> Could not find the language line "Xác Nhận"
ERROR - 2019-11-27 11:44:07 --> Could not find the language line "Tạo Điểm Lấy Hàng"
ERROR - 2019-11-27 11:44:07 --> Could not find the language line "Tạo Đơn Hàng"
ERROR - 2019-11-27 11:44:07 --> Severity: Warning --> Invalid argument supplied for foreach() /home/admin/domains/spshd.com/public_html/khachhang/application/views/tab4.php 394
ERROR - 2019-11-27 11:44:07 --> Could not find the language line "Đóng"
ERROR - 2019-11-27 11:44:07 --> Could not find the language line "Xác Nhận"
ERROR - 2019-11-27 11:44:07 --> Severity: Warning --> Invalid argument supplied for foreach() /home/admin/domains/spshd.com/public_html/khachhang/application/views/app.php 157
ERROR - 2019-11-27 11:44:07 --> Severity: Warning --> Invalid argument supplied for foreach() /home/admin/domains/spshd.com/public_html/khachhang/application/views/app.php 168
ERROR - 2019-11-27 11:44:07 --> Could not find the language line "Đóng"
ERROR - 2019-11-27 11:44:07 --> Could not find the language line "Xác Nhận"
ERROR - 2019-11-27 11:44:07 --> Could not find the language line "Đóng"
ERROR - 2019-11-27 11:44:07 --> Could not find the language line "Xác Nhận"
ERROR - 2019-11-27 11:59:04 --> Could not find the language line "Email"
ERROR - 2019-11-27 11:59:04 --> Could not find the language line "password"
ERROR - 2019-11-27 12:00:16 --> Could not find the language line "Tạo Điểm Lấy Hàng"
ERROR - 2019-11-27 12:00:16 --> Could not find the language line "Tạo Đơn Hàng"
ERROR - 2019-11-27 12:00:16 --> Severity: Warning --> Invalid argument supplied for foreach() /home/admin/domains/spshd.com/public_html/khachhang/application/views/tab4.php 394
ERROR - 2019-11-27 12:00:16 --> Could not find the language line "Đóng"
ERROR - 2019-11-27 12:00:16 --> Could not find the language line "Xác Nhận"
ERROR - 2019-11-27 12:00:16 --> Severity: Warning --> Invalid argument supplied for foreach() /home/admin/domains/spshd.com/public_html/khachhang/application/views/app.php 157
ERROR - 2019-11-27 12:00:16 --> Severity: Warning --> Invalid argument supplied for foreach() /home/admin/domains/spshd.com/public_html/khachhang/application/views/app.php 168
ERROR - 2019-11-27 12:00:16 --> Could not find the language line "Đóng"
ERROR - 2019-11-27 12:00:16 --> Could not find the language line "Xác Nhận"
ERROR - 2019-11-27 12:00:16 --> Could not find the language line "Đóng"
ERROR - 2019-11-27 12:00:16 --> Could not find the language line "Xác Nhận"
ERROR - 2019-11-27 12:04:22 --> Could not find the language line "Email"
ERROR - 2019-11-27 12:04:22 --> Could not find the language line "password"
ERROR - 2019-11-27 12:04:23 --> Could not find the language line "Email"
ERROR - 2019-11-27 12:04:23 --> Could not find the language line "password"
ERROR - 2019-11-27 12:18:15 --> Could not find the language line "Tạo Điểm Lấy Hàng"
ERROR - 2019-11-27 12:18:15 --> Could not find the language line "Tạo Đơn Hàng"
ERROR - 2019-11-27 12:18:15 --> Severity: Warning --> Invalid argument supplied for foreach() /home/admin/domains/spshd.com/public_html/khachhang/application/views/tab4.php 394
ERROR - 2019-11-27 12:18:15 --> Could not find the language line "Đóng"
ERROR - 2019-11-27 12:18:15 --> Could not find the language line "Xác Nhận"
ERROR - 2019-11-27 12:18:15 --> Severity: Warning --> Invalid argument supplied for foreach() /home/admin/domains/spshd.com/public_html/khachhang/application/views/app.php 157
ERROR - 2019-11-27 12:18:15 --> Severity: Warning --> Invalid argument supplied for foreach() /home/admin/domains/spshd.com/public_html/khachhang/application/views/app.php 168
ERROR - 2019-11-27 12:18:15 --> Could not find the language line "Đóng"
ERROR - 2019-11-27 12:18:15 --> Could not find the language line "Xác Nhận"
ERROR - 2019-11-27 12:18:15 --> Could not find the language line "Đóng"
ERROR - 2019-11-27 12:18:15 --> Could not find the language line "Xác Nhận"
ERROR - 2019-11-27 13:00:50 --> Could not find the language line "Email"
ERROR - 2019-11-27 13:00:50 --> Could not find the language line "password"
ERROR - 2019-11-27 15:42:27 --> Could not find the language line "Email"
ERROR - 2019-11-27 15:42:27 --> Could not find the language line "password"
ERROR - 2019-11-27 15:42:47 --> Could not find the language line "Tạo Điểm Lấy Hàng"
ERROR - 2019-11-27 15:42:47 --> Could not find the language line "Tạo Đơn Hàng"
ERROR - 2019-11-27 15:42:47 --> Severity: Warning --> Invalid argument supplied for foreach() /home/admin/domains/spshd.com/public_html/khachhang/application/views/tab4.php 394
ERROR - 2019-11-27 15:42:47 --> Could not find the language line "Đóng"
ERROR - 2019-11-27 15:42:47 --> Could not find the language line "Xác Nhận"
ERROR - 2019-11-27 15:42:47 --> Severity: Warning --> Invalid argument supplied for foreach() /home/admin/domains/spshd.com/public_html/khachhang/application/views/app.php 157
ERROR - 2019-11-27 15:42:47 --> Severity: Warning --> Invalid argument supplied for foreach() /home/admin/domains/spshd.com/public_html/khachhang/application/views/app.php 168
ERROR - 2019-11-27 15:42:47 --> Could not find the language line "Đóng"
ERROR - 2019-11-27 15:42:47 --> Could not find the language line "Xác Nhận"
ERROR - 2019-11-27 15:42:47 --> Could not find the language line "Đóng"
ERROR - 2019-11-27 15:42:47 --> Could not find the language line "Xác Nhận"
ERROR - 2019-11-27 16:25:37 --> Could not find the language line "Tạo Điểm Lấy Hàng"
ERROR - 2019-11-27 16:25:37 --> Could not find the language line "Tạo Đơn Hàng"
ERROR - 2019-11-27 16:25:37 --> Severity: Warning --> Invalid argument supplied for foreach() /home/admin/domains/spshd.com/public_html/khachhang/application/views/tab4.php 394
ERROR - 2019-11-27 16:25:37 --> Could not find the language line "Đóng"
ERROR - 2019-11-27 16:25:37 --> Could not find the language line "Xác Nhận"
ERROR - 2019-11-27 16:25:37 --> Severity: Warning --> Invalid argument supplied for foreach() /home/admin/domains/spshd.com/public_html/khachhang/application/views/app.php 157
ERROR - 2019-11-27 16:25:37 --> Severity: Warning --> Invalid argument supplied for foreach() /home/admin/domains/spshd.com/public_html/khachhang/application/views/app.php 168
ERROR - 2019-11-27 16:25:37 --> Could not find the language line "Đóng"
ERROR - 2019-11-27 16:25:37 --> Could not find the language line "Xác Nhận"
ERROR - 2019-11-27 16:25:37 --> Could not find the language line "Đóng"
ERROR - 2019-11-27 16:25:37 --> Could not find the language line "Xác Nhận"
ERROR - 2019-11-27 17:10:16 --> Could not find the language line "Tạo Điểm Lấy Hàng"
ERROR - 2019-11-27 17:10:16 --> Could not find the language line "Tạo Đơn Hàng"
ERROR - 2019-11-27 17:10:16 --> Severity: Warning --> Invalid argument supplied for foreach() /home/admin/domains/spshd.com/public_html/khachhang/application/views/tab4.php 394
ERROR - 2019-11-27 17:10:16 --> Could not find the language line "Đóng"
ERROR - 2019-11-27 17:10:16 --> Could not find the language line "Xác Nhận"
ERROR - 2019-11-27 17:10:16 --> Severity: Warning --> Invalid argument supplied for foreach() /home/admin/domains/spshd.com/public_html/khachhang/application/views/app.php 157
ERROR - 2019-11-27 17:10:16 --> Severity: Warning --> Invalid argument supplied for foreach() /home/admin/domains/spshd.com/public_html/khachhang/application/views/app.php 168
ERROR - 2019-11-27 17:10:16 --> Could not find the language line "Đóng"
ERROR - 2019-11-27 17:10:16 --> Could not find the language line "Xác Nhận"
ERROR - 2019-11-27 17:10:16 --> Could not find the language line "Đóng"
ERROR - 2019-11-27 17:10:16 --> Could not find the language line "Xác Nhận"
ERROR - 2019-11-27 17:10:43 --> Could not find the language line "Email"
ERROR - 2019-11-27 17:10:43 --> Could not find the language line "password"
