ERROR - 2020-02-10 01:42:00 --> Could not find the language line "Tạo Điểm Lấy Hàng"
ERROR - 2020-02-10 01:42:00 --> Could not find the language line "Tạo Đơn Hàng"
ERROR - 2020-02-10 01:42:00 --> Severity: Warning --> Invalid argument supplied for foreach() /home/admin/domains/spshd.com/public_html/khachhang/application/views/tab4.php 394
ERROR - 2020-02-10 01:42:00 --> Could not find the language line "Đóng"
ERROR - 2020-02-10 01:42:00 --> Could not find the language line "Xác Nhận"
ERROR - 2020-02-10 01:42:00 --> Severity: Warning --> Invalid argument supplied for foreach() /home/admin/domains/spshd.com/public_html/khachhang/application/views/app.php 157
ERROR - 2020-02-10 01:42:00 --> Severity: Warning --> Invalid argument supplied for foreach() /home/admin/domains/spshd.com/public_html/khachhang/application/views/app.php 168
ERROR - 2020-02-10 01:42:00 --> Could not find the language line "Đóng"
ERROR - 2020-02-10 01:42:00 --> Could not find the language line "Xác Nhận"
ERROR - 2020-02-10 01:42:00 --> Could not find the language line "Đóng"
ERROR - 2020-02-10 01:42:00 --> Could not find the language line "Xác Nhận"
ERROR - 2020-02-10 01:42:02 --> Could not find the language line "Tạo Điểm Lấy Hàng"
ERROR - 2020-02-10 01:42:02 --> Could not find the language line "Tạo Đơn Hàng"
ERROR - 2020-02-10 01:42:02 --> Severity: Warning --> Invalid argument supplied for foreach() /home/admin/domains/spshd.com/public_html/khachhang/application/views/tab4.php 394
ERROR - 2020-02-10 01:42:02 --> Could not find the language line "Đóng"
ERROR - 2020-02-10 01:42:02 --> Could not find the language line "Xác Nhận"
ERROR - 2020-02-10 01:42:02 --> Severity: Warning --> Invalid argument supplied for foreach() /home/admin/domains/spshd.com/public_html/khachhang/application/views/app.php 157
ERROR - 2020-02-10 01:42:02 --> Severity: Warning --> Invalid argument supplied for foreach() /home/admin/domains/spshd.com/public_html/khachhang/application/views/app.php 168
ERROR - 2020-02-10 01:42:02 --> Could not find the language line "Đóng"
ERROR - 2020-02-10 01:42:02 --> Could not find the language line "Xác Nhận"
ERROR - 2020-02-10 01:42:02 --> Could not find the language line "Đóng"
ERROR - 2020-02-10 01:42:02 --> Could not find the language line "Xác Nhận"
ERROR - 2020-02-10 01:42:03 --> Could not find the language line "Tạo Điểm Lấy Hàng"
ERROR - 2020-02-10 01:42:03 --> Could not find the language line "Tạo Đơn Hàng"
ERROR - 2020-02-10 01:42:03 --> Severity: Warning --> Invalid argument supplied for foreach() /home/admin/domains/spshd.com/public_html/khachhang/application/views/tab4.php 394
ERROR - 2020-02-10 01:42:03 --> Could not find the language line "Đóng"
ERROR - 2020-02-10 01:42:03 --> Could not find the language line "Xác Nhận"
ERROR - 2020-02-10 01:42:03 --> Severity: Warning --> Invalid argument supplied for foreach() /home/admin/domains/spshd.com/public_html/khachhang/application/views/app.php 157
ERROR - 2020-02-10 01:42:03 --> Severity: Warning --> Invalid argument supplied for foreach() /home/admin/domains/spshd.com/public_html/khachhang/application/views/app.php 168
ERROR - 2020-02-10 01:42:03 --> Could not find the language line "Đóng"
ERROR - 2020-02-10 01:42:03 --> Could not find the language line "Xác Nhận"
ERROR - 2020-02-10 01:42:03 --> Could not find the language line "Đóng"
ERROR - 2020-02-10 01:42:03 --> Could not find the language line "Xác Nhận"
ERROR - 2020-02-10 02:21:32 --> Could not find the language line "Tạo Điểm Lấy Hàng"
ERROR - 2020-02-10 02:21:32 --> Could not find the language line "Tạo Đơn Hàng"
ERROR - 2020-02-10 02:21:32 --> Severity: Warning --> Invalid argument supplied for foreach() /home/admin/domains/spshd.com/public_html/khachhang/application/views/tab4.php 394
ERROR - 2020-02-10 02:21:32 --> Could not find the language line "Đóng"
ERROR - 2020-02-10 02:21:32 --> Could not find the language line "Xác Nhận"
ERROR - 2020-02-10 02:21:32 --> Severity: Warning --> Invalid argument supplied for foreach() /home/admin/domains/spshd.com/public_html/khachhang/application/views/app.php 157
ERROR - 2020-02-10 02:21:32 --> Severity: Warning --> Invalid argument supplied for foreach() /home/admin/domains/spshd.com/public_html/khachhang/application/views/app.php 168
ERROR - 2020-02-10 02:21:32 --> Could not find the language line "Đóng"
ERROR - 2020-02-10 02:21:32 --> Could not find the language line "Xác Nhận"
ERROR - 2020-02-10 02:21:32 --> Could not find the language line "Đóng"
ERROR - 2020-02-10 02:21:32 --> Could not find the language line "Xác Nhận"
ERROR - 2020-02-10 02:21:32 --> Could not find the language line "Tạo Điểm Lấy Hàng"
ERROR - 2020-02-10 02:21:32 --> Could not find the language line "Tạo Đơn Hàng"
ERROR - 2020-02-10 02:21:32 --> Severity: Warning --> Invalid argument supplied for foreach() /home/admin/domains/spshd.com/public_html/khachhang/application/views/tab4.php 394
ERROR - 2020-02-10 02:21:32 --> Could not find the language line "Đóng"
ERROR - 2020-02-10 02:21:32 --> Could not find the language line "Xác Nhận"
ERROR - 2020-02-10 02:21:32 --> Severity: Warning --> Invalid argument supplied for foreach() /home/admin/domains/spshd.com/public_html/khachhang/application/views/app.php 157
ERROR - 2020-02-10 02:21:32 --> Severity: Warning --> Invalid argument supplied for foreach() /home/admin/domains/spshd.com/public_html/khachhang/application/views/app.php 168
ERROR - 2020-02-10 02:21:32 --> Could not find the language line "Đóng"
ERROR - 2020-02-10 02:21:32 --> Could not find the language line "Xác Nhận"
ERROR - 2020-02-10 02:21:32 --> Could not find the language line "Đóng"
ERROR - 2020-02-10 02:21:32 --> Could not find the language line "Xác Nhận"
ERROR - 2020-02-10 02:21:48 --> Could not find the language line "Tạo Điểm Lấy Hàng"
ERROR - 2020-02-10 02:21:48 --> Could not find the language line "Tạo Đơn Hàng"
ERROR - 2020-02-10 02:21:48 --> Severity: Warning --> Invalid argument supplied for foreach() /home/admin/domains/spshd.com/public_html/khachhang/application/views/tab4.php 394
ERROR - 2020-02-10 02:21:48 --> Could not find the language line "Đóng"
ERROR - 2020-02-10 02:21:48 --> Could not find the language line "Xác Nhận"
ERROR - 2020-02-10 02:21:48 --> Severity: Warning --> Invalid argument supplied for foreach() /home/admin/domains/spshd.com/public_html/khachhang/application/views/app.php 157
ERROR - 2020-02-10 02:21:48 --> Severity: Warning --> Invalid argument supplied for foreach() /home/admin/domains/spshd.com/public_html/khachhang/application/views/app.php 168
ERROR - 2020-02-10 02:21:48 --> Could not find the language line "Đóng"
ERROR - 2020-02-10 02:21:48 --> Could not find the language line "Xác Nhận"
ERROR - 2020-02-10 02:21:48 --> Could not find the language line "Đóng"
ERROR - 2020-02-10 02:21:48 --> Could not find the language line "Xác Nhận"
ERROR - 2020-02-10 03:01:08 --> Could not find the language line "Tạo Điểm Lấy Hàng"
ERROR - 2020-02-10 03:01:08 --> Could not find the language line "Tạo Đơn Hàng"
ERROR - 2020-02-10 03:01:08 --> Severity: Warning --> Invalid argument supplied for foreach() /home/admin/domains/spshd.com/public_html/khachhang/application/views/tab4.php 394
ERROR - 2020-02-10 03:01:08 --> Could not find the language line "Đóng"
ERROR - 2020-02-10 03:01:08 --> Could not find the language line "Xác Nhận"
ERROR - 2020-02-10 03:01:08 --> Severity: Warning --> Invalid argument supplied for foreach() /home/admin/domains/spshd.com/public_html/khachhang/application/views/app.php 157
ERROR - 2020-02-10 03:01:08 --> Severity: Warning --> Invalid argument supplied for foreach() /home/admin/domains/spshd.com/public_html/khachhang/application/views/app.php 168
ERROR - 2020-02-10 03:01:08 --> Could not find the language line "Đóng"
ERROR - 2020-02-10 03:01:08 --> Could not find the language line "Xác Nhận"
ERROR - 2020-02-10 03:01:08 --> Could not find the language line "Đóng"
ERROR - 2020-02-10 03:01:08 --> Could not find the language line "Xác Nhận"
ERROR - 2020-02-10 04:12:28 --> Could not find the language line "Tạo Điểm Lấy Hàng"
ERROR - 2020-02-10 04:12:28 --> Could not find the language line "Tạo Đơn Hàng"
ERROR - 2020-02-10 04:12:28 --> Severity: Warning --> Invalid argument supplied for foreach() /home/admin/domains/spshd.com/public_html/khachhang/application/views/tab4.php 394
ERROR - 2020-02-10 04:12:28 --> Could not find the language line "Đóng"
ERROR - 2020-02-10 04:12:28 --> Could not find the language line "Xác Nhận"
ERROR - 2020-02-10 04:12:28 --> Severity: Warning --> Invalid argument supplied for foreach() /home/admin/domains/spshd.com/public_html/khachhang/application/views/app.php 157
ERROR - 2020-02-10 04:12:28 --> Severity: Warning --> Invalid argument supplied for foreach() /home/admin/domains/spshd.com/public_html/khachhang/application/views/app.php 168
ERROR - 2020-02-10 04:12:28 --> Could not find the language line "Đóng"
ERROR - 2020-02-10 04:12:28 --> Could not find the language line "Xác Nhận"
ERROR - 2020-02-10 04:12:28 --> Could not find the language line "Đóng"
ERROR - 2020-02-10 04:12:28 --> Could not find the language line "Xác Nhận"
ERROR - 2020-02-10 05:36:29 --> Could not find the language line "Tạo Điểm Lấy Hàng"
ERROR - 2020-02-10 05:36:29 --> Could not find the language line "Tạo Đơn Hàng"
ERROR - 2020-02-10 05:36:29 --> Severity: Warning --> Invalid argument supplied for foreach() /home/admin/domains/spshd.com/public_html/khachhang/application/views/tab4.php 394
ERROR - 2020-02-10 05:36:29 --> Could not find the language line "Đóng"
ERROR - 2020-02-10 05:36:29 --> Could not find the language line "Xác Nhận"
ERROR - 2020-02-10 05:36:29 --> Severity: Warning --> Invalid argument supplied for foreach() /home/admin/domains/spshd.com/public_html/khachhang/application/views/app.php 157
ERROR - 2020-02-10 05:36:29 --> Severity: Warning --> Invalid argument supplied for foreach() /home/admin/domains/spshd.com/public_html/khachhang/application/views/app.php 168
ERROR - 2020-02-10 05:36:29 --> Could not find the language line "Đóng"
ERROR - 2020-02-10 05:36:29 --> Could not find the language line "Xác Nhận"
ERROR - 2020-02-10 05:36:29 --> Could not find the language line "Đóng"
ERROR - 2020-02-10 05:36:29 --> Could not find the language line "Xác Nhận"
ERROR - 2020-02-10 05:36:29 --> Could not find the language line "Tạo Điểm Lấy Hàng"
ERROR - 2020-02-10 05:36:29 --> Could not find the language line "Tạo Đơn Hàng"
ERROR - 2020-02-10 05:36:29 --> Severity: Warning --> Invalid argument supplied for foreach() /home/admin/domains/spshd.com/public_html/khachhang/application/views/tab4.php 394
ERROR - 2020-02-10 05:36:29 --> Could not find the language line "Đóng"
ERROR - 2020-02-10 05:36:29 --> Could not find the language line "Xác Nhận"
ERROR - 2020-02-10 05:36:29 --> Severity: Warning --> Invalid argument supplied for foreach() /home/admin/domains/spshd.com/public_html/khachhang/application/views/app.php 157
ERROR - 2020-02-10 05:36:29 --> Severity: Warning --> Invalid argument supplied for foreach() /home/admin/domains/spshd.com/public_html/khachhang/application/views/app.php 168
ERROR - 2020-02-10 05:36:29 --> Could not find the language line "Đóng"
ERROR - 2020-02-10 05:36:29 --> Could not find the language line "Xác Nhận"
ERROR - 2020-02-10 05:36:29 --> Could not find the language line "Đóng"
ERROR - 2020-02-10 05:36:29 --> Could not find the language line "Xác Nhận"
ERROR - 2020-02-10 06:03:03 --> Could not find the language line "Tạo Điểm Lấy Hàng"
ERROR - 2020-02-10 06:03:03 --> Could not find the language line "Tạo Đơn Hàng"
ERROR - 2020-02-10 06:03:03 --> Severity: Warning --> Invalid argument supplied for foreach() /home/admin/domains/spshd.com/public_html/khachhang/application/views/tab4.php 394
ERROR - 2020-02-10 06:03:03 --> Could not find the language line "Đóng"
ERROR - 2020-02-10 06:03:03 --> Could not find the language line "Xác Nhận"
ERROR - 2020-02-10 06:03:03 --> Severity: Warning --> Invalid argument supplied for foreach() /home/admin/domains/spshd.com/public_html/khachhang/application/views/app.php 157
ERROR - 2020-02-10 06:03:03 --> Severity: Warning --> Invalid argument supplied for foreach() /home/admin/domains/spshd.com/public_html/khachhang/application/views/app.php 168
ERROR - 2020-02-10 06:03:03 --> Could not find the language line "Đóng"
ERROR - 2020-02-10 06:03:03 --> Could not find the language line "Xác Nhận"
ERROR - 2020-02-10 06:03:03 --> Could not find the language line "Đóng"
ERROR - 2020-02-10 06:03:03 --> Could not find the language line "Xác Nhận"
ERROR - 2020-02-10 06:03:23 --> Could not find the language line "Tạo Điểm Lấy Hàng"
ERROR - 2020-02-10 06:03:23 --> Could not find the language line "Tạo Đơn Hàng"
ERROR - 2020-02-10 06:03:23 --> Severity: Warning --> Invalid argument supplied for foreach() /home/admin/domains/spshd.com/public_html/khachhang/application/views/tab4.php 394
ERROR - 2020-02-10 06:03:23 --> Could not find the language line "Đóng"
ERROR - 2020-02-10 06:03:23 --> Could not find the language line "Xác Nhận"
ERROR - 2020-02-10 06:03:23 --> Severity: Warning --> Invalid argument supplied for foreach() /home/admin/domains/spshd.com/public_html/khachhang/application/views/app.php 157
ERROR - 2020-02-10 06:03:23 --> Severity: Warning --> Invalid argument supplied for foreach() /home/admin/domains/spshd.com/public_html/khachhang/application/views/app.php 168
ERROR - 2020-02-10 06:03:23 --> Could not find the language line "Đóng"
ERROR - 2020-02-10 06:03:23 --> Could not find the language line "Xác Nhận"
ERROR - 2020-02-10 06:03:23 --> Could not find the language line "Đóng"
ERROR - 2020-02-10 06:03:23 --> Could not find the language line "Xác Nhận"
ERROR - 2020-02-10 06:15:35 --> Could not find the language line "Tạo Điểm Lấy Hàng"
ERROR - 2020-02-10 06:15:35 --> Could not find the language line "Tạo Đơn Hàng"
ERROR - 2020-02-10 06:15:35 --> Severity: Warning --> Invalid argument supplied for foreach() /home/admin/domains/spshd.com/public_html/khachhang/application/views/tab4.php 394
ERROR - 2020-02-10 06:15:35 --> Could not find the language line "Đóng"
ERROR - 2020-02-10 06:15:35 --> Could not find the language line "Xác Nhận"
ERROR - 2020-02-10 06:15:35 --> Severity: Warning --> Invalid argument supplied for foreach() /home/admin/domains/spshd.com/public_html/khachhang/application/views/app.php 157
ERROR - 2020-02-10 06:15:35 --> Severity: Warning --> Invalid argument supplied for foreach() /home/admin/domains/spshd.com/public_html/khachhang/application/views/app.php 168
ERROR - 2020-02-10 06:15:35 --> Could not find the language line "Đóng"
ERROR - 2020-02-10 06:15:35 --> Could not find the language line "Xác Nhận"
ERROR - 2020-02-10 06:15:35 --> Could not find the language line "Đóng"
ERROR - 2020-02-10 06:15:35 --> Could not find the language line "Xác Nhận"
ERROR - 2020-02-10 07:12:01 --> Could not find the language line "Tạo Điểm Lấy Hàng"
ERROR - 2020-02-10 07:12:01 --> Could not find the language line "Tạo Đơn Hàng"
ERROR - 2020-02-10 07:12:01 --> Severity: Warning --> Invalid argument supplied for foreach() /home/admin/domains/spshd.com/public_html/khachhang/application/views/tab4.php 394
ERROR - 2020-02-10 07:12:01 --> Could not find the language line "Đóng"
ERROR - 2020-02-10 07:12:01 --> Could not find the language line "Xác Nhận"
ERROR - 2020-02-10 07:12:01 --> Severity: Warning --> Invalid argument supplied for foreach() /home/admin/domains/spshd.com/public_html/khachhang/application/views/app.php 157
ERROR - 2020-02-10 07:12:01 --> Severity: Warning --> Invalid argument supplied for foreach() /home/admin/domains/spshd.com/public_html/khachhang/application/views/app.php 168
ERROR - 2020-02-10 07:12:02 --> Could not find the language line "Đóng"
ERROR - 2020-02-10 07:12:02 --> Could not find the language line "Xác Nhận"
ERROR - 2020-02-10 07:12:02 --> Could not find the language line "Đóng"
ERROR - 2020-02-10 07:12:02 --> Could not find the language line "Xác Nhận"
ERROR - 2020-02-10 07:12:02 --> Could not find the language line "Tạo Điểm Lấy Hàng"
ERROR - 2020-02-10 07:12:02 --> Could not find the language line "Tạo Đơn Hàng"
ERROR - 2020-02-10 07:12:02 --> Severity: Warning --> Invalid argument supplied for foreach() /home/admin/domains/spshd.com/public_html/khachhang/application/views/tab4.php 394
ERROR - 2020-02-10 07:12:02 --> Could not find the language line "Đóng"
ERROR - 2020-02-10 07:12:02 --> Could not find the language line "Xác Nhận"
ERROR - 2020-02-10 07:12:02 --> Severity: Warning --> Invalid argument supplied for foreach() /home/admin/domains/spshd.com/public_html/khachhang/application/views/app.php 157
ERROR - 2020-02-10 07:12:02 --> Severity: Warning --> Invalid argument supplied for foreach() /home/admin/domains/spshd.com/public_html/khachhang/application/views/app.php 168
ERROR - 2020-02-10 07:12:02 --> Could not find the language line "Đóng"
ERROR - 2020-02-10 07:12:02 --> Could not find the language line "Xác Nhận"
ERROR - 2020-02-10 07:12:02 --> Could not find the language line "Đóng"
ERROR - 2020-02-10 07:12:02 --> Could not find the language line "Xác Nhận"
ERROR - 2020-02-10 07:12:02 --> Could not find the language line "Tạo Điểm Lấy Hàng"
ERROR - 2020-02-10 07:12:02 --> Could not find the language line "Tạo Đơn Hàng"
ERROR - 2020-02-10 07:12:02 --> Severity: Warning --> Invalid argument supplied for foreach() /home/admin/domains/spshd.com/public_html/khachhang/application/views/tab4.php 394
ERROR - 2020-02-10 07:12:02 --> Could not find the language line "Đóng"
ERROR - 2020-02-10 07:12:02 --> Could not find the language line "Xác Nhận"
ERROR - 2020-02-10 07:12:02 --> Severity: Warning --> Invalid argument supplied for foreach() /home/admin/domains/spshd.com/public_html/khachhang/application/views/app.php 157
ERROR - 2020-02-10 07:12:02 --> Severity: Warning --> Invalid argument supplied for foreach() /home/admin/domains/spshd.com/public_html/khachhang/application/views/app.php 168
ERROR - 2020-02-10 07:12:02 --> Could not find the language line "Đóng"
ERROR - 2020-02-10 07:12:02 --> Could not find the language line "Xác Nhận"
ERROR - 2020-02-10 07:12:02 --> Could not find the language line "Đóng"
ERROR - 2020-02-10 07:12:02 --> Could not find the language line "Xác Nhận"
ERROR - 2020-02-10 07:34:44 --> Could not find the language line "Tạo Điểm Lấy Hàng"
ERROR - 2020-02-10 07:34:44 --> Could not find the language line "Tạo Đơn Hàng"
ERROR - 2020-02-10 07:34:44 --> Severity: Warning --> Invalid argument supplied for foreach() /home/admin/domains/spshd.com/public_html/khachhang/application/views/tab4.php 394
ERROR - 2020-02-10 07:34:44 --> Could not find the language line "Đóng"
ERROR - 2020-02-10 07:34:44 --> Could not find the language line "Xác Nhận"
ERROR - 2020-02-10 07:34:44 --> Severity: Warning --> Invalid argument supplied for foreach() /home/admin/domains/spshd.com/public_html/khachhang/application/views/app.php 157
ERROR - 2020-02-10 07:34:44 --> Severity: Warning --> Invalid argument supplied for foreach() /home/admin/domains/spshd.com/public_html/khachhang/application/views/app.php 168
ERROR - 2020-02-10 07:34:44 --> Could not find the language line "Đóng"
ERROR - 2020-02-10 07:34:44 --> Could not find the language line "Xác Nhận"
ERROR - 2020-02-10 07:34:44 --> Could not find the language line "Đóng"
ERROR - 2020-02-10 07:34:44 --> Could not find the language line "Xác Nhận"
ERROR - 2020-02-10 07:35:14 --> Could not find the language line "Tạo Điểm Lấy Hàng"
ERROR - 2020-02-10 07:35:14 --> Could not find the language line "Tạo Đơn Hàng"
ERROR - 2020-02-10 07:35:14 --> Severity: Warning --> Invalid argument supplied for foreach() /home/admin/domains/spshd.com/public_html/khachhang/application/views/tab4.php 394
ERROR - 2020-02-10 07:35:14 --> Could not find the language line "Đóng"
ERROR - 2020-02-10 07:35:14 --> Could not find the language line "Xác Nhận"
ERROR - 2020-02-10 07:35:14 --> Severity: Warning --> Invalid argument supplied for foreach() /home/admin/domains/spshd.com/public_html/khachhang/application/views/app.php 157
ERROR - 2020-02-10 07:35:14 --> Severity: Warning --> Invalid argument supplied for foreach() /home/admin/domains/spshd.com/public_html/khachhang/application/views/app.php 168
ERROR - 2020-02-10 07:35:14 --> Could not find the language line "Đóng"
ERROR - 2020-02-10 07:35:14 --> Could not find the language line "Xác Nhận"
ERROR - 2020-02-10 07:35:14 --> Could not find the language line "Đóng"
ERROR - 2020-02-10 07:35:14 --> Could not find the language line "Xác Nhận"
ERROR - 2020-02-10 07:35:29 --> Could not find the language line "Tạo Điểm Lấy Hàng"
ERROR - 2020-02-10 07:35:29 --> Could not find the language line "Tạo Đơn Hàng"
ERROR - 2020-02-10 07:35:29 --> Severity: Warning --> Invalid argument supplied for foreach() /home/admin/domains/spshd.com/public_html/khachhang/application/views/tab4.php 394
ERROR - 2020-02-10 07:35:29 --> Could not find the language line "Đóng"
ERROR - 2020-02-10 07:35:29 --> Could not find the language line "Xác Nhận"
ERROR - 2020-02-10 07:35:29 --> Severity: Warning --> Invalid argument supplied for foreach() /home/admin/domains/spshd.com/public_html/khachhang/application/views/app.php 157
ERROR - 2020-02-10 07:35:29 --> Severity: Warning --> Invalid argument supplied for foreach() /home/admin/domains/spshd.com/public_html/khachhang/application/views/app.php 168
ERROR - 2020-02-10 07:35:29 --> Could not find the language line "Đóng"
ERROR - 2020-02-10 07:35:29 --> Could not find the language line "Xác Nhận"
ERROR - 2020-02-10 07:35:29 --> Could not find the language line "Đóng"
ERROR - 2020-02-10 07:35:29 --> Could not find the language line "Xác Nhận"
ERROR - 2020-02-10 07:55:27 --> Could not find the language line "Tạo Điểm Lấy Hàng"
ERROR - 2020-02-10 07:55:27 --> Could not find the language line "Tạo Đơn Hàng"
ERROR - 2020-02-10 07:55:27 --> Severity: Warning --> Invalid argument supplied for foreach() /home/admin/domains/spshd.com/public_html/khachhang/application/views/tab4.php 394
ERROR - 2020-02-10 07:55:27 --> Could not find the language line "Đóng"
ERROR - 2020-02-10 07:55:27 --> Could not find the language line "Xác Nhận"
ERROR - 2020-02-10 07:55:27 --> Severity: Warning --> Invalid argument supplied for foreach() /home/admin/domains/spshd.com/public_html/khachhang/application/views/app.php 157
ERROR - 2020-02-10 07:55:27 --> Severity: Warning --> Invalid argument supplied for foreach() /home/admin/domains/spshd.com/public_html/khachhang/application/views/app.php 168
ERROR - 2020-02-10 07:55:27 --> Could not find the language line "Đóng"
ERROR - 2020-02-10 07:55:27 --> Could not find the language line "Xác Nhận"
ERROR - 2020-02-10 07:55:27 --> Could not find the language line "Đóng"
ERROR - 2020-02-10 07:55:27 --> Could not find the language line "Xác Nhận"
ERROR - 2020-02-10 08:20:50 --> Could not find the language line "Tạo Điểm Lấy Hàng"
ERROR - 2020-02-10 08:20:50 --> Could not find the language line "Tạo Đơn Hàng"
ERROR - 2020-02-10 08:20:50 --> Severity: Warning --> Invalid argument supplied for foreach() /home/admin/domains/spshd.com/public_html/khachhang/application/views/tab4.php 394
ERROR - 2020-02-10 08:20:50 --> Could not find the language line "Đóng"
ERROR - 2020-02-10 08:20:50 --> Could not find the language line "Xác Nhận"
ERROR - 2020-02-10 08:20:50 --> Severity: Warning --> Invalid argument supplied for foreach() /home/admin/domains/spshd.com/public_html/khachhang/application/views/app.php 157
ERROR - 2020-02-10 08:20:50 --> Severity: Warning --> Invalid argument supplied for foreach() /home/admin/domains/spshd.com/public_html/khachhang/application/views/app.php 168
ERROR - 2020-02-10 08:20:50 --> Could not find the language line "Đóng"
ERROR - 2020-02-10 08:20:50 --> Could not find the language line "Xác Nhận"
ERROR - 2020-02-10 08:20:50 --> Could not find the language line "Đóng"
ERROR - 2020-02-10 08:20:50 --> Could not find the language line "Xác Nhận"
ERROR - 2020-02-10 08:20:52 --> Could not find the language line "Tạo Điểm Lấy Hàng"
ERROR - 2020-02-10 08:20:52 --> Could not find the language line "Tạo Đơn Hàng"
ERROR - 2020-02-10 08:20:52 --> Severity: Warning --> Invalid argument supplied for foreach() /home/admin/domains/spshd.com/public_html/khachhang/application/views/tab4.php 394
ERROR - 2020-02-10 08:20:52 --> Could not find the language line "Đóng"
ERROR - 2020-02-10 08:20:52 --> Could not find the language line "Xác Nhận"
ERROR - 2020-02-10 08:20:52 --> Severity: Warning --> Invalid argument supplied for foreach() /home/admin/domains/spshd.com/public_html/khachhang/application/views/app.php 157
ERROR - 2020-02-10 08:20:52 --> Severity: Warning --> Invalid argument supplied for foreach() /home/admin/domains/spshd.com/public_html/khachhang/application/views/app.php 168
ERROR - 2020-02-10 08:20:52 --> Could not find the language line "Đóng"
ERROR - 2020-02-10 08:20:52 --> Could not find the language line "Xác Nhận"
ERROR - 2020-02-10 08:20:52 --> Could not find the language line "Đóng"
ERROR - 2020-02-10 08:20:52 --> Could not find the language line "Xác Nhận"
ERROR - 2020-02-10 08:20:52 --> Could not find the language line "Tạo Điểm Lấy Hàng"
ERROR - 2020-02-10 08:20:52 --> Could not find the language line "Tạo Đơn Hàng"
ERROR - 2020-02-10 08:20:52 --> Severity: Warning --> Invalid argument supplied for foreach() /home/admin/domains/spshd.com/public_html/khachhang/application/views/tab4.php 394
ERROR - 2020-02-10 08:20:52 --> Could not find the language line "Đóng"
ERROR - 2020-02-10 08:20:52 --> Could not find the language line "Xác Nhận"
ERROR - 2020-02-10 08:20:52 --> Severity: Warning --> Invalid argument supplied for foreach() /home/admin/domains/spshd.com/public_html/khachhang/application/views/app.php 157
ERROR - 2020-02-10 08:20:52 --> Severity: Warning --> Invalid argument supplied for foreach() /home/admin/domains/spshd.com/public_html/khachhang/application/views/app.php 168
ERROR - 2020-02-10 08:20:52 --> Could not find the language line "Đóng"
ERROR - 2020-02-10 08:20:52 --> Could not find the language line "Xác Nhận"
ERROR - 2020-02-10 08:20:52 --> Could not find the language line "Đóng"
ERROR - 2020-02-10 08:20:52 --> Could not find the language line "Xác Nhận"
ERROR - 2020-02-10 08:20:53 --> Could not find the language line "Tạo Điểm Lấy Hàng"
ERROR - 2020-02-10 08:20:53 --> Could not find the language line "Tạo Đơn Hàng"
ERROR - 2020-02-10 08:20:53 --> Severity: Warning --> Invalid argument supplied for foreach() /home/admin/domains/spshd.com/public_html/khachhang/application/views/tab4.php 394
ERROR - 2020-02-10 08:20:53 --> Could not find the language line "Đóng"
ERROR - 2020-02-10 08:20:53 --> Could not find the language line "Xác Nhận"
ERROR - 2020-02-10 08:20:53 --> Severity: Warning --> Invalid argument supplied for foreach() /home/admin/domains/spshd.com/public_html/khachhang/application/views/app.php 157
ERROR - 2020-02-10 08:20:53 --> Severity: Warning --> Invalid argument supplied for foreach() /home/admin/domains/spshd.com/public_html/khachhang/application/views/app.php 168
ERROR - 2020-02-10 08:20:53 --> Could not find the language line "Đóng"
ERROR - 2020-02-10 08:20:53 --> Could not find the language line "Xác Nhận"
ERROR - 2020-02-10 08:20:53 --> Could not find the language line "Đóng"
ERROR - 2020-02-10 08:20:53 --> Could not find the language line "Xác Nhận"
ERROR - 2020-02-10 08:27:38 --> Could not find the language line "Tạo Điểm Lấy Hàng"
ERROR - 2020-02-10 08:27:38 --> Could not find the language line "Tạo Đơn Hàng"
ERROR - 2020-02-10 08:27:38 --> Severity: Warning --> Invalid argument supplied for foreach() /home/admin/domains/spshd.com/public_html/khachhang/application/views/tab4.php 394
ERROR - 2020-02-10 08:27:38 --> Could not find the language line "Đóng"
ERROR - 2020-02-10 08:27:38 --> Could not find the language line "Xác Nhận"
ERROR - 2020-02-10 08:27:38 --> Severity: Warning --> Invalid argument supplied for foreach() /home/admin/domains/spshd.com/public_html/khachhang/application/views/app.php 157
ERROR - 2020-02-10 08:27:38 --> Severity: Warning --> Invalid argument supplied for foreach() /home/admin/domains/spshd.com/public_html/khachhang/application/views/app.php 168
ERROR - 2020-02-10 08:27:38 --> Could not find the language line "Đóng"
ERROR - 2020-02-10 08:27:38 --> Could not find the language line "Xác Nhận"
ERROR - 2020-02-10 08:27:38 --> Could not find the language line "Đóng"
ERROR - 2020-02-10 08:27:38 --> Could not find the language line "Xác Nhận"
ERROR - 2020-02-10 09:00:09 --> Could not find the language line "Tạo Điểm Lấy Hàng"
ERROR - 2020-02-10 09:00:09 --> Could not find the language line "Tạo Đơn Hàng"
ERROR - 2020-02-10 09:00:09 --> Severity: Warning --> Invalid argument supplied for foreach() /home/admin/domains/spshd.com/public_html/khachhang/application/views/tab4.php 394
ERROR - 2020-02-10 09:00:09 --> Could not find the language line "Đóng"
ERROR - 2020-02-10 09:00:09 --> Could not find the language line "Xác Nhận"
ERROR - 2020-02-10 09:00:09 --> Severity: Warning --> Invalid argument supplied for foreach() /home/admin/domains/spshd.com/public_html/khachhang/application/views/app.php 157
ERROR - 2020-02-10 09:00:09 --> Severity: Warning --> Invalid argument supplied for foreach() /home/admin/domains/spshd.com/public_html/khachhang/application/views/app.php 168
ERROR - 2020-02-10 09:00:09 --> Could not find the language line "Đóng"
ERROR - 2020-02-10 09:00:09 --> Could not find the language line "Xác Nhận"
ERROR - 2020-02-10 09:00:09 --> Could not find the language line "Đóng"
ERROR - 2020-02-10 09:00:09 --> Could not find the language line "Xác Nhận"
ERROR - 2020-02-10 09:00:10 --> Could not find the language line "Tạo Điểm Lấy Hàng"
ERROR - 2020-02-10 09:00:10 --> Could not find the language line "Tạo Đơn Hàng"
ERROR - 2020-02-10 09:00:10 --> Severity: Warning --> Invalid argument supplied for foreach() /home/admin/domains/spshd.com/public_html/khachhang/application/views/tab4.php 394
ERROR - 2020-02-10 09:00:10 --> Could not find the language line "Đóng"
ERROR - 2020-02-10 09:00:10 --> Could not find the language line "Xác Nhận"
ERROR - 2020-02-10 09:00:10 --> Severity: Warning --> Invalid argument supplied for foreach() /home/admin/domains/spshd.com/public_html/khachhang/application/views/app.php 157
ERROR - 2020-02-10 09:00:10 --> Severity: Warning --> Invalid argument supplied for foreach() /home/admin/domains/spshd.com/public_html/khachhang/application/views/app.php 168
ERROR - 2020-02-10 09:00:10 --> Could not find the language line "Đóng"
ERROR - 2020-02-10 09:00:10 --> Could not find the language line "Xác Nhận"
ERROR - 2020-02-10 09:00:10 --> Could not find the language line "Đóng"
ERROR - 2020-02-10 09:00:10 --> Could not find the language line "Xác Nhận"
ERROR - 2020-02-10 09:00:10 --> Could not find the language line "Tạo Điểm Lấy Hàng"
ERROR - 2020-02-10 09:00:10 --> Could not find the language line "Tạo Đơn Hàng"
ERROR - 2020-02-10 09:00:10 --> Severity: Warning --> Invalid argument supplied for foreach() /home/admin/domains/spshd.com/public_html/khachhang/application/views/tab4.php 394
ERROR - 2020-02-10 09:00:10 --> Could not find the language line "Đóng"
ERROR - 2020-02-10 09:00:10 --> Could not find the language line "Xác Nhận"
ERROR - 2020-02-10 09:00:10 --> Severity: Warning --> Invalid argument supplied for foreach() /home/admin/domains/spshd.com/public_html/khachhang/application/views/app.php 157
ERROR - 2020-02-10 09:00:10 --> Severity: Warning --> Invalid argument supplied for foreach() /home/admin/domains/spshd.com/public_html/khachhang/application/views/app.php 168
ERROR - 2020-02-10 09:00:10 --> Could not find the language line "Đóng"
ERROR - 2020-02-10 09:00:10 --> Could not find the language line "Xác Nhận"
ERROR - 2020-02-10 09:00:10 --> Could not find the language line "Đóng"
ERROR - 2020-02-10 09:00:10 --> Could not find the language line "Xác Nhận"
ERROR - 2020-02-10 09:00:11 --> Could not find the language line "Tạo Điểm Lấy Hàng"
ERROR - 2020-02-10 09:00:11 --> Could not find the language line "Tạo Đơn Hàng"
ERROR - 2020-02-10 09:00:11 --> Severity: Warning --> Invalid argument supplied for foreach() /home/admin/domains/spshd.com/public_html/khachhang/application/views/tab4.php 394
ERROR - 2020-02-10 09:00:11 --> Could not find the language line "Đóng"
ERROR - 2020-02-10 09:00:11 --> Could not find the language line "Xác Nhận"
ERROR - 2020-02-10 09:00:11 --> Severity: Warning --> Invalid argument supplied for foreach() /home/admin/domains/spshd.com/public_html/khachhang/application/views/app.php 157
ERROR - 2020-02-10 09:00:11 --> Severity: Warning --> Invalid argument supplied for foreach() /home/admin/domains/spshd.com/public_html/khachhang/application/views/app.php 168
ERROR - 2020-02-10 09:00:11 --> Could not find the language line "Đóng"
ERROR - 2020-02-10 09:00:11 --> Could not find the language line "Xác Nhận"
ERROR - 2020-02-10 09:00:11 --> Could not find the language line "Đóng"
ERROR - 2020-02-10 09:00:11 --> Could not find the language line "Xác Nhận"
ERROR - 2020-02-10 10:09:52 --> Could not find the language line "Tạo Điểm Lấy Hàng"
ERROR - 2020-02-10 10:09:52 --> Could not find the language line "Tạo Đơn Hàng"
ERROR - 2020-02-10 10:09:52 --> Severity: Warning --> Invalid argument supplied for foreach() /home/admin/domains/spshd.com/public_html/khachhang/application/views/tab4.php 394
ERROR - 2020-02-10 10:09:52 --> Could not find the language line "Đóng"
ERROR - 2020-02-10 10:09:52 --> Could not find the language line "Xác Nhận"
ERROR - 2020-02-10 10:09:52 --> Severity: Warning --> Invalid argument supplied for foreach() /home/admin/domains/spshd.com/public_html/khachhang/application/views/app.php 157
ERROR - 2020-02-10 10:09:52 --> Severity: Warning --> Invalid argument supplied for foreach() /home/admin/domains/spshd.com/public_html/khachhang/application/views/app.php 168
ERROR - 2020-02-10 10:09:52 --> Could not find the language line "Đóng"
ERROR - 2020-02-10 10:09:52 --> Could not find the language line "Xác Nhận"
ERROR - 2020-02-10 10:09:52 --> Could not find the language line "Đóng"
ERROR - 2020-02-10 10:09:52 --> Could not find the language line "Xác Nhận"
ERROR - 2020-02-10 10:36:06 --> Could not find the language line "Tạo Điểm Lấy Hàng"
ERROR - 2020-02-10 10:36:06 --> Could not find the language line "Tạo Đơn Hàng"
ERROR - 2020-02-10 10:36:06 --> Severity: Warning --> Invalid argument supplied for foreach() /home/admin/domains/spshd.com/public_html/khachhang/application/views/tab4.php 394
ERROR - 2020-02-10 10:36:06 --> Could not find the language line "Đóng"
ERROR - 2020-02-10 10:36:06 --> Could not find the language line "Xác Nhận"
ERROR - 2020-02-10 10:36:06 --> Severity: Warning --> Invalid argument supplied for foreach() /home/admin/domains/spshd.com/public_html/khachhang/application/views/app.php 157
ERROR - 2020-02-10 10:36:06 --> Severity: Warning --> Invalid argument supplied for foreach() /home/admin/domains/spshd.com/public_html/khachhang/application/views/app.php 168
ERROR - 2020-02-10 10:36:06 --> Could not find the language line "Đóng"
ERROR - 2020-02-10 10:36:06 --> Could not find the language line "Xác Nhận"
ERROR - 2020-02-10 10:36:06 --> Could not find the language line "Đóng"
ERROR - 2020-02-10 10:36:06 --> Could not find the language line "Xác Nhận"
ERROR - 2020-02-10 10:36:19 --> Could not find the language line "Tạo Điểm Lấy Hàng"
ERROR - 2020-02-10 10:36:19 --> Could not find the language line "Tạo Đơn Hàng"
ERROR - 2020-02-10 10:36:19 --> Severity: Warning --> Invalid argument supplied for foreach() /home/admin/domains/spshd.com/public_html/khachhang/application/views/tab4.php 394
ERROR - 2020-02-10 10:36:19 --> Could not find the language line "Đóng"
ERROR - 2020-02-10 10:36:19 --> Could not find the language line "Xác Nhận"
ERROR - 2020-02-10 10:36:19 --> Severity: Warning --> Invalid argument supplied for foreach() /home/admin/domains/spshd.com/public_html/khachhang/application/views/app.php 157
ERROR - 2020-02-10 10:36:19 --> Severity: Warning --> Invalid argument supplied for foreach() /home/admin/domains/spshd.com/public_html/khachhang/application/views/app.php 168
ERROR - 2020-02-10 10:36:19 --> Could not find the language line "Đóng"
ERROR - 2020-02-10 10:36:19 --> Could not find the language line "Xác Nhận"
ERROR - 2020-02-10 10:36:19 --> Could not find the language line "Đóng"
ERROR - 2020-02-10 10:36:19 --> Could not find the language line "Xác Nhận"
ERROR - 2020-02-10 10:36:20 --> Could not find the language line "Tạo Điểm Lấy Hàng"
ERROR - 2020-02-10 10:36:20 --> Could not find the language line "Tạo Đơn Hàng"
ERROR - 2020-02-10 10:36:20 --> Severity: Warning --> Invalid argument supplied for foreach() /home/admin/domains/spshd.com/public_html/khachhang/application/views/tab4.php 394
ERROR - 2020-02-10 10:36:20 --> Could not find the language line "Đóng"
ERROR - 2020-02-10 10:36:20 --> Could not find the language line "Xác Nhận"
ERROR - 2020-02-10 10:36:20 --> Severity: Warning --> Invalid argument supplied for foreach() /home/admin/domains/spshd.com/public_html/khachhang/application/views/app.php 157
ERROR - 2020-02-10 10:36:20 --> Severity: Warning --> Invalid argument supplied for foreach() /home/admin/domains/spshd.com/public_html/khachhang/application/views/app.php 168
ERROR - 2020-02-10 10:36:20 --> Could not find the language line "Đóng"
ERROR - 2020-02-10 10:36:20 --> Could not find the language line "Xác Nhận"
ERROR - 2020-02-10 10:36:20 --> Could not find the language line "Đóng"
ERROR - 2020-02-10 10:36:20 --> Could not find the language line "Xác Nhận"
ERROR - 2020-02-10 10:36:46 --> Could not find the language line "Tạo Điểm Lấy Hàng"
ERROR - 2020-02-10 10:36:46 --> Could not find the language line "Tạo Đơn Hàng"
ERROR - 2020-02-10 10:36:46 --> Severity: Warning --> Invalid argument supplied for foreach() /home/admin/domains/spshd.com/public_html/khachhang/application/views/tab4.php 394
ERROR - 2020-02-10 10:36:46 --> Could not find the language line "Đóng"
ERROR - 2020-02-10 10:36:46 --> Could not find the language line "Xác Nhận"
ERROR - 2020-02-10 10:36:46 --> Severity: Warning --> Invalid argument supplied for foreach() /home/admin/domains/spshd.com/public_html/khachhang/application/views/app.php 157
ERROR - 2020-02-10 10:36:46 --> Severity: Warning --> Invalid argument supplied for foreach() /home/admin/domains/spshd.com/public_html/khachhang/application/views/app.php 168
ERROR - 2020-02-10 10:36:46 --> Could not find the language line "Đóng"
ERROR - 2020-02-10 10:36:46 --> Could not find the language line "Xác Nhận"
ERROR - 2020-02-10 10:36:46 --> Could not find the language line "Đóng"
ERROR - 2020-02-10 10:36:46 --> Could not find the language line "Xác Nhận"
ERROR - 2020-02-10 10:37:00 --> Could not find the language line "Tạo Điểm Lấy Hàng"
ERROR - 2020-02-10 10:37:00 --> Could not find the language line "Tạo Đơn Hàng"
ERROR - 2020-02-10 10:37:00 --> Severity: Warning --> Invalid argument supplied for foreach() /home/admin/domains/spshd.com/public_html/khachhang/application/views/tab4.php 394
ERROR - 2020-02-10 10:37:00 --> Could not find the language line "Đóng"
ERROR - 2020-02-10 10:37:00 --> Could not find the language line "Xác Nhận"
ERROR - 2020-02-10 10:37:00 --> Severity: Warning --> Invalid argument supplied for foreach() /home/admin/domains/spshd.com/public_html/khachhang/application/views/app.php 157
ERROR - 2020-02-10 10:37:00 --> Severity: Warning --> Invalid argument supplied for foreach() /home/admin/domains/spshd.com/public_html/khachhang/application/views/app.php 168
ERROR - 2020-02-10 10:37:00 --> Could not find the language line "Đóng"
ERROR - 2020-02-10 10:37:00 --> Could not find the language line "Xác Nhận"
ERROR - 2020-02-10 10:37:00 --> Could not find the language line "Đóng"
ERROR - 2020-02-10 10:37:00 --> Could not find the language line "Xác Nhận"
ERROR - 2020-02-10 10:37:02 --> Could not find the language line "Tạo Điểm Lấy Hàng"
ERROR - 2020-02-10 10:37:02 --> Could not find the language line "Tạo Đơn Hàng"
ERROR - 2020-02-10 10:37:02 --> Severity: Warning --> Invalid argument supplied for foreach() /home/admin/domains/spshd.com/public_html/khachhang/application/views/tab4.php 394
ERROR - 2020-02-10 10:37:02 --> Could not find the language line "Đóng"
ERROR - 2020-02-10 10:37:02 --> Could not find the language line "Xác Nhận"
ERROR - 2020-02-10 10:37:02 --> Severity: Warning --> Invalid argument supplied for foreach() /home/admin/domains/spshd.com/public_html/khachhang/application/views/app.php 157
ERROR - 2020-02-10 10:37:02 --> Severity: Warning --> Invalid argument supplied for foreach() /home/admin/domains/spshd.com/public_html/khachhang/application/views/app.php 168
ERROR - 2020-02-10 10:37:02 --> Could not find the language line "Đóng"
ERROR - 2020-02-10 10:37:02 --> Could not find the language line "Xác Nhận"
ERROR - 2020-02-10 10:37:02 --> Could not find the language line "Đóng"
ERROR - 2020-02-10 10:37:02 --> Could not find the language line "Xác Nhận"
ERROR - 2020-02-10 11:03:51 --> Could not find the language line "Tạo Điểm Lấy Hàng"
ERROR - 2020-02-10 11:03:51 --> Could not find the language line "Tạo Đơn Hàng"
ERROR - 2020-02-10 11:03:51 --> Severity: Warning --> Invalid argument supplied for foreach() /home/admin/domains/spshd.com/public_html/khachhang/application/views/tab4.php 394
ERROR - 2020-02-10 11:03:51 --> Could not find the language line "Đóng"
ERROR - 2020-02-10 11:03:51 --> Could not find the language line "Xác Nhận"
ERROR - 2020-02-10 11:03:51 --> Severity: Warning --> Invalid argument supplied for foreach() /home/admin/domains/spshd.com/public_html/khachhang/application/views/app.php 157
ERROR - 2020-02-10 11:03:51 --> Severity: Warning --> Invalid argument supplied for foreach() /home/admin/domains/spshd.com/public_html/khachhang/application/views/app.php 168
ERROR - 2020-02-10 11:03:51 --> Could not find the language line "Đóng"
ERROR - 2020-02-10 11:03:51 --> Could not find the language line "Xác Nhận"
ERROR - 2020-02-10 11:03:51 --> Could not find the language line "Đóng"
ERROR - 2020-02-10 11:03:51 --> Could not find the language line "Xác Nhận"
ERROR - 2020-02-10 11:03:51 --> Could not find the language line "Tạo Điểm Lấy Hàng"
ERROR - 2020-02-10 11:03:51 --> Could not find the language line "Tạo Đơn Hàng"
ERROR - 2020-02-10 11:03:51 --> Severity: Warning --> Invalid argument supplied for foreach() /home/admin/domains/spshd.com/public_html/khachhang/application/views/tab4.php 394
ERROR - 2020-02-10 11:03:51 --> Could not find the language line "Đóng"
ERROR - 2020-02-10 11:03:51 --> Could not find the language line "Xác Nhận"
ERROR - 2020-02-10 11:03:51 --> Severity: Warning --> Invalid argument supplied for foreach() /home/admin/domains/spshd.com/public_html/khachhang/application/views/app.php 157
ERROR - 2020-02-10 11:03:51 --> Severity: Warning --> Invalid argument supplied for foreach() /home/admin/domains/spshd.com/public_html/khachhang/application/views/app.php 168
ERROR - 2020-02-10 11:03:51 --> Could not find the language line "Đóng"
ERROR - 2020-02-10 11:03:51 --> Could not find the language line "Xác Nhận"
ERROR - 2020-02-10 11:03:51 --> Could not find the language line "Đóng"
ERROR - 2020-02-10 11:03:51 --> Could not find the language line "Xác Nhận"
ERROR - 2020-02-10 11:35:50 --> Could not find the language line "Tạo Điểm Lấy Hàng"
ERROR - 2020-02-10 11:35:50 --> Could not find the language line "Tạo Đơn Hàng"
ERROR - 2020-02-10 11:35:50 --> Severity: Warning --> Invalid argument supplied for foreach() /home/admin/domains/spshd.com/public_html/khachhang/application/views/tab4.php 394
ERROR - 2020-02-10 11:35:50 --> Could not find the language line "Đóng"
ERROR - 2020-02-10 11:35:50 --> Could not find the language line "Xác Nhận"
ERROR - 2020-02-10 11:35:50 --> Severity: Warning --> Invalid argument supplied for foreach() /home/admin/domains/spshd.com/public_html/khachhang/application/views/app.php 157
ERROR - 2020-02-10 11:35:50 --> Severity: Warning --> Invalid argument supplied for foreach() /home/admin/domains/spshd.com/public_html/khachhang/application/views/app.php 168
ERROR - 2020-02-10 11:35:50 --> Could not find the language line "Đóng"
ERROR - 2020-02-10 11:35:50 --> Could not find the language line "Xác Nhận"
ERROR - 2020-02-10 11:35:50 --> Could not find the language line "Đóng"
ERROR - 2020-02-10 11:35:50 --> Could not find the language line "Xác Nhận"
ERROR - 2020-02-10 12:44:54 --> Could not find the language line "Tạo Điểm Lấy Hàng"
ERROR - 2020-02-10 12:44:54 --> Could not find the language line "Tạo Đơn Hàng"
ERROR - 2020-02-10 12:44:54 --> Severity: Warning --> Invalid argument supplied for foreach() /home/admin/domains/spshd.com/public_html/khachhang/application/views/tab4.php 394
ERROR - 2020-02-10 12:44:54 --> Could not find the language line "Đóng"
ERROR - 2020-02-10 12:44:54 --> Could not find the language line "Xác Nhận"
ERROR - 2020-02-10 12:44:54 --> Severity: Warning --> Invalid argument supplied for foreach() /home/admin/domains/spshd.com/public_html/khachhang/application/views/app.php 157
ERROR - 2020-02-10 12:44:54 --> Severity: Warning --> Invalid argument supplied for foreach() /home/admin/domains/spshd.com/public_html/khachhang/application/views/app.php 168
ERROR - 2020-02-10 12:44:54 --> Could not find the language line "Đóng"
ERROR - 2020-02-10 12:44:54 --> Could not find the language line "Xác Nhận"
ERROR - 2020-02-10 12:44:54 --> Could not find the language line "Đóng"
ERROR - 2020-02-10 12:44:54 --> Could not find the language line "Xác Nhận"
ERROR - 2020-02-10 13:33:28 --> Could not find the language line "Tạo Điểm Lấy Hàng"
ERROR - 2020-02-10 13:33:28 --> Could not find the language line "Tạo Đơn Hàng"
ERROR - 2020-02-10 13:33:28 --> Severity: Warning --> Invalid argument supplied for foreach() /home/admin/domains/spshd.com/public_html/khachhang/application/views/tab4.php 394
ERROR - 2020-02-10 13:33:28 --> Could not find the language line "Đóng"
ERROR - 2020-02-10 13:33:28 --> Could not find the language line "Xác Nhận"
ERROR - 2020-02-10 13:33:28 --> Severity: Warning --> Invalid argument supplied for foreach() /home/admin/domains/spshd.com/public_html/khachhang/application/views/app.php 157
ERROR - 2020-02-10 13:33:28 --> Severity: Warning --> Invalid argument supplied for foreach() /home/admin/domains/spshd.com/public_html/khachhang/application/views/app.php 168
ERROR - 2020-02-10 13:33:28 --> Could not find the language line "Đóng"
ERROR - 2020-02-10 13:33:28 --> Could not find the language line "Xác Nhận"
ERROR - 2020-02-10 13:33:28 --> Could not find the language line "Đóng"
ERROR - 2020-02-10 13:33:28 --> Could not find the language line "Xác Nhận"
ERROR - 2020-02-10 13:36:25 --> Could not find the language line "Tạo Điểm Lấy Hàng"
ERROR - 2020-02-10 13:36:25 --> Could not find the language line "Tạo Đơn Hàng"
ERROR - 2020-02-10 13:36:25 --> Severity: Warning --> Invalid argument supplied for foreach() /home/admin/domains/spshd.com/public_html/khachhang/application/views/tab4.php 394
ERROR - 2020-02-10 13:36:25 --> Could not find the language line "Đóng"
ERROR - 2020-02-10 13:36:25 --> Could not find the language line "Xác Nhận"
ERROR - 2020-02-10 13:36:25 --> Severity: Warning --> Invalid argument supplied for foreach() /home/admin/domains/spshd.com/public_html/khachhang/application/views/app.php 157
ERROR - 2020-02-10 13:36:25 --> Severity: Warning --> Invalid argument supplied for foreach() /home/admin/domains/spshd.com/public_html/khachhang/application/views/app.php 168
ERROR - 2020-02-10 13:36:25 --> Could not find the language line "Đóng"
ERROR - 2020-02-10 13:36:25 --> Could not find the language line "Xác Nhận"
ERROR - 2020-02-10 13:36:25 --> Could not find the language line "Đóng"
ERROR - 2020-02-10 13:36:25 --> Could not find the language line "Xác Nhận"
