ERROR - 2020-06-13 08:39:27 --> Could not find the language line "Tạo Điểm Lấy Hàng"
ERROR - 2020-06-13 08:39:27 --> Could not find the language line "Tạo Đơn Hàng"
ERROR - 2020-06-13 08:39:27 --> Could not find the language line "Tải Excel"
ERROR - 2020-06-13 08:39:27 --> Could not find the language line "Đóng"
ERROR - 2020-06-13 08:39:27 --> Could not find the language line "Xác Nhận"
ERROR - 2020-06-13 08:39:27 --> Severity: Warning --> Invalid argument supplied for foreach() /home/admin/domains/spshd.com/public_html/khachhang/application/views/app.php 162
ERROR - 2020-06-13 08:39:27 --> Severity: Warning --> Invalid argument supplied for foreach() /home/admin/domains/spshd.com/public_html/khachhang/application/views/app.php 173
ERROR - 2020-06-13 08:39:27 --> Could not find the language line "Đóng"
ERROR - 2020-06-13 08:39:27 --> Could not find the language line "Xác Nhận"
ERROR - 2020-06-13 08:39:27 --> Could not find the language line "Đóng"
ERROR - 2020-06-13 08:39:27 --> Could not find the language line "Xác Nhận"
ERROR - 2020-06-13 08:39:27 --> Could not find the language line "Đóng"
ERROR - 2020-06-13 08:39:27 --> Could not find the language line "Tải"
ERROR - 2020-06-13 02:43:45 --> Could not find the language line "Email"
ERROR - 2020-06-13 02:43:45 --> Could not find the language line "password"
ERROR - 2020-06-13 08:51:57 --> Could not find the language line "Tạo Điểm Lấy Hàng"
ERROR - 2020-06-13 08:51:57 --> Could not find the language line "Tạo Đơn Hàng"
ERROR - 2020-06-13 08:51:57 --> Could not find the language line "Tải Excel"
ERROR - 2020-06-13 08:51:57 --> Could not find the language line "Đóng"
ERROR - 2020-06-13 08:51:57 --> Could not find the language line "Xác Nhận"
ERROR - 2020-06-13 08:51:57 --> Severity: Warning --> Invalid argument supplied for foreach() /home/admin/domains/spshd.com/public_html/khachhang/application/views/app.php 162
ERROR - 2020-06-13 08:51:57 --> Severity: Warning --> Invalid argument supplied for foreach() /home/admin/domains/spshd.com/public_html/khachhang/application/views/app.php 173
ERROR - 2020-06-13 08:51:57 --> Could not find the language line "Đóng"
ERROR - 2020-06-13 08:51:57 --> Could not find the language line "Xác Nhận"
ERROR - 2020-06-13 08:51:57 --> Could not find the language line "Đóng"
ERROR - 2020-06-13 08:51:57 --> Could not find the language line "Xác Nhận"
ERROR - 2020-06-13 08:51:57 --> Could not find the language line "Đóng"
ERROR - 2020-06-13 08:51:57 --> Could not find the language line "Tải"
ERROR - 2020-06-13 08:51:57 --> Could not find the language line "Tạo Điểm Lấy Hàng"
ERROR - 2020-06-13 08:51:57 --> Could not find the language line "Tạo Đơn Hàng"
ERROR - 2020-06-13 08:51:57 --> Could not find the language line "Tải Excel"
ERROR - 2020-06-13 08:51:57 --> Could not find the language line "Đóng"
ERROR - 2020-06-13 08:51:57 --> Could not find the language line "Xác Nhận"
ERROR - 2020-06-13 08:51:57 --> Severity: Warning --> Invalid argument supplied for foreach() /home/admin/domains/spshd.com/public_html/khachhang/application/views/app.php 162
ERROR - 2020-06-13 08:51:57 --> Severity: Warning --> Invalid argument supplied for foreach() /home/admin/domains/spshd.com/public_html/khachhang/application/views/app.php 173
ERROR - 2020-06-13 08:51:57 --> Could not find the language line "Đóng"
ERROR - 2020-06-13 08:51:57 --> Could not find the language line "Xác Nhận"
ERROR - 2020-06-13 08:51:57 --> Could not find the language line "Đóng"
ERROR - 2020-06-13 08:51:57 --> Could not find the language line "Xác Nhận"
ERROR - 2020-06-13 08:51:57 --> Could not find the language line "Đóng"
ERROR - 2020-06-13 08:51:57 --> Could not find the language line "Tải"
ERROR - 2020-06-13 03:26:10 --> Could not find the language line "Email"
ERROR - 2020-06-13 03:26:10 --> Could not find the language line "password"
ERROR - 2020-06-13 09:27:39 --> Could not find the language line "Tạo Điểm Lấy Hàng"
ERROR - 2020-06-13 09:27:39 --> Could not find the language line "Tạo Đơn Hàng"
ERROR - 2020-06-13 09:27:39 --> Could not find the language line "Tải Excel"
ERROR - 2020-06-13 09:27:39 --> Could not find the language line "Đóng"
ERROR - 2020-06-13 09:27:39 --> Could not find the language line "Xác Nhận"
ERROR - 2020-06-13 09:27:39 --> Severity: Warning --> Invalid argument supplied for foreach() /home/admin/domains/spshd.com/public_html/khachhang/application/views/app.php 162
ERROR - 2020-06-13 09:27:39 --> Severity: Warning --> Invalid argument supplied for foreach() /home/admin/domains/spshd.com/public_html/khachhang/application/views/app.php 173
ERROR - 2020-06-13 09:27:39 --> Could not find the language line "Đóng"
ERROR - 2020-06-13 09:27:39 --> Could not find the language line "Xác Nhận"
ERROR - 2020-06-13 09:27:39 --> Could not find the language line "Đóng"
ERROR - 2020-06-13 09:27:39 --> Could not find the language line "Xác Nhận"
ERROR - 2020-06-13 09:27:39 --> Could not find the language line "Đóng"
ERROR - 2020-06-13 09:27:39 --> Could not find the language line "Tải"
ERROR - 2020-06-13 09:27:40 --> Could not find the language line "Tạo Điểm Lấy Hàng"
ERROR - 2020-06-13 09:27:40 --> Could not find the language line "Tạo Đơn Hàng"
ERROR - 2020-06-13 09:27:40 --> Could not find the language line "Tải Excel"
ERROR - 2020-06-13 09:27:40 --> Could not find the language line "Đóng"
ERROR - 2020-06-13 09:27:40 --> Could not find the language line "Xác Nhận"
ERROR - 2020-06-13 09:27:40 --> Severity: Warning --> Invalid argument supplied for foreach() /home/admin/domains/spshd.com/public_html/khachhang/application/views/app.php 162
ERROR - 2020-06-13 09:27:40 --> Severity: Warning --> Invalid argument supplied for foreach() /home/admin/domains/spshd.com/public_html/khachhang/application/views/app.php 173
ERROR - 2020-06-13 09:27:40 --> Could not find the language line "Đóng"
ERROR - 2020-06-13 09:27:40 --> Could not find the language line "Xác Nhận"
ERROR - 2020-06-13 09:27:40 --> Could not find the language line "Đóng"
ERROR - 2020-06-13 09:27:40 --> Could not find the language line "Xác Nhận"
ERROR - 2020-06-13 09:27:40 --> Could not find the language line "Đóng"
ERROR - 2020-06-13 09:27:40 --> Could not find the language line "Tải"
ERROR - 2020-06-13 10:04:57 --> Could not find the language line "Tạo Điểm Lấy Hàng"
ERROR - 2020-06-13 10:04:57 --> Could not find the language line "Tạo Đơn Hàng"
ERROR - 2020-06-13 10:04:57 --> Could not find the language line "Tải Excel"
ERROR - 2020-06-13 10:04:57 --> Could not find the language line "Đóng"
ERROR - 2020-06-13 10:04:57 --> Could not find the language line "Xác Nhận"
ERROR - 2020-06-13 10:04:57 --> Severity: Warning --> Invalid argument supplied for foreach() /home/admin/domains/spshd.com/public_html/khachhang/application/views/app.php 162
ERROR - 2020-06-13 10:04:57 --> Severity: Warning --> Invalid argument supplied for foreach() /home/admin/domains/spshd.com/public_html/khachhang/application/views/app.php 173
ERROR - 2020-06-13 10:04:57 --> Could not find the language line "Đóng"
ERROR - 2020-06-13 10:04:57 --> Could not find the language line "Xác Nhận"
ERROR - 2020-06-13 10:04:57 --> Could not find the language line "Đóng"
ERROR - 2020-06-13 10:04:57 --> Could not find the language line "Xác Nhận"
ERROR - 2020-06-13 10:04:57 --> Could not find the language line "Đóng"
ERROR - 2020-06-13 10:04:57 --> Could not find the language line "Tải"
ERROR - 2020-06-13 10:04:57 --> Could not find the language line "Tạo Điểm Lấy Hàng"
ERROR - 2020-06-13 10:04:57 --> Could not find the language line "Tạo Đơn Hàng"
ERROR - 2020-06-13 10:04:57 --> Could not find the language line "Tải Excel"
ERROR - 2020-06-13 10:04:57 --> Could not find the language line "Đóng"
ERROR - 2020-06-13 10:04:57 --> Could not find the language line "Xác Nhận"
ERROR - 2020-06-13 10:04:57 --> Severity: Warning --> Invalid argument supplied for foreach() /home/admin/domains/spshd.com/public_html/khachhang/application/views/app.php 162
ERROR - 2020-06-13 10:04:57 --> Severity: Warning --> Invalid argument supplied for foreach() /home/admin/domains/spshd.com/public_html/khachhang/application/views/app.php 173
ERROR - 2020-06-13 10:04:57 --> Could not find the language line "Đóng"
ERROR - 2020-06-13 10:04:57 --> Could not find the language line "Xác Nhận"
ERROR - 2020-06-13 10:04:57 --> Could not find the language line "Đóng"
ERROR - 2020-06-13 10:04:57 --> Could not find the language line "Xác Nhận"
ERROR - 2020-06-13 10:04:57 --> Could not find the language line "Đóng"
ERROR - 2020-06-13 10:04:57 --> Could not find the language line "Tải"
ERROR - 2020-06-13 10:11:33 --> Could not find the language line "Tạo Điểm Lấy Hàng"
ERROR - 2020-06-13 10:11:33 --> Could not find the language line "Tạo Đơn Hàng"
ERROR - 2020-06-13 10:11:33 --> Could not find the language line "Tải Excel"
ERROR - 2020-06-13 10:11:33 --> Could not find the language line "Đóng"
ERROR - 2020-06-13 10:11:33 --> Could not find the language line "Xác Nhận"
ERROR - 2020-06-13 10:11:33 --> Severity: Warning --> Invalid argument supplied for foreach() /home/admin/domains/spshd.com/public_html/khachhang/application/views/app.php 162
ERROR - 2020-06-13 10:11:33 --> Severity: Warning --> Invalid argument supplied for foreach() /home/admin/domains/spshd.com/public_html/khachhang/application/views/app.php 173
ERROR - 2020-06-13 10:11:33 --> Could not find the language line "Đóng"
ERROR - 2020-06-13 10:11:33 --> Could not find the language line "Xác Nhận"
ERROR - 2020-06-13 10:11:33 --> Could not find the language line "Đóng"
ERROR - 2020-06-13 10:11:33 --> Could not find the language line "Xác Nhận"
ERROR - 2020-06-13 10:11:33 --> Could not find the language line "Đóng"
ERROR - 2020-06-13 10:11:33 --> Could not find the language line "Tải"
ERROR - 2020-06-13 10:23:58 --> Could not find the language line "Tạo Điểm Lấy Hàng"
ERROR - 2020-06-13 10:23:58 --> Could not find the language line "Tạo Đơn Hàng"
ERROR - 2020-06-13 10:23:58 --> Could not find the language line "Tải Excel"
ERROR - 2020-06-13 10:23:58 --> Could not find the language line "Đóng"
ERROR - 2020-06-13 10:23:58 --> Could not find the language line "Xác Nhận"
ERROR - 2020-06-13 10:23:58 --> Severity: Warning --> Invalid argument supplied for foreach() /home/admin/domains/spshd.com/public_html/khachhang/application/views/app.php 162
ERROR - 2020-06-13 10:23:58 --> Severity: Warning --> Invalid argument supplied for foreach() /home/admin/domains/spshd.com/public_html/khachhang/application/views/app.php 173
ERROR - 2020-06-13 10:23:58 --> Could not find the language line "Đóng"
ERROR - 2020-06-13 10:23:58 --> Could not find the language line "Xác Nhận"
ERROR - 2020-06-13 10:23:58 --> Could not find the language line "Đóng"
ERROR - 2020-06-13 10:23:58 --> Could not find the language line "Xác Nhận"
ERROR - 2020-06-13 10:23:58 --> Could not find the language line "Đóng"
ERROR - 2020-06-13 10:23:58 --> Could not find the language line "Tải"
ERROR - 2020-06-13 04:31:01 --> Could not find the language line "Email"
ERROR - 2020-06-13 04:31:01 --> Could not find the language line "password"
ERROR - 2020-06-13 11:53:31 --> Could not find the language line "Tạo Điểm Lấy Hàng"
ERROR - 2020-06-13 11:53:31 --> Could not find the language line "Tạo Đơn Hàng"
ERROR - 2020-06-13 11:53:31 --> Could not find the language line "Tải Excel"
ERROR - 2020-06-13 11:53:31 --> Could not find the language line "Đóng"
ERROR - 2020-06-13 11:53:31 --> Could not find the language line "Xác Nhận"
ERROR - 2020-06-13 11:53:31 --> Severity: Warning --> Invalid argument supplied for foreach() /home/admin/domains/spshd.com/public_html/khachhang/application/views/app.php 162
ERROR - 2020-06-13 11:53:31 --> Severity: Warning --> Invalid argument supplied for foreach() /home/admin/domains/spshd.com/public_html/khachhang/application/views/app.php 173
ERROR - 2020-06-13 11:53:31 --> Could not find the language line "Đóng"
ERROR - 2020-06-13 11:53:31 --> Could not find the language line "Xác Nhận"
ERROR - 2020-06-13 11:53:31 --> Could not find the language line "Đóng"
ERROR - 2020-06-13 11:53:31 --> Could not find the language line "Xác Nhận"
ERROR - 2020-06-13 11:53:31 --> Could not find the language line "Đóng"
ERROR - 2020-06-13 11:53:31 --> Could not find the language line "Tải"
ERROR - 2020-06-13 12:33:21 --> Could not find the language line "Tạo Điểm Lấy Hàng"
ERROR - 2020-06-13 12:33:21 --> Could not find the language line "Tạo Đơn Hàng"
ERROR - 2020-06-13 12:33:21 --> Could not find the language line "Tải Excel"
ERROR - 2020-06-13 12:33:21 --> Could not find the language line "Đóng"
ERROR - 2020-06-13 12:33:21 --> Could not find the language line "Xác Nhận"
ERROR - 2020-06-13 12:33:21 --> Severity: Warning --> Invalid argument supplied for foreach() /home/admin/domains/spshd.com/public_html/khachhang/application/views/app.php 162
ERROR - 2020-06-13 12:33:21 --> Severity: Warning --> Invalid argument supplied for foreach() /home/admin/domains/spshd.com/public_html/khachhang/application/views/app.php 173
ERROR - 2020-06-13 12:33:21 --> Could not find the language line "Đóng"
ERROR - 2020-06-13 12:33:21 --> Could not find the language line "Xác Nhận"
ERROR - 2020-06-13 12:33:21 --> Could not find the language line "Đóng"
ERROR - 2020-06-13 12:33:21 --> Could not find the language line "Xác Nhận"
ERROR - 2020-06-13 12:33:21 --> Could not find the language line "Đóng"
ERROR - 2020-06-13 12:33:21 --> Could not find the language line "Tải"
ERROR - 2020-06-13 13:34:03 --> Could not find the language line "Tạo Điểm Lấy Hàng"
ERROR - 2020-06-13 13:34:03 --> Could not find the language line "Tạo Đơn Hàng"
ERROR - 2020-06-13 13:34:03 --> Could not find the language line "Tải Excel"
ERROR - 2020-06-13 13:34:03 --> Could not find the language line "Đóng"
ERROR - 2020-06-13 13:34:03 --> Could not find the language line "Xác Nhận"
ERROR - 2020-06-13 13:34:03 --> Severity: Warning --> Invalid argument supplied for foreach() /home/admin/domains/spshd.com/public_html/khachhang/application/views/app.php 162
ERROR - 2020-06-13 13:34:03 --> Severity: Warning --> Invalid argument supplied for foreach() /home/admin/domains/spshd.com/public_html/khachhang/application/views/app.php 173
ERROR - 2020-06-13 13:34:03 --> Could not find the language line "Đóng"
ERROR - 2020-06-13 13:34:03 --> Could not find the language line "Xác Nhận"
ERROR - 2020-06-13 13:34:03 --> Could not find the language line "Đóng"
ERROR - 2020-06-13 13:34:03 --> Could not find the language line "Xác Nhận"
ERROR - 2020-06-13 13:34:03 --> Could not find the language line "Đóng"
ERROR - 2020-06-13 13:34:03 --> Could not find the language line "Tải"
ERROR - 2020-06-13 13:49:45 --> Could not find the language line "Tạo Điểm Lấy Hàng"
ERROR - 2020-06-13 13:49:45 --> Could not find the language line "Tạo Đơn Hàng"
ERROR - 2020-06-13 13:49:45 --> Could not find the language line "Tải Excel"
ERROR - 2020-06-13 13:49:45 --> Could not find the language line "Đóng"
ERROR - 2020-06-13 13:49:45 --> Could not find the language line "Xác Nhận"
ERROR - 2020-06-13 13:49:45 --> Severity: Warning --> Invalid argument supplied for foreach() /home/admin/domains/spshd.com/public_html/khachhang/application/views/app.php 162
ERROR - 2020-06-13 13:49:45 --> Severity: Warning --> Invalid argument supplied for foreach() /home/admin/domains/spshd.com/public_html/khachhang/application/views/app.php 173
ERROR - 2020-06-13 13:49:45 --> Could not find the language line "Đóng"
ERROR - 2020-06-13 13:49:45 --> Could not find the language line "Xác Nhận"
ERROR - 2020-06-13 13:49:45 --> Could not find the language line "Đóng"
ERROR - 2020-06-13 13:49:45 --> Could not find the language line "Xác Nhận"
ERROR - 2020-06-13 13:49:45 --> Could not find the language line "Đóng"
ERROR - 2020-06-13 13:49:45 --> Could not find the language line "Tải"
ERROR - 2020-06-13 07:52:48 --> Could not find the language line "Email"
ERROR - 2020-06-13 07:52:48 --> Could not find the language line "password"
ERROR - 2020-06-13 14:06:15 --> Could not find the language line "Tạo Điểm Lấy Hàng"
ERROR - 2020-06-13 14:06:15 --> Could not find the language line "Tạo Đơn Hàng"
ERROR - 2020-06-13 14:06:15 --> Could not find the language line "Tải Excel"
ERROR - 2020-06-13 14:06:15 --> Could not find the language line "Đóng"
ERROR - 2020-06-13 14:06:15 --> Could not find the language line "Xác Nhận"
ERROR - 2020-06-13 14:06:15 --> Severity: Warning --> Invalid argument supplied for foreach() /home/admin/domains/spshd.com/public_html/khachhang/application/views/app.php 162
ERROR - 2020-06-13 14:06:15 --> Severity: Warning --> Invalid argument supplied for foreach() /home/admin/domains/spshd.com/public_html/khachhang/application/views/app.php 173
ERROR - 2020-06-13 14:06:15 --> Could not find the language line "Đóng"
ERROR - 2020-06-13 14:06:15 --> Could not find the language line "Xác Nhận"
ERROR - 2020-06-13 14:06:15 --> Could not find the language line "Đóng"
ERROR - 2020-06-13 14:06:15 --> Could not find the language line "Xác Nhận"
ERROR - 2020-06-13 14:06:15 --> Could not find the language line "Đóng"
ERROR - 2020-06-13 14:06:15 --> Could not find the language line "Tải"
ERROR - 2020-06-13 14:24:35 --> Could not find the language line "Tạo Điểm Lấy Hàng"
ERROR - 2020-06-13 14:24:35 --> Could not find the language line "Tạo Đơn Hàng"
ERROR - 2020-06-13 14:24:35 --> Could not find the language line "Tải Excel"
ERROR - 2020-06-13 14:24:35 --> Could not find the language line "Đóng"
ERROR - 2020-06-13 14:24:35 --> Could not find the language line "Xác Nhận"
ERROR - 2020-06-13 14:24:35 --> Severity: Warning --> Invalid argument supplied for foreach() /home/admin/domains/spshd.com/public_html/khachhang/application/views/app.php 162
ERROR - 2020-06-13 14:24:35 --> Severity: Warning --> Invalid argument supplied for foreach() /home/admin/domains/spshd.com/public_html/khachhang/application/views/app.php 173
ERROR - 2020-06-13 14:24:35 --> Could not find the language line "Đóng"
ERROR - 2020-06-13 14:24:35 --> Could not find the language line "Xác Nhận"
ERROR - 2020-06-13 14:24:35 --> Could not find the language line "Đóng"
ERROR - 2020-06-13 14:24:35 --> Could not find the language line "Xác Nhận"
ERROR - 2020-06-13 14:24:35 --> Could not find the language line "Đóng"
ERROR - 2020-06-13 14:24:35 --> Could not find the language line "Tải"
ERROR - 2020-06-13 14:26:27 --> Could not find the language line "Tạo Điểm Lấy Hàng"
ERROR - 2020-06-13 14:26:27 --> Could not find the language line "Tạo Đơn Hàng"
ERROR - 2020-06-13 14:26:27 --> Could not find the language line "Tải Excel"
ERROR - 2020-06-13 14:26:27 --> Could not find the language line "Đóng"
ERROR - 2020-06-13 14:26:27 --> Could not find the language line "Xác Nhận"
ERROR - 2020-06-13 14:26:27 --> Severity: Warning --> Invalid argument supplied for foreach() /home/admin/domains/spshd.com/public_html/khachhang/application/views/app.php 162
ERROR - 2020-06-13 14:26:27 --> Severity: Warning --> Invalid argument supplied for foreach() /home/admin/domains/spshd.com/public_html/khachhang/application/views/app.php 173
ERROR - 2020-06-13 14:26:27 --> Could not find the language line "Đóng"
ERROR - 2020-06-13 14:26:27 --> Could not find the language line "Xác Nhận"
ERROR - 2020-06-13 14:26:27 --> Could not find the language line "Đóng"
ERROR - 2020-06-13 14:26:27 --> Could not find the language line "Xác Nhận"
ERROR - 2020-06-13 14:26:27 --> Could not find the language line "Đóng"
ERROR - 2020-06-13 14:26:27 --> Could not find the language line "Tải"
ERROR - 2020-06-13 14:56:52 --> Could not find the language line "Tạo Điểm Lấy Hàng"
ERROR - 2020-06-13 14:56:52 --> Could not find the language line "Tạo Đơn Hàng"
ERROR - 2020-06-13 14:56:52 --> Could not find the language line "Tải Excel"
ERROR - 2020-06-13 14:56:52 --> Could not find the language line "Đóng"
ERROR - 2020-06-13 14:56:52 --> Could not find the language line "Xác Nhận"
ERROR - 2020-06-13 14:56:52 --> Severity: Warning --> Invalid argument supplied for foreach() /home/admin/domains/spshd.com/public_html/khachhang/application/views/app.php 162
ERROR - 2020-06-13 14:56:52 --> Severity: Warning --> Invalid argument supplied for foreach() /home/admin/domains/spshd.com/public_html/khachhang/application/views/app.php 173
ERROR - 2020-06-13 14:56:52 --> Could not find the language line "Đóng"
ERROR - 2020-06-13 14:56:52 --> Could not find the language line "Xác Nhận"
ERROR - 2020-06-13 14:56:52 --> Could not find the language line "Đóng"
ERROR - 2020-06-13 14:56:52 --> Could not find the language line "Xác Nhận"
ERROR - 2020-06-13 14:56:52 --> Could not find the language line "Đóng"
ERROR - 2020-06-13 14:56:52 --> Could not find the language line "Tải"
ERROR - 2020-06-13 15:00:03 --> Could not find the language line "Tạo Điểm Lấy Hàng"
ERROR - 2020-06-13 15:00:03 --> Could not find the language line "Tạo Đơn Hàng"
ERROR - 2020-06-13 15:00:03 --> Could not find the language line "Tải Excel"
ERROR - 2020-06-13 15:00:03 --> Could not find the language line "Đóng"
ERROR - 2020-06-13 15:00:03 --> Could not find the language line "Xác Nhận"
ERROR - 2020-06-13 15:00:03 --> Severity: Warning --> Invalid argument supplied for foreach() /home/admin/domains/spshd.com/public_html/khachhang/application/views/app.php 162
ERROR - 2020-06-13 15:00:03 --> Severity: Warning --> Invalid argument supplied for foreach() /home/admin/domains/spshd.com/public_html/khachhang/application/views/app.php 173
ERROR - 2020-06-13 15:00:03 --> Could not find the language line "Đóng"
ERROR - 2020-06-13 15:00:03 --> Could not find the language line "Xác Nhận"
ERROR - 2020-06-13 15:00:03 --> Could not find the language line "Đóng"
ERROR - 2020-06-13 15:00:03 --> Could not find the language line "Xác Nhận"
ERROR - 2020-06-13 15:00:03 --> Could not find the language line "Đóng"
ERROR - 2020-06-13 15:00:03 --> Could not find the language line "Tải"
ERROR - 2020-06-13 15:00:03 --> Could not find the language line "Tạo Điểm Lấy Hàng"
ERROR - 2020-06-13 15:00:03 --> Could not find the language line "Tạo Đơn Hàng"
ERROR - 2020-06-13 15:00:03 --> Could not find the language line "Tải Excel"
ERROR - 2020-06-13 15:00:03 --> Could not find the language line "Đóng"
ERROR - 2020-06-13 15:00:03 --> Could not find the language line "Xác Nhận"
ERROR - 2020-06-13 15:00:03 --> Severity: Warning --> Invalid argument supplied for foreach() /home/admin/domains/spshd.com/public_html/khachhang/application/views/app.php 162
ERROR - 2020-06-13 15:00:03 --> Severity: Warning --> Invalid argument supplied for foreach() /home/admin/domains/spshd.com/public_html/khachhang/application/views/app.php 173
ERROR - 2020-06-13 15:00:03 --> Could not find the language line "Đóng"
ERROR - 2020-06-13 15:00:03 --> Could not find the language line "Xác Nhận"
ERROR - 2020-06-13 15:00:03 --> Could not find the language line "Đóng"
ERROR - 2020-06-13 15:00:03 --> Could not find the language line "Xác Nhận"
ERROR - 2020-06-13 15:00:03 --> Could not find the language line "Đóng"
ERROR - 2020-06-13 15:00:03 --> Could not find the language line "Tải"
ERROR - 2020-06-13 15:01:50 --> Could not find the language line "Tạo Điểm Lấy Hàng"
ERROR - 2020-06-13 15:01:50 --> Could not find the language line "Tạo Đơn Hàng"
ERROR - 2020-06-13 15:01:50 --> Could not find the language line "Tải Excel"
ERROR - 2020-06-13 15:01:50 --> Could not find the language line "Đóng"
ERROR - 2020-06-13 15:01:50 --> Could not find the language line "Xác Nhận"
ERROR - 2020-06-13 15:01:50 --> Severity: Warning --> Invalid argument supplied for foreach() /home/admin/domains/spshd.com/public_html/khachhang/application/views/app.php 162
ERROR - 2020-06-13 15:01:50 --> Severity: Warning --> Invalid argument supplied for foreach() /home/admin/domains/spshd.com/public_html/khachhang/application/views/app.php 173
ERROR - 2020-06-13 15:01:50 --> Could not find the language line "Đóng"
ERROR - 2020-06-13 15:01:50 --> Could not find the language line "Xác Nhận"
ERROR - 2020-06-13 15:01:50 --> Could not find the language line "Đóng"
ERROR - 2020-06-13 15:01:50 --> Could not find the language line "Xác Nhận"
ERROR - 2020-06-13 15:01:50 --> Could not find the language line "Đóng"
ERROR - 2020-06-13 15:01:50 --> Could not find the language line "Tải"
ERROR - 2020-06-13 15:01:57 --> Could not find the language line "Tạo Điểm Lấy Hàng"
ERROR - 2020-06-13 15:01:57 --> Could not find the language line "Tạo Đơn Hàng"
ERROR - 2020-06-13 15:01:57 --> Could not find the language line "Tải Excel"
ERROR - 2020-06-13 15:01:57 --> Could not find the language line "Đóng"
ERROR - 2020-06-13 15:01:57 --> Could not find the language line "Xác Nhận"
ERROR - 2020-06-13 15:01:57 --> Severity: Warning --> Invalid argument supplied for foreach() /home/admin/domains/spshd.com/public_html/khachhang/application/views/app.php 162
ERROR - 2020-06-13 15:01:57 --> Severity: Warning --> Invalid argument supplied for foreach() /home/admin/domains/spshd.com/public_html/khachhang/application/views/app.php 173
ERROR - 2020-06-13 15:01:57 --> Could not find the language line "Đóng"
ERROR - 2020-06-13 15:01:57 --> Could not find the language line "Xác Nhận"
ERROR - 2020-06-13 15:01:57 --> Could not find the language line "Đóng"
ERROR - 2020-06-13 15:01:57 --> Could not find the language line "Xác Nhận"
ERROR - 2020-06-13 15:01:57 --> Could not find the language line "Đóng"
ERROR - 2020-06-13 15:01:57 --> Could not find the language line "Tải"
ERROR - 2020-06-13 15:11:33 --> Could not find the language line "Tạo Điểm Lấy Hàng"
ERROR - 2020-06-13 15:11:33 --> Could not find the language line "Tạo Đơn Hàng"
ERROR - 2020-06-13 15:11:33 --> Could not find the language line "Tải Excel"
ERROR - 2020-06-13 15:11:33 --> Could not find the language line "Đóng"
ERROR - 2020-06-13 15:11:33 --> Could not find the language line "Xác Nhận"
ERROR - 2020-06-13 15:11:33 --> Severity: Warning --> Invalid argument supplied for foreach() /home/admin/domains/spshd.com/public_html/khachhang/application/views/app.php 162
ERROR - 2020-06-13 15:11:33 --> Severity: Warning --> Invalid argument supplied for foreach() /home/admin/domains/spshd.com/public_html/khachhang/application/views/app.php 173
ERROR - 2020-06-13 15:11:33 --> Could not find the language line "Đóng"
ERROR - 2020-06-13 15:11:33 --> Could not find the language line "Xác Nhận"
ERROR - 2020-06-13 15:11:33 --> Could not find the language line "Đóng"
ERROR - 2020-06-13 15:11:33 --> Could not find the language line "Xác Nhận"
ERROR - 2020-06-13 15:11:33 --> Could not find the language line "Đóng"
ERROR - 2020-06-13 15:11:33 --> Could not find the language line "Tải"
ERROR - 2020-06-13 15:11:33 --> Could not find the language line "Tạo Điểm Lấy Hàng"
ERROR - 2020-06-13 15:11:33 --> Could not find the language line "Tạo Đơn Hàng"
ERROR - 2020-06-13 15:11:33 --> Could not find the language line "Tải Excel"
ERROR - 2020-06-13 15:11:33 --> Could not find the language line "Đóng"
ERROR - 2020-06-13 15:11:33 --> Could not find the language line "Xác Nhận"
ERROR - 2020-06-13 15:11:33 --> Severity: Warning --> Invalid argument supplied for foreach() /home/admin/domains/spshd.com/public_html/khachhang/application/views/app.php 162
ERROR - 2020-06-13 15:11:33 --> Severity: Warning --> Invalid argument supplied for foreach() /home/admin/domains/spshd.com/public_html/khachhang/application/views/app.php 173
ERROR - 2020-06-13 15:11:33 --> Could not find the language line "Đóng"
ERROR - 2020-06-13 15:11:33 --> Could not find the language line "Xác Nhận"
ERROR - 2020-06-13 15:11:33 --> Could not find the language line "Đóng"
ERROR - 2020-06-13 15:11:33 --> Could not find the language line "Xác Nhận"
ERROR - 2020-06-13 15:11:33 --> Could not find the language line "Đóng"
ERROR - 2020-06-13 15:11:33 --> Could not find the language line "Tải"
ERROR - 2020-06-13 15:21:12 --> Could not find the language line "Tạo Điểm Lấy Hàng"
ERROR - 2020-06-13 15:21:12 --> Could not find the language line "Tạo Đơn Hàng"
ERROR - 2020-06-13 15:21:12 --> Could not find the language line "Tải Excel"
ERROR - 2020-06-13 15:21:12 --> Could not find the language line "Đóng"
ERROR - 2020-06-13 15:21:12 --> Could not find the language line "Xác Nhận"
ERROR - 2020-06-13 15:21:12 --> Severity: Warning --> Invalid argument supplied for foreach() /home/admin/domains/spshd.com/public_html/khachhang/application/views/app.php 162
ERROR - 2020-06-13 15:21:12 --> Severity: Warning --> Invalid argument supplied for foreach() /home/admin/domains/spshd.com/public_html/khachhang/application/views/app.php 173
ERROR - 2020-06-13 15:21:12 --> Could not find the language line "Đóng"
ERROR - 2020-06-13 15:21:12 --> Could not find the language line "Xác Nhận"
ERROR - 2020-06-13 15:21:12 --> Could not find the language line "Đóng"
ERROR - 2020-06-13 15:21:12 --> Could not find the language line "Xác Nhận"
ERROR - 2020-06-13 15:21:12 --> Could not find the language line "Đóng"
ERROR - 2020-06-13 15:21:12 --> Could not find the language line "Tải"
ERROR - 2020-06-13 15:21:13 --> Could not find the language line "Tạo Điểm Lấy Hàng"
ERROR - 2020-06-13 15:21:13 --> Could not find the language line "Tạo Đơn Hàng"
ERROR - 2020-06-13 15:21:13 --> Could not find the language line "Tải Excel"
ERROR - 2020-06-13 15:21:13 --> Could not find the language line "Đóng"
ERROR - 2020-06-13 15:21:13 --> Could not find the language line "Xác Nhận"
ERROR - 2020-06-13 15:21:13 --> Severity: Warning --> Invalid argument supplied for foreach() /home/admin/domains/spshd.com/public_html/khachhang/application/views/app.php 162
ERROR - 2020-06-13 15:21:13 --> Severity: Warning --> Invalid argument supplied for foreach() /home/admin/domains/spshd.com/public_html/khachhang/application/views/app.php 173
ERROR - 2020-06-13 15:21:13 --> Could not find the language line "Đóng"
ERROR - 2020-06-13 15:21:13 --> Could not find the language line "Xác Nhận"
ERROR - 2020-06-13 15:21:13 --> Could not find the language line "Đóng"
ERROR - 2020-06-13 15:21:13 --> Could not find the language line "Xác Nhận"
ERROR - 2020-06-13 15:21:13 --> Could not find the language line "Đóng"
ERROR - 2020-06-13 15:21:13 --> Could not find the language line "Tải"
ERROR - 2020-06-13 09:34:57 --> Could not find the language line "Email"
ERROR - 2020-06-13 09:34:57 --> Could not find the language line "password"
ERROR - 2020-06-13 09:34:59 --> Could not find the language line "Email"
ERROR - 2020-06-13 09:34:59 --> Could not find the language line "password"
ERROR - 2020-06-13 15:38:13 --> Could not find the language line "Tạo Điểm Lấy Hàng"
ERROR - 2020-06-13 15:38:13 --> Could not find the language line "Tạo Đơn Hàng"
ERROR - 2020-06-13 15:38:13 --> Could not find the language line "Tải Excel"
ERROR - 2020-06-13 15:38:13 --> Could not find the language line "Đóng"
ERROR - 2020-06-13 15:38:13 --> Could not find the language line "Xác Nhận"
ERROR - 2020-06-13 15:38:13 --> Severity: Warning --> Invalid argument supplied for foreach() /home/admin/domains/spshd.com/public_html/khachhang/application/views/app.php 162
ERROR - 2020-06-13 15:38:13 --> Severity: Warning --> Invalid argument supplied for foreach() /home/admin/domains/spshd.com/public_html/khachhang/application/views/app.php 173
ERROR - 2020-06-13 15:38:13 --> Could not find the language line "Đóng"
ERROR - 2020-06-13 15:38:13 --> Could not find the language line "Xác Nhận"
ERROR - 2020-06-13 15:38:13 --> Could not find the language line "Đóng"
ERROR - 2020-06-13 15:38:13 --> Could not find the language line "Xác Nhận"
ERROR - 2020-06-13 15:38:13 --> Could not find the language line "Đóng"
ERROR - 2020-06-13 15:38:13 --> Could not find the language line "Tải"
ERROR - 2020-06-13 09:44:31 --> Could not find the language line "Email"
ERROR - 2020-06-13 09:44:31 --> Could not find the language line "password"
ERROR - 2020-06-13 15:44:56 --> Could not find the language line "Tạo Điểm Lấy Hàng"
ERROR - 2020-06-13 15:44:56 --> Could not find the language line "Tạo Đơn Hàng"
ERROR - 2020-06-13 15:44:56 --> Could not find the language line "Tải Excel"
ERROR - 2020-06-13 15:44:56 --> Could not find the language line "Đóng"
ERROR - 2020-06-13 15:44:56 --> Could not find the language line "Xác Nhận"
ERROR - 2020-06-13 15:44:56 --> Severity: Warning --> Invalid argument supplied for foreach() /home/admin/domains/spshd.com/public_html/khachhang/application/views/app.php 162
ERROR - 2020-06-13 15:44:56 --> Severity: Warning --> Invalid argument supplied for foreach() /home/admin/domains/spshd.com/public_html/khachhang/application/views/app.php 173
ERROR - 2020-06-13 15:44:56 --> Could not find the language line "Đóng"
ERROR - 2020-06-13 15:44:56 --> Could not find the language line "Xác Nhận"
ERROR - 2020-06-13 15:44:56 --> Could not find the language line "Đóng"
ERROR - 2020-06-13 15:44:56 --> Could not find the language line "Xác Nhận"
ERROR - 2020-06-13 15:44:56 --> Could not find the language line "Đóng"
ERROR - 2020-06-13 15:44:56 --> Could not find the language line "Tải"
ERROR - 2020-06-13 16:16:27 --> Could not find the language line "Tạo Điểm Lấy Hàng"
ERROR - 2020-06-13 16:16:27 --> Could not find the language line "Tạo Đơn Hàng"
ERROR - 2020-06-13 16:16:27 --> Could not find the language line "Tải Excel"
ERROR - 2020-06-13 16:16:27 --> Could not find the language line "Đóng"
ERROR - 2020-06-13 16:16:27 --> Could not find the language line "Xác Nhận"
ERROR - 2020-06-13 16:16:27 --> Severity: Warning --> Invalid argument supplied for foreach() /home/admin/domains/spshd.com/public_html/khachhang/application/views/app.php 162
ERROR - 2020-06-13 16:16:27 --> Severity: Warning --> Invalid argument supplied for foreach() /home/admin/domains/spshd.com/public_html/khachhang/application/views/app.php 173
ERROR - 2020-06-13 16:16:27 --> Could not find the language line "Đóng"
ERROR - 2020-06-13 16:16:27 --> Could not find the language line "Xác Nhận"
ERROR - 2020-06-13 16:16:27 --> Could not find the language line "Đóng"
ERROR - 2020-06-13 16:16:27 --> Could not find the language line "Xác Nhận"
ERROR - 2020-06-13 16:16:27 --> Could not find the language line "Đóng"
ERROR - 2020-06-13 16:16:27 --> Could not find the language line "Tải"
ERROR - 2020-06-13 16:16:27 --> Could not find the language line "Tạo Điểm Lấy Hàng"
ERROR - 2020-06-13 16:16:27 --> Could not find the language line "Tạo Đơn Hàng"
ERROR - 2020-06-13 16:16:27 --> Could not find the language line "Tải Excel"
ERROR - 2020-06-13 16:16:27 --> Could not find the language line "Đóng"
ERROR - 2020-06-13 16:16:27 --> Could not find the language line "Xác Nhận"
ERROR - 2020-06-13 16:16:27 --> Severity: Warning --> Invalid argument supplied for foreach() /home/admin/domains/spshd.com/public_html/khachhang/application/views/app.php 162
ERROR - 2020-06-13 16:16:27 --> Severity: Warning --> Invalid argument supplied for foreach() /home/admin/domains/spshd.com/public_html/khachhang/application/views/app.php 173
ERROR - 2020-06-13 16:16:27 --> Could not find the language line "Đóng"
ERROR - 2020-06-13 16:16:27 --> Could not find the language line "Xác Nhận"
ERROR - 2020-06-13 16:16:27 --> Could not find the language line "Đóng"
ERROR - 2020-06-13 16:16:27 --> Could not find the language line "Xác Nhận"
ERROR - 2020-06-13 16:16:27 --> Could not find the language line "Đóng"
ERROR - 2020-06-13 16:16:27 --> Could not find the language line "Tải"
ERROR - 2020-06-13 11:04:10 --> Could not find the language line "Email"
ERROR - 2020-06-13 11:04:10 --> Could not find the language line "password"
ERROR - 2020-06-13 17:25:20 --> Could not find the language line "Tạo Điểm Lấy Hàng"
ERROR - 2020-06-13 17:25:20 --> Could not find the language line "Tạo Đơn Hàng"
ERROR - 2020-06-13 17:25:20 --> Could not find the language line "Tải Excel"
ERROR - 2020-06-13 17:25:20 --> Could not find the language line "Đóng"
ERROR - 2020-06-13 17:25:20 --> Could not find the language line "Xác Nhận"
ERROR - 2020-06-13 17:25:20 --> Severity: Warning --> Invalid argument supplied for foreach() /home/admin/domains/spshd.com/public_html/khachhang/application/views/app.php 162
ERROR - 2020-06-13 17:25:20 --> Severity: Warning --> Invalid argument supplied for foreach() /home/admin/domains/spshd.com/public_html/khachhang/application/views/app.php 173
ERROR - 2020-06-13 17:25:20 --> Could not find the language line "Đóng"
ERROR - 2020-06-13 17:25:20 --> Could not find the language line "Xác Nhận"
ERROR - 2020-06-13 17:25:20 --> Could not find the language line "Đóng"
ERROR - 2020-06-13 17:25:20 --> Could not find the language line "Xác Nhận"
ERROR - 2020-06-13 17:25:20 --> Could not find the language line "Đóng"
ERROR - 2020-06-13 17:25:20 --> Could not find the language line "Tải"
ERROR - 2020-06-13 17:44:26 --> Could not find the language line "Tạo Điểm Lấy Hàng"
ERROR - 2020-06-13 17:44:26 --> Could not find the language line "Tạo Đơn Hàng"
ERROR - 2020-06-13 17:44:26 --> Could not find the language line "Tải Excel"
ERROR - 2020-06-13 17:44:26 --> Could not find the language line "Đóng"
ERROR - 2020-06-13 17:44:26 --> Could not find the language line "Xác Nhận"
ERROR - 2020-06-13 17:44:26 --> Severity: Warning --> Invalid argument supplied for foreach() /home/admin/domains/spshd.com/public_html/khachhang/application/views/app.php 162
ERROR - 2020-06-13 17:44:26 --> Severity: Warning --> Invalid argument supplied for foreach() /home/admin/domains/spshd.com/public_html/khachhang/application/views/app.php 173
ERROR - 2020-06-13 17:44:26 --> Could not find the language line "Đóng"
ERROR - 2020-06-13 17:44:26 --> Could not find the language line "Xác Nhận"
ERROR - 2020-06-13 17:44:26 --> Could not find the language line "Đóng"
ERROR - 2020-06-13 17:44:26 --> Could not find the language line "Xác Nhận"
ERROR - 2020-06-13 17:44:26 --> Could not find the language line "Đóng"
ERROR - 2020-06-13 17:44:26 --> Could not find the language line "Tải"
ERROR - 2020-06-13 12:02:23 --> Could not find the language line "Email"
ERROR - 2020-06-13 12:02:23 --> Could not find the language line "password"
ERROR - 2020-06-13 19:34:51 --> Could not find the language line "Tạo Điểm Lấy Hàng"
ERROR - 2020-06-13 19:34:51 --> Could not find the language line "Tạo Đơn Hàng"
ERROR - 2020-06-13 19:34:51 --> Could not find the language line "Tải Excel"
ERROR - 2020-06-13 19:34:51 --> Could not find the language line "Đóng"
ERROR - 2020-06-13 19:34:51 --> Could not find the language line "Xác Nhận"
ERROR - 2020-06-13 19:34:51 --> Severity: Warning --> Invalid argument supplied for foreach() /home/admin/domains/spshd.com/public_html/khachhang/application/views/app.php 162
ERROR - 2020-06-13 19:34:51 --> Severity: Warning --> Invalid argument supplied for foreach() /home/admin/domains/spshd.com/public_html/khachhang/application/views/app.php 173
ERROR - 2020-06-13 19:34:51 --> Could not find the language line "Đóng"
ERROR - 2020-06-13 19:34:51 --> Could not find the language line "Xác Nhận"
ERROR - 2020-06-13 19:34:51 --> Could not find the language line "Đóng"
ERROR - 2020-06-13 19:34:51 --> Could not find the language line "Xác Nhận"
ERROR - 2020-06-13 19:34:51 --> Could not find the language line "Đóng"
ERROR - 2020-06-13 19:34:51 --> Could not find the language line "Tải"
ERROR - 2020-06-13 19:39:48 --> Could not find the language line "Tạo Điểm Lấy Hàng"
ERROR - 2020-06-13 19:39:48 --> Could not find the language line "Tạo Đơn Hàng"
ERROR - 2020-06-13 19:39:48 --> Could not find the language line "Tải Excel"
ERROR - 2020-06-13 19:39:48 --> Could not find the language line "Đóng"
ERROR - 2020-06-13 19:39:48 --> Could not find the language line "Xác Nhận"
ERROR - 2020-06-13 19:39:48 --> Severity: Warning --> Invalid argument supplied for foreach() /home/admin/domains/spshd.com/public_html/khachhang/application/views/app.php 162
ERROR - 2020-06-13 19:39:48 --> Severity: Warning --> Invalid argument supplied for foreach() /home/admin/domains/spshd.com/public_html/khachhang/application/views/app.php 173
ERROR - 2020-06-13 19:39:48 --> Could not find the language line "Đóng"
ERROR - 2020-06-13 19:39:48 --> Could not find the language line "Xác Nhận"
ERROR - 2020-06-13 19:39:48 --> Could not find the language line "Đóng"
ERROR - 2020-06-13 19:39:48 --> Could not find the language line "Xác Nhận"
ERROR - 2020-06-13 19:39:48 --> Could not find the language line "Đóng"
ERROR - 2020-06-13 19:39:48 --> Could not find the language line "Tải"
ERROR - 2020-06-13 19:46:09 --> Could not find the language line "Tạo Điểm Lấy Hàng"
ERROR - 2020-06-13 19:46:09 --> Could not find the language line "Tạo Đơn Hàng"
ERROR - 2020-06-13 19:46:09 --> Could not find the language line "Tải Excel"
ERROR - 2020-06-13 19:46:09 --> Could not find the language line "Đóng"
ERROR - 2020-06-13 19:46:09 --> Could not find the language line "Xác Nhận"
ERROR - 2020-06-13 19:46:09 --> Severity: Warning --> Invalid argument supplied for foreach() /home/admin/domains/spshd.com/public_html/khachhang/application/views/app.php 162
ERROR - 2020-06-13 19:46:09 --> Severity: Warning --> Invalid argument supplied for foreach() /home/admin/domains/spshd.com/public_html/khachhang/application/views/app.php 173
ERROR - 2020-06-13 19:46:09 --> Could not find the language line "Đóng"
ERROR - 2020-06-13 19:46:09 --> Could not find the language line "Xác Nhận"
ERROR - 2020-06-13 19:46:09 --> Could not find the language line "Đóng"
ERROR - 2020-06-13 19:46:09 --> Could not find the language line "Xác Nhận"
ERROR - 2020-06-13 19:46:09 --> Could not find the language line "Đóng"
ERROR - 2020-06-13 19:46:09 --> Could not find the language line "Tải"
ERROR - 2020-06-13 19:51:54 --> Could not find the language line "Tạo Điểm Lấy Hàng"
ERROR - 2020-06-13 19:51:54 --> Could not find the language line "Tạo Đơn Hàng"
ERROR - 2020-06-13 19:51:54 --> Could not find the language line "Tải Excel"
ERROR - 2020-06-13 19:51:54 --> Could not find the language line "Đóng"
ERROR - 2020-06-13 19:51:54 --> Could not find the language line "Xác Nhận"
ERROR - 2020-06-13 19:51:54 --> Severity: Warning --> Invalid argument supplied for foreach() /home/admin/domains/spshd.com/public_html/khachhang/application/views/app.php 162
ERROR - 2020-06-13 19:51:54 --> Severity: Warning --> Invalid argument supplied for foreach() /home/admin/domains/spshd.com/public_html/khachhang/application/views/app.php 173
ERROR - 2020-06-13 19:51:54 --> Could not find the language line "Đóng"
ERROR - 2020-06-13 19:51:54 --> Could not find the language line "Xác Nhận"
ERROR - 2020-06-13 19:51:54 --> Could not find the language line "Đóng"
ERROR - 2020-06-13 19:51:54 --> Could not find the language line "Xác Nhận"
ERROR - 2020-06-13 19:51:54 --> Could not find the language line "Đóng"
ERROR - 2020-06-13 19:51:54 --> Could not find the language line "Tải"
ERROR - 2020-06-13 19:51:54 --> Could not find the language line "Tạo Điểm Lấy Hàng"
ERROR - 2020-06-13 19:51:54 --> Could not find the language line "Tạo Đơn Hàng"
ERROR - 2020-06-13 19:51:54 --> Could not find the language line "Tải Excel"
ERROR - 2020-06-13 19:51:54 --> Could not find the language line "Đóng"
ERROR - 2020-06-13 19:51:54 --> Could not find the language line "Xác Nhận"
ERROR - 2020-06-13 19:51:54 --> Severity: Warning --> Invalid argument supplied for foreach() /home/admin/domains/spshd.com/public_html/khachhang/application/views/app.php 162
ERROR - 2020-06-13 19:51:54 --> Severity: Warning --> Invalid argument supplied for foreach() /home/admin/domains/spshd.com/public_html/khachhang/application/views/app.php 173
ERROR - 2020-06-13 19:51:54 --> Could not find the language line "Đóng"
ERROR - 2020-06-13 19:51:54 --> Could not find the language line "Xác Nhận"
ERROR - 2020-06-13 19:51:54 --> Could not find the language line "Đóng"
ERROR - 2020-06-13 19:51:54 --> Could not find the language line "Xác Nhận"
ERROR - 2020-06-13 19:51:54 --> Could not find the language line "Đóng"
ERROR - 2020-06-13 19:51:54 --> Could not find the language line "Tải"
ERROR - 2020-06-13 14:07:10 --> Could not find the language line "Email"
ERROR - 2020-06-13 14:07:10 --> Could not find the language line "password"
ERROR - 2020-06-13 20:23:25 --> Could not find the language line "Tạo Điểm Lấy Hàng"
ERROR - 2020-06-13 20:23:25 --> Could not find the language line "Tạo Đơn Hàng"
ERROR - 2020-06-13 20:23:25 --> Could not find the language line "Tải Excel"
ERROR - 2020-06-13 20:23:25 --> Could not find the language line "Đóng"
ERROR - 2020-06-13 20:23:25 --> Could not find the language line "Xác Nhận"
ERROR - 2020-06-13 20:23:25 --> Severity: Warning --> Invalid argument supplied for foreach() /home/admin/domains/spshd.com/public_html/khachhang/application/views/app.php 162
ERROR - 2020-06-13 20:23:25 --> Severity: Warning --> Invalid argument supplied for foreach() /home/admin/domains/spshd.com/public_html/khachhang/application/views/app.php 173
ERROR - 2020-06-13 20:23:25 --> Could not find the language line "Đóng"
ERROR - 2020-06-13 20:23:25 --> Could not find the language line "Xác Nhận"
ERROR - 2020-06-13 20:23:25 --> Could not find the language line "Đóng"
ERROR - 2020-06-13 20:23:25 --> Could not find the language line "Xác Nhận"
ERROR - 2020-06-13 20:23:25 --> Could not find the language line "Đóng"
ERROR - 2020-06-13 20:23:25 --> Could not find the language line "Tải"
ERROR - 2020-06-13 14:37:22 --> Could not find the language line "Email"
ERROR - 2020-06-13 14:37:22 --> Could not find the language line "password"
ERROR - 2020-06-13 14:51:42 --> Could not find the language line "Email"
ERROR - 2020-06-13 14:51:42 --> Could not find the language line "password"
ERROR - 2020-06-13 14:53:33 --> Could not find the language line "Email"
ERROR - 2020-06-13 14:53:33 --> Could not find the language line "password"
ERROR - 2020-06-13 14:54:58 --> Could not find the language line "Email"
ERROR - 2020-06-13 14:54:58 --> Could not find the language line "password"
ERROR - 2020-06-13 14:55:25 --> Could not find the language line "Email"
ERROR - 2020-06-13 14:55:25 --> Could not find the language line "password"
ERROR - 2020-06-13 14:55:35 --> Could not find the language line "Email"
ERROR - 2020-06-13 14:55:35 --> Could not find the language line "password"
ERROR - 2020-06-13 14:55:50 --> Could not find the language line "Email"
ERROR - 2020-06-13 14:55:50 --> Could not find the language line "password"
ERROR - 2020-06-13 14:56:50 --> Could not find the language line "Email"
ERROR - 2020-06-13 14:56:50 --> Could not find the language line "password"
ERROR - 2020-06-13 20:56:59 --> Could not find the language line "Tạo Điểm Lấy Hàng"
ERROR - 2020-06-13 20:56:59 --> Could not find the language line "Tạo Đơn Hàng"
ERROR - 2020-06-13 20:56:59 --> Could not find the language line "Tải Excel"
ERROR - 2020-06-13 20:56:59 --> Could not find the language line "Đóng"
ERROR - 2020-06-13 20:56:59 --> Could not find the language line "Xác Nhận"
ERROR - 2020-06-13 20:56:59 --> Severity: Warning --> Invalid argument supplied for foreach() /home/admin/domains/spshd.com/public_html/khachhang/application/views/app.php 162
ERROR - 2020-06-13 20:56:59 --> Severity: Warning --> Invalid argument supplied for foreach() /home/admin/domains/spshd.com/public_html/khachhang/application/views/app.php 173
ERROR - 2020-06-13 20:56:59 --> Could not find the language line "Đóng"
ERROR - 2020-06-13 20:56:59 --> Could not find the language line "Xác Nhận"
ERROR - 2020-06-13 20:56:59 --> Could not find the language line "Đóng"
ERROR - 2020-06-13 20:56:59 --> Could not find the language line "Xác Nhận"
ERROR - 2020-06-13 20:56:59 --> Could not find the language line "Đóng"
ERROR - 2020-06-13 20:56:59 --> Could not find the language line "Tải"
ERROR - 2020-06-13 14:58:06 --> Could not find the language line "Email"
ERROR - 2020-06-13 14:58:06 --> Could not find the language line "password"
ERROR - 2020-06-13 20:58:31 --> Could not find the language line "Tạo Điểm Lấy Hàng"
ERROR - 2020-06-13 20:58:31 --> Could not find the language line "Tạo Đơn Hàng"
ERROR - 2020-06-13 20:58:31 --> Could not find the language line "Tải Excel"
ERROR - 2020-06-13 20:58:31 --> Could not find the language line "Đóng"
ERROR - 2020-06-13 20:58:31 --> Could not find the language line "Xác Nhận"
ERROR - 2020-06-13 20:58:31 --> Severity: Warning --> Invalid argument supplied for foreach() /home/admin/domains/spshd.com/public_html/khachhang/application/views/app.php 162
ERROR - 2020-06-13 20:58:31 --> Severity: Warning --> Invalid argument supplied for foreach() /home/admin/domains/spshd.com/public_html/khachhang/application/views/app.php 173
ERROR - 2020-06-13 20:58:31 --> Could not find the language line "Đóng"
ERROR - 2020-06-13 20:58:31 --> Could not find the language line "Xác Nhận"
ERROR - 2020-06-13 20:58:31 --> Could not find the language line "Đóng"
ERROR - 2020-06-13 20:58:31 --> Could not find the language line "Xác Nhận"
ERROR - 2020-06-13 20:58:31 --> Could not find the language line "Đóng"
ERROR - 2020-06-13 20:58:31 --> Could not find the language line "Tải"
ERROR - 2020-06-13 15:00:52 --> Could not find the language line "Email"
ERROR - 2020-06-13 15:00:52 --> Could not find the language line "password"
ERROR - 2020-06-13 21:36:11 --> Could not find the language line "Tạo Điểm Lấy Hàng"
ERROR - 2020-06-13 21:36:11 --> Could not find the language line "Tạo Đơn Hàng"
ERROR - 2020-06-13 21:36:11 --> Could not find the language line "Tải Excel"
ERROR - 2020-06-13 21:36:11 --> Could not find the language line "Đóng"
ERROR - 2020-06-13 21:36:11 --> Could not find the language line "Xác Nhận"
ERROR - 2020-06-13 21:36:11 --> Severity: Warning --> Invalid argument supplied for foreach() /home/admin/domains/spshd.com/public_html/khachhang/application/views/app.php 162
ERROR - 2020-06-13 21:36:11 --> Severity: Warning --> Invalid argument supplied for foreach() /home/admin/domains/spshd.com/public_html/khachhang/application/views/app.php 173
ERROR - 2020-06-13 21:36:11 --> Could not find the language line "Đóng"
ERROR - 2020-06-13 21:36:11 --> Could not find the language line "Xác Nhận"
ERROR - 2020-06-13 21:36:11 --> Could not find the language line "Đóng"
ERROR - 2020-06-13 21:36:11 --> Could not find the language line "Xác Nhận"
ERROR - 2020-06-13 21:36:11 --> Could not find the language line "Đóng"
ERROR - 2020-06-13 21:36:11 --> Could not find the language line "Tải"
ERROR - 2020-06-13 17:27:57 --> Could not find the language line "Email"
ERROR - 2020-06-13 17:27:57 --> Could not find the language line "password"
ERROR - 2020-06-13 18:36:12 --> Could not find the language line "Email"
ERROR - 2020-06-13 18:36:12 --> Could not find the language line "password"
ERROR - 2020-06-13 18:36:12 --> Could not find the language line "Email"
ERROR - 2020-06-13 18:36:12 --> Could not find the language line "password"
ERROR - 2020-06-13 18:36:15 --> Could not find the language line "Email"
ERROR - 2020-06-13 18:36:15 --> Could not find the language line "password"
ERROR - 2020-06-13 18:36:17 --> Could not find the language line "Email"
ERROR - 2020-06-13 18:36:17 --> Could not find the language line "password"
ERROR - 2020-06-13 18:36:20 --> Could not find the language line "Email"
ERROR - 2020-06-13 18:36:20 --> Could not find the language line "password"
ERROR - 2020-06-13 18:36:21 --> Could not find the language line "Email"
ERROR - 2020-06-13 18:36:21 --> Could not find the language line "password"
ERROR - 2020-06-13 18:36:23 --> Could not find the language line "Email"
ERROR - 2020-06-13 18:36:23 --> Could not find the language line "password"
ERROR - 2020-06-13 18:36:23 --> Could not find the language line "Email"
ERROR - 2020-06-13 18:36:23 --> Could not find the language line "password"
