ERROR - 2020-06-10 08:15:54 --> Could not find the language line "Tạo Điểm Lấy Hàng"
ERROR - 2020-06-10 08:15:54 --> Could not find the language line "Tạo Đơn Hàng"
ERROR - 2020-06-10 08:15:54 --> Could not find the language line "Tải Excel"
ERROR - 2020-06-10 08:15:54 --> Could not find the language line "Đóng"
ERROR - 2020-06-10 08:15:54 --> Could not find the language line "Xác Nhận"
ERROR - 2020-06-10 08:15:54 --> Severity: Warning --> Invalid argument supplied for foreach() /home/admin/domains/spshd.com/public_html/khachhang/application/views/app.php 162
ERROR - 2020-06-10 08:15:54 --> Severity: Warning --> Invalid argument supplied for foreach() /home/admin/domains/spshd.com/public_html/khachhang/application/views/app.php 173
ERROR - 2020-06-10 08:15:54 --> Could not find the language line "Đóng"
ERROR - 2020-06-10 08:15:54 --> Could not find the language line "Xác Nhận"
ERROR - 2020-06-10 08:15:54 --> Could not find the language line "Đóng"
ERROR - 2020-06-10 08:15:54 --> Could not find the language line "Xác Nhận"
ERROR - 2020-06-10 08:15:54 --> Could not find the language line "Đóng"
ERROR - 2020-06-10 08:15:54 --> Could not find the language line "Tải"
ERROR - 2020-06-10 08:15:54 --> Could not find the language line "Tạo Điểm Lấy Hàng"
ERROR - 2020-06-10 08:15:54 --> Could not find the language line "Tạo Đơn Hàng"
ERROR - 2020-06-10 08:15:54 --> Could not find the language line "Tải Excel"
ERROR - 2020-06-10 08:15:54 --> Could not find the language line "Đóng"
ERROR - 2020-06-10 08:15:54 --> Could not find the language line "Xác Nhận"
ERROR - 2020-06-10 08:15:54 --> Severity: Warning --> Invalid argument supplied for foreach() /home/admin/domains/spshd.com/public_html/khachhang/application/views/app.php 162
ERROR - 2020-06-10 08:15:54 --> Severity: Warning --> Invalid argument supplied for foreach() /home/admin/domains/spshd.com/public_html/khachhang/application/views/app.php 173
ERROR - 2020-06-10 08:15:54 --> Could not find the language line "Đóng"
ERROR - 2020-06-10 08:15:54 --> Could not find the language line "Xác Nhận"
ERROR - 2020-06-10 08:15:54 --> Could not find the language line "Đóng"
ERROR - 2020-06-10 08:15:54 --> Could not find the language line "Xác Nhận"
ERROR - 2020-06-10 08:15:54 --> Could not find the language line "Đóng"
ERROR - 2020-06-10 08:15:54 --> Could not find the language line "Tải"
ERROR - 2020-06-10 08:42:10 --> Could not find the language line "Tạo Điểm Lấy Hàng"
ERROR - 2020-06-10 08:42:10 --> Could not find the language line "Tạo Đơn Hàng"
ERROR - 2020-06-10 08:42:10 --> Could not find the language line "Tải Excel"
ERROR - 2020-06-10 08:42:10 --> Could not find the language line "Đóng"
ERROR - 2020-06-10 08:42:10 --> Could not find the language line "Xác Nhận"
ERROR - 2020-06-10 08:42:10 --> Severity: Warning --> Invalid argument supplied for foreach() /home/admin/domains/spshd.com/public_html/khachhang/application/views/app.php 162
ERROR - 2020-06-10 08:42:10 --> Severity: Warning --> Invalid argument supplied for foreach() /home/admin/domains/spshd.com/public_html/khachhang/application/views/app.php 173
ERROR - 2020-06-10 08:42:10 --> Could not find the language line "Đóng"
ERROR - 2020-06-10 08:42:10 --> Could not find the language line "Xác Nhận"
ERROR - 2020-06-10 08:42:10 --> Could not find the language line "Đóng"
ERROR - 2020-06-10 08:42:10 --> Could not find the language line "Xác Nhận"
ERROR - 2020-06-10 08:42:10 --> Could not find the language line "Đóng"
ERROR - 2020-06-10 08:42:11 --> Could not find the language line "Tải"
ERROR - 2020-06-10 08:46:32 --> Could not find the language line "Tạo Điểm Lấy Hàng"
ERROR - 2020-06-10 08:46:32 --> Could not find the language line "Tạo Đơn Hàng"
ERROR - 2020-06-10 08:46:32 --> Could not find the language line "Tải Excel"
ERROR - 2020-06-10 08:46:32 --> Could not find the language line "Đóng"
ERROR - 2020-06-10 08:46:32 --> Could not find the language line "Xác Nhận"
ERROR - 2020-06-10 08:46:32 --> Severity: Warning --> Invalid argument supplied for foreach() /home/admin/domains/spshd.com/public_html/khachhang/application/views/app.php 162
ERROR - 2020-06-10 08:46:32 --> Severity: Warning --> Invalid argument supplied for foreach() /home/admin/domains/spshd.com/public_html/khachhang/application/views/app.php 173
ERROR - 2020-06-10 08:46:32 --> Could not find the language line "Đóng"
ERROR - 2020-06-10 08:46:32 --> Could not find the language line "Xác Nhận"
ERROR - 2020-06-10 08:46:32 --> Could not find the language line "Đóng"
ERROR - 2020-06-10 08:46:32 --> Could not find the language line "Xác Nhận"
ERROR - 2020-06-10 08:46:32 --> Could not find the language line "Đóng"
ERROR - 2020-06-10 08:46:32 --> Could not find the language line "Tải"
ERROR - 2020-06-10 08:50:30 --> Could not find the language line "Tạo Điểm Lấy Hàng"
ERROR - 2020-06-10 08:50:30 --> Could not find the language line "Tạo Đơn Hàng"
ERROR - 2020-06-10 08:50:30 --> Could not find the language line "Tải Excel"
ERROR - 2020-06-10 08:50:30 --> Could not find the language line "Đóng"
ERROR - 2020-06-10 08:50:30 --> Could not find the language line "Xác Nhận"
ERROR - 2020-06-10 08:50:30 --> Severity: Warning --> Invalid argument supplied for foreach() /home/admin/domains/spshd.com/public_html/khachhang/application/views/app.php 162
ERROR - 2020-06-10 08:50:30 --> Severity: Warning --> Invalid argument supplied for foreach() /home/admin/domains/spshd.com/public_html/khachhang/application/views/app.php 173
ERROR - 2020-06-10 08:50:30 --> Could not find the language line "Đóng"
ERROR - 2020-06-10 08:50:30 --> Could not find the language line "Xác Nhận"
ERROR - 2020-06-10 08:50:30 --> Could not find the language line "Đóng"
ERROR - 2020-06-10 08:50:30 --> Could not find the language line "Xác Nhận"
ERROR - 2020-06-10 08:50:30 --> Could not find the language line "Đóng"
ERROR - 2020-06-10 08:50:30 --> Could not find the language line "Tải"
ERROR - 2020-06-10 03:36:43 --> Could not find the language line "Email"
ERROR - 2020-06-10 03:36:43 --> Could not find the language line "password"
ERROR - 2020-06-10 03:36:43 --> Could not find the language line "Email"
ERROR - 2020-06-10 03:36:43 --> Could not find the language line "password"
ERROR - 2020-06-10 03:37:05 --> Could not find the language line "Email"
ERROR - 2020-06-10 03:37:05 --> Could not find the language line "password"
ERROR - 2020-06-10 03:37:17 --> Could not find the language line "Email"
ERROR - 2020-06-10 03:37:17 --> Could not find the language line "password"
ERROR - 2020-06-10 03:38:05 --> Could not find the language line "Email"
ERROR - 2020-06-10 03:38:05 --> Could not find the language line "password"
ERROR - 2020-06-10 09:38:14 --> Could not find the language line "Tạo Điểm Lấy Hàng"
ERROR - 2020-06-10 09:38:14 --> Could not find the language line "Tạo Đơn Hàng"
ERROR - 2020-06-10 09:38:14 --> Could not find the language line "Tải Excel"
ERROR - 2020-06-10 09:38:14 --> Could not find the language line "Đóng"
ERROR - 2020-06-10 09:38:14 --> Could not find the language line "Xác Nhận"
ERROR - 2020-06-10 09:38:14 --> Severity: Warning --> Invalid argument supplied for foreach() /home/admin/domains/spshd.com/public_html/khachhang/application/views/app.php 162
ERROR - 2020-06-10 09:38:14 --> Severity: Warning --> Invalid argument supplied for foreach() /home/admin/domains/spshd.com/public_html/khachhang/application/views/app.php 173
ERROR - 2020-06-10 09:38:14 --> Could not find the language line "Đóng"
ERROR - 2020-06-10 09:38:14 --> Could not find the language line "Xác Nhận"
ERROR - 2020-06-10 09:38:14 --> Could not find the language line "Đóng"
ERROR - 2020-06-10 09:38:14 --> Could not find the language line "Xác Nhận"
ERROR - 2020-06-10 09:38:14 --> Could not find the language line "Đóng"
ERROR - 2020-06-10 09:38:14 --> Could not find the language line "Tải"
ERROR - 2020-06-10 03:43:49 --> Could not find the language line "Email"
ERROR - 2020-06-10 03:43:49 --> Could not find the language line "password"
ERROR - 2020-06-10 10:05:33 --> Could not find the language line "Tạo Điểm Lấy Hàng"
ERROR - 2020-06-10 10:05:33 --> Could not find the language line "Tạo Đơn Hàng"
ERROR - 2020-06-10 10:05:33 --> Could not find the language line "Tải Excel"
ERROR - 2020-06-10 10:05:33 --> Could not find the language line "Đóng"
ERROR - 2020-06-10 10:05:33 --> Could not find the language line "Xác Nhận"
ERROR - 2020-06-10 10:05:33 --> Severity: Warning --> Invalid argument supplied for foreach() /home/admin/domains/spshd.com/public_html/khachhang/application/views/app.php 162
ERROR - 2020-06-10 10:05:33 --> Severity: Warning --> Invalid argument supplied for foreach() /home/admin/domains/spshd.com/public_html/khachhang/application/views/app.php 173
ERROR - 2020-06-10 10:05:33 --> Could not find the language line "Đóng"
ERROR - 2020-06-10 10:05:33 --> Could not find the language line "Xác Nhận"
ERROR - 2020-06-10 10:05:33 --> Could not find the language line "Đóng"
ERROR - 2020-06-10 10:05:33 --> Could not find the language line "Xác Nhận"
ERROR - 2020-06-10 10:05:33 --> Could not find the language line "Đóng"
ERROR - 2020-06-10 10:05:33 --> Could not find the language line "Tải"
ERROR - 2020-06-10 10:05:50 --> Could not find the language line "Tạo Điểm Lấy Hàng"
ERROR - 2020-06-10 10:05:50 --> Could not find the language line "Tạo Đơn Hàng"
ERROR - 2020-06-10 10:05:50 --> Could not find the language line "Tải Excel"
ERROR - 2020-06-10 10:05:50 --> Could not find the language line "Đóng"
ERROR - 2020-06-10 10:05:50 --> Could not find the language line "Xác Nhận"
ERROR - 2020-06-10 10:05:50 --> Severity: Warning --> Invalid argument supplied for foreach() /home/admin/domains/spshd.com/public_html/khachhang/application/views/app.php 162
ERROR - 2020-06-10 10:05:50 --> Severity: Warning --> Invalid argument supplied for foreach() /home/admin/domains/spshd.com/public_html/khachhang/application/views/app.php 173
ERROR - 2020-06-10 10:05:50 --> Could not find the language line "Đóng"
ERROR - 2020-06-10 10:05:50 --> Could not find the language line "Xác Nhận"
ERROR - 2020-06-10 10:05:50 --> Could not find the language line "Đóng"
ERROR - 2020-06-10 10:05:50 --> Could not find the language line "Xác Nhận"
ERROR - 2020-06-10 10:05:50 --> Could not find the language line "Đóng"
ERROR - 2020-06-10 10:05:50 --> Could not find the language line "Tải"
ERROR - 2020-06-10 04:07:17 --> Could not find the language line "Email"
ERROR - 2020-06-10 04:07:17 --> Could not find the language line "password"
ERROR - 2020-06-10 10:13:05 --> Could not find the language line "Tạo Điểm Lấy Hàng"
ERROR - 2020-06-10 10:13:05 --> Could not find the language line "Tạo Đơn Hàng"
ERROR - 2020-06-10 10:13:05 --> Could not find the language line "Tải Excel"
ERROR - 2020-06-10 10:13:05 --> Could not find the language line "Đóng"
ERROR - 2020-06-10 10:13:05 --> Could not find the language line "Xác Nhận"
ERROR - 2020-06-10 10:13:05 --> Severity: Warning --> Invalid argument supplied for foreach() /home/admin/domains/spshd.com/public_html/khachhang/application/views/app.php 162
ERROR - 2020-06-10 10:13:05 --> Severity: Warning --> Invalid argument supplied for foreach() /home/admin/domains/spshd.com/public_html/khachhang/application/views/app.php 173
ERROR - 2020-06-10 10:13:05 --> Could not find the language line "Đóng"
ERROR - 2020-06-10 10:13:05 --> Could not find the language line "Xác Nhận"
ERROR - 2020-06-10 10:13:05 --> Could not find the language line "Đóng"
ERROR - 2020-06-10 10:13:05 --> Could not find the language line "Xác Nhận"
ERROR - 2020-06-10 10:13:05 --> Could not find the language line "Đóng"
ERROR - 2020-06-10 10:13:05 --> Could not find the language line "Tải"
ERROR - 2020-06-10 04:21:51 --> Could not find the language line "Email"
ERROR - 2020-06-10 04:21:51 --> Could not find the language line "password"
ERROR - 2020-06-10 05:01:04 --> Could not find the language line "Email"
ERROR - 2020-06-10 05:01:04 --> Could not find the language line "password"
ERROR - 2020-06-10 05:06:13 --> Could not find the language line "Email"
ERROR - 2020-06-10 05:06:13 --> Could not find the language line "password"
ERROR - 2020-06-10 11:28:39 --> Could not find the language line "Tạo Điểm Lấy Hàng"
ERROR - 2020-06-10 11:28:39 --> Could not find the language line "Tạo Đơn Hàng"
ERROR - 2020-06-10 11:28:39 --> Could not find the language line "Tải Excel"
ERROR - 2020-06-10 11:28:39 --> Could not find the language line "Đóng"
ERROR - 2020-06-10 11:28:39 --> Could not find the language line "Xác Nhận"
ERROR - 2020-06-10 11:28:39 --> Severity: Warning --> Invalid argument supplied for foreach() /home/admin/domains/spshd.com/public_html/khachhang/application/views/app.php 162
ERROR - 2020-06-10 11:28:39 --> Severity: Warning --> Invalid argument supplied for foreach() /home/admin/domains/spshd.com/public_html/khachhang/application/views/app.php 173
ERROR - 2020-06-10 11:28:39 --> Could not find the language line "Đóng"
ERROR - 2020-06-10 11:28:39 --> Could not find the language line "Xác Nhận"
ERROR - 2020-06-10 11:28:39 --> Could not find the language line "Đóng"
ERROR - 2020-06-10 11:28:39 --> Could not find the language line "Xác Nhận"
ERROR - 2020-06-10 11:28:39 --> Could not find the language line "Đóng"
ERROR - 2020-06-10 11:28:39 --> Could not find the language line "Tải"
ERROR - 2020-06-10 12:06:15 --> Could not find the language line "Tạo Điểm Lấy Hàng"
ERROR - 2020-06-10 12:06:15 --> Could not find the language line "Tạo Đơn Hàng"
ERROR - 2020-06-10 12:06:15 --> Could not find the language line "Tải Excel"
ERROR - 2020-06-10 12:06:15 --> Could not find the language line "Đóng"
ERROR - 2020-06-10 12:06:15 --> Could not find the language line "Xác Nhận"
ERROR - 2020-06-10 12:06:15 --> Severity: Warning --> Invalid argument supplied for foreach() /home/admin/domains/spshd.com/public_html/khachhang/application/views/app.php 162
ERROR - 2020-06-10 12:06:15 --> Severity: Warning --> Invalid argument supplied for foreach() /home/admin/domains/spshd.com/public_html/khachhang/application/views/app.php 173
ERROR - 2020-06-10 12:06:15 --> Could not find the language line "Đóng"
ERROR - 2020-06-10 12:06:15 --> Could not find the language line "Xác Nhận"
ERROR - 2020-06-10 12:06:15 --> Could not find the language line "Đóng"
ERROR - 2020-06-10 12:06:15 --> Could not find the language line "Xác Nhận"
ERROR - 2020-06-10 12:06:15 --> Could not find the language line "Đóng"
ERROR - 2020-06-10 12:06:15 --> Could not find the language line "Tải"
ERROR - 2020-06-10 12:35:57 --> Could not find the language line "Tạo Điểm Lấy Hàng"
ERROR - 2020-06-10 12:35:57 --> Could not find the language line "Tạo Đơn Hàng"
ERROR - 2020-06-10 12:35:57 --> Could not find the language line "Tải Excel"
ERROR - 2020-06-10 12:35:57 --> Could not find the language line "Đóng"
ERROR - 2020-06-10 12:35:57 --> Could not find the language line "Xác Nhận"
ERROR - 2020-06-10 12:35:57 --> Severity: Warning --> Invalid argument supplied for foreach() /home/admin/domains/spshd.com/public_html/khachhang/application/views/app.php 162
ERROR - 2020-06-10 12:35:57 --> Severity: Warning --> Invalid argument supplied for foreach() /home/admin/domains/spshd.com/public_html/khachhang/application/views/app.php 173
ERROR - 2020-06-10 12:35:57 --> Could not find the language line "Đóng"
ERROR - 2020-06-10 12:35:57 --> Could not find the language line "Xác Nhận"
ERROR - 2020-06-10 12:35:57 --> Could not find the language line "Đóng"
ERROR - 2020-06-10 12:35:57 --> Could not find the language line "Xác Nhận"
ERROR - 2020-06-10 12:35:57 --> Could not find the language line "Đóng"
ERROR - 2020-06-10 12:35:57 --> Could not find the language line "Tải"
ERROR - 2020-06-10 12:35:57 --> Could not find the language line "Tạo Điểm Lấy Hàng"
ERROR - 2020-06-10 12:35:57 --> Could not find the language line "Tạo Đơn Hàng"
ERROR - 2020-06-10 12:35:57 --> Could not find the language line "Tải Excel"
ERROR - 2020-06-10 12:35:57 --> Could not find the language line "Đóng"
ERROR - 2020-06-10 12:35:57 --> Could not find the language line "Xác Nhận"
ERROR - 2020-06-10 12:35:57 --> Severity: Warning --> Invalid argument supplied for foreach() /home/admin/domains/spshd.com/public_html/khachhang/application/views/app.php 162
ERROR - 2020-06-10 12:35:57 --> Severity: Warning --> Invalid argument supplied for foreach() /home/admin/domains/spshd.com/public_html/khachhang/application/views/app.php 173
ERROR - 2020-06-10 12:35:57 --> Could not find the language line "Đóng"
ERROR - 2020-06-10 12:35:57 --> Could not find the language line "Xác Nhận"
ERROR - 2020-06-10 12:35:57 --> Could not find the language line "Đóng"
ERROR - 2020-06-10 12:35:57 --> Could not find the language line "Xác Nhận"
ERROR - 2020-06-10 12:35:57 --> Could not find the language line "Đóng"
ERROR - 2020-06-10 12:35:57 --> Could not find the language line "Tải"
ERROR - 2020-06-10 12:36:06 --> Could not find the language line "Tạo Điểm Lấy Hàng"
ERROR - 2020-06-10 12:36:06 --> Could not find the language line "Tạo Đơn Hàng"
ERROR - 2020-06-10 12:36:06 --> Could not find the language line "Tải Excel"
ERROR - 2020-06-10 12:36:06 --> Could not find the language line "Đóng"
ERROR - 2020-06-10 12:36:06 --> Could not find the language line "Xác Nhận"
ERROR - 2020-06-10 12:36:06 --> Severity: Warning --> Invalid argument supplied for foreach() /home/admin/domains/spshd.com/public_html/khachhang/application/views/app.php 162
ERROR - 2020-06-10 12:36:06 --> Severity: Warning --> Invalid argument supplied for foreach() /home/admin/domains/spshd.com/public_html/khachhang/application/views/app.php 173
ERROR - 2020-06-10 12:36:06 --> Could not find the language line "Đóng"
ERROR - 2020-06-10 12:36:06 --> Could not find the language line "Xác Nhận"
ERROR - 2020-06-10 12:36:06 --> Could not find the language line "Đóng"
ERROR - 2020-06-10 12:36:06 --> Could not find the language line "Xác Nhận"
ERROR - 2020-06-10 12:36:06 --> Could not find the language line "Đóng"
ERROR - 2020-06-10 12:36:06 --> Could not find the language line "Tải"
ERROR - 2020-06-10 13:17:21 --> Could not find the language line "Tạo Điểm Lấy Hàng"
ERROR - 2020-06-10 13:17:21 --> Could not find the language line "Tạo Đơn Hàng"
ERROR - 2020-06-10 13:17:21 --> Could not find the language line "Tải Excel"
ERROR - 2020-06-10 13:17:21 --> Could not find the language line "Đóng"
ERROR - 2020-06-10 13:17:21 --> Could not find the language line "Xác Nhận"
ERROR - 2020-06-10 13:17:21 --> Severity: Warning --> Invalid argument supplied for foreach() /home/admin/domains/spshd.com/public_html/khachhang/application/views/app.php 162
ERROR - 2020-06-10 13:17:21 --> Severity: Warning --> Invalid argument supplied for foreach() /home/admin/domains/spshd.com/public_html/khachhang/application/views/app.php 173
ERROR - 2020-06-10 13:17:21 --> Could not find the language line "Đóng"
ERROR - 2020-06-10 13:17:21 --> Could not find the language line "Xác Nhận"
ERROR - 2020-06-10 13:17:21 --> Could not find the language line "Đóng"
ERROR - 2020-06-10 13:17:21 --> Could not find the language line "Xác Nhận"
ERROR - 2020-06-10 13:17:21 --> Could not find the language line "Đóng"
ERROR - 2020-06-10 13:17:21 --> Could not find the language line "Tải"
ERROR - 2020-06-10 07:26:23 --> Could not find the language line "Email"
ERROR - 2020-06-10 07:26:23 --> Could not find the language line "password"
ERROR - 2020-06-10 13:46:19 --> Could not find the language line "Tạo Điểm Lấy Hàng"
ERROR - 2020-06-10 13:46:19 --> Could not find the language line "Tạo Đơn Hàng"
ERROR - 2020-06-10 13:46:19 --> Could not find the language line "Tải Excel"
ERROR - 2020-06-10 13:46:19 --> Could not find the language line "Đóng"
ERROR - 2020-06-10 13:46:19 --> Could not find the language line "Xác Nhận"
ERROR - 2020-06-10 13:46:19 --> Severity: Warning --> Invalid argument supplied for foreach() /home/admin/domains/spshd.com/public_html/khachhang/application/views/app.php 162
ERROR - 2020-06-10 13:46:19 --> Severity: Warning --> Invalid argument supplied for foreach() /home/admin/domains/spshd.com/public_html/khachhang/application/views/app.php 173
ERROR - 2020-06-10 13:46:19 --> Could not find the language line "Đóng"
ERROR - 2020-06-10 13:46:19 --> Could not find the language line "Xác Nhận"
ERROR - 2020-06-10 13:46:19 --> Could not find the language line "Đóng"
ERROR - 2020-06-10 13:46:19 --> Could not find the language line "Xác Nhận"
ERROR - 2020-06-10 13:46:19 --> Could not find the language line "Đóng"
ERROR - 2020-06-10 13:46:19 --> Could not find the language line "Tải"
ERROR - 2020-06-10 13:48:51 --> Could not find the language line "Tạo Điểm Lấy Hàng"
ERROR - 2020-06-10 13:48:51 --> Could not find the language line "Tạo Đơn Hàng"
ERROR - 2020-06-10 13:48:51 --> Could not find the language line "Tải Excel"
ERROR - 2020-06-10 13:48:51 --> Could not find the language line "Đóng"
ERROR - 2020-06-10 13:48:51 --> Could not find the language line "Xác Nhận"
ERROR - 2020-06-10 13:48:51 --> Severity: Warning --> Invalid argument supplied for foreach() /home/admin/domains/spshd.com/public_html/khachhang/application/views/app.php 162
ERROR - 2020-06-10 13:48:51 --> Severity: Warning --> Invalid argument supplied for foreach() /home/admin/domains/spshd.com/public_html/khachhang/application/views/app.php 173
ERROR - 2020-06-10 13:48:51 --> Could not find the language line "Đóng"
ERROR - 2020-06-10 13:48:51 --> Could not find the language line "Xác Nhận"
ERROR - 2020-06-10 13:48:51 --> Could not find the language line "Đóng"
ERROR - 2020-06-10 13:48:51 --> Could not find the language line "Xác Nhận"
ERROR - 2020-06-10 13:48:51 --> Could not find the language line "Đóng"
ERROR - 2020-06-10 13:48:51 --> Could not find the language line "Tải"
ERROR - 2020-06-10 14:19:09 --> Could not find the language line "Tạo Điểm Lấy Hàng"
ERROR - 2020-06-10 14:19:09 --> Could not find the language line "Tạo Đơn Hàng"
ERROR - 2020-06-10 14:19:09 --> Could not find the language line "Tải Excel"
ERROR - 2020-06-10 14:19:09 --> Could not find the language line "Đóng"
ERROR - 2020-06-10 14:19:09 --> Could not find the language line "Xác Nhận"
ERROR - 2020-06-10 14:19:09 --> Severity: Warning --> Invalid argument supplied for foreach() /home/admin/domains/spshd.com/public_html/khachhang/application/views/app.php 162
ERROR - 2020-06-10 14:19:09 --> Severity: Warning --> Invalid argument supplied for foreach() /home/admin/domains/spshd.com/public_html/khachhang/application/views/app.php 173
ERROR - 2020-06-10 14:19:09 --> Could not find the language line "Đóng"
ERROR - 2020-06-10 14:19:09 --> Could not find the language line "Xác Nhận"
ERROR - 2020-06-10 14:19:09 --> Could not find the language line "Đóng"
ERROR - 2020-06-10 14:19:09 --> Could not find the language line "Xác Nhận"
ERROR - 2020-06-10 14:19:09 --> Could not find the language line "Đóng"
ERROR - 2020-06-10 14:19:09 --> Could not find the language line "Tải"
ERROR - 2020-06-10 08:20:06 --> Could not find the language line "Email"
ERROR - 2020-06-10 08:20:06 --> Could not find the language line "password"
ERROR - 2020-06-10 14:40:53 --> Could not find the language line "Tạo Điểm Lấy Hàng"
ERROR - 2020-06-10 14:40:53 --> Could not find the language line "Tạo Đơn Hàng"
ERROR - 2020-06-10 14:40:53 --> Could not find the language line "Tải Excel"
ERROR - 2020-06-10 14:40:53 --> Could not find the language line "Đóng"
ERROR - 2020-06-10 14:40:53 --> Could not find the language line "Xác Nhận"
ERROR - 2020-06-10 14:40:53 --> Severity: Warning --> Invalid argument supplied for foreach() /home/admin/domains/spshd.com/public_html/khachhang/application/views/app.php 162
ERROR - 2020-06-10 14:40:53 --> Severity: Warning --> Invalid argument supplied for foreach() /home/admin/domains/spshd.com/public_html/khachhang/application/views/app.php 173
ERROR - 2020-06-10 14:40:53 --> Could not find the language line "Đóng"
ERROR - 2020-06-10 14:40:53 --> Could not find the language line "Xác Nhận"
ERROR - 2020-06-10 14:40:53 --> Could not find the language line "Đóng"
ERROR - 2020-06-10 14:40:53 --> Could not find the language line "Xác Nhận"
ERROR - 2020-06-10 14:40:53 --> Could not find the language line "Đóng"
ERROR - 2020-06-10 14:40:53 --> Could not find the language line "Tải"
ERROR - 2020-06-10 14:42:41 --> Could not find the language line "Tạo Điểm Lấy Hàng"
ERROR - 2020-06-10 14:42:41 --> Could not find the language line "Tạo Đơn Hàng"
ERROR - 2020-06-10 14:42:41 --> Could not find the language line "Tải Excel"
ERROR - 2020-06-10 14:42:41 --> Could not find the language line "Đóng"
ERROR - 2020-06-10 14:42:41 --> Could not find the language line "Xác Nhận"
ERROR - 2020-06-10 14:42:41 --> Severity: Warning --> Invalid argument supplied for foreach() /home/admin/domains/spshd.com/public_html/khachhang/application/views/app.php 162
ERROR - 2020-06-10 14:42:41 --> Severity: Warning --> Invalid argument supplied for foreach() /home/admin/domains/spshd.com/public_html/khachhang/application/views/app.php 173
ERROR - 2020-06-10 14:42:41 --> Could not find the language line "Đóng"
ERROR - 2020-06-10 14:42:41 --> Could not find the language line "Xác Nhận"
ERROR - 2020-06-10 14:42:41 --> Could not find the language line "Đóng"
ERROR - 2020-06-10 14:42:41 --> Could not find the language line "Xác Nhận"
ERROR - 2020-06-10 14:42:41 --> Could not find the language line "Đóng"
ERROR - 2020-06-10 14:42:41 --> Could not find the language line "Tải"
ERROR - 2020-06-10 09:19:17 --> Could not find the language line "Email"
ERROR - 2020-06-10 09:19:17 --> Could not find the language line "password"
ERROR - 2020-06-10 15:19:44 --> Could not find the language line "Tạo Điểm Lấy Hàng"
ERROR - 2020-06-10 15:19:44 --> Could not find the language line "Tạo Đơn Hàng"
ERROR - 2020-06-10 15:19:44 --> Could not find the language line "Tải Excel"
ERROR - 2020-06-10 15:19:44 --> Could not find the language line "Đóng"
ERROR - 2020-06-10 15:19:44 --> Could not find the language line "Xác Nhận"
ERROR - 2020-06-10 15:19:44 --> Severity: Warning --> Invalid argument supplied for foreach() /home/admin/domains/spshd.com/public_html/khachhang/application/views/app.php 162
ERROR - 2020-06-10 15:19:44 --> Severity: Warning --> Invalid argument supplied for foreach() /home/admin/domains/spshd.com/public_html/khachhang/application/views/app.php 173
ERROR - 2020-06-10 15:19:44 --> Could not find the language line "Đóng"
ERROR - 2020-06-10 15:19:44 --> Could not find the language line "Xác Nhận"
ERROR - 2020-06-10 15:19:44 --> Could not find the language line "Đóng"
ERROR - 2020-06-10 15:19:44 --> Could not find the language line "Xác Nhận"
ERROR - 2020-06-10 15:19:44 --> Could not find the language line "Đóng"
ERROR - 2020-06-10 15:19:44 --> Could not find the language line "Tải"
ERROR - 2020-06-10 15:23:22 --> Could not find the language line "Tạo Điểm Lấy Hàng"
ERROR - 2020-06-10 15:23:22 --> Could not find the language line "Tạo Đơn Hàng"
ERROR - 2020-06-10 15:23:22 --> Could not find the language line "Tải Excel"
ERROR - 2020-06-10 15:23:22 --> Could not find the language line "Đóng"
ERROR - 2020-06-10 15:23:22 --> Could not find the language line "Xác Nhận"
ERROR - 2020-06-10 15:23:22 --> Severity: Warning --> Invalid argument supplied for foreach() /home/admin/domains/spshd.com/public_html/khachhang/application/views/app.php 162
ERROR - 2020-06-10 15:23:22 --> Severity: Warning --> Invalid argument supplied for foreach() /home/admin/domains/spshd.com/public_html/khachhang/application/views/app.php 173
ERROR - 2020-06-10 15:23:22 --> Could not find the language line "Đóng"
ERROR - 2020-06-10 15:23:22 --> Could not find the language line "Xác Nhận"
ERROR - 2020-06-10 15:23:22 --> Could not find the language line "Đóng"
ERROR - 2020-06-10 15:23:22 --> Could not find the language line "Xác Nhận"
ERROR - 2020-06-10 15:23:22 --> Could not find the language line "Đóng"
ERROR - 2020-06-10 15:23:22 --> Could not find the language line "Tải"
ERROR - 2020-06-10 15:24:40 --> Could not find the language line "Tạo Điểm Lấy Hàng"
ERROR - 2020-06-10 15:24:40 --> Could not find the language line "Tạo Đơn Hàng"
ERROR - 2020-06-10 15:24:40 --> Could not find the language line "Tải Excel"
ERROR - 2020-06-10 15:24:40 --> Could not find the language line "Đóng"
ERROR - 2020-06-10 15:24:40 --> Could not find the language line "Xác Nhận"
ERROR - 2020-06-10 15:24:40 --> Severity: Warning --> Invalid argument supplied for foreach() /home/admin/domains/spshd.com/public_html/khachhang/application/views/app.php 162
ERROR - 2020-06-10 15:24:40 --> Severity: Warning --> Invalid argument supplied for foreach() /home/admin/domains/spshd.com/public_html/khachhang/application/views/app.php 173
ERROR - 2020-06-10 15:24:40 --> Could not find the language line "Đóng"
ERROR - 2020-06-10 15:24:40 --> Could not find the language line "Xác Nhận"
ERROR - 2020-06-10 15:24:40 --> Could not find the language line "Đóng"
ERROR - 2020-06-10 15:24:40 --> Could not find the language line "Xác Nhận"
ERROR - 2020-06-10 15:24:40 --> Could not find the language line "Đóng"
ERROR - 2020-06-10 15:24:40 --> Could not find the language line "Tải"
ERROR - 2020-06-10 15:41:43 --> Could not find the language line "Tạo Điểm Lấy Hàng"
ERROR - 2020-06-10 15:41:43 --> Could not find the language line "Tạo Đơn Hàng"
ERROR - 2020-06-10 15:41:43 --> Could not find the language line "Tải Excel"
ERROR - 2020-06-10 15:41:43 --> Could not find the language line "Đóng"
ERROR - 2020-06-10 15:41:43 --> Could not find the language line "Xác Nhận"
ERROR - 2020-06-10 15:41:43 --> Severity: Warning --> Invalid argument supplied for foreach() /home/admin/domains/spshd.com/public_html/khachhang/application/views/app.php 162
ERROR - 2020-06-10 15:41:43 --> Severity: Warning --> Invalid argument supplied for foreach() /home/admin/domains/spshd.com/public_html/khachhang/application/views/app.php 173
ERROR - 2020-06-10 15:41:43 --> Could not find the language line "Đóng"
ERROR - 2020-06-10 15:41:43 --> Could not find the language line "Xác Nhận"
ERROR - 2020-06-10 15:41:43 --> Could not find the language line "Đóng"
ERROR - 2020-06-10 15:41:43 --> Could not find the language line "Xác Nhận"
ERROR - 2020-06-10 15:41:43 --> Could not find the language line "Đóng"
ERROR - 2020-06-10 15:41:43 --> Could not find the language line "Tải"
ERROR - 2020-06-10 09:52:04 --> Could not find the language line "Email"
ERROR - 2020-06-10 09:52:04 --> Could not find the language line "password"
ERROR - 2020-06-10 15:58:19 --> Could not find the language line "Tạo Điểm Lấy Hàng"
ERROR - 2020-06-10 15:58:19 --> Could not find the language line "Tạo Đơn Hàng"
ERROR - 2020-06-10 15:58:19 --> Could not find the language line "Tải Excel"
ERROR - 2020-06-10 15:58:19 --> Could not find the language line "Đóng"
ERROR - 2020-06-10 15:58:19 --> Could not find the language line "Xác Nhận"
ERROR - 2020-06-10 15:58:19 --> Severity: Warning --> Invalid argument supplied for foreach() /home/admin/domains/spshd.com/public_html/khachhang/application/views/app.php 162
ERROR - 2020-06-10 15:58:19 --> Severity: Warning --> Invalid argument supplied for foreach() /home/admin/domains/spshd.com/public_html/khachhang/application/views/app.php 173
ERROR - 2020-06-10 15:58:19 --> Could not find the language line "Đóng"
ERROR - 2020-06-10 15:58:19 --> Could not find the language line "Xác Nhận"
ERROR - 2020-06-10 15:58:19 --> Could not find the language line "Đóng"
ERROR - 2020-06-10 15:58:19 --> Could not find the language line "Xác Nhận"
ERROR - 2020-06-10 15:58:19 --> Could not find the language line "Đóng"
ERROR - 2020-06-10 15:58:19 --> Could not find the language line "Tải"
ERROR - 2020-06-10 10:08:27 --> Could not find the language line "Email"
ERROR - 2020-06-10 10:08:27 --> Could not find the language line "password"
ERROR - 2020-06-10 10:24:45 --> Could not find the language line "Email"
ERROR - 2020-06-10 10:24:45 --> Could not find the language line "password"
ERROR - 2020-06-10 16:26:26 --> Could not find the language line "Tạo Điểm Lấy Hàng"
ERROR - 2020-06-10 16:26:26 --> Could not find the language line "Tạo Đơn Hàng"
ERROR - 2020-06-10 16:26:26 --> Could not find the language line "Tải Excel"
ERROR - 2020-06-10 16:26:26 --> Could not find the language line "Đóng"
ERROR - 2020-06-10 16:26:26 --> Could not find the language line "Xác Nhận"
ERROR - 2020-06-10 16:26:26 --> Severity: Warning --> Invalid argument supplied for foreach() /home/admin/domains/spshd.com/public_html/khachhang/application/views/app.php 162
ERROR - 2020-06-10 16:26:26 --> Severity: Warning --> Invalid argument supplied for foreach() /home/admin/domains/spshd.com/public_html/khachhang/application/views/app.php 173
ERROR - 2020-06-10 16:26:26 --> Could not find the language line "Đóng"
ERROR - 2020-06-10 16:26:26 --> Could not find the language line "Xác Nhận"
ERROR - 2020-06-10 16:26:26 --> Could not find the language line "Đóng"
ERROR - 2020-06-10 16:26:26 --> Could not find the language line "Xác Nhận"
ERROR - 2020-06-10 16:26:26 --> Could not find the language line "Đóng"
ERROR - 2020-06-10 16:26:26 --> Could not find the language line "Tải"
ERROR - 2020-06-10 16:38:17 --> Could not find the language line "Tạo Điểm Lấy Hàng"
ERROR - 2020-06-10 16:38:17 --> Could not find the language line "Tạo Đơn Hàng"
ERROR - 2020-06-10 16:38:17 --> Could not find the language line "Tải Excel"
ERROR - 2020-06-10 16:38:17 --> Could not find the language line "Đóng"
ERROR - 2020-06-10 16:38:17 --> Could not find the language line "Xác Nhận"
ERROR - 2020-06-10 16:38:17 --> Severity: Warning --> Invalid argument supplied for foreach() /home/admin/domains/spshd.com/public_html/khachhang/application/views/app.php 162
ERROR - 2020-06-10 16:38:17 --> Severity: Warning --> Invalid argument supplied for foreach() /home/admin/domains/spshd.com/public_html/khachhang/application/views/app.php 173
ERROR - 2020-06-10 16:38:17 --> Could not find the language line "Đóng"
ERROR - 2020-06-10 16:38:17 --> Could not find the language line "Xác Nhận"
ERROR - 2020-06-10 16:38:17 --> Could not find the language line "Đóng"
ERROR - 2020-06-10 16:38:17 --> Could not find the language line "Xác Nhận"
ERROR - 2020-06-10 16:38:17 --> Could not find the language line "Đóng"
ERROR - 2020-06-10 16:38:17 --> Could not find the language line "Tải"
ERROR - 2020-06-10 16:43:56 --> Could not find the language line "Tạo Điểm Lấy Hàng"
ERROR - 2020-06-10 16:43:56 --> Could not find the language line "Tạo Đơn Hàng"
ERROR - 2020-06-10 16:43:56 --> Could not find the language line "Tải Excel"
ERROR - 2020-06-10 16:43:56 --> Could not find the language line "Đóng"
ERROR - 2020-06-10 16:43:56 --> Could not find the language line "Xác Nhận"
ERROR - 2020-06-10 16:43:56 --> Severity: Warning --> Invalid argument supplied for foreach() /home/admin/domains/spshd.com/public_html/khachhang/application/views/app.php 162
ERROR - 2020-06-10 16:43:56 --> Severity: Warning --> Invalid argument supplied for foreach() /home/admin/domains/spshd.com/public_html/khachhang/application/views/app.php 173
ERROR - 2020-06-10 16:43:56 --> Could not find the language line "Đóng"
ERROR - 2020-06-10 16:43:56 --> Could not find the language line "Xác Nhận"
ERROR - 2020-06-10 16:43:56 --> Could not find the language line "Đóng"
ERROR - 2020-06-10 16:43:56 --> Could not find the language line "Xác Nhận"
ERROR - 2020-06-10 16:43:56 --> Could not find the language line "Đóng"
ERROR - 2020-06-10 16:43:56 --> Could not find the language line "Tải"
ERROR - 2020-06-10 16:44:07 --> Could not find the language line "Tạo Điểm Lấy Hàng"
ERROR - 2020-06-10 16:44:07 --> Could not find the language line "Tạo Đơn Hàng"
ERROR - 2020-06-10 16:44:07 --> Could not find the language line "Tải Excel"
ERROR - 2020-06-10 16:44:07 --> Could not find the language line "Đóng"
ERROR - 2020-06-10 16:44:07 --> Could not find the language line "Xác Nhận"
ERROR - 2020-06-10 16:44:07 --> Severity: Warning --> Invalid argument supplied for foreach() /home/admin/domains/spshd.com/public_html/khachhang/application/views/app.php 162
ERROR - 2020-06-10 16:44:07 --> Severity: Warning --> Invalid argument supplied for foreach() /home/admin/domains/spshd.com/public_html/khachhang/application/views/app.php 173
ERROR - 2020-06-10 16:44:07 --> Could not find the language line "Đóng"
ERROR - 2020-06-10 16:44:07 --> Could not find the language line "Xác Nhận"
ERROR - 2020-06-10 16:44:07 --> Could not find the language line "Đóng"
ERROR - 2020-06-10 16:44:07 --> Could not find the language line "Xác Nhận"
ERROR - 2020-06-10 16:44:07 --> Could not find the language line "Đóng"
ERROR - 2020-06-10 16:44:07 --> Could not find the language line "Tải"
ERROR - 2020-06-10 18:13:27 --> Could not find the language line "Tạo Điểm Lấy Hàng"
ERROR - 2020-06-10 18:13:27 --> Could not find the language line "Tạo Đơn Hàng"
ERROR - 2020-06-10 18:13:27 --> Could not find the language line "Tải Excel"
ERROR - 2020-06-10 18:13:27 --> Could not find the language line "Đóng"
ERROR - 2020-06-10 18:13:27 --> Could not find the language line "Xác Nhận"
ERROR - 2020-06-10 18:13:27 --> Severity: Warning --> Invalid argument supplied for foreach() /home/admin/domains/spshd.com/public_html/khachhang/application/views/app.php 162
ERROR - 2020-06-10 18:13:27 --> Severity: Warning --> Invalid argument supplied for foreach() /home/admin/domains/spshd.com/public_html/khachhang/application/views/app.php 173
ERROR - 2020-06-10 18:13:27 --> Could not find the language line "Đóng"
ERROR - 2020-06-10 18:13:27 --> Could not find the language line "Xác Nhận"
ERROR - 2020-06-10 18:13:27 --> Could not find the language line "Đóng"
ERROR - 2020-06-10 18:13:27 --> Could not find the language line "Xác Nhận"
ERROR - 2020-06-10 18:13:27 --> Could not find the language line "Đóng"
ERROR - 2020-06-10 18:13:27 --> Could not find the language line "Tải"
ERROR - 2020-06-10 18:14:55 --> Could not find the language line "Tạo Điểm Lấy Hàng"
ERROR - 2020-06-10 18:14:55 --> Could not find the language line "Tạo Đơn Hàng"
ERROR - 2020-06-10 18:14:55 --> Could not find the language line "Tải Excel"
ERROR - 2020-06-10 18:14:55 --> Could not find the language line "Đóng"
ERROR - 2020-06-10 18:14:55 --> Could not find the language line "Xác Nhận"
ERROR - 2020-06-10 18:14:55 --> Severity: Warning --> Invalid argument supplied for foreach() /home/admin/domains/spshd.com/public_html/khachhang/application/views/app.php 162
ERROR - 2020-06-10 18:14:55 --> Severity: Warning --> Invalid argument supplied for foreach() /home/admin/domains/spshd.com/public_html/khachhang/application/views/app.php 173
ERROR - 2020-06-10 18:14:55 --> Could not find the language line "Đóng"
ERROR - 2020-06-10 18:14:55 --> Could not find the language line "Xác Nhận"
ERROR - 2020-06-10 18:14:55 --> Could not find the language line "Đóng"
ERROR - 2020-06-10 18:14:55 --> Could not find the language line "Xác Nhận"
ERROR - 2020-06-10 18:14:55 --> Could not find the language line "Đóng"
ERROR - 2020-06-10 18:14:55 --> Could not find the language line "Tải"
ERROR - 2020-06-10 18:22:37 --> Could not find the language line "Tạo Điểm Lấy Hàng"
ERROR - 2020-06-10 18:22:37 --> Could not find the language line "Tạo Đơn Hàng"
ERROR - 2020-06-10 18:22:37 --> Could not find the language line "Tải Excel"
ERROR - 2020-06-10 18:22:38 --> Could not find the language line "Đóng"
ERROR - 2020-06-10 18:22:38 --> Could not find the language line "Xác Nhận"
ERROR - 2020-06-10 18:22:38 --> Severity: Warning --> Invalid argument supplied for foreach() /home/admin/domains/spshd.com/public_html/khachhang/application/views/app.php 162
ERROR - 2020-06-10 18:22:38 --> Severity: Warning --> Invalid argument supplied for foreach() /home/admin/domains/spshd.com/public_html/khachhang/application/views/app.php 173
ERROR - 2020-06-10 18:22:38 --> Could not find the language line "Đóng"
ERROR - 2020-06-10 18:22:38 --> Could not find the language line "Xác Nhận"
ERROR - 2020-06-10 18:22:38 --> Could not find the language line "Đóng"
ERROR - 2020-06-10 18:22:38 --> Could not find the language line "Xác Nhận"
ERROR - 2020-06-10 18:22:38 --> Could not find the language line "Đóng"
ERROR - 2020-06-10 18:22:38 --> Could not find the language line "Tải"
ERROR - 2020-06-10 18:34:39 --> Could not find the language line "Tạo Điểm Lấy Hàng"
ERROR - 2020-06-10 18:34:39 --> Could not find the language line "Tạo Đơn Hàng"
ERROR - 2020-06-10 18:34:39 --> Could not find the language line "Tải Excel"
ERROR - 2020-06-10 18:34:39 --> Could not find the language line "Đóng"
ERROR - 2020-06-10 18:34:39 --> Could not find the language line "Xác Nhận"
ERROR - 2020-06-10 18:34:39 --> Severity: Warning --> Invalid argument supplied for foreach() /home/admin/domains/spshd.com/public_html/khachhang/application/views/app.php 162
ERROR - 2020-06-10 18:34:39 --> Severity: Warning --> Invalid argument supplied for foreach() /home/admin/domains/spshd.com/public_html/khachhang/application/views/app.php 173
ERROR - 2020-06-10 18:34:39 --> Could not find the language line "Đóng"
ERROR - 2020-06-10 18:34:39 --> Could not find the language line "Xác Nhận"
ERROR - 2020-06-10 18:34:39 --> Could not find the language line "Đóng"
ERROR - 2020-06-10 18:34:39 --> Could not find the language line "Xác Nhận"
ERROR - 2020-06-10 18:34:39 --> Could not find the language line "Đóng"
ERROR - 2020-06-10 18:34:39 --> Could not find the language line "Tải"
ERROR - 2020-06-10 18:36:40 --> Could not find the language line "Tạo Điểm Lấy Hàng"
ERROR - 2020-06-10 18:36:40 --> Could not find the language line "Tạo Đơn Hàng"
ERROR - 2020-06-10 18:36:40 --> Could not find the language line "Tải Excel"
ERROR - 2020-06-10 18:36:40 --> Could not find the language line "Đóng"
ERROR - 2020-06-10 18:36:40 --> Could not find the language line "Xác Nhận"
ERROR - 2020-06-10 18:36:40 --> Severity: Warning --> Invalid argument supplied for foreach() /home/admin/domains/spshd.com/public_html/khachhang/application/views/app.php 162
ERROR - 2020-06-10 18:36:40 --> Severity: Warning --> Invalid argument supplied for foreach() /home/admin/domains/spshd.com/public_html/khachhang/application/views/app.php 173
ERROR - 2020-06-10 18:36:40 --> Could not find the language line "Đóng"
ERROR - 2020-06-10 18:36:40 --> Could not find the language line "Xác Nhận"
ERROR - 2020-06-10 18:36:40 --> Could not find the language line "Đóng"
ERROR - 2020-06-10 18:36:40 --> Could not find the language line "Xác Nhận"
ERROR - 2020-06-10 18:36:40 --> Could not find the language line "Đóng"
ERROR - 2020-06-10 18:36:40 --> Could not find the language line "Tải"
ERROR - 2020-06-10 18:36:40 --> Could not find the language line "Tạo Điểm Lấy Hàng"
ERROR - 2020-06-10 18:36:40 --> Could not find the language line "Tạo Đơn Hàng"
ERROR - 2020-06-10 18:36:40 --> Could not find the language line "Tải Excel"
ERROR - 2020-06-10 18:36:40 --> Could not find the language line "Đóng"
ERROR - 2020-06-10 18:36:40 --> Could not find the language line "Xác Nhận"
ERROR - 2020-06-10 18:36:40 --> Severity: Warning --> Invalid argument supplied for foreach() /home/admin/domains/spshd.com/public_html/khachhang/application/views/app.php 162
ERROR - 2020-06-10 18:36:40 --> Severity: Warning --> Invalid argument supplied for foreach() /home/admin/domains/spshd.com/public_html/khachhang/application/views/app.php 173
ERROR - 2020-06-10 18:36:40 --> Could not find the language line "Đóng"
ERROR - 2020-06-10 18:36:40 --> Could not find the language line "Xác Nhận"
ERROR - 2020-06-10 18:36:40 --> Could not find the language line "Đóng"
ERROR - 2020-06-10 18:36:40 --> Could not find the language line "Xác Nhận"
ERROR - 2020-06-10 18:36:40 --> Could not find the language line "Đóng"
ERROR - 2020-06-10 18:36:40 --> Could not find the language line "Tải"
ERROR - 2020-06-10 12:36:49 --> Could not find the language line "Email"
ERROR - 2020-06-10 12:36:49 --> Could not find the language line "password"
ERROR - 2020-06-10 18:36:58 --> Could not find the language line "Tạo Điểm Lấy Hàng"
ERROR - 2020-06-10 18:36:58 --> Could not find the language line "Tạo Đơn Hàng"
ERROR - 2020-06-10 18:36:58 --> Could not find the language line "Tải Excel"
ERROR - 2020-06-10 18:36:58 --> Could not find the language line "Đóng"
ERROR - 2020-06-10 18:36:58 --> Could not find the language line "Xác Nhận"
ERROR - 2020-06-10 18:36:58 --> Severity: Warning --> Invalid argument supplied for foreach() /home/admin/domains/spshd.com/public_html/khachhang/application/views/app.php 162
ERROR - 2020-06-10 18:36:58 --> Severity: Warning --> Invalid argument supplied for foreach() /home/admin/domains/spshd.com/public_html/khachhang/application/views/app.php 173
ERROR - 2020-06-10 18:36:58 --> Could not find the language line "Đóng"
ERROR - 2020-06-10 18:36:58 --> Could not find the language line "Xác Nhận"
ERROR - 2020-06-10 18:36:58 --> Could not find the language line "Đóng"
ERROR - 2020-06-10 18:36:58 --> Could not find the language line "Xác Nhận"
ERROR - 2020-06-10 18:36:58 --> Could not find the language line "Đóng"
ERROR - 2020-06-10 18:36:58 --> Could not find the language line "Tải"
ERROR - 2020-06-10 18:44:11 --> Could not find the language line "Tạo Điểm Lấy Hàng"
ERROR - 2020-06-10 18:44:11 --> Could not find the language line "Tạo Đơn Hàng"
ERROR - 2020-06-10 18:44:11 --> Could not find the language line "Tải Excel"
ERROR - 2020-06-10 18:44:11 --> Could not find the language line "Đóng"
ERROR - 2020-06-10 18:44:11 --> Could not find the language line "Xác Nhận"
ERROR - 2020-06-10 18:44:11 --> Severity: Warning --> Invalid argument supplied for foreach() /home/admin/domains/spshd.com/public_html/khachhang/application/views/app.php 162
ERROR - 2020-06-10 18:44:11 --> Severity: Warning --> Invalid argument supplied for foreach() /home/admin/domains/spshd.com/public_html/khachhang/application/views/app.php 173
ERROR - 2020-06-10 18:44:11 --> Could not find the language line "Đóng"
ERROR - 2020-06-10 18:44:11 --> Could not find the language line "Xác Nhận"
ERROR - 2020-06-10 18:44:11 --> Could not find the language line "Đóng"
ERROR - 2020-06-10 18:44:11 --> Could not find the language line "Xác Nhận"
ERROR - 2020-06-10 18:44:11 --> Could not find the language line "Đóng"
ERROR - 2020-06-10 18:44:11 --> Could not find the language line "Tải"
ERROR - 2020-06-10 18:46:02 --> Could not find the language line "Tạo Điểm Lấy Hàng"
ERROR - 2020-06-10 18:46:02 --> Could not find the language line "Tạo Đơn Hàng"
ERROR - 2020-06-10 18:46:02 --> Could not find the language line "Tải Excel"
ERROR - 2020-06-10 18:46:02 --> Could not find the language line "Đóng"
ERROR - 2020-06-10 18:46:02 --> Could not find the language line "Xác Nhận"
ERROR - 2020-06-10 18:46:02 --> Severity: Warning --> Invalid argument supplied for foreach() /home/admin/domains/spshd.com/public_html/khachhang/application/views/app.php 162
ERROR - 2020-06-10 18:46:02 --> Severity: Warning --> Invalid argument supplied for foreach() /home/admin/domains/spshd.com/public_html/khachhang/application/views/app.php 173
ERROR - 2020-06-10 18:46:02 --> Could not find the language line "Đóng"
ERROR - 2020-06-10 18:46:02 --> Could not find the language line "Xác Nhận"
ERROR - 2020-06-10 18:46:02 --> Could not find the language line "Đóng"
ERROR - 2020-06-10 18:46:02 --> Could not find the language line "Xác Nhận"
ERROR - 2020-06-10 18:46:02 --> Could not find the language line "Đóng"
ERROR - 2020-06-10 18:46:02 --> Could not find the language line "Tải"
ERROR - 2020-06-10 19:16:30 --> Could not find the language line "Tạo Điểm Lấy Hàng"
ERROR - 2020-06-10 19:16:30 --> Could not find the language line "Tạo Đơn Hàng"
ERROR - 2020-06-10 19:16:30 --> Could not find the language line "Tải Excel"
ERROR - 2020-06-10 19:16:30 --> Could not find the language line "Đóng"
ERROR - 2020-06-10 19:16:30 --> Could not find the language line "Xác Nhận"
ERROR - 2020-06-10 19:16:30 --> Severity: Warning --> Invalid argument supplied for foreach() /home/admin/domains/spshd.com/public_html/khachhang/application/views/app.php 162
ERROR - 2020-06-10 19:16:30 --> Severity: Warning --> Invalid argument supplied for foreach() /home/admin/domains/spshd.com/public_html/khachhang/application/views/app.php 173
ERROR - 2020-06-10 19:16:30 --> Could not find the language line "Đóng"
ERROR - 2020-06-10 19:16:30 --> Could not find the language line "Xác Nhận"
ERROR - 2020-06-10 19:16:30 --> Could not find the language line "Đóng"
ERROR - 2020-06-10 19:16:30 --> Could not find the language line "Xác Nhận"
ERROR - 2020-06-10 19:16:30 --> Could not find the language line "Đóng"
ERROR - 2020-06-10 19:16:30 --> Could not find the language line "Tải"
ERROR - 2020-06-10 19:16:39 --> Could not find the language line "Tạo Điểm Lấy Hàng"
ERROR - 2020-06-10 19:16:39 --> Could not find the language line "Tạo Đơn Hàng"
ERROR - 2020-06-10 19:16:39 --> Could not find the language line "Tải Excel"
ERROR - 2020-06-10 19:16:39 --> Could not find the language line "Đóng"
ERROR - 2020-06-10 19:16:39 --> Could not find the language line "Xác Nhận"
ERROR - 2020-06-10 19:16:39 --> Severity: Warning --> Invalid argument supplied for foreach() /home/admin/domains/spshd.com/public_html/khachhang/application/views/app.php 162
ERROR - 2020-06-10 19:16:40 --> Severity: Warning --> Invalid argument supplied for foreach() /home/admin/domains/spshd.com/public_html/khachhang/application/views/app.php 173
ERROR - 2020-06-10 19:16:40 --> Could not find the language line "Đóng"
ERROR - 2020-06-10 19:16:40 --> Could not find the language line "Xác Nhận"
ERROR - 2020-06-10 19:16:40 --> Could not find the language line "Đóng"
ERROR - 2020-06-10 19:16:40 --> Could not find the language line "Xác Nhận"
ERROR - 2020-06-10 19:16:40 --> Could not find the language line "Đóng"
ERROR - 2020-06-10 19:16:40 --> Could not find the language line "Tải"
ERROR - 2020-06-10 19:21:01 --> Could not find the language line "Tạo Điểm Lấy Hàng"
ERROR - 2020-06-10 19:21:01 --> Could not find the language line "Tạo Đơn Hàng"
ERROR - 2020-06-10 19:21:01 --> Could not find the language line "Tải Excel"
ERROR - 2020-06-10 19:21:01 --> Could not find the language line "Đóng"
ERROR - 2020-06-10 19:21:01 --> Could not find the language line "Xác Nhận"
ERROR - 2020-06-10 19:21:01 --> Severity: Warning --> Invalid argument supplied for foreach() /home/admin/domains/spshd.com/public_html/khachhang/application/views/app.php 162
ERROR - 2020-06-10 19:21:01 --> Severity: Warning --> Invalid argument supplied for foreach() /home/admin/domains/spshd.com/public_html/khachhang/application/views/app.php 173
ERROR - 2020-06-10 19:21:01 --> Could not find the language line "Đóng"
ERROR - 2020-06-10 19:21:01 --> Could not find the language line "Xác Nhận"
ERROR - 2020-06-10 19:21:01 --> Could not find the language line "Đóng"
ERROR - 2020-06-10 19:21:01 --> Could not find the language line "Xác Nhận"
ERROR - 2020-06-10 19:21:01 --> Could not find the language line "Đóng"
ERROR - 2020-06-10 19:21:01 --> Could not find the language line "Tải"
ERROR - 2020-06-10 19:34:05 --> Could not find the language line "Tạo Điểm Lấy Hàng"
ERROR - 2020-06-10 19:34:05 --> Could not find the language line "Tạo Đơn Hàng"
ERROR - 2020-06-10 19:34:05 --> Could not find the language line "Tải Excel"
ERROR - 2020-06-10 19:34:05 --> Could not find the language line "Đóng"
ERROR - 2020-06-10 19:34:05 --> Could not find the language line "Xác Nhận"
ERROR - 2020-06-10 19:34:05 --> Severity: Warning --> Invalid argument supplied for foreach() /home/admin/domains/spshd.com/public_html/khachhang/application/views/app.php 162
ERROR - 2020-06-10 19:34:05 --> Severity: Warning --> Invalid argument supplied for foreach() /home/admin/domains/spshd.com/public_html/khachhang/application/views/app.php 173
ERROR - 2020-06-10 19:34:05 --> Could not find the language line "Đóng"
ERROR - 2020-06-10 19:34:05 --> Could not find the language line "Xác Nhận"
ERROR - 2020-06-10 19:34:05 --> Could not find the language line "Đóng"
ERROR - 2020-06-10 19:34:05 --> Could not find the language line "Xác Nhận"
ERROR - 2020-06-10 19:34:05 --> Could not find the language line "Đóng"
ERROR - 2020-06-10 19:34:05 --> Could not find the language line "Tải"
ERROR - 2020-06-10 19:34:36 --> Could not find the language line "Tạo Điểm Lấy Hàng"
ERROR - 2020-06-10 19:34:36 --> Could not find the language line "Tạo Đơn Hàng"
ERROR - 2020-06-10 19:34:36 --> Could not find the language line "Tải Excel"
ERROR - 2020-06-10 19:34:36 --> Could not find the language line "Đóng"
ERROR - 2020-06-10 19:34:36 --> Could not find the language line "Xác Nhận"
ERROR - 2020-06-10 19:34:36 --> Severity: Warning --> Invalid argument supplied for foreach() /home/admin/domains/spshd.com/public_html/khachhang/application/views/app.php 162
ERROR - 2020-06-10 19:34:36 --> Severity: Warning --> Invalid argument supplied for foreach() /home/admin/domains/spshd.com/public_html/khachhang/application/views/app.php 173
ERROR - 2020-06-10 19:34:36 --> Could not find the language line "Đóng"
ERROR - 2020-06-10 19:34:36 --> Could not find the language line "Xác Nhận"
ERROR - 2020-06-10 19:34:36 --> Could not find the language line "Đóng"
ERROR - 2020-06-10 19:34:36 --> Could not find the language line "Xác Nhận"
ERROR - 2020-06-10 19:34:36 --> Could not find the language line "Đóng"
ERROR - 2020-06-10 19:34:36 --> Could not find the language line "Tải"
ERROR - 2020-06-10 19:35:47 --> Could not find the language line "Tạo Điểm Lấy Hàng"
ERROR - 2020-06-10 19:35:47 --> Could not find the language line "Tạo Đơn Hàng"
ERROR - 2020-06-10 19:35:47 --> Could not find the language line "Tải Excel"
ERROR - 2020-06-10 19:35:47 --> Could not find the language line "Đóng"
ERROR - 2020-06-10 19:35:47 --> Could not find the language line "Xác Nhận"
ERROR - 2020-06-10 19:35:47 --> Severity: Warning --> Invalid argument supplied for foreach() /home/admin/domains/spshd.com/public_html/khachhang/application/views/app.php 162
ERROR - 2020-06-10 19:35:47 --> Severity: Warning --> Invalid argument supplied for foreach() /home/admin/domains/spshd.com/public_html/khachhang/application/views/app.php 173
ERROR - 2020-06-10 19:35:47 --> Could not find the language line "Đóng"
ERROR - 2020-06-10 19:35:47 --> Could not find the language line "Xác Nhận"
ERROR - 2020-06-10 19:35:47 --> Could not find the language line "Đóng"
ERROR - 2020-06-10 19:35:47 --> Could not find the language line "Xác Nhận"
ERROR - 2020-06-10 19:35:47 --> Could not find the language line "Đóng"
ERROR - 2020-06-10 19:35:47 --> Could not find the language line "Tải"
ERROR - 2020-06-10 19:36:45 --> Could not find the language line "Tạo Điểm Lấy Hàng"
ERROR - 2020-06-10 19:36:45 --> Could not find the language line "Tạo Đơn Hàng"
ERROR - 2020-06-10 19:36:45 --> Could not find the language line "Tải Excel"
ERROR - 2020-06-10 19:36:45 --> Could not find the language line "Đóng"
ERROR - 2020-06-10 19:36:45 --> Could not find the language line "Xác Nhận"
ERROR - 2020-06-10 19:36:45 --> Severity: Warning --> Invalid argument supplied for foreach() /home/admin/domains/spshd.com/public_html/khachhang/application/views/app.php 162
ERROR - 2020-06-10 19:36:45 --> Severity: Warning --> Invalid argument supplied for foreach() /home/admin/domains/spshd.com/public_html/khachhang/application/views/app.php 173
ERROR - 2020-06-10 19:36:45 --> Could not find the language line "Đóng"
ERROR - 2020-06-10 19:36:45 --> Could not find the language line "Xác Nhận"
ERROR - 2020-06-10 19:36:45 --> Could not find the language line "Đóng"
ERROR - 2020-06-10 19:36:45 --> Could not find the language line "Xác Nhận"
ERROR - 2020-06-10 19:36:45 --> Could not find the language line "Đóng"
ERROR - 2020-06-10 19:36:45 --> Could not find the language line "Tải"
ERROR - 2020-06-10 14:18:32 --> Could not find the language line "Email"
ERROR - 2020-06-10 14:18:32 --> Could not find the language line "password"
ERROR - 2020-06-10 20:19:24 --> Could not find the language line "Tạo Điểm Lấy Hàng"
ERROR - 2020-06-10 20:19:24 --> Could not find the language line "Tạo Đơn Hàng"
ERROR - 2020-06-10 20:19:24 --> Could not find the language line "Tải Excel"
ERROR - 2020-06-10 20:19:24 --> Could not find the language line "Đóng"
ERROR - 2020-06-10 20:19:24 --> Could not find the language line "Xác Nhận"
ERROR - 2020-06-10 20:19:24 --> Severity: Warning --> Invalid argument supplied for foreach() /home/admin/domains/spshd.com/public_html/khachhang/application/views/app.php 162
ERROR - 2020-06-10 20:19:24 --> Severity: Warning --> Invalid argument supplied for foreach() /home/admin/domains/spshd.com/public_html/khachhang/application/views/app.php 173
ERROR - 2020-06-10 20:19:24 --> Could not find the language line "Đóng"
ERROR - 2020-06-10 20:19:24 --> Could not find the language line "Xác Nhận"
ERROR - 2020-06-10 20:19:24 --> Could not find the language line "Đóng"
ERROR - 2020-06-10 20:19:24 --> Could not find the language line "Xác Nhận"
ERROR - 2020-06-10 20:19:24 --> Could not find the language line "Đóng"
ERROR - 2020-06-10 20:19:24 --> Could not find the language line "Tải"
ERROR - 2020-06-10 14:57:45 --> Could not find the language line "Email"
ERROR - 2020-06-10 14:57:45 --> Could not find the language line "password"
ERROR - 2020-06-10 21:38:35 --> Could not find the language line "Tạo Điểm Lấy Hàng"
ERROR - 2020-06-10 21:38:35 --> Could not find the language line "Tạo Đơn Hàng"
ERROR - 2020-06-10 21:38:35 --> Could not find the language line "Tải Excel"
ERROR - 2020-06-10 21:38:35 --> Could not find the language line "Đóng"
ERROR - 2020-06-10 21:38:35 --> Could not find the language line "Xác Nhận"
ERROR - 2020-06-10 21:38:35 --> Severity: Warning --> Invalid argument supplied for foreach() /home/admin/domains/spshd.com/public_html/khachhang/application/views/app.php 162
ERROR - 2020-06-10 21:38:35 --> Severity: Warning --> Invalid argument supplied for foreach() /home/admin/domains/spshd.com/public_html/khachhang/application/views/app.php 173
ERROR - 2020-06-10 21:38:35 --> Could not find the language line "Đóng"
ERROR - 2020-06-10 21:38:35 --> Could not find the language line "Xác Nhận"
ERROR - 2020-06-10 21:38:35 --> Could not find the language line "Đóng"
ERROR - 2020-06-10 21:38:35 --> Could not find the language line "Xác Nhận"
ERROR - 2020-06-10 21:38:35 --> Could not find the language line "Đóng"
ERROR - 2020-06-10 21:38:35 --> Could not find the language line "Tải"
ERROR - 2020-06-10 21:38:35 --> Could not find the language line "Tạo Điểm Lấy Hàng"
ERROR - 2020-06-10 21:38:35 --> Could not find the language line "Tạo Đơn Hàng"
ERROR - 2020-06-10 21:38:35 --> Could not find the language line "Tải Excel"
ERROR - 2020-06-10 21:38:35 --> Could not find the language line "Đóng"
ERROR - 2020-06-10 21:38:35 --> Could not find the language line "Xác Nhận"
ERROR - 2020-06-10 21:38:35 --> Severity: Warning --> Invalid argument supplied for foreach() /home/admin/domains/spshd.com/public_html/khachhang/application/views/app.php 162
ERROR - 2020-06-10 21:38:35 --> Severity: Warning --> Invalid argument supplied for foreach() /home/admin/domains/spshd.com/public_html/khachhang/application/views/app.php 173
ERROR - 2020-06-10 21:38:35 --> Could not find the language line "Đóng"
ERROR - 2020-06-10 21:38:35 --> Could not find the language line "Xác Nhận"
ERROR - 2020-06-10 21:38:35 --> Could not find the language line "Đóng"
ERROR - 2020-06-10 21:38:35 --> Could not find the language line "Xác Nhận"
ERROR - 2020-06-10 21:38:35 --> Could not find the language line "Đóng"
ERROR - 2020-06-10 21:38:35 --> Could not find the language line "Tải"
ERROR - 2020-06-10 23:14:56 --> Could not find the language line "Tạo Điểm Lấy Hàng"
ERROR - 2020-06-10 23:14:56 --> Could not find the language line "Tạo Đơn Hàng"
ERROR - 2020-06-10 23:14:56 --> Could not find the language line "Tải Excel"
ERROR - 2020-06-10 23:14:56 --> Could not find the language line "Đóng"
ERROR - 2020-06-10 23:14:56 --> Could not find the language line "Xác Nhận"
ERROR - 2020-06-10 23:14:56 --> Severity: Warning --> Invalid argument supplied for foreach() /home/admin/domains/spshd.com/public_html/khachhang/application/views/app.php 162
ERROR - 2020-06-10 23:14:56 --> Severity: Warning --> Invalid argument supplied for foreach() /home/admin/domains/spshd.com/public_html/khachhang/application/views/app.php 173
ERROR - 2020-06-10 23:14:56 --> Could not find the language line "Đóng"
ERROR - 2020-06-10 23:14:56 --> Could not find the language line "Xác Nhận"
ERROR - 2020-06-10 23:14:56 --> Could not find the language line "Đóng"
ERROR - 2020-06-10 23:14:56 --> Could not find the language line "Xác Nhận"
ERROR - 2020-06-10 23:14:56 --> Could not find the language line "Đóng"
ERROR - 2020-06-10 23:14:56 --> Could not find the language line "Tải"
