ERROR - 2020-04-12 08:00:44 --> Could not find the language line "Tạo Điểm Lấy Hàng"
ERROR - 2020-04-12 08:00:44 --> Could not find the language line "Tạo Đơn Hàng"
ERROR - 2020-04-12 08:00:44 --> Could not find the language line "Đóng"
ERROR - 2020-04-12 08:00:44 --> Could not find the language line "Xác Nhận"
ERROR - 2020-04-12 08:00:44 --> Severity: Warning --> Invalid argument supplied for foreach() /home/admin/domains/spshd.com/public_html/khachhang/application/views/app.php 161
ERROR - 2020-04-12 08:00:44 --> Severity: Warning --> Invalid argument supplied for foreach() /home/admin/domains/spshd.com/public_html/khachhang/application/views/app.php 172
ERROR - 2020-04-12 08:00:44 --> Could not find the language line "Đóng"
ERROR - 2020-04-12 08:00:44 --> Could not find the language line "Xác Nhận"
ERROR - 2020-04-12 08:00:44 --> Could not find the language line "Đóng"
ERROR - 2020-04-12 08:00:44 --> Could not find the language line "Xác Nhận"
ERROR - 2020-04-12 08:25:55 --> Could not find the language line "Tạo Điểm Lấy Hàng"
ERROR - 2020-04-12 08:25:55 --> Could not find the language line "Tạo Đơn Hàng"
ERROR - 2020-04-12 08:25:55 --> Could not find the language line "Đóng"
ERROR - 2020-04-12 08:25:55 --> Could not find the language line "Xác Nhận"
ERROR - 2020-04-12 08:25:55 --> Severity: Warning --> Invalid argument supplied for foreach() /home/admin/domains/spshd.com/public_html/khachhang/application/views/app.php 161
ERROR - 2020-04-12 08:25:55 --> Severity: Warning --> Invalid argument supplied for foreach() /home/admin/domains/spshd.com/public_html/khachhang/application/views/app.php 172
ERROR - 2020-04-12 08:25:55 --> Could not find the language line "Đóng"
ERROR - 2020-04-12 08:25:55 --> Could not find the language line "Xác Nhận"
ERROR - 2020-04-12 08:25:55 --> Could not find the language line "Đóng"
ERROR - 2020-04-12 08:25:55 --> Could not find the language line "Xác Nhận"
ERROR - 2020-04-12 10:56:08 --> Could not find the language line "Tạo Điểm Lấy Hàng"
ERROR - 2020-04-12 10:56:08 --> Could not find the language line "Tạo Đơn Hàng"
ERROR - 2020-04-12 10:56:08 --> Could not find the language line "Đóng"
ERROR - 2020-04-12 10:56:08 --> Could not find the language line "Xác Nhận"
ERROR - 2020-04-12 10:56:08 --> Severity: Warning --> Invalid argument supplied for foreach() /home/admin/domains/spshd.com/public_html/khachhang/application/views/app.php 161
ERROR - 2020-04-12 10:56:08 --> Severity: Warning --> Invalid argument supplied for foreach() /home/admin/domains/spshd.com/public_html/khachhang/application/views/app.php 172
ERROR - 2020-04-12 10:56:08 --> Could not find the language line "Đóng"
ERROR - 2020-04-12 10:56:08 --> Could not find the language line "Xác Nhận"
ERROR - 2020-04-12 10:56:08 --> Could not find the language line "Đóng"
ERROR - 2020-04-12 10:56:08 --> Could not find the language line "Xác Nhận"
ERROR - 2020-04-12 06:07:03 --> Could not find the language line "Email"
ERROR - 2020-04-12 06:07:03 --> Could not find the language line "password"
ERROR - 2020-04-12 12:19:55 --> Could not find the language line "Tạo Điểm Lấy Hàng"
ERROR - 2020-04-12 12:19:55 --> Could not find the language line "Tạo Đơn Hàng"
ERROR - 2020-04-12 12:19:55 --> Could not find the language line "Đóng"
ERROR - 2020-04-12 12:19:55 --> Could not find the language line "Xác Nhận"
ERROR - 2020-04-12 12:19:55 --> Severity: Warning --> Invalid argument supplied for foreach() /home/admin/domains/spshd.com/public_html/khachhang/application/views/app.php 161
ERROR - 2020-04-12 12:19:55 --> Severity: Warning --> Invalid argument supplied for foreach() /home/admin/domains/spshd.com/public_html/khachhang/application/views/app.php 172
ERROR - 2020-04-12 12:19:55 --> Could not find the language line "Đóng"
ERROR - 2020-04-12 12:19:55 --> Could not find the language line "Xác Nhận"
ERROR - 2020-04-12 12:19:55 --> Could not find the language line "Đóng"
ERROR - 2020-04-12 12:19:55 --> Could not find the language line "Xác Nhận"
ERROR - 2020-04-12 12:19:55 --> Could not find the language line "Tạo Điểm Lấy Hàng"
ERROR - 2020-04-12 12:19:55 --> Could not find the language line "Tạo Đơn Hàng"
ERROR - 2020-04-12 12:19:55 --> Could not find the language line "Đóng"
ERROR - 2020-04-12 12:19:55 --> Could not find the language line "Xác Nhận"
ERROR - 2020-04-12 12:19:55 --> Severity: Warning --> Invalid argument supplied for foreach() /home/admin/domains/spshd.com/public_html/khachhang/application/views/app.php 161
ERROR - 2020-04-12 12:19:55 --> Severity: Warning --> Invalid argument supplied for foreach() /home/admin/domains/spshd.com/public_html/khachhang/application/views/app.php 172
ERROR - 2020-04-12 12:19:55 --> Could not find the language line "Đóng"
ERROR - 2020-04-12 12:19:55 --> Could not find the language line "Xác Nhận"
ERROR - 2020-04-12 12:19:55 --> Could not find the language line "Đóng"
ERROR - 2020-04-12 12:19:55 --> Could not find the language line "Xác Nhận"
ERROR - 2020-04-12 13:50:01 --> Could not find the language line "Tạo Điểm Lấy Hàng"
ERROR - 2020-04-12 13:50:01 --> Could not find the language line "Tạo Đơn Hàng"
ERROR - 2020-04-12 13:50:01 --> Could not find the language line "Đóng"
ERROR - 2020-04-12 13:50:01 --> Could not find the language line "Xác Nhận"
ERROR - 2020-04-12 13:50:01 --> Severity: Warning --> Invalid argument supplied for foreach() /home/admin/domains/spshd.com/public_html/khachhang/application/views/app.php 161
ERROR - 2020-04-12 13:50:01 --> Severity: Warning --> Invalid argument supplied for foreach() /home/admin/domains/spshd.com/public_html/khachhang/application/views/app.php 172
ERROR - 2020-04-12 13:50:01 --> Could not find the language line "Đóng"
ERROR - 2020-04-12 13:50:01 --> Could not find the language line "Xác Nhận"
ERROR - 2020-04-12 13:50:01 --> Could not find the language line "Đóng"
ERROR - 2020-04-12 13:50:01 --> Could not find the language line "Xác Nhận"
ERROR - 2020-04-12 13:54:41 --> Could not find the language line "Tạo Điểm Lấy Hàng"
ERROR - 2020-04-12 13:54:41 --> Could not find the language line "Tạo Đơn Hàng"
ERROR - 2020-04-12 13:54:41 --> Could not find the language line "Đóng"
ERROR - 2020-04-12 13:54:41 --> Could not find the language line "Xác Nhận"
ERROR - 2020-04-12 13:54:41 --> Severity: Warning --> Invalid argument supplied for foreach() /home/admin/domains/spshd.com/public_html/khachhang/application/views/app.php 161
ERROR - 2020-04-12 13:54:41 --> Severity: Warning --> Invalid argument supplied for foreach() /home/admin/domains/spshd.com/public_html/khachhang/application/views/app.php 172
ERROR - 2020-04-12 13:54:41 --> Could not find the language line "Đóng"
ERROR - 2020-04-12 13:54:41 --> Could not find the language line "Xác Nhận"
ERROR - 2020-04-12 13:54:41 --> Could not find the language line "Đóng"
ERROR - 2020-04-12 13:54:41 --> Could not find the language line "Xác Nhận"
ERROR - 2020-04-12 14:45:34 --> Could not find the language line "Tạo Điểm Lấy Hàng"
ERROR - 2020-04-12 14:45:34 --> Could not find the language line "Tạo Đơn Hàng"
ERROR - 2020-04-12 14:45:34 --> Could not find the language line "Đóng"
ERROR - 2020-04-12 14:45:34 --> Could not find the language line "Xác Nhận"
ERROR - 2020-04-12 14:45:34 --> Severity: Warning --> Invalid argument supplied for foreach() /home/admin/domains/spshd.com/public_html/khachhang/application/views/app.php 161
ERROR - 2020-04-12 14:45:34 --> Severity: Warning --> Invalid argument supplied for foreach() /home/admin/domains/spshd.com/public_html/khachhang/application/views/app.php 172
ERROR - 2020-04-12 14:45:34 --> Could not find the language line "Đóng"
ERROR - 2020-04-12 14:45:34 --> Could not find the language line "Xác Nhận"
ERROR - 2020-04-12 14:45:34 --> Could not find the language line "Đóng"
ERROR - 2020-04-12 14:45:34 --> Could not find the language line "Xác Nhận"
ERROR - 2020-04-12 09:04:41 --> Could not find the language line "Email"
ERROR - 2020-04-12 09:04:41 --> Could not find the language line "password"
ERROR - 2020-04-12 15:31:25 --> Could not find the language line "Tạo Điểm Lấy Hàng"
ERROR - 2020-04-12 15:31:25 --> Could not find the language line "Tạo Đơn Hàng"
ERROR - 2020-04-12 15:31:25 --> Could not find the language line "Đóng"
ERROR - 2020-04-12 15:31:25 --> Could not find the language line "Xác Nhận"
ERROR - 2020-04-12 15:31:25 --> Severity: Warning --> Invalid argument supplied for foreach() /home/admin/domains/spshd.com/public_html/khachhang/application/views/app.php 161
ERROR - 2020-04-12 15:31:25 --> Severity: Warning --> Invalid argument supplied for foreach() /home/admin/domains/spshd.com/public_html/khachhang/application/views/app.php 172
ERROR - 2020-04-12 15:31:25 --> Could not find the language line "Đóng"
ERROR - 2020-04-12 15:31:25 --> Could not find the language line "Xác Nhận"
ERROR - 2020-04-12 15:31:25 --> Could not find the language line "Đóng"
ERROR - 2020-04-12 15:31:25 --> Could not find the language line "Xác Nhận"
ERROR - 2020-04-12 15:31:27 --> Could not find the language line "Tạo Điểm Lấy Hàng"
ERROR - 2020-04-12 15:31:27 --> Could not find the language line "Tạo Đơn Hàng"
ERROR - 2020-04-12 15:31:27 --> Could not find the language line "Đóng"
ERROR - 2020-04-12 15:31:27 --> Could not find the language line "Xác Nhận"
ERROR - 2020-04-12 15:31:27 --> Severity: Warning --> Invalid argument supplied for foreach() /home/admin/domains/spshd.com/public_html/khachhang/application/views/app.php 161
ERROR - 2020-04-12 15:31:27 --> Severity: Warning --> Invalid argument supplied for foreach() /home/admin/domains/spshd.com/public_html/khachhang/application/views/app.php 172
ERROR - 2020-04-12 15:31:27 --> Could not find the language line "Đóng"
ERROR - 2020-04-12 15:31:27 --> Could not find the language line "Xác Nhận"
ERROR - 2020-04-12 15:31:27 --> Could not find the language line "Đóng"
ERROR - 2020-04-12 15:31:27 --> Could not find the language line "Xác Nhận"
ERROR - 2020-04-12 15:36:32 --> Could not find the language line "Tạo Điểm Lấy Hàng"
ERROR - 2020-04-12 15:36:32 --> Could not find the language line "Tạo Đơn Hàng"
ERROR - 2020-04-12 15:36:32 --> Could not find the language line "Đóng"
ERROR - 2020-04-12 15:36:32 --> Could not find the language line "Xác Nhận"
ERROR - 2020-04-12 15:36:32 --> Severity: Warning --> Invalid argument supplied for foreach() /home/admin/domains/spshd.com/public_html/khachhang/application/views/app.php 161
ERROR - 2020-04-12 15:36:32 --> Severity: Warning --> Invalid argument supplied for foreach() /home/admin/domains/spshd.com/public_html/khachhang/application/views/app.php 172
ERROR - 2020-04-12 15:36:32 --> Could not find the language line "Đóng"
ERROR - 2020-04-12 15:36:32 --> Could not find the language line "Xác Nhận"
ERROR - 2020-04-12 15:36:32 --> Could not find the language line "Đóng"
ERROR - 2020-04-12 15:36:32 --> Could not find the language line "Xác Nhận"
ERROR - 2020-04-12 15:36:32 --> Could not find the language line "Tạo Điểm Lấy Hàng"
ERROR - 2020-04-12 15:36:32 --> Could not find the language line "Tạo Đơn Hàng"
ERROR - 2020-04-12 15:36:32 --> Could not find the language line "Đóng"
ERROR - 2020-04-12 15:36:32 --> Could not find the language line "Xác Nhận"
ERROR - 2020-04-12 15:36:32 --> Severity: Warning --> Invalid argument supplied for foreach() /home/admin/domains/spshd.com/public_html/khachhang/application/views/app.php 161
ERROR - 2020-04-12 15:36:32 --> Severity: Warning --> Invalid argument supplied for foreach() /home/admin/domains/spshd.com/public_html/khachhang/application/views/app.php 172
ERROR - 2020-04-12 15:36:32 --> Could not find the language line "Đóng"
ERROR - 2020-04-12 15:36:32 --> Could not find the language line "Xác Nhận"
ERROR - 2020-04-12 15:36:32 --> Could not find the language line "Đóng"
ERROR - 2020-04-12 15:36:32 --> Could not find the language line "Xác Nhận"
ERROR - 2020-04-12 15:36:41 --> Could not find the language line "Tạo Điểm Lấy Hàng"
ERROR - 2020-04-12 15:36:41 --> Could not find the language line "Tạo Đơn Hàng"
ERROR - 2020-04-12 15:36:41 --> Could not find the language line "Đóng"
ERROR - 2020-04-12 15:36:41 --> Could not find the language line "Xác Nhận"
ERROR - 2020-04-12 15:36:41 --> Severity: Warning --> Invalid argument supplied for foreach() /home/admin/domains/spshd.com/public_html/khachhang/application/views/app.php 161
ERROR - 2020-04-12 15:36:41 --> Severity: Warning --> Invalid argument supplied for foreach() /home/admin/domains/spshd.com/public_html/khachhang/application/views/app.php 172
ERROR - 2020-04-12 15:36:41 --> Could not find the language line "Đóng"
ERROR - 2020-04-12 15:36:41 --> Could not find the language line "Xác Nhận"
ERROR - 2020-04-12 15:36:41 --> Could not find the language line "Đóng"
ERROR - 2020-04-12 15:36:41 --> Could not find the language line "Xác Nhận"
ERROR - 2020-04-12 15:36:42 --> Could not find the language line "Tạo Điểm Lấy Hàng"
ERROR - 2020-04-12 15:36:42 --> Could not find the language line "Tạo Đơn Hàng"
ERROR - 2020-04-12 15:36:42 --> Could not find the language line "Đóng"
ERROR - 2020-04-12 15:36:42 --> Could not find the language line "Xác Nhận"
ERROR - 2020-04-12 15:36:42 --> Severity: Warning --> Invalid argument supplied for foreach() /home/admin/domains/spshd.com/public_html/khachhang/application/views/app.php 161
ERROR - 2020-04-12 15:36:42 --> Severity: Warning --> Invalid argument supplied for foreach() /home/admin/domains/spshd.com/public_html/khachhang/application/views/app.php 172
ERROR - 2020-04-12 15:36:42 --> Could not find the language line "Đóng"
ERROR - 2020-04-12 15:36:42 --> Could not find the language line "Xác Nhận"
ERROR - 2020-04-12 15:36:42 --> Could not find the language line "Đóng"
ERROR - 2020-04-12 15:36:42 --> Could not find the language line "Xác Nhận"
ERROR - 2020-04-12 16:27:53 --> Could not find the language line "Tạo Điểm Lấy Hàng"
ERROR - 2020-04-12 16:27:53 --> Could not find the language line "Tạo Đơn Hàng"
ERROR - 2020-04-12 16:27:53 --> Could not find the language line "Đóng"
ERROR - 2020-04-12 16:27:53 --> Could not find the language line "Xác Nhận"
ERROR - 2020-04-12 16:27:53 --> Severity: Warning --> Invalid argument supplied for foreach() /home/admin/domains/spshd.com/public_html/khachhang/application/views/app.php 161
ERROR - 2020-04-12 16:27:53 --> Severity: Warning --> Invalid argument supplied for foreach() /home/admin/domains/spshd.com/public_html/khachhang/application/views/app.php 172
ERROR - 2020-04-12 16:27:53 --> Could not find the language line "Đóng"
ERROR - 2020-04-12 16:27:53 --> Could not find the language line "Xác Nhận"
ERROR - 2020-04-12 16:27:53 --> Could not find the language line "Đóng"
ERROR - 2020-04-12 16:27:53 --> Could not find the language line "Xác Nhận"
ERROR - 2020-04-12 10:34:54 --> Could not find the language line "Email"
ERROR - 2020-04-12 10:34:54 --> Could not find the language line "password"
ERROR - 2020-04-12 17:15:49 --> Could not find the language line "Tạo Điểm Lấy Hàng"
ERROR - 2020-04-12 17:15:49 --> Could not find the language line "Tạo Đơn Hàng"
ERROR - 2020-04-12 17:15:49 --> Could not find the language line "Đóng"
ERROR - 2020-04-12 17:15:49 --> Could not find the language line "Xác Nhận"
ERROR - 2020-04-12 17:15:49 --> Severity: Warning --> Invalid argument supplied for foreach() /home/admin/domains/spshd.com/public_html/khachhang/application/views/app.php 161
ERROR - 2020-04-12 17:15:49 --> Severity: Warning --> Invalid argument supplied for foreach() /home/admin/domains/spshd.com/public_html/khachhang/application/views/app.php 172
ERROR - 2020-04-12 17:15:49 --> Could not find the language line "Đóng"
ERROR - 2020-04-12 17:15:49 --> Could not find the language line "Xác Nhận"
ERROR - 2020-04-12 17:15:49 --> Could not find the language line "Đóng"
ERROR - 2020-04-12 17:15:49 --> Could not find the language line "Xác Nhận"
ERROR - 2020-04-12 17:17:11 --> Could not find the language line "Tạo Điểm Lấy Hàng"
ERROR - 2020-04-12 17:17:11 --> Could not find the language line "Tạo Đơn Hàng"
ERROR - 2020-04-12 17:17:11 --> Could not find the language line "Đóng"
ERROR - 2020-04-12 17:17:11 --> Could not find the language line "Xác Nhận"
ERROR - 2020-04-12 17:17:11 --> Severity: Warning --> Invalid argument supplied for foreach() /home/admin/domains/spshd.com/public_html/khachhang/application/views/app.php 161
ERROR - 2020-04-12 17:17:11 --> Severity: Warning --> Invalid argument supplied for foreach() /home/admin/domains/spshd.com/public_html/khachhang/application/views/app.php 172
ERROR - 2020-04-12 17:17:11 --> Could not find the language line "Đóng"
ERROR - 2020-04-12 17:17:11 --> Could not find the language line "Xác Nhận"
ERROR - 2020-04-12 17:17:11 --> Could not find the language line "Đóng"
ERROR - 2020-04-12 17:17:11 --> Could not find the language line "Xác Nhận"
ERROR - 2020-04-12 18:22:58 --> Could not find the language line "Tạo Điểm Lấy Hàng"
ERROR - 2020-04-12 18:22:58 --> Could not find the language line "Tạo Đơn Hàng"
ERROR - 2020-04-12 18:22:58 --> Could not find the language line "Đóng"
ERROR - 2020-04-12 18:22:58 --> Could not find the language line "Xác Nhận"
ERROR - 2020-04-12 18:22:58 --> Severity: Warning --> Invalid argument supplied for foreach() /home/admin/domains/spshd.com/public_html/khachhang/application/views/app.php 161
ERROR - 2020-04-12 18:22:58 --> Severity: Warning --> Invalid argument supplied for foreach() /home/admin/domains/spshd.com/public_html/khachhang/application/views/app.php 172
ERROR - 2020-04-12 18:22:58 --> Could not find the language line "Đóng"
ERROR - 2020-04-12 18:22:58 --> Could not find the language line "Xác Nhận"
ERROR - 2020-04-12 18:22:58 --> Could not find the language line "Đóng"
ERROR - 2020-04-12 18:22:58 --> Could not find the language line "Xác Nhận"
ERROR - 2020-04-12 18:50:47 --> Could not find the language line "Tạo Điểm Lấy Hàng"
ERROR - 2020-04-12 18:50:47 --> Could not find the language line "Tạo Đơn Hàng"
ERROR - 2020-04-12 18:50:47 --> Could not find the language line "Đóng"
ERROR - 2020-04-12 18:50:47 --> Could not find the language line "Xác Nhận"
ERROR - 2020-04-12 18:50:47 --> Severity: Warning --> Invalid argument supplied for foreach() /home/admin/domains/spshd.com/public_html/khachhang/application/views/app.php 161
ERROR - 2020-04-12 18:50:47 --> Severity: Warning --> Invalid argument supplied for foreach() /home/admin/domains/spshd.com/public_html/khachhang/application/views/app.php 172
ERROR - 2020-04-12 18:50:47 --> Could not find the language line "Đóng"
ERROR - 2020-04-12 18:50:47 --> Could not find the language line "Xác Nhận"
ERROR - 2020-04-12 18:50:47 --> Could not find the language line "Đóng"
ERROR - 2020-04-12 18:50:47 --> Could not find the language line "Xác Nhận"
ERROR - 2020-04-12 18:55:53 --> Could not find the language line "Tạo Điểm Lấy Hàng"
ERROR - 2020-04-12 18:55:53 --> Could not find the language line "Tạo Đơn Hàng"
ERROR - 2020-04-12 18:55:53 --> Could not find the language line "Đóng"
ERROR - 2020-04-12 18:55:53 --> Could not find the language line "Xác Nhận"
ERROR - 2020-04-12 18:55:53 --> Severity: Warning --> Invalid argument supplied for foreach() /home/admin/domains/spshd.com/public_html/khachhang/application/views/app.php 161
ERROR - 2020-04-12 18:55:53 --> Severity: Warning --> Invalid argument supplied for foreach() /home/admin/domains/spshd.com/public_html/khachhang/application/views/app.php 172
ERROR - 2020-04-12 18:55:53 --> Could not find the language line "Đóng"
ERROR - 2020-04-12 18:55:53 --> Could not find the language line "Xác Nhận"
ERROR - 2020-04-12 18:55:53 --> Could not find the language line "Đóng"
ERROR - 2020-04-12 18:55:53 --> Could not find the language line "Xác Nhận"
ERROR - 2020-04-12 18:55:53 --> Could not find the language line "Tạo Điểm Lấy Hàng"
ERROR - 2020-04-12 18:55:53 --> Could not find the language line "Tạo Đơn Hàng"
ERROR - 2020-04-12 18:55:53 --> Could not find the language line "Đóng"
ERROR - 2020-04-12 18:55:53 --> Could not find the language line "Xác Nhận"
ERROR - 2020-04-12 18:55:53 --> Severity: Warning --> Invalid argument supplied for foreach() /home/admin/domains/spshd.com/public_html/khachhang/application/views/app.php 161
ERROR - 2020-04-12 18:55:53 --> Severity: Warning --> Invalid argument supplied for foreach() /home/admin/domains/spshd.com/public_html/khachhang/application/views/app.php 172
ERROR - 2020-04-12 18:55:53 --> Could not find the language line "Đóng"
ERROR - 2020-04-12 18:55:53 --> Could not find the language line "Xác Nhận"
ERROR - 2020-04-12 18:55:53 --> Could not find the language line "Đóng"
ERROR - 2020-04-12 18:55:53 --> Could not find the language line "Xác Nhận"
ERROR - 2020-04-12 18:59:55 --> Could not find the language line "Tạo Điểm Lấy Hàng"
ERROR - 2020-04-12 18:59:55 --> Could not find the language line "Tạo Đơn Hàng"
ERROR - 2020-04-12 18:59:55 --> Could not find the language line "Đóng"
ERROR - 2020-04-12 18:59:55 --> Could not find the language line "Xác Nhận"
ERROR - 2020-04-12 18:59:55 --> Severity: Warning --> Invalid argument supplied for foreach() /home/admin/domains/spshd.com/public_html/khachhang/application/views/app.php 161
ERROR - 2020-04-12 18:59:55 --> Severity: Warning --> Invalid argument supplied for foreach() /home/admin/domains/spshd.com/public_html/khachhang/application/views/app.php 172
ERROR - 2020-04-12 18:59:55 --> Could not find the language line "Đóng"
ERROR - 2020-04-12 18:59:55 --> Could not find the language line "Xác Nhận"
ERROR - 2020-04-12 18:59:55 --> Could not find the language line "Đóng"
ERROR - 2020-04-12 18:59:55 --> Could not find the language line "Xác Nhận"
ERROR - 2020-04-12 18:59:55 --> Could not find the language line "Tạo Điểm Lấy Hàng"
ERROR - 2020-04-12 18:59:55 --> Could not find the language line "Tạo Đơn Hàng"
ERROR - 2020-04-12 18:59:55 --> Could not find the language line "Đóng"
ERROR - 2020-04-12 18:59:55 --> Could not find the language line "Xác Nhận"
ERROR - 2020-04-12 18:59:55 --> Severity: Warning --> Invalid argument supplied for foreach() /home/admin/domains/spshd.com/public_html/khachhang/application/views/app.php 161
ERROR - 2020-04-12 18:59:55 --> Severity: Warning --> Invalid argument supplied for foreach() /home/admin/domains/spshd.com/public_html/khachhang/application/views/app.php 172
ERROR - 2020-04-12 18:59:55 --> Could not find the language line "Đóng"
ERROR - 2020-04-12 18:59:55 --> Could not find the language line "Xác Nhận"
ERROR - 2020-04-12 18:59:55 --> Could not find the language line "Đóng"
ERROR - 2020-04-12 18:59:55 --> Could not find the language line "Xác Nhận"
ERROR - 2020-04-12 19:04:28 --> Could not find the language line "Tạo Điểm Lấy Hàng"
ERROR - 2020-04-12 19:04:28 --> Could not find the language line "Tạo Đơn Hàng"
ERROR - 2020-04-12 19:04:28 --> Could not find the language line "Đóng"
ERROR - 2020-04-12 19:04:28 --> Could not find the language line "Xác Nhận"
ERROR - 2020-04-12 19:04:28 --> Severity: Warning --> Invalid argument supplied for foreach() /home/admin/domains/spshd.com/public_html/khachhang/application/views/app.php 161
ERROR - 2020-04-12 19:04:28 --> Severity: Warning --> Invalid argument supplied for foreach() /home/admin/domains/spshd.com/public_html/khachhang/application/views/app.php 172
ERROR - 2020-04-12 19:04:28 --> Could not find the language line "Đóng"
ERROR - 2020-04-12 19:04:28 --> Could not find the language line "Xác Nhận"
ERROR - 2020-04-12 19:04:28 --> Could not find the language line "Đóng"
ERROR - 2020-04-12 19:04:28 --> Could not find the language line "Xác Nhận"
ERROR - 2020-04-12 13:11:25 --> Could not find the language line "Email"
ERROR - 2020-04-12 13:11:25 --> Could not find the language line "password"
ERROR - 2020-04-12 20:02:42 --> Could not find the language line "Tạo Điểm Lấy Hàng"
ERROR - 2020-04-12 20:02:42 --> Could not find the language line "Tạo Đơn Hàng"
ERROR - 2020-04-12 20:02:42 --> Could not find the language line "Đóng"
ERROR - 2020-04-12 20:02:42 --> Could not find the language line "Xác Nhận"
ERROR - 2020-04-12 20:02:42 --> Severity: Warning --> Invalid argument supplied for foreach() /home/admin/domains/spshd.com/public_html/khachhang/application/views/app.php 161
ERROR - 2020-04-12 20:02:42 --> Severity: Warning --> Invalid argument supplied for foreach() /home/admin/domains/spshd.com/public_html/khachhang/application/views/app.php 172
ERROR - 2020-04-12 20:02:42 --> Could not find the language line "Đóng"
ERROR - 2020-04-12 20:02:42 --> Could not find the language line "Xác Nhận"
ERROR - 2020-04-12 20:02:42 --> Could not find the language line "Đóng"
ERROR - 2020-04-12 20:02:42 --> Could not find the language line "Xác Nhận"
ERROR - 2020-04-12 20:17:27 --> Could not find the language line "Tạo Điểm Lấy Hàng"
ERROR - 2020-04-12 20:17:27 --> Could not find the language line "Tạo Đơn Hàng"
ERROR - 2020-04-12 20:17:27 --> Could not find the language line "Đóng"
ERROR - 2020-04-12 20:17:27 --> Could not find the language line "Xác Nhận"
ERROR - 2020-04-12 20:17:27 --> Severity: Warning --> Invalid argument supplied for foreach() /home/admin/domains/spshd.com/public_html/khachhang/application/views/app.php 161
ERROR - 2020-04-12 20:17:27 --> Severity: Warning --> Invalid argument supplied for foreach() /home/admin/domains/spshd.com/public_html/khachhang/application/views/app.php 172
ERROR - 2020-04-12 20:17:27 --> Could not find the language line "Đóng"
ERROR - 2020-04-12 20:17:27 --> Could not find the language line "Xác Nhận"
ERROR - 2020-04-12 20:17:27 --> Could not find the language line "Đóng"
ERROR - 2020-04-12 20:17:27 --> Could not find the language line "Xác Nhận"
ERROR - 2020-04-12 20:17:29 --> Could not find the language line "Tạo Điểm Lấy Hàng"
ERROR - 2020-04-12 20:17:29 --> Could not find the language line "Tạo Đơn Hàng"
ERROR - 2020-04-12 20:17:29 --> Could not find the language line "Đóng"
ERROR - 2020-04-12 20:17:29 --> Could not find the language line "Xác Nhận"
ERROR - 2020-04-12 20:17:29 --> Severity: Warning --> Invalid argument supplied for foreach() /home/admin/domains/spshd.com/public_html/khachhang/application/views/app.php 161
ERROR - 2020-04-12 20:17:29 --> Severity: Warning --> Invalid argument supplied for foreach() /home/admin/domains/spshd.com/public_html/khachhang/application/views/app.php 172
ERROR - 2020-04-12 20:17:29 --> Could not find the language line "Đóng"
ERROR - 2020-04-12 20:17:29 --> Could not find the language line "Xác Nhận"
ERROR - 2020-04-12 20:17:29 --> Could not find the language line "Đóng"
ERROR - 2020-04-12 20:17:29 --> Could not find the language line "Xác Nhận"
ERROR - 2020-04-12 20:51:20 --> Could not find the language line "Tạo Điểm Lấy Hàng"
ERROR - 2020-04-12 20:51:20 --> Could not find the language line "Tạo Đơn Hàng"
ERROR - 2020-04-12 20:51:20 --> Could not find the language line "Đóng"
ERROR - 2020-04-12 20:51:20 --> Could not find the language line "Xác Nhận"
ERROR - 2020-04-12 20:51:20 --> Severity: Warning --> Invalid argument supplied for foreach() /home/admin/domains/spshd.com/public_html/khachhang/application/views/app.php 161
ERROR - 2020-04-12 20:51:20 --> Severity: Warning --> Invalid argument supplied for foreach() /home/admin/domains/spshd.com/public_html/khachhang/application/views/app.php 172
ERROR - 2020-04-12 20:51:20 --> Could not find the language line "Đóng"
ERROR - 2020-04-12 20:51:20 --> Could not find the language line "Xác Nhận"
ERROR - 2020-04-12 20:51:20 --> Could not find the language line "Đóng"
ERROR - 2020-04-12 20:51:20 --> Could not find the language line "Xác Nhận"
ERROR - 2020-04-12 20:51:51 --> Could not find the language line "Tạo Điểm Lấy Hàng"
ERROR - 2020-04-12 20:51:51 --> Could not find the language line "Tạo Đơn Hàng"
ERROR - 2020-04-12 20:51:51 --> Could not find the language line "Đóng"
ERROR - 2020-04-12 20:51:51 --> Could not find the language line "Xác Nhận"
ERROR - 2020-04-12 20:51:51 --> Severity: Warning --> Invalid argument supplied for foreach() /home/admin/domains/spshd.com/public_html/khachhang/application/views/app.php 161
ERROR - 2020-04-12 20:51:51 --> Severity: Warning --> Invalid argument supplied for foreach() /home/admin/domains/spshd.com/public_html/khachhang/application/views/app.php 172
ERROR - 2020-04-12 20:51:51 --> Could not find the language line "Đóng"
ERROR - 2020-04-12 20:51:51 --> Could not find the language line "Xác Nhận"
ERROR - 2020-04-12 20:51:51 --> Could not find the language line "Đóng"
ERROR - 2020-04-12 20:51:51 --> Could not find the language line "Xác Nhận"
ERROR - 2020-04-12 21:17:10 --> Could not find the language line "Tạo Điểm Lấy Hàng"
ERROR - 2020-04-12 21:17:10 --> Could not find the language line "Tạo Đơn Hàng"
ERROR - 2020-04-12 21:17:10 --> Could not find the language line "Đóng"
ERROR - 2020-04-12 21:17:10 --> Could not find the language line "Xác Nhận"
ERROR - 2020-04-12 21:17:10 --> Severity: Warning --> Invalid argument supplied for foreach() /home/admin/domains/spshd.com/public_html/khachhang/application/views/app.php 161
ERROR - 2020-04-12 21:17:10 --> Severity: Warning --> Invalid argument supplied for foreach() /home/admin/domains/spshd.com/public_html/khachhang/application/views/app.php 172
ERROR - 2020-04-12 21:17:10 --> Could not find the language line "Đóng"
ERROR - 2020-04-12 21:17:10 --> Could not find the language line "Xác Nhận"
ERROR - 2020-04-12 21:17:10 --> Could not find the language line "Đóng"
ERROR - 2020-04-12 21:17:10 --> Could not find the language line "Xác Nhận"
ERROR - 2020-04-12 21:33:48 --> Could not find the language line "Tạo Điểm Lấy Hàng"
ERROR - 2020-04-12 21:33:48 --> Could not find the language line "Tạo Đơn Hàng"
ERROR - 2020-04-12 21:33:48 --> Could not find the language line "Đóng"
ERROR - 2020-04-12 21:33:48 --> Could not find the language line "Xác Nhận"
ERROR - 2020-04-12 21:33:48 --> Severity: Warning --> Invalid argument supplied for foreach() /home/admin/domains/spshd.com/public_html/khachhang/application/views/app.php 161
ERROR - 2020-04-12 21:33:48 --> Severity: Warning --> Invalid argument supplied for foreach() /home/admin/domains/spshd.com/public_html/khachhang/application/views/app.php 172
ERROR - 2020-04-12 21:33:48 --> Could not find the language line "Đóng"
ERROR - 2020-04-12 21:33:48 --> Could not find the language line "Xác Nhận"
ERROR - 2020-04-12 21:33:48 --> Could not find the language line "Đóng"
ERROR - 2020-04-12 21:33:48 --> Could not find the language line "Xác Nhận"
ERROR - 2020-04-12 23:45:58 --> Could not find the language line "Tạo Điểm Lấy Hàng"
ERROR - 2020-04-12 23:45:58 --> Could not find the language line "Tạo Đơn Hàng"
ERROR - 2020-04-12 23:45:58 --> Could not find the language line "Đóng"
ERROR - 2020-04-12 23:45:58 --> Could not find the language line "Xác Nhận"
ERROR - 2020-04-12 23:45:58 --> Severity: Warning --> Invalid argument supplied for foreach() /home/admin/domains/spshd.com/public_html/khachhang/application/views/app.php 161
ERROR - 2020-04-12 23:45:58 --> Severity: Warning --> Invalid argument supplied for foreach() /home/admin/domains/spshd.com/public_html/khachhang/application/views/app.php 172
ERROR - 2020-04-12 23:45:58 --> Could not find the language line "Đóng"
ERROR - 2020-04-12 23:45:58 --> Could not find the language line "Xác Nhận"
ERROR - 2020-04-12 23:45:58 --> Could not find the language line "Đóng"
ERROR - 2020-04-12 23:45:58 --> Could not find the language line "Xác Nhận"
