ERROR - 2019-11-05 02:09:44 --> Could not find the language line "Tạo Điểm Lấy Hàng"
ERROR - 2019-11-05 02:09:44 --> Could not find the language line "Tạo Đơn Hàng"
ERROR - 2019-11-05 02:09:44 --> Severity: Warning --> Invalid argument supplied for foreach() /home/admin/domains/spshd.com/public_html/khachhang/application/views/tab4.php 394
ERROR - 2019-11-05 02:09:44 --> Could not find the language line "Đóng"
ERROR - 2019-11-05 02:09:44 --> Could not find the language line "Xác Nhận"
ERROR - 2019-11-05 02:09:44 --> Severity: Warning --> Invalid argument supplied for foreach() /home/admin/domains/spshd.com/public_html/khachhang/application/views/app.php 157
ERROR - 2019-11-05 02:09:44 --> Severity: Warning --> Invalid argument supplied for foreach() /home/admin/domains/spshd.com/public_html/khachhang/application/views/app.php 168
ERROR - 2019-11-05 02:09:44 --> Could not find the language line "Đóng"
ERROR - 2019-11-05 02:09:44 --> Could not find the language line "Xác Nhận"
ERROR - 2019-11-05 02:09:44 --> Could not find the language line "Đóng"
ERROR - 2019-11-05 02:09:44 --> Could not find the language line "Xác Nhận"
ERROR - 2019-11-05 02:10:07 --> Could not find the language line "Tạo Điểm Lấy Hàng"
ERROR - 2019-11-05 02:10:07 --> Could not find the language line "Tạo Đơn Hàng"
ERROR - 2019-11-05 02:10:07 --> Severity: Warning --> Invalid argument supplied for foreach() /home/admin/domains/spshd.com/public_html/khachhang/application/views/tab4.php 394
ERROR - 2019-11-05 02:10:07 --> Could not find the language line "Đóng"
ERROR - 2019-11-05 02:10:07 --> Could not find the language line "Xác Nhận"
ERROR - 2019-11-05 02:10:07 --> Severity: Warning --> Invalid argument supplied for foreach() /home/admin/domains/spshd.com/public_html/khachhang/application/views/app.php 157
ERROR - 2019-11-05 02:10:07 --> Severity: Warning --> Invalid argument supplied for foreach() /home/admin/domains/spshd.com/public_html/khachhang/application/views/app.php 168
ERROR - 2019-11-05 02:10:07 --> Could not find the language line "Đóng"
ERROR - 2019-11-05 02:10:07 --> Could not find the language line "Xác Nhận"
ERROR - 2019-11-05 02:10:07 --> Could not find the language line "Đóng"
ERROR - 2019-11-05 02:10:07 --> Could not find the language line "Xác Nhận"
ERROR - 2019-11-05 03:48:48 --> Could not find the language line "Tạo Điểm Lấy Hàng"
ERROR - 2019-11-05 03:48:48 --> Could not find the language line "Tạo Đơn Hàng"
ERROR - 2019-11-05 03:48:48 --> Severity: Warning --> Invalid argument supplied for foreach() /home/admin/domains/spshd.com/public_html/khachhang/application/views/tab4.php 394
ERROR - 2019-11-05 03:48:48 --> Could not find the language line "Đóng"
ERROR - 2019-11-05 03:48:48 --> Could not find the language line "Xác Nhận"
ERROR - 2019-11-05 03:48:48 --> Severity: Warning --> Invalid argument supplied for foreach() /home/admin/domains/spshd.com/public_html/khachhang/application/views/app.php 157
ERROR - 2019-11-05 03:48:48 --> Severity: Warning --> Invalid argument supplied for foreach() /home/admin/domains/spshd.com/public_html/khachhang/application/views/app.php 168
ERROR - 2019-11-05 03:48:48 --> Could not find the language line "Đóng"
ERROR - 2019-11-05 03:48:48 --> Could not find the language line "Xác Nhận"
ERROR - 2019-11-05 03:48:48 --> Could not find the language line "Đóng"
ERROR - 2019-11-05 03:48:48 --> Could not find the language line "Xác Nhận"
ERROR - 2019-11-05 08:07:33 --> Could not find the language line "Tạo Điểm Lấy Hàng"
ERROR - 2019-11-05 08:07:33 --> Could not find the language line "Tạo Đơn Hàng"
ERROR - 2019-11-05 08:07:33 --> Severity: Warning --> Invalid argument supplied for foreach() /home/admin/domains/spshd.com/public_html/khachhang/application/views/tab4.php 394
ERROR - 2019-11-05 08:07:33 --> Could not find the language line "Đóng"
ERROR - 2019-11-05 08:07:33 --> Could not find the language line "Xác Nhận"
ERROR - 2019-11-05 08:07:33 --> Severity: Warning --> Invalid argument supplied for foreach() /home/admin/domains/spshd.com/public_html/khachhang/application/views/app.php 157
ERROR - 2019-11-05 08:07:33 --> Severity: Warning --> Invalid argument supplied for foreach() /home/admin/domains/spshd.com/public_html/khachhang/application/views/app.php 168
ERROR - 2019-11-05 08:07:33 --> Could not find the language line "Đóng"
ERROR - 2019-11-05 08:07:33 --> Could not find the language line "Xác Nhận"
ERROR - 2019-11-05 08:07:33 --> Could not find the language line "Đóng"
ERROR - 2019-11-05 08:07:33 --> Could not find the language line "Xác Nhận"
ERROR - 2019-11-05 08:54:17 --> Could not find the language line "Tạo Điểm Lấy Hàng"
ERROR - 2019-11-05 08:54:17 --> Could not find the language line "Tạo Đơn Hàng"
ERROR - 2019-11-05 08:54:17 --> Severity: Warning --> Invalid argument supplied for foreach() /home/admin/domains/spshd.com/public_html/khachhang/application/views/tab4.php 394
ERROR - 2019-11-05 08:54:17 --> Could not find the language line "Đóng"
ERROR - 2019-11-05 08:54:17 --> Could not find the language line "Xác Nhận"
ERROR - 2019-11-05 08:54:17 --> Severity: Warning --> Invalid argument supplied for foreach() /home/admin/domains/spshd.com/public_html/khachhang/application/views/app.php 157
ERROR - 2019-11-05 08:54:17 --> Severity: Warning --> Invalid argument supplied for foreach() /home/admin/domains/spshd.com/public_html/khachhang/application/views/app.php 168
ERROR - 2019-11-05 08:54:17 --> Could not find the language line "Đóng"
ERROR - 2019-11-05 08:54:17 --> Could not find the language line "Xác Nhận"
ERROR - 2019-11-05 08:54:17 --> Could not find the language line "Đóng"
ERROR - 2019-11-05 08:54:17 --> Could not find the language line "Xác Nhận"
ERROR - 2019-11-05 10:26:06 --> Could not find the language line "Tạo Điểm Lấy Hàng"
ERROR - 2019-11-05 10:26:06 --> Could not find the language line "Tạo Đơn Hàng"
ERROR - 2019-11-05 10:26:06 --> Severity: Warning --> Invalid argument supplied for foreach() /home/admin/domains/spshd.com/public_html/khachhang/application/views/tab4.php 394
ERROR - 2019-11-05 10:26:06 --> Could not find the language line "Đóng"
ERROR - 2019-11-05 10:26:06 --> Could not find the language line "Xác Nhận"
ERROR - 2019-11-05 10:26:06 --> Severity: Warning --> Invalid argument supplied for foreach() /home/admin/domains/spshd.com/public_html/khachhang/application/views/app.php 157
ERROR - 2019-11-05 10:26:06 --> Severity: Warning --> Invalid argument supplied for foreach() /home/admin/domains/spshd.com/public_html/khachhang/application/views/app.php 168
ERROR - 2019-11-05 10:26:06 --> Could not find the language line "Đóng"
ERROR - 2019-11-05 10:26:06 --> Could not find the language line "Xác Nhận"
ERROR - 2019-11-05 10:26:06 --> Could not find the language line "Đóng"
ERROR - 2019-11-05 10:26:06 --> Could not find the language line "Xác Nhận"
ERROR - 2019-11-05 15:14:06 --> Could not find the language line "Tạo Điểm Lấy Hàng"
ERROR - 2019-11-05 15:14:06 --> Could not find the language line "Tạo Đơn Hàng"
ERROR - 2019-11-05 15:14:06 --> Severity: Warning --> Invalid argument supplied for foreach() /home/admin/domains/spshd.com/public_html/khachhang/application/views/tab4.php 394
ERROR - 2019-11-05 15:14:06 --> Could not find the language line "Đóng"
ERROR - 2019-11-05 15:14:06 --> Could not find the language line "Xác Nhận"
ERROR - 2019-11-05 15:14:06 --> Severity: Warning --> Invalid argument supplied for foreach() /home/admin/domains/spshd.com/public_html/khachhang/application/views/app.php 157
ERROR - 2019-11-05 15:14:06 --> Severity: Warning --> Invalid argument supplied for foreach() /home/admin/domains/spshd.com/public_html/khachhang/application/views/app.php 168
ERROR - 2019-11-05 15:14:06 --> Could not find the language line "Đóng"
ERROR - 2019-11-05 15:14:06 --> Could not find the language line "Xác Nhận"
ERROR - 2019-11-05 15:14:06 --> Could not find the language line "Đóng"
ERROR - 2019-11-05 15:14:06 --> Could not find the language line "Xác Nhận"
ERROR - 2019-11-05 15:14:07 --> Could not find the language line "Tạo Điểm Lấy Hàng"
ERROR - 2019-11-05 15:14:07 --> Could not find the language line "Tạo Đơn Hàng"
ERROR - 2019-11-05 15:14:07 --> Severity: Warning --> Invalid argument supplied for foreach() /home/admin/domains/spshd.com/public_html/khachhang/application/views/tab4.php 394
ERROR - 2019-11-05 15:14:07 --> Could not find the language line "Đóng"
ERROR - 2019-11-05 15:14:07 --> Could not find the language line "Xác Nhận"
ERROR - 2019-11-05 15:14:07 --> Severity: Warning --> Invalid argument supplied for foreach() /home/admin/domains/spshd.com/public_html/khachhang/application/views/app.php 157
ERROR - 2019-11-05 15:14:07 --> Severity: Warning --> Invalid argument supplied for foreach() /home/admin/domains/spshd.com/public_html/khachhang/application/views/app.php 168
ERROR - 2019-11-05 15:14:07 --> Could not find the language line "Đóng"
ERROR - 2019-11-05 15:14:07 --> Could not find the language line "Xác Nhận"
ERROR - 2019-11-05 15:14:07 --> Could not find the language line "Đóng"
ERROR - 2019-11-05 15:14:07 --> Could not find the language line "Xác Nhận"
ERROR - 2019-11-05 15:50:53 --> Could not find the language line "Tạo Điểm Lấy Hàng"
ERROR - 2019-11-05 15:50:53 --> Could not find the language line "Tạo Đơn Hàng"
ERROR - 2019-11-05 15:50:53 --> Severity: Warning --> Invalid argument supplied for foreach() /home/admin/domains/spshd.com/public_html/khachhang/application/views/tab4.php 394
ERROR - 2019-11-05 15:50:53 --> Could not find the language line "Đóng"
ERROR - 2019-11-05 15:50:53 --> Could not find the language line "Xác Nhận"
ERROR - 2019-11-05 15:50:53 --> Severity: Warning --> Invalid argument supplied for foreach() /home/admin/domains/spshd.com/public_html/khachhang/application/views/app.php 157
ERROR - 2019-11-05 15:50:53 --> Severity: Warning --> Invalid argument supplied for foreach() /home/admin/domains/spshd.com/public_html/khachhang/application/views/app.php 168
ERROR - 2019-11-05 15:50:53 --> Could not find the language line "Đóng"
ERROR - 2019-11-05 15:50:53 --> Could not find the language line "Xác Nhận"
ERROR - 2019-11-05 15:50:53 --> Could not find the language line "Đóng"
ERROR - 2019-11-05 15:50:53 --> Could not find the language line "Xác Nhận"
