ERROR - 2020-03-09 02:45:40 --> Could not find the language line "Tạo Điểm Lấy Hàng"
ERROR - 2020-03-09 02:45:40 --> Could not find the language line "Tạo Đơn Hàng"
ERROR - 2020-03-09 02:45:40 --> Severity: Warning --> Invalid argument supplied for foreach() /home/admin/domains/spshd.com/public_html/khachhang/application/views/tab4.php 394
ERROR - 2020-03-09 02:45:40 --> Could not find the language line "Đóng"
ERROR - 2020-03-09 02:45:40 --> Could not find the language line "Xác Nhận"
ERROR - 2020-03-09 02:45:40 --> Severity: Warning --> Invalid argument supplied for foreach() /home/admin/domains/spshd.com/public_html/khachhang/application/views/app.php 157
ERROR - 2020-03-09 02:45:40 --> Severity: Warning --> Invalid argument supplied for foreach() /home/admin/domains/spshd.com/public_html/khachhang/application/views/app.php 168
ERROR - 2020-03-09 02:45:40 --> Could not find the language line "Đóng"
ERROR - 2020-03-09 02:45:40 --> Could not find the language line "Xác Nhận"
ERROR - 2020-03-09 02:45:40 --> Could not find the language line "Đóng"
ERROR - 2020-03-09 02:45:40 --> Could not find the language line "Xác Nhận"
ERROR - 2020-03-09 03:23:57 --> Could not find the language line "Tạo Điểm Lấy Hàng"
ERROR - 2020-03-09 03:23:57 --> Could not find the language line "Tạo Đơn Hàng"
ERROR - 2020-03-09 03:23:57 --> Severity: Warning --> Invalid argument supplied for foreach() /home/admin/domains/spshd.com/public_html/khachhang/application/views/tab4.php 394
ERROR - 2020-03-09 03:23:57 --> Could not find the language line "Đóng"
ERROR - 2020-03-09 03:23:57 --> Could not find the language line "Xác Nhận"
ERROR - 2020-03-09 03:23:57 --> Severity: Warning --> Invalid argument supplied for foreach() /home/admin/domains/spshd.com/public_html/khachhang/application/views/app.php 157
ERROR - 2020-03-09 03:23:57 --> Severity: Warning --> Invalid argument supplied for foreach() /home/admin/domains/spshd.com/public_html/khachhang/application/views/app.php 168
ERROR - 2020-03-09 03:23:57 --> Could not find the language line "Đóng"
ERROR - 2020-03-09 03:23:57 --> Could not find the language line "Xác Nhận"
ERROR - 2020-03-09 03:23:57 --> Could not find the language line "Đóng"
ERROR - 2020-03-09 03:23:57 --> Could not find the language line "Xác Nhận"
ERROR - 2020-03-09 03:38:04 --> Could not find the language line "Tạo Điểm Lấy Hàng"
ERROR - 2020-03-09 03:38:04 --> Could not find the language line "Tạo Đơn Hàng"
ERROR - 2020-03-09 03:38:04 --> Severity: Warning --> Invalid argument supplied for foreach() /home/admin/domains/spshd.com/public_html/khachhang/application/views/tab4.php 394
ERROR - 2020-03-09 03:38:04 --> Could not find the language line "Đóng"
ERROR - 2020-03-09 03:38:04 --> Could not find the language line "Xác Nhận"
ERROR - 2020-03-09 03:38:04 --> Severity: Warning --> Invalid argument supplied for foreach() /home/admin/domains/spshd.com/public_html/khachhang/application/views/app.php 157
ERROR - 2020-03-09 03:38:04 --> Severity: Warning --> Invalid argument supplied for foreach() /home/admin/domains/spshd.com/public_html/khachhang/application/views/app.php 168
ERROR - 2020-03-09 03:38:04 --> Could not find the language line "Đóng"
ERROR - 2020-03-09 03:38:04 --> Could not find the language line "Xác Nhận"
ERROR - 2020-03-09 03:38:04 --> Could not find the language line "Đóng"
ERROR - 2020-03-09 03:38:04 --> Could not find the language line "Xác Nhận"
ERROR - 2020-03-09 03:39:01 --> Could not find the language line "Tạo Điểm Lấy Hàng"
ERROR - 2020-03-09 03:39:01 --> Could not find the language line "Tạo Đơn Hàng"
ERROR - 2020-03-09 03:39:01 --> Severity: Warning --> Invalid argument supplied for foreach() /home/admin/domains/spshd.com/public_html/khachhang/application/views/tab4.php 394
ERROR - 2020-03-09 03:39:01 --> Could not find the language line "Đóng"
ERROR - 2020-03-09 03:39:01 --> Could not find the language line "Xác Nhận"
ERROR - 2020-03-09 03:39:01 --> Severity: Warning --> Invalid argument supplied for foreach() /home/admin/domains/spshd.com/public_html/khachhang/application/views/app.php 157
ERROR - 2020-03-09 03:39:01 --> Severity: Warning --> Invalid argument supplied for foreach() /home/admin/domains/spshd.com/public_html/khachhang/application/views/app.php 168
ERROR - 2020-03-09 03:39:01 --> Could not find the language line "Đóng"
ERROR - 2020-03-09 03:39:01 --> Could not find the language line "Xác Nhận"
ERROR - 2020-03-09 03:39:01 --> Could not find the language line "Đóng"
ERROR - 2020-03-09 03:39:01 --> Could not find the language line "Xác Nhận"
ERROR - 2020-03-09 03:51:10 --> Could not find the language line "Email"
ERROR - 2020-03-09 03:51:10 --> Could not find the language line "password"
ERROR - 2020-03-09 04:11:30 --> Could not find the language line "Tạo Điểm Lấy Hàng"
ERROR - 2020-03-09 04:11:30 --> Could not find the language line "Tạo Đơn Hàng"
ERROR - 2020-03-09 04:11:30 --> Severity: Warning --> Invalid argument supplied for foreach() /home/admin/domains/spshd.com/public_html/khachhang/application/views/tab4.php 394
ERROR - 2020-03-09 04:11:30 --> Could not find the language line "Đóng"
ERROR - 2020-03-09 04:11:30 --> Could not find the language line "Xác Nhận"
ERROR - 2020-03-09 04:11:30 --> Severity: Warning --> Invalid argument supplied for foreach() /home/admin/domains/spshd.com/public_html/khachhang/application/views/app.php 157
ERROR - 2020-03-09 04:11:30 --> Severity: Warning --> Invalid argument supplied for foreach() /home/admin/domains/spshd.com/public_html/khachhang/application/views/app.php 168
ERROR - 2020-03-09 04:11:30 --> Could not find the language line "Đóng"
ERROR - 2020-03-09 04:11:30 --> Could not find the language line "Xác Nhận"
ERROR - 2020-03-09 04:11:30 --> Could not find the language line "Đóng"
ERROR - 2020-03-09 04:11:30 --> Could not find the language line "Xác Nhận"
ERROR - 2020-03-09 04:58:00 --> Could not find the language line "Tạo Điểm Lấy Hàng"
ERROR - 2020-03-09 04:58:00 --> Could not find the language line "Tạo Đơn Hàng"
ERROR - 2020-03-09 04:58:00 --> Severity: Warning --> Invalid argument supplied for foreach() /home/admin/domains/spshd.com/public_html/khachhang/application/views/tab4.php 394
ERROR - 2020-03-09 04:58:00 --> Could not find the language line "Đóng"
ERROR - 2020-03-09 04:58:00 --> Could not find the language line "Xác Nhận"
ERROR - 2020-03-09 04:58:00 --> Severity: Warning --> Invalid argument supplied for foreach() /home/admin/domains/spshd.com/public_html/khachhang/application/views/app.php 157
ERROR - 2020-03-09 04:58:00 --> Severity: Warning --> Invalid argument supplied for foreach() /home/admin/domains/spshd.com/public_html/khachhang/application/views/app.php 168
ERROR - 2020-03-09 04:58:00 --> Could not find the language line "Đóng"
ERROR - 2020-03-09 04:58:00 --> Could not find the language line "Xác Nhận"
ERROR - 2020-03-09 04:58:00 --> Could not find the language line "Đóng"
ERROR - 2020-03-09 04:58:00 --> Could not find the language line "Xác Nhận"
ERROR - 2020-03-09 06:37:21 --> Could not find the language line "Tạo Điểm Lấy Hàng"
ERROR - 2020-03-09 06:37:21 --> Could not find the language line "Tạo Đơn Hàng"
ERROR - 2020-03-09 06:37:21 --> Severity: Warning --> Invalid argument supplied for foreach() /home/admin/domains/spshd.com/public_html/khachhang/application/views/tab4.php 394
ERROR - 2020-03-09 06:37:21 --> Could not find the language line "Đóng"
ERROR - 2020-03-09 06:37:21 --> Could not find the language line "Xác Nhận"
ERROR - 2020-03-09 06:37:21 --> Severity: Warning --> Invalid argument supplied for foreach() /home/admin/domains/spshd.com/public_html/khachhang/application/views/app.php 157
ERROR - 2020-03-09 06:37:21 --> Severity: Warning --> Invalid argument supplied for foreach() /home/admin/domains/spshd.com/public_html/khachhang/application/views/app.php 168
ERROR - 2020-03-09 06:37:21 --> Could not find the language line "Đóng"
ERROR - 2020-03-09 06:37:21 --> Could not find the language line "Xác Nhận"
ERROR - 2020-03-09 06:37:21 --> Could not find the language line "Đóng"
ERROR - 2020-03-09 06:37:21 --> Could not find the language line "Xác Nhận"
ERROR - 2020-03-09 08:21:36 --> Could not find the language line "Email"
ERROR - 2020-03-09 08:21:36 --> Could not find the language line "password"
ERROR - 2020-03-09 09:53:45 --> Could not find the language line "Tạo Điểm Lấy Hàng"
ERROR - 2020-03-09 09:53:45 --> Could not find the language line "Tạo Đơn Hàng"
ERROR - 2020-03-09 09:53:45 --> Severity: Warning --> Invalid argument supplied for foreach() /home/admin/domains/spshd.com/public_html/khachhang/application/views/tab4.php 394
ERROR - 2020-03-09 09:53:45 --> Could not find the language line "Đóng"
ERROR - 2020-03-09 09:53:45 --> Could not find the language line "Xác Nhận"
ERROR - 2020-03-09 09:53:45 --> Severity: Warning --> Invalid argument supplied for foreach() /home/admin/domains/spshd.com/public_html/khachhang/application/views/app.php 157
ERROR - 2020-03-09 09:53:45 --> Severity: Warning --> Invalid argument supplied for foreach() /home/admin/domains/spshd.com/public_html/khachhang/application/views/app.php 168
ERROR - 2020-03-09 09:53:45 --> Could not find the language line "Đóng"
ERROR - 2020-03-09 09:53:45 --> Could not find the language line "Xác Nhận"
ERROR - 2020-03-09 09:53:45 --> Could not find the language line "Đóng"
ERROR - 2020-03-09 09:53:45 --> Could not find the language line "Xác Nhận"
ERROR - 2020-03-09 10:43:02 --> Could not find the language line "Tạo Điểm Lấy Hàng"
ERROR - 2020-03-09 10:43:02 --> Could not find the language line "Tạo Đơn Hàng"
ERROR - 2020-03-09 10:43:02 --> Severity: Warning --> Invalid argument supplied for foreach() /home/admin/domains/spshd.com/public_html/khachhang/application/views/tab4.php 394
ERROR - 2020-03-09 10:43:02 --> Could not find the language line "Đóng"
ERROR - 2020-03-09 10:43:02 --> Could not find the language line "Xác Nhận"
ERROR - 2020-03-09 10:43:02 --> Severity: Warning --> Invalid argument supplied for foreach() /home/admin/domains/spshd.com/public_html/khachhang/application/views/app.php 157
ERROR - 2020-03-09 10:43:02 --> Severity: Warning --> Invalid argument supplied for foreach() /home/admin/domains/spshd.com/public_html/khachhang/application/views/app.php 168
ERROR - 2020-03-09 10:43:02 --> Could not find the language line "Đóng"
ERROR - 2020-03-09 10:43:02 --> Could not find the language line "Xác Nhận"
ERROR - 2020-03-09 10:43:02 --> Could not find the language line "Đóng"
ERROR - 2020-03-09 10:43:02 --> Could not find the language line "Xác Nhận"
ERROR - 2020-03-09 11:43:18 --> Could not find the language line "Tạo Điểm Lấy Hàng"
ERROR - 2020-03-09 11:43:18 --> Could not find the language line "Tạo Đơn Hàng"
ERROR - 2020-03-09 11:43:18 --> Severity: Warning --> Invalid argument supplied for foreach() /home/admin/domains/spshd.com/public_html/khachhang/application/views/tab4.php 394
ERROR - 2020-03-09 11:43:18 --> Could not find the language line "Đóng"
ERROR - 2020-03-09 11:43:18 --> Could not find the language line "Xác Nhận"
ERROR - 2020-03-09 11:43:18 --> Severity: Warning --> Invalid argument supplied for foreach() /home/admin/domains/spshd.com/public_html/khachhang/application/views/app.php 157
ERROR - 2020-03-09 11:43:18 --> Severity: Warning --> Invalid argument supplied for foreach() /home/admin/domains/spshd.com/public_html/khachhang/application/views/app.php 168
ERROR - 2020-03-09 11:43:18 --> Could not find the language line "Đóng"
ERROR - 2020-03-09 11:43:18 --> Could not find the language line "Xác Nhận"
ERROR - 2020-03-09 11:43:18 --> Could not find the language line "Đóng"
ERROR - 2020-03-09 11:43:18 --> Could not find the language line "Xác Nhận"
ERROR - 2020-03-09 11:47:08 --> Could not find the language line "Tạo Điểm Lấy Hàng"
ERROR - 2020-03-09 11:47:08 --> Could not find the language line "Tạo Đơn Hàng"
ERROR - 2020-03-09 11:47:08 --> Severity: Warning --> Invalid argument supplied for foreach() /home/admin/domains/spshd.com/public_html/khachhang/application/views/tab4.php 394
ERROR - 2020-03-09 11:47:08 --> Could not find the language line "Đóng"
ERROR - 2020-03-09 11:47:08 --> Could not find the language line "Xác Nhận"
ERROR - 2020-03-09 11:47:08 --> Severity: Warning --> Invalid argument supplied for foreach() /home/admin/domains/spshd.com/public_html/khachhang/application/views/app.php 157
ERROR - 2020-03-09 11:47:08 --> Severity: Warning --> Invalid argument supplied for foreach() /home/admin/domains/spshd.com/public_html/khachhang/application/views/app.php 168
ERROR - 2020-03-09 11:47:08 --> Could not find the language line "Đóng"
ERROR - 2020-03-09 11:47:08 --> Could not find the language line "Xác Nhận"
ERROR - 2020-03-09 11:47:08 --> Could not find the language line "Đóng"
ERROR - 2020-03-09 11:47:08 --> Could not find the language line "Xác Nhận"
ERROR - 2020-03-09 11:58:10 --> Could not find the language line "Tạo Điểm Lấy Hàng"
ERROR - 2020-03-09 11:58:10 --> Could not find the language line "Tạo Đơn Hàng"
ERROR - 2020-03-09 11:58:10 --> Severity: Warning --> Invalid argument supplied for foreach() /home/admin/domains/spshd.com/public_html/khachhang/application/views/tab4.php 394
ERROR - 2020-03-09 11:58:10 --> Could not find the language line "Đóng"
ERROR - 2020-03-09 11:58:10 --> Could not find the language line "Xác Nhận"
ERROR - 2020-03-09 11:58:10 --> Severity: Warning --> Invalid argument supplied for foreach() /home/admin/domains/spshd.com/public_html/khachhang/application/views/app.php 157
ERROR - 2020-03-09 11:58:10 --> Severity: Warning --> Invalid argument supplied for foreach() /home/admin/domains/spshd.com/public_html/khachhang/application/views/app.php 168
ERROR - 2020-03-09 11:58:10 --> Could not find the language line "Đóng"
ERROR - 2020-03-09 11:58:10 --> Could not find the language line "Xác Nhận"
ERROR - 2020-03-09 11:58:10 --> Could not find the language line "Đóng"
ERROR - 2020-03-09 11:58:10 --> Could not find the language line "Xác Nhận"
ERROR - 2020-03-09 11:58:10 --> Could not find the language line "Tạo Điểm Lấy Hàng"
ERROR - 2020-03-09 11:58:10 --> Could not find the language line "Tạo Đơn Hàng"
ERROR - 2020-03-09 11:58:10 --> Severity: Warning --> Invalid argument supplied for foreach() /home/admin/domains/spshd.com/public_html/khachhang/application/views/tab4.php 394
ERROR - 2020-03-09 11:58:10 --> Could not find the language line "Đóng"
ERROR - 2020-03-09 11:58:10 --> Could not find the language line "Xác Nhận"
ERROR - 2020-03-09 11:58:10 --> Severity: Warning --> Invalid argument supplied for foreach() /home/admin/domains/spshd.com/public_html/khachhang/application/views/app.php 157
ERROR - 2020-03-09 11:58:10 --> Severity: Warning --> Invalid argument supplied for foreach() /home/admin/domains/spshd.com/public_html/khachhang/application/views/app.php 168
ERROR - 2020-03-09 11:58:10 --> Could not find the language line "Đóng"
ERROR - 2020-03-09 11:58:10 --> Could not find the language line "Xác Nhận"
ERROR - 2020-03-09 11:58:10 --> Could not find the language line "Đóng"
ERROR - 2020-03-09 11:58:10 --> Could not find the language line "Xác Nhận"
ERROR - 2020-03-09 12:21:55 --> Could not find the language line "Tạo Điểm Lấy Hàng"
ERROR - 2020-03-09 12:21:55 --> Could not find the language line "Tạo Đơn Hàng"
ERROR - 2020-03-09 12:21:55 --> Severity: Warning --> Invalid argument supplied for foreach() /home/admin/domains/spshd.com/public_html/khachhang/application/views/tab4.php 394
ERROR - 2020-03-09 12:21:55 --> Could not find the language line "Đóng"
ERROR - 2020-03-09 12:21:55 --> Could not find the language line "Xác Nhận"
ERROR - 2020-03-09 12:21:55 --> Severity: Warning --> Invalid argument supplied for foreach() /home/admin/domains/spshd.com/public_html/khachhang/application/views/app.php 157
ERROR - 2020-03-09 12:21:55 --> Severity: Warning --> Invalid argument supplied for foreach() /home/admin/domains/spshd.com/public_html/khachhang/application/views/app.php 168
ERROR - 2020-03-09 12:21:55 --> Could not find the language line "Đóng"
ERROR - 2020-03-09 12:21:55 --> Could not find the language line "Xác Nhận"
ERROR - 2020-03-09 12:21:55 --> Could not find the language line "Đóng"
ERROR - 2020-03-09 12:21:55 --> Could not find the language line "Xác Nhận"
ERROR - 2020-03-09 12:21:55 --> Could not find the language line "Tạo Điểm Lấy Hàng"
ERROR - 2020-03-09 12:21:55 --> Could not find the language line "Tạo Đơn Hàng"
ERROR - 2020-03-09 12:21:55 --> Severity: Warning --> Invalid argument supplied for foreach() /home/admin/domains/spshd.com/public_html/khachhang/application/views/tab4.php 394
ERROR - 2020-03-09 12:21:55 --> Could not find the language line "Đóng"
ERROR - 2020-03-09 12:21:55 --> Could not find the language line "Xác Nhận"
ERROR - 2020-03-09 12:21:55 --> Severity: Warning --> Invalid argument supplied for foreach() /home/admin/domains/spshd.com/public_html/khachhang/application/views/app.php 157
ERROR - 2020-03-09 12:21:55 --> Severity: Warning --> Invalid argument supplied for foreach() /home/admin/domains/spshd.com/public_html/khachhang/application/views/app.php 168
ERROR - 2020-03-09 12:21:55 --> Could not find the language line "Đóng"
ERROR - 2020-03-09 12:21:55 --> Could not find the language line "Xác Nhận"
ERROR - 2020-03-09 12:21:55 --> Could not find the language line "Đóng"
ERROR - 2020-03-09 12:21:55 --> Could not find the language line "Xác Nhận"
ERROR - 2020-03-09 13:44:29 --> Could not find the language line "Tạo Điểm Lấy Hàng"
ERROR - 2020-03-09 13:44:29 --> Could not find the language line "Tạo Đơn Hàng"
ERROR - 2020-03-09 13:44:29 --> Severity: Warning --> Invalid argument supplied for foreach() /home/admin/domains/spshd.com/public_html/khachhang/application/views/tab4.php 394
ERROR - 2020-03-09 13:44:29 --> Could not find the language line "Đóng"
ERROR - 2020-03-09 13:44:29 --> Could not find the language line "Xác Nhận"
ERROR - 2020-03-09 13:44:29 --> Severity: Warning --> Invalid argument supplied for foreach() /home/admin/domains/spshd.com/public_html/khachhang/application/views/app.php 157
ERROR - 2020-03-09 13:44:29 --> Severity: Warning --> Invalid argument supplied for foreach() /home/admin/domains/spshd.com/public_html/khachhang/application/views/app.php 168
ERROR - 2020-03-09 13:44:29 --> Could not find the language line "Đóng"
ERROR - 2020-03-09 13:44:29 --> Could not find the language line "Xác Nhận"
ERROR - 2020-03-09 13:44:29 --> Could not find the language line "Đóng"
ERROR - 2020-03-09 13:44:29 --> Could not find the language line "Xác Nhận"
ERROR - 2020-03-09 17:15:53 --> Could not find the language line "Tạo Điểm Lấy Hàng"
ERROR - 2020-03-09 17:15:53 --> Could not find the language line "Tạo Đơn Hàng"
ERROR - 2020-03-09 17:15:53 --> Severity: Warning --> Invalid argument supplied for foreach() /home/admin/domains/spshd.com/public_html/khachhang/application/views/tab4.php 394
ERROR - 2020-03-09 17:15:53 --> Could not find the language line "Đóng"
ERROR - 2020-03-09 17:15:53 --> Could not find the language line "Xác Nhận"
ERROR - 2020-03-09 17:15:53 --> Severity: Warning --> Invalid argument supplied for foreach() /home/admin/domains/spshd.com/public_html/khachhang/application/views/app.php 157
ERROR - 2020-03-09 17:15:53 --> Severity: Warning --> Invalid argument supplied for foreach() /home/admin/domains/spshd.com/public_html/khachhang/application/views/app.php 168
ERROR - 2020-03-09 17:15:53 --> Could not find the language line "Đóng"
ERROR - 2020-03-09 17:15:53 --> Could not find the language line "Xác Nhận"
ERROR - 2020-03-09 17:15:53 --> Could not find the language line "Đóng"
ERROR - 2020-03-09 17:15:53 --> Could not find the language line "Xác Nhận"
ERROR - 2020-03-09 17:16:01 --> Could not find the language line "Tạo Điểm Lấy Hàng"
ERROR - 2020-03-09 17:16:01 --> Could not find the language line "Tạo Đơn Hàng"
ERROR - 2020-03-09 17:16:01 --> Severity: Warning --> Invalid argument supplied for foreach() /home/admin/domains/spshd.com/public_html/khachhang/application/views/tab4.php 394
ERROR - 2020-03-09 17:16:01 --> Could not find the language line "Đóng"
ERROR - 2020-03-09 17:16:01 --> Could not find the language line "Xác Nhận"
ERROR - 2020-03-09 17:16:01 --> Severity: Warning --> Invalid argument supplied for foreach() /home/admin/domains/spshd.com/public_html/khachhang/application/views/app.php 157
ERROR - 2020-03-09 17:16:01 --> Severity: Warning --> Invalid argument supplied for foreach() /home/admin/domains/spshd.com/public_html/khachhang/application/views/app.php 168
ERROR - 2020-03-09 17:16:01 --> Could not find the language line "Đóng"
ERROR - 2020-03-09 17:16:01 --> Could not find the language line "Xác Nhận"
ERROR - 2020-03-09 17:16:01 --> Could not find the language line "Đóng"
ERROR - 2020-03-09 17:16:01 --> Could not find the language line "Xác Nhận"
ERROR - 2020-03-09 17:16:51 --> Could not find the language line "Tạo Điểm Lấy Hàng"
ERROR - 2020-03-09 17:16:51 --> Could not find the language line "Tạo Đơn Hàng"
ERROR - 2020-03-09 17:16:51 --> Severity: Warning --> Invalid argument supplied for foreach() /home/admin/domains/spshd.com/public_html/khachhang/application/views/tab4.php 394
ERROR - 2020-03-09 17:16:51 --> Could not find the language line "Đóng"
ERROR - 2020-03-09 17:16:51 --> Could not find the language line "Xác Nhận"
ERROR - 2020-03-09 17:16:51 --> Severity: Warning --> Invalid argument supplied for foreach() /home/admin/domains/spshd.com/public_html/khachhang/application/views/app.php 157
ERROR - 2020-03-09 17:16:51 --> Severity: Warning --> Invalid argument supplied for foreach() /home/admin/domains/spshd.com/public_html/khachhang/application/views/app.php 168
ERROR - 2020-03-09 17:16:51 --> Could not find the language line "Đóng"
ERROR - 2020-03-09 17:16:51 --> Could not find the language line "Xác Nhận"
ERROR - 2020-03-09 17:16:51 --> Could not find the language line "Đóng"
ERROR - 2020-03-09 17:16:51 --> Could not find the language line "Xác Nhận"
ERROR - 2020-03-09 17:20:34 --> Could not find the language line "Email"
ERROR - 2020-03-09 17:20:34 --> Could not find the language line "password"
ERROR - 2020-03-09 17:26:30 --> Could not find the language line "Tạo Điểm Lấy Hàng"
ERROR - 2020-03-09 17:26:30 --> Could not find the language line "Tạo Đơn Hàng"
ERROR - 2020-03-09 17:26:30 --> Severity: Warning --> Invalid argument supplied for foreach() /home/admin/domains/spshd.com/public_html/khachhang/application/views/tab4.php 394
ERROR - 2020-03-09 17:26:30 --> Could not find the language line "Đóng"
ERROR - 2020-03-09 17:26:30 --> Could not find the language line "Xác Nhận"
ERROR - 2020-03-09 17:26:30 --> Severity: Warning --> Invalid argument supplied for foreach() /home/admin/domains/spshd.com/public_html/khachhang/application/views/app.php 157
ERROR - 2020-03-09 17:26:30 --> Severity: Warning --> Invalid argument supplied for foreach() /home/admin/domains/spshd.com/public_html/khachhang/application/views/app.php 168
ERROR - 2020-03-09 17:26:30 --> Could not find the language line "Đóng"
ERROR - 2020-03-09 17:26:30 --> Could not find the language line "Xác Nhận"
ERROR - 2020-03-09 17:26:30 --> Could not find the language line "Đóng"
ERROR - 2020-03-09 17:26:30 --> Could not find the language line "Xác Nhận"
ERROR - 2020-03-09 17:27:06 --> Could not find the language line "Tạo Điểm Lấy Hàng"
ERROR - 2020-03-09 17:27:06 --> Could not find the language line "Tạo Đơn Hàng"
ERROR - 2020-03-09 17:27:06 --> Severity: Warning --> Invalid argument supplied for foreach() /home/admin/domains/spshd.com/public_html/khachhang/application/views/tab4.php 394
ERROR - 2020-03-09 17:27:06 --> Could not find the language line "Đóng"
ERROR - 2020-03-09 17:27:06 --> Could not find the language line "Xác Nhận"
ERROR - 2020-03-09 17:27:06 --> Severity: Warning --> Invalid argument supplied for foreach() /home/admin/domains/spshd.com/public_html/khachhang/application/views/app.php 157
ERROR - 2020-03-09 17:27:06 --> Severity: Warning --> Invalid argument supplied for foreach() /home/admin/domains/spshd.com/public_html/khachhang/application/views/app.php 168
ERROR - 2020-03-09 17:27:06 --> Could not find the language line "Đóng"
ERROR - 2020-03-09 17:27:06 --> Could not find the language line "Xác Nhận"
ERROR - 2020-03-09 17:27:06 --> Could not find the language line "Đóng"
ERROR - 2020-03-09 17:27:06 --> Could not find the language line "Xác Nhận"
ERROR - 2020-03-09 17:28:18 --> Could not find the language line "Tạo Điểm Lấy Hàng"
ERROR - 2020-03-09 17:28:18 --> Could not find the language line "Tạo Đơn Hàng"
ERROR - 2020-03-09 17:28:18 --> Severity: Warning --> Invalid argument supplied for foreach() /home/admin/domains/spshd.com/public_html/khachhang/application/views/tab4.php 394
ERROR - 2020-03-09 17:28:18 --> Could not find the language line "Đóng"
ERROR - 2020-03-09 17:28:18 --> Could not find the language line "Xác Nhận"
ERROR - 2020-03-09 17:28:18 --> Severity: Warning --> Invalid argument supplied for foreach() /home/admin/domains/spshd.com/public_html/khachhang/application/views/app.php 157
ERROR - 2020-03-09 17:28:18 --> Severity: Warning --> Invalid argument supplied for foreach() /home/admin/domains/spshd.com/public_html/khachhang/application/views/app.php 168
ERROR - 2020-03-09 17:28:18 --> Could not find the language line "Đóng"
ERROR - 2020-03-09 17:28:18 --> Could not find the language line "Xác Nhận"
ERROR - 2020-03-09 17:28:18 --> Could not find the language line "Đóng"
ERROR - 2020-03-09 17:28:18 --> Could not find the language line "Xác Nhận"
ERROR - 2020-03-09 17:28:18 --> Could not find the language line "Tạo Điểm Lấy Hàng"
ERROR - 2020-03-09 17:28:18 --> Could not find the language line "Tạo Đơn Hàng"
ERROR - 2020-03-09 17:28:18 --> Severity: Warning --> Invalid argument supplied for foreach() /home/admin/domains/spshd.com/public_html/khachhang/application/views/tab4.php 394
ERROR - 2020-03-09 17:28:18 --> Could not find the language line "Đóng"
ERROR - 2020-03-09 17:28:18 --> Could not find the language line "Xác Nhận"
ERROR - 2020-03-09 17:28:18 --> Severity: Warning --> Invalid argument supplied for foreach() /home/admin/domains/spshd.com/public_html/khachhang/application/views/app.php 157
ERROR - 2020-03-09 17:28:18 --> Severity: Warning --> Invalid argument supplied for foreach() /home/admin/domains/spshd.com/public_html/khachhang/application/views/app.php 168
ERROR - 2020-03-09 17:28:18 --> Could not find the language line "Đóng"
ERROR - 2020-03-09 17:28:18 --> Could not find the language line "Xác Nhận"
ERROR - 2020-03-09 17:28:18 --> Could not find the language line "Đóng"
ERROR - 2020-03-09 17:28:18 --> Could not find the language line "Xác Nhận"
ERROR - 2020-03-09 17:36:40 --> Could not find the language line "Tạo Điểm Lấy Hàng"
ERROR - 2020-03-09 17:36:40 --> Could not find the language line "Tạo Đơn Hàng"
ERROR - 2020-03-09 17:36:40 --> Severity: Warning --> Invalid argument supplied for foreach() /home/admin/domains/spshd.com/public_html/khachhang/application/views/tab4.php 394
ERROR - 2020-03-09 17:36:40 --> Could not find the language line "Đóng"
ERROR - 2020-03-09 17:36:40 --> Could not find the language line "Xác Nhận"
ERROR - 2020-03-09 17:36:40 --> Severity: Warning --> Invalid argument supplied for foreach() /home/admin/domains/spshd.com/public_html/khachhang/application/views/app.php 157
ERROR - 2020-03-09 17:36:40 --> Severity: Warning --> Invalid argument supplied for foreach() /home/admin/domains/spshd.com/public_html/khachhang/application/views/app.php 168
ERROR - 2020-03-09 17:36:40 --> Could not find the language line "Đóng"
ERROR - 2020-03-09 17:36:40 --> Could not find the language line "Xác Nhận"
ERROR - 2020-03-09 17:36:40 --> Could not find the language line "Đóng"
ERROR - 2020-03-09 17:36:40 --> Could not find the language line "Xác Nhận"
ERROR - 2020-03-09 17:42:55 --> Could not find the language line "Tạo Điểm Lấy Hàng"
ERROR - 2020-03-09 17:42:55 --> Could not find the language line "Tạo Đơn Hàng"
ERROR - 2020-03-09 17:42:55 --> Severity: Warning --> Invalid argument supplied for foreach() /home/admin/domains/spshd.com/public_html/khachhang/application/views/tab4.php 394
ERROR - 2020-03-09 17:42:55 --> Could not find the language line "Đóng"
ERROR - 2020-03-09 17:42:55 --> Could not find the language line "Xác Nhận"
ERROR - 2020-03-09 17:42:55 --> Severity: Warning --> Invalid argument supplied for foreach() /home/admin/domains/spshd.com/public_html/khachhang/application/views/app.php 157
ERROR - 2020-03-09 17:42:55 --> Severity: Warning --> Invalid argument supplied for foreach() /home/admin/domains/spshd.com/public_html/khachhang/application/views/app.php 168
ERROR - 2020-03-09 17:42:55 --> Could not find the language line "Đóng"
ERROR - 2020-03-09 17:42:55 --> Could not find the language line "Xác Nhận"
ERROR - 2020-03-09 17:42:55 --> Could not find the language line "Đóng"
ERROR - 2020-03-09 17:42:55 --> Could not find the language line "Xác Nhận"
ERROR - 2020-03-09 17:55:32 --> Could not find the language line "Tạo Điểm Lấy Hàng"
ERROR - 2020-03-09 17:55:32 --> Could not find the language line "Tạo Đơn Hàng"
ERROR - 2020-03-09 17:55:32 --> Severity: Warning --> Invalid argument supplied for foreach() /home/admin/domains/spshd.com/public_html/khachhang/application/views/tab4.php 394
ERROR - 2020-03-09 17:55:32 --> Could not find the language line "Đóng"
ERROR - 2020-03-09 17:55:32 --> Could not find the language line "Xác Nhận"
ERROR - 2020-03-09 17:55:32 --> Severity: Warning --> Invalid argument supplied for foreach() /home/admin/domains/spshd.com/public_html/khachhang/application/views/app.php 157
ERROR - 2020-03-09 17:55:32 --> Severity: Warning --> Invalid argument supplied for foreach() /home/admin/domains/spshd.com/public_html/khachhang/application/views/app.php 168
ERROR - 2020-03-09 17:55:32 --> Could not find the language line "Đóng"
ERROR - 2020-03-09 17:55:32 --> Could not find the language line "Xác Nhận"
ERROR - 2020-03-09 17:55:32 --> Could not find the language line "Đóng"
ERROR - 2020-03-09 17:55:32 --> Could not find the language line "Xác Nhận"
