ERROR - 2020-01-08 00:37:18 --> Could not find the language line "Tạo Điểm Lấy Hàng"
ERROR - 2020-01-08 00:37:18 --> Could not find the language line "Tạo Đơn Hàng"
ERROR - 2020-01-08 00:37:18 --> Severity: Warning --> Invalid argument supplied for foreach() /home/admin/domains/spshd.com/public_html/khachhang/application/views/tab4.php 394
ERROR - 2020-01-08 00:37:18 --> Could not find the language line "Đóng"
ERROR - 2020-01-08 00:37:18 --> Could not find the language line "Xác Nhận"
ERROR - 2020-01-08 00:37:18 --> Severity: Warning --> Invalid argument supplied for foreach() /home/admin/domains/spshd.com/public_html/khachhang/application/views/app.php 157
ERROR - 2020-01-08 00:37:18 --> Severity: Warning --> Invalid argument supplied for foreach() /home/admin/domains/spshd.com/public_html/khachhang/application/views/app.php 168
ERROR - 2020-01-08 00:37:18 --> Could not find the language line "Đóng"
ERROR - 2020-01-08 00:37:18 --> Could not find the language line "Xác Nhận"
ERROR - 2020-01-08 00:37:18 --> Could not find the language line "Đóng"
ERROR - 2020-01-08 00:37:18 --> Could not find the language line "Xác Nhận"
ERROR - 2020-01-08 01:20:01 --> Could not find the language line "Tạo Điểm Lấy Hàng"
ERROR - 2020-01-08 01:20:01 --> Could not find the language line "Tạo Đơn Hàng"
ERROR - 2020-01-08 01:20:01 --> Severity: Warning --> Invalid argument supplied for foreach() /home/admin/domains/spshd.com/public_html/khachhang/application/views/tab4.php 394
ERROR - 2020-01-08 01:20:01 --> Could not find the language line "Đóng"
ERROR - 2020-01-08 01:20:01 --> Could not find the language line "Xác Nhận"
ERROR - 2020-01-08 01:20:01 --> Severity: Warning --> Invalid argument supplied for foreach() /home/admin/domains/spshd.com/public_html/khachhang/application/views/app.php 157
ERROR - 2020-01-08 01:20:01 --> Severity: Warning --> Invalid argument supplied for foreach() /home/admin/domains/spshd.com/public_html/khachhang/application/views/app.php 168
ERROR - 2020-01-08 01:20:01 --> Could not find the language line "Đóng"
ERROR - 2020-01-08 01:20:01 --> Could not find the language line "Xác Nhận"
ERROR - 2020-01-08 01:20:01 --> Could not find the language line "Đóng"
ERROR - 2020-01-08 01:20:01 --> Could not find the language line "Xác Nhận"
ERROR - 2020-01-08 03:38:54 --> Could not find the language line "Tạo Điểm Lấy Hàng"
ERROR - 2020-01-08 03:38:54 --> Could not find the language line "Tạo Đơn Hàng"
ERROR - 2020-01-08 03:38:54 --> Severity: Warning --> Invalid argument supplied for foreach() /home/admin/domains/spshd.com/public_html/khachhang/application/views/tab4.php 394
ERROR - 2020-01-08 03:38:54 --> Could not find the language line "Đóng"
ERROR - 2020-01-08 03:38:54 --> Could not find the language line "Xác Nhận"
ERROR - 2020-01-08 03:38:54 --> Severity: Warning --> Invalid argument supplied for foreach() /home/admin/domains/spshd.com/public_html/khachhang/application/views/app.php 157
ERROR - 2020-01-08 03:38:54 --> Severity: Warning --> Invalid argument supplied for foreach() /home/admin/domains/spshd.com/public_html/khachhang/application/views/app.php 168
ERROR - 2020-01-08 03:38:54 --> Could not find the language line "Đóng"
ERROR - 2020-01-08 03:38:54 --> Could not find the language line "Xác Nhận"
ERROR - 2020-01-08 03:38:54 --> Could not find the language line "Đóng"
ERROR - 2020-01-08 03:38:54 --> Could not find the language line "Xác Nhận"
ERROR - 2020-01-08 05:19:10 --> Could not find the language line "Tạo Điểm Lấy Hàng"
ERROR - 2020-01-08 05:19:10 --> Could not find the language line "Tạo Đơn Hàng"
ERROR - 2020-01-08 05:19:10 --> Severity: Warning --> Invalid argument supplied for foreach() /home/admin/domains/spshd.com/public_html/khachhang/application/views/tab4.php 394
ERROR - 2020-01-08 05:19:10 --> Could not find the language line "Đóng"
ERROR - 2020-01-08 05:19:10 --> Could not find the language line "Xác Nhận"
ERROR - 2020-01-08 05:19:10 --> Severity: Warning --> Invalid argument supplied for foreach() /home/admin/domains/spshd.com/public_html/khachhang/application/views/app.php 157
ERROR - 2020-01-08 05:19:10 --> Severity: Warning --> Invalid argument supplied for foreach() /home/admin/domains/spshd.com/public_html/khachhang/application/views/app.php 168
ERROR - 2020-01-08 05:19:10 --> Could not find the language line "Đóng"
ERROR - 2020-01-08 05:19:10 --> Could not find the language line "Xác Nhận"
ERROR - 2020-01-08 05:19:10 --> Could not find the language line "Đóng"
ERROR - 2020-01-08 05:19:10 --> Could not find the language line "Xác Nhận"
ERROR - 2020-01-08 05:27:37 --> Could not find the language line "Email"
ERROR - 2020-01-08 05:27:37 --> Could not find the language line "password"
ERROR - 2020-01-08 08:13:16 --> Could not find the language line "Email"
ERROR - 2020-01-08 08:13:16 --> Could not find the language line "password"
ERROR - 2020-01-08 08:13:37 --> Could not find the language line "Email"
ERROR - 2020-01-08 08:13:37 --> Could not find the language line "password"
ERROR - 2020-01-08 08:14:07 --> Could not find the language line "Email"
ERROR - 2020-01-08 08:14:07 --> Could not find the language line "password"
ERROR - 2020-01-08 08:14:11 --> Could not find the language line "Email"
ERROR - 2020-01-08 08:14:11 --> Could not find the language line "password"
ERROR - 2020-01-08 08:14:29 --> Could not find the language line "Email"
ERROR - 2020-01-08 08:14:29 --> Could not find the language line "password"
ERROR - 2020-01-08 08:14:58 --> Could not find the language line "Email"
ERROR - 2020-01-08 08:14:58 --> Could not find the language line "password"
ERROR - 2020-01-08 08:15:15 --> Could not find the language line "Email"
ERROR - 2020-01-08 08:15:15 --> Could not find the language line "password"
ERROR - 2020-01-08 08:15:21 --> Could not find the language line "Email"
ERROR - 2020-01-08 08:15:21 --> Could not find the language line "password"
ERROR - 2020-01-08 08:15:24 --> Could not find the language line "Email"
ERROR - 2020-01-08 08:15:24 --> Could not find the language line "password"
ERROR - 2020-01-08 08:16:05 --> Could not find the language line "Email"
ERROR - 2020-01-08 08:16:05 --> Could not find the language line "password"
ERROR - 2020-01-08 08:16:08 --> Could not find the language line "Email"
ERROR - 2020-01-08 08:16:08 --> Could not find the language line "password"
ERROR - 2020-01-08 08:16:39 --> Could not find the language line "Email"
ERROR - 2020-01-08 08:16:39 --> Could not find the language line "password"
ERROR - 2020-01-08 08:16:43 --> Could not find the language line "Email"
ERROR - 2020-01-08 08:16:43 --> Could not find the language line "password"
ERROR - 2020-01-08 08:17:45 --> Could not find the language line "Email"
ERROR - 2020-01-08 08:17:45 --> Could not find the language line "password"
ERROR - 2020-01-08 08:17:50 --> Could not find the language line "Email"
ERROR - 2020-01-08 08:17:50 --> Could not find the language line "password"
ERROR - 2020-01-08 08:31:54 --> Could not find the language line "Tạo Điểm Lấy Hàng"
ERROR - 2020-01-08 08:31:54 --> Could not find the language line "Tạo Đơn Hàng"
ERROR - 2020-01-08 08:31:54 --> Severity: Warning --> Invalid argument supplied for foreach() /home/admin/domains/spshd.com/public_html/khachhang/application/views/tab4.php 394
ERROR - 2020-01-08 08:31:54 --> Could not find the language line "Đóng"
ERROR - 2020-01-08 08:31:54 --> Could not find the language line "Xác Nhận"
ERROR - 2020-01-08 08:31:54 --> Severity: Warning --> Invalid argument supplied for foreach() /home/admin/domains/spshd.com/public_html/khachhang/application/views/app.php 157
ERROR - 2020-01-08 08:31:54 --> Severity: Warning --> Invalid argument supplied for foreach() /home/admin/domains/spshd.com/public_html/khachhang/application/views/app.php 168
ERROR - 2020-01-08 08:31:54 --> Could not find the language line "Đóng"
ERROR - 2020-01-08 08:31:54 --> Could not find the language line "Xác Nhận"
ERROR - 2020-01-08 08:31:54 --> Could not find the language line "Đóng"
ERROR - 2020-01-08 08:31:54 --> Could not find the language line "Xác Nhận"
ERROR - 2020-01-08 08:32:25 --> Could not find the language line "Tạo Điểm Lấy Hàng"
ERROR - 2020-01-08 08:32:25 --> Could not find the language line "Tạo Đơn Hàng"
ERROR - 2020-01-08 08:32:25 --> Severity: Warning --> Invalid argument supplied for foreach() /home/admin/domains/spshd.com/public_html/khachhang/application/views/tab4.php 394
ERROR - 2020-01-08 08:32:25 --> Could not find the language line "Đóng"
ERROR - 2020-01-08 08:32:25 --> Could not find the language line "Xác Nhận"
ERROR - 2020-01-08 08:32:25 --> Severity: Warning --> Invalid argument supplied for foreach() /home/admin/domains/spshd.com/public_html/khachhang/application/views/app.php 157
ERROR - 2020-01-08 08:32:25 --> Severity: Warning --> Invalid argument supplied for foreach() /home/admin/domains/spshd.com/public_html/khachhang/application/views/app.php 168
ERROR - 2020-01-08 08:32:25 --> Could not find the language line "Đóng"
ERROR - 2020-01-08 08:32:25 --> Could not find the language line "Xác Nhận"
ERROR - 2020-01-08 08:32:25 --> Could not find the language line "Đóng"
ERROR - 2020-01-08 08:32:25 --> Could not find the language line "Xác Nhận"
ERROR - 2020-01-08 08:33:10 --> Could not find the language line "Tạo Điểm Lấy Hàng"
ERROR - 2020-01-08 08:33:10 --> Could not find the language line "Tạo Đơn Hàng"
ERROR - 2020-01-08 08:33:10 --> Severity: Warning --> Invalid argument supplied for foreach() /home/admin/domains/spshd.com/public_html/khachhang/application/views/tab4.php 394
ERROR - 2020-01-08 08:33:10 --> Could not find the language line "Đóng"
ERROR - 2020-01-08 08:33:10 --> Could not find the language line "Xác Nhận"
ERROR - 2020-01-08 08:33:10 --> Severity: Warning --> Invalid argument supplied for foreach() /home/admin/domains/spshd.com/public_html/khachhang/application/views/app.php 157
ERROR - 2020-01-08 08:33:10 --> Severity: Warning --> Invalid argument supplied for foreach() /home/admin/domains/spshd.com/public_html/khachhang/application/views/app.php 168
ERROR - 2020-01-08 08:33:10 --> Could not find the language line "Đóng"
ERROR - 2020-01-08 08:33:10 --> Could not find the language line "Xác Nhận"
ERROR - 2020-01-08 08:33:10 --> Could not find the language line "Đóng"
ERROR - 2020-01-08 08:33:10 --> Could not find the language line "Xác Nhận"
ERROR - 2020-01-08 08:47:04 --> Could not find the language line "Tạo Điểm Lấy Hàng"
ERROR - 2020-01-08 08:47:04 --> Could not find the language line "Tạo Đơn Hàng"
ERROR - 2020-01-08 08:47:04 --> Severity: Warning --> Invalid argument supplied for foreach() /home/admin/domains/spshd.com/public_html/khachhang/application/views/tab4.php 394
ERROR - 2020-01-08 08:47:04 --> Could not find the language line "Đóng"
ERROR - 2020-01-08 08:47:04 --> Could not find the language line "Xác Nhận"
ERROR - 2020-01-08 08:47:04 --> Severity: Warning --> Invalid argument supplied for foreach() /home/admin/domains/spshd.com/public_html/khachhang/application/views/app.php 157
ERROR - 2020-01-08 08:47:04 --> Severity: Warning --> Invalid argument supplied for foreach() /home/admin/domains/spshd.com/public_html/khachhang/application/views/app.php 168
ERROR - 2020-01-08 08:47:04 --> Could not find the language line "Đóng"
ERROR - 2020-01-08 08:47:04 --> Could not find the language line "Xác Nhận"
ERROR - 2020-01-08 08:47:04 --> Could not find the language line "Đóng"
ERROR - 2020-01-08 08:47:04 --> Could not find the language line "Xác Nhận"
ERROR - 2020-01-08 09:07:20 --> Could not find the language line "Email"
ERROR - 2020-01-08 09:07:20 --> Could not find the language line "password"
ERROR - 2020-01-08 09:07:35 --> Could not find the language line "Email"
ERROR - 2020-01-08 09:07:35 --> Could not find the language line "password"
ERROR - 2020-01-08 09:07:37 --> Could not find the language line "Email"
ERROR - 2020-01-08 09:07:37 --> Could not find the language line "password"
ERROR - 2020-01-08 09:07:50 --> Could not find the language line "Email"
ERROR - 2020-01-08 09:07:50 --> Could not find the language line "password"
ERROR - 2020-01-08 09:08:03 --> Could not find the language line "Email"
ERROR - 2020-01-08 09:08:03 --> Could not find the language line "password"
ERROR - 2020-01-08 09:08:05 --> Could not find the language line "Email"
ERROR - 2020-01-08 09:08:05 --> Could not find the language line "password"
ERROR - 2020-01-08 09:08:08 --> Could not find the language line "Email"
ERROR - 2020-01-08 09:08:08 --> Could not find the language line "password"
ERROR - 2020-01-08 09:10:09 --> Could not find the language line "Email"
ERROR - 2020-01-08 09:10:09 --> Could not find the language line "password"
ERROR - 2020-01-08 09:10:28 --> Could not find the language line "Tạo Điểm Lấy Hàng"
ERROR - 2020-01-08 09:10:28 --> Could not find the language line "Tạo Đơn Hàng"
ERROR - 2020-01-08 09:10:28 --> Severity: Warning --> Invalid argument supplied for foreach() /home/admin/domains/spshd.com/public_html/khachhang/application/views/tab4.php 394
ERROR - 2020-01-08 09:10:28 --> Could not find the language line "Đóng"
ERROR - 2020-01-08 09:10:28 --> Could not find the language line "Xác Nhận"
ERROR - 2020-01-08 09:10:28 --> Severity: Warning --> Invalid argument supplied for foreach() /home/admin/domains/spshd.com/public_html/khachhang/application/views/app.php 157
ERROR - 2020-01-08 09:10:28 --> Severity: Warning --> Invalid argument supplied for foreach() /home/admin/domains/spshd.com/public_html/khachhang/application/views/app.php 168
ERROR - 2020-01-08 09:10:28 --> Could not find the language line "Đóng"
ERROR - 2020-01-08 09:10:28 --> Could not find the language line "Xác Nhận"
ERROR - 2020-01-08 09:10:28 --> Could not find the language line "Đóng"
ERROR - 2020-01-08 09:10:28 --> Could not find the language line "Xác Nhận"
ERROR - 2020-01-08 09:10:28 --> Could not find the language line "Tạo Điểm Lấy Hàng"
ERROR - 2020-01-08 09:10:28 --> Could not find the language line "Tạo Đơn Hàng"
ERROR - 2020-01-08 09:10:28 --> Severity: Warning --> Invalid argument supplied for foreach() /home/admin/domains/spshd.com/public_html/khachhang/application/views/tab4.php 394
ERROR - 2020-01-08 09:10:28 --> Could not find the language line "Đóng"
ERROR - 2020-01-08 09:10:28 --> Could not find the language line "Xác Nhận"
ERROR - 2020-01-08 09:10:28 --> Severity: Warning --> Invalid argument supplied for foreach() /home/admin/domains/spshd.com/public_html/khachhang/application/views/app.php 157
ERROR - 2020-01-08 09:10:28 --> Severity: Warning --> Invalid argument supplied for foreach() /home/admin/domains/spshd.com/public_html/khachhang/application/views/app.php 168
ERROR - 2020-01-08 09:10:28 --> Could not find the language line "Đóng"
ERROR - 2020-01-08 09:10:28 --> Could not find the language line "Xác Nhận"
ERROR - 2020-01-08 09:10:28 --> Could not find the language line "Đóng"
ERROR - 2020-01-08 09:10:28 --> Could not find the language line "Xác Nhận"
ERROR - 2020-01-08 09:13:05 --> Could not find the language line "Tạo Điểm Lấy Hàng"
ERROR - 2020-01-08 09:13:05 --> Could not find the language line "Tạo Đơn Hàng"
ERROR - 2020-01-08 09:13:05 --> Severity: Warning --> Invalid argument supplied for foreach() /home/admin/domains/spshd.com/public_html/khachhang/application/views/tab4.php 394
ERROR - 2020-01-08 09:13:05 --> Could not find the language line "Đóng"
ERROR - 2020-01-08 09:13:05 --> Could not find the language line "Xác Nhận"
ERROR - 2020-01-08 09:13:05 --> Severity: Warning --> Invalid argument supplied for foreach() /home/admin/domains/spshd.com/public_html/khachhang/application/views/app.php 157
ERROR - 2020-01-08 09:13:05 --> Severity: Warning --> Invalid argument supplied for foreach() /home/admin/domains/spshd.com/public_html/khachhang/application/views/app.php 168
ERROR - 2020-01-08 09:13:05 --> Could not find the language line "Đóng"
ERROR - 2020-01-08 09:13:05 --> Could not find the language line "Xác Nhận"
ERROR - 2020-01-08 09:13:05 --> Could not find the language line "Đóng"
ERROR - 2020-01-08 09:13:05 --> Could not find the language line "Xác Nhận"
ERROR - 2020-01-08 09:13:55 --> Could not find the language line "Tạo Điểm Lấy Hàng"
ERROR - 2020-01-08 09:13:55 --> Could not find the language line "Tạo Đơn Hàng"
ERROR - 2020-01-08 09:13:55 --> Severity: Warning --> Invalid argument supplied for foreach() /home/admin/domains/spshd.com/public_html/khachhang/application/views/tab4.php 394
ERROR - 2020-01-08 09:13:55 --> Could not find the language line "Đóng"
ERROR - 2020-01-08 09:13:55 --> Could not find the language line "Xác Nhận"
ERROR - 2020-01-08 09:13:55 --> Severity: Warning --> Invalid argument supplied for foreach() /home/admin/domains/spshd.com/public_html/khachhang/application/views/app.php 157
ERROR - 2020-01-08 09:13:55 --> Severity: Warning --> Invalid argument supplied for foreach() /home/admin/domains/spshd.com/public_html/khachhang/application/views/app.php 168
ERROR - 2020-01-08 09:13:55 --> Could not find the language line "Đóng"
ERROR - 2020-01-08 09:13:55 --> Could not find the language line "Xác Nhận"
ERROR - 2020-01-08 09:13:55 --> Could not find the language line "Đóng"
ERROR - 2020-01-08 09:13:55 --> Could not find the language line "Xác Nhận"
ERROR - 2020-01-08 09:24:42 --> Could not find the language line "Tạo Điểm Lấy Hàng"
ERROR - 2020-01-08 09:24:42 --> Could not find the language line "Tạo Đơn Hàng"
ERROR - 2020-01-08 09:24:42 --> Severity: Warning --> Invalid argument supplied for foreach() /home/admin/domains/spshd.com/public_html/khachhang/application/views/tab4.php 394
ERROR - 2020-01-08 09:24:42 --> Could not find the language line "Đóng"
ERROR - 2020-01-08 09:24:42 --> Could not find the language line "Xác Nhận"
ERROR - 2020-01-08 09:24:42 --> Severity: Warning --> Invalid argument supplied for foreach() /home/admin/domains/spshd.com/public_html/khachhang/application/views/app.php 157
ERROR - 2020-01-08 09:24:42 --> Severity: Warning --> Invalid argument supplied for foreach() /home/admin/domains/spshd.com/public_html/khachhang/application/views/app.php 168
ERROR - 2020-01-08 09:24:42 --> Could not find the language line "Đóng"
ERROR - 2020-01-08 09:24:42 --> Could not find the language line "Xác Nhận"
ERROR - 2020-01-08 09:24:42 --> Could not find the language line "Đóng"
ERROR - 2020-01-08 09:24:42 --> Could not find the language line "Xác Nhận"
ERROR - 2020-01-08 10:29:59 --> Could not find the language line "Tạo Điểm Lấy Hàng"
ERROR - 2020-01-08 10:29:59 --> Could not find the language line "Tạo Đơn Hàng"
ERROR - 2020-01-08 10:29:59 --> Severity: Warning --> Invalid argument supplied for foreach() /home/admin/domains/spshd.com/public_html/khachhang/application/views/tab4.php 394
ERROR - 2020-01-08 10:29:59 --> Could not find the language line "Đóng"
ERROR - 2020-01-08 10:29:59 --> Could not find the language line "Xác Nhận"
ERROR - 2020-01-08 10:29:59 --> Severity: Warning --> Invalid argument supplied for foreach() /home/admin/domains/spshd.com/public_html/khachhang/application/views/app.php 157
ERROR - 2020-01-08 10:29:59 --> Severity: Warning --> Invalid argument supplied for foreach() /home/admin/domains/spshd.com/public_html/khachhang/application/views/app.php 168
ERROR - 2020-01-08 10:29:59 --> Could not find the language line "Đóng"
ERROR - 2020-01-08 10:29:59 --> Could not find the language line "Xác Nhận"
ERROR - 2020-01-08 10:29:59 --> Could not find the language line "Đóng"
ERROR - 2020-01-08 10:29:59 --> Could not find the language line "Xác Nhận"
ERROR - 2020-01-08 12:58:53 --> Could not find the language line "Tạo Điểm Lấy Hàng"
ERROR - 2020-01-08 12:58:53 --> Could not find the language line "Tạo Đơn Hàng"
ERROR - 2020-01-08 12:58:53 --> Severity: Warning --> Invalid argument supplied for foreach() /home/admin/domains/spshd.com/public_html/khachhang/application/views/tab4.php 394
ERROR - 2020-01-08 12:58:53 --> Could not find the language line "Đóng"
ERROR - 2020-01-08 12:58:53 --> Could not find the language line "Xác Nhận"
ERROR - 2020-01-08 12:58:53 --> Severity: Warning --> Invalid argument supplied for foreach() /home/admin/domains/spshd.com/public_html/khachhang/application/views/app.php 157
ERROR - 2020-01-08 12:58:53 --> Severity: Warning --> Invalid argument supplied for foreach() /home/admin/domains/spshd.com/public_html/khachhang/application/views/app.php 168
ERROR - 2020-01-08 12:58:53 --> Could not find the language line "Đóng"
ERROR - 2020-01-08 12:58:53 --> Could not find the language line "Xác Nhận"
ERROR - 2020-01-08 12:58:53 --> Could not find the language line "Đóng"
ERROR - 2020-01-08 12:58:53 --> Could not find the language line "Xác Nhận"
ERROR - 2020-01-08 12:58:54 --> Could not find the language line "Tạo Điểm Lấy Hàng"
ERROR - 2020-01-08 12:58:54 --> Could not find the language line "Tạo Đơn Hàng"
ERROR - 2020-01-08 12:58:54 --> Severity: Warning --> Invalid argument supplied for foreach() /home/admin/domains/spshd.com/public_html/khachhang/application/views/tab4.php 394
ERROR - 2020-01-08 12:58:54 --> Could not find the language line "Đóng"
ERROR - 2020-01-08 12:58:54 --> Could not find the language line "Xác Nhận"
ERROR - 2020-01-08 12:58:54 --> Severity: Warning --> Invalid argument supplied for foreach() /home/admin/domains/spshd.com/public_html/khachhang/application/views/app.php 157
ERROR - 2020-01-08 12:58:54 --> Severity: Warning --> Invalid argument supplied for foreach() /home/admin/domains/spshd.com/public_html/khachhang/application/views/app.php 168
ERROR - 2020-01-08 12:58:54 --> Could not find the language line "Đóng"
ERROR - 2020-01-08 12:58:54 --> Could not find the language line "Xác Nhận"
ERROR - 2020-01-08 12:58:54 --> Could not find the language line "Đóng"
ERROR - 2020-01-08 12:58:54 --> Could not find the language line "Xác Nhận"
ERROR - 2020-01-08 15:41:28 --> Could not find the language line "Tạo Điểm Lấy Hàng"
ERROR - 2020-01-08 15:41:28 --> Could not find the language line "Tạo Đơn Hàng"
ERROR - 2020-01-08 15:41:28 --> Severity: Warning --> Invalid argument supplied for foreach() /home/admin/domains/spshd.com/public_html/khachhang/application/views/tab4.php 394
ERROR - 2020-01-08 15:41:28 --> Could not find the language line "Đóng"
ERROR - 2020-01-08 15:41:28 --> Could not find the language line "Xác Nhận"
ERROR - 2020-01-08 15:41:28 --> Severity: Warning --> Invalid argument supplied for foreach() /home/admin/domains/spshd.com/public_html/khachhang/application/views/app.php 157
ERROR - 2020-01-08 15:41:28 --> Severity: Warning --> Invalid argument supplied for foreach() /home/admin/domains/spshd.com/public_html/khachhang/application/views/app.php 168
ERROR - 2020-01-08 15:41:28 --> Could not find the language line "Đóng"
ERROR - 2020-01-08 15:41:28 --> Could not find the language line "Xác Nhận"
ERROR - 2020-01-08 15:41:28 --> Could not find the language line "Đóng"
ERROR - 2020-01-08 15:41:28 --> Could not find the language line "Xác Nhận"
ERROR - 2020-01-08 15:41:29 --> Could not find the language line "Tạo Điểm Lấy Hàng"
ERROR - 2020-01-08 15:41:29 --> Could not find the language line "Tạo Đơn Hàng"
ERROR - 2020-01-08 15:41:29 --> Severity: Warning --> Invalid argument supplied for foreach() /home/admin/domains/spshd.com/public_html/khachhang/application/views/tab4.php 394
ERROR - 2020-01-08 15:41:29 --> Could not find the language line "Đóng"
ERROR - 2020-01-08 15:41:29 --> Could not find the language line "Xác Nhận"
ERROR - 2020-01-08 15:41:29 --> Severity: Warning --> Invalid argument supplied for foreach() /home/admin/domains/spshd.com/public_html/khachhang/application/views/app.php 157
ERROR - 2020-01-08 15:41:29 --> Severity: Warning --> Invalid argument supplied for foreach() /home/admin/domains/spshd.com/public_html/khachhang/application/views/app.php 168
ERROR - 2020-01-08 15:41:29 --> Could not find the language line "Đóng"
ERROR - 2020-01-08 15:41:29 --> Could not find the language line "Xác Nhận"
ERROR - 2020-01-08 15:41:29 --> Could not find the language line "Đóng"
ERROR - 2020-01-08 15:41:29 --> Could not find the language line "Xác Nhận"
ERROR - 2020-01-08 17:18:46 --> Could not find the language line "Email"
ERROR - 2020-01-08 17:18:46 --> Could not find the language line "password"
