ERROR - 2020-07-09 00:39:43 --> Could not find the language line "Tạo Điểm Lấy Hàng"
ERROR - 2020-07-09 00:39:43 --> Could not find the language line "Tạo Đơn Hàng"
ERROR - 2020-07-09 00:39:43 --> Could not find the language line "Tải Excel"
ERROR - 2020-07-09 00:39:43 --> Could not find the language line "Đóng"
ERROR - 2020-07-09 00:39:43 --> Could not find the language line "Xác Nhận"
ERROR - 2020-07-09 00:39:43 --> Severity: Warning --> Invalid argument supplied for foreach() /home/admin/domains/spshd.com/public_html/khachhang/application/views/app.php 162
ERROR - 2020-07-09 00:39:43 --> Severity: Warning --> Invalid argument supplied for foreach() /home/admin/domains/spshd.com/public_html/khachhang/application/views/app.php 173
ERROR - 2020-07-09 00:39:43 --> Could not find the language line "Đóng"
ERROR - 2020-07-09 00:39:43 --> Could not find the language line "Xác Nhận"
ERROR - 2020-07-09 00:39:43 --> Could not find the language line "Đóng"
ERROR - 2020-07-09 00:39:43 --> Could not find the language line "Xác Nhận"
ERROR - 2020-07-09 00:39:43 --> Could not find the language line "Đóng"
ERROR - 2020-07-09 00:39:43 --> Could not find the language line "Tải"
ERROR - 2020-07-09 00:47:11 --> Could not find the language line "Tạo Điểm Lấy Hàng"
ERROR - 2020-07-09 00:47:11 --> Could not find the language line "Tạo Đơn Hàng"
ERROR - 2020-07-09 00:47:11 --> Could not find the language line "Tải Excel"
ERROR - 2020-07-09 00:47:11 --> Could not find the language line "Đóng"
ERROR - 2020-07-09 00:47:11 --> Could not find the language line "Xác Nhận"
ERROR - 2020-07-09 00:47:11 --> Severity: Warning --> Invalid argument supplied for foreach() /home/admin/domains/spshd.com/public_html/khachhang/application/views/app.php 162
ERROR - 2020-07-09 00:47:11 --> Severity: Warning --> Invalid argument supplied for foreach() /home/admin/domains/spshd.com/public_html/khachhang/application/views/app.php 173
ERROR - 2020-07-09 00:47:11 --> Could not find the language line "Đóng"
ERROR - 2020-07-09 00:47:11 --> Could not find the language line "Xác Nhận"
ERROR - 2020-07-09 00:47:11 --> Could not find the language line "Đóng"
ERROR - 2020-07-09 00:47:11 --> Could not find the language line "Xác Nhận"
ERROR - 2020-07-09 00:47:11 --> Could not find the language line "Đóng"
ERROR - 2020-07-09 00:47:11 --> Could not find the language line "Tải"
ERROR - 2020-07-09 00:49:05 --> Could not find the language line "Tạo Điểm Lấy Hàng"
ERROR - 2020-07-09 00:49:05 --> Could not find the language line "Tạo Đơn Hàng"
ERROR - 2020-07-09 00:49:05 --> Could not find the language line "Tải Excel"
ERROR - 2020-07-09 00:49:05 --> Could not find the language line "Đóng"
ERROR - 2020-07-09 00:49:05 --> Could not find the language line "Xác Nhận"
ERROR - 2020-07-09 00:49:05 --> Severity: Warning --> Invalid argument supplied for foreach() /home/admin/domains/spshd.com/public_html/khachhang/application/views/app.php 162
ERROR - 2020-07-09 00:49:05 --> Severity: Warning --> Invalid argument supplied for foreach() /home/admin/domains/spshd.com/public_html/khachhang/application/views/app.php 173
ERROR - 2020-07-09 00:49:05 --> Could not find the language line "Đóng"
ERROR - 2020-07-09 00:49:05 --> Could not find the language line "Xác Nhận"
ERROR - 2020-07-09 00:49:05 --> Could not find the language line "Đóng"
ERROR - 2020-07-09 00:49:05 --> Could not find the language line "Xác Nhận"
ERROR - 2020-07-09 00:49:05 --> Could not find the language line "Đóng"
ERROR - 2020-07-09 00:49:05 --> Could not find the language line "Tải"
ERROR - 2020-07-09 00:52:36 --> Could not find the language line "Tạo Điểm Lấy Hàng"
ERROR - 2020-07-09 00:52:36 --> Could not find the language line "Tạo Đơn Hàng"
ERROR - 2020-07-09 00:52:36 --> Could not find the language line "Tải Excel"
ERROR - 2020-07-09 00:52:36 --> Could not find the language line "Đóng"
ERROR - 2020-07-09 00:52:36 --> Could not find the language line "Xác Nhận"
ERROR - 2020-07-09 00:52:36 --> Severity: Warning --> Invalid argument supplied for foreach() /home/admin/domains/spshd.com/public_html/khachhang/application/views/app.php 162
ERROR - 2020-07-09 00:52:36 --> Severity: Warning --> Invalid argument supplied for foreach() /home/admin/domains/spshd.com/public_html/khachhang/application/views/app.php 173
ERROR - 2020-07-09 00:52:36 --> Could not find the language line "Đóng"
ERROR - 2020-07-09 00:52:36 --> Could not find the language line "Xác Nhận"
ERROR - 2020-07-09 00:52:36 --> Could not find the language line "Đóng"
ERROR - 2020-07-09 00:52:36 --> Could not find the language line "Xác Nhận"
ERROR - 2020-07-09 00:52:36 --> Could not find the language line "Đóng"
ERROR - 2020-07-09 00:52:36 --> Could not find the language line "Tải"
ERROR - 2020-07-09 00:54:11 --> Could not find the language line "Tạo Điểm Lấy Hàng"
ERROR - 2020-07-09 00:54:11 --> Could not find the language line "Tạo Đơn Hàng"
ERROR - 2020-07-09 00:54:11 --> Could not find the language line "Tải Excel"
ERROR - 2020-07-09 00:54:11 --> Could not find the language line "Đóng"
ERROR - 2020-07-09 00:54:11 --> Could not find the language line "Xác Nhận"
ERROR - 2020-07-09 00:54:11 --> Severity: Warning --> Invalid argument supplied for foreach() /home/admin/domains/spshd.com/public_html/khachhang/application/views/app.php 162
ERROR - 2020-07-09 00:54:11 --> Severity: Warning --> Invalid argument supplied for foreach() /home/admin/domains/spshd.com/public_html/khachhang/application/views/app.php 173
ERROR - 2020-07-09 00:54:11 --> Could not find the language line "Đóng"
ERROR - 2020-07-09 00:54:11 --> Could not find the language line "Xác Nhận"
ERROR - 2020-07-09 00:54:11 --> Could not find the language line "Đóng"
ERROR - 2020-07-09 00:54:11 --> Could not find the language line "Xác Nhận"
ERROR - 2020-07-09 00:54:11 --> Could not find the language line "Đóng"
ERROR - 2020-07-09 00:54:11 --> Could not find the language line "Tải"
ERROR - 2020-07-09 00:57:09 --> Could not find the language line "Tạo Điểm Lấy Hàng"
ERROR - 2020-07-09 00:57:09 --> Could not find the language line "Tạo Đơn Hàng"
ERROR - 2020-07-09 00:57:09 --> Could not find the language line "Tải Excel"
ERROR - 2020-07-09 00:57:09 --> Could not find the language line "Đóng"
ERROR - 2020-07-09 00:57:09 --> Could not find the language line "Xác Nhận"
ERROR - 2020-07-09 00:57:09 --> Severity: Warning --> Invalid argument supplied for foreach() /home/admin/domains/spshd.com/public_html/khachhang/application/views/app.php 162
ERROR - 2020-07-09 00:57:09 --> Severity: Warning --> Invalid argument supplied for foreach() /home/admin/domains/spshd.com/public_html/khachhang/application/views/app.php 173
ERROR - 2020-07-09 00:57:09 --> Could not find the language line "Đóng"
ERROR - 2020-07-09 00:57:09 --> Could not find the language line "Xác Nhận"
ERROR - 2020-07-09 00:57:09 --> Could not find the language line "Đóng"
ERROR - 2020-07-09 00:57:09 --> Could not find the language line "Xác Nhận"
ERROR - 2020-07-09 00:57:09 --> Could not find the language line "Đóng"
ERROR - 2020-07-09 00:57:09 --> Could not find the language line "Tải"
ERROR - 2020-07-09 00:59:17 --> Could not find the language line "Tạo Điểm Lấy Hàng"
ERROR - 2020-07-09 00:59:17 --> Could not find the language line "Tạo Đơn Hàng"
ERROR - 2020-07-09 00:59:17 --> Could not find the language line "Tải Excel"
ERROR - 2020-07-09 00:59:17 --> Could not find the language line "Đóng"
ERROR - 2020-07-09 00:59:17 --> Could not find the language line "Xác Nhận"
ERROR - 2020-07-09 00:59:17 --> Severity: Warning --> Invalid argument supplied for foreach() /home/admin/domains/spshd.com/public_html/khachhang/application/views/app.php 162
ERROR - 2020-07-09 00:59:17 --> Severity: Warning --> Invalid argument supplied for foreach() /home/admin/domains/spshd.com/public_html/khachhang/application/views/app.php 173
ERROR - 2020-07-09 00:59:17 --> Could not find the language line "Đóng"
ERROR - 2020-07-09 00:59:17 --> Could not find the language line "Xác Nhận"
ERROR - 2020-07-09 00:59:17 --> Could not find the language line "Đóng"
ERROR - 2020-07-09 00:59:17 --> Could not find the language line "Xác Nhận"
ERROR - 2020-07-09 00:59:17 --> Could not find the language line "Đóng"
ERROR - 2020-07-09 00:59:17 --> Could not find the language line "Tải"
ERROR - 2020-07-09 01:00:34 --> Could not find the language line "Tạo Điểm Lấy Hàng"
ERROR - 2020-07-09 01:00:34 --> Could not find the language line "Tạo Đơn Hàng"
ERROR - 2020-07-09 01:00:34 --> Could not find the language line "Tải Excel"
ERROR - 2020-07-09 01:00:34 --> Could not find the language line "Đóng"
ERROR - 2020-07-09 01:00:34 --> Could not find the language line "Xác Nhận"
ERROR - 2020-07-09 01:00:34 --> Severity: Warning --> Invalid argument supplied for foreach() /home/admin/domains/spshd.com/public_html/khachhang/application/views/app.php 162
ERROR - 2020-07-09 01:00:34 --> Severity: Warning --> Invalid argument supplied for foreach() /home/admin/domains/spshd.com/public_html/khachhang/application/views/app.php 173
ERROR - 2020-07-09 01:00:34 --> Could not find the language line "Đóng"
ERROR - 2020-07-09 01:00:34 --> Could not find the language line "Xác Nhận"
ERROR - 2020-07-09 01:00:34 --> Could not find the language line "Đóng"
ERROR - 2020-07-09 01:00:34 --> Could not find the language line "Xác Nhận"
ERROR - 2020-07-09 01:00:34 --> Could not find the language line "Đóng"
ERROR - 2020-07-09 01:00:34 --> Could not find the language line "Tải"
ERROR - 2020-07-09 01:01:42 --> Could not find the language line "Tạo Điểm Lấy Hàng"
ERROR - 2020-07-09 01:01:42 --> Could not find the language line "Tạo Đơn Hàng"
ERROR - 2020-07-09 01:01:42 --> Could not find the language line "Tải Excel"
ERROR - 2020-07-09 01:01:42 --> Could not find the language line "Đóng"
ERROR - 2020-07-09 01:01:42 --> Could not find the language line "Xác Nhận"
ERROR - 2020-07-09 01:01:42 --> Severity: Warning --> Invalid argument supplied for foreach() /home/admin/domains/spshd.com/public_html/khachhang/application/views/app.php 162
ERROR - 2020-07-09 01:01:42 --> Severity: Warning --> Invalid argument supplied for foreach() /home/admin/domains/spshd.com/public_html/khachhang/application/views/app.php 173
ERROR - 2020-07-09 01:01:42 --> Could not find the language line "Đóng"
ERROR - 2020-07-09 01:01:42 --> Could not find the language line "Xác Nhận"
ERROR - 2020-07-09 01:01:42 --> Could not find the language line "Đóng"
ERROR - 2020-07-09 01:01:42 --> Could not find the language line "Xác Nhận"
ERROR - 2020-07-09 01:01:42 --> Could not find the language line "Đóng"
ERROR - 2020-07-09 01:01:42 --> Could not find the language line "Tải"
ERROR - 2020-07-09 01:02:48 --> Could not find the language line "Tạo Điểm Lấy Hàng"
ERROR - 2020-07-09 01:02:48 --> Could not find the language line "Tạo Đơn Hàng"
ERROR - 2020-07-09 01:02:48 --> Could not find the language line "Tải Excel"
ERROR - 2020-07-09 01:02:48 --> Could not find the language line "Đóng"
ERROR - 2020-07-09 01:02:48 --> Could not find the language line "Xác Nhận"
ERROR - 2020-07-09 01:02:48 --> Severity: Warning --> Invalid argument supplied for foreach() /home/admin/domains/spshd.com/public_html/khachhang/application/views/app.php 162
ERROR - 2020-07-09 01:02:48 --> Severity: Warning --> Invalid argument supplied for foreach() /home/admin/domains/spshd.com/public_html/khachhang/application/views/app.php 173
ERROR - 2020-07-09 01:02:48 --> Could not find the language line "Đóng"
ERROR - 2020-07-09 01:02:48 --> Could not find the language line "Xác Nhận"
ERROR - 2020-07-09 01:02:48 --> Could not find the language line "Đóng"
ERROR - 2020-07-09 01:02:48 --> Could not find the language line "Xác Nhận"
ERROR - 2020-07-09 01:02:48 --> Could not find the language line "Đóng"
ERROR - 2020-07-09 01:02:48 --> Could not find the language line "Tải"
ERROR - 2020-07-09 01:04:00 --> Could not find the language line "Tạo Điểm Lấy Hàng"
ERROR - 2020-07-09 01:04:00 --> Could not find the language line "Tạo Đơn Hàng"
ERROR - 2020-07-09 01:04:00 --> Could not find the language line "Tải Excel"
ERROR - 2020-07-09 01:04:00 --> Could not find the language line "Đóng"
ERROR - 2020-07-09 01:04:00 --> Could not find the language line "Xác Nhận"
ERROR - 2020-07-09 01:04:00 --> Severity: Warning --> Invalid argument supplied for foreach() /home/admin/domains/spshd.com/public_html/khachhang/application/views/app.php 162
ERROR - 2020-07-09 01:04:00 --> Severity: Warning --> Invalid argument supplied for foreach() /home/admin/domains/spshd.com/public_html/khachhang/application/views/app.php 173
ERROR - 2020-07-09 01:04:00 --> Could not find the language line "Đóng"
ERROR - 2020-07-09 01:04:00 --> Could not find the language line "Xác Nhận"
ERROR - 2020-07-09 01:04:00 --> Could not find the language line "Đóng"
ERROR - 2020-07-09 01:04:00 --> Could not find the language line "Xác Nhận"
ERROR - 2020-07-09 01:04:00 --> Could not find the language line "Đóng"
ERROR - 2020-07-09 01:04:00 --> Could not find the language line "Tải"
ERROR - 2020-07-09 01:05:19 --> Could not find the language line "Tạo Điểm Lấy Hàng"
ERROR - 2020-07-09 01:05:19 --> Could not find the language line "Tạo Đơn Hàng"
ERROR - 2020-07-09 01:05:19 --> Could not find the language line "Tải Excel"
ERROR - 2020-07-09 01:05:19 --> Could not find the language line "Đóng"
ERROR - 2020-07-09 01:05:19 --> Could not find the language line "Xác Nhận"
ERROR - 2020-07-09 01:05:19 --> Severity: Warning --> Invalid argument supplied for foreach() /home/admin/domains/spshd.com/public_html/khachhang/application/views/app.php 162
ERROR - 2020-07-09 01:05:19 --> Severity: Warning --> Invalid argument supplied for foreach() /home/admin/domains/spshd.com/public_html/khachhang/application/views/app.php 173
ERROR - 2020-07-09 01:05:19 --> Could not find the language line "Đóng"
ERROR - 2020-07-09 01:05:19 --> Could not find the language line "Xác Nhận"
ERROR - 2020-07-09 01:05:19 --> Could not find the language line "Đóng"
ERROR - 2020-07-09 01:05:19 --> Could not find the language line "Xác Nhận"
ERROR - 2020-07-09 01:05:19 --> Could not find the language line "Đóng"
ERROR - 2020-07-09 01:05:19 --> Could not find the language line "Tải"
ERROR - 2020-07-09 01:07:46 --> Could not find the language line "Tạo Điểm Lấy Hàng"
ERROR - 2020-07-09 01:07:46 --> Could not find the language line "Tạo Đơn Hàng"
ERROR - 2020-07-09 01:07:46 --> Could not find the language line "Tải Excel"
ERROR - 2020-07-09 01:07:46 --> Could not find the language line "Đóng"
ERROR - 2020-07-09 01:07:46 --> Could not find the language line "Xác Nhận"
ERROR - 2020-07-09 01:07:46 --> Severity: Warning --> Invalid argument supplied for foreach() /home/admin/domains/spshd.com/public_html/khachhang/application/views/app.php 162
ERROR - 2020-07-09 01:07:46 --> Severity: Warning --> Invalid argument supplied for foreach() /home/admin/domains/spshd.com/public_html/khachhang/application/views/app.php 173
ERROR - 2020-07-09 01:07:46 --> Could not find the language line "Đóng"
ERROR - 2020-07-09 01:07:46 --> Could not find the language line "Xác Nhận"
ERROR - 2020-07-09 01:07:46 --> Could not find the language line "Đóng"
ERROR - 2020-07-09 01:07:46 --> Could not find the language line "Xác Nhận"
ERROR - 2020-07-09 01:07:46 --> Could not find the language line "Đóng"
ERROR - 2020-07-09 01:07:46 --> Could not find the language line "Tải"
ERROR - 2020-07-09 01:08:53 --> Could not find the language line "Tạo Điểm Lấy Hàng"
ERROR - 2020-07-09 01:08:53 --> Could not find the language line "Tạo Đơn Hàng"
ERROR - 2020-07-09 01:08:53 --> Could not find the language line "Tải Excel"
ERROR - 2020-07-09 01:08:53 --> Could not find the language line "Đóng"
ERROR - 2020-07-09 01:08:53 --> Could not find the language line "Xác Nhận"
ERROR - 2020-07-09 01:08:53 --> Severity: Warning --> Invalid argument supplied for foreach() /home/admin/domains/spshd.com/public_html/khachhang/application/views/app.php 162
ERROR - 2020-07-09 01:08:53 --> Severity: Warning --> Invalid argument supplied for foreach() /home/admin/domains/spshd.com/public_html/khachhang/application/views/app.php 173
ERROR - 2020-07-09 01:08:53 --> Could not find the language line "Đóng"
ERROR - 2020-07-09 01:08:53 --> Could not find the language line "Xác Nhận"
ERROR - 2020-07-09 01:08:53 --> Could not find the language line "Đóng"
ERROR - 2020-07-09 01:08:53 --> Could not find the language line "Xác Nhận"
ERROR - 2020-07-09 01:08:53 --> Could not find the language line "Đóng"
ERROR - 2020-07-09 01:08:53 --> Could not find the language line "Tải"
ERROR - 2020-07-09 01:10:03 --> Could not find the language line "Tạo Điểm Lấy Hàng"
ERROR - 2020-07-09 01:10:03 --> Could not find the language line "Tạo Đơn Hàng"
ERROR - 2020-07-09 01:10:03 --> Could not find the language line "Tải Excel"
ERROR - 2020-07-09 01:10:03 --> Could not find the language line "Đóng"
ERROR - 2020-07-09 01:10:03 --> Could not find the language line "Xác Nhận"
ERROR - 2020-07-09 01:10:03 --> Severity: Warning --> Invalid argument supplied for foreach() /home/admin/domains/spshd.com/public_html/khachhang/application/views/app.php 162
ERROR - 2020-07-09 01:10:03 --> Severity: Warning --> Invalid argument supplied for foreach() /home/admin/domains/spshd.com/public_html/khachhang/application/views/app.php 173
ERROR - 2020-07-09 01:10:03 --> Could not find the language line "Đóng"
ERROR - 2020-07-09 01:10:03 --> Could not find the language line "Xác Nhận"
ERROR - 2020-07-09 01:10:03 --> Could not find the language line "Đóng"
ERROR - 2020-07-09 01:10:03 --> Could not find the language line "Xác Nhận"
ERROR - 2020-07-09 01:10:03 --> Could not find the language line "Đóng"
ERROR - 2020-07-09 01:10:03 --> Could not find the language line "Tải"
ERROR - 2020-07-09 01:11:02 --> Could not find the language line "Tạo Điểm Lấy Hàng"
ERROR - 2020-07-09 01:11:02 --> Could not find the language line "Tạo Đơn Hàng"
ERROR - 2020-07-09 01:11:02 --> Could not find the language line "Tải Excel"
ERROR - 2020-07-09 01:11:02 --> Could not find the language line "Đóng"
ERROR - 2020-07-09 01:11:02 --> Could not find the language line "Xác Nhận"
ERROR - 2020-07-09 01:11:02 --> Severity: Warning --> Invalid argument supplied for foreach() /home/admin/domains/spshd.com/public_html/khachhang/application/views/app.php 162
ERROR - 2020-07-09 01:11:02 --> Severity: Warning --> Invalid argument supplied for foreach() /home/admin/domains/spshd.com/public_html/khachhang/application/views/app.php 173
ERROR - 2020-07-09 01:11:02 --> Could not find the language line "Đóng"
ERROR - 2020-07-09 01:11:02 --> Could not find the language line "Xác Nhận"
ERROR - 2020-07-09 01:11:02 --> Could not find the language line "Đóng"
ERROR - 2020-07-09 01:11:02 --> Could not find the language line "Xác Nhận"
ERROR - 2020-07-09 01:11:02 --> Could not find the language line "Đóng"
ERROR - 2020-07-09 01:11:02 --> Could not find the language line "Tải"
ERROR - 2020-07-09 01:12:16 --> Could not find the language line "Tạo Điểm Lấy Hàng"
ERROR - 2020-07-09 01:12:16 --> Could not find the language line "Tạo Đơn Hàng"
ERROR - 2020-07-09 01:12:16 --> Could not find the language line "Tải Excel"
ERROR - 2020-07-09 01:12:16 --> Could not find the language line "Đóng"
ERROR - 2020-07-09 01:12:16 --> Could not find the language line "Xác Nhận"
ERROR - 2020-07-09 01:12:16 --> Severity: Warning --> Invalid argument supplied for foreach() /home/admin/domains/spshd.com/public_html/khachhang/application/views/app.php 162
ERROR - 2020-07-09 01:12:16 --> Severity: Warning --> Invalid argument supplied for foreach() /home/admin/domains/spshd.com/public_html/khachhang/application/views/app.php 173
ERROR - 2020-07-09 01:12:16 --> Could not find the language line "Đóng"
ERROR - 2020-07-09 01:12:16 --> Could not find the language line "Xác Nhận"
ERROR - 2020-07-09 01:12:16 --> Could not find the language line "Đóng"
ERROR - 2020-07-09 01:12:16 --> Could not find the language line "Xác Nhận"
ERROR - 2020-07-09 01:12:16 --> Could not find the language line "Đóng"
ERROR - 2020-07-09 01:12:16 --> Could not find the language line "Tải"
ERROR - 2020-07-09 01:27:59 --> Could not find the language line "Tạo Điểm Lấy Hàng"
ERROR - 2020-07-09 01:27:59 --> Could not find the language line "Tạo Đơn Hàng"
ERROR - 2020-07-09 01:27:59 --> Could not find the language line "Tải Excel"
ERROR - 2020-07-09 01:27:59 --> Could not find the language line "Đóng"
ERROR - 2020-07-09 01:27:59 --> Could not find the language line "Xác Nhận"
ERROR - 2020-07-09 01:27:59 --> Severity: Warning --> Invalid argument supplied for foreach() /home/admin/domains/spshd.com/public_html/khachhang/application/views/app.php 162
ERROR - 2020-07-09 01:27:59 --> Severity: Warning --> Invalid argument supplied for foreach() /home/admin/domains/spshd.com/public_html/khachhang/application/views/app.php 173
ERROR - 2020-07-09 01:27:59 --> Could not find the language line "Đóng"
ERROR - 2020-07-09 01:27:59 --> Could not find the language line "Xác Nhận"
ERROR - 2020-07-09 01:27:59 --> Could not find the language line "Đóng"
ERROR - 2020-07-09 01:27:59 --> Could not find the language line "Xác Nhận"
ERROR - 2020-07-09 01:27:59 --> Could not find the language line "Đóng"
ERROR - 2020-07-09 01:27:59 --> Could not find the language line "Tải"
ERROR - 2020-07-09 01:28:26 --> Could not find the language line "Tạo Điểm Lấy Hàng"
ERROR - 2020-07-09 01:28:26 --> Could not find the language line "Tạo Đơn Hàng"
ERROR - 2020-07-09 01:28:26 --> Could not find the language line "Tải Excel"
ERROR - 2020-07-09 01:28:26 --> Could not find the language line "Đóng"
ERROR - 2020-07-09 01:28:26 --> Could not find the language line "Xác Nhận"
ERROR - 2020-07-09 01:28:26 --> Severity: Warning --> Invalid argument supplied for foreach() /home/admin/domains/spshd.com/public_html/khachhang/application/views/app.php 162
ERROR - 2020-07-09 01:28:26 --> Severity: Warning --> Invalid argument supplied for foreach() /home/admin/domains/spshd.com/public_html/khachhang/application/views/app.php 173
ERROR - 2020-07-09 01:28:26 --> Could not find the language line "Đóng"
ERROR - 2020-07-09 01:28:26 --> Could not find the language line "Xác Nhận"
ERROR - 2020-07-09 01:28:26 --> Could not find the language line "Đóng"
ERROR - 2020-07-09 01:28:26 --> Could not find the language line "Xác Nhận"
ERROR - 2020-07-09 01:28:26 --> Could not find the language line "Đóng"
ERROR - 2020-07-09 01:28:26 --> Could not find the language line "Tải"
ERROR - 2020-07-09 01:28:57 --> Could not find the language line "Tạo Điểm Lấy Hàng"
ERROR - 2020-07-09 01:28:57 --> Could not find the language line "Tạo Đơn Hàng"
ERROR - 2020-07-09 01:28:57 --> Could not find the language line "Tải Excel"
ERROR - 2020-07-09 01:28:57 --> Could not find the language line "Đóng"
ERROR - 2020-07-09 01:28:57 --> Could not find the language line "Xác Nhận"
ERROR - 2020-07-09 01:28:57 --> Severity: Warning --> Invalid argument supplied for foreach() /home/admin/domains/spshd.com/public_html/khachhang/application/views/app.php 162
ERROR - 2020-07-09 01:28:57 --> Severity: Warning --> Invalid argument supplied for foreach() /home/admin/domains/spshd.com/public_html/khachhang/application/views/app.php 173
ERROR - 2020-07-09 01:28:57 --> Could not find the language line "Đóng"
ERROR - 2020-07-09 01:28:57 --> Could not find the language line "Xác Nhận"
ERROR - 2020-07-09 01:28:57 --> Could not find the language line "Đóng"
ERROR - 2020-07-09 01:28:57 --> Could not find the language line "Xác Nhận"
ERROR - 2020-07-09 01:28:57 --> Could not find the language line "Đóng"
ERROR - 2020-07-09 01:28:57 --> Could not find the language line "Tải"
ERROR - 2020-07-09 01:38:33 --> Could not find the language line "Tạo Điểm Lấy Hàng"
ERROR - 2020-07-09 01:38:33 --> Could not find the language line "Tạo Đơn Hàng"
ERROR - 2020-07-09 01:38:33 --> Could not find the language line "Tải Excel"
ERROR - 2020-07-09 01:38:33 --> Could not find the language line "Đóng"
ERROR - 2020-07-09 01:38:33 --> Could not find the language line "Xác Nhận"
ERROR - 2020-07-09 01:38:33 --> Severity: Warning --> Invalid argument supplied for foreach() /home/admin/domains/spshd.com/public_html/khachhang/application/views/app.php 162
ERROR - 2020-07-09 01:38:33 --> Severity: Warning --> Invalid argument supplied for foreach() /home/admin/domains/spshd.com/public_html/khachhang/application/views/app.php 173
ERROR - 2020-07-09 01:38:33 --> Could not find the language line "Đóng"
ERROR - 2020-07-09 01:38:33 --> Could not find the language line "Xác Nhận"
ERROR - 2020-07-09 01:38:33 --> Could not find the language line "Đóng"
ERROR - 2020-07-09 01:38:33 --> Could not find the language line "Xác Nhận"
ERROR - 2020-07-09 01:38:33 --> Could not find the language line "Đóng"
ERROR - 2020-07-09 01:38:33 --> Could not find the language line "Tải"
ERROR - 2020-07-09 01:30:37 --> Could not find the language line "Email"
ERROR - 2020-07-09 01:30:37 --> Could not find the language line "password"
ERROR - 2020-07-09 08:19:27 --> Could not find the language line "Tạo Điểm Lấy Hàng"
ERROR - 2020-07-09 08:19:27 --> Could not find the language line "Tạo Đơn Hàng"
ERROR - 2020-07-09 08:19:27 --> Could not find the language line "Tải Excel"
ERROR - 2020-07-09 08:19:27 --> Could not find the language line "Đóng"
ERROR - 2020-07-09 08:19:27 --> Could not find the language line "Xác Nhận"
ERROR - 2020-07-09 08:19:27 --> Severity: Warning --> Invalid argument supplied for foreach() /home/admin/domains/spshd.com/public_html/khachhang/application/views/app.php 162
ERROR - 2020-07-09 08:19:27 --> Severity: Warning --> Invalid argument supplied for foreach() /home/admin/domains/spshd.com/public_html/khachhang/application/views/app.php 173
ERROR - 2020-07-09 08:19:27 --> Could not find the language line "Đóng"
ERROR - 2020-07-09 08:19:27 --> Could not find the language line "Xác Nhận"
ERROR - 2020-07-09 08:19:27 --> Could not find the language line "Đóng"
ERROR - 2020-07-09 08:19:27 --> Could not find the language line "Xác Nhận"
ERROR - 2020-07-09 08:19:27 --> Could not find the language line "Đóng"
ERROR - 2020-07-09 08:19:27 --> Could not find the language line "Tải"
ERROR - 2020-07-09 08:19:27 --> Could not find the language line "Tạo Điểm Lấy Hàng"
ERROR - 2020-07-09 08:19:27 --> Could not find the language line "Tạo Đơn Hàng"
ERROR - 2020-07-09 08:19:27 --> Could not find the language line "Tải Excel"
ERROR - 2020-07-09 08:19:27 --> Could not find the language line "Đóng"
ERROR - 2020-07-09 08:19:27 --> Could not find the language line "Xác Nhận"
ERROR - 2020-07-09 08:19:27 --> Severity: Warning --> Invalid argument supplied for foreach() /home/admin/domains/spshd.com/public_html/khachhang/application/views/app.php 162
ERROR - 2020-07-09 08:19:27 --> Severity: Warning --> Invalid argument supplied for foreach() /home/admin/domains/spshd.com/public_html/khachhang/application/views/app.php 173
ERROR - 2020-07-09 08:19:27 --> Could not find the language line "Đóng"
ERROR - 2020-07-09 08:19:27 --> Could not find the language line "Xác Nhận"
ERROR - 2020-07-09 08:19:27 --> Could not find the language line "Đóng"
ERROR - 2020-07-09 08:19:27 --> Could not find the language line "Xác Nhận"
ERROR - 2020-07-09 08:19:27 --> Could not find the language line "Đóng"
ERROR - 2020-07-09 08:19:27 --> Could not find the language line "Tải"
ERROR - 2020-07-09 08:22:56 --> Could not find the language line "Tạo Điểm Lấy Hàng"
ERROR - 2020-07-09 08:22:56 --> Could not find the language line "Tạo Đơn Hàng"
ERROR - 2020-07-09 08:22:56 --> Could not find the language line "Tải Excel"
ERROR - 2020-07-09 08:22:56 --> Could not find the language line "Đóng"
ERROR - 2020-07-09 08:22:56 --> Could not find the language line "Xác Nhận"
ERROR - 2020-07-09 08:22:56 --> Severity: Warning --> Invalid argument supplied for foreach() /home/admin/domains/spshd.com/public_html/khachhang/application/views/app.php 162
ERROR - 2020-07-09 08:22:56 --> Severity: Warning --> Invalid argument supplied for foreach() /home/admin/domains/spshd.com/public_html/khachhang/application/views/app.php 173
ERROR - 2020-07-09 08:22:56 --> Could not find the language line "Đóng"
ERROR - 2020-07-09 08:22:56 --> Could not find the language line "Xác Nhận"
ERROR - 2020-07-09 08:22:56 --> Could not find the language line "Đóng"
ERROR - 2020-07-09 08:22:56 --> Could not find the language line "Xác Nhận"
ERROR - 2020-07-09 08:22:56 --> Could not find the language line "Đóng"
ERROR - 2020-07-09 08:22:56 --> Could not find the language line "Tải"
ERROR - 2020-07-09 08:45:13 --> Could not find the language line "Tạo Điểm Lấy Hàng"
ERROR - 2020-07-09 08:45:13 --> Could not find the language line "Tạo Đơn Hàng"
ERROR - 2020-07-09 08:45:13 --> Could not find the language line "Tải Excel"
ERROR - 2020-07-09 08:45:13 --> Could not find the language line "Đóng"
ERROR - 2020-07-09 08:45:13 --> Could not find the language line "Xác Nhận"
ERROR - 2020-07-09 08:45:13 --> Severity: Warning --> Invalid argument supplied for foreach() /home/admin/domains/spshd.com/public_html/khachhang/application/views/app.php 162
ERROR - 2020-07-09 08:45:13 --> Severity: Warning --> Invalid argument supplied for foreach() /home/admin/domains/spshd.com/public_html/khachhang/application/views/app.php 173
ERROR - 2020-07-09 08:45:13 --> Could not find the language line "Đóng"
ERROR - 2020-07-09 08:45:13 --> Could not find the language line "Xác Nhận"
ERROR - 2020-07-09 08:45:13 --> Could not find the language line "Đóng"
ERROR - 2020-07-09 08:45:13 --> Could not find the language line "Xác Nhận"
ERROR - 2020-07-09 08:45:13 --> Could not find the language line "Đóng"
ERROR - 2020-07-09 08:45:13 --> Could not find the language line "Tải"
ERROR - 2020-07-09 08:47:19 --> Could not find the language line "Tạo Điểm Lấy Hàng"
ERROR - 2020-07-09 08:47:19 --> Could not find the language line "Tạo Đơn Hàng"
ERROR - 2020-07-09 08:47:19 --> Could not find the language line "Tải Excel"
ERROR - 2020-07-09 08:47:19 --> Could not find the language line "Đóng"
ERROR - 2020-07-09 08:47:19 --> Could not find the language line "Xác Nhận"
ERROR - 2020-07-09 08:47:19 --> Severity: Warning --> Invalid argument supplied for foreach() /home/admin/domains/spshd.com/public_html/khachhang/application/views/app.php 162
ERROR - 2020-07-09 08:47:19 --> Severity: Warning --> Invalid argument supplied for foreach() /home/admin/domains/spshd.com/public_html/khachhang/application/views/app.php 173
ERROR - 2020-07-09 08:47:19 --> Could not find the language line "Đóng"
ERROR - 2020-07-09 08:47:19 --> Could not find the language line "Xác Nhận"
ERROR - 2020-07-09 08:47:19 --> Could not find the language line "Đóng"
ERROR - 2020-07-09 08:47:19 --> Could not find the language line "Xác Nhận"
ERROR - 2020-07-09 08:47:19 --> Could not find the language line "Đóng"
ERROR - 2020-07-09 08:47:19 --> Could not find the language line "Tải"
ERROR - 2020-07-09 08:47:19 --> Could not find the language line "Tạo Điểm Lấy Hàng"
ERROR - 2020-07-09 08:47:19 --> Could not find the language line "Tạo Đơn Hàng"
ERROR - 2020-07-09 08:47:19 --> Could not find the language line "Tải Excel"
ERROR - 2020-07-09 08:47:19 --> Could not find the language line "Đóng"
ERROR - 2020-07-09 08:47:19 --> Could not find the language line "Xác Nhận"
ERROR - 2020-07-09 08:47:19 --> Severity: Warning --> Invalid argument supplied for foreach() /home/admin/domains/spshd.com/public_html/khachhang/application/views/app.php 162
ERROR - 2020-07-09 08:47:19 --> Severity: Warning --> Invalid argument supplied for foreach() /home/admin/domains/spshd.com/public_html/khachhang/application/views/app.php 173
ERROR - 2020-07-09 08:47:19 --> Could not find the language line "Đóng"
ERROR - 2020-07-09 08:47:19 --> Could not find the language line "Xác Nhận"
ERROR - 2020-07-09 08:47:19 --> Could not find the language line "Đóng"
ERROR - 2020-07-09 08:47:19 --> Could not find the language line "Xác Nhận"
ERROR - 2020-07-09 08:47:19 --> Could not find the language line "Đóng"
ERROR - 2020-07-09 08:47:19 --> Could not find the language line "Tải"
ERROR - 2020-07-09 09:34:49 --> Could not find the language line "Tạo Điểm Lấy Hàng"
ERROR - 2020-07-09 09:34:49 --> Could not find the language line "Tạo Đơn Hàng"
ERROR - 2020-07-09 09:34:49 --> Could not find the language line "Tải Excel"
ERROR - 2020-07-09 09:34:49 --> Could not find the language line "Đóng"
ERROR - 2020-07-09 09:34:49 --> Could not find the language line "Xác Nhận"
ERROR - 2020-07-09 09:34:49 --> Severity: Warning --> Invalid argument supplied for foreach() /home/admin/domains/spshd.com/public_html/khachhang/application/views/app.php 162
ERROR - 2020-07-09 09:34:49 --> Severity: Warning --> Invalid argument supplied for foreach() /home/admin/domains/spshd.com/public_html/khachhang/application/views/app.php 173
ERROR - 2020-07-09 09:34:49 --> Could not find the language line "Đóng"
ERROR - 2020-07-09 09:34:49 --> Could not find the language line "Xác Nhận"
ERROR - 2020-07-09 09:34:49 --> Could not find the language line "Đóng"
ERROR - 2020-07-09 09:34:49 --> Could not find the language line "Xác Nhận"
ERROR - 2020-07-09 09:34:49 --> Could not find the language line "Đóng"
ERROR - 2020-07-09 09:34:49 --> Could not find the language line "Tải"
ERROR - 2020-07-09 03:59:55 --> Could not find the language line "Email"
ERROR - 2020-07-09 03:59:55 --> Could not find the language line "password"
ERROR - 2020-07-09 10:10:07 --> Could not find the language line "Tạo Điểm Lấy Hàng"
ERROR - 2020-07-09 10:10:07 --> Could not find the language line "Tạo Đơn Hàng"
ERROR - 2020-07-09 10:10:07 --> Could not find the language line "Tải Excel"
ERROR - 2020-07-09 10:10:07 --> Could not find the language line "Đóng"
ERROR - 2020-07-09 10:10:07 --> Could not find the language line "Xác Nhận"
ERROR - 2020-07-09 10:10:07 --> Severity: Warning --> Invalid argument supplied for foreach() /home/admin/domains/spshd.com/public_html/khachhang/application/views/app.php 162
ERROR - 2020-07-09 10:10:07 --> Severity: Warning --> Invalid argument supplied for foreach() /home/admin/domains/spshd.com/public_html/khachhang/application/views/app.php 173
ERROR - 2020-07-09 10:10:07 --> Could not find the language line "Đóng"
ERROR - 2020-07-09 10:10:07 --> Could not find the language line "Xác Nhận"
ERROR - 2020-07-09 10:10:07 --> Could not find the language line "Đóng"
ERROR - 2020-07-09 10:10:07 --> Could not find the language line "Xác Nhận"
ERROR - 2020-07-09 10:10:07 --> Could not find the language line "Đóng"
ERROR - 2020-07-09 10:10:07 --> Could not find the language line "Tải"
ERROR - 2020-07-09 04:47:13 --> Could not find the language line "Email"
ERROR - 2020-07-09 04:47:13 --> Could not find the language line "password"
ERROR - 2020-07-09 04:47:14 --> Could not find the language line "Email"
ERROR - 2020-07-09 04:47:14 --> Could not find the language line "password"
ERROR - 2020-07-09 06:06:21 --> Could not find the language line "Email"
ERROR - 2020-07-09 06:06:21 --> Could not find the language line "password"
ERROR - 2020-07-09 12:09:46 --> Could not find the language line "Tạo Điểm Lấy Hàng"
ERROR - 2020-07-09 12:09:46 --> Could not find the language line "Tạo Đơn Hàng"
ERROR - 2020-07-09 12:09:46 --> Could not find the language line "Tải Excel"
ERROR - 2020-07-09 12:09:46 --> Could not find the language line "Đóng"
ERROR - 2020-07-09 12:09:46 --> Could not find the language line "Xác Nhận"
ERROR - 2020-07-09 12:09:46 --> Severity: Warning --> Invalid argument supplied for foreach() /home/admin/domains/spshd.com/public_html/khachhang/application/views/app.php 162
ERROR - 2020-07-09 12:09:46 --> Severity: Warning --> Invalid argument supplied for foreach() /home/admin/domains/spshd.com/public_html/khachhang/application/views/app.php 173
ERROR - 2020-07-09 12:09:46 --> Could not find the language line "Đóng"
ERROR - 2020-07-09 12:09:46 --> Could not find the language line "Xác Nhận"
ERROR - 2020-07-09 12:09:46 --> Could not find the language line "Đóng"
ERROR - 2020-07-09 12:09:46 --> Could not find the language line "Xác Nhận"
ERROR - 2020-07-09 12:09:46 --> Could not find the language line "Đóng"
ERROR - 2020-07-09 12:09:46 --> Could not find the language line "Tải"
ERROR - 2020-07-09 06:25:23 --> Could not find the language line "Email"
ERROR - 2020-07-09 06:25:23 --> Could not find the language line "password"
ERROR - 2020-07-09 12:25:34 --> Could not find the language line "Tạo Điểm Lấy Hàng"
ERROR - 2020-07-09 12:25:34 --> Could not find the language line "Tạo Đơn Hàng"
ERROR - 2020-07-09 12:25:34 --> Could not find the language line "Tải Excel"
ERROR - 2020-07-09 12:25:34 --> Could not find the language line "Đóng"
ERROR - 2020-07-09 12:25:34 --> Could not find the language line "Xác Nhận"
ERROR - 2020-07-09 12:25:34 --> Severity: Warning --> Invalid argument supplied for foreach() /home/admin/domains/spshd.com/public_html/khachhang/application/views/app.php 162
ERROR - 2020-07-09 12:25:34 --> Severity: Warning --> Invalid argument supplied for foreach() /home/admin/domains/spshd.com/public_html/khachhang/application/views/app.php 173
ERROR - 2020-07-09 12:25:34 --> Could not find the language line "Đóng"
ERROR - 2020-07-09 12:25:34 --> Could not find the language line "Xác Nhận"
ERROR - 2020-07-09 12:25:34 --> Could not find the language line "Đóng"
ERROR - 2020-07-09 12:25:34 --> Could not find the language line "Xác Nhận"
ERROR - 2020-07-09 12:25:34 --> Could not find the language line "Đóng"
ERROR - 2020-07-09 12:25:34 --> Could not find the language line "Tải"
ERROR - 2020-07-09 12:27:09 --> Could not find the language line "Tạo Điểm Lấy Hàng"
ERROR - 2020-07-09 12:27:09 --> Could not find the language line "Tạo Đơn Hàng"
ERROR - 2020-07-09 12:27:09 --> Could not find the language line "Tải Excel"
ERROR - 2020-07-09 12:27:09 --> Could not find the language line "Đóng"
ERROR - 2020-07-09 12:27:09 --> Could not find the language line "Xác Nhận"
ERROR - 2020-07-09 12:27:09 --> Severity: Warning --> Invalid argument supplied for foreach() /home/admin/domains/spshd.com/public_html/khachhang/application/views/app.php 162
ERROR - 2020-07-09 12:27:09 --> Severity: Warning --> Invalid argument supplied for foreach() /home/admin/domains/spshd.com/public_html/khachhang/application/views/app.php 173
ERROR - 2020-07-09 12:27:09 --> Could not find the language line "Đóng"
ERROR - 2020-07-09 12:27:09 --> Could not find the language line "Xác Nhận"
ERROR - 2020-07-09 12:27:09 --> Could not find the language line "Đóng"
ERROR - 2020-07-09 12:27:09 --> Could not find the language line "Xác Nhận"
ERROR - 2020-07-09 12:27:09 --> Could not find the language line "Đóng"
ERROR - 2020-07-09 12:27:09 --> Could not find the language line "Tải"
ERROR - 2020-07-09 12:27:09 --> Could not find the language line "Tạo Điểm Lấy Hàng"
ERROR - 2020-07-09 12:27:09 --> Could not find the language line "Tạo Đơn Hàng"
ERROR - 2020-07-09 12:27:09 --> Could not find the language line "Tải Excel"
ERROR - 2020-07-09 12:27:09 --> Could not find the language line "Đóng"
ERROR - 2020-07-09 12:27:09 --> Could not find the language line "Xác Nhận"
ERROR - 2020-07-09 12:27:09 --> Severity: Warning --> Invalid argument supplied for foreach() /home/admin/domains/spshd.com/public_html/khachhang/application/views/app.php 162
ERROR - 2020-07-09 12:27:09 --> Severity: Warning --> Invalid argument supplied for foreach() /home/admin/domains/spshd.com/public_html/khachhang/application/views/app.php 173
ERROR - 2020-07-09 12:27:09 --> Could not find the language line "Đóng"
ERROR - 2020-07-09 12:27:09 --> Could not find the language line "Xác Nhận"
ERROR - 2020-07-09 12:27:09 --> Could not find the language line "Đóng"
ERROR - 2020-07-09 12:27:09 --> Could not find the language line "Xác Nhận"
ERROR - 2020-07-09 12:27:09 --> Could not find the language line "Đóng"
ERROR - 2020-07-09 12:27:09 --> Could not find the language line "Tải"
ERROR - 2020-07-09 12:31:38 --> Could not find the language line "Tạo Điểm Lấy Hàng"
ERROR - 2020-07-09 12:31:38 --> Could not find the language line "Tạo Đơn Hàng"
ERROR - 2020-07-09 12:31:38 --> Could not find the language line "Tải Excel"
ERROR - 2020-07-09 12:31:38 --> Could not find the language line "Đóng"
ERROR - 2020-07-09 12:31:38 --> Could not find the language line "Xác Nhận"
ERROR - 2020-07-09 12:31:38 --> Severity: Warning --> Invalid argument supplied for foreach() /home/admin/domains/spshd.com/public_html/khachhang/application/views/app.php 162
ERROR - 2020-07-09 12:31:38 --> Severity: Warning --> Invalid argument supplied for foreach() /home/admin/domains/spshd.com/public_html/khachhang/application/views/app.php 173
ERROR - 2020-07-09 12:31:38 --> Could not find the language line "Đóng"
ERROR - 2020-07-09 12:31:38 --> Could not find the language line "Xác Nhận"
ERROR - 2020-07-09 12:31:38 --> Could not find the language line "Đóng"
ERROR - 2020-07-09 12:31:38 --> Could not find the language line "Xác Nhận"
ERROR - 2020-07-09 12:31:38 --> Could not find the language line "Đóng"
ERROR - 2020-07-09 12:31:38 --> Could not find the language line "Tải"
ERROR - 2020-07-09 12:34:04 --> Could not find the language line "Tạo Điểm Lấy Hàng"
ERROR - 2020-07-09 12:34:04 --> Could not find the language line "Tạo Đơn Hàng"
ERROR - 2020-07-09 12:34:04 --> Could not find the language line "Tải Excel"
ERROR - 2020-07-09 12:34:04 --> Could not find the language line "Đóng"
ERROR - 2020-07-09 12:34:04 --> Could not find the language line "Xác Nhận"
ERROR - 2020-07-09 12:34:04 --> Severity: Warning --> Invalid argument supplied for foreach() /home/admin/domains/spshd.com/public_html/khachhang/application/views/app.php 162
ERROR - 2020-07-09 12:34:04 --> Severity: Warning --> Invalid argument supplied for foreach() /home/admin/domains/spshd.com/public_html/khachhang/application/views/app.php 173
ERROR - 2020-07-09 12:34:04 --> Could not find the language line "Đóng"
ERROR - 2020-07-09 12:34:04 --> Could not find the language line "Xác Nhận"
ERROR - 2020-07-09 12:34:04 --> Could not find the language line "Đóng"
ERROR - 2020-07-09 12:34:04 --> Could not find the language line "Xác Nhận"
ERROR - 2020-07-09 12:34:04 --> Could not find the language line "Đóng"
ERROR - 2020-07-09 12:34:04 --> Could not find the language line "Tải"
ERROR - 2020-07-09 06:40:03 --> Could not find the language line "Email"
ERROR - 2020-07-09 06:40:03 --> Could not find the language line "password"
ERROR - 2020-07-09 12:40:44 --> Could not find the language line "Tạo Điểm Lấy Hàng"
ERROR - 2020-07-09 12:40:44 --> Could not find the language line "Tạo Đơn Hàng"
ERROR - 2020-07-09 12:40:44 --> Could not find the language line "Tải Excel"
ERROR - 2020-07-09 12:40:44 --> Could not find the language line "Đóng"
ERROR - 2020-07-09 12:40:44 --> Could not find the language line "Xác Nhận"
ERROR - 2020-07-09 12:40:44 --> Severity: Warning --> Invalid argument supplied for foreach() /home/admin/domains/spshd.com/public_html/khachhang/application/views/app.php 162
ERROR - 2020-07-09 12:40:44 --> Severity: Warning --> Invalid argument supplied for foreach() /home/admin/domains/spshd.com/public_html/khachhang/application/views/app.php 173
ERROR - 2020-07-09 12:40:44 --> Could not find the language line "Đóng"
ERROR - 2020-07-09 12:40:44 --> Could not find the language line "Xác Nhận"
ERROR - 2020-07-09 12:40:44 --> Could not find the language line "Đóng"
ERROR - 2020-07-09 12:40:44 --> Could not find the language line "Xác Nhận"
ERROR - 2020-07-09 12:40:44 --> Could not find the language line "Đóng"
ERROR - 2020-07-09 12:40:44 --> Could not find the language line "Tải"
ERROR - 2020-07-09 12:48:16 --> Could not find the language line "Tạo Điểm Lấy Hàng"
ERROR - 2020-07-09 12:48:16 --> Could not find the language line "Tạo Đơn Hàng"
ERROR - 2020-07-09 12:48:16 --> Could not find the language line "Tải Excel"
ERROR - 2020-07-09 12:48:16 --> Could not find the language line "Đóng"
ERROR - 2020-07-09 12:48:16 --> Could not find the language line "Xác Nhận"
ERROR - 2020-07-09 12:48:16 --> Severity: Warning --> Invalid argument supplied for foreach() /home/admin/domains/spshd.com/public_html/khachhang/application/views/app.php 162
ERROR - 2020-07-09 12:48:16 --> Severity: Warning --> Invalid argument supplied for foreach() /home/admin/domains/spshd.com/public_html/khachhang/application/views/app.php 173
ERROR - 2020-07-09 12:48:16 --> Could not find the language line "Đóng"
ERROR - 2020-07-09 12:48:16 --> Could not find the language line "Xác Nhận"
ERROR - 2020-07-09 12:48:16 --> Could not find the language line "Đóng"
ERROR - 2020-07-09 12:48:16 --> Could not find the language line "Xác Nhận"
ERROR - 2020-07-09 12:48:16 --> Could not find the language line "Đóng"
ERROR - 2020-07-09 12:48:16 --> Could not find the language line "Tải"
ERROR - 2020-07-09 12:48:18 --> Could not find the language line "Tạo Điểm Lấy Hàng"
ERROR - 2020-07-09 12:48:18 --> Could not find the language line "Tạo Đơn Hàng"
ERROR - 2020-07-09 12:48:18 --> Could not find the language line "Tải Excel"
ERROR - 2020-07-09 12:48:18 --> Could not find the language line "Đóng"
ERROR - 2020-07-09 12:48:18 --> Could not find the language line "Xác Nhận"
ERROR - 2020-07-09 12:48:18 --> Severity: Warning --> Invalid argument supplied for foreach() /home/admin/domains/spshd.com/public_html/khachhang/application/views/app.php 162
ERROR - 2020-07-09 12:48:18 --> Severity: Warning --> Invalid argument supplied for foreach() /home/admin/domains/spshd.com/public_html/khachhang/application/views/app.php 173
ERROR - 2020-07-09 12:48:18 --> Could not find the language line "Đóng"
ERROR - 2020-07-09 12:48:18 --> Could not find the language line "Xác Nhận"
ERROR - 2020-07-09 12:48:18 --> Could not find the language line "Đóng"
ERROR - 2020-07-09 12:48:18 --> Could not find the language line "Xác Nhận"
ERROR - 2020-07-09 12:48:18 --> Could not find the language line "Đóng"
ERROR - 2020-07-09 12:48:18 --> Could not find the language line "Tải"
ERROR - 2020-07-09 12:49:18 --> Could not find the language line "Tạo Điểm Lấy Hàng"
ERROR - 2020-07-09 12:49:18 --> Could not find the language line "Tạo Đơn Hàng"
ERROR - 2020-07-09 12:49:18 --> Could not find the language line "Tải Excel"
ERROR - 2020-07-09 12:49:18 --> Could not find the language line "Đóng"
ERROR - 2020-07-09 12:49:18 --> Could not find the language line "Xác Nhận"
ERROR - 2020-07-09 12:49:18 --> Severity: Warning --> Invalid argument supplied for foreach() /home/admin/domains/spshd.com/public_html/khachhang/application/views/app.php 162
ERROR - 2020-07-09 12:49:18 --> Severity: Warning --> Invalid argument supplied for foreach() /home/admin/domains/spshd.com/public_html/khachhang/application/views/app.php 173
ERROR - 2020-07-09 12:49:18 --> Could not find the language line "Đóng"
ERROR - 2020-07-09 12:49:18 --> Could not find the language line "Xác Nhận"
ERROR - 2020-07-09 12:49:18 --> Could not find the language line "Đóng"
ERROR - 2020-07-09 12:49:18 --> Could not find the language line "Xác Nhận"
ERROR - 2020-07-09 12:49:18 --> Could not find the language line "Đóng"
ERROR - 2020-07-09 12:49:18 --> Could not find the language line "Tải"
ERROR - 2020-07-09 12:55:47 --> Could not find the language line "Tạo Điểm Lấy Hàng"
ERROR - 2020-07-09 12:55:47 --> Could not find the language line "Tạo Đơn Hàng"
ERROR - 2020-07-09 12:55:47 --> Could not find the language line "Tải Excel"
ERROR - 2020-07-09 12:55:47 --> Could not find the language line "Đóng"
ERROR - 2020-07-09 12:55:47 --> Could not find the language line "Xác Nhận"
ERROR - 2020-07-09 12:55:47 --> Severity: Warning --> Invalid argument supplied for foreach() /home/admin/domains/spshd.com/public_html/khachhang/application/views/app.php 162
ERROR - 2020-07-09 12:55:47 --> Severity: Warning --> Invalid argument supplied for foreach() /home/admin/domains/spshd.com/public_html/khachhang/application/views/app.php 173
ERROR - 2020-07-09 12:55:47 --> Could not find the language line "Đóng"
ERROR - 2020-07-09 12:55:47 --> Could not find the language line "Xác Nhận"
ERROR - 2020-07-09 12:55:47 --> Could not find the language line "Đóng"
ERROR - 2020-07-09 12:55:47 --> Could not find the language line "Xác Nhận"
ERROR - 2020-07-09 12:55:47 --> Could not find the language line "Đóng"
ERROR - 2020-07-09 12:55:47 --> Could not find the language line "Tải"
ERROR - 2020-07-09 12:55:47 --> Could not find the language line "Tạo Điểm Lấy Hàng"
ERROR - 2020-07-09 12:55:47 --> Could not find the language line "Tạo Đơn Hàng"
ERROR - 2020-07-09 12:55:47 --> Could not find the language line "Tải Excel"
ERROR - 2020-07-09 12:55:47 --> Could not find the language line "Đóng"
ERROR - 2020-07-09 12:55:47 --> Could not find the language line "Xác Nhận"
ERROR - 2020-07-09 12:55:47 --> Severity: Warning --> Invalid argument supplied for foreach() /home/admin/domains/spshd.com/public_html/khachhang/application/views/app.php 162
ERROR - 2020-07-09 12:55:47 --> Severity: Warning --> Invalid argument supplied for foreach() /home/admin/domains/spshd.com/public_html/khachhang/application/views/app.php 173
ERROR - 2020-07-09 12:55:47 --> Could not find the language line "Đóng"
ERROR - 2020-07-09 12:55:47 --> Could not find the language line "Xác Nhận"
ERROR - 2020-07-09 12:55:47 --> Could not find the language line "Đóng"
ERROR - 2020-07-09 12:55:47 --> Could not find the language line "Xác Nhận"
ERROR - 2020-07-09 12:55:47 --> Could not find the language line "Đóng"
ERROR - 2020-07-09 12:55:47 --> Could not find the language line "Tải"
ERROR - 2020-07-09 06:55:57 --> Could not find the language line "Email"
ERROR - 2020-07-09 06:55:57 --> Could not find the language line "password"
ERROR - 2020-07-09 13:06:30 --> Could not find the language line "Tạo Điểm Lấy Hàng"
ERROR - 2020-07-09 13:06:30 --> Could not find the language line "Tạo Đơn Hàng"
ERROR - 2020-07-09 13:06:30 --> Could not find the language line "Tải Excel"
ERROR - 2020-07-09 13:06:30 --> Could not find the language line "Đóng"
ERROR - 2020-07-09 13:06:30 --> Could not find the language line "Xác Nhận"
ERROR - 2020-07-09 13:06:30 --> Severity: Warning --> Invalid argument supplied for foreach() /home/admin/domains/spshd.com/public_html/khachhang/application/views/app.php 162
ERROR - 2020-07-09 13:06:30 --> Severity: Warning --> Invalid argument supplied for foreach() /home/admin/domains/spshd.com/public_html/khachhang/application/views/app.php 173
ERROR - 2020-07-09 13:06:30 --> Could not find the language line "Đóng"
ERROR - 2020-07-09 13:06:30 --> Could not find the language line "Xác Nhận"
ERROR - 2020-07-09 13:06:30 --> Could not find the language line "Đóng"
ERROR - 2020-07-09 13:06:30 --> Could not find the language line "Xác Nhận"
ERROR - 2020-07-09 13:06:30 --> Could not find the language line "Đóng"
ERROR - 2020-07-09 13:06:30 --> Could not find the language line "Tải"
ERROR - 2020-07-09 13:10:37 --> Could not find the language line "Tạo Điểm Lấy Hàng"
ERROR - 2020-07-09 13:10:37 --> Could not find the language line "Tạo Đơn Hàng"
ERROR - 2020-07-09 13:10:37 --> Could not find the language line "Tải Excel"
ERROR - 2020-07-09 13:10:37 --> Could not find the language line "Đóng"
ERROR - 2020-07-09 13:10:37 --> Could not find the language line "Xác Nhận"
ERROR - 2020-07-09 13:10:37 --> Severity: Warning --> Invalid argument supplied for foreach() /home/admin/domains/spshd.com/public_html/khachhang/application/views/app.php 162
ERROR - 2020-07-09 13:10:37 --> Severity: Warning --> Invalid argument supplied for foreach() /home/admin/domains/spshd.com/public_html/khachhang/application/views/app.php 173
ERROR - 2020-07-09 13:10:37 --> Could not find the language line "Đóng"
ERROR - 2020-07-09 13:10:37 --> Could not find the language line "Xác Nhận"
ERROR - 2020-07-09 13:10:37 --> Could not find the language line "Đóng"
ERROR - 2020-07-09 13:10:37 --> Could not find the language line "Xác Nhận"
ERROR - 2020-07-09 13:10:37 --> Could not find the language line "Đóng"
ERROR - 2020-07-09 13:10:37 --> Could not find the language line "Tải"
ERROR - 2020-07-09 14:30:57 --> Could not find the language line "Tạo Điểm Lấy Hàng"
ERROR - 2020-07-09 14:30:57 --> Could not find the language line "Tạo Đơn Hàng"
ERROR - 2020-07-09 14:30:57 --> Could not find the language line "Tải Excel"
ERROR - 2020-07-09 14:30:57 --> Could not find the language line "Đóng"
ERROR - 2020-07-09 14:30:57 --> Could not find the language line "Xác Nhận"
ERROR - 2020-07-09 14:30:57 --> Severity: Warning --> Invalid argument supplied for foreach() /home/admin/domains/spshd.com/public_html/khachhang/application/views/app.php 162
ERROR - 2020-07-09 14:30:57 --> Severity: Warning --> Invalid argument supplied for foreach() /home/admin/domains/spshd.com/public_html/khachhang/application/views/app.php 173
ERROR - 2020-07-09 14:30:57 --> Could not find the language line "Đóng"
ERROR - 2020-07-09 14:30:57 --> Could not find the language line "Xác Nhận"
ERROR - 2020-07-09 14:30:57 --> Could not find the language line "Đóng"
ERROR - 2020-07-09 14:30:57 --> Could not find the language line "Xác Nhận"
ERROR - 2020-07-09 14:30:57 --> Could not find the language line "Đóng"
ERROR - 2020-07-09 14:30:57 --> Could not find the language line "Tải"
ERROR - 2020-07-09 14:42:33 --> Could not find the language line "Tạo Điểm Lấy Hàng"
ERROR - 2020-07-09 14:42:33 --> Could not find the language line "Tạo Đơn Hàng"
ERROR - 2020-07-09 14:42:33 --> Could not find the language line "Tải Excel"
ERROR - 2020-07-09 14:42:33 --> Could not find the language line "Đóng"
ERROR - 2020-07-09 14:42:33 --> Could not find the language line "Xác Nhận"
ERROR - 2020-07-09 14:42:33 --> Severity: Warning --> Invalid argument supplied for foreach() /home/admin/domains/spshd.com/public_html/khachhang/application/views/app.php 162
ERROR - 2020-07-09 14:42:33 --> Severity: Warning --> Invalid argument supplied for foreach() /home/admin/domains/spshd.com/public_html/khachhang/application/views/app.php 173
ERROR - 2020-07-09 14:42:33 --> Could not find the language line "Đóng"
ERROR - 2020-07-09 14:42:33 --> Could not find the language line "Xác Nhận"
ERROR - 2020-07-09 14:42:33 --> Could not find the language line "Đóng"
ERROR - 2020-07-09 14:42:33 --> Could not find the language line "Xác Nhận"
ERROR - 2020-07-09 14:42:33 --> Could not find the language line "Đóng"
ERROR - 2020-07-09 14:42:33 --> Could not find the language line "Tải"
ERROR - 2020-07-09 14:50:00 --> Could not find the language line "Tạo Điểm Lấy Hàng"
ERROR - 2020-07-09 14:50:00 --> Could not find the language line "Tạo Đơn Hàng"
ERROR - 2020-07-09 14:50:00 --> Could not find the language line "Tải Excel"
ERROR - 2020-07-09 14:50:00 --> Could not find the language line "Đóng"
ERROR - 2020-07-09 14:50:00 --> Could not find the language line "Xác Nhận"
ERROR - 2020-07-09 14:50:00 --> Severity: Warning --> Invalid argument supplied for foreach() /home/admin/domains/spshd.com/public_html/khachhang/application/views/app.php 162
ERROR - 2020-07-09 14:50:00 --> Severity: Warning --> Invalid argument supplied for foreach() /home/admin/domains/spshd.com/public_html/khachhang/application/views/app.php 173
ERROR - 2020-07-09 14:50:00 --> Could not find the language line "Đóng"
ERROR - 2020-07-09 14:50:00 --> Could not find the language line "Xác Nhận"
ERROR - 2020-07-09 14:50:00 --> Could not find the language line "Đóng"
ERROR - 2020-07-09 14:50:00 --> Could not find the language line "Xác Nhận"
ERROR - 2020-07-09 14:50:00 --> Could not find the language line "Đóng"
ERROR - 2020-07-09 14:50:00 --> Could not find the language line "Tải"
ERROR - 2020-07-09 09:26:52 --> Could not find the language line "Email"
ERROR - 2020-07-09 09:26:52 --> Could not find the language line "password"
ERROR - 2020-07-09 09:37:42 --> Could not find the language line "Email"
ERROR - 2020-07-09 09:37:42 --> Could not find the language line "password"
ERROR - 2020-07-09 09:48:24 --> Could not find the language line "Email"
ERROR - 2020-07-09 09:48:24 --> Could not find the language line "password"
ERROR - 2020-07-09 15:48:29 --> Could not find the language line "Tạo Điểm Lấy Hàng"
ERROR - 2020-07-09 15:48:29 --> Could not find the language line "Tạo Đơn Hàng"
ERROR - 2020-07-09 15:48:29 --> Could not find the language line "Tải Excel"
ERROR - 2020-07-09 15:48:29 --> Could not find the language line "Đóng"
ERROR - 2020-07-09 15:48:29 --> Could not find the language line "Xác Nhận"
ERROR - 2020-07-09 15:48:29 --> Severity: Warning --> Invalid argument supplied for foreach() /home/admin/domains/spshd.com/public_html/khachhang/application/views/app.php 162
ERROR - 2020-07-09 15:48:29 --> Severity: Warning --> Invalid argument supplied for foreach() /home/admin/domains/spshd.com/public_html/khachhang/application/views/app.php 173
ERROR - 2020-07-09 15:48:29 --> Could not find the language line "Đóng"
ERROR - 2020-07-09 15:48:29 --> Could not find the language line "Xác Nhận"
ERROR - 2020-07-09 15:48:29 --> Could not find the language line "Đóng"
ERROR - 2020-07-09 15:48:29 --> Could not find the language line "Xác Nhận"
ERROR - 2020-07-09 15:48:29 --> Could not find the language line "Đóng"
ERROR - 2020-07-09 15:48:29 --> Could not find the language line "Tải"
ERROR - 2020-07-09 15:59:31 --> Could not find the language line "Tạo Điểm Lấy Hàng"
ERROR - 2020-07-09 15:59:31 --> Could not find the language line "Tạo Đơn Hàng"
ERROR - 2020-07-09 15:59:31 --> Could not find the language line "Tải Excel"
ERROR - 2020-07-09 15:59:31 --> Could not find the language line "Đóng"
ERROR - 2020-07-09 15:59:31 --> Could not find the language line "Xác Nhận"
ERROR - 2020-07-09 15:59:31 --> Severity: Warning --> Invalid argument supplied for foreach() /home/admin/domains/spshd.com/public_html/khachhang/application/views/app.php 162
ERROR - 2020-07-09 15:59:31 --> Severity: Warning --> Invalid argument supplied for foreach() /home/admin/domains/spshd.com/public_html/khachhang/application/views/app.php 173
ERROR - 2020-07-09 15:59:31 --> Could not find the language line "Đóng"
ERROR - 2020-07-09 15:59:31 --> Could not find the language line "Xác Nhận"
ERROR - 2020-07-09 15:59:31 --> Could not find the language line "Đóng"
ERROR - 2020-07-09 15:59:31 --> Could not find the language line "Xác Nhận"
ERROR - 2020-07-09 15:59:31 --> Could not find the language line "Đóng"
ERROR - 2020-07-09 15:59:31 --> Could not find the language line "Tải"
ERROR - 2020-07-09 16:32:54 --> Could not find the language line "Tạo Điểm Lấy Hàng"
ERROR - 2020-07-09 16:32:54 --> Could not find the language line "Tạo Đơn Hàng"
ERROR - 2020-07-09 16:32:54 --> Could not find the language line "Tải Excel"
ERROR - 2020-07-09 16:32:54 --> Could not find the language line "Đóng"
ERROR - 2020-07-09 16:32:54 --> Could not find the language line "Xác Nhận"
ERROR - 2020-07-09 16:32:54 --> Severity: Warning --> Invalid argument supplied for foreach() /home/admin/domains/spshd.com/public_html/khachhang/application/views/app.php 162
ERROR - 2020-07-09 16:32:54 --> Severity: Warning --> Invalid argument supplied for foreach() /home/admin/domains/spshd.com/public_html/khachhang/application/views/app.php 173
ERROR - 2020-07-09 16:32:54 --> Could not find the language line "Đóng"
ERROR - 2020-07-09 16:32:54 --> Could not find the language line "Xác Nhận"
ERROR - 2020-07-09 16:32:54 --> Could not find the language line "Đóng"
ERROR - 2020-07-09 16:32:54 --> Could not find the language line "Xác Nhận"
ERROR - 2020-07-09 16:32:54 --> Could not find the language line "Đóng"
ERROR - 2020-07-09 16:32:54 --> Could not find the language line "Tải"
ERROR - 2020-07-09 16:32:55 --> Could not find the language line "Tạo Điểm Lấy Hàng"
ERROR - 2020-07-09 16:32:55 --> Could not find the language line "Tạo Đơn Hàng"
ERROR - 2020-07-09 16:32:55 --> Could not find the language line "Tải Excel"
ERROR - 2020-07-09 16:32:55 --> Could not find the language line "Đóng"
ERROR - 2020-07-09 16:32:55 --> Could not find the language line "Xác Nhận"
ERROR - 2020-07-09 16:32:55 --> Severity: Warning --> Invalid argument supplied for foreach() /home/admin/domains/spshd.com/public_html/khachhang/application/views/app.php 162
ERROR - 2020-07-09 16:32:55 --> Severity: Warning --> Invalid argument supplied for foreach() /home/admin/domains/spshd.com/public_html/khachhang/application/views/app.php 173
ERROR - 2020-07-09 16:32:55 --> Could not find the language line "Đóng"
ERROR - 2020-07-09 16:32:55 --> Could not find the language line "Xác Nhận"
ERROR - 2020-07-09 16:32:55 --> Could not find the language line "Đóng"
ERROR - 2020-07-09 16:32:55 --> Could not find the language line "Xác Nhận"
ERROR - 2020-07-09 16:32:55 --> Could not find the language line "Đóng"
ERROR - 2020-07-09 16:32:55 --> Could not find the language line "Tải"
ERROR - 2020-07-09 11:14:57 --> Could not find the language line "Email"
ERROR - 2020-07-09 11:14:57 --> Could not find the language line "password"
ERROR - 2020-07-09 17:39:54 --> Could not find the language line "Tạo Điểm Lấy Hàng"
ERROR - 2020-07-09 17:39:54 --> Could not find the language line "Tạo Đơn Hàng"
ERROR - 2020-07-09 17:39:54 --> Could not find the language line "Tải Excel"
ERROR - 2020-07-09 17:39:54 --> Could not find the language line "Đóng"
ERROR - 2020-07-09 17:39:54 --> Could not find the language line "Xác Nhận"
ERROR - 2020-07-09 17:39:54 --> Severity: Warning --> Invalid argument supplied for foreach() /home/admin/domains/spshd.com/public_html/khachhang/application/views/app.php 162
ERROR - 2020-07-09 17:39:54 --> Severity: Warning --> Invalid argument supplied for foreach() /home/admin/domains/spshd.com/public_html/khachhang/application/views/app.php 173
ERROR - 2020-07-09 17:39:54 --> Could not find the language line "Đóng"
ERROR - 2020-07-09 17:39:54 --> Could not find the language line "Xác Nhận"
ERROR - 2020-07-09 17:39:54 --> Could not find the language line "Đóng"
ERROR - 2020-07-09 17:39:54 --> Could not find the language line "Xác Nhận"
ERROR - 2020-07-09 17:39:54 --> Could not find the language line "Đóng"
ERROR - 2020-07-09 17:39:54 --> Could not find the language line "Tải"
ERROR - 2020-07-09 18:12:10 --> Could not find the language line "Tạo Điểm Lấy Hàng"
ERROR - 2020-07-09 18:12:10 --> Could not find the language line "Tạo Đơn Hàng"
ERROR - 2020-07-09 18:12:10 --> Could not find the language line "Tải Excel"
ERROR - 2020-07-09 18:12:10 --> Could not find the language line "Đóng"
ERROR - 2020-07-09 18:12:10 --> Could not find the language line "Xác Nhận"
ERROR - 2020-07-09 18:12:10 --> Severity: Warning --> Invalid argument supplied for foreach() /home/admin/domains/spshd.com/public_html/khachhang/application/views/app.php 162
ERROR - 2020-07-09 18:12:10 --> Severity: Warning --> Invalid argument supplied for foreach() /home/admin/domains/spshd.com/public_html/khachhang/application/views/app.php 173
ERROR - 2020-07-09 18:12:10 --> Could not find the language line "Đóng"
ERROR - 2020-07-09 18:12:10 --> Could not find the language line "Xác Nhận"
ERROR - 2020-07-09 18:12:10 --> Could not find the language line "Đóng"
ERROR - 2020-07-09 18:12:10 --> Could not find the language line "Xác Nhận"
ERROR - 2020-07-09 18:12:10 --> Could not find the language line "Đóng"
ERROR - 2020-07-09 18:12:10 --> Could not find the language line "Tải"
ERROR - 2020-07-09 18:18:00 --> Could not find the language line "Tạo Điểm Lấy Hàng"
ERROR - 2020-07-09 18:18:00 --> Could not find the language line "Tạo Đơn Hàng"
ERROR - 2020-07-09 18:18:00 --> Could not find the language line "Tải Excel"
ERROR - 2020-07-09 18:18:00 --> Could not find the language line "Đóng"
ERROR - 2020-07-09 18:18:00 --> Could not find the language line "Xác Nhận"
ERROR - 2020-07-09 18:18:00 --> Severity: Warning --> Invalid argument supplied for foreach() /home/admin/domains/spshd.com/public_html/khachhang/application/views/app.php 162
ERROR - 2020-07-09 18:18:00 --> Severity: Warning --> Invalid argument supplied for foreach() /home/admin/domains/spshd.com/public_html/khachhang/application/views/app.php 173
ERROR - 2020-07-09 18:18:00 --> Could not find the language line "Đóng"
ERROR - 2020-07-09 18:18:00 --> Could not find the language line "Xác Nhận"
ERROR - 2020-07-09 18:18:00 --> Could not find the language line "Đóng"
ERROR - 2020-07-09 18:18:00 --> Could not find the language line "Xác Nhận"
ERROR - 2020-07-09 18:18:00 --> Could not find the language line "Đóng"
ERROR - 2020-07-09 18:18:00 --> Could not find the language line "Tải"
ERROR - 2020-07-09 19:00:03 --> Could not find the language line "Tạo Điểm Lấy Hàng"
ERROR - 2020-07-09 19:00:03 --> Could not find the language line "Tạo Đơn Hàng"
ERROR - 2020-07-09 19:00:03 --> Could not find the language line "Tải Excel"
ERROR - 2020-07-09 19:00:03 --> Could not find the language line "Đóng"
ERROR - 2020-07-09 19:00:03 --> Could not find the language line "Xác Nhận"
ERROR - 2020-07-09 19:00:03 --> Severity: Warning --> Invalid argument supplied for foreach() /home/admin/domains/spshd.com/public_html/khachhang/application/views/app.php 162
ERROR - 2020-07-09 19:00:03 --> Severity: Warning --> Invalid argument supplied for foreach() /home/admin/domains/spshd.com/public_html/khachhang/application/views/app.php 173
ERROR - 2020-07-09 19:00:03 --> Could not find the language line "Đóng"
ERROR - 2020-07-09 19:00:03 --> Could not find the language line "Xác Nhận"
ERROR - 2020-07-09 19:00:03 --> Could not find the language line "Đóng"
ERROR - 2020-07-09 19:00:03 --> Could not find the language line "Xác Nhận"
ERROR - 2020-07-09 19:00:03 --> Could not find the language line "Đóng"
ERROR - 2020-07-09 19:00:03 --> Could not find the language line "Tải"
ERROR - 2020-07-09 19:00:03 --> Could not find the language line "Tạo Điểm Lấy Hàng"
ERROR - 2020-07-09 19:00:03 --> Could not find the language line "Tạo Đơn Hàng"
ERROR - 2020-07-09 19:00:03 --> Could not find the language line "Tải Excel"
ERROR - 2020-07-09 19:00:03 --> Could not find the language line "Đóng"
ERROR - 2020-07-09 19:00:03 --> Could not find the language line "Xác Nhận"
ERROR - 2020-07-09 19:00:03 --> Severity: Warning --> Invalid argument supplied for foreach() /home/admin/domains/spshd.com/public_html/khachhang/application/views/app.php 162
ERROR - 2020-07-09 19:00:03 --> Severity: Warning --> Invalid argument supplied for foreach() /home/admin/domains/spshd.com/public_html/khachhang/application/views/app.php 173
ERROR - 2020-07-09 19:00:03 --> Could not find the language line "Đóng"
ERROR - 2020-07-09 19:00:03 --> Could not find the language line "Xác Nhận"
ERROR - 2020-07-09 19:00:03 --> Could not find the language line "Đóng"
ERROR - 2020-07-09 19:00:03 --> Could not find the language line "Xác Nhận"
ERROR - 2020-07-09 19:00:03 --> Could not find the language line "Đóng"
ERROR - 2020-07-09 19:00:03 --> Could not find the language line "Tải"
ERROR - 2020-07-09 19:03:38 --> Could not find the language line "Tạo Điểm Lấy Hàng"
ERROR - 2020-07-09 19:03:38 --> Could not find the language line "Tạo Đơn Hàng"
ERROR - 2020-07-09 19:03:38 --> Could not find the language line "Tải Excel"
ERROR - 2020-07-09 19:03:38 --> Could not find the language line "Đóng"
ERROR - 2020-07-09 19:03:38 --> Could not find the language line "Xác Nhận"
ERROR - 2020-07-09 19:03:38 --> Severity: Warning --> Invalid argument supplied for foreach() /home/admin/domains/spshd.com/public_html/khachhang/application/views/app.php 162
ERROR - 2020-07-09 19:03:38 --> Severity: Warning --> Invalid argument supplied for foreach() /home/admin/domains/spshd.com/public_html/khachhang/application/views/app.php 173
ERROR - 2020-07-09 19:03:38 --> Could not find the language line "Đóng"
ERROR - 2020-07-09 19:03:38 --> Could not find the language line "Xác Nhận"
ERROR - 2020-07-09 19:03:38 --> Could not find the language line "Đóng"
ERROR - 2020-07-09 19:03:38 --> Could not find the language line "Xác Nhận"
ERROR - 2020-07-09 19:03:38 --> Could not find the language line "Đóng"
ERROR - 2020-07-09 19:03:38 --> Could not find the language line "Tải"
ERROR - 2020-07-09 19:14:53 --> Could not find the language line "Tạo Điểm Lấy Hàng"
ERROR - 2020-07-09 19:14:53 --> Could not find the language line "Tạo Đơn Hàng"
ERROR - 2020-07-09 19:14:53 --> Could not find the language line "Tải Excel"
ERROR - 2020-07-09 19:14:53 --> Could not find the language line "Đóng"
ERROR - 2020-07-09 19:14:53 --> Could not find the language line "Xác Nhận"
ERROR - 2020-07-09 19:14:53 --> Severity: Warning --> Invalid argument supplied for foreach() /home/admin/domains/spshd.com/public_html/khachhang/application/views/app.php 162
ERROR - 2020-07-09 19:14:53 --> Severity: Warning --> Invalid argument supplied for foreach() /home/admin/domains/spshd.com/public_html/khachhang/application/views/app.php 173
ERROR - 2020-07-09 19:14:53 --> Could not find the language line "Đóng"
ERROR - 2020-07-09 19:14:53 --> Could not find the language line "Xác Nhận"
ERROR - 2020-07-09 19:14:53 --> Could not find the language line "Đóng"
ERROR - 2020-07-09 19:14:53 --> Could not find the language line "Xác Nhận"
ERROR - 2020-07-09 19:14:53 --> Could not find the language line "Đóng"
ERROR - 2020-07-09 19:14:53 --> Could not find the language line "Tải"
ERROR - 2020-07-09 19:48:15 --> Could not find the language line "Tạo Điểm Lấy Hàng"
ERROR - 2020-07-09 19:48:15 --> Could not find the language line "Tạo Đơn Hàng"
ERROR - 2020-07-09 19:48:15 --> Could not find the language line "Tải Excel"
ERROR - 2020-07-09 19:48:15 --> Could not find the language line "Đóng"
ERROR - 2020-07-09 19:48:15 --> Could not find the language line "Xác Nhận"
ERROR - 2020-07-09 19:48:15 --> Severity: Warning --> Invalid argument supplied for foreach() /home/admin/domains/spshd.com/public_html/khachhang/application/views/app.php 162
ERROR - 2020-07-09 19:48:15 --> Severity: Warning --> Invalid argument supplied for foreach() /home/admin/domains/spshd.com/public_html/khachhang/application/views/app.php 173
ERROR - 2020-07-09 19:48:15 --> Could not find the language line "Đóng"
ERROR - 2020-07-09 19:48:15 --> Could not find the language line "Xác Nhận"
ERROR - 2020-07-09 19:48:15 --> Could not find the language line "Đóng"
ERROR - 2020-07-09 19:48:15 --> Could not find the language line "Xác Nhận"
ERROR - 2020-07-09 19:48:15 --> Could not find the language line "Đóng"
ERROR - 2020-07-09 19:48:15 --> Could not find the language line "Tải"
ERROR - 2020-07-09 20:22:36 --> Could not find the language line "Tạo Điểm Lấy Hàng"
ERROR - 2020-07-09 20:22:36 --> Could not find the language line "Tạo Đơn Hàng"
ERROR - 2020-07-09 20:22:36 --> Could not find the language line "Tải Excel"
ERROR - 2020-07-09 20:22:36 --> Could not find the language line "Đóng"
ERROR - 2020-07-09 20:22:36 --> Could not find the language line "Xác Nhận"
ERROR - 2020-07-09 20:22:36 --> Severity: Warning --> Invalid argument supplied for foreach() /home/admin/domains/spshd.com/public_html/khachhang/application/views/app.php 162
ERROR - 2020-07-09 20:22:36 --> Severity: Warning --> Invalid argument supplied for foreach() /home/admin/domains/spshd.com/public_html/khachhang/application/views/app.php 173
ERROR - 2020-07-09 20:22:36 --> Could not find the language line "Đóng"
ERROR - 2020-07-09 20:22:36 --> Could not find the language line "Xác Nhận"
ERROR - 2020-07-09 20:22:36 --> Could not find the language line "Đóng"
ERROR - 2020-07-09 20:22:36 --> Could not find the language line "Xác Nhận"
ERROR - 2020-07-09 20:22:36 --> Could not find the language line "Đóng"
ERROR - 2020-07-09 20:22:36 --> Could not find the language line "Tải"
ERROR - 2020-07-09 20:27:03 --> Could not find the language line "Tạo Điểm Lấy Hàng"
ERROR - 2020-07-09 20:27:03 --> Could not find the language line "Tạo Đơn Hàng"
ERROR - 2020-07-09 20:27:03 --> Could not find the language line "Tải Excel"
ERROR - 2020-07-09 20:27:03 --> Could not find the language line "Đóng"
ERROR - 2020-07-09 20:27:03 --> Could not find the language line "Xác Nhận"
ERROR - 2020-07-09 20:27:03 --> Severity: Warning --> Invalid argument supplied for foreach() /home/admin/domains/spshd.com/public_html/khachhang/application/views/app.php 162
ERROR - 2020-07-09 20:27:03 --> Severity: Warning --> Invalid argument supplied for foreach() /home/admin/domains/spshd.com/public_html/khachhang/application/views/app.php 173
ERROR - 2020-07-09 20:27:03 --> Could not find the language line "Đóng"
ERROR - 2020-07-09 20:27:03 --> Could not find the language line "Xác Nhận"
ERROR - 2020-07-09 20:27:03 --> Could not find the language line "Đóng"
ERROR - 2020-07-09 20:27:03 --> Could not find the language line "Xác Nhận"
ERROR - 2020-07-09 20:27:03 --> Could not find the language line "Đóng"
ERROR - 2020-07-09 20:27:03 --> Could not find the language line "Tải"
ERROR - 2020-07-09 21:22:37 --> Could not find the language line "Tạo Điểm Lấy Hàng"
ERROR - 2020-07-09 21:22:37 --> Could not find the language line "Tạo Đơn Hàng"
ERROR - 2020-07-09 21:22:37 --> Could not find the language line "Tải Excel"
ERROR - 2020-07-09 21:22:37 --> Could not find the language line "Đóng"
ERROR - 2020-07-09 21:22:37 --> Could not find the language line "Xác Nhận"
ERROR - 2020-07-09 21:22:37 --> Severity: Warning --> Invalid argument supplied for foreach() /home/admin/domains/spshd.com/public_html/khachhang/application/views/app.php 162
ERROR - 2020-07-09 21:22:37 --> Severity: Warning --> Invalid argument supplied for foreach() /home/admin/domains/spshd.com/public_html/khachhang/application/views/app.php 173
ERROR - 2020-07-09 21:22:37 --> Could not find the language line "Đóng"
ERROR - 2020-07-09 21:22:37 --> Could not find the language line "Xác Nhận"
ERROR - 2020-07-09 21:22:37 --> Could not find the language line "Đóng"
ERROR - 2020-07-09 21:22:37 --> Could not find the language line "Xác Nhận"
ERROR - 2020-07-09 21:22:37 --> Could not find the language line "Đóng"
ERROR - 2020-07-09 21:22:37 --> Could not find the language line "Tải"
ERROR - 2020-07-09 22:12:51 --> Could not find the language line "Tạo Điểm Lấy Hàng"
ERROR - 2020-07-09 22:12:51 --> Could not find the language line "Tạo Đơn Hàng"
ERROR - 2020-07-09 22:12:51 --> Could not find the language line "Tải Excel"
ERROR - 2020-07-09 22:12:51 --> Could not find the language line "Đóng"
ERROR - 2020-07-09 22:12:51 --> Could not find the language line "Xác Nhận"
ERROR - 2020-07-09 22:12:51 --> Severity: Warning --> Invalid argument supplied for foreach() /home/admin/domains/spshd.com/public_html/khachhang/application/views/app.php 162
ERROR - 2020-07-09 22:12:51 --> Severity: Warning --> Invalid argument supplied for foreach() /home/admin/domains/spshd.com/public_html/khachhang/application/views/app.php 173
ERROR - 2020-07-09 22:12:51 --> Could not find the language line "Đóng"
ERROR - 2020-07-09 22:12:51 --> Could not find the language line "Xác Nhận"
ERROR - 2020-07-09 22:12:51 --> Could not find the language line "Đóng"
ERROR - 2020-07-09 22:12:51 --> Could not find the language line "Xác Nhận"
ERROR - 2020-07-09 22:12:51 --> Could not find the language line "Đóng"
ERROR - 2020-07-09 22:12:51 --> Could not find the language line "Tải"
ERROR - 2020-07-09 22:16:13 --> Could not find the language line "Tạo Điểm Lấy Hàng"
ERROR - 2020-07-09 22:16:13 --> Could not find the language line "Tạo Đơn Hàng"
ERROR - 2020-07-09 22:16:13 --> Could not find the language line "Tải Excel"
ERROR - 2020-07-09 22:16:13 --> Could not find the language line "Đóng"
ERROR - 2020-07-09 22:16:13 --> Could not find the language line "Xác Nhận"
ERROR - 2020-07-09 22:16:13 --> Severity: Warning --> Invalid argument supplied for foreach() /home/admin/domains/spshd.com/public_html/khachhang/application/views/app.php 162
ERROR - 2020-07-09 22:16:13 --> Severity: Warning --> Invalid argument supplied for foreach() /home/admin/domains/spshd.com/public_html/khachhang/application/views/app.php 173
ERROR - 2020-07-09 22:16:13 --> Could not find the language line "Đóng"
ERROR - 2020-07-09 22:16:13 --> Could not find the language line "Xác Nhận"
ERROR - 2020-07-09 22:16:13 --> Could not find the language line "Đóng"
ERROR - 2020-07-09 22:16:13 --> Could not find the language line "Xác Nhận"
ERROR - 2020-07-09 22:16:13 --> Could not find the language line "Đóng"
ERROR - 2020-07-09 22:16:13 --> Could not find the language line "Tải"
ERROR - 2020-07-09 16:16:15 --> Could not find the language line "Email"
ERROR - 2020-07-09 16:16:15 --> Could not find the language line "password"
ERROR - 2020-07-09 22:41:10 --> Could not find the language line "Tạo Điểm Lấy Hàng"
ERROR - 2020-07-09 22:41:10 --> Could not find the language line "Tạo Đơn Hàng"
ERROR - 2020-07-09 22:41:10 --> Could not find the language line "Tải Excel"
ERROR - 2020-07-09 22:41:10 --> Could not find the language line "Đóng"
ERROR - 2020-07-09 22:41:10 --> Could not find the language line "Xác Nhận"
ERROR - 2020-07-09 22:41:10 --> Severity: Warning --> Invalid argument supplied for foreach() /home/admin/domains/spshd.com/public_html/khachhang/application/views/app.php 162
ERROR - 2020-07-09 22:41:10 --> Severity: Warning --> Invalid argument supplied for foreach() /home/admin/domains/spshd.com/public_html/khachhang/application/views/app.php 173
ERROR - 2020-07-09 22:41:10 --> Could not find the language line "Đóng"
ERROR - 2020-07-09 22:41:10 --> Could not find the language line "Xác Nhận"
ERROR - 2020-07-09 22:41:10 --> Could not find the language line "Đóng"
ERROR - 2020-07-09 22:41:10 --> Could not find the language line "Xác Nhận"
ERROR - 2020-07-09 22:41:10 --> Could not find the language line "Đóng"
ERROR - 2020-07-09 22:41:10 --> Could not find the language line "Tải"
ERROR - 2020-07-09 22:55:35 --> Could not find the language line "Tạo Điểm Lấy Hàng"
ERROR - 2020-07-09 22:55:35 --> Could not find the language line "Tạo Đơn Hàng"
ERROR - 2020-07-09 22:55:35 --> Could not find the language line "Tải Excel"
ERROR - 2020-07-09 22:55:35 --> Could not find the language line "Đóng"
ERROR - 2020-07-09 22:55:35 --> Could not find the language line "Xác Nhận"
ERROR - 2020-07-09 22:55:35 --> Severity: Warning --> Invalid argument supplied for foreach() /home/admin/domains/spshd.com/public_html/khachhang/application/views/app.php 162
ERROR - 2020-07-09 22:55:35 --> Severity: Warning --> Invalid argument supplied for foreach() /home/admin/domains/spshd.com/public_html/khachhang/application/views/app.php 173
ERROR - 2020-07-09 22:55:35 --> Could not find the language line "Đóng"
ERROR - 2020-07-09 22:55:35 --> Could not find the language line "Xác Nhận"
ERROR - 2020-07-09 22:55:35 --> Could not find the language line "Đóng"
ERROR - 2020-07-09 22:55:35 --> Could not find the language line "Xác Nhận"
ERROR - 2020-07-09 22:55:35 --> Could not find the language line "Đóng"
ERROR - 2020-07-09 22:55:35 --> Could not find the language line "Tải"
ERROR - 2020-07-09 22:55:35 --> Could not find the language line "Tạo Điểm Lấy Hàng"
ERROR - 2020-07-09 22:55:35 --> Could not find the language line "Tạo Đơn Hàng"
ERROR - 2020-07-09 22:55:35 --> Could not find the language line "Tải Excel"
ERROR - 2020-07-09 22:55:35 --> Could not find the language line "Đóng"
ERROR - 2020-07-09 22:55:35 --> Could not find the language line "Xác Nhận"
ERROR - 2020-07-09 22:55:35 --> Severity: Warning --> Invalid argument supplied for foreach() /home/admin/domains/spshd.com/public_html/khachhang/application/views/app.php 162
ERROR - 2020-07-09 22:55:35 --> Severity: Warning --> Invalid argument supplied for foreach() /home/admin/domains/spshd.com/public_html/khachhang/application/views/app.php 173
ERROR - 2020-07-09 22:55:35 --> Could not find the language line "Đóng"
ERROR - 2020-07-09 22:55:35 --> Could not find the language line "Xác Nhận"
ERROR - 2020-07-09 22:55:35 --> Could not find the language line "Đóng"
ERROR - 2020-07-09 22:55:35 --> Could not find the language line "Xác Nhận"
ERROR - 2020-07-09 22:55:35 --> Could not find the language line "Đóng"
ERROR - 2020-07-09 22:55:35 --> Could not find the language line "Tải"
ERROR - 2020-07-09 17:07:22 --> Could not find the language line "Email"
ERROR - 2020-07-09 17:07:22 --> Could not find the language line "password"
ERROR - 2020-07-09 23:56:40 --> Could not find the language line "Tạo Điểm Lấy Hàng"
ERROR - 2020-07-09 23:56:40 --> Could not find the language line "Tạo Đơn Hàng"
ERROR - 2020-07-09 23:56:40 --> Could not find the language line "Tải Excel"
ERROR - 2020-07-09 23:56:40 --> Could not find the language line "Đóng"
ERROR - 2020-07-09 23:56:40 --> Could not find the language line "Xác Nhận"
ERROR - 2020-07-09 23:56:40 --> Severity: Warning --> Invalid argument supplied for foreach() /home/admin/domains/spshd.com/public_html/khachhang/application/views/app.php 162
ERROR - 2020-07-09 23:56:40 --> Severity: Warning --> Invalid argument supplied for foreach() /home/admin/domains/spshd.com/public_html/khachhang/application/views/app.php 173
ERROR - 2020-07-09 23:56:40 --> Could not find the language line "Đóng"
ERROR - 2020-07-09 23:56:40 --> Could not find the language line "Xác Nhận"
ERROR - 2020-07-09 23:56:40 --> Could not find the language line "Đóng"
ERROR - 2020-07-09 23:56:40 --> Could not find the language line "Xác Nhận"
ERROR - 2020-07-09 23:56:40 --> Could not find the language line "Đóng"
ERROR - 2020-07-09 23:56:40 --> Could not find the language line "Tải"
ERROR - 2020-07-09 23:59:01 --> Could not find the language line "Tạo Điểm Lấy Hàng"
ERROR - 2020-07-09 23:59:01 --> Could not find the language line "Tạo Đơn Hàng"
ERROR - 2020-07-09 23:59:01 --> Could not find the language line "Tải Excel"
ERROR - 2020-07-09 23:59:01 --> Could not find the language line "Đóng"
ERROR - 2020-07-09 23:59:01 --> Could not find the language line "Xác Nhận"
ERROR - 2020-07-09 23:59:01 --> Severity: Warning --> Invalid argument supplied for foreach() /home/admin/domains/spshd.com/public_html/khachhang/application/views/app.php 162
ERROR - 2020-07-09 23:59:01 --> Severity: Warning --> Invalid argument supplied for foreach() /home/admin/domains/spshd.com/public_html/khachhang/application/views/app.php 173
ERROR - 2020-07-09 23:59:01 --> Could not find the language line "Đóng"
ERROR - 2020-07-09 23:59:01 --> Could not find the language line "Xác Nhận"
ERROR - 2020-07-09 23:59:01 --> Could not find the language line "Đóng"
ERROR - 2020-07-09 23:59:01 --> Could not find the language line "Xác Nhận"
ERROR - 2020-07-09 23:59:01 --> Could not find the language line "Đóng"
ERROR - 2020-07-09 23:59:01 --> Could not find the language line "Tải"
