ERROR - 2020-02-29 01:15:39 --> Could not find the language line "Tạo Điểm Lấy Hàng"
ERROR - 2020-02-29 01:15:39 --> Could not find the language line "Tạo Đơn Hàng"
ERROR - 2020-02-29 01:15:39 --> Severity: Warning --> Invalid argument supplied for foreach() /home/admin/domains/spshd.com/public_html/khachhang/application/views/tab4.php 394
ERROR - 2020-02-29 01:15:39 --> Could not find the language line "Đóng"
ERROR - 2020-02-29 01:15:39 --> Could not find the language line "Xác Nhận"
ERROR - 2020-02-29 01:15:39 --> Severity: Warning --> Invalid argument supplied for foreach() /home/admin/domains/spshd.com/public_html/khachhang/application/views/app.php 157
ERROR - 2020-02-29 01:15:39 --> Severity: Warning --> Invalid argument supplied for foreach() /home/admin/domains/spshd.com/public_html/khachhang/application/views/app.php 168
ERROR - 2020-02-29 01:15:39 --> Could not find the language line "Đóng"
ERROR - 2020-02-29 01:15:39 --> Could not find the language line "Xác Nhận"
ERROR - 2020-02-29 01:15:39 --> Could not find the language line "Đóng"
ERROR - 2020-02-29 01:15:39 --> Could not find the language line "Xác Nhận"
ERROR - 2020-02-29 01:48:53 --> Could not find the language line "Tạo Điểm Lấy Hàng"
ERROR - 2020-02-29 01:48:53 --> Could not find the language line "Tạo Đơn Hàng"
ERROR - 2020-02-29 01:48:53 --> Severity: Warning --> Invalid argument supplied for foreach() /home/admin/domains/spshd.com/public_html/khachhang/application/views/tab4.php 394
ERROR - 2020-02-29 01:48:53 --> Could not find the language line "Đóng"
ERROR - 2020-02-29 01:48:53 --> Could not find the language line "Xác Nhận"
ERROR - 2020-02-29 01:48:53 --> Severity: Warning --> Invalid argument supplied for foreach() /home/admin/domains/spshd.com/public_html/khachhang/application/views/app.php 157
ERROR - 2020-02-29 01:48:53 --> Severity: Warning --> Invalid argument supplied for foreach() /home/admin/domains/spshd.com/public_html/khachhang/application/views/app.php 168
ERROR - 2020-02-29 01:48:53 --> Could not find the language line "Đóng"
ERROR - 2020-02-29 01:48:53 --> Could not find the language line "Xác Nhận"
ERROR - 2020-02-29 01:48:53 --> Could not find the language line "Đóng"
ERROR - 2020-02-29 01:48:53 --> Could not find the language line "Xác Nhận"
ERROR - 2020-02-29 01:48:53 --> Could not find the language line "Tạo Điểm Lấy Hàng"
ERROR - 2020-02-29 01:48:53 --> Could not find the language line "Tạo Đơn Hàng"
ERROR - 2020-02-29 01:48:53 --> Severity: Warning --> Invalid argument supplied for foreach() /home/admin/domains/spshd.com/public_html/khachhang/application/views/tab4.php 394
ERROR - 2020-02-29 01:48:53 --> Could not find the language line "Đóng"
ERROR - 2020-02-29 01:48:53 --> Could not find the language line "Xác Nhận"
ERROR - 2020-02-29 01:48:53 --> Severity: Warning --> Invalid argument supplied for foreach() /home/admin/domains/spshd.com/public_html/khachhang/application/views/app.php 157
ERROR - 2020-02-29 01:48:53 --> Severity: Warning --> Invalid argument supplied for foreach() /home/admin/domains/spshd.com/public_html/khachhang/application/views/app.php 168
ERROR - 2020-02-29 01:48:53 --> Could not find the language line "Đóng"
ERROR - 2020-02-29 01:48:53 --> Could not find the language line "Xác Nhận"
ERROR - 2020-02-29 01:48:53 --> Could not find the language line "Đóng"
ERROR - 2020-02-29 01:48:53 --> Could not find the language line "Xác Nhận"
ERROR - 2020-02-29 03:16:01 --> Could not find the language line "Tạo Điểm Lấy Hàng"
ERROR - 2020-02-29 03:16:01 --> Could not find the language line "Tạo Đơn Hàng"
ERROR - 2020-02-29 03:16:01 --> Severity: Warning --> Invalid argument supplied for foreach() /home/admin/domains/spshd.com/public_html/khachhang/application/views/tab4.php 394
ERROR - 2020-02-29 03:16:01 --> Could not find the language line "Đóng"
ERROR - 2020-02-29 03:16:01 --> Could not find the language line "Xác Nhận"
ERROR - 2020-02-29 03:16:01 --> Severity: Warning --> Invalid argument supplied for foreach() /home/admin/domains/spshd.com/public_html/khachhang/application/views/app.php 157
ERROR - 2020-02-29 03:16:01 --> Severity: Warning --> Invalid argument supplied for foreach() /home/admin/domains/spshd.com/public_html/khachhang/application/views/app.php 168
ERROR - 2020-02-29 03:16:01 --> Could not find the language line "Đóng"
ERROR - 2020-02-29 03:16:01 --> Could not find the language line "Xác Nhận"
ERROR - 2020-02-29 03:16:01 --> Could not find the language line "Đóng"
ERROR - 2020-02-29 03:16:01 --> Could not find the language line "Xác Nhận"
ERROR - 2020-02-29 04:08:17 --> Could not find the language line "Tạo Điểm Lấy Hàng"
ERROR - 2020-02-29 04:08:17 --> Could not find the language line "Tạo Đơn Hàng"
ERROR - 2020-02-29 04:08:17 --> Severity: Warning --> Invalid argument supplied for foreach() /home/admin/domains/spshd.com/public_html/khachhang/application/views/tab4.php 394
ERROR - 2020-02-29 04:08:17 --> Could not find the language line "Đóng"
ERROR - 2020-02-29 04:08:17 --> Could not find the language line "Xác Nhận"
ERROR - 2020-02-29 04:08:17 --> Severity: Warning --> Invalid argument supplied for foreach() /home/admin/domains/spshd.com/public_html/khachhang/application/views/app.php 157
ERROR - 2020-02-29 04:08:17 --> Severity: Warning --> Invalid argument supplied for foreach() /home/admin/domains/spshd.com/public_html/khachhang/application/views/app.php 168
ERROR - 2020-02-29 04:08:17 --> Could not find the language line "Đóng"
ERROR - 2020-02-29 04:08:17 --> Could not find the language line "Xác Nhận"
ERROR - 2020-02-29 04:08:17 --> Could not find the language line "Đóng"
ERROR - 2020-02-29 04:08:17 --> Could not find the language line "Xác Nhận"
ERROR - 2020-02-29 04:09:25 --> Could not find the language line "Tạo Điểm Lấy Hàng"
ERROR - 2020-02-29 04:09:25 --> Could not find the language line "Tạo Đơn Hàng"
ERROR - 2020-02-29 04:09:25 --> Severity: Warning --> Invalid argument supplied for foreach() /home/admin/domains/spshd.com/public_html/khachhang/application/views/tab4.php 394
ERROR - 2020-02-29 04:09:25 --> Could not find the language line "Đóng"
ERROR - 2020-02-29 04:09:25 --> Could not find the language line "Xác Nhận"
ERROR - 2020-02-29 04:09:25 --> Severity: Warning --> Invalid argument supplied for foreach() /home/admin/domains/spshd.com/public_html/khachhang/application/views/app.php 157
ERROR - 2020-02-29 04:09:25 --> Severity: Warning --> Invalid argument supplied for foreach() /home/admin/domains/spshd.com/public_html/khachhang/application/views/app.php 168
ERROR - 2020-02-29 04:09:25 --> Could not find the language line "Đóng"
ERROR - 2020-02-29 04:09:25 --> Could not find the language line "Xác Nhận"
ERROR - 2020-02-29 04:09:25 --> Could not find the language line "Đóng"
ERROR - 2020-02-29 04:09:25 --> Could not find the language line "Xác Nhận"
ERROR - 2020-02-29 04:14:12 --> Could not find the language line "Email"
ERROR - 2020-02-29 04:14:12 --> Could not find the language line "password"
ERROR - 2020-02-29 04:14:39 --> Could not find the language line "Tạo Điểm Lấy Hàng"
ERROR - 2020-02-29 04:14:39 --> Could not find the language line "Tạo Đơn Hàng"
ERROR - 2020-02-29 04:14:39 --> Severity: Warning --> Invalid argument supplied for foreach() /home/admin/domains/spshd.com/public_html/khachhang/application/views/tab4.php 394
ERROR - 2020-02-29 04:14:39 --> Could not find the language line "Đóng"
ERROR - 2020-02-29 04:14:39 --> Could not find the language line "Xác Nhận"
ERROR - 2020-02-29 04:14:39 --> Severity: Warning --> Invalid argument supplied for foreach() /home/admin/domains/spshd.com/public_html/khachhang/application/views/app.php 157
ERROR - 2020-02-29 04:14:39 --> Severity: Warning --> Invalid argument supplied for foreach() /home/admin/domains/spshd.com/public_html/khachhang/application/views/app.php 168
ERROR - 2020-02-29 04:14:39 --> Could not find the language line "Đóng"
ERROR - 2020-02-29 04:14:39 --> Could not find the language line "Xác Nhận"
ERROR - 2020-02-29 04:14:39 --> Could not find the language line "Đóng"
ERROR - 2020-02-29 04:14:39 --> Could not find the language line "Xác Nhận"
ERROR - 2020-02-29 04:15:48 --> Could not find the language line "Tạo Điểm Lấy Hàng"
ERROR - 2020-02-29 04:15:48 --> Could not find the language line "Tạo Đơn Hàng"
ERROR - 2020-02-29 04:15:48 --> Severity: Warning --> Invalid argument supplied for foreach() /home/admin/domains/spshd.com/public_html/khachhang/application/views/tab4.php 394
ERROR - 2020-02-29 04:15:48 --> Could not find the language line "Đóng"
ERROR - 2020-02-29 04:15:48 --> Could not find the language line "Xác Nhận"
ERROR - 2020-02-29 04:15:48 --> Severity: Warning --> Invalid argument supplied for foreach() /home/admin/domains/spshd.com/public_html/khachhang/application/views/app.php 157
ERROR - 2020-02-29 04:15:48 --> Severity: Warning --> Invalid argument supplied for foreach() /home/admin/domains/spshd.com/public_html/khachhang/application/views/app.php 168
ERROR - 2020-02-29 04:15:48 --> Could not find the language line "Đóng"
ERROR - 2020-02-29 04:15:48 --> Could not find the language line "Xác Nhận"
ERROR - 2020-02-29 04:15:48 --> Could not find the language line "Đóng"
ERROR - 2020-02-29 04:15:48 --> Could not find the language line "Xác Nhận"
ERROR - 2020-02-29 04:15:57 --> Could not find the language line "Tạo Điểm Lấy Hàng"
ERROR - 2020-02-29 04:15:57 --> Could not find the language line "Tạo Đơn Hàng"
ERROR - 2020-02-29 04:15:57 --> Severity: Warning --> Invalid argument supplied for foreach() /home/admin/domains/spshd.com/public_html/khachhang/application/views/tab4.php 394
ERROR - 2020-02-29 04:15:57 --> Could not find the language line "Đóng"
ERROR - 2020-02-29 04:15:57 --> Could not find the language line "Xác Nhận"
ERROR - 2020-02-29 04:15:57 --> Severity: Warning --> Invalid argument supplied for foreach() /home/admin/domains/spshd.com/public_html/khachhang/application/views/app.php 157
ERROR - 2020-02-29 04:15:57 --> Severity: Warning --> Invalid argument supplied for foreach() /home/admin/domains/spshd.com/public_html/khachhang/application/views/app.php 168
ERROR - 2020-02-29 04:15:57 --> Could not find the language line "Đóng"
ERROR - 2020-02-29 04:15:57 --> Could not find the language line "Xác Nhận"
ERROR - 2020-02-29 04:15:57 --> Could not find the language line "Đóng"
ERROR - 2020-02-29 04:15:57 --> Could not find the language line "Xác Nhận"
ERROR - 2020-02-29 04:16:12 --> Could not find the language line "Tạo Điểm Lấy Hàng"
ERROR - 2020-02-29 04:16:12 --> Could not find the language line "Tạo Đơn Hàng"
ERROR - 2020-02-29 04:16:12 --> Severity: Warning --> Invalid argument supplied for foreach() /home/admin/domains/spshd.com/public_html/khachhang/application/views/tab4.php 394
ERROR - 2020-02-29 04:16:12 --> Could not find the language line "Đóng"
ERROR - 2020-02-29 04:16:12 --> Could not find the language line "Xác Nhận"
ERROR - 2020-02-29 04:16:12 --> Severity: Warning --> Invalid argument supplied for foreach() /home/admin/domains/spshd.com/public_html/khachhang/application/views/app.php 157
ERROR - 2020-02-29 04:16:12 --> Severity: Warning --> Invalid argument supplied for foreach() /home/admin/domains/spshd.com/public_html/khachhang/application/views/app.php 168
ERROR - 2020-02-29 04:16:12 --> Could not find the language line "Đóng"
ERROR - 2020-02-29 04:16:12 --> Could not find the language line "Xác Nhận"
ERROR - 2020-02-29 04:16:12 --> Could not find the language line "Đóng"
ERROR - 2020-02-29 04:16:12 --> Could not find the language line "Xác Nhận"
ERROR - 2020-02-29 04:16:42 --> Could not find the language line "Tạo Điểm Lấy Hàng"
ERROR - 2020-02-29 04:16:42 --> Could not find the language line "Tạo Đơn Hàng"
ERROR - 2020-02-29 04:16:42 --> Severity: Warning --> Invalid argument supplied for foreach() /home/admin/domains/spshd.com/public_html/khachhang/application/views/tab4.php 394
ERROR - 2020-02-29 04:16:42 --> Could not find the language line "Đóng"
ERROR - 2020-02-29 04:16:42 --> Could not find the language line "Xác Nhận"
ERROR - 2020-02-29 04:16:42 --> Severity: Warning --> Invalid argument supplied for foreach() /home/admin/domains/spshd.com/public_html/khachhang/application/views/app.php 157
ERROR - 2020-02-29 04:16:42 --> Severity: Warning --> Invalid argument supplied for foreach() /home/admin/domains/spshd.com/public_html/khachhang/application/views/app.php 168
ERROR - 2020-02-29 04:16:42 --> Could not find the language line "Đóng"
ERROR - 2020-02-29 04:16:42 --> Could not find the language line "Xác Nhận"
ERROR - 2020-02-29 04:16:42 --> Could not find the language line "Đóng"
ERROR - 2020-02-29 04:16:42 --> Could not find the language line "Xác Nhận"
ERROR - 2020-02-29 04:16:48 --> Could not find the language line "Tạo Điểm Lấy Hàng"
ERROR - 2020-02-29 04:16:48 --> Could not find the language line "Tạo Đơn Hàng"
ERROR - 2020-02-29 04:16:48 --> Severity: Warning --> Invalid argument supplied for foreach() /home/admin/domains/spshd.com/public_html/khachhang/application/views/tab4.php 394
ERROR - 2020-02-29 04:16:48 --> Could not find the language line "Đóng"
ERROR - 2020-02-29 04:16:48 --> Could not find the language line "Xác Nhận"
ERROR - 2020-02-29 04:16:48 --> Severity: Warning --> Invalid argument supplied for foreach() /home/admin/domains/spshd.com/public_html/khachhang/application/views/app.php 157
ERROR - 2020-02-29 04:16:48 --> Severity: Warning --> Invalid argument supplied for foreach() /home/admin/domains/spshd.com/public_html/khachhang/application/views/app.php 168
ERROR - 2020-02-29 04:16:48 --> Could not find the language line "Đóng"
ERROR - 2020-02-29 04:16:48 --> Could not find the language line "Xác Nhận"
ERROR - 2020-02-29 04:16:48 --> Could not find the language line "Đóng"
ERROR - 2020-02-29 04:16:48 --> Could not find the language line "Xác Nhận"
ERROR - 2020-02-29 04:29:25 --> Could not find the language line "Tạo Điểm Lấy Hàng"
ERROR - 2020-02-29 04:29:25 --> Could not find the language line "Tạo Đơn Hàng"
ERROR - 2020-02-29 04:29:25 --> Severity: Warning --> Invalid argument supplied for foreach() /home/admin/domains/spshd.com/public_html/khachhang/application/views/tab4.php 394
ERROR - 2020-02-29 04:29:25 --> Could not find the language line "Đóng"
ERROR - 2020-02-29 04:29:25 --> Could not find the language line "Xác Nhận"
ERROR - 2020-02-29 04:29:25 --> Severity: Warning --> Invalid argument supplied for foreach() /home/admin/domains/spshd.com/public_html/khachhang/application/views/app.php 157
ERROR - 2020-02-29 04:29:25 --> Severity: Warning --> Invalid argument supplied for foreach() /home/admin/domains/spshd.com/public_html/khachhang/application/views/app.php 168
ERROR - 2020-02-29 04:29:25 --> Could not find the language line "Đóng"
ERROR - 2020-02-29 04:29:25 --> Could not find the language line "Xác Nhận"
ERROR - 2020-02-29 04:29:25 --> Could not find the language line "Đóng"
ERROR - 2020-02-29 04:29:25 --> Could not find the language line "Xác Nhận"
ERROR - 2020-02-29 04:29:26 --> Could not find the language line "Tạo Điểm Lấy Hàng"
ERROR - 2020-02-29 04:29:26 --> Could not find the language line "Tạo Đơn Hàng"
ERROR - 2020-02-29 04:29:26 --> Severity: Warning --> Invalid argument supplied for foreach() /home/admin/domains/spshd.com/public_html/khachhang/application/views/tab4.php 394
ERROR - 2020-02-29 04:29:26 --> Could not find the language line "Đóng"
ERROR - 2020-02-29 04:29:26 --> Could not find the language line "Xác Nhận"
ERROR - 2020-02-29 04:29:26 --> Severity: Warning --> Invalid argument supplied for foreach() /home/admin/domains/spshd.com/public_html/khachhang/application/views/app.php 157
ERROR - 2020-02-29 04:29:26 --> Severity: Warning --> Invalid argument supplied for foreach() /home/admin/domains/spshd.com/public_html/khachhang/application/views/app.php 168
ERROR - 2020-02-29 04:29:26 --> Could not find the language line "Đóng"
ERROR - 2020-02-29 04:29:26 --> Could not find the language line "Xác Nhận"
ERROR - 2020-02-29 04:29:26 --> Could not find the language line "Đóng"
ERROR - 2020-02-29 04:29:26 --> Could not find the language line "Xác Nhận"
ERROR - 2020-02-29 04:35:41 --> Could not find the language line "Tạo Điểm Lấy Hàng"
ERROR - 2020-02-29 04:35:41 --> Could not find the language line "Tạo Đơn Hàng"
ERROR - 2020-02-29 04:35:41 --> Severity: Warning --> Invalid argument supplied for foreach() /home/admin/domains/spshd.com/public_html/khachhang/application/views/tab4.php 394
ERROR - 2020-02-29 04:35:41 --> Could not find the language line "Đóng"
ERROR - 2020-02-29 04:35:41 --> Could not find the language line "Xác Nhận"
ERROR - 2020-02-29 04:35:41 --> Severity: Warning --> Invalid argument supplied for foreach() /home/admin/domains/spshd.com/public_html/khachhang/application/views/app.php 157
ERROR - 2020-02-29 04:35:41 --> Severity: Warning --> Invalid argument supplied for foreach() /home/admin/domains/spshd.com/public_html/khachhang/application/views/app.php 168
ERROR - 2020-02-29 04:35:41 --> Could not find the language line "Đóng"
ERROR - 2020-02-29 04:35:41 --> Could not find the language line "Xác Nhận"
ERROR - 2020-02-29 04:35:41 --> Could not find the language line "Đóng"
ERROR - 2020-02-29 04:35:41 --> Could not find the language line "Xác Nhận"
ERROR - 2020-02-29 04:35:46 --> Could not find the language line "Tạo Điểm Lấy Hàng"
ERROR - 2020-02-29 04:35:46 --> Could not find the language line "Tạo Đơn Hàng"
ERROR - 2020-02-29 04:35:46 --> Severity: Warning --> Invalid argument supplied for foreach() /home/admin/domains/spshd.com/public_html/khachhang/application/views/tab4.php 394
ERROR - 2020-02-29 04:35:46 --> Could not find the language line "Đóng"
ERROR - 2020-02-29 04:35:46 --> Could not find the language line "Xác Nhận"
ERROR - 2020-02-29 04:35:46 --> Severity: Warning --> Invalid argument supplied for foreach() /home/admin/domains/spshd.com/public_html/khachhang/application/views/app.php 157
ERROR - 2020-02-29 04:35:46 --> Severity: Warning --> Invalid argument supplied for foreach() /home/admin/domains/spshd.com/public_html/khachhang/application/views/app.php 168
ERROR - 2020-02-29 04:35:46 --> Could not find the language line "Đóng"
ERROR - 2020-02-29 04:35:46 --> Could not find the language line "Xác Nhận"
ERROR - 2020-02-29 04:35:46 --> Could not find the language line "Đóng"
ERROR - 2020-02-29 04:35:46 --> Could not find the language line "Xác Nhận"
ERROR - 2020-02-29 04:42:09 --> Could not find the language line "Tạo Điểm Lấy Hàng"
ERROR - 2020-02-29 04:42:09 --> Could not find the language line "Tạo Đơn Hàng"
ERROR - 2020-02-29 04:42:09 --> Severity: Warning --> Invalid argument supplied for foreach() /home/admin/domains/spshd.com/public_html/khachhang/application/views/tab4.php 394
ERROR - 2020-02-29 04:42:09 --> Could not find the language line "Đóng"
ERROR - 2020-02-29 04:42:09 --> Could not find the language line "Xác Nhận"
ERROR - 2020-02-29 04:42:09 --> Severity: Warning --> Invalid argument supplied for foreach() /home/admin/domains/spshd.com/public_html/khachhang/application/views/app.php 157
ERROR - 2020-02-29 04:42:09 --> Severity: Warning --> Invalid argument supplied for foreach() /home/admin/domains/spshd.com/public_html/khachhang/application/views/app.php 168
ERROR - 2020-02-29 04:42:09 --> Could not find the language line "Đóng"
ERROR - 2020-02-29 04:42:09 --> Could not find the language line "Xác Nhận"
ERROR - 2020-02-29 04:42:09 --> Could not find the language line "Đóng"
ERROR - 2020-02-29 04:42:09 --> Could not find the language line "Xác Nhận"
ERROR - 2020-02-29 04:42:18 --> Could not find the language line "Tạo Điểm Lấy Hàng"
ERROR - 2020-02-29 04:42:18 --> Could not find the language line "Tạo Đơn Hàng"
ERROR - 2020-02-29 04:42:18 --> Severity: Warning --> Invalid argument supplied for foreach() /home/admin/domains/spshd.com/public_html/khachhang/application/views/tab4.php 394
ERROR - 2020-02-29 04:42:18 --> Could not find the language line "Đóng"
ERROR - 2020-02-29 04:42:18 --> Could not find the language line "Xác Nhận"
ERROR - 2020-02-29 04:42:18 --> Severity: Warning --> Invalid argument supplied for foreach() /home/admin/domains/spshd.com/public_html/khachhang/application/views/app.php 157
ERROR - 2020-02-29 04:42:18 --> Severity: Warning --> Invalid argument supplied for foreach() /home/admin/domains/spshd.com/public_html/khachhang/application/views/app.php 168
ERROR - 2020-02-29 04:42:18 --> Could not find the language line "Đóng"
ERROR - 2020-02-29 04:42:18 --> Could not find the language line "Xác Nhận"
ERROR - 2020-02-29 04:42:18 --> Could not find the language line "Đóng"
ERROR - 2020-02-29 04:42:18 --> Could not find the language line "Xác Nhận"
ERROR - 2020-02-29 04:44:41 --> Could not find the language line "Tạo Điểm Lấy Hàng"
ERROR - 2020-02-29 04:44:41 --> Could not find the language line "Tạo Đơn Hàng"
ERROR - 2020-02-29 04:44:41 --> Severity: Warning --> Invalid argument supplied for foreach() /home/admin/domains/spshd.com/public_html/khachhang/application/views/tab4.php 394
ERROR - 2020-02-29 04:44:41 --> Could not find the language line "Đóng"
ERROR - 2020-02-29 04:44:41 --> Could not find the language line "Xác Nhận"
ERROR - 2020-02-29 04:44:41 --> Severity: Warning --> Invalid argument supplied for foreach() /home/admin/domains/spshd.com/public_html/khachhang/application/views/app.php 157
ERROR - 2020-02-29 04:44:41 --> Severity: Warning --> Invalid argument supplied for foreach() /home/admin/domains/spshd.com/public_html/khachhang/application/views/app.php 168
ERROR - 2020-02-29 04:44:41 --> Could not find the language line "Đóng"
ERROR - 2020-02-29 04:44:41 --> Could not find the language line "Xác Nhận"
ERROR - 2020-02-29 04:44:41 --> Could not find the language line "Đóng"
ERROR - 2020-02-29 04:44:41 --> Could not find the language line "Xác Nhận"
ERROR - 2020-02-29 04:48:04 --> Could not find the language line "Tạo Điểm Lấy Hàng"
ERROR - 2020-02-29 04:48:04 --> Could not find the language line "Tạo Đơn Hàng"
ERROR - 2020-02-29 04:48:04 --> Severity: Warning --> Invalid argument supplied for foreach() /home/admin/domains/spshd.com/public_html/khachhang/application/views/tab4.php 394
ERROR - 2020-02-29 04:48:04 --> Could not find the language line "Đóng"
ERROR - 2020-02-29 04:48:04 --> Could not find the language line "Xác Nhận"
ERROR - 2020-02-29 04:48:04 --> Severity: Warning --> Invalid argument supplied for foreach() /home/admin/domains/spshd.com/public_html/khachhang/application/views/app.php 157
ERROR - 2020-02-29 04:48:04 --> Severity: Warning --> Invalid argument supplied for foreach() /home/admin/domains/spshd.com/public_html/khachhang/application/views/app.php 168
ERROR - 2020-02-29 04:48:04 --> Could not find the language line "Đóng"
ERROR - 2020-02-29 04:48:04 --> Could not find the language line "Xác Nhận"
ERROR - 2020-02-29 04:48:04 --> Could not find the language line "Đóng"
ERROR - 2020-02-29 04:48:04 --> Could not find the language line "Xác Nhận"
ERROR - 2020-02-29 04:48:04 --> Could not find the language line "Tạo Điểm Lấy Hàng"
ERROR - 2020-02-29 04:48:04 --> Could not find the language line "Tạo Đơn Hàng"
ERROR - 2020-02-29 04:48:04 --> Severity: Warning --> Invalid argument supplied for foreach() /home/admin/domains/spshd.com/public_html/khachhang/application/views/tab4.php 394
ERROR - 2020-02-29 04:48:04 --> Could not find the language line "Đóng"
ERROR - 2020-02-29 04:48:04 --> Could not find the language line "Xác Nhận"
ERROR - 2020-02-29 04:48:04 --> Severity: Warning --> Invalid argument supplied for foreach() /home/admin/domains/spshd.com/public_html/khachhang/application/views/app.php 157
ERROR - 2020-02-29 04:48:04 --> Severity: Warning --> Invalid argument supplied for foreach() /home/admin/domains/spshd.com/public_html/khachhang/application/views/app.php 168
ERROR - 2020-02-29 04:48:04 --> Could not find the language line "Đóng"
ERROR - 2020-02-29 04:48:04 --> Could not find the language line "Xác Nhận"
ERROR - 2020-02-29 04:48:04 --> Could not find the language line "Đóng"
ERROR - 2020-02-29 04:48:04 --> Could not find the language line "Xác Nhận"
ERROR - 2020-02-29 05:12:29 --> Could not find the language line "Tạo Điểm Lấy Hàng"
ERROR - 2020-02-29 05:12:29 --> Could not find the language line "Tạo Đơn Hàng"
ERROR - 2020-02-29 05:12:29 --> Severity: Warning --> Invalid argument supplied for foreach() /home/admin/domains/spshd.com/public_html/khachhang/application/views/tab4.php 394
ERROR - 2020-02-29 05:12:29 --> Could not find the language line "Đóng"
ERROR - 2020-02-29 05:12:29 --> Could not find the language line "Xác Nhận"
ERROR - 2020-02-29 05:12:29 --> Severity: Warning --> Invalid argument supplied for foreach() /home/admin/domains/spshd.com/public_html/khachhang/application/views/app.php 157
ERROR - 2020-02-29 05:12:29 --> Severity: Warning --> Invalid argument supplied for foreach() /home/admin/domains/spshd.com/public_html/khachhang/application/views/app.php 168
ERROR - 2020-02-29 05:12:29 --> Could not find the language line "Đóng"
ERROR - 2020-02-29 05:12:29 --> Could not find the language line "Xác Nhận"
ERROR - 2020-02-29 05:12:29 --> Could not find the language line "Đóng"
ERROR - 2020-02-29 05:12:29 --> Could not find the language line "Xác Nhận"
ERROR - 2020-02-29 05:12:33 --> Could not find the language line "Tạo Điểm Lấy Hàng"
ERROR - 2020-02-29 05:12:33 --> Could not find the language line "Tạo Đơn Hàng"
ERROR - 2020-02-29 05:12:33 --> Severity: Warning --> Invalid argument supplied for foreach() /home/admin/domains/spshd.com/public_html/khachhang/application/views/tab4.php 394
ERROR - 2020-02-29 05:12:33 --> Could not find the language line "Đóng"
ERROR - 2020-02-29 05:12:33 --> Could not find the language line "Xác Nhận"
ERROR - 2020-02-29 05:12:33 --> Severity: Warning --> Invalid argument supplied for foreach() /home/admin/domains/spshd.com/public_html/khachhang/application/views/app.php 157
ERROR - 2020-02-29 05:12:33 --> Severity: Warning --> Invalid argument supplied for foreach() /home/admin/domains/spshd.com/public_html/khachhang/application/views/app.php 168
ERROR - 2020-02-29 05:12:33 --> Could not find the language line "Đóng"
ERROR - 2020-02-29 05:12:33 --> Could not find the language line "Xác Nhận"
ERROR - 2020-02-29 05:12:33 --> Could not find the language line "Đóng"
ERROR - 2020-02-29 05:12:33 --> Could not find the language line "Xác Nhận"
ERROR - 2020-02-29 11:07:21 --> Could not find the language line "Tạo Điểm Lấy Hàng"
ERROR - 2020-02-29 11:07:21 --> Could not find the language line "Tạo Đơn Hàng"
ERROR - 2020-02-29 11:07:21 --> Severity: Warning --> Invalid argument supplied for foreach() /home/admin/domains/spshd.com/public_html/khachhang/application/views/tab4.php 394
ERROR - 2020-02-29 11:07:21 --> Could not find the language line "Đóng"
ERROR - 2020-02-29 11:07:21 --> Could not find the language line "Xác Nhận"
ERROR - 2020-02-29 11:07:21 --> Severity: Warning --> Invalid argument supplied for foreach() /home/admin/domains/spshd.com/public_html/khachhang/application/views/app.php 157
ERROR - 2020-02-29 11:07:21 --> Severity: Warning --> Invalid argument supplied for foreach() /home/admin/domains/spshd.com/public_html/khachhang/application/views/app.php 168
ERROR - 2020-02-29 11:07:21 --> Could not find the language line "Đóng"
ERROR - 2020-02-29 11:07:21 --> Could not find the language line "Xác Nhận"
ERROR - 2020-02-29 11:07:21 --> Could not find the language line "Đóng"
ERROR - 2020-02-29 11:07:21 --> Could not find the language line "Xác Nhận"
ERROR - 2020-02-29 11:49:43 --> Could not find the language line "Tạo Điểm Lấy Hàng"
ERROR - 2020-02-29 11:49:43 --> Could not find the language line "Tạo Đơn Hàng"
ERROR - 2020-02-29 11:49:43 --> Severity: Warning --> Invalid argument supplied for foreach() /home/admin/domains/spshd.com/public_html/khachhang/application/views/tab4.php 394
ERROR - 2020-02-29 11:49:43 --> Could not find the language line "Đóng"
ERROR - 2020-02-29 11:49:43 --> Could not find the language line "Xác Nhận"
ERROR - 2020-02-29 11:49:43 --> Severity: Warning --> Invalid argument supplied for foreach() /home/admin/domains/spshd.com/public_html/khachhang/application/views/app.php 157
ERROR - 2020-02-29 11:49:43 --> Severity: Warning --> Invalid argument supplied for foreach() /home/admin/domains/spshd.com/public_html/khachhang/application/views/app.php 168
ERROR - 2020-02-29 11:49:43 --> Could not find the language line "Đóng"
ERROR - 2020-02-29 11:49:43 --> Could not find the language line "Xác Nhận"
ERROR - 2020-02-29 11:49:43 --> Could not find the language line "Đóng"
ERROR - 2020-02-29 11:49:43 --> Could not find the language line "Xác Nhận"
ERROR - 2020-02-29 11:49:48 --> Could not find the language line "Tạo Điểm Lấy Hàng"
ERROR - 2020-02-29 11:49:48 --> Could not find the language line "Tạo Đơn Hàng"
ERROR - 2020-02-29 11:49:48 --> Severity: Warning --> Invalid argument supplied for foreach() /home/admin/domains/spshd.com/public_html/khachhang/application/views/tab4.php 394
ERROR - 2020-02-29 11:49:48 --> Could not find the language line "Đóng"
ERROR - 2020-02-29 11:49:48 --> Could not find the language line "Xác Nhận"
ERROR - 2020-02-29 11:49:48 --> Severity: Warning --> Invalid argument supplied for foreach() /home/admin/domains/spshd.com/public_html/khachhang/application/views/app.php 157
ERROR - 2020-02-29 11:49:48 --> Severity: Warning --> Invalid argument supplied for foreach() /home/admin/domains/spshd.com/public_html/khachhang/application/views/app.php 168
ERROR - 2020-02-29 11:49:48 --> Could not find the language line "Đóng"
ERROR - 2020-02-29 11:49:48 --> Could not find the language line "Xác Nhận"
ERROR - 2020-02-29 11:49:48 --> Could not find the language line "Đóng"
ERROR - 2020-02-29 11:49:48 --> Could not find the language line "Xác Nhận"
ERROR - 2020-02-29 11:49:49 --> Could not find the language line "Tạo Điểm Lấy Hàng"
ERROR - 2020-02-29 11:49:49 --> Could not find the language line "Tạo Đơn Hàng"
ERROR - 2020-02-29 11:49:49 --> Severity: Warning --> Invalid argument supplied for foreach() /home/admin/domains/spshd.com/public_html/khachhang/application/views/tab4.php 394
ERROR - 2020-02-29 11:49:49 --> Could not find the language line "Đóng"
ERROR - 2020-02-29 11:49:49 --> Could not find the language line "Xác Nhận"
ERROR - 2020-02-29 11:49:49 --> Severity: Warning --> Invalid argument supplied for foreach() /home/admin/domains/spshd.com/public_html/khachhang/application/views/app.php 157
ERROR - 2020-02-29 11:49:49 --> Severity: Warning --> Invalid argument supplied for foreach() /home/admin/domains/spshd.com/public_html/khachhang/application/views/app.php 168
ERROR - 2020-02-29 11:49:49 --> Could not find the language line "Đóng"
ERROR - 2020-02-29 11:49:49 --> Could not find the language line "Xác Nhận"
ERROR - 2020-02-29 11:49:49 --> Could not find the language line "Đóng"
ERROR - 2020-02-29 11:49:49 --> Could not find the language line "Xác Nhận"
ERROR - 2020-02-29 14:13:14 --> Could not find the language line "Tạo Điểm Lấy Hàng"
ERROR - 2020-02-29 14:13:14 --> Could not find the language line "Tạo Đơn Hàng"
ERROR - 2020-02-29 14:13:14 --> Severity: Warning --> Invalid argument supplied for foreach() /home/admin/domains/spshd.com/public_html/khachhang/application/views/tab4.php 394
ERROR - 2020-02-29 14:13:14 --> Could not find the language line "Đóng"
ERROR - 2020-02-29 14:13:14 --> Could not find the language line "Xác Nhận"
ERROR - 2020-02-29 14:13:14 --> Severity: Warning --> Invalid argument supplied for foreach() /home/admin/domains/spshd.com/public_html/khachhang/application/views/app.php 157
ERROR - 2020-02-29 14:13:14 --> Severity: Warning --> Invalid argument supplied for foreach() /home/admin/domains/spshd.com/public_html/khachhang/application/views/app.php 168
ERROR - 2020-02-29 14:13:14 --> Could not find the language line "Đóng"
ERROR - 2020-02-29 14:13:14 --> Could not find the language line "Xác Nhận"
ERROR - 2020-02-29 14:13:14 --> Could not find the language line "Đóng"
ERROR - 2020-02-29 14:13:14 --> Could not find the language line "Xác Nhận"
ERROR - 2020-02-29 14:52:07 --> Could not find the language line "Tạo Điểm Lấy Hàng"
ERROR - 2020-02-29 14:52:07 --> Could not find the language line "Tạo Đơn Hàng"
ERROR - 2020-02-29 14:52:07 --> Severity: Warning --> Invalid argument supplied for foreach() /home/admin/domains/spshd.com/public_html/khachhang/application/views/tab4.php 394
ERROR - 2020-02-29 14:52:07 --> Could not find the language line "Đóng"
ERROR - 2020-02-29 14:52:07 --> Could not find the language line "Xác Nhận"
ERROR - 2020-02-29 14:52:07 --> Severity: Warning --> Invalid argument supplied for foreach() /home/admin/domains/spshd.com/public_html/khachhang/application/views/app.php 157
ERROR - 2020-02-29 14:52:07 --> Severity: Warning --> Invalid argument supplied for foreach() /home/admin/domains/spshd.com/public_html/khachhang/application/views/app.php 168
ERROR - 2020-02-29 14:52:07 --> Could not find the language line "Đóng"
ERROR - 2020-02-29 14:52:07 --> Could not find the language line "Xác Nhận"
ERROR - 2020-02-29 14:52:07 --> Could not find the language line "Đóng"
ERROR - 2020-02-29 14:52:07 --> Could not find the language line "Xác Nhận"
ERROR - 2020-02-29 15:05:00 --> Could not find the language line "Tạo Điểm Lấy Hàng"
ERROR - 2020-02-29 15:05:00 --> Could not find the language line "Tạo Đơn Hàng"
ERROR - 2020-02-29 15:05:00 --> Severity: Warning --> Invalid argument supplied for foreach() /home/admin/domains/spshd.com/public_html/khachhang/application/views/tab4.php 394
ERROR - 2020-02-29 15:05:00 --> Could not find the language line "Đóng"
ERROR - 2020-02-29 15:05:00 --> Could not find the language line "Xác Nhận"
ERROR - 2020-02-29 15:05:00 --> Severity: Warning --> Invalid argument supplied for foreach() /home/admin/domains/spshd.com/public_html/khachhang/application/views/app.php 157
ERROR - 2020-02-29 15:05:00 --> Severity: Warning --> Invalid argument supplied for foreach() /home/admin/domains/spshd.com/public_html/khachhang/application/views/app.php 168
ERROR - 2020-02-29 15:05:00 --> Could not find the language line "Đóng"
ERROR - 2020-02-29 15:05:00 --> Could not find the language line "Xác Nhận"
ERROR - 2020-02-29 15:05:00 --> Could not find the language line "Đóng"
ERROR - 2020-02-29 15:05:00 --> Could not find the language line "Xác Nhận"
ERROR - 2020-02-29 15:52:47 --> Could not find the language line "Tạo Điểm Lấy Hàng"
ERROR - 2020-02-29 15:52:47 --> Could not find the language line "Tạo Đơn Hàng"
ERROR - 2020-02-29 15:52:47 --> Severity: Warning --> Invalid argument supplied for foreach() /home/admin/domains/spshd.com/public_html/khachhang/application/views/tab4.php 394
ERROR - 2020-02-29 15:52:47 --> Could not find the language line "Đóng"
ERROR - 2020-02-29 15:52:47 --> Could not find the language line "Xác Nhận"
ERROR - 2020-02-29 15:52:47 --> Severity: Warning --> Invalid argument supplied for foreach() /home/admin/domains/spshd.com/public_html/khachhang/application/views/app.php 157
ERROR - 2020-02-29 15:52:47 --> Severity: Warning --> Invalid argument supplied for foreach() /home/admin/domains/spshd.com/public_html/khachhang/application/views/app.php 168
ERROR - 2020-02-29 15:52:47 --> Could not find the language line "Đóng"
ERROR - 2020-02-29 15:52:47 --> Could not find the language line "Xác Nhận"
ERROR - 2020-02-29 15:52:47 --> Could not find the language line "Đóng"
ERROR - 2020-02-29 15:52:47 --> Could not find the language line "Xác Nhận"
ERROR - 2020-02-29 15:52:48 --> Could not find the language line "Tạo Điểm Lấy Hàng"
ERROR - 2020-02-29 15:52:48 --> Could not find the language line "Tạo Đơn Hàng"
ERROR - 2020-02-29 15:52:48 --> Severity: Warning --> Invalid argument supplied for foreach() /home/admin/domains/spshd.com/public_html/khachhang/application/views/tab4.php 394
ERROR - 2020-02-29 15:52:48 --> Could not find the language line "Đóng"
ERROR - 2020-02-29 15:52:48 --> Could not find the language line "Xác Nhận"
ERROR - 2020-02-29 15:52:48 --> Severity: Warning --> Invalid argument supplied for foreach() /home/admin/domains/spshd.com/public_html/khachhang/application/views/app.php 157
ERROR - 2020-02-29 15:52:48 --> Severity: Warning --> Invalid argument supplied for foreach() /home/admin/domains/spshd.com/public_html/khachhang/application/views/app.php 168
ERROR - 2020-02-29 15:52:48 --> Could not find the language line "Đóng"
ERROR - 2020-02-29 15:52:48 --> Could not find the language line "Xác Nhận"
ERROR - 2020-02-29 15:52:48 --> Could not find the language line "Đóng"
ERROR - 2020-02-29 15:52:48 --> Could not find the language line "Xác Nhận"
ERROR - 2020-02-29 15:58:56 --> Could not find the language line "Tạo Điểm Lấy Hàng"
ERROR - 2020-02-29 15:58:56 --> Could not find the language line "Tạo Đơn Hàng"
ERROR - 2020-02-29 15:58:56 --> Severity: Warning --> Invalid argument supplied for foreach() /home/admin/domains/spshd.com/public_html/khachhang/application/views/tab4.php 394
ERROR - 2020-02-29 15:58:56 --> Could not find the language line "Đóng"
ERROR - 2020-02-29 15:58:56 --> Could not find the language line "Xác Nhận"
ERROR - 2020-02-29 15:58:56 --> Severity: Warning --> Invalid argument supplied for foreach() /home/admin/domains/spshd.com/public_html/khachhang/application/views/app.php 157
ERROR - 2020-02-29 15:58:56 --> Severity: Warning --> Invalid argument supplied for foreach() /home/admin/domains/spshd.com/public_html/khachhang/application/views/app.php 168
ERROR - 2020-02-29 15:58:56 --> Could not find the language line "Đóng"
ERROR - 2020-02-29 15:58:56 --> Could not find the language line "Xác Nhận"
ERROR - 2020-02-29 15:58:56 --> Could not find the language line "Đóng"
ERROR - 2020-02-29 15:58:56 --> Could not find the language line "Xác Nhận"
ERROR - 2020-02-29 16:14:47 --> Could not find the language line "Tạo Điểm Lấy Hàng"
ERROR - 2020-02-29 16:14:47 --> Could not find the language line "Tạo Đơn Hàng"
ERROR - 2020-02-29 16:14:47 --> Severity: Warning --> Invalid argument supplied for foreach() /home/admin/domains/spshd.com/public_html/khachhang/application/views/tab4.php 394
ERROR - 2020-02-29 16:14:47 --> Could not find the language line "Đóng"
ERROR - 2020-02-29 16:14:47 --> Could not find the language line "Xác Nhận"
ERROR - 2020-02-29 16:14:47 --> Severity: Warning --> Invalid argument supplied for foreach() /home/admin/domains/spshd.com/public_html/khachhang/application/views/app.php 157
ERROR - 2020-02-29 16:14:47 --> Severity: Warning --> Invalid argument supplied for foreach() /home/admin/domains/spshd.com/public_html/khachhang/application/views/app.php 168
ERROR - 2020-02-29 16:14:47 --> Could not find the language line "Đóng"
ERROR - 2020-02-29 16:14:47 --> Could not find the language line "Xác Nhận"
ERROR - 2020-02-29 16:14:47 --> Could not find the language line "Đóng"
ERROR - 2020-02-29 16:14:47 --> Could not find the language line "Xác Nhận"
ERROR - 2020-02-29 16:14:48 --> Could not find the language line "Tạo Điểm Lấy Hàng"
ERROR - 2020-02-29 16:14:48 --> Could not find the language line "Tạo Đơn Hàng"
ERROR - 2020-02-29 16:14:48 --> Severity: Warning --> Invalid argument supplied for foreach() /home/admin/domains/spshd.com/public_html/khachhang/application/views/tab4.php 394
ERROR - 2020-02-29 16:14:48 --> Could not find the language line "Đóng"
ERROR - 2020-02-29 16:14:48 --> Could not find the language line "Xác Nhận"
ERROR - 2020-02-29 16:14:48 --> Severity: Warning --> Invalid argument supplied for foreach() /home/admin/domains/spshd.com/public_html/khachhang/application/views/app.php 157
ERROR - 2020-02-29 16:14:48 --> Severity: Warning --> Invalid argument supplied for foreach() /home/admin/domains/spshd.com/public_html/khachhang/application/views/app.php 168
ERROR - 2020-02-29 16:14:48 --> Could not find the language line "Đóng"
ERROR - 2020-02-29 16:14:48 --> Could not find the language line "Xác Nhận"
ERROR - 2020-02-29 16:14:48 --> Could not find the language line "Đóng"
ERROR - 2020-02-29 16:14:48 --> Could not find the language line "Xác Nhận"
