ERROR - 2020-06-05 00:07:46 --> Could not find the language line "Tạo Điểm Lấy Hàng"
ERROR - 2020-06-05 00:07:46 --> Could not find the language line "Tạo Đơn Hàng"
ERROR - 2020-06-05 00:07:46 --> Could not find the language line "Tải Excel"
ERROR - 2020-06-05 00:07:46 --> Could not find the language line "Đóng"
ERROR - 2020-06-05 00:07:46 --> Could not find the language line "Xác Nhận"
ERROR - 2020-06-05 00:07:46 --> Severity: Warning --> Invalid argument supplied for foreach() /home/admin/domains/spshd.com/public_html/khachhang/application/views/app.php 162
ERROR - 2020-06-05 00:07:46 --> Severity: Warning --> Invalid argument supplied for foreach() /home/admin/domains/spshd.com/public_html/khachhang/application/views/app.php 173
ERROR - 2020-06-05 00:07:46 --> Could not find the language line "Đóng"
ERROR - 2020-06-05 00:07:46 --> Could not find the language line "Xác Nhận"
ERROR - 2020-06-05 00:07:46 --> Could not find the language line "Đóng"
ERROR - 2020-06-05 00:07:46 --> Could not find the language line "Xác Nhận"
ERROR - 2020-06-05 00:07:46 --> Could not find the language line "Đóng"
ERROR - 2020-06-05 00:07:46 --> Could not find the language line "Tải"
ERROR - 2020-06-05 00:07:46 --> Could not find the language line "Tạo Điểm Lấy Hàng"
ERROR - 2020-06-05 00:07:46 --> Could not find the language line "Tạo Đơn Hàng"
ERROR - 2020-06-05 00:07:46 --> Could not find the language line "Tải Excel"
ERROR - 2020-06-05 00:07:46 --> Could not find the language line "Đóng"
ERROR - 2020-06-05 00:07:46 --> Could not find the language line "Xác Nhận"
ERROR - 2020-06-05 00:07:46 --> Severity: Warning --> Invalid argument supplied for foreach() /home/admin/domains/spshd.com/public_html/khachhang/application/views/app.php 162
ERROR - 2020-06-05 00:07:46 --> Severity: Warning --> Invalid argument supplied for foreach() /home/admin/domains/spshd.com/public_html/khachhang/application/views/app.php 173
ERROR - 2020-06-05 00:07:46 --> Could not find the language line "Đóng"
ERROR - 2020-06-05 00:07:46 --> Could not find the language line "Xác Nhận"
ERROR - 2020-06-05 00:07:46 --> Could not find the language line "Đóng"
ERROR - 2020-06-05 00:07:46 --> Could not find the language line "Xác Nhận"
ERROR - 2020-06-05 00:07:46 --> Could not find the language line "Đóng"
ERROR - 2020-06-05 00:07:46 --> Could not find the language line "Tải"
ERROR - 2020-06-05 00:21:25 --> Could not find the language line "Tạo Điểm Lấy Hàng"
ERROR - 2020-06-05 00:21:25 --> Could not find the language line "Tạo Đơn Hàng"
ERROR - 2020-06-05 00:21:25 --> Could not find the language line "Tải Excel"
ERROR - 2020-06-05 00:21:25 --> Could not find the language line "Đóng"
ERROR - 2020-06-05 00:21:25 --> Could not find the language line "Xác Nhận"
ERROR - 2020-06-05 00:21:25 --> Severity: Warning --> Invalid argument supplied for foreach() /home/admin/domains/spshd.com/public_html/khachhang/application/views/app.php 162
ERROR - 2020-06-05 00:21:25 --> Severity: Warning --> Invalid argument supplied for foreach() /home/admin/domains/spshd.com/public_html/khachhang/application/views/app.php 173
ERROR - 2020-06-05 00:21:25 --> Could not find the language line "Đóng"
ERROR - 2020-06-05 00:21:25 --> Could not find the language line "Xác Nhận"
ERROR - 2020-06-05 00:21:25 --> Could not find the language line "Đóng"
ERROR - 2020-06-05 00:21:25 --> Could not find the language line "Xác Nhận"
ERROR - 2020-06-05 00:21:25 --> Could not find the language line "Đóng"
ERROR - 2020-06-05 00:21:25 --> Could not find the language line "Tải"
ERROR - 2020-06-05 00:26:30 --> Could not find the language line "Tạo Điểm Lấy Hàng"
ERROR - 2020-06-05 00:26:30 --> Could not find the language line "Tạo Đơn Hàng"
ERROR - 2020-06-05 00:26:30 --> Could not find the language line "Tải Excel"
ERROR - 2020-06-05 00:26:30 --> Could not find the language line "Đóng"
ERROR - 2020-06-05 00:26:30 --> Could not find the language line "Xác Nhận"
ERROR - 2020-06-05 00:26:30 --> Severity: Warning --> Invalid argument supplied for foreach() /home/admin/domains/spshd.com/public_html/khachhang/application/views/app.php 162
ERROR - 2020-06-05 00:26:30 --> Severity: Warning --> Invalid argument supplied for foreach() /home/admin/domains/spshd.com/public_html/khachhang/application/views/app.php 173
ERROR - 2020-06-05 00:26:30 --> Could not find the language line "Đóng"
ERROR - 2020-06-05 00:26:30 --> Could not find the language line "Xác Nhận"
ERROR - 2020-06-05 00:26:30 --> Could not find the language line "Đóng"
ERROR - 2020-06-05 00:26:30 --> Could not find the language line "Xác Nhận"
ERROR - 2020-06-05 00:26:30 --> Could not find the language line "Đóng"
ERROR - 2020-06-05 00:26:30 --> Could not find the language line "Tải"
ERROR - 2020-06-05 09:03:16 --> Could not find the language line "Tạo Điểm Lấy Hàng"
ERROR - 2020-06-05 09:03:16 --> Could not find the language line "Tạo Đơn Hàng"
ERROR - 2020-06-05 09:03:16 --> Could not find the language line "Tải Excel"
ERROR - 2020-06-05 09:03:16 --> Could not find the language line "Đóng"
ERROR - 2020-06-05 09:03:16 --> Could not find the language line "Xác Nhận"
ERROR - 2020-06-05 09:03:16 --> Severity: Warning --> Invalid argument supplied for foreach() /home/admin/domains/spshd.com/public_html/khachhang/application/views/app.php 162
ERROR - 2020-06-05 09:03:16 --> Severity: Warning --> Invalid argument supplied for foreach() /home/admin/domains/spshd.com/public_html/khachhang/application/views/app.php 173
ERROR - 2020-06-05 09:03:16 --> Could not find the language line "Đóng"
ERROR - 2020-06-05 09:03:16 --> Could not find the language line "Xác Nhận"
ERROR - 2020-06-05 09:03:16 --> Could not find the language line "Đóng"
ERROR - 2020-06-05 09:03:16 --> Could not find the language line "Xác Nhận"
ERROR - 2020-06-05 09:03:16 --> Could not find the language line "Đóng"
ERROR - 2020-06-05 09:03:16 --> Could not find the language line "Tải"
ERROR - 2020-06-05 09:08:03 --> Could not find the language line "Tạo Điểm Lấy Hàng"
ERROR - 2020-06-05 09:08:03 --> Could not find the language line "Tạo Đơn Hàng"
ERROR - 2020-06-05 09:08:03 --> Could not find the language line "Tải Excel"
ERROR - 2020-06-05 09:08:03 --> Could not find the language line "Đóng"
ERROR - 2020-06-05 09:08:03 --> Could not find the language line "Xác Nhận"
ERROR - 2020-06-05 09:08:03 --> Severity: Warning --> Invalid argument supplied for foreach() /home/admin/domains/spshd.com/public_html/khachhang/application/views/app.php 162
ERROR - 2020-06-05 09:08:03 --> Severity: Warning --> Invalid argument supplied for foreach() /home/admin/domains/spshd.com/public_html/khachhang/application/views/app.php 173
ERROR - 2020-06-05 09:08:03 --> Could not find the language line "Đóng"
ERROR - 2020-06-05 09:08:03 --> Could not find the language line "Xác Nhận"
ERROR - 2020-06-05 09:08:03 --> Could not find the language line "Đóng"
ERROR - 2020-06-05 09:08:03 --> Could not find the language line "Xác Nhận"
ERROR - 2020-06-05 09:08:03 --> Could not find the language line "Đóng"
ERROR - 2020-06-05 09:08:03 --> Could not find the language line "Tải"
ERROR - 2020-06-05 09:36:38 --> Could not find the language line "Tạo Điểm Lấy Hàng"
ERROR - 2020-06-05 09:36:38 --> Could not find the language line "Tạo Đơn Hàng"
ERROR - 2020-06-05 09:36:38 --> Could not find the language line "Tải Excel"
ERROR - 2020-06-05 09:36:38 --> Could not find the language line "Đóng"
ERROR - 2020-06-05 09:36:38 --> Could not find the language line "Xác Nhận"
ERROR - 2020-06-05 09:36:38 --> Severity: Warning --> Invalid argument supplied for foreach() /home/admin/domains/spshd.com/public_html/khachhang/application/views/app.php 162
ERROR - 2020-06-05 09:36:38 --> Severity: Warning --> Invalid argument supplied for foreach() /home/admin/domains/spshd.com/public_html/khachhang/application/views/app.php 173
ERROR - 2020-06-05 09:36:38 --> Could not find the language line "Đóng"
ERROR - 2020-06-05 09:36:38 --> Could not find the language line "Xác Nhận"
ERROR - 2020-06-05 09:36:38 --> Could not find the language line "Đóng"
ERROR - 2020-06-05 09:36:38 --> Could not find the language line "Xác Nhận"
ERROR - 2020-06-05 09:36:38 --> Could not find the language line "Đóng"
ERROR - 2020-06-05 09:36:38 --> Could not find the language line "Tải"
ERROR - 2020-06-05 03:53:05 --> Could not find the language line "Email"
ERROR - 2020-06-05 03:53:05 --> Could not find the language line "password"
ERROR - 2020-06-05 09:58:55 --> Could not find the language line "Tạo Điểm Lấy Hàng"
ERROR - 2020-06-05 09:58:55 --> Could not find the language line "Tạo Đơn Hàng"
ERROR - 2020-06-05 09:58:55 --> Could not find the language line "Tải Excel"
ERROR - 2020-06-05 09:58:55 --> Could not find the language line "Đóng"
ERROR - 2020-06-05 09:58:55 --> Could not find the language line "Xác Nhận"
ERROR - 2020-06-05 09:58:55 --> Severity: Warning --> Invalid argument supplied for foreach() /home/admin/domains/spshd.com/public_html/khachhang/application/views/app.php 162
ERROR - 2020-06-05 09:58:55 --> Severity: Warning --> Invalid argument supplied for foreach() /home/admin/domains/spshd.com/public_html/khachhang/application/views/app.php 173
ERROR - 2020-06-05 09:58:55 --> Could not find the language line "Đóng"
ERROR - 2020-06-05 09:58:55 --> Could not find the language line "Xác Nhận"
ERROR - 2020-06-05 09:58:55 --> Could not find the language line "Đóng"
ERROR - 2020-06-05 09:58:55 --> Could not find the language line "Xác Nhận"
ERROR - 2020-06-05 09:58:55 --> Could not find the language line "Đóng"
ERROR - 2020-06-05 09:58:55 --> Could not find the language line "Tải"
ERROR - 2020-06-05 10:46:33 --> Could not find the language line "Tạo Điểm Lấy Hàng"
ERROR - 2020-06-05 10:46:33 --> Could not find the language line "Tạo Đơn Hàng"
ERROR - 2020-06-05 10:46:33 --> Could not find the language line "Tải Excel"
ERROR - 2020-06-05 10:46:33 --> Could not find the language line "Đóng"
ERROR - 2020-06-05 10:46:33 --> Could not find the language line "Xác Nhận"
ERROR - 2020-06-05 10:46:33 --> Severity: Warning --> Invalid argument supplied for foreach() /home/admin/domains/spshd.com/public_html/khachhang/application/views/app.php 162
ERROR - 2020-06-05 10:46:33 --> Severity: Warning --> Invalid argument supplied for foreach() /home/admin/domains/spshd.com/public_html/khachhang/application/views/app.php 173
ERROR - 2020-06-05 10:46:33 --> Could not find the language line "Đóng"
ERROR - 2020-06-05 10:46:33 --> Could not find the language line "Xác Nhận"
ERROR - 2020-06-05 10:46:33 --> Could not find the language line "Đóng"
ERROR - 2020-06-05 10:46:33 --> Could not find the language line "Xác Nhận"
ERROR - 2020-06-05 10:46:33 --> Could not find the language line "Đóng"
ERROR - 2020-06-05 10:46:33 --> Could not find the language line "Tải"
ERROR - 2020-06-05 05:02:47 --> Could not find the language line "Email"
ERROR - 2020-06-05 05:02:47 --> Could not find the language line "password"
ERROR - 2020-06-05 11:03:03 --> Could not find the language line "Tạo Điểm Lấy Hàng"
ERROR - 2020-06-05 11:03:03 --> Could not find the language line "Tạo Đơn Hàng"
ERROR - 2020-06-05 11:03:03 --> Could not find the language line "Tải Excel"
ERROR - 2020-06-05 11:03:03 --> Could not find the language line "Đóng"
ERROR - 2020-06-05 11:03:03 --> Could not find the language line "Xác Nhận"
ERROR - 2020-06-05 11:03:03 --> Severity: Warning --> Invalid argument supplied for foreach() /home/admin/domains/spshd.com/public_html/khachhang/application/views/app.php 162
ERROR - 2020-06-05 11:03:03 --> Severity: Warning --> Invalid argument supplied for foreach() /home/admin/domains/spshd.com/public_html/khachhang/application/views/app.php 173
ERROR - 2020-06-05 11:03:03 --> Could not find the language line "Đóng"
ERROR - 2020-06-05 11:03:03 --> Could not find the language line "Xác Nhận"
ERROR - 2020-06-05 11:03:03 --> Could not find the language line "Đóng"
ERROR - 2020-06-05 11:03:03 --> Could not find the language line "Xác Nhận"
ERROR - 2020-06-05 11:03:03 --> Could not find the language line "Đóng"
ERROR - 2020-06-05 11:03:03 --> Could not find the language line "Tải"
ERROR - 2020-06-05 11:13:07 --> Could not find the language line "Tạo Điểm Lấy Hàng"
ERROR - 2020-06-05 11:13:07 --> Could not find the language line "Tạo Đơn Hàng"
ERROR - 2020-06-05 11:13:07 --> Could not find the language line "Tải Excel"
ERROR - 2020-06-05 11:13:07 --> Could not find the language line "Đóng"
ERROR - 2020-06-05 11:13:07 --> Could not find the language line "Xác Nhận"
ERROR - 2020-06-05 11:13:07 --> Severity: Warning --> Invalid argument supplied for foreach() /home/admin/domains/spshd.com/public_html/khachhang/application/views/app.php 162
ERROR - 2020-06-05 11:13:07 --> Severity: Warning --> Invalid argument supplied for foreach() /home/admin/domains/spshd.com/public_html/khachhang/application/views/app.php 173
ERROR - 2020-06-05 11:13:07 --> Could not find the language line "Đóng"
ERROR - 2020-06-05 11:13:07 --> Could not find the language line "Xác Nhận"
ERROR - 2020-06-05 11:13:07 --> Could not find the language line "Đóng"
ERROR - 2020-06-05 11:13:07 --> Could not find the language line "Xác Nhận"
ERROR - 2020-06-05 11:13:07 --> Could not find the language line "Đóng"
ERROR - 2020-06-05 11:13:07 --> Could not find the language line "Tải"
ERROR - 2020-06-05 11:13:07 --> Could not find the language line "Tạo Điểm Lấy Hàng"
ERROR - 2020-06-05 11:13:07 --> Could not find the language line "Tạo Đơn Hàng"
ERROR - 2020-06-05 11:13:07 --> Could not find the language line "Tải Excel"
ERROR - 2020-06-05 11:13:07 --> Could not find the language line "Đóng"
ERROR - 2020-06-05 11:13:07 --> Could not find the language line "Xác Nhận"
ERROR - 2020-06-05 11:13:07 --> Severity: Warning --> Invalid argument supplied for foreach() /home/admin/domains/spshd.com/public_html/khachhang/application/views/app.php 162
ERROR - 2020-06-05 11:13:07 --> Severity: Warning --> Invalid argument supplied for foreach() /home/admin/domains/spshd.com/public_html/khachhang/application/views/app.php 173
ERROR - 2020-06-05 11:13:07 --> Could not find the language line "Đóng"
ERROR - 2020-06-05 11:13:07 --> Could not find the language line "Xác Nhận"
ERROR - 2020-06-05 11:13:07 --> Could not find the language line "Đóng"
ERROR - 2020-06-05 11:13:07 --> Could not find the language line "Xác Nhận"
ERROR - 2020-06-05 11:13:07 --> Could not find the language line "Đóng"
ERROR - 2020-06-05 11:13:07 --> Could not find the language line "Tải"
ERROR - 2020-06-05 11:24:04 --> Could not find the language line "Tạo Điểm Lấy Hàng"
ERROR - 2020-06-05 11:24:04 --> Could not find the language line "Tạo Đơn Hàng"
ERROR - 2020-06-05 11:24:04 --> Could not find the language line "Tải Excel"
ERROR - 2020-06-05 11:24:04 --> Could not find the language line "Đóng"
ERROR - 2020-06-05 11:24:04 --> Could not find the language line "Xác Nhận"
ERROR - 2020-06-05 11:24:04 --> Severity: Warning --> Invalid argument supplied for foreach() /home/admin/domains/spshd.com/public_html/khachhang/application/views/app.php 162
ERROR - 2020-06-05 11:24:04 --> Severity: Warning --> Invalid argument supplied for foreach() /home/admin/domains/spshd.com/public_html/khachhang/application/views/app.php 173
ERROR - 2020-06-05 11:24:04 --> Could not find the language line "Đóng"
ERROR - 2020-06-05 11:24:04 --> Could not find the language line "Xác Nhận"
ERROR - 2020-06-05 11:24:04 --> Could not find the language line "Đóng"
ERROR - 2020-06-05 11:24:04 --> Could not find the language line "Xác Nhận"
ERROR - 2020-06-05 11:24:04 --> Could not find the language line "Đóng"
ERROR - 2020-06-05 11:24:04 --> Could not find the language line "Tải"
ERROR - 2020-06-05 11:49:55 --> Could not find the language line "Tạo Điểm Lấy Hàng"
ERROR - 2020-06-05 11:49:55 --> Could not find the language line "Tạo Đơn Hàng"
ERROR - 2020-06-05 11:49:55 --> Could not find the language line "Tải Excel"
ERROR - 2020-06-05 11:49:55 --> Could not find the language line "Đóng"
ERROR - 2020-06-05 11:49:55 --> Could not find the language line "Xác Nhận"
ERROR - 2020-06-05 11:49:55 --> Severity: Warning --> Invalid argument supplied for foreach() /home/admin/domains/spshd.com/public_html/khachhang/application/views/app.php 162
ERROR - 2020-06-05 11:49:55 --> Severity: Warning --> Invalid argument supplied for foreach() /home/admin/domains/spshd.com/public_html/khachhang/application/views/app.php 173
ERROR - 2020-06-05 11:49:55 --> Could not find the language line "Đóng"
ERROR - 2020-06-05 11:49:55 --> Could not find the language line "Xác Nhận"
ERROR - 2020-06-05 11:49:55 --> Could not find the language line "Đóng"
ERROR - 2020-06-05 11:49:55 --> Could not find the language line "Xác Nhận"
ERROR - 2020-06-05 11:49:55 --> Could not find the language line "Đóng"
ERROR - 2020-06-05 11:49:55 --> Could not find the language line "Tải"
ERROR - 2020-06-05 11:55:16 --> Could not find the language line "Tạo Điểm Lấy Hàng"
ERROR - 2020-06-05 11:55:16 --> Could not find the language line "Tạo Đơn Hàng"
ERROR - 2020-06-05 11:55:16 --> Could not find the language line "Tải Excel"
ERROR - 2020-06-05 11:55:16 --> Could not find the language line "Đóng"
ERROR - 2020-06-05 11:55:16 --> Could not find the language line "Xác Nhận"
ERROR - 2020-06-05 11:55:16 --> Severity: Warning --> Invalid argument supplied for foreach() /home/admin/domains/spshd.com/public_html/khachhang/application/views/app.php 162
ERROR - 2020-06-05 11:55:16 --> Severity: Warning --> Invalid argument supplied for foreach() /home/admin/domains/spshd.com/public_html/khachhang/application/views/app.php 173
ERROR - 2020-06-05 11:55:16 --> Could not find the language line "Đóng"
ERROR - 2020-06-05 11:55:16 --> Could not find the language line "Xác Nhận"
ERROR - 2020-06-05 11:55:16 --> Could not find the language line "Đóng"
ERROR - 2020-06-05 11:55:16 --> Could not find the language line "Xác Nhận"
ERROR - 2020-06-05 11:55:16 --> Could not find the language line "Đóng"
ERROR - 2020-06-05 11:55:16 --> Could not find the language line "Tải"
ERROR - 2020-06-05 12:41:18 --> Could not find the language line "Tạo Điểm Lấy Hàng"
ERROR - 2020-06-05 12:41:18 --> Could not find the language line "Tạo Đơn Hàng"
ERROR - 2020-06-05 12:41:18 --> Could not find the language line "Tải Excel"
ERROR - 2020-06-05 12:41:18 --> Could not find the language line "Đóng"
ERROR - 2020-06-05 12:41:18 --> Could not find the language line "Xác Nhận"
ERROR - 2020-06-05 12:41:18 --> Severity: Warning --> Invalid argument supplied for foreach() /home/admin/domains/spshd.com/public_html/khachhang/application/views/app.php 162
ERROR - 2020-06-05 12:41:18 --> Severity: Warning --> Invalid argument supplied for foreach() /home/admin/domains/spshd.com/public_html/khachhang/application/views/app.php 173
ERROR - 2020-06-05 12:41:18 --> Could not find the language line "Đóng"
ERROR - 2020-06-05 12:41:18 --> Could not find the language line "Xác Nhận"
ERROR - 2020-06-05 12:41:18 --> Could not find the language line "Đóng"
ERROR - 2020-06-05 12:41:18 --> Could not find the language line "Xác Nhận"
ERROR - 2020-06-05 12:41:18 --> Could not find the language line "Đóng"
ERROR - 2020-06-05 12:41:18 --> Could not find the language line "Tải"
ERROR - 2020-06-05 13:25:44 --> Could not find the language line "Tạo Điểm Lấy Hàng"
ERROR - 2020-06-05 13:25:44 --> Could not find the language line "Tạo Đơn Hàng"
ERROR - 2020-06-05 13:25:44 --> Could not find the language line "Tải Excel"
ERROR - 2020-06-05 13:25:44 --> Could not find the language line "Đóng"
ERROR - 2020-06-05 13:25:44 --> Could not find the language line "Xác Nhận"
ERROR - 2020-06-05 13:25:44 --> Severity: Warning --> Invalid argument supplied for foreach() /home/admin/domains/spshd.com/public_html/khachhang/application/views/app.php 162
ERROR - 2020-06-05 13:25:44 --> Severity: Warning --> Invalid argument supplied for foreach() /home/admin/domains/spshd.com/public_html/khachhang/application/views/app.php 173
ERROR - 2020-06-05 13:25:44 --> Could not find the language line "Đóng"
ERROR - 2020-06-05 13:25:44 --> Could not find the language line "Xác Nhận"
ERROR - 2020-06-05 13:25:44 --> Could not find the language line "Đóng"
ERROR - 2020-06-05 13:25:44 --> Could not find the language line "Xác Nhận"
ERROR - 2020-06-05 13:25:44 --> Could not find the language line "Đóng"
ERROR - 2020-06-05 13:25:44 --> Could not find the language line "Tải"
ERROR - 2020-06-05 14:40:02 --> Could not find the language line "Tạo Điểm Lấy Hàng"
ERROR - 2020-06-05 14:40:02 --> Could not find the language line "Tạo Đơn Hàng"
ERROR - 2020-06-05 14:40:02 --> Could not find the language line "Tải Excel"
ERROR - 2020-06-05 14:40:02 --> Could not find the language line "Đóng"
ERROR - 2020-06-05 14:40:02 --> Could not find the language line "Xác Nhận"
ERROR - 2020-06-05 14:40:02 --> Severity: Warning --> Invalid argument supplied for foreach() /home/admin/domains/spshd.com/public_html/khachhang/application/views/app.php 162
ERROR - 2020-06-05 14:40:02 --> Severity: Warning --> Invalid argument supplied for foreach() /home/admin/domains/spshd.com/public_html/khachhang/application/views/app.php 173
ERROR - 2020-06-05 14:40:02 --> Could not find the language line "Đóng"
ERROR - 2020-06-05 14:40:02 --> Could not find the language line "Xác Nhận"
ERROR - 2020-06-05 14:40:02 --> Could not find the language line "Đóng"
ERROR - 2020-06-05 14:40:02 --> Could not find the language line "Xác Nhận"
ERROR - 2020-06-05 14:40:02 --> Could not find the language line "Đóng"
ERROR - 2020-06-05 14:40:02 --> Could not find the language line "Tải"
ERROR - 2020-06-05 14:40:33 --> Could not find the language line "Tạo Điểm Lấy Hàng"
ERROR - 2020-06-05 14:40:33 --> Could not find the language line "Tạo Đơn Hàng"
ERROR - 2020-06-05 14:40:33 --> Could not find the language line "Tải Excel"
ERROR - 2020-06-05 14:40:33 --> Could not find the language line "Đóng"
ERROR - 2020-06-05 14:40:33 --> Could not find the language line "Xác Nhận"
ERROR - 2020-06-05 14:40:33 --> Severity: Warning --> Invalid argument supplied for foreach() /home/admin/domains/spshd.com/public_html/khachhang/application/views/app.php 162
ERROR - 2020-06-05 14:40:33 --> Severity: Warning --> Invalid argument supplied for foreach() /home/admin/domains/spshd.com/public_html/khachhang/application/views/app.php 173
ERROR - 2020-06-05 14:40:33 --> Could not find the language line "Đóng"
ERROR - 2020-06-05 14:40:33 --> Could not find the language line "Xác Nhận"
ERROR - 2020-06-05 14:40:33 --> Could not find the language line "Đóng"
ERROR - 2020-06-05 14:40:33 --> Could not find the language line "Xác Nhận"
ERROR - 2020-06-05 14:40:33 --> Could not find the language line "Đóng"
ERROR - 2020-06-05 14:40:33 --> Could not find the language line "Tải"
ERROR - 2020-06-05 14:40:33 --> Could not find the language line "Tạo Điểm Lấy Hàng"
ERROR - 2020-06-05 14:40:33 --> Could not find the language line "Tạo Đơn Hàng"
ERROR - 2020-06-05 14:40:33 --> Could not find the language line "Tải Excel"
ERROR - 2020-06-05 14:40:33 --> Could not find the language line "Đóng"
ERROR - 2020-06-05 14:40:33 --> Could not find the language line "Xác Nhận"
ERROR - 2020-06-05 14:40:33 --> Severity: Warning --> Invalid argument supplied for foreach() /home/admin/domains/spshd.com/public_html/khachhang/application/views/app.php 162
ERROR - 2020-06-05 14:40:33 --> Severity: Warning --> Invalid argument supplied for foreach() /home/admin/domains/spshd.com/public_html/khachhang/application/views/app.php 173
ERROR - 2020-06-05 14:40:33 --> Could not find the language line "Đóng"
ERROR - 2020-06-05 14:40:33 --> Could not find the language line "Xác Nhận"
ERROR - 2020-06-05 14:40:33 --> Could not find the language line "Đóng"
ERROR - 2020-06-05 14:40:33 --> Could not find the language line "Xác Nhận"
ERROR - 2020-06-05 14:40:33 --> Could not find the language line "Đóng"
ERROR - 2020-06-05 14:40:33 --> Could not find the language line "Tải"
ERROR - 2020-06-05 14:43:39 --> Could not find the language line "Tạo Điểm Lấy Hàng"
ERROR - 2020-06-05 14:43:39 --> Could not find the language line "Tạo Đơn Hàng"
ERROR - 2020-06-05 14:43:39 --> Could not find the language line "Tải Excel"
ERROR - 2020-06-05 14:43:39 --> Could not find the language line "Đóng"
ERROR - 2020-06-05 14:43:39 --> Could not find the language line "Xác Nhận"
ERROR - 2020-06-05 14:43:39 --> Severity: Warning --> Invalid argument supplied for foreach() /home/admin/domains/spshd.com/public_html/khachhang/application/views/app.php 162
ERROR - 2020-06-05 14:43:39 --> Severity: Warning --> Invalid argument supplied for foreach() /home/admin/domains/spshd.com/public_html/khachhang/application/views/app.php 173
ERROR - 2020-06-05 14:43:39 --> Could not find the language line "Đóng"
ERROR - 2020-06-05 14:43:39 --> Could not find the language line "Xác Nhận"
ERROR - 2020-06-05 14:43:39 --> Could not find the language line "Đóng"
ERROR - 2020-06-05 14:43:39 --> Could not find the language line "Xác Nhận"
ERROR - 2020-06-05 14:43:39 --> Could not find the language line "Đóng"
ERROR - 2020-06-05 14:43:39 --> Could not find the language line "Tải"
ERROR - 2020-06-05 14:59:04 --> Could not find the language line "Tạo Điểm Lấy Hàng"
ERROR - 2020-06-05 14:59:04 --> Could not find the language line "Tạo Đơn Hàng"
ERROR - 2020-06-05 14:59:04 --> Could not find the language line "Tải Excel"
ERROR - 2020-06-05 14:59:04 --> Could not find the language line "Đóng"
ERROR - 2020-06-05 14:59:04 --> Could not find the language line "Xác Nhận"
ERROR - 2020-06-05 14:59:04 --> Severity: Warning --> Invalid argument supplied for foreach() /home/admin/domains/spshd.com/public_html/khachhang/application/views/app.php 162
ERROR - 2020-06-05 14:59:04 --> Severity: Warning --> Invalid argument supplied for foreach() /home/admin/domains/spshd.com/public_html/khachhang/application/views/app.php 173
ERROR - 2020-06-05 14:59:04 --> Could not find the language line "Đóng"
ERROR - 2020-06-05 14:59:04 --> Could not find the language line "Xác Nhận"
ERROR - 2020-06-05 14:59:04 --> Could not find the language line "Đóng"
ERROR - 2020-06-05 14:59:04 --> Could not find the language line "Xác Nhận"
ERROR - 2020-06-05 14:59:04 --> Could not find the language line "Đóng"
ERROR - 2020-06-05 14:59:04 --> Could not find the language line "Tải"
ERROR - 2020-06-05 14:59:24 --> Could not find the language line "Tạo Điểm Lấy Hàng"
ERROR - 2020-06-05 14:59:24 --> Could not find the language line "Tạo Đơn Hàng"
ERROR - 2020-06-05 14:59:24 --> Could not find the language line "Tải Excel"
ERROR - 2020-06-05 14:59:24 --> Could not find the language line "Đóng"
ERROR - 2020-06-05 14:59:24 --> Could not find the language line "Xác Nhận"
ERROR - 2020-06-05 14:59:24 --> Severity: Warning --> Invalid argument supplied for foreach() /home/admin/domains/spshd.com/public_html/khachhang/application/views/app.php 162
ERROR - 2020-06-05 14:59:24 --> Severity: Warning --> Invalid argument supplied for foreach() /home/admin/domains/spshd.com/public_html/khachhang/application/views/app.php 173
ERROR - 2020-06-05 14:59:24 --> Could not find the language line "Đóng"
ERROR - 2020-06-05 14:59:24 --> Could not find the language line "Xác Nhận"
ERROR - 2020-06-05 14:59:24 --> Could not find the language line "Đóng"
ERROR - 2020-06-05 14:59:24 --> Could not find the language line "Xác Nhận"
ERROR - 2020-06-05 14:59:24 --> Could not find the language line "Đóng"
ERROR - 2020-06-05 14:59:24 --> Could not find the language line "Tải"
ERROR - 2020-06-05 14:59:25 --> Could not find the language line "Tạo Điểm Lấy Hàng"
ERROR - 2020-06-05 14:59:25 --> Could not find the language line "Tạo Đơn Hàng"
ERROR - 2020-06-05 14:59:25 --> Could not find the language line "Tải Excel"
ERROR - 2020-06-05 14:59:25 --> Could not find the language line "Đóng"
ERROR - 2020-06-05 14:59:25 --> Could not find the language line "Xác Nhận"
ERROR - 2020-06-05 14:59:25 --> Severity: Warning --> Invalid argument supplied for foreach() /home/admin/domains/spshd.com/public_html/khachhang/application/views/app.php 162
ERROR - 2020-06-05 14:59:25 --> Severity: Warning --> Invalid argument supplied for foreach() /home/admin/domains/spshd.com/public_html/khachhang/application/views/app.php 173
ERROR - 2020-06-05 14:59:25 --> Could not find the language line "Đóng"
ERROR - 2020-06-05 14:59:25 --> Could not find the language line "Xác Nhận"
ERROR - 2020-06-05 14:59:25 --> Could not find the language line "Đóng"
ERROR - 2020-06-05 14:59:25 --> Could not find the language line "Xác Nhận"
ERROR - 2020-06-05 14:59:25 --> Could not find the language line "Đóng"
ERROR - 2020-06-05 14:59:25 --> Could not find the language line "Tải"
ERROR - 2020-06-05 15:03:37 --> Could not find the language line "Tạo Điểm Lấy Hàng"
ERROR - 2020-06-05 15:03:37 --> Could not find the language line "Tạo Đơn Hàng"
ERROR - 2020-06-05 15:03:37 --> Could not find the language line "Tải Excel"
ERROR - 2020-06-05 15:03:37 --> Could not find the language line "Đóng"
ERROR - 2020-06-05 15:03:37 --> Could not find the language line "Xác Nhận"
ERROR - 2020-06-05 15:03:37 --> Severity: Warning --> Invalid argument supplied for foreach() /home/admin/domains/spshd.com/public_html/khachhang/application/views/app.php 162
ERROR - 2020-06-05 15:03:37 --> Severity: Warning --> Invalid argument supplied for foreach() /home/admin/domains/spshd.com/public_html/khachhang/application/views/app.php 173
ERROR - 2020-06-05 15:03:37 --> Could not find the language line "Đóng"
ERROR - 2020-06-05 15:03:37 --> Could not find the language line "Xác Nhận"
ERROR - 2020-06-05 15:03:37 --> Could not find the language line "Đóng"
ERROR - 2020-06-05 15:03:37 --> Could not find the language line "Xác Nhận"
ERROR - 2020-06-05 15:03:37 --> Could not find the language line "Đóng"
ERROR - 2020-06-05 15:03:37 --> Could not find the language line "Tải"
ERROR - 2020-06-05 15:10:10 --> Could not find the language line "Tạo Điểm Lấy Hàng"
ERROR - 2020-06-05 15:10:10 --> Could not find the language line "Tạo Đơn Hàng"
ERROR - 2020-06-05 15:10:10 --> Could not find the language line "Tải Excel"
ERROR - 2020-06-05 15:10:10 --> Could not find the language line "Đóng"
ERROR - 2020-06-05 15:10:10 --> Could not find the language line "Xác Nhận"
ERROR - 2020-06-05 15:10:10 --> Severity: Warning --> Invalid argument supplied for foreach() /home/admin/domains/spshd.com/public_html/khachhang/application/views/app.php 162
ERROR - 2020-06-05 15:10:10 --> Severity: Warning --> Invalid argument supplied for foreach() /home/admin/domains/spshd.com/public_html/khachhang/application/views/app.php 173
ERROR - 2020-06-05 15:10:10 --> Could not find the language line "Đóng"
ERROR - 2020-06-05 15:10:10 --> Could not find the language line "Xác Nhận"
ERROR - 2020-06-05 15:10:10 --> Could not find the language line "Đóng"
ERROR - 2020-06-05 15:10:10 --> Could not find the language line "Xác Nhận"
ERROR - 2020-06-05 15:10:10 --> Could not find the language line "Đóng"
ERROR - 2020-06-05 15:10:10 --> Could not find the language line "Tải"
ERROR - 2020-06-05 15:14:50 --> Could not find the language line "Tạo Điểm Lấy Hàng"
ERROR - 2020-06-05 15:14:50 --> Could not find the language line "Tạo Đơn Hàng"
ERROR - 2020-06-05 15:14:50 --> Could not find the language line "Tải Excel"
ERROR - 2020-06-05 15:14:50 --> Could not find the language line "Đóng"
ERROR - 2020-06-05 15:14:50 --> Could not find the language line "Xác Nhận"
ERROR - 2020-06-05 15:14:50 --> Severity: Warning --> Invalid argument supplied for foreach() /home/admin/domains/spshd.com/public_html/khachhang/application/views/app.php 162
ERROR - 2020-06-05 15:14:50 --> Severity: Warning --> Invalid argument supplied for foreach() /home/admin/domains/spshd.com/public_html/khachhang/application/views/app.php 173
ERROR - 2020-06-05 15:14:50 --> Could not find the language line "Đóng"
ERROR - 2020-06-05 15:14:50 --> Could not find the language line "Xác Nhận"
ERROR - 2020-06-05 15:14:50 --> Could not find the language line "Đóng"
ERROR - 2020-06-05 15:14:50 --> Could not find the language line "Xác Nhận"
ERROR - 2020-06-05 15:14:50 --> Could not find the language line "Đóng"
ERROR - 2020-06-05 15:14:50 --> Could not find the language line "Tải"
ERROR - 2020-06-05 15:42:03 --> Could not find the language line "Tạo Điểm Lấy Hàng"
ERROR - 2020-06-05 15:42:03 --> Could not find the language line "Tạo Đơn Hàng"
ERROR - 2020-06-05 15:42:03 --> Could not find the language line "Tải Excel"
ERROR - 2020-06-05 15:42:03 --> Could not find the language line "Đóng"
ERROR - 2020-06-05 15:42:03 --> Could not find the language line "Xác Nhận"
ERROR - 2020-06-05 15:42:03 --> Severity: Warning --> Invalid argument supplied for foreach() /home/admin/domains/spshd.com/public_html/khachhang/application/views/app.php 162
ERROR - 2020-06-05 15:42:03 --> Severity: Warning --> Invalid argument supplied for foreach() /home/admin/domains/spshd.com/public_html/khachhang/application/views/app.php 173
ERROR - 2020-06-05 15:42:03 --> Could not find the language line "Đóng"
ERROR - 2020-06-05 15:42:03 --> Could not find the language line "Xác Nhận"
ERROR - 2020-06-05 15:42:03 --> Could not find the language line "Đóng"
ERROR - 2020-06-05 15:42:03 --> Could not find the language line "Xác Nhận"
ERROR - 2020-06-05 15:42:03 --> Could not find the language line "Đóng"
ERROR - 2020-06-05 15:42:03 --> Could not find the language line "Tải"
ERROR - 2020-06-05 15:48:32 --> Could not find the language line "Tạo Điểm Lấy Hàng"
ERROR - 2020-06-05 15:48:32 --> Could not find the language line "Tạo Đơn Hàng"
ERROR - 2020-06-05 15:48:32 --> Could not find the language line "Tải Excel"
ERROR - 2020-06-05 15:48:32 --> Could not find the language line "Đóng"
ERROR - 2020-06-05 15:48:32 --> Could not find the language line "Xác Nhận"
ERROR - 2020-06-05 15:48:32 --> Severity: Warning --> Invalid argument supplied for foreach() /home/admin/domains/spshd.com/public_html/khachhang/application/views/app.php 162
ERROR - 2020-06-05 15:48:32 --> Severity: Warning --> Invalid argument supplied for foreach() /home/admin/domains/spshd.com/public_html/khachhang/application/views/app.php 173
ERROR - 2020-06-05 15:48:32 --> Could not find the language line "Đóng"
ERROR - 2020-06-05 15:48:32 --> Could not find the language line "Xác Nhận"
ERROR - 2020-06-05 15:48:32 --> Could not find the language line "Đóng"
ERROR - 2020-06-05 15:48:32 --> Could not find the language line "Xác Nhận"
ERROR - 2020-06-05 15:48:32 --> Could not find the language line "Đóng"
ERROR - 2020-06-05 15:48:32 --> Could not find the language line "Tải"
ERROR - 2020-06-05 16:11:50 --> Could not find the language line "Tạo Điểm Lấy Hàng"
ERROR - 2020-06-05 16:11:50 --> Could not find the language line "Tạo Đơn Hàng"
ERROR - 2020-06-05 16:11:50 --> Could not find the language line "Tải Excel"
ERROR - 2020-06-05 16:11:50 --> Could not find the language line "Đóng"
ERROR - 2020-06-05 16:11:50 --> Could not find the language line "Xác Nhận"
ERROR - 2020-06-05 16:11:50 --> Severity: Warning --> Invalid argument supplied for foreach() /home/admin/domains/spshd.com/public_html/khachhang/application/views/app.php 162
ERROR - 2020-06-05 16:11:50 --> Severity: Warning --> Invalid argument supplied for foreach() /home/admin/domains/spshd.com/public_html/khachhang/application/views/app.php 173
ERROR - 2020-06-05 16:11:50 --> Could not find the language line "Đóng"
ERROR - 2020-06-05 16:11:50 --> Could not find the language line "Xác Nhận"
ERROR - 2020-06-05 16:11:50 --> Could not find the language line "Đóng"
ERROR - 2020-06-05 16:11:50 --> Could not find the language line "Xác Nhận"
ERROR - 2020-06-05 16:11:50 --> Could not find the language line "Đóng"
ERROR - 2020-06-05 16:11:50 --> Could not find the language line "Tải"
ERROR - 2020-06-05 16:42:27 --> Could not find the language line "Tạo Điểm Lấy Hàng"
ERROR - 2020-06-05 16:42:27 --> Could not find the language line "Tạo Đơn Hàng"
ERROR - 2020-06-05 16:42:27 --> Could not find the language line "Tải Excel"
ERROR - 2020-06-05 16:42:27 --> Could not find the language line "Đóng"
ERROR - 2020-06-05 16:42:27 --> Could not find the language line "Xác Nhận"
ERROR - 2020-06-05 16:42:27 --> Severity: Warning --> Invalid argument supplied for foreach() /home/admin/domains/spshd.com/public_html/khachhang/application/views/app.php 162
ERROR - 2020-06-05 16:42:27 --> Severity: Warning --> Invalid argument supplied for foreach() /home/admin/domains/spshd.com/public_html/khachhang/application/views/app.php 173
ERROR - 2020-06-05 16:42:27 --> Could not find the language line "Đóng"
ERROR - 2020-06-05 16:42:27 --> Could not find the language line "Xác Nhận"
ERROR - 2020-06-05 16:42:27 --> Could not find the language line "Đóng"
ERROR - 2020-06-05 16:42:27 --> Could not find the language line "Xác Nhận"
ERROR - 2020-06-05 16:42:27 --> Could not find the language line "Đóng"
ERROR - 2020-06-05 16:42:27 --> Could not find the language line "Tải"
ERROR - 2020-06-05 16:46:21 --> Could not find the language line "Tạo Điểm Lấy Hàng"
ERROR - 2020-06-05 16:46:21 --> Could not find the language line "Tạo Đơn Hàng"
ERROR - 2020-06-05 16:46:21 --> Could not find the language line "Tải Excel"
ERROR - 2020-06-05 16:46:21 --> Could not find the language line "Đóng"
ERROR - 2020-06-05 16:46:21 --> Could not find the language line "Xác Nhận"
ERROR - 2020-06-05 16:46:21 --> Severity: Warning --> Invalid argument supplied for foreach() /home/admin/domains/spshd.com/public_html/khachhang/application/views/app.php 162
ERROR - 2020-06-05 16:46:21 --> Severity: Warning --> Invalid argument supplied for foreach() /home/admin/domains/spshd.com/public_html/khachhang/application/views/app.php 173
ERROR - 2020-06-05 16:46:21 --> Could not find the language line "Đóng"
ERROR - 2020-06-05 16:46:21 --> Could not find the language line "Xác Nhận"
ERROR - 2020-06-05 16:46:21 --> Could not find the language line "Đóng"
ERROR - 2020-06-05 16:46:21 --> Could not find the language line "Xác Nhận"
ERROR - 2020-06-05 16:46:21 --> Could not find the language line "Đóng"
ERROR - 2020-06-05 16:46:21 --> Could not find the language line "Tải"
ERROR - 2020-06-05 16:51:46 --> Could not find the language line "Tạo Điểm Lấy Hàng"
ERROR - 2020-06-05 16:51:46 --> Could not find the language line "Tạo Đơn Hàng"
ERROR - 2020-06-05 16:51:46 --> Could not find the language line "Tải Excel"
ERROR - 2020-06-05 16:51:46 --> Could not find the language line "Đóng"
ERROR - 2020-06-05 16:51:46 --> Could not find the language line "Xác Nhận"
ERROR - 2020-06-05 16:51:46 --> Severity: Warning --> Invalid argument supplied for foreach() /home/admin/domains/spshd.com/public_html/khachhang/application/views/app.php 162
ERROR - 2020-06-05 16:51:46 --> Severity: Warning --> Invalid argument supplied for foreach() /home/admin/domains/spshd.com/public_html/khachhang/application/views/app.php 173
ERROR - 2020-06-05 16:51:46 --> Could not find the language line "Đóng"
ERROR - 2020-06-05 16:51:46 --> Could not find the language line "Xác Nhận"
ERROR - 2020-06-05 16:51:46 --> Could not find the language line "Đóng"
ERROR - 2020-06-05 16:51:46 --> Could not find the language line "Xác Nhận"
ERROR - 2020-06-05 16:51:46 --> Could not find the language line "Đóng"
ERROR - 2020-06-05 16:51:46 --> Could not find the language line "Tải"
ERROR - 2020-06-05 16:54:41 --> Could not find the language line "Tạo Điểm Lấy Hàng"
ERROR - 2020-06-05 16:54:41 --> Could not find the language line "Tạo Đơn Hàng"
ERROR - 2020-06-05 16:54:41 --> Could not find the language line "Tải Excel"
ERROR - 2020-06-05 16:54:41 --> Could not find the language line "Đóng"
ERROR - 2020-06-05 16:54:41 --> Could not find the language line "Xác Nhận"
ERROR - 2020-06-05 16:54:41 --> Severity: Warning --> Invalid argument supplied for foreach() /home/admin/domains/spshd.com/public_html/khachhang/application/views/app.php 162
ERROR - 2020-06-05 16:54:41 --> Severity: Warning --> Invalid argument supplied for foreach() /home/admin/domains/spshd.com/public_html/khachhang/application/views/app.php 173
ERROR - 2020-06-05 16:54:41 --> Could not find the language line "Đóng"
ERROR - 2020-06-05 16:54:41 --> Could not find the language line "Xác Nhận"
ERROR - 2020-06-05 16:54:41 --> Could not find the language line "Đóng"
ERROR - 2020-06-05 16:54:41 --> Could not find the language line "Xác Nhận"
ERROR - 2020-06-05 16:54:41 --> Could not find the language line "Đóng"
ERROR - 2020-06-05 16:54:41 --> Could not find the language line "Tải"
ERROR - 2020-06-05 16:56:20 --> Could not find the language line "Tạo Điểm Lấy Hàng"
ERROR - 2020-06-05 16:56:20 --> Could not find the language line "Tạo Đơn Hàng"
ERROR - 2020-06-05 16:56:20 --> Could not find the language line "Tải Excel"
ERROR - 2020-06-05 16:56:20 --> Could not find the language line "Đóng"
ERROR - 2020-06-05 16:56:20 --> Could not find the language line "Xác Nhận"
ERROR - 2020-06-05 16:56:20 --> Severity: Warning --> Invalid argument supplied for foreach() /home/admin/domains/spshd.com/public_html/khachhang/application/views/app.php 162
ERROR - 2020-06-05 16:56:20 --> Severity: Warning --> Invalid argument supplied for foreach() /home/admin/domains/spshd.com/public_html/khachhang/application/views/app.php 173
ERROR - 2020-06-05 16:56:20 --> Could not find the language line "Đóng"
ERROR - 2020-06-05 16:56:20 --> Could not find the language line "Xác Nhận"
ERROR - 2020-06-05 16:56:20 --> Could not find the language line "Đóng"
ERROR - 2020-06-05 16:56:20 --> Could not find the language line "Xác Nhận"
ERROR - 2020-06-05 16:56:20 --> Could not find the language line "Đóng"
ERROR - 2020-06-05 16:56:20 --> Could not find the language line "Tải"
ERROR - 2020-06-05 17:30:35 --> Could not find the language line "Tạo Điểm Lấy Hàng"
ERROR - 2020-06-05 17:30:35 --> Could not find the language line "Tạo Đơn Hàng"
ERROR - 2020-06-05 17:30:35 --> Could not find the language line "Tải Excel"
ERROR - 2020-06-05 17:30:35 --> Could not find the language line "Đóng"
ERROR - 2020-06-05 17:30:35 --> Could not find the language line "Xác Nhận"
ERROR - 2020-06-05 17:30:35 --> Severity: Warning --> Invalid argument supplied for foreach() /home/admin/domains/spshd.com/public_html/khachhang/application/views/app.php 162
ERROR - 2020-06-05 17:30:35 --> Severity: Warning --> Invalid argument supplied for foreach() /home/admin/domains/spshd.com/public_html/khachhang/application/views/app.php 173
ERROR - 2020-06-05 17:30:35 --> Could not find the language line "Đóng"
ERROR - 2020-06-05 17:30:35 --> Could not find the language line "Xác Nhận"
ERROR - 2020-06-05 17:30:35 --> Could not find the language line "Đóng"
ERROR - 2020-06-05 17:30:35 --> Could not find the language line "Xác Nhận"
ERROR - 2020-06-05 17:30:35 --> Could not find the language line "Đóng"
ERROR - 2020-06-05 17:30:35 --> Could not find the language line "Tải"
ERROR - 2020-06-05 18:19:20 --> Could not find the language line "Tạo Điểm Lấy Hàng"
ERROR - 2020-06-05 18:19:20 --> Could not find the language line "Tạo Đơn Hàng"
ERROR - 2020-06-05 18:19:20 --> Could not find the language line "Tải Excel"
ERROR - 2020-06-05 18:19:20 --> Could not find the language line "Đóng"
ERROR - 2020-06-05 18:19:20 --> Could not find the language line "Xác Nhận"
ERROR - 2020-06-05 18:19:20 --> Severity: Warning --> Invalid argument supplied for foreach() /home/admin/domains/spshd.com/public_html/khachhang/application/views/app.php 162
ERROR - 2020-06-05 18:19:20 --> Severity: Warning --> Invalid argument supplied for foreach() /home/admin/domains/spshd.com/public_html/khachhang/application/views/app.php 173
ERROR - 2020-06-05 18:19:20 --> Could not find the language line "Đóng"
ERROR - 2020-06-05 18:19:20 --> Could not find the language line "Xác Nhận"
ERROR - 2020-06-05 18:19:20 --> Could not find the language line "Đóng"
ERROR - 2020-06-05 18:19:20 --> Could not find the language line "Xác Nhận"
ERROR - 2020-06-05 18:19:20 --> Could not find the language line "Đóng"
ERROR - 2020-06-05 18:19:20 --> Could not find the language line "Tải"
ERROR - 2020-06-05 18:56:24 --> Could not find the language line "Tạo Điểm Lấy Hàng"
ERROR - 2020-06-05 18:56:24 --> Could not find the language line "Tạo Đơn Hàng"
ERROR - 2020-06-05 18:56:24 --> Could not find the language line "Tải Excel"
ERROR - 2020-06-05 18:56:24 --> Could not find the language line "Đóng"
ERROR - 2020-06-05 18:56:24 --> Could not find the language line "Xác Nhận"
ERROR - 2020-06-05 18:56:24 --> Severity: Warning --> Invalid argument supplied for foreach() /home/admin/domains/spshd.com/public_html/khachhang/application/views/app.php 162
ERROR - 2020-06-05 18:56:24 --> Severity: Warning --> Invalid argument supplied for foreach() /home/admin/domains/spshd.com/public_html/khachhang/application/views/app.php 173
ERROR - 2020-06-05 18:56:24 --> Could not find the language line "Đóng"
ERROR - 2020-06-05 18:56:24 --> Could not find the language line "Xác Nhận"
ERROR - 2020-06-05 18:56:24 --> Could not find the language line "Đóng"
ERROR - 2020-06-05 18:56:24 --> Could not find the language line "Xác Nhận"
ERROR - 2020-06-05 18:56:24 --> Could not find the language line "Đóng"
ERROR - 2020-06-05 18:56:24 --> Could not find the language line "Tải"
ERROR - 2020-06-05 19:35:24 --> Could not find the language line "Tạo Điểm Lấy Hàng"
ERROR - 2020-06-05 19:35:24 --> Could not find the language line "Tạo Đơn Hàng"
ERROR - 2020-06-05 19:35:24 --> Could not find the language line "Tải Excel"
ERROR - 2020-06-05 19:35:24 --> Could not find the language line "Đóng"
ERROR - 2020-06-05 19:35:24 --> Could not find the language line "Xác Nhận"
ERROR - 2020-06-05 19:35:24 --> Severity: Warning --> Invalid argument supplied for foreach() /home/admin/domains/spshd.com/public_html/khachhang/application/views/app.php 162
ERROR - 2020-06-05 19:35:24 --> Severity: Warning --> Invalid argument supplied for foreach() /home/admin/domains/spshd.com/public_html/khachhang/application/views/app.php 173
ERROR - 2020-06-05 19:35:24 --> Could not find the language line "Đóng"
ERROR - 2020-06-05 19:35:24 --> Could not find the language line "Xác Nhận"
ERROR - 2020-06-05 19:35:24 --> Could not find the language line "Đóng"
ERROR - 2020-06-05 19:35:24 --> Could not find the language line "Xác Nhận"
ERROR - 2020-06-05 19:35:24 --> Could not find the language line "Đóng"
ERROR - 2020-06-05 19:35:24 --> Could not find the language line "Tải"
ERROR - 2020-06-05 20:10:53 --> Could not find the language line "Tạo Điểm Lấy Hàng"
ERROR - 2020-06-05 20:10:53 --> Could not find the language line "Tạo Đơn Hàng"
ERROR - 2020-06-05 20:10:53 --> Could not find the language line "Tải Excel"
ERROR - 2020-06-05 20:10:53 --> Could not find the language line "Đóng"
ERROR - 2020-06-05 20:10:53 --> Could not find the language line "Xác Nhận"
ERROR - 2020-06-05 20:10:53 --> Severity: Warning --> Invalid argument supplied for foreach() /home/admin/domains/spshd.com/public_html/khachhang/application/views/app.php 162
ERROR - 2020-06-05 20:10:53 --> Severity: Warning --> Invalid argument supplied for foreach() /home/admin/domains/spshd.com/public_html/khachhang/application/views/app.php 173
ERROR - 2020-06-05 20:10:53 --> Could not find the language line "Đóng"
ERROR - 2020-06-05 20:10:53 --> Could not find the language line "Xác Nhận"
ERROR - 2020-06-05 20:10:53 --> Could not find the language line "Đóng"
ERROR - 2020-06-05 20:10:53 --> Could not find the language line "Xác Nhận"
ERROR - 2020-06-05 20:10:53 --> Could not find the language line "Đóng"
ERROR - 2020-06-05 20:10:53 --> Could not find the language line "Tải"
ERROR - 2020-06-05 21:16:30 --> Could not find the language line "Tạo Điểm Lấy Hàng"
ERROR - 2020-06-05 21:16:30 --> Could not find the language line "Tạo Đơn Hàng"
ERROR - 2020-06-05 21:16:30 --> Could not find the language line "Tải Excel"
ERROR - 2020-06-05 21:16:30 --> Could not find the language line "Đóng"
ERROR - 2020-06-05 21:16:30 --> Could not find the language line "Xác Nhận"
ERROR - 2020-06-05 21:16:30 --> Severity: Warning --> Invalid argument supplied for foreach() /home/admin/domains/spshd.com/public_html/khachhang/application/views/app.php 162
ERROR - 2020-06-05 21:16:30 --> Severity: Warning --> Invalid argument supplied for foreach() /home/admin/domains/spshd.com/public_html/khachhang/application/views/app.php 173
ERROR - 2020-06-05 21:16:30 --> Could not find the language line "Đóng"
ERROR - 2020-06-05 21:16:30 --> Could not find the language line "Xác Nhận"
ERROR - 2020-06-05 21:16:30 --> Could not find the language line "Đóng"
ERROR - 2020-06-05 21:16:30 --> Could not find the language line "Xác Nhận"
ERROR - 2020-06-05 21:16:30 --> Could not find the language line "Đóng"
ERROR - 2020-06-05 21:16:30 --> Could not find the language line "Tải"
ERROR - 2020-06-05 21:16:39 --> Could not find the language line "Tạo Điểm Lấy Hàng"
ERROR - 2020-06-05 21:16:39 --> Could not find the language line "Tạo Đơn Hàng"
ERROR - 2020-06-05 21:16:39 --> Could not find the language line "Tải Excel"
ERROR - 2020-06-05 21:16:39 --> Could not find the language line "Đóng"
ERROR - 2020-06-05 21:16:39 --> Could not find the language line "Xác Nhận"
ERROR - 2020-06-05 21:16:39 --> Severity: Warning --> Invalid argument supplied for foreach() /home/admin/domains/spshd.com/public_html/khachhang/application/views/app.php 162
ERROR - 2020-06-05 21:16:39 --> Severity: Warning --> Invalid argument supplied for foreach() /home/admin/domains/spshd.com/public_html/khachhang/application/views/app.php 173
ERROR - 2020-06-05 21:16:39 --> Could not find the language line "Đóng"
ERROR - 2020-06-05 21:16:39 --> Could not find the language line "Xác Nhận"
ERROR - 2020-06-05 21:16:39 --> Could not find the language line "Đóng"
ERROR - 2020-06-05 21:16:39 --> Could not find the language line "Xác Nhận"
ERROR - 2020-06-05 21:16:39 --> Could not find the language line "Đóng"
ERROR - 2020-06-05 21:16:39 --> Could not find the language line "Tải"
ERROR - 2020-06-05 21:17:34 --> Could not find the language line "Tạo Điểm Lấy Hàng"
ERROR - 2020-06-05 21:17:34 --> Could not find the language line "Tạo Đơn Hàng"
ERROR - 2020-06-05 21:17:34 --> Could not find the language line "Tải Excel"
ERROR - 2020-06-05 21:17:34 --> Could not find the language line "Đóng"
ERROR - 2020-06-05 21:17:34 --> Could not find the language line "Xác Nhận"
ERROR - 2020-06-05 21:17:34 --> Severity: Warning --> Invalid argument supplied for foreach() /home/admin/domains/spshd.com/public_html/khachhang/application/views/app.php 162
ERROR - 2020-06-05 21:17:34 --> Severity: Warning --> Invalid argument supplied for foreach() /home/admin/domains/spshd.com/public_html/khachhang/application/views/app.php 173
ERROR - 2020-06-05 21:17:34 --> Could not find the language line "Đóng"
ERROR - 2020-06-05 21:17:34 --> Could not find the language line "Xác Nhận"
ERROR - 2020-06-05 21:17:34 --> Could not find the language line "Đóng"
ERROR - 2020-06-05 21:17:34 --> Could not find the language line "Xác Nhận"
ERROR - 2020-06-05 21:17:34 --> Could not find the language line "Đóng"
ERROR - 2020-06-05 21:17:34 --> Could not find the language line "Tải"
ERROR - 2020-06-05 23:39:47 --> Could not find the language line "Tạo Điểm Lấy Hàng"
ERROR - 2020-06-05 23:39:47 --> Could not find the language line "Tạo Đơn Hàng"
ERROR - 2020-06-05 23:39:47 --> Could not find the language line "Tải Excel"
ERROR - 2020-06-05 23:39:47 --> Could not find the language line "Đóng"
ERROR - 2020-06-05 23:39:47 --> Could not find the language line "Xác Nhận"
ERROR - 2020-06-05 23:39:47 --> Severity: Warning --> Invalid argument supplied for foreach() /home/admin/domains/spshd.com/public_html/khachhang/application/views/app.php 162
ERROR - 2020-06-05 23:39:47 --> Severity: Warning --> Invalid argument supplied for foreach() /home/admin/domains/spshd.com/public_html/khachhang/application/views/app.php 173
ERROR - 2020-06-05 23:39:47 --> Could not find the language line "Đóng"
ERROR - 2020-06-05 23:39:47 --> Could not find the language line "Xác Nhận"
ERROR - 2020-06-05 23:39:47 --> Could not find the language line "Đóng"
ERROR - 2020-06-05 23:39:47 --> Could not find the language line "Xác Nhận"
ERROR - 2020-06-05 23:39:47 --> Could not find the language line "Đóng"
ERROR - 2020-06-05 23:39:47 --> Could not find the language line "Tải"
ERROR - 2020-06-05 17:39:49 --> Could not find the language line "Email"
ERROR - 2020-06-05 17:39:49 --> Could not find the language line "password"
