ERROR - 2019-11-12 00:14:48 --> Could not find the language line "Tạo Điểm Lấy Hàng"
ERROR - 2019-11-12 00:14:48 --> Could not find the language line "Tạo Đơn Hàng"
ERROR - 2019-11-12 00:14:48 --> Severity: Warning --> Invalid argument supplied for foreach() /home/admin/domains/spshd.com/public_html/khachhang/application/views/tab4.php 394
ERROR - 2019-11-12 00:14:48 --> Could not find the language line "Đóng"
ERROR - 2019-11-12 00:14:48 --> Could not find the language line "Xác Nhận"
ERROR - 2019-11-12 00:14:48 --> Severity: Warning --> Invalid argument supplied for foreach() /home/admin/domains/spshd.com/public_html/khachhang/application/views/app.php 157
ERROR - 2019-11-12 00:14:48 --> Severity: Warning --> Invalid argument supplied for foreach() /home/admin/domains/spshd.com/public_html/khachhang/application/views/app.php 168
ERROR - 2019-11-12 00:14:48 --> Could not find the language line "Đóng"
ERROR - 2019-11-12 00:14:48 --> Could not find the language line "Xác Nhận"
ERROR - 2019-11-12 00:14:48 --> Could not find the language line "Đóng"
ERROR - 2019-11-12 00:14:48 --> Could not find the language line "Xác Nhận"
ERROR - 2019-11-12 00:14:49 --> Could not find the language line "Tạo Điểm Lấy Hàng"
ERROR - 2019-11-12 00:14:49 --> Could not find the language line "Tạo Đơn Hàng"
ERROR - 2019-11-12 00:14:49 --> Severity: Warning --> Invalid argument supplied for foreach() /home/admin/domains/spshd.com/public_html/khachhang/application/views/tab4.php 394
ERROR - 2019-11-12 00:14:49 --> Could not find the language line "Đóng"
ERROR - 2019-11-12 00:14:49 --> Could not find the language line "Xác Nhận"
ERROR - 2019-11-12 00:14:49 --> Severity: Warning --> Invalid argument supplied for foreach() /home/admin/domains/spshd.com/public_html/khachhang/application/views/app.php 157
ERROR - 2019-11-12 00:14:49 --> Severity: Warning --> Invalid argument supplied for foreach() /home/admin/domains/spshd.com/public_html/khachhang/application/views/app.php 168
ERROR - 2019-11-12 00:14:49 --> Could not find the language line "Đóng"
ERROR - 2019-11-12 00:14:49 --> Could not find the language line "Xác Nhận"
ERROR - 2019-11-12 00:14:49 --> Could not find the language line "Đóng"
ERROR - 2019-11-12 00:14:49 --> Could not find the language line "Xác Nhận"
ERROR - 2019-11-12 00:23:27 --> Could not find the language line "Tạo Điểm Lấy Hàng"
ERROR - 2019-11-12 00:23:27 --> Could not find the language line "Tạo Đơn Hàng"
ERROR - 2019-11-12 00:23:27 --> Severity: Warning --> Invalid argument supplied for foreach() /home/admin/domains/spshd.com/public_html/khachhang/application/views/tab4.php 394
ERROR - 2019-11-12 00:23:27 --> Could not find the language line "Đóng"
ERROR - 2019-11-12 00:23:27 --> Could not find the language line "Xác Nhận"
ERROR - 2019-11-12 00:23:27 --> Severity: Warning --> Invalid argument supplied for foreach() /home/admin/domains/spshd.com/public_html/khachhang/application/views/app.php 157
ERROR - 2019-11-12 00:23:27 --> Severity: Warning --> Invalid argument supplied for foreach() /home/admin/domains/spshd.com/public_html/khachhang/application/views/app.php 168
ERROR - 2019-11-12 00:23:27 --> Could not find the language line "Đóng"
ERROR - 2019-11-12 00:23:27 --> Could not find the language line "Xác Nhận"
ERROR - 2019-11-12 00:23:27 --> Could not find the language line "Đóng"
ERROR - 2019-11-12 00:23:27 --> Could not find the language line "Xác Nhận"
ERROR - 2019-11-12 00:23:27 --> Could not find the language line "Tạo Điểm Lấy Hàng"
ERROR - 2019-11-12 00:23:27 --> Could not find the language line "Tạo Đơn Hàng"
ERROR - 2019-11-12 00:23:27 --> Severity: Warning --> Invalid argument supplied for foreach() /home/admin/domains/spshd.com/public_html/khachhang/application/views/tab4.php 394
ERROR - 2019-11-12 00:23:27 --> Could not find the language line "Đóng"
ERROR - 2019-11-12 00:23:27 --> Could not find the language line "Xác Nhận"
ERROR - 2019-11-12 00:23:27 --> Severity: Warning --> Invalid argument supplied for foreach() /home/admin/domains/spshd.com/public_html/khachhang/application/views/app.php 157
ERROR - 2019-11-12 00:23:27 --> Severity: Warning --> Invalid argument supplied for foreach() /home/admin/domains/spshd.com/public_html/khachhang/application/views/app.php 168
ERROR - 2019-11-12 00:23:27 --> Could not find the language line "Đóng"
ERROR - 2019-11-12 00:23:27 --> Could not find the language line "Xác Nhận"
ERROR - 2019-11-12 00:23:27 --> Could not find the language line "Đóng"
ERROR - 2019-11-12 00:23:27 --> Could not find the language line "Xác Nhận"
ERROR - 2019-11-12 03:41:12 --> Could not find the language line "Tạo Điểm Lấy Hàng"
ERROR - 2019-11-12 03:41:12 --> Could not find the language line "Tạo Đơn Hàng"
ERROR - 2019-11-12 03:41:12 --> Severity: Warning --> Invalid argument supplied for foreach() /home/admin/domains/spshd.com/public_html/khachhang/application/views/tab4.php 394
ERROR - 2019-11-12 03:41:12 --> Could not find the language line "Đóng"
ERROR - 2019-11-12 03:41:12 --> Could not find the language line "Xác Nhận"
ERROR - 2019-11-12 03:41:12 --> Severity: Warning --> Invalid argument supplied for foreach() /home/admin/domains/spshd.com/public_html/khachhang/application/views/app.php 157
ERROR - 2019-11-12 03:41:12 --> Severity: Warning --> Invalid argument supplied for foreach() /home/admin/domains/spshd.com/public_html/khachhang/application/views/app.php 168
ERROR - 2019-11-12 03:41:12 --> Could not find the language line "Đóng"
ERROR - 2019-11-12 03:41:12 --> Could not find the language line "Xác Nhận"
ERROR - 2019-11-12 03:41:12 --> Could not find the language line "Đóng"
ERROR - 2019-11-12 03:41:12 --> Could not find the language line "Xác Nhận"
ERROR - 2019-11-12 04:45:32 --> Could not find the language line "Tạo Điểm Lấy Hàng"
ERROR - 2019-11-12 04:45:32 --> Could not find the language line "Tạo Đơn Hàng"
ERROR - 2019-11-12 04:45:32 --> Severity: Warning --> Invalid argument supplied for foreach() /home/admin/domains/spshd.com/public_html/khachhang/application/views/tab4.php 394
ERROR - 2019-11-12 04:45:32 --> Could not find the language line "Đóng"
ERROR - 2019-11-12 04:45:32 --> Could not find the language line "Xác Nhận"
ERROR - 2019-11-12 04:45:32 --> Severity: Warning --> Invalid argument supplied for foreach() /home/admin/domains/spshd.com/public_html/khachhang/application/views/app.php 157
ERROR - 2019-11-12 04:45:32 --> Severity: Warning --> Invalid argument supplied for foreach() /home/admin/domains/spshd.com/public_html/khachhang/application/views/app.php 168
ERROR - 2019-11-12 04:45:32 --> Could not find the language line "Đóng"
ERROR - 2019-11-12 04:45:32 --> Could not find the language line "Xác Nhận"
ERROR - 2019-11-12 04:45:32 --> Could not find the language line "Đóng"
ERROR - 2019-11-12 04:45:32 --> Could not find the language line "Xác Nhận"
ERROR - 2019-11-12 04:45:33 --> Could not find the language line "Tạo Điểm Lấy Hàng"
ERROR - 2019-11-12 04:45:33 --> Could not find the language line "Tạo Đơn Hàng"
ERROR - 2019-11-12 04:45:33 --> Severity: Warning --> Invalid argument supplied for foreach() /home/admin/domains/spshd.com/public_html/khachhang/application/views/tab4.php 394
ERROR - 2019-11-12 04:45:33 --> Could not find the language line "Đóng"
ERROR - 2019-11-12 04:45:33 --> Could not find the language line "Xác Nhận"
ERROR - 2019-11-12 04:45:33 --> Severity: Warning --> Invalid argument supplied for foreach() /home/admin/domains/spshd.com/public_html/khachhang/application/views/app.php 157
ERROR - 2019-11-12 04:45:33 --> Severity: Warning --> Invalid argument supplied for foreach() /home/admin/domains/spshd.com/public_html/khachhang/application/views/app.php 168
ERROR - 2019-11-12 04:45:33 --> Could not find the language line "Đóng"
ERROR - 2019-11-12 04:45:33 --> Could not find the language line "Xác Nhận"
ERROR - 2019-11-12 04:45:33 --> Could not find the language line "Đóng"
ERROR - 2019-11-12 04:45:33 --> Could not find the language line "Xác Nhận"
ERROR - 2019-11-12 05:51:29 --> Could not find the language line "Tạo Điểm Lấy Hàng"
ERROR - 2019-11-12 05:51:29 --> Could not find the language line "Tạo Đơn Hàng"
ERROR - 2019-11-12 05:51:29 --> Severity: Warning --> Invalid argument supplied for foreach() /home/admin/domains/spshd.com/public_html/khachhang/application/views/tab4.php 394
ERROR - 2019-11-12 05:51:29 --> Could not find the language line "Đóng"
ERROR - 2019-11-12 05:51:29 --> Could not find the language line "Xác Nhận"
ERROR - 2019-11-12 05:51:29 --> Severity: Warning --> Invalid argument supplied for foreach() /home/admin/domains/spshd.com/public_html/khachhang/application/views/app.php 157
ERROR - 2019-11-12 05:51:29 --> Severity: Warning --> Invalid argument supplied for foreach() /home/admin/domains/spshd.com/public_html/khachhang/application/views/app.php 168
ERROR - 2019-11-12 05:51:29 --> Could not find the language line "Đóng"
ERROR - 2019-11-12 05:51:29 --> Could not find the language line "Xác Nhận"
ERROR - 2019-11-12 05:51:29 --> Could not find the language line "Đóng"
ERROR - 2019-11-12 05:51:29 --> Could not find the language line "Xác Nhận"
ERROR - 2019-11-12 07:05:56 --> Could not find the language line "Tạo Điểm Lấy Hàng"
ERROR - 2019-11-12 07:05:56 --> Could not find the language line "Tạo Đơn Hàng"
ERROR - 2019-11-12 07:05:56 --> Severity: Warning --> Invalid argument supplied for foreach() /home/admin/domains/spshd.com/public_html/khachhang/application/views/tab4.php 394
ERROR - 2019-11-12 07:05:56 --> Could not find the language line "Đóng"
ERROR - 2019-11-12 07:05:56 --> Could not find the language line "Xác Nhận"
ERROR - 2019-11-12 07:05:56 --> Severity: Warning --> Invalid argument supplied for foreach() /home/admin/domains/spshd.com/public_html/khachhang/application/views/app.php 157
ERROR - 2019-11-12 07:05:56 --> Severity: Warning --> Invalid argument supplied for foreach() /home/admin/domains/spshd.com/public_html/khachhang/application/views/app.php 168
ERROR - 2019-11-12 07:05:56 --> Could not find the language line "Đóng"
ERROR - 2019-11-12 07:05:56 --> Could not find the language line "Xác Nhận"
ERROR - 2019-11-12 07:05:56 --> Could not find the language line "Đóng"
ERROR - 2019-11-12 07:05:56 --> Could not find the language line "Xác Nhận"
ERROR - 2019-11-12 07:05:56 --> Could not find the language line "Tạo Điểm Lấy Hàng"
ERROR - 2019-11-12 07:05:56 --> Could not find the language line "Tạo Đơn Hàng"
ERROR - 2019-11-12 07:05:56 --> Severity: Warning --> Invalid argument supplied for foreach() /home/admin/domains/spshd.com/public_html/khachhang/application/views/tab4.php 394
ERROR - 2019-11-12 07:05:56 --> Could not find the language line "Đóng"
ERROR - 2019-11-12 07:05:56 --> Could not find the language line "Xác Nhận"
ERROR - 2019-11-12 07:05:56 --> Severity: Warning --> Invalid argument supplied for foreach() /home/admin/domains/spshd.com/public_html/khachhang/application/views/app.php 157
ERROR - 2019-11-12 07:05:56 --> Severity: Warning --> Invalid argument supplied for foreach() /home/admin/domains/spshd.com/public_html/khachhang/application/views/app.php 168
ERROR - 2019-11-12 07:05:56 --> Could not find the language line "Đóng"
ERROR - 2019-11-12 07:05:56 --> Could not find the language line "Xác Nhận"
ERROR - 2019-11-12 07:05:56 --> Could not find the language line "Đóng"
ERROR - 2019-11-12 07:05:56 --> Could not find the language line "Xác Nhận"
ERROR - 2019-11-12 08:14:29 --> Could not find the language line "Tạo Điểm Lấy Hàng"
ERROR - 2019-11-12 08:14:29 --> Could not find the language line "Tạo Đơn Hàng"
ERROR - 2019-11-12 08:14:29 --> Severity: Warning --> Invalid argument supplied for foreach() /home/admin/domains/spshd.com/public_html/khachhang/application/views/tab4.php 394
ERROR - 2019-11-12 08:14:29 --> Could not find the language line "Đóng"
ERROR - 2019-11-12 08:14:29 --> Could not find the language line "Xác Nhận"
ERROR - 2019-11-12 08:14:29 --> Severity: Warning --> Invalid argument supplied for foreach() /home/admin/domains/spshd.com/public_html/khachhang/application/views/app.php 157
ERROR - 2019-11-12 08:14:29 --> Severity: Warning --> Invalid argument supplied for foreach() /home/admin/domains/spshd.com/public_html/khachhang/application/views/app.php 168
ERROR - 2019-11-12 08:14:29 --> Could not find the language line "Đóng"
ERROR - 2019-11-12 08:14:29 --> Could not find the language line "Xác Nhận"
ERROR - 2019-11-12 08:14:29 --> Could not find the language line "Đóng"
ERROR - 2019-11-12 08:14:29 --> Could not find the language line "Xác Nhận"
ERROR - 2019-11-12 08:14:52 --> Could not find the language line "Tạo Điểm Lấy Hàng"
ERROR - 2019-11-12 08:14:52 --> Could not find the language line "Tạo Đơn Hàng"
ERROR - 2019-11-12 08:14:52 --> Severity: Warning --> Invalid argument supplied for foreach() /home/admin/domains/spshd.com/public_html/khachhang/application/views/tab4.php 394
ERROR - 2019-11-12 08:14:52 --> Could not find the language line "Đóng"
ERROR - 2019-11-12 08:14:52 --> Could not find the language line "Xác Nhận"
ERROR - 2019-11-12 08:14:52 --> Severity: Warning --> Invalid argument supplied for foreach() /home/admin/domains/spshd.com/public_html/khachhang/application/views/app.php 157
ERROR - 2019-11-12 08:14:52 --> Severity: Warning --> Invalid argument supplied for foreach() /home/admin/domains/spshd.com/public_html/khachhang/application/views/app.php 168
ERROR - 2019-11-12 08:14:52 --> Could not find the language line "Đóng"
ERROR - 2019-11-12 08:14:52 --> Could not find the language line "Xác Nhận"
ERROR - 2019-11-12 08:14:52 --> Could not find the language line "Đóng"
ERROR - 2019-11-12 08:14:52 --> Could not find the language line "Xác Nhận"
ERROR - 2019-11-12 10:04:33 --> Could not find the language line "Tạo Điểm Lấy Hàng"
ERROR - 2019-11-12 10:04:33 --> Could not find the language line "Tạo Đơn Hàng"
ERROR - 2019-11-12 10:04:33 --> Severity: Warning --> Invalid argument supplied for foreach() /home/admin/domains/spshd.com/public_html/khachhang/application/views/tab4.php 394
ERROR - 2019-11-12 10:04:33 --> Could not find the language line "Đóng"
ERROR - 2019-11-12 10:04:33 --> Could not find the language line "Xác Nhận"
ERROR - 2019-11-12 10:04:33 --> Severity: Warning --> Invalid argument supplied for foreach() /home/admin/domains/spshd.com/public_html/khachhang/application/views/app.php 157
ERROR - 2019-11-12 10:04:33 --> Severity: Warning --> Invalid argument supplied for foreach() /home/admin/domains/spshd.com/public_html/khachhang/application/views/app.php 168
ERROR - 2019-11-12 10:04:33 --> Could not find the language line "Đóng"
ERROR - 2019-11-12 10:04:33 --> Could not find the language line "Xác Nhận"
ERROR - 2019-11-12 10:04:33 --> Could not find the language line "Đóng"
ERROR - 2019-11-12 10:04:33 --> Could not find the language line "Xác Nhận"
ERROR - 2019-11-12 10:22:08 --> Could not find the language line "Tạo Điểm Lấy Hàng"
ERROR - 2019-11-12 10:22:08 --> Could not find the language line "Tạo Đơn Hàng"
ERROR - 2019-11-12 10:22:08 --> Severity: Warning --> Invalid argument supplied for foreach() /home/admin/domains/spshd.com/public_html/khachhang/application/views/tab4.php 394
ERROR - 2019-11-12 10:22:08 --> Could not find the language line "Đóng"
ERROR - 2019-11-12 10:22:08 --> Could not find the language line "Xác Nhận"
ERROR - 2019-11-12 10:22:08 --> Severity: Warning --> Invalid argument supplied for foreach() /home/admin/domains/spshd.com/public_html/khachhang/application/views/app.php 157
ERROR - 2019-11-12 10:22:08 --> Severity: Warning --> Invalid argument supplied for foreach() /home/admin/domains/spshd.com/public_html/khachhang/application/views/app.php 168
ERROR - 2019-11-12 10:22:08 --> Could not find the language line "Đóng"
ERROR - 2019-11-12 10:22:08 --> Could not find the language line "Xác Nhận"
ERROR - 2019-11-12 10:22:08 --> Could not find the language line "Đóng"
ERROR - 2019-11-12 10:22:08 --> Could not find the language line "Xác Nhận"
ERROR - 2019-11-12 11:08:33 --> Could not find the language line "Tạo Điểm Lấy Hàng"
ERROR - 2019-11-12 11:08:33 --> Could not find the language line "Tạo Đơn Hàng"
ERROR - 2019-11-12 11:08:33 --> Severity: Warning --> Invalid argument supplied for foreach() /home/admin/domains/spshd.com/public_html/khachhang/application/views/tab4.php 394
ERROR - 2019-11-12 11:08:33 --> Could not find the language line "Đóng"
ERROR - 2019-11-12 11:08:33 --> Could not find the language line "Xác Nhận"
ERROR - 2019-11-12 11:08:33 --> Severity: Warning --> Invalid argument supplied for foreach() /home/admin/domains/spshd.com/public_html/khachhang/application/views/app.php 157
ERROR - 2019-11-12 11:08:33 --> Severity: Warning --> Invalid argument supplied for foreach() /home/admin/domains/spshd.com/public_html/khachhang/application/views/app.php 168
ERROR - 2019-11-12 11:08:33 --> Could not find the language line "Đóng"
ERROR - 2019-11-12 11:08:33 --> Could not find the language line "Xác Nhận"
ERROR - 2019-11-12 11:08:33 --> Could not find the language line "Đóng"
ERROR - 2019-11-12 11:08:33 --> Could not find the language line "Xác Nhận"
ERROR - 2019-11-12 11:09:32 --> Could not find the language line "Tạo Điểm Lấy Hàng"
ERROR - 2019-11-12 11:09:32 --> Could not find the language line "Tạo Đơn Hàng"
ERROR - 2019-11-12 11:09:32 --> Severity: Warning --> Invalid argument supplied for foreach() /home/admin/domains/spshd.com/public_html/khachhang/application/views/tab4.php 394
ERROR - 2019-11-12 11:09:32 --> Could not find the language line "Đóng"
ERROR - 2019-11-12 11:09:32 --> Could not find the language line "Xác Nhận"
ERROR - 2019-11-12 11:09:32 --> Severity: Warning --> Invalid argument supplied for foreach() /home/admin/domains/spshd.com/public_html/khachhang/application/views/app.php 157
ERROR - 2019-11-12 11:09:32 --> Severity: Warning --> Invalid argument supplied for foreach() /home/admin/domains/spshd.com/public_html/khachhang/application/views/app.php 168
ERROR - 2019-11-12 11:09:32 --> Could not find the language line "Đóng"
ERROR - 2019-11-12 11:09:32 --> Could not find the language line "Xác Nhận"
ERROR - 2019-11-12 11:09:32 --> Could not find the language line "Đóng"
ERROR - 2019-11-12 11:09:32 --> Could not find the language line "Xác Nhận"
ERROR - 2019-11-12 14:48:32 --> Could not find the language line "Tạo Điểm Lấy Hàng"
ERROR - 2019-11-12 14:48:32 --> Could not find the language line "Tạo Đơn Hàng"
ERROR - 2019-11-12 14:48:32 --> Severity: Warning --> Invalid argument supplied for foreach() /home/admin/domains/spshd.com/public_html/khachhang/application/views/tab4.php 394
ERROR - 2019-11-12 14:48:32 --> Could not find the language line "Đóng"
ERROR - 2019-11-12 14:48:32 --> Could not find the language line "Xác Nhận"
ERROR - 2019-11-12 14:48:32 --> Severity: Warning --> Invalid argument supplied for foreach() /home/admin/domains/spshd.com/public_html/khachhang/application/views/app.php 157
ERROR - 2019-11-12 14:48:32 --> Severity: Warning --> Invalid argument supplied for foreach() /home/admin/domains/spshd.com/public_html/khachhang/application/views/app.php 168
ERROR - 2019-11-12 14:48:32 --> Could not find the language line "Đóng"
ERROR - 2019-11-12 14:48:32 --> Could not find the language line "Xác Nhận"
ERROR - 2019-11-12 14:48:32 --> Could not find the language line "Đóng"
ERROR - 2019-11-12 14:48:32 --> Could not find the language line "Xác Nhận"
ERROR - 2019-11-12 15:37:06 --> Could not find the language line "Tạo Điểm Lấy Hàng"
ERROR - 2019-11-12 15:37:06 --> Could not find the language line "Tạo Đơn Hàng"
ERROR - 2019-11-12 15:37:06 --> Severity: Warning --> Invalid argument supplied for foreach() /home/admin/domains/spshd.com/public_html/khachhang/application/views/tab4.php 394
ERROR - 2019-11-12 15:37:06 --> Could not find the language line "Đóng"
ERROR - 2019-11-12 15:37:06 --> Could not find the language line "Xác Nhận"
ERROR - 2019-11-12 15:37:06 --> Severity: Warning --> Invalid argument supplied for foreach() /home/admin/domains/spshd.com/public_html/khachhang/application/views/app.php 157
ERROR - 2019-11-12 15:37:06 --> Severity: Warning --> Invalid argument supplied for foreach() /home/admin/domains/spshd.com/public_html/khachhang/application/views/app.php 168
ERROR - 2019-11-12 15:37:06 --> Could not find the language line "Đóng"
ERROR - 2019-11-12 15:37:06 --> Could not find the language line "Xác Nhận"
ERROR - 2019-11-12 15:37:06 --> Could not find the language line "Đóng"
ERROR - 2019-11-12 15:37:06 --> Could not find the language line "Xác Nhận"
ERROR - 2019-11-12 15:37:06 --> Could not find the language line "Tạo Điểm Lấy Hàng"
ERROR - 2019-11-12 15:37:06 --> Could not find the language line "Tạo Đơn Hàng"
ERROR - 2019-11-12 15:37:06 --> Severity: Warning --> Invalid argument supplied for foreach() /home/admin/domains/spshd.com/public_html/khachhang/application/views/tab4.php 394
ERROR - 2019-11-12 15:37:06 --> Could not find the language line "Đóng"
ERROR - 2019-11-12 15:37:06 --> Could not find the language line "Xác Nhận"
ERROR - 2019-11-12 15:37:06 --> Severity: Warning --> Invalid argument supplied for foreach() /home/admin/domains/spshd.com/public_html/khachhang/application/views/app.php 157
ERROR - 2019-11-12 15:37:06 --> Severity: Warning --> Invalid argument supplied for foreach() /home/admin/domains/spshd.com/public_html/khachhang/application/views/app.php 168
ERROR - 2019-11-12 15:37:06 --> Could not find the language line "Đóng"
ERROR - 2019-11-12 15:37:06 --> Could not find the language line "Xác Nhận"
ERROR - 2019-11-12 15:37:06 --> Could not find the language line "Đóng"
ERROR - 2019-11-12 15:37:06 --> Could not find the language line "Xác Nhận"
ERROR - 2019-11-12 15:42:21 --> Could not find the language line "Tạo Điểm Lấy Hàng"
ERROR - 2019-11-12 15:42:21 --> Could not find the language line "Tạo Đơn Hàng"
ERROR - 2019-11-12 15:42:21 --> Severity: Warning --> Invalid argument supplied for foreach() /home/admin/domains/spshd.com/public_html/khachhang/application/views/tab4.php 394
ERROR - 2019-11-12 15:42:21 --> Could not find the language line "Đóng"
ERROR - 2019-11-12 15:42:21 --> Could not find the language line "Xác Nhận"
ERROR - 2019-11-12 15:42:21 --> Severity: Warning --> Invalid argument supplied for foreach() /home/admin/domains/spshd.com/public_html/khachhang/application/views/app.php 157
ERROR - 2019-11-12 15:42:21 --> Severity: Warning --> Invalid argument supplied for foreach() /home/admin/domains/spshd.com/public_html/khachhang/application/views/app.php 168
ERROR - 2019-11-12 15:42:21 --> Could not find the language line "Đóng"
ERROR - 2019-11-12 15:42:21 --> Could not find the language line "Xác Nhận"
ERROR - 2019-11-12 15:42:21 --> Could not find the language line "Đóng"
ERROR - 2019-11-12 15:42:21 --> Could not find the language line "Xác Nhận"
ERROR - 2019-11-12 15:42:21 --> Could not find the language line "Tạo Điểm Lấy Hàng"
ERROR - 2019-11-12 15:42:21 --> Could not find the language line "Tạo Đơn Hàng"
ERROR - 2019-11-12 15:42:21 --> Severity: Warning --> Invalid argument supplied for foreach() /home/admin/domains/spshd.com/public_html/khachhang/application/views/tab4.php 394
ERROR - 2019-11-12 15:42:21 --> Could not find the language line "Đóng"
ERROR - 2019-11-12 15:42:21 --> Could not find the language line "Xác Nhận"
ERROR - 2019-11-12 15:42:21 --> Severity: Warning --> Invalid argument supplied for foreach() /home/admin/domains/spshd.com/public_html/khachhang/application/views/app.php 157
ERROR - 2019-11-12 15:42:21 --> Severity: Warning --> Invalid argument supplied for foreach() /home/admin/domains/spshd.com/public_html/khachhang/application/views/app.php 168
ERROR - 2019-11-12 15:42:21 --> Could not find the language line "Đóng"
ERROR - 2019-11-12 15:42:21 --> Could not find the language line "Xác Nhận"
ERROR - 2019-11-12 15:42:21 --> Could not find the language line "Đóng"
ERROR - 2019-11-12 15:42:21 --> Could not find the language line "Xác Nhận"
ERROR - 2019-11-12 15:42:23 --> Could not find the language line "Tạo Điểm Lấy Hàng"
ERROR - 2019-11-12 15:42:23 --> Could not find the language line "Tạo Đơn Hàng"
ERROR - 2019-11-12 15:42:23 --> Severity: Warning --> Invalid argument supplied for foreach() /home/admin/domains/spshd.com/public_html/khachhang/application/views/tab4.php 394
ERROR - 2019-11-12 15:42:23 --> Could not find the language line "Đóng"
ERROR - 2019-11-12 15:42:23 --> Could not find the language line "Xác Nhận"
ERROR - 2019-11-12 15:42:23 --> Severity: Warning --> Invalid argument supplied for foreach() /home/admin/domains/spshd.com/public_html/khachhang/application/views/app.php 157
ERROR - 2019-11-12 15:42:23 --> Severity: Warning --> Invalid argument supplied for foreach() /home/admin/domains/spshd.com/public_html/khachhang/application/views/app.php 168
ERROR - 2019-11-12 15:42:23 --> Could not find the language line "Đóng"
ERROR - 2019-11-12 15:42:23 --> Could not find the language line "Xác Nhận"
ERROR - 2019-11-12 15:42:23 --> Could not find the language line "Đóng"
ERROR - 2019-11-12 15:42:23 --> Could not find the language line "Xác Nhận"
ERROR - 2019-11-12 15:42:23 --> Could not find the language line "Tạo Điểm Lấy Hàng"
ERROR - 2019-11-12 15:42:23 --> Could not find the language line "Tạo Đơn Hàng"
ERROR - 2019-11-12 15:42:23 --> Severity: Warning --> Invalid argument supplied for foreach() /home/admin/domains/spshd.com/public_html/khachhang/application/views/tab4.php 394
ERROR - 2019-11-12 15:42:23 --> Could not find the language line "Đóng"
ERROR - 2019-11-12 15:42:23 --> Could not find the language line "Xác Nhận"
ERROR - 2019-11-12 15:42:23 --> Severity: Warning --> Invalid argument supplied for foreach() /home/admin/domains/spshd.com/public_html/khachhang/application/views/app.php 157
ERROR - 2019-11-12 15:42:23 --> Severity: Warning --> Invalid argument supplied for foreach() /home/admin/domains/spshd.com/public_html/khachhang/application/views/app.php 168
ERROR - 2019-11-12 15:42:23 --> Could not find the language line "Đóng"
ERROR - 2019-11-12 15:42:23 --> Could not find the language line "Xác Nhận"
ERROR - 2019-11-12 15:42:23 --> Could not find the language line "Đóng"
ERROR - 2019-11-12 15:42:23 --> Could not find the language line "Xác Nhận"
ERROR - 2019-11-12 15:42:24 --> Could not find the language line "Tạo Điểm Lấy Hàng"
ERROR - 2019-11-12 15:42:24 --> Could not find the language line "Tạo Đơn Hàng"
ERROR - 2019-11-12 15:42:24 --> Severity: Warning --> Invalid argument supplied for foreach() /home/admin/domains/spshd.com/public_html/khachhang/application/views/tab4.php 394
ERROR - 2019-11-12 15:42:24 --> Could not find the language line "Đóng"
ERROR - 2019-11-12 15:42:24 --> Could not find the language line "Xác Nhận"
ERROR - 2019-11-12 15:42:24 --> Severity: Warning --> Invalid argument supplied for foreach() /home/admin/domains/spshd.com/public_html/khachhang/application/views/app.php 157
ERROR - 2019-11-12 15:42:24 --> Severity: Warning --> Invalid argument supplied for foreach() /home/admin/domains/spshd.com/public_html/khachhang/application/views/app.php 168
ERROR - 2019-11-12 15:42:24 --> Could not find the language line "Đóng"
ERROR - 2019-11-12 15:42:24 --> Could not find the language line "Xác Nhận"
ERROR - 2019-11-12 15:42:24 --> Could not find the language line "Đóng"
ERROR - 2019-11-12 15:42:24 --> Could not find the language line "Xác Nhận"
