ERROR - 2020-05-31 01:29:55 --> Could not find the language line "Tạo Điểm Lấy Hàng"
ERROR - 2020-05-31 01:29:55 --> Could not find the language line "Tạo Đơn Hàng"
ERROR - 2020-05-31 01:29:55 --> Could not find the language line "Tải Excel"
ERROR - 2020-05-31 01:29:55 --> Could not find the language line "Đóng"
ERROR - 2020-05-31 01:29:55 --> Could not find the language line "Xác Nhận"
ERROR - 2020-05-31 01:29:55 --> Severity: Warning --> Invalid argument supplied for foreach() /home/admin/domains/spshd.com/public_html/khachhang/application/views/app.php 162
ERROR - 2020-05-31 01:29:55 --> Severity: Warning --> Invalid argument supplied for foreach() /home/admin/domains/spshd.com/public_html/khachhang/application/views/app.php 173
ERROR - 2020-05-31 01:29:55 --> Could not find the language line "Đóng"
ERROR - 2020-05-31 01:29:55 --> Could not find the language line "Xác Nhận"
ERROR - 2020-05-31 01:29:55 --> Could not find the language line "Đóng"
ERROR - 2020-05-31 01:29:55 --> Could not find the language line "Xác Nhận"
ERROR - 2020-05-31 01:29:55 --> Could not find the language line "Đóng"
ERROR - 2020-05-31 01:29:55 --> Could not find the language line "Tải"
ERROR - 2020-05-31 07:25:18 --> Could not find the language line "Tạo Điểm Lấy Hàng"
ERROR - 2020-05-31 07:25:18 --> Could not find the language line "Tạo Đơn Hàng"
ERROR - 2020-05-31 07:25:18 --> Could not find the language line "Tải Excel"
ERROR - 2020-05-31 07:25:18 --> Could not find the language line "Đóng"
ERROR - 2020-05-31 07:25:18 --> Could not find the language line "Xác Nhận"
ERROR - 2020-05-31 07:25:18 --> Severity: Warning --> Invalid argument supplied for foreach() /home/admin/domains/spshd.com/public_html/khachhang/application/views/app.php 162
ERROR - 2020-05-31 07:25:18 --> Severity: Warning --> Invalid argument supplied for foreach() /home/admin/domains/spshd.com/public_html/khachhang/application/views/app.php 173
ERROR - 2020-05-31 07:25:18 --> Could not find the language line "Đóng"
ERROR - 2020-05-31 07:25:18 --> Could not find the language line "Xác Nhận"
ERROR - 2020-05-31 07:25:18 --> Could not find the language line "Đóng"
ERROR - 2020-05-31 07:25:18 --> Could not find the language line "Xác Nhận"
ERROR - 2020-05-31 07:25:18 --> Could not find the language line "Đóng"
ERROR - 2020-05-31 07:25:18 --> Could not find the language line "Tải"
ERROR - 2020-05-31 03:10:35 --> Could not find the language line "Email"
ERROR - 2020-05-31 03:10:35 --> Could not find the language line "password"
ERROR - 2020-05-31 09:19:59 --> Could not find the language line "Tạo Điểm Lấy Hàng"
ERROR - 2020-05-31 09:19:59 --> Could not find the language line "Tạo Đơn Hàng"
ERROR - 2020-05-31 09:19:59 --> Could not find the language line "Tải Excel"
ERROR - 2020-05-31 09:19:59 --> Could not find the language line "Đóng"
ERROR - 2020-05-31 09:19:59 --> Could not find the language line "Xác Nhận"
ERROR - 2020-05-31 09:19:59 --> Severity: Warning --> Invalid argument supplied for foreach() /home/admin/domains/spshd.com/public_html/khachhang/application/views/app.php 162
ERROR - 2020-05-31 09:19:59 --> Severity: Warning --> Invalid argument supplied for foreach() /home/admin/domains/spshd.com/public_html/khachhang/application/views/app.php 173
ERROR - 2020-05-31 09:19:59 --> Could not find the language line "Đóng"
ERROR - 2020-05-31 09:19:59 --> Could not find the language line "Xác Nhận"
ERROR - 2020-05-31 09:19:59 --> Could not find the language line "Đóng"
ERROR - 2020-05-31 09:19:59 --> Could not find the language line "Xác Nhận"
ERROR - 2020-05-31 09:19:59 --> Could not find the language line "Đóng"
ERROR - 2020-05-31 09:19:59 --> Could not find the language line "Tải"
ERROR - 2020-05-31 09:23:09 --> Could not find the language line "Tạo Điểm Lấy Hàng"
ERROR - 2020-05-31 09:23:09 --> Could not find the language line "Tạo Đơn Hàng"
ERROR - 2020-05-31 09:23:09 --> Could not find the language line "Tải Excel"
ERROR - 2020-05-31 09:23:09 --> Could not find the language line "Đóng"
ERROR - 2020-05-31 09:23:09 --> Could not find the language line "Xác Nhận"
ERROR - 2020-05-31 09:23:09 --> Severity: Warning --> Invalid argument supplied for foreach() /home/admin/domains/spshd.com/public_html/khachhang/application/views/app.php 162
ERROR - 2020-05-31 09:23:09 --> Severity: Warning --> Invalid argument supplied for foreach() /home/admin/domains/spshd.com/public_html/khachhang/application/views/app.php 173
ERROR - 2020-05-31 09:23:09 --> Could not find the language line "Đóng"
ERROR - 2020-05-31 09:23:09 --> Could not find the language line "Xác Nhận"
ERROR - 2020-05-31 09:23:09 --> Could not find the language line "Đóng"
ERROR - 2020-05-31 09:23:09 --> Could not find the language line "Xác Nhận"
ERROR - 2020-05-31 09:23:09 --> Could not find the language line "Đóng"
ERROR - 2020-05-31 09:23:09 --> Could not find the language line "Tải"
ERROR - 2020-05-31 10:00:56 --> Could not find the language line "Tạo Điểm Lấy Hàng"
ERROR - 2020-05-31 10:00:56 --> Could not find the language line "Tạo Đơn Hàng"
ERROR - 2020-05-31 10:00:56 --> Could not find the language line "Tải Excel"
ERROR - 2020-05-31 10:00:56 --> Could not find the language line "Đóng"
ERROR - 2020-05-31 10:00:56 --> Could not find the language line "Xác Nhận"
ERROR - 2020-05-31 10:00:56 --> Severity: Warning --> Invalid argument supplied for foreach() /home/admin/domains/spshd.com/public_html/khachhang/application/views/app.php 162
ERROR - 2020-05-31 10:00:56 --> Severity: Warning --> Invalid argument supplied for foreach() /home/admin/domains/spshd.com/public_html/khachhang/application/views/app.php 173
ERROR - 2020-05-31 10:00:56 --> Could not find the language line "Đóng"
ERROR - 2020-05-31 10:00:56 --> Could not find the language line "Xác Nhận"
ERROR - 2020-05-31 10:00:56 --> Could not find the language line "Đóng"
ERROR - 2020-05-31 10:00:56 --> Could not find the language line "Xác Nhận"
ERROR - 2020-05-31 10:00:56 --> Could not find the language line "Đóng"
ERROR - 2020-05-31 10:00:56 --> Could not find the language line "Tải"
ERROR - 2020-05-31 10:32:55 --> Could not find the language line "Tạo Điểm Lấy Hàng"
ERROR - 2020-05-31 10:32:55 --> Could not find the language line "Tạo Đơn Hàng"
ERROR - 2020-05-31 10:32:55 --> Could not find the language line "Tải Excel"
ERROR - 2020-05-31 10:32:55 --> Could not find the language line "Đóng"
ERROR - 2020-05-31 10:32:55 --> Could not find the language line "Xác Nhận"
ERROR - 2020-05-31 10:32:55 --> Severity: Warning --> Invalid argument supplied for foreach() /home/admin/domains/spshd.com/public_html/khachhang/application/views/app.php 162
ERROR - 2020-05-31 10:32:55 --> Severity: Warning --> Invalid argument supplied for foreach() /home/admin/domains/spshd.com/public_html/khachhang/application/views/app.php 173
ERROR - 2020-05-31 10:32:55 --> Could not find the language line "Đóng"
ERROR - 2020-05-31 10:32:55 --> Could not find the language line "Xác Nhận"
ERROR - 2020-05-31 10:32:55 --> Could not find the language line "Đóng"
ERROR - 2020-05-31 10:32:55 --> Could not find the language line "Xác Nhận"
ERROR - 2020-05-31 10:32:55 --> Could not find the language line "Đóng"
ERROR - 2020-05-31 10:32:55 --> Could not find the language line "Tải"
ERROR - 2020-05-31 10:36:17 --> Could not find the language line "Tạo Điểm Lấy Hàng"
ERROR - 2020-05-31 10:36:17 --> Could not find the language line "Tạo Đơn Hàng"
ERROR - 2020-05-31 10:36:17 --> Could not find the language line "Tải Excel"
ERROR - 2020-05-31 10:36:17 --> Could not find the language line "Đóng"
ERROR - 2020-05-31 10:36:17 --> Could not find the language line "Xác Nhận"
ERROR - 2020-05-31 10:36:17 --> Severity: Warning --> Invalid argument supplied for foreach() /home/admin/domains/spshd.com/public_html/khachhang/application/views/app.php 162
ERROR - 2020-05-31 10:36:17 --> Severity: Warning --> Invalid argument supplied for foreach() /home/admin/domains/spshd.com/public_html/khachhang/application/views/app.php 173
ERROR - 2020-05-31 10:36:17 --> Could not find the language line "Đóng"
ERROR - 2020-05-31 10:36:17 --> Could not find the language line "Xác Nhận"
ERROR - 2020-05-31 10:36:17 --> Could not find the language line "Đóng"
ERROR - 2020-05-31 10:36:17 --> Could not find the language line "Xác Nhận"
ERROR - 2020-05-31 10:36:17 --> Could not find the language line "Đóng"
ERROR - 2020-05-31 10:36:17 --> Could not find the language line "Tải"
ERROR - 2020-05-31 04:37:33 --> Could not find the language line "Email"
ERROR - 2020-05-31 04:37:33 --> Could not find the language line "password"
ERROR - 2020-05-31 10:39:54 --> Could not find the language line "Tạo Điểm Lấy Hàng"
ERROR - 2020-05-31 10:39:54 --> Could not find the language line "Tạo Đơn Hàng"
ERROR - 2020-05-31 10:39:54 --> Could not find the language line "Tải Excel"
ERROR - 2020-05-31 10:39:54 --> Could not find the language line "Đóng"
ERROR - 2020-05-31 10:39:54 --> Could not find the language line "Xác Nhận"
ERROR - 2020-05-31 10:39:54 --> Severity: Warning --> Invalid argument supplied for foreach() /home/admin/domains/spshd.com/public_html/khachhang/application/views/app.php 162
ERROR - 2020-05-31 10:39:54 --> Severity: Warning --> Invalid argument supplied for foreach() /home/admin/domains/spshd.com/public_html/khachhang/application/views/app.php 173
ERROR - 2020-05-31 10:39:54 --> Could not find the language line "Đóng"
ERROR - 2020-05-31 10:39:54 --> Could not find the language line "Xác Nhận"
ERROR - 2020-05-31 10:39:54 --> Could not find the language line "Đóng"
ERROR - 2020-05-31 10:39:54 --> Could not find the language line "Xác Nhận"
ERROR - 2020-05-31 10:39:54 --> Could not find the language line "Đóng"
ERROR - 2020-05-31 10:39:54 --> Could not find the language line "Tải"
ERROR - 2020-05-31 10:52:50 --> Could not find the language line "Tạo Điểm Lấy Hàng"
ERROR - 2020-05-31 10:52:50 --> Could not find the language line "Tạo Đơn Hàng"
ERROR - 2020-05-31 10:52:50 --> Could not find the language line "Tải Excel"
ERROR - 2020-05-31 10:52:50 --> Could not find the language line "Đóng"
ERROR - 2020-05-31 10:52:50 --> Could not find the language line "Xác Nhận"
ERROR - 2020-05-31 10:52:50 --> Severity: Warning --> Invalid argument supplied for foreach() /home/admin/domains/spshd.com/public_html/khachhang/application/views/app.php 162
ERROR - 2020-05-31 10:52:50 --> Severity: Warning --> Invalid argument supplied for foreach() /home/admin/domains/spshd.com/public_html/khachhang/application/views/app.php 173
ERROR - 2020-05-31 10:52:50 --> Could not find the language line "Đóng"
ERROR - 2020-05-31 10:52:50 --> Could not find the language line "Xác Nhận"
ERROR - 2020-05-31 10:52:50 --> Could not find the language line "Đóng"
ERROR - 2020-05-31 10:52:50 --> Could not find the language line "Xác Nhận"
ERROR - 2020-05-31 10:52:50 --> Could not find the language line "Đóng"
ERROR - 2020-05-31 10:52:50 --> Could not find the language line "Tải"
ERROR - 2020-05-31 10:52:51 --> Could not find the language line "Tạo Điểm Lấy Hàng"
ERROR - 2020-05-31 10:52:51 --> Could not find the language line "Tạo Đơn Hàng"
ERROR - 2020-05-31 10:52:51 --> Could not find the language line "Tải Excel"
ERROR - 2020-05-31 10:52:51 --> Could not find the language line "Đóng"
ERROR - 2020-05-31 10:52:51 --> Could not find the language line "Xác Nhận"
ERROR - 2020-05-31 10:52:51 --> Severity: Warning --> Invalid argument supplied for foreach() /home/admin/domains/spshd.com/public_html/khachhang/application/views/app.php 162
ERROR - 2020-05-31 10:52:51 --> Severity: Warning --> Invalid argument supplied for foreach() /home/admin/domains/spshd.com/public_html/khachhang/application/views/app.php 173
ERROR - 2020-05-31 10:52:51 --> Could not find the language line "Đóng"
ERROR - 2020-05-31 10:52:51 --> Could not find the language line "Xác Nhận"
ERROR - 2020-05-31 10:52:51 --> Could not find the language line "Đóng"
ERROR - 2020-05-31 10:52:51 --> Could not find the language line "Xác Nhận"
ERROR - 2020-05-31 10:52:51 --> Could not find the language line "Đóng"
ERROR - 2020-05-31 10:52:51 --> Could not find the language line "Tải"
ERROR - 2020-05-31 11:29:36 --> Could not find the language line "Tạo Điểm Lấy Hàng"
ERROR - 2020-05-31 11:29:36 --> Could not find the language line "Tạo Đơn Hàng"
ERROR - 2020-05-31 11:29:36 --> Could not find the language line "Tải Excel"
ERROR - 2020-05-31 11:29:36 --> Could not find the language line "Đóng"
ERROR - 2020-05-31 11:29:36 --> Could not find the language line "Xác Nhận"
ERROR - 2020-05-31 11:29:36 --> Severity: Warning --> Invalid argument supplied for foreach() /home/admin/domains/spshd.com/public_html/khachhang/application/views/app.php 162
ERROR - 2020-05-31 11:29:36 --> Severity: Warning --> Invalid argument supplied for foreach() /home/admin/domains/spshd.com/public_html/khachhang/application/views/app.php 173
ERROR - 2020-05-31 11:29:36 --> Could not find the language line "Đóng"
ERROR - 2020-05-31 11:29:36 --> Could not find the language line "Xác Nhận"
ERROR - 2020-05-31 11:29:36 --> Could not find the language line "Đóng"
ERROR - 2020-05-31 11:29:36 --> Could not find the language line "Xác Nhận"
ERROR - 2020-05-31 11:29:36 --> Could not find the language line "Đóng"
ERROR - 2020-05-31 11:29:36 --> Could not find the language line "Tải"
ERROR - 2020-05-31 11:29:36 --> Could not find the language line "Tạo Điểm Lấy Hàng"
ERROR - 2020-05-31 11:29:36 --> Could not find the language line "Tạo Đơn Hàng"
ERROR - 2020-05-31 11:29:36 --> Could not find the language line "Tải Excel"
ERROR - 2020-05-31 11:29:36 --> Could not find the language line "Đóng"
ERROR - 2020-05-31 11:29:36 --> Could not find the language line "Xác Nhận"
ERROR - 2020-05-31 11:29:36 --> Severity: Warning --> Invalid argument supplied for foreach() /home/admin/domains/spshd.com/public_html/khachhang/application/views/app.php 162
ERROR - 2020-05-31 11:29:36 --> Severity: Warning --> Invalid argument supplied for foreach() /home/admin/domains/spshd.com/public_html/khachhang/application/views/app.php 173
ERROR - 2020-05-31 11:29:36 --> Could not find the language line "Đóng"
ERROR - 2020-05-31 11:29:36 --> Could not find the language line "Xác Nhận"
ERROR - 2020-05-31 11:29:36 --> Could not find the language line "Đóng"
ERROR - 2020-05-31 11:29:36 --> Could not find the language line "Xác Nhận"
ERROR - 2020-05-31 11:29:36 --> Could not find the language line "Đóng"
ERROR - 2020-05-31 11:29:36 --> Could not find the language line "Tải"
ERROR - 2020-05-31 12:17:18 --> Could not find the language line "Tạo Điểm Lấy Hàng"
ERROR - 2020-05-31 12:17:18 --> Could not find the language line "Tạo Đơn Hàng"
ERROR - 2020-05-31 12:17:18 --> Could not find the language line "Tải Excel"
ERROR - 2020-05-31 12:17:18 --> Could not find the language line "Đóng"
ERROR - 2020-05-31 12:17:18 --> Could not find the language line "Xác Nhận"
ERROR - 2020-05-31 12:17:18 --> Severity: Warning --> Invalid argument supplied for foreach() /home/admin/domains/spshd.com/public_html/khachhang/application/views/app.php 162
ERROR - 2020-05-31 12:17:18 --> Severity: Warning --> Invalid argument supplied for foreach() /home/admin/domains/spshd.com/public_html/khachhang/application/views/app.php 173
ERROR - 2020-05-31 12:17:18 --> Could not find the language line "Đóng"
ERROR - 2020-05-31 12:17:18 --> Could not find the language line "Xác Nhận"
ERROR - 2020-05-31 12:17:18 --> Could not find the language line "Đóng"
ERROR - 2020-05-31 12:17:18 --> Could not find the language line "Xác Nhận"
ERROR - 2020-05-31 12:17:18 --> Could not find the language line "Đóng"
ERROR - 2020-05-31 12:17:18 --> Could not find the language line "Tải"
ERROR - 2020-05-31 13:39:18 --> Could not find the language line "Tạo Điểm Lấy Hàng"
ERROR - 2020-05-31 13:39:18 --> Could not find the language line "Tạo Đơn Hàng"
ERROR - 2020-05-31 13:39:18 --> Could not find the language line "Tải Excel"
ERROR - 2020-05-31 13:39:18 --> Could not find the language line "Đóng"
ERROR - 2020-05-31 13:39:18 --> Could not find the language line "Xác Nhận"
ERROR - 2020-05-31 13:39:18 --> Severity: Warning --> Invalid argument supplied for foreach() /home/admin/domains/spshd.com/public_html/khachhang/application/views/app.php 162
ERROR - 2020-05-31 13:39:18 --> Severity: Warning --> Invalid argument supplied for foreach() /home/admin/domains/spshd.com/public_html/khachhang/application/views/app.php 173
ERROR - 2020-05-31 13:39:18 --> Could not find the language line "Đóng"
ERROR - 2020-05-31 13:39:18 --> Could not find the language line "Xác Nhận"
ERROR - 2020-05-31 13:39:18 --> Could not find the language line "Đóng"
ERROR - 2020-05-31 13:39:18 --> Could not find the language line "Xác Nhận"
ERROR - 2020-05-31 13:39:18 --> Could not find the language line "Đóng"
ERROR - 2020-05-31 13:39:18 --> Could not find the language line "Tải"
ERROR - 2020-05-31 08:02:20 --> Could not find the language line "Email"
ERROR - 2020-05-31 08:02:20 --> Could not find the language line "password"
ERROR - 2020-05-31 14:39:20 --> Could not find the language line "Tạo Điểm Lấy Hàng"
ERROR - 2020-05-31 14:39:20 --> Could not find the language line "Tạo Đơn Hàng"
ERROR - 2020-05-31 14:39:20 --> Could not find the language line "Tải Excel"
ERROR - 2020-05-31 14:39:20 --> Could not find the language line "Đóng"
ERROR - 2020-05-31 14:39:20 --> Could not find the language line "Xác Nhận"
ERROR - 2020-05-31 14:39:20 --> Severity: Warning --> Invalid argument supplied for foreach() /home/admin/domains/spshd.com/public_html/khachhang/application/views/app.php 162
ERROR - 2020-05-31 14:39:20 --> Severity: Warning --> Invalid argument supplied for foreach() /home/admin/domains/spshd.com/public_html/khachhang/application/views/app.php 173
ERROR - 2020-05-31 14:39:20 --> Could not find the language line "Đóng"
ERROR - 2020-05-31 14:39:20 --> Could not find the language line "Xác Nhận"
ERROR - 2020-05-31 14:39:20 --> Could not find the language line "Đóng"
ERROR - 2020-05-31 14:39:20 --> Could not find the language line "Xác Nhận"
ERROR - 2020-05-31 14:39:20 --> Could not find the language line "Đóng"
ERROR - 2020-05-31 14:39:20 --> Could not find the language line "Tải"
ERROR - 2020-05-31 14:40:59 --> Could not find the language line "Tạo Điểm Lấy Hàng"
ERROR - 2020-05-31 14:40:59 --> Could not find the language line "Tạo Đơn Hàng"
ERROR - 2020-05-31 14:40:59 --> Could not find the language line "Tải Excel"
ERROR - 2020-05-31 14:40:59 --> Could not find the language line "Đóng"
ERROR - 2020-05-31 14:40:59 --> Could not find the language line "Xác Nhận"
ERROR - 2020-05-31 14:40:59 --> Severity: Warning --> Invalid argument supplied for foreach() /home/admin/domains/spshd.com/public_html/khachhang/application/views/app.php 162
ERROR - 2020-05-31 14:40:59 --> Severity: Warning --> Invalid argument supplied for foreach() /home/admin/domains/spshd.com/public_html/khachhang/application/views/app.php 173
ERROR - 2020-05-31 14:40:59 --> Could not find the language line "Đóng"
ERROR - 2020-05-31 14:40:59 --> Could not find the language line "Xác Nhận"
ERROR - 2020-05-31 14:40:59 --> Could not find the language line "Đóng"
ERROR - 2020-05-31 14:40:59 --> Could not find the language line "Xác Nhận"
ERROR - 2020-05-31 14:40:59 --> Could not find the language line "Đóng"
ERROR - 2020-05-31 14:40:59 --> Could not find the language line "Tải"
ERROR - 2020-05-31 14:45:13 --> Could not find the language line "Tạo Điểm Lấy Hàng"
ERROR - 2020-05-31 14:45:13 --> Could not find the language line "Tạo Đơn Hàng"
ERROR - 2020-05-31 14:45:13 --> Could not find the language line "Tải Excel"
ERROR - 2020-05-31 14:45:13 --> Could not find the language line "Đóng"
ERROR - 2020-05-31 14:45:13 --> Could not find the language line "Xác Nhận"
ERROR - 2020-05-31 14:45:13 --> Severity: Warning --> Invalid argument supplied for foreach() /home/admin/domains/spshd.com/public_html/khachhang/application/views/app.php 162
ERROR - 2020-05-31 14:45:13 --> Severity: Warning --> Invalid argument supplied for foreach() /home/admin/domains/spshd.com/public_html/khachhang/application/views/app.php 173
ERROR - 2020-05-31 14:45:13 --> Could not find the language line "Đóng"
ERROR - 2020-05-31 14:45:13 --> Could not find the language line "Xác Nhận"
ERROR - 2020-05-31 14:45:13 --> Could not find the language line "Đóng"
ERROR - 2020-05-31 14:45:13 --> Could not find the language line "Xác Nhận"
ERROR - 2020-05-31 14:45:13 --> Could not find the language line "Đóng"
ERROR - 2020-05-31 14:45:13 --> Could not find the language line "Tải"
ERROR - 2020-05-31 14:45:14 --> Could not find the language line "Tạo Điểm Lấy Hàng"
ERROR - 2020-05-31 14:45:14 --> Could not find the language line "Tạo Đơn Hàng"
ERROR - 2020-05-31 14:45:14 --> Could not find the language line "Tải Excel"
ERROR - 2020-05-31 14:45:14 --> Could not find the language line "Đóng"
ERROR - 2020-05-31 14:45:14 --> Could not find the language line "Xác Nhận"
ERROR - 2020-05-31 14:45:14 --> Severity: Warning --> Invalid argument supplied for foreach() /home/admin/domains/spshd.com/public_html/khachhang/application/views/app.php 162
ERROR - 2020-05-31 14:45:14 --> Severity: Warning --> Invalid argument supplied for foreach() /home/admin/domains/spshd.com/public_html/khachhang/application/views/app.php 173
ERROR - 2020-05-31 14:45:14 --> Could not find the language line "Đóng"
ERROR - 2020-05-31 14:45:14 --> Could not find the language line "Xác Nhận"
ERROR - 2020-05-31 14:45:14 --> Could not find the language line "Đóng"
ERROR - 2020-05-31 14:45:14 --> Could not find the language line "Xác Nhận"
ERROR - 2020-05-31 14:45:14 --> Could not find the language line "Đóng"
ERROR - 2020-05-31 14:45:14 --> Could not find the language line "Tải"
ERROR - 2020-05-31 14:46:59 --> Could not find the language line "Tạo Điểm Lấy Hàng"
ERROR - 2020-05-31 14:46:59 --> Could not find the language line "Tạo Đơn Hàng"
ERROR - 2020-05-31 14:46:59 --> Could not find the language line "Tải Excel"
ERROR - 2020-05-31 14:46:59 --> Could not find the language line "Đóng"
ERROR - 2020-05-31 14:46:59 --> Could not find the language line "Xác Nhận"
ERROR - 2020-05-31 14:46:59 --> Severity: Warning --> Invalid argument supplied for foreach() /home/admin/domains/spshd.com/public_html/khachhang/application/views/app.php 162
ERROR - 2020-05-31 14:46:59 --> Severity: Warning --> Invalid argument supplied for foreach() /home/admin/domains/spshd.com/public_html/khachhang/application/views/app.php 173
ERROR - 2020-05-31 14:46:59 --> Could not find the language line "Đóng"
ERROR - 2020-05-31 14:46:59 --> Could not find the language line "Xác Nhận"
ERROR - 2020-05-31 14:46:59 --> Could not find the language line "Đóng"
ERROR - 2020-05-31 14:46:59 --> Could not find the language line "Xác Nhận"
ERROR - 2020-05-31 14:46:59 --> Could not find the language line "Đóng"
ERROR - 2020-05-31 14:46:59 --> Could not find the language line "Tải"
ERROR - 2020-05-31 14:59:03 --> Could not find the language line "Tạo Điểm Lấy Hàng"
ERROR - 2020-05-31 14:59:03 --> Could not find the language line "Tạo Đơn Hàng"
ERROR - 2020-05-31 14:59:03 --> Could not find the language line "Tải Excel"
ERROR - 2020-05-31 14:59:03 --> Could not find the language line "Đóng"
ERROR - 2020-05-31 14:59:03 --> Could not find the language line "Xác Nhận"
ERROR - 2020-05-31 14:59:03 --> Severity: Warning --> Invalid argument supplied for foreach() /home/admin/domains/spshd.com/public_html/khachhang/application/views/app.php 162
ERROR - 2020-05-31 14:59:03 --> Severity: Warning --> Invalid argument supplied for foreach() /home/admin/domains/spshd.com/public_html/khachhang/application/views/app.php 173
ERROR - 2020-05-31 14:59:03 --> Could not find the language line "Đóng"
ERROR - 2020-05-31 14:59:03 --> Could not find the language line "Xác Nhận"
ERROR - 2020-05-31 14:59:03 --> Could not find the language line "Đóng"
ERROR - 2020-05-31 14:59:03 --> Could not find the language line "Xác Nhận"
ERROR - 2020-05-31 14:59:03 --> Could not find the language line "Đóng"
ERROR - 2020-05-31 14:59:03 --> Could not find the language line "Tải"
ERROR - 2020-05-31 14:59:30 --> Could not find the language line "Tạo Điểm Lấy Hàng"
ERROR - 2020-05-31 14:59:30 --> Could not find the language line "Tạo Đơn Hàng"
ERROR - 2020-05-31 14:59:30 --> Could not find the language line "Tải Excel"
ERROR - 2020-05-31 14:59:30 --> Could not find the language line "Đóng"
ERROR - 2020-05-31 14:59:30 --> Could not find the language line "Xác Nhận"
ERROR - 2020-05-31 14:59:30 --> Severity: Warning --> Invalid argument supplied for foreach() /home/admin/domains/spshd.com/public_html/khachhang/application/views/app.php 162
ERROR - 2020-05-31 14:59:30 --> Severity: Warning --> Invalid argument supplied for foreach() /home/admin/domains/spshd.com/public_html/khachhang/application/views/app.php 173
ERROR - 2020-05-31 14:59:30 --> Could not find the language line "Đóng"
ERROR - 2020-05-31 14:59:30 --> Could not find the language line "Xác Nhận"
ERROR - 2020-05-31 14:59:30 --> Could not find the language line "Đóng"
ERROR - 2020-05-31 14:59:30 --> Could not find the language line "Xác Nhận"
ERROR - 2020-05-31 14:59:30 --> Could not find the language line "Đóng"
ERROR - 2020-05-31 14:59:30 --> Could not find the language line "Tải"
ERROR - 2020-05-31 15:04:05 --> Could not find the language line "Tạo Điểm Lấy Hàng"
ERROR - 2020-05-31 15:04:05 --> Could not find the language line "Tạo Đơn Hàng"
ERROR - 2020-05-31 15:04:05 --> Could not find the language line "Tải Excel"
ERROR - 2020-05-31 15:04:05 --> Could not find the language line "Đóng"
ERROR - 2020-05-31 15:04:05 --> Could not find the language line "Xác Nhận"
ERROR - 2020-05-31 15:04:05 --> Severity: Warning --> Invalid argument supplied for foreach() /home/admin/domains/spshd.com/public_html/khachhang/application/views/app.php 162
ERROR - 2020-05-31 15:04:05 --> Severity: Warning --> Invalid argument supplied for foreach() /home/admin/domains/spshd.com/public_html/khachhang/application/views/app.php 173
ERROR - 2020-05-31 15:04:05 --> Could not find the language line "Đóng"
ERROR - 2020-05-31 15:04:05 --> Could not find the language line "Xác Nhận"
ERROR - 2020-05-31 15:04:05 --> Could not find the language line "Đóng"
ERROR - 2020-05-31 15:04:05 --> Could not find the language line "Xác Nhận"
ERROR - 2020-05-31 15:04:05 --> Could not find the language line "Đóng"
ERROR - 2020-05-31 15:04:05 --> Could not find the language line "Tải"
ERROR - 2020-05-31 15:08:20 --> Could not find the language line "Tạo Điểm Lấy Hàng"
ERROR - 2020-05-31 15:08:20 --> Could not find the language line "Tạo Đơn Hàng"
ERROR - 2020-05-31 15:08:20 --> Could not find the language line "Tải Excel"
ERROR - 2020-05-31 15:08:20 --> Could not find the language line "Đóng"
ERROR - 2020-05-31 15:08:20 --> Could not find the language line "Xác Nhận"
ERROR - 2020-05-31 15:08:20 --> Severity: Warning --> Invalid argument supplied for foreach() /home/admin/domains/spshd.com/public_html/khachhang/application/views/app.php 162
ERROR - 2020-05-31 15:08:20 --> Severity: Warning --> Invalid argument supplied for foreach() /home/admin/domains/spshd.com/public_html/khachhang/application/views/app.php 173
ERROR - 2020-05-31 15:08:20 --> Could not find the language line "Đóng"
ERROR - 2020-05-31 15:08:20 --> Could not find the language line "Xác Nhận"
ERROR - 2020-05-31 15:08:20 --> Could not find the language line "Đóng"
ERROR - 2020-05-31 15:08:20 --> Could not find the language line "Xác Nhận"
ERROR - 2020-05-31 15:08:20 --> Could not find the language line "Đóng"
ERROR - 2020-05-31 15:08:20 --> Could not find the language line "Tải"
ERROR - 2020-05-31 15:12:24 --> Could not find the language line "Tạo Điểm Lấy Hàng"
ERROR - 2020-05-31 15:12:24 --> Could not find the language line "Tạo Đơn Hàng"
ERROR - 2020-05-31 15:12:24 --> Could not find the language line "Tải Excel"
ERROR - 2020-05-31 15:12:24 --> Could not find the language line "Đóng"
ERROR - 2020-05-31 15:12:24 --> Could not find the language line "Xác Nhận"
ERROR - 2020-05-31 15:12:24 --> Severity: Warning --> Invalid argument supplied for foreach() /home/admin/domains/spshd.com/public_html/khachhang/application/views/app.php 162
ERROR - 2020-05-31 15:12:24 --> Severity: Warning --> Invalid argument supplied for foreach() /home/admin/domains/spshd.com/public_html/khachhang/application/views/app.php 173
ERROR - 2020-05-31 15:12:24 --> Could not find the language line "Đóng"
ERROR - 2020-05-31 15:12:24 --> Could not find the language line "Xác Nhận"
ERROR - 2020-05-31 15:12:24 --> Could not find the language line "Đóng"
ERROR - 2020-05-31 15:12:24 --> Could not find the language line "Xác Nhận"
ERROR - 2020-05-31 15:12:24 --> Could not find the language line "Đóng"
ERROR - 2020-05-31 15:12:24 --> Could not find the language line "Tải"
ERROR - 2020-05-31 15:14:55 --> Could not find the language line "Tạo Điểm Lấy Hàng"
ERROR - 2020-05-31 15:14:55 --> Could not find the language line "Tạo Đơn Hàng"
ERROR - 2020-05-31 15:14:55 --> Could not find the language line "Tải Excel"
ERROR - 2020-05-31 15:14:55 --> Could not find the language line "Đóng"
ERROR - 2020-05-31 15:14:55 --> Could not find the language line "Xác Nhận"
ERROR - 2020-05-31 15:14:55 --> Severity: Warning --> Invalid argument supplied for foreach() /home/admin/domains/spshd.com/public_html/khachhang/application/views/app.php 162
ERROR - 2020-05-31 15:14:55 --> Severity: Warning --> Invalid argument supplied for foreach() /home/admin/domains/spshd.com/public_html/khachhang/application/views/app.php 173
ERROR - 2020-05-31 15:14:55 --> Could not find the language line "Đóng"
ERROR - 2020-05-31 15:14:55 --> Could not find the language line "Xác Nhận"
ERROR - 2020-05-31 15:14:55 --> Could not find the language line "Đóng"
ERROR - 2020-05-31 15:14:55 --> Could not find the language line "Xác Nhận"
ERROR - 2020-05-31 15:14:55 --> Could not find the language line "Đóng"
ERROR - 2020-05-31 15:14:55 --> Could not find the language line "Tải"
ERROR - 2020-05-31 15:21:51 --> Could not find the language line "Tạo Điểm Lấy Hàng"
ERROR - 2020-05-31 15:21:51 --> Could not find the language line "Tạo Đơn Hàng"
ERROR - 2020-05-31 15:21:51 --> Could not find the language line "Tải Excel"
ERROR - 2020-05-31 15:21:51 --> Could not find the language line "Đóng"
ERROR - 2020-05-31 15:21:51 --> Could not find the language line "Xác Nhận"
ERROR - 2020-05-31 15:21:51 --> Severity: Warning --> Invalid argument supplied for foreach() /home/admin/domains/spshd.com/public_html/khachhang/application/views/app.php 162
ERROR - 2020-05-31 15:21:51 --> Severity: Warning --> Invalid argument supplied for foreach() /home/admin/domains/spshd.com/public_html/khachhang/application/views/app.php 173
ERROR - 2020-05-31 15:21:51 --> Could not find the language line "Đóng"
ERROR - 2020-05-31 15:21:51 --> Could not find the language line "Xác Nhận"
ERROR - 2020-05-31 15:21:51 --> Could not find the language line "Đóng"
ERROR - 2020-05-31 15:21:51 --> Could not find the language line "Xác Nhận"
ERROR - 2020-05-31 15:21:51 --> Could not find the language line "Đóng"
ERROR - 2020-05-31 15:21:51 --> Could not find the language line "Tải"
ERROR - 2020-05-31 15:28:18 --> Could not find the language line "Tạo Điểm Lấy Hàng"
ERROR - 2020-05-31 15:28:18 --> Could not find the language line "Tạo Đơn Hàng"
ERROR - 2020-05-31 15:28:18 --> Could not find the language line "Tải Excel"
ERROR - 2020-05-31 15:28:18 --> Could not find the language line "Đóng"
ERROR - 2020-05-31 15:28:18 --> Could not find the language line "Xác Nhận"
ERROR - 2020-05-31 15:28:18 --> Severity: Warning --> Invalid argument supplied for foreach() /home/admin/domains/spshd.com/public_html/khachhang/application/views/app.php 162
ERROR - 2020-05-31 15:28:18 --> Severity: Warning --> Invalid argument supplied for foreach() /home/admin/domains/spshd.com/public_html/khachhang/application/views/app.php 173
ERROR - 2020-05-31 15:28:18 --> Could not find the language line "Đóng"
ERROR - 2020-05-31 15:28:18 --> Could not find the language line "Xác Nhận"
ERROR - 2020-05-31 15:28:18 --> Could not find the language line "Đóng"
ERROR - 2020-05-31 15:28:18 --> Could not find the language line "Xác Nhận"
ERROR - 2020-05-31 15:28:18 --> Could not find the language line "Đóng"
ERROR - 2020-05-31 15:28:18 --> Could not find the language line "Tải"
ERROR - 2020-05-31 15:34:11 --> Could not find the language line "Tạo Điểm Lấy Hàng"
ERROR - 2020-05-31 15:34:11 --> Could not find the language line "Tạo Đơn Hàng"
ERROR - 2020-05-31 15:34:11 --> Could not find the language line "Tải Excel"
ERROR - 2020-05-31 15:34:11 --> Could not find the language line "Đóng"
ERROR - 2020-05-31 15:34:11 --> Could not find the language line "Xác Nhận"
ERROR - 2020-05-31 15:34:11 --> Severity: Warning --> Invalid argument supplied for foreach() /home/admin/domains/spshd.com/public_html/khachhang/application/views/app.php 162
ERROR - 2020-05-31 15:34:11 --> Severity: Warning --> Invalid argument supplied for foreach() /home/admin/domains/spshd.com/public_html/khachhang/application/views/app.php 173
ERROR - 2020-05-31 15:34:11 --> Could not find the language line "Đóng"
ERROR - 2020-05-31 15:34:11 --> Could not find the language line "Xác Nhận"
ERROR - 2020-05-31 15:34:11 --> Could not find the language line "Đóng"
ERROR - 2020-05-31 15:34:11 --> Could not find the language line "Xác Nhận"
ERROR - 2020-05-31 15:34:11 --> Could not find the language line "Đóng"
ERROR - 2020-05-31 15:34:11 --> Could not find the language line "Tải"
ERROR - 2020-05-31 15:38:29 --> Could not find the language line "Tạo Điểm Lấy Hàng"
ERROR - 2020-05-31 15:38:29 --> Could not find the language line "Tạo Đơn Hàng"
ERROR - 2020-05-31 15:38:29 --> Could not find the language line "Tải Excel"
ERROR - 2020-05-31 15:38:29 --> Could not find the language line "Đóng"
ERROR - 2020-05-31 15:38:29 --> Could not find the language line "Xác Nhận"
ERROR - 2020-05-31 15:38:29 --> Severity: Warning --> Invalid argument supplied for foreach() /home/admin/domains/spshd.com/public_html/khachhang/application/views/app.php 162
ERROR - 2020-05-31 15:38:29 --> Severity: Warning --> Invalid argument supplied for foreach() /home/admin/domains/spshd.com/public_html/khachhang/application/views/app.php 173
ERROR - 2020-05-31 15:38:29 --> Could not find the language line "Đóng"
ERROR - 2020-05-31 15:38:29 --> Could not find the language line "Xác Nhận"
ERROR - 2020-05-31 15:38:29 --> Could not find the language line "Đóng"
ERROR - 2020-05-31 15:38:29 --> Could not find the language line "Xác Nhận"
ERROR - 2020-05-31 15:38:29 --> Could not find the language line "Đóng"
ERROR - 2020-05-31 15:38:29 --> Could not find the language line "Tải"
ERROR - 2020-05-31 15:38:29 --> Could not find the language line "Tạo Điểm Lấy Hàng"
ERROR - 2020-05-31 15:38:29 --> Could not find the language line "Tạo Đơn Hàng"
ERROR - 2020-05-31 15:38:29 --> Could not find the language line "Tải Excel"
ERROR - 2020-05-31 15:38:29 --> Could not find the language line "Đóng"
ERROR - 2020-05-31 15:38:29 --> Could not find the language line "Xác Nhận"
ERROR - 2020-05-31 15:38:29 --> Severity: Warning --> Invalid argument supplied for foreach() /home/admin/domains/spshd.com/public_html/khachhang/application/views/app.php 162
ERROR - 2020-05-31 15:38:29 --> Severity: Warning --> Invalid argument supplied for foreach() /home/admin/domains/spshd.com/public_html/khachhang/application/views/app.php 173
ERROR - 2020-05-31 15:38:29 --> Could not find the language line "Đóng"
ERROR - 2020-05-31 15:38:29 --> Could not find the language line "Xác Nhận"
ERROR - 2020-05-31 15:38:29 --> Could not find the language line "Đóng"
ERROR - 2020-05-31 15:38:29 --> Could not find the language line "Xác Nhận"
ERROR - 2020-05-31 15:38:29 --> Could not find the language line "Đóng"
ERROR - 2020-05-31 15:38:29 --> Could not find the language line "Tải"
ERROR - 2020-05-31 16:17:03 --> Could not find the language line "Tạo Điểm Lấy Hàng"
ERROR - 2020-05-31 16:17:03 --> Could not find the language line "Tạo Đơn Hàng"
ERROR - 2020-05-31 16:17:03 --> Could not find the language line "Tải Excel"
ERROR - 2020-05-31 16:17:03 --> Could not find the language line "Đóng"
ERROR - 2020-05-31 16:17:03 --> Could not find the language line "Xác Nhận"
ERROR - 2020-05-31 16:17:03 --> Severity: Warning --> Invalid argument supplied for foreach() /home/admin/domains/spshd.com/public_html/khachhang/application/views/app.php 162
ERROR - 2020-05-31 16:17:03 --> Severity: Warning --> Invalid argument supplied for foreach() /home/admin/domains/spshd.com/public_html/khachhang/application/views/app.php 173
ERROR - 2020-05-31 16:17:03 --> Could not find the language line "Đóng"
ERROR - 2020-05-31 16:17:03 --> Could not find the language line "Xác Nhận"
ERROR - 2020-05-31 16:17:03 --> Could not find the language line "Đóng"
ERROR - 2020-05-31 16:17:03 --> Could not find the language line "Xác Nhận"
ERROR - 2020-05-31 16:17:03 --> Could not find the language line "Đóng"
ERROR - 2020-05-31 16:17:03 --> Could not find the language line "Tải"
ERROR - 2020-05-31 16:17:03 --> Could not find the language line "Tạo Điểm Lấy Hàng"
ERROR - 2020-05-31 16:17:03 --> Could not find the language line "Tạo Đơn Hàng"
ERROR - 2020-05-31 16:17:03 --> Could not find the language line "Tải Excel"
ERROR - 2020-05-31 16:17:03 --> Could not find the language line "Đóng"
ERROR - 2020-05-31 16:17:03 --> Could not find the language line "Xác Nhận"
ERROR - 2020-05-31 16:17:03 --> Severity: Warning --> Invalid argument supplied for foreach() /home/admin/domains/spshd.com/public_html/khachhang/application/views/app.php 162
ERROR - 2020-05-31 16:17:03 --> Severity: Warning --> Invalid argument supplied for foreach() /home/admin/domains/spshd.com/public_html/khachhang/application/views/app.php 173
ERROR - 2020-05-31 16:17:03 --> Could not find the language line "Đóng"
ERROR - 2020-05-31 16:17:03 --> Could not find the language line "Xác Nhận"
ERROR - 2020-05-31 16:17:03 --> Could not find the language line "Đóng"
ERROR - 2020-05-31 16:17:03 --> Could not find the language line "Xác Nhận"
ERROR - 2020-05-31 16:17:03 --> Could not find the language line "Đóng"
ERROR - 2020-05-31 16:17:03 --> Could not find the language line "Tải"
ERROR - 2020-05-31 11:27:59 --> Could not find the language line "Email"
ERROR - 2020-05-31 11:27:59 --> Could not find the language line "password"
ERROR - 2020-05-31 11:28:49 --> Could not find the language line "Email"
ERROR - 2020-05-31 11:28:49 --> Could not find the language line "password"
ERROR - 2020-05-31 17:46:10 --> Could not find the language line "Tạo Điểm Lấy Hàng"
ERROR - 2020-05-31 17:46:10 --> Could not find the language line "Tạo Đơn Hàng"
ERROR - 2020-05-31 17:46:10 --> Could not find the language line "Tải Excel"
ERROR - 2020-05-31 17:46:10 --> Could not find the language line "Đóng"
ERROR - 2020-05-31 17:46:10 --> Could not find the language line "Xác Nhận"
ERROR - 2020-05-31 17:46:10 --> Severity: Warning --> Invalid argument supplied for foreach() /home/admin/domains/spshd.com/public_html/khachhang/application/views/app.php 162
ERROR - 2020-05-31 17:46:10 --> Severity: Warning --> Invalid argument supplied for foreach() /home/admin/domains/spshd.com/public_html/khachhang/application/views/app.php 173
ERROR - 2020-05-31 17:46:10 --> Could not find the language line "Đóng"
ERROR - 2020-05-31 17:46:10 --> Could not find the language line "Xác Nhận"
ERROR - 2020-05-31 17:46:10 --> Could not find the language line "Đóng"
ERROR - 2020-05-31 17:46:10 --> Could not find the language line "Xác Nhận"
ERROR - 2020-05-31 17:46:10 --> Could not find the language line "Đóng"
ERROR - 2020-05-31 17:46:10 --> Could not find the language line "Tải"
ERROR - 2020-05-31 11:50:53 --> Could not find the language line "Email"
ERROR - 2020-05-31 11:50:53 --> Could not find the language line "password"
ERROR - 2020-05-31 17:50:56 --> Could not find the language line "Tạo Điểm Lấy Hàng"
ERROR - 2020-05-31 17:50:56 --> Could not find the language line "Tạo Đơn Hàng"
ERROR - 2020-05-31 17:50:56 --> Could not find the language line "Tải Excel"
ERROR - 2020-05-31 17:50:56 --> Could not find the language line "Đóng"
ERROR - 2020-05-31 17:50:56 --> Could not find the language line "Xác Nhận"
ERROR - 2020-05-31 17:50:56 --> Severity: Warning --> Invalid argument supplied for foreach() /home/admin/domains/spshd.com/public_html/khachhang/application/views/app.php 162
ERROR - 2020-05-31 17:50:56 --> Severity: Warning --> Invalid argument supplied for foreach() /home/admin/domains/spshd.com/public_html/khachhang/application/views/app.php 173
ERROR - 2020-05-31 17:50:56 --> Could not find the language line "Đóng"
ERROR - 2020-05-31 17:50:56 --> Could not find the language line "Xác Nhận"
ERROR - 2020-05-31 17:50:56 --> Could not find the language line "Đóng"
ERROR - 2020-05-31 17:50:56 --> Could not find the language line "Xác Nhận"
ERROR - 2020-05-31 17:50:56 --> Could not find the language line "Đóng"
ERROR - 2020-05-31 17:50:56 --> Could not find the language line "Tải"
ERROR - 2020-05-31 11:54:51 --> Could not find the language line "Email"
ERROR - 2020-05-31 11:54:51 --> Could not find the language line "password"
ERROR - 2020-05-31 18:20:21 --> Could not find the language line "Tạo Điểm Lấy Hàng"
ERROR - 2020-05-31 18:20:21 --> Could not find the language line "Tạo Đơn Hàng"
ERROR - 2020-05-31 18:20:21 --> Could not find the language line "Tải Excel"
ERROR - 2020-05-31 18:20:21 --> Could not find the language line "Đóng"
ERROR - 2020-05-31 18:20:21 --> Could not find the language line "Xác Nhận"
ERROR - 2020-05-31 18:20:21 --> Severity: Warning --> Invalid argument supplied for foreach() /home/admin/domains/spshd.com/public_html/khachhang/application/views/app.php 162
ERROR - 2020-05-31 18:20:21 --> Severity: Warning --> Invalid argument supplied for foreach() /home/admin/domains/spshd.com/public_html/khachhang/application/views/app.php 173
ERROR - 2020-05-31 18:20:21 --> Could not find the language line "Đóng"
ERROR - 2020-05-31 18:20:21 --> Could not find the language line "Xác Nhận"
ERROR - 2020-05-31 18:20:21 --> Could not find the language line "Đóng"
ERROR - 2020-05-31 18:20:21 --> Could not find the language line "Xác Nhận"
ERROR - 2020-05-31 18:20:21 --> Could not find the language line "Đóng"
ERROR - 2020-05-31 18:20:21 --> Could not find the language line "Tải"
ERROR - 2020-05-31 18:20:21 --> Could not find the language line "Tạo Điểm Lấy Hàng"
ERROR - 2020-05-31 18:20:21 --> Could not find the language line "Tạo Đơn Hàng"
ERROR - 2020-05-31 18:20:21 --> Could not find the language line "Tải Excel"
ERROR - 2020-05-31 18:20:21 --> Could not find the language line "Đóng"
ERROR - 2020-05-31 18:20:21 --> Could not find the language line "Xác Nhận"
ERROR - 2020-05-31 18:20:21 --> Severity: Warning --> Invalid argument supplied for foreach() /home/admin/domains/spshd.com/public_html/khachhang/application/views/app.php 162
ERROR - 2020-05-31 18:20:21 --> Severity: Warning --> Invalid argument supplied for foreach() /home/admin/domains/spshd.com/public_html/khachhang/application/views/app.php 173
ERROR - 2020-05-31 18:20:21 --> Could not find the language line "Đóng"
ERROR - 2020-05-31 18:20:21 --> Could not find the language line "Xác Nhận"
ERROR - 2020-05-31 18:20:21 --> Could not find the language line "Đóng"
ERROR - 2020-05-31 18:20:21 --> Could not find the language line "Xác Nhận"
ERROR - 2020-05-31 18:20:21 --> Could not find the language line "Đóng"
ERROR - 2020-05-31 18:20:21 --> Could not find the language line "Tải"
ERROR - 2020-05-31 18:21:15 --> Could not find the language line "Tạo Điểm Lấy Hàng"
ERROR - 2020-05-31 18:21:15 --> Could not find the language line "Tạo Đơn Hàng"
ERROR - 2020-05-31 18:21:15 --> Could not find the language line "Tải Excel"
ERROR - 2020-05-31 18:21:15 --> Could not find the language line "Đóng"
ERROR - 2020-05-31 18:21:15 --> Could not find the language line "Xác Nhận"
ERROR - 2020-05-31 18:21:15 --> Severity: Warning --> Invalid argument supplied for foreach() /home/admin/domains/spshd.com/public_html/khachhang/application/views/app.php 162
ERROR - 2020-05-31 18:21:15 --> Severity: Warning --> Invalid argument supplied for foreach() /home/admin/domains/spshd.com/public_html/khachhang/application/views/app.php 173
ERROR - 2020-05-31 18:21:15 --> Could not find the language line "Đóng"
ERROR - 2020-05-31 18:21:15 --> Could not find the language line "Xác Nhận"
ERROR - 2020-05-31 18:21:15 --> Could not find the language line "Đóng"
ERROR - 2020-05-31 18:21:15 --> Could not find the language line "Xác Nhận"
ERROR - 2020-05-31 18:21:15 --> Could not find the language line "Đóng"
ERROR - 2020-05-31 18:21:15 --> Could not find the language line "Tải"
ERROR - 2020-05-31 18:22:29 --> Could not find the language line "Tạo Điểm Lấy Hàng"
ERROR - 2020-05-31 18:22:29 --> Could not find the language line "Tạo Đơn Hàng"
ERROR - 2020-05-31 18:22:29 --> Could not find the language line "Tải Excel"
ERROR - 2020-05-31 18:22:29 --> Could not find the language line "Đóng"
ERROR - 2020-05-31 18:22:29 --> Could not find the language line "Xác Nhận"
ERROR - 2020-05-31 18:22:29 --> Severity: Warning --> Invalid argument supplied for foreach() /home/admin/domains/spshd.com/public_html/khachhang/application/views/app.php 162
ERROR - 2020-05-31 18:22:29 --> Severity: Warning --> Invalid argument supplied for foreach() /home/admin/domains/spshd.com/public_html/khachhang/application/views/app.php 173
ERROR - 2020-05-31 18:22:29 --> Could not find the language line "Đóng"
ERROR - 2020-05-31 18:22:29 --> Could not find the language line "Xác Nhận"
ERROR - 2020-05-31 18:22:29 --> Could not find the language line "Đóng"
ERROR - 2020-05-31 18:22:29 --> Could not find the language line "Xác Nhận"
ERROR - 2020-05-31 18:22:29 --> Could not find the language line "Đóng"
ERROR - 2020-05-31 18:22:29 --> Could not find the language line "Tải"
ERROR - 2020-05-31 18:28:54 --> Could not find the language line "Tạo Điểm Lấy Hàng"
ERROR - 2020-05-31 18:28:54 --> Could not find the language line "Tạo Đơn Hàng"
ERROR - 2020-05-31 18:28:54 --> Could not find the language line "Tải Excel"
ERROR - 2020-05-31 18:28:54 --> Could not find the language line "Đóng"
ERROR - 2020-05-31 18:28:54 --> Could not find the language line "Xác Nhận"
ERROR - 2020-05-31 18:28:54 --> Severity: Warning --> Invalid argument supplied for foreach() /home/admin/domains/spshd.com/public_html/khachhang/application/views/app.php 162
ERROR - 2020-05-31 18:28:54 --> Severity: Warning --> Invalid argument supplied for foreach() /home/admin/domains/spshd.com/public_html/khachhang/application/views/app.php 173
ERROR - 2020-05-31 18:28:54 --> Could not find the language line "Đóng"
ERROR - 2020-05-31 18:28:54 --> Could not find the language line "Xác Nhận"
ERROR - 2020-05-31 18:28:54 --> Could not find the language line "Đóng"
ERROR - 2020-05-31 18:28:54 --> Could not find the language line "Xác Nhận"
ERROR - 2020-05-31 18:28:54 --> Could not find the language line "Đóng"
ERROR - 2020-05-31 18:28:54 --> Could not find the language line "Tải"
ERROR - 2020-05-31 19:16:15 --> Could not find the language line "Tạo Điểm Lấy Hàng"
ERROR - 2020-05-31 19:16:15 --> Could not find the language line "Tạo Đơn Hàng"
ERROR - 2020-05-31 19:16:15 --> Could not find the language line "Tải Excel"
ERROR - 2020-05-31 19:16:15 --> Could not find the language line "Đóng"
ERROR - 2020-05-31 19:16:15 --> Could not find the language line "Xác Nhận"
ERROR - 2020-05-31 19:16:15 --> Severity: Warning --> Invalid argument supplied for foreach() /home/admin/domains/spshd.com/public_html/khachhang/application/views/app.php 162
ERROR - 2020-05-31 19:16:15 --> Severity: Warning --> Invalid argument supplied for foreach() /home/admin/domains/spshd.com/public_html/khachhang/application/views/app.php 173
ERROR - 2020-05-31 19:16:15 --> Could not find the language line "Đóng"
ERROR - 2020-05-31 19:16:15 --> Could not find the language line "Xác Nhận"
ERROR - 2020-05-31 19:16:15 --> Could not find the language line "Đóng"
ERROR - 2020-05-31 19:16:15 --> Could not find the language line "Xác Nhận"
ERROR - 2020-05-31 19:16:15 --> Could not find the language line "Đóng"
ERROR - 2020-05-31 19:16:15 --> Could not find the language line "Tải"
ERROR - 2020-05-31 20:31:33 --> Could not find the language line "Tạo Điểm Lấy Hàng"
ERROR - 2020-05-31 20:31:33 --> Could not find the language line "Tạo Đơn Hàng"
ERROR - 2020-05-31 20:31:33 --> Could not find the language line "Tải Excel"
ERROR - 2020-05-31 20:31:33 --> Could not find the language line "Đóng"
ERROR - 2020-05-31 20:31:33 --> Could not find the language line "Xác Nhận"
ERROR - 2020-05-31 20:31:33 --> Severity: Warning --> Invalid argument supplied for foreach() /home/admin/domains/spshd.com/public_html/khachhang/application/views/app.php 162
ERROR - 2020-05-31 20:31:33 --> Severity: Warning --> Invalid argument supplied for foreach() /home/admin/domains/spshd.com/public_html/khachhang/application/views/app.php 173
ERROR - 2020-05-31 20:31:33 --> Could not find the language line "Đóng"
ERROR - 2020-05-31 20:31:33 --> Could not find the language line "Xác Nhận"
ERROR - 2020-05-31 20:31:33 --> Could not find the language line "Đóng"
ERROR - 2020-05-31 20:31:33 --> Could not find the language line "Xác Nhận"
ERROR - 2020-05-31 20:31:33 --> Could not find the language line "Đóng"
ERROR - 2020-05-31 20:31:33 --> Could not find the language line "Tải"
ERROR - 2020-05-31 20:31:33 --> Could not find the language line "Tạo Điểm Lấy Hàng"
ERROR - 2020-05-31 20:31:33 --> Could not find the language line "Tạo Đơn Hàng"
ERROR - 2020-05-31 20:31:33 --> Could not find the language line "Tải Excel"
ERROR - 2020-05-31 20:31:33 --> Could not find the language line "Đóng"
ERROR - 2020-05-31 20:31:33 --> Could not find the language line "Xác Nhận"
ERROR - 2020-05-31 20:31:33 --> Severity: Warning --> Invalid argument supplied for foreach() /home/admin/domains/spshd.com/public_html/khachhang/application/views/app.php 162
ERROR - 2020-05-31 20:31:33 --> Severity: Warning --> Invalid argument supplied for foreach() /home/admin/domains/spshd.com/public_html/khachhang/application/views/app.php 173
ERROR - 2020-05-31 20:31:33 --> Could not find the language line "Đóng"
ERROR - 2020-05-31 20:31:33 --> Could not find the language line "Xác Nhận"
ERROR - 2020-05-31 20:31:33 --> Could not find the language line "Đóng"
ERROR - 2020-05-31 20:31:33 --> Could not find the language line "Xác Nhận"
ERROR - 2020-05-31 20:31:33 --> Could not find the language line "Đóng"
ERROR - 2020-05-31 20:31:33 --> Could not find the language line "Tải"
ERROR - 2020-05-31 21:15:19 --> Could not find the language line "Tạo Điểm Lấy Hàng"
ERROR - 2020-05-31 21:15:19 --> Could not find the language line "Tạo Đơn Hàng"
ERROR - 2020-05-31 21:15:19 --> Could not find the language line "Tải Excel"
ERROR - 2020-05-31 21:15:19 --> Could not find the language line "Đóng"
ERROR - 2020-05-31 21:15:19 --> Could not find the language line "Xác Nhận"
ERROR - 2020-05-31 21:15:19 --> Severity: Warning --> Invalid argument supplied for foreach() /home/admin/domains/spshd.com/public_html/khachhang/application/views/app.php 162
ERROR - 2020-05-31 21:15:19 --> Severity: Warning --> Invalid argument supplied for foreach() /home/admin/domains/spshd.com/public_html/khachhang/application/views/app.php 173
ERROR - 2020-05-31 21:15:19 --> Could not find the language line "Đóng"
ERROR - 2020-05-31 21:15:19 --> Could not find the language line "Xác Nhận"
ERROR - 2020-05-31 21:15:19 --> Could not find the language line "Đóng"
ERROR - 2020-05-31 21:15:19 --> Could not find the language line "Xác Nhận"
ERROR - 2020-05-31 21:15:19 --> Could not find the language line "Đóng"
ERROR - 2020-05-31 21:15:19 --> Could not find the language line "Tải"
ERROR - 2020-05-31 22:28:58 --> Could not find the language line "Tạo Điểm Lấy Hàng"
ERROR - 2020-05-31 22:28:58 --> Could not find the language line "Tạo Đơn Hàng"
ERROR - 2020-05-31 22:28:58 --> Could not find the language line "Tải Excel"
ERROR - 2020-05-31 22:28:58 --> Could not find the language line "Đóng"
ERROR - 2020-05-31 22:28:58 --> Could not find the language line "Xác Nhận"
ERROR - 2020-05-31 22:28:58 --> Severity: Warning --> Invalid argument supplied for foreach() /home/admin/domains/spshd.com/public_html/khachhang/application/views/app.php 162
ERROR - 2020-05-31 22:28:58 --> Severity: Warning --> Invalid argument supplied for foreach() /home/admin/domains/spshd.com/public_html/khachhang/application/views/app.php 173
ERROR - 2020-05-31 22:28:58 --> Could not find the language line "Đóng"
ERROR - 2020-05-31 22:28:58 --> Could not find the language line "Xác Nhận"
ERROR - 2020-05-31 22:28:58 --> Could not find the language line "Đóng"
ERROR - 2020-05-31 22:28:58 --> Could not find the language line "Xác Nhận"
ERROR - 2020-05-31 22:28:58 --> Could not find the language line "Đóng"
ERROR - 2020-05-31 22:28:58 --> Could not find the language line "Tải"
ERROR - 2020-05-31 22:28:58 --> Could not find the language line "Tạo Điểm Lấy Hàng"
ERROR - 2020-05-31 22:28:58 --> Could not find the language line "Tạo Đơn Hàng"
ERROR - 2020-05-31 22:28:58 --> Could not find the language line "Tải Excel"
ERROR - 2020-05-31 22:28:58 --> Could not find the language line "Đóng"
ERROR - 2020-05-31 22:28:58 --> Could not find the language line "Xác Nhận"
ERROR - 2020-05-31 22:28:58 --> Severity: Warning --> Invalid argument supplied for foreach() /home/admin/domains/spshd.com/public_html/khachhang/application/views/app.php 162
ERROR - 2020-05-31 22:28:58 --> Severity: Warning --> Invalid argument supplied for foreach() /home/admin/domains/spshd.com/public_html/khachhang/application/views/app.php 173
ERROR - 2020-05-31 22:28:58 --> Could not find the language line "Đóng"
ERROR - 2020-05-31 22:28:58 --> Could not find the language line "Xác Nhận"
ERROR - 2020-05-31 22:28:58 --> Could not find the language line "Đóng"
ERROR - 2020-05-31 22:28:58 --> Could not find the language line "Xác Nhận"
ERROR - 2020-05-31 22:28:58 --> Could not find the language line "Đóng"
ERROR - 2020-05-31 22:28:58 --> Could not find the language line "Tải"
ERROR - 2020-05-31 18:16:48 --> Could not find the language line "Email"
ERROR - 2020-05-31 18:16:48 --> Could not find the language line "password"
