ERROR - 2019-10-22 03:00:02 --> Could not find the language line "Tạo Điểm Lấy Hàng"
ERROR - 2019-10-22 03:00:02 --> Could not find the language line "Tạo Đơn Hàng"
ERROR - 2019-10-22 03:00:02 --> Severity: Warning --> Invalid argument supplied for foreach() /home/admin/domains/spshd.com/public_html/khachhang/application/views/tab4.php 394
ERROR - 2019-10-22 03:00:02 --> Could not find the language line "Đóng"
ERROR - 2019-10-22 03:00:02 --> Could not find the language line "Xác Nhận"
ERROR - 2019-10-22 03:00:02 --> Severity: Warning --> Invalid argument supplied for foreach() /home/admin/domains/spshd.com/public_html/khachhang/application/views/app.php 157
ERROR - 2019-10-22 03:00:02 --> Severity: Warning --> Invalid argument supplied for foreach() /home/admin/domains/spshd.com/public_html/khachhang/application/views/app.php 168
ERROR - 2019-10-22 03:00:02 --> Could not find the language line "Đóng"
ERROR - 2019-10-22 03:00:02 --> Could not find the language line "Xác Nhận"
ERROR - 2019-10-22 03:00:02 --> Could not find the language line "Đóng"
ERROR - 2019-10-22 03:00:02 --> Could not find the language line "Xác Nhận"
ERROR - 2019-10-22 03:00:20 --> Could not find the language line "Tạo Điểm Lấy Hàng"
ERROR - 2019-10-22 03:00:20 --> Could not find the language line "Tạo Đơn Hàng"
ERROR - 2019-10-22 03:00:20 --> Severity: Warning --> Invalid argument supplied for foreach() /home/admin/domains/spshd.com/public_html/khachhang/application/views/tab4.php 394
ERROR - 2019-10-22 03:00:20 --> Could not find the language line "Đóng"
ERROR - 2019-10-22 03:00:20 --> Could not find the language line "Xác Nhận"
ERROR - 2019-10-22 03:00:20 --> Severity: Warning --> Invalid argument supplied for foreach() /home/admin/domains/spshd.com/public_html/khachhang/application/views/app.php 157
ERROR - 2019-10-22 03:00:20 --> Severity: Warning --> Invalid argument supplied for foreach() /home/admin/domains/spshd.com/public_html/khachhang/application/views/app.php 168
ERROR - 2019-10-22 03:00:20 --> Could not find the language line "Đóng"
ERROR - 2019-10-22 03:00:20 --> Could not find the language line "Xác Nhận"
ERROR - 2019-10-22 03:00:20 --> Could not find the language line "Đóng"
ERROR - 2019-10-22 03:00:20 --> Could not find the language line "Xác Nhận"
ERROR - 2019-10-22 03:00:32 --> Could not find the language line "Tạo Điểm Lấy Hàng"
ERROR - 2019-10-22 03:00:32 --> Could not find the language line "Tạo Đơn Hàng"
ERROR - 2019-10-22 03:00:32 --> Severity: Warning --> Invalid argument supplied for foreach() /home/admin/domains/spshd.com/public_html/khachhang/application/views/tab4.php 394
ERROR - 2019-10-22 03:00:32 --> Could not find the language line "Đóng"
ERROR - 2019-10-22 03:00:32 --> Could not find the language line "Xác Nhận"
ERROR - 2019-10-22 03:00:32 --> Severity: Warning --> Invalid argument supplied for foreach() /home/admin/domains/spshd.com/public_html/khachhang/application/views/app.php 157
ERROR - 2019-10-22 03:00:32 --> Severity: Warning --> Invalid argument supplied for foreach() /home/admin/domains/spshd.com/public_html/khachhang/application/views/app.php 168
ERROR - 2019-10-22 03:00:32 --> Could not find the language line "Đóng"
ERROR - 2019-10-22 03:00:32 --> Could not find the language line "Xác Nhận"
ERROR - 2019-10-22 03:00:32 --> Could not find the language line "Đóng"
ERROR - 2019-10-22 03:00:32 --> Could not find the language line "Xác Nhận"
ERROR - 2019-10-22 03:00:48 --> Could not find the language line "Tạo Điểm Lấy Hàng"
ERROR - 2019-10-22 03:00:48 --> Could not find the language line "Tạo Đơn Hàng"
ERROR - 2019-10-22 03:00:48 --> Severity: Warning --> Invalid argument supplied for foreach() /home/admin/domains/spshd.com/public_html/khachhang/application/views/tab4.php 394
ERROR - 2019-10-22 03:00:48 --> Could not find the language line "Đóng"
ERROR - 2019-10-22 03:00:48 --> Could not find the language line "Xác Nhận"
ERROR - 2019-10-22 03:00:48 --> Severity: Warning --> Invalid argument supplied for foreach() /home/admin/domains/spshd.com/public_html/khachhang/application/views/app.php 157
ERROR - 2019-10-22 03:00:48 --> Severity: Warning --> Invalid argument supplied for foreach() /home/admin/domains/spshd.com/public_html/khachhang/application/views/app.php 168
ERROR - 2019-10-22 03:00:48 --> Could not find the language line "Đóng"
ERROR - 2019-10-22 03:00:48 --> Could not find the language line "Xác Nhận"
ERROR - 2019-10-22 03:00:48 --> Could not find the language line "Đóng"
ERROR - 2019-10-22 03:00:48 --> Could not find the language line "Xác Nhận"
ERROR - 2019-10-22 03:00:58 --> Could not find the language line "Tạo Điểm Lấy Hàng"
ERROR - 2019-10-22 03:00:58 --> Could not find the language line "Tạo Đơn Hàng"
ERROR - 2019-10-22 03:00:58 --> Severity: Warning --> Invalid argument supplied for foreach() /home/admin/domains/spshd.com/public_html/khachhang/application/views/tab4.php 394
ERROR - 2019-10-22 03:00:58 --> Could not find the language line "Đóng"
ERROR - 2019-10-22 03:00:58 --> Could not find the language line "Xác Nhận"
ERROR - 2019-10-22 03:00:58 --> Severity: Warning --> Invalid argument supplied for foreach() /home/admin/domains/spshd.com/public_html/khachhang/application/views/app.php 157
ERROR - 2019-10-22 03:00:58 --> Severity: Warning --> Invalid argument supplied for foreach() /home/admin/domains/spshd.com/public_html/khachhang/application/views/app.php 168
ERROR - 2019-10-22 03:00:58 --> Could not find the language line "Đóng"
ERROR - 2019-10-22 03:00:58 --> Could not find the language line "Xác Nhận"
ERROR - 2019-10-22 03:00:58 --> Could not find the language line "Đóng"
ERROR - 2019-10-22 03:00:58 --> Could not find the language line "Xác Nhận"
ERROR - 2019-10-22 09:33:49 --> Could not find the language line "Tạo Điểm Lấy Hàng"
ERROR - 2019-10-22 09:33:49 --> Could not find the language line "Tạo Đơn Hàng"
ERROR - 2019-10-22 09:33:49 --> Severity: Warning --> Invalid argument supplied for foreach() /home/admin/domains/spshd.com/public_html/khachhang/application/views/tab4.php 394
ERROR - 2019-10-22 09:33:49 --> Could not find the language line "Đóng"
ERROR - 2019-10-22 09:33:49 --> Could not find the language line "Xác Nhận"
ERROR - 2019-10-22 09:33:49 --> Severity: Warning --> Invalid argument supplied for foreach() /home/admin/domains/spshd.com/public_html/khachhang/application/views/app.php 157
ERROR - 2019-10-22 09:33:49 --> Severity: Warning --> Invalid argument supplied for foreach() /home/admin/domains/spshd.com/public_html/khachhang/application/views/app.php 168
ERROR - 2019-10-22 09:33:49 --> Could not find the language line "Đóng"
ERROR - 2019-10-22 09:33:49 --> Could not find the language line "Xác Nhận"
ERROR - 2019-10-22 09:33:49 --> Could not find the language line "Đóng"
ERROR - 2019-10-22 09:33:49 --> Could not find the language line "Xác Nhận"
ERROR - 2019-10-22 13:58:34 --> Could not find the language line "Tạo Điểm Lấy Hàng"
ERROR - 2019-10-22 13:58:34 --> Could not find the language line "Tạo Đơn Hàng"
ERROR - 2019-10-22 13:58:34 --> Severity: Warning --> Invalid argument supplied for foreach() /home/admin/domains/spshd.com/public_html/khachhang/application/views/tab4.php 394
ERROR - 2019-10-22 13:58:34 --> Could not find the language line "Đóng"
ERROR - 2019-10-22 13:58:34 --> Could not find the language line "Xác Nhận"
ERROR - 2019-10-22 13:58:34 --> Severity: Warning --> Invalid argument supplied for foreach() /home/admin/domains/spshd.com/public_html/khachhang/application/views/app.php 157
ERROR - 2019-10-22 13:58:34 --> Severity: Warning --> Invalid argument supplied for foreach() /home/admin/domains/spshd.com/public_html/khachhang/application/views/app.php 168
ERROR - 2019-10-22 13:58:34 --> Could not find the language line "Đóng"
ERROR - 2019-10-22 13:58:34 --> Could not find the language line "Xác Nhận"
ERROR - 2019-10-22 13:58:34 --> Could not find the language line "Đóng"
ERROR - 2019-10-22 13:58:34 --> Could not find the language line "Xác Nhận"
ERROR - 2019-10-22 17:08:48 --> Could not find the language line "Tạo Điểm Lấy Hàng"
ERROR - 2019-10-22 17:08:48 --> Could not find the language line "Tạo Đơn Hàng"
ERROR - 2019-10-22 17:08:48 --> Severity: Warning --> Invalid argument supplied for foreach() /home/admin/domains/spshd.com/public_html/khachhang/application/views/tab4.php 394
ERROR - 2019-10-22 17:08:48 --> Could not find the language line "Đóng"
ERROR - 2019-10-22 17:08:48 --> Could not find the language line "Xác Nhận"
ERROR - 2019-10-22 17:08:48 --> Severity: Warning --> Invalid argument supplied for foreach() /home/admin/domains/spshd.com/public_html/khachhang/application/views/app.php 157
ERROR - 2019-10-22 17:08:48 --> Severity: Warning --> Invalid argument supplied for foreach() /home/admin/domains/spshd.com/public_html/khachhang/application/views/app.php 168
ERROR - 2019-10-22 17:08:48 --> Could not find the language line "Đóng"
ERROR - 2019-10-22 17:08:48 --> Could not find the language line "Xác Nhận"
ERROR - 2019-10-22 17:08:48 --> Could not find the language line "Đóng"
ERROR - 2019-10-22 17:08:48 --> Could not find the language line "Xác Nhận"
ERROR - 2019-10-22 17:09:50 --> Could not find the language line "Email"
ERROR - 2019-10-22 17:09:50 --> Could not find the language line "password"
ERROR - 2019-10-22 17:10:04 --> Could not find the language line "Tạo Điểm Lấy Hàng"
ERROR - 2019-10-22 17:10:04 --> Could not find the language line "Tạo Đơn Hàng"
ERROR - 2019-10-22 17:10:04 --> Severity: Warning --> Invalid argument supplied for foreach() /home/admin/domains/spshd.com/public_html/khachhang/application/views/tab4.php 394
ERROR - 2019-10-22 17:10:04 --> Could not find the language line "Đóng"
ERROR - 2019-10-22 17:10:04 --> Could not find the language line "Xác Nhận"
ERROR - 2019-10-22 17:10:04 --> Severity: Warning --> Invalid argument supplied for foreach() /home/admin/domains/spshd.com/public_html/khachhang/application/views/app.php 157
ERROR - 2019-10-22 17:10:04 --> Severity: Warning --> Invalid argument supplied for foreach() /home/admin/domains/spshd.com/public_html/khachhang/application/views/app.php 168
ERROR - 2019-10-22 17:10:04 --> Could not find the language line "Đóng"
ERROR - 2019-10-22 17:10:04 --> Could not find the language line "Xác Nhận"
ERROR - 2019-10-22 17:10:04 --> Could not find the language line "Đóng"
ERROR - 2019-10-22 17:10:04 --> Could not find the language line "Xác Nhận"
ERROR - 2019-10-22 17:37:46 --> Could not find the language line "Email"
ERROR - 2019-10-22 17:37:46 --> Could not find the language line "password"
ERROR - 2019-10-22 17:43:40 --> Could not find the language line "Email"
ERROR - 2019-10-22 17:43:40 --> Could not find the language line "password"
ERROR - 2019-10-22 17:57:12 --> Could not find the language line "Email"
ERROR - 2019-10-22 17:57:12 --> Could not find the language line "password"
ERROR - 2019-10-22 18:01:52 --> Could not find the language line "Email"
ERROR - 2019-10-22 18:01:52 --> Could not find the language line "password"
