ERROR - 2020-01-18 03:18:07 --> Could not find the language line "Tạo Điểm Lấy Hàng"
ERROR - 2020-01-18 03:18:07 --> Could not find the language line "Tạo Đơn Hàng"
ERROR - 2020-01-18 03:18:07 --> Severity: Warning --> Invalid argument supplied for foreach() /home/admin/domains/spshd.com/public_html/khachhang/application/views/tab4.php 394
ERROR - 2020-01-18 03:18:07 --> Could not find the language line "Đóng"
ERROR - 2020-01-18 03:18:07 --> Could not find the language line "Xác Nhận"
ERROR - 2020-01-18 03:18:07 --> Severity: Warning --> Invalid argument supplied for foreach() /home/admin/domains/spshd.com/public_html/khachhang/application/views/app.php 157
ERROR - 2020-01-18 03:18:07 --> Severity: Warning --> Invalid argument supplied for foreach() /home/admin/domains/spshd.com/public_html/khachhang/application/views/app.php 168
ERROR - 2020-01-18 03:18:07 --> Could not find the language line "Đóng"
ERROR - 2020-01-18 03:18:07 --> Could not find the language line "Xác Nhận"
ERROR - 2020-01-18 03:18:07 --> Could not find the language line "Đóng"
ERROR - 2020-01-18 03:18:07 --> Could not find the language line "Xác Nhận"
ERROR - 2020-01-18 04:51:15 --> Could not find the language line "Tạo Điểm Lấy Hàng"
ERROR - 2020-01-18 04:51:15 --> Could not find the language line "Tạo Đơn Hàng"
ERROR - 2020-01-18 04:51:15 --> Severity: Warning --> Invalid argument supplied for foreach() /home/admin/domains/spshd.com/public_html/khachhang/application/views/tab4.php 394
ERROR - 2020-01-18 04:51:15 --> Could not find the language line "Đóng"
ERROR - 2020-01-18 04:51:15 --> Could not find the language line "Xác Nhận"
ERROR - 2020-01-18 04:51:15 --> Severity: Warning --> Invalid argument supplied for foreach() /home/admin/domains/spshd.com/public_html/khachhang/application/views/app.php 157
ERROR - 2020-01-18 04:51:15 --> Severity: Warning --> Invalid argument supplied for foreach() /home/admin/domains/spshd.com/public_html/khachhang/application/views/app.php 168
ERROR - 2020-01-18 04:51:15 --> Could not find the language line "Đóng"
ERROR - 2020-01-18 04:51:15 --> Could not find the language line "Xác Nhận"
ERROR - 2020-01-18 04:51:15 --> Could not find the language line "Đóng"
ERROR - 2020-01-18 04:51:15 --> Could not find the language line "Xác Nhận"
ERROR - 2020-01-18 05:51:35 --> Could not find the language line "Tạo Điểm Lấy Hàng"
ERROR - 2020-01-18 05:51:35 --> Could not find the language line "Tạo Đơn Hàng"
ERROR - 2020-01-18 05:51:35 --> Severity: Warning --> Invalid argument supplied for foreach() /home/admin/domains/spshd.com/public_html/khachhang/application/views/tab4.php 394
ERROR - 2020-01-18 05:51:35 --> Could not find the language line "Đóng"
ERROR - 2020-01-18 05:51:35 --> Could not find the language line "Xác Nhận"
ERROR - 2020-01-18 05:51:35 --> Severity: Warning --> Invalid argument supplied for foreach() /home/admin/domains/spshd.com/public_html/khachhang/application/views/app.php 157
ERROR - 2020-01-18 05:51:35 --> Severity: Warning --> Invalid argument supplied for foreach() /home/admin/domains/spshd.com/public_html/khachhang/application/views/app.php 168
ERROR - 2020-01-18 05:51:35 --> Could not find the language line "Đóng"
ERROR - 2020-01-18 05:51:35 --> Could not find the language line "Xác Nhận"
ERROR - 2020-01-18 05:51:35 --> Could not find the language line "Đóng"
ERROR - 2020-01-18 05:51:35 --> Could not find the language line "Xác Nhận"
ERROR - 2020-01-18 10:49:57 --> Could not find the language line "Tạo Điểm Lấy Hàng"
ERROR - 2020-01-18 10:49:57 --> Could not find the language line "Tạo Đơn Hàng"
ERROR - 2020-01-18 10:49:57 --> Severity: Warning --> Invalid argument supplied for foreach() /home/admin/domains/spshd.com/public_html/khachhang/application/views/tab4.php 394
ERROR - 2020-01-18 10:49:57 --> Could not find the language line "Đóng"
ERROR - 2020-01-18 10:49:57 --> Could not find the language line "Xác Nhận"
ERROR - 2020-01-18 10:49:57 --> Severity: Warning --> Invalid argument supplied for foreach() /home/admin/domains/spshd.com/public_html/khachhang/application/views/app.php 157
ERROR - 2020-01-18 10:49:57 --> Severity: Warning --> Invalid argument supplied for foreach() /home/admin/domains/spshd.com/public_html/khachhang/application/views/app.php 168
ERROR - 2020-01-18 10:49:57 --> Could not find the language line "Đóng"
ERROR - 2020-01-18 10:49:57 --> Could not find the language line "Xác Nhận"
ERROR - 2020-01-18 10:49:57 --> Could not find the language line "Đóng"
ERROR - 2020-01-18 10:49:57 --> Could not find the language line "Xác Nhận"
ERROR - 2020-01-18 13:54:11 --> Could not find the language line "Tạo Điểm Lấy Hàng"
ERROR - 2020-01-18 13:54:11 --> Could not find the language line "Tạo Đơn Hàng"
ERROR - 2020-01-18 13:54:11 --> Severity: Warning --> Invalid argument supplied for foreach() /home/admin/domains/spshd.com/public_html/khachhang/application/views/tab4.php 394
ERROR - 2020-01-18 13:54:11 --> Could not find the language line "Đóng"
ERROR - 2020-01-18 13:54:11 --> Could not find the language line "Xác Nhận"
ERROR - 2020-01-18 13:54:11 --> Severity: Warning --> Invalid argument supplied for foreach() /home/admin/domains/spshd.com/public_html/khachhang/application/views/app.php 157
ERROR - 2020-01-18 13:54:11 --> Severity: Warning --> Invalid argument supplied for foreach() /home/admin/domains/spshd.com/public_html/khachhang/application/views/app.php 168
ERROR - 2020-01-18 13:54:11 --> Could not find the language line "Đóng"
ERROR - 2020-01-18 13:54:11 --> Could not find the language line "Xác Nhận"
ERROR - 2020-01-18 13:54:11 --> Could not find the language line "Đóng"
ERROR - 2020-01-18 13:54:11 --> Could not find the language line "Xác Nhận"
ERROR - 2020-01-18 13:54:50 --> Could not find the language line "Tạo Điểm Lấy Hàng"
ERROR - 2020-01-18 13:54:50 --> Could not find the language line "Tạo Đơn Hàng"
ERROR - 2020-01-18 13:54:50 --> Severity: Warning --> Invalid argument supplied for foreach() /home/admin/domains/spshd.com/public_html/khachhang/application/views/tab4.php 394
ERROR - 2020-01-18 13:54:50 --> Could not find the language line "Đóng"
ERROR - 2020-01-18 13:54:50 --> Could not find the language line "Xác Nhận"
ERROR - 2020-01-18 13:54:50 --> Severity: Warning --> Invalid argument supplied for foreach() /home/admin/domains/spshd.com/public_html/khachhang/application/views/app.php 157
ERROR - 2020-01-18 13:54:50 --> Severity: Warning --> Invalid argument supplied for foreach() /home/admin/domains/spshd.com/public_html/khachhang/application/views/app.php 168
ERROR - 2020-01-18 13:54:50 --> Could not find the language line "Đóng"
ERROR - 2020-01-18 13:54:50 --> Could not find the language line "Xác Nhận"
ERROR - 2020-01-18 13:54:50 --> Could not find the language line "Đóng"
ERROR - 2020-01-18 13:54:50 --> Could not find the language line "Xác Nhận"
ERROR - 2020-01-18 13:55:06 --> Could not find the language line "Tạo Điểm Lấy Hàng"
ERROR - 2020-01-18 13:55:06 --> Could not find the language line "Tạo Đơn Hàng"
ERROR - 2020-01-18 13:55:06 --> Severity: Warning --> Invalid argument supplied for foreach() /home/admin/domains/spshd.com/public_html/khachhang/application/views/tab4.php 394
ERROR - 2020-01-18 13:55:06 --> Could not find the language line "Đóng"
ERROR - 2020-01-18 13:55:06 --> Could not find the language line "Xác Nhận"
ERROR - 2020-01-18 13:55:06 --> Severity: Warning --> Invalid argument supplied for foreach() /home/admin/domains/spshd.com/public_html/khachhang/application/views/app.php 157
ERROR - 2020-01-18 13:55:06 --> Severity: Warning --> Invalid argument supplied for foreach() /home/admin/domains/spshd.com/public_html/khachhang/application/views/app.php 168
ERROR - 2020-01-18 13:55:06 --> Could not find the language line "Đóng"
ERROR - 2020-01-18 13:55:06 --> Could not find the language line "Xác Nhận"
ERROR - 2020-01-18 13:55:06 --> Could not find the language line "Đóng"
ERROR - 2020-01-18 13:55:06 --> Could not find the language line "Xác Nhận"
ERROR - 2020-01-18 15:51:05 --> Could not find the language line "Tạo Điểm Lấy Hàng"
ERROR - 2020-01-18 15:51:05 --> Could not find the language line "Tạo Đơn Hàng"
ERROR - 2020-01-18 15:51:05 --> Severity: Warning --> Invalid argument supplied for foreach() /home/admin/domains/spshd.com/public_html/khachhang/application/views/tab4.php 394
ERROR - 2020-01-18 15:51:05 --> Could not find the language line "Đóng"
ERROR - 2020-01-18 15:51:05 --> Could not find the language line "Xác Nhận"
ERROR - 2020-01-18 15:51:05 --> Severity: Warning --> Invalid argument supplied for foreach() /home/admin/domains/spshd.com/public_html/khachhang/application/views/app.php 157
ERROR - 2020-01-18 15:51:05 --> Severity: Warning --> Invalid argument supplied for foreach() /home/admin/domains/spshd.com/public_html/khachhang/application/views/app.php 168
ERROR - 2020-01-18 15:51:05 --> Could not find the language line "Đóng"
ERROR - 2020-01-18 15:51:05 --> Could not find the language line "Xác Nhận"
ERROR - 2020-01-18 15:51:05 --> Could not find the language line "Đóng"
ERROR - 2020-01-18 15:51:05 --> Could not find the language line "Xác Nhận"
ERROR - 2020-01-18 15:52:59 --> Could not find the language line "Tạo Điểm Lấy Hàng"
ERROR - 2020-01-18 15:52:59 --> Could not find the language line "Tạo Đơn Hàng"
ERROR - 2020-01-18 15:52:59 --> Severity: Warning --> Invalid argument supplied for foreach() /home/admin/domains/spshd.com/public_html/khachhang/application/views/tab4.php 394
ERROR - 2020-01-18 15:52:59 --> Could not find the language line "Đóng"
ERROR - 2020-01-18 15:52:59 --> Could not find the language line "Xác Nhận"
ERROR - 2020-01-18 15:52:59 --> Severity: Warning --> Invalid argument supplied for foreach() /home/admin/domains/spshd.com/public_html/khachhang/application/views/app.php 157
ERROR - 2020-01-18 15:52:59 --> Severity: Warning --> Invalid argument supplied for foreach() /home/admin/domains/spshd.com/public_html/khachhang/application/views/app.php 168
ERROR - 2020-01-18 15:52:59 --> Could not find the language line "Đóng"
ERROR - 2020-01-18 15:52:59 --> Could not find the language line "Xác Nhận"
ERROR - 2020-01-18 15:52:59 --> Could not find the language line "Đóng"
ERROR - 2020-01-18 15:52:59 --> Could not find the language line "Xác Nhận"
ERROR - 2020-01-18 15:53:02 --> Could not find the language line "Tạo Điểm Lấy Hàng"
ERROR - 2020-01-18 15:53:02 --> Could not find the language line "Tạo Đơn Hàng"
ERROR - 2020-01-18 15:53:02 --> Severity: Warning --> Invalid argument supplied for foreach() /home/admin/domains/spshd.com/public_html/khachhang/application/views/tab4.php 394
ERROR - 2020-01-18 15:53:02 --> Could not find the language line "Đóng"
ERROR - 2020-01-18 15:53:02 --> Could not find the language line "Xác Nhận"
ERROR - 2020-01-18 15:53:02 --> Severity: Warning --> Invalid argument supplied for foreach() /home/admin/domains/spshd.com/public_html/khachhang/application/views/app.php 157
ERROR - 2020-01-18 15:53:02 --> Severity: Warning --> Invalid argument supplied for foreach() /home/admin/domains/spshd.com/public_html/khachhang/application/views/app.php 168
ERROR - 2020-01-18 15:53:02 --> Could not find the language line "Đóng"
ERROR - 2020-01-18 15:53:02 --> Could not find the language line "Xác Nhận"
ERROR - 2020-01-18 15:53:02 --> Could not find the language line "Đóng"
ERROR - 2020-01-18 15:53:02 --> Could not find the language line "Xác Nhận"
ERROR - 2020-01-18 16:20:27 --> Could not find the language line "Tạo Điểm Lấy Hàng"
ERROR - 2020-01-18 16:20:27 --> Could not find the language line "Tạo Đơn Hàng"
ERROR - 2020-01-18 16:20:27 --> Severity: Warning --> Invalid argument supplied for foreach() /home/admin/domains/spshd.com/public_html/khachhang/application/views/tab4.php 394
ERROR - 2020-01-18 16:20:27 --> Could not find the language line "Đóng"
ERROR - 2020-01-18 16:20:27 --> Could not find the language line "Xác Nhận"
ERROR - 2020-01-18 16:20:27 --> Severity: Warning --> Invalid argument supplied for foreach() /home/admin/domains/spshd.com/public_html/khachhang/application/views/app.php 157
ERROR - 2020-01-18 16:20:27 --> Severity: Warning --> Invalid argument supplied for foreach() /home/admin/domains/spshd.com/public_html/khachhang/application/views/app.php 168
ERROR - 2020-01-18 16:20:27 --> Could not find the language line "Đóng"
ERROR - 2020-01-18 16:20:27 --> Could not find the language line "Xác Nhận"
ERROR - 2020-01-18 16:20:27 --> Could not find the language line "Đóng"
ERROR - 2020-01-18 16:20:27 --> Could not find the language line "Xác Nhận"
ERROR - 2020-01-18 16:28:11 --> Could not find the language line "Tạo Điểm Lấy Hàng"
ERROR - 2020-01-18 16:28:11 --> Could not find the language line "Tạo Đơn Hàng"
ERROR - 2020-01-18 16:28:11 --> Severity: Warning --> Invalid argument supplied for foreach() /home/admin/domains/spshd.com/public_html/khachhang/application/views/tab4.php 394
ERROR - 2020-01-18 16:28:11 --> Could not find the language line "Đóng"
ERROR - 2020-01-18 16:28:11 --> Could not find the language line "Xác Nhận"
ERROR - 2020-01-18 16:28:11 --> Severity: Warning --> Invalid argument supplied for foreach() /home/admin/domains/spshd.com/public_html/khachhang/application/views/app.php 157
ERROR - 2020-01-18 16:28:11 --> Severity: Warning --> Invalid argument supplied for foreach() /home/admin/domains/spshd.com/public_html/khachhang/application/views/app.php 168
ERROR - 2020-01-18 16:28:11 --> Could not find the language line "Đóng"
ERROR - 2020-01-18 16:28:11 --> Could not find the language line "Xác Nhận"
ERROR - 2020-01-18 16:28:11 --> Could not find the language line "Đóng"
ERROR - 2020-01-18 16:28:11 --> Could not find the language line "Xác Nhận"
ERROR - 2020-01-18 17:08:44 --> Could not find the language line "Email"
ERROR - 2020-01-18 17:08:44 --> Could not find the language line "password"
ERROR - 2020-01-18 23:45:34 --> Could not find the language line "Tạo Điểm Lấy Hàng"
ERROR - 2020-01-18 23:45:34 --> Could not find the language line "Tạo Đơn Hàng"
ERROR - 2020-01-18 23:45:34 --> Severity: Warning --> Invalid argument supplied for foreach() /home/admin/domains/spshd.com/public_html/khachhang/application/views/tab4.php 394
ERROR - 2020-01-18 23:45:34 --> Could not find the language line "Đóng"
ERROR - 2020-01-18 23:45:34 --> Could not find the language line "Xác Nhận"
ERROR - 2020-01-18 23:45:34 --> Severity: Warning --> Invalid argument supplied for foreach() /home/admin/domains/spshd.com/public_html/khachhang/application/views/app.php 157
ERROR - 2020-01-18 23:45:34 --> Severity: Warning --> Invalid argument supplied for foreach() /home/admin/domains/spshd.com/public_html/khachhang/application/views/app.php 168
ERROR - 2020-01-18 23:45:34 --> Could not find the language line "Đóng"
ERROR - 2020-01-18 23:45:34 --> Could not find the language line "Xác Nhận"
ERROR - 2020-01-18 23:45:34 --> Could not find the language line "Đóng"
ERROR - 2020-01-18 23:45:34 --> Could not find the language line "Xác Nhận"
ERROR - 2020-01-18 23:46:00 --> Could not find the language line "Tạo Điểm Lấy Hàng"
ERROR - 2020-01-18 23:46:00 --> Could not find the language line "Tạo Đơn Hàng"
ERROR - 2020-01-18 23:46:00 --> Severity: Warning --> Invalid argument supplied for foreach() /home/admin/domains/spshd.com/public_html/khachhang/application/views/tab4.php 394
ERROR - 2020-01-18 23:46:00 --> Could not find the language line "Đóng"
ERROR - 2020-01-18 23:46:00 --> Could not find the language line "Xác Nhận"
ERROR - 2020-01-18 23:46:00 --> Severity: Warning --> Invalid argument supplied for foreach() /home/admin/domains/spshd.com/public_html/khachhang/application/views/app.php 157
ERROR - 2020-01-18 23:46:00 --> Severity: Warning --> Invalid argument supplied for foreach() /home/admin/domains/spshd.com/public_html/khachhang/application/views/app.php 168
ERROR - 2020-01-18 23:46:00 --> Could not find the language line "Đóng"
ERROR - 2020-01-18 23:46:00 --> Could not find the language line "Xác Nhận"
ERROR - 2020-01-18 23:46:00 --> Could not find the language line "Đóng"
ERROR - 2020-01-18 23:46:00 --> Could not find the language line "Xác Nhận"
