ERROR - 2020-03-12 02:05:26 --> Could not find the language line "Email"
ERROR - 2020-03-12 02:05:26 --> Could not find the language line "password"
ERROR - 2020-03-12 03:13:18 --> Could not find the language line "Tạo Điểm Lấy Hàng"
ERROR - 2020-03-12 03:13:18 --> Could not find the language line "Tạo Đơn Hàng"
ERROR - 2020-03-12 03:13:18 --> Severity: Warning --> Invalid argument supplied for foreach() /home/admin/domains/spshd.com/public_html/khachhang/application/views/tab4.php 394
ERROR - 2020-03-12 03:13:18 --> Could not find the language line "Đóng"
ERROR - 2020-03-12 03:13:18 --> Could not find the language line "Xác Nhận"
ERROR - 2020-03-12 03:13:18 --> Severity: Warning --> Invalid argument supplied for foreach() /home/admin/domains/spshd.com/public_html/khachhang/application/views/app.php 157
ERROR - 2020-03-12 03:13:18 --> Severity: Warning --> Invalid argument supplied for foreach() /home/admin/domains/spshd.com/public_html/khachhang/application/views/app.php 168
ERROR - 2020-03-12 03:13:18 --> Could not find the language line "Đóng"
ERROR - 2020-03-12 03:13:18 --> Could not find the language line "Xác Nhận"
ERROR - 2020-03-12 03:13:18 --> Could not find the language line "Đóng"
ERROR - 2020-03-12 03:13:18 --> Could not find the language line "Xác Nhận"
ERROR - 2020-03-12 03:16:45 --> Could not find the language line "Tạo Điểm Lấy Hàng"
ERROR - 2020-03-12 03:16:45 --> Could not find the language line "Tạo Đơn Hàng"
ERROR - 2020-03-12 03:16:45 --> Severity: Warning --> Invalid argument supplied for foreach() /home/admin/domains/spshd.com/public_html/khachhang/application/views/tab4.php 394
ERROR - 2020-03-12 03:16:45 --> Could not find the language line "Đóng"
ERROR - 2020-03-12 03:16:45 --> Could not find the language line "Xác Nhận"
ERROR - 2020-03-12 03:16:45 --> Severity: Warning --> Invalid argument supplied for foreach() /home/admin/domains/spshd.com/public_html/khachhang/application/views/app.php 157
ERROR - 2020-03-12 03:16:45 --> Severity: Warning --> Invalid argument supplied for foreach() /home/admin/domains/spshd.com/public_html/khachhang/application/views/app.php 168
ERROR - 2020-03-12 03:16:45 --> Could not find the language line "Đóng"
ERROR - 2020-03-12 03:16:45 --> Could not find the language line "Xác Nhận"
ERROR - 2020-03-12 03:16:45 --> Could not find the language line "Đóng"
ERROR - 2020-03-12 03:16:45 --> Could not find the language line "Xác Nhận"
ERROR - 2020-03-12 04:18:24 --> Could not find the language line "Tạo Điểm Lấy Hàng"
ERROR - 2020-03-12 04:18:24 --> Could not find the language line "Tạo Đơn Hàng"
ERROR - 2020-03-12 04:18:24 --> Severity: Warning --> Invalid argument supplied for foreach() /home/admin/domains/spshd.com/public_html/khachhang/application/views/tab4.php 394
ERROR - 2020-03-12 04:18:24 --> Could not find the language line "Đóng"
ERROR - 2020-03-12 04:18:24 --> Could not find the language line "Xác Nhận"
ERROR - 2020-03-12 04:18:24 --> Severity: Warning --> Invalid argument supplied for foreach() /home/admin/domains/spshd.com/public_html/khachhang/application/views/app.php 157
ERROR - 2020-03-12 04:18:24 --> Severity: Warning --> Invalid argument supplied for foreach() /home/admin/domains/spshd.com/public_html/khachhang/application/views/app.php 168
ERROR - 2020-03-12 04:18:24 --> Could not find the language line "Đóng"
ERROR - 2020-03-12 04:18:24 --> Could not find the language line "Xác Nhận"
ERROR - 2020-03-12 04:18:24 --> Could not find the language line "Đóng"
ERROR - 2020-03-12 04:18:24 --> Could not find the language line "Xác Nhận"
ERROR - 2020-03-12 04:23:42 --> Could not find the language line "Tạo Điểm Lấy Hàng"
ERROR - 2020-03-12 04:23:42 --> Could not find the language line "Tạo Đơn Hàng"
ERROR - 2020-03-12 04:23:42 --> Severity: Warning --> Invalid argument supplied for foreach() /home/admin/domains/spshd.com/public_html/khachhang/application/views/tab4.php 394
ERROR - 2020-03-12 04:23:42 --> Could not find the language line "Đóng"
ERROR - 2020-03-12 04:23:42 --> Could not find the language line "Xác Nhận"
ERROR - 2020-03-12 04:23:42 --> Severity: Warning --> Invalid argument supplied for foreach() /home/admin/domains/spshd.com/public_html/khachhang/application/views/app.php 157
ERROR - 2020-03-12 04:23:42 --> Severity: Warning --> Invalid argument supplied for foreach() /home/admin/domains/spshd.com/public_html/khachhang/application/views/app.php 168
ERROR - 2020-03-12 04:23:42 --> Could not find the language line "Đóng"
ERROR - 2020-03-12 04:23:42 --> Could not find the language line "Xác Nhận"
ERROR - 2020-03-12 04:23:42 --> Could not find the language line "Đóng"
ERROR - 2020-03-12 04:23:42 --> Could not find the language line "Xác Nhận"
ERROR - 2020-03-12 04:23:48 --> Could not find the language line "Email"
ERROR - 2020-03-12 04:23:48 --> Could not find the language line "password"
ERROR - 2020-03-12 04:23:50 --> Could not find the language line "Tạo Điểm Lấy Hàng"
ERROR - 2020-03-12 04:23:50 --> Could not find the language line "Tạo Đơn Hàng"
ERROR - 2020-03-12 04:23:50 --> Severity: Warning --> Invalid argument supplied for foreach() /home/admin/domains/spshd.com/public_html/khachhang/application/views/tab4.php 394
ERROR - 2020-03-12 04:23:50 --> Could not find the language line "Đóng"
ERROR - 2020-03-12 04:23:50 --> Could not find the language line "Xác Nhận"
ERROR - 2020-03-12 04:23:50 --> Severity: Warning --> Invalid argument supplied for foreach() /home/admin/domains/spshd.com/public_html/khachhang/application/views/app.php 157
ERROR - 2020-03-12 04:23:50 --> Severity: Warning --> Invalid argument supplied for foreach() /home/admin/domains/spshd.com/public_html/khachhang/application/views/app.php 168
ERROR - 2020-03-12 04:23:50 --> Could not find the language line "Đóng"
ERROR - 2020-03-12 04:23:50 --> Could not find the language line "Xác Nhận"
ERROR - 2020-03-12 04:23:50 --> Could not find the language line "Đóng"
ERROR - 2020-03-12 04:23:50 --> Could not find the language line "Xác Nhận"
ERROR - 2020-03-12 04:26:56 --> Could not find the language line "Tạo Điểm Lấy Hàng"
ERROR - 2020-03-12 04:26:56 --> Could not find the language line "Tạo Đơn Hàng"
ERROR - 2020-03-12 04:26:56 --> Severity: Warning --> Invalid argument supplied for foreach() /home/admin/domains/spshd.com/public_html/khachhang/application/views/tab4.php 394
ERROR - 2020-03-12 04:26:56 --> Could not find the language line "Đóng"
ERROR - 2020-03-12 04:26:56 --> Could not find the language line "Xác Nhận"
ERROR - 2020-03-12 04:26:56 --> Severity: Warning --> Invalid argument supplied for foreach() /home/admin/domains/spshd.com/public_html/khachhang/application/views/app.php 157
ERROR - 2020-03-12 04:26:56 --> Severity: Warning --> Invalid argument supplied for foreach() /home/admin/domains/spshd.com/public_html/khachhang/application/views/app.php 168
ERROR - 2020-03-12 04:26:56 --> Could not find the language line "Đóng"
ERROR - 2020-03-12 04:26:56 --> Could not find the language line "Xác Nhận"
ERROR - 2020-03-12 04:26:56 --> Could not find the language line "Đóng"
ERROR - 2020-03-12 04:26:56 --> Could not find the language line "Xác Nhận"
ERROR - 2020-03-12 04:26:57 --> Could not find the language line "Tạo Điểm Lấy Hàng"
ERROR - 2020-03-12 04:26:57 --> Could not find the language line "Tạo Đơn Hàng"
ERROR - 2020-03-12 04:26:57 --> Severity: Warning --> Invalid argument supplied for foreach() /home/admin/domains/spshd.com/public_html/khachhang/application/views/tab4.php 394
ERROR - 2020-03-12 04:26:57 --> Could not find the language line "Đóng"
ERROR - 2020-03-12 04:26:57 --> Could not find the language line "Xác Nhận"
ERROR - 2020-03-12 04:26:57 --> Severity: Warning --> Invalid argument supplied for foreach() /home/admin/domains/spshd.com/public_html/khachhang/application/views/app.php 157
ERROR - 2020-03-12 04:26:57 --> Severity: Warning --> Invalid argument supplied for foreach() /home/admin/domains/spshd.com/public_html/khachhang/application/views/app.php 168
ERROR - 2020-03-12 04:26:57 --> Could not find the language line "Đóng"
ERROR - 2020-03-12 04:26:57 --> Could not find the language line "Xác Nhận"
ERROR - 2020-03-12 04:26:57 --> Could not find the language line "Đóng"
ERROR - 2020-03-12 04:26:57 --> Could not find the language line "Xác Nhận"
ERROR - 2020-03-12 04:40:30 --> Severity: Warning --> Invalid argument supplied for foreach() /home/admin/domains/spshd.com/public_html/khachhang/application/views/tab2.php 37
ERROR - 2020-03-12 04:40:30 --> Could not find the language line "Tạo Điểm Lấy Hàng"
ERROR - 2020-03-12 04:40:30 --> Could not find the language line "Tạo Đơn Hàng"
ERROR - 2020-03-12 04:40:30 --> Severity: Warning --> Invalid argument supplied for foreach() /home/admin/domains/spshd.com/public_html/khachhang/application/views/tab4.php 394
ERROR - 2020-03-12 04:40:30 --> Could not find the language line "Đóng"
ERROR - 2020-03-12 04:40:30 --> Could not find the language line "Xác Nhận"
ERROR - 2020-03-12 04:40:30 --> Severity: Warning --> Invalid argument supplied for foreach() /home/admin/domains/spshd.com/public_html/khachhang/application/views/app.php 157
ERROR - 2020-03-12 04:40:30 --> Severity: Warning --> Invalid argument supplied for foreach() /home/admin/domains/spshd.com/public_html/khachhang/application/views/app.php 168
ERROR - 2020-03-12 04:40:30 --> Could not find the language line "Đóng"
ERROR - 2020-03-12 04:40:30 --> Could not find the language line "Xác Nhận"
ERROR - 2020-03-12 04:40:30 --> Could not find the language line "Đóng"
ERROR - 2020-03-12 04:40:30 --> Could not find the language line "Xác Nhận"
ERROR - 2020-03-12 04:40:34 --> Severity: Warning --> Invalid argument supplied for foreach() /home/admin/domains/spshd.com/public_html/khachhang/application/views/tab2.php 37
ERROR - 2020-03-12 04:40:34 --> Could not find the language line "Tạo Điểm Lấy Hàng"
ERROR - 2020-03-12 04:40:34 --> Could not find the language line "Tạo Đơn Hàng"
ERROR - 2020-03-12 04:40:34 --> Severity: Warning --> Invalid argument supplied for foreach() /home/admin/domains/spshd.com/public_html/khachhang/application/views/tab4.php 394
ERROR - 2020-03-12 04:40:34 --> Could not find the language line "Đóng"
ERROR - 2020-03-12 04:40:34 --> Could not find the language line "Xác Nhận"
ERROR - 2020-03-12 04:40:34 --> Severity: Warning --> Invalid argument supplied for foreach() /home/admin/domains/spshd.com/public_html/khachhang/application/views/app.php 157
ERROR - 2020-03-12 04:40:34 --> Severity: Warning --> Invalid argument supplied for foreach() /home/admin/domains/spshd.com/public_html/khachhang/application/views/app.php 168
ERROR - 2020-03-12 04:40:34 --> Could not find the language line "Đóng"
ERROR - 2020-03-12 04:40:34 --> Could not find the language line "Xác Nhận"
ERROR - 2020-03-12 04:40:34 --> Could not find the language line "Đóng"
ERROR - 2020-03-12 04:40:34 --> Could not find the language line "Xác Nhận"
ERROR - 2020-03-12 04:41:23 --> Severity: Warning --> Invalid argument supplied for foreach() /home/admin/domains/spshd.com/public_html/khachhang/application/views/tab2.php 37
ERROR - 2020-03-12 04:41:23 --> Could not find the language line "Tạo Điểm Lấy Hàng"
ERROR - 2020-03-12 04:41:23 --> Could not find the language line "Tạo Đơn Hàng"
ERROR - 2020-03-12 04:41:23 --> Severity: Warning --> Invalid argument supplied for foreach() /home/admin/domains/spshd.com/public_html/khachhang/application/views/tab4.php 394
ERROR - 2020-03-12 04:41:23 --> Could not find the language line "Đóng"
ERROR - 2020-03-12 04:41:23 --> Could not find the language line "Xác Nhận"
ERROR - 2020-03-12 04:41:23 --> Severity: Warning --> Invalid argument supplied for foreach() /home/admin/domains/spshd.com/public_html/khachhang/application/views/app.php 157
ERROR - 2020-03-12 04:41:23 --> Severity: Warning --> Invalid argument supplied for foreach() /home/admin/domains/spshd.com/public_html/khachhang/application/views/app.php 168
ERROR - 2020-03-12 04:41:23 --> Could not find the language line "Đóng"
ERROR - 2020-03-12 04:41:23 --> Could not find the language line "Xác Nhận"
ERROR - 2020-03-12 04:41:23 --> Could not find the language line "Đóng"
ERROR - 2020-03-12 04:41:23 --> Could not find the language line "Xác Nhận"
ERROR - 2020-03-12 04:42:28 --> Severity: Warning --> Invalid argument supplied for foreach() /home/admin/domains/spshd.com/public_html/khachhang/application/views/tab2.php 37
ERROR - 2020-03-12 04:42:28 --> Could not find the language line "Tạo Điểm Lấy Hàng"
ERROR - 2020-03-12 04:42:28 --> Could not find the language line "Tạo Đơn Hàng"
ERROR - 2020-03-12 04:42:28 --> Severity: Warning --> Invalid argument supplied for foreach() /home/admin/domains/spshd.com/public_html/khachhang/application/views/tab4.php 394
ERROR - 2020-03-12 04:42:28 --> Could not find the language line "Đóng"
ERROR - 2020-03-12 04:42:28 --> Could not find the language line "Xác Nhận"
ERROR - 2020-03-12 04:42:28 --> Severity: Warning --> Invalid argument supplied for foreach() /home/admin/domains/spshd.com/public_html/khachhang/application/views/app.php 157
ERROR - 2020-03-12 04:42:28 --> Severity: Warning --> Invalid argument supplied for foreach() /home/admin/domains/spshd.com/public_html/khachhang/application/views/app.php 168
ERROR - 2020-03-12 04:42:28 --> Could not find the language line "Đóng"
ERROR - 2020-03-12 04:42:28 --> Could not find the language line "Xác Nhận"
ERROR - 2020-03-12 04:42:28 --> Could not find the language line "Đóng"
ERROR - 2020-03-12 04:42:28 --> Could not find the language line "Xác Nhận"
ERROR - 2020-03-12 04:42:36 --> Severity: Warning --> Invalid argument supplied for foreach() /home/admin/domains/spshd.com/public_html/khachhang/application/views/tab2.php 37
ERROR - 2020-03-12 04:42:36 --> Could not find the language line "Tạo Điểm Lấy Hàng"
ERROR - 2020-03-12 04:42:36 --> Could not find the language line "Tạo Đơn Hàng"
ERROR - 2020-03-12 04:42:36 --> Severity: Warning --> Invalid argument supplied for foreach() /home/admin/domains/spshd.com/public_html/khachhang/application/views/tab4.php 394
ERROR - 2020-03-12 04:42:36 --> Could not find the language line "Đóng"
ERROR - 2020-03-12 04:42:36 --> Could not find the language line "Xác Nhận"
ERROR - 2020-03-12 04:42:36 --> Severity: Warning --> Invalid argument supplied for foreach() /home/admin/domains/spshd.com/public_html/khachhang/application/views/app.php 157
ERROR - 2020-03-12 04:42:36 --> Severity: Warning --> Invalid argument supplied for foreach() /home/admin/domains/spshd.com/public_html/khachhang/application/views/app.php 168
ERROR - 2020-03-12 04:42:36 --> Could not find the language line "Đóng"
ERROR - 2020-03-12 04:42:36 --> Could not find the language line "Xác Nhận"
ERROR - 2020-03-12 04:42:36 --> Could not find the language line "Đóng"
ERROR - 2020-03-12 04:42:36 --> Could not find the language line "Xác Nhận"
ERROR - 2020-03-12 04:43:05 --> Severity: Warning --> Invalid argument supplied for foreach() /home/admin/domains/spshd.com/public_html/khachhang/application/views/tab2.php 37
ERROR - 2020-03-12 04:43:05 --> Could not find the language line "Tạo Điểm Lấy Hàng"
ERROR - 2020-03-12 04:43:05 --> Could not find the language line "Tạo Đơn Hàng"
ERROR - 2020-03-12 04:43:05 --> Severity: Warning --> Invalid argument supplied for foreach() /home/admin/domains/spshd.com/public_html/khachhang/application/views/tab4.php 394
ERROR - 2020-03-12 04:43:05 --> Could not find the language line "Đóng"
ERROR - 2020-03-12 04:43:05 --> Could not find the language line "Xác Nhận"
ERROR - 2020-03-12 04:43:05 --> Severity: Warning --> Invalid argument supplied for foreach() /home/admin/domains/spshd.com/public_html/khachhang/application/views/app.php 157
ERROR - 2020-03-12 04:43:05 --> Severity: Warning --> Invalid argument supplied for foreach() /home/admin/domains/spshd.com/public_html/khachhang/application/views/app.php 168
ERROR - 2020-03-12 04:43:05 --> Could not find the language line "Đóng"
ERROR - 2020-03-12 04:43:05 --> Could not find the language line "Xác Nhận"
ERROR - 2020-03-12 04:43:05 --> Could not find the language line "Đóng"
ERROR - 2020-03-12 04:43:05 --> Could not find the language line "Xác Nhận"
ERROR - 2020-03-12 04:46:00 --> Severity: Warning --> Invalid argument supplied for foreach() /home/admin/domains/spshd.com/public_html/khachhang/application/views/tab2.php 37
ERROR - 2020-03-12 04:46:00 --> Could not find the language line "Tạo Điểm Lấy Hàng"
ERROR - 2020-03-12 04:46:00 --> Could not find the language line "Tạo Đơn Hàng"
ERROR - 2020-03-12 04:46:00 --> Severity: Warning --> Invalid argument supplied for foreach() /home/admin/domains/spshd.com/public_html/khachhang/application/views/tab4.php 394
ERROR - 2020-03-12 04:46:00 --> Could not find the language line "Đóng"
ERROR - 2020-03-12 04:46:00 --> Could not find the language line "Xác Nhận"
ERROR - 2020-03-12 04:46:00 --> Severity: Warning --> Invalid argument supplied for foreach() /home/admin/domains/spshd.com/public_html/khachhang/application/views/app.php 157
ERROR - 2020-03-12 04:46:00 --> Severity: Warning --> Invalid argument supplied for foreach() /home/admin/domains/spshd.com/public_html/khachhang/application/views/app.php 168
ERROR - 2020-03-12 04:46:00 --> Could not find the language line "Đóng"
ERROR - 2020-03-12 04:46:00 --> Could not find the language line "Xác Nhận"
ERROR - 2020-03-12 04:46:00 --> Could not find the language line "Đóng"
ERROR - 2020-03-12 04:46:00 --> Could not find the language line "Xác Nhận"
ERROR - 2020-03-12 04:48:54 --> Severity: Warning --> Invalid argument supplied for foreach() /home/admin/domains/spshd.com/public_html/khachhang/application/views/tab2.php 37
ERROR - 2020-03-12 04:48:54 --> Could not find the language line "Tạo Điểm Lấy Hàng"
ERROR - 2020-03-12 04:48:54 --> Could not find the language line "Tạo Đơn Hàng"
ERROR - 2020-03-12 04:48:54 --> Severity: Warning --> Invalid argument supplied for foreach() /home/admin/domains/spshd.com/public_html/khachhang/application/views/tab4.php 394
ERROR - 2020-03-12 04:48:54 --> Could not find the language line "Đóng"
ERROR - 2020-03-12 04:48:54 --> Could not find the language line "Xác Nhận"
ERROR - 2020-03-12 04:48:54 --> Severity: Warning --> Invalid argument supplied for foreach() /home/admin/domains/spshd.com/public_html/khachhang/application/views/app.php 157
ERROR - 2020-03-12 04:48:54 --> Severity: Warning --> Invalid argument supplied for foreach() /home/admin/domains/spshd.com/public_html/khachhang/application/views/app.php 168
ERROR - 2020-03-12 04:48:54 --> Could not find the language line "Đóng"
ERROR - 2020-03-12 04:48:54 --> Could not find the language line "Xác Nhận"
ERROR - 2020-03-12 04:48:54 --> Could not find the language line "Đóng"
ERROR - 2020-03-12 04:48:54 --> Could not find the language line "Xác Nhận"
ERROR - 2020-03-12 04:50:20 --> Severity: Warning --> Invalid argument supplied for foreach() /home/admin/domains/spshd.com/public_html/khachhang/application/views/tab2.php 37
ERROR - 2020-03-12 04:50:20 --> Could not find the language line "Tạo Điểm Lấy Hàng"
ERROR - 2020-03-12 04:50:20 --> Could not find the language line "Tạo Đơn Hàng"
ERROR - 2020-03-12 04:50:20 --> Severity: Warning --> Invalid argument supplied for foreach() /home/admin/domains/spshd.com/public_html/khachhang/application/views/tab4.php 394
ERROR - 2020-03-12 04:50:20 --> Could not find the language line "Đóng"
ERROR - 2020-03-12 04:50:20 --> Could not find the language line "Xác Nhận"
ERROR - 2020-03-12 04:50:20 --> Severity: Warning --> Invalid argument supplied for foreach() /home/admin/domains/spshd.com/public_html/khachhang/application/views/app.php 157
ERROR - 2020-03-12 04:50:20 --> Severity: Warning --> Invalid argument supplied for foreach() /home/admin/domains/spshd.com/public_html/khachhang/application/views/app.php 168
ERROR - 2020-03-12 04:50:20 --> Could not find the language line "Đóng"
ERROR - 2020-03-12 04:50:20 --> Could not find the language line "Xác Nhận"
ERROR - 2020-03-12 04:50:20 --> Could not find the language line "Đóng"
ERROR - 2020-03-12 04:50:20 --> Could not find the language line "Xác Nhận"
ERROR - 2020-03-12 04:55:26 --> Severity: Warning --> Invalid argument supplied for foreach() /home/admin/domains/spshd.com/public_html/khachhang/application/views/tab2.php 37
ERROR - 2020-03-12 04:55:26 --> Could not find the language line "Tạo Điểm Lấy Hàng"
ERROR - 2020-03-12 04:55:26 --> Could not find the language line "Tạo Đơn Hàng"
ERROR - 2020-03-12 04:55:26 --> Severity: Warning --> Invalid argument supplied for foreach() /home/admin/domains/spshd.com/public_html/khachhang/application/views/tab4.php 394
ERROR - 2020-03-12 04:55:26 --> Could not find the language line "Đóng"
ERROR - 2020-03-12 04:55:26 --> Could not find the language line "Xác Nhận"
ERROR - 2020-03-12 04:55:26 --> Severity: Warning --> Invalid argument supplied for foreach() /home/admin/domains/spshd.com/public_html/khachhang/application/views/app.php 157
ERROR - 2020-03-12 04:55:26 --> Severity: Warning --> Invalid argument supplied for foreach() /home/admin/domains/spshd.com/public_html/khachhang/application/views/app.php 168
ERROR - 2020-03-12 04:55:26 --> Could not find the language line "Đóng"
ERROR - 2020-03-12 04:55:26 --> Could not find the language line "Xác Nhận"
ERROR - 2020-03-12 04:55:26 --> Could not find the language line "Đóng"
ERROR - 2020-03-12 04:55:26 --> Could not find the language line "Xác Nhận"
ERROR - 2020-03-12 06:14:00 --> Severity: Warning --> Invalid argument supplied for foreach() /home/admin/domains/spshd.com/public_html/khachhang/application/views/tab2.php 37
ERROR - 2020-03-12 06:14:00 --> Could not find the language line "Tạo Điểm Lấy Hàng"
ERROR - 2020-03-12 06:14:00 --> Could not find the language line "Tạo Đơn Hàng"
ERROR - 2020-03-12 06:14:00 --> Severity: Warning --> Invalid argument supplied for foreach() /home/admin/domains/spshd.com/public_html/khachhang/application/views/tab4.php 394
ERROR - 2020-03-12 06:14:00 --> Could not find the language line "Đóng"
ERROR - 2020-03-12 06:14:00 --> Could not find the language line "Xác Nhận"
ERROR - 2020-03-12 06:14:00 --> Severity: Warning --> Invalid argument supplied for foreach() /home/admin/domains/spshd.com/public_html/khachhang/application/views/app.php 157
ERROR - 2020-03-12 06:14:00 --> Severity: Warning --> Invalid argument supplied for foreach() /home/admin/domains/spshd.com/public_html/khachhang/application/views/app.php 168
ERROR - 2020-03-12 06:14:00 --> Could not find the language line "Đóng"
ERROR - 2020-03-12 06:14:00 --> Could not find the language line "Xác Nhận"
ERROR - 2020-03-12 06:14:00 --> Could not find the language line "Đóng"
ERROR - 2020-03-12 06:14:00 --> Could not find the language line "Xác Nhận"
ERROR - 2020-03-12 06:21:05 --> Severity: Warning --> Invalid argument supplied for foreach() /home/admin/domains/spshd.com/public_html/khachhang/application/views/tab2.php 37
ERROR - 2020-03-12 06:21:05 --> Could not find the language line "Tạo Điểm Lấy Hàng"
ERROR - 2020-03-12 06:21:05 --> Could not find the language line "Tạo Đơn Hàng"
ERROR - 2020-03-12 06:21:05 --> Severity: Warning --> Invalid argument supplied for foreach() /home/admin/domains/spshd.com/public_html/khachhang/application/views/tab4.php 394
ERROR - 2020-03-12 06:21:05 --> Could not find the language line "Đóng"
ERROR - 2020-03-12 06:21:05 --> Could not find the language line "Xác Nhận"
ERROR - 2020-03-12 06:21:05 --> Severity: Warning --> Invalid argument supplied for foreach() /home/admin/domains/spshd.com/public_html/khachhang/application/views/app.php 157
ERROR - 2020-03-12 06:21:05 --> Severity: Warning --> Invalid argument supplied for foreach() /home/admin/domains/spshd.com/public_html/khachhang/application/views/app.php 168
ERROR - 2020-03-12 06:21:05 --> Could not find the language line "Đóng"
ERROR - 2020-03-12 06:21:05 --> Could not find the language line "Xác Nhận"
ERROR - 2020-03-12 06:21:05 --> Could not find the language line "Đóng"
ERROR - 2020-03-12 06:21:05 --> Could not find the language line "Xác Nhận"
ERROR - 2020-03-12 06:22:50 --> Severity: Warning --> Invalid argument supplied for foreach() /home/admin/domains/spshd.com/public_html/khachhang/application/views/tab2.php 37
ERROR - 2020-03-12 06:22:50 --> Could not find the language line "Tạo Điểm Lấy Hàng"
ERROR - 2020-03-12 06:22:50 --> Could not find the language line "Tạo Đơn Hàng"
ERROR - 2020-03-12 06:22:50 --> Severity: Warning --> Invalid argument supplied for foreach() /home/admin/domains/spshd.com/public_html/khachhang/application/views/tab4.php 394
ERROR - 2020-03-12 06:22:50 --> Could not find the language line "Đóng"
ERROR - 2020-03-12 06:22:50 --> Could not find the language line "Xác Nhận"
ERROR - 2020-03-12 06:22:50 --> Severity: Warning --> Invalid argument supplied for foreach() /home/admin/domains/spshd.com/public_html/khachhang/application/views/app.php 157
ERROR - 2020-03-12 06:22:50 --> Severity: Warning --> Invalid argument supplied for foreach() /home/admin/domains/spshd.com/public_html/khachhang/application/views/app.php 168
ERROR - 2020-03-12 06:22:50 --> Could not find the language line "Đóng"
ERROR - 2020-03-12 06:22:50 --> Could not find the language line "Xác Nhận"
ERROR - 2020-03-12 06:22:50 --> Could not find the language line "Đóng"
ERROR - 2020-03-12 06:22:50 --> Could not find the language line "Xác Nhận"
ERROR - 2020-03-12 06:25:40 --> Could not find the language line "Email"
ERROR - 2020-03-12 06:25:40 --> Could not find the language line "password"
ERROR - 2020-03-12 06:25:46 --> Severity: Warning --> Invalid argument supplied for foreach() /home/admin/domains/spshd.com/public_html/khachhang/application/views/tab2.php 37
ERROR - 2020-03-12 06:25:46 --> Could not find the language line "Tạo Điểm Lấy Hàng"
ERROR - 2020-03-12 06:25:46 --> Could not find the language line "Tạo Đơn Hàng"
ERROR - 2020-03-12 06:25:46 --> Severity: Warning --> Invalid argument supplied for foreach() /home/admin/domains/spshd.com/public_html/khachhang/application/views/tab4.php 394
ERROR - 2020-03-12 06:25:46 --> Could not find the language line "Đóng"
ERROR - 2020-03-12 06:25:46 --> Could not find the language line "Xác Nhận"
ERROR - 2020-03-12 06:25:46 --> Severity: Warning --> Invalid argument supplied for foreach() /home/admin/domains/spshd.com/public_html/khachhang/application/views/app.php 157
ERROR - 2020-03-12 06:25:46 --> Severity: Warning --> Invalid argument supplied for foreach() /home/admin/domains/spshd.com/public_html/khachhang/application/views/app.php 168
ERROR - 2020-03-12 06:25:46 --> Could not find the language line "Đóng"
ERROR - 2020-03-12 06:25:46 --> Could not find the language line "Xác Nhận"
ERROR - 2020-03-12 06:25:46 --> Could not find the language line "Đóng"
ERROR - 2020-03-12 06:25:46 --> Could not find the language line "Xác Nhận"
ERROR - 2020-03-12 06:27:07 --> Could not find the language line "Email"
ERROR - 2020-03-12 06:27:07 --> Could not find the language line "password"
ERROR - 2020-03-12 06:27:09 --> Could not find the language line "Email"
ERROR - 2020-03-12 06:27:09 --> Could not find the language line "password"
ERROR - 2020-03-12 06:27:09 --> Could not find the language line "Email"
ERROR - 2020-03-12 06:27:09 --> Could not find the language line "password"
ERROR - 2020-03-12 06:27:09 --> Could not find the language line "Email"
ERROR - 2020-03-12 06:27:09 --> Could not find the language line "password"
ERROR - 2020-03-12 06:27:10 --> Severity: Warning --> Invalid argument supplied for foreach() /home/admin/domains/spshd.com/public_html/khachhang/application/views/tab2.php 37
ERROR - 2020-03-12 06:27:10 --> Could not find the language line "Tạo Điểm Lấy Hàng"
ERROR - 2020-03-12 06:27:10 --> Could not find the language line "Tạo Đơn Hàng"
ERROR - 2020-03-12 06:27:10 --> Severity: Warning --> Invalid argument supplied for foreach() /home/admin/domains/spshd.com/public_html/khachhang/application/views/tab4.php 394
ERROR - 2020-03-12 06:27:10 --> Could not find the language line "Đóng"
ERROR - 2020-03-12 06:27:10 --> Could not find the language line "Xác Nhận"
ERROR - 2020-03-12 06:27:10 --> Severity: Warning --> Invalid argument supplied for foreach() /home/admin/domains/spshd.com/public_html/khachhang/application/views/app.php 157
ERROR - 2020-03-12 06:27:10 --> Severity: Warning --> Invalid argument supplied for foreach() /home/admin/domains/spshd.com/public_html/khachhang/application/views/app.php 168
ERROR - 2020-03-12 06:27:10 --> Could not find the language line "Đóng"
ERROR - 2020-03-12 06:27:10 --> Could not find the language line "Xác Nhận"
ERROR - 2020-03-12 06:27:10 --> Could not find the language line "Đóng"
ERROR - 2020-03-12 06:27:10 --> Could not find the language line "Xác Nhận"
ERROR - 2020-03-12 06:28:38 --> Severity: Warning --> Invalid argument supplied for foreach() /home/admin/domains/spshd.com/public_html/khachhang/application/views/tab2.php 37
ERROR - 2020-03-12 06:28:38 --> Could not find the language line "Tạo Điểm Lấy Hàng"
ERROR - 2020-03-12 06:28:38 --> Could not find the language line "Tạo Đơn Hàng"
ERROR - 2020-03-12 06:28:38 --> Severity: Warning --> Invalid argument supplied for foreach() /home/admin/domains/spshd.com/public_html/khachhang/application/views/tab4.php 394
ERROR - 2020-03-12 06:28:38 --> Could not find the language line "Đóng"
ERROR - 2020-03-12 06:28:38 --> Could not find the language line "Xác Nhận"
ERROR - 2020-03-12 06:28:38 --> Severity: Warning --> Invalid argument supplied for foreach() /home/admin/domains/spshd.com/public_html/khachhang/application/views/app.php 157
ERROR - 2020-03-12 06:28:38 --> Severity: Warning --> Invalid argument supplied for foreach() /home/admin/domains/spshd.com/public_html/khachhang/application/views/app.php 168
ERROR - 2020-03-12 06:28:38 --> Could not find the language line "Đóng"
ERROR - 2020-03-12 06:28:38 --> Could not find the language line "Xác Nhận"
ERROR - 2020-03-12 06:28:38 --> Could not find the language line "Đóng"
ERROR - 2020-03-12 06:28:38 --> Could not find the language line "Xác Nhận"
ERROR - 2020-03-12 06:31:19 --> Severity: Warning --> Invalid argument supplied for foreach() /home/admin/domains/spshd.com/public_html/khachhang/application/views/tab2.php 37
ERROR - 2020-03-12 06:31:19 --> Could not find the language line "Tạo Điểm Lấy Hàng"
ERROR - 2020-03-12 06:31:19 --> Could not find the language line "Tạo Đơn Hàng"
ERROR - 2020-03-12 06:31:19 --> Severity: Warning --> Invalid argument supplied for foreach() /home/admin/domains/spshd.com/public_html/khachhang/application/views/tab4.php 394
ERROR - 2020-03-12 06:31:19 --> Could not find the language line "Đóng"
ERROR - 2020-03-12 06:31:19 --> Could not find the language line "Xác Nhận"
ERROR - 2020-03-12 06:31:19 --> Severity: Warning --> Invalid argument supplied for foreach() /home/admin/domains/spshd.com/public_html/khachhang/application/views/app.php 157
ERROR - 2020-03-12 06:31:19 --> Severity: Warning --> Invalid argument supplied for foreach() /home/admin/domains/spshd.com/public_html/khachhang/application/views/app.php 168
ERROR - 2020-03-12 06:31:19 --> Could not find the language line "Đóng"
ERROR - 2020-03-12 06:31:19 --> Could not find the language line "Xác Nhận"
ERROR - 2020-03-12 06:31:19 --> Could not find the language line "Đóng"
ERROR - 2020-03-12 06:31:19 --> Could not find the language line "Xác Nhận"
ERROR - 2020-03-12 06:32:11 --> Severity: Warning --> Invalid argument supplied for foreach() /home/admin/domains/spshd.com/public_html/khachhang/application/views/tab2.php 37
ERROR - 2020-03-12 06:32:11 --> Could not find the language line "Tạo Điểm Lấy Hàng"
ERROR - 2020-03-12 06:32:11 --> Could not find the language line "Tạo Đơn Hàng"
ERROR - 2020-03-12 06:32:11 --> Severity: Warning --> Invalid argument supplied for foreach() /home/admin/domains/spshd.com/public_html/khachhang/application/views/tab4.php 394
ERROR - 2020-03-12 06:32:11 --> Could not find the language line "Đóng"
ERROR - 2020-03-12 06:32:11 --> Could not find the language line "Xác Nhận"
ERROR - 2020-03-12 06:32:11 --> Severity: Warning --> Invalid argument supplied for foreach() /home/admin/domains/spshd.com/public_html/khachhang/application/views/app.php 157
ERROR - 2020-03-12 06:32:11 --> Severity: Warning --> Invalid argument supplied for foreach() /home/admin/domains/spshd.com/public_html/khachhang/application/views/app.php 168
ERROR - 2020-03-12 06:32:11 --> Could not find the language line "Đóng"
ERROR - 2020-03-12 06:32:11 --> Could not find the language line "Xác Nhận"
ERROR - 2020-03-12 06:32:11 --> Could not find the language line "Đóng"
ERROR - 2020-03-12 06:32:11 --> Could not find the language line "Xác Nhận"
ERROR - 2020-03-12 06:35:13 --> Severity: Warning --> Invalid argument supplied for foreach() /home/admin/domains/spshd.com/public_html/khachhang/application/views/tab2.php 37
ERROR - 2020-03-12 06:35:13 --> Could not find the language line "Tạo Điểm Lấy Hàng"
ERROR - 2020-03-12 06:35:13 --> Could not find the language line "Tạo Đơn Hàng"
ERROR - 2020-03-12 06:35:13 --> Severity: Warning --> Invalid argument supplied for foreach() /home/admin/domains/spshd.com/public_html/khachhang/application/views/tab4.php 394
ERROR - 2020-03-12 06:35:13 --> Could not find the language line "Đóng"
ERROR - 2020-03-12 06:35:13 --> Could not find the language line "Xác Nhận"
ERROR - 2020-03-12 06:35:13 --> Severity: Warning --> Invalid argument supplied for foreach() /home/admin/domains/spshd.com/public_html/khachhang/application/views/app.php 157
ERROR - 2020-03-12 06:35:13 --> Severity: Warning --> Invalid argument supplied for foreach() /home/admin/domains/spshd.com/public_html/khachhang/application/views/app.php 168
ERROR - 2020-03-12 06:35:13 --> Could not find the language line "Đóng"
ERROR - 2020-03-12 06:35:13 --> Could not find the language line "Xác Nhận"
ERROR - 2020-03-12 06:35:13 --> Could not find the language line "Đóng"
ERROR - 2020-03-12 06:35:13 --> Could not find the language line "Xác Nhận"
ERROR - 2020-03-12 06:41:52 --> Severity: Warning --> Invalid argument supplied for foreach() /home/admin/domains/spshd.com/public_html/khachhang/application/views/tab2.php 37
ERROR - 2020-03-12 06:41:52 --> Could not find the language line "Tạo Điểm Lấy Hàng"
ERROR - 2020-03-12 06:41:52 --> Could not find the language line "Tạo Đơn Hàng"
ERROR - 2020-03-12 06:41:52 --> Severity: Warning --> Invalid argument supplied for foreach() /home/admin/domains/spshd.com/public_html/khachhang/application/views/tab4.php 394
ERROR - 2020-03-12 06:41:52 --> Could not find the language line "Đóng"
ERROR - 2020-03-12 06:41:52 --> Could not find the language line "Xác Nhận"
ERROR - 2020-03-12 06:41:52 --> Severity: Warning --> Invalid argument supplied for foreach() /home/admin/domains/spshd.com/public_html/khachhang/application/views/app.php 157
ERROR - 2020-03-12 06:41:52 --> Severity: Warning --> Invalid argument supplied for foreach() /home/admin/domains/spshd.com/public_html/khachhang/application/views/app.php 168
ERROR - 2020-03-12 06:41:52 --> Could not find the language line "Đóng"
ERROR - 2020-03-12 06:41:52 --> Could not find the language line "Xác Nhận"
ERROR - 2020-03-12 06:41:52 --> Could not find the language line "Đóng"
ERROR - 2020-03-12 06:41:52 --> Could not find the language line "Xác Nhận"
ERROR - 2020-03-12 06:43:14 --> Severity: Warning --> Invalid argument supplied for foreach() /home/admin/domains/spshd.com/public_html/khachhang/application/views/tab2.php 37
ERROR - 2020-03-12 06:43:14 --> Could not find the language line "Tạo Điểm Lấy Hàng"
ERROR - 2020-03-12 06:43:14 --> Could not find the language line "Tạo Đơn Hàng"
ERROR - 2020-03-12 06:43:14 --> Severity: Warning --> Invalid argument supplied for foreach() /home/admin/domains/spshd.com/public_html/khachhang/application/views/tab4.php 394
ERROR - 2020-03-12 06:43:14 --> Could not find the language line "Đóng"
ERROR - 2020-03-12 06:43:14 --> Could not find the language line "Xác Nhận"
ERROR - 2020-03-12 06:43:14 --> Severity: Warning --> Invalid argument supplied for foreach() /home/admin/domains/spshd.com/public_html/khachhang/application/views/app.php 157
ERROR - 2020-03-12 06:43:14 --> Severity: Warning --> Invalid argument supplied for foreach() /home/admin/domains/spshd.com/public_html/khachhang/application/views/app.php 168
ERROR - 2020-03-12 06:43:14 --> Could not find the language line "Đóng"
ERROR - 2020-03-12 06:43:14 --> Could not find the language line "Xác Nhận"
ERROR - 2020-03-12 06:43:14 --> Could not find the language line "Đóng"
ERROR - 2020-03-12 06:43:14 --> Could not find the language line "Xác Nhận"
ERROR - 2020-03-12 06:43:41 --> Severity: Warning --> Invalid argument supplied for foreach() /home/admin/domains/spshd.com/public_html/khachhang/application/views/tab2.php 37
ERROR - 2020-03-12 06:43:41 --> Could not find the language line "Tạo Điểm Lấy Hàng"
ERROR - 2020-03-12 06:43:41 --> Could not find the language line "Tạo Đơn Hàng"
ERROR - 2020-03-12 06:43:41 --> Severity: Warning --> Invalid argument supplied for foreach() /home/admin/domains/spshd.com/public_html/khachhang/application/views/tab4.php 394
ERROR - 2020-03-12 06:43:41 --> Could not find the language line "Đóng"
ERROR - 2020-03-12 06:43:41 --> Could not find the language line "Xác Nhận"
ERROR - 2020-03-12 06:43:41 --> Severity: Warning --> Invalid argument supplied for foreach() /home/admin/domains/spshd.com/public_html/khachhang/application/views/app.php 157
ERROR - 2020-03-12 06:43:41 --> Severity: Warning --> Invalid argument supplied for foreach() /home/admin/domains/spshd.com/public_html/khachhang/application/views/app.php 168
ERROR - 2020-03-12 06:43:41 --> Could not find the language line "Đóng"
ERROR - 2020-03-12 06:43:41 --> Could not find the language line "Xác Nhận"
ERROR - 2020-03-12 06:43:41 --> Could not find the language line "Đóng"
ERROR - 2020-03-12 06:43:41 --> Could not find the language line "Xác Nhận"
ERROR - 2020-03-12 07:13:43 --> Severity: Warning --> Invalid argument supplied for foreach() /home/admin/domains/spshd.com/public_html/khachhang/application/views/tab2.php 37
ERROR - 2020-03-12 07:13:43 --> Could not find the language line "Tạo Điểm Lấy Hàng"
ERROR - 2020-03-12 07:13:43 --> Could not find the language line "Tạo Đơn Hàng"
ERROR - 2020-03-12 07:13:43 --> Severity: Warning --> Invalid argument supplied for foreach() /home/admin/domains/spshd.com/public_html/khachhang/application/views/tab4.php 394
ERROR - 2020-03-12 07:13:43 --> Could not find the language line "Đóng"
ERROR - 2020-03-12 07:13:43 --> Could not find the language line "Xác Nhận"
ERROR - 2020-03-12 07:13:43 --> Severity: Warning --> Invalid argument supplied for foreach() /home/admin/domains/spshd.com/public_html/khachhang/application/views/app.php 157
ERROR - 2020-03-12 07:13:43 --> Severity: Warning --> Invalid argument supplied for foreach() /home/admin/domains/spshd.com/public_html/khachhang/application/views/app.php 168
ERROR - 2020-03-12 07:13:43 --> Could not find the language line "Đóng"
ERROR - 2020-03-12 07:13:43 --> Could not find the language line "Xác Nhận"
ERROR - 2020-03-12 07:13:43 --> Could not find the language line "Đóng"
ERROR - 2020-03-12 07:13:43 --> Could not find the language line "Xác Nhận"
ERROR - 2020-03-12 08:31:44 --> Severity: Warning --> Invalid argument supplied for foreach() /home/admin/domains/spshd.com/public_html/khachhang/application/views/tab2.php 37
ERROR - 2020-03-12 08:31:44 --> Could not find the language line "Tạo Điểm Lấy Hàng"
ERROR - 2020-03-12 08:31:44 --> Could not find the language line "Tạo Đơn Hàng"
ERROR - 2020-03-12 08:31:44 --> Severity: Warning --> Invalid argument supplied for foreach() /home/admin/domains/spshd.com/public_html/khachhang/application/views/tab4.php 394
ERROR - 2020-03-12 08:31:44 --> Could not find the language line "Đóng"
ERROR - 2020-03-12 08:31:44 --> Could not find the language line "Xác Nhận"
ERROR - 2020-03-12 08:31:44 --> Severity: Warning --> Invalid argument supplied for foreach() /home/admin/domains/spshd.com/public_html/khachhang/application/views/app.php 157
ERROR - 2020-03-12 08:31:44 --> Severity: Warning --> Invalid argument supplied for foreach() /home/admin/domains/spshd.com/public_html/khachhang/application/views/app.php 168
ERROR - 2020-03-12 08:31:44 --> Could not find the language line "Đóng"
ERROR - 2020-03-12 08:31:44 --> Could not find the language line "Xác Nhận"
ERROR - 2020-03-12 08:31:44 --> Could not find the language line "Đóng"
ERROR - 2020-03-12 08:31:44 --> Could not find the language line "Xác Nhận"
ERROR - 2020-03-12 08:54:00 --> Severity: Warning --> Invalid argument supplied for foreach() /home/admin/domains/spshd.com/public_html/khachhang/application/views/tab2.php 37
ERROR - 2020-03-12 08:54:00 --> Could not find the language line "Tạo Điểm Lấy Hàng"
ERROR - 2020-03-12 08:54:00 --> Could not find the language line "Tạo Đơn Hàng"
ERROR - 2020-03-12 08:54:00 --> Severity: Warning --> Invalid argument supplied for foreach() /home/admin/domains/spshd.com/public_html/khachhang/application/views/tab4.php 394
ERROR - 2020-03-12 08:54:00 --> Could not find the language line "Đóng"
ERROR - 2020-03-12 08:54:00 --> Could not find the language line "Xác Nhận"
ERROR - 2020-03-12 08:54:00 --> Severity: Warning --> Invalid argument supplied for foreach() /home/admin/domains/spshd.com/public_html/khachhang/application/views/app.php 157
ERROR - 2020-03-12 08:54:00 --> Severity: Warning --> Invalid argument supplied for foreach() /home/admin/domains/spshd.com/public_html/khachhang/application/views/app.php 168
ERROR - 2020-03-12 08:54:00 --> Could not find the language line "Đóng"
ERROR - 2020-03-12 08:54:00 --> Could not find the language line "Xác Nhận"
ERROR - 2020-03-12 08:54:00 --> Could not find the language line "Đóng"
ERROR - 2020-03-12 08:54:00 --> Could not find the language line "Xác Nhận"
ERROR - 2020-03-12 09:27:31 --> Severity: Warning --> Invalid argument supplied for foreach() /home/admin/domains/spshd.com/public_html/khachhang/application/views/tab2.php 37
ERROR - 2020-03-12 09:27:31 --> Could not find the language line "Tạo Điểm Lấy Hàng"
ERROR - 2020-03-12 09:27:31 --> Could not find the language line "Tạo Đơn Hàng"
ERROR - 2020-03-12 09:27:31 --> Severity: Warning --> Invalid argument supplied for foreach() /home/admin/domains/spshd.com/public_html/khachhang/application/views/tab4.php 394
ERROR - 2020-03-12 09:27:31 --> Could not find the language line "Đóng"
ERROR - 2020-03-12 09:27:31 --> Could not find the language line "Xác Nhận"
ERROR - 2020-03-12 09:27:31 --> Severity: Warning --> Invalid argument supplied for foreach() /home/admin/domains/spshd.com/public_html/khachhang/application/views/app.php 157
ERROR - 2020-03-12 09:27:31 --> Severity: Warning --> Invalid argument supplied for foreach() /home/admin/domains/spshd.com/public_html/khachhang/application/views/app.php 168
ERROR - 2020-03-12 09:27:31 --> Could not find the language line "Đóng"
ERROR - 2020-03-12 09:27:31 --> Could not find the language line "Xác Nhận"
ERROR - 2020-03-12 09:27:31 --> Could not find the language line "Đóng"
ERROR - 2020-03-12 09:27:31 --> Could not find the language line "Xác Nhận"
ERROR - 2020-03-12 09:48:48 --> Severity: Warning --> Invalid argument supplied for foreach() /home/admin/domains/spshd.com/public_html/khachhang/application/views/tab2.php 37
ERROR - 2020-03-12 09:48:48 --> Could not find the language line "Tạo Điểm Lấy Hàng"
ERROR - 2020-03-12 09:48:48 --> Could not find the language line "Tạo Đơn Hàng"
ERROR - 2020-03-12 09:48:48 --> Severity: Warning --> Invalid argument supplied for foreach() /home/admin/domains/spshd.com/public_html/khachhang/application/views/tab4.php 394
ERROR - 2020-03-12 09:48:48 --> Could not find the language line "Đóng"
ERROR - 2020-03-12 09:48:48 --> Could not find the language line "Xác Nhận"
ERROR - 2020-03-12 09:48:48 --> Severity: Warning --> Invalid argument supplied for foreach() /home/admin/domains/spshd.com/public_html/khachhang/application/views/app.php 157
ERROR - 2020-03-12 09:48:48 --> Severity: Warning --> Invalid argument supplied for foreach() /home/admin/domains/spshd.com/public_html/khachhang/application/views/app.php 168
ERROR - 2020-03-12 09:48:48 --> Could not find the language line "Đóng"
ERROR - 2020-03-12 09:48:48 --> Could not find the language line "Xác Nhận"
ERROR - 2020-03-12 09:48:48 --> Could not find the language line "Đóng"
ERROR - 2020-03-12 09:48:48 --> Could not find the language line "Xác Nhận"
ERROR - 2020-03-12 10:15:20 --> Severity: Warning --> Invalid argument supplied for foreach() /home/admin/domains/spshd.com/public_html/khachhang/application/views/tab2.php 37
ERROR - 2020-03-12 10:15:20 --> Could not find the language line "Tạo Điểm Lấy Hàng"
ERROR - 2020-03-12 10:15:20 --> Could not find the language line "Tạo Đơn Hàng"
ERROR - 2020-03-12 10:15:20 --> Severity: Warning --> Invalid argument supplied for foreach() /home/admin/domains/spshd.com/public_html/khachhang/application/views/tab4.php 394
ERROR - 2020-03-12 10:15:20 --> Could not find the language line "Đóng"
ERROR - 2020-03-12 10:15:20 --> Could not find the language line "Xác Nhận"
ERROR - 2020-03-12 10:15:20 --> Severity: Warning --> Invalid argument supplied for foreach() /home/admin/domains/spshd.com/public_html/khachhang/application/views/app.php 157
ERROR - 2020-03-12 10:15:20 --> Severity: Warning --> Invalid argument supplied for foreach() /home/admin/domains/spshd.com/public_html/khachhang/application/views/app.php 168
ERROR - 2020-03-12 10:15:20 --> Could not find the language line "Đóng"
ERROR - 2020-03-12 10:15:20 --> Could not find the language line "Xác Nhận"
ERROR - 2020-03-12 10:15:21 --> Could not find the language line "Đóng"
ERROR - 2020-03-12 10:15:21 --> Could not find the language line "Xác Nhận"
ERROR - 2020-03-12 10:32:47 --> Severity: Warning --> Invalid argument supplied for foreach() /home/admin/domains/spshd.com/public_html/khachhang/application/views/tab2.php 37
ERROR - 2020-03-12 10:32:47 --> Could not find the language line "Tạo Điểm Lấy Hàng"
ERROR - 2020-03-12 10:32:47 --> Could not find the language line "Tạo Đơn Hàng"
ERROR - 2020-03-12 10:32:47 --> Severity: Warning --> Invalid argument supplied for foreach() /home/admin/domains/spshd.com/public_html/khachhang/application/views/tab4.php 394
ERROR - 2020-03-12 10:32:47 --> Could not find the language line "Đóng"
ERROR - 2020-03-12 10:32:47 --> Could not find the language line "Xác Nhận"
ERROR - 2020-03-12 10:32:47 --> Severity: Warning --> Invalid argument supplied for foreach() /home/admin/domains/spshd.com/public_html/khachhang/application/views/app.php 157
ERROR - 2020-03-12 10:32:47 --> Severity: Warning --> Invalid argument supplied for foreach() /home/admin/domains/spshd.com/public_html/khachhang/application/views/app.php 168
ERROR - 2020-03-12 10:32:47 --> Could not find the language line "Đóng"
ERROR - 2020-03-12 10:32:47 --> Could not find the language line "Xác Nhận"
ERROR - 2020-03-12 10:32:47 --> Could not find the language line "Đóng"
ERROR - 2020-03-12 10:32:47 --> Could not find the language line "Xác Nhận"
ERROR - 2020-03-12 11:00:10 --> Severity: Warning --> Invalid argument supplied for foreach() /home/admin/domains/spshd.com/public_html/khachhang/application/views/tab2.php 37
ERROR - 2020-03-12 11:00:10 --> Could not find the language line "Tạo Điểm Lấy Hàng"
ERROR - 2020-03-12 11:00:10 --> Could not find the language line "Tạo Đơn Hàng"
ERROR - 2020-03-12 11:00:10 --> Severity: Warning --> Invalid argument supplied for foreach() /home/admin/domains/spshd.com/public_html/khachhang/application/views/tab4.php 394
ERROR - 2020-03-12 11:00:10 --> Could not find the language line "Đóng"
ERROR - 2020-03-12 11:00:10 --> Could not find the language line "Xác Nhận"
ERROR - 2020-03-12 11:00:10 --> Severity: Warning --> Invalid argument supplied for foreach() /home/admin/domains/spshd.com/public_html/khachhang/application/views/app.php 157
ERROR - 2020-03-12 11:00:10 --> Severity: Warning --> Invalid argument supplied for foreach() /home/admin/domains/spshd.com/public_html/khachhang/application/views/app.php 168
ERROR - 2020-03-12 11:00:10 --> Could not find the language line "Đóng"
ERROR - 2020-03-12 11:00:10 --> Could not find the language line "Xác Nhận"
ERROR - 2020-03-12 11:00:10 --> Could not find the language line "Đóng"
ERROR - 2020-03-12 11:00:10 --> Could not find the language line "Xác Nhận"
ERROR - 2020-03-12 11:49:23 --> Severity: Warning --> Invalid argument supplied for foreach() /home/admin/domains/spshd.com/public_html/khachhang/application/views/tab2.php 37
ERROR - 2020-03-12 11:49:23 --> Could not find the language line "Tạo Điểm Lấy Hàng"
ERROR - 2020-03-12 11:49:23 --> Could not find the language line "Tạo Đơn Hàng"
ERROR - 2020-03-12 11:49:23 --> Severity: Warning --> Invalid argument supplied for foreach() /home/admin/domains/spshd.com/public_html/khachhang/application/views/tab4.php 394
ERROR - 2020-03-12 11:49:23 --> Could not find the language line "Đóng"
ERROR - 2020-03-12 11:49:23 --> Could not find the language line "Xác Nhận"
ERROR - 2020-03-12 11:49:23 --> Severity: Warning --> Invalid argument supplied for foreach() /home/admin/domains/spshd.com/public_html/khachhang/application/views/app.php 157
ERROR - 2020-03-12 11:49:23 --> Severity: Warning --> Invalid argument supplied for foreach() /home/admin/domains/spshd.com/public_html/khachhang/application/views/app.php 168
ERROR - 2020-03-12 11:49:23 --> Could not find the language line "Đóng"
ERROR - 2020-03-12 11:49:23 --> Could not find the language line "Xác Nhận"
ERROR - 2020-03-12 11:49:23 --> Could not find the language line "Đóng"
ERROR - 2020-03-12 11:49:23 --> Could not find the language line "Xác Nhận"
ERROR - 2020-03-12 14:15:06 --> Severity: Warning --> Invalid argument supplied for foreach() /home/admin/domains/spshd.com/public_html/khachhang/application/views/tab2.php 37
ERROR - 2020-03-12 14:15:06 --> Could not find the language line "Tạo Điểm Lấy Hàng"
ERROR - 2020-03-12 14:15:06 --> Could not find the language line "Tạo Đơn Hàng"
ERROR - 2020-03-12 14:15:06 --> Severity: Warning --> Invalid argument supplied for foreach() /home/admin/domains/spshd.com/public_html/khachhang/application/views/tab4.php 394
ERROR - 2020-03-12 14:15:06 --> Could not find the language line "Đóng"
ERROR - 2020-03-12 14:15:06 --> Could not find the language line "Xác Nhận"
ERROR - 2020-03-12 14:15:06 --> Severity: Warning --> Invalid argument supplied for foreach() /home/admin/domains/spshd.com/public_html/khachhang/application/views/app.php 157
ERROR - 2020-03-12 14:15:06 --> Severity: Warning --> Invalid argument supplied for foreach() /home/admin/domains/spshd.com/public_html/khachhang/application/views/app.php 168
ERROR - 2020-03-12 14:15:06 --> Could not find the language line "Đóng"
ERROR - 2020-03-12 14:15:06 --> Could not find the language line "Xác Nhận"
ERROR - 2020-03-12 14:15:06 --> Could not find the language line "Đóng"
ERROR - 2020-03-12 14:15:06 --> Could not find the language line "Xác Nhận"
ERROR - 2020-03-12 15:28:13 --> Could not find the language line "Email"
ERROR - 2020-03-12 15:28:13 --> Could not find the language line "password"
ERROR - 2020-03-12 17:36:57 --> Could not find the language line "Email"
ERROR - 2020-03-12 17:36:57 --> Could not find the language line "password"
ERROR - 2020-03-12 17:37:01 --> Could not find the language line "Email"
ERROR - 2020-03-12 17:37:01 --> Could not find the language line "password"
ERROR - 2020-03-12 17:37:40 --> Could not find the language line "Email"
ERROR - 2020-03-12 17:37:40 --> Could not find the language line "password"
ERROR - 2020-03-12 17:38:04 --> Could not find the language line "Email"
ERROR - 2020-03-12 17:38:04 --> Could not find the language line "password"
ERROR - 2020-03-12 17:38:12 --> Severity: Warning --> Invalid argument supplied for foreach() /home/admin/domains/spshd.com/public_html/khachhang/application/views/tab2.php 37
ERROR - 2020-03-12 17:38:12 --> Could not find the language line "Tạo Điểm Lấy Hàng"
ERROR - 2020-03-12 17:38:12 --> Could not find the language line "Tạo Đơn Hàng"
ERROR - 2020-03-12 17:38:12 --> Severity: Warning --> Invalid argument supplied for foreach() /home/admin/domains/spshd.com/public_html/khachhang/application/views/tab4.php 394
ERROR - 2020-03-12 17:38:12 --> Could not find the language line "Đóng"
ERROR - 2020-03-12 17:38:12 --> Could not find the language line "Xác Nhận"
ERROR - 2020-03-12 17:38:12 --> Severity: Warning --> Invalid argument supplied for foreach() /home/admin/domains/spshd.com/public_html/khachhang/application/views/app.php 157
ERROR - 2020-03-12 17:38:12 --> Severity: Warning --> Invalid argument supplied for foreach() /home/admin/domains/spshd.com/public_html/khachhang/application/views/app.php 168
ERROR - 2020-03-12 17:38:12 --> Could not find the language line "Đóng"
ERROR - 2020-03-12 17:38:12 --> Could not find the language line "Xác Nhận"
ERROR - 2020-03-12 17:38:12 --> Could not find the language line "Đóng"
ERROR - 2020-03-12 17:38:12 --> Could not find the language line "Xác Nhận"
ERROR - 2020-03-12 17:39:15 --> Could not find the language line "Email"
ERROR - 2020-03-12 17:39:15 --> Could not find the language line "password"
ERROR - 2020-03-12 17:40:03 --> Severity: Warning --> Invalid argument supplied for foreach() /home/admin/domains/spshd.com/public_html/khachhang/application/views/tab2.php 37
ERROR - 2020-03-12 17:40:03 --> Could not find the language line "Tạo Điểm Lấy Hàng"
ERROR - 2020-03-12 17:40:03 --> Could not find the language line "Tạo Đơn Hàng"
ERROR - 2020-03-12 17:40:03 --> Severity: Warning --> Invalid argument supplied for foreach() /home/admin/domains/spshd.com/public_html/khachhang/application/views/tab4.php 394
ERROR - 2020-03-12 17:40:03 --> Could not find the language line "Đóng"
ERROR - 2020-03-12 17:40:03 --> Could not find the language line "Xác Nhận"
ERROR - 2020-03-12 17:40:03 --> Severity: Warning --> Invalid argument supplied for foreach() /home/admin/domains/spshd.com/public_html/khachhang/application/views/app.php 157
ERROR - 2020-03-12 17:40:03 --> Severity: Warning --> Invalid argument supplied for foreach() /home/admin/domains/spshd.com/public_html/khachhang/application/views/app.php 168
ERROR - 2020-03-12 17:40:03 --> Could not find the language line "Đóng"
ERROR - 2020-03-12 17:40:03 --> Could not find the language line "Xác Nhận"
ERROR - 2020-03-12 17:40:03 --> Could not find the language line "Đóng"
ERROR - 2020-03-12 17:40:03 --> Could not find the language line "Xác Nhận"
ERROR - 2020-03-12 17:40:18 --> Could not find the language line "Email"
ERROR - 2020-03-12 17:40:18 --> Could not find the language line "password"
ERROR - 2020-03-12 17:40:29 --> Could not find the language line "Email"
ERROR - 2020-03-12 17:40:29 --> Could not find the language line "password"
ERROR - 2020-03-12 17:40:32 --> Could not find the language line "Email"
ERROR - 2020-03-12 17:40:32 --> Could not find the language line "password"
ERROR - 2020-03-12 17:40:43 --> Could not find the language line "Email"
ERROR - 2020-03-12 17:40:43 --> Could not find the language line "password"
ERROR - 2020-03-12 18:31:20 --> Could not find the language line "Email"
ERROR - 2020-03-12 18:31:20 --> Could not find the language line "password"
ERROR - 2020-03-12 18:55:22 --> Severity: Warning --> Invalid argument supplied for foreach() /home/admin/domains/spshd.com/public_html/khachhang/application/views/tab2.php 37
ERROR - 2020-03-12 18:55:22 --> Could not find the language line "Tạo Điểm Lấy Hàng"
ERROR - 2020-03-12 18:55:22 --> Could not find the language line "Tạo Đơn Hàng"
ERROR - 2020-03-12 18:55:22 --> Severity: Warning --> Invalid argument supplied for foreach() /home/admin/domains/spshd.com/public_html/khachhang/application/views/tab4.php 394
ERROR - 2020-03-12 18:55:22 --> Could not find the language line "Đóng"
ERROR - 2020-03-12 18:55:22 --> Could not find the language line "Xác Nhận"
ERROR - 2020-03-12 18:55:22 --> Severity: Warning --> Invalid argument supplied for foreach() /home/admin/domains/spshd.com/public_html/khachhang/application/views/app.php 157
ERROR - 2020-03-12 18:55:22 --> Severity: Warning --> Invalid argument supplied for foreach() /home/admin/domains/spshd.com/public_html/khachhang/application/views/app.php 168
ERROR - 2020-03-12 18:55:22 --> Could not find the language line "Đóng"
ERROR - 2020-03-12 18:55:22 --> Could not find the language line "Xác Nhận"
ERROR - 2020-03-12 18:55:22 --> Could not find the language line "Đóng"
ERROR - 2020-03-12 18:55:22 --> Could not find the language line "Xác Nhận"
ERROR - 2020-03-12 18:55:25 --> Severity: Warning --> Invalid argument supplied for foreach() /home/admin/domains/spshd.com/public_html/khachhang/application/views/tab2.php 37
ERROR - 2020-03-12 18:55:25 --> Could not find the language line "Tạo Điểm Lấy Hàng"
ERROR - 2020-03-12 18:55:25 --> Could not find the language line "Tạo Đơn Hàng"
ERROR - 2020-03-12 18:55:25 --> Severity: Warning --> Invalid argument supplied for foreach() /home/admin/domains/spshd.com/public_html/khachhang/application/views/tab4.php 394
ERROR - 2020-03-12 18:55:25 --> Could not find the language line "Đóng"
ERROR - 2020-03-12 18:55:25 --> Could not find the language line "Xác Nhận"
ERROR - 2020-03-12 18:55:25 --> Severity: Warning --> Invalid argument supplied for foreach() /home/admin/domains/spshd.com/public_html/khachhang/application/views/app.php 157
ERROR - 2020-03-12 18:55:25 --> Severity: Warning --> Invalid argument supplied for foreach() /home/admin/domains/spshd.com/public_html/khachhang/application/views/app.php 168
ERROR - 2020-03-12 18:55:25 --> Could not find the language line "Đóng"
ERROR - 2020-03-12 18:55:25 --> Could not find the language line "Xác Nhận"
ERROR - 2020-03-12 18:55:25 --> Could not find the language line "Đóng"
ERROR - 2020-03-12 18:55:25 --> Could not find the language line "Xác Nhận"
ERROR - 2020-03-12 18:55:34 --> Severity: Warning --> Invalid argument supplied for foreach() /home/admin/domains/spshd.com/public_html/khachhang/application/views/tab2.php 37
ERROR - 2020-03-12 18:55:34 --> Could not find the language line "Tạo Điểm Lấy Hàng"
ERROR - 2020-03-12 18:55:34 --> Could not find the language line "Tạo Đơn Hàng"
ERROR - 2020-03-12 18:55:34 --> Severity: Warning --> Invalid argument supplied for foreach() /home/admin/domains/spshd.com/public_html/khachhang/application/views/tab4.php 394
ERROR - 2020-03-12 18:55:34 --> Could not find the language line "Đóng"
ERROR - 2020-03-12 18:55:34 --> Could not find the language line "Xác Nhận"
ERROR - 2020-03-12 18:55:34 --> Severity: Warning --> Invalid argument supplied for foreach() /home/admin/domains/spshd.com/public_html/khachhang/application/views/app.php 157
ERROR - 2020-03-12 18:55:34 --> Severity: Warning --> Invalid argument supplied for foreach() /home/admin/domains/spshd.com/public_html/khachhang/application/views/app.php 168
ERROR - 2020-03-12 18:55:34 --> Could not find the language line "Đóng"
ERROR - 2020-03-12 18:55:34 --> Could not find the language line "Xác Nhận"
ERROR - 2020-03-12 18:55:34 --> Could not find the language line "Đóng"
ERROR - 2020-03-12 18:55:34 --> Could not find the language line "Xác Nhận"
ERROR - 2020-03-12 19:02:11 --> Could not find the language line "Email"
ERROR - 2020-03-12 19:02:11 --> Could not find the language line "password"
ERROR - 2020-03-12 20:02:40 --> Could not find the language line "Email"
ERROR - 2020-03-12 20:02:40 --> Could not find the language line "password"
ERROR - 2020-03-12 21:44:00 --> Could not find the language line "Email"
ERROR - 2020-03-12 21:44:00 --> Could not find the language line "password"
