ERROR - 2019-12-04 00:31:49 --> Could not find the language line "Tạo Điểm Lấy Hàng"
ERROR - 2019-12-04 00:31:49 --> Could not find the language line "Tạo Đơn Hàng"
ERROR - 2019-12-04 00:31:49 --> Severity: Warning --> Invalid argument supplied for foreach() /home/admin/domains/spshd.com/public_html/khachhang/application/views/tab4.php 394
ERROR - 2019-12-04 00:31:49 --> Could not find the language line "Đóng"
ERROR - 2019-12-04 00:31:49 --> Could not find the language line "Xác Nhận"
ERROR - 2019-12-04 00:31:49 --> Severity: Warning --> Invalid argument supplied for foreach() /home/admin/domains/spshd.com/public_html/khachhang/application/views/app.php 157
ERROR - 2019-12-04 00:31:49 --> Severity: Warning --> Invalid argument supplied for foreach() /home/admin/domains/spshd.com/public_html/khachhang/application/views/app.php 168
ERROR - 2019-12-04 00:31:49 --> Could not find the language line "Đóng"
ERROR - 2019-12-04 00:31:49 --> Could not find the language line "Xác Nhận"
ERROR - 2019-12-04 00:31:49 --> Could not find the language line "Đóng"
ERROR - 2019-12-04 00:31:49 --> Could not find the language line "Xác Nhận"
ERROR - 2019-12-04 01:16:23 --> Could not find the language line "Tạo Điểm Lấy Hàng"
ERROR - 2019-12-04 01:16:23 --> Could not find the language line "Tạo Đơn Hàng"
ERROR - 2019-12-04 01:16:23 --> Severity: Warning --> Invalid argument supplied for foreach() /home/admin/domains/spshd.com/public_html/khachhang/application/views/tab4.php 394
ERROR - 2019-12-04 01:16:23 --> Could not find the language line "Đóng"
ERROR - 2019-12-04 01:16:23 --> Could not find the language line "Xác Nhận"
ERROR - 2019-12-04 01:16:23 --> Severity: Warning --> Invalid argument supplied for foreach() /home/admin/domains/spshd.com/public_html/khachhang/application/views/app.php 157
ERROR - 2019-12-04 01:16:23 --> Severity: Warning --> Invalid argument supplied for foreach() /home/admin/domains/spshd.com/public_html/khachhang/application/views/app.php 168
ERROR - 2019-12-04 01:16:23 --> Could not find the language line "Đóng"
ERROR - 2019-12-04 01:16:23 --> Could not find the language line "Xác Nhận"
ERROR - 2019-12-04 01:16:23 --> Could not find the language line "Đóng"
ERROR - 2019-12-04 01:16:23 --> Could not find the language line "Xác Nhận"
ERROR - 2019-12-04 01:17:15 --> Could not find the language line "Tạo Điểm Lấy Hàng"
ERROR - 2019-12-04 01:17:15 --> Could not find the language line "Tạo Đơn Hàng"
ERROR - 2019-12-04 01:17:15 --> Severity: Warning --> Invalid argument supplied for foreach() /home/admin/domains/spshd.com/public_html/khachhang/application/views/tab4.php 394
ERROR - 2019-12-04 01:17:15 --> Could not find the language line "Đóng"
ERROR - 2019-12-04 01:17:15 --> Could not find the language line "Xác Nhận"
ERROR - 2019-12-04 01:17:15 --> Severity: Warning --> Invalid argument supplied for foreach() /home/admin/domains/spshd.com/public_html/khachhang/application/views/app.php 157
ERROR - 2019-12-04 01:17:15 --> Severity: Warning --> Invalid argument supplied for foreach() /home/admin/domains/spshd.com/public_html/khachhang/application/views/app.php 168
ERROR - 2019-12-04 01:17:15 --> Could not find the language line "Đóng"
ERROR - 2019-12-04 01:17:15 --> Could not find the language line "Xác Nhận"
ERROR - 2019-12-04 01:17:15 --> Could not find the language line "Đóng"
ERROR - 2019-12-04 01:17:15 --> Could not find the language line "Xác Nhận"
ERROR - 2019-12-04 01:52:02 --> Could not find the language line "Tạo Điểm Lấy Hàng"
ERROR - 2019-12-04 01:52:02 --> Could not find the language line "Tạo Đơn Hàng"
ERROR - 2019-12-04 01:52:02 --> Severity: Warning --> Invalid argument supplied for foreach() /home/admin/domains/spshd.com/public_html/khachhang/application/views/tab4.php 394
ERROR - 2019-12-04 01:52:02 --> Could not find the language line "Đóng"
ERROR - 2019-12-04 01:52:02 --> Could not find the language line "Xác Nhận"
ERROR - 2019-12-04 01:52:02 --> Severity: Warning --> Invalid argument supplied for foreach() /home/admin/domains/spshd.com/public_html/khachhang/application/views/app.php 157
ERROR - 2019-12-04 01:52:02 --> Severity: Warning --> Invalid argument supplied for foreach() /home/admin/domains/spshd.com/public_html/khachhang/application/views/app.php 168
ERROR - 2019-12-04 01:52:02 --> Could not find the language line "Đóng"
ERROR - 2019-12-04 01:52:02 --> Could not find the language line "Xác Nhận"
ERROR - 2019-12-04 01:52:02 --> Could not find the language line "Đóng"
ERROR - 2019-12-04 01:52:02 --> Could not find the language line "Xác Nhận"
ERROR - 2019-12-04 02:04:44 --> Could not find the language line "Tạo Điểm Lấy Hàng"
ERROR - 2019-12-04 02:04:44 --> Could not find the language line "Tạo Đơn Hàng"
ERROR - 2019-12-04 02:04:44 --> Severity: Warning --> Invalid argument supplied for foreach() /home/admin/domains/spshd.com/public_html/khachhang/application/views/tab4.php 394
ERROR - 2019-12-04 02:04:44 --> Could not find the language line "Đóng"
ERROR - 2019-12-04 02:04:44 --> Could not find the language line "Xác Nhận"
ERROR - 2019-12-04 02:04:44 --> Severity: Warning --> Invalid argument supplied for foreach() /home/admin/domains/spshd.com/public_html/khachhang/application/views/app.php 157
ERROR - 2019-12-04 02:04:44 --> Severity: Warning --> Invalid argument supplied for foreach() /home/admin/domains/spshd.com/public_html/khachhang/application/views/app.php 168
ERROR - 2019-12-04 02:04:44 --> Could not find the language line "Đóng"
ERROR - 2019-12-04 02:04:44 --> Could not find the language line "Xác Nhận"
ERROR - 2019-12-04 02:04:44 --> Could not find the language line "Đóng"
ERROR - 2019-12-04 02:04:44 --> Could not find the language line "Xác Nhận"
ERROR - 2019-12-04 03:07:30 --> Could not find the language line "Email"
ERROR - 2019-12-04 03:07:30 --> Could not find the language line "password"
ERROR - 2019-12-04 03:25:22 --> Could not find the language line "Tạo Điểm Lấy Hàng"
ERROR - 2019-12-04 03:25:22 --> Could not find the language line "Tạo Đơn Hàng"
ERROR - 2019-12-04 03:25:22 --> Severity: Warning --> Invalid argument supplied for foreach() /home/admin/domains/spshd.com/public_html/khachhang/application/views/tab4.php 394
ERROR - 2019-12-04 03:25:22 --> Could not find the language line "Đóng"
ERROR - 2019-12-04 03:25:22 --> Could not find the language line "Xác Nhận"
ERROR - 2019-12-04 03:25:22 --> Severity: Warning --> Invalid argument supplied for foreach() /home/admin/domains/spshd.com/public_html/khachhang/application/views/app.php 157
ERROR - 2019-12-04 03:25:22 --> Severity: Warning --> Invalid argument supplied for foreach() /home/admin/domains/spshd.com/public_html/khachhang/application/views/app.php 168
ERROR - 2019-12-04 03:25:22 --> Could not find the language line "Đóng"
ERROR - 2019-12-04 03:25:22 --> Could not find the language line "Xác Nhận"
ERROR - 2019-12-04 03:25:22 --> Could not find the language line "Đóng"
ERROR - 2019-12-04 03:25:22 --> Could not find the language line "Xác Nhận"
ERROR - 2019-12-04 03:25:57 --> Could not find the language line "Tạo Điểm Lấy Hàng"
ERROR - 2019-12-04 03:25:57 --> Could not find the language line "Tạo Đơn Hàng"
ERROR - 2019-12-04 03:25:57 --> Severity: Warning --> Invalid argument supplied for foreach() /home/admin/domains/spshd.com/public_html/khachhang/application/views/tab4.php 394
ERROR - 2019-12-04 03:25:57 --> Could not find the language line "Đóng"
ERROR - 2019-12-04 03:25:57 --> Could not find the language line "Xác Nhận"
ERROR - 2019-12-04 03:25:57 --> Severity: Warning --> Invalid argument supplied for foreach() /home/admin/domains/spshd.com/public_html/khachhang/application/views/app.php 157
ERROR - 2019-12-04 03:25:57 --> Severity: Warning --> Invalid argument supplied for foreach() /home/admin/domains/spshd.com/public_html/khachhang/application/views/app.php 168
ERROR - 2019-12-04 03:25:57 --> Could not find the language line "Đóng"
ERROR - 2019-12-04 03:25:57 --> Could not find the language line "Xác Nhận"
ERROR - 2019-12-04 03:25:57 --> Could not find the language line "Đóng"
ERROR - 2019-12-04 03:25:57 --> Could not find the language line "Xác Nhận"
ERROR - 2019-12-04 03:30:12 --> Could not find the language line "Tạo Điểm Lấy Hàng"
ERROR - 2019-12-04 03:30:12 --> Could not find the language line "Tạo Đơn Hàng"
ERROR - 2019-12-04 03:30:12 --> Severity: Warning --> Invalid argument supplied for foreach() /home/admin/domains/spshd.com/public_html/khachhang/application/views/tab4.php 394
ERROR - 2019-12-04 03:30:12 --> Could not find the language line "Đóng"
ERROR - 2019-12-04 03:30:12 --> Could not find the language line "Xác Nhận"
ERROR - 2019-12-04 03:30:12 --> Severity: Warning --> Invalid argument supplied for foreach() /home/admin/domains/spshd.com/public_html/khachhang/application/views/app.php 157
ERROR - 2019-12-04 03:30:12 --> Severity: Warning --> Invalid argument supplied for foreach() /home/admin/domains/spshd.com/public_html/khachhang/application/views/app.php 168
ERROR - 2019-12-04 03:30:12 --> Could not find the language line "Đóng"
ERROR - 2019-12-04 03:30:12 --> Could not find the language line "Xác Nhận"
ERROR - 2019-12-04 03:30:12 --> Could not find the language line "Đóng"
ERROR - 2019-12-04 03:30:12 --> Could not find the language line "Xác Nhận"
ERROR - 2019-12-04 03:32:30 --> Could not find the language line "Tạo Điểm Lấy Hàng"
ERROR - 2019-12-04 03:32:30 --> Could not find the language line "Tạo Đơn Hàng"
ERROR - 2019-12-04 03:32:30 --> Severity: Warning --> Invalid argument supplied for foreach() /home/admin/domains/spshd.com/public_html/khachhang/application/views/tab4.php 394
ERROR - 2019-12-04 03:32:30 --> Could not find the language line "Đóng"
ERROR - 2019-12-04 03:32:30 --> Could not find the language line "Xác Nhận"
ERROR - 2019-12-04 03:32:30 --> Severity: Warning --> Invalid argument supplied for foreach() /home/admin/domains/spshd.com/public_html/khachhang/application/views/app.php 157
ERROR - 2019-12-04 03:32:30 --> Severity: Warning --> Invalid argument supplied for foreach() /home/admin/domains/spshd.com/public_html/khachhang/application/views/app.php 168
ERROR - 2019-12-04 03:32:30 --> Could not find the language line "Đóng"
ERROR - 2019-12-04 03:32:30 --> Could not find the language line "Xác Nhận"
ERROR - 2019-12-04 03:32:30 --> Could not find the language line "Đóng"
ERROR - 2019-12-04 03:32:30 --> Could not find the language line "Xác Nhận"
ERROR - 2019-12-04 03:44:37 --> Could not find the language line "Email"
ERROR - 2019-12-04 03:44:37 --> Could not find the language line "password"
ERROR - 2019-12-04 03:45:00 --> Could not find the language line "Email"
ERROR - 2019-12-04 03:45:00 --> Could not find the language line "password"
ERROR - 2019-12-04 03:45:19 --> Could not find the language line "Email"
ERROR - 2019-12-04 03:45:19 --> Could not find the language line "password"
ERROR - 2019-12-04 03:45:30 --> Could not find the language line "Email"
ERROR - 2019-12-04 03:45:30 --> Could not find the language line "password"
ERROR - 2019-12-04 03:45:50 --> Could not find the language line "Email"
ERROR - 2019-12-04 03:45:50 --> Could not find the language line "password"
ERROR - 2019-12-04 03:46:02 --> Could not find the language line "Email"
ERROR - 2019-12-04 03:46:02 --> Could not find the language line "password"
ERROR - 2019-12-04 04:42:54 --> Could not find the language line "Email"
ERROR - 2019-12-04 04:42:54 --> Could not find the language line "password"
ERROR - 2019-12-04 04:43:14 --> Could not find the language line "Email"
ERROR - 2019-12-04 04:43:14 --> Could not find the language line "password"
ERROR - 2019-12-04 05:45:38 --> Could not find the language line "Tạo Điểm Lấy Hàng"
ERROR - 2019-12-04 05:45:38 --> Could not find the language line "Tạo Đơn Hàng"
ERROR - 2019-12-04 05:45:38 --> Severity: Warning --> Invalid argument supplied for foreach() /home/admin/domains/spshd.com/public_html/khachhang/application/views/tab4.php 394
ERROR - 2019-12-04 05:45:38 --> Could not find the language line "Đóng"
ERROR - 2019-12-04 05:45:38 --> Could not find the language line "Xác Nhận"
ERROR - 2019-12-04 05:45:38 --> Severity: Warning --> Invalid argument supplied for foreach() /home/admin/domains/spshd.com/public_html/khachhang/application/views/app.php 157
ERROR - 2019-12-04 05:45:38 --> Severity: Warning --> Invalid argument supplied for foreach() /home/admin/domains/spshd.com/public_html/khachhang/application/views/app.php 168
ERROR - 2019-12-04 05:45:38 --> Could not find the language line "Đóng"
ERROR - 2019-12-04 05:45:38 --> Could not find the language line "Xác Nhận"
ERROR - 2019-12-04 05:45:38 --> Could not find the language line "Đóng"
ERROR - 2019-12-04 05:45:38 --> Could not find the language line "Xác Nhận"
ERROR - 2019-12-04 07:55:57 --> Could not find the language line "Tạo Điểm Lấy Hàng"
ERROR - 2019-12-04 07:55:57 --> Could not find the language line "Tạo Đơn Hàng"
ERROR - 2019-12-04 07:55:57 --> Severity: Warning --> Invalid argument supplied for foreach() /home/admin/domains/spshd.com/public_html/khachhang/application/views/tab4.php 394
ERROR - 2019-12-04 07:55:57 --> Could not find the language line "Đóng"
ERROR - 2019-12-04 07:55:57 --> Could not find the language line "Xác Nhận"
ERROR - 2019-12-04 07:55:57 --> Severity: Warning --> Invalid argument supplied for foreach() /home/admin/domains/spshd.com/public_html/khachhang/application/views/app.php 157
ERROR - 2019-12-04 07:55:57 --> Severity: Warning --> Invalid argument supplied for foreach() /home/admin/domains/spshd.com/public_html/khachhang/application/views/app.php 168
ERROR - 2019-12-04 07:55:57 --> Could not find the language line "Đóng"
ERROR - 2019-12-04 07:55:57 --> Could not find the language line "Xác Nhận"
ERROR - 2019-12-04 07:55:57 --> Could not find the language line "Đóng"
ERROR - 2019-12-04 07:55:57 --> Could not find the language line "Xác Nhận"
ERROR - 2019-12-04 09:12:46 --> Could not find the language line "Email"
ERROR - 2019-12-04 09:12:46 --> Could not find the language line "password"
ERROR - 2019-12-04 09:20:32 --> Could not find the language line "Email"
ERROR - 2019-12-04 09:20:32 --> Could not find the language line "password"
ERROR - 2019-12-04 09:20:55 --> Could not find the language line "Tạo Điểm Lấy Hàng"
ERROR - 2019-12-04 09:20:55 --> Could not find the language line "Tạo Đơn Hàng"
ERROR - 2019-12-04 09:20:55 --> Severity: Warning --> Invalid argument supplied for foreach() /home/admin/domains/spshd.com/public_html/khachhang/application/views/tab4.php 394
ERROR - 2019-12-04 09:20:55 --> Could not find the language line "Đóng"
ERROR - 2019-12-04 09:20:55 --> Could not find the language line "Xác Nhận"
ERROR - 2019-12-04 09:20:55 --> Severity: Warning --> Invalid argument supplied for foreach() /home/admin/domains/spshd.com/public_html/khachhang/application/views/app.php 157
ERROR - 2019-12-04 09:20:55 --> Severity: Warning --> Invalid argument supplied for foreach() /home/admin/domains/spshd.com/public_html/khachhang/application/views/app.php 168
ERROR - 2019-12-04 09:20:55 --> Could not find the language line "Đóng"
ERROR - 2019-12-04 09:20:55 --> Could not find the language line "Xác Nhận"
ERROR - 2019-12-04 09:20:55 --> Could not find the language line "Đóng"
ERROR - 2019-12-04 09:20:55 --> Could not find the language line "Xác Nhận"
ERROR - 2019-12-04 10:22:31 --> Could not find the language line "Tạo Điểm Lấy Hàng"
ERROR - 2019-12-04 10:22:31 --> Could not find the language line "Tạo Đơn Hàng"
ERROR - 2019-12-04 10:22:31 --> Severity: Warning --> Invalid argument supplied for foreach() /home/admin/domains/spshd.com/public_html/khachhang/application/views/tab4.php 394
ERROR - 2019-12-04 10:22:31 --> Could not find the language line "Đóng"
ERROR - 2019-12-04 10:22:31 --> Could not find the language line "Xác Nhận"
ERROR - 2019-12-04 10:22:31 --> Severity: Warning --> Invalid argument supplied for foreach() /home/admin/domains/spshd.com/public_html/khachhang/application/views/app.php 157
ERROR - 2019-12-04 10:22:31 --> Severity: Warning --> Invalid argument supplied for foreach() /home/admin/domains/spshd.com/public_html/khachhang/application/views/app.php 168
ERROR - 2019-12-04 10:22:31 --> Could not find the language line "Đóng"
ERROR - 2019-12-04 10:22:31 --> Could not find the language line "Xác Nhận"
ERROR - 2019-12-04 10:22:31 --> Could not find the language line "Đóng"
ERROR - 2019-12-04 10:22:31 --> Could not find the language line "Xác Nhận"
ERROR - 2019-12-04 10:22:32 --> Could not find the language line "Tạo Điểm Lấy Hàng"
ERROR - 2019-12-04 10:22:32 --> Could not find the language line "Tạo Đơn Hàng"
ERROR - 2019-12-04 10:22:32 --> Severity: Warning --> Invalid argument supplied for foreach() /home/admin/domains/spshd.com/public_html/khachhang/application/views/tab4.php 394
ERROR - 2019-12-04 10:22:32 --> Could not find the language line "Đóng"
ERROR - 2019-12-04 10:22:32 --> Could not find the language line "Xác Nhận"
ERROR - 2019-12-04 10:22:32 --> Severity: Warning --> Invalid argument supplied for foreach() /home/admin/domains/spshd.com/public_html/khachhang/application/views/app.php 157
ERROR - 2019-12-04 10:22:32 --> Severity: Warning --> Invalid argument supplied for foreach() /home/admin/domains/spshd.com/public_html/khachhang/application/views/app.php 168
ERROR - 2019-12-04 10:22:32 --> Could not find the language line "Đóng"
ERROR - 2019-12-04 10:22:32 --> Could not find the language line "Xác Nhận"
ERROR - 2019-12-04 10:22:32 --> Could not find the language line "Đóng"
ERROR - 2019-12-04 10:22:32 --> Could not find the language line "Xác Nhận"
ERROR - 2019-12-04 10:22:36 --> Could not find the language line "Email"
ERROR - 2019-12-04 10:22:36 --> Could not find the language line "password"
ERROR - 2019-12-04 10:22:38 --> Could not find the language line "Email"
ERROR - 2019-12-04 10:22:38 --> Could not find the language line "password"
ERROR - 2019-12-04 10:23:54 --> Could not find the language line "Tạo Điểm Lấy Hàng"
ERROR - 2019-12-04 10:23:54 --> Could not find the language line "Tạo Đơn Hàng"
ERROR - 2019-12-04 10:23:54 --> Severity: Warning --> Invalid argument supplied for foreach() /home/admin/domains/spshd.com/public_html/khachhang/application/views/tab4.php 394
ERROR - 2019-12-04 10:23:54 --> Could not find the language line "Đóng"
ERROR - 2019-12-04 10:23:54 --> Could not find the language line "Xác Nhận"
ERROR - 2019-12-04 10:23:54 --> Severity: Warning --> Invalid argument supplied for foreach() /home/admin/domains/spshd.com/public_html/khachhang/application/views/app.php 157
ERROR - 2019-12-04 10:23:54 --> Severity: Warning --> Invalid argument supplied for foreach() /home/admin/domains/spshd.com/public_html/khachhang/application/views/app.php 168
ERROR - 2019-12-04 10:23:54 --> Could not find the language line "Đóng"
ERROR - 2019-12-04 10:23:54 --> Could not find the language line "Xác Nhận"
ERROR - 2019-12-04 10:23:54 --> Could not find the language line "Đóng"
ERROR - 2019-12-04 10:23:54 --> Could not find the language line "Xác Nhận"
ERROR - 2019-12-04 10:26:15 --> Could not find the language line "Tạo Điểm Lấy Hàng"
ERROR - 2019-12-04 10:26:15 --> Could not find the language line "Tạo Đơn Hàng"
ERROR - 2019-12-04 10:26:15 --> Severity: Warning --> Invalid argument supplied for foreach() /home/admin/domains/spshd.com/public_html/khachhang/application/views/tab4.php 394
ERROR - 2019-12-04 10:26:15 --> Could not find the language line "Đóng"
ERROR - 2019-12-04 10:26:15 --> Could not find the language line "Xác Nhận"
ERROR - 2019-12-04 10:26:15 --> Severity: Warning --> Invalid argument supplied for foreach() /home/admin/domains/spshd.com/public_html/khachhang/application/views/app.php 157
ERROR - 2019-12-04 10:26:15 --> Severity: Warning --> Invalid argument supplied for foreach() /home/admin/domains/spshd.com/public_html/khachhang/application/views/app.php 168
ERROR - 2019-12-04 10:26:15 --> Could not find the language line "Đóng"
ERROR - 2019-12-04 10:26:15 --> Could not find the language line "Xác Nhận"
ERROR - 2019-12-04 10:26:15 --> Could not find the language line "Đóng"
ERROR - 2019-12-04 10:26:15 --> Could not find the language line "Xác Nhận"
ERROR - 2019-12-04 10:28:02 --> Could not find the language line "Email"
ERROR - 2019-12-04 10:28:02 --> Could not find the language line "password"
ERROR - 2019-12-04 10:29:22 --> Could not find the language line "Email"
ERROR - 2019-12-04 10:29:22 --> Could not find the language line "password"
ERROR - 2019-12-04 10:29:38 --> Could not find the language line "Tạo Điểm Lấy Hàng"
ERROR - 2019-12-04 10:29:38 --> Could not find the language line "Tạo Đơn Hàng"
ERROR - 2019-12-04 10:29:38 --> Severity: Warning --> Invalid argument supplied for foreach() /home/admin/domains/spshd.com/public_html/khachhang/application/views/tab4.php 394
ERROR - 2019-12-04 10:29:38 --> Could not find the language line "Đóng"
ERROR - 2019-12-04 10:29:38 --> Could not find the language line "Xác Nhận"
ERROR - 2019-12-04 10:29:38 --> Severity: Warning --> Invalid argument supplied for foreach() /home/admin/domains/spshd.com/public_html/khachhang/application/views/app.php 157
ERROR - 2019-12-04 10:29:38 --> Severity: Warning --> Invalid argument supplied for foreach() /home/admin/domains/spshd.com/public_html/khachhang/application/views/app.php 168
ERROR - 2019-12-04 10:29:38 --> Could not find the language line "Đóng"
ERROR - 2019-12-04 10:29:38 --> Could not find the language line "Xác Nhận"
ERROR - 2019-12-04 10:29:38 --> Could not find the language line "Đóng"
ERROR - 2019-12-04 10:29:38 --> Could not find the language line "Xác Nhận"
ERROR - 2019-12-04 10:35:25 --> Could not find the language line "Tạo Điểm Lấy Hàng"
ERROR - 2019-12-04 10:35:25 --> Could not find the language line "Tạo Đơn Hàng"
ERROR - 2019-12-04 10:35:25 --> Severity: Warning --> Invalid argument supplied for foreach() /home/admin/domains/spshd.com/public_html/khachhang/application/views/tab4.php 394
ERROR - 2019-12-04 10:35:25 --> Could not find the language line "Đóng"
ERROR - 2019-12-04 10:35:25 --> Could not find the language line "Xác Nhận"
ERROR - 2019-12-04 10:35:25 --> Severity: Warning --> Invalid argument supplied for foreach() /home/admin/domains/spshd.com/public_html/khachhang/application/views/app.php 157
ERROR - 2019-12-04 10:35:25 --> Severity: Warning --> Invalid argument supplied for foreach() /home/admin/domains/spshd.com/public_html/khachhang/application/views/app.php 168
ERROR - 2019-12-04 10:35:25 --> Could not find the language line "Đóng"
ERROR - 2019-12-04 10:35:25 --> Could not find the language line "Xác Nhận"
ERROR - 2019-12-04 10:35:25 --> Could not find the language line "Đóng"
ERROR - 2019-12-04 10:35:25 --> Could not find the language line "Xác Nhận"
ERROR - 2019-12-04 10:35:42 --> Could not find the language line "Tạo Điểm Lấy Hàng"
ERROR - 2019-12-04 10:35:42 --> Could not find the language line "Tạo Đơn Hàng"
ERROR - 2019-12-04 10:35:42 --> Severity: Warning --> Invalid argument supplied for foreach() /home/admin/domains/spshd.com/public_html/khachhang/application/views/tab4.php 394
ERROR - 2019-12-04 10:35:42 --> Could not find the language line "Đóng"
ERROR - 2019-12-04 10:35:42 --> Could not find the language line "Xác Nhận"
ERROR - 2019-12-04 10:35:42 --> Severity: Warning --> Invalid argument supplied for foreach() /home/admin/domains/spshd.com/public_html/khachhang/application/views/app.php 157
ERROR - 2019-12-04 10:35:42 --> Severity: Warning --> Invalid argument supplied for foreach() /home/admin/domains/spshd.com/public_html/khachhang/application/views/app.php 168
ERROR - 2019-12-04 10:35:42 --> Could not find the language line "Đóng"
ERROR - 2019-12-04 10:35:42 --> Could not find the language line "Xác Nhận"
ERROR - 2019-12-04 10:35:42 --> Could not find the language line "Đóng"
ERROR - 2019-12-04 10:35:42 --> Could not find the language line "Xác Nhận"
ERROR - 2019-12-04 10:37:18 --> Could not find the language line "Tạo Điểm Lấy Hàng"
ERROR - 2019-12-04 10:37:18 --> Could not find the language line "Tạo Đơn Hàng"
ERROR - 2019-12-04 10:37:18 --> Severity: Warning --> Invalid argument supplied for foreach() /home/admin/domains/spshd.com/public_html/khachhang/application/views/tab4.php 394
ERROR - 2019-12-04 10:37:18 --> Could not find the language line "Đóng"
ERROR - 2019-12-04 10:37:18 --> Could not find the language line "Xác Nhận"
ERROR - 2019-12-04 10:37:18 --> Severity: Warning --> Invalid argument supplied for foreach() /home/admin/domains/spshd.com/public_html/khachhang/application/views/app.php 157
ERROR - 2019-12-04 10:37:18 --> Severity: Warning --> Invalid argument supplied for foreach() /home/admin/domains/spshd.com/public_html/khachhang/application/views/app.php 168
ERROR - 2019-12-04 10:37:18 --> Could not find the language line "Đóng"
ERROR - 2019-12-04 10:37:18 --> Could not find the language line "Xác Nhận"
ERROR - 2019-12-04 10:37:18 --> Could not find the language line "Đóng"
ERROR - 2019-12-04 10:37:18 --> Could not find the language line "Xác Nhận"
ERROR - 2019-12-04 10:41:18 --> Could not find the language line "Email"
ERROR - 2019-12-04 10:41:18 --> Could not find the language line "password"
ERROR - 2019-12-04 10:43:26 --> Could not find the language line "Tạo Điểm Lấy Hàng"
ERROR - 2019-12-04 10:43:26 --> Could not find the language line "Tạo Đơn Hàng"
ERROR - 2019-12-04 10:43:26 --> Severity: Warning --> Invalid argument supplied for foreach() /home/admin/domains/spshd.com/public_html/khachhang/application/views/tab4.php 394
ERROR - 2019-12-04 10:43:26 --> Could not find the language line "Đóng"
ERROR - 2019-12-04 10:43:26 --> Could not find the language line "Xác Nhận"
ERROR - 2019-12-04 10:43:26 --> Severity: Warning --> Invalid argument supplied for foreach() /home/admin/domains/spshd.com/public_html/khachhang/application/views/app.php 157
ERROR - 2019-12-04 10:43:26 --> Severity: Warning --> Invalid argument supplied for foreach() /home/admin/domains/spshd.com/public_html/khachhang/application/views/app.php 168
ERROR - 2019-12-04 10:43:26 --> Could not find the language line "Đóng"
ERROR - 2019-12-04 10:43:26 --> Could not find the language line "Xác Nhận"
ERROR - 2019-12-04 10:43:26 --> Could not find the language line "Đóng"
ERROR - 2019-12-04 10:43:26 --> Could not find the language line "Xác Nhận"
ERROR - 2019-12-04 10:43:58 --> Could not find the language line "Tạo Điểm Lấy Hàng"
ERROR - 2019-12-04 10:43:58 --> Could not find the language line "Tạo Đơn Hàng"
ERROR - 2019-12-04 10:43:58 --> Severity: Warning --> Invalid argument supplied for foreach() /home/admin/domains/spshd.com/public_html/khachhang/application/views/tab4.php 394
ERROR - 2019-12-04 10:43:58 --> Could not find the language line "Đóng"
ERROR - 2019-12-04 10:43:58 --> Could not find the language line "Xác Nhận"
ERROR - 2019-12-04 10:43:58 --> Severity: Warning --> Invalid argument supplied for foreach() /home/admin/domains/spshd.com/public_html/khachhang/application/views/app.php 157
ERROR - 2019-12-04 10:43:58 --> Severity: Warning --> Invalid argument supplied for foreach() /home/admin/domains/spshd.com/public_html/khachhang/application/views/app.php 168
ERROR - 2019-12-04 10:43:58 --> Could not find the language line "Đóng"
ERROR - 2019-12-04 10:43:58 --> Could not find the language line "Xác Nhận"
ERROR - 2019-12-04 10:43:58 --> Could not find the language line "Đóng"
ERROR - 2019-12-04 10:43:58 --> Could not find the language line "Xác Nhận"
ERROR - 2019-12-04 10:49:24 --> Could not find the language line "Tạo Điểm Lấy Hàng"
ERROR - 2019-12-04 10:49:24 --> Could not find the language line "Tạo Đơn Hàng"
ERROR - 2019-12-04 10:49:24 --> Severity: Warning --> Invalid argument supplied for foreach() /home/admin/domains/spshd.com/public_html/khachhang/application/views/tab4.php 394
ERROR - 2019-12-04 10:49:24 --> Could not find the language line "Đóng"
ERROR - 2019-12-04 10:49:24 --> Could not find the language line "Xác Nhận"
ERROR - 2019-12-04 10:49:24 --> Severity: Warning --> Invalid argument supplied for foreach() /home/admin/domains/spshd.com/public_html/khachhang/application/views/app.php 157
ERROR - 2019-12-04 10:49:24 --> Severity: Warning --> Invalid argument supplied for foreach() /home/admin/domains/spshd.com/public_html/khachhang/application/views/app.php 168
ERROR - 2019-12-04 10:49:24 --> Could not find the language line "Đóng"
ERROR - 2019-12-04 10:49:24 --> Could not find the language line "Xác Nhận"
ERROR - 2019-12-04 10:49:24 --> Could not find the language line "Đóng"
ERROR - 2019-12-04 10:49:24 --> Could not find the language line "Xác Nhận"
ERROR - 2019-12-04 10:49:37 --> Could not find the language line "Tạo Điểm Lấy Hàng"
ERROR - 2019-12-04 10:49:37 --> Could not find the language line "Tạo Đơn Hàng"
ERROR - 2019-12-04 10:49:37 --> Severity: Warning --> Invalid argument supplied for foreach() /home/admin/domains/spshd.com/public_html/khachhang/application/views/tab4.php 394
ERROR - 2019-12-04 10:49:38 --> Could not find the language line "Đóng"
ERROR - 2019-12-04 10:49:38 --> Could not find the language line "Xác Nhận"
ERROR - 2019-12-04 10:49:38 --> Severity: Warning --> Invalid argument supplied for foreach() /home/admin/domains/spshd.com/public_html/khachhang/application/views/app.php 157
ERROR - 2019-12-04 10:49:38 --> Severity: Warning --> Invalid argument supplied for foreach() /home/admin/domains/spshd.com/public_html/khachhang/application/views/app.php 168
ERROR - 2019-12-04 10:49:38 --> Could not find the language line "Đóng"
ERROR - 2019-12-04 10:49:38 --> Could not find the language line "Xác Nhận"
ERROR - 2019-12-04 10:49:38 --> Could not find the language line "Đóng"
ERROR - 2019-12-04 10:49:38 --> Could not find the language line "Xác Nhận"
ERROR - 2019-12-04 10:50:23 --> Could not find the language line "Tạo Điểm Lấy Hàng"
ERROR - 2019-12-04 10:50:23 --> Could not find the language line "Tạo Đơn Hàng"
ERROR - 2019-12-04 10:50:23 --> Severity: Warning --> Invalid argument supplied for foreach() /home/admin/domains/spshd.com/public_html/khachhang/application/views/tab4.php 394
ERROR - 2019-12-04 10:50:23 --> Could not find the language line "Đóng"
ERROR - 2019-12-04 10:50:23 --> Could not find the language line "Xác Nhận"
ERROR - 2019-12-04 10:50:23 --> Severity: Warning --> Invalid argument supplied for foreach() /home/admin/domains/spshd.com/public_html/khachhang/application/views/app.php 157
ERROR - 2019-12-04 10:50:23 --> Severity: Warning --> Invalid argument supplied for foreach() /home/admin/domains/spshd.com/public_html/khachhang/application/views/app.php 168
ERROR - 2019-12-04 10:50:23 --> Could not find the language line "Đóng"
ERROR - 2019-12-04 10:50:23 --> Could not find the language line "Xác Nhận"
ERROR - 2019-12-04 10:50:23 --> Could not find the language line "Đóng"
ERROR - 2019-12-04 10:50:23 --> Could not find the language line "Xác Nhận"
ERROR - 2019-12-04 10:52:29 --> Could not find the language line "Tạo Điểm Lấy Hàng"
ERROR - 2019-12-04 10:52:29 --> Could not find the language line "Tạo Đơn Hàng"
ERROR - 2019-12-04 10:52:29 --> Severity: Warning --> Invalid argument supplied for foreach() /home/admin/domains/spshd.com/public_html/khachhang/application/views/tab4.php 394
ERROR - 2019-12-04 10:52:29 --> Could not find the language line "Đóng"
ERROR - 2019-12-04 10:52:29 --> Could not find the language line "Xác Nhận"
ERROR - 2019-12-04 10:52:29 --> Severity: Warning --> Invalid argument supplied for foreach() /home/admin/domains/spshd.com/public_html/khachhang/application/views/app.php 157
ERROR - 2019-12-04 10:52:29 --> Severity: Warning --> Invalid argument supplied for foreach() /home/admin/domains/spshd.com/public_html/khachhang/application/views/app.php 168
ERROR - 2019-12-04 10:52:29 --> Could not find the language line "Đóng"
ERROR - 2019-12-04 10:52:29 --> Could not find the language line "Xác Nhận"
ERROR - 2019-12-04 10:52:29 --> Could not find the language line "Đóng"
ERROR - 2019-12-04 10:52:29 --> Could not find the language line "Xác Nhận"
ERROR - 2019-12-04 10:52:44 --> Could not find the language line "Tạo Điểm Lấy Hàng"
ERROR - 2019-12-04 10:52:44 --> Could not find the language line "Tạo Đơn Hàng"
ERROR - 2019-12-04 10:52:44 --> Severity: Warning --> Invalid argument supplied for foreach() /home/admin/domains/spshd.com/public_html/khachhang/application/views/tab4.php 394
ERROR - 2019-12-04 10:52:44 --> Could not find the language line "Đóng"
ERROR - 2019-12-04 10:52:44 --> Could not find the language line "Xác Nhận"
ERROR - 2019-12-04 10:52:44 --> Severity: Warning --> Invalid argument supplied for foreach() /home/admin/domains/spshd.com/public_html/khachhang/application/views/app.php 157
ERROR - 2019-12-04 10:52:44 --> Severity: Warning --> Invalid argument supplied for foreach() /home/admin/domains/spshd.com/public_html/khachhang/application/views/app.php 168
ERROR - 2019-12-04 10:52:44 --> Could not find the language line "Đóng"
ERROR - 2019-12-04 10:52:44 --> Could not find the language line "Xác Nhận"
ERROR - 2019-12-04 10:52:44 --> Could not find the language line "Đóng"
ERROR - 2019-12-04 10:52:44 --> Could not find the language line "Xác Nhận"
ERROR - 2019-12-04 11:01:05 --> Could not find the language line "Tạo Điểm Lấy Hàng"
ERROR - 2019-12-04 11:01:05 --> Could not find the language line "Tạo Đơn Hàng"
ERROR - 2019-12-04 11:01:05 --> Severity: Warning --> Invalid argument supplied for foreach() /home/admin/domains/spshd.com/public_html/khachhang/application/views/tab4.php 394
ERROR - 2019-12-04 11:01:05 --> Could not find the language line "Đóng"
ERROR - 2019-12-04 11:01:05 --> Could not find the language line "Xác Nhận"
ERROR - 2019-12-04 11:01:05 --> Severity: Warning --> Invalid argument supplied for foreach() /home/admin/domains/spshd.com/public_html/khachhang/application/views/app.php 157
ERROR - 2019-12-04 11:01:05 --> Severity: Warning --> Invalid argument supplied for foreach() /home/admin/domains/spshd.com/public_html/khachhang/application/views/app.php 168
ERROR - 2019-12-04 11:01:05 --> Could not find the language line "Đóng"
ERROR - 2019-12-04 11:01:05 --> Could not find the language line "Xác Nhận"
ERROR - 2019-12-04 11:01:05 --> Could not find the language line "Đóng"
ERROR - 2019-12-04 11:01:05 --> Could not find the language line "Xác Nhận"
ERROR - 2019-12-04 11:01:22 --> Could not find the language line "Email"
ERROR - 2019-12-04 11:01:22 --> Could not find the language line "password"
ERROR - 2019-12-04 11:02:09 --> Could not find the language line "Tạo Điểm Lấy Hàng"
ERROR - 2019-12-04 11:02:09 --> Could not find the language line "Tạo Đơn Hàng"
ERROR - 2019-12-04 11:02:09 --> Severity: Warning --> Invalid argument supplied for foreach() /home/admin/domains/spshd.com/public_html/khachhang/application/views/tab4.php 394
ERROR - 2019-12-04 11:02:09 --> Could not find the language line "Đóng"
ERROR - 2019-12-04 11:02:09 --> Could not find the language line "Xác Nhận"
ERROR - 2019-12-04 11:02:09 --> Severity: Warning --> Invalid argument supplied for foreach() /home/admin/domains/spshd.com/public_html/khachhang/application/views/app.php 157
ERROR - 2019-12-04 11:02:09 --> Severity: Warning --> Invalid argument supplied for foreach() /home/admin/domains/spshd.com/public_html/khachhang/application/views/app.php 168
ERROR - 2019-12-04 11:02:09 --> Could not find the language line "Đóng"
ERROR - 2019-12-04 11:02:09 --> Could not find the language line "Xác Nhận"
ERROR - 2019-12-04 11:02:09 --> Could not find the language line "Đóng"
ERROR - 2019-12-04 11:02:09 --> Could not find the language line "Xác Nhận"
ERROR - 2019-12-04 11:03:12 --> Could not find the language line "Tạo Điểm Lấy Hàng"
ERROR - 2019-12-04 11:03:12 --> Could not find the language line "Tạo Đơn Hàng"
ERROR - 2019-12-04 11:03:12 --> Severity: Warning --> Invalid argument supplied for foreach() /home/admin/domains/spshd.com/public_html/khachhang/application/views/tab4.php 394
ERROR - 2019-12-04 11:03:12 --> Could not find the language line "Đóng"
ERROR - 2019-12-04 11:03:12 --> Could not find the language line "Xác Nhận"
ERROR - 2019-12-04 11:03:12 --> Severity: Warning --> Invalid argument supplied for foreach() /home/admin/domains/spshd.com/public_html/khachhang/application/views/app.php 157
ERROR - 2019-12-04 11:03:12 --> Severity: Warning --> Invalid argument supplied for foreach() /home/admin/domains/spshd.com/public_html/khachhang/application/views/app.php 168
ERROR - 2019-12-04 11:03:12 --> Could not find the language line "Đóng"
ERROR - 2019-12-04 11:03:12 --> Could not find the language line "Xác Nhận"
ERROR - 2019-12-04 11:03:12 --> Could not find the language line "Đóng"
ERROR - 2019-12-04 11:03:12 --> Could not find the language line "Xác Nhận"
ERROR - 2019-12-04 11:12:41 --> Could not find the language line "Email"
ERROR - 2019-12-04 11:12:41 --> Could not find the language line "password"
ERROR - 2019-12-04 11:13:55 --> Could not find the language line "Tạo Điểm Lấy Hàng"
ERROR - 2019-12-04 11:13:55 --> Could not find the language line "Tạo Đơn Hàng"
ERROR - 2019-12-04 11:13:55 --> Severity: Warning --> Invalid argument supplied for foreach() /home/admin/domains/spshd.com/public_html/khachhang/application/views/tab4.php 394
ERROR - 2019-12-04 11:13:55 --> Could not find the language line "Đóng"
ERROR - 2019-12-04 11:13:55 --> Could not find the language line "Xác Nhận"
ERROR - 2019-12-04 11:13:55 --> Severity: Warning --> Invalid argument supplied for foreach() /home/admin/domains/spshd.com/public_html/khachhang/application/views/app.php 157
ERROR - 2019-12-04 11:13:55 --> Severity: Warning --> Invalid argument supplied for foreach() /home/admin/domains/spshd.com/public_html/khachhang/application/views/app.php 168
ERROR - 2019-12-04 11:13:55 --> Could not find the language line "Đóng"
ERROR - 2019-12-04 11:13:55 --> Could not find the language line "Xác Nhận"
ERROR - 2019-12-04 11:13:55 --> Could not find the language line "Đóng"
ERROR - 2019-12-04 11:13:55 --> Could not find the language line "Xác Nhận"
ERROR - 2019-12-04 11:14:47 --> Could not find the language line "Email"
ERROR - 2019-12-04 11:14:47 --> Could not find the language line "password"
ERROR - 2019-12-04 11:14:58 --> Could not find the language line "Tạo Điểm Lấy Hàng"
ERROR - 2019-12-04 11:14:58 --> Could not find the language line "Tạo Đơn Hàng"
ERROR - 2019-12-04 11:14:58 --> Severity: Warning --> Invalid argument supplied for foreach() /home/admin/domains/spshd.com/public_html/khachhang/application/views/tab4.php 394
ERROR - 2019-12-04 11:14:58 --> Could not find the language line "Đóng"
ERROR - 2019-12-04 11:14:58 --> Could not find the language line "Xác Nhận"
ERROR - 2019-12-04 11:14:58 --> Severity: Warning --> Invalid argument supplied for foreach() /home/admin/domains/spshd.com/public_html/khachhang/application/views/app.php 157
ERROR - 2019-12-04 11:14:58 --> Severity: Warning --> Invalid argument supplied for foreach() /home/admin/domains/spshd.com/public_html/khachhang/application/views/app.php 168
ERROR - 2019-12-04 11:14:58 --> Could not find the language line "Đóng"
ERROR - 2019-12-04 11:14:58 --> Could not find the language line "Xác Nhận"
ERROR - 2019-12-04 11:14:58 --> Could not find the language line "Đóng"
ERROR - 2019-12-04 11:14:58 --> Could not find the language line "Xác Nhận"
ERROR - 2019-12-04 11:30:19 --> Could not find the language line "Tạo Điểm Lấy Hàng"
ERROR - 2019-12-04 11:30:19 --> Could not find the language line "Tạo Đơn Hàng"
ERROR - 2019-12-04 11:30:19 --> Severity: Warning --> Invalid argument supplied for foreach() /home/admin/domains/spshd.com/public_html/khachhang/application/views/tab4.php 394
ERROR - 2019-12-04 11:30:19 --> Could not find the language line "Đóng"
ERROR - 2019-12-04 11:30:19 --> Could not find the language line "Xác Nhận"
ERROR - 2019-12-04 11:30:19 --> Severity: Warning --> Invalid argument supplied for foreach() /home/admin/domains/spshd.com/public_html/khachhang/application/views/app.php 157
ERROR - 2019-12-04 11:30:19 --> Severity: Warning --> Invalid argument supplied for foreach() /home/admin/domains/spshd.com/public_html/khachhang/application/views/app.php 168
ERROR - 2019-12-04 11:30:19 --> Could not find the language line "Đóng"
ERROR - 2019-12-04 11:30:19 --> Could not find the language line "Xác Nhận"
ERROR - 2019-12-04 11:30:19 --> Could not find the language line "Đóng"
ERROR - 2019-12-04 11:30:19 --> Could not find the language line "Xác Nhận"
ERROR - 2019-12-04 11:59:35 --> Could not find the language line "Tạo Điểm Lấy Hàng"
ERROR - 2019-12-04 11:59:35 --> Could not find the language line "Tạo Đơn Hàng"
ERROR - 2019-12-04 11:59:35 --> Severity: Warning --> Invalid argument supplied for foreach() /home/admin/domains/spshd.com/public_html/khachhang/application/views/tab4.php 394
ERROR - 2019-12-04 11:59:35 --> Could not find the language line "Đóng"
ERROR - 2019-12-04 11:59:35 --> Could not find the language line "Xác Nhận"
ERROR - 2019-12-04 11:59:35 --> Severity: Warning --> Invalid argument supplied for foreach() /home/admin/domains/spshd.com/public_html/khachhang/application/views/app.php 157
ERROR - 2019-12-04 11:59:35 --> Severity: Warning --> Invalid argument supplied for foreach() /home/admin/domains/spshd.com/public_html/khachhang/application/views/app.php 168
ERROR - 2019-12-04 11:59:35 --> Could not find the language line "Đóng"
ERROR - 2019-12-04 11:59:35 --> Could not find the language line "Xác Nhận"
ERROR - 2019-12-04 11:59:35 --> Could not find the language line "Đóng"
ERROR - 2019-12-04 11:59:35 --> Could not find the language line "Xác Nhận"
ERROR - 2019-12-04 11:59:35 --> Could not find the language line "Tạo Điểm Lấy Hàng"
ERROR - 2019-12-04 11:59:35 --> Could not find the language line "Tạo Đơn Hàng"
ERROR - 2019-12-04 11:59:35 --> Severity: Warning --> Invalid argument supplied for foreach() /home/admin/domains/spshd.com/public_html/khachhang/application/views/tab4.php 394
ERROR - 2019-12-04 11:59:35 --> Could not find the language line "Đóng"
ERROR - 2019-12-04 11:59:35 --> Could not find the language line "Xác Nhận"
ERROR - 2019-12-04 11:59:35 --> Severity: Warning --> Invalid argument supplied for foreach() /home/admin/domains/spshd.com/public_html/khachhang/application/views/app.php 157
ERROR - 2019-12-04 11:59:35 --> Severity: Warning --> Invalid argument supplied for foreach() /home/admin/domains/spshd.com/public_html/khachhang/application/views/app.php 168
ERROR - 2019-12-04 11:59:35 --> Could not find the language line "Đóng"
ERROR - 2019-12-04 11:59:35 --> Could not find the language line "Xác Nhận"
ERROR - 2019-12-04 11:59:35 --> Could not find the language line "Đóng"
ERROR - 2019-12-04 11:59:35 --> Could not find the language line "Xác Nhận"
ERROR - 2019-12-04 13:18:50 --> Could not find the language line "Tạo Điểm Lấy Hàng"
ERROR - 2019-12-04 13:18:50 --> Could not find the language line "Tạo Đơn Hàng"
ERROR - 2019-12-04 13:18:50 --> Severity: Warning --> Invalid argument supplied for foreach() /home/admin/domains/spshd.com/public_html/khachhang/application/views/tab4.php 394
ERROR - 2019-12-04 13:18:50 --> Could not find the language line "Đóng"
ERROR - 2019-12-04 13:18:50 --> Could not find the language line "Xác Nhận"
ERROR - 2019-12-04 13:18:50 --> Severity: Warning --> Invalid argument supplied for foreach() /home/admin/domains/spshd.com/public_html/khachhang/application/views/app.php 157
ERROR - 2019-12-04 13:18:50 --> Severity: Warning --> Invalid argument supplied for foreach() /home/admin/domains/spshd.com/public_html/khachhang/application/views/app.php 168
ERROR - 2019-12-04 13:18:50 --> Could not find the language line "Đóng"
ERROR - 2019-12-04 13:18:50 --> Could not find the language line "Xác Nhận"
ERROR - 2019-12-04 13:18:50 --> Could not find the language line "Đóng"
ERROR - 2019-12-04 13:18:50 --> Could not find the language line "Xác Nhận"
ERROR - 2019-12-04 14:55:23 --> Could not find the language line "Tạo Điểm Lấy Hàng"
ERROR - 2019-12-04 14:55:23 --> Could not find the language line "Tạo Đơn Hàng"
ERROR - 2019-12-04 14:55:23 --> Severity: Warning --> Invalid argument supplied for foreach() /home/admin/domains/spshd.com/public_html/khachhang/application/views/tab4.php 394
ERROR - 2019-12-04 14:55:23 --> Could not find the language line "Đóng"
ERROR - 2019-12-04 14:55:23 --> Could not find the language line "Xác Nhận"
ERROR - 2019-12-04 14:55:23 --> Severity: Warning --> Invalid argument supplied for foreach() /home/admin/domains/spshd.com/public_html/khachhang/application/views/app.php 157
ERROR - 2019-12-04 14:55:23 --> Severity: Warning --> Invalid argument supplied for foreach() /home/admin/domains/spshd.com/public_html/khachhang/application/views/app.php 168
ERROR - 2019-12-04 14:55:23 --> Could not find the language line "Đóng"
ERROR - 2019-12-04 14:55:23 --> Could not find the language line "Xác Nhận"
ERROR - 2019-12-04 14:55:23 --> Could not find the language line "Đóng"
ERROR - 2019-12-04 14:55:23 --> Could not find the language line "Xác Nhận"
ERROR - 2019-12-04 15:39:13 --> Could not find the language line "Tạo Điểm Lấy Hàng"
ERROR - 2019-12-04 15:39:13 --> Could not find the language line "Tạo Đơn Hàng"
ERROR - 2019-12-04 15:39:13 --> Severity: Warning --> Invalid argument supplied for foreach() /home/admin/domains/spshd.com/public_html/khachhang/application/views/tab4.php 394
ERROR - 2019-12-04 15:39:13 --> Could not find the language line "Đóng"
ERROR - 2019-12-04 15:39:13 --> Could not find the language line "Xác Nhận"
ERROR - 2019-12-04 15:39:13 --> Severity: Warning --> Invalid argument supplied for foreach() /home/admin/domains/spshd.com/public_html/khachhang/application/views/app.php 157
ERROR - 2019-12-04 15:39:13 --> Severity: Warning --> Invalid argument supplied for foreach() /home/admin/domains/spshd.com/public_html/khachhang/application/views/app.php 168
ERROR - 2019-12-04 15:39:13 --> Could not find the language line "Đóng"
ERROR - 2019-12-04 15:39:13 --> Could not find the language line "Xác Nhận"
ERROR - 2019-12-04 15:39:13 --> Could not find the language line "Đóng"
ERROR - 2019-12-04 15:39:13 --> Could not find the language line "Xác Nhận"
ERROR - 2019-12-04 15:40:52 --> Could not find the language line "Email"
ERROR - 2019-12-04 15:40:52 --> Could not find the language line "password"
ERROR - 2019-12-04 15:40:52 --> Could not find the language line "Email"
ERROR - 2019-12-04 15:40:52 --> Could not find the language line "password"
ERROR - 2019-12-04 15:40:53 --> Could not find the language line "Email"
ERROR - 2019-12-04 15:40:53 --> Could not find the language line "password"
ERROR - 2019-12-04 15:41:04 --> Could not find the language line "Email"
ERROR - 2019-12-04 15:41:04 --> Could not find the language line "password"
ERROR - 2019-12-04 15:42:07 --> Could not find the language line "Email"
ERROR - 2019-12-04 15:42:07 --> Could not find the language line "password"
ERROR - 2019-12-04 15:43:00 --> Could not find the language line "Email"
ERROR - 2019-12-04 15:43:00 --> Could not find the language line "password"
ERROR - 2019-12-04 15:43:33 --> Could not find the language line "Email"
ERROR - 2019-12-04 15:43:33 --> Could not find the language line "password"
ERROR - 2019-12-04 15:48:51 --> Could not find the language line "Email"
ERROR - 2019-12-04 15:48:51 --> Could not find the language line "password"
ERROR - 2019-12-04 16:10:04 --> Could not find the language line "Tạo Điểm Lấy Hàng"
ERROR - 2019-12-04 16:10:04 --> Could not find the language line "Tạo Đơn Hàng"
ERROR - 2019-12-04 16:10:04 --> Severity: Warning --> Invalid argument supplied for foreach() /home/admin/domains/spshd.com/public_html/khachhang/application/views/tab4.php 394
ERROR - 2019-12-04 16:10:04 --> Could not find the language line "Đóng"
ERROR - 2019-12-04 16:10:04 --> Could not find the language line "Xác Nhận"
ERROR - 2019-12-04 16:10:04 --> Severity: Warning --> Invalid argument supplied for foreach() /home/admin/domains/spshd.com/public_html/khachhang/application/views/app.php 157
ERROR - 2019-12-04 16:10:04 --> Severity: Warning --> Invalid argument supplied for foreach() /home/admin/domains/spshd.com/public_html/khachhang/application/views/app.php 168
ERROR - 2019-12-04 16:10:04 --> Could not find the language line "Đóng"
ERROR - 2019-12-04 16:10:04 --> Could not find the language line "Xác Nhận"
ERROR - 2019-12-04 16:10:04 --> Could not find the language line "Đóng"
ERROR - 2019-12-04 16:10:04 --> Could not find the language line "Xác Nhận"
ERROR - 2019-12-04 23:30:33 --> Could not find the language line "Tạo Điểm Lấy Hàng"
ERROR - 2019-12-04 23:30:33 --> Could not find the language line "Tạo Đơn Hàng"
ERROR - 2019-12-04 23:30:33 --> Severity: Warning --> Invalid argument supplied for foreach() /home/admin/domains/spshd.com/public_html/khachhang/application/views/tab4.php 394
ERROR - 2019-12-04 23:30:33 --> Could not find the language line "Đóng"
ERROR - 2019-12-04 23:30:33 --> Could not find the language line "Xác Nhận"
ERROR - 2019-12-04 23:30:33 --> Severity: Warning --> Invalid argument supplied for foreach() /home/admin/domains/spshd.com/public_html/khachhang/application/views/app.php 157
ERROR - 2019-12-04 23:30:33 --> Severity: Warning --> Invalid argument supplied for foreach() /home/admin/domains/spshd.com/public_html/khachhang/application/views/app.php 168
ERROR - 2019-12-04 23:30:33 --> Could not find the language line "Đóng"
ERROR - 2019-12-04 23:30:33 --> Could not find the language line "Xác Nhận"
ERROR - 2019-12-04 23:30:33 --> Could not find the language line "Đóng"
ERROR - 2019-12-04 23:30:33 --> Could not find the language line "Xác Nhận"
