ERROR - 2019-12-09 02:30:44 --> Could not find the language line "Email"
ERROR - 2019-12-09 02:30:44 --> Could not find the language line "password"
ERROR - 2019-12-09 02:31:13 --> Could not find the language line "Tạo Điểm Lấy Hàng"
ERROR - 2019-12-09 02:31:13 --> Could not find the language line "Tạo Đơn Hàng"
ERROR - 2019-12-09 02:31:13 --> Severity: Warning --> Invalid argument supplied for foreach() /home/admin/domains/spshd.com/public_html/khachhang/application/views/tab4.php 394
ERROR - 2019-12-09 02:31:13 --> Could not find the language line "Đóng"
ERROR - 2019-12-09 02:31:13 --> Could not find the language line "Xác Nhận"
ERROR - 2019-12-09 02:31:13 --> Severity: Warning --> Invalid argument supplied for foreach() /home/admin/domains/spshd.com/public_html/khachhang/application/views/app.php 157
ERROR - 2019-12-09 02:31:13 --> Severity: Warning --> Invalid argument supplied for foreach() /home/admin/domains/spshd.com/public_html/khachhang/application/views/app.php 168
ERROR - 2019-12-09 02:31:13 --> Could not find the language line "Đóng"
ERROR - 2019-12-09 02:31:13 --> Could not find the language line "Xác Nhận"
ERROR - 2019-12-09 02:31:13 --> Could not find the language line "Đóng"
ERROR - 2019-12-09 02:31:13 --> Could not find the language line "Xác Nhận"
ERROR - 2019-12-09 04:11:30 --> Could not find the language line "Tạo Điểm Lấy Hàng"
ERROR - 2019-12-09 04:11:30 --> Could not find the language line "Tạo Đơn Hàng"
ERROR - 2019-12-09 04:11:30 --> Severity: Warning --> Invalid argument supplied for foreach() /home/admin/domains/spshd.com/public_html/khachhang/application/views/tab4.php 394
ERROR - 2019-12-09 04:11:30 --> Could not find the language line "Đóng"
ERROR - 2019-12-09 04:11:30 --> Could not find the language line "Xác Nhận"
ERROR - 2019-12-09 04:11:30 --> Severity: Warning --> Invalid argument supplied for foreach() /home/admin/domains/spshd.com/public_html/khachhang/application/views/app.php 157
ERROR - 2019-12-09 04:11:30 --> Severity: Warning --> Invalid argument supplied for foreach() /home/admin/domains/spshd.com/public_html/khachhang/application/views/app.php 168
ERROR - 2019-12-09 04:11:30 --> Could not find the language line "Đóng"
ERROR - 2019-12-09 04:11:30 --> Could not find the language line "Xác Nhận"
ERROR - 2019-12-09 04:11:30 --> Could not find the language line "Đóng"
ERROR - 2019-12-09 04:11:30 --> Could not find the language line "Xác Nhận"
ERROR - 2019-12-09 05:28:10 --> Could not find the language line "Tạo Điểm Lấy Hàng"
ERROR - 2019-12-09 05:28:10 --> Could not find the language line "Tạo Đơn Hàng"
ERROR - 2019-12-09 05:28:10 --> Severity: Warning --> Invalid argument supplied for foreach() /home/admin/domains/spshd.com/public_html/khachhang/application/views/tab4.php 394
ERROR - 2019-12-09 05:28:10 --> Could not find the language line "Đóng"
ERROR - 2019-12-09 05:28:10 --> Could not find the language line "Xác Nhận"
ERROR - 2019-12-09 05:28:10 --> Severity: Warning --> Invalid argument supplied for foreach() /home/admin/domains/spshd.com/public_html/khachhang/application/views/app.php 157
ERROR - 2019-12-09 05:28:10 --> Severity: Warning --> Invalid argument supplied for foreach() /home/admin/domains/spshd.com/public_html/khachhang/application/views/app.php 168
ERROR - 2019-12-09 05:28:10 --> Could not find the language line "Đóng"
ERROR - 2019-12-09 05:28:10 --> Could not find the language line "Xác Nhận"
ERROR - 2019-12-09 05:28:10 --> Could not find the language line "Đóng"
ERROR - 2019-12-09 05:28:10 --> Could not find the language line "Xác Nhận"
ERROR - 2019-12-09 05:31:50 --> Could not find the language line "Tạo Điểm Lấy Hàng"
ERROR - 2019-12-09 05:31:50 --> Could not find the language line "Tạo Đơn Hàng"
ERROR - 2019-12-09 05:31:50 --> Severity: Warning --> Invalid argument supplied for foreach() /home/admin/domains/spshd.com/public_html/khachhang/application/views/tab4.php 394
ERROR - 2019-12-09 05:31:50 --> Could not find the language line "Đóng"
ERROR - 2019-12-09 05:31:50 --> Could not find the language line "Xác Nhận"
ERROR - 2019-12-09 05:31:50 --> Severity: Warning --> Invalid argument supplied for foreach() /home/admin/domains/spshd.com/public_html/khachhang/application/views/app.php 157
ERROR - 2019-12-09 05:31:50 --> Severity: Warning --> Invalid argument supplied for foreach() /home/admin/domains/spshd.com/public_html/khachhang/application/views/app.php 168
ERROR - 2019-12-09 05:31:50 --> Could not find the language line "Đóng"
ERROR - 2019-12-09 05:31:50 --> Could not find the language line "Xác Nhận"
ERROR - 2019-12-09 05:31:50 --> Could not find the language line "Đóng"
ERROR - 2019-12-09 05:31:50 --> Could not find the language line "Xác Nhận"
ERROR - 2019-12-09 09:37:51 --> Could not find the language line "Tạo Điểm Lấy Hàng"
ERROR - 2019-12-09 09:37:51 --> Could not find the language line "Tạo Đơn Hàng"
ERROR - 2019-12-09 09:37:51 --> Severity: Warning --> Invalid argument supplied for foreach() /home/admin/domains/spshd.com/public_html/khachhang/application/views/tab4.php 394
ERROR - 2019-12-09 09:37:51 --> Could not find the language line "Đóng"
ERROR - 2019-12-09 09:37:51 --> Could not find the language line "Xác Nhận"
ERROR - 2019-12-09 09:37:51 --> Severity: Warning --> Invalid argument supplied for foreach() /home/admin/domains/spshd.com/public_html/khachhang/application/views/app.php 157
ERROR - 2019-12-09 09:37:51 --> Severity: Warning --> Invalid argument supplied for foreach() /home/admin/domains/spshd.com/public_html/khachhang/application/views/app.php 168
ERROR - 2019-12-09 09:37:51 --> Could not find the language line "Đóng"
ERROR - 2019-12-09 09:37:51 --> Could not find the language line "Xác Nhận"
ERROR - 2019-12-09 09:37:51 --> Could not find the language line "Đóng"
ERROR - 2019-12-09 09:37:51 --> Could not find the language line "Xác Nhận"
ERROR - 2019-12-09 09:43:06 --> Could not find the language line "Tạo Điểm Lấy Hàng"
ERROR - 2019-12-09 09:43:06 --> Could not find the language line "Tạo Đơn Hàng"
ERROR - 2019-12-09 09:43:06 --> Severity: Warning --> Invalid argument supplied for foreach() /home/admin/domains/spshd.com/public_html/khachhang/application/views/tab4.php 394
ERROR - 2019-12-09 09:43:06 --> Could not find the language line "Đóng"
ERROR - 2019-12-09 09:43:06 --> Could not find the language line "Xác Nhận"
ERROR - 2019-12-09 09:43:06 --> Severity: Warning --> Invalid argument supplied for foreach() /home/admin/domains/spshd.com/public_html/khachhang/application/views/app.php 157
ERROR - 2019-12-09 09:43:06 --> Severity: Warning --> Invalid argument supplied for foreach() /home/admin/domains/spshd.com/public_html/khachhang/application/views/app.php 168
ERROR - 2019-12-09 09:43:06 --> Could not find the language line "Đóng"
ERROR - 2019-12-09 09:43:06 --> Could not find the language line "Xác Nhận"
ERROR - 2019-12-09 09:43:06 --> Could not find the language line "Đóng"
ERROR - 2019-12-09 09:43:06 --> Could not find the language line "Xác Nhận"
ERROR - 2019-12-09 09:44:36 --> Could not find the language line "Tạo Điểm Lấy Hàng"
ERROR - 2019-12-09 09:44:36 --> Could not find the language line "Tạo Đơn Hàng"
ERROR - 2019-12-09 09:44:36 --> Severity: Warning --> Invalid argument supplied for foreach() /home/admin/domains/spshd.com/public_html/khachhang/application/views/tab4.php 394
ERROR - 2019-12-09 09:44:36 --> Could not find the language line "Đóng"
ERROR - 2019-12-09 09:44:36 --> Could not find the language line "Xác Nhận"
ERROR - 2019-12-09 09:44:36 --> Severity: Warning --> Invalid argument supplied for foreach() /home/admin/domains/spshd.com/public_html/khachhang/application/views/app.php 157
ERROR - 2019-12-09 09:44:36 --> Severity: Warning --> Invalid argument supplied for foreach() /home/admin/domains/spshd.com/public_html/khachhang/application/views/app.php 168
ERROR - 2019-12-09 09:44:36 --> Could not find the language line "Đóng"
ERROR - 2019-12-09 09:44:36 --> Could not find the language line "Xác Nhận"
ERROR - 2019-12-09 09:44:36 --> Could not find the language line "Đóng"
ERROR - 2019-12-09 09:44:36 --> Could not find the language line "Xác Nhận"
ERROR - 2019-12-09 09:48:32 --> Could not find the language line "Email"
ERROR - 2019-12-09 09:48:32 --> Could not find the language line "password"
ERROR - 2019-12-09 09:51:03 --> Could not find the language line "Tạo Điểm Lấy Hàng"
ERROR - 2019-12-09 09:51:03 --> Could not find the language line "Tạo Đơn Hàng"
ERROR - 2019-12-09 09:51:03 --> Severity: Warning --> Invalid argument supplied for foreach() /home/admin/domains/spshd.com/public_html/khachhang/application/views/tab4.php 394
ERROR - 2019-12-09 09:51:03 --> Could not find the language line "Đóng"
ERROR - 2019-12-09 09:51:03 --> Could not find the language line "Xác Nhận"
ERROR - 2019-12-09 09:51:03 --> Severity: Warning --> Invalid argument supplied for foreach() /home/admin/domains/spshd.com/public_html/khachhang/application/views/app.php 157
ERROR - 2019-12-09 09:51:03 --> Severity: Warning --> Invalid argument supplied for foreach() /home/admin/domains/spshd.com/public_html/khachhang/application/views/app.php 168
ERROR - 2019-12-09 09:51:03 --> Could not find the language line "Đóng"
ERROR - 2019-12-09 09:51:03 --> Could not find the language line "Xác Nhận"
ERROR - 2019-12-09 09:51:03 --> Could not find the language line "Đóng"
ERROR - 2019-12-09 09:51:03 --> Could not find the language line "Xác Nhận"
ERROR - 2019-12-09 09:51:42 --> Could not find the language line "Tạo Điểm Lấy Hàng"
ERROR - 2019-12-09 09:51:42 --> Could not find the language line "Tạo Đơn Hàng"
ERROR - 2019-12-09 09:51:42 --> Severity: Warning --> Invalid argument supplied for foreach() /home/admin/domains/spshd.com/public_html/khachhang/application/views/tab4.php 394
ERROR - 2019-12-09 09:51:42 --> Could not find the language line "Đóng"
ERROR - 2019-12-09 09:51:42 --> Could not find the language line "Xác Nhận"
ERROR - 2019-12-09 09:51:42 --> Severity: Warning --> Invalid argument supplied for foreach() /home/admin/domains/spshd.com/public_html/khachhang/application/views/app.php 157
ERROR - 2019-12-09 09:51:42 --> Severity: Warning --> Invalid argument supplied for foreach() /home/admin/domains/spshd.com/public_html/khachhang/application/views/app.php 168
ERROR - 2019-12-09 09:51:42 --> Could not find the language line "Đóng"
ERROR - 2019-12-09 09:51:42 --> Could not find the language line "Xác Nhận"
ERROR - 2019-12-09 09:51:42 --> Could not find the language line "Đóng"
ERROR - 2019-12-09 09:51:42 --> Could not find the language line "Xác Nhận"
ERROR - 2019-12-09 09:52:34 --> Could not find the language line "Tạo Điểm Lấy Hàng"
ERROR - 2019-12-09 09:52:34 --> Could not find the language line "Tạo Đơn Hàng"
ERROR - 2019-12-09 09:52:34 --> Severity: Warning --> Invalid argument supplied for foreach() /home/admin/domains/spshd.com/public_html/khachhang/application/views/tab4.php 394
ERROR - 2019-12-09 09:52:34 --> Could not find the language line "Đóng"
ERROR - 2019-12-09 09:52:34 --> Could not find the language line "Xác Nhận"
ERROR - 2019-12-09 09:52:34 --> Severity: Warning --> Invalid argument supplied for foreach() /home/admin/domains/spshd.com/public_html/khachhang/application/views/app.php 157
ERROR - 2019-12-09 09:52:34 --> Severity: Warning --> Invalid argument supplied for foreach() /home/admin/domains/spshd.com/public_html/khachhang/application/views/app.php 168
ERROR - 2019-12-09 09:52:34 --> Could not find the language line "Đóng"
ERROR - 2019-12-09 09:52:34 --> Could not find the language line "Xác Nhận"
ERROR - 2019-12-09 09:52:34 --> Could not find the language line "Đóng"
ERROR - 2019-12-09 09:52:34 --> Could not find the language line "Xác Nhận"
ERROR - 2019-12-09 09:54:04 --> Could not find the language line "Tạo Điểm Lấy Hàng"
ERROR - 2019-12-09 09:54:04 --> Could not find the language line "Tạo Đơn Hàng"
ERROR - 2019-12-09 09:54:04 --> Severity: Warning --> Invalid argument supplied for foreach() /home/admin/domains/spshd.com/public_html/khachhang/application/views/tab4.php 394
ERROR - 2019-12-09 09:54:04 --> Could not find the language line "Đóng"
ERROR - 2019-12-09 09:54:04 --> Could not find the language line "Xác Nhận"
ERROR - 2019-12-09 09:54:04 --> Severity: Warning --> Invalid argument supplied for foreach() /home/admin/domains/spshd.com/public_html/khachhang/application/views/app.php 157
ERROR - 2019-12-09 09:54:04 --> Severity: Warning --> Invalid argument supplied for foreach() /home/admin/domains/spshd.com/public_html/khachhang/application/views/app.php 168
ERROR - 2019-12-09 09:54:04 --> Could not find the language line "Đóng"
ERROR - 2019-12-09 09:54:04 --> Could not find the language line "Xác Nhận"
ERROR - 2019-12-09 09:54:04 --> Could not find the language line "Đóng"
ERROR - 2019-12-09 09:54:04 --> Could not find the language line "Xác Nhận"
ERROR - 2019-12-09 09:54:19 --> Could not find the language line "Tạo Điểm Lấy Hàng"
ERROR - 2019-12-09 09:54:19 --> Could not find the language line "Tạo Đơn Hàng"
ERROR - 2019-12-09 09:54:19 --> Severity: Warning --> Invalid argument supplied for foreach() /home/admin/domains/spshd.com/public_html/khachhang/application/views/tab4.php 394
ERROR - 2019-12-09 09:54:19 --> Could not find the language line "Đóng"
ERROR - 2019-12-09 09:54:19 --> Could not find the language line "Xác Nhận"
ERROR - 2019-12-09 09:54:19 --> Severity: Warning --> Invalid argument supplied for foreach() /home/admin/domains/spshd.com/public_html/khachhang/application/views/app.php 157
ERROR - 2019-12-09 09:54:19 --> Severity: Warning --> Invalid argument supplied for foreach() /home/admin/domains/spshd.com/public_html/khachhang/application/views/app.php 168
ERROR - 2019-12-09 09:54:19 --> Could not find the language line "Đóng"
ERROR - 2019-12-09 09:54:19 --> Could not find the language line "Xác Nhận"
ERROR - 2019-12-09 09:54:19 --> Could not find the language line "Đóng"
ERROR - 2019-12-09 09:54:19 --> Could not find the language line "Xác Nhận"
ERROR - 2019-12-09 09:54:48 --> Could not find the language line "Tạo Điểm Lấy Hàng"
ERROR - 2019-12-09 09:54:48 --> Could not find the language line "Tạo Đơn Hàng"
ERROR - 2019-12-09 09:54:48 --> Severity: Warning --> Invalid argument supplied for foreach() /home/admin/domains/spshd.com/public_html/khachhang/application/views/tab4.php 394
ERROR - 2019-12-09 09:54:48 --> Could not find the language line "Đóng"
ERROR - 2019-12-09 09:54:48 --> Could not find the language line "Xác Nhận"
ERROR - 2019-12-09 09:54:48 --> Severity: Warning --> Invalid argument supplied for foreach() /home/admin/domains/spshd.com/public_html/khachhang/application/views/app.php 157
ERROR - 2019-12-09 09:54:48 --> Severity: Warning --> Invalid argument supplied for foreach() /home/admin/domains/spshd.com/public_html/khachhang/application/views/app.php 168
ERROR - 2019-12-09 09:54:48 --> Could not find the language line "Đóng"
ERROR - 2019-12-09 09:54:48 --> Could not find the language line "Xác Nhận"
ERROR - 2019-12-09 09:54:48 --> Could not find the language line "Đóng"
ERROR - 2019-12-09 09:54:48 --> Could not find the language line "Xác Nhận"
ERROR - 2019-12-09 09:54:52 --> Could not find the language line "Tạo Điểm Lấy Hàng"
ERROR - 2019-12-09 09:54:52 --> Could not find the language line "Tạo Đơn Hàng"
ERROR - 2019-12-09 09:54:52 --> Severity: Warning --> Invalid argument supplied for foreach() /home/admin/domains/spshd.com/public_html/khachhang/application/views/tab4.php 394
ERROR - 2019-12-09 09:54:52 --> Could not find the language line "Đóng"
ERROR - 2019-12-09 09:54:52 --> Could not find the language line "Xác Nhận"
ERROR - 2019-12-09 09:54:52 --> Severity: Warning --> Invalid argument supplied for foreach() /home/admin/domains/spshd.com/public_html/khachhang/application/views/app.php 157
ERROR - 2019-12-09 09:54:52 --> Severity: Warning --> Invalid argument supplied for foreach() /home/admin/domains/spshd.com/public_html/khachhang/application/views/app.php 168
ERROR - 2019-12-09 09:54:52 --> Could not find the language line "Đóng"
ERROR - 2019-12-09 09:54:52 --> Could not find the language line "Xác Nhận"
ERROR - 2019-12-09 09:54:52 --> Could not find the language line "Đóng"
ERROR - 2019-12-09 09:54:52 --> Could not find the language line "Xác Nhận"
ERROR - 2019-12-09 09:57:15 --> Could not find the language line "Tạo Điểm Lấy Hàng"
ERROR - 2019-12-09 09:57:15 --> Could not find the language line "Tạo Đơn Hàng"
ERROR - 2019-12-09 09:57:15 --> Severity: Warning --> Invalid argument supplied for foreach() /home/admin/domains/spshd.com/public_html/khachhang/application/views/tab4.php 394
ERROR - 2019-12-09 09:57:15 --> Could not find the language line "Đóng"
ERROR - 2019-12-09 09:57:15 --> Could not find the language line "Xác Nhận"
ERROR - 2019-12-09 09:57:15 --> Severity: Warning --> Invalid argument supplied for foreach() /home/admin/domains/spshd.com/public_html/khachhang/application/views/app.php 157
ERROR - 2019-12-09 09:57:15 --> Severity: Warning --> Invalid argument supplied for foreach() /home/admin/domains/spshd.com/public_html/khachhang/application/views/app.php 168
ERROR - 2019-12-09 09:57:15 --> Could not find the language line "Đóng"
ERROR - 2019-12-09 09:57:15 --> Could not find the language line "Xác Nhận"
ERROR - 2019-12-09 09:57:15 --> Could not find the language line "Đóng"
ERROR - 2019-12-09 09:57:15 --> Could not find the language line "Xác Nhận"
ERROR - 2019-12-09 09:57:57 --> Could not find the language line "Email"
ERROR - 2019-12-09 09:57:57 --> Could not find the language line "password"
ERROR - 2019-12-09 09:59:28 --> Could not find the language line "Tạo Điểm Lấy Hàng"
ERROR - 2019-12-09 09:59:28 --> Could not find the language line "Tạo Đơn Hàng"
ERROR - 2019-12-09 09:59:28 --> Severity: Warning --> Invalid argument supplied for foreach() /home/admin/domains/spshd.com/public_html/khachhang/application/views/tab4.php 394
ERROR - 2019-12-09 09:59:28 --> Could not find the language line "Đóng"
ERROR - 2019-12-09 09:59:28 --> Could not find the language line "Xác Nhận"
ERROR - 2019-12-09 09:59:28 --> Severity: Warning --> Invalid argument supplied for foreach() /home/admin/domains/spshd.com/public_html/khachhang/application/views/app.php 157
ERROR - 2019-12-09 09:59:28 --> Severity: Warning --> Invalid argument supplied for foreach() /home/admin/domains/spshd.com/public_html/khachhang/application/views/app.php 168
ERROR - 2019-12-09 09:59:28 --> Could not find the language line "Đóng"
ERROR - 2019-12-09 09:59:28 --> Could not find the language line "Xác Nhận"
ERROR - 2019-12-09 09:59:28 --> Could not find the language line "Đóng"
ERROR - 2019-12-09 09:59:28 --> Could not find the language line "Xác Nhận"
ERROR - 2019-12-09 10:00:12 --> Could not find the language line "Tạo Điểm Lấy Hàng"
ERROR - 2019-12-09 10:00:12 --> Could not find the language line "Tạo Đơn Hàng"
ERROR - 2019-12-09 10:00:12 --> Severity: Warning --> Invalid argument supplied for foreach() /home/admin/domains/spshd.com/public_html/khachhang/application/views/tab4.php 394
ERROR - 2019-12-09 10:00:12 --> Could not find the language line "Đóng"
ERROR - 2019-12-09 10:00:12 --> Could not find the language line "Xác Nhận"
ERROR - 2019-12-09 10:00:12 --> Severity: Warning --> Invalid argument supplied for foreach() /home/admin/domains/spshd.com/public_html/khachhang/application/views/app.php 157
ERROR - 2019-12-09 10:00:12 --> Severity: Warning --> Invalid argument supplied for foreach() /home/admin/domains/spshd.com/public_html/khachhang/application/views/app.php 168
ERROR - 2019-12-09 10:00:12 --> Could not find the language line "Đóng"
ERROR - 2019-12-09 10:00:12 --> Could not find the language line "Xác Nhận"
ERROR - 2019-12-09 10:00:12 --> Could not find the language line "Đóng"
ERROR - 2019-12-09 10:00:12 --> Could not find the language line "Xác Nhận"
ERROR - 2019-12-09 10:01:13 --> Could not find the language line "Tạo Điểm Lấy Hàng"
ERROR - 2019-12-09 10:01:13 --> Could not find the language line "Tạo Đơn Hàng"
ERROR - 2019-12-09 10:01:13 --> Severity: Warning --> Invalid argument supplied for foreach() /home/admin/domains/spshd.com/public_html/khachhang/application/views/tab4.php 394
ERROR - 2019-12-09 10:01:13 --> Could not find the language line "Đóng"
ERROR - 2019-12-09 10:01:13 --> Could not find the language line "Xác Nhận"
ERROR - 2019-12-09 10:01:13 --> Severity: Warning --> Invalid argument supplied for foreach() /home/admin/domains/spshd.com/public_html/khachhang/application/views/app.php 157
ERROR - 2019-12-09 10:01:13 --> Severity: Warning --> Invalid argument supplied for foreach() /home/admin/domains/spshd.com/public_html/khachhang/application/views/app.php 168
ERROR - 2019-12-09 10:01:13 --> Could not find the language line "Đóng"
ERROR - 2019-12-09 10:01:13 --> Could not find the language line "Xác Nhận"
ERROR - 2019-12-09 10:01:13 --> Could not find the language line "Đóng"
ERROR - 2019-12-09 10:01:13 --> Could not find the language line "Xác Nhận"
ERROR - 2019-12-09 10:03:01 --> Could not find the language line "Tạo Điểm Lấy Hàng"
ERROR - 2019-12-09 10:03:01 --> Could not find the language line "Tạo Đơn Hàng"
ERROR - 2019-12-09 10:03:01 --> Severity: Warning --> Invalid argument supplied for foreach() /home/admin/domains/spshd.com/public_html/khachhang/application/views/tab4.php 394
ERROR - 2019-12-09 10:03:01 --> Could not find the language line "Đóng"
ERROR - 2019-12-09 10:03:01 --> Could not find the language line "Xác Nhận"
ERROR - 2019-12-09 10:03:01 --> Severity: Warning --> Invalid argument supplied for foreach() /home/admin/domains/spshd.com/public_html/khachhang/application/views/app.php 157
ERROR - 2019-12-09 10:03:01 --> Severity: Warning --> Invalid argument supplied for foreach() /home/admin/domains/spshd.com/public_html/khachhang/application/views/app.php 168
ERROR - 2019-12-09 10:03:01 --> Could not find the language line "Đóng"
ERROR - 2019-12-09 10:03:01 --> Could not find the language line "Xác Nhận"
ERROR - 2019-12-09 10:03:01 --> Could not find the language line "Đóng"
ERROR - 2019-12-09 10:03:01 --> Could not find the language line "Xác Nhận"
ERROR - 2019-12-09 10:03:02 --> Could not find the language line "Tạo Điểm Lấy Hàng"
ERROR - 2019-12-09 10:03:02 --> Could not find the language line "Tạo Đơn Hàng"
ERROR - 2019-12-09 10:03:02 --> Severity: Warning --> Invalid argument supplied for foreach() /home/admin/domains/spshd.com/public_html/khachhang/application/views/tab4.php 394
ERROR - 2019-12-09 10:03:02 --> Could not find the language line "Đóng"
ERROR - 2019-12-09 10:03:02 --> Could not find the language line "Xác Nhận"
ERROR - 2019-12-09 10:03:02 --> Severity: Warning --> Invalid argument supplied for foreach() /home/admin/domains/spshd.com/public_html/khachhang/application/views/app.php 157
ERROR - 2019-12-09 10:03:02 --> Severity: Warning --> Invalid argument supplied for foreach() /home/admin/domains/spshd.com/public_html/khachhang/application/views/app.php 168
ERROR - 2019-12-09 10:03:02 --> Could not find the language line "Đóng"
ERROR - 2019-12-09 10:03:02 --> Could not find the language line "Xác Nhận"
ERROR - 2019-12-09 10:03:02 --> Could not find the language line "Đóng"
ERROR - 2019-12-09 10:03:02 --> Could not find the language line "Xác Nhận"
ERROR - 2019-12-09 10:03:22 --> Could not find the language line "Tạo Điểm Lấy Hàng"
ERROR - 2019-12-09 10:03:22 --> Could not find the language line "Tạo Đơn Hàng"
ERROR - 2019-12-09 10:03:22 --> Severity: Warning --> Invalid argument supplied for foreach() /home/admin/domains/spshd.com/public_html/khachhang/application/views/tab4.php 394
ERROR - 2019-12-09 10:03:22 --> Could not find the language line "Đóng"
ERROR - 2019-12-09 10:03:22 --> Could not find the language line "Xác Nhận"
ERROR - 2019-12-09 10:03:22 --> Severity: Warning --> Invalid argument supplied for foreach() /home/admin/domains/spshd.com/public_html/khachhang/application/views/app.php 157
ERROR - 2019-12-09 10:03:22 --> Severity: Warning --> Invalid argument supplied for foreach() /home/admin/domains/spshd.com/public_html/khachhang/application/views/app.php 168
ERROR - 2019-12-09 10:03:22 --> Could not find the language line "Đóng"
ERROR - 2019-12-09 10:03:22 --> Could not find the language line "Xác Nhận"
ERROR - 2019-12-09 10:03:22 --> Could not find the language line "Đóng"
ERROR - 2019-12-09 10:03:22 --> Could not find the language line "Xác Nhận"
ERROR - 2019-12-09 10:37:35 --> Could not find the language line "Tạo Điểm Lấy Hàng"
ERROR - 2019-12-09 10:37:35 --> Could not find the language line "Tạo Đơn Hàng"
ERROR - 2019-12-09 10:37:35 --> Severity: Warning --> Invalid argument supplied for foreach() /home/admin/domains/spshd.com/public_html/khachhang/application/views/tab4.php 394
ERROR - 2019-12-09 10:37:35 --> Could not find the language line "Đóng"
ERROR - 2019-12-09 10:37:35 --> Could not find the language line "Xác Nhận"
ERROR - 2019-12-09 10:37:35 --> Severity: Warning --> Invalid argument supplied for foreach() /home/admin/domains/spshd.com/public_html/khachhang/application/views/app.php 157
ERROR - 2019-12-09 10:37:35 --> Severity: Warning --> Invalid argument supplied for foreach() /home/admin/domains/spshd.com/public_html/khachhang/application/views/app.php 168
ERROR - 2019-12-09 10:37:35 --> Could not find the language line "Đóng"
ERROR - 2019-12-09 10:37:35 --> Could not find the language line "Xác Nhận"
ERROR - 2019-12-09 10:37:35 --> Could not find the language line "Đóng"
ERROR - 2019-12-09 10:37:35 --> Could not find the language line "Xác Nhận"
ERROR - 2019-12-09 11:28:43 --> Could not find the language line "Tạo Điểm Lấy Hàng"
ERROR - 2019-12-09 11:28:43 --> Could not find the language line "Tạo Đơn Hàng"
ERROR - 2019-12-09 11:28:43 --> Severity: Warning --> Invalid argument supplied for foreach() /home/admin/domains/spshd.com/public_html/khachhang/application/views/tab4.php 394
ERROR - 2019-12-09 11:28:43 --> Could not find the language line "Đóng"
ERROR - 2019-12-09 11:28:43 --> Could not find the language line "Xác Nhận"
ERROR - 2019-12-09 11:28:43 --> Severity: Warning --> Invalid argument supplied for foreach() /home/admin/domains/spshd.com/public_html/khachhang/application/views/app.php 157
ERROR - 2019-12-09 11:28:43 --> Severity: Warning --> Invalid argument supplied for foreach() /home/admin/domains/spshd.com/public_html/khachhang/application/views/app.php 168
ERROR - 2019-12-09 11:28:43 --> Could not find the language line "Đóng"
ERROR - 2019-12-09 11:28:43 --> Could not find the language line "Xác Nhận"
ERROR - 2019-12-09 11:28:43 --> Could not find the language line "Đóng"
ERROR - 2019-12-09 11:28:43 --> Could not find the language line "Xác Nhận"
ERROR - 2019-12-09 11:31:04 --> Could not find the language line "Tạo Điểm Lấy Hàng"
ERROR - 2019-12-09 11:31:04 --> Could not find the language line "Tạo Đơn Hàng"
ERROR - 2019-12-09 11:31:04 --> Severity: Warning --> Invalid argument supplied for foreach() /home/admin/domains/spshd.com/public_html/khachhang/application/views/tab4.php 394
ERROR - 2019-12-09 11:31:04 --> Could not find the language line "Đóng"
ERROR - 2019-12-09 11:31:04 --> Could not find the language line "Xác Nhận"
ERROR - 2019-12-09 11:31:04 --> Severity: Warning --> Invalid argument supplied for foreach() /home/admin/domains/spshd.com/public_html/khachhang/application/views/app.php 157
ERROR - 2019-12-09 11:31:04 --> Severity: Warning --> Invalid argument supplied for foreach() /home/admin/domains/spshd.com/public_html/khachhang/application/views/app.php 168
ERROR - 2019-12-09 11:31:04 --> Could not find the language line "Đóng"
ERROR - 2019-12-09 11:31:04 --> Could not find the language line "Xác Nhận"
ERROR - 2019-12-09 11:31:04 --> Could not find the language line "Đóng"
ERROR - 2019-12-09 11:31:04 --> Could not find the language line "Xác Nhận"
ERROR - 2019-12-09 11:32:18 --> Could not find the language line "Tạo Điểm Lấy Hàng"
ERROR - 2019-12-09 11:32:18 --> Could not find the language line "Tạo Đơn Hàng"
ERROR - 2019-12-09 11:32:18 --> Severity: Warning --> Invalid argument supplied for foreach() /home/admin/domains/spshd.com/public_html/khachhang/application/views/tab4.php 394
ERROR - 2019-12-09 11:32:18 --> Could not find the language line "Đóng"
ERROR - 2019-12-09 11:32:18 --> Could not find the language line "Xác Nhận"
ERROR - 2019-12-09 11:32:18 --> Severity: Warning --> Invalid argument supplied for foreach() /home/admin/domains/spshd.com/public_html/khachhang/application/views/app.php 157
ERROR - 2019-12-09 11:32:18 --> Severity: Warning --> Invalid argument supplied for foreach() /home/admin/domains/spshd.com/public_html/khachhang/application/views/app.php 168
ERROR - 2019-12-09 11:32:18 --> Could not find the language line "Đóng"
ERROR - 2019-12-09 11:32:18 --> Could not find the language line "Xác Nhận"
ERROR - 2019-12-09 11:32:18 --> Could not find the language line "Đóng"
ERROR - 2019-12-09 11:32:18 --> Could not find the language line "Xác Nhận"
ERROR - 2019-12-09 12:24:00 --> Could not find the language line "Email"
ERROR - 2019-12-09 12:24:00 --> Could not find the language line "password"
ERROR - 2019-12-09 15:49:07 --> Could not find the language line "Tạo Điểm Lấy Hàng"
ERROR - 2019-12-09 15:49:07 --> Could not find the language line "Tạo Đơn Hàng"
ERROR - 2019-12-09 15:49:07 --> Severity: Warning --> Invalid argument supplied for foreach() /home/admin/domains/spshd.com/public_html/khachhang/application/views/tab4.php 394
ERROR - 2019-12-09 15:49:07 --> Could not find the language line "Đóng"
ERROR - 2019-12-09 15:49:07 --> Could not find the language line "Xác Nhận"
ERROR - 2019-12-09 15:49:07 --> Severity: Warning --> Invalid argument supplied for foreach() /home/admin/domains/spshd.com/public_html/khachhang/application/views/app.php 157
ERROR - 2019-12-09 15:49:07 --> Severity: Warning --> Invalid argument supplied for foreach() /home/admin/domains/spshd.com/public_html/khachhang/application/views/app.php 168
ERROR - 2019-12-09 15:49:07 --> Could not find the language line "Đóng"
ERROR - 2019-12-09 15:49:07 --> Could not find the language line "Xác Nhận"
ERROR - 2019-12-09 15:49:07 --> Could not find the language line "Đóng"
ERROR - 2019-12-09 15:49:07 --> Could not find the language line "Xác Nhận"
ERROR - 2019-12-09 23:02:33 --> Could not find the language line "Tạo Điểm Lấy Hàng"
ERROR - 2019-12-09 23:02:33 --> Could not find the language line "Tạo Đơn Hàng"
ERROR - 2019-12-09 23:02:33 --> Severity: Warning --> Invalid argument supplied for foreach() /home/admin/domains/spshd.com/public_html/khachhang/application/views/tab4.php 394
ERROR - 2019-12-09 23:02:33 --> Could not find the language line "Đóng"
ERROR - 2019-12-09 23:02:33 --> Could not find the language line "Xác Nhận"
ERROR - 2019-12-09 23:02:33 --> Severity: Warning --> Invalid argument supplied for foreach() /home/admin/domains/spshd.com/public_html/khachhang/application/views/app.php 157
ERROR - 2019-12-09 23:02:33 --> Severity: Warning --> Invalid argument supplied for foreach() /home/admin/domains/spshd.com/public_html/khachhang/application/views/app.php 168
ERROR - 2019-12-09 23:02:33 --> Could not find the language line "Đóng"
ERROR - 2019-12-09 23:02:33 --> Could not find the language line "Xác Nhận"
ERROR - 2019-12-09 23:02:33 --> Could not find the language line "Đóng"
ERROR - 2019-12-09 23:02:33 --> Could not find the language line "Xác Nhận"
