ERROR - 2019-11-03 02:40:40 --> Could not find the language line "Email"
ERROR - 2019-11-03 02:40:40 --> Could not find the language line "password"
ERROR - 2019-11-03 05:47:52 --> Could not find the language line "Email"
ERROR - 2019-11-03 05:47:52 --> Could not find the language line "password"
ERROR - 2019-11-03 06:50:50 --> Could not find the language line "Tạo Điểm Lấy Hàng"
ERROR - 2019-11-03 06:50:50 --> Could not find the language line "Tạo Đơn Hàng"
ERROR - 2019-11-03 06:50:50 --> Severity: Warning --> Invalid argument supplied for foreach() /home/admin/domains/spshd.com/public_html/khachhang/application/views/tab4.php 394
ERROR - 2019-11-03 06:50:50 --> Could not find the language line "Đóng"
ERROR - 2019-11-03 06:50:50 --> Could not find the language line "Xác Nhận"
ERROR - 2019-11-03 06:50:50 --> Severity: Warning --> Invalid argument supplied for foreach() /home/admin/domains/spshd.com/public_html/khachhang/application/views/app.php 157
ERROR - 2019-11-03 06:50:50 --> Severity: Warning --> Invalid argument supplied for foreach() /home/admin/domains/spshd.com/public_html/khachhang/application/views/app.php 168
ERROR - 2019-11-03 06:50:50 --> Could not find the language line "Đóng"
ERROR - 2019-11-03 06:50:50 --> Could not find the language line "Xác Nhận"
ERROR - 2019-11-03 06:50:50 --> Could not find the language line "Đóng"
ERROR - 2019-11-03 06:50:50 --> Could not find the language line "Xác Nhận"
ERROR - 2019-11-03 07:52:21 --> Could not find the language line "Email"
ERROR - 2019-11-03 07:52:21 --> Could not find the language line "password"
ERROR - 2019-11-03 07:53:21 --> Could not find the language line "Email"
ERROR - 2019-11-03 07:53:21 --> Could not find the language line "password"
ERROR - 2019-11-03 07:53:24 --> Could not find the language line "Tạo Điểm Lấy Hàng"
ERROR - 2019-11-03 07:53:24 --> Could not find the language line "Tạo Đơn Hàng"
ERROR - 2019-11-03 07:53:24 --> Severity: Warning --> Invalid argument supplied for foreach() /home/admin/domains/spshd.com/public_html/khachhang/application/views/tab4.php 394
ERROR - 2019-11-03 07:53:24 --> Could not find the language line "Đóng"
ERROR - 2019-11-03 07:53:24 --> Could not find the language line "Xác Nhận"
ERROR - 2019-11-03 07:53:24 --> Severity: Warning --> Invalid argument supplied for foreach() /home/admin/domains/spshd.com/public_html/khachhang/application/views/app.php 157
ERROR - 2019-11-03 07:53:24 --> Severity: Warning --> Invalid argument supplied for foreach() /home/admin/domains/spshd.com/public_html/khachhang/application/views/app.php 168
ERROR - 2019-11-03 07:53:24 --> Could not find the language line "Đóng"
ERROR - 2019-11-03 07:53:24 --> Could not find the language line "Xác Nhận"
ERROR - 2019-11-03 07:53:24 --> Could not find the language line "Đóng"
ERROR - 2019-11-03 07:53:24 --> Could not find the language line "Xác Nhận"
ERROR - 2019-11-03 07:58:31 --> Could not find the language line "Tạo Điểm Lấy Hàng"
ERROR - 2019-11-03 07:58:31 --> Could not find the language line "Tạo Đơn Hàng"
ERROR - 2019-11-03 07:58:31 --> Severity: Warning --> Invalid argument supplied for foreach() /home/admin/domains/spshd.com/public_html/khachhang/application/views/tab4.php 394
ERROR - 2019-11-03 07:58:31 --> Could not find the language line "Đóng"
ERROR - 2019-11-03 07:58:31 --> Could not find the language line "Xác Nhận"
ERROR - 2019-11-03 07:58:31 --> Severity: Warning --> Invalid argument supplied for foreach() /home/admin/domains/spshd.com/public_html/khachhang/application/views/app.php 157
ERROR - 2019-11-03 07:58:31 --> Severity: Warning --> Invalid argument supplied for foreach() /home/admin/domains/spshd.com/public_html/khachhang/application/views/app.php 168
ERROR - 2019-11-03 07:58:31 --> Could not find the language line "Đóng"
ERROR - 2019-11-03 07:58:31 --> Could not find the language line "Xác Nhận"
ERROR - 2019-11-03 07:58:31 --> Could not find the language line "Đóng"
ERROR - 2019-11-03 07:58:31 --> Could not find the language line "Xác Nhận"
ERROR - 2019-11-03 08:33:38 --> Could not find the language line "Tạo Điểm Lấy Hàng"
ERROR - 2019-11-03 08:33:38 --> Could not find the language line "Tạo Đơn Hàng"
ERROR - 2019-11-03 08:33:38 --> Severity: Warning --> Invalid argument supplied for foreach() /home/admin/domains/spshd.com/public_html/khachhang/application/views/tab4.php 394
ERROR - 2019-11-03 08:33:38 --> Could not find the language line "Đóng"
ERROR - 2019-11-03 08:33:38 --> Could not find the language line "Xác Nhận"
ERROR - 2019-11-03 08:33:38 --> Severity: Warning --> Invalid argument supplied for foreach() /home/admin/domains/spshd.com/public_html/khachhang/application/views/app.php 157
ERROR - 2019-11-03 08:33:38 --> Severity: Warning --> Invalid argument supplied for foreach() /home/admin/domains/spshd.com/public_html/khachhang/application/views/app.php 168
ERROR - 2019-11-03 08:33:38 --> Could not find the language line "Đóng"
ERROR - 2019-11-03 08:33:38 --> Could not find the language line "Xác Nhận"
ERROR - 2019-11-03 08:33:38 --> Could not find the language line "Đóng"
ERROR - 2019-11-03 08:33:38 --> Could not find the language line "Xác Nhận"
ERROR - 2019-11-03 08:33:38 --> Could not find the language line "Tạo Điểm Lấy Hàng"
ERROR - 2019-11-03 08:33:38 --> Could not find the language line "Tạo Đơn Hàng"
ERROR - 2019-11-03 08:33:38 --> Severity: Warning --> Invalid argument supplied for foreach() /home/admin/domains/spshd.com/public_html/khachhang/application/views/tab4.php 394
ERROR - 2019-11-03 08:33:38 --> Could not find the language line "Đóng"
ERROR - 2019-11-03 08:33:38 --> Could not find the language line "Xác Nhận"
ERROR - 2019-11-03 08:33:38 --> Severity: Warning --> Invalid argument supplied for foreach() /home/admin/domains/spshd.com/public_html/khachhang/application/views/app.php 157
ERROR - 2019-11-03 08:33:38 --> Severity: Warning --> Invalid argument supplied for foreach() /home/admin/domains/spshd.com/public_html/khachhang/application/views/app.php 168
ERROR - 2019-11-03 08:33:38 --> Could not find the language line "Đóng"
ERROR - 2019-11-03 08:33:38 --> Could not find the language line "Xác Nhận"
ERROR - 2019-11-03 08:33:38 --> Could not find the language line "Đóng"
ERROR - 2019-11-03 08:33:38 --> Could not find the language line "Xác Nhận"
ERROR - 2019-11-03 11:52:00 --> Could not find the language line "Tạo Điểm Lấy Hàng"
ERROR - 2019-11-03 11:52:00 --> Could not find the language line "Tạo Đơn Hàng"
ERROR - 2019-11-03 11:52:00 --> Severity: Warning --> Invalid argument supplied for foreach() /home/admin/domains/spshd.com/public_html/khachhang/application/views/tab4.php 394
ERROR - 2019-11-03 11:52:00 --> Could not find the language line "Đóng"
ERROR - 2019-11-03 11:52:00 --> Could not find the language line "Xác Nhận"
ERROR - 2019-11-03 11:52:00 --> Severity: Warning --> Invalid argument supplied for foreach() /home/admin/domains/spshd.com/public_html/khachhang/application/views/app.php 157
ERROR - 2019-11-03 11:52:00 --> Severity: Warning --> Invalid argument supplied for foreach() /home/admin/domains/spshd.com/public_html/khachhang/application/views/app.php 168
ERROR - 2019-11-03 11:52:00 --> Could not find the language line "Đóng"
ERROR - 2019-11-03 11:52:00 --> Could not find the language line "Xác Nhận"
ERROR - 2019-11-03 11:52:00 --> Could not find the language line "Đóng"
ERROR - 2019-11-03 11:52:00 --> Could not find the language line "Xác Nhận"
ERROR - 2019-11-03 14:46:26 --> Could not find the language line "Tạo Điểm Lấy Hàng"
ERROR - 2019-11-03 14:46:26 --> Could not find the language line "Tạo Đơn Hàng"
ERROR - 2019-11-03 14:46:26 --> Severity: Warning --> Invalid argument supplied for foreach() /home/admin/domains/spshd.com/public_html/khachhang/application/views/tab4.php 394
ERROR - 2019-11-03 14:46:26 --> Could not find the language line "Đóng"
ERROR - 2019-11-03 14:46:26 --> Could not find the language line "Xác Nhận"
ERROR - 2019-11-03 14:46:26 --> Severity: Warning --> Invalid argument supplied for foreach() /home/admin/domains/spshd.com/public_html/khachhang/application/views/app.php 157
ERROR - 2019-11-03 14:46:26 --> Severity: Warning --> Invalid argument supplied for foreach() /home/admin/domains/spshd.com/public_html/khachhang/application/views/app.php 168
ERROR - 2019-11-03 14:46:26 --> Could not find the language line "Đóng"
ERROR - 2019-11-03 14:46:26 --> Could not find the language line "Xác Nhận"
ERROR - 2019-11-03 14:46:26 --> Could not find the language line "Đóng"
ERROR - 2019-11-03 14:46:26 --> Could not find the language line "Xác Nhận"
ERROR - 2019-11-03 16:45:02 --> Could not find the language line "Email"
ERROR - 2019-11-03 16:45:02 --> Could not find the language line "password"
ERROR - 2019-11-03 16:45:31 --> Could not find the language line "Tạo Điểm Lấy Hàng"
ERROR - 2019-11-03 16:45:31 --> Could not find the language line "Tạo Đơn Hàng"
ERROR - 2019-11-03 16:45:31 --> Severity: Warning --> Invalid argument supplied for foreach() /home/admin/domains/spshd.com/public_html/khachhang/application/views/tab4.php 394
ERROR - 2019-11-03 16:45:31 --> Could not find the language line "Đóng"
ERROR - 2019-11-03 16:45:31 --> Could not find the language line "Xác Nhận"
ERROR - 2019-11-03 16:45:31 --> Severity: Warning --> Invalid argument supplied for foreach() /home/admin/domains/spshd.com/public_html/khachhang/application/views/app.php 157
ERROR - 2019-11-03 16:45:31 --> Severity: Warning --> Invalid argument supplied for foreach() /home/admin/domains/spshd.com/public_html/khachhang/application/views/app.php 168
ERROR - 2019-11-03 16:45:31 --> Could not find the language line "Đóng"
ERROR - 2019-11-03 16:45:31 --> Could not find the language line "Xác Nhận"
ERROR - 2019-11-03 16:45:31 --> Could not find the language line "Đóng"
ERROR - 2019-11-03 16:45:31 --> Could not find the language line "Xác Nhận"
