ERROR - 2019-10-29 01:26:30 --> Could not find the language line "Email"
ERROR - 2019-10-29 01:26:30 --> Could not find the language line "password"
ERROR - 2019-10-29 04:18:59 --> Could not find the language line "Email"
ERROR - 2019-10-29 04:18:59 --> Could not find the language line "password"
ERROR - 2019-10-29 04:51:16 --> Could not find the language line "Tạo Điểm Lấy Hàng"
ERROR - 2019-10-29 04:51:16 --> Could not find the language line "Tạo Đơn Hàng"
ERROR - 2019-10-29 04:51:16 --> Severity: Warning --> Invalid argument supplied for foreach() /home/admin/domains/spshd.com/public_html/khachhang/application/views/tab4.php 394
ERROR - 2019-10-29 04:51:16 --> Could not find the language line "Đóng"
ERROR - 2019-10-29 04:51:16 --> Could not find the language line "Xác Nhận"
ERROR - 2019-10-29 04:51:16 --> Severity: Warning --> Invalid argument supplied for foreach() /home/admin/domains/spshd.com/public_html/khachhang/application/views/app.php 157
ERROR - 2019-10-29 04:51:16 --> Severity: Warning --> Invalid argument supplied for foreach() /home/admin/domains/spshd.com/public_html/khachhang/application/views/app.php 168
ERROR - 2019-10-29 04:51:16 --> Could not find the language line "Đóng"
ERROR - 2019-10-29 04:51:16 --> Could not find the language line "Xác Nhận"
ERROR - 2019-10-29 04:51:16 --> Could not find the language line "Đóng"
ERROR - 2019-10-29 04:51:16 --> Could not find the language line "Xác Nhận"
ERROR - 2019-10-29 04:51:17 --> Could not find the language line "Tạo Điểm Lấy Hàng"
ERROR - 2019-10-29 04:51:17 --> Could not find the language line "Tạo Đơn Hàng"
ERROR - 2019-10-29 04:51:17 --> Severity: Warning --> Invalid argument supplied for foreach() /home/admin/domains/spshd.com/public_html/khachhang/application/views/tab4.php 394
ERROR - 2019-10-29 04:51:17 --> Could not find the language line "Đóng"
ERROR - 2019-10-29 04:51:17 --> Could not find the language line "Xác Nhận"
ERROR - 2019-10-29 04:51:17 --> Severity: Warning --> Invalid argument supplied for foreach() /home/admin/domains/spshd.com/public_html/khachhang/application/views/app.php 157
ERROR - 2019-10-29 04:51:17 --> Severity: Warning --> Invalid argument supplied for foreach() /home/admin/domains/spshd.com/public_html/khachhang/application/views/app.php 168
ERROR - 2019-10-29 04:51:17 --> Could not find the language line "Đóng"
ERROR - 2019-10-29 04:51:17 --> Could not find the language line "Xác Nhận"
ERROR - 2019-10-29 04:51:17 --> Could not find the language line "Đóng"
ERROR - 2019-10-29 04:51:17 --> Could not find the language line "Xác Nhận"
ERROR - 2019-10-29 04:51:21 --> Could not find the language line "Tạo Điểm Lấy Hàng"
ERROR - 2019-10-29 04:51:21 --> Could not find the language line "Tạo Đơn Hàng"
ERROR - 2019-10-29 04:51:21 --> Severity: Warning --> Invalid argument supplied for foreach() /home/admin/domains/spshd.com/public_html/khachhang/application/views/tab4.php 394
ERROR - 2019-10-29 04:51:21 --> Could not find the language line "Đóng"
ERROR - 2019-10-29 04:51:21 --> Could not find the language line "Xác Nhận"
ERROR - 2019-10-29 04:51:21 --> Severity: Warning --> Invalid argument supplied for foreach() /home/admin/domains/spshd.com/public_html/khachhang/application/views/app.php 157
ERROR - 2019-10-29 04:51:21 --> Severity: Warning --> Invalid argument supplied for foreach() /home/admin/domains/spshd.com/public_html/khachhang/application/views/app.php 168
ERROR - 2019-10-29 04:51:21 --> Could not find the language line "Đóng"
ERROR - 2019-10-29 04:51:21 --> Could not find the language line "Xác Nhận"
ERROR - 2019-10-29 04:51:21 --> Could not find the language line "Đóng"
ERROR - 2019-10-29 04:51:21 --> Could not find the language line "Xác Nhận"
ERROR - 2019-10-29 04:57:16 --> Could not find the language line "Tạo Điểm Lấy Hàng"
ERROR - 2019-10-29 04:57:16 --> Could not find the language line "Tạo Đơn Hàng"
ERROR - 2019-10-29 04:57:16 --> Severity: Warning --> Invalid argument supplied for foreach() /home/admin/domains/spshd.com/public_html/khachhang/application/views/tab4.php 394
ERROR - 2019-10-29 04:57:16 --> Could not find the language line "Đóng"
ERROR - 2019-10-29 04:57:16 --> Could not find the language line "Xác Nhận"
ERROR - 2019-10-29 04:57:16 --> Severity: Warning --> Invalid argument supplied for foreach() /home/admin/domains/spshd.com/public_html/khachhang/application/views/app.php 157
ERROR - 2019-10-29 04:57:16 --> Severity: Warning --> Invalid argument supplied for foreach() /home/admin/domains/spshd.com/public_html/khachhang/application/views/app.php 168
ERROR - 2019-10-29 04:57:16 --> Could not find the language line "Đóng"
ERROR - 2019-10-29 04:57:16 --> Could not find the language line "Xác Nhận"
ERROR - 2019-10-29 04:57:16 --> Could not find the language line "Đóng"
ERROR - 2019-10-29 04:57:16 --> Could not find the language line "Xác Nhận"
ERROR - 2019-10-29 05:01:00 --> Could not find the language line "Tạo Điểm Lấy Hàng"
ERROR - 2019-10-29 05:01:00 --> Could not find the language line "Tạo Đơn Hàng"
ERROR - 2019-10-29 05:01:00 --> Severity: Warning --> Invalid argument supplied for foreach() /home/admin/domains/spshd.com/public_html/khachhang/application/views/tab4.php 394
ERROR - 2019-10-29 05:01:00 --> Could not find the language line "Đóng"
ERROR - 2019-10-29 05:01:00 --> Could not find the language line "Xác Nhận"
ERROR - 2019-10-29 05:01:00 --> Severity: Warning --> Invalid argument supplied for foreach() /home/admin/domains/spshd.com/public_html/khachhang/application/views/app.php 157
ERROR - 2019-10-29 05:01:00 --> Severity: Warning --> Invalid argument supplied for foreach() /home/admin/domains/spshd.com/public_html/khachhang/application/views/app.php 168
ERROR - 2019-10-29 05:01:00 --> Could not find the language line "Đóng"
ERROR - 2019-10-29 05:01:00 --> Could not find the language line "Xác Nhận"
ERROR - 2019-10-29 05:01:00 --> Could not find the language line "Đóng"
ERROR - 2019-10-29 05:01:00 --> Could not find the language line "Xác Nhận"
ERROR - 2019-10-29 05:21:35 --> Could not find the language line "Tạo Điểm Lấy Hàng"
ERROR - 2019-10-29 05:21:35 --> Could not find the language line "Tạo Đơn Hàng"
ERROR - 2019-10-29 05:21:35 --> Severity: Warning --> Invalid argument supplied for foreach() /home/admin/domains/spshd.com/public_html/khachhang/application/views/tab4.php 394
ERROR - 2019-10-29 05:21:35 --> Could not find the language line "Đóng"
ERROR - 2019-10-29 05:21:35 --> Could not find the language line "Xác Nhận"
ERROR - 2019-10-29 05:21:35 --> Severity: Warning --> Invalid argument supplied for foreach() /home/admin/domains/spshd.com/public_html/khachhang/application/views/app.php 157
ERROR - 2019-10-29 05:21:35 --> Severity: Warning --> Invalid argument supplied for foreach() /home/admin/domains/spshd.com/public_html/khachhang/application/views/app.php 168
ERROR - 2019-10-29 05:21:35 --> Could not find the language line "Đóng"
ERROR - 2019-10-29 05:21:35 --> Could not find the language line "Xác Nhận"
ERROR - 2019-10-29 05:21:35 --> Could not find the language line "Đóng"
ERROR - 2019-10-29 05:21:35 --> Could not find the language line "Xác Nhận"
ERROR - 2019-10-29 05:21:36 --> Could not find the language line "Tạo Điểm Lấy Hàng"
ERROR - 2019-10-29 05:21:36 --> Could not find the language line "Tạo Đơn Hàng"
ERROR - 2019-10-29 05:21:36 --> Severity: Warning --> Invalid argument supplied for foreach() /home/admin/domains/spshd.com/public_html/khachhang/application/views/tab4.php 394
ERROR - 2019-10-29 05:21:36 --> Could not find the language line "Đóng"
ERROR - 2019-10-29 05:21:36 --> Could not find the language line "Xác Nhận"
ERROR - 2019-10-29 05:21:36 --> Severity: Warning --> Invalid argument supplied for foreach() /home/admin/domains/spshd.com/public_html/khachhang/application/views/app.php 157
ERROR - 2019-10-29 05:21:36 --> Severity: Warning --> Invalid argument supplied for foreach() /home/admin/domains/spshd.com/public_html/khachhang/application/views/app.php 168
ERROR - 2019-10-29 05:21:36 --> Could not find the language line "Đóng"
ERROR - 2019-10-29 05:21:36 --> Could not find the language line "Xác Nhận"
ERROR - 2019-10-29 05:21:36 --> Could not find the language line "Đóng"
ERROR - 2019-10-29 05:21:36 --> Could not find the language line "Xác Nhận"
ERROR - 2019-10-29 05:21:40 --> Could not find the language line "Tạo Điểm Lấy Hàng"
ERROR - 2019-10-29 05:21:40 --> Could not find the language line "Tạo Đơn Hàng"
ERROR - 2019-10-29 05:21:40 --> Severity: Warning --> Invalid argument supplied for foreach() /home/admin/domains/spshd.com/public_html/khachhang/application/views/tab4.php 394
ERROR - 2019-10-29 05:21:40 --> Could not find the language line "Đóng"
ERROR - 2019-10-29 05:21:40 --> Could not find the language line "Xác Nhận"
ERROR - 2019-10-29 05:21:40 --> Severity: Warning --> Invalid argument supplied for foreach() /home/admin/domains/spshd.com/public_html/khachhang/application/views/app.php 157
ERROR - 2019-10-29 05:21:40 --> Severity: Warning --> Invalid argument supplied for foreach() /home/admin/domains/spshd.com/public_html/khachhang/application/views/app.php 168
ERROR - 2019-10-29 05:21:40 --> Could not find the language line "Đóng"
ERROR - 2019-10-29 05:21:40 --> Could not find the language line "Xác Nhận"
ERROR - 2019-10-29 05:21:40 --> Could not find the language line "Đóng"
ERROR - 2019-10-29 05:21:40 --> Could not find the language line "Xác Nhận"
ERROR - 2019-10-29 05:23:19 --> Could not find the language line "Tạo Điểm Lấy Hàng"
ERROR - 2019-10-29 05:23:19 --> Could not find the language line "Tạo Đơn Hàng"
ERROR - 2019-10-29 05:23:19 --> Severity: Warning --> Invalid argument supplied for foreach() /home/admin/domains/spshd.com/public_html/khachhang/application/views/tab4.php 394
ERROR - 2019-10-29 05:23:19 --> Could not find the language line "Đóng"
ERROR - 2019-10-29 05:23:19 --> Could not find the language line "Xác Nhận"
ERROR - 2019-10-29 05:23:19 --> Severity: Warning --> Invalid argument supplied for foreach() /home/admin/domains/spshd.com/public_html/khachhang/application/views/app.php 157
ERROR - 2019-10-29 05:23:19 --> Severity: Warning --> Invalid argument supplied for foreach() /home/admin/domains/spshd.com/public_html/khachhang/application/views/app.php 168
ERROR - 2019-10-29 05:23:19 --> Could not find the language line "Đóng"
ERROR - 2019-10-29 05:23:19 --> Could not find the language line "Xác Nhận"
ERROR - 2019-10-29 05:23:19 --> Could not find the language line "Đóng"
ERROR - 2019-10-29 05:23:19 --> Could not find the language line "Xác Nhận"
ERROR - 2019-10-29 05:23:25 --> Could not find the language line "Tạo Điểm Lấy Hàng"
ERROR - 2019-10-29 05:23:25 --> Could not find the language line "Tạo Đơn Hàng"
ERROR - 2019-10-29 05:23:25 --> Severity: Warning --> Invalid argument supplied for foreach() /home/admin/domains/spshd.com/public_html/khachhang/application/views/tab4.php 394
ERROR - 2019-10-29 05:23:25 --> Could not find the language line "Đóng"
ERROR - 2019-10-29 05:23:25 --> Could not find the language line "Xác Nhận"
ERROR - 2019-10-29 05:23:25 --> Severity: Warning --> Invalid argument supplied for foreach() /home/admin/domains/spshd.com/public_html/khachhang/application/views/app.php 157
ERROR - 2019-10-29 05:23:25 --> Severity: Warning --> Invalid argument supplied for foreach() /home/admin/domains/spshd.com/public_html/khachhang/application/views/app.php 168
ERROR - 2019-10-29 05:23:25 --> Could not find the language line "Đóng"
ERROR - 2019-10-29 05:23:25 --> Could not find the language line "Xác Nhận"
ERROR - 2019-10-29 05:23:25 --> Could not find the language line "Đóng"
ERROR - 2019-10-29 05:23:25 --> Could not find the language line "Xác Nhận"
ERROR - 2019-10-29 05:23:30 --> Could not find the language line "Tạo Điểm Lấy Hàng"
ERROR - 2019-10-29 05:23:30 --> Could not find the language line "Tạo Đơn Hàng"
ERROR - 2019-10-29 05:23:30 --> Severity: Warning --> Invalid argument supplied for foreach() /home/admin/domains/spshd.com/public_html/khachhang/application/views/tab4.php 394
ERROR - 2019-10-29 05:23:30 --> Could not find the language line "Đóng"
ERROR - 2019-10-29 05:23:30 --> Could not find the language line "Xác Nhận"
ERROR - 2019-10-29 05:23:30 --> Severity: Warning --> Invalid argument supplied for foreach() /home/admin/domains/spshd.com/public_html/khachhang/application/views/app.php 157
ERROR - 2019-10-29 05:23:30 --> Severity: Warning --> Invalid argument supplied for foreach() /home/admin/domains/spshd.com/public_html/khachhang/application/views/app.php 168
ERROR - 2019-10-29 05:23:30 --> Could not find the language line "Đóng"
ERROR - 2019-10-29 05:23:30 --> Could not find the language line "Xác Nhận"
ERROR - 2019-10-29 05:23:30 --> Could not find the language line "Đóng"
ERROR - 2019-10-29 05:23:30 --> Could not find the language line "Xác Nhận"
ERROR - 2019-10-29 05:23:36 --> Could not find the language line "Tạo Điểm Lấy Hàng"
ERROR - 2019-10-29 05:23:36 --> Could not find the language line "Tạo Đơn Hàng"
ERROR - 2019-10-29 05:23:36 --> Severity: Warning --> Invalid argument supplied for foreach() /home/admin/domains/spshd.com/public_html/khachhang/application/views/tab4.php 394
ERROR - 2019-10-29 05:23:36 --> Could not find the language line "Đóng"
ERROR - 2019-10-29 05:23:36 --> Could not find the language line "Xác Nhận"
ERROR - 2019-10-29 05:23:36 --> Severity: Warning --> Invalid argument supplied for foreach() /home/admin/domains/spshd.com/public_html/khachhang/application/views/app.php 157
ERROR - 2019-10-29 05:23:36 --> Severity: Warning --> Invalid argument supplied for foreach() /home/admin/domains/spshd.com/public_html/khachhang/application/views/app.php 168
ERROR - 2019-10-29 05:23:36 --> Could not find the language line "Đóng"
ERROR - 2019-10-29 05:23:36 --> Could not find the language line "Xác Nhận"
ERROR - 2019-10-29 05:23:36 --> Could not find the language line "Đóng"
ERROR - 2019-10-29 05:23:36 --> Could not find the language line "Xác Nhận"
ERROR - 2019-10-29 05:23:43 --> Could not find the language line "Tạo Điểm Lấy Hàng"
ERROR - 2019-10-29 05:23:43 --> Could not find the language line "Tạo Đơn Hàng"
ERROR - 2019-10-29 05:23:43 --> Severity: Warning --> Invalid argument supplied for foreach() /home/admin/domains/spshd.com/public_html/khachhang/application/views/tab4.php 394
ERROR - 2019-10-29 05:23:43 --> Could not find the language line "Đóng"
ERROR - 2019-10-29 05:23:43 --> Could not find the language line "Xác Nhận"
ERROR - 2019-10-29 05:23:43 --> Severity: Warning --> Invalid argument supplied for foreach() /home/admin/domains/spshd.com/public_html/khachhang/application/views/app.php 157
ERROR - 2019-10-29 05:23:43 --> Severity: Warning --> Invalid argument supplied for foreach() /home/admin/domains/spshd.com/public_html/khachhang/application/views/app.php 168
ERROR - 2019-10-29 05:23:43 --> Could not find the language line "Đóng"
ERROR - 2019-10-29 05:23:43 --> Could not find the language line "Xác Nhận"
ERROR - 2019-10-29 05:23:43 --> Could not find the language line "Đóng"
ERROR - 2019-10-29 05:23:43 --> Could not find the language line "Xác Nhận"
ERROR - 2019-10-29 05:35:55 --> Could not find the language line "Email"
ERROR - 2019-10-29 05:35:55 --> Could not find the language line "password"
ERROR - 2019-10-29 06:15:06 --> Could not find the language line "Tạo Điểm Lấy Hàng"
ERROR - 2019-10-29 06:15:06 --> Could not find the language line "Tạo Đơn Hàng"
ERROR - 2019-10-29 06:15:06 --> Severity: Warning --> Invalid argument supplied for foreach() /home/admin/domains/spshd.com/public_html/khachhang/application/views/tab4.php 394
ERROR - 2019-10-29 06:15:06 --> Could not find the language line "Đóng"
ERROR - 2019-10-29 06:15:06 --> Could not find the language line "Xác Nhận"
ERROR - 2019-10-29 06:15:06 --> Severity: Warning --> Invalid argument supplied for foreach() /home/admin/domains/spshd.com/public_html/khachhang/application/views/app.php 157
ERROR - 2019-10-29 06:15:06 --> Severity: Warning --> Invalid argument supplied for foreach() /home/admin/domains/spshd.com/public_html/khachhang/application/views/app.php 168
ERROR - 2019-10-29 06:15:06 --> Could not find the language line "Đóng"
ERROR - 2019-10-29 06:15:06 --> Could not find the language line "Xác Nhận"
ERROR - 2019-10-29 06:15:06 --> Could not find the language line "Đóng"
ERROR - 2019-10-29 06:15:06 --> Could not find the language line "Xác Nhận"
ERROR - 2019-10-29 06:15:15 --> Could not find the language line "Tạo Điểm Lấy Hàng"
ERROR - 2019-10-29 06:15:15 --> Could not find the language line "Tạo Đơn Hàng"
ERROR - 2019-10-29 06:15:15 --> Severity: Warning --> Invalid argument supplied for foreach() /home/admin/domains/spshd.com/public_html/khachhang/application/views/tab4.php 394
ERROR - 2019-10-29 06:15:15 --> Could not find the language line "Đóng"
ERROR - 2019-10-29 06:15:15 --> Could not find the language line "Xác Nhận"
ERROR - 2019-10-29 06:15:15 --> Severity: Warning --> Invalid argument supplied for foreach() /home/admin/domains/spshd.com/public_html/khachhang/application/views/app.php 157
ERROR - 2019-10-29 06:15:15 --> Severity: Warning --> Invalid argument supplied for foreach() /home/admin/domains/spshd.com/public_html/khachhang/application/views/app.php 168
ERROR - 2019-10-29 06:15:15 --> Could not find the language line "Đóng"
ERROR - 2019-10-29 06:15:15 --> Could not find the language line "Xác Nhận"
ERROR - 2019-10-29 06:15:15 --> Could not find the language line "Đóng"
ERROR - 2019-10-29 06:15:15 --> Could not find the language line "Xác Nhận"
ERROR - 2019-10-29 07:17:45 --> Could not find the language line "Email"
ERROR - 2019-10-29 07:17:45 --> Could not find the language line "password"
ERROR - 2019-10-29 12:12:29 --> Could not find the language line "Email"
ERROR - 2019-10-29 12:12:29 --> Could not find the language line "password"
ERROR - 2019-10-29 13:42:29 --> Could not find the language line "Tạo Điểm Lấy Hàng"
ERROR - 2019-10-29 13:42:29 --> Could not find the language line "Tạo Đơn Hàng"
ERROR - 2019-10-29 13:42:29 --> Severity: Warning --> Invalid argument supplied for foreach() /home/admin/domains/spshd.com/public_html/khachhang/application/views/tab4.php 394
ERROR - 2019-10-29 13:42:29 --> Could not find the language line "Đóng"
ERROR - 2019-10-29 13:42:29 --> Could not find the language line "Xác Nhận"
ERROR - 2019-10-29 13:42:29 --> Severity: Warning --> Invalid argument supplied for foreach() /home/admin/domains/spshd.com/public_html/khachhang/application/views/app.php 157
ERROR - 2019-10-29 13:42:29 --> Severity: Warning --> Invalid argument supplied for foreach() /home/admin/domains/spshd.com/public_html/khachhang/application/views/app.php 168
ERROR - 2019-10-29 13:42:29 --> Could not find the language line "Đóng"
ERROR - 2019-10-29 13:42:29 --> Could not find the language line "Xác Nhận"
ERROR - 2019-10-29 13:42:29 --> Could not find the language line "Đóng"
ERROR - 2019-10-29 13:42:29 --> Could not find the language line "Xác Nhận"
ERROR - 2019-10-29 15:43:01 --> Could not find the language line "Tạo Điểm Lấy Hàng"
ERROR - 2019-10-29 15:43:01 --> Could not find the language line "Tạo Đơn Hàng"
ERROR - 2019-10-29 15:43:01 --> Severity: Warning --> Invalid argument supplied for foreach() /home/admin/domains/spshd.com/public_html/khachhang/application/views/tab4.php 394
ERROR - 2019-10-29 15:43:01 --> Could not find the language line "Đóng"
ERROR - 2019-10-29 15:43:01 --> Could not find the language line "Xác Nhận"
ERROR - 2019-10-29 15:43:01 --> Severity: Warning --> Invalid argument supplied for foreach() /home/admin/domains/spshd.com/public_html/khachhang/application/views/app.php 157
ERROR - 2019-10-29 15:43:01 --> Severity: Warning --> Invalid argument supplied for foreach() /home/admin/domains/spshd.com/public_html/khachhang/application/views/app.php 168
ERROR - 2019-10-29 15:43:01 --> Could not find the language line "Đóng"
ERROR - 2019-10-29 15:43:01 --> Could not find the language line "Xác Nhận"
ERROR - 2019-10-29 15:43:01 --> Could not find the language line "Đóng"
ERROR - 2019-10-29 15:43:01 --> Could not find the language line "Xác Nhận"
ERROR - 2019-10-29 15:43:02 --> Could not find the language line "Tạo Điểm Lấy Hàng"
ERROR - 2019-10-29 15:43:02 --> Could not find the language line "Tạo Đơn Hàng"
ERROR - 2019-10-29 15:43:02 --> Severity: Warning --> Invalid argument supplied for foreach() /home/admin/domains/spshd.com/public_html/khachhang/application/views/tab4.php 394
ERROR - 2019-10-29 15:43:02 --> Could not find the language line "Đóng"
ERROR - 2019-10-29 15:43:02 --> Could not find the language line "Xác Nhận"
ERROR - 2019-10-29 15:43:02 --> Severity: Warning --> Invalid argument supplied for foreach() /home/admin/domains/spshd.com/public_html/khachhang/application/views/app.php 157
ERROR - 2019-10-29 15:43:02 --> Severity: Warning --> Invalid argument supplied for foreach() /home/admin/domains/spshd.com/public_html/khachhang/application/views/app.php 168
ERROR - 2019-10-29 15:43:02 --> Could not find the language line "Đóng"
ERROR - 2019-10-29 15:43:02 --> Could not find the language line "Xác Nhận"
ERROR - 2019-10-29 15:43:02 --> Could not find the language line "Đóng"
ERROR - 2019-10-29 15:43:02 --> Could not find the language line "Xác Nhận"
ERROR - 2019-10-29 16:03:12 --> Could not find the language line "Tạo Điểm Lấy Hàng"
ERROR - 2019-10-29 16:03:12 --> Could not find the language line "Tạo Đơn Hàng"
ERROR - 2019-10-29 16:03:12 --> Severity: Warning --> Invalid argument supplied for foreach() /home/admin/domains/spshd.com/public_html/khachhang/application/views/tab4.php 394
ERROR - 2019-10-29 16:03:12 --> Could not find the language line "Đóng"
ERROR - 2019-10-29 16:03:12 --> Could not find the language line "Xác Nhận"
ERROR - 2019-10-29 16:03:12 --> Severity: Warning --> Invalid argument supplied for foreach() /home/admin/domains/spshd.com/public_html/khachhang/application/views/app.php 157
ERROR - 2019-10-29 16:03:12 --> Severity: Warning --> Invalid argument supplied for foreach() /home/admin/domains/spshd.com/public_html/khachhang/application/views/app.php 168
ERROR - 2019-10-29 16:03:12 --> Could not find the language line "Đóng"
ERROR - 2019-10-29 16:03:12 --> Could not find the language line "Xác Nhận"
ERROR - 2019-10-29 16:03:12 --> Could not find the language line "Đóng"
ERROR - 2019-10-29 16:03:12 --> Could not find the language line "Xác Nhận"
ERROR - 2019-10-29 16:34:31 --> Could not find the language line "Tạo Điểm Lấy Hàng"
ERROR - 2019-10-29 16:34:31 --> Could not find the language line "Tạo Đơn Hàng"
ERROR - 2019-10-29 16:34:31 --> Severity: Warning --> Invalid argument supplied for foreach() /home/admin/domains/spshd.com/public_html/khachhang/application/views/tab4.php 394
ERROR - 2019-10-29 16:34:31 --> Could not find the language line "Đóng"
ERROR - 2019-10-29 16:34:31 --> Could not find the language line "Xác Nhận"
ERROR - 2019-10-29 16:34:31 --> Severity: Warning --> Invalid argument supplied for foreach() /home/admin/domains/spshd.com/public_html/khachhang/application/views/app.php 157
ERROR - 2019-10-29 16:34:31 --> Severity: Warning --> Invalid argument supplied for foreach() /home/admin/domains/spshd.com/public_html/khachhang/application/views/app.php 168
ERROR - 2019-10-29 16:34:31 --> Could not find the language line "Đóng"
ERROR - 2019-10-29 16:34:31 --> Could not find the language line "Xác Nhận"
ERROR - 2019-10-29 16:34:31 --> Could not find the language line "Đóng"
ERROR - 2019-10-29 16:34:31 --> Could not find the language line "Xác Nhận"
ERROR - 2019-10-29 16:56:53 --> Could not find the language line "Tạo Điểm Lấy Hàng"
ERROR - 2019-10-29 16:56:53 --> Could not find the language line "Tạo Đơn Hàng"
ERROR - 2019-10-29 16:56:53 --> Severity: Warning --> Invalid argument supplied for foreach() /home/admin/domains/spshd.com/public_html/khachhang/application/views/tab4.php 394
ERROR - 2019-10-29 16:56:53 --> Could not find the language line "Đóng"
ERROR - 2019-10-29 16:56:53 --> Could not find the language line "Xác Nhận"
ERROR - 2019-10-29 16:56:53 --> Severity: Warning --> Invalid argument supplied for foreach() /home/admin/domains/spshd.com/public_html/khachhang/application/views/app.php 157
ERROR - 2019-10-29 16:56:53 --> Severity: Warning --> Invalid argument supplied for foreach() /home/admin/domains/spshd.com/public_html/khachhang/application/views/app.php 168
ERROR - 2019-10-29 16:56:53 --> Could not find the language line "Đóng"
ERROR - 2019-10-29 16:56:53 --> Could not find the language line "Xác Nhận"
ERROR - 2019-10-29 16:56:53 --> Could not find the language line "Đóng"
ERROR - 2019-10-29 16:56:53 --> Could not find the language line "Xác Nhận"
ERROR - 2019-10-29 17:27:15 --> Could not find the language line "Tạo Điểm Lấy Hàng"
ERROR - 2019-10-29 17:27:15 --> Could not find the language line "Tạo Đơn Hàng"
ERROR - 2019-10-29 17:27:15 --> Severity: Warning --> Invalid argument supplied for foreach() /home/admin/domains/spshd.com/public_html/khachhang/application/views/tab4.php 394
ERROR - 2019-10-29 17:27:15 --> Could not find the language line "Đóng"
ERROR - 2019-10-29 17:27:15 --> Could not find the language line "Xác Nhận"
ERROR - 2019-10-29 17:27:15 --> Severity: Warning --> Invalid argument supplied for foreach() /home/admin/domains/spshd.com/public_html/khachhang/application/views/app.php 157
ERROR - 2019-10-29 17:27:15 --> Severity: Warning --> Invalid argument supplied for foreach() /home/admin/domains/spshd.com/public_html/khachhang/application/views/app.php 168
ERROR - 2019-10-29 17:27:15 --> Could not find the language line "Đóng"
ERROR - 2019-10-29 17:27:15 --> Could not find the language line "Xác Nhận"
ERROR - 2019-10-29 17:27:15 --> Could not find the language line "Đóng"
ERROR - 2019-10-29 17:27:15 --> Could not find the language line "Xác Nhận"
ERROR - 2019-10-29 17:27:28 --> Could not find the language line "Email"
ERROR - 2019-10-29 17:27:28 --> Could not find the language line "password"
