ERROR - 2019-12-22 01:38:45 --> Could not find the language line "Email"
ERROR - 2019-12-22 01:38:45 --> Could not find the language line "password"
ERROR - 2019-12-22 01:39:09 --> Could not find the language line "Tạo Điểm Lấy Hàng"
ERROR - 2019-12-22 01:39:09 --> Could not find the language line "Tạo Đơn Hàng"
ERROR - 2019-12-22 01:39:09 --> Severity: Warning --> Invalid argument supplied for foreach() /home/admin/domains/spshd.com/public_html/khachhang/application/views/tab4.php 394
ERROR - 2019-12-22 01:39:09 --> Could not find the language line "Đóng"
ERROR - 2019-12-22 01:39:09 --> Could not find the language line "Xác Nhận"
ERROR - 2019-12-22 01:39:09 --> Severity: Warning --> Invalid argument supplied for foreach() /home/admin/domains/spshd.com/public_html/khachhang/application/views/app.php 157
ERROR - 2019-12-22 01:39:09 --> Severity: Warning --> Invalid argument supplied for foreach() /home/admin/domains/spshd.com/public_html/khachhang/application/views/app.php 168
ERROR - 2019-12-22 01:39:09 --> Could not find the language line "Đóng"
ERROR - 2019-12-22 01:39:09 --> Could not find the language line "Xác Nhận"
ERROR - 2019-12-22 01:39:09 --> Could not find the language line "Đóng"
ERROR - 2019-12-22 01:39:09 --> Could not find the language line "Xác Nhận"
ERROR - 2019-12-22 03:10:29 --> Could not find the language line "Email"
ERROR - 2019-12-22 03:10:29 --> Could not find the language line "password"
ERROR - 2019-12-22 03:10:44 --> Could not find the language line "Tạo Điểm Lấy Hàng"
ERROR - 2019-12-22 03:10:44 --> Could not find the language line "Tạo Đơn Hàng"
ERROR - 2019-12-22 03:10:44 --> Severity: Warning --> Invalid argument supplied for foreach() /home/admin/domains/spshd.com/public_html/khachhang/application/views/tab4.php 394
ERROR - 2019-12-22 03:10:44 --> Could not find the language line "Đóng"
ERROR - 2019-12-22 03:10:44 --> Could not find the language line "Xác Nhận"
ERROR - 2019-12-22 03:10:44 --> Severity: Warning --> Invalid argument supplied for foreach() /home/admin/domains/spshd.com/public_html/khachhang/application/views/app.php 157
ERROR - 2019-12-22 03:10:44 --> Severity: Warning --> Invalid argument supplied for foreach() /home/admin/domains/spshd.com/public_html/khachhang/application/views/app.php 168
ERROR - 2019-12-22 03:10:44 --> Could not find the language line "Đóng"
ERROR - 2019-12-22 03:10:44 --> Could not find the language line "Xác Nhận"
ERROR - 2019-12-22 03:10:44 --> Could not find the language line "Đóng"
ERROR - 2019-12-22 03:10:44 --> Could not find the language line "Xác Nhận"
ERROR - 2019-12-22 05:06:43 --> Could not find the language line "Email"
ERROR - 2019-12-22 05:06:43 --> Could not find the language line "password"
ERROR - 2019-12-22 05:07:06 --> Could not find the language line "Email"
ERROR - 2019-12-22 05:07:06 --> Could not find the language line "password"
ERROR - 2019-12-22 05:07:21 --> Could not find the language line "Tạo Điểm Lấy Hàng"
ERROR - 2019-12-22 05:07:21 --> Could not find the language line "Tạo Đơn Hàng"
ERROR - 2019-12-22 05:07:21 --> Severity: Warning --> Invalid argument supplied for foreach() /home/admin/domains/spshd.com/public_html/khachhang/application/views/tab4.php 394
ERROR - 2019-12-22 05:07:21 --> Could not find the language line "Đóng"
ERROR - 2019-12-22 05:07:21 --> Could not find the language line "Xác Nhận"
ERROR - 2019-12-22 05:07:21 --> Severity: Warning --> Invalid argument supplied for foreach() /home/admin/domains/spshd.com/public_html/khachhang/application/views/app.php 157
ERROR - 2019-12-22 05:07:21 --> Severity: Warning --> Invalid argument supplied for foreach() /home/admin/domains/spshd.com/public_html/khachhang/application/views/app.php 168
ERROR - 2019-12-22 05:07:21 --> Could not find the language line "Đóng"
ERROR - 2019-12-22 05:07:21 --> Could not find the language line "Xác Nhận"
ERROR - 2019-12-22 05:07:21 --> Could not find the language line "Đóng"
ERROR - 2019-12-22 05:07:21 --> Could not find the language line "Xác Nhận"
ERROR - 2019-12-22 06:06:47 --> Could not find the language line "Tạo Điểm Lấy Hàng"
ERROR - 2019-12-22 06:06:47 --> Could not find the language line "Tạo Đơn Hàng"
ERROR - 2019-12-22 06:06:47 --> Severity: Warning --> Invalid argument supplied for foreach() /home/admin/domains/spshd.com/public_html/khachhang/application/views/tab4.php 394
ERROR - 2019-12-22 06:06:47 --> Could not find the language line "Đóng"
ERROR - 2019-12-22 06:06:47 --> Could not find the language line "Xác Nhận"
ERROR - 2019-12-22 06:06:47 --> Severity: Warning --> Invalid argument supplied for foreach() /home/admin/domains/spshd.com/public_html/khachhang/application/views/app.php 157
ERROR - 2019-12-22 06:06:47 --> Severity: Warning --> Invalid argument supplied for foreach() /home/admin/domains/spshd.com/public_html/khachhang/application/views/app.php 168
ERROR - 2019-12-22 06:06:47 --> Could not find the language line "Đóng"
ERROR - 2019-12-22 06:06:47 --> Could not find the language line "Xác Nhận"
ERROR - 2019-12-22 06:06:47 --> Could not find the language line "Đóng"
ERROR - 2019-12-22 06:06:47 --> Could not find the language line "Xác Nhận"
ERROR - 2019-12-22 06:06:49 --> Could not find the language line "Tạo Điểm Lấy Hàng"
ERROR - 2019-12-22 06:06:49 --> Could not find the language line "Tạo Đơn Hàng"
ERROR - 2019-12-22 06:06:49 --> Severity: Warning --> Invalid argument supplied for foreach() /home/admin/domains/spshd.com/public_html/khachhang/application/views/tab4.php 394
ERROR - 2019-12-22 06:06:49 --> Could not find the language line "Đóng"
ERROR - 2019-12-22 06:06:49 --> Could not find the language line "Xác Nhận"
ERROR - 2019-12-22 06:06:49 --> Severity: Warning --> Invalid argument supplied for foreach() /home/admin/domains/spshd.com/public_html/khachhang/application/views/app.php 157
ERROR - 2019-12-22 06:06:49 --> Severity: Warning --> Invalid argument supplied for foreach() /home/admin/domains/spshd.com/public_html/khachhang/application/views/app.php 168
ERROR - 2019-12-22 06:06:49 --> Could not find the language line "Đóng"
ERROR - 2019-12-22 06:06:49 --> Could not find the language line "Xác Nhận"
ERROR - 2019-12-22 06:06:49 --> Could not find the language line "Đóng"
ERROR - 2019-12-22 06:06:49 --> Could not find the language line "Xác Nhận"
ERROR - 2019-12-22 06:06:52 --> Could not find the language line "Tạo Điểm Lấy Hàng"
ERROR - 2019-12-22 06:06:52 --> Could not find the language line "Tạo Đơn Hàng"
ERROR - 2019-12-22 06:06:52 --> Severity: Warning --> Invalid argument supplied for foreach() /home/admin/domains/spshd.com/public_html/khachhang/application/views/tab4.php 394
ERROR - 2019-12-22 06:06:52 --> Could not find the language line "Đóng"
ERROR - 2019-12-22 06:06:52 --> Could not find the language line "Xác Nhận"
ERROR - 2019-12-22 06:06:52 --> Severity: Warning --> Invalid argument supplied for foreach() /home/admin/domains/spshd.com/public_html/khachhang/application/views/app.php 157
ERROR - 2019-12-22 06:06:52 --> Severity: Warning --> Invalid argument supplied for foreach() /home/admin/domains/spshd.com/public_html/khachhang/application/views/app.php 168
ERROR - 2019-12-22 06:06:52 --> Could not find the language line "Đóng"
ERROR - 2019-12-22 06:06:52 --> Could not find the language line "Xác Nhận"
ERROR - 2019-12-22 06:06:52 --> Could not find the language line "Đóng"
ERROR - 2019-12-22 06:06:52 --> Could not find the language line "Xác Nhận"
ERROR - 2019-12-22 11:20:15 --> Could not find the language line "Tạo Điểm Lấy Hàng"
ERROR - 2019-12-22 11:20:15 --> Could not find the language line "Tạo Đơn Hàng"
ERROR - 2019-12-22 11:20:15 --> Severity: Warning --> Invalid argument supplied for foreach() /home/admin/domains/spshd.com/public_html/khachhang/application/views/tab4.php 394
ERROR - 2019-12-22 11:20:15 --> Could not find the language line "Đóng"
ERROR - 2019-12-22 11:20:15 --> Could not find the language line "Xác Nhận"
ERROR - 2019-12-22 11:20:15 --> Severity: Warning --> Invalid argument supplied for foreach() /home/admin/domains/spshd.com/public_html/khachhang/application/views/app.php 157
ERROR - 2019-12-22 11:20:15 --> Severity: Warning --> Invalid argument supplied for foreach() /home/admin/domains/spshd.com/public_html/khachhang/application/views/app.php 168
ERROR - 2019-12-22 11:20:15 --> Could not find the language line "Đóng"
ERROR - 2019-12-22 11:20:15 --> Could not find the language line "Xác Nhận"
ERROR - 2019-12-22 11:20:15 --> Could not find the language line "Đóng"
ERROR - 2019-12-22 11:20:15 --> Could not find the language line "Xác Nhận"
ERROR - 2019-12-22 11:48:32 --> Could not find the language line "Tạo Điểm Lấy Hàng"
ERROR - 2019-12-22 11:48:32 --> Could not find the language line "Tạo Đơn Hàng"
ERROR - 2019-12-22 11:48:32 --> Severity: Warning --> Invalid argument supplied for foreach() /home/admin/domains/spshd.com/public_html/khachhang/application/views/tab4.php 394
ERROR - 2019-12-22 11:48:32 --> Could not find the language line "Đóng"
ERROR - 2019-12-22 11:48:32 --> Could not find the language line "Xác Nhận"
ERROR - 2019-12-22 11:48:32 --> Severity: Warning --> Invalid argument supplied for foreach() /home/admin/domains/spshd.com/public_html/khachhang/application/views/app.php 157
ERROR - 2019-12-22 11:48:32 --> Severity: Warning --> Invalid argument supplied for foreach() /home/admin/domains/spshd.com/public_html/khachhang/application/views/app.php 168
ERROR - 2019-12-22 11:48:32 --> Could not find the language line "Đóng"
ERROR - 2019-12-22 11:48:32 --> Could not find the language line "Xác Nhận"
ERROR - 2019-12-22 11:48:32 --> Could not find the language line "Đóng"
ERROR - 2019-12-22 11:48:32 --> Could not find the language line "Xác Nhận"
ERROR - 2019-12-22 12:13:05 --> Could not find the language line "Email"
ERROR - 2019-12-22 12:13:05 --> Could not find the language line "password"
ERROR - 2019-12-22 16:19:47 --> Could not find the language line "Email"
ERROR - 2019-12-22 16:19:47 --> Could not find the language line "password"
ERROR - 2019-12-22 16:42:59 --> Could not find the language line "Email"
ERROR - 2019-12-22 16:42:59 --> Could not find the language line "password"
ERROR - 2019-12-22 16:48:57 --> Could not find the language line "Email"
ERROR - 2019-12-22 16:48:57 --> Could not find the language line "password"
