ERROR - 2020-02-06 00:26:09 --> Could not find the language line "Email"
ERROR - 2020-02-06 00:26:09 --> Could not find the language line "password"
ERROR - 2020-02-06 02:08:27 --> Could not find the language line "Tạo Điểm Lấy Hàng"
ERROR - 2020-02-06 02:08:27 --> Could not find the language line "Tạo Đơn Hàng"
ERROR - 2020-02-06 02:08:27 --> Severity: Warning --> Invalid argument supplied for foreach() /home/admin/domains/spshd.com/public_html/khachhang/application/views/tab4.php 394
ERROR - 2020-02-06 02:08:27 --> Could not find the language line "Đóng"
ERROR - 2020-02-06 02:08:27 --> Could not find the language line "Xác Nhận"
ERROR - 2020-02-06 02:08:27 --> Severity: Warning --> Invalid argument supplied for foreach() /home/admin/domains/spshd.com/public_html/khachhang/application/views/app.php 157
ERROR - 2020-02-06 02:08:27 --> Severity: Warning --> Invalid argument supplied for foreach() /home/admin/domains/spshd.com/public_html/khachhang/application/views/app.php 168
ERROR - 2020-02-06 02:08:27 --> Could not find the language line "Đóng"
ERROR - 2020-02-06 02:08:27 --> Could not find the language line "Xác Nhận"
ERROR - 2020-02-06 02:08:27 --> Could not find the language line "Đóng"
ERROR - 2020-02-06 02:08:27 --> Could not find the language line "Xác Nhận"
ERROR - 2020-02-06 04:09:03 --> Could not find the language line "Tạo Điểm Lấy Hàng"
ERROR - 2020-02-06 04:09:03 --> Could not find the language line "Tạo Đơn Hàng"
ERROR - 2020-02-06 04:09:03 --> Severity: Warning --> Invalid argument supplied for foreach() /home/admin/domains/spshd.com/public_html/khachhang/application/views/tab4.php 394
ERROR - 2020-02-06 04:09:03 --> Could not find the language line "Đóng"
ERROR - 2020-02-06 04:09:03 --> Could not find the language line "Xác Nhận"
ERROR - 2020-02-06 04:09:03 --> Severity: Warning --> Invalid argument supplied for foreach() /home/admin/domains/spshd.com/public_html/khachhang/application/views/app.php 157
ERROR - 2020-02-06 04:09:03 --> Severity: Warning --> Invalid argument supplied for foreach() /home/admin/domains/spshd.com/public_html/khachhang/application/views/app.php 168
ERROR - 2020-02-06 04:09:03 --> Could not find the language line "Đóng"
ERROR - 2020-02-06 04:09:03 --> Could not find the language line "Xác Nhận"
ERROR - 2020-02-06 04:09:03 --> Could not find the language line "Đóng"
ERROR - 2020-02-06 04:09:03 --> Could not find the language line "Xác Nhận"
ERROR - 2020-02-06 05:46:13 --> Could not find the language line "Tạo Điểm Lấy Hàng"
ERROR - 2020-02-06 05:46:13 --> Could not find the language line "Tạo Đơn Hàng"
ERROR - 2020-02-06 05:46:13 --> Severity: Warning --> Invalid argument supplied for foreach() /home/admin/domains/spshd.com/public_html/khachhang/application/views/tab4.php 394
ERROR - 2020-02-06 05:46:13 --> Could not find the language line "Đóng"
ERROR - 2020-02-06 05:46:13 --> Could not find the language line "Xác Nhận"
ERROR - 2020-02-06 05:46:13 --> Severity: Warning --> Invalid argument supplied for foreach() /home/admin/domains/spshd.com/public_html/khachhang/application/views/app.php 157
ERROR - 2020-02-06 05:46:13 --> Severity: Warning --> Invalid argument supplied for foreach() /home/admin/domains/spshd.com/public_html/khachhang/application/views/app.php 168
ERROR - 2020-02-06 05:46:13 --> Could not find the language line "Đóng"
ERROR - 2020-02-06 05:46:13 --> Could not find the language line "Xác Nhận"
ERROR - 2020-02-06 05:46:13 --> Could not find the language line "Đóng"
ERROR - 2020-02-06 05:46:13 --> Could not find the language line "Xác Nhận"
ERROR - 2020-02-06 05:52:03 --> Could not find the language line "Tạo Điểm Lấy Hàng"
ERROR - 2020-02-06 05:52:03 --> Could not find the language line "Tạo Đơn Hàng"
ERROR - 2020-02-06 05:52:03 --> Severity: Warning --> Invalid argument supplied for foreach() /home/admin/domains/spshd.com/public_html/khachhang/application/views/tab4.php 394
ERROR - 2020-02-06 05:52:03 --> Could not find the language line "Đóng"
ERROR - 2020-02-06 05:52:03 --> Could not find the language line "Xác Nhận"
ERROR - 2020-02-06 05:52:03 --> Severity: Warning --> Invalid argument supplied for foreach() /home/admin/domains/spshd.com/public_html/khachhang/application/views/app.php 157
ERROR - 2020-02-06 05:52:03 --> Severity: Warning --> Invalid argument supplied for foreach() /home/admin/domains/spshd.com/public_html/khachhang/application/views/app.php 168
ERROR - 2020-02-06 05:52:03 --> Could not find the language line "Đóng"
ERROR - 2020-02-06 05:52:03 --> Could not find the language line "Xác Nhận"
ERROR - 2020-02-06 05:52:03 --> Could not find the language line "Đóng"
ERROR - 2020-02-06 05:52:03 --> Could not find the language line "Xác Nhận"
ERROR - 2020-02-06 06:22:09 --> Could not find the language line "Email"
ERROR - 2020-02-06 06:22:09 --> Could not find the language line "password"
ERROR - 2020-02-06 06:45:54 --> Could not find the language line "Tạo Điểm Lấy Hàng"
ERROR - 2020-02-06 06:45:54 --> Could not find the language line "Tạo Đơn Hàng"
ERROR - 2020-02-06 06:45:54 --> Severity: Warning --> Invalid argument supplied for foreach() /home/admin/domains/spshd.com/public_html/khachhang/application/views/tab4.php 394
ERROR - 2020-02-06 06:45:54 --> Could not find the language line "Đóng"
ERROR - 2020-02-06 06:45:54 --> Could not find the language line "Xác Nhận"
ERROR - 2020-02-06 06:45:54 --> Severity: Warning --> Invalid argument supplied for foreach() /home/admin/domains/spshd.com/public_html/khachhang/application/views/app.php 157
ERROR - 2020-02-06 06:45:54 --> Severity: Warning --> Invalid argument supplied for foreach() /home/admin/domains/spshd.com/public_html/khachhang/application/views/app.php 168
ERROR - 2020-02-06 06:45:54 --> Could not find the language line "Đóng"
ERROR - 2020-02-06 06:45:54 --> Could not find the language line "Xác Nhận"
ERROR - 2020-02-06 06:45:54 --> Could not find the language line "Đóng"
ERROR - 2020-02-06 06:45:54 --> Could not find the language line "Xác Nhận"
ERROR - 2020-02-06 07:55:22 --> Could not find the language line "Tạo Điểm Lấy Hàng"
ERROR - 2020-02-06 07:55:22 --> Could not find the language line "Tạo Đơn Hàng"
ERROR - 2020-02-06 07:55:22 --> Severity: Warning --> Invalid argument supplied for foreach() /home/admin/domains/spshd.com/public_html/khachhang/application/views/tab4.php 394
ERROR - 2020-02-06 07:55:22 --> Could not find the language line "Đóng"
ERROR - 2020-02-06 07:55:22 --> Could not find the language line "Xác Nhận"
ERROR - 2020-02-06 07:55:22 --> Severity: Warning --> Invalid argument supplied for foreach() /home/admin/domains/spshd.com/public_html/khachhang/application/views/app.php 157
ERROR - 2020-02-06 07:55:22 --> Severity: Warning --> Invalid argument supplied for foreach() /home/admin/domains/spshd.com/public_html/khachhang/application/views/app.php 168
ERROR - 2020-02-06 07:55:22 --> Could not find the language line "Đóng"
ERROR - 2020-02-06 07:55:22 --> Could not find the language line "Xác Nhận"
ERROR - 2020-02-06 07:55:22 --> Could not find the language line "Đóng"
ERROR - 2020-02-06 07:55:22 --> Could not find the language line "Xác Nhận"
ERROR - 2020-02-06 07:55:51 --> Could not find the language line "Tạo Điểm Lấy Hàng"
ERROR - 2020-02-06 07:55:51 --> Could not find the language line "Tạo Đơn Hàng"
ERROR - 2020-02-06 07:55:51 --> Severity: Warning --> Invalid argument supplied for foreach() /home/admin/domains/spshd.com/public_html/khachhang/application/views/tab4.php 394
ERROR - 2020-02-06 07:55:51 --> Could not find the language line "Đóng"
ERROR - 2020-02-06 07:55:51 --> Could not find the language line "Xác Nhận"
ERROR - 2020-02-06 07:55:51 --> Severity: Warning --> Invalid argument supplied for foreach() /home/admin/domains/spshd.com/public_html/khachhang/application/views/app.php 157
ERROR - 2020-02-06 07:55:51 --> Severity: Warning --> Invalid argument supplied for foreach() /home/admin/domains/spshd.com/public_html/khachhang/application/views/app.php 168
ERROR - 2020-02-06 07:55:51 --> Could not find the language line "Đóng"
ERROR - 2020-02-06 07:55:51 --> Could not find the language line "Xác Nhận"
ERROR - 2020-02-06 07:55:51 --> Could not find the language line "Đóng"
ERROR - 2020-02-06 07:55:51 --> Could not find the language line "Xác Nhận"
ERROR - 2020-02-06 08:41:09 --> Could not find the language line "Tạo Điểm Lấy Hàng"
ERROR - 2020-02-06 08:41:09 --> Could not find the language line "Tạo Đơn Hàng"
ERROR - 2020-02-06 08:41:09 --> Severity: Warning --> Invalid argument supplied for foreach() /home/admin/domains/spshd.com/public_html/khachhang/application/views/tab4.php 394
ERROR - 2020-02-06 08:41:09 --> Could not find the language line "Đóng"
ERROR - 2020-02-06 08:41:09 --> Could not find the language line "Xác Nhận"
ERROR - 2020-02-06 08:41:09 --> Severity: Warning --> Invalid argument supplied for foreach() /home/admin/domains/spshd.com/public_html/khachhang/application/views/app.php 157
ERROR - 2020-02-06 08:41:09 --> Severity: Warning --> Invalid argument supplied for foreach() /home/admin/domains/spshd.com/public_html/khachhang/application/views/app.php 168
ERROR - 2020-02-06 08:41:09 --> Could not find the language line "Đóng"
ERROR - 2020-02-06 08:41:09 --> Could not find the language line "Xác Nhận"
ERROR - 2020-02-06 08:41:09 --> Could not find the language line "Đóng"
ERROR - 2020-02-06 08:41:09 --> Could not find the language line "Xác Nhận"
ERROR - 2020-02-06 08:53:23 --> Could not find the language line "Tạo Điểm Lấy Hàng"
ERROR - 2020-02-06 08:53:23 --> Could not find the language line "Tạo Đơn Hàng"
ERROR - 2020-02-06 08:53:23 --> Severity: Warning --> Invalid argument supplied for foreach() /home/admin/domains/spshd.com/public_html/khachhang/application/views/tab4.php 394
ERROR - 2020-02-06 08:53:23 --> Could not find the language line "Đóng"
ERROR - 2020-02-06 08:53:23 --> Could not find the language line "Xác Nhận"
ERROR - 2020-02-06 08:53:23 --> Severity: Warning --> Invalid argument supplied for foreach() /home/admin/domains/spshd.com/public_html/khachhang/application/views/app.php 157
ERROR - 2020-02-06 08:53:23 --> Severity: Warning --> Invalid argument supplied for foreach() /home/admin/domains/spshd.com/public_html/khachhang/application/views/app.php 168
ERROR - 2020-02-06 08:53:23 --> Could not find the language line "Đóng"
ERROR - 2020-02-06 08:53:23 --> Could not find the language line "Xác Nhận"
ERROR - 2020-02-06 08:53:23 --> Could not find the language line "Đóng"
ERROR - 2020-02-06 08:53:23 --> Could not find the language line "Xác Nhận"
ERROR - 2020-02-06 09:32:47 --> Could not find the language line "Tạo Điểm Lấy Hàng"
ERROR - 2020-02-06 09:32:47 --> Could not find the language line "Tạo Đơn Hàng"
ERROR - 2020-02-06 09:32:47 --> Severity: Warning --> Invalid argument supplied for foreach() /home/admin/domains/spshd.com/public_html/khachhang/application/views/tab4.php 394
ERROR - 2020-02-06 09:32:47 --> Could not find the language line "Đóng"
ERROR - 2020-02-06 09:32:47 --> Could not find the language line "Xác Nhận"
ERROR - 2020-02-06 09:32:47 --> Severity: Warning --> Invalid argument supplied for foreach() /home/admin/domains/spshd.com/public_html/khachhang/application/views/app.php 157
ERROR - 2020-02-06 09:32:47 --> Severity: Warning --> Invalid argument supplied for foreach() /home/admin/domains/spshd.com/public_html/khachhang/application/views/app.php 168
ERROR - 2020-02-06 09:32:47 --> Could not find the language line "Đóng"
ERROR - 2020-02-06 09:32:47 --> Could not find the language line "Xác Nhận"
ERROR - 2020-02-06 09:32:47 --> Could not find the language line "Đóng"
ERROR - 2020-02-06 09:32:47 --> Could not find the language line "Xác Nhận"
ERROR - 2020-02-06 09:45:29 --> Could not find the language line "Tạo Điểm Lấy Hàng"
ERROR - 2020-02-06 09:45:29 --> Could not find the language line "Tạo Đơn Hàng"
ERROR - 2020-02-06 09:45:29 --> Severity: Warning --> Invalid argument supplied for foreach() /home/admin/domains/spshd.com/public_html/khachhang/application/views/tab4.php 394
ERROR - 2020-02-06 09:45:29 --> Could not find the language line "Đóng"
ERROR - 2020-02-06 09:45:29 --> Could not find the language line "Xác Nhận"
ERROR - 2020-02-06 09:45:29 --> Severity: Warning --> Invalid argument supplied for foreach() /home/admin/domains/spshd.com/public_html/khachhang/application/views/app.php 157
ERROR - 2020-02-06 09:45:29 --> Severity: Warning --> Invalid argument supplied for foreach() /home/admin/domains/spshd.com/public_html/khachhang/application/views/app.php 168
ERROR - 2020-02-06 09:45:29 --> Could not find the language line "Đóng"
ERROR - 2020-02-06 09:45:29 --> Could not find the language line "Xác Nhận"
ERROR - 2020-02-06 09:45:29 --> Could not find the language line "Đóng"
ERROR - 2020-02-06 09:45:29 --> Could not find the language line "Xác Nhận"
ERROR - 2020-02-06 10:02:29 --> Could not find the language line "Tạo Điểm Lấy Hàng"
ERROR - 2020-02-06 10:02:29 --> Could not find the language line "Tạo Đơn Hàng"
ERROR - 2020-02-06 10:02:29 --> Severity: Warning --> Invalid argument supplied for foreach() /home/admin/domains/spshd.com/public_html/khachhang/application/views/tab4.php 394
ERROR - 2020-02-06 10:02:29 --> Could not find the language line "Đóng"
ERROR - 2020-02-06 10:02:29 --> Could not find the language line "Xác Nhận"
ERROR - 2020-02-06 10:02:29 --> Severity: Warning --> Invalid argument supplied for foreach() /home/admin/domains/spshd.com/public_html/khachhang/application/views/app.php 157
ERROR - 2020-02-06 10:02:29 --> Severity: Warning --> Invalid argument supplied for foreach() /home/admin/domains/spshd.com/public_html/khachhang/application/views/app.php 168
ERROR - 2020-02-06 10:02:29 --> Could not find the language line "Đóng"
ERROR - 2020-02-06 10:02:29 --> Could not find the language line "Xác Nhận"
ERROR - 2020-02-06 10:02:29 --> Could not find the language line "Đóng"
ERROR - 2020-02-06 10:02:29 --> Could not find the language line "Xác Nhận"
ERROR - 2020-02-06 10:26:11 --> Could not find the language line "Email"
ERROR - 2020-02-06 10:26:11 --> Could not find the language line "password"
ERROR - 2020-02-06 10:26:39 --> Could not find the language line "Tạo Điểm Lấy Hàng"
ERROR - 2020-02-06 10:26:39 --> Could not find the language line "Tạo Đơn Hàng"
ERROR - 2020-02-06 10:26:39 --> Severity: Warning --> Invalid argument supplied for foreach() /home/admin/domains/spshd.com/public_html/khachhang/application/views/tab4.php 394
ERROR - 2020-02-06 10:26:39 --> Could not find the language line "Đóng"
ERROR - 2020-02-06 10:26:39 --> Could not find the language line "Xác Nhận"
ERROR - 2020-02-06 10:26:39 --> Severity: Warning --> Invalid argument supplied for foreach() /home/admin/domains/spshd.com/public_html/khachhang/application/views/app.php 157
ERROR - 2020-02-06 10:26:39 --> Severity: Warning --> Invalid argument supplied for foreach() /home/admin/domains/spshd.com/public_html/khachhang/application/views/app.php 168
ERROR - 2020-02-06 10:26:39 --> Could not find the language line "Đóng"
ERROR - 2020-02-06 10:26:39 --> Could not find the language line "Xác Nhận"
ERROR - 2020-02-06 10:26:39 --> Could not find the language line "Đóng"
ERROR - 2020-02-06 10:26:39 --> Could not find the language line "Xác Nhận"
ERROR - 2020-02-06 10:36:38 --> Could not find the language line "Tạo Điểm Lấy Hàng"
ERROR - 2020-02-06 10:36:38 --> Could not find the language line "Tạo Đơn Hàng"
ERROR - 2020-02-06 10:36:38 --> Severity: Warning --> Invalid argument supplied for foreach() /home/admin/domains/spshd.com/public_html/khachhang/application/views/tab4.php 394
ERROR - 2020-02-06 10:36:38 --> Could not find the language line "Đóng"
ERROR - 2020-02-06 10:36:38 --> Could not find the language line "Xác Nhận"
ERROR - 2020-02-06 10:36:38 --> Severity: Warning --> Invalid argument supplied for foreach() /home/admin/domains/spshd.com/public_html/khachhang/application/views/app.php 157
ERROR - 2020-02-06 10:36:38 --> Severity: Warning --> Invalid argument supplied for foreach() /home/admin/domains/spshd.com/public_html/khachhang/application/views/app.php 168
ERROR - 2020-02-06 10:36:38 --> Could not find the language line "Đóng"
ERROR - 2020-02-06 10:36:38 --> Could not find the language line "Xác Nhận"
ERROR - 2020-02-06 10:36:38 --> Could not find the language line "Đóng"
ERROR - 2020-02-06 10:36:38 --> Could not find the language line "Xác Nhận"
ERROR - 2020-02-06 10:54:35 --> Could not find the language line "Tạo Điểm Lấy Hàng"
ERROR - 2020-02-06 10:54:35 --> Could not find the language line "Tạo Đơn Hàng"
ERROR - 2020-02-06 10:54:35 --> Severity: Warning --> Invalid argument supplied for foreach() /home/admin/domains/spshd.com/public_html/khachhang/application/views/tab4.php 394
ERROR - 2020-02-06 10:54:35 --> Could not find the language line "Đóng"
ERROR - 2020-02-06 10:54:35 --> Could not find the language line "Xác Nhận"
ERROR - 2020-02-06 10:54:35 --> Severity: Warning --> Invalid argument supplied for foreach() /home/admin/domains/spshd.com/public_html/khachhang/application/views/app.php 157
ERROR - 2020-02-06 10:54:35 --> Severity: Warning --> Invalid argument supplied for foreach() /home/admin/domains/spshd.com/public_html/khachhang/application/views/app.php 168
ERROR - 2020-02-06 10:54:35 --> Could not find the language line "Đóng"
ERROR - 2020-02-06 10:54:35 --> Could not find the language line "Xác Nhận"
ERROR - 2020-02-06 10:54:35 --> Could not find the language line "Đóng"
ERROR - 2020-02-06 10:54:35 --> Could not find the language line "Xác Nhận"
ERROR - 2020-02-06 10:57:17 --> Could not find the language line "Tạo Điểm Lấy Hàng"
ERROR - 2020-02-06 10:57:17 --> Could not find the language line "Tạo Đơn Hàng"
ERROR - 2020-02-06 10:57:17 --> Severity: Warning --> Invalid argument supplied for foreach() /home/admin/domains/spshd.com/public_html/khachhang/application/views/tab4.php 394
ERROR - 2020-02-06 10:57:17 --> Could not find the language line "Đóng"
ERROR - 2020-02-06 10:57:17 --> Could not find the language line "Xác Nhận"
ERROR - 2020-02-06 10:57:17 --> Severity: Warning --> Invalid argument supplied for foreach() /home/admin/domains/spshd.com/public_html/khachhang/application/views/app.php 157
ERROR - 2020-02-06 10:57:17 --> Severity: Warning --> Invalid argument supplied for foreach() /home/admin/domains/spshd.com/public_html/khachhang/application/views/app.php 168
ERROR - 2020-02-06 10:57:17 --> Could not find the language line "Đóng"
ERROR - 2020-02-06 10:57:17 --> Could not find the language line "Xác Nhận"
ERROR - 2020-02-06 10:57:17 --> Could not find the language line "Đóng"
ERROR - 2020-02-06 10:57:17 --> Could not find the language line "Xác Nhận"
ERROR - 2020-02-06 11:37:57 --> Could not find the language line "Tạo Điểm Lấy Hàng"
ERROR - 2020-02-06 11:37:57 --> Could not find the language line "Tạo Đơn Hàng"
ERROR - 2020-02-06 11:37:57 --> Severity: Warning --> Invalid argument supplied for foreach() /home/admin/domains/spshd.com/public_html/khachhang/application/views/tab4.php 394
ERROR - 2020-02-06 11:37:57 --> Could not find the language line "Đóng"
ERROR - 2020-02-06 11:37:57 --> Could not find the language line "Xác Nhận"
ERROR - 2020-02-06 11:37:57 --> Severity: Warning --> Invalid argument supplied for foreach() /home/admin/domains/spshd.com/public_html/khachhang/application/views/app.php 157
ERROR - 2020-02-06 11:37:57 --> Severity: Warning --> Invalid argument supplied for foreach() /home/admin/domains/spshd.com/public_html/khachhang/application/views/app.php 168
ERROR - 2020-02-06 11:37:57 --> Could not find the language line "Đóng"
ERROR - 2020-02-06 11:37:57 --> Could not find the language line "Xác Nhận"
ERROR - 2020-02-06 11:37:57 --> Could not find the language line "Đóng"
ERROR - 2020-02-06 11:37:57 --> Could not find the language line "Xác Nhận"
ERROR - 2020-02-06 12:04:31 --> Could not find the language line "Tạo Điểm Lấy Hàng"
ERROR - 2020-02-06 12:04:31 --> Could not find the language line "Tạo Đơn Hàng"
ERROR - 2020-02-06 12:04:31 --> Severity: Warning --> Invalid argument supplied for foreach() /home/admin/domains/spshd.com/public_html/khachhang/application/views/tab4.php 394
ERROR - 2020-02-06 12:04:31 --> Could not find the language line "Đóng"
ERROR - 2020-02-06 12:04:31 --> Could not find the language line "Xác Nhận"
ERROR - 2020-02-06 12:04:31 --> Severity: Warning --> Invalid argument supplied for foreach() /home/admin/domains/spshd.com/public_html/khachhang/application/views/app.php 157
ERROR - 2020-02-06 12:04:31 --> Severity: Warning --> Invalid argument supplied for foreach() /home/admin/domains/spshd.com/public_html/khachhang/application/views/app.php 168
ERROR - 2020-02-06 12:04:31 --> Could not find the language line "Đóng"
ERROR - 2020-02-06 12:04:31 --> Could not find the language line "Xác Nhận"
ERROR - 2020-02-06 12:04:31 --> Could not find the language line "Đóng"
ERROR - 2020-02-06 12:04:31 --> Could not find the language line "Xác Nhận"
ERROR - 2020-02-06 12:11:31 --> Could not find the language line "Tạo Điểm Lấy Hàng"
ERROR - 2020-02-06 12:11:31 --> Could not find the language line "Tạo Đơn Hàng"
ERROR - 2020-02-06 12:11:31 --> Severity: Warning --> Invalid argument supplied for foreach() /home/admin/domains/spshd.com/public_html/khachhang/application/views/tab4.php 394
ERROR - 2020-02-06 12:11:31 --> Could not find the language line "Đóng"
ERROR - 2020-02-06 12:11:31 --> Could not find the language line "Xác Nhận"
ERROR - 2020-02-06 12:11:31 --> Severity: Warning --> Invalid argument supplied for foreach() /home/admin/domains/spshd.com/public_html/khachhang/application/views/app.php 157
ERROR - 2020-02-06 12:11:31 --> Severity: Warning --> Invalid argument supplied for foreach() /home/admin/domains/spshd.com/public_html/khachhang/application/views/app.php 168
ERROR - 2020-02-06 12:11:31 --> Could not find the language line "Đóng"
ERROR - 2020-02-06 12:11:31 --> Could not find the language line "Xác Nhận"
ERROR - 2020-02-06 12:11:31 --> Could not find the language line "Đóng"
ERROR - 2020-02-06 12:11:31 --> Could not find the language line "Xác Nhận"
ERROR - 2020-02-06 14:13:43 --> Could not find the language line "Tạo Điểm Lấy Hàng"
ERROR - 2020-02-06 14:13:43 --> Could not find the language line "Tạo Đơn Hàng"
ERROR - 2020-02-06 14:13:43 --> Severity: Warning --> Invalid argument supplied for foreach() /home/admin/domains/spshd.com/public_html/khachhang/application/views/tab4.php 394
ERROR - 2020-02-06 14:13:43 --> Could not find the language line "Đóng"
ERROR - 2020-02-06 14:13:43 --> Could not find the language line "Xác Nhận"
ERROR - 2020-02-06 14:13:43 --> Severity: Warning --> Invalid argument supplied for foreach() /home/admin/domains/spshd.com/public_html/khachhang/application/views/app.php 157
ERROR - 2020-02-06 14:13:43 --> Severity: Warning --> Invalid argument supplied for foreach() /home/admin/domains/spshd.com/public_html/khachhang/application/views/app.php 168
ERROR - 2020-02-06 14:13:43 --> Could not find the language line "Đóng"
ERROR - 2020-02-06 14:13:43 --> Could not find the language line "Xác Nhận"
ERROR - 2020-02-06 14:13:43 --> Could not find the language line "Đóng"
ERROR - 2020-02-06 14:13:43 --> Could not find the language line "Xác Nhận"
ERROR - 2020-02-06 14:29:01 --> Could not find the language line "Tạo Điểm Lấy Hàng"
ERROR - 2020-02-06 14:29:01 --> Could not find the language line "Tạo Đơn Hàng"
ERROR - 2020-02-06 14:29:01 --> Severity: Warning --> Invalid argument supplied for foreach() /home/admin/domains/spshd.com/public_html/khachhang/application/views/tab4.php 394
ERROR - 2020-02-06 14:29:01 --> Could not find the language line "Đóng"
ERROR - 2020-02-06 14:29:01 --> Could not find the language line "Xác Nhận"
ERROR - 2020-02-06 14:29:01 --> Severity: Warning --> Invalid argument supplied for foreach() /home/admin/domains/spshd.com/public_html/khachhang/application/views/app.php 157
ERROR - 2020-02-06 14:29:01 --> Severity: Warning --> Invalid argument supplied for foreach() /home/admin/domains/spshd.com/public_html/khachhang/application/views/app.php 168
ERROR - 2020-02-06 14:29:01 --> Could not find the language line "Đóng"
ERROR - 2020-02-06 14:29:01 --> Could not find the language line "Xác Nhận"
ERROR - 2020-02-06 14:29:01 --> Could not find the language line "Đóng"
ERROR - 2020-02-06 14:29:01 --> Could not find the language line "Xác Nhận"
ERROR - 2020-02-06 14:29:02 --> Could not find the language line "Tạo Điểm Lấy Hàng"
ERROR - 2020-02-06 14:29:02 --> Could not find the language line "Tạo Đơn Hàng"
ERROR - 2020-02-06 14:29:02 --> Severity: Warning --> Invalid argument supplied for foreach() /home/admin/domains/spshd.com/public_html/khachhang/application/views/tab4.php 394
ERROR - 2020-02-06 14:29:02 --> Could not find the language line "Đóng"
ERROR - 2020-02-06 14:29:02 --> Could not find the language line "Xác Nhận"
ERROR - 2020-02-06 14:29:02 --> Severity: Warning --> Invalid argument supplied for foreach() /home/admin/domains/spshd.com/public_html/khachhang/application/views/app.php 157
ERROR - 2020-02-06 14:29:02 --> Severity: Warning --> Invalid argument supplied for foreach() /home/admin/domains/spshd.com/public_html/khachhang/application/views/app.php 168
ERROR - 2020-02-06 14:29:02 --> Could not find the language line "Đóng"
ERROR - 2020-02-06 14:29:02 --> Could not find the language line "Xác Nhận"
ERROR - 2020-02-06 14:29:02 --> Could not find the language line "Đóng"
ERROR - 2020-02-06 14:29:02 --> Could not find the language line "Xác Nhận"
ERROR - 2020-02-06 14:29:02 --> Could not find the language line "Tạo Điểm Lấy Hàng"
ERROR - 2020-02-06 14:29:02 --> Could not find the language line "Tạo Đơn Hàng"
ERROR - 2020-02-06 14:29:02 --> Severity: Warning --> Invalid argument supplied for foreach() /home/admin/domains/spshd.com/public_html/khachhang/application/views/tab4.php 394
ERROR - 2020-02-06 14:29:02 --> Could not find the language line "Đóng"
ERROR - 2020-02-06 14:29:02 --> Could not find the language line "Xác Nhận"
ERROR - 2020-02-06 14:29:02 --> Severity: Warning --> Invalid argument supplied for foreach() /home/admin/domains/spshd.com/public_html/khachhang/application/views/app.php 157
ERROR - 2020-02-06 14:29:02 --> Severity: Warning --> Invalid argument supplied for foreach() /home/admin/domains/spshd.com/public_html/khachhang/application/views/app.php 168
ERROR - 2020-02-06 14:29:02 --> Could not find the language line "Đóng"
ERROR - 2020-02-06 14:29:02 --> Could not find the language line "Xác Nhận"
ERROR - 2020-02-06 14:29:02 --> Could not find the language line "Đóng"
ERROR - 2020-02-06 14:29:02 --> Could not find the language line "Xác Nhận"
ERROR - 2020-02-06 15:16:48 --> Could not find the language line "Tạo Điểm Lấy Hàng"
ERROR - 2020-02-06 15:16:48 --> Could not find the language line "Tạo Đơn Hàng"
ERROR - 2020-02-06 15:16:49 --> Severity: Warning --> Invalid argument supplied for foreach() /home/admin/domains/spshd.com/public_html/khachhang/application/views/tab4.php 394
ERROR - 2020-02-06 15:16:49 --> Could not find the language line "Đóng"
ERROR - 2020-02-06 15:16:49 --> Could not find the language line "Xác Nhận"
ERROR - 2020-02-06 15:16:49 --> Severity: Warning --> Invalid argument supplied for foreach() /home/admin/domains/spshd.com/public_html/khachhang/application/views/app.php 157
ERROR - 2020-02-06 15:16:49 --> Severity: Warning --> Invalid argument supplied for foreach() /home/admin/domains/spshd.com/public_html/khachhang/application/views/app.php 168
ERROR - 2020-02-06 15:16:49 --> Could not find the language line "Đóng"
ERROR - 2020-02-06 15:16:49 --> Could not find the language line "Xác Nhận"
ERROR - 2020-02-06 15:16:49 --> Could not find the language line "Đóng"
ERROR - 2020-02-06 15:16:49 --> Could not find the language line "Xác Nhận"
ERROR - 2020-02-06 15:28:13 --> Could not find the language line "Email"
ERROR - 2020-02-06 15:28:13 --> Could not find the language line "password"
ERROR - 2020-02-06 21:16:57 --> Could not find the language line "Email"
ERROR - 2020-02-06 21:16:57 --> Could not find the language line "password"
