ERROR - 2019-09-23 02:10:12 --> Could not find the language line "Tạo Điểm Lấy Hàng"
ERROR - 2019-09-23 02:10:12 --> Could not find the language line "Tạo Đơn Hàng"
ERROR - 2019-09-23 02:10:12 --> Could not find the language line "Đóng"
ERROR - 2019-09-23 02:10:12 --> Could not find the language line "Xác Nhận"
ERROR - 2019-09-23 02:10:12 --> Severity: Warning --> Invalid argument supplied for foreach() /home/admin/domains/spshd.com/public_html/khachhang/application/views/app.php 157
ERROR - 2019-09-23 02:10:12 --> Severity: Warning --> Invalid argument supplied for foreach() /home/admin/domains/spshd.com/public_html/khachhang/application/views/app.php 168
ERROR - 2019-09-23 02:10:12 --> Could not find the language line "Đóng"
ERROR - 2019-09-23 02:10:12 --> Could not find the language line "Xác Nhận"
ERROR - 2019-09-23 03:28:56 --> Could not find the language line "Tạo Điểm Lấy Hàng"
ERROR - 2019-09-23 03:28:56 --> Could not find the language line "Tạo Đơn Hàng"
ERROR - 2019-09-23 03:28:56 --> Could not find the language line "Đóng"
ERROR - 2019-09-23 03:28:56 --> Could not find the language line "Xác Nhận"
ERROR - 2019-09-23 03:28:56 --> Severity: Warning --> Invalid argument supplied for foreach() /home/admin/domains/spshd.com/public_html/khachhang/application/views/app.php 157
ERROR - 2019-09-23 03:28:56 --> Severity: Warning --> Invalid argument supplied for foreach() /home/admin/domains/spshd.com/public_html/khachhang/application/views/app.php 168
ERROR - 2019-09-23 03:28:56 --> Could not find the language line "Đóng"
ERROR - 2019-09-23 03:28:56 --> Could not find the language line "Xác Nhận"
ERROR - 2019-09-23 16:11:04 --> Could not find the language line "Tạo Điểm Lấy Hàng"
ERROR - 2019-09-23 16:11:04 --> Could not find the language line "Tạo Đơn Hàng"
ERROR - 2019-09-23 16:11:04 --> Severity: Warning --> Invalid argument supplied for foreach() /home/admin/domains/spshd.com/public_html/khachhang/application/views/tab4.php 365
ERROR - 2019-09-23 16:11:04 --> Could not find the language line "Đóng"
ERROR - 2019-09-23 16:11:04 --> Could not find the language line "Xác Nhận"
ERROR - 2019-09-23 16:11:04 --> Severity: Warning --> Invalid argument supplied for foreach() /home/admin/domains/spshd.com/public_html/khachhang/application/views/app.php 157
ERROR - 2019-09-23 16:11:04 --> Severity: Warning --> Invalid argument supplied for foreach() /home/admin/domains/spshd.com/public_html/khachhang/application/views/app.php 168
ERROR - 2019-09-23 16:11:04 --> Could not find the language line "Đóng"
ERROR - 2019-09-23 16:11:04 --> Could not find the language line "Xác Nhận"
ERROR - 2019-09-23 16:11:04 --> Could not find the language line "Đóng"
ERROR - 2019-09-23 16:11:04 --> Could not find the language line "Xác Nhận"
ERROR - 2019-09-23 16:13:05 --> Could not find the language line "Tạo Điểm Lấy Hàng"
ERROR - 2019-09-23 16:13:05 --> Could not find the language line "Tạo Đơn Hàng"
ERROR - 2019-09-23 16:13:05 --> Severity: Warning --> Invalid argument supplied for foreach() /home/admin/domains/spshd.com/public_html/khachhang/application/views/tab4.php 365
ERROR - 2019-09-23 16:13:05 --> Could not find the language line "Đóng"
ERROR - 2019-09-23 16:13:05 --> Could not find the language line "Xác Nhận"
ERROR - 2019-09-23 16:13:05 --> Severity: Warning --> Invalid argument supplied for foreach() /home/admin/domains/spshd.com/public_html/khachhang/application/views/app.php 157
ERROR - 2019-09-23 16:13:05 --> Severity: Warning --> Invalid argument supplied for foreach() /home/admin/domains/spshd.com/public_html/khachhang/application/views/app.php 168
ERROR - 2019-09-23 16:13:05 --> Could not find the language line "Đóng"
ERROR - 2019-09-23 16:13:05 --> Could not find the language line "Xác Nhận"
ERROR - 2019-09-23 16:13:05 --> Could not find the language line "Đóng"
ERROR - 2019-09-23 16:13:05 --> Could not find the language line "Xác Nhận"
ERROR - 2019-09-23 16:13:05 --> Could not find the language line "Tạo Điểm Lấy Hàng"
ERROR - 2019-09-23 16:13:05 --> Could not find the language line "Tạo Đơn Hàng"
ERROR - 2019-09-23 16:13:05 --> Severity: Warning --> Invalid argument supplied for foreach() /home/admin/domains/spshd.com/public_html/khachhang/application/views/tab4.php 365
ERROR - 2019-09-23 16:13:05 --> Could not find the language line "Đóng"
ERROR - 2019-09-23 16:13:05 --> Could not find the language line "Xác Nhận"
ERROR - 2019-09-23 16:13:05 --> Severity: Warning --> Invalid argument supplied for foreach() /home/admin/domains/spshd.com/public_html/khachhang/application/views/app.php 157
ERROR - 2019-09-23 16:13:05 --> Severity: Warning --> Invalid argument supplied for foreach() /home/admin/domains/spshd.com/public_html/khachhang/application/views/app.php 168
ERROR - 2019-09-23 16:13:05 --> Could not find the language line "Đóng"
ERROR - 2019-09-23 16:13:05 --> Could not find the language line "Xác Nhận"
ERROR - 2019-09-23 16:13:05 --> Could not find the language line "Đóng"
ERROR - 2019-09-23 16:13:05 --> Could not find the language line "Xác Nhận"
ERROR - 2019-09-23 16:16:22 --> Could not find the language line "Tạo Điểm Lấy Hàng"
ERROR - 2019-09-23 16:16:22 --> Could not find the language line "Tạo Đơn Hàng"
ERROR - 2019-09-23 16:16:22 --> Severity: Warning --> Invalid argument supplied for foreach() /home/admin/domains/spshd.com/public_html/khachhang/application/views/tab4.php 365
ERROR - 2019-09-23 16:16:22 --> Could not find the language line "Đóng"
ERROR - 2019-09-23 16:16:22 --> Could not find the language line "Xác Nhận"
ERROR - 2019-09-23 16:16:22 --> Severity: Warning --> Invalid argument supplied for foreach() /home/admin/domains/spshd.com/public_html/khachhang/application/views/app.php 157
ERROR - 2019-09-23 16:16:22 --> Severity: Warning --> Invalid argument supplied for foreach() /home/admin/domains/spshd.com/public_html/khachhang/application/views/app.php 168
ERROR - 2019-09-23 16:16:22 --> Could not find the language line "Đóng"
ERROR - 2019-09-23 16:16:22 --> Could not find the language line "Xác Nhận"
ERROR - 2019-09-23 16:16:22 --> Could not find the language line "Đóng"
ERROR - 2019-09-23 16:16:22 --> Could not find the language line "Xác Nhận"
ERROR - 2019-09-23 16:19:40 --> Could not find the language line "Tạo Điểm Lấy Hàng"
ERROR - 2019-09-23 16:19:40 --> Could not find the language line "Tạo Đơn Hàng"
ERROR - 2019-09-23 16:19:40 --> Severity: Warning --> Invalid argument supplied for foreach() /home/admin/domains/spshd.com/public_html/khachhang/application/views/tab4.php 365
ERROR - 2019-09-23 16:19:40 --> Could not find the language line "Đóng"
ERROR - 2019-09-23 16:19:40 --> Could not find the language line "Xác Nhận"
ERROR - 2019-09-23 16:19:40 --> Severity: Warning --> Invalid argument supplied for foreach() /home/admin/domains/spshd.com/public_html/khachhang/application/views/app.php 157
ERROR - 2019-09-23 16:19:40 --> Severity: Warning --> Invalid argument supplied for foreach() /home/admin/domains/spshd.com/public_html/khachhang/application/views/app.php 168
ERROR - 2019-09-23 16:19:40 --> Could not find the language line "Đóng"
ERROR - 2019-09-23 16:19:40 --> Could not find the language line "Xác Nhận"
ERROR - 2019-09-23 16:19:40 --> Could not find the language line "Đóng"
ERROR - 2019-09-23 16:19:40 --> Could not find the language line "Xác Nhận"
ERROR - 2019-09-23 16:21:01 --> Could not find the language line "Tạo Điểm Lấy Hàng"
ERROR - 2019-09-23 16:21:01 --> Could not find the language line "Tạo Đơn Hàng"
ERROR - 2019-09-23 16:21:01 --> Severity: Warning --> Invalid argument supplied for foreach() /home/admin/domains/spshd.com/public_html/khachhang/application/views/tab4.php 365
ERROR - 2019-09-23 16:21:01 --> Could not find the language line "Đóng"
ERROR - 2019-09-23 16:21:01 --> Could not find the language line "Xác Nhận"
ERROR - 2019-09-23 16:21:01 --> Severity: Warning --> Invalid argument supplied for foreach() /home/admin/domains/spshd.com/public_html/khachhang/application/views/app.php 157
ERROR - 2019-09-23 16:21:01 --> Severity: Warning --> Invalid argument supplied for foreach() /home/admin/domains/spshd.com/public_html/khachhang/application/views/app.php 168
ERROR - 2019-09-23 16:21:01 --> Could not find the language line "Đóng"
ERROR - 2019-09-23 16:21:01 --> Could not find the language line "Xác Nhận"
ERROR - 2019-09-23 16:21:01 --> Could not find the language line "Đóng"
ERROR - 2019-09-23 16:21:01 --> Could not find the language line "Xác Nhận"
ERROR - 2019-09-23 16:21:04 --> Could not find the language line "Tạo Điểm Lấy Hàng"
ERROR - 2019-09-23 16:21:04 --> Could not find the language line "Tạo Đơn Hàng"
ERROR - 2019-09-23 16:21:04 --> Severity: Warning --> Invalid argument supplied for foreach() /home/admin/domains/spshd.com/public_html/khachhang/application/views/tab4.php 365
ERROR - 2019-09-23 16:21:04 --> Could not find the language line "Đóng"
ERROR - 2019-09-23 16:21:04 --> Could not find the language line "Xác Nhận"
ERROR - 2019-09-23 16:21:04 --> Severity: Warning --> Invalid argument supplied for foreach() /home/admin/domains/spshd.com/public_html/khachhang/application/views/app.php 157
ERROR - 2019-09-23 16:21:04 --> Severity: Warning --> Invalid argument supplied for foreach() /home/admin/domains/spshd.com/public_html/khachhang/application/views/app.php 168
ERROR - 2019-09-23 16:21:04 --> Could not find the language line "Đóng"
ERROR - 2019-09-23 16:21:04 --> Could not find the language line "Xác Nhận"
ERROR - 2019-09-23 16:21:04 --> Could not find the language line "Đóng"
ERROR - 2019-09-23 16:21:04 --> Could not find the language line "Xác Nhận"
ERROR - 2019-09-23 16:29:00 --> Could not find the language line "Tạo Điểm Lấy Hàng"
ERROR - 2019-09-23 16:29:00 --> Could not find the language line "Tạo Đơn Hàng"
ERROR - 2019-09-23 16:29:00 --> Severity: Warning --> Invalid argument supplied for foreach() /home/admin/domains/spshd.com/public_html/khachhang/application/views/tab4.php 365
ERROR - 2019-09-23 16:29:00 --> Could not find the language line "Đóng"
ERROR - 2019-09-23 16:29:00 --> Could not find the language line "Xác Nhận"
ERROR - 2019-09-23 16:29:00 --> Severity: Warning --> Invalid argument supplied for foreach() /home/admin/domains/spshd.com/public_html/khachhang/application/views/app.php 157
ERROR - 2019-09-23 16:29:00 --> Severity: Warning --> Invalid argument supplied for foreach() /home/admin/domains/spshd.com/public_html/khachhang/application/views/app.php 168
ERROR - 2019-09-23 16:29:00 --> Could not find the language line "Đóng"
ERROR - 2019-09-23 16:29:00 --> Could not find the language line "Xác Nhận"
ERROR - 2019-09-23 16:29:00 --> Could not find the language line "Đóng"
ERROR - 2019-09-23 16:29:00 --> Could not find the language line "Xác Nhận"
ERROR - 2019-09-23 16:29:03 --> Could not find the language line "Tạo Điểm Lấy Hàng"
ERROR - 2019-09-23 16:29:03 --> Could not find the language line "Tạo Đơn Hàng"
ERROR - 2019-09-23 16:29:03 --> Severity: Warning --> Invalid argument supplied for foreach() /home/admin/domains/spshd.com/public_html/khachhang/application/views/tab4.php 365
ERROR - 2019-09-23 16:29:03 --> Could not find the language line "Đóng"
ERROR - 2019-09-23 16:29:03 --> Could not find the language line "Xác Nhận"
ERROR - 2019-09-23 16:29:03 --> Severity: Warning --> Invalid argument supplied for foreach() /home/admin/domains/spshd.com/public_html/khachhang/application/views/app.php 157
ERROR - 2019-09-23 16:29:03 --> Severity: Warning --> Invalid argument supplied for foreach() /home/admin/domains/spshd.com/public_html/khachhang/application/views/app.php 168
ERROR - 2019-09-23 16:29:03 --> Could not find the language line "Đóng"
ERROR - 2019-09-23 16:29:03 --> Could not find the language line "Xác Nhận"
ERROR - 2019-09-23 16:29:03 --> Could not find the language line "Đóng"
ERROR - 2019-09-23 16:29:03 --> Could not find the language line "Xác Nhận"
ERROR - 2019-09-23 16:30:34 --> Could not find the language line "Tạo Điểm Lấy Hàng"
ERROR - 2019-09-23 16:30:34 --> Could not find the language line "Tạo Đơn Hàng"
ERROR - 2019-09-23 16:30:34 --> Severity: Warning --> Invalid argument supplied for foreach() /home/admin/domains/spshd.com/public_html/khachhang/application/views/tab4.php 365
ERROR - 2019-09-23 16:30:34 --> Could not find the language line "Đóng"
ERROR - 2019-09-23 16:30:34 --> Could not find the language line "Xác Nhận"
ERROR - 2019-09-23 16:30:34 --> Severity: Warning --> Invalid argument supplied for foreach() /home/admin/domains/spshd.com/public_html/khachhang/application/views/app.php 157
ERROR - 2019-09-23 16:30:34 --> Severity: Warning --> Invalid argument supplied for foreach() /home/admin/domains/spshd.com/public_html/khachhang/application/views/app.php 168
ERROR - 2019-09-23 16:30:34 --> Could not find the language line "Đóng"
ERROR - 2019-09-23 16:30:34 --> Could not find the language line "Xác Nhận"
ERROR - 2019-09-23 16:30:34 --> Could not find the language line "Đóng"
ERROR - 2019-09-23 16:30:34 --> Could not find the language line "Xác Nhận"
ERROR - 2019-09-23 16:33:55 --> Could not find the language line "Tạo Điểm Lấy Hàng"
ERROR - 2019-09-23 16:33:55 --> Could not find the language line "Tạo Đơn Hàng"
ERROR - 2019-09-23 16:33:55 --> Severity: Warning --> Invalid argument supplied for foreach() /home/admin/domains/spshd.com/public_html/khachhang/application/views/tab4.php 365
ERROR - 2019-09-23 16:33:55 --> Could not find the language line "Đóng"
ERROR - 2019-09-23 16:33:55 --> Could not find the language line "Xác Nhận"
ERROR - 2019-09-23 16:33:55 --> Severity: Warning --> Invalid argument supplied for foreach() /home/admin/domains/spshd.com/public_html/khachhang/application/views/app.php 157
ERROR - 2019-09-23 16:33:55 --> Severity: Warning --> Invalid argument supplied for foreach() /home/admin/domains/spshd.com/public_html/khachhang/application/views/app.php 168
ERROR - 2019-09-23 16:33:55 --> Could not find the language line "Đóng"
ERROR - 2019-09-23 16:33:55 --> Could not find the language line "Xác Nhận"
ERROR - 2019-09-23 16:33:55 --> Could not find the language line "Đóng"
ERROR - 2019-09-23 16:33:55 --> Could not find the language line "Xác Nhận"
ERROR - 2019-09-23 16:36:24 --> Could not find the language line "Tạo Điểm Lấy Hàng"
ERROR - 2019-09-23 16:36:24 --> Could not find the language line "Tạo Đơn Hàng"
ERROR - 2019-09-23 16:36:24 --> Severity: Warning --> Invalid argument supplied for foreach() /home/admin/domains/spshd.com/public_html/khachhang/application/views/tab4.php 365
ERROR - 2019-09-23 16:36:24 --> Could not find the language line "Đóng"
ERROR - 2019-09-23 16:36:24 --> Could not find the language line "Xác Nhận"
ERROR - 2019-09-23 16:36:24 --> Severity: Warning --> Invalid argument supplied for foreach() /home/admin/domains/spshd.com/public_html/khachhang/application/views/app.php 157
ERROR - 2019-09-23 16:36:24 --> Severity: Warning --> Invalid argument supplied for foreach() /home/admin/domains/spshd.com/public_html/khachhang/application/views/app.php 168
ERROR - 2019-09-23 16:36:24 --> Could not find the language line "Đóng"
ERROR - 2019-09-23 16:36:24 --> Could not find the language line "Xác Nhận"
ERROR - 2019-09-23 16:36:24 --> Could not find the language line "Đóng"
ERROR - 2019-09-23 16:36:24 --> Could not find the language line "Xác Nhận"
ERROR - 2019-09-23 16:38:22 --> Could not find the language line "Tạo Điểm Lấy Hàng"
ERROR - 2019-09-23 16:38:22 --> Could not find the language line "Tạo Đơn Hàng"
ERROR - 2019-09-23 16:38:22 --> Severity: Warning --> Invalid argument supplied for foreach() /home/admin/domains/spshd.com/public_html/khachhang/application/views/tab4.php 365
ERROR - 2019-09-23 16:38:22 --> Could not find the language line "Đóng"
ERROR - 2019-09-23 16:38:22 --> Could not find the language line "Xác Nhận"
ERROR - 2019-09-23 16:38:22 --> Severity: Warning --> Invalid argument supplied for foreach() /home/admin/domains/spshd.com/public_html/khachhang/application/views/app.php 157
ERROR - 2019-09-23 16:38:22 --> Severity: Warning --> Invalid argument supplied for foreach() /home/admin/domains/spshd.com/public_html/khachhang/application/views/app.php 168
ERROR - 2019-09-23 16:38:22 --> Could not find the language line "Đóng"
ERROR - 2019-09-23 16:38:22 --> Could not find the language line "Xác Nhận"
ERROR - 2019-09-23 16:38:22 --> Could not find the language line "Đóng"
ERROR - 2019-09-23 16:38:22 --> Could not find the language line "Xác Nhận"
ERROR - 2019-09-23 16:38:43 --> Could not find the language line "Tạo Điểm Lấy Hàng"
ERROR - 2019-09-23 16:38:43 --> Could not find the language line "Tạo Đơn Hàng"
ERROR - 2019-09-23 16:38:43 --> Severity: Warning --> Invalid argument supplied for foreach() /home/admin/domains/spshd.com/public_html/khachhang/application/views/tab4.php 365
ERROR - 2019-09-23 16:38:43 --> Could not find the language line "Đóng"
ERROR - 2019-09-23 16:38:43 --> Could not find the language line "Xác Nhận"
ERROR - 2019-09-23 16:38:43 --> Severity: Warning --> Invalid argument supplied for foreach() /home/admin/domains/spshd.com/public_html/khachhang/application/views/app.php 157
ERROR - 2019-09-23 16:38:43 --> Severity: Warning --> Invalid argument supplied for foreach() /home/admin/domains/spshd.com/public_html/khachhang/application/views/app.php 168
ERROR - 2019-09-23 16:38:43 --> Could not find the language line "Đóng"
ERROR - 2019-09-23 16:38:43 --> Could not find the language line "Xác Nhận"
ERROR - 2019-09-23 16:38:43 --> Could not find the language line "Đóng"
ERROR - 2019-09-23 16:38:43 --> Could not find the language line "Xác Nhận"
ERROR - 2019-09-23 16:39:08 --> Could not find the language line "Tạo Điểm Lấy Hàng"
ERROR - 2019-09-23 16:39:08 --> Could not find the language line "Tạo Đơn Hàng"
ERROR - 2019-09-23 16:39:08 --> Severity: Warning --> Invalid argument supplied for foreach() /home/admin/domains/spshd.com/public_html/khachhang/application/views/tab4.php 365
ERROR - 2019-09-23 16:39:08 --> Could not find the language line "Đóng"
ERROR - 2019-09-23 16:39:08 --> Could not find the language line "Xác Nhận"
ERROR - 2019-09-23 16:39:08 --> Severity: Warning --> Invalid argument supplied for foreach() /home/admin/domains/spshd.com/public_html/khachhang/application/views/app.php 157
ERROR - 2019-09-23 16:39:08 --> Severity: Warning --> Invalid argument supplied for foreach() /home/admin/domains/spshd.com/public_html/khachhang/application/views/app.php 168
ERROR - 2019-09-23 16:39:08 --> Could not find the language line "Đóng"
ERROR - 2019-09-23 16:39:08 --> Could not find the language line "Xác Nhận"
ERROR - 2019-09-23 16:39:08 --> Could not find the language line "Đóng"
ERROR - 2019-09-23 16:39:08 --> Could not find the language line "Xác Nhận"
ERROR - 2019-09-23 16:45:51 --> Could not find the language line "Tạo Điểm Lấy Hàng"
ERROR - 2019-09-23 16:45:51 --> Could not find the language line "Tạo Đơn Hàng"
ERROR - 2019-09-23 16:45:51 --> Severity: Warning --> Invalid argument supplied for foreach() /home/admin/domains/spshd.com/public_html/khachhang/application/views/tab4.php 365
ERROR - 2019-09-23 16:45:51 --> Could not find the language line "Đóng"
ERROR - 2019-09-23 16:45:51 --> Could not find the language line "Xác Nhận"
ERROR - 2019-09-23 16:45:51 --> Severity: Warning --> Invalid argument supplied for foreach() /home/admin/domains/spshd.com/public_html/khachhang/application/views/app.php 157
ERROR - 2019-09-23 16:45:51 --> Severity: Warning --> Invalid argument supplied for foreach() /home/admin/domains/spshd.com/public_html/khachhang/application/views/app.php 168
ERROR - 2019-09-23 16:45:51 --> Could not find the language line "Đóng"
ERROR - 2019-09-23 16:45:51 --> Could not find the language line "Xác Nhận"
ERROR - 2019-09-23 16:45:51 --> Could not find the language line "Đóng"
ERROR - 2019-09-23 16:45:51 --> Could not find the language line "Xác Nhận"
ERROR - 2019-09-23 16:46:05 --> Could not find the language line "Tạo Điểm Lấy Hàng"
ERROR - 2019-09-23 16:46:05 --> Could not find the language line "Tạo Đơn Hàng"
ERROR - 2019-09-23 16:46:05 --> Severity: Warning --> Invalid argument supplied for foreach() /home/admin/domains/spshd.com/public_html/khachhang/application/views/tab4.php 365
ERROR - 2019-09-23 16:46:05 --> Could not find the language line "Đóng"
ERROR - 2019-09-23 16:46:05 --> Could not find the language line "Xác Nhận"
ERROR - 2019-09-23 16:46:05 --> Severity: Warning --> Invalid argument supplied for foreach() /home/admin/domains/spshd.com/public_html/khachhang/application/views/app.php 157
ERROR - 2019-09-23 16:46:05 --> Severity: Warning --> Invalid argument supplied for foreach() /home/admin/domains/spshd.com/public_html/khachhang/application/views/app.php 168
ERROR - 2019-09-23 16:46:05 --> Could not find the language line "Đóng"
ERROR - 2019-09-23 16:46:05 --> Could not find the language line "Xác Nhận"
ERROR - 2019-09-23 16:46:05 --> Could not find the language line "Đóng"
ERROR - 2019-09-23 16:46:05 --> Could not find the language line "Xác Nhận"
ERROR - 2019-09-23 16:48:36 --> Could not find the language line "Tạo Điểm Lấy Hàng"
ERROR - 2019-09-23 16:48:36 --> Could not find the language line "Tạo Đơn Hàng"
ERROR - 2019-09-23 16:48:36 --> Severity: Warning --> Invalid argument supplied for foreach() /home/admin/domains/spshd.com/public_html/khachhang/application/views/tab4.php 365
ERROR - 2019-09-23 16:48:36 --> Could not find the language line "Đóng"
ERROR - 2019-09-23 16:48:36 --> Could not find the language line "Xác Nhận"
ERROR - 2019-09-23 16:48:36 --> Severity: Warning --> Invalid argument supplied for foreach() /home/admin/domains/spshd.com/public_html/khachhang/application/views/app.php 157
ERROR - 2019-09-23 16:48:36 --> Severity: Warning --> Invalid argument supplied for foreach() /home/admin/domains/spshd.com/public_html/khachhang/application/views/app.php 168
ERROR - 2019-09-23 16:48:36 --> Could not find the language line "Đóng"
ERROR - 2019-09-23 16:48:36 --> Could not find the language line "Xác Nhận"
ERROR - 2019-09-23 16:48:36 --> Could not find the language line "Đóng"
ERROR - 2019-09-23 16:48:36 --> Could not find the language line "Xác Nhận"
ERROR - 2019-09-23 16:48:37 --> Could not find the language line "Tạo Điểm Lấy Hàng"
ERROR - 2019-09-23 16:48:37 --> Could not find the language line "Tạo Đơn Hàng"
ERROR - 2019-09-23 16:48:37 --> Severity: Warning --> Invalid argument supplied for foreach() /home/admin/domains/spshd.com/public_html/khachhang/application/views/tab4.php 365
ERROR - 2019-09-23 16:48:37 --> Could not find the language line "Đóng"
ERROR - 2019-09-23 16:48:37 --> Could not find the language line "Xác Nhận"
ERROR - 2019-09-23 16:48:37 --> Severity: Warning --> Invalid argument supplied for foreach() /home/admin/domains/spshd.com/public_html/khachhang/application/views/app.php 157
ERROR - 2019-09-23 16:48:37 --> Severity: Warning --> Invalid argument supplied for foreach() /home/admin/domains/spshd.com/public_html/khachhang/application/views/app.php 168
ERROR - 2019-09-23 16:48:37 --> Could not find the language line "Đóng"
ERROR - 2019-09-23 16:48:37 --> Could not find the language line "Xác Nhận"
ERROR - 2019-09-23 16:48:37 --> Could not find the language line "Đóng"
ERROR - 2019-09-23 16:48:37 --> Could not find the language line "Xác Nhận"
ERROR - 2019-09-23 16:49:19 --> Could not find the language line "Tạo Điểm Lấy Hàng"
ERROR - 2019-09-23 16:49:19 --> Could not find the language line "Tạo Đơn Hàng"
ERROR - 2019-09-23 16:49:19 --> Severity: Warning --> Invalid argument supplied for foreach() /home/admin/domains/spshd.com/public_html/khachhang/application/views/tab4.php 365
ERROR - 2019-09-23 16:49:19 --> Could not find the language line "Đóng"
ERROR - 2019-09-23 16:49:19 --> Could not find the language line "Xác Nhận"
ERROR - 2019-09-23 16:49:19 --> Severity: Warning --> Invalid argument supplied for foreach() /home/admin/domains/spshd.com/public_html/khachhang/application/views/app.php 157
ERROR - 2019-09-23 16:49:19 --> Severity: Warning --> Invalid argument supplied for foreach() /home/admin/domains/spshd.com/public_html/khachhang/application/views/app.php 168
ERROR - 2019-09-23 16:49:19 --> Could not find the language line "Đóng"
ERROR - 2019-09-23 16:49:19 --> Could not find the language line "Xác Nhận"
ERROR - 2019-09-23 16:49:19 --> Could not find the language line "Đóng"
ERROR - 2019-09-23 16:49:19 --> Could not find the language line "Xác Nhận"
ERROR - 2019-09-23 16:50:13 --> Could not find the language line "Tạo Điểm Lấy Hàng"
ERROR - 2019-09-23 16:50:13 --> Could not find the language line "Tạo Đơn Hàng"
ERROR - 2019-09-23 16:50:13 --> Severity: Warning --> Invalid argument supplied for foreach() /home/admin/domains/spshd.com/public_html/khachhang/application/views/tab4.php 365
ERROR - 2019-09-23 16:50:13 --> Could not find the language line "Đóng"
ERROR - 2019-09-23 16:50:13 --> Could not find the language line "Xác Nhận"
ERROR - 2019-09-23 16:50:13 --> Severity: Warning --> Invalid argument supplied for foreach() /home/admin/domains/spshd.com/public_html/khachhang/application/views/app.php 157
ERROR - 2019-09-23 16:50:13 --> Severity: Warning --> Invalid argument supplied for foreach() /home/admin/domains/spshd.com/public_html/khachhang/application/views/app.php 168
ERROR - 2019-09-23 16:50:13 --> Could not find the language line "Đóng"
ERROR - 2019-09-23 16:50:13 --> Could not find the language line "Xác Nhận"
ERROR - 2019-09-23 16:50:13 --> Could not find the language line "Đóng"
ERROR - 2019-09-23 16:50:13 --> Could not find the language line "Xác Nhận"
ERROR - 2019-09-23 16:50:58 --> Could not find the language line "Tạo Điểm Lấy Hàng"
ERROR - 2019-09-23 16:50:58 --> Could not find the language line "Tạo Đơn Hàng"
ERROR - 2019-09-23 16:50:58 --> Severity: Warning --> Invalid argument supplied for foreach() /home/admin/domains/spshd.com/public_html/khachhang/application/views/tab4.php 365
ERROR - 2019-09-23 16:50:58 --> Could not find the language line "Đóng"
ERROR - 2019-09-23 16:50:58 --> Could not find the language line "Xác Nhận"
ERROR - 2019-09-23 16:50:58 --> Severity: Warning --> Invalid argument supplied for foreach() /home/admin/domains/spshd.com/public_html/khachhang/application/views/app.php 157
ERROR - 2019-09-23 16:50:58 --> Severity: Warning --> Invalid argument supplied for foreach() /home/admin/domains/spshd.com/public_html/khachhang/application/views/app.php 168
ERROR - 2019-09-23 16:50:58 --> Could not find the language line "Đóng"
ERROR - 2019-09-23 16:50:58 --> Could not find the language line "Xác Nhận"
ERROR - 2019-09-23 16:50:58 --> Could not find the language line "Đóng"
ERROR - 2019-09-23 16:50:58 --> Could not find the language line "Xác Nhận"
ERROR - 2019-09-23 16:54:32 --> Could not find the language line "Tạo Điểm Lấy Hàng"
ERROR - 2019-09-23 16:54:32 --> Could not find the language line "Tạo Đơn Hàng"
ERROR - 2019-09-23 16:54:32 --> Severity: Warning --> Invalid argument supplied for foreach() /home/admin/domains/spshd.com/public_html/khachhang/application/views/tab4.php 365
ERROR - 2019-09-23 16:54:32 --> Could not find the language line "Đóng"
ERROR - 2019-09-23 16:54:32 --> Could not find the language line "Xác Nhận"
ERROR - 2019-09-23 16:54:32 --> Severity: Warning --> Invalid argument supplied for foreach() /home/admin/domains/spshd.com/public_html/khachhang/application/views/app.php 157
ERROR - 2019-09-23 16:54:32 --> Severity: Warning --> Invalid argument supplied for foreach() /home/admin/domains/spshd.com/public_html/khachhang/application/views/app.php 168
ERROR - 2019-09-23 16:54:32 --> Could not find the language line "Đóng"
ERROR - 2019-09-23 16:54:32 --> Could not find the language line "Xác Nhận"
ERROR - 2019-09-23 16:54:32 --> Could not find the language line "Đóng"
ERROR - 2019-09-23 16:54:32 --> Could not find the language line "Xác Nhận"
ERROR - 2019-09-23 16:55:15 --> Could not find the language line "Tạo Điểm Lấy Hàng"
ERROR - 2019-09-23 16:55:15 --> Could not find the language line "Tạo Đơn Hàng"
ERROR - 2019-09-23 16:55:15 --> Severity: Warning --> Invalid argument supplied for foreach() /home/admin/domains/spshd.com/public_html/khachhang/application/views/tab4.php 365
ERROR - 2019-09-23 16:55:15 --> Could not find the language line "Đóng"
ERROR - 2019-09-23 16:55:15 --> Could not find the language line "Xác Nhận"
ERROR - 2019-09-23 16:55:15 --> Severity: Warning --> Invalid argument supplied for foreach() /home/admin/domains/spshd.com/public_html/khachhang/application/views/app.php 157
ERROR - 2019-09-23 16:55:15 --> Severity: Warning --> Invalid argument supplied for foreach() /home/admin/domains/spshd.com/public_html/khachhang/application/views/app.php 168
ERROR - 2019-09-23 16:55:15 --> Could not find the language line "Đóng"
ERROR - 2019-09-23 16:55:15 --> Could not find the language line "Xác Nhận"
ERROR - 2019-09-23 16:55:15 --> Could not find the language line "Đóng"
ERROR - 2019-09-23 16:55:15 --> Could not find the language line "Xác Nhận"
ERROR - 2019-09-23 16:55:36 --> Could not find the language line "Tạo Điểm Lấy Hàng"
ERROR - 2019-09-23 16:55:36 --> Could not find the language line "Tạo Đơn Hàng"
ERROR - 2019-09-23 16:55:36 --> Severity: Warning --> Invalid argument supplied for foreach() /home/admin/domains/spshd.com/public_html/khachhang/application/views/tab4.php 365
ERROR - 2019-09-23 16:55:36 --> Could not find the language line "Đóng"
ERROR - 2019-09-23 16:55:36 --> Could not find the language line "Xác Nhận"
ERROR - 2019-09-23 16:55:36 --> Severity: Warning --> Invalid argument supplied for foreach() /home/admin/domains/spshd.com/public_html/khachhang/application/views/app.php 157
ERROR - 2019-09-23 16:55:36 --> Severity: Warning --> Invalid argument supplied for foreach() /home/admin/domains/spshd.com/public_html/khachhang/application/views/app.php 168
ERROR - 2019-09-23 16:55:36 --> Could not find the language line "Đóng"
ERROR - 2019-09-23 16:55:36 --> Could not find the language line "Xác Nhận"
ERROR - 2019-09-23 16:55:36 --> Could not find the language line "Đóng"
ERROR - 2019-09-23 16:55:36 --> Could not find the language line "Xác Nhận"
ERROR - 2019-09-23 16:55:55 --> Could not find the language line "Tạo Điểm Lấy Hàng"
ERROR - 2019-09-23 16:55:55 --> Could not find the language line "Tạo Đơn Hàng"
ERROR - 2019-09-23 16:55:55 --> Severity: Warning --> Invalid argument supplied for foreach() /home/admin/domains/spshd.com/public_html/khachhang/application/views/tab4.php 365
ERROR - 2019-09-23 16:55:55 --> Could not find the language line "Đóng"
ERROR - 2019-09-23 16:55:55 --> Could not find the language line "Xác Nhận"
ERROR - 2019-09-23 16:55:55 --> Severity: Warning --> Invalid argument supplied for foreach() /home/admin/domains/spshd.com/public_html/khachhang/application/views/app.php 157
ERROR - 2019-09-23 16:55:55 --> Severity: Warning --> Invalid argument supplied for foreach() /home/admin/domains/spshd.com/public_html/khachhang/application/views/app.php 168
ERROR - 2019-09-23 16:55:55 --> Could not find the language line "Đóng"
ERROR - 2019-09-23 16:55:55 --> Could not find the language line "Xác Nhận"
ERROR - 2019-09-23 16:55:55 --> Could not find the language line "Đóng"
ERROR - 2019-09-23 16:55:55 --> Could not find the language line "Xác Nhận"
ERROR - 2019-09-23 16:57:06 --> Could not find the language line "Tạo Điểm Lấy Hàng"
ERROR - 2019-09-23 16:57:06 --> Could not find the language line "Tạo Đơn Hàng"
ERROR - 2019-09-23 16:57:06 --> Severity: Warning --> Invalid argument supplied for foreach() /home/admin/domains/spshd.com/public_html/khachhang/application/views/tab4.php 365
ERROR - 2019-09-23 16:57:06 --> Could not find the language line "Đóng"
ERROR - 2019-09-23 16:57:06 --> Could not find the language line "Xác Nhận"
ERROR - 2019-09-23 16:57:06 --> Severity: Warning --> Invalid argument supplied for foreach() /home/admin/domains/spshd.com/public_html/khachhang/application/views/app.php 157
ERROR - 2019-09-23 16:57:06 --> Severity: Warning --> Invalid argument supplied for foreach() /home/admin/domains/spshd.com/public_html/khachhang/application/views/app.php 168
ERROR - 2019-09-23 16:57:06 --> Could not find the language line "Đóng"
ERROR - 2019-09-23 16:57:06 --> Could not find the language line "Xác Nhận"
ERROR - 2019-09-23 16:57:06 --> Could not find the language line "Đóng"
ERROR - 2019-09-23 16:57:06 --> Could not find the language line "Xác Nhận"
ERROR - 2019-09-23 16:57:29 --> Could not find the language line "Tạo Điểm Lấy Hàng"
ERROR - 2019-09-23 16:57:29 --> Could not find the language line "Tạo Đơn Hàng"
ERROR - 2019-09-23 16:57:29 --> Severity: Warning --> Invalid argument supplied for foreach() /home/admin/domains/spshd.com/public_html/khachhang/application/views/tab4.php 365
ERROR - 2019-09-23 16:57:29 --> Could not find the language line "Đóng"
ERROR - 2019-09-23 16:57:29 --> Could not find the language line "Xác Nhận"
ERROR - 2019-09-23 16:57:29 --> Severity: Warning --> Invalid argument supplied for foreach() /home/admin/domains/spshd.com/public_html/khachhang/application/views/app.php 157
ERROR - 2019-09-23 16:57:29 --> Severity: Warning --> Invalid argument supplied for foreach() /home/admin/domains/spshd.com/public_html/khachhang/application/views/app.php 168
ERROR - 2019-09-23 16:57:29 --> Could not find the language line "Đóng"
ERROR - 2019-09-23 16:57:29 --> Could not find the language line "Xác Nhận"
ERROR - 2019-09-23 16:57:29 --> Could not find the language line "Đóng"
ERROR - 2019-09-23 16:57:29 --> Could not find the language line "Xác Nhận"
ERROR - 2019-09-23 16:58:45 --> Could not find the language line "Tạo Điểm Lấy Hàng"
ERROR - 2019-09-23 16:58:45 --> Could not find the language line "Tạo Đơn Hàng"
ERROR - 2019-09-23 16:58:45 --> Severity: Warning --> Invalid argument supplied for foreach() /home/admin/domains/spshd.com/public_html/khachhang/application/views/tab4.php 365
ERROR - 2019-09-23 16:58:45 --> Could not find the language line "Đóng"
ERROR - 2019-09-23 16:58:45 --> Could not find the language line "Xác Nhận"
ERROR - 2019-09-23 16:58:45 --> Severity: Warning --> Invalid argument supplied for foreach() /home/admin/domains/spshd.com/public_html/khachhang/application/views/app.php 157
ERROR - 2019-09-23 16:58:45 --> Severity: Warning --> Invalid argument supplied for foreach() /home/admin/domains/spshd.com/public_html/khachhang/application/views/app.php 168
ERROR - 2019-09-23 16:58:45 --> Could not find the language line "Đóng"
ERROR - 2019-09-23 16:58:45 --> Could not find the language line "Xác Nhận"
ERROR - 2019-09-23 16:58:45 --> Could not find the language line "Đóng"
ERROR - 2019-09-23 16:58:45 --> Could not find the language line "Xác Nhận"
ERROR - 2019-09-23 16:59:02 --> Could not find the language line "Tạo Điểm Lấy Hàng"
ERROR - 2019-09-23 16:59:02 --> Could not find the language line "Tạo Đơn Hàng"
ERROR - 2019-09-23 16:59:02 --> Severity: Warning --> Invalid argument supplied for foreach() /home/admin/domains/spshd.com/public_html/khachhang/application/views/tab4.php 365
ERROR - 2019-09-23 16:59:02 --> Could not find the language line "Đóng"
ERROR - 2019-09-23 16:59:02 --> Could not find the language line "Xác Nhận"
ERROR - 2019-09-23 16:59:02 --> Severity: Warning --> Invalid argument supplied for foreach() /home/admin/domains/spshd.com/public_html/khachhang/application/views/app.php 157
ERROR - 2019-09-23 16:59:02 --> Severity: Warning --> Invalid argument supplied for foreach() /home/admin/domains/spshd.com/public_html/khachhang/application/views/app.php 168
ERROR - 2019-09-23 16:59:02 --> Could not find the language line "Đóng"
ERROR - 2019-09-23 16:59:02 --> Could not find the language line "Xác Nhận"
ERROR - 2019-09-23 16:59:02 --> Could not find the language line "Đóng"
ERROR - 2019-09-23 16:59:02 --> Could not find the language line "Xác Nhận"
ERROR - 2019-09-23 17:00:12 --> Could not find the language line "Tạo Điểm Lấy Hàng"
ERROR - 2019-09-23 17:00:12 --> Could not find the language line "Tạo Đơn Hàng"
ERROR - 2019-09-23 17:00:12 --> Severity: Warning --> Invalid argument supplied for foreach() /home/admin/domains/spshd.com/public_html/khachhang/application/views/tab4.php 365
ERROR - 2019-09-23 17:00:12 --> Could not find the language line "Đóng"
ERROR - 2019-09-23 17:00:12 --> Could not find the language line "Xác Nhận"
ERROR - 2019-09-23 17:00:12 --> Severity: Warning --> Invalid argument supplied for foreach() /home/admin/domains/spshd.com/public_html/khachhang/application/views/app.php 157
ERROR - 2019-09-23 17:00:12 --> Severity: Warning --> Invalid argument supplied for foreach() /home/admin/domains/spshd.com/public_html/khachhang/application/views/app.php 168
ERROR - 2019-09-23 17:00:12 --> Could not find the language line "Đóng"
ERROR - 2019-09-23 17:00:12 --> Could not find the language line "Xác Nhận"
ERROR - 2019-09-23 17:00:12 --> Could not find the language line "Đóng"
ERROR - 2019-09-23 17:00:12 --> Could not find the language line "Xác Nhận"
ERROR - 2019-09-23 17:03:34 --> Could not find the language line "Tạo Điểm Lấy Hàng"
ERROR - 2019-09-23 17:03:34 --> Could not find the language line "Tạo Đơn Hàng"
ERROR - 2019-09-23 17:03:34 --> Severity: Warning --> Invalid argument supplied for foreach() /home/admin/domains/spshd.com/public_html/khachhang/application/views/tab4.php 365
ERROR - 2019-09-23 17:03:34 --> Could not find the language line "Đóng"
ERROR - 2019-09-23 17:03:34 --> Could not find the language line "Xác Nhận"
ERROR - 2019-09-23 17:03:34 --> Severity: Warning --> Invalid argument supplied for foreach() /home/admin/domains/spshd.com/public_html/khachhang/application/views/app.php 157
ERROR - 2019-09-23 17:03:34 --> Severity: Warning --> Invalid argument supplied for foreach() /home/admin/domains/spshd.com/public_html/khachhang/application/views/app.php 168
ERROR - 2019-09-23 17:03:34 --> Could not find the language line "Đóng"
ERROR - 2019-09-23 17:03:34 --> Could not find the language line "Xác Nhận"
ERROR - 2019-09-23 17:03:34 --> Could not find the language line "Đóng"
ERROR - 2019-09-23 17:03:34 --> Could not find the language line "Xác Nhận"
ERROR - 2019-09-23 17:03:50 --> Could not find the language line "Email"
ERROR - 2019-09-23 17:03:50 --> Could not find the language line "password"
ERROR - 2019-09-23 17:04:01 --> Could not find the language line "Email"
ERROR - 2019-09-23 17:04:01 --> Could not find the language line "password"
ERROR - 2019-09-23 17:04:09 --> Could not find the language line "Email"
ERROR - 2019-09-23 17:04:09 --> Could not find the language line "password"
ERROR - 2019-09-23 17:04:09 --> Could not find the language line "Email"
ERROR - 2019-09-23 17:04:09 --> Could not find the language line "password"
ERROR - 2019-09-23 17:04:09 --> Could not find the language line "Email"
ERROR - 2019-09-23 17:04:09 --> Could not find the language line "password"
ERROR - 2019-09-23 17:04:31 --> Could not find the language line "Email"
ERROR - 2019-09-23 17:04:31 --> Could not find the language line "password"
ERROR - 2019-09-23 17:04:46 --> Could not find the language line "Tạo Điểm Lấy Hàng"
ERROR - 2019-09-23 17:04:46 --> Could not find the language line "Tạo Đơn Hàng"
ERROR - 2019-09-23 17:04:46 --> Severity: Warning --> Invalid argument supplied for foreach() /home/admin/domains/spshd.com/public_html/khachhang/application/views/tab4.php 365
ERROR - 2019-09-23 17:04:46 --> Could not find the language line "Đóng"
ERROR - 2019-09-23 17:04:46 --> Could not find the language line "Xác Nhận"
ERROR - 2019-09-23 17:04:46 --> Severity: Warning --> Invalid argument supplied for foreach() /home/admin/domains/spshd.com/public_html/khachhang/application/views/app.php 157
ERROR - 2019-09-23 17:04:46 --> Severity: Warning --> Invalid argument supplied for foreach() /home/admin/domains/spshd.com/public_html/khachhang/application/views/app.php 168
ERROR - 2019-09-23 17:04:46 --> Could not find the language line "Đóng"
ERROR - 2019-09-23 17:04:46 --> Could not find the language line "Xác Nhận"
ERROR - 2019-09-23 17:04:46 --> Could not find the language line "Đóng"
ERROR - 2019-09-23 17:04:46 --> Could not find the language line "Xác Nhận"
ERROR - 2019-09-23 17:04:59 --> Could not find the language line "Tạo Điểm Lấy Hàng"
ERROR - 2019-09-23 17:04:59 --> Could not find the language line "Tạo Đơn Hàng"
ERROR - 2019-09-23 17:04:59 --> Severity: Warning --> Invalid argument supplied for foreach() /home/admin/domains/spshd.com/public_html/khachhang/application/views/tab4.php 365
ERROR - 2019-09-23 17:04:59 --> Could not find the language line "Đóng"
ERROR - 2019-09-23 17:04:59 --> Could not find the language line "Xác Nhận"
ERROR - 2019-09-23 17:04:59 --> Severity: Warning --> Invalid argument supplied for foreach() /home/admin/domains/spshd.com/public_html/khachhang/application/views/app.php 157
ERROR - 2019-09-23 17:04:59 --> Severity: Warning --> Invalid argument supplied for foreach() /home/admin/domains/spshd.com/public_html/khachhang/application/views/app.php 168
ERROR - 2019-09-23 17:04:59 --> Could not find the language line "Đóng"
ERROR - 2019-09-23 17:04:59 --> Could not find the language line "Xác Nhận"
ERROR - 2019-09-23 17:04:59 --> Could not find the language line "Đóng"
ERROR - 2019-09-23 17:04:59 --> Could not find the language line "Xác Nhận"
ERROR - 2019-09-23 17:07:20 --> Could not find the language line "Tạo Điểm Lấy Hàng"
ERROR - 2019-09-23 17:07:20 --> Could not find the language line "Tạo Đơn Hàng"
ERROR - 2019-09-23 17:07:20 --> Severity: Warning --> Invalid argument supplied for foreach() /home/admin/domains/spshd.com/public_html/khachhang/application/views/tab4.php 365
ERROR - 2019-09-23 17:07:20 --> Could not find the language line "Đóng"
ERROR - 2019-09-23 17:07:20 --> Could not find the language line "Xác Nhận"
ERROR - 2019-09-23 17:07:20 --> Severity: Warning --> Invalid argument supplied for foreach() /home/admin/domains/spshd.com/public_html/khachhang/application/views/app.php 157
ERROR - 2019-09-23 17:07:20 --> Severity: Warning --> Invalid argument supplied for foreach() /home/admin/domains/spshd.com/public_html/khachhang/application/views/app.php 168
ERROR - 2019-09-23 17:07:20 --> Could not find the language line "Đóng"
ERROR - 2019-09-23 17:07:20 --> Could not find the language line "Xác Nhận"
ERROR - 2019-09-23 17:07:20 --> Could not find the language line "Đóng"
ERROR - 2019-09-23 17:07:20 --> Could not find the language line "Xác Nhận"
ERROR - 2019-09-23 17:10:51 --> Could not find the language line "Tạo Điểm Lấy Hàng"
ERROR - 2019-09-23 17:10:51 --> Could not find the language line "Tạo Đơn Hàng"
ERROR - 2019-09-23 17:10:51 --> Severity: Warning --> Invalid argument supplied for foreach() /home/admin/domains/spshd.com/public_html/khachhang/application/views/tab4.php 365
ERROR - 2019-09-23 17:10:51 --> Could not find the language line "Đóng"
ERROR - 2019-09-23 17:10:51 --> Could not find the language line "Xác Nhận"
ERROR - 2019-09-23 17:10:51 --> Severity: Warning --> Invalid argument supplied for foreach() /home/admin/domains/spshd.com/public_html/khachhang/application/views/app.php 157
ERROR - 2019-09-23 17:10:51 --> Severity: Warning --> Invalid argument supplied for foreach() /home/admin/domains/spshd.com/public_html/khachhang/application/views/app.php 168
ERROR - 2019-09-23 17:10:51 --> Could not find the language line "Đóng"
ERROR - 2019-09-23 17:10:51 --> Could not find the language line "Xác Nhận"
ERROR - 2019-09-23 17:10:51 --> Could not find the language line "Đóng"
ERROR - 2019-09-23 17:10:51 --> Could not find the language line "Xác Nhận"
ERROR - 2019-09-23 17:13:24 --> Could not find the language line "Tạo Điểm Lấy Hàng"
ERROR - 2019-09-23 17:13:24 --> Could not find the language line "Tạo Đơn Hàng"
ERROR - 2019-09-23 17:13:24 --> Severity: Warning --> Invalid argument supplied for foreach() /home/admin/domains/spshd.com/public_html/khachhang/application/views/tab4.php 365
ERROR - 2019-09-23 17:13:24 --> Could not find the language line "Đóng"
ERROR - 2019-09-23 17:13:24 --> Could not find the language line "Xác Nhận"
ERROR - 2019-09-23 17:13:24 --> Severity: Warning --> Invalid argument supplied for foreach() /home/admin/domains/spshd.com/public_html/khachhang/application/views/app.php 157
ERROR - 2019-09-23 17:13:24 --> Severity: Warning --> Invalid argument supplied for foreach() /home/admin/domains/spshd.com/public_html/khachhang/application/views/app.php 168
ERROR - 2019-09-23 17:13:24 --> Could not find the language line "Đóng"
ERROR - 2019-09-23 17:13:24 --> Could not find the language line "Xác Nhận"
ERROR - 2019-09-23 17:13:24 --> Could not find the language line "Đóng"
ERROR - 2019-09-23 17:13:24 --> Could not find the language line "Xác Nhận"
ERROR - 2019-09-23 17:14:17 --> Could not find the language line "Tạo Điểm Lấy Hàng"
ERROR - 2019-09-23 17:14:17 --> Could not find the language line "Tạo Đơn Hàng"
ERROR - 2019-09-23 17:14:17 --> Severity: Warning --> Invalid argument supplied for foreach() /home/admin/domains/spshd.com/public_html/khachhang/application/views/tab4.php 365
ERROR - 2019-09-23 17:14:17 --> Could not find the language line "Đóng"
ERROR - 2019-09-23 17:14:17 --> Could not find the language line "Xác Nhận"
ERROR - 2019-09-23 17:14:17 --> Severity: Warning --> Invalid argument supplied for foreach() /home/admin/domains/spshd.com/public_html/khachhang/application/views/app.php 157
ERROR - 2019-09-23 17:14:17 --> Severity: Warning --> Invalid argument supplied for foreach() /home/admin/domains/spshd.com/public_html/khachhang/application/views/app.php 168
ERROR - 2019-09-23 17:14:17 --> Could not find the language line "Đóng"
ERROR - 2019-09-23 17:14:17 --> Could not find the language line "Xác Nhận"
ERROR - 2019-09-23 17:14:17 --> Could not find the language line "Đóng"
ERROR - 2019-09-23 17:14:17 --> Could not find the language line "Xác Nhận"
ERROR - 2019-09-23 17:23:34 --> Could not find the language line "Tạo Điểm Lấy Hàng"
ERROR - 2019-09-23 17:23:34 --> Could not find the language line "Tạo Đơn Hàng"
ERROR - 2019-09-23 17:23:34 --> Severity: Warning --> Invalid argument supplied for foreach() /home/admin/domains/spshd.com/public_html/khachhang/application/views/tab4.php 365
ERROR - 2019-09-23 17:23:34 --> Could not find the language line "Đóng"
ERROR - 2019-09-23 17:23:34 --> Could not find the language line "Xác Nhận"
ERROR - 2019-09-23 17:23:34 --> Severity: Warning --> Invalid argument supplied for foreach() /home/admin/domains/spshd.com/public_html/khachhang/application/views/app.php 157
ERROR - 2019-09-23 17:23:34 --> Severity: Warning --> Invalid argument supplied for foreach() /home/admin/domains/spshd.com/public_html/khachhang/application/views/app.php 168
ERROR - 2019-09-23 17:23:34 --> Could not find the language line "Đóng"
ERROR - 2019-09-23 17:23:34 --> Could not find the language line "Xác Nhận"
ERROR - 2019-09-23 17:23:34 --> Could not find the language line "Đóng"
ERROR - 2019-09-23 17:23:34 --> Could not find the language line "Xác Nhận"
ERROR - 2019-09-23 17:23:48 --> Could not find the language line "Tạo Điểm Lấy Hàng"
ERROR - 2019-09-23 17:23:48 --> Could not find the language line "Tạo Đơn Hàng"
ERROR - 2019-09-23 17:23:48 --> Severity: Warning --> Invalid argument supplied for foreach() /home/admin/domains/spshd.com/public_html/khachhang/application/views/tab4.php 365
ERROR - 2019-09-23 17:23:48 --> Could not find the language line "Đóng"
ERROR - 2019-09-23 17:23:48 --> Could not find the language line "Xác Nhận"
ERROR - 2019-09-23 17:23:48 --> Severity: Warning --> Invalid argument supplied for foreach() /home/admin/domains/spshd.com/public_html/khachhang/application/views/app.php 157
ERROR - 2019-09-23 17:23:48 --> Severity: Warning --> Invalid argument supplied for foreach() /home/admin/domains/spshd.com/public_html/khachhang/application/views/app.php 168
ERROR - 2019-09-23 17:23:48 --> Could not find the language line "Đóng"
ERROR - 2019-09-23 17:23:48 --> Could not find the language line "Xác Nhận"
ERROR - 2019-09-23 17:23:48 --> Could not find the language line "Đóng"
ERROR - 2019-09-23 17:23:48 --> Could not find the language line "Xác Nhận"
