ERROR - 2019-11-19 04:25:26 --> Could not find the language line "Email"
ERROR - 2019-11-19 04:25:26 --> Could not find the language line "password"
ERROR - 2019-11-19 04:27:04 --> Could not find the language line "Email"
ERROR - 2019-11-19 04:27:04 --> Could not find the language line "password"
ERROR - 2019-11-19 04:33:45 --> Could not find the language line "Tạo Điểm Lấy Hàng"
ERROR - 2019-11-19 04:33:45 --> Could not find the language line "Tạo Đơn Hàng"
ERROR - 2019-11-19 04:33:45 --> Severity: Warning --> Invalid argument supplied for foreach() /home/admin/domains/spshd.com/public_html/khachhang/application/views/tab4.php 394
ERROR - 2019-11-19 04:33:45 --> Could not find the language line "Đóng"
ERROR - 2019-11-19 04:33:45 --> Could not find the language line "Xác Nhận"
ERROR - 2019-11-19 04:33:45 --> Severity: Warning --> Invalid argument supplied for foreach() /home/admin/domains/spshd.com/public_html/khachhang/application/views/app.php 157
ERROR - 2019-11-19 04:33:45 --> Severity: Warning --> Invalid argument supplied for foreach() /home/admin/domains/spshd.com/public_html/khachhang/application/views/app.php 168
ERROR - 2019-11-19 04:33:45 --> Could not find the language line "Đóng"
ERROR - 2019-11-19 04:33:45 --> Could not find the language line "Xác Nhận"
ERROR - 2019-11-19 04:33:45 --> Could not find the language line "Đóng"
ERROR - 2019-11-19 04:33:45 --> Could not find the language line "Xác Nhận"
ERROR - 2019-11-19 06:25:42 --> Could not find the language line "Email"
ERROR - 2019-11-19 06:25:42 --> Could not find the language line "password"
ERROR - 2019-11-19 06:25:58 --> Could not find the language line "Tạo Điểm Lấy Hàng"
ERROR - 2019-11-19 06:25:58 --> Could not find the language line "Tạo Đơn Hàng"
ERROR - 2019-11-19 06:25:58 --> Severity: Warning --> Invalid argument supplied for foreach() /home/admin/domains/spshd.com/public_html/khachhang/application/views/tab4.php 394
ERROR - 2019-11-19 06:25:58 --> Could not find the language line "Đóng"
ERROR - 2019-11-19 06:25:58 --> Could not find the language line "Xác Nhận"
ERROR - 2019-11-19 06:25:58 --> Severity: Warning --> Invalid argument supplied for foreach() /home/admin/domains/spshd.com/public_html/khachhang/application/views/app.php 157
ERROR - 2019-11-19 06:25:58 --> Severity: Warning --> Invalid argument supplied for foreach() /home/admin/domains/spshd.com/public_html/khachhang/application/views/app.php 168
ERROR - 2019-11-19 06:25:58 --> Could not find the language line "Đóng"
ERROR - 2019-11-19 06:25:58 --> Could not find the language line "Xác Nhận"
ERROR - 2019-11-19 06:25:58 --> Could not find the language line "Đóng"
ERROR - 2019-11-19 06:25:58 --> Could not find the language line "Xác Nhận"
ERROR - 2019-11-19 06:33:41 --> Could not find the language line "Tạo Điểm Lấy Hàng"
ERROR - 2019-11-19 06:33:41 --> Could not find the language line "Tạo Đơn Hàng"
ERROR - 2019-11-19 06:33:41 --> Severity: Warning --> Invalid argument supplied for foreach() /home/admin/domains/spshd.com/public_html/khachhang/application/views/tab4.php 394
ERROR - 2019-11-19 06:33:41 --> Could not find the language line "Đóng"
ERROR - 2019-11-19 06:33:41 --> Could not find the language line "Xác Nhận"
ERROR - 2019-11-19 06:33:41 --> Severity: Warning --> Invalid argument supplied for foreach() /home/admin/domains/spshd.com/public_html/khachhang/application/views/app.php 157
ERROR - 2019-11-19 06:33:41 --> Severity: Warning --> Invalid argument supplied for foreach() /home/admin/domains/spshd.com/public_html/khachhang/application/views/app.php 168
ERROR - 2019-11-19 06:33:41 --> Could not find the language line "Đóng"
ERROR - 2019-11-19 06:33:41 --> Could not find the language line "Xác Nhận"
ERROR - 2019-11-19 06:33:41 --> Could not find the language line "Đóng"
ERROR - 2019-11-19 06:33:41 --> Could not find the language line "Xác Nhận"
ERROR - 2019-11-19 07:36:22 --> Could not find the language line "Email"
ERROR - 2019-11-19 07:36:22 --> Could not find the language line "password"
ERROR - 2019-11-19 07:36:53 --> Could not find the language line "Tạo Điểm Lấy Hàng"
ERROR - 2019-11-19 07:36:53 --> Could not find the language line "Tạo Đơn Hàng"
ERROR - 2019-11-19 07:36:53 --> Severity: Warning --> Invalid argument supplied for foreach() /home/admin/domains/spshd.com/public_html/khachhang/application/views/tab4.php 394
ERROR - 2019-11-19 07:36:53 --> Could not find the language line "Đóng"
ERROR - 2019-11-19 07:36:53 --> Could not find the language line "Xác Nhận"
ERROR - 2019-11-19 07:36:53 --> Severity: Warning --> Invalid argument supplied for foreach() /home/admin/domains/spshd.com/public_html/khachhang/application/views/app.php 157
ERROR - 2019-11-19 07:36:53 --> Severity: Warning --> Invalid argument supplied for foreach() /home/admin/domains/spshd.com/public_html/khachhang/application/views/app.php 168
ERROR - 2019-11-19 07:36:53 --> Could not find the language line "Đóng"
ERROR - 2019-11-19 07:36:53 --> Could not find the language line "Xác Nhận"
ERROR - 2019-11-19 07:36:53 --> Could not find the language line "Đóng"
ERROR - 2019-11-19 07:36:53 --> Could not find the language line "Xác Nhận"
ERROR - 2019-11-19 07:48:47 --> Could not find the language line "Email"
ERROR - 2019-11-19 07:48:47 --> Could not find the language line "password"
ERROR - 2019-11-19 08:01:42 --> Could not find the language line "Tạo Điểm Lấy Hàng"
ERROR - 2019-11-19 08:01:42 --> Could not find the language line "Tạo Đơn Hàng"
ERROR - 2019-11-19 08:01:42 --> Severity: Warning --> Invalid argument supplied for foreach() /home/admin/domains/spshd.com/public_html/khachhang/application/views/tab4.php 394
ERROR - 2019-11-19 08:01:42 --> Could not find the language line "Đóng"
ERROR - 2019-11-19 08:01:42 --> Could not find the language line "Xác Nhận"
ERROR - 2019-11-19 08:01:42 --> Severity: Warning --> Invalid argument supplied for foreach() /home/admin/domains/spshd.com/public_html/khachhang/application/views/app.php 157
ERROR - 2019-11-19 08:01:42 --> Severity: Warning --> Invalid argument supplied for foreach() /home/admin/domains/spshd.com/public_html/khachhang/application/views/app.php 168
ERROR - 2019-11-19 08:01:42 --> Could not find the language line "Đóng"
ERROR - 2019-11-19 08:01:42 --> Could not find the language line "Xác Nhận"
ERROR - 2019-11-19 08:01:42 --> Could not find the language line "Đóng"
ERROR - 2019-11-19 08:01:42 --> Could not find the language line "Xác Nhận"
ERROR - 2019-11-19 08:15:06 --> Could not find the language line "Tạo Điểm Lấy Hàng"
ERROR - 2019-11-19 08:15:06 --> Could not find the language line "Tạo Đơn Hàng"
ERROR - 2019-11-19 08:15:06 --> Severity: Warning --> Invalid argument supplied for foreach() /home/admin/domains/spshd.com/public_html/khachhang/application/views/tab4.php 394
ERROR - 2019-11-19 08:15:06 --> Could not find the language line "Đóng"
ERROR - 2019-11-19 08:15:06 --> Could not find the language line "Xác Nhận"
ERROR - 2019-11-19 08:15:06 --> Severity: Warning --> Invalid argument supplied for foreach() /home/admin/domains/spshd.com/public_html/khachhang/application/views/app.php 157
ERROR - 2019-11-19 08:15:06 --> Severity: Warning --> Invalid argument supplied for foreach() /home/admin/domains/spshd.com/public_html/khachhang/application/views/app.php 168
ERROR - 2019-11-19 08:15:06 --> Could not find the language line "Đóng"
ERROR - 2019-11-19 08:15:06 --> Could not find the language line "Xác Nhận"
ERROR - 2019-11-19 08:15:06 --> Could not find the language line "Đóng"
ERROR - 2019-11-19 08:15:06 --> Could not find the language line "Xác Nhận"
ERROR - 2019-11-19 08:16:53 --> Could not find the language line "Tạo Điểm Lấy Hàng"
ERROR - 2019-11-19 08:16:53 --> Could not find the language line "Tạo Đơn Hàng"
ERROR - 2019-11-19 08:16:53 --> Severity: Warning --> Invalid argument supplied for foreach() /home/admin/domains/spshd.com/public_html/khachhang/application/views/tab4.php 394
ERROR - 2019-11-19 08:16:53 --> Could not find the language line "Đóng"
ERROR - 2019-11-19 08:16:53 --> Could not find the language line "Xác Nhận"
ERROR - 2019-11-19 08:16:53 --> Severity: Warning --> Invalid argument supplied for foreach() /home/admin/domains/spshd.com/public_html/khachhang/application/views/app.php 157
ERROR - 2019-11-19 08:16:53 --> Severity: Warning --> Invalid argument supplied for foreach() /home/admin/domains/spshd.com/public_html/khachhang/application/views/app.php 168
ERROR - 2019-11-19 08:16:53 --> Could not find the language line "Đóng"
ERROR - 2019-11-19 08:16:53 --> Could not find the language line "Xác Nhận"
ERROR - 2019-11-19 08:16:53 --> Could not find the language line "Đóng"
ERROR - 2019-11-19 08:16:53 --> Could not find the language line "Xác Nhận"
ERROR - 2019-11-19 09:42:45 --> Could not find the language line "Tạo Điểm Lấy Hàng"
ERROR - 2019-11-19 09:42:45 --> Could not find the language line "Tạo Đơn Hàng"
ERROR - 2019-11-19 09:42:45 --> Severity: Warning --> Invalid argument supplied for foreach() /home/admin/domains/spshd.com/public_html/khachhang/application/views/tab4.php 394
ERROR - 2019-11-19 09:42:45 --> Could not find the language line "Đóng"
ERROR - 2019-11-19 09:42:45 --> Could not find the language line "Xác Nhận"
ERROR - 2019-11-19 09:42:45 --> Severity: Warning --> Invalid argument supplied for foreach() /home/admin/domains/spshd.com/public_html/khachhang/application/views/app.php 157
ERROR - 2019-11-19 09:42:45 --> Severity: Warning --> Invalid argument supplied for foreach() /home/admin/domains/spshd.com/public_html/khachhang/application/views/app.php 168
ERROR - 2019-11-19 09:42:45 --> Could not find the language line "Đóng"
ERROR - 2019-11-19 09:42:45 --> Could not find the language line "Xác Nhận"
ERROR - 2019-11-19 09:42:45 --> Could not find the language line "Đóng"
ERROR - 2019-11-19 09:42:45 --> Could not find the language line "Xác Nhận"
ERROR - 2019-11-19 11:09:06 --> Could not find the language line "Tạo Điểm Lấy Hàng"
ERROR - 2019-11-19 11:09:06 --> Could not find the language line "Tạo Đơn Hàng"
ERROR - 2019-11-19 11:09:06 --> Severity: Warning --> Invalid argument supplied for foreach() /home/admin/domains/spshd.com/public_html/khachhang/application/views/tab4.php 394
ERROR - 2019-11-19 11:09:06 --> Could not find the language line "Đóng"
ERROR - 2019-11-19 11:09:06 --> Could not find the language line "Xác Nhận"
ERROR - 2019-11-19 11:09:06 --> Severity: Warning --> Invalid argument supplied for foreach() /home/admin/domains/spshd.com/public_html/khachhang/application/views/app.php 157
ERROR - 2019-11-19 11:09:06 --> Severity: Warning --> Invalid argument supplied for foreach() /home/admin/domains/spshd.com/public_html/khachhang/application/views/app.php 168
ERROR - 2019-11-19 11:09:06 --> Could not find the language line "Đóng"
ERROR - 2019-11-19 11:09:06 --> Could not find the language line "Xác Nhận"
ERROR - 2019-11-19 11:09:06 --> Could not find the language line "Đóng"
ERROR - 2019-11-19 11:09:06 --> Could not find the language line "Xác Nhận"
ERROR - 2019-11-19 15:40:10 --> Could not find the language line "Email"
ERROR - 2019-11-19 15:40:10 --> Could not find the language line "password"
ERROR - 2019-11-19 16:00:41 --> Could not find the language line "Tạo Điểm Lấy Hàng"
ERROR - 2019-11-19 16:00:41 --> Could not find the language line "Tạo Đơn Hàng"
ERROR - 2019-11-19 16:00:41 --> Severity: Warning --> Invalid argument supplied for foreach() /home/admin/domains/spshd.com/public_html/khachhang/application/views/tab4.php 394
ERROR - 2019-11-19 16:00:41 --> Could not find the language line "Đóng"
ERROR - 2019-11-19 16:00:41 --> Could not find the language line "Xác Nhận"
ERROR - 2019-11-19 16:00:41 --> Severity: Warning --> Invalid argument supplied for foreach() /home/admin/domains/spshd.com/public_html/khachhang/application/views/app.php 157
ERROR - 2019-11-19 16:00:41 --> Severity: Warning --> Invalid argument supplied for foreach() /home/admin/domains/spshd.com/public_html/khachhang/application/views/app.php 168
ERROR - 2019-11-19 16:00:41 --> Could not find the language line "Đóng"
ERROR - 2019-11-19 16:00:41 --> Could not find the language line "Xác Nhận"
ERROR - 2019-11-19 16:00:41 --> Could not find the language line "Đóng"
ERROR - 2019-11-19 16:00:41 --> Could not find the language line "Xác Nhận"
ERROR - 2019-11-19 17:20:47 --> Could not find the language line "Tạo Điểm Lấy Hàng"
ERROR - 2019-11-19 17:20:47 --> Could not find the language line "Tạo Đơn Hàng"
ERROR - 2019-11-19 17:20:47 --> Severity: Warning --> Invalid argument supplied for foreach() /home/admin/domains/spshd.com/public_html/khachhang/application/views/tab4.php 394
ERROR - 2019-11-19 17:20:47 --> Could not find the language line "Đóng"
ERROR - 2019-11-19 17:20:47 --> Could not find the language line "Xác Nhận"
ERROR - 2019-11-19 17:20:47 --> Severity: Warning --> Invalid argument supplied for foreach() /home/admin/domains/spshd.com/public_html/khachhang/application/views/app.php 157
ERROR - 2019-11-19 17:20:47 --> Severity: Warning --> Invalid argument supplied for foreach() /home/admin/domains/spshd.com/public_html/khachhang/application/views/app.php 168
ERROR - 2019-11-19 17:20:47 --> Could not find the language line "Đóng"
ERROR - 2019-11-19 17:20:47 --> Could not find the language line "Xác Nhận"
ERROR - 2019-11-19 17:20:47 --> Could not find the language line "Đóng"
ERROR - 2019-11-19 17:20:47 --> Could not find the language line "Xác Nhận"
