ERROR - 2020-07-11 00:37:20 --> Could not find the language line "Tạo Điểm Lấy Hàng"
ERROR - 2020-07-11 00:37:20 --> Could not find the language line "Tạo Đơn Hàng"
ERROR - 2020-07-11 00:37:20 --> Could not find the language line "Tải Excel"
ERROR - 2020-07-11 00:37:20 --> Could not find the language line "Đóng"
ERROR - 2020-07-11 00:37:20 --> Could not find the language line "Xác Nhận"
ERROR - 2020-07-11 00:37:20 --> Severity: Warning --> Invalid argument supplied for foreach() /home/admin/domains/spshd.com/public_html/khachhang/application/views/app.php 162
ERROR - 2020-07-11 00:37:20 --> Severity: Warning --> Invalid argument supplied for foreach() /home/admin/domains/spshd.com/public_html/khachhang/application/views/app.php 173
ERROR - 2020-07-11 00:37:20 --> Could not find the language line "Đóng"
ERROR - 2020-07-11 00:37:20 --> Could not find the language line "Xác Nhận"
ERROR - 2020-07-11 00:37:20 --> Could not find the language line "Đóng"
ERROR - 2020-07-11 00:37:20 --> Could not find the language line "Xác Nhận"
ERROR - 2020-07-11 00:37:20 --> Could not find the language line "Đóng"
ERROR - 2020-07-11 00:37:20 --> Could not find the language line "Tải"
ERROR - 2020-07-11 03:14:27 --> Could not find the language line "Tạo Điểm Lấy Hàng"
ERROR - 2020-07-11 03:14:27 --> Could not find the language line "Tạo Đơn Hàng"
ERROR - 2020-07-11 03:14:27 --> Could not find the language line "Tải Excel"
ERROR - 2020-07-11 03:14:27 --> Could not find the language line "Đóng"
ERROR - 2020-07-11 03:14:27 --> Could not find the language line "Xác Nhận"
ERROR - 2020-07-11 03:14:27 --> Severity: Warning --> Invalid argument supplied for foreach() /home/admin/domains/spshd.com/public_html/khachhang/application/views/app.php 162
ERROR - 2020-07-11 03:14:27 --> Severity: Warning --> Invalid argument supplied for foreach() /home/admin/domains/spshd.com/public_html/khachhang/application/views/app.php 173
ERROR - 2020-07-11 03:14:27 --> Could not find the language line "Đóng"
ERROR - 2020-07-11 03:14:27 --> Could not find the language line "Xác Nhận"
ERROR - 2020-07-11 03:14:27 --> Could not find the language line "Đóng"
ERROR - 2020-07-11 03:14:27 --> Could not find the language line "Xác Nhận"
ERROR - 2020-07-11 03:14:27 --> Could not find the language line "Đóng"
ERROR - 2020-07-11 03:14:27 --> Could not find the language line "Tải"
ERROR - 2020-07-11 07:23:58 --> Could not find the language line "Tạo Điểm Lấy Hàng"
ERROR - 2020-07-11 07:23:58 --> Could not find the language line "Tạo Đơn Hàng"
ERROR - 2020-07-11 07:23:58 --> Could not find the language line "Tải Excel"
ERROR - 2020-07-11 07:23:58 --> Could not find the language line "Đóng"
ERROR - 2020-07-11 07:23:58 --> Could not find the language line "Xác Nhận"
ERROR - 2020-07-11 07:23:58 --> Severity: Warning --> Invalid argument supplied for foreach() /home/admin/domains/spshd.com/public_html/khachhang/application/views/app.php 162
ERROR - 2020-07-11 07:23:58 --> Severity: Warning --> Invalid argument supplied for foreach() /home/admin/domains/spshd.com/public_html/khachhang/application/views/app.php 173
ERROR - 2020-07-11 07:23:58 --> Could not find the language line "Đóng"
ERROR - 2020-07-11 07:23:58 --> Could not find the language line "Xác Nhận"
ERROR - 2020-07-11 07:23:58 --> Could not find the language line "Đóng"
ERROR - 2020-07-11 07:23:58 --> Could not find the language line "Xác Nhận"
ERROR - 2020-07-11 07:23:58 --> Could not find the language line "Đóng"
ERROR - 2020-07-11 07:23:58 --> Could not find the language line "Tải"
ERROR - 2020-07-11 07:43:48 --> Could not find the language line "Tạo Điểm Lấy Hàng"
ERROR - 2020-07-11 07:43:48 --> Could not find the language line "Tạo Đơn Hàng"
ERROR - 2020-07-11 07:43:48 --> Could not find the language line "Tải Excel"
ERROR - 2020-07-11 07:43:48 --> Could not find the language line "Đóng"
ERROR - 2020-07-11 07:43:48 --> Could not find the language line "Xác Nhận"
ERROR - 2020-07-11 07:43:48 --> Severity: Warning --> Invalid argument supplied for foreach() /home/admin/domains/spshd.com/public_html/khachhang/application/views/app.php 162
ERROR - 2020-07-11 07:43:48 --> Severity: Warning --> Invalid argument supplied for foreach() /home/admin/domains/spshd.com/public_html/khachhang/application/views/app.php 173
ERROR - 2020-07-11 07:43:48 --> Could not find the language line "Đóng"
ERROR - 2020-07-11 07:43:48 --> Could not find the language line "Xác Nhận"
ERROR - 2020-07-11 07:43:48 --> Could not find the language line "Đóng"
ERROR - 2020-07-11 07:43:48 --> Could not find the language line "Xác Nhận"
ERROR - 2020-07-11 07:43:48 --> Could not find the language line "Đóng"
ERROR - 2020-07-11 07:43:48 --> Could not find the language line "Tải"
ERROR - 2020-07-11 08:28:47 --> Could not find the language line "Tạo Điểm Lấy Hàng"
ERROR - 2020-07-11 08:28:47 --> Could not find the language line "Tạo Đơn Hàng"
ERROR - 2020-07-11 08:28:47 --> Could not find the language line "Tải Excel"
ERROR - 2020-07-11 08:28:47 --> Could not find the language line "Đóng"
ERROR - 2020-07-11 08:28:47 --> Could not find the language line "Xác Nhận"
ERROR - 2020-07-11 08:28:47 --> Severity: Warning --> Invalid argument supplied for foreach() /home/admin/domains/spshd.com/public_html/khachhang/application/views/app.php 162
ERROR - 2020-07-11 08:28:47 --> Severity: Warning --> Invalid argument supplied for foreach() /home/admin/domains/spshd.com/public_html/khachhang/application/views/app.php 173
ERROR - 2020-07-11 08:28:47 --> Could not find the language line "Đóng"
ERROR - 2020-07-11 08:28:47 --> Could not find the language line "Xác Nhận"
ERROR - 2020-07-11 08:28:47 --> Could not find the language line "Đóng"
ERROR - 2020-07-11 08:28:47 --> Could not find the language line "Xác Nhận"
ERROR - 2020-07-11 08:28:47 --> Could not find the language line "Đóng"
ERROR - 2020-07-11 08:28:47 --> Could not find the language line "Tải"
ERROR - 2020-07-11 08:46:37 --> Could not find the language line "Tạo Điểm Lấy Hàng"
ERROR - 2020-07-11 08:46:37 --> Could not find the language line "Tạo Đơn Hàng"
ERROR - 2020-07-11 08:46:37 --> Could not find the language line "Tải Excel"
ERROR - 2020-07-11 08:46:37 --> Could not find the language line "Đóng"
ERROR - 2020-07-11 08:46:37 --> Could not find the language line "Xác Nhận"
ERROR - 2020-07-11 08:46:37 --> Severity: Warning --> Invalid argument supplied for foreach() /home/admin/domains/spshd.com/public_html/khachhang/application/views/app.php 162
ERROR - 2020-07-11 08:46:37 --> Severity: Warning --> Invalid argument supplied for foreach() /home/admin/domains/spshd.com/public_html/khachhang/application/views/app.php 173
ERROR - 2020-07-11 08:46:37 --> Could not find the language line "Đóng"
ERROR - 2020-07-11 08:46:37 --> Could not find the language line "Xác Nhận"
ERROR - 2020-07-11 08:46:37 --> Could not find the language line "Đóng"
ERROR - 2020-07-11 08:46:37 --> Could not find the language line "Xác Nhận"
ERROR - 2020-07-11 08:46:37 --> Could not find the language line "Đóng"
ERROR - 2020-07-11 08:46:37 --> Could not find the language line "Tải"
ERROR - 2020-07-11 03:04:50 --> Could not find the language line "Email"
ERROR - 2020-07-11 03:04:50 --> Could not find the language line "password"
ERROR - 2020-07-11 09:15:09 --> Could not find the language line "Tạo Điểm Lấy Hàng"
ERROR - 2020-07-11 09:15:09 --> Could not find the language line "Tạo Đơn Hàng"
ERROR - 2020-07-11 09:15:09 --> Could not find the language line "Tải Excel"
ERROR - 2020-07-11 09:15:09 --> Could not find the language line "Đóng"
ERROR - 2020-07-11 09:15:09 --> Could not find the language line "Xác Nhận"
ERROR - 2020-07-11 09:15:09 --> Severity: Warning --> Invalid argument supplied for foreach() /home/admin/domains/spshd.com/public_html/khachhang/application/views/app.php 162
ERROR - 2020-07-11 09:15:09 --> Severity: Warning --> Invalid argument supplied for foreach() /home/admin/domains/spshd.com/public_html/khachhang/application/views/app.php 173
ERROR - 2020-07-11 09:15:09 --> Could not find the language line "Đóng"
ERROR - 2020-07-11 09:15:09 --> Could not find the language line "Xác Nhận"
ERROR - 2020-07-11 09:15:09 --> Could not find the language line "Đóng"
ERROR - 2020-07-11 09:15:09 --> Could not find the language line "Xác Nhận"
ERROR - 2020-07-11 09:15:09 --> Could not find the language line "Đóng"
ERROR - 2020-07-11 09:15:09 --> Could not find the language line "Tải"
ERROR - 2020-07-11 09:27:42 --> Could not find the language line "Tạo Điểm Lấy Hàng"
ERROR - 2020-07-11 09:27:42 --> Could not find the language line "Tạo Đơn Hàng"
ERROR - 2020-07-11 09:27:42 --> Could not find the language line "Tải Excel"
ERROR - 2020-07-11 09:27:42 --> Could not find the language line "Đóng"
ERROR - 2020-07-11 09:27:42 --> Could not find the language line "Xác Nhận"
ERROR - 2020-07-11 09:27:42 --> Severity: Warning --> Invalid argument supplied for foreach() /home/admin/domains/spshd.com/public_html/khachhang/application/views/app.php 162
ERROR - 2020-07-11 09:27:42 --> Severity: Warning --> Invalid argument supplied for foreach() /home/admin/domains/spshd.com/public_html/khachhang/application/views/app.php 173
ERROR - 2020-07-11 09:27:42 --> Could not find the language line "Đóng"
ERROR - 2020-07-11 09:27:42 --> Could not find the language line "Xác Nhận"
ERROR - 2020-07-11 09:27:42 --> Could not find the language line "Đóng"
ERROR - 2020-07-11 09:27:42 --> Could not find the language line "Xác Nhận"
ERROR - 2020-07-11 09:27:42 --> Could not find the language line "Đóng"
ERROR - 2020-07-11 09:27:42 --> Could not find the language line "Tải"
ERROR - 2020-07-11 10:48:16 --> Could not find the language line "Tạo Điểm Lấy Hàng"
ERROR - 2020-07-11 10:48:16 --> Could not find the language line "Tạo Đơn Hàng"
ERROR - 2020-07-11 10:48:16 --> Could not find the language line "Tải Excel"
ERROR - 2020-07-11 10:48:16 --> Could not find the language line "Đóng"
ERROR - 2020-07-11 10:48:16 --> Could not find the language line "Xác Nhận"
ERROR - 2020-07-11 10:48:16 --> Severity: Warning --> Invalid argument supplied for foreach() /home/admin/domains/spshd.com/public_html/khachhang/application/views/app.php 162
ERROR - 2020-07-11 10:48:16 --> Severity: Warning --> Invalid argument supplied for foreach() /home/admin/domains/spshd.com/public_html/khachhang/application/views/app.php 173
ERROR - 2020-07-11 10:48:16 --> Could not find the language line "Đóng"
ERROR - 2020-07-11 10:48:16 --> Could not find the language line "Xác Nhận"
ERROR - 2020-07-11 10:48:16 --> Could not find the language line "Đóng"
ERROR - 2020-07-11 10:48:16 --> Could not find the language line "Xác Nhận"
ERROR - 2020-07-11 10:48:16 --> Could not find the language line "Đóng"
ERROR - 2020-07-11 10:48:16 --> Could not find the language line "Tải"
ERROR - 2020-07-11 11:04:00 --> Could not find the language line "Tạo Điểm Lấy Hàng"
ERROR - 2020-07-11 11:04:00 --> Could not find the language line "Tạo Đơn Hàng"
ERROR - 2020-07-11 11:04:00 --> Could not find the language line "Tải Excel"
ERROR - 2020-07-11 11:04:00 --> Could not find the language line "Đóng"
ERROR - 2020-07-11 11:04:00 --> Could not find the language line "Xác Nhận"
ERROR - 2020-07-11 11:04:00 --> Severity: Warning --> Invalid argument supplied for foreach() /home/admin/domains/spshd.com/public_html/khachhang/application/views/app.php 162
ERROR - 2020-07-11 11:04:00 --> Severity: Warning --> Invalid argument supplied for foreach() /home/admin/domains/spshd.com/public_html/khachhang/application/views/app.php 173
ERROR - 2020-07-11 11:04:00 --> Could not find the language line "Đóng"
ERROR - 2020-07-11 11:04:00 --> Could not find the language line "Xác Nhận"
ERROR - 2020-07-11 11:04:00 --> Could not find the language line "Đóng"
ERROR - 2020-07-11 11:04:00 --> Could not find the language line "Xác Nhận"
ERROR - 2020-07-11 11:04:00 --> Could not find the language line "Đóng"
ERROR - 2020-07-11 11:04:00 --> Could not find the language line "Tải"
ERROR - 2020-07-11 12:12:03 --> Could not find the language line "Tạo Điểm Lấy Hàng"
ERROR - 2020-07-11 12:12:03 --> Could not find the language line "Tạo Đơn Hàng"
ERROR - 2020-07-11 12:12:03 --> Could not find the language line "Tải Excel"
ERROR - 2020-07-11 12:12:03 --> Could not find the language line "Đóng"
ERROR - 2020-07-11 12:12:03 --> Could not find the language line "Xác Nhận"
ERROR - 2020-07-11 12:12:03 --> Severity: Warning --> Invalid argument supplied for foreach() /home/admin/domains/spshd.com/public_html/khachhang/application/views/app.php 162
ERROR - 2020-07-11 12:12:03 --> Severity: Warning --> Invalid argument supplied for foreach() /home/admin/domains/spshd.com/public_html/khachhang/application/views/app.php 173
ERROR - 2020-07-11 12:12:03 --> Could not find the language line "Đóng"
ERROR - 2020-07-11 12:12:03 --> Could not find the language line "Xác Nhận"
ERROR - 2020-07-11 12:12:03 --> Could not find the language line "Đóng"
ERROR - 2020-07-11 12:12:03 --> Could not find the language line "Xác Nhận"
ERROR - 2020-07-11 12:12:03 --> Could not find the language line "Đóng"
ERROR - 2020-07-11 12:12:03 --> Could not find the language line "Tải"
ERROR - 2020-07-11 12:26:07 --> Could not find the language line "Tạo Điểm Lấy Hàng"
ERROR - 2020-07-11 12:26:07 --> Could not find the language line "Tạo Đơn Hàng"
ERROR - 2020-07-11 12:26:07 --> Could not find the language line "Tải Excel"
ERROR - 2020-07-11 12:26:07 --> Could not find the language line "Đóng"
ERROR - 2020-07-11 12:26:07 --> Could not find the language line "Xác Nhận"
ERROR - 2020-07-11 12:26:07 --> Severity: Warning --> Invalid argument supplied for foreach() /home/admin/domains/spshd.com/public_html/khachhang/application/views/app.php 162
ERROR - 2020-07-11 12:26:07 --> Severity: Warning --> Invalid argument supplied for foreach() /home/admin/domains/spshd.com/public_html/khachhang/application/views/app.php 173
ERROR - 2020-07-11 12:26:07 --> Could not find the language line "Đóng"
ERROR - 2020-07-11 12:26:07 --> Could not find the language line "Xác Nhận"
ERROR - 2020-07-11 12:26:07 --> Could not find the language line "Đóng"
ERROR - 2020-07-11 12:26:07 --> Could not find the language line "Xác Nhận"
ERROR - 2020-07-11 12:26:07 --> Could not find the language line "Đóng"
ERROR - 2020-07-11 12:26:07 --> Could not find the language line "Tải"
ERROR - 2020-07-11 12:57:37 --> Could not find the language line "Tạo Điểm Lấy Hàng"
ERROR - 2020-07-11 12:57:37 --> Could not find the language line "Tạo Đơn Hàng"
ERROR - 2020-07-11 12:57:37 --> Could not find the language line "Tải Excel"
ERROR - 2020-07-11 12:57:37 --> Could not find the language line "Đóng"
ERROR - 2020-07-11 12:57:37 --> Could not find the language line "Xác Nhận"
ERROR - 2020-07-11 12:57:37 --> Severity: Warning --> Invalid argument supplied for foreach() /home/admin/domains/spshd.com/public_html/khachhang/application/views/app.php 162
ERROR - 2020-07-11 12:57:37 --> Severity: Warning --> Invalid argument supplied for foreach() /home/admin/domains/spshd.com/public_html/khachhang/application/views/app.php 173
ERROR - 2020-07-11 12:57:37 --> Could not find the language line "Đóng"
ERROR - 2020-07-11 12:57:37 --> Could not find the language line "Xác Nhận"
ERROR - 2020-07-11 12:57:37 --> Could not find the language line "Đóng"
ERROR - 2020-07-11 12:57:37 --> Could not find the language line "Xác Nhận"
ERROR - 2020-07-11 12:57:37 --> Could not find the language line "Đóng"
ERROR - 2020-07-11 12:57:37 --> Could not find the language line "Tải"
ERROR - 2020-07-11 13:04:49 --> Could not find the language line "Tạo Điểm Lấy Hàng"
ERROR - 2020-07-11 13:04:49 --> Could not find the language line "Tạo Đơn Hàng"
ERROR - 2020-07-11 13:04:49 --> Could not find the language line "Tải Excel"
ERROR - 2020-07-11 13:04:49 --> Could not find the language line "Đóng"
ERROR - 2020-07-11 13:04:49 --> Could not find the language line "Xác Nhận"
ERROR - 2020-07-11 13:04:49 --> Severity: Warning --> Invalid argument supplied for foreach() /home/admin/domains/spshd.com/public_html/khachhang/application/views/app.php 162
ERROR - 2020-07-11 13:04:49 --> Severity: Warning --> Invalid argument supplied for foreach() /home/admin/domains/spshd.com/public_html/khachhang/application/views/app.php 173
ERROR - 2020-07-11 13:04:49 --> Could not find the language line "Đóng"
ERROR - 2020-07-11 13:04:49 --> Could not find the language line "Xác Nhận"
ERROR - 2020-07-11 13:04:49 --> Could not find the language line "Đóng"
ERROR - 2020-07-11 13:04:49 --> Could not find the language line "Xác Nhận"
ERROR - 2020-07-11 13:04:49 --> Could not find the language line "Đóng"
ERROR - 2020-07-11 13:04:49 --> Could not find the language line "Tải"
ERROR - 2020-07-11 07:14:24 --> Could not find the language line "Email"
ERROR - 2020-07-11 07:14:24 --> Could not find the language line "password"
ERROR - 2020-07-11 07:14:33 --> Could not find the language line "Email"
ERROR - 2020-07-11 07:14:33 --> Could not find the language line "password"
ERROR - 2020-07-11 07:14:37 --> Could not find the language line "Email"
ERROR - 2020-07-11 07:14:37 --> Could not find the language line "password"
ERROR - 2020-07-11 07:14:40 --> Could not find the language line "Email"
ERROR - 2020-07-11 07:14:40 --> Could not find the language line "password"
ERROR - 2020-07-11 07:14:44 --> Could not find the language line "Email"
ERROR - 2020-07-11 07:14:44 --> Could not find the language line "password"
ERROR - 2020-07-11 13:16:07 --> Could not find the language line "Tạo Điểm Lấy Hàng"
ERROR - 2020-07-11 13:16:07 --> Could not find the language line "Tạo Đơn Hàng"
ERROR - 2020-07-11 13:16:07 --> Could not find the language line "Tải Excel"
ERROR - 2020-07-11 13:16:07 --> Could not find the language line "Đóng"
ERROR - 2020-07-11 13:16:07 --> Could not find the language line "Xác Nhận"
ERROR - 2020-07-11 13:16:07 --> Severity: Warning --> Invalid argument supplied for foreach() /home/admin/domains/spshd.com/public_html/khachhang/application/views/app.php 162
ERROR - 2020-07-11 13:16:07 --> Severity: Warning --> Invalid argument supplied for foreach() /home/admin/domains/spshd.com/public_html/khachhang/application/views/app.php 173
ERROR - 2020-07-11 13:16:07 --> Could not find the language line "Đóng"
ERROR - 2020-07-11 13:16:07 --> Could not find the language line "Xác Nhận"
ERROR - 2020-07-11 13:16:07 --> Could not find the language line "Đóng"
ERROR - 2020-07-11 13:16:07 --> Could not find the language line "Xác Nhận"
ERROR - 2020-07-11 13:16:07 --> Could not find the language line "Đóng"
ERROR - 2020-07-11 13:16:07 --> Could not find the language line "Tải"
ERROR - 2020-07-11 13:28:52 --> Could not find the language line "Tạo Điểm Lấy Hàng"
ERROR - 2020-07-11 13:28:52 --> Could not find the language line "Tạo Đơn Hàng"
ERROR - 2020-07-11 13:28:52 --> Could not find the language line "Tải Excel"
ERROR - 2020-07-11 13:28:52 --> Could not find the language line "Đóng"
ERROR - 2020-07-11 13:28:52 --> Could not find the language line "Xác Nhận"
ERROR - 2020-07-11 13:28:52 --> Severity: Warning --> Invalid argument supplied for foreach() /home/admin/domains/spshd.com/public_html/khachhang/application/views/app.php 162
ERROR - 2020-07-11 13:28:52 --> Severity: Warning --> Invalid argument supplied for foreach() /home/admin/domains/spshd.com/public_html/khachhang/application/views/app.php 173
ERROR - 2020-07-11 13:28:52 --> Could not find the language line "Đóng"
ERROR - 2020-07-11 13:28:52 --> Could not find the language line "Xác Nhận"
ERROR - 2020-07-11 13:28:52 --> Could not find the language line "Đóng"
ERROR - 2020-07-11 13:28:52 --> Could not find the language line "Xác Nhận"
ERROR - 2020-07-11 13:28:52 --> Could not find the language line "Đóng"
ERROR - 2020-07-11 13:28:52 --> Could not find the language line "Tải"
ERROR - 2020-07-11 13:35:30 --> Could not find the language line "Tạo Điểm Lấy Hàng"
ERROR - 2020-07-11 13:35:30 --> Could not find the language line "Tạo Đơn Hàng"
ERROR - 2020-07-11 13:35:30 --> Could not find the language line "Tải Excel"
ERROR - 2020-07-11 13:35:30 --> Could not find the language line "Đóng"
ERROR - 2020-07-11 13:35:30 --> Could not find the language line "Xác Nhận"
ERROR - 2020-07-11 13:35:30 --> Severity: Warning --> Invalid argument supplied for foreach() /home/admin/domains/spshd.com/public_html/khachhang/application/views/app.php 162
ERROR - 2020-07-11 13:35:30 --> Severity: Warning --> Invalid argument supplied for foreach() /home/admin/domains/spshd.com/public_html/khachhang/application/views/app.php 173
ERROR - 2020-07-11 13:35:30 --> Could not find the language line "Đóng"
ERROR - 2020-07-11 13:35:30 --> Could not find the language line "Xác Nhận"
ERROR - 2020-07-11 13:35:30 --> Could not find the language line "Đóng"
ERROR - 2020-07-11 13:35:30 --> Could not find the language line "Xác Nhận"
ERROR - 2020-07-11 13:35:30 --> Could not find the language line "Đóng"
ERROR - 2020-07-11 13:35:30 --> Could not find the language line "Tải"
ERROR - 2020-07-11 08:00:04 --> Could not find the language line "Email"
ERROR - 2020-07-11 08:00:04 --> Could not find the language line "password"
ERROR - 2020-07-11 08:00:10 --> Could not find the language line "Email"
ERROR - 2020-07-11 08:00:10 --> Could not find the language line "password"
ERROR - 2020-07-11 08:00:23 --> Could not find the language line "Email"
ERROR - 2020-07-11 08:00:23 --> Could not find the language line "password"
ERROR - 2020-07-11 08:00:48 --> Could not find the language line "Email"
ERROR - 2020-07-11 08:00:48 --> Could not find the language line "password"
ERROR - 2020-07-11 15:07:18 --> Could not find the language line "Tạo Điểm Lấy Hàng"
ERROR - 2020-07-11 15:07:18 --> Could not find the language line "Tạo Đơn Hàng"
ERROR - 2020-07-11 15:07:18 --> Could not find the language line "Tải Excel"
ERROR - 2020-07-11 15:07:18 --> Could not find the language line "Đóng"
ERROR - 2020-07-11 15:07:18 --> Could not find the language line "Xác Nhận"
ERROR - 2020-07-11 15:07:18 --> Severity: Warning --> Invalid argument supplied for foreach() /home/admin/domains/spshd.com/public_html/khachhang/application/views/app.php 162
ERROR - 2020-07-11 15:07:18 --> Severity: Warning --> Invalid argument supplied for foreach() /home/admin/domains/spshd.com/public_html/khachhang/application/views/app.php 173
ERROR - 2020-07-11 15:07:18 --> Could not find the language line "Đóng"
ERROR - 2020-07-11 15:07:18 --> Could not find the language line "Xác Nhận"
ERROR - 2020-07-11 15:07:18 --> Could not find the language line "Đóng"
ERROR - 2020-07-11 15:07:18 --> Could not find the language line "Xác Nhận"
ERROR - 2020-07-11 15:07:18 --> Could not find the language line "Đóng"
ERROR - 2020-07-11 15:07:18 --> Could not find the language line "Tải"
ERROR - 2020-07-11 15:29:28 --> Could not find the language line "Tạo Điểm Lấy Hàng"
ERROR - 2020-07-11 15:29:28 --> Could not find the language line "Tạo Đơn Hàng"
ERROR - 2020-07-11 15:29:28 --> Could not find the language line "Tải Excel"
ERROR - 2020-07-11 15:29:28 --> Could not find the language line "Đóng"
ERROR - 2020-07-11 15:29:28 --> Could not find the language line "Xác Nhận"
ERROR - 2020-07-11 15:29:28 --> Severity: Warning --> Invalid argument supplied for foreach() /home/admin/domains/spshd.com/public_html/khachhang/application/views/app.php 162
ERROR - 2020-07-11 15:29:28 --> Severity: Warning --> Invalid argument supplied for foreach() /home/admin/domains/spshd.com/public_html/khachhang/application/views/app.php 173
ERROR - 2020-07-11 15:29:28 --> Could not find the language line "Đóng"
ERROR - 2020-07-11 15:29:28 --> Could not find the language line "Xác Nhận"
ERROR - 2020-07-11 15:29:28 --> Could not find the language line "Đóng"
ERROR - 2020-07-11 15:29:28 --> Could not find the language line "Xác Nhận"
ERROR - 2020-07-11 15:29:28 --> Could not find the language line "Đóng"
ERROR - 2020-07-11 15:29:28 --> Could not find the language line "Tải"
ERROR - 2020-07-11 16:46:01 --> Could not find the language line "Tạo Điểm Lấy Hàng"
ERROR - 2020-07-11 16:46:01 --> Could not find the language line "Tạo Đơn Hàng"
ERROR - 2020-07-11 16:46:01 --> Could not find the language line "Tải Excel"
ERROR - 2020-07-11 16:46:01 --> Could not find the language line "Đóng"
ERROR - 2020-07-11 16:46:01 --> Could not find the language line "Xác Nhận"
ERROR - 2020-07-11 16:46:01 --> Severity: Warning --> Invalid argument supplied for foreach() /home/admin/domains/spshd.com/public_html/khachhang/application/views/app.php 162
ERROR - 2020-07-11 16:46:01 --> Severity: Warning --> Invalid argument supplied for foreach() /home/admin/domains/spshd.com/public_html/khachhang/application/views/app.php 173
ERROR - 2020-07-11 16:46:01 --> Could not find the language line "Đóng"
ERROR - 2020-07-11 16:46:01 --> Could not find the language line "Xác Nhận"
ERROR - 2020-07-11 16:46:01 --> Could not find the language line "Đóng"
ERROR - 2020-07-11 16:46:01 --> Could not find the language line "Xác Nhận"
ERROR - 2020-07-11 16:46:01 --> Could not find the language line "Đóng"
ERROR - 2020-07-11 16:46:01 --> Could not find the language line "Tải"
ERROR - 2020-07-11 17:14:03 --> Could not find the language line "Tạo Điểm Lấy Hàng"
ERROR - 2020-07-11 17:14:03 --> Could not find the language line "Tạo Đơn Hàng"
ERROR - 2020-07-11 17:14:03 --> Could not find the language line "Tải Excel"
ERROR - 2020-07-11 17:14:03 --> Could not find the language line "Đóng"
ERROR - 2020-07-11 17:14:03 --> Could not find the language line "Xác Nhận"
ERROR - 2020-07-11 17:14:03 --> Severity: Warning --> Invalid argument supplied for foreach() /home/admin/domains/spshd.com/public_html/khachhang/application/views/app.php 162
ERROR - 2020-07-11 17:14:03 --> Severity: Warning --> Invalid argument supplied for foreach() /home/admin/domains/spshd.com/public_html/khachhang/application/views/app.php 173
ERROR - 2020-07-11 17:14:03 --> Could not find the language line "Đóng"
ERROR - 2020-07-11 17:14:03 --> Could not find the language line "Xác Nhận"
ERROR - 2020-07-11 17:14:03 --> Could not find the language line "Đóng"
ERROR - 2020-07-11 17:14:03 --> Could not find the language line "Xác Nhận"
ERROR - 2020-07-11 17:14:03 --> Could not find the language line "Đóng"
ERROR - 2020-07-11 17:14:03 --> Could not find the language line "Tải"
ERROR - 2020-07-11 17:35:33 --> Could not find the language line "Tạo Điểm Lấy Hàng"
ERROR - 2020-07-11 17:35:33 --> Could not find the language line "Tạo Đơn Hàng"
ERROR - 2020-07-11 17:35:33 --> Could not find the language line "Tải Excel"
ERROR - 2020-07-11 17:35:33 --> Could not find the language line "Đóng"
ERROR - 2020-07-11 17:35:33 --> Could not find the language line "Xác Nhận"
ERROR - 2020-07-11 17:35:33 --> Severity: Warning --> Invalid argument supplied for foreach() /home/admin/domains/spshd.com/public_html/khachhang/application/views/app.php 162
ERROR - 2020-07-11 17:35:33 --> Severity: Warning --> Invalid argument supplied for foreach() /home/admin/domains/spshd.com/public_html/khachhang/application/views/app.php 173
ERROR - 2020-07-11 17:35:33 --> Could not find the language line "Đóng"
ERROR - 2020-07-11 17:35:33 --> Could not find the language line "Xác Nhận"
ERROR - 2020-07-11 17:35:33 --> Could not find the language line "Đóng"
ERROR - 2020-07-11 17:35:33 --> Could not find the language line "Xác Nhận"
ERROR - 2020-07-11 17:35:33 --> Could not find the language line "Đóng"
ERROR - 2020-07-11 17:35:33 --> Could not find the language line "Tải"
ERROR - 2020-07-11 17:35:45 --> Could not find the language line "Tạo Điểm Lấy Hàng"
ERROR - 2020-07-11 17:35:45 --> Could not find the language line "Tạo Đơn Hàng"
ERROR - 2020-07-11 17:35:45 --> Could not find the language line "Tải Excel"
ERROR - 2020-07-11 17:35:45 --> Could not find the language line "Đóng"
ERROR - 2020-07-11 17:35:45 --> Could not find the language line "Xác Nhận"
ERROR - 2020-07-11 17:35:45 --> Severity: Warning --> Invalid argument supplied for foreach() /home/admin/domains/spshd.com/public_html/khachhang/application/views/app.php 162
ERROR - 2020-07-11 17:35:45 --> Severity: Warning --> Invalid argument supplied for foreach() /home/admin/domains/spshd.com/public_html/khachhang/application/views/app.php 173
ERROR - 2020-07-11 17:35:45 --> Could not find the language line "Đóng"
ERROR - 2020-07-11 17:35:45 --> Could not find the language line "Xác Nhận"
ERROR - 2020-07-11 17:35:45 --> Could not find the language line "Đóng"
ERROR - 2020-07-11 17:35:45 --> Could not find the language line "Xác Nhận"
ERROR - 2020-07-11 17:35:45 --> Could not find the language line "Đóng"
ERROR - 2020-07-11 17:35:45 --> Could not find the language line "Tải"
ERROR - 2020-07-11 17:49:10 --> Could not find the language line "Tạo Điểm Lấy Hàng"
ERROR - 2020-07-11 17:49:10 --> Could not find the language line "Tạo Đơn Hàng"
ERROR - 2020-07-11 17:49:10 --> Could not find the language line "Tải Excel"
ERROR - 2020-07-11 17:49:10 --> Could not find the language line "Đóng"
ERROR - 2020-07-11 17:49:10 --> Could not find the language line "Xác Nhận"
ERROR - 2020-07-11 17:49:10 --> Severity: Warning --> Invalid argument supplied for foreach() /home/admin/domains/spshd.com/public_html/khachhang/application/views/app.php 162
ERROR - 2020-07-11 17:49:10 --> Severity: Warning --> Invalid argument supplied for foreach() /home/admin/domains/spshd.com/public_html/khachhang/application/views/app.php 173
ERROR - 2020-07-11 17:49:10 --> Could not find the language line "Đóng"
ERROR - 2020-07-11 17:49:10 --> Could not find the language line "Xác Nhận"
ERROR - 2020-07-11 17:49:10 --> Could not find the language line "Đóng"
ERROR - 2020-07-11 17:49:10 --> Could not find the language line "Xác Nhận"
ERROR - 2020-07-11 17:49:10 --> Could not find the language line "Đóng"
ERROR - 2020-07-11 17:49:10 --> Could not find the language line "Tải"
ERROR - 2020-07-11 17:49:11 --> Could not find the language line "Tạo Điểm Lấy Hàng"
ERROR - 2020-07-11 17:49:11 --> Could not find the language line "Tạo Đơn Hàng"
ERROR - 2020-07-11 17:49:11 --> Could not find the language line "Tải Excel"
ERROR - 2020-07-11 17:49:11 --> Could not find the language line "Đóng"
ERROR - 2020-07-11 17:49:11 --> Could not find the language line "Xác Nhận"
ERROR - 2020-07-11 17:49:11 --> Severity: Warning --> Invalid argument supplied for foreach() /home/admin/domains/spshd.com/public_html/khachhang/application/views/app.php 162
ERROR - 2020-07-11 17:49:11 --> Severity: Warning --> Invalid argument supplied for foreach() /home/admin/domains/spshd.com/public_html/khachhang/application/views/app.php 173
ERROR - 2020-07-11 17:49:11 --> Could not find the language line "Đóng"
ERROR - 2020-07-11 17:49:11 --> Could not find the language line "Xác Nhận"
ERROR - 2020-07-11 17:49:11 --> Could not find the language line "Đóng"
ERROR - 2020-07-11 17:49:11 --> Could not find the language line "Xác Nhận"
ERROR - 2020-07-11 17:49:11 --> Could not find the language line "Đóng"
ERROR - 2020-07-11 17:49:11 --> Could not find the language line "Tải"
ERROR - 2020-07-11 17:50:04 --> Could not find the language line "Tạo Điểm Lấy Hàng"
ERROR - 2020-07-11 17:50:04 --> Could not find the language line "Tạo Đơn Hàng"
ERROR - 2020-07-11 17:50:04 --> Could not find the language line "Tải Excel"
ERROR - 2020-07-11 17:50:04 --> Could not find the language line "Đóng"
ERROR - 2020-07-11 17:50:04 --> Could not find the language line "Xác Nhận"
ERROR - 2020-07-11 17:50:04 --> Severity: Warning --> Invalid argument supplied for foreach() /home/admin/domains/spshd.com/public_html/khachhang/application/views/app.php 162
ERROR - 2020-07-11 17:50:04 --> Severity: Warning --> Invalid argument supplied for foreach() /home/admin/domains/spshd.com/public_html/khachhang/application/views/app.php 173
ERROR - 2020-07-11 17:50:04 --> Could not find the language line "Đóng"
ERROR - 2020-07-11 17:50:04 --> Could not find the language line "Xác Nhận"
ERROR - 2020-07-11 17:50:04 --> Could not find the language line "Đóng"
ERROR - 2020-07-11 17:50:04 --> Could not find the language line "Xác Nhận"
ERROR - 2020-07-11 17:50:04 --> Could not find the language line "Đóng"
ERROR - 2020-07-11 17:50:04 --> Could not find the language line "Tải"
ERROR - 2020-07-11 17:50:05 --> Could not find the language line "Tạo Điểm Lấy Hàng"
ERROR - 2020-07-11 17:50:05 --> Could not find the language line "Tạo Đơn Hàng"
ERROR - 2020-07-11 17:50:05 --> Could not find the language line "Tải Excel"
ERROR - 2020-07-11 17:50:05 --> Could not find the language line "Đóng"
ERROR - 2020-07-11 17:50:05 --> Could not find the language line "Xác Nhận"
ERROR - 2020-07-11 17:50:05 --> Severity: Warning --> Invalid argument supplied for foreach() /home/admin/domains/spshd.com/public_html/khachhang/application/views/app.php 162
ERROR - 2020-07-11 17:50:05 --> Severity: Warning --> Invalid argument supplied for foreach() /home/admin/domains/spshd.com/public_html/khachhang/application/views/app.php 173
ERROR - 2020-07-11 17:50:05 --> Could not find the language line "Đóng"
ERROR - 2020-07-11 17:50:05 --> Could not find the language line "Xác Nhận"
ERROR - 2020-07-11 17:50:05 --> Could not find the language line "Đóng"
ERROR - 2020-07-11 17:50:05 --> Could not find the language line "Xác Nhận"
ERROR - 2020-07-11 17:50:05 --> Could not find the language line "Đóng"
ERROR - 2020-07-11 17:50:05 --> Could not find the language line "Tải"
ERROR - 2020-07-11 17:50:05 --> Could not find the language line "Tạo Điểm Lấy Hàng"
ERROR - 2020-07-11 17:50:05 --> Could not find the language line "Tạo Đơn Hàng"
ERROR - 2020-07-11 17:50:05 --> Could not find the language line "Tải Excel"
ERROR - 2020-07-11 17:50:05 --> Could not find the language line "Đóng"
ERROR - 2020-07-11 17:50:05 --> Could not find the language line "Xác Nhận"
ERROR - 2020-07-11 17:50:05 --> Severity: Warning --> Invalid argument supplied for foreach() /home/admin/domains/spshd.com/public_html/khachhang/application/views/app.php 162
ERROR - 2020-07-11 17:50:05 --> Severity: Warning --> Invalid argument supplied for foreach() /home/admin/domains/spshd.com/public_html/khachhang/application/views/app.php 173
ERROR - 2020-07-11 17:50:05 --> Could not find the language line "Đóng"
ERROR - 2020-07-11 17:50:05 --> Could not find the language line "Xác Nhận"
ERROR - 2020-07-11 17:50:05 --> Could not find the language line "Đóng"
ERROR - 2020-07-11 17:50:05 --> Could not find the language line "Xác Nhận"
ERROR - 2020-07-11 17:50:05 --> Could not find the language line "Đóng"
ERROR - 2020-07-11 17:50:05 --> Could not find the language line "Tải"
ERROR - 2020-07-11 17:51:53 --> Could not find the language line "Tạo Điểm Lấy Hàng"
ERROR - 2020-07-11 17:51:53 --> Could not find the language line "Tạo Đơn Hàng"
ERROR - 2020-07-11 17:51:53 --> Could not find the language line "Tải Excel"
ERROR - 2020-07-11 17:51:53 --> Could not find the language line "Đóng"
ERROR - 2020-07-11 17:51:53 --> Could not find the language line "Xác Nhận"
ERROR - 2020-07-11 17:51:53 --> Severity: Warning --> Invalid argument supplied for foreach() /home/admin/domains/spshd.com/public_html/khachhang/application/views/app.php 162
ERROR - 2020-07-11 17:51:53 --> Severity: Warning --> Invalid argument supplied for foreach() /home/admin/domains/spshd.com/public_html/khachhang/application/views/app.php 173
ERROR - 2020-07-11 17:51:53 --> Could not find the language line "Đóng"
ERROR - 2020-07-11 17:51:53 --> Could not find the language line "Xác Nhận"
ERROR - 2020-07-11 17:51:53 --> Could not find the language line "Đóng"
ERROR - 2020-07-11 17:51:53 --> Could not find the language line "Xác Nhận"
ERROR - 2020-07-11 17:51:53 --> Could not find the language line "Đóng"
ERROR - 2020-07-11 17:51:53 --> Could not find the language line "Tải"
ERROR - 2020-07-11 17:57:07 --> Could not find the language line "Tạo Điểm Lấy Hàng"
ERROR - 2020-07-11 17:57:07 --> Could not find the language line "Tạo Đơn Hàng"
ERROR - 2020-07-11 17:57:07 --> Could not find the language line "Tải Excel"
ERROR - 2020-07-11 17:57:07 --> Could not find the language line "Đóng"
ERROR - 2020-07-11 17:57:07 --> Could not find the language line "Xác Nhận"
ERROR - 2020-07-11 17:57:07 --> Severity: Warning --> Invalid argument supplied for foreach() /home/admin/domains/spshd.com/public_html/khachhang/application/views/app.php 162
ERROR - 2020-07-11 17:57:07 --> Severity: Warning --> Invalid argument supplied for foreach() /home/admin/domains/spshd.com/public_html/khachhang/application/views/app.php 173
ERROR - 2020-07-11 17:57:07 --> Could not find the language line "Đóng"
ERROR - 2020-07-11 17:57:07 --> Could not find the language line "Xác Nhận"
ERROR - 2020-07-11 17:57:07 --> Could not find the language line "Đóng"
ERROR - 2020-07-11 17:57:07 --> Could not find the language line "Xác Nhận"
ERROR - 2020-07-11 17:57:07 --> Could not find the language line "Đóng"
ERROR - 2020-07-11 17:57:07 --> Could not find the language line "Tải"
ERROR - 2020-07-11 17:57:07 --> Could not find the language line "Tạo Điểm Lấy Hàng"
ERROR - 2020-07-11 17:57:07 --> Could not find the language line "Tạo Đơn Hàng"
ERROR - 2020-07-11 17:57:07 --> Could not find the language line "Tải Excel"
ERROR - 2020-07-11 17:57:07 --> Could not find the language line "Đóng"
ERROR - 2020-07-11 17:57:07 --> Could not find the language line "Xác Nhận"
ERROR - 2020-07-11 17:57:07 --> Severity: Warning --> Invalid argument supplied for foreach() /home/admin/domains/spshd.com/public_html/khachhang/application/views/app.php 162
ERROR - 2020-07-11 17:57:07 --> Severity: Warning --> Invalid argument supplied for foreach() /home/admin/domains/spshd.com/public_html/khachhang/application/views/app.php 173
ERROR - 2020-07-11 17:57:07 --> Could not find the language line "Đóng"
ERROR - 2020-07-11 17:57:07 --> Could not find the language line "Xác Nhận"
ERROR - 2020-07-11 17:57:07 --> Could not find the language line "Đóng"
ERROR - 2020-07-11 17:57:07 --> Could not find the language line "Xác Nhận"
ERROR - 2020-07-11 17:57:07 --> Could not find the language line "Đóng"
ERROR - 2020-07-11 17:57:07 --> Could not find the language line "Tải"
ERROR - 2020-07-11 18:01:52 --> Could not find the language line "Tạo Điểm Lấy Hàng"
ERROR - 2020-07-11 18:01:52 --> Could not find the language line "Tạo Đơn Hàng"
ERROR - 2020-07-11 18:01:52 --> Could not find the language line "Tải Excel"
ERROR - 2020-07-11 18:01:52 --> Could not find the language line "Đóng"
ERROR - 2020-07-11 18:01:52 --> Could not find the language line "Xác Nhận"
ERROR - 2020-07-11 18:01:52 --> Severity: Warning --> Invalid argument supplied for foreach() /home/admin/domains/spshd.com/public_html/khachhang/application/views/app.php 162
ERROR - 2020-07-11 18:01:52 --> Severity: Warning --> Invalid argument supplied for foreach() /home/admin/domains/spshd.com/public_html/khachhang/application/views/app.php 173
ERROR - 2020-07-11 18:01:52 --> Could not find the language line "Đóng"
ERROR - 2020-07-11 18:01:52 --> Could not find the language line "Xác Nhận"
ERROR - 2020-07-11 18:01:52 --> Could not find the language line "Đóng"
ERROR - 2020-07-11 18:01:52 --> Could not find the language line "Xác Nhận"
ERROR - 2020-07-11 18:01:52 --> Could not find the language line "Đóng"
ERROR - 2020-07-11 18:01:52 --> Could not find the language line "Tải"
ERROR - 2020-07-11 18:03:17 --> Could not find the language line "Tạo Điểm Lấy Hàng"
ERROR - 2020-07-11 18:03:17 --> Could not find the language line "Tạo Đơn Hàng"
ERROR - 2020-07-11 18:03:17 --> Could not find the language line "Tải Excel"
ERROR - 2020-07-11 18:03:17 --> Could not find the language line "Đóng"
ERROR - 2020-07-11 18:03:17 --> Could not find the language line "Xác Nhận"
ERROR - 2020-07-11 18:03:17 --> Severity: Warning --> Invalid argument supplied for foreach() /home/admin/domains/spshd.com/public_html/khachhang/application/views/app.php 162
ERROR - 2020-07-11 18:03:17 --> Severity: Warning --> Invalid argument supplied for foreach() /home/admin/domains/spshd.com/public_html/khachhang/application/views/app.php 173
ERROR - 2020-07-11 18:03:17 --> Could not find the language line "Đóng"
ERROR - 2020-07-11 18:03:17 --> Could not find the language line "Xác Nhận"
ERROR - 2020-07-11 18:03:17 --> Could not find the language line "Đóng"
ERROR - 2020-07-11 18:03:17 --> Could not find the language line "Xác Nhận"
ERROR - 2020-07-11 18:03:17 --> Could not find the language line "Đóng"
ERROR - 2020-07-11 18:03:17 --> Could not find the language line "Tải"
ERROR - 2020-07-11 18:03:22 --> Could not find the language line "Tạo Điểm Lấy Hàng"
ERROR - 2020-07-11 18:03:22 --> Could not find the language line "Tạo Đơn Hàng"
ERROR - 2020-07-11 18:03:22 --> Could not find the language line "Tải Excel"
ERROR - 2020-07-11 18:03:22 --> Could not find the language line "Đóng"
ERROR - 2020-07-11 18:03:22 --> Could not find the language line "Xác Nhận"
ERROR - 2020-07-11 18:03:22 --> Severity: Warning --> Invalid argument supplied for foreach() /home/admin/domains/spshd.com/public_html/khachhang/application/views/app.php 162
ERROR - 2020-07-11 18:03:22 --> Severity: Warning --> Invalid argument supplied for foreach() /home/admin/domains/spshd.com/public_html/khachhang/application/views/app.php 173
ERROR - 2020-07-11 18:03:22 --> Could not find the language line "Đóng"
ERROR - 2020-07-11 18:03:22 --> Could not find the language line "Xác Nhận"
ERROR - 2020-07-11 18:03:22 --> Could not find the language line "Đóng"
ERROR - 2020-07-11 18:03:22 --> Could not find the language line "Xác Nhận"
ERROR - 2020-07-11 18:03:22 --> Could not find the language line "Đóng"
ERROR - 2020-07-11 18:03:22 --> Could not find the language line "Tải"
ERROR - 2020-07-11 18:05:02 --> Could not find the language line "Tạo Điểm Lấy Hàng"
ERROR - 2020-07-11 18:05:02 --> Could not find the language line "Tạo Đơn Hàng"
ERROR - 2020-07-11 18:05:02 --> Could not find the language line "Tải Excel"
ERROR - 2020-07-11 18:05:02 --> Could not find the language line "Đóng"
ERROR - 2020-07-11 18:05:02 --> Could not find the language line "Xác Nhận"
ERROR - 2020-07-11 18:05:02 --> Severity: Warning --> Invalid argument supplied for foreach() /home/admin/domains/spshd.com/public_html/khachhang/application/views/app.php 162
ERROR - 2020-07-11 18:05:02 --> Severity: Warning --> Invalid argument supplied for foreach() /home/admin/domains/spshd.com/public_html/khachhang/application/views/app.php 173
ERROR - 2020-07-11 18:05:02 --> Could not find the language line "Đóng"
ERROR - 2020-07-11 18:05:02 --> Could not find the language line "Xác Nhận"
ERROR - 2020-07-11 18:05:02 --> Could not find the language line "Đóng"
ERROR - 2020-07-11 18:05:02 --> Could not find the language line "Xác Nhận"
ERROR - 2020-07-11 18:05:02 --> Could not find the language line "Đóng"
ERROR - 2020-07-11 18:05:02 --> Could not find the language line "Tải"
ERROR - 2020-07-11 18:05:39 --> Could not find the language line "Tạo Điểm Lấy Hàng"
ERROR - 2020-07-11 18:05:39 --> Could not find the language line "Tạo Đơn Hàng"
ERROR - 2020-07-11 18:05:39 --> Could not find the language line "Tải Excel"
ERROR - 2020-07-11 18:05:39 --> Could not find the language line "Đóng"
ERROR - 2020-07-11 18:05:39 --> Could not find the language line "Xác Nhận"
ERROR - 2020-07-11 18:05:39 --> Severity: Warning --> Invalid argument supplied for foreach() /home/admin/domains/spshd.com/public_html/khachhang/application/views/app.php 162
ERROR - 2020-07-11 18:05:39 --> Severity: Warning --> Invalid argument supplied for foreach() /home/admin/domains/spshd.com/public_html/khachhang/application/views/app.php 173
ERROR - 2020-07-11 18:05:39 --> Could not find the language line "Đóng"
ERROR - 2020-07-11 18:05:39 --> Could not find the language line "Xác Nhận"
ERROR - 2020-07-11 18:05:39 --> Could not find the language line "Đóng"
ERROR - 2020-07-11 18:05:39 --> Could not find the language line "Xác Nhận"
ERROR - 2020-07-11 18:05:39 --> Could not find the language line "Đóng"
ERROR - 2020-07-11 18:05:39 --> Could not find the language line "Tải"
ERROR - 2020-07-11 18:06:38 --> Could not find the language line "Tạo Điểm Lấy Hàng"
ERROR - 2020-07-11 18:06:38 --> Could not find the language line "Tạo Đơn Hàng"
ERROR - 2020-07-11 18:06:38 --> Could not find the language line "Tải Excel"
ERROR - 2020-07-11 18:06:38 --> Could not find the language line "Đóng"
ERROR - 2020-07-11 18:06:38 --> Could not find the language line "Xác Nhận"
ERROR - 2020-07-11 18:06:38 --> Severity: Warning --> Invalid argument supplied for foreach() /home/admin/domains/spshd.com/public_html/khachhang/application/views/app.php 162
ERROR - 2020-07-11 18:06:38 --> Severity: Warning --> Invalid argument supplied for foreach() /home/admin/domains/spshd.com/public_html/khachhang/application/views/app.php 173
ERROR - 2020-07-11 18:06:38 --> Could not find the language line "Đóng"
ERROR - 2020-07-11 18:06:38 --> Could not find the language line "Xác Nhận"
ERROR - 2020-07-11 18:06:38 --> Could not find the language line "Đóng"
ERROR - 2020-07-11 18:06:38 --> Could not find the language line "Xác Nhận"
ERROR - 2020-07-11 18:06:38 --> Could not find the language line "Đóng"
ERROR - 2020-07-11 18:06:38 --> Could not find the language line "Tải"
ERROR - 2020-07-11 18:07:43 --> Could not find the language line "Tạo Điểm Lấy Hàng"
ERROR - 2020-07-11 18:07:43 --> Could not find the language line "Tạo Đơn Hàng"
ERROR - 2020-07-11 18:07:43 --> Could not find the language line "Tải Excel"
ERROR - 2020-07-11 18:07:43 --> Could not find the language line "Đóng"
ERROR - 2020-07-11 18:07:43 --> Could not find the language line "Xác Nhận"
ERROR - 2020-07-11 18:07:43 --> Severity: Warning --> Invalid argument supplied for foreach() /home/admin/domains/spshd.com/public_html/khachhang/application/views/app.php 162
ERROR - 2020-07-11 18:07:43 --> Severity: Warning --> Invalid argument supplied for foreach() /home/admin/domains/spshd.com/public_html/khachhang/application/views/app.php 173
ERROR - 2020-07-11 18:07:43 --> Could not find the language line "Đóng"
ERROR - 2020-07-11 18:07:43 --> Could not find the language line "Xác Nhận"
ERROR - 2020-07-11 18:07:43 --> Could not find the language line "Đóng"
ERROR - 2020-07-11 18:07:43 --> Could not find the language line "Xác Nhận"
ERROR - 2020-07-11 18:07:43 --> Could not find the language line "Đóng"
ERROR - 2020-07-11 18:07:43 --> Could not find the language line "Tải"
ERROR - 2020-07-11 18:07:47 --> Could not find the language line "Tạo Điểm Lấy Hàng"
ERROR - 2020-07-11 18:07:47 --> Could not find the language line "Tạo Đơn Hàng"
ERROR - 2020-07-11 18:07:47 --> Could not find the language line "Tải Excel"
ERROR - 2020-07-11 18:07:47 --> Could not find the language line "Đóng"
ERROR - 2020-07-11 18:07:47 --> Could not find the language line "Xác Nhận"
ERROR - 2020-07-11 18:07:47 --> Severity: Warning --> Invalid argument supplied for foreach() /home/admin/domains/spshd.com/public_html/khachhang/application/views/app.php 162
ERROR - 2020-07-11 18:07:47 --> Severity: Warning --> Invalid argument supplied for foreach() /home/admin/domains/spshd.com/public_html/khachhang/application/views/app.php 173
ERROR - 2020-07-11 18:07:47 --> Could not find the language line "Đóng"
ERROR - 2020-07-11 18:07:47 --> Could not find the language line "Xác Nhận"
ERROR - 2020-07-11 18:07:47 --> Could not find the language line "Đóng"
ERROR - 2020-07-11 18:07:47 --> Could not find the language line "Xác Nhận"
ERROR - 2020-07-11 18:07:47 --> Could not find the language line "Đóng"
ERROR - 2020-07-11 18:07:47 --> Could not find the language line "Tải"
ERROR - 2020-07-11 18:09:39 --> Could not find the language line "Tạo Điểm Lấy Hàng"
ERROR - 2020-07-11 18:09:39 --> Could not find the language line "Tạo Đơn Hàng"
ERROR - 2020-07-11 18:09:39 --> Could not find the language line "Tải Excel"
ERROR - 2020-07-11 18:09:39 --> Could not find the language line "Đóng"
ERROR - 2020-07-11 18:09:39 --> Could not find the language line "Xác Nhận"
ERROR - 2020-07-11 18:09:39 --> Severity: Warning --> Invalid argument supplied for foreach() /home/admin/domains/spshd.com/public_html/khachhang/application/views/app.php 162
ERROR - 2020-07-11 18:09:39 --> Severity: Warning --> Invalid argument supplied for foreach() /home/admin/domains/spshd.com/public_html/khachhang/application/views/app.php 173
ERROR - 2020-07-11 18:09:39 --> Could not find the language line "Đóng"
ERROR - 2020-07-11 18:09:39 --> Could not find the language line "Xác Nhận"
ERROR - 2020-07-11 18:09:39 --> Could not find the language line "Đóng"
ERROR - 2020-07-11 18:09:39 --> Could not find the language line "Xác Nhận"
ERROR - 2020-07-11 18:09:39 --> Could not find the language line "Đóng"
ERROR - 2020-07-11 18:09:39 --> Could not find the language line "Tải"
ERROR - 2020-07-11 18:10:17 --> Could not find the language line "Tạo Điểm Lấy Hàng"
ERROR - 2020-07-11 18:10:17 --> Could not find the language line "Tạo Đơn Hàng"
ERROR - 2020-07-11 18:10:17 --> Could not find the language line "Tải Excel"
ERROR - 2020-07-11 18:10:17 --> Could not find the language line "Đóng"
ERROR - 2020-07-11 18:10:17 --> Could not find the language line "Xác Nhận"
ERROR - 2020-07-11 18:10:17 --> Severity: Warning --> Invalid argument supplied for foreach() /home/admin/domains/spshd.com/public_html/khachhang/application/views/app.php 162
ERROR - 2020-07-11 18:10:17 --> Severity: Warning --> Invalid argument supplied for foreach() /home/admin/domains/spshd.com/public_html/khachhang/application/views/app.php 173
ERROR - 2020-07-11 18:10:17 --> Could not find the language line "Đóng"
ERROR - 2020-07-11 18:10:17 --> Could not find the language line "Xác Nhận"
ERROR - 2020-07-11 18:10:17 --> Could not find the language line "Đóng"
ERROR - 2020-07-11 18:10:17 --> Could not find the language line "Xác Nhận"
ERROR - 2020-07-11 18:10:17 --> Could not find the language line "Đóng"
ERROR - 2020-07-11 18:10:17 --> Could not find the language line "Tải"
ERROR - 2020-07-11 18:11:56 --> Could not find the language line "Tạo Điểm Lấy Hàng"
ERROR - 2020-07-11 18:11:56 --> Could not find the language line "Tạo Đơn Hàng"
ERROR - 2020-07-11 18:11:56 --> Could not find the language line "Tải Excel"
ERROR - 2020-07-11 18:11:56 --> Could not find the language line "Đóng"
ERROR - 2020-07-11 18:11:56 --> Could not find the language line "Xác Nhận"
ERROR - 2020-07-11 18:11:56 --> Severity: Warning --> Invalid argument supplied for foreach() /home/admin/domains/spshd.com/public_html/khachhang/application/views/app.php 162
ERROR - 2020-07-11 18:11:56 --> Severity: Warning --> Invalid argument supplied for foreach() /home/admin/domains/spshd.com/public_html/khachhang/application/views/app.php 173
ERROR - 2020-07-11 18:11:56 --> Could not find the language line "Đóng"
ERROR - 2020-07-11 18:11:56 --> Could not find the language line "Xác Nhận"
ERROR - 2020-07-11 18:11:56 --> Could not find the language line "Đóng"
ERROR - 2020-07-11 18:11:56 --> Could not find the language line "Xác Nhận"
ERROR - 2020-07-11 18:11:56 --> Could not find the language line "Đóng"
ERROR - 2020-07-11 18:11:56 --> Could not find the language line "Tải"
ERROR - 2020-07-11 18:13:05 --> Could not find the language line "Tạo Điểm Lấy Hàng"
ERROR - 2020-07-11 18:13:05 --> Could not find the language line "Tạo Đơn Hàng"
ERROR - 2020-07-11 18:13:05 --> Could not find the language line "Tải Excel"
ERROR - 2020-07-11 18:13:05 --> Could not find the language line "Đóng"
ERROR - 2020-07-11 18:13:05 --> Could not find the language line "Xác Nhận"
ERROR - 2020-07-11 18:13:05 --> Severity: Warning --> Invalid argument supplied for foreach() /home/admin/domains/spshd.com/public_html/khachhang/application/views/app.php 162
ERROR - 2020-07-11 18:13:05 --> Severity: Warning --> Invalid argument supplied for foreach() /home/admin/domains/spshd.com/public_html/khachhang/application/views/app.php 173
ERROR - 2020-07-11 18:13:05 --> Could not find the language line "Đóng"
ERROR - 2020-07-11 18:13:05 --> Could not find the language line "Xác Nhận"
ERROR - 2020-07-11 18:13:05 --> Could not find the language line "Đóng"
ERROR - 2020-07-11 18:13:05 --> Could not find the language line "Xác Nhận"
ERROR - 2020-07-11 18:13:05 --> Could not find the language line "Đóng"
ERROR - 2020-07-11 18:13:05 --> Could not find the language line "Tải"
ERROR - 2020-07-11 18:13:58 --> Could not find the language line "Tạo Điểm Lấy Hàng"
ERROR - 2020-07-11 18:13:58 --> Could not find the language line "Tạo Đơn Hàng"
ERROR - 2020-07-11 18:13:58 --> Could not find the language line "Tải Excel"
ERROR - 2020-07-11 18:13:58 --> Could not find the language line "Đóng"
ERROR - 2020-07-11 18:13:58 --> Could not find the language line "Xác Nhận"
ERROR - 2020-07-11 18:13:58 --> Severity: Warning --> Invalid argument supplied for foreach() /home/admin/domains/spshd.com/public_html/khachhang/application/views/app.php 162
ERROR - 2020-07-11 18:13:58 --> Severity: Warning --> Invalid argument supplied for foreach() /home/admin/domains/spshd.com/public_html/khachhang/application/views/app.php 173
ERROR - 2020-07-11 18:13:58 --> Could not find the language line "Đóng"
ERROR - 2020-07-11 18:13:58 --> Could not find the language line "Xác Nhận"
ERROR - 2020-07-11 18:13:58 --> Could not find the language line "Đóng"
ERROR - 2020-07-11 18:13:58 --> Could not find the language line "Xác Nhận"
ERROR - 2020-07-11 18:13:58 --> Could not find the language line "Đóng"
ERROR - 2020-07-11 18:13:58 --> Could not find the language line "Tải"
ERROR - 2020-07-11 18:14:09 --> Could not find the language line "Tạo Điểm Lấy Hàng"
ERROR - 2020-07-11 18:14:09 --> Could not find the language line "Tạo Đơn Hàng"
ERROR - 2020-07-11 18:14:09 --> Could not find the language line "Tải Excel"
ERROR - 2020-07-11 18:14:09 --> Could not find the language line "Đóng"
ERROR - 2020-07-11 18:14:09 --> Could not find the language line "Xác Nhận"
ERROR - 2020-07-11 18:14:09 --> Severity: Warning --> Invalid argument supplied for foreach() /home/admin/domains/spshd.com/public_html/khachhang/application/views/app.php 162
ERROR - 2020-07-11 18:14:09 --> Severity: Warning --> Invalid argument supplied for foreach() /home/admin/domains/spshd.com/public_html/khachhang/application/views/app.php 173
ERROR - 2020-07-11 18:14:09 --> Could not find the language line "Đóng"
ERROR - 2020-07-11 18:14:09 --> Could not find the language line "Xác Nhận"
ERROR - 2020-07-11 18:14:09 --> Could not find the language line "Đóng"
ERROR - 2020-07-11 18:14:09 --> Could not find the language line "Xác Nhận"
ERROR - 2020-07-11 18:14:09 --> Could not find the language line "Đóng"
ERROR - 2020-07-11 18:14:09 --> Could not find the language line "Tải"
ERROR - 2020-07-11 18:15:05 --> Could not find the language line "Tạo Điểm Lấy Hàng"
ERROR - 2020-07-11 18:15:05 --> Could not find the language line "Tạo Đơn Hàng"
ERROR - 2020-07-11 18:15:05 --> Could not find the language line "Tải Excel"
ERROR - 2020-07-11 18:15:05 --> Could not find the language line "Đóng"
ERROR - 2020-07-11 18:15:05 --> Could not find the language line "Xác Nhận"
ERROR - 2020-07-11 18:15:05 --> Severity: Warning --> Invalid argument supplied for foreach() /home/admin/domains/spshd.com/public_html/khachhang/application/views/app.php 162
ERROR - 2020-07-11 18:15:05 --> Severity: Warning --> Invalid argument supplied for foreach() /home/admin/domains/spshd.com/public_html/khachhang/application/views/app.php 173
ERROR - 2020-07-11 18:15:05 --> Could not find the language line "Đóng"
ERROR - 2020-07-11 18:15:05 --> Could not find the language line "Xác Nhận"
ERROR - 2020-07-11 18:15:05 --> Could not find the language line "Đóng"
ERROR - 2020-07-11 18:15:05 --> Could not find the language line "Xác Nhận"
ERROR - 2020-07-11 18:15:05 --> Could not find the language line "Đóng"
ERROR - 2020-07-11 18:15:05 --> Could not find the language line "Tải"
ERROR - 2020-07-11 18:15:24 --> Could not find the language line "Tạo Điểm Lấy Hàng"
ERROR - 2020-07-11 18:15:24 --> Could not find the language line "Tạo Đơn Hàng"
ERROR - 2020-07-11 18:15:24 --> Could not find the language line "Tải Excel"
ERROR - 2020-07-11 18:15:24 --> Could not find the language line "Đóng"
ERROR - 2020-07-11 18:15:24 --> Could not find the language line "Xác Nhận"
ERROR - 2020-07-11 18:15:24 --> Severity: Warning --> Invalid argument supplied for foreach() /home/admin/domains/spshd.com/public_html/khachhang/application/views/app.php 162
ERROR - 2020-07-11 18:15:24 --> Severity: Warning --> Invalid argument supplied for foreach() /home/admin/domains/spshd.com/public_html/khachhang/application/views/app.php 173
ERROR - 2020-07-11 18:15:24 --> Could not find the language line "Đóng"
ERROR - 2020-07-11 18:15:24 --> Could not find the language line "Xác Nhận"
ERROR - 2020-07-11 18:15:24 --> Could not find the language line "Đóng"
ERROR - 2020-07-11 18:15:24 --> Could not find the language line "Xác Nhận"
ERROR - 2020-07-11 18:15:24 --> Could not find the language line "Đóng"
ERROR - 2020-07-11 18:15:24 --> Could not find the language line "Tải"
ERROR - 2020-07-11 18:15:59 --> Could not find the language line "Tạo Điểm Lấy Hàng"
ERROR - 2020-07-11 18:15:59 --> Could not find the language line "Tạo Đơn Hàng"
ERROR - 2020-07-11 18:15:59 --> Could not find the language line "Tải Excel"
ERROR - 2020-07-11 18:15:59 --> Could not find the language line "Đóng"
ERROR - 2020-07-11 18:15:59 --> Could not find the language line "Xác Nhận"
ERROR - 2020-07-11 18:15:59 --> Severity: Warning --> Invalid argument supplied for foreach() /home/admin/domains/spshd.com/public_html/khachhang/application/views/app.php 162
ERROR - 2020-07-11 18:15:59 --> Severity: Warning --> Invalid argument supplied for foreach() /home/admin/domains/spshd.com/public_html/khachhang/application/views/app.php 173
ERROR - 2020-07-11 18:15:59 --> Could not find the language line "Đóng"
ERROR - 2020-07-11 18:15:59 --> Could not find the language line "Xác Nhận"
ERROR - 2020-07-11 18:15:59 --> Could not find the language line "Đóng"
ERROR - 2020-07-11 18:15:59 --> Could not find the language line "Xác Nhận"
ERROR - 2020-07-11 18:15:59 --> Could not find the language line "Đóng"
ERROR - 2020-07-11 18:15:59 --> Could not find the language line "Tải"
ERROR - 2020-07-11 18:16:09 --> Could not find the language line "Tạo Điểm Lấy Hàng"
ERROR - 2020-07-11 18:16:09 --> Could not find the language line "Tạo Đơn Hàng"
ERROR - 2020-07-11 18:16:09 --> Could not find the language line "Tải Excel"
ERROR - 2020-07-11 18:16:09 --> Could not find the language line "Đóng"
ERROR - 2020-07-11 18:16:09 --> Could not find the language line "Xác Nhận"
ERROR - 2020-07-11 18:16:09 --> Severity: Warning --> Invalid argument supplied for foreach() /home/admin/domains/spshd.com/public_html/khachhang/application/views/app.php 162
ERROR - 2020-07-11 18:16:09 --> Severity: Warning --> Invalid argument supplied for foreach() /home/admin/domains/spshd.com/public_html/khachhang/application/views/app.php 173
ERROR - 2020-07-11 18:16:09 --> Could not find the language line "Đóng"
ERROR - 2020-07-11 18:16:09 --> Could not find the language line "Xác Nhận"
ERROR - 2020-07-11 18:16:09 --> Could not find the language line "Đóng"
ERROR - 2020-07-11 18:16:09 --> Could not find the language line "Xác Nhận"
ERROR - 2020-07-11 18:16:09 --> Could not find the language line "Đóng"
ERROR - 2020-07-11 18:16:09 --> Could not find the language line "Tải"
ERROR - 2020-07-11 18:20:47 --> Could not find the language line "Tạo Điểm Lấy Hàng"
ERROR - 2020-07-11 18:20:47 --> Could not find the language line "Tạo Đơn Hàng"
ERROR - 2020-07-11 18:20:47 --> Could not find the language line "Tải Excel"
ERROR - 2020-07-11 18:20:47 --> Could not find the language line "Đóng"
ERROR - 2020-07-11 18:20:47 --> Could not find the language line "Xác Nhận"
ERROR - 2020-07-11 18:20:47 --> Severity: Warning --> Invalid argument supplied for foreach() /home/admin/domains/spshd.com/public_html/khachhang/application/views/app.php 162
ERROR - 2020-07-11 18:20:47 --> Severity: Warning --> Invalid argument supplied for foreach() /home/admin/domains/spshd.com/public_html/khachhang/application/views/app.php 173
ERROR - 2020-07-11 18:20:47 --> Could not find the language line "Đóng"
ERROR - 2020-07-11 18:20:47 --> Could not find the language line "Xác Nhận"
ERROR - 2020-07-11 18:20:47 --> Could not find the language line "Đóng"
ERROR - 2020-07-11 18:20:47 --> Could not find the language line "Xác Nhận"
ERROR - 2020-07-11 18:20:47 --> Could not find the language line "Đóng"
ERROR - 2020-07-11 18:20:47 --> Could not find the language line "Tải"
ERROR - 2020-07-11 18:20:55 --> Could not find the language line "Tạo Điểm Lấy Hàng"
ERROR - 2020-07-11 18:20:55 --> Could not find the language line "Tạo Đơn Hàng"
ERROR - 2020-07-11 18:20:55 --> Could not find the language line "Tải Excel"
ERROR - 2020-07-11 18:20:55 --> Could not find the language line "Đóng"
ERROR - 2020-07-11 18:20:55 --> Could not find the language line "Xác Nhận"
ERROR - 2020-07-11 18:20:55 --> Severity: Warning --> Invalid argument supplied for foreach() /home/admin/domains/spshd.com/public_html/khachhang/application/views/app.php 162
ERROR - 2020-07-11 18:20:55 --> Severity: Warning --> Invalid argument supplied for foreach() /home/admin/domains/spshd.com/public_html/khachhang/application/views/app.php 173
ERROR - 2020-07-11 18:20:55 --> Could not find the language line "Đóng"
ERROR - 2020-07-11 18:20:55 --> Could not find the language line "Xác Nhận"
ERROR - 2020-07-11 18:20:55 --> Could not find the language line "Đóng"
ERROR - 2020-07-11 18:20:55 --> Could not find the language line "Xác Nhận"
ERROR - 2020-07-11 18:20:55 --> Could not find the language line "Đóng"
ERROR - 2020-07-11 18:20:55 --> Could not find the language line "Tải"
ERROR - 2020-07-11 12:21:35 --> Could not find the language line "Email"
ERROR - 2020-07-11 12:21:35 --> Could not find the language line "password"
ERROR - 2020-07-11 18:24:34 --> Could not find the language line "Tạo Điểm Lấy Hàng"
ERROR - 2020-07-11 18:24:34 --> Could not find the language line "Tạo Đơn Hàng"
ERROR - 2020-07-11 18:24:34 --> Could not find the language line "Tải Excel"
ERROR - 2020-07-11 18:24:34 --> Could not find the language line "Đóng"
ERROR - 2020-07-11 18:24:34 --> Could not find the language line "Xác Nhận"
ERROR - 2020-07-11 18:24:34 --> Severity: Warning --> Invalid argument supplied for foreach() /home/admin/domains/spshd.com/public_html/khachhang/application/views/app.php 162
ERROR - 2020-07-11 18:24:34 --> Severity: Warning --> Invalid argument supplied for foreach() /home/admin/domains/spshd.com/public_html/khachhang/application/views/app.php 173
ERROR - 2020-07-11 18:24:34 --> Could not find the language line "Đóng"
ERROR - 2020-07-11 18:24:34 --> Could not find the language line "Xác Nhận"
ERROR - 2020-07-11 18:24:34 --> Could not find the language line "Đóng"
ERROR - 2020-07-11 18:24:34 --> Could not find the language line "Xác Nhận"
ERROR - 2020-07-11 18:24:34 --> Could not find the language line "Đóng"
ERROR - 2020-07-11 18:24:34 --> Could not find the language line "Tải"
ERROR - 2020-07-11 18:25:43 --> Could not find the language line "Tạo Điểm Lấy Hàng"
ERROR - 2020-07-11 18:25:43 --> Could not find the language line "Tạo Đơn Hàng"
ERROR - 2020-07-11 18:25:43 --> Could not find the language line "Tải Excel"
ERROR - 2020-07-11 18:25:43 --> Could not find the language line "Đóng"
ERROR - 2020-07-11 18:25:43 --> Could not find the language line "Xác Nhận"
ERROR - 2020-07-11 18:25:43 --> Severity: Warning --> Invalid argument supplied for foreach() /home/admin/domains/spshd.com/public_html/khachhang/application/views/app.php 162
ERROR - 2020-07-11 18:25:43 --> Severity: Warning --> Invalid argument supplied for foreach() /home/admin/domains/spshd.com/public_html/khachhang/application/views/app.php 173
ERROR - 2020-07-11 18:25:43 --> Could not find the language line "Đóng"
ERROR - 2020-07-11 18:25:43 --> Could not find the language line "Xác Nhận"
ERROR - 2020-07-11 18:25:44 --> Could not find the language line "Đóng"
ERROR - 2020-07-11 18:25:44 --> Could not find the language line "Xác Nhận"
ERROR - 2020-07-11 18:25:44 --> Could not find the language line "Đóng"
ERROR - 2020-07-11 18:25:44 --> Could not find the language line "Tải"
ERROR - 2020-07-11 18:28:22 --> Could not find the language line "Tạo Điểm Lấy Hàng"
ERROR - 2020-07-11 18:28:22 --> Could not find the language line "Tạo Đơn Hàng"
ERROR - 2020-07-11 18:28:22 --> Could not find the language line "Tải Excel"
ERROR - 2020-07-11 18:28:22 --> Could not find the language line "Đóng"
ERROR - 2020-07-11 18:28:22 --> Could not find the language line "Xác Nhận"
ERROR - 2020-07-11 18:28:22 --> Severity: Warning --> Invalid argument supplied for foreach() /home/admin/domains/spshd.com/public_html/khachhang/application/views/app.php 162
ERROR - 2020-07-11 18:28:22 --> Severity: Warning --> Invalid argument supplied for foreach() /home/admin/domains/spshd.com/public_html/khachhang/application/views/app.php 173
ERROR - 2020-07-11 18:28:22 --> Could not find the language line "Đóng"
ERROR - 2020-07-11 18:28:22 --> Could not find the language line "Xác Nhận"
ERROR - 2020-07-11 18:28:22 --> Could not find the language line "Đóng"
ERROR - 2020-07-11 18:28:22 --> Could not find the language line "Xác Nhận"
ERROR - 2020-07-11 18:28:22 --> Could not find the language line "Đóng"
ERROR - 2020-07-11 18:28:22 --> Could not find the language line "Tải"
ERROR - 2020-07-11 18:33:36 --> Could not find the language line "Tạo Điểm Lấy Hàng"
ERROR - 2020-07-11 18:33:36 --> Could not find the language line "Tạo Đơn Hàng"
ERROR - 2020-07-11 18:33:36 --> Could not find the language line "Tải Excel"
ERROR - 2020-07-11 18:33:36 --> Could not find the language line "Đóng"
ERROR - 2020-07-11 18:33:36 --> Could not find the language line "Xác Nhận"
ERROR - 2020-07-11 18:33:36 --> Severity: Warning --> Invalid argument supplied for foreach() /home/admin/domains/spshd.com/public_html/khachhang/application/views/app.php 162
ERROR - 2020-07-11 18:33:36 --> Severity: Warning --> Invalid argument supplied for foreach() /home/admin/domains/spshd.com/public_html/khachhang/application/views/app.php 173
ERROR - 2020-07-11 18:33:36 --> Could not find the language line "Đóng"
ERROR - 2020-07-11 18:33:36 --> Could not find the language line "Xác Nhận"
ERROR - 2020-07-11 18:33:36 --> Could not find the language line "Đóng"
ERROR - 2020-07-11 18:33:36 --> Could not find the language line "Xác Nhận"
ERROR - 2020-07-11 18:33:36 --> Could not find the language line "Đóng"
ERROR - 2020-07-11 18:33:36 --> Could not find the language line "Tải"
ERROR - 2020-07-11 18:36:56 --> Could not find the language line "Tạo Điểm Lấy Hàng"
ERROR - 2020-07-11 18:36:56 --> Could not find the language line "Tạo Đơn Hàng"
ERROR - 2020-07-11 18:36:56 --> Could not find the language line "Tải Excel"
ERROR - 2020-07-11 18:36:56 --> Could not find the language line "Đóng"
ERROR - 2020-07-11 18:36:56 --> Could not find the language line "Xác Nhận"
ERROR - 2020-07-11 18:36:56 --> Severity: Warning --> Invalid argument supplied for foreach() /home/admin/domains/spshd.com/public_html/khachhang/application/views/app.php 162
ERROR - 2020-07-11 18:36:56 --> Severity: Warning --> Invalid argument supplied for foreach() /home/admin/domains/spshd.com/public_html/khachhang/application/views/app.php 173
ERROR - 2020-07-11 18:36:56 --> Could not find the language line "Đóng"
ERROR - 2020-07-11 18:36:56 --> Could not find the language line "Xác Nhận"
ERROR - 2020-07-11 18:36:56 --> Could not find the language line "Đóng"
ERROR - 2020-07-11 18:36:56 --> Could not find the language line "Xác Nhận"
ERROR - 2020-07-11 18:36:56 --> Could not find the language line "Đóng"
ERROR - 2020-07-11 18:36:56 --> Could not find the language line "Tải"
ERROR - 2020-07-11 18:41:56 --> Could not find the language line "Tạo Điểm Lấy Hàng"
ERROR - 2020-07-11 18:41:56 --> Could not find the language line "Tạo Đơn Hàng"
ERROR - 2020-07-11 18:41:56 --> Could not find the language line "Tải Excel"
ERROR - 2020-07-11 18:41:56 --> Could not find the language line "Đóng"
ERROR - 2020-07-11 18:41:56 --> Could not find the language line "Xác Nhận"
ERROR - 2020-07-11 18:41:56 --> Severity: Warning --> Invalid argument supplied for foreach() /home/admin/domains/spshd.com/public_html/khachhang/application/views/app.php 162
ERROR - 2020-07-11 18:41:56 --> Severity: Warning --> Invalid argument supplied for foreach() /home/admin/domains/spshd.com/public_html/khachhang/application/views/app.php 173
ERROR - 2020-07-11 18:41:56 --> Could not find the language line "Đóng"
ERROR - 2020-07-11 18:41:56 --> Could not find the language line "Xác Nhận"
ERROR - 2020-07-11 18:41:56 --> Could not find the language line "Đóng"
ERROR - 2020-07-11 18:41:56 --> Could not find the language line "Xác Nhận"
ERROR - 2020-07-11 18:41:56 --> Could not find the language line "Đóng"
ERROR - 2020-07-11 18:41:56 --> Could not find the language line "Tải"
ERROR - 2020-07-11 18:46:58 --> Could not find the language line "Tạo Điểm Lấy Hàng"
ERROR - 2020-07-11 18:46:58 --> Could not find the language line "Tạo Đơn Hàng"
ERROR - 2020-07-11 18:46:58 --> Could not find the language line "Tải Excel"
ERROR - 2020-07-11 18:46:58 --> Could not find the language line "Đóng"
ERROR - 2020-07-11 18:46:58 --> Could not find the language line "Xác Nhận"
ERROR - 2020-07-11 18:46:58 --> Severity: Warning --> Invalid argument supplied for foreach() /home/admin/domains/spshd.com/public_html/khachhang/application/views/app.php 162
ERROR - 2020-07-11 18:46:58 --> Severity: Warning --> Invalid argument supplied for foreach() /home/admin/domains/spshd.com/public_html/khachhang/application/views/app.php 173
ERROR - 2020-07-11 18:46:58 --> Could not find the language line "Đóng"
ERROR - 2020-07-11 18:46:58 --> Could not find the language line "Xác Nhận"
ERROR - 2020-07-11 18:46:58 --> Could not find the language line "Đóng"
ERROR - 2020-07-11 18:46:58 --> Could not find the language line "Xác Nhận"
ERROR - 2020-07-11 18:46:58 --> Could not find the language line "Đóng"
ERROR - 2020-07-11 18:46:58 --> Could not find the language line "Tải"
ERROR - 2020-07-11 18:50:09 --> Could not find the language line "Tạo Điểm Lấy Hàng"
ERROR - 2020-07-11 18:50:09 --> Could not find the language line "Tạo Đơn Hàng"
ERROR - 2020-07-11 18:50:09 --> Could not find the language line "Tải Excel"
ERROR - 2020-07-11 18:50:09 --> Could not find the language line "Đóng"
ERROR - 2020-07-11 18:50:09 --> Could not find the language line "Xác Nhận"
ERROR - 2020-07-11 18:50:09 --> Severity: Warning --> Invalid argument supplied for foreach() /home/admin/domains/spshd.com/public_html/khachhang/application/views/app.php 162
ERROR - 2020-07-11 18:50:09 --> Severity: Warning --> Invalid argument supplied for foreach() /home/admin/domains/spshd.com/public_html/khachhang/application/views/app.php 173
ERROR - 2020-07-11 18:50:09 --> Could not find the language line "Đóng"
ERROR - 2020-07-11 18:50:09 --> Could not find the language line "Xác Nhận"
ERROR - 2020-07-11 18:50:09 --> Could not find the language line "Đóng"
ERROR - 2020-07-11 18:50:09 --> Could not find the language line "Xác Nhận"
ERROR - 2020-07-11 18:50:09 --> Could not find the language line "Đóng"
ERROR - 2020-07-11 18:50:09 --> Could not find the language line "Tải"
ERROR - 2020-07-11 18:52:01 --> Could not find the language line "Tạo Điểm Lấy Hàng"
ERROR - 2020-07-11 18:52:01 --> Could not find the language line "Tạo Đơn Hàng"
ERROR - 2020-07-11 18:52:01 --> Could not find the language line "Tải Excel"
ERROR - 2020-07-11 18:52:01 --> Could not find the language line "Đóng"
ERROR - 2020-07-11 18:52:01 --> Could not find the language line "Xác Nhận"
ERROR - 2020-07-11 18:52:01 --> Severity: Warning --> Invalid argument supplied for foreach() /home/admin/domains/spshd.com/public_html/khachhang/application/views/app.php 162
ERROR - 2020-07-11 18:52:01 --> Severity: Warning --> Invalid argument supplied for foreach() /home/admin/domains/spshd.com/public_html/khachhang/application/views/app.php 173
ERROR - 2020-07-11 18:52:01 --> Could not find the language line "Đóng"
ERROR - 2020-07-11 18:52:01 --> Could not find the language line "Xác Nhận"
ERROR - 2020-07-11 18:52:01 --> Could not find the language line "Đóng"
ERROR - 2020-07-11 18:52:01 --> Could not find the language line "Xác Nhận"
ERROR - 2020-07-11 18:52:01 --> Could not find the language line "Đóng"
ERROR - 2020-07-11 18:52:01 --> Could not find the language line "Tải"
ERROR - 2020-07-11 18:54:12 --> Could not find the language line "Tạo Điểm Lấy Hàng"
ERROR - 2020-07-11 18:54:12 --> Could not find the language line "Tạo Đơn Hàng"
ERROR - 2020-07-11 18:54:12 --> Could not find the language line "Tải Excel"
ERROR - 2020-07-11 18:54:12 --> Could not find the language line "Đóng"
ERROR - 2020-07-11 18:54:12 --> Could not find the language line "Xác Nhận"
ERROR - 2020-07-11 18:54:12 --> Severity: Warning --> Invalid argument supplied for foreach() /home/admin/domains/spshd.com/public_html/khachhang/application/views/app.php 162
ERROR - 2020-07-11 18:54:12 --> Severity: Warning --> Invalid argument supplied for foreach() /home/admin/domains/spshd.com/public_html/khachhang/application/views/app.php 173
ERROR - 2020-07-11 18:54:12 --> Could not find the language line "Đóng"
ERROR - 2020-07-11 18:54:12 --> Could not find the language line "Xác Nhận"
ERROR - 2020-07-11 18:54:12 --> Could not find the language line "Đóng"
ERROR - 2020-07-11 18:54:12 --> Could not find the language line "Xác Nhận"
ERROR - 2020-07-11 18:54:12 --> Could not find the language line "Đóng"
ERROR - 2020-07-11 18:54:12 --> Could not find the language line "Tải"
ERROR - 2020-07-11 19:26:24 --> Could not find the language line "Tạo Điểm Lấy Hàng"
ERROR - 2020-07-11 19:26:24 --> Could not find the language line "Tạo Đơn Hàng"
ERROR - 2020-07-11 19:26:24 --> Could not find the language line "Tải Excel"
ERROR - 2020-07-11 19:26:24 --> Could not find the language line "Đóng"
ERROR - 2020-07-11 19:26:24 --> Could not find the language line "Xác Nhận"
ERROR - 2020-07-11 19:26:24 --> Severity: Warning --> Invalid argument supplied for foreach() /home/admin/domains/spshd.com/public_html/khachhang/application/views/app.php 162
ERROR - 2020-07-11 19:26:24 --> Severity: Warning --> Invalid argument supplied for foreach() /home/admin/domains/spshd.com/public_html/khachhang/application/views/app.php 173
ERROR - 2020-07-11 19:26:24 --> Could not find the language line "Đóng"
ERROR - 2020-07-11 19:26:24 --> Could not find the language line "Xác Nhận"
ERROR - 2020-07-11 19:26:24 --> Could not find the language line "Đóng"
ERROR - 2020-07-11 19:26:24 --> Could not find the language line "Xác Nhận"
ERROR - 2020-07-11 19:26:24 --> Could not find the language line "Đóng"
ERROR - 2020-07-11 19:26:24 --> Could not find the language line "Tải"
ERROR - 2020-07-11 20:00:30 --> Could not find the language line "Tạo Điểm Lấy Hàng"
ERROR - 2020-07-11 20:00:30 --> Could not find the language line "Tạo Đơn Hàng"
ERROR - 2020-07-11 20:00:30 --> Could not find the language line "Tải Excel"
ERROR - 2020-07-11 20:00:30 --> Could not find the language line "Đóng"
ERROR - 2020-07-11 20:00:30 --> Could not find the language line "Xác Nhận"
ERROR - 2020-07-11 20:00:30 --> Severity: Warning --> Invalid argument supplied for foreach() /home/admin/domains/spshd.com/public_html/khachhang/application/views/app.php 162
ERROR - 2020-07-11 20:00:30 --> Severity: Warning --> Invalid argument supplied for foreach() /home/admin/domains/spshd.com/public_html/khachhang/application/views/app.php 173
ERROR - 2020-07-11 20:00:30 --> Could not find the language line "Đóng"
ERROR - 2020-07-11 20:00:30 --> Could not find the language line "Xác Nhận"
ERROR - 2020-07-11 20:00:30 --> Could not find the language line "Đóng"
ERROR - 2020-07-11 20:00:30 --> Could not find the language line "Xác Nhận"
ERROR - 2020-07-11 20:00:30 --> Could not find the language line "Đóng"
ERROR - 2020-07-11 20:00:30 --> Could not find the language line "Tải"
ERROR - 2020-07-11 21:04:57 --> Could not find the language line "Tạo Điểm Lấy Hàng"
ERROR - 2020-07-11 21:04:57 --> Could not find the language line "Tạo Đơn Hàng"
ERROR - 2020-07-11 21:04:57 --> Could not find the language line "Tải Excel"
ERROR - 2020-07-11 21:04:57 --> Could not find the language line "Đóng"
ERROR - 2020-07-11 21:04:57 --> Could not find the language line "Xác Nhận"
ERROR - 2020-07-11 21:04:57 --> Severity: Warning --> Invalid argument supplied for foreach() /home/admin/domains/spshd.com/public_html/khachhang/application/views/app.php 162
ERROR - 2020-07-11 21:04:57 --> Severity: Warning --> Invalid argument supplied for foreach() /home/admin/domains/spshd.com/public_html/khachhang/application/views/app.php 173
ERROR - 2020-07-11 21:04:57 --> Could not find the language line "Đóng"
ERROR - 2020-07-11 21:04:57 --> Could not find the language line "Xác Nhận"
ERROR - 2020-07-11 21:04:57 --> Could not find the language line "Đóng"
ERROR - 2020-07-11 21:04:57 --> Could not find the language line "Xác Nhận"
ERROR - 2020-07-11 21:04:57 --> Could not find the language line "Đóng"
ERROR - 2020-07-11 21:04:57 --> Could not find the language line "Tải"
ERROR - 2020-07-11 21:04:57 --> Could not find the language line "Tạo Điểm Lấy Hàng"
ERROR - 2020-07-11 21:04:57 --> Could not find the language line "Tạo Đơn Hàng"
ERROR - 2020-07-11 21:04:57 --> Could not find the language line "Tải Excel"
ERROR - 2020-07-11 21:04:57 --> Could not find the language line "Đóng"
ERROR - 2020-07-11 21:04:57 --> Could not find the language line "Xác Nhận"
ERROR - 2020-07-11 21:04:57 --> Severity: Warning --> Invalid argument supplied for foreach() /home/admin/domains/spshd.com/public_html/khachhang/application/views/app.php 162
ERROR - 2020-07-11 21:04:57 --> Severity: Warning --> Invalid argument supplied for foreach() /home/admin/domains/spshd.com/public_html/khachhang/application/views/app.php 173
ERROR - 2020-07-11 21:04:57 --> Could not find the language line "Đóng"
ERROR - 2020-07-11 21:04:57 --> Could not find the language line "Xác Nhận"
ERROR - 2020-07-11 21:04:57 --> Could not find the language line "Đóng"
ERROR - 2020-07-11 21:04:57 --> Could not find the language line "Xác Nhận"
ERROR - 2020-07-11 21:04:57 --> Could not find the language line "Đóng"
ERROR - 2020-07-11 21:04:57 --> Could not find the language line "Tải"
ERROR - 2020-07-11 21:06:32 --> Could not find the language line "Tạo Điểm Lấy Hàng"
ERROR - 2020-07-11 21:06:32 --> Could not find the language line "Tạo Đơn Hàng"
ERROR - 2020-07-11 21:06:32 --> Could not find the language line "Tải Excel"
ERROR - 2020-07-11 21:06:32 --> Could not find the language line "Đóng"
ERROR - 2020-07-11 21:06:32 --> Could not find the language line "Xác Nhận"
ERROR - 2020-07-11 21:06:32 --> Severity: Warning --> Invalid argument supplied for foreach() /home/admin/domains/spshd.com/public_html/khachhang/application/views/app.php 162
ERROR - 2020-07-11 21:06:32 --> Severity: Warning --> Invalid argument supplied for foreach() /home/admin/domains/spshd.com/public_html/khachhang/application/views/app.php 173
ERROR - 2020-07-11 21:06:32 --> Could not find the language line "Đóng"
ERROR - 2020-07-11 21:06:32 --> Could not find the language line "Xác Nhận"
ERROR - 2020-07-11 21:06:32 --> Could not find the language line "Đóng"
ERROR - 2020-07-11 21:06:32 --> Could not find the language line "Xác Nhận"
ERROR - 2020-07-11 21:06:32 --> Could not find the language line "Đóng"
ERROR - 2020-07-11 21:06:32 --> Could not find the language line "Tải"
ERROR - 2020-07-11 21:07:49 --> Could not find the language line "Tạo Điểm Lấy Hàng"
ERROR - 2020-07-11 21:07:49 --> Could not find the language line "Tạo Đơn Hàng"
ERROR - 2020-07-11 21:07:49 --> Could not find the language line "Tải Excel"
ERROR - 2020-07-11 21:07:49 --> Could not find the language line "Đóng"
ERROR - 2020-07-11 21:07:49 --> Could not find the language line "Xác Nhận"
ERROR - 2020-07-11 21:07:49 --> Severity: Warning --> Invalid argument supplied for foreach() /home/admin/domains/spshd.com/public_html/khachhang/application/views/app.php 162
ERROR - 2020-07-11 21:07:49 --> Severity: Warning --> Invalid argument supplied for foreach() /home/admin/domains/spshd.com/public_html/khachhang/application/views/app.php 173
ERROR - 2020-07-11 21:07:49 --> Could not find the language line "Đóng"
ERROR - 2020-07-11 21:07:49 --> Could not find the language line "Xác Nhận"
ERROR - 2020-07-11 21:07:49 --> Could not find the language line "Đóng"
ERROR - 2020-07-11 21:07:49 --> Could not find the language line "Xác Nhận"
ERROR - 2020-07-11 21:07:49 --> Could not find the language line "Đóng"
ERROR - 2020-07-11 21:07:49 --> Could not find the language line "Tải"
ERROR - 2020-07-11 15:10:34 --> Could not find the language line "Email"
ERROR - 2020-07-11 15:10:34 --> Could not find the language line "password"
ERROR - 2020-07-11 15:11:20 --> Could not find the language line "Email"
ERROR - 2020-07-11 15:11:20 --> Could not find the language line "password"
ERROR - 2020-07-11 21:11:31 --> Could not find the language line "Tạo Điểm Lấy Hàng"
ERROR - 2020-07-11 21:11:31 --> Could not find the language line "Tạo Đơn Hàng"
ERROR - 2020-07-11 21:11:31 --> Could not find the language line "Tải Excel"
ERROR - 2020-07-11 21:11:31 --> Could not find the language line "Đóng"
ERROR - 2020-07-11 21:11:31 --> Could not find the language line "Xác Nhận"
ERROR - 2020-07-11 21:11:31 --> Severity: Warning --> Invalid argument supplied for foreach() /home/admin/domains/spshd.com/public_html/khachhang/application/views/app.php 162
ERROR - 2020-07-11 21:11:31 --> Severity: Warning --> Invalid argument supplied for foreach() /home/admin/domains/spshd.com/public_html/khachhang/application/views/app.php 173
ERROR - 2020-07-11 21:11:31 --> Could not find the language line "Đóng"
ERROR - 2020-07-11 21:11:31 --> Could not find the language line "Xác Nhận"
ERROR - 2020-07-11 21:11:31 --> Could not find the language line "Đóng"
ERROR - 2020-07-11 21:11:31 --> Could not find the language line "Xác Nhận"
ERROR - 2020-07-11 21:11:31 --> Could not find the language line "Đóng"
ERROR - 2020-07-11 21:11:31 --> Could not find the language line "Tải"
ERROR - 2020-07-11 21:20:06 --> Could not find the language line "Tạo Điểm Lấy Hàng"
ERROR - 2020-07-11 21:20:06 --> Could not find the language line "Tạo Đơn Hàng"
ERROR - 2020-07-11 21:20:06 --> Could not find the language line "Tải Excel"
ERROR - 2020-07-11 21:20:06 --> Could not find the language line "Đóng"
ERROR - 2020-07-11 21:20:06 --> Could not find the language line "Xác Nhận"
ERROR - 2020-07-11 21:20:06 --> Severity: Warning --> Invalid argument supplied for foreach() /home/admin/domains/spshd.com/public_html/khachhang/application/views/app.php 162
ERROR - 2020-07-11 21:20:06 --> Severity: Warning --> Invalid argument supplied for foreach() /home/admin/domains/spshd.com/public_html/khachhang/application/views/app.php 173
ERROR - 2020-07-11 21:20:06 --> Could not find the language line "Đóng"
ERROR - 2020-07-11 21:20:06 --> Could not find the language line "Xác Nhận"
ERROR - 2020-07-11 21:20:06 --> Could not find the language line "Đóng"
ERROR - 2020-07-11 21:20:06 --> Could not find the language line "Xác Nhận"
ERROR - 2020-07-11 21:20:06 --> Could not find the language line "Đóng"
ERROR - 2020-07-11 21:20:06 --> Could not find the language line "Tải"
ERROR - 2020-07-11 21:21:29 --> Could not find the language line "Tạo Điểm Lấy Hàng"
ERROR - 2020-07-11 21:21:29 --> Could not find the language line "Tạo Đơn Hàng"
ERROR - 2020-07-11 21:21:29 --> Could not find the language line "Tải Excel"
ERROR - 2020-07-11 21:21:29 --> Could not find the language line "Đóng"
ERROR - 2020-07-11 21:21:29 --> Could not find the language line "Xác Nhận"
ERROR - 2020-07-11 21:21:29 --> Severity: Warning --> Invalid argument supplied for foreach() /home/admin/domains/spshd.com/public_html/khachhang/application/views/app.php 162
ERROR - 2020-07-11 21:21:29 --> Severity: Warning --> Invalid argument supplied for foreach() /home/admin/domains/spshd.com/public_html/khachhang/application/views/app.php 173
ERROR - 2020-07-11 21:21:29 --> Could not find the language line "Đóng"
ERROR - 2020-07-11 21:21:29 --> Could not find the language line "Xác Nhận"
ERROR - 2020-07-11 21:21:29 --> Could not find the language line "Đóng"
ERROR - 2020-07-11 21:21:29 --> Could not find the language line "Xác Nhận"
ERROR - 2020-07-11 21:21:29 --> Could not find the language line "Đóng"
ERROR - 2020-07-11 21:21:29 --> Could not find the language line "Tải"
ERROR - 2020-07-11 21:27:33 --> Could not find the language line "Tạo Điểm Lấy Hàng"
ERROR - 2020-07-11 21:27:33 --> Could not find the language line "Tạo Đơn Hàng"
ERROR - 2020-07-11 21:27:33 --> Could not find the language line "Tải Excel"
ERROR - 2020-07-11 21:27:33 --> Could not find the language line "Đóng"
ERROR - 2020-07-11 21:27:33 --> Could not find the language line "Xác Nhận"
ERROR - 2020-07-11 21:27:33 --> Severity: Warning --> Invalid argument supplied for foreach() /home/admin/domains/spshd.com/public_html/khachhang/application/views/app.php 162
ERROR - 2020-07-11 21:27:33 --> Severity: Warning --> Invalid argument supplied for foreach() /home/admin/domains/spshd.com/public_html/khachhang/application/views/app.php 173
ERROR - 2020-07-11 21:27:33 --> Could not find the language line "Đóng"
ERROR - 2020-07-11 21:27:33 --> Could not find the language line "Xác Nhận"
ERROR - 2020-07-11 21:27:33 --> Could not find the language line "Đóng"
ERROR - 2020-07-11 21:27:33 --> Could not find the language line "Xác Nhận"
ERROR - 2020-07-11 21:27:33 --> Could not find the language line "Đóng"
ERROR - 2020-07-11 21:27:33 --> Could not find the language line "Tải"
ERROR - 2020-07-11 21:28:42 --> Could not find the language line "Tạo Điểm Lấy Hàng"
ERROR - 2020-07-11 21:28:42 --> Could not find the language line "Tạo Đơn Hàng"
ERROR - 2020-07-11 21:28:42 --> Could not find the language line "Tải Excel"
ERROR - 2020-07-11 21:28:42 --> Could not find the language line "Đóng"
ERROR - 2020-07-11 21:28:42 --> Could not find the language line "Xác Nhận"
ERROR - 2020-07-11 21:28:42 --> Severity: Warning --> Invalid argument supplied for foreach() /home/admin/domains/spshd.com/public_html/khachhang/application/views/app.php 162
ERROR - 2020-07-11 21:28:42 --> Severity: Warning --> Invalid argument supplied for foreach() /home/admin/domains/spshd.com/public_html/khachhang/application/views/app.php 173
ERROR - 2020-07-11 21:28:42 --> Could not find the language line "Đóng"
ERROR - 2020-07-11 21:28:42 --> Could not find the language line "Xác Nhận"
ERROR - 2020-07-11 21:28:42 --> Could not find the language line "Đóng"
ERROR - 2020-07-11 21:28:42 --> Could not find the language line "Xác Nhận"
ERROR - 2020-07-11 21:28:42 --> Could not find the language line "Đóng"
ERROR - 2020-07-11 21:28:42 --> Could not find the language line "Tải"
ERROR - 2020-07-11 15:48:16 --> Could not find the language line "Email"
ERROR - 2020-07-11 15:48:16 --> Could not find the language line "password"
ERROR - 2020-07-11 22:15:37 --> Could not find the language line "Tạo Điểm Lấy Hàng"
ERROR - 2020-07-11 22:15:37 --> Could not find the language line "Tạo Đơn Hàng"
ERROR - 2020-07-11 22:15:37 --> Could not find the language line "Tải Excel"
ERROR - 2020-07-11 22:15:37 --> Could not find the language line "Đóng"
ERROR - 2020-07-11 22:15:37 --> Could not find the language line "Xác Nhận"
ERROR - 2020-07-11 22:15:37 --> Severity: Warning --> Invalid argument supplied for foreach() /home/admin/domains/spshd.com/public_html/khachhang/application/views/app.php 162
ERROR - 2020-07-11 22:15:37 --> Severity: Warning --> Invalid argument supplied for foreach() /home/admin/domains/spshd.com/public_html/khachhang/application/views/app.php 173
ERROR - 2020-07-11 22:15:37 --> Could not find the language line "Đóng"
ERROR - 2020-07-11 22:15:37 --> Could not find the language line "Xác Nhận"
ERROR - 2020-07-11 22:15:37 --> Could not find the language line "Đóng"
ERROR - 2020-07-11 22:15:37 --> Could not find the language line "Xác Nhận"
ERROR - 2020-07-11 22:15:37 --> Could not find the language line "Đóng"
ERROR - 2020-07-11 22:15:37 --> Could not find the language line "Tải"
ERROR - 2020-07-11 22:41:52 --> Could not find the language line "Tạo Điểm Lấy Hàng"
ERROR - 2020-07-11 22:41:52 --> Could not find the language line "Tạo Đơn Hàng"
ERROR - 2020-07-11 22:41:52 --> Could not find the language line "Tải Excel"
ERROR - 2020-07-11 22:41:52 --> Could not find the language line "Đóng"
ERROR - 2020-07-11 22:41:52 --> Could not find the language line "Xác Nhận"
ERROR - 2020-07-11 22:41:52 --> Severity: Warning --> Invalid argument supplied for foreach() /home/admin/domains/spshd.com/public_html/khachhang/application/views/app.php 162
ERROR - 2020-07-11 22:41:52 --> Severity: Warning --> Invalid argument supplied for foreach() /home/admin/domains/spshd.com/public_html/khachhang/application/views/app.php 173
ERROR - 2020-07-11 22:41:52 --> Could not find the language line "Đóng"
ERROR - 2020-07-11 22:41:52 --> Could not find the language line "Xác Nhận"
ERROR - 2020-07-11 22:41:52 --> Could not find the language line "Đóng"
ERROR - 2020-07-11 22:41:52 --> Could not find the language line "Xác Nhận"
ERROR - 2020-07-11 22:41:52 --> Could not find the language line "Đóng"
ERROR - 2020-07-11 22:41:52 --> Could not find the language line "Tải"
ERROR - 2020-07-11 16:42:36 --> Could not find the language line "Email"
ERROR - 2020-07-11 16:42:36 --> Could not find the language line "password"
ERROR - 2020-07-11 16:42:36 --> Could not find the language line "Email"
ERROR - 2020-07-11 16:42:36 --> Could not find the language line "password"
ERROR - 2020-07-11 16:42:37 --> Could not find the language line "Email"
ERROR - 2020-07-11 16:42:37 --> Could not find the language line "password"
ERROR - 2020-07-11 16:42:38 --> Could not find the language line "Email"
ERROR - 2020-07-11 16:42:38 --> Could not find the language line "password"
ERROR - 2020-07-11 22:43:59 --> Could not find the language line "Tạo Điểm Lấy Hàng"
ERROR - 2020-07-11 22:43:59 --> Could not find the language line "Tạo Đơn Hàng"
ERROR - 2020-07-11 22:43:59 --> Could not find the language line "Tải Excel"
ERROR - 2020-07-11 22:43:59 --> Could not find the language line "Đóng"
ERROR - 2020-07-11 22:43:59 --> Could not find the language line "Xác Nhận"
ERROR - 2020-07-11 22:43:59 --> Severity: Warning --> Invalid argument supplied for foreach() /home/admin/domains/spshd.com/public_html/khachhang/application/views/app.php 162
ERROR - 2020-07-11 22:43:59 --> Severity: Warning --> Invalid argument supplied for foreach() /home/admin/domains/spshd.com/public_html/khachhang/application/views/app.php 173
ERROR - 2020-07-11 22:43:59 --> Could not find the language line "Đóng"
ERROR - 2020-07-11 22:43:59 --> Could not find the language line "Xác Nhận"
ERROR - 2020-07-11 22:43:59 --> Could not find the language line "Đóng"
ERROR - 2020-07-11 22:43:59 --> Could not find the language line "Xác Nhận"
ERROR - 2020-07-11 22:43:59 --> Could not find the language line "Đóng"
ERROR - 2020-07-11 22:43:59 --> Could not find the language line "Tải"
ERROR - 2020-07-11 22:44:10 --> Could not find the language line "Tạo Điểm Lấy Hàng"
ERROR - 2020-07-11 22:44:10 --> Could not find the language line "Tạo Đơn Hàng"
ERROR - 2020-07-11 22:44:10 --> Could not find the language line "Tải Excel"
ERROR - 2020-07-11 22:44:10 --> Could not find the language line "Đóng"
ERROR - 2020-07-11 22:44:10 --> Could not find the language line "Xác Nhận"
ERROR - 2020-07-11 22:44:10 --> Severity: Warning --> Invalid argument supplied for foreach() /home/admin/domains/spshd.com/public_html/khachhang/application/views/app.php 162
ERROR - 2020-07-11 22:44:10 --> Severity: Warning --> Invalid argument supplied for foreach() /home/admin/domains/spshd.com/public_html/khachhang/application/views/app.php 173
ERROR - 2020-07-11 22:44:10 --> Could not find the language line "Đóng"
ERROR - 2020-07-11 22:44:10 --> Could not find the language line "Xác Nhận"
ERROR - 2020-07-11 22:44:10 --> Could not find the language line "Đóng"
ERROR - 2020-07-11 22:44:10 --> Could not find the language line "Xác Nhận"
ERROR - 2020-07-11 22:44:10 --> Could not find the language line "Đóng"
ERROR - 2020-07-11 22:44:10 --> Could not find the language line "Tải"
ERROR - 2020-07-11 16:44:29 --> Could not find the language line "Email"
ERROR - 2020-07-11 16:44:29 --> Could not find the language line "password"
ERROR - 2020-07-11 22:44:37 --> Could not find the language line "Tạo Điểm Lấy Hàng"
ERROR - 2020-07-11 22:44:37 --> Could not find the language line "Tạo Đơn Hàng"
ERROR - 2020-07-11 22:44:37 --> Could not find the language line "Tải Excel"
ERROR - 2020-07-11 22:44:37 --> Could not find the language line "Đóng"
ERROR - 2020-07-11 22:44:37 --> Could not find the language line "Xác Nhận"
ERROR - 2020-07-11 22:44:37 --> Severity: Warning --> Invalid argument supplied for foreach() /home/admin/domains/spshd.com/public_html/khachhang/application/views/app.php 162
ERROR - 2020-07-11 22:44:37 --> Severity: Warning --> Invalid argument supplied for foreach() /home/admin/domains/spshd.com/public_html/khachhang/application/views/app.php 173
ERROR - 2020-07-11 22:44:37 --> Could not find the language line "Đóng"
ERROR - 2020-07-11 22:44:37 --> Could not find the language line "Xác Nhận"
ERROR - 2020-07-11 22:44:37 --> Could not find the language line "Đóng"
ERROR - 2020-07-11 22:44:37 --> Could not find the language line "Xác Nhận"
ERROR - 2020-07-11 22:44:37 --> Could not find the language line "Đóng"
ERROR - 2020-07-11 22:44:37 --> Could not find the language line "Tải"
ERROR - 2020-07-11 22:51:15 --> Could not find the language line "Tạo Điểm Lấy Hàng"
ERROR - 2020-07-11 22:51:15 --> Could not find the language line "Tạo Đơn Hàng"
ERROR - 2020-07-11 22:51:15 --> Could not find the language line "Tải Excel"
ERROR - 2020-07-11 22:51:15 --> Could not find the language line "Đóng"
ERROR - 2020-07-11 22:51:15 --> Could not find the language line "Xác Nhận"
ERROR - 2020-07-11 22:51:15 --> Severity: Warning --> Invalid argument supplied for foreach() /home/admin/domains/spshd.com/public_html/khachhang/application/views/app.php 162
ERROR - 2020-07-11 22:51:15 --> Severity: Warning --> Invalid argument supplied for foreach() /home/admin/domains/spshd.com/public_html/khachhang/application/views/app.php 173
ERROR - 2020-07-11 22:51:15 --> Could not find the language line "Đóng"
ERROR - 2020-07-11 22:51:15 --> Could not find the language line "Xác Nhận"
ERROR - 2020-07-11 22:51:15 --> Could not find the language line "Đóng"
ERROR - 2020-07-11 22:51:15 --> Could not find the language line "Xác Nhận"
ERROR - 2020-07-11 22:51:15 --> Could not find the language line "Đóng"
ERROR - 2020-07-11 22:51:15 --> Could not find the language line "Tải"
ERROR - 2020-07-11 16:51:23 --> Could not find the language line "Email"
ERROR - 2020-07-11 16:51:23 --> Could not find the language line "password"
ERROR - 2020-07-11 22:51:37 --> Could not find the language line "Tạo Điểm Lấy Hàng"
ERROR - 2020-07-11 22:51:37 --> Could not find the language line "Tạo Đơn Hàng"
ERROR - 2020-07-11 22:51:37 --> Could not find the language line "Tải Excel"
ERROR - 2020-07-11 22:51:37 --> Could not find the language line "Đóng"
ERROR - 2020-07-11 22:51:37 --> Could not find the language line "Xác Nhận"
ERROR - 2020-07-11 22:51:37 --> Severity: Warning --> Invalid argument supplied for foreach() /home/admin/domains/spshd.com/public_html/khachhang/application/views/app.php 162
ERROR - 2020-07-11 22:51:37 --> Severity: Warning --> Invalid argument supplied for foreach() /home/admin/domains/spshd.com/public_html/khachhang/application/views/app.php 173
ERROR - 2020-07-11 22:51:37 --> Could not find the language line "Đóng"
ERROR - 2020-07-11 22:51:37 --> Could not find the language line "Xác Nhận"
ERROR - 2020-07-11 22:51:37 --> Could not find the language line "Đóng"
ERROR - 2020-07-11 22:51:37 --> Could not find the language line "Xác Nhận"
ERROR - 2020-07-11 22:51:37 --> Could not find the language line "Đóng"
ERROR - 2020-07-11 22:51:37 --> Could not find the language line "Tải"
