ERROR - 2020-02-11 02:10:54 --> Could not find the language line "Tạo Điểm Lấy Hàng"
ERROR - 2020-02-11 02:10:54 --> Could not find the language line "Tạo Đơn Hàng"
ERROR - 2020-02-11 02:10:54 --> Severity: Warning --> Invalid argument supplied for foreach() /home/admin/domains/spshd.com/public_html/khachhang/application/views/tab4.php 394
ERROR - 2020-02-11 02:10:54 --> Could not find the language line "Đóng"
ERROR - 2020-02-11 02:10:54 --> Could not find the language line "Xác Nhận"
ERROR - 2020-02-11 02:10:54 --> Severity: Warning --> Invalid argument supplied for foreach() /home/admin/domains/spshd.com/public_html/khachhang/application/views/app.php 157
ERROR - 2020-02-11 02:10:54 --> Severity: Warning --> Invalid argument supplied for foreach() /home/admin/domains/spshd.com/public_html/khachhang/application/views/app.php 168
ERROR - 2020-02-11 02:10:54 --> Could not find the language line "Đóng"
ERROR - 2020-02-11 02:10:54 --> Could not find the language line "Xác Nhận"
ERROR - 2020-02-11 02:10:54 --> Could not find the language line "Đóng"
ERROR - 2020-02-11 02:10:54 --> Could not find the language line "Xác Nhận"
ERROR - 2020-02-11 03:28:56 --> Could not find the language line "Tạo Điểm Lấy Hàng"
ERROR - 2020-02-11 03:28:56 --> Could not find the language line "Tạo Đơn Hàng"
ERROR - 2020-02-11 03:28:56 --> Severity: Warning --> Invalid argument supplied for foreach() /home/admin/domains/spshd.com/public_html/khachhang/application/views/tab4.php 394
ERROR - 2020-02-11 03:28:56 --> Could not find the language line "Đóng"
ERROR - 2020-02-11 03:28:56 --> Could not find the language line "Xác Nhận"
ERROR - 2020-02-11 03:28:56 --> Severity: Warning --> Invalid argument supplied for foreach() /home/admin/domains/spshd.com/public_html/khachhang/application/views/app.php 157
ERROR - 2020-02-11 03:28:56 --> Severity: Warning --> Invalid argument supplied for foreach() /home/admin/domains/spshd.com/public_html/khachhang/application/views/app.php 168
ERROR - 2020-02-11 03:28:56 --> Could not find the language line "Đóng"
ERROR - 2020-02-11 03:28:56 --> Could not find the language line "Xác Nhận"
ERROR - 2020-02-11 03:28:56 --> Could not find the language line "Đóng"
ERROR - 2020-02-11 03:28:56 --> Could not find the language line "Xác Nhận"
ERROR - 2020-02-11 03:28:57 --> Could not find the language line "Tạo Điểm Lấy Hàng"
ERROR - 2020-02-11 03:28:57 --> Could not find the language line "Tạo Đơn Hàng"
ERROR - 2020-02-11 03:28:57 --> Severity: Warning --> Invalid argument supplied for foreach() /home/admin/domains/spshd.com/public_html/khachhang/application/views/tab4.php 394
ERROR - 2020-02-11 03:28:57 --> Could not find the language line "Đóng"
ERROR - 2020-02-11 03:28:57 --> Could not find the language line "Xác Nhận"
ERROR - 2020-02-11 03:28:57 --> Severity: Warning --> Invalid argument supplied for foreach() /home/admin/domains/spshd.com/public_html/khachhang/application/views/app.php 157
ERROR - 2020-02-11 03:28:57 --> Severity: Warning --> Invalid argument supplied for foreach() /home/admin/domains/spshd.com/public_html/khachhang/application/views/app.php 168
ERROR - 2020-02-11 03:28:57 --> Could not find the language line "Đóng"
ERROR - 2020-02-11 03:28:57 --> Could not find the language line "Xác Nhận"
ERROR - 2020-02-11 03:28:57 --> Could not find the language line "Đóng"
ERROR - 2020-02-11 03:28:57 --> Could not find the language line "Xác Nhận"
ERROR - 2020-02-11 03:47:26 --> Could not find the language line "Tạo Điểm Lấy Hàng"
ERROR - 2020-02-11 03:47:26 --> Could not find the language line "Tạo Đơn Hàng"
ERROR - 2020-02-11 03:47:26 --> Severity: Warning --> Invalid argument supplied for foreach() /home/admin/domains/spshd.com/public_html/khachhang/application/views/tab4.php 394
ERROR - 2020-02-11 03:47:26 --> Could not find the language line "Đóng"
ERROR - 2020-02-11 03:47:26 --> Could not find the language line "Xác Nhận"
ERROR - 2020-02-11 03:47:26 --> Severity: Warning --> Invalid argument supplied for foreach() /home/admin/domains/spshd.com/public_html/khachhang/application/views/app.php 157
ERROR - 2020-02-11 03:47:26 --> Severity: Warning --> Invalid argument supplied for foreach() /home/admin/domains/spshd.com/public_html/khachhang/application/views/app.php 168
ERROR - 2020-02-11 03:47:26 --> Could not find the language line "Đóng"
ERROR - 2020-02-11 03:47:26 --> Could not find the language line "Xác Nhận"
ERROR - 2020-02-11 03:47:26 --> Could not find the language line "Đóng"
ERROR - 2020-02-11 03:47:26 --> Could not find the language line "Xác Nhận"
ERROR - 2020-02-11 05:55:06 --> Could not find the language line "Tạo Điểm Lấy Hàng"
ERROR - 2020-02-11 05:55:06 --> Could not find the language line "Tạo Đơn Hàng"
ERROR - 2020-02-11 05:55:06 --> Severity: Warning --> Invalid argument supplied for foreach() /home/admin/domains/spshd.com/public_html/khachhang/application/views/tab4.php 394
ERROR - 2020-02-11 05:55:06 --> Could not find the language line "Đóng"
ERROR - 2020-02-11 05:55:06 --> Could not find the language line "Xác Nhận"
ERROR - 2020-02-11 05:55:06 --> Severity: Warning --> Invalid argument supplied for foreach() /home/admin/domains/spshd.com/public_html/khachhang/application/views/app.php 157
ERROR - 2020-02-11 05:55:06 --> Severity: Warning --> Invalid argument supplied for foreach() /home/admin/domains/spshd.com/public_html/khachhang/application/views/app.php 168
ERROR - 2020-02-11 05:55:06 --> Could not find the language line "Đóng"
ERROR - 2020-02-11 05:55:06 --> Could not find the language line "Xác Nhận"
ERROR - 2020-02-11 05:55:06 --> Could not find the language line "Đóng"
ERROR - 2020-02-11 05:55:06 --> Could not find the language line "Xác Nhận"
ERROR - 2020-02-11 06:14:34 --> Could not find the language line "Tạo Điểm Lấy Hàng"
ERROR - 2020-02-11 06:14:34 --> Could not find the language line "Tạo Đơn Hàng"
ERROR - 2020-02-11 06:14:34 --> Severity: Warning --> Invalid argument supplied for foreach() /home/admin/domains/spshd.com/public_html/khachhang/application/views/tab4.php 394
ERROR - 2020-02-11 06:14:34 --> Could not find the language line "Đóng"
ERROR - 2020-02-11 06:14:34 --> Could not find the language line "Xác Nhận"
ERROR - 2020-02-11 06:14:34 --> Severity: Warning --> Invalid argument supplied for foreach() /home/admin/domains/spshd.com/public_html/khachhang/application/views/app.php 157
ERROR - 2020-02-11 06:14:34 --> Severity: Warning --> Invalid argument supplied for foreach() /home/admin/domains/spshd.com/public_html/khachhang/application/views/app.php 168
ERROR - 2020-02-11 06:14:34 --> Could not find the language line "Đóng"
ERROR - 2020-02-11 06:14:34 --> Could not find the language line "Xác Nhận"
ERROR - 2020-02-11 06:14:34 --> Could not find the language line "Đóng"
ERROR - 2020-02-11 06:14:34 --> Could not find the language line "Xác Nhận"
ERROR - 2020-02-11 06:52:10 --> Could not find the language line "Tạo Điểm Lấy Hàng"
ERROR - 2020-02-11 06:52:10 --> Could not find the language line "Tạo Đơn Hàng"
ERROR - 2020-02-11 06:52:10 --> Severity: Warning --> Invalid argument supplied for foreach() /home/admin/domains/spshd.com/public_html/khachhang/application/views/tab4.php 394
ERROR - 2020-02-11 06:52:10 --> Could not find the language line "Đóng"
ERROR - 2020-02-11 06:52:10 --> Could not find the language line "Xác Nhận"
ERROR - 2020-02-11 06:52:10 --> Severity: Warning --> Invalid argument supplied for foreach() /home/admin/domains/spshd.com/public_html/khachhang/application/views/app.php 157
ERROR - 2020-02-11 06:52:10 --> Severity: Warning --> Invalid argument supplied for foreach() /home/admin/domains/spshd.com/public_html/khachhang/application/views/app.php 168
ERROR - 2020-02-11 06:52:10 --> Could not find the language line "Đóng"
ERROR - 2020-02-11 06:52:10 --> Could not find the language line "Xác Nhận"
ERROR - 2020-02-11 06:52:10 --> Could not find the language line "Đóng"
ERROR - 2020-02-11 06:52:10 --> Could not find the language line "Xác Nhận"
ERROR - 2020-02-11 06:53:34 --> Could not find the language line "Tạo Điểm Lấy Hàng"
ERROR - 2020-02-11 06:53:34 --> Could not find the language line "Tạo Đơn Hàng"
ERROR - 2020-02-11 06:53:34 --> Severity: Warning --> Invalid argument supplied for foreach() /home/admin/domains/spshd.com/public_html/khachhang/application/views/tab4.php 394
ERROR - 2020-02-11 06:53:34 --> Could not find the language line "Đóng"
ERROR - 2020-02-11 06:53:34 --> Could not find the language line "Xác Nhận"
ERROR - 2020-02-11 06:53:34 --> Severity: Warning --> Invalid argument supplied for foreach() /home/admin/domains/spshd.com/public_html/khachhang/application/views/app.php 157
ERROR - 2020-02-11 06:53:34 --> Severity: Warning --> Invalid argument supplied for foreach() /home/admin/domains/spshd.com/public_html/khachhang/application/views/app.php 168
ERROR - 2020-02-11 06:53:34 --> Could not find the language line "Đóng"
ERROR - 2020-02-11 06:53:34 --> Could not find the language line "Xác Nhận"
ERROR - 2020-02-11 06:53:34 --> Could not find the language line "Đóng"
ERROR - 2020-02-11 06:53:34 --> Could not find the language line "Xác Nhận"
ERROR - 2020-02-11 06:55:58 --> Could not find the language line "Tạo Điểm Lấy Hàng"
ERROR - 2020-02-11 06:55:58 --> Could not find the language line "Tạo Đơn Hàng"
ERROR - 2020-02-11 06:55:58 --> Severity: Warning --> Invalid argument supplied for foreach() /home/admin/domains/spshd.com/public_html/khachhang/application/views/tab4.php 394
ERROR - 2020-02-11 06:55:58 --> Could not find the language line "Đóng"
ERROR - 2020-02-11 06:55:58 --> Could not find the language line "Xác Nhận"
ERROR - 2020-02-11 06:55:58 --> Severity: Warning --> Invalid argument supplied for foreach() /home/admin/domains/spshd.com/public_html/khachhang/application/views/app.php 157
ERROR - 2020-02-11 06:55:58 --> Severity: Warning --> Invalid argument supplied for foreach() /home/admin/domains/spshd.com/public_html/khachhang/application/views/app.php 168
ERROR - 2020-02-11 06:55:58 --> Could not find the language line "Đóng"
ERROR - 2020-02-11 06:55:58 --> Could not find the language line "Xác Nhận"
ERROR - 2020-02-11 06:55:58 --> Could not find the language line "Đóng"
ERROR - 2020-02-11 06:55:58 --> Could not find the language line "Xác Nhận"
ERROR - 2020-02-11 08:05:59 --> Could not find the language line "Tạo Điểm Lấy Hàng"
ERROR - 2020-02-11 08:05:59 --> Could not find the language line "Tạo Đơn Hàng"
ERROR - 2020-02-11 08:05:59 --> Severity: Warning --> Invalid argument supplied for foreach() /home/admin/domains/spshd.com/public_html/khachhang/application/views/tab4.php 394
ERROR - 2020-02-11 08:05:59 --> Could not find the language line "Đóng"
ERROR - 2020-02-11 08:05:59 --> Could not find the language line "Xác Nhận"
ERROR - 2020-02-11 08:05:59 --> Severity: Warning --> Invalid argument supplied for foreach() /home/admin/domains/spshd.com/public_html/khachhang/application/views/app.php 157
ERROR - 2020-02-11 08:05:59 --> Severity: Warning --> Invalid argument supplied for foreach() /home/admin/domains/spshd.com/public_html/khachhang/application/views/app.php 168
ERROR - 2020-02-11 08:05:59 --> Could not find the language line "Đóng"
ERROR - 2020-02-11 08:05:59 --> Could not find the language line "Xác Nhận"
ERROR - 2020-02-11 08:05:59 --> Could not find the language line "Đóng"
ERROR - 2020-02-11 08:05:59 --> Could not find the language line "Xác Nhận"
ERROR - 2020-02-11 08:41:37 --> Could not find the language line "Tạo Điểm Lấy Hàng"
ERROR - 2020-02-11 08:41:37 --> Could not find the language line "Tạo Đơn Hàng"
ERROR - 2020-02-11 08:41:37 --> Severity: Warning --> Invalid argument supplied for foreach() /home/admin/domains/spshd.com/public_html/khachhang/application/views/tab4.php 394
ERROR - 2020-02-11 08:41:37 --> Could not find the language line "Đóng"
ERROR - 2020-02-11 08:41:37 --> Could not find the language line "Xác Nhận"
ERROR - 2020-02-11 08:41:37 --> Severity: Warning --> Invalid argument supplied for foreach() /home/admin/domains/spshd.com/public_html/khachhang/application/views/app.php 157
ERROR - 2020-02-11 08:41:37 --> Severity: Warning --> Invalid argument supplied for foreach() /home/admin/domains/spshd.com/public_html/khachhang/application/views/app.php 168
ERROR - 2020-02-11 08:41:37 --> Could not find the language line "Đóng"
ERROR - 2020-02-11 08:41:37 --> Could not find the language line "Xác Nhận"
ERROR - 2020-02-11 08:41:37 --> Could not find the language line "Đóng"
ERROR - 2020-02-11 08:41:37 --> Could not find the language line "Xác Nhận"
ERROR - 2020-02-11 10:36:40 --> Could not find the language line "Tạo Điểm Lấy Hàng"
ERROR - 2020-02-11 10:36:40 --> Could not find the language line "Tạo Đơn Hàng"
ERROR - 2020-02-11 10:36:40 --> Severity: Warning --> Invalid argument supplied for foreach() /home/admin/domains/spshd.com/public_html/khachhang/application/views/tab4.php 394
ERROR - 2020-02-11 10:36:40 --> Could not find the language line "Đóng"
ERROR - 2020-02-11 10:36:40 --> Could not find the language line "Xác Nhận"
ERROR - 2020-02-11 10:36:40 --> Severity: Warning --> Invalid argument supplied for foreach() /home/admin/domains/spshd.com/public_html/khachhang/application/views/app.php 157
ERROR - 2020-02-11 10:36:40 --> Severity: Warning --> Invalid argument supplied for foreach() /home/admin/domains/spshd.com/public_html/khachhang/application/views/app.php 168
ERROR - 2020-02-11 10:36:40 --> Could not find the language line "Đóng"
ERROR - 2020-02-11 10:36:40 --> Could not find the language line "Xác Nhận"
ERROR - 2020-02-11 10:36:40 --> Could not find the language line "Đóng"
ERROR - 2020-02-11 10:36:40 --> Could not find the language line "Xác Nhận"
ERROR - 2020-02-11 12:53:01 --> Could not find the language line "Tạo Điểm Lấy Hàng"
ERROR - 2020-02-11 12:53:01 --> Could not find the language line "Tạo Đơn Hàng"
ERROR - 2020-02-11 12:53:01 --> Severity: Warning --> Invalid argument supplied for foreach() /home/admin/domains/spshd.com/public_html/khachhang/application/views/tab4.php 394
ERROR - 2020-02-11 12:53:01 --> Could not find the language line "Đóng"
ERROR - 2020-02-11 12:53:01 --> Could not find the language line "Xác Nhận"
ERROR - 2020-02-11 12:53:01 --> Severity: Warning --> Invalid argument supplied for foreach() /home/admin/domains/spshd.com/public_html/khachhang/application/views/app.php 157
ERROR - 2020-02-11 12:53:01 --> Severity: Warning --> Invalid argument supplied for foreach() /home/admin/domains/spshd.com/public_html/khachhang/application/views/app.php 168
ERROR - 2020-02-11 12:53:01 --> Could not find the language line "Đóng"
ERROR - 2020-02-11 12:53:01 --> Could not find the language line "Xác Nhận"
ERROR - 2020-02-11 12:53:01 --> Could not find the language line "Đóng"
ERROR - 2020-02-11 12:53:01 --> Could not find the language line "Xác Nhận"
ERROR - 2020-02-11 13:12:08 --> Could not find the language line "Tạo Điểm Lấy Hàng"
ERROR - 2020-02-11 13:12:08 --> Could not find the language line "Tạo Đơn Hàng"
ERROR - 2020-02-11 13:12:08 --> Severity: Warning --> Invalid argument supplied for foreach() /home/admin/domains/spshd.com/public_html/khachhang/application/views/tab4.php 394
ERROR - 2020-02-11 13:12:08 --> Could not find the language line "Đóng"
ERROR - 2020-02-11 13:12:08 --> Could not find the language line "Xác Nhận"
ERROR - 2020-02-11 13:12:08 --> Severity: Warning --> Invalid argument supplied for foreach() /home/admin/domains/spshd.com/public_html/khachhang/application/views/app.php 157
ERROR - 2020-02-11 13:12:08 --> Severity: Warning --> Invalid argument supplied for foreach() /home/admin/domains/spshd.com/public_html/khachhang/application/views/app.php 168
ERROR - 2020-02-11 13:12:08 --> Could not find the language line "Đóng"
ERROR - 2020-02-11 13:12:08 --> Could not find the language line "Xác Nhận"
ERROR - 2020-02-11 13:12:08 --> Could not find the language line "Đóng"
ERROR - 2020-02-11 13:12:08 --> Could not find the language line "Xác Nhận"
ERROR - 2020-02-11 14:01:26 --> Could not find the language line "Tạo Điểm Lấy Hàng"
ERROR - 2020-02-11 14:01:26 --> Could not find the language line "Tạo Đơn Hàng"
ERROR - 2020-02-11 14:01:26 --> Severity: Warning --> Invalid argument supplied for foreach() /home/admin/domains/spshd.com/public_html/khachhang/application/views/tab4.php 394
ERROR - 2020-02-11 14:01:26 --> Could not find the language line "Đóng"
ERROR - 2020-02-11 14:01:26 --> Could not find the language line "Xác Nhận"
ERROR - 2020-02-11 14:01:26 --> Severity: Warning --> Invalid argument supplied for foreach() /home/admin/domains/spshd.com/public_html/khachhang/application/views/app.php 157
ERROR - 2020-02-11 14:01:26 --> Severity: Warning --> Invalid argument supplied for foreach() /home/admin/domains/spshd.com/public_html/khachhang/application/views/app.php 168
ERROR - 2020-02-11 14:01:26 --> Could not find the language line "Đóng"
ERROR - 2020-02-11 14:01:26 --> Could not find the language line "Xác Nhận"
ERROR - 2020-02-11 14:01:26 --> Could not find the language line "Đóng"
ERROR - 2020-02-11 14:01:26 --> Could not find the language line "Xác Nhận"
ERROR - 2020-02-11 15:56:17 --> Could not find the language line "Tạo Điểm Lấy Hàng"
ERROR - 2020-02-11 15:56:17 --> Could not find the language line "Tạo Đơn Hàng"
ERROR - 2020-02-11 15:56:17 --> Severity: Warning --> Invalid argument supplied for foreach() /home/admin/domains/spshd.com/public_html/khachhang/application/views/tab4.php 394
ERROR - 2020-02-11 15:56:17 --> Could not find the language line "Đóng"
ERROR - 2020-02-11 15:56:17 --> Could not find the language line "Xác Nhận"
ERROR - 2020-02-11 15:56:17 --> Severity: Warning --> Invalid argument supplied for foreach() /home/admin/domains/spshd.com/public_html/khachhang/application/views/app.php 157
ERROR - 2020-02-11 15:56:17 --> Severity: Warning --> Invalid argument supplied for foreach() /home/admin/domains/spshd.com/public_html/khachhang/application/views/app.php 168
ERROR - 2020-02-11 15:56:17 --> Could not find the language line "Đóng"
ERROR - 2020-02-11 15:56:17 --> Could not find the language line "Xác Nhận"
ERROR - 2020-02-11 15:56:17 --> Could not find the language line "Đóng"
ERROR - 2020-02-11 15:56:17 --> Could not find the language line "Xác Nhận"
