ERROR - 2019-11-24 03:18:42 --> Could not find the language line "Tạo Điểm Lấy Hàng"
ERROR - 2019-11-24 03:18:42 --> Could not find the language line "Tạo Đơn Hàng"
ERROR - 2019-11-24 03:18:42 --> Severity: Warning --> Invalid argument supplied for foreach() /home/admin/domains/spshd.com/public_html/khachhang/application/views/tab4.php 394
ERROR - 2019-11-24 03:18:42 --> Could not find the language line "Đóng"
ERROR - 2019-11-24 03:18:42 --> Could not find the language line "Xác Nhận"
ERROR - 2019-11-24 03:18:42 --> Severity: Warning --> Invalid argument supplied for foreach() /home/admin/domains/spshd.com/public_html/khachhang/application/views/app.php 157
ERROR - 2019-11-24 03:18:42 --> Severity: Warning --> Invalid argument supplied for foreach() /home/admin/domains/spshd.com/public_html/khachhang/application/views/app.php 168
ERROR - 2019-11-24 03:18:42 --> Could not find the language line "Đóng"
ERROR - 2019-11-24 03:18:42 --> Could not find the language line "Xác Nhận"
ERROR - 2019-11-24 03:18:42 --> Could not find the language line "Đóng"
ERROR - 2019-11-24 03:18:42 --> Could not find the language line "Xác Nhận"
ERROR - 2019-11-24 03:45:50 --> Could not find the language line "Tạo Điểm Lấy Hàng"
ERROR - 2019-11-24 03:45:50 --> Could not find the language line "Tạo Đơn Hàng"
ERROR - 2019-11-24 03:45:50 --> Severity: Warning --> Invalid argument supplied for foreach() /home/admin/domains/spshd.com/public_html/khachhang/application/views/tab4.php 394
ERROR - 2019-11-24 03:45:50 --> Could not find the language line "Đóng"
ERROR - 2019-11-24 03:45:50 --> Could not find the language line "Xác Nhận"
ERROR - 2019-11-24 03:45:50 --> Severity: Warning --> Invalid argument supplied for foreach() /home/admin/domains/spshd.com/public_html/khachhang/application/views/app.php 157
ERROR - 2019-11-24 03:45:50 --> Severity: Warning --> Invalid argument supplied for foreach() /home/admin/domains/spshd.com/public_html/khachhang/application/views/app.php 168
ERROR - 2019-11-24 03:45:50 --> Could not find the language line "Đóng"
ERROR - 2019-11-24 03:45:50 --> Could not find the language line "Xác Nhận"
ERROR - 2019-11-24 03:45:50 --> Could not find the language line "Đóng"
ERROR - 2019-11-24 03:45:50 --> Could not find the language line "Xác Nhận"
ERROR - 2019-11-24 05:42:26 --> Could not find the language line "Email"
ERROR - 2019-11-24 05:42:26 --> Could not find the language line "password"
ERROR - 2019-11-24 05:43:02 --> Could not find the language line "Tạo Điểm Lấy Hàng"
ERROR - 2019-11-24 05:43:02 --> Could not find the language line "Tạo Đơn Hàng"
ERROR - 2019-11-24 05:43:02 --> Severity: Warning --> Invalid argument supplied for foreach() /home/admin/domains/spshd.com/public_html/khachhang/application/views/tab4.php 394
ERROR - 2019-11-24 05:43:02 --> Could not find the language line "Đóng"
ERROR - 2019-11-24 05:43:02 --> Could not find the language line "Xác Nhận"
ERROR - 2019-11-24 05:43:02 --> Severity: Warning --> Invalid argument supplied for foreach() /home/admin/domains/spshd.com/public_html/khachhang/application/views/app.php 157
ERROR - 2019-11-24 05:43:02 --> Severity: Warning --> Invalid argument supplied for foreach() /home/admin/domains/spshd.com/public_html/khachhang/application/views/app.php 168
ERROR - 2019-11-24 05:43:02 --> Could not find the language line "Đóng"
ERROR - 2019-11-24 05:43:02 --> Could not find the language line "Xác Nhận"
ERROR - 2019-11-24 05:43:02 --> Could not find the language line "Đóng"
ERROR - 2019-11-24 05:43:02 --> Could not find the language line "Xác Nhận"
ERROR - 2019-11-24 06:34:15 --> Could not find the language line "Tạo Điểm Lấy Hàng"
ERROR - 2019-11-24 06:34:15 --> Could not find the language line "Tạo Đơn Hàng"
ERROR - 2019-11-24 06:34:15 --> Severity: Warning --> Invalid argument supplied for foreach() /home/admin/domains/spshd.com/public_html/khachhang/application/views/tab4.php 394
ERROR - 2019-11-24 06:34:15 --> Could not find the language line "Đóng"
ERROR - 2019-11-24 06:34:15 --> Could not find the language line "Xác Nhận"
ERROR - 2019-11-24 06:34:15 --> Severity: Warning --> Invalid argument supplied for foreach() /home/admin/domains/spshd.com/public_html/khachhang/application/views/app.php 157
ERROR - 2019-11-24 06:34:15 --> Severity: Warning --> Invalid argument supplied for foreach() /home/admin/domains/spshd.com/public_html/khachhang/application/views/app.php 168
ERROR - 2019-11-24 06:34:15 --> Could not find the language line "Đóng"
ERROR - 2019-11-24 06:34:15 --> Could not find the language line "Xác Nhận"
ERROR - 2019-11-24 06:34:15 --> Could not find the language line "Đóng"
ERROR - 2019-11-24 06:34:15 --> Could not find the language line "Xác Nhận"
ERROR - 2019-11-24 06:34:16 --> Could not find the language line "Tạo Điểm Lấy Hàng"
ERROR - 2019-11-24 06:34:16 --> Could not find the language line "Tạo Đơn Hàng"
ERROR - 2019-11-24 06:34:16 --> Severity: Warning --> Invalid argument supplied for foreach() /home/admin/domains/spshd.com/public_html/khachhang/application/views/tab4.php 394
ERROR - 2019-11-24 06:34:16 --> Could not find the language line "Đóng"
ERROR - 2019-11-24 06:34:16 --> Could not find the language line "Xác Nhận"
ERROR - 2019-11-24 06:34:16 --> Severity: Warning --> Invalid argument supplied for foreach() /home/admin/domains/spshd.com/public_html/khachhang/application/views/app.php 157
ERROR - 2019-11-24 06:34:16 --> Severity: Warning --> Invalid argument supplied for foreach() /home/admin/domains/spshd.com/public_html/khachhang/application/views/app.php 168
ERROR - 2019-11-24 06:34:16 --> Could not find the language line "Đóng"
ERROR - 2019-11-24 06:34:16 --> Could not find the language line "Xác Nhận"
ERROR - 2019-11-24 06:34:16 --> Could not find the language line "Đóng"
ERROR - 2019-11-24 06:34:16 --> Could not find the language line "Xác Nhận"
ERROR - 2019-11-24 09:36:46 --> Could not find the language line "Email"
ERROR - 2019-11-24 09:36:46 --> Could not find the language line "password"
ERROR - 2019-11-24 09:36:59 --> Could not find the language line "Email"
ERROR - 2019-11-24 09:36:59 --> Could not find the language line "password"
ERROR - 2019-11-24 09:38:23 --> Could not find the language line "Tạo Điểm Lấy Hàng"
ERROR - 2019-11-24 09:38:23 --> Could not find the language line "Tạo Đơn Hàng"
ERROR - 2019-11-24 09:38:23 --> Severity: Warning --> Invalid argument supplied for foreach() /home/admin/domains/spshd.com/public_html/khachhang/application/views/tab4.php 394
ERROR - 2019-11-24 09:38:23 --> Could not find the language line "Đóng"
ERROR - 2019-11-24 09:38:23 --> Could not find the language line "Xác Nhận"
ERROR - 2019-11-24 09:38:23 --> Severity: Warning --> Invalid argument supplied for foreach() /home/admin/domains/spshd.com/public_html/khachhang/application/views/app.php 157
ERROR - 2019-11-24 09:38:23 --> Severity: Warning --> Invalid argument supplied for foreach() /home/admin/domains/spshd.com/public_html/khachhang/application/views/app.php 168
ERROR - 2019-11-24 09:38:23 --> Could not find the language line "Đóng"
ERROR - 2019-11-24 09:38:23 --> Could not find the language line "Xác Nhận"
ERROR - 2019-11-24 09:38:23 --> Could not find the language line "Đóng"
ERROR - 2019-11-24 09:38:23 --> Could not find the language line "Xác Nhận"
ERROR - 2019-11-24 11:27:02 --> Could not find the language line "Email"
ERROR - 2019-11-24 11:27:02 --> Could not find the language line "password"
ERROR - 2019-11-24 15:32:57 --> Could not find the language line "Tạo Điểm Lấy Hàng"
ERROR - 2019-11-24 15:32:57 --> Could not find the language line "Tạo Đơn Hàng"
ERROR - 2019-11-24 15:32:57 --> Severity: Warning --> Invalid argument supplied for foreach() /home/admin/domains/spshd.com/public_html/khachhang/application/views/tab4.php 394
ERROR - 2019-11-24 15:32:57 --> Could not find the language line "Đóng"
ERROR - 2019-11-24 15:32:57 --> Could not find the language line "Xác Nhận"
ERROR - 2019-11-24 15:32:57 --> Severity: Warning --> Invalid argument supplied for foreach() /home/admin/domains/spshd.com/public_html/khachhang/application/views/app.php 157
ERROR - 2019-11-24 15:32:57 --> Severity: Warning --> Invalid argument supplied for foreach() /home/admin/domains/spshd.com/public_html/khachhang/application/views/app.php 168
ERROR - 2019-11-24 15:32:57 --> Could not find the language line "Đóng"
ERROR - 2019-11-24 15:32:57 --> Could not find the language line "Xác Nhận"
ERROR - 2019-11-24 15:32:57 --> Could not find the language line "Đóng"
ERROR - 2019-11-24 15:32:57 --> Could not find the language line "Xác Nhận"
ERROR - 2019-11-24 23:16:58 --> Could not find the language line "Email"
ERROR - 2019-11-24 23:16:58 --> Could not find the language line "password"
ERROR - 2019-11-24 23:17:58 --> Could not find the language line "Tạo Điểm Lấy Hàng"
ERROR - 2019-11-24 23:17:58 --> Could not find the language line "Tạo Đơn Hàng"
ERROR - 2019-11-24 23:17:58 --> Severity: Warning --> Invalid argument supplied for foreach() /home/admin/domains/spshd.com/public_html/khachhang/application/views/tab4.php 394
ERROR - 2019-11-24 23:17:58 --> Could not find the language line "Đóng"
ERROR - 2019-11-24 23:17:58 --> Could not find the language line "Xác Nhận"
ERROR - 2019-11-24 23:17:58 --> Severity: Warning --> Invalid argument supplied for foreach() /home/admin/domains/spshd.com/public_html/khachhang/application/views/app.php 157
ERROR - 2019-11-24 23:17:58 --> Severity: Warning --> Invalid argument supplied for foreach() /home/admin/domains/spshd.com/public_html/khachhang/application/views/app.php 168
ERROR - 2019-11-24 23:17:58 --> Could not find the language line "Đóng"
ERROR - 2019-11-24 23:17:58 --> Could not find the language line "Xác Nhận"
ERROR - 2019-11-24 23:17:58 --> Could not find the language line "Đóng"
ERROR - 2019-11-24 23:17:58 --> Could not find the language line "Xác Nhận"
