ERROR - 2019-10-05 04:52:03 --> Could not find the language line "Tạo Điểm Lấy Hàng"
ERROR - 2019-10-05 04:52:03 --> Could not find the language line "Tạo Đơn Hàng"
ERROR - 2019-10-05 04:52:03 --> Severity: Warning --> Invalid argument supplied for foreach() /home/admin/domains/spshd.com/public_html/khachhang/application/views/tab4.php 394
ERROR - 2019-10-05 04:52:03 --> Could not find the language line "Đóng"
ERROR - 2019-10-05 04:52:03 --> Could not find the language line "Xác Nhận"
ERROR - 2019-10-05 04:52:03 --> Severity: Warning --> Invalid argument supplied for foreach() /home/admin/domains/spshd.com/public_html/khachhang/application/views/app.php 157
ERROR - 2019-10-05 04:52:03 --> Severity: Warning --> Invalid argument supplied for foreach() /home/admin/domains/spshd.com/public_html/khachhang/application/views/app.php 168
ERROR - 2019-10-05 04:52:03 --> Could not find the language line "Đóng"
ERROR - 2019-10-05 04:52:03 --> Could not find the language line "Xác Nhận"
ERROR - 2019-10-05 04:52:03 --> Could not find the language line "Đóng"
ERROR - 2019-10-05 04:52:03 --> Could not find the language line "Xác Nhận"
ERROR - 2019-10-05 05:38:53 --> Could not find the language line "Tạo Điểm Lấy Hàng"
ERROR - 2019-10-05 05:38:53 --> Could not find the language line "Tạo Đơn Hàng"
ERROR - 2019-10-05 05:38:53 --> Severity: Warning --> Invalid argument supplied for foreach() /home/admin/domains/spshd.com/public_html/khachhang/application/views/tab4.php 394
ERROR - 2019-10-05 05:38:53 --> Could not find the language line "Đóng"
ERROR - 2019-10-05 05:38:53 --> Could not find the language line "Xác Nhận"
ERROR - 2019-10-05 05:38:53 --> Severity: Warning --> Invalid argument supplied for foreach() /home/admin/domains/spshd.com/public_html/khachhang/application/views/app.php 157
ERROR - 2019-10-05 05:38:53 --> Severity: Warning --> Invalid argument supplied for foreach() /home/admin/domains/spshd.com/public_html/khachhang/application/views/app.php 168
ERROR - 2019-10-05 05:38:53 --> Could not find the language line "Đóng"
ERROR - 2019-10-05 05:38:53 --> Could not find the language line "Xác Nhận"
ERROR - 2019-10-05 05:38:53 --> Could not find the language line "Đóng"
ERROR - 2019-10-05 05:38:53 --> Could not find the language line "Xác Nhận"
ERROR - 2019-10-05 05:38:54 --> Could not find the language line "Tạo Điểm Lấy Hàng"
ERROR - 2019-10-05 05:38:54 --> Could not find the language line "Tạo Đơn Hàng"
ERROR - 2019-10-05 05:38:54 --> Severity: Warning --> Invalid argument supplied for foreach() /home/admin/domains/spshd.com/public_html/khachhang/application/views/tab4.php 394
ERROR - 2019-10-05 05:38:54 --> Could not find the language line "Đóng"
ERROR - 2019-10-05 05:38:54 --> Could not find the language line "Xác Nhận"
ERROR - 2019-10-05 05:38:54 --> Severity: Warning --> Invalid argument supplied for foreach() /home/admin/domains/spshd.com/public_html/khachhang/application/views/app.php 157
ERROR - 2019-10-05 05:38:54 --> Severity: Warning --> Invalid argument supplied for foreach() /home/admin/domains/spshd.com/public_html/khachhang/application/views/app.php 168
ERROR - 2019-10-05 05:38:54 --> Could not find the language line "Đóng"
ERROR - 2019-10-05 05:38:54 --> Could not find the language line "Xác Nhận"
ERROR - 2019-10-05 05:38:54 --> Could not find the language line "Đóng"
ERROR - 2019-10-05 05:38:54 --> Could not find the language line "Xác Nhận"
ERROR - 2019-10-05 05:46:39 --> Could not find the language line "Tạo Điểm Lấy Hàng"
ERROR - 2019-10-05 05:46:39 --> Could not find the language line "Tạo Đơn Hàng"
ERROR - 2019-10-05 05:46:39 --> Severity: Warning --> Invalid argument supplied for foreach() /home/admin/domains/spshd.com/public_html/khachhang/application/views/tab4.php 394
ERROR - 2019-10-05 05:46:39 --> Could not find the language line "Đóng"
ERROR - 2019-10-05 05:46:39 --> Could not find the language line "Xác Nhận"
ERROR - 2019-10-05 05:46:39 --> Severity: Warning --> Invalid argument supplied for foreach() /home/admin/domains/spshd.com/public_html/khachhang/application/views/app.php 157
ERROR - 2019-10-05 05:46:39 --> Severity: Warning --> Invalid argument supplied for foreach() /home/admin/domains/spshd.com/public_html/khachhang/application/views/app.php 168
ERROR - 2019-10-05 05:46:39 --> Could not find the language line "Đóng"
ERROR - 2019-10-05 05:46:39 --> Could not find the language line "Xác Nhận"
ERROR - 2019-10-05 05:46:39 --> Could not find the language line "Đóng"
ERROR - 2019-10-05 05:46:39 --> Could not find the language line "Xác Nhận"
ERROR - 2019-10-05 05:46:39 --> Could not find the language line "Tạo Điểm Lấy Hàng"
ERROR - 2019-10-05 05:46:39 --> Could not find the language line "Tạo Đơn Hàng"
ERROR - 2019-10-05 05:46:39 --> Severity: Warning --> Invalid argument supplied for foreach() /home/admin/domains/spshd.com/public_html/khachhang/application/views/tab4.php 394
ERROR - 2019-10-05 05:46:39 --> Could not find the language line "Đóng"
ERROR - 2019-10-05 05:46:39 --> Could not find the language line "Xác Nhận"
ERROR - 2019-10-05 05:46:39 --> Severity: Warning --> Invalid argument supplied for foreach() /home/admin/domains/spshd.com/public_html/khachhang/application/views/app.php 157
ERROR - 2019-10-05 05:46:39 --> Severity: Warning --> Invalid argument supplied for foreach() /home/admin/domains/spshd.com/public_html/khachhang/application/views/app.php 168
ERROR - 2019-10-05 05:46:39 --> Could not find the language line "Đóng"
ERROR - 2019-10-05 05:46:39 --> Could not find the language line "Xác Nhận"
ERROR - 2019-10-05 05:46:39 --> Could not find the language line "Đóng"
ERROR - 2019-10-05 05:46:39 --> Could not find the language line "Xác Nhận"
ERROR - 2019-10-05 05:46:59 --> Could not find the language line "Tạo Điểm Lấy Hàng"
ERROR - 2019-10-05 05:46:59 --> Could not find the language line "Tạo Đơn Hàng"
ERROR - 2019-10-05 05:46:59 --> Severity: Warning --> Invalid argument supplied for foreach() /home/admin/domains/spshd.com/public_html/khachhang/application/views/tab4.php 394
ERROR - 2019-10-05 05:46:59 --> Could not find the language line "Đóng"
ERROR - 2019-10-05 05:46:59 --> Could not find the language line "Xác Nhận"
ERROR - 2019-10-05 05:46:59 --> Severity: Warning --> Invalid argument supplied for foreach() /home/admin/domains/spshd.com/public_html/khachhang/application/views/app.php 157
ERROR - 2019-10-05 05:46:59 --> Severity: Warning --> Invalid argument supplied for foreach() /home/admin/domains/spshd.com/public_html/khachhang/application/views/app.php 168
ERROR - 2019-10-05 05:46:59 --> Could not find the language line "Đóng"
ERROR - 2019-10-05 05:46:59 --> Could not find the language line "Xác Nhận"
ERROR - 2019-10-05 05:46:59 --> Could not find the language line "Đóng"
ERROR - 2019-10-05 05:46:59 --> Could not find the language line "Xác Nhận"
ERROR - 2019-10-05 05:47:22 --> Could not find the language line "Tạo Điểm Lấy Hàng"
ERROR - 2019-10-05 05:47:22 --> Could not find the language line "Tạo Đơn Hàng"
ERROR - 2019-10-05 05:47:22 --> Severity: Warning --> Invalid argument supplied for foreach() /home/admin/domains/spshd.com/public_html/khachhang/application/views/tab4.php 394
ERROR - 2019-10-05 05:47:22 --> Could not find the language line "Đóng"
ERROR - 2019-10-05 05:47:22 --> Could not find the language line "Xác Nhận"
ERROR - 2019-10-05 05:47:22 --> Severity: Warning --> Invalid argument supplied for foreach() /home/admin/domains/spshd.com/public_html/khachhang/application/views/app.php 157
ERROR - 2019-10-05 05:47:22 --> Severity: Warning --> Invalid argument supplied for foreach() /home/admin/domains/spshd.com/public_html/khachhang/application/views/app.php 168
ERROR - 2019-10-05 05:47:22 --> Could not find the language line "Đóng"
ERROR - 2019-10-05 05:47:22 --> Could not find the language line "Xác Nhận"
ERROR - 2019-10-05 05:47:22 --> Could not find the language line "Đóng"
ERROR - 2019-10-05 05:47:22 --> Could not find the language line "Xác Nhận"
ERROR - 2019-10-05 05:47:46 --> Could not find the language line "Tạo Điểm Lấy Hàng"
ERROR - 2019-10-05 05:47:46 --> Could not find the language line "Tạo Đơn Hàng"
ERROR - 2019-10-05 05:47:46 --> Severity: Warning --> Invalid argument supplied for foreach() /home/admin/domains/spshd.com/public_html/khachhang/application/views/tab4.php 394
ERROR - 2019-10-05 05:47:46 --> Could not find the language line "Đóng"
ERROR - 2019-10-05 05:47:46 --> Could not find the language line "Xác Nhận"
ERROR - 2019-10-05 05:47:46 --> Severity: Warning --> Invalid argument supplied for foreach() /home/admin/domains/spshd.com/public_html/khachhang/application/views/app.php 157
ERROR - 2019-10-05 05:47:46 --> Severity: Warning --> Invalid argument supplied for foreach() /home/admin/domains/spshd.com/public_html/khachhang/application/views/app.php 168
ERROR - 2019-10-05 05:47:46 --> Could not find the language line "Đóng"
ERROR - 2019-10-05 05:47:46 --> Could not find the language line "Xác Nhận"
ERROR - 2019-10-05 05:47:46 --> Could not find the language line "Đóng"
ERROR - 2019-10-05 05:47:46 --> Could not find the language line "Xác Nhận"
ERROR - 2019-10-05 05:47:46 --> Could not find the language line "Tạo Điểm Lấy Hàng"
ERROR - 2019-10-05 05:47:46 --> Could not find the language line "Tạo Đơn Hàng"
ERROR - 2019-10-05 05:47:46 --> Severity: Warning --> Invalid argument supplied for foreach() /home/admin/domains/spshd.com/public_html/khachhang/application/views/tab4.php 394
ERROR - 2019-10-05 05:47:46 --> Could not find the language line "Đóng"
ERROR - 2019-10-05 05:47:46 --> Could not find the language line "Xác Nhận"
ERROR - 2019-10-05 05:47:46 --> Severity: Warning --> Invalid argument supplied for foreach() /home/admin/domains/spshd.com/public_html/khachhang/application/views/app.php 157
ERROR - 2019-10-05 05:47:46 --> Severity: Warning --> Invalid argument supplied for foreach() /home/admin/domains/spshd.com/public_html/khachhang/application/views/app.php 168
ERROR - 2019-10-05 05:47:46 --> Could not find the language line "Đóng"
ERROR - 2019-10-05 05:47:46 --> Could not find the language line "Xác Nhận"
ERROR - 2019-10-05 05:47:46 --> Could not find the language line "Đóng"
ERROR - 2019-10-05 05:47:46 --> Could not find the language line "Xác Nhận"
ERROR - 2019-10-05 05:47:56 --> Could not find the language line "Tạo Điểm Lấy Hàng"
ERROR - 2019-10-05 05:47:56 --> Could not find the language line "Tạo Đơn Hàng"
ERROR - 2019-10-05 05:47:56 --> Severity: Warning --> Invalid argument supplied for foreach() /home/admin/domains/spshd.com/public_html/khachhang/application/views/tab4.php 394
ERROR - 2019-10-05 05:47:56 --> Could not find the language line "Đóng"
ERROR - 2019-10-05 05:47:56 --> Could not find the language line "Xác Nhận"
ERROR - 2019-10-05 05:47:56 --> Severity: Warning --> Invalid argument supplied for foreach() /home/admin/domains/spshd.com/public_html/khachhang/application/views/app.php 157
ERROR - 2019-10-05 05:47:56 --> Severity: Warning --> Invalid argument supplied for foreach() /home/admin/domains/spshd.com/public_html/khachhang/application/views/app.php 168
ERROR - 2019-10-05 05:47:56 --> Could not find the language line "Đóng"
ERROR - 2019-10-05 05:47:56 --> Could not find the language line "Xác Nhận"
ERROR - 2019-10-05 05:47:56 --> Could not find the language line "Đóng"
ERROR - 2019-10-05 05:47:56 --> Could not find the language line "Xác Nhận"
ERROR - 2019-10-05 05:48:41 --> Could not find the language line "Tạo Điểm Lấy Hàng"
ERROR - 2019-10-05 05:48:41 --> Could not find the language line "Tạo Đơn Hàng"
ERROR - 2019-10-05 05:48:41 --> Severity: Warning --> Invalid argument supplied for foreach() /home/admin/domains/spshd.com/public_html/khachhang/application/views/tab4.php 394
ERROR - 2019-10-05 05:48:41 --> Could not find the language line "Đóng"
ERROR - 2019-10-05 05:48:41 --> Could not find the language line "Xác Nhận"
ERROR - 2019-10-05 05:48:41 --> Severity: Warning --> Invalid argument supplied for foreach() /home/admin/domains/spshd.com/public_html/khachhang/application/views/app.php 157
ERROR - 2019-10-05 05:48:41 --> Severity: Warning --> Invalid argument supplied for foreach() /home/admin/domains/spshd.com/public_html/khachhang/application/views/app.php 168
ERROR - 2019-10-05 05:48:41 --> Could not find the language line "Đóng"
ERROR - 2019-10-05 05:48:41 --> Could not find the language line "Xác Nhận"
ERROR - 2019-10-05 05:48:41 --> Could not find the language line "Đóng"
ERROR - 2019-10-05 05:48:41 --> Could not find the language line "Xác Nhận"
ERROR - 2019-10-05 06:32:30 --> Could not find the language line "Tạo Điểm Lấy Hàng"
ERROR - 2019-10-05 06:32:30 --> Could not find the language line "Tạo Đơn Hàng"
ERROR - 2019-10-05 06:32:30 --> Severity: Warning --> Invalid argument supplied for foreach() /home/admin/domains/spshd.com/public_html/khachhang/application/views/tab4.php 394
ERROR - 2019-10-05 06:32:30 --> Could not find the language line "Đóng"
ERROR - 2019-10-05 06:32:30 --> Could not find the language line "Xác Nhận"
ERROR - 2019-10-05 06:32:30 --> Severity: Warning --> Invalid argument supplied for foreach() /home/admin/domains/spshd.com/public_html/khachhang/application/views/app.php 157
ERROR - 2019-10-05 06:32:30 --> Severity: Warning --> Invalid argument supplied for foreach() /home/admin/domains/spshd.com/public_html/khachhang/application/views/app.php 168
ERROR - 2019-10-05 06:32:30 --> Could not find the language line "Đóng"
ERROR - 2019-10-05 06:32:30 --> Could not find the language line "Xác Nhận"
ERROR - 2019-10-05 06:32:30 --> Could not find the language line "Đóng"
ERROR - 2019-10-05 06:32:30 --> Could not find the language line "Xác Nhận"
ERROR - 2019-10-05 06:32:31 --> Could not find the language line "Tạo Điểm Lấy Hàng"
ERROR - 2019-10-05 06:32:31 --> Could not find the language line "Tạo Đơn Hàng"
ERROR - 2019-10-05 06:32:31 --> Severity: Warning --> Invalid argument supplied for foreach() /home/admin/domains/spshd.com/public_html/khachhang/application/views/tab4.php 394
ERROR - 2019-10-05 06:32:31 --> Could not find the language line "Đóng"
ERROR - 2019-10-05 06:32:31 --> Could not find the language line "Xác Nhận"
ERROR - 2019-10-05 06:32:31 --> Severity: Warning --> Invalid argument supplied for foreach() /home/admin/domains/spshd.com/public_html/khachhang/application/views/app.php 157
ERROR - 2019-10-05 06:32:31 --> Severity: Warning --> Invalid argument supplied for foreach() /home/admin/domains/spshd.com/public_html/khachhang/application/views/app.php 168
ERROR - 2019-10-05 06:32:31 --> Could not find the language line "Đóng"
ERROR - 2019-10-05 06:32:31 --> Could not find the language line "Xác Nhận"
ERROR - 2019-10-05 06:32:31 --> Could not find the language line "Đóng"
ERROR - 2019-10-05 06:32:31 --> Could not find the language line "Xác Nhận"
