ERROR - 2019-10-31 02:09:12 --> Could not find the language line "Email"
ERROR - 2019-10-31 02:09:12 --> Could not find the language line "password"
ERROR - 2019-10-31 02:09:17 --> Could not find the language line "Tạo Điểm Lấy Hàng"
ERROR - 2019-10-31 02:09:17 --> Could not find the language line "Tạo Đơn Hàng"
ERROR - 2019-10-31 02:09:17 --> Severity: Warning --> Invalid argument supplied for foreach() /home/admin/domains/spshd.com/public_html/khachhang/application/views/tab4.php 394
ERROR - 2019-10-31 02:09:17 --> Could not find the language line "Đóng"
ERROR - 2019-10-31 02:09:17 --> Could not find the language line "Xác Nhận"
ERROR - 2019-10-31 02:09:17 --> Severity: Warning --> Invalid argument supplied for foreach() /home/admin/domains/spshd.com/public_html/khachhang/application/views/app.php 157
ERROR - 2019-10-31 02:09:17 --> Severity: Warning --> Invalid argument supplied for foreach() /home/admin/domains/spshd.com/public_html/khachhang/application/views/app.php 168
ERROR - 2019-10-31 02:09:17 --> Could not find the language line "Đóng"
ERROR - 2019-10-31 02:09:17 --> Could not find the language line "Xác Nhận"
ERROR - 2019-10-31 02:09:17 --> Could not find the language line "Đóng"
ERROR - 2019-10-31 02:09:17 --> Could not find the language line "Xác Nhận"
ERROR - 2019-10-31 02:14:03 --> Could not find the language line "Tạo Điểm Lấy Hàng"
ERROR - 2019-10-31 02:14:03 --> Could not find the language line "Tạo Đơn Hàng"
ERROR - 2019-10-31 02:14:03 --> Severity: Warning --> Invalid argument supplied for foreach() /home/admin/domains/spshd.com/public_html/khachhang/application/views/tab4.php 394
ERROR - 2019-10-31 02:14:03 --> Could not find the language line "Đóng"
ERROR - 2019-10-31 02:14:03 --> Could not find the language line "Xác Nhận"
ERROR - 2019-10-31 02:14:03 --> Severity: Warning --> Invalid argument supplied for foreach() /home/admin/domains/spshd.com/public_html/khachhang/application/views/app.php 157
ERROR - 2019-10-31 02:14:03 --> Severity: Warning --> Invalid argument supplied for foreach() /home/admin/domains/spshd.com/public_html/khachhang/application/views/app.php 168
ERROR - 2019-10-31 02:14:03 --> Could not find the language line "Đóng"
ERROR - 2019-10-31 02:14:03 --> Could not find the language line "Xác Nhận"
ERROR - 2019-10-31 02:14:03 --> Could not find the language line "Đóng"
ERROR - 2019-10-31 02:14:03 --> Could not find the language line "Xác Nhận"
ERROR - 2019-10-31 02:14:46 --> Could not find the language line "Tạo Điểm Lấy Hàng"
ERROR - 2019-10-31 02:14:46 --> Could not find the language line "Tạo Đơn Hàng"
ERROR - 2019-10-31 02:14:46 --> Severity: Warning --> Invalid argument supplied for foreach() /home/admin/domains/spshd.com/public_html/khachhang/application/views/tab4.php 394
ERROR - 2019-10-31 02:14:46 --> Could not find the language line "Đóng"
ERROR - 2019-10-31 02:14:46 --> Could not find the language line "Xác Nhận"
ERROR - 2019-10-31 02:14:46 --> Severity: Warning --> Invalid argument supplied for foreach() /home/admin/domains/spshd.com/public_html/khachhang/application/views/app.php 157
ERROR - 2019-10-31 02:14:46 --> Severity: Warning --> Invalid argument supplied for foreach() /home/admin/domains/spshd.com/public_html/khachhang/application/views/app.php 168
ERROR - 2019-10-31 02:14:46 --> Could not find the language line "Đóng"
ERROR - 2019-10-31 02:14:46 --> Could not find the language line "Xác Nhận"
ERROR - 2019-10-31 02:14:46 --> Could not find the language line "Đóng"
ERROR - 2019-10-31 02:14:46 --> Could not find the language line "Xác Nhận"
ERROR - 2019-10-31 02:18:43 --> Could not find the language line "Tạo Điểm Lấy Hàng"
ERROR - 2019-10-31 02:18:43 --> Could not find the language line "Tạo Đơn Hàng"
ERROR - 2019-10-31 02:18:43 --> Severity: Warning --> Invalid argument supplied for foreach() /home/admin/domains/spshd.com/public_html/khachhang/application/views/tab4.php 394
ERROR - 2019-10-31 02:18:43 --> Could not find the language line "Đóng"
ERROR - 2019-10-31 02:18:43 --> Could not find the language line "Xác Nhận"
ERROR - 2019-10-31 02:18:43 --> Severity: Warning --> Invalid argument supplied for foreach() /home/admin/domains/spshd.com/public_html/khachhang/application/views/app.php 157
ERROR - 2019-10-31 02:18:43 --> Severity: Warning --> Invalid argument supplied for foreach() /home/admin/domains/spshd.com/public_html/khachhang/application/views/app.php 168
ERROR - 2019-10-31 02:18:43 --> Could not find the language line "Đóng"
ERROR - 2019-10-31 02:18:43 --> Could not find the language line "Xác Nhận"
ERROR - 2019-10-31 02:18:43 --> Could not find the language line "Đóng"
ERROR - 2019-10-31 02:18:43 --> Could not find the language line "Xác Nhận"
ERROR - 2019-10-31 02:21:28 --> Could not find the language line "Tạo Điểm Lấy Hàng"
ERROR - 2019-10-31 02:21:28 --> Could not find the language line "Tạo Đơn Hàng"
ERROR - 2019-10-31 02:21:28 --> Severity: Warning --> Invalid argument supplied for foreach() /home/admin/domains/spshd.com/public_html/khachhang/application/views/tab4.php 394
ERROR - 2019-10-31 02:21:28 --> Could not find the language line "Đóng"
ERROR - 2019-10-31 02:21:28 --> Could not find the language line "Xác Nhận"
ERROR - 2019-10-31 02:21:28 --> Severity: Warning --> Invalid argument supplied for foreach() /home/admin/domains/spshd.com/public_html/khachhang/application/views/app.php 157
ERROR - 2019-10-31 02:21:28 --> Severity: Warning --> Invalid argument supplied for foreach() /home/admin/domains/spshd.com/public_html/khachhang/application/views/app.php 168
ERROR - 2019-10-31 02:21:28 --> Could not find the language line "Đóng"
ERROR - 2019-10-31 02:21:28 --> Could not find the language line "Xác Nhận"
ERROR - 2019-10-31 02:21:28 --> Could not find the language line "Đóng"
ERROR - 2019-10-31 02:21:28 --> Could not find the language line "Xác Nhận"
ERROR - 2019-10-31 02:21:43 --> Could not find the language line "Tạo Điểm Lấy Hàng"
ERROR - 2019-10-31 02:21:43 --> Could not find the language line "Tạo Đơn Hàng"
ERROR - 2019-10-31 02:21:43 --> Severity: Warning --> Invalid argument supplied for foreach() /home/admin/domains/spshd.com/public_html/khachhang/application/views/tab4.php 394
ERROR - 2019-10-31 02:21:43 --> Could not find the language line "Đóng"
ERROR - 2019-10-31 02:21:43 --> Could not find the language line "Xác Nhận"
ERROR - 2019-10-31 02:21:43 --> Severity: Warning --> Invalid argument supplied for foreach() /home/admin/domains/spshd.com/public_html/khachhang/application/views/app.php 157
ERROR - 2019-10-31 02:21:43 --> Severity: Warning --> Invalid argument supplied for foreach() /home/admin/domains/spshd.com/public_html/khachhang/application/views/app.php 168
ERROR - 2019-10-31 02:21:43 --> Could not find the language line "Đóng"
ERROR - 2019-10-31 02:21:43 --> Could not find the language line "Xác Nhận"
ERROR - 2019-10-31 02:21:43 --> Could not find the language line "Đóng"
ERROR - 2019-10-31 02:21:43 --> Could not find the language line "Xác Nhận"
ERROR - 2019-10-31 02:22:34 --> Could not find the language line "Tạo Điểm Lấy Hàng"
ERROR - 2019-10-31 02:22:34 --> Could not find the language line "Tạo Đơn Hàng"
ERROR - 2019-10-31 02:22:34 --> Severity: Warning --> Invalid argument supplied for foreach() /home/admin/domains/spshd.com/public_html/khachhang/application/views/tab4.php 394
ERROR - 2019-10-31 02:22:34 --> Could not find the language line "Đóng"
ERROR - 2019-10-31 02:22:34 --> Could not find the language line "Xác Nhận"
ERROR - 2019-10-31 02:22:34 --> Severity: Warning --> Invalid argument supplied for foreach() /home/admin/domains/spshd.com/public_html/khachhang/application/views/app.php 157
ERROR - 2019-10-31 02:22:34 --> Severity: Warning --> Invalid argument supplied for foreach() /home/admin/domains/spshd.com/public_html/khachhang/application/views/app.php 168
ERROR - 2019-10-31 02:22:34 --> Could not find the language line "Đóng"
ERROR - 2019-10-31 02:22:34 --> Could not find the language line "Xác Nhận"
ERROR - 2019-10-31 02:22:34 --> Could not find the language line "Đóng"
ERROR - 2019-10-31 02:22:34 --> Could not find the language line "Xác Nhận"
ERROR - 2019-10-31 02:27:13 --> Could not find the language line "Tạo Điểm Lấy Hàng"
ERROR - 2019-10-31 02:27:13 --> Could not find the language line "Tạo Đơn Hàng"
ERROR - 2019-10-31 02:27:13 --> Severity: Warning --> Invalid argument supplied for foreach() /home/admin/domains/spshd.com/public_html/khachhang/application/views/tab4.php 394
ERROR - 2019-10-31 02:27:13 --> Could not find the language line "Đóng"
ERROR - 2019-10-31 02:27:13 --> Could not find the language line "Xác Nhận"
ERROR - 2019-10-31 02:27:13 --> Severity: Warning --> Invalid argument supplied for foreach() /home/admin/domains/spshd.com/public_html/khachhang/application/views/app.php 157
ERROR - 2019-10-31 02:27:13 --> Severity: Warning --> Invalid argument supplied for foreach() /home/admin/domains/spshd.com/public_html/khachhang/application/views/app.php 168
ERROR - 2019-10-31 02:27:13 --> Could not find the language line "Đóng"
ERROR - 2019-10-31 02:27:13 --> Could not find the language line "Xác Nhận"
ERROR - 2019-10-31 02:27:13 --> Could not find the language line "Đóng"
ERROR - 2019-10-31 02:27:13 --> Could not find the language line "Xác Nhận"
ERROR - 2019-10-31 02:29:50 --> Could not find the language line "Tạo Điểm Lấy Hàng"
ERROR - 2019-10-31 02:29:50 --> Could not find the language line "Tạo Đơn Hàng"
ERROR - 2019-10-31 02:29:50 --> Severity: Warning --> Invalid argument supplied for foreach() /home/admin/domains/spshd.com/public_html/khachhang/application/views/tab4.php 394
ERROR - 2019-10-31 02:29:50 --> Could not find the language line "Đóng"
ERROR - 2019-10-31 02:29:50 --> Could not find the language line "Xác Nhận"
ERROR - 2019-10-31 02:29:50 --> Severity: Warning --> Invalid argument supplied for foreach() /home/admin/domains/spshd.com/public_html/khachhang/application/views/app.php 157
ERROR - 2019-10-31 02:29:50 --> Severity: Warning --> Invalid argument supplied for foreach() /home/admin/domains/spshd.com/public_html/khachhang/application/views/app.php 168
ERROR - 2019-10-31 02:29:50 --> Could not find the language line "Đóng"
ERROR - 2019-10-31 02:29:50 --> Could not find the language line "Xác Nhận"
ERROR - 2019-10-31 02:29:50 --> Could not find the language line "Đóng"
ERROR - 2019-10-31 02:29:50 --> Could not find the language line "Xác Nhận"
ERROR - 2019-10-31 02:30:20 --> Could not find the language line "Tạo Điểm Lấy Hàng"
ERROR - 2019-10-31 02:30:20 --> Could not find the language line "Tạo Đơn Hàng"
ERROR - 2019-10-31 02:30:20 --> Severity: Warning --> Invalid argument supplied for foreach() /home/admin/domains/spshd.com/public_html/khachhang/application/views/tab4.php 394
ERROR - 2019-10-31 02:30:20 --> Could not find the language line "Đóng"
ERROR - 2019-10-31 02:30:20 --> Could not find the language line "Xác Nhận"
ERROR - 2019-10-31 02:30:20 --> Severity: Warning --> Invalid argument supplied for foreach() /home/admin/domains/spshd.com/public_html/khachhang/application/views/app.php 157
ERROR - 2019-10-31 02:30:20 --> Severity: Warning --> Invalid argument supplied for foreach() /home/admin/domains/spshd.com/public_html/khachhang/application/views/app.php 168
ERROR - 2019-10-31 02:30:20 --> Could not find the language line "Đóng"
ERROR - 2019-10-31 02:30:20 --> Could not find the language line "Xác Nhận"
ERROR - 2019-10-31 02:30:20 --> Could not find the language line "Đóng"
ERROR - 2019-10-31 02:30:20 --> Could not find the language line "Xác Nhận"
ERROR - 2019-10-31 02:30:53 --> Could not find the language line "Tạo Điểm Lấy Hàng"
ERROR - 2019-10-31 02:30:53 --> Could not find the language line "Tạo Đơn Hàng"
ERROR - 2019-10-31 02:30:53 --> Severity: Warning --> Invalid argument supplied for foreach() /home/admin/domains/spshd.com/public_html/khachhang/application/views/tab4.php 394
ERROR - 2019-10-31 02:30:53 --> Could not find the language line "Đóng"
ERROR - 2019-10-31 02:30:53 --> Could not find the language line "Xác Nhận"
ERROR - 2019-10-31 02:30:53 --> Severity: Warning --> Invalid argument supplied for foreach() /home/admin/domains/spshd.com/public_html/khachhang/application/views/app.php 157
ERROR - 2019-10-31 02:30:53 --> Severity: Warning --> Invalid argument supplied for foreach() /home/admin/domains/spshd.com/public_html/khachhang/application/views/app.php 168
ERROR - 2019-10-31 02:30:53 --> Could not find the language line "Đóng"
ERROR - 2019-10-31 02:30:53 --> Could not find the language line "Xác Nhận"
ERROR - 2019-10-31 02:30:53 --> Could not find the language line "Đóng"
ERROR - 2019-10-31 02:30:53 --> Could not find the language line "Xác Nhận"
ERROR - 2019-10-31 03:11:46 --> Could not find the language line "Tạo Điểm Lấy Hàng"
ERROR - 2019-10-31 03:11:46 --> Could not find the language line "Tạo Đơn Hàng"
ERROR - 2019-10-31 03:11:46 --> Severity: Warning --> Invalid argument supplied for foreach() /home/admin/domains/spshd.com/public_html/khachhang/application/views/tab4.php 394
ERROR - 2019-10-31 03:11:46 --> Could not find the language line "Đóng"
ERROR - 2019-10-31 03:11:46 --> Could not find the language line "Xác Nhận"
ERROR - 2019-10-31 03:11:46 --> Severity: Warning --> Invalid argument supplied for foreach() /home/admin/domains/spshd.com/public_html/khachhang/application/views/app.php 157
ERROR - 2019-10-31 03:11:46 --> Severity: Warning --> Invalid argument supplied for foreach() /home/admin/domains/spshd.com/public_html/khachhang/application/views/app.php 168
ERROR - 2019-10-31 03:11:46 --> Could not find the language line "Đóng"
ERROR - 2019-10-31 03:11:46 --> Could not find the language line "Xác Nhận"
ERROR - 2019-10-31 03:11:46 --> Could not find the language line "Đóng"
ERROR - 2019-10-31 03:11:46 --> Could not find the language line "Xác Nhận"
ERROR - 2019-10-31 04:21:14 --> Could not find the language line "Email"
ERROR - 2019-10-31 04:21:14 --> Could not find the language line "password"
ERROR - 2019-10-31 04:21:14 --> Could not find the language line "Email"
ERROR - 2019-10-31 04:21:14 --> Could not find the language line "password"
ERROR - 2019-10-31 04:21:24 --> Could not find the language line "Email"
ERROR - 2019-10-31 04:21:24 --> Could not find the language line "password"
ERROR - 2019-10-31 04:21:37 --> Could not find the language line "Email"
ERROR - 2019-10-31 04:21:37 --> Could not find the language line "password"
ERROR - 2019-10-31 04:21:44 --> Could not find the language line "Email"
ERROR - 2019-10-31 04:21:44 --> Could not find the language line "password"
ERROR - 2019-10-31 04:21:48 --> Could not find the language line "Email"
ERROR - 2019-10-31 04:21:48 --> Could not find the language line "password"
ERROR - 2019-10-31 04:21:57 --> Could not find the language line "Email"
ERROR - 2019-10-31 04:21:57 --> Could not find the language line "password"
ERROR - 2019-10-31 04:22:11 --> Could not find the language line "Email"
ERROR - 2019-10-31 04:22:11 --> Could not find the language line "password"
ERROR - 2019-10-31 04:23:18 --> Could not find the language line "Email"
ERROR - 2019-10-31 04:23:18 --> Could not find the language line "password"
ERROR - 2019-10-31 04:23:38 --> Could not find the language line "Email"
ERROR - 2019-10-31 04:23:38 --> Could not find the language line "password"
ERROR - 2019-10-31 04:23:41 --> Could not find the language line "Email"
ERROR - 2019-10-31 04:23:41 --> Could not find the language line "password"
ERROR - 2019-10-31 04:24:12 --> Could not find the language line "Email"
ERROR - 2019-10-31 04:24:12 --> Could not find the language line "password"
ERROR - 2019-10-31 04:24:34 --> Could not find the language line "Email"
ERROR - 2019-10-31 04:24:34 --> Could not find the language line "password"
ERROR - 2019-10-31 04:24:38 --> Could not find the language line "Email"
ERROR - 2019-10-31 04:24:38 --> Could not find the language line "password"
ERROR - 2019-10-31 04:24:44 --> Could not find the language line "Email"
ERROR - 2019-10-31 04:24:44 --> Could not find the language line "password"
ERROR - 2019-10-31 04:25:09 --> Could not find the language line "Email"
ERROR - 2019-10-31 04:25:09 --> Could not find the language line "password"
ERROR - 2019-10-31 04:25:25 --> Could not find the language line "Email"
ERROR - 2019-10-31 04:25:25 --> Could not find the language line "password"
ERROR - 2019-10-31 04:25:29 --> Could not find the language line "Email"
ERROR - 2019-10-31 04:25:29 --> Could not find the language line "password"
ERROR - 2019-10-31 04:25:37 --> Could not find the language line "Email"
ERROR - 2019-10-31 04:25:37 --> Could not find the language line "password"
ERROR - 2019-10-31 04:26:14 --> Could not find the language line "Email"
ERROR - 2019-10-31 04:26:14 --> Could not find the language line "password"
ERROR - 2019-10-31 04:26:19 --> Could not find the language line "Email"
ERROR - 2019-10-31 04:26:19 --> Could not find the language line "password"
ERROR - 2019-10-31 04:26:34 --> Could not find the language line "Email"
ERROR - 2019-10-31 04:26:34 --> Could not find the language line "password"
ERROR - 2019-10-31 04:27:29 --> Could not find the language line "Email"
ERROR - 2019-10-31 04:27:29 --> Could not find the language line "password"
ERROR - 2019-10-31 04:28:47 --> Could not find the language line "Email"
ERROR - 2019-10-31 04:28:47 --> Could not find the language line "password"
ERROR - 2019-10-31 04:29:14 --> Could not find the language line "Email"
ERROR - 2019-10-31 04:29:14 --> Could not find the language line "password"
ERROR - 2019-10-31 04:29:32 --> Could not find the language line "Email"
ERROR - 2019-10-31 04:29:32 --> Could not find the language line "password"
ERROR - 2019-10-31 04:30:12 --> Could not find the language line "Email"
ERROR - 2019-10-31 04:30:12 --> Could not find the language line "password"
ERROR - 2019-10-31 04:30:23 --> Could not find the language line "Email"
ERROR - 2019-10-31 04:30:23 --> Could not find the language line "password"
ERROR - 2019-10-31 04:31:51 --> Could not find the language line "Email"
ERROR - 2019-10-31 04:31:51 --> Could not find the language line "password"
ERROR - 2019-10-31 04:32:50 --> Could not find the language line "Email"
ERROR - 2019-10-31 04:32:50 --> Could not find the language line "password"
ERROR - 2019-10-31 04:33:31 --> Could not find the language line "Email"
ERROR - 2019-10-31 04:33:31 --> Could not find the language line "password"
ERROR - 2019-10-31 04:33:57 --> Could not find the language line "Email"
ERROR - 2019-10-31 04:33:57 --> Could not find the language line "password"
ERROR - 2019-10-31 04:34:04 --> Could not find the language line "Email"
ERROR - 2019-10-31 04:34:04 --> Could not find the language line "password"
ERROR - 2019-10-31 04:34:13 --> Could not find the language line "Email"
ERROR - 2019-10-31 04:34:13 --> Could not find the language line "password"
ERROR - 2019-10-31 04:34:14 --> Could not find the language line "Email"
ERROR - 2019-10-31 04:34:14 --> Could not find the language line "password"
ERROR - 2019-10-31 04:34:24 --> Could not find the language line "Email"
ERROR - 2019-10-31 04:34:24 --> Could not find the language line "password"
ERROR - 2019-10-31 04:35:49 --> Could not find the language line "Email"
ERROR - 2019-10-31 04:35:49 --> Could not find the language line "password"
ERROR - 2019-10-31 04:38:13 --> Could not find the language line "Email"
ERROR - 2019-10-31 04:38:13 --> Could not find the language line "password"
ERROR - 2019-10-31 04:40:35 --> Could not find the language line "Email"
ERROR - 2019-10-31 04:40:35 --> Could not find the language line "password"
ERROR - 2019-10-31 07:23:10 --> Could not find the language line "Tạo Điểm Lấy Hàng"
ERROR - 2019-10-31 07:23:10 --> Could not find the language line "Tạo Đơn Hàng"
ERROR - 2019-10-31 07:23:10 --> Severity: Warning --> Invalid argument supplied for foreach() /home/admin/domains/spshd.com/public_html/khachhang/application/views/tab4.php 394
ERROR - 2019-10-31 07:23:10 --> Could not find the language line "Đóng"
ERROR - 2019-10-31 07:23:10 --> Could not find the language line "Xác Nhận"
ERROR - 2019-10-31 07:23:10 --> Severity: Warning --> Invalid argument supplied for foreach() /home/admin/domains/spshd.com/public_html/khachhang/application/views/app.php 157
ERROR - 2019-10-31 07:23:10 --> Severity: Warning --> Invalid argument supplied for foreach() /home/admin/domains/spshd.com/public_html/khachhang/application/views/app.php 168
ERROR - 2019-10-31 07:23:10 --> Could not find the language line "Đóng"
ERROR - 2019-10-31 07:23:10 --> Could not find the language line "Xác Nhận"
ERROR - 2019-10-31 07:23:10 --> Could not find the language line "Đóng"
ERROR - 2019-10-31 07:23:10 --> Could not find the language line "Xác Nhận"
ERROR - 2019-10-31 07:35:06 --> Could not find the language line "Email"
ERROR - 2019-10-31 07:35:06 --> Could not find the language line "password"
ERROR - 2019-10-31 07:35:34 --> Could not find the language line "Tạo Điểm Lấy Hàng"
ERROR - 2019-10-31 07:35:34 --> Could not find the language line "Tạo Đơn Hàng"
ERROR - 2019-10-31 07:35:34 --> Severity: Warning --> Invalid argument supplied for foreach() /home/admin/domains/spshd.com/public_html/khachhang/application/views/tab4.php 394
ERROR - 2019-10-31 07:35:34 --> Could not find the language line "Đóng"
ERROR - 2019-10-31 07:35:34 --> Could not find the language line "Xác Nhận"
ERROR - 2019-10-31 07:35:34 --> Severity: Warning --> Invalid argument supplied for foreach() /home/admin/domains/spshd.com/public_html/khachhang/application/views/app.php 157
ERROR - 2019-10-31 07:35:34 --> Severity: Warning --> Invalid argument supplied for foreach() /home/admin/domains/spshd.com/public_html/khachhang/application/views/app.php 168
ERROR - 2019-10-31 07:35:34 --> Could not find the language line "Đóng"
ERROR - 2019-10-31 07:35:34 --> Could not find the language line "Xác Nhận"
ERROR - 2019-10-31 07:35:34 --> Could not find the language line "Đóng"
ERROR - 2019-10-31 07:35:34 --> Could not find the language line "Xác Nhận"
ERROR - 2019-10-31 07:35:54 --> Could not find the language line "Tạo Điểm Lấy Hàng"
ERROR - 2019-10-31 07:35:54 --> Could not find the language line "Tạo Đơn Hàng"
ERROR - 2019-10-31 07:35:54 --> Severity: Warning --> Invalid argument supplied for foreach() /home/admin/domains/spshd.com/public_html/khachhang/application/views/tab4.php 394
ERROR - 2019-10-31 07:35:54 --> Could not find the language line "Đóng"
ERROR - 2019-10-31 07:35:54 --> Could not find the language line "Xác Nhận"
ERROR - 2019-10-31 07:35:54 --> Severity: Warning --> Invalid argument supplied for foreach() /home/admin/domains/spshd.com/public_html/khachhang/application/views/app.php 157
ERROR - 2019-10-31 07:35:54 --> Severity: Warning --> Invalid argument supplied for foreach() /home/admin/domains/spshd.com/public_html/khachhang/application/views/app.php 168
ERROR - 2019-10-31 07:35:54 --> Could not find the language line "Đóng"
ERROR - 2019-10-31 07:35:54 --> Could not find the language line "Xác Nhận"
ERROR - 2019-10-31 07:35:54 --> Could not find the language line "Đóng"
ERROR - 2019-10-31 07:35:54 --> Could not find the language line "Xác Nhận"
ERROR - 2019-10-31 07:36:43 --> Could not find the language line "Email"
ERROR - 2019-10-31 07:36:43 --> Could not find the language line "password"
ERROR - 2019-10-31 07:37:55 --> Could not find the language line "Email"
ERROR - 2019-10-31 07:37:55 --> Could not find the language line "password"
ERROR - 2019-10-31 07:41:21 --> Could not find the language line "Tạo Điểm Lấy Hàng"
ERROR - 2019-10-31 07:41:21 --> Could not find the language line "Tạo Đơn Hàng"
ERROR - 2019-10-31 07:41:21 --> Severity: Warning --> Invalid argument supplied for foreach() /home/admin/domains/spshd.com/public_html/khachhang/application/views/tab4.php 394
ERROR - 2019-10-31 07:41:21 --> Could not find the language line "Đóng"
ERROR - 2019-10-31 07:41:21 --> Could not find the language line "Xác Nhận"
ERROR - 2019-10-31 07:41:21 --> Severity: Warning --> Invalid argument supplied for foreach() /home/admin/domains/spshd.com/public_html/khachhang/application/views/app.php 157
ERROR - 2019-10-31 07:41:21 --> Severity: Warning --> Invalid argument supplied for foreach() /home/admin/domains/spshd.com/public_html/khachhang/application/views/app.php 168
ERROR - 2019-10-31 07:41:21 --> Could not find the language line "Đóng"
ERROR - 2019-10-31 07:41:21 --> Could not find the language line "Xác Nhận"
ERROR - 2019-10-31 07:41:21 --> Could not find the language line "Đóng"
ERROR - 2019-10-31 07:41:21 --> Could not find the language line "Xác Nhận"
ERROR - 2019-10-31 07:42:29 --> Could not find the language line "Email"
ERROR - 2019-10-31 07:42:29 --> Could not find the language line "password"
ERROR - 2019-10-31 07:43:10 --> Could not find the language line "Email"
ERROR - 2019-10-31 07:43:10 --> Could not find the language line "password"
ERROR - 2019-10-31 07:43:52 --> Could not find the language line "Tạo Điểm Lấy Hàng"
ERROR - 2019-10-31 07:43:52 --> Could not find the language line "Tạo Đơn Hàng"
ERROR - 2019-10-31 07:43:52 --> Severity: Warning --> Invalid argument supplied for foreach() /home/admin/domains/spshd.com/public_html/khachhang/application/views/tab4.php 394
ERROR - 2019-10-31 07:43:52 --> Could not find the language line "Đóng"
ERROR - 2019-10-31 07:43:52 --> Could not find the language line "Xác Nhận"
ERROR - 2019-10-31 07:43:52 --> Severity: Warning --> Invalid argument supplied for foreach() /home/admin/domains/spshd.com/public_html/khachhang/application/views/app.php 157
ERROR - 2019-10-31 07:43:52 --> Severity: Warning --> Invalid argument supplied for foreach() /home/admin/domains/spshd.com/public_html/khachhang/application/views/app.php 168
ERROR - 2019-10-31 07:43:52 --> Could not find the language line "Đóng"
ERROR - 2019-10-31 07:43:52 --> Could not find the language line "Xác Nhận"
ERROR - 2019-10-31 07:43:52 --> Could not find the language line "Đóng"
ERROR - 2019-10-31 07:43:52 --> Could not find the language line "Xác Nhận"
ERROR - 2019-10-31 07:43:54 --> Could not find the language line "Tạo Điểm Lấy Hàng"
ERROR - 2019-10-31 07:43:54 --> Could not find the language line "Tạo Đơn Hàng"
ERROR - 2019-10-31 07:43:54 --> Severity: Warning --> Invalid argument supplied for foreach() /home/admin/domains/spshd.com/public_html/khachhang/application/views/tab4.php 394
ERROR - 2019-10-31 07:43:54 --> Could not find the language line "Đóng"
ERROR - 2019-10-31 07:43:54 --> Could not find the language line "Xác Nhận"
ERROR - 2019-10-31 07:43:54 --> Severity: Warning --> Invalid argument supplied for foreach() /home/admin/domains/spshd.com/public_html/khachhang/application/views/app.php 157
ERROR - 2019-10-31 07:43:54 --> Severity: Warning --> Invalid argument supplied for foreach() /home/admin/domains/spshd.com/public_html/khachhang/application/views/app.php 168
ERROR - 2019-10-31 07:43:54 --> Could not find the language line "Đóng"
ERROR - 2019-10-31 07:43:54 --> Could not find the language line "Xác Nhận"
ERROR - 2019-10-31 07:43:54 --> Could not find the language line "Đóng"
ERROR - 2019-10-31 07:43:54 --> Could not find the language line "Xác Nhận"
ERROR - 2019-10-31 07:44:23 --> Could not find the language line "Email"
ERROR - 2019-10-31 07:44:23 --> Could not find the language line "password"
ERROR - 2019-10-31 07:45:50 --> Could not find the language line "Tạo Điểm Lấy Hàng"
ERROR - 2019-10-31 07:45:50 --> Could not find the language line "Tạo Đơn Hàng"
ERROR - 2019-10-31 07:45:50 --> Severity: Warning --> Invalid argument supplied for foreach() /home/admin/domains/spshd.com/public_html/khachhang/application/views/tab4.php 394
ERROR - 2019-10-31 07:45:50 --> Could not find the language line "Đóng"
ERROR - 2019-10-31 07:45:50 --> Could not find the language line "Xác Nhận"
ERROR - 2019-10-31 07:45:50 --> Severity: Warning --> Invalid argument supplied for foreach() /home/admin/domains/spshd.com/public_html/khachhang/application/views/app.php 157
ERROR - 2019-10-31 07:45:50 --> Severity: Warning --> Invalid argument supplied for foreach() /home/admin/domains/spshd.com/public_html/khachhang/application/views/app.php 168
ERROR - 2019-10-31 07:45:50 --> Could not find the language line "Đóng"
ERROR - 2019-10-31 07:45:50 --> Could not find the language line "Xác Nhận"
ERROR - 2019-10-31 07:45:50 --> Could not find the language line "Đóng"
ERROR - 2019-10-31 07:45:50 --> Could not find the language line "Xác Nhận"
ERROR - 2019-10-31 07:45:52 --> Could not find the language line "Tạo Điểm Lấy Hàng"
ERROR - 2019-10-31 07:45:52 --> Could not find the language line "Tạo Đơn Hàng"
ERROR - 2019-10-31 07:45:52 --> Severity: Warning --> Invalid argument supplied for foreach() /home/admin/domains/spshd.com/public_html/khachhang/application/views/tab4.php 394
ERROR - 2019-10-31 07:45:52 --> Could not find the language line "Đóng"
ERROR - 2019-10-31 07:45:52 --> Could not find the language line "Xác Nhận"
ERROR - 2019-10-31 07:45:52 --> Severity: Warning --> Invalid argument supplied for foreach() /home/admin/domains/spshd.com/public_html/khachhang/application/views/app.php 157
ERROR - 2019-10-31 07:45:52 --> Severity: Warning --> Invalid argument supplied for foreach() /home/admin/domains/spshd.com/public_html/khachhang/application/views/app.php 168
ERROR - 2019-10-31 07:45:52 --> Could not find the language line "Đóng"
ERROR - 2019-10-31 07:45:52 --> Could not find the language line "Xác Nhận"
ERROR - 2019-10-31 07:45:52 --> Could not find the language line "Đóng"
ERROR - 2019-10-31 07:45:52 --> Could not find the language line "Xác Nhận"
ERROR - 2019-10-31 08:07:13 --> Could not find the language line "Tạo Điểm Lấy Hàng"
ERROR - 2019-10-31 08:07:13 --> Could not find the language line "Tạo Đơn Hàng"
ERROR - 2019-10-31 08:07:13 --> Severity: Warning --> Invalid argument supplied for foreach() /home/admin/domains/spshd.com/public_html/khachhang/application/views/tab4.php 394
ERROR - 2019-10-31 08:07:13 --> Could not find the language line "Đóng"
ERROR - 2019-10-31 08:07:13 --> Could not find the language line "Xác Nhận"
ERROR - 2019-10-31 08:07:13 --> Severity: Warning --> Invalid argument supplied for foreach() /home/admin/domains/spshd.com/public_html/khachhang/application/views/app.php 157
ERROR - 2019-10-31 08:07:13 --> Severity: Warning --> Invalid argument supplied for foreach() /home/admin/domains/spshd.com/public_html/khachhang/application/views/app.php 168
ERROR - 2019-10-31 08:07:13 --> Could not find the language line "Đóng"
ERROR - 2019-10-31 08:07:13 --> Could not find the language line "Xác Nhận"
ERROR - 2019-10-31 08:07:13 --> Could not find the language line "Đóng"
ERROR - 2019-10-31 08:07:13 --> Could not find the language line "Xác Nhận"
ERROR - 2019-10-31 09:08:29 --> Could not find the language line "Tạo Điểm Lấy Hàng"
ERROR - 2019-10-31 09:08:29 --> Could not find the language line "Tạo Đơn Hàng"
ERROR - 2019-10-31 09:08:29 --> Severity: Warning --> Invalid argument supplied for foreach() /home/admin/domains/spshd.com/public_html/khachhang/application/views/tab4.php 394
ERROR - 2019-10-31 09:08:29 --> Could not find the language line "Đóng"
ERROR - 2019-10-31 09:08:29 --> Could not find the language line "Xác Nhận"
ERROR - 2019-10-31 09:08:29 --> Severity: Warning --> Invalid argument supplied for foreach() /home/admin/domains/spshd.com/public_html/khachhang/application/views/app.php 157
ERROR - 2019-10-31 09:08:29 --> Severity: Warning --> Invalid argument supplied for foreach() /home/admin/domains/spshd.com/public_html/khachhang/application/views/app.php 168
ERROR - 2019-10-31 09:08:29 --> Could not find the language line "Đóng"
ERROR - 2019-10-31 09:08:29 --> Could not find the language line "Xác Nhận"
ERROR - 2019-10-31 09:08:29 --> Could not find the language line "Đóng"
ERROR - 2019-10-31 09:08:29 --> Could not find the language line "Xác Nhận"
ERROR - 2019-10-31 09:11:47 --> Could not find the language line "Email"
ERROR - 2019-10-31 09:11:47 --> Could not find the language line "password"
ERROR - 2019-10-31 12:30:27 --> Could not find the language line "Email"
ERROR - 2019-10-31 12:30:27 --> Could not find the language line "password"
ERROR - 2019-10-31 12:30:28 --> Could not find the language line "Email"
ERROR - 2019-10-31 12:30:28 --> Could not find the language line "password"
ERROR - 2019-10-31 13:29:30 --> Could not find the language line "Email"
ERROR - 2019-10-31 13:29:30 --> Could not find the language line "password"
ERROR - 2019-10-31 13:30:21 --> Could not find the language line "Email"
ERROR - 2019-10-31 13:30:21 --> Could not find the language line "password"
ERROR - 2019-10-31 13:34:14 --> Could not find the language line "Email"
ERROR - 2019-10-31 13:34:14 --> Could not find the language line "password"
ERROR - 2019-10-31 13:37:58 --> Could not find the language line "Email"
ERROR - 2019-10-31 13:37:58 --> Could not find the language line "password"
ERROR - 2019-10-31 13:49:10 --> Could not find the language line "Email"
ERROR - 2019-10-31 13:49:10 --> Could not find the language line "password"
ERROR - 2019-10-31 14:16:17 --> Could not find the language line "Email"
ERROR - 2019-10-31 14:16:17 --> Could not find the language line "password"
ERROR - 2019-10-31 14:20:09 --> Could not find the language line "Email"
ERROR - 2019-10-31 14:20:09 --> Could not find the language line "password"
ERROR - 2019-10-31 14:21:13 --> Could not find the language line "Email"
ERROR - 2019-10-31 14:21:13 --> Could not find the language line "password"
ERROR - 2019-10-31 14:21:29 --> Could not find the language line "Email"
ERROR - 2019-10-31 14:21:29 --> Could not find the language line "password"
ERROR - 2019-10-31 14:21:41 --> Could not find the language line "Email"
ERROR - 2019-10-31 14:21:41 --> Could not find the language line "password"
ERROR - 2019-10-31 14:25:40 --> Could not find the language line "Email"
ERROR - 2019-10-31 14:25:40 --> Could not find the language line "password"
ERROR - 2019-10-31 14:29:21 --> Could not find the language line "Email"
ERROR - 2019-10-31 14:29:21 --> Could not find the language line "password"
ERROR - 2019-10-31 14:32:06 --> Could not find the language line "Tạo Điểm Lấy Hàng"
ERROR - 2019-10-31 14:32:06 --> Could not find the language line "Tạo Đơn Hàng"
ERROR - 2019-10-31 14:32:06 --> Severity: Warning --> Invalid argument supplied for foreach() /home/admin/domains/spshd.com/public_html/khachhang/application/views/tab4.php 394
ERROR - 2019-10-31 14:32:06 --> Could not find the language line "Đóng"
ERROR - 2019-10-31 14:32:06 --> Could not find the language line "Xác Nhận"
ERROR - 2019-10-31 14:32:06 --> Severity: Warning --> Invalid argument supplied for foreach() /home/admin/domains/spshd.com/public_html/khachhang/application/views/app.php 157
ERROR - 2019-10-31 14:32:06 --> Severity: Warning --> Invalid argument supplied for foreach() /home/admin/domains/spshd.com/public_html/khachhang/application/views/app.php 168
ERROR - 2019-10-31 14:32:06 --> Could not find the language line "Đóng"
ERROR - 2019-10-31 14:32:06 --> Could not find the language line "Xác Nhận"
ERROR - 2019-10-31 14:32:06 --> Could not find the language line "Đóng"
ERROR - 2019-10-31 14:32:06 --> Could not find the language line "Xác Nhận"
ERROR - 2019-10-31 14:38:34 --> Could not find the language line "Tạo Điểm Lấy Hàng"
ERROR - 2019-10-31 14:38:34 --> Could not find the language line "Tạo Đơn Hàng"
ERROR - 2019-10-31 14:38:34 --> Severity: Warning --> Invalid argument supplied for foreach() /home/admin/domains/spshd.com/public_html/khachhang/application/views/tab4.php 394
ERROR - 2019-10-31 14:38:34 --> Could not find the language line "Đóng"
ERROR - 2019-10-31 14:38:34 --> Could not find the language line "Xác Nhận"
ERROR - 2019-10-31 14:38:34 --> Severity: Warning --> Invalid argument supplied for foreach() /home/admin/domains/spshd.com/public_html/khachhang/application/views/app.php 157
ERROR - 2019-10-31 14:38:34 --> Severity: Warning --> Invalid argument supplied for foreach() /home/admin/domains/spshd.com/public_html/khachhang/application/views/app.php 168
ERROR - 2019-10-31 14:38:34 --> Could not find the language line "Đóng"
ERROR - 2019-10-31 14:38:34 --> Could not find the language line "Xác Nhận"
ERROR - 2019-10-31 14:38:34 --> Could not find the language line "Đóng"
ERROR - 2019-10-31 14:38:34 --> Could not find the language line "Xác Nhận"
ERROR - 2019-10-31 14:38:48 --> Could not find the language line "Tạo Điểm Lấy Hàng"
ERROR - 2019-10-31 14:38:48 --> Could not find the language line "Tạo Đơn Hàng"
ERROR - 2019-10-31 14:38:48 --> Severity: Warning --> Invalid argument supplied for foreach() /home/admin/domains/spshd.com/public_html/khachhang/application/views/tab4.php 394
ERROR - 2019-10-31 14:38:48 --> Could not find the language line "Đóng"
ERROR - 2019-10-31 14:38:48 --> Could not find the language line "Xác Nhận"
ERROR - 2019-10-31 14:38:48 --> Severity: Warning --> Invalid argument supplied for foreach() /home/admin/domains/spshd.com/public_html/khachhang/application/views/app.php 157
ERROR - 2019-10-31 14:38:48 --> Severity: Warning --> Invalid argument supplied for foreach() /home/admin/domains/spshd.com/public_html/khachhang/application/views/app.php 168
ERROR - 2019-10-31 14:38:48 --> Could not find the language line "Đóng"
ERROR - 2019-10-31 14:38:48 --> Could not find the language line "Xác Nhận"
ERROR - 2019-10-31 14:38:48 --> Could not find the language line "Đóng"
ERROR - 2019-10-31 14:38:48 --> Could not find the language line "Xác Nhận"
ERROR - 2019-10-31 14:55:45 --> Could not find the language line "Email"
ERROR - 2019-10-31 14:55:45 --> Could not find the language line "password"
ERROR - 2019-10-31 14:55:45 --> Could not find the language line "Email"
ERROR - 2019-10-31 14:55:45 --> Could not find the language line "password"
ERROR - 2019-10-31 15:01:54 --> Could not find the language line "Email"
ERROR - 2019-10-31 15:01:54 --> Could not find the language line "password"
ERROR - 2019-10-31 15:11:12 --> Could not find the language line "Email"
ERROR - 2019-10-31 15:11:12 --> Could not find the language line "password"
ERROR - 2019-10-31 15:17:06 --> Could not find the language line "Tạo Điểm Lấy Hàng"
ERROR - 2019-10-31 15:17:06 --> Could not find the language line "Tạo Đơn Hàng"
ERROR - 2019-10-31 15:17:06 --> Severity: Warning --> Invalid argument supplied for foreach() /home/admin/domains/spshd.com/public_html/khachhang/application/views/tab4.php 394
ERROR - 2019-10-31 15:17:06 --> Could not find the language line "Đóng"
ERROR - 2019-10-31 15:17:06 --> Could not find the language line "Xác Nhận"
ERROR - 2019-10-31 15:17:06 --> Severity: Warning --> Invalid argument supplied for foreach() /home/admin/domains/spshd.com/public_html/khachhang/application/views/app.php 157
ERROR - 2019-10-31 15:17:06 --> Severity: Warning --> Invalid argument supplied for foreach() /home/admin/domains/spshd.com/public_html/khachhang/application/views/app.php 168
ERROR - 2019-10-31 15:17:06 --> Could not find the language line "Đóng"
ERROR - 2019-10-31 15:17:06 --> Could not find the language line "Xác Nhận"
ERROR - 2019-10-31 15:17:06 --> Could not find the language line "Đóng"
ERROR - 2019-10-31 15:17:06 --> Could not find the language line "Xác Nhận"
ERROR - 2019-10-31 15:17:07 --> Could not find the language line "Tạo Điểm Lấy Hàng"
ERROR - 2019-10-31 15:17:07 --> Could not find the language line "Tạo Đơn Hàng"
ERROR - 2019-10-31 15:17:07 --> Severity: Warning --> Invalid argument supplied for foreach() /home/admin/domains/spshd.com/public_html/khachhang/application/views/tab4.php 394
ERROR - 2019-10-31 15:17:07 --> Could not find the language line "Đóng"
ERROR - 2019-10-31 15:17:07 --> Could not find the language line "Xác Nhận"
ERROR - 2019-10-31 15:17:07 --> Severity: Warning --> Invalid argument supplied for foreach() /home/admin/domains/spshd.com/public_html/khachhang/application/views/app.php 157
ERROR - 2019-10-31 15:17:07 --> Severity: Warning --> Invalid argument supplied for foreach() /home/admin/domains/spshd.com/public_html/khachhang/application/views/app.php 168
ERROR - 2019-10-31 15:17:07 --> Could not find the language line "Đóng"
ERROR - 2019-10-31 15:17:07 --> Could not find the language line "Xác Nhận"
ERROR - 2019-10-31 15:17:07 --> Could not find the language line "Đóng"
ERROR - 2019-10-31 15:17:07 --> Could not find the language line "Xác Nhận"
ERROR - 2019-10-31 16:15:48 --> Could not find the language line "Tạo Điểm Lấy Hàng"
ERROR - 2019-10-31 16:15:48 --> Could not find the language line "Tạo Đơn Hàng"
ERROR - 2019-10-31 16:15:48 --> Severity: Warning --> Invalid argument supplied for foreach() /home/admin/domains/spshd.com/public_html/khachhang/application/views/tab4.php 394
ERROR - 2019-10-31 16:15:48 --> Could not find the language line "Đóng"
ERROR - 2019-10-31 16:15:48 --> Could not find the language line "Xác Nhận"
ERROR - 2019-10-31 16:15:48 --> Severity: Warning --> Invalid argument supplied for foreach() /home/admin/domains/spshd.com/public_html/khachhang/application/views/app.php 157
ERROR - 2019-10-31 16:15:48 --> Severity: Warning --> Invalid argument supplied for foreach() /home/admin/domains/spshd.com/public_html/khachhang/application/views/app.php 168
ERROR - 2019-10-31 16:15:48 --> Could not find the language line "Đóng"
ERROR - 2019-10-31 16:15:48 --> Could not find the language line "Xác Nhận"
ERROR - 2019-10-31 16:15:48 --> Could not find the language line "Đóng"
ERROR - 2019-10-31 16:15:48 --> Could not find the language line "Xác Nhận"
ERROR - 2019-10-31 16:16:27 --> Could not find the language line "Email"
ERROR - 2019-10-31 16:16:27 --> Could not find the language line "password"
ERROR - 2019-10-31 16:16:29 --> Could not find the language line "Email"
ERROR - 2019-10-31 16:16:29 --> Could not find the language line "password"
ERROR - 2019-10-31 16:16:43 --> Could not find the language line "Tạo Điểm Lấy Hàng"
ERROR - 2019-10-31 16:16:43 --> Could not find the language line "Tạo Đơn Hàng"
ERROR - 2019-10-31 16:16:43 --> Severity: Warning --> Invalid argument supplied for foreach() /home/admin/domains/spshd.com/public_html/khachhang/application/views/tab4.php 394
ERROR - 2019-10-31 16:16:43 --> Could not find the language line "Đóng"
ERROR - 2019-10-31 16:16:43 --> Could not find the language line "Xác Nhận"
ERROR - 2019-10-31 16:16:43 --> Severity: Warning --> Invalid argument supplied for foreach() /home/admin/domains/spshd.com/public_html/khachhang/application/views/app.php 157
ERROR - 2019-10-31 16:16:43 --> Severity: Warning --> Invalid argument supplied for foreach() /home/admin/domains/spshd.com/public_html/khachhang/application/views/app.php 168
ERROR - 2019-10-31 16:16:43 --> Could not find the language line "Đóng"
ERROR - 2019-10-31 16:16:43 --> Could not find the language line "Xác Nhận"
ERROR - 2019-10-31 16:16:43 --> Could not find the language line "Đóng"
ERROR - 2019-10-31 16:16:43 --> Could not find the language line "Xác Nhận"
ERROR - 2019-10-31 16:19:56 --> Could not find the language line "Tạo Điểm Lấy Hàng"
ERROR - 2019-10-31 16:19:56 --> Could not find the language line "Tạo Đơn Hàng"
ERROR - 2019-10-31 16:19:56 --> Severity: Warning --> Invalid argument supplied for foreach() /home/admin/domains/spshd.com/public_html/khachhang/application/views/tab4.php 394
ERROR - 2019-10-31 16:19:56 --> Could not find the language line "Đóng"
ERROR - 2019-10-31 16:19:56 --> Could not find the language line "Xác Nhận"
ERROR - 2019-10-31 16:19:56 --> Severity: Warning --> Invalid argument supplied for foreach() /home/admin/domains/spshd.com/public_html/khachhang/application/views/app.php 157
ERROR - 2019-10-31 16:19:56 --> Severity: Warning --> Invalid argument supplied for foreach() /home/admin/domains/spshd.com/public_html/khachhang/application/views/app.php 168
ERROR - 2019-10-31 16:19:56 --> Could not find the language line "Đóng"
ERROR - 2019-10-31 16:19:56 --> Could not find the language line "Xác Nhận"
ERROR - 2019-10-31 16:19:56 --> Could not find the language line "Đóng"
ERROR - 2019-10-31 16:19:56 --> Could not find the language line "Xác Nhận"
ERROR - 2019-10-31 16:21:32 --> Could not find the language line "Tạo Điểm Lấy Hàng"
ERROR - 2019-10-31 16:21:32 --> Could not find the language line "Tạo Đơn Hàng"
ERROR - 2019-10-31 16:21:32 --> Severity: Warning --> Invalid argument supplied for foreach() /home/admin/domains/spshd.com/public_html/khachhang/application/views/tab4.php 394
ERROR - 2019-10-31 16:21:32 --> Could not find the language line "Đóng"
ERROR - 2019-10-31 16:21:32 --> Could not find the language line "Xác Nhận"
ERROR - 2019-10-31 16:21:32 --> Severity: Warning --> Invalid argument supplied for foreach() /home/admin/domains/spshd.com/public_html/khachhang/application/views/app.php 157
ERROR - 2019-10-31 16:21:32 --> Severity: Warning --> Invalid argument supplied for foreach() /home/admin/domains/spshd.com/public_html/khachhang/application/views/app.php 168
ERROR - 2019-10-31 16:21:32 --> Could not find the language line "Đóng"
ERROR - 2019-10-31 16:21:32 --> Could not find the language line "Xác Nhận"
ERROR - 2019-10-31 16:21:32 --> Could not find the language line "Đóng"
ERROR - 2019-10-31 16:21:32 --> Could not find the language line "Xác Nhận"
ERROR - 2019-10-31 16:23:34 --> Could not find the language line "Tạo Điểm Lấy Hàng"
ERROR - 2019-10-31 16:23:34 --> Could not find the language line "Tạo Đơn Hàng"
ERROR - 2019-10-31 16:23:35 --> Severity: Warning --> Invalid argument supplied for foreach() /home/admin/domains/spshd.com/public_html/khachhang/application/views/tab4.php 394
ERROR - 2019-10-31 16:23:35 --> Could not find the language line "Đóng"
ERROR - 2019-10-31 16:23:35 --> Could not find the language line "Xác Nhận"
ERROR - 2019-10-31 16:23:35 --> Severity: Warning --> Invalid argument supplied for foreach() /home/admin/domains/spshd.com/public_html/khachhang/application/views/app.php 157
ERROR - 2019-10-31 16:23:35 --> Severity: Warning --> Invalid argument supplied for foreach() /home/admin/domains/spshd.com/public_html/khachhang/application/views/app.php 168
ERROR - 2019-10-31 16:23:35 --> Could not find the language line "Đóng"
ERROR - 2019-10-31 16:23:35 --> Could not find the language line "Xác Nhận"
ERROR - 2019-10-31 16:23:35 --> Could not find the language line "Đóng"
ERROR - 2019-10-31 16:23:35 --> Could not find the language line "Xác Nhận"
ERROR - 2019-10-31 16:23:35 --> Could not find the language line "Tạo Điểm Lấy Hàng"
ERROR - 2019-10-31 16:23:35 --> Could not find the language line "Tạo Đơn Hàng"
ERROR - 2019-10-31 16:23:35 --> Severity: Warning --> Invalid argument supplied for foreach() /home/admin/domains/spshd.com/public_html/khachhang/application/views/tab4.php 394
ERROR - 2019-10-31 16:23:35 --> Could not find the language line "Đóng"
ERROR - 2019-10-31 16:23:35 --> Could not find the language line "Xác Nhận"
ERROR - 2019-10-31 16:23:35 --> Severity: Warning --> Invalid argument supplied for foreach() /home/admin/domains/spshd.com/public_html/khachhang/application/views/app.php 157
ERROR - 2019-10-31 16:23:35 --> Severity: Warning --> Invalid argument supplied for foreach() /home/admin/domains/spshd.com/public_html/khachhang/application/views/app.php 168
ERROR - 2019-10-31 16:23:35 --> Could not find the language line "Đóng"
ERROR - 2019-10-31 16:23:35 --> Could not find the language line "Xác Nhận"
ERROR - 2019-10-31 16:23:35 --> Could not find the language line "Đóng"
ERROR - 2019-10-31 16:23:35 --> Could not find the language line "Xác Nhận"
ERROR - 2019-10-31 16:23:51 --> Could not find the language line "Tạo Điểm Lấy Hàng"
ERROR - 2019-10-31 16:23:51 --> Could not find the language line "Tạo Đơn Hàng"
ERROR - 2019-10-31 16:23:51 --> Severity: Warning --> Invalid argument supplied for foreach() /home/admin/domains/spshd.com/public_html/khachhang/application/views/tab4.php 394
ERROR - 2019-10-31 16:23:51 --> Could not find the language line "Đóng"
ERROR - 2019-10-31 16:23:51 --> Could not find the language line "Xác Nhận"
ERROR - 2019-10-31 16:23:51 --> Severity: Warning --> Invalid argument supplied for foreach() /home/admin/domains/spshd.com/public_html/khachhang/application/views/app.php 157
ERROR - 2019-10-31 16:23:51 --> Severity: Warning --> Invalid argument supplied for foreach() /home/admin/domains/spshd.com/public_html/khachhang/application/views/app.php 168
ERROR - 2019-10-31 16:23:51 --> Could not find the language line "Đóng"
ERROR - 2019-10-31 16:23:51 --> Could not find the language line "Xác Nhận"
ERROR - 2019-10-31 16:23:51 --> Could not find the language line "Đóng"
ERROR - 2019-10-31 16:23:51 --> Could not find the language line "Xác Nhận"
ERROR - 2019-10-31 16:25:29 --> Could not find the language line "Tạo Điểm Lấy Hàng"
ERROR - 2019-10-31 16:25:29 --> Could not find the language line "Tạo Đơn Hàng"
ERROR - 2019-10-31 16:25:29 --> Severity: Warning --> Invalid argument supplied for foreach() /home/admin/domains/spshd.com/public_html/khachhang/application/views/tab4.php 394
ERROR - 2019-10-31 16:25:29 --> Could not find the language line "Đóng"
ERROR - 2019-10-31 16:25:29 --> Could not find the language line "Xác Nhận"
ERROR - 2019-10-31 16:25:29 --> Severity: Warning --> Invalid argument supplied for foreach() /home/admin/domains/spshd.com/public_html/khachhang/application/views/app.php 157
ERROR - 2019-10-31 16:25:29 --> Severity: Warning --> Invalid argument supplied for foreach() /home/admin/domains/spshd.com/public_html/khachhang/application/views/app.php 168
ERROR - 2019-10-31 16:25:29 --> Could not find the language line "Đóng"
ERROR - 2019-10-31 16:25:29 --> Could not find the language line "Xác Nhận"
ERROR - 2019-10-31 16:25:29 --> Could not find the language line "Đóng"
ERROR - 2019-10-31 16:25:29 --> Could not find the language line "Xác Nhận"
ERROR - 2019-10-31 16:26:11 --> Could not find the language line "Email"
ERROR - 2019-10-31 16:26:11 --> Could not find the language line "password"
ERROR - 2019-10-31 16:26:37 --> Could not find the language line "Tạo Điểm Lấy Hàng"
ERROR - 2019-10-31 16:26:37 --> Could not find the language line "Tạo Đơn Hàng"
ERROR - 2019-10-31 16:26:37 --> Severity: Warning --> Invalid argument supplied for foreach() /home/admin/domains/spshd.com/public_html/khachhang/application/views/tab4.php 394
ERROR - 2019-10-31 16:26:37 --> Could not find the language line "Đóng"
ERROR - 2019-10-31 16:26:37 --> Could not find the language line "Xác Nhận"
ERROR - 2019-10-31 16:26:37 --> Severity: Warning --> Invalid argument supplied for foreach() /home/admin/domains/spshd.com/public_html/khachhang/application/views/app.php 157
ERROR - 2019-10-31 16:26:37 --> Severity: Warning --> Invalid argument supplied for foreach() /home/admin/domains/spshd.com/public_html/khachhang/application/views/app.php 168
ERROR - 2019-10-31 16:26:38 --> Could not find the language line "Đóng"
ERROR - 2019-10-31 16:26:38 --> Could not find the language line "Xác Nhận"
ERROR - 2019-10-31 16:26:38 --> Could not find the language line "Đóng"
ERROR - 2019-10-31 16:26:38 --> Could not find the language line "Xác Nhận"
ERROR - 2019-10-31 16:28:33 --> Could not find the language line "Tạo Điểm Lấy Hàng"
ERROR - 2019-10-31 16:28:33 --> Could not find the language line "Tạo Đơn Hàng"
ERROR - 2019-10-31 16:28:33 --> Severity: Warning --> Invalid argument supplied for foreach() /home/admin/domains/spshd.com/public_html/khachhang/application/views/tab4.php 394
ERROR - 2019-10-31 16:28:33 --> Could not find the language line "Đóng"
ERROR - 2019-10-31 16:28:33 --> Could not find the language line "Xác Nhận"
ERROR - 2019-10-31 16:28:33 --> Severity: Warning --> Invalid argument supplied for foreach() /home/admin/domains/spshd.com/public_html/khachhang/application/views/app.php 157
ERROR - 2019-10-31 16:28:33 --> Severity: Warning --> Invalid argument supplied for foreach() /home/admin/domains/spshd.com/public_html/khachhang/application/views/app.php 168
ERROR - 2019-10-31 16:28:33 --> Could not find the language line "Đóng"
ERROR - 2019-10-31 16:28:33 --> Could not find the language line "Xác Nhận"
ERROR - 2019-10-31 16:28:33 --> Could not find the language line "Đóng"
ERROR - 2019-10-31 16:28:33 --> Could not find the language line "Xác Nhận"
ERROR - 2019-10-31 16:28:55 --> Could not find the language line "Tạo Điểm Lấy Hàng"
ERROR - 2019-10-31 16:28:55 --> Could not find the language line "Tạo Đơn Hàng"
ERROR - 2019-10-31 16:28:55 --> Severity: Warning --> Invalid argument supplied for foreach() /home/admin/domains/spshd.com/public_html/khachhang/application/views/tab4.php 394
ERROR - 2019-10-31 16:28:55 --> Could not find the language line "Đóng"
ERROR - 2019-10-31 16:28:55 --> Could not find the language line "Xác Nhận"
ERROR - 2019-10-31 16:28:55 --> Severity: Warning --> Invalid argument supplied for foreach() /home/admin/domains/spshd.com/public_html/khachhang/application/views/app.php 157
ERROR - 2019-10-31 16:28:55 --> Severity: Warning --> Invalid argument supplied for foreach() /home/admin/domains/spshd.com/public_html/khachhang/application/views/app.php 168
ERROR - 2019-10-31 16:28:55 --> Could not find the language line "Đóng"
ERROR - 2019-10-31 16:28:55 --> Could not find the language line "Xác Nhận"
ERROR - 2019-10-31 16:28:55 --> Could not find the language line "Đóng"
ERROR - 2019-10-31 16:28:55 --> Could not find the language line "Xác Nhận"
ERROR - 2019-10-31 16:28:55 --> Could not find the language line "Tạo Điểm Lấy Hàng"
ERROR - 2019-10-31 16:28:55 --> Could not find the language line "Tạo Đơn Hàng"
ERROR - 2019-10-31 16:28:55 --> Severity: Warning --> Invalid argument supplied for foreach() /home/admin/domains/spshd.com/public_html/khachhang/application/views/tab4.php 394
ERROR - 2019-10-31 16:28:55 --> Could not find the language line "Đóng"
ERROR - 2019-10-31 16:28:55 --> Could not find the language line "Xác Nhận"
ERROR - 2019-10-31 16:28:55 --> Severity: Warning --> Invalid argument supplied for foreach() /home/admin/domains/spshd.com/public_html/khachhang/application/views/app.php 157
ERROR - 2019-10-31 16:28:55 --> Severity: Warning --> Invalid argument supplied for foreach() /home/admin/domains/spshd.com/public_html/khachhang/application/views/app.php 168
ERROR - 2019-10-31 16:28:55 --> Could not find the language line "Đóng"
ERROR - 2019-10-31 16:28:55 --> Could not find the language line "Xác Nhận"
ERROR - 2019-10-31 16:28:55 --> Could not find the language line "Đóng"
ERROR - 2019-10-31 16:28:55 --> Could not find the language line "Xác Nhận"
ERROR - 2019-10-31 16:31:46 --> Could not find the language line "Tạo Điểm Lấy Hàng"
ERROR - 2019-10-31 16:31:46 --> Could not find the language line "Tạo Đơn Hàng"
ERROR - 2019-10-31 16:31:46 --> Severity: Warning --> Invalid argument supplied for foreach() /home/admin/domains/spshd.com/public_html/khachhang/application/views/tab4.php 394
ERROR - 2019-10-31 16:31:46 --> Could not find the language line "Đóng"
ERROR - 2019-10-31 16:31:46 --> Could not find the language line "Xác Nhận"
ERROR - 2019-10-31 16:31:46 --> Severity: Warning --> Invalid argument supplied for foreach() /home/admin/domains/spshd.com/public_html/khachhang/application/views/app.php 157
ERROR - 2019-10-31 16:31:46 --> Severity: Warning --> Invalid argument supplied for foreach() /home/admin/domains/spshd.com/public_html/khachhang/application/views/app.php 168
ERROR - 2019-10-31 16:31:46 --> Could not find the language line "Đóng"
ERROR - 2019-10-31 16:31:46 --> Could not find the language line "Xác Nhận"
ERROR - 2019-10-31 16:31:46 --> Could not find the language line "Đóng"
ERROR - 2019-10-31 16:31:46 --> Could not find the language line "Xác Nhận"
ERROR - 2019-10-31 16:32:05 --> Could not find the language line "Tạo Điểm Lấy Hàng"
ERROR - 2019-10-31 16:32:05 --> Could not find the language line "Tạo Đơn Hàng"
ERROR - 2019-10-31 16:32:05 --> Severity: Warning --> Invalid argument supplied for foreach() /home/admin/domains/spshd.com/public_html/khachhang/application/views/tab4.php 394
ERROR - 2019-10-31 16:32:05 --> Could not find the language line "Đóng"
ERROR - 2019-10-31 16:32:05 --> Could not find the language line "Xác Nhận"
ERROR - 2019-10-31 16:32:05 --> Severity: Warning --> Invalid argument supplied for foreach() /home/admin/domains/spshd.com/public_html/khachhang/application/views/app.php 157
ERROR - 2019-10-31 16:32:05 --> Severity: Warning --> Invalid argument supplied for foreach() /home/admin/domains/spshd.com/public_html/khachhang/application/views/app.php 168
ERROR - 2019-10-31 16:32:05 --> Could not find the language line "Đóng"
ERROR - 2019-10-31 16:32:05 --> Could not find the language line "Xác Nhận"
ERROR - 2019-10-31 16:32:05 --> Could not find the language line "Đóng"
ERROR - 2019-10-31 16:32:05 --> Could not find the language line "Xác Nhận"
ERROR - 2019-10-31 16:32:35 --> Could not find the language line "Tạo Điểm Lấy Hàng"
ERROR - 2019-10-31 16:32:35 --> Could not find the language line "Tạo Đơn Hàng"
ERROR - 2019-10-31 16:32:35 --> Severity: Warning --> Invalid argument supplied for foreach() /home/admin/domains/spshd.com/public_html/khachhang/application/views/tab4.php 394
ERROR - 2019-10-31 16:32:35 --> Could not find the language line "Đóng"
ERROR - 2019-10-31 16:32:35 --> Could not find the language line "Xác Nhận"
ERROR - 2019-10-31 16:32:35 --> Severity: Warning --> Invalid argument supplied for foreach() /home/admin/domains/spshd.com/public_html/khachhang/application/views/app.php 157
ERROR - 2019-10-31 16:32:35 --> Severity: Warning --> Invalid argument supplied for foreach() /home/admin/domains/spshd.com/public_html/khachhang/application/views/app.php 168
ERROR - 2019-10-31 16:32:35 --> Could not find the language line "Đóng"
ERROR - 2019-10-31 16:32:35 --> Could not find the language line "Xác Nhận"
ERROR - 2019-10-31 16:32:35 --> Could not find the language line "Đóng"
ERROR - 2019-10-31 16:32:35 --> Could not find the language line "Xác Nhận"
ERROR - 2019-10-31 23:57:20 --> Could not find the language line "Tạo Điểm Lấy Hàng"
ERROR - 2019-10-31 23:57:20 --> Could not find the language line "Tạo Đơn Hàng"
ERROR - 2019-10-31 23:57:20 --> Severity: Warning --> Invalid argument supplied for foreach() /home/admin/domains/spshd.com/public_html/khachhang/application/views/tab4.php 394
ERROR - 2019-10-31 23:57:20 --> Could not find the language line "Đóng"
ERROR - 2019-10-31 23:57:20 --> Could not find the language line "Xác Nhận"
ERROR - 2019-10-31 23:57:20 --> Severity: Warning --> Invalid argument supplied for foreach() /home/admin/domains/spshd.com/public_html/khachhang/application/views/app.php 157
ERROR - 2019-10-31 23:57:20 --> Severity: Warning --> Invalid argument supplied for foreach() /home/admin/domains/spshd.com/public_html/khachhang/application/views/app.php 168
ERROR - 2019-10-31 23:57:20 --> Could not find the language line "Đóng"
ERROR - 2019-10-31 23:57:20 --> Could not find the language line "Xác Nhận"
ERROR - 2019-10-31 23:57:20 --> Could not find the language line "Đóng"
ERROR - 2019-10-31 23:57:20 --> Could not find the language line "Xác Nhận"
ERROR - 2019-10-31 23:58:53 --> Could not find the language line "Tạo Điểm Lấy Hàng"
ERROR - 2019-10-31 23:58:53 --> Could not find the language line "Tạo Đơn Hàng"
ERROR - 2019-10-31 23:58:53 --> Severity: Warning --> Invalid argument supplied for foreach() /home/admin/domains/spshd.com/public_html/khachhang/application/views/tab4.php 394
ERROR - 2019-10-31 23:58:53 --> Could not find the language line "Đóng"
ERROR - 2019-10-31 23:58:53 --> Could not find the language line "Xác Nhận"
ERROR - 2019-10-31 23:58:53 --> Severity: Warning --> Invalid argument supplied for foreach() /home/admin/domains/spshd.com/public_html/khachhang/application/views/app.php 157
ERROR - 2019-10-31 23:58:53 --> Severity: Warning --> Invalid argument supplied for foreach() /home/admin/domains/spshd.com/public_html/khachhang/application/views/app.php 168
ERROR - 2019-10-31 23:58:53 --> Could not find the language line "Đóng"
ERROR - 2019-10-31 23:58:53 --> Could not find the language line "Xác Nhận"
ERROR - 2019-10-31 23:58:53 --> Could not find the language line "Đóng"
ERROR - 2019-10-31 23:58:53 --> Could not find the language line "Xác Nhận"
