ERROR - 2020-03-18 00:10:35 --> Could not find the language line "Email"
ERROR - 2020-03-18 00:10:35 --> Could not find the language line "password"
ERROR - 2020-03-18 01:19:18 --> Could not find the language line "Tạo Điểm Lấy Hàng"
ERROR - 2020-03-18 01:19:18 --> Could not find the language line "Tạo Đơn Hàng"
ERROR - 2020-03-18 01:19:18 --> Severity: Warning --> Invalid argument supplied for foreach() /home/admin/domains/spshd.com/public_html/khachhang/application/views/tab4.php 394
ERROR - 2020-03-18 01:19:18 --> Could not find the language line "Đóng"
ERROR - 2020-03-18 01:19:18 --> Could not find the language line "Xác Nhận"
ERROR - 2020-03-18 01:19:18 --> Severity: Warning --> Invalid argument supplied for foreach() /home/admin/domains/spshd.com/public_html/khachhang/application/views/app.php 161
ERROR - 2020-03-18 01:19:18 --> Severity: Warning --> Invalid argument supplied for foreach() /home/admin/domains/spshd.com/public_html/khachhang/application/views/app.php 172
ERROR - 2020-03-18 01:19:18 --> Could not find the language line "Đóng"
ERROR - 2020-03-18 01:19:18 --> Could not find the language line "Xác Nhận"
ERROR - 2020-03-18 01:19:18 --> Could not find the language line "Đóng"
ERROR - 2020-03-18 01:19:18 --> Could not find the language line "Xác Nhận"
ERROR - 2020-03-18 01:58:52 --> Could not find the language line "Tạo Điểm Lấy Hàng"
ERROR - 2020-03-18 01:58:52 --> Could not find the language line "Tạo Đơn Hàng"
ERROR - 2020-03-18 01:58:52 --> Severity: Warning --> Invalid argument supplied for foreach() /home/admin/domains/spshd.com/public_html/khachhang/application/views/tab4.php 394
ERROR - 2020-03-18 01:58:52 --> Could not find the language line "Đóng"
ERROR - 2020-03-18 01:58:52 --> Could not find the language line "Xác Nhận"
ERROR - 2020-03-18 01:58:52 --> Severity: Warning --> Invalid argument supplied for foreach() /home/admin/domains/spshd.com/public_html/khachhang/application/views/app.php 161
ERROR - 2020-03-18 01:58:52 --> Severity: Warning --> Invalid argument supplied for foreach() /home/admin/domains/spshd.com/public_html/khachhang/application/views/app.php 172
ERROR - 2020-03-18 01:58:52 --> Could not find the language line "Đóng"
ERROR - 2020-03-18 01:58:52 --> Could not find the language line "Xác Nhận"
ERROR - 2020-03-18 01:58:52 --> Could not find the language line "Đóng"
ERROR - 2020-03-18 01:58:52 --> Could not find the language line "Xác Nhận"
ERROR - 2020-03-18 01:59:26 --> Could not find the language line "Email"
ERROR - 2020-03-18 01:59:26 --> Could not find the language line "password"
ERROR - 2020-03-18 01:59:36 --> Could not find the language line "Email"
ERROR - 2020-03-18 01:59:36 --> Could not find the language line "password"
ERROR - 2020-03-18 01:59:58 --> Could not find the language line "Tạo Điểm Lấy Hàng"
ERROR - 2020-03-18 01:59:58 --> Could not find the language line "Tạo Đơn Hàng"
ERROR - 2020-03-18 01:59:58 --> Severity: Warning --> Invalid argument supplied for foreach() /home/admin/domains/spshd.com/public_html/khachhang/application/views/tab4.php 394
ERROR - 2020-03-18 01:59:58 --> Could not find the language line "Đóng"
ERROR - 2020-03-18 01:59:58 --> Could not find the language line "Xác Nhận"
ERROR - 2020-03-18 01:59:58 --> Severity: Warning --> Invalid argument supplied for foreach() /home/admin/domains/spshd.com/public_html/khachhang/application/views/app.php 161
ERROR - 2020-03-18 01:59:58 --> Severity: Warning --> Invalid argument supplied for foreach() /home/admin/domains/spshd.com/public_html/khachhang/application/views/app.php 172
ERROR - 2020-03-18 01:59:58 --> Could not find the language line "Đóng"
ERROR - 2020-03-18 01:59:58 --> Could not find the language line "Xác Nhận"
ERROR - 2020-03-18 01:59:58 --> Could not find the language line "Đóng"
ERROR - 2020-03-18 01:59:58 --> Could not find the language line "Xác Nhận"
ERROR - 2020-03-18 02:51:31 --> Could not find the language line "Tạo Điểm Lấy Hàng"
ERROR - 2020-03-18 02:51:31 --> Could not find the language line "Tạo Đơn Hàng"
ERROR - 2020-03-18 02:51:31 --> Severity: Warning --> Invalid argument supplied for foreach() /home/admin/domains/spshd.com/public_html/khachhang/application/views/tab4.php 394
ERROR - 2020-03-18 02:51:31 --> Could not find the language line "Đóng"
ERROR - 2020-03-18 02:51:31 --> Could not find the language line "Xác Nhận"
ERROR - 2020-03-18 02:51:31 --> Severity: Warning --> Invalid argument supplied for foreach() /home/admin/domains/spshd.com/public_html/khachhang/application/views/app.php 161
ERROR - 2020-03-18 02:51:31 --> Severity: Warning --> Invalid argument supplied for foreach() /home/admin/domains/spshd.com/public_html/khachhang/application/views/app.php 172
ERROR - 2020-03-18 02:51:31 --> Could not find the language line "Đóng"
ERROR - 2020-03-18 02:51:31 --> Could not find the language line "Xác Nhận"
ERROR - 2020-03-18 02:51:31 --> Could not find the language line "Đóng"
ERROR - 2020-03-18 02:51:31 --> Could not find the language line "Xác Nhận"
ERROR - 2020-03-18 02:51:33 --> Could not find the language line "Tạo Điểm Lấy Hàng"
ERROR - 2020-03-18 02:51:33 --> Could not find the language line "Tạo Đơn Hàng"
ERROR - 2020-03-18 02:51:33 --> Severity: Warning --> Invalid argument supplied for foreach() /home/admin/domains/spshd.com/public_html/khachhang/application/views/tab4.php 394
ERROR - 2020-03-18 02:51:33 --> Could not find the language line "Đóng"
ERROR - 2020-03-18 02:51:33 --> Could not find the language line "Xác Nhận"
ERROR - 2020-03-18 02:51:33 --> Severity: Warning --> Invalid argument supplied for foreach() /home/admin/domains/spshd.com/public_html/khachhang/application/views/app.php 161
ERROR - 2020-03-18 02:51:33 --> Severity: Warning --> Invalid argument supplied for foreach() /home/admin/domains/spshd.com/public_html/khachhang/application/views/app.php 172
ERROR - 2020-03-18 02:51:33 --> Could not find the language line "Đóng"
ERROR - 2020-03-18 02:51:33 --> Could not find the language line "Xác Nhận"
ERROR - 2020-03-18 02:51:33 --> Could not find the language line "Đóng"
ERROR - 2020-03-18 02:51:33 --> Could not find the language line "Xác Nhận"
ERROR - 2020-03-18 03:04:10 --> Could not find the language line "Tạo Điểm Lấy Hàng"
ERROR - 2020-03-18 03:04:10 --> Could not find the language line "Tạo Đơn Hàng"
ERROR - 2020-03-18 03:04:10 --> Severity: Warning --> Invalid argument supplied for foreach() /home/admin/domains/spshd.com/public_html/khachhang/application/views/tab4.php 394
ERROR - 2020-03-18 03:04:10 --> Could not find the language line "Đóng"
ERROR - 2020-03-18 03:04:10 --> Could not find the language line "Xác Nhận"
ERROR - 2020-03-18 03:04:10 --> Severity: Warning --> Invalid argument supplied for foreach() /home/admin/domains/spshd.com/public_html/khachhang/application/views/app.php 161
ERROR - 2020-03-18 03:04:10 --> Severity: Warning --> Invalid argument supplied for foreach() /home/admin/domains/spshd.com/public_html/khachhang/application/views/app.php 172
ERROR - 2020-03-18 03:04:10 --> Could not find the language line "Đóng"
ERROR - 2020-03-18 03:04:10 --> Could not find the language line "Xác Nhận"
ERROR - 2020-03-18 03:04:10 --> Could not find the language line "Đóng"
ERROR - 2020-03-18 03:04:10 --> Could not find the language line "Xác Nhận"
ERROR - 2020-03-18 03:06:55 --> Could not find the language line "Email"
ERROR - 2020-03-18 03:06:55 --> Could not find the language line "password"
ERROR - 2020-03-18 03:09:43 --> Could not find the language line "Tạo Điểm Lấy Hàng"
ERROR - 2020-03-18 03:09:43 --> Could not find the language line "Tạo Đơn Hàng"
ERROR - 2020-03-18 03:09:43 --> Severity: Warning --> Invalid argument supplied for foreach() /home/admin/domains/spshd.com/public_html/khachhang/application/views/tab4.php 394
ERROR - 2020-03-18 03:09:43 --> Could not find the language line "Đóng"
ERROR - 2020-03-18 03:09:43 --> Could not find the language line "Xác Nhận"
ERROR - 2020-03-18 03:09:43 --> Severity: Warning --> Invalid argument supplied for foreach() /home/admin/domains/spshd.com/public_html/khachhang/application/views/app.php 161
ERROR - 2020-03-18 03:09:43 --> Severity: Warning --> Invalid argument supplied for foreach() /home/admin/domains/spshd.com/public_html/khachhang/application/views/app.php 172
ERROR - 2020-03-18 03:09:43 --> Could not find the language line "Đóng"
ERROR - 2020-03-18 03:09:43 --> Could not find the language line "Xác Nhận"
ERROR - 2020-03-18 03:09:43 --> Could not find the language line "Đóng"
ERROR - 2020-03-18 03:09:43 --> Could not find the language line "Xác Nhận"
ERROR - 2020-03-18 03:09:43 --> Could not find the language line "Tạo Điểm Lấy Hàng"
ERROR - 2020-03-18 03:09:43 --> Could not find the language line "Tạo Đơn Hàng"
ERROR - 2020-03-18 03:09:43 --> Severity: Warning --> Invalid argument supplied for foreach() /home/admin/domains/spshd.com/public_html/khachhang/application/views/tab4.php 394
ERROR - 2020-03-18 03:09:43 --> Could not find the language line "Đóng"
ERROR - 2020-03-18 03:09:43 --> Could not find the language line "Xác Nhận"
ERROR - 2020-03-18 03:09:43 --> Severity: Warning --> Invalid argument supplied for foreach() /home/admin/domains/spshd.com/public_html/khachhang/application/views/app.php 161
ERROR - 2020-03-18 03:09:43 --> Severity: Warning --> Invalid argument supplied for foreach() /home/admin/domains/spshd.com/public_html/khachhang/application/views/app.php 172
ERROR - 2020-03-18 03:09:43 --> Could not find the language line "Đóng"
ERROR - 2020-03-18 03:09:43 --> Could not find the language line "Xác Nhận"
ERROR - 2020-03-18 03:09:43 --> Could not find the language line "Đóng"
ERROR - 2020-03-18 03:09:43 --> Could not find the language line "Xác Nhận"
ERROR - 2020-03-18 03:18:35 --> Could not find the language line "Tạo Điểm Lấy Hàng"
ERROR - 2020-03-18 03:18:35 --> Could not find the language line "Tạo Đơn Hàng"
ERROR - 2020-03-18 03:18:35 --> Severity: Warning --> Invalid argument supplied for foreach() /home/admin/domains/spshd.com/public_html/khachhang/application/views/tab4.php 394
ERROR - 2020-03-18 03:18:35 --> Could not find the language line "Đóng"
ERROR - 2020-03-18 03:18:35 --> Could not find the language line "Xác Nhận"
ERROR - 2020-03-18 03:18:35 --> Severity: Warning --> Invalid argument supplied for foreach() /home/admin/domains/spshd.com/public_html/khachhang/application/views/app.php 161
ERROR - 2020-03-18 03:18:35 --> Severity: Warning --> Invalid argument supplied for foreach() /home/admin/domains/spshd.com/public_html/khachhang/application/views/app.php 172
ERROR - 2020-03-18 03:18:35 --> Could not find the language line "Đóng"
ERROR - 2020-03-18 03:18:35 --> Could not find the language line "Xác Nhận"
ERROR - 2020-03-18 03:18:35 --> Could not find the language line "Đóng"
ERROR - 2020-03-18 03:18:35 --> Could not find the language line "Xác Nhận"
ERROR - 2020-03-18 03:18:35 --> Could not find the language line "Tạo Điểm Lấy Hàng"
ERROR - 2020-03-18 03:18:35 --> Could not find the language line "Tạo Đơn Hàng"
ERROR - 2020-03-18 03:18:35 --> Severity: Warning --> Invalid argument supplied for foreach() /home/admin/domains/spshd.com/public_html/khachhang/application/views/tab4.php 394
ERROR - 2020-03-18 03:18:35 --> Could not find the language line "Đóng"
ERROR - 2020-03-18 03:18:35 --> Could not find the language line "Xác Nhận"
ERROR - 2020-03-18 03:18:35 --> Severity: Warning --> Invalid argument supplied for foreach() /home/admin/domains/spshd.com/public_html/khachhang/application/views/app.php 161
ERROR - 2020-03-18 03:18:35 --> Severity: Warning --> Invalid argument supplied for foreach() /home/admin/domains/spshd.com/public_html/khachhang/application/views/app.php 172
ERROR - 2020-03-18 03:18:35 --> Could not find the language line "Đóng"
ERROR - 2020-03-18 03:18:35 --> Could not find the language line "Xác Nhận"
ERROR - 2020-03-18 03:18:35 --> Could not find the language line "Đóng"
ERROR - 2020-03-18 03:18:35 --> Could not find the language line "Xác Nhận"
ERROR - 2020-03-18 03:21:15 --> Could not find the language line "Tạo Điểm Lấy Hàng"
ERROR - 2020-03-18 03:21:15 --> Could not find the language line "Tạo Đơn Hàng"
ERROR - 2020-03-18 03:21:15 --> Severity: Warning --> Invalid argument supplied for foreach() /home/admin/domains/spshd.com/public_html/khachhang/application/views/tab4.php 394
ERROR - 2020-03-18 03:21:15 --> Could not find the language line "Đóng"
ERROR - 2020-03-18 03:21:15 --> Could not find the language line "Xác Nhận"
ERROR - 2020-03-18 03:21:15 --> Severity: Warning --> Invalid argument supplied for foreach() /home/admin/domains/spshd.com/public_html/khachhang/application/views/app.php 161
ERROR - 2020-03-18 03:21:15 --> Severity: Warning --> Invalid argument supplied for foreach() /home/admin/domains/spshd.com/public_html/khachhang/application/views/app.php 172
ERROR - 2020-03-18 03:21:15 --> Could not find the language line "Đóng"
ERROR - 2020-03-18 03:21:15 --> Could not find the language line "Xác Nhận"
ERROR - 2020-03-18 03:21:15 --> Could not find the language line "Đóng"
ERROR - 2020-03-18 03:21:15 --> Could not find the language line "Xác Nhận"
ERROR - 2020-03-18 04:06:20 --> Could not find the language line "Tạo Điểm Lấy Hàng"
ERROR - 2020-03-18 04:06:20 --> Could not find the language line "Tạo Đơn Hàng"
ERROR - 2020-03-18 04:06:20 --> Severity: Warning --> Invalid argument supplied for foreach() /home/admin/domains/spshd.com/public_html/khachhang/application/views/tab4.php 394
ERROR - 2020-03-18 04:06:20 --> Could not find the language line "Đóng"
ERROR - 2020-03-18 04:06:20 --> Could not find the language line "Xác Nhận"
ERROR - 2020-03-18 04:06:20 --> Severity: Warning --> Invalid argument supplied for foreach() /home/admin/domains/spshd.com/public_html/khachhang/application/views/app.php 161
ERROR - 2020-03-18 04:06:20 --> Severity: Warning --> Invalid argument supplied for foreach() /home/admin/domains/spshd.com/public_html/khachhang/application/views/app.php 172
ERROR - 2020-03-18 04:06:20 --> Could not find the language line "Đóng"
ERROR - 2020-03-18 04:06:20 --> Could not find the language line "Xác Nhận"
ERROR - 2020-03-18 04:06:20 --> Could not find the language line "Đóng"
ERROR - 2020-03-18 04:06:20 --> Could not find the language line "Xác Nhận"
ERROR - 2020-03-18 04:16:10 --> Could not find the language line "Tạo Điểm Lấy Hàng"
ERROR - 2020-03-18 04:16:10 --> Could not find the language line "Tạo Đơn Hàng"
ERROR - 2020-03-18 04:16:10 --> Severity: Warning --> Invalid argument supplied for foreach() /home/admin/domains/spshd.com/public_html/khachhang/application/views/tab4.php 394
ERROR - 2020-03-18 04:16:10 --> Could not find the language line "Đóng"
ERROR - 2020-03-18 04:16:10 --> Could not find the language line "Xác Nhận"
ERROR - 2020-03-18 04:16:10 --> Severity: Warning --> Invalid argument supplied for foreach() /home/admin/domains/spshd.com/public_html/khachhang/application/views/app.php 161
ERROR - 2020-03-18 04:16:10 --> Severity: Warning --> Invalid argument supplied for foreach() /home/admin/domains/spshd.com/public_html/khachhang/application/views/app.php 172
ERROR - 2020-03-18 04:16:10 --> Could not find the language line "Đóng"
ERROR - 2020-03-18 04:16:10 --> Could not find the language line "Xác Nhận"
ERROR - 2020-03-18 04:16:10 --> Could not find the language line "Đóng"
ERROR - 2020-03-18 04:16:10 --> Could not find the language line "Xác Nhận"
ERROR - 2020-03-18 04:18:11 --> Could not find the language line "Tạo Điểm Lấy Hàng"
ERROR - 2020-03-18 04:18:11 --> Could not find the language line "Tạo Đơn Hàng"
ERROR - 2020-03-18 04:18:11 --> Severity: Warning --> Invalid argument supplied for foreach() /home/admin/domains/spshd.com/public_html/khachhang/application/views/tab4.php 394
ERROR - 2020-03-18 04:18:11 --> Could not find the language line "Đóng"
ERROR - 2020-03-18 04:18:11 --> Could not find the language line "Xác Nhận"
ERROR - 2020-03-18 04:18:11 --> Severity: Warning --> Invalid argument supplied for foreach() /home/admin/domains/spshd.com/public_html/khachhang/application/views/app.php 161
ERROR - 2020-03-18 04:18:11 --> Severity: Warning --> Invalid argument supplied for foreach() /home/admin/domains/spshd.com/public_html/khachhang/application/views/app.php 172
ERROR - 2020-03-18 04:18:11 --> Could not find the language line "Đóng"
ERROR - 2020-03-18 04:18:11 --> Could not find the language line "Xác Nhận"
ERROR - 2020-03-18 04:18:11 --> Could not find the language line "Đóng"
ERROR - 2020-03-18 04:18:11 --> Could not find the language line "Xác Nhận"
ERROR - 2020-03-18 04:24:27 --> Could not find the language line "Tạo Điểm Lấy Hàng"
ERROR - 2020-03-18 04:24:27 --> Could not find the language line "Tạo Đơn Hàng"
ERROR - 2020-03-18 04:24:27 --> Severity: Warning --> Invalid argument supplied for foreach() /home/admin/domains/spshd.com/public_html/khachhang/application/views/tab4.php 394
ERROR - 2020-03-18 04:24:27 --> Could not find the language line "Đóng"
ERROR - 2020-03-18 04:24:27 --> Could not find the language line "Xác Nhận"
ERROR - 2020-03-18 04:24:27 --> Severity: Warning --> Invalid argument supplied for foreach() /home/admin/domains/spshd.com/public_html/khachhang/application/views/app.php 161
ERROR - 2020-03-18 04:24:27 --> Severity: Warning --> Invalid argument supplied for foreach() /home/admin/domains/spshd.com/public_html/khachhang/application/views/app.php 172
ERROR - 2020-03-18 04:24:27 --> Could not find the language line "Đóng"
ERROR - 2020-03-18 04:24:27 --> Could not find the language line "Xác Nhận"
ERROR - 2020-03-18 04:24:27 --> Could not find the language line "Đóng"
ERROR - 2020-03-18 04:24:27 --> Could not find the language line "Xác Nhận"
ERROR - 2020-03-18 04:39:50 --> Could not find the language line "Tạo Điểm Lấy Hàng"
ERROR - 2020-03-18 04:39:50 --> Could not find the language line "Tạo Đơn Hàng"
ERROR - 2020-03-18 04:39:50 --> Severity: Warning --> Invalid argument supplied for foreach() /home/admin/domains/spshd.com/public_html/khachhang/application/views/tab4.php 394
ERROR - 2020-03-18 04:39:50 --> Could not find the language line "Đóng"
ERROR - 2020-03-18 04:39:50 --> Could not find the language line "Xác Nhận"
ERROR - 2020-03-18 04:39:50 --> Severity: Warning --> Invalid argument supplied for foreach() /home/admin/domains/spshd.com/public_html/khachhang/application/views/app.php 161
ERROR - 2020-03-18 04:39:50 --> Severity: Warning --> Invalid argument supplied for foreach() /home/admin/domains/spshd.com/public_html/khachhang/application/views/app.php 172
ERROR - 2020-03-18 04:39:50 --> Could not find the language line "Đóng"
ERROR - 2020-03-18 04:39:50 --> Could not find the language line "Xác Nhận"
ERROR - 2020-03-18 04:39:50 --> Could not find the language line "Đóng"
ERROR - 2020-03-18 04:39:50 --> Could not find the language line "Xác Nhận"
ERROR - 2020-03-18 05:25:31 --> Could not find the language line "Tạo Điểm Lấy Hàng"
ERROR - 2020-03-18 05:25:31 --> Could not find the language line "Tạo Đơn Hàng"
ERROR - 2020-03-18 05:25:31 --> Severity: Warning --> Invalid argument supplied for foreach() /home/admin/domains/spshd.com/public_html/khachhang/application/views/tab4.php 394
ERROR - 2020-03-18 05:25:31 --> Could not find the language line "Đóng"
ERROR - 2020-03-18 05:25:31 --> Could not find the language line "Xác Nhận"
ERROR - 2020-03-18 05:25:31 --> Severity: Warning --> Invalid argument supplied for foreach() /home/admin/domains/spshd.com/public_html/khachhang/application/views/app.php 161
ERROR - 2020-03-18 05:25:31 --> Severity: Warning --> Invalid argument supplied for foreach() /home/admin/domains/spshd.com/public_html/khachhang/application/views/app.php 172
ERROR - 2020-03-18 05:25:31 --> Could not find the language line "Đóng"
ERROR - 2020-03-18 05:25:31 --> Could not find the language line "Xác Nhận"
ERROR - 2020-03-18 05:25:31 --> Could not find the language line "Đóng"
ERROR - 2020-03-18 05:25:31 --> Could not find the language line "Xác Nhận"
ERROR - 2020-03-18 05:26:04 --> Could not find the language line "Tạo Điểm Lấy Hàng"
ERROR - 2020-03-18 05:26:04 --> Could not find the language line "Tạo Đơn Hàng"
ERROR - 2020-03-18 05:26:04 --> Severity: Warning --> Invalid argument supplied for foreach() /home/admin/domains/spshd.com/public_html/khachhang/application/views/tab4.php 394
ERROR - 2020-03-18 05:26:04 --> Could not find the language line "Đóng"
ERROR - 2020-03-18 05:26:04 --> Could not find the language line "Xác Nhận"
ERROR - 2020-03-18 05:26:04 --> Severity: Warning --> Invalid argument supplied for foreach() /home/admin/domains/spshd.com/public_html/khachhang/application/views/app.php 161
ERROR - 2020-03-18 05:26:04 --> Severity: Warning --> Invalid argument supplied for foreach() /home/admin/domains/spshd.com/public_html/khachhang/application/views/app.php 172
ERROR - 2020-03-18 05:26:04 --> Could not find the language line "Đóng"
ERROR - 2020-03-18 05:26:04 --> Could not find the language line "Xác Nhận"
ERROR - 2020-03-18 05:26:04 --> Could not find the language line "Đóng"
ERROR - 2020-03-18 05:26:04 --> Could not find the language line "Xác Nhận"
ERROR - 2020-03-18 05:54:24 --> Could not find the language line "Tạo Điểm Lấy Hàng"
ERROR - 2020-03-18 05:54:24 --> Could not find the language line "Tạo Đơn Hàng"
ERROR - 2020-03-18 05:54:24 --> Severity: Warning --> Invalid argument supplied for foreach() /home/admin/domains/spshd.com/public_html/khachhang/application/views/tab4.php 394
ERROR - 2020-03-18 05:54:24 --> Could not find the language line "Đóng"
ERROR - 2020-03-18 05:54:24 --> Could not find the language line "Xác Nhận"
ERROR - 2020-03-18 05:54:24 --> Severity: Warning --> Invalid argument supplied for foreach() /home/admin/domains/spshd.com/public_html/khachhang/application/views/app.php 161
ERROR - 2020-03-18 05:54:24 --> Severity: Warning --> Invalid argument supplied for foreach() /home/admin/domains/spshd.com/public_html/khachhang/application/views/app.php 172
ERROR - 2020-03-18 05:54:24 --> Could not find the language line "Đóng"
ERROR - 2020-03-18 05:54:24 --> Could not find the language line "Xác Nhận"
ERROR - 2020-03-18 05:54:24 --> Could not find the language line "Đóng"
ERROR - 2020-03-18 05:54:24 --> Could not find the language line "Xác Nhận"
ERROR - 2020-03-18 05:56:25 --> Could not find the language line "Tạo Điểm Lấy Hàng"
ERROR - 2020-03-18 05:56:25 --> Could not find the language line "Tạo Đơn Hàng"
ERROR - 2020-03-18 05:56:25 --> Severity: Warning --> Invalid argument supplied for foreach() /home/admin/domains/spshd.com/public_html/khachhang/application/views/tab4.php 394
ERROR - 2020-03-18 05:56:25 --> Could not find the language line "Đóng"
ERROR - 2020-03-18 05:56:25 --> Could not find the language line "Xác Nhận"
ERROR - 2020-03-18 05:56:25 --> Severity: Warning --> Invalid argument supplied for foreach() /home/admin/domains/spshd.com/public_html/khachhang/application/views/app.php 161
ERROR - 2020-03-18 05:56:25 --> Severity: Warning --> Invalid argument supplied for foreach() /home/admin/domains/spshd.com/public_html/khachhang/application/views/app.php 172
ERROR - 2020-03-18 05:56:25 --> Could not find the language line "Đóng"
ERROR - 2020-03-18 05:56:25 --> Could not find the language line "Xác Nhận"
ERROR - 2020-03-18 05:56:25 --> Could not find the language line "Đóng"
ERROR - 2020-03-18 05:56:25 --> Could not find the language line "Xác Nhận"
ERROR - 2020-03-18 07:13:13 --> Could not find the language line "Email"
ERROR - 2020-03-18 07:13:13 --> Could not find the language line "password"
ERROR - 2020-03-18 08:23:46 --> Could not find the language line "Tạo Điểm Lấy Hàng"
ERROR - 2020-03-18 08:23:46 --> Could not find the language line "Tạo Đơn Hàng"
ERROR - 2020-03-18 08:23:46 --> Severity: Warning --> Invalid argument supplied for foreach() /home/admin/domains/spshd.com/public_html/khachhang/application/views/tab4.php 394
ERROR - 2020-03-18 08:23:46 --> Could not find the language line "Đóng"
ERROR - 2020-03-18 08:23:46 --> Could not find the language line "Xác Nhận"
ERROR - 2020-03-18 08:23:46 --> Severity: Warning --> Invalid argument supplied for foreach() /home/admin/domains/spshd.com/public_html/khachhang/application/views/app.php 161
ERROR - 2020-03-18 08:23:46 --> Severity: Warning --> Invalid argument supplied for foreach() /home/admin/domains/spshd.com/public_html/khachhang/application/views/app.php 172
ERROR - 2020-03-18 08:23:46 --> Could not find the language line "Đóng"
ERROR - 2020-03-18 08:23:46 --> Could not find the language line "Xác Nhận"
ERROR - 2020-03-18 08:23:46 --> Could not find the language line "Đóng"
ERROR - 2020-03-18 08:23:46 --> Could not find the language line "Xác Nhận"
ERROR - 2020-03-18 08:23:46 --> Could not find the language line "Tạo Điểm Lấy Hàng"
ERROR - 2020-03-18 08:23:46 --> Could not find the language line "Tạo Đơn Hàng"
ERROR - 2020-03-18 08:23:46 --> Severity: Warning --> Invalid argument supplied for foreach() /home/admin/domains/spshd.com/public_html/khachhang/application/views/tab4.php 394
ERROR - 2020-03-18 08:23:46 --> Could not find the language line "Đóng"
ERROR - 2020-03-18 08:23:46 --> Could not find the language line "Xác Nhận"
ERROR - 2020-03-18 08:23:46 --> Severity: Warning --> Invalid argument supplied for foreach() /home/admin/domains/spshd.com/public_html/khachhang/application/views/app.php 161
ERROR - 2020-03-18 08:23:46 --> Severity: Warning --> Invalid argument supplied for foreach() /home/admin/domains/spshd.com/public_html/khachhang/application/views/app.php 172
ERROR - 2020-03-18 08:23:46 --> Could not find the language line "Đóng"
ERROR - 2020-03-18 08:23:46 --> Could not find the language line "Xác Nhận"
ERROR - 2020-03-18 08:23:46 --> Could not find the language line "Đóng"
ERROR - 2020-03-18 08:23:46 --> Could not find the language line "Xác Nhận"
ERROR - 2020-03-18 08:24:49 --> Could not find the language line "Tạo Điểm Lấy Hàng"
ERROR - 2020-03-18 08:24:49 --> Could not find the language line "Tạo Đơn Hàng"
ERROR - 2020-03-18 08:24:49 --> Severity: Warning --> Invalid argument supplied for foreach() /home/admin/domains/spshd.com/public_html/khachhang/application/views/tab4.php 394
ERROR - 2020-03-18 08:24:49 --> Could not find the language line "Đóng"
ERROR - 2020-03-18 08:24:49 --> Could not find the language line "Xác Nhận"
ERROR - 2020-03-18 08:24:49 --> Severity: Warning --> Invalid argument supplied for foreach() /home/admin/domains/spshd.com/public_html/khachhang/application/views/app.php 161
ERROR - 2020-03-18 08:24:49 --> Severity: Warning --> Invalid argument supplied for foreach() /home/admin/domains/spshd.com/public_html/khachhang/application/views/app.php 172
ERROR - 2020-03-18 08:24:49 --> Could not find the language line "Đóng"
ERROR - 2020-03-18 08:24:49 --> Could not find the language line "Xác Nhận"
ERROR - 2020-03-18 08:24:49 --> Could not find the language line "Đóng"
ERROR - 2020-03-18 08:24:49 --> Could not find the language line "Xác Nhận"
ERROR - 2020-03-18 08:31:18 --> Could not find the language line "Tạo Điểm Lấy Hàng"
ERROR - 2020-03-18 08:31:18 --> Could not find the language line "Tạo Đơn Hàng"
ERROR - 2020-03-18 08:31:18 --> Severity: Warning --> Invalid argument supplied for foreach() /home/admin/domains/spshd.com/public_html/khachhang/application/views/tab4.php 394
ERROR - 2020-03-18 08:31:18 --> Could not find the language line "Đóng"
ERROR - 2020-03-18 08:31:18 --> Could not find the language line "Xác Nhận"
ERROR - 2020-03-18 08:31:18 --> Severity: Warning --> Invalid argument supplied for foreach() /home/admin/domains/spshd.com/public_html/khachhang/application/views/app.php 161
ERROR - 2020-03-18 08:31:18 --> Severity: Warning --> Invalid argument supplied for foreach() /home/admin/domains/spshd.com/public_html/khachhang/application/views/app.php 172
ERROR - 2020-03-18 08:31:18 --> Could not find the language line "Đóng"
ERROR - 2020-03-18 08:31:18 --> Could not find the language line "Xác Nhận"
ERROR - 2020-03-18 08:31:18 --> Could not find the language line "Đóng"
ERROR - 2020-03-18 08:31:18 --> Could not find the language line "Xác Nhận"
ERROR - 2020-03-18 08:36:08 --> Could not find the language line "Tạo Điểm Lấy Hàng"
ERROR - 2020-03-18 08:36:08 --> Could not find the language line "Tạo Đơn Hàng"
ERROR - 2020-03-18 08:36:08 --> Severity: Warning --> Invalid argument supplied for foreach() /home/admin/domains/spshd.com/public_html/khachhang/application/views/tab4.php 394
ERROR - 2020-03-18 08:36:08 --> Could not find the language line "Đóng"
ERROR - 2020-03-18 08:36:08 --> Could not find the language line "Xác Nhận"
ERROR - 2020-03-18 08:36:08 --> Severity: Warning --> Invalid argument supplied for foreach() /home/admin/domains/spshd.com/public_html/khachhang/application/views/app.php 161
ERROR - 2020-03-18 08:36:08 --> Severity: Warning --> Invalid argument supplied for foreach() /home/admin/domains/spshd.com/public_html/khachhang/application/views/app.php 172
ERROR - 2020-03-18 08:36:08 --> Could not find the language line "Đóng"
ERROR - 2020-03-18 08:36:08 --> Could not find the language line "Xác Nhận"
ERROR - 2020-03-18 08:36:08 --> Could not find the language line "Đóng"
ERROR - 2020-03-18 08:36:08 --> Could not find the language line "Xác Nhận"
ERROR - 2020-03-18 08:45:40 --> Could not find the language line "Tạo Điểm Lấy Hàng"
ERROR - 2020-03-18 08:45:40 --> Could not find the language line "Tạo Đơn Hàng"
ERROR - 2020-03-18 08:45:40 --> Severity: Warning --> Invalid argument supplied for foreach() /home/admin/domains/spshd.com/public_html/khachhang/application/views/tab4.php 394
ERROR - 2020-03-18 08:45:40 --> Could not find the language line "Đóng"
ERROR - 2020-03-18 08:45:40 --> Could not find the language line "Xác Nhận"
ERROR - 2020-03-18 08:45:40 --> Severity: Warning --> Invalid argument supplied for foreach() /home/admin/domains/spshd.com/public_html/khachhang/application/views/app.php 161
ERROR - 2020-03-18 08:45:40 --> Severity: Warning --> Invalid argument supplied for foreach() /home/admin/domains/spshd.com/public_html/khachhang/application/views/app.php 172
ERROR - 2020-03-18 08:45:40 --> Could not find the language line "Đóng"
ERROR - 2020-03-18 08:45:40 --> Could not find the language line "Xác Nhận"
ERROR - 2020-03-18 08:45:40 --> Could not find the language line "Đóng"
ERROR - 2020-03-18 08:45:40 --> Could not find the language line "Xác Nhận"
ERROR - 2020-03-18 08:45:40 --> Could not find the language line "Tạo Điểm Lấy Hàng"
ERROR - 2020-03-18 08:45:40 --> Could not find the language line "Tạo Đơn Hàng"
ERROR - 2020-03-18 08:45:40 --> Severity: Warning --> Invalid argument supplied for foreach() /home/admin/domains/spshd.com/public_html/khachhang/application/views/tab4.php 394
ERROR - 2020-03-18 08:45:40 --> Could not find the language line "Đóng"
ERROR - 2020-03-18 08:45:40 --> Could not find the language line "Xác Nhận"
ERROR - 2020-03-18 08:45:40 --> Severity: Warning --> Invalid argument supplied for foreach() /home/admin/domains/spshd.com/public_html/khachhang/application/views/app.php 161
ERROR - 2020-03-18 08:45:40 --> Severity: Warning --> Invalid argument supplied for foreach() /home/admin/domains/spshd.com/public_html/khachhang/application/views/app.php 172
ERROR - 2020-03-18 08:45:40 --> Could not find the language line "Đóng"
ERROR - 2020-03-18 08:45:40 --> Could not find the language line "Xác Nhận"
ERROR - 2020-03-18 08:45:40 --> Could not find the language line "Đóng"
ERROR - 2020-03-18 08:45:40 --> Could not find the language line "Xác Nhận"
ERROR - 2020-03-18 10:38:55 --> Could not find the language line "Tạo Điểm Lấy Hàng"
ERROR - 2020-03-18 10:38:55 --> Could not find the language line "Tạo Đơn Hàng"
ERROR - 2020-03-18 10:38:55 --> Severity: Warning --> Invalid argument supplied for foreach() /home/admin/domains/spshd.com/public_html/khachhang/application/views/tab4.php 394
ERROR - 2020-03-18 10:38:55 --> Could not find the language line "Đóng"
ERROR - 2020-03-18 10:38:55 --> Could not find the language line "Xác Nhận"
ERROR - 2020-03-18 10:38:55 --> Severity: Warning --> Invalid argument supplied for foreach() /home/admin/domains/spshd.com/public_html/khachhang/application/views/app.php 161
ERROR - 2020-03-18 10:38:55 --> Severity: Warning --> Invalid argument supplied for foreach() /home/admin/domains/spshd.com/public_html/khachhang/application/views/app.php 172
ERROR - 2020-03-18 10:38:55 --> Could not find the language line "Đóng"
ERROR - 2020-03-18 10:38:55 --> Could not find the language line "Xác Nhận"
ERROR - 2020-03-18 10:38:55 --> Could not find the language line "Đóng"
ERROR - 2020-03-18 10:38:55 --> Could not find the language line "Xác Nhận"
ERROR - 2020-03-18 11:39:45 --> Could not find the language line "Tạo Điểm Lấy Hàng"
ERROR - 2020-03-18 11:39:45 --> Could not find the language line "Tạo Đơn Hàng"
ERROR - 2020-03-18 11:39:45 --> Severity: Warning --> Invalid argument supplied for foreach() /home/admin/domains/spshd.com/public_html/khachhang/application/views/tab4.php 394
ERROR - 2020-03-18 11:39:45 --> Could not find the language line "Đóng"
ERROR - 2020-03-18 11:39:45 --> Could not find the language line "Xác Nhận"
ERROR - 2020-03-18 11:39:45 --> Severity: Warning --> Invalid argument supplied for foreach() /home/admin/domains/spshd.com/public_html/khachhang/application/views/app.php 161
ERROR - 2020-03-18 11:39:45 --> Severity: Warning --> Invalid argument supplied for foreach() /home/admin/domains/spshd.com/public_html/khachhang/application/views/app.php 172
ERROR - 2020-03-18 11:39:45 --> Could not find the language line "Đóng"
ERROR - 2020-03-18 11:39:45 --> Could not find the language line "Xác Nhận"
ERROR - 2020-03-18 11:39:45 --> Could not find the language line "Đóng"
ERROR - 2020-03-18 11:39:45 --> Could not find the language line "Xác Nhận"
ERROR - 2020-03-18 12:23:37 --> Could not find the language line "Tạo Điểm Lấy Hàng"
ERROR - 2020-03-18 12:23:37 --> Could not find the language line "Tạo Đơn Hàng"
ERROR - 2020-03-18 12:23:37 --> Severity: Warning --> Invalid argument supplied for foreach() /home/admin/domains/spshd.com/public_html/khachhang/application/views/tab4.php 394
ERROR - 2020-03-18 12:23:37 --> Could not find the language line "Đóng"
ERROR - 2020-03-18 12:23:37 --> Could not find the language line "Xác Nhận"
ERROR - 2020-03-18 12:23:37 --> Severity: Warning --> Invalid argument supplied for foreach() /home/admin/domains/spshd.com/public_html/khachhang/application/views/app.php 161
ERROR - 2020-03-18 12:23:37 --> Severity: Warning --> Invalid argument supplied for foreach() /home/admin/domains/spshd.com/public_html/khachhang/application/views/app.php 172
ERROR - 2020-03-18 12:23:37 --> Could not find the language line "Đóng"
ERROR - 2020-03-18 12:23:37 --> Could not find the language line "Xác Nhận"
ERROR - 2020-03-18 12:23:37 --> Could not find the language line "Đóng"
ERROR - 2020-03-18 12:23:37 --> Could not find the language line "Xác Nhận"
ERROR - 2020-03-18 12:23:37 --> Could not find the language line "Tạo Điểm Lấy Hàng"
ERROR - 2020-03-18 12:23:37 --> Could not find the language line "Tạo Đơn Hàng"
ERROR - 2020-03-18 12:23:37 --> Severity: Warning --> Invalid argument supplied for foreach() /home/admin/domains/spshd.com/public_html/khachhang/application/views/tab4.php 394
ERROR - 2020-03-18 12:23:37 --> Could not find the language line "Đóng"
ERROR - 2020-03-18 12:23:37 --> Could not find the language line "Xác Nhận"
ERROR - 2020-03-18 12:23:37 --> Severity: Warning --> Invalid argument supplied for foreach() /home/admin/domains/spshd.com/public_html/khachhang/application/views/app.php 161
ERROR - 2020-03-18 12:23:37 --> Severity: Warning --> Invalid argument supplied for foreach() /home/admin/domains/spshd.com/public_html/khachhang/application/views/app.php 172
ERROR - 2020-03-18 12:23:37 --> Could not find the language line "Đóng"
ERROR - 2020-03-18 12:23:37 --> Could not find the language line "Xác Nhận"
ERROR - 2020-03-18 12:23:37 --> Could not find the language line "Đóng"
ERROR - 2020-03-18 12:23:37 --> Could not find the language line "Xác Nhận"
ERROR - 2020-03-18 12:40:18 --> Could not find the language line "Email"
ERROR - 2020-03-18 12:40:18 --> Could not find the language line "password"
ERROR - 2020-03-18 12:40:20 --> Could not find the language line "Email"
ERROR - 2020-03-18 12:40:20 --> Could not find the language line "password"
ERROR - 2020-03-18 12:40:50 --> Could not find the language line "Email"
ERROR - 2020-03-18 12:40:50 --> Could not find the language line "password"
ERROR - 2020-03-18 12:41:15 --> Could not find the language line "Tạo Điểm Lấy Hàng"
ERROR - 2020-03-18 12:41:15 --> Could not find the language line "Tạo Đơn Hàng"
ERROR - 2020-03-18 12:41:15 --> Severity: Warning --> Invalid argument supplied for foreach() /home/admin/domains/spshd.com/public_html/khachhang/application/views/tab4.php 394
ERROR - 2020-03-18 12:41:15 --> Could not find the language line "Đóng"
ERROR - 2020-03-18 12:41:15 --> Could not find the language line "Xác Nhận"
ERROR - 2020-03-18 12:41:15 --> Severity: Warning --> Invalid argument supplied for foreach() /home/admin/domains/spshd.com/public_html/khachhang/application/views/app.php 161
ERROR - 2020-03-18 12:41:15 --> Severity: Warning --> Invalid argument supplied for foreach() /home/admin/domains/spshd.com/public_html/khachhang/application/views/app.php 172
ERROR - 2020-03-18 12:41:15 --> Could not find the language line "Đóng"
ERROR - 2020-03-18 12:41:15 --> Could not find the language line "Xác Nhận"
ERROR - 2020-03-18 12:41:15 --> Could not find the language line "Đóng"
ERROR - 2020-03-18 12:41:15 --> Could not find the language line "Xác Nhận"
ERROR - 2020-03-18 12:50:23 --> Could not find the language line "Email"
ERROR - 2020-03-18 12:50:23 --> Could not find the language line "password"
ERROR - 2020-03-18 12:51:13 --> Could not find the language line "Email"
ERROR - 2020-03-18 12:51:13 --> Could not find the language line "password"
ERROR - 2020-03-18 12:51:40 --> Could not find the language line "Email"
ERROR - 2020-03-18 12:51:40 --> Could not find the language line "password"
ERROR - 2020-03-18 12:51:59 --> Could not find the language line "Email"
ERROR - 2020-03-18 12:51:59 --> Could not find the language line "password"
ERROR - 2020-03-18 13:00:19 --> Could not find the language line "Email"
ERROR - 2020-03-18 13:00:19 --> Could not find the language line "password"
ERROR - 2020-03-18 13:08:59 --> Could not find the language line "Email"
ERROR - 2020-03-18 13:08:59 --> Could not find the language line "password"
ERROR - 2020-03-18 13:09:50 --> Could not find the language line "Email"
ERROR - 2020-03-18 13:09:50 --> Could not find the language line "password"
ERROR - 2020-03-18 13:25:46 --> Could not find the language line "Tạo Điểm Lấy Hàng"
ERROR - 2020-03-18 13:25:46 --> Could not find the language line "Tạo Đơn Hàng"
ERROR - 2020-03-18 13:25:46 --> Severity: Warning --> Invalid argument supplied for foreach() /home/admin/domains/spshd.com/public_html/khachhang/application/views/tab4.php 394
ERROR - 2020-03-18 13:25:46 --> Could not find the language line "Đóng"
ERROR - 2020-03-18 13:25:46 --> Could not find the language line "Xác Nhận"
ERROR - 2020-03-18 13:25:46 --> Severity: Warning --> Invalid argument supplied for foreach() /home/admin/domains/spshd.com/public_html/khachhang/application/views/app.php 161
ERROR - 2020-03-18 13:25:46 --> Severity: Warning --> Invalid argument supplied for foreach() /home/admin/domains/spshd.com/public_html/khachhang/application/views/app.php 172
ERROR - 2020-03-18 13:25:46 --> Could not find the language line "Đóng"
ERROR - 2020-03-18 13:25:46 --> Could not find the language line "Xác Nhận"
ERROR - 2020-03-18 13:25:46 --> Could not find the language line "Đóng"
ERROR - 2020-03-18 13:25:46 --> Could not find the language line "Xác Nhận"
ERROR - 2020-03-18 13:25:52 --> Could not find the language line "Email"
ERROR - 2020-03-18 13:25:52 --> Could not find the language line "password"
ERROR - 2020-03-18 13:26:07 --> Could not find the language line "Tạo Điểm Lấy Hàng"
ERROR - 2020-03-18 13:26:07 --> Could not find the language line "Tạo Đơn Hàng"
ERROR - 2020-03-18 13:26:07 --> Severity: Warning --> Invalid argument supplied for foreach() /home/admin/domains/spshd.com/public_html/khachhang/application/views/tab4.php 394
ERROR - 2020-03-18 13:26:07 --> Could not find the language line "Đóng"
ERROR - 2020-03-18 13:26:07 --> Could not find the language line "Xác Nhận"
ERROR - 2020-03-18 13:26:07 --> Severity: Warning --> Invalid argument supplied for foreach() /home/admin/domains/spshd.com/public_html/khachhang/application/views/app.php 161
ERROR - 2020-03-18 13:26:07 --> Severity: Warning --> Invalid argument supplied for foreach() /home/admin/domains/spshd.com/public_html/khachhang/application/views/app.php 172
ERROR - 2020-03-18 13:26:07 --> Could not find the language line "Đóng"
ERROR - 2020-03-18 13:26:07 --> Could not find the language line "Xác Nhận"
ERROR - 2020-03-18 13:26:07 --> Could not find the language line "Đóng"
ERROR - 2020-03-18 13:26:07 --> Could not find the language line "Xác Nhận"
ERROR - 2020-03-18 14:19:30 --> Could not find the language line "Tạo Điểm Lấy Hàng"
ERROR - 2020-03-18 14:19:30 --> Could not find the language line "Tạo Đơn Hàng"
ERROR - 2020-03-18 14:19:30 --> Severity: Warning --> Invalid argument supplied for foreach() /home/admin/domains/spshd.com/public_html/khachhang/application/views/tab4.php 394
ERROR - 2020-03-18 14:19:30 --> Could not find the language line "Đóng"
ERROR - 2020-03-18 14:19:30 --> Could not find the language line "Xác Nhận"
ERROR - 2020-03-18 14:19:30 --> Severity: Warning --> Invalid argument supplied for foreach() /home/admin/domains/spshd.com/public_html/khachhang/application/views/app.php 161
ERROR - 2020-03-18 14:19:30 --> Severity: Warning --> Invalid argument supplied for foreach() /home/admin/domains/spshd.com/public_html/khachhang/application/views/app.php 172
ERROR - 2020-03-18 14:19:30 --> Could not find the language line "Đóng"
ERROR - 2020-03-18 14:19:30 --> Could not find the language line "Xác Nhận"
ERROR - 2020-03-18 14:19:30 --> Could not find the language line "Đóng"
ERROR - 2020-03-18 14:19:30 --> Could not find the language line "Xác Nhận"
ERROR - 2020-03-18 16:03:29 --> Could not find the language line "Tạo Điểm Lấy Hàng"
ERROR - 2020-03-18 16:03:29 --> Could not find the language line "Tạo Đơn Hàng"
ERROR - 2020-03-18 16:03:29 --> Severity: Warning --> Invalid argument supplied for foreach() /home/admin/domains/spshd.com/public_html/khachhang/application/views/tab4.php 394
ERROR - 2020-03-18 16:03:29 --> Could not find the language line "Đóng"
ERROR - 2020-03-18 16:03:29 --> Could not find the language line "Xác Nhận"
ERROR - 2020-03-18 16:03:29 --> Severity: Warning --> Invalid argument supplied for foreach() /home/admin/domains/spshd.com/public_html/khachhang/application/views/app.php 161
ERROR - 2020-03-18 16:03:29 --> Could not find the language line "Tạo Điểm Lấy Hàng"
ERROR - 2020-03-18 16:03:29 --> Severity: Warning --> Invalid argument supplied for foreach() /home/admin/domains/spshd.com/public_html/khachhang/application/views/app.php 172
ERROR - 2020-03-18 16:03:29 --> Could not find the language line "Tạo Đơn Hàng"
ERROR - 2020-03-18 16:03:29 --> Could not find the language line "Đóng"
ERROR - 2020-03-18 16:03:29 --> Could not find the language line "Xác Nhận"
ERROR - 2020-03-18 16:03:29 --> Could not find the language line "Đóng"
ERROR - 2020-03-18 16:03:29 --> Severity: Warning --> Invalid argument supplied for foreach() /home/admin/domains/spshd.com/public_html/khachhang/application/views/tab4.php 394
ERROR - 2020-03-18 16:03:29 --> Could not find the language line "Xác Nhận"
ERROR - 2020-03-18 16:03:29 --> Could not find the language line "Đóng"
ERROR - 2020-03-18 16:03:29 --> Could not find the language line "Xác Nhận"
ERROR - 2020-03-18 16:03:29 --> Severity: Warning --> Invalid argument supplied for foreach() /home/admin/domains/spshd.com/public_html/khachhang/application/views/app.php 161
ERROR - 2020-03-18 16:03:29 --> Severity: Warning --> Invalid argument supplied for foreach() /home/admin/domains/spshd.com/public_html/khachhang/application/views/app.php 172
ERROR - 2020-03-18 16:03:29 --> Could not find the language line "Đóng"
ERROR - 2020-03-18 16:03:29 --> Could not find the language line "Xác Nhận"
ERROR - 2020-03-18 16:03:29 --> Could not find the language line "Đóng"
ERROR - 2020-03-18 16:03:29 --> Could not find the language line "Xác Nhận"
ERROR - 2020-03-18 16:44:45 --> Could not find the language line "Tạo Điểm Lấy Hàng"
ERROR - 2020-03-18 16:44:45 --> Could not find the language line "Tạo Đơn Hàng"
ERROR - 2020-03-18 16:44:45 --> Severity: Warning --> Invalid argument supplied for foreach() /home/admin/domains/spshd.com/public_html/khachhang/application/views/tab4.php 394
ERROR - 2020-03-18 16:44:45 --> Could not find the language line "Đóng"
ERROR - 2020-03-18 16:44:45 --> Could not find the language line "Xác Nhận"
ERROR - 2020-03-18 16:44:45 --> Severity: Warning --> Invalid argument supplied for foreach() /home/admin/domains/spshd.com/public_html/khachhang/application/views/app.php 161
ERROR - 2020-03-18 16:44:45 --> Severity: Warning --> Invalid argument supplied for foreach() /home/admin/domains/spshd.com/public_html/khachhang/application/views/app.php 172
ERROR - 2020-03-18 16:44:45 --> Could not find the language line "Đóng"
ERROR - 2020-03-18 16:44:45 --> Could not find the language line "Xác Nhận"
ERROR - 2020-03-18 16:44:45 --> Could not find the language line "Đóng"
ERROR - 2020-03-18 16:44:45 --> Could not find the language line "Xác Nhận"
