ERROR - 2020-04-16 02:23:20 --> Could not find the language line "Email"
ERROR - 2020-04-16 02:23:20 --> Could not find the language line "password"
ERROR - 2020-04-16 02:26:45 --> Could not find the language line "Email"
ERROR - 2020-04-16 02:26:45 --> Could not find the language line "password"
ERROR - 2020-04-16 02:27:13 --> Could not find the language line "Email"
ERROR - 2020-04-16 02:27:13 --> Could not find the language line "password"
ERROR - 2020-04-16 08:27:53 --> Could not find the language line "Tạo Điểm Lấy Hàng"
ERROR - 2020-04-16 08:27:53 --> Could not find the language line "Tạo Đơn Hàng"
ERROR - 2020-04-16 08:27:53 --> Could not find the language line "Đóng"
ERROR - 2020-04-16 08:27:53 --> Could not find the language line "Xác Nhận"
ERROR - 2020-04-16 08:27:53 --> Severity: Warning --> Invalid argument supplied for foreach() /home/admin/domains/spshd.com/public_html/khachhang/application/views/app.php 161
ERROR - 2020-04-16 08:27:53 --> Severity: Warning --> Invalid argument supplied for foreach() /home/admin/domains/spshd.com/public_html/khachhang/application/views/app.php 172
ERROR - 2020-04-16 08:27:53 --> Could not find the language line "Đóng"
ERROR - 2020-04-16 08:27:53 --> Could not find the language line "Xác Nhận"
ERROR - 2020-04-16 08:27:53 --> Could not find the language line "Đóng"
ERROR - 2020-04-16 08:27:53 --> Could not find the language line "Xác Nhận"
ERROR - 2020-04-16 09:03:08 --> Could not find the language line "Tạo Điểm Lấy Hàng"
ERROR - 2020-04-16 09:03:08 --> Could not find the language line "Tạo Đơn Hàng"
ERROR - 2020-04-16 09:03:08 --> Could not find the language line "Đóng"
ERROR - 2020-04-16 09:03:08 --> Could not find the language line "Xác Nhận"
ERROR - 2020-04-16 09:03:08 --> Severity: Warning --> Invalid argument supplied for foreach() /home/admin/domains/spshd.com/public_html/khachhang/application/views/app.php 161
ERROR - 2020-04-16 09:03:08 --> Severity: Warning --> Invalid argument supplied for foreach() /home/admin/domains/spshd.com/public_html/khachhang/application/views/app.php 172
ERROR - 2020-04-16 09:03:08 --> Could not find the language line "Đóng"
ERROR - 2020-04-16 09:03:08 --> Could not find the language line "Xác Nhận"
ERROR - 2020-04-16 09:03:08 --> Could not find the language line "Đóng"
ERROR - 2020-04-16 09:03:08 --> Could not find the language line "Xác Nhận"
ERROR - 2020-04-16 09:54:58 --> Could not find the language line "Tạo Điểm Lấy Hàng"
ERROR - 2020-04-16 09:54:58 --> Could not find the language line "Tạo Đơn Hàng"
ERROR - 2020-04-16 09:54:58 --> Could not find the language line "Đóng"
ERROR - 2020-04-16 09:54:58 --> Could not find the language line "Xác Nhận"
ERROR - 2020-04-16 09:54:58 --> Severity: Warning --> Invalid argument supplied for foreach() /home/admin/domains/spshd.com/public_html/khachhang/application/views/app.php 161
ERROR - 2020-04-16 09:54:58 --> Severity: Warning --> Invalid argument supplied for foreach() /home/admin/domains/spshd.com/public_html/khachhang/application/views/app.php 172
ERROR - 2020-04-16 09:54:58 --> Could not find the language line "Đóng"
ERROR - 2020-04-16 09:54:58 --> Could not find the language line "Xác Nhận"
ERROR - 2020-04-16 09:54:58 --> Could not find the language line "Đóng"
ERROR - 2020-04-16 09:54:58 --> Could not find the language line "Xác Nhận"
ERROR - 2020-04-16 09:55:02 --> Could not find the language line "Tạo Điểm Lấy Hàng"
ERROR - 2020-04-16 09:55:02 --> Could not find the language line "Tạo Đơn Hàng"
ERROR - 2020-04-16 09:55:02 --> Could not find the language line "Đóng"
ERROR - 2020-04-16 09:55:02 --> Could not find the language line "Xác Nhận"
ERROR - 2020-04-16 09:55:02 --> Severity: Warning --> Invalid argument supplied for foreach() /home/admin/domains/spshd.com/public_html/khachhang/application/views/app.php 161
ERROR - 2020-04-16 09:55:02 --> Severity: Warning --> Invalid argument supplied for foreach() /home/admin/domains/spshd.com/public_html/khachhang/application/views/app.php 172
ERROR - 2020-04-16 09:55:02 --> Could not find the language line "Đóng"
ERROR - 2020-04-16 09:55:02 --> Could not find the language line "Xác Nhận"
ERROR - 2020-04-16 09:55:02 --> Could not find the language line "Đóng"
ERROR - 2020-04-16 09:55:02 --> Could not find the language line "Xác Nhận"
ERROR - 2020-04-16 10:04:54 --> Could not find the language line "Tạo Điểm Lấy Hàng"
ERROR - 2020-04-16 10:04:54 --> Could not find the language line "Tạo Đơn Hàng"
ERROR - 2020-04-16 10:04:54 --> Could not find the language line "Đóng"
ERROR - 2020-04-16 10:04:54 --> Could not find the language line "Xác Nhận"
ERROR - 2020-04-16 10:04:54 --> Severity: Warning --> Invalid argument supplied for foreach() /home/admin/domains/spshd.com/public_html/khachhang/application/views/app.php 161
ERROR - 2020-04-16 10:04:54 --> Severity: Warning --> Invalid argument supplied for foreach() /home/admin/domains/spshd.com/public_html/khachhang/application/views/app.php 172
ERROR - 2020-04-16 10:04:54 --> Could not find the language line "Đóng"
ERROR - 2020-04-16 10:04:54 --> Could not find the language line "Xác Nhận"
ERROR - 2020-04-16 10:04:54 --> Could not find the language line "Đóng"
ERROR - 2020-04-16 10:04:54 --> Could not find the language line "Xác Nhận"
ERROR - 2020-04-16 10:11:12 --> Could not find the language line "Tạo Điểm Lấy Hàng"
ERROR - 2020-04-16 10:11:12 --> Could not find the language line "Tạo Đơn Hàng"
ERROR - 2020-04-16 10:11:12 --> Could not find the language line "Đóng"
ERROR - 2020-04-16 10:11:12 --> Could not find the language line "Xác Nhận"
ERROR - 2020-04-16 10:11:12 --> Severity: Warning --> Invalid argument supplied for foreach() /home/admin/domains/spshd.com/public_html/khachhang/application/views/app.php 161
ERROR - 2020-04-16 10:11:12 --> Severity: Warning --> Invalid argument supplied for foreach() /home/admin/domains/spshd.com/public_html/khachhang/application/views/app.php 172
ERROR - 2020-04-16 10:11:12 --> Could not find the language line "Đóng"
ERROR - 2020-04-16 10:11:12 --> Could not find the language line "Xác Nhận"
ERROR - 2020-04-16 10:11:12 --> Could not find the language line "Đóng"
ERROR - 2020-04-16 10:11:12 --> Could not find the language line "Xác Nhận"
ERROR - 2020-04-16 10:17:18 --> Could not find the language line "Tạo Điểm Lấy Hàng"
ERROR - 2020-04-16 10:17:18 --> Could not find the language line "Tạo Đơn Hàng"
ERROR - 2020-04-16 10:17:18 --> Could not find the language line "Đóng"
ERROR - 2020-04-16 10:17:18 --> Could not find the language line "Xác Nhận"
ERROR - 2020-04-16 10:17:18 --> Severity: Warning --> Invalid argument supplied for foreach() /home/admin/domains/spshd.com/public_html/khachhang/application/views/app.php 161
ERROR - 2020-04-16 10:17:18 --> Severity: Warning --> Invalid argument supplied for foreach() /home/admin/domains/spshd.com/public_html/khachhang/application/views/app.php 172
ERROR - 2020-04-16 10:17:18 --> Could not find the language line "Đóng"
ERROR - 2020-04-16 10:17:18 --> Could not find the language line "Xác Nhận"
ERROR - 2020-04-16 10:17:18 --> Could not find the language line "Đóng"
ERROR - 2020-04-16 10:17:18 --> Could not find the language line "Xác Nhận"
ERROR - 2020-04-16 10:17:49 --> Could not find the language line "Tạo Điểm Lấy Hàng"
ERROR - 2020-04-16 10:17:49 --> Could not find the language line "Tạo Đơn Hàng"
ERROR - 2020-04-16 10:17:49 --> Could not find the language line "Đóng"
ERROR - 2020-04-16 10:17:49 --> Could not find the language line "Xác Nhận"
ERROR - 2020-04-16 10:17:49 --> Severity: Warning --> Invalid argument supplied for foreach() /home/admin/domains/spshd.com/public_html/khachhang/application/views/app.php 161
ERROR - 2020-04-16 10:17:49 --> Severity: Warning --> Invalid argument supplied for foreach() /home/admin/domains/spshd.com/public_html/khachhang/application/views/app.php 172
ERROR - 2020-04-16 10:17:49 --> Could not find the language line "Đóng"
ERROR - 2020-04-16 10:17:49 --> Could not find the language line "Xác Nhận"
ERROR - 2020-04-16 10:17:49 --> Could not find the language line "Đóng"
ERROR - 2020-04-16 10:17:49 --> Could not find the language line "Xác Nhận"
ERROR - 2020-04-16 10:19:19 --> Could not find the language line "Tạo Điểm Lấy Hàng"
ERROR - 2020-04-16 10:19:19 --> Could not find the language line "Tạo Đơn Hàng"
ERROR - 2020-04-16 10:19:19 --> Could not find the language line "Đóng"
ERROR - 2020-04-16 10:19:19 --> Could not find the language line "Xác Nhận"
ERROR - 2020-04-16 10:19:19 --> Severity: Warning --> Invalid argument supplied for foreach() /home/admin/domains/spshd.com/public_html/khachhang/application/views/app.php 161
ERROR - 2020-04-16 10:19:19 --> Severity: Warning --> Invalid argument supplied for foreach() /home/admin/domains/spshd.com/public_html/khachhang/application/views/app.php 172
ERROR - 2020-04-16 10:19:19 --> Could not find the language line "Đóng"
ERROR - 2020-04-16 10:19:19 --> Could not find the language line "Xác Nhận"
ERROR - 2020-04-16 10:19:19 --> Could not find the language line "Đóng"
ERROR - 2020-04-16 10:19:19 --> Could not find the language line "Xác Nhận"
ERROR - 2020-04-16 10:19:20 --> Could not find the language line "Tạo Điểm Lấy Hàng"
ERROR - 2020-04-16 10:19:20 --> Could not find the language line "Tạo Đơn Hàng"
ERROR - 2020-04-16 10:19:20 --> Could not find the language line "Đóng"
ERROR - 2020-04-16 10:19:20 --> Could not find the language line "Xác Nhận"
ERROR - 2020-04-16 10:19:20 --> Severity: Warning --> Invalid argument supplied for foreach() /home/admin/domains/spshd.com/public_html/khachhang/application/views/app.php 161
ERROR - 2020-04-16 10:19:20 --> Severity: Warning --> Invalid argument supplied for foreach() /home/admin/domains/spshd.com/public_html/khachhang/application/views/app.php 172
ERROR - 2020-04-16 10:19:20 --> Could not find the language line "Đóng"
ERROR - 2020-04-16 10:19:20 --> Could not find the language line "Xác Nhận"
ERROR - 2020-04-16 10:19:20 --> Could not find the language line "Đóng"
ERROR - 2020-04-16 10:19:20 --> Could not find the language line "Xác Nhận"
ERROR - 2020-04-16 10:20:45 --> Could not find the language line "Tạo Điểm Lấy Hàng"
ERROR - 2020-04-16 10:20:45 --> Could not find the language line "Tạo Đơn Hàng"
ERROR - 2020-04-16 10:20:45 --> Could not find the language line "Đóng"
ERROR - 2020-04-16 10:20:45 --> Could not find the language line "Xác Nhận"
ERROR - 2020-04-16 10:20:45 --> Severity: Warning --> Invalid argument supplied for foreach() /home/admin/domains/spshd.com/public_html/khachhang/application/views/app.php 161
ERROR - 2020-04-16 10:20:45 --> Severity: Warning --> Invalid argument supplied for foreach() /home/admin/domains/spshd.com/public_html/khachhang/application/views/app.php 172
ERROR - 2020-04-16 10:20:45 --> Could not find the language line "Đóng"
ERROR - 2020-04-16 10:20:45 --> Could not find the language line "Xác Nhận"
ERROR - 2020-04-16 10:20:45 --> Could not find the language line "Đóng"
ERROR - 2020-04-16 10:20:45 --> Could not find the language line "Xác Nhận"
ERROR - 2020-04-16 10:20:45 --> Could not find the language line "Tạo Điểm Lấy Hàng"
ERROR - 2020-04-16 10:20:45 --> Could not find the language line "Tạo Đơn Hàng"
ERROR - 2020-04-16 10:20:45 --> Could not find the language line "Đóng"
ERROR - 2020-04-16 10:20:45 --> Could not find the language line "Xác Nhận"
ERROR - 2020-04-16 10:20:45 --> Severity: Warning --> Invalid argument supplied for foreach() /home/admin/domains/spshd.com/public_html/khachhang/application/views/app.php 161
ERROR - 2020-04-16 10:20:45 --> Severity: Warning --> Invalid argument supplied for foreach() /home/admin/domains/spshd.com/public_html/khachhang/application/views/app.php 172
ERROR - 2020-04-16 10:20:45 --> Could not find the language line "Đóng"
ERROR - 2020-04-16 10:20:45 --> Could not find the language line "Xác Nhận"
ERROR - 2020-04-16 10:20:45 --> Could not find the language line "Đóng"
ERROR - 2020-04-16 10:20:45 --> Could not find the language line "Xác Nhận"
ERROR - 2020-04-16 10:24:35 --> Could not find the language line "Tạo Điểm Lấy Hàng"
ERROR - 2020-04-16 10:24:35 --> Could not find the language line "Tạo Đơn Hàng"
ERROR - 2020-04-16 10:24:35 --> Could not find the language line "Đóng"
ERROR - 2020-04-16 10:24:35 --> Could not find the language line "Xác Nhận"
ERROR - 2020-04-16 10:24:35 --> Severity: Warning --> Invalid argument supplied for foreach() /home/admin/domains/spshd.com/public_html/khachhang/application/views/app.php 161
ERROR - 2020-04-16 10:24:35 --> Severity: Warning --> Invalid argument supplied for foreach() /home/admin/domains/spshd.com/public_html/khachhang/application/views/app.php 172
ERROR - 2020-04-16 10:24:35 --> Could not find the language line "Đóng"
ERROR - 2020-04-16 10:24:35 --> Could not find the language line "Xác Nhận"
ERROR - 2020-04-16 10:24:35 --> Could not find the language line "Đóng"
ERROR - 2020-04-16 10:24:35 --> Could not find the language line "Xác Nhận"
ERROR - 2020-04-16 10:31:30 --> Could not find the language line "Tạo Điểm Lấy Hàng"
ERROR - 2020-04-16 10:31:30 --> Could not find the language line "Tạo Đơn Hàng"
ERROR - 2020-04-16 10:31:30 --> Could not find the language line "Đóng"
ERROR - 2020-04-16 10:31:30 --> Could not find the language line "Xác Nhận"
ERROR - 2020-04-16 10:31:30 --> Severity: Warning --> Invalid argument supplied for foreach() /home/admin/domains/spshd.com/public_html/khachhang/application/views/app.php 161
ERROR - 2020-04-16 10:31:30 --> Severity: Warning --> Invalid argument supplied for foreach() /home/admin/domains/spshd.com/public_html/khachhang/application/views/app.php 172
ERROR - 2020-04-16 10:31:30 --> Could not find the language line "Đóng"
ERROR - 2020-04-16 10:31:30 --> Could not find the language line "Xác Nhận"
ERROR - 2020-04-16 10:31:30 --> Could not find the language line "Đóng"
ERROR - 2020-04-16 10:31:30 --> Could not find the language line "Xác Nhận"
ERROR - 2020-04-16 10:32:20 --> Could not find the language line "Tạo Điểm Lấy Hàng"
ERROR - 2020-04-16 10:32:20 --> Could not find the language line "Tạo Đơn Hàng"
ERROR - 2020-04-16 10:32:20 --> Could not find the language line "Đóng"
ERROR - 2020-04-16 10:32:20 --> Could not find the language line "Xác Nhận"
ERROR - 2020-04-16 10:32:20 --> Severity: Warning --> Invalid argument supplied for foreach() /home/admin/domains/spshd.com/public_html/khachhang/application/views/app.php 161
ERROR - 2020-04-16 10:32:20 --> Severity: Warning --> Invalid argument supplied for foreach() /home/admin/domains/spshd.com/public_html/khachhang/application/views/app.php 172
ERROR - 2020-04-16 10:32:20 --> Could not find the language line "Đóng"
ERROR - 2020-04-16 10:32:20 --> Could not find the language line "Xác Nhận"
ERROR - 2020-04-16 10:32:20 --> Could not find the language line "Đóng"
ERROR - 2020-04-16 10:32:20 --> Could not find the language line "Xác Nhận"
ERROR - 2020-04-16 10:33:50 --> Could not find the language line "Tạo Điểm Lấy Hàng"
ERROR - 2020-04-16 10:33:50 --> Could not find the language line "Tạo Đơn Hàng"
ERROR - 2020-04-16 10:33:50 --> Could not find the language line "Đóng"
ERROR - 2020-04-16 10:33:50 --> Could not find the language line "Xác Nhận"
ERROR - 2020-04-16 10:33:50 --> Severity: Warning --> Invalid argument supplied for foreach() /home/admin/domains/spshd.com/public_html/khachhang/application/views/app.php 161
ERROR - 2020-04-16 10:33:50 --> Severity: Warning --> Invalid argument supplied for foreach() /home/admin/domains/spshd.com/public_html/khachhang/application/views/app.php 172
ERROR - 2020-04-16 10:33:50 --> Could not find the language line "Đóng"
ERROR - 2020-04-16 10:33:50 --> Could not find the language line "Xác Nhận"
ERROR - 2020-04-16 10:33:50 --> Could not find the language line "Đóng"
ERROR - 2020-04-16 10:33:50 --> Could not find the language line "Xác Nhận"
ERROR - 2020-04-16 10:34:38 --> Could not find the language line "Tạo Điểm Lấy Hàng"
ERROR - 2020-04-16 10:34:38 --> Could not find the language line "Tạo Đơn Hàng"
ERROR - 2020-04-16 10:34:38 --> Could not find the language line "Đóng"
ERROR - 2020-04-16 10:34:38 --> Could not find the language line "Xác Nhận"
ERROR - 2020-04-16 10:34:38 --> Severity: Warning --> Invalid argument supplied for foreach() /home/admin/domains/spshd.com/public_html/khachhang/application/views/app.php 161
ERROR - 2020-04-16 10:34:38 --> Severity: Warning --> Invalid argument supplied for foreach() /home/admin/domains/spshd.com/public_html/khachhang/application/views/app.php 172
ERROR - 2020-04-16 10:34:38 --> Could not find the language line "Đóng"
ERROR - 2020-04-16 10:34:38 --> Could not find the language line "Xác Nhận"
ERROR - 2020-04-16 10:34:38 --> Could not find the language line "Đóng"
ERROR - 2020-04-16 10:34:38 --> Could not find the language line "Xác Nhận"
ERROR - 2020-04-16 10:36:51 --> Could not find the language line "Tạo Điểm Lấy Hàng"
ERROR - 2020-04-16 10:36:51 --> Could not find the language line "Tạo Đơn Hàng"
ERROR - 2020-04-16 10:36:51 --> Could not find the language line "Đóng"
ERROR - 2020-04-16 10:36:51 --> Could not find the language line "Xác Nhận"
ERROR - 2020-04-16 10:36:51 --> Severity: Warning --> Invalid argument supplied for foreach() /home/admin/domains/spshd.com/public_html/khachhang/application/views/app.php 161
ERROR - 2020-04-16 10:36:51 --> Severity: Warning --> Invalid argument supplied for foreach() /home/admin/domains/spshd.com/public_html/khachhang/application/views/app.php 172
ERROR - 2020-04-16 10:36:51 --> Could not find the language line "Đóng"
ERROR - 2020-04-16 10:36:51 --> Could not find the language line "Xác Nhận"
ERROR - 2020-04-16 10:36:51 --> Could not find the language line "Đóng"
ERROR - 2020-04-16 10:36:51 --> Could not find the language line "Xác Nhận"
ERROR - 2020-04-16 10:39:44 --> Could not find the language line "Tạo Điểm Lấy Hàng"
ERROR - 2020-04-16 10:39:44 --> Could not find the language line "Tạo Đơn Hàng"
ERROR - 2020-04-16 10:39:44 --> Could not find the language line "Đóng"
ERROR - 2020-04-16 10:39:44 --> Could not find the language line "Xác Nhận"
ERROR - 2020-04-16 10:39:44 --> Severity: Warning --> Invalid argument supplied for foreach() /home/admin/domains/spshd.com/public_html/khachhang/application/views/app.php 161
ERROR - 2020-04-16 10:39:44 --> Severity: Warning --> Invalid argument supplied for foreach() /home/admin/domains/spshd.com/public_html/khachhang/application/views/app.php 172
ERROR - 2020-04-16 10:39:44 --> Could not find the language line "Đóng"
ERROR - 2020-04-16 10:39:44 --> Could not find the language line "Xác Nhận"
ERROR - 2020-04-16 10:39:44 --> Could not find the language line "Đóng"
ERROR - 2020-04-16 10:39:44 --> Could not find the language line "Xác Nhận"
ERROR - 2020-04-16 10:43:45 --> Could not find the language line "Tạo Điểm Lấy Hàng"
ERROR - 2020-04-16 10:43:45 --> Could not find the language line "Tạo Đơn Hàng"
ERROR - 2020-04-16 10:43:45 --> Could not find the language line "Đóng"
ERROR - 2020-04-16 10:43:45 --> Could not find the language line "Xác Nhận"
ERROR - 2020-04-16 10:43:45 --> Severity: Warning --> Invalid argument supplied for foreach() /home/admin/domains/spshd.com/public_html/khachhang/application/views/app.php 161
ERROR - 2020-04-16 10:43:45 --> Severity: Warning --> Invalid argument supplied for foreach() /home/admin/domains/spshd.com/public_html/khachhang/application/views/app.php 172
ERROR - 2020-04-16 10:43:45 --> Could not find the language line "Đóng"
ERROR - 2020-04-16 10:43:45 --> Could not find the language line "Xác Nhận"
ERROR - 2020-04-16 10:43:45 --> Could not find the language line "Đóng"
ERROR - 2020-04-16 10:43:45 --> Could not find the language line "Xác Nhận"
ERROR - 2020-04-16 10:44:56 --> Could not find the language line "Tạo Điểm Lấy Hàng"
ERROR - 2020-04-16 10:44:56 --> Could not find the language line "Tạo Đơn Hàng"
ERROR - 2020-04-16 10:44:56 --> Could not find the language line "Đóng"
ERROR - 2020-04-16 10:44:56 --> Could not find the language line "Xác Nhận"
ERROR - 2020-04-16 10:44:56 --> Severity: Warning --> Invalid argument supplied for foreach() /home/admin/domains/spshd.com/public_html/khachhang/application/views/app.php 161
ERROR - 2020-04-16 10:44:56 --> Severity: Warning --> Invalid argument supplied for foreach() /home/admin/domains/spshd.com/public_html/khachhang/application/views/app.php 172
ERROR - 2020-04-16 10:44:56 --> Could not find the language line "Đóng"
ERROR - 2020-04-16 10:44:56 --> Could not find the language line "Xác Nhận"
ERROR - 2020-04-16 10:44:56 --> Could not find the language line "Đóng"
ERROR - 2020-04-16 10:44:56 --> Could not find the language line "Xác Nhận"
ERROR - 2020-04-16 11:09:48 --> Could not find the language line "Tạo Điểm Lấy Hàng"
ERROR - 2020-04-16 11:09:48 --> Could not find the language line "Tạo Đơn Hàng"
ERROR - 2020-04-16 11:09:48 --> Could not find the language line "Đóng"
ERROR - 2020-04-16 11:09:48 --> Could not find the language line "Xác Nhận"
ERROR - 2020-04-16 11:09:48 --> Severity: Warning --> Invalid argument supplied for foreach() /home/admin/domains/spshd.com/public_html/khachhang/application/views/app.php 161
ERROR - 2020-04-16 11:09:48 --> Severity: Warning --> Invalid argument supplied for foreach() /home/admin/domains/spshd.com/public_html/khachhang/application/views/app.php 172
ERROR - 2020-04-16 11:09:48 --> Could not find the language line "Đóng"
ERROR - 2020-04-16 11:09:48 --> Could not find the language line "Xác Nhận"
ERROR - 2020-04-16 11:09:48 --> Could not find the language line "Đóng"
ERROR - 2020-04-16 11:09:48 --> Could not find the language line "Xác Nhận"
ERROR - 2020-04-16 11:09:49 --> Could not find the language line "Tạo Điểm Lấy Hàng"
ERROR - 2020-04-16 11:09:49 --> Could not find the language line "Tạo Đơn Hàng"
ERROR - 2020-04-16 11:09:49 --> Could not find the language line "Đóng"
ERROR - 2020-04-16 11:09:49 --> Could not find the language line "Xác Nhận"
ERROR - 2020-04-16 11:09:49 --> Severity: Warning --> Invalid argument supplied for foreach() /home/admin/domains/spshd.com/public_html/khachhang/application/views/app.php 161
ERROR - 2020-04-16 11:09:49 --> Severity: Warning --> Invalid argument supplied for foreach() /home/admin/domains/spshd.com/public_html/khachhang/application/views/app.php 172
ERROR - 2020-04-16 11:09:49 --> Could not find the language line "Đóng"
ERROR - 2020-04-16 11:09:49 --> Could not find the language line "Xác Nhận"
ERROR - 2020-04-16 11:09:49 --> Could not find the language line "Đóng"
ERROR - 2020-04-16 11:09:49 --> Could not find the language line "Xác Nhận"
ERROR - 2020-04-16 11:17:07 --> Could not find the language line "Tạo Điểm Lấy Hàng"
ERROR - 2020-04-16 11:17:07 --> Could not find the language line "Tạo Đơn Hàng"
ERROR - 2020-04-16 11:17:07 --> Could not find the language line "Đóng"
ERROR - 2020-04-16 11:17:07 --> Could not find the language line "Xác Nhận"
ERROR - 2020-04-16 11:17:07 --> Severity: Warning --> Invalid argument supplied for foreach() /home/admin/domains/spshd.com/public_html/khachhang/application/views/app.php 161
ERROR - 2020-04-16 11:17:07 --> Severity: Warning --> Invalid argument supplied for foreach() /home/admin/domains/spshd.com/public_html/khachhang/application/views/app.php 172
ERROR - 2020-04-16 11:17:07 --> Could not find the language line "Đóng"
ERROR - 2020-04-16 11:17:07 --> Could not find the language line "Xác Nhận"
ERROR - 2020-04-16 11:17:07 --> Could not find the language line "Đóng"
ERROR - 2020-04-16 11:17:07 --> Could not find the language line "Xác Nhận"
ERROR - 2020-04-16 05:22:49 --> Could not find the language line "Email"
ERROR - 2020-04-16 05:22:49 --> Could not find the language line "password"
ERROR - 2020-04-16 05:28:25 --> Could not find the language line "Email"
ERROR - 2020-04-16 05:28:25 --> Could not find the language line "password"
ERROR - 2020-04-16 11:28:40 --> Could not find the language line "Tạo Điểm Lấy Hàng"
ERROR - 2020-04-16 11:28:40 --> Could not find the language line "Tạo Đơn Hàng"
ERROR - 2020-04-16 11:28:40 --> Could not find the language line "Đóng"
ERROR - 2020-04-16 11:28:40 --> Could not find the language line "Xác Nhận"
ERROR - 2020-04-16 11:28:40 --> Severity: Warning --> Invalid argument supplied for foreach() /home/admin/domains/spshd.com/public_html/khachhang/application/views/app.php 161
ERROR - 2020-04-16 11:28:40 --> Severity: Warning --> Invalid argument supplied for foreach() /home/admin/domains/spshd.com/public_html/khachhang/application/views/app.php 172
ERROR - 2020-04-16 11:28:40 --> Could not find the language line "Đóng"
ERROR - 2020-04-16 11:28:40 --> Could not find the language line "Xác Nhận"
ERROR - 2020-04-16 11:28:40 --> Could not find the language line "Đóng"
ERROR - 2020-04-16 11:28:40 --> Could not find the language line "Xác Nhận"
ERROR - 2020-04-16 11:32:37 --> Could not find the language line "Tạo Điểm Lấy Hàng"
ERROR - 2020-04-16 11:32:37 --> Could not find the language line "Tạo Đơn Hàng"
ERROR - 2020-04-16 11:32:37 --> Could not find the language line "Đóng"
ERROR - 2020-04-16 11:32:37 --> Could not find the language line "Xác Nhận"
ERROR - 2020-04-16 11:32:37 --> Severity: Warning --> Invalid argument supplied for foreach() /home/admin/domains/spshd.com/public_html/khachhang/application/views/app.php 161
ERROR - 2020-04-16 11:32:37 --> Severity: Warning --> Invalid argument supplied for foreach() /home/admin/domains/spshd.com/public_html/khachhang/application/views/app.php 172
ERROR - 2020-04-16 11:32:37 --> Could not find the language line "Đóng"
ERROR - 2020-04-16 11:32:37 --> Could not find the language line "Xác Nhận"
ERROR - 2020-04-16 11:32:37 --> Could not find the language line "Đóng"
ERROR - 2020-04-16 11:32:37 --> Could not find the language line "Xác Nhận"
ERROR - 2020-04-16 12:04:32 --> Could not find the language line "Tạo Điểm Lấy Hàng"
ERROR - 2020-04-16 12:04:32 --> Could not find the language line "Tạo Đơn Hàng"
ERROR - 2020-04-16 12:04:32 --> Could not find the language line "Đóng"
ERROR - 2020-04-16 12:04:32 --> Could not find the language line "Xác Nhận"
ERROR - 2020-04-16 12:04:32 --> Severity: Warning --> Invalid argument supplied for foreach() /home/admin/domains/spshd.com/public_html/khachhang/application/views/app.php 161
ERROR - 2020-04-16 12:04:32 --> Severity: Warning --> Invalid argument supplied for foreach() /home/admin/domains/spshd.com/public_html/khachhang/application/views/app.php 172
ERROR - 2020-04-16 12:04:32 --> Could not find the language line "Đóng"
ERROR - 2020-04-16 12:04:32 --> Could not find the language line "Xác Nhận"
ERROR - 2020-04-16 12:04:32 --> Could not find the language line "Đóng"
ERROR - 2020-04-16 12:04:32 --> Could not find the language line "Xác Nhận"
ERROR - 2020-04-16 12:04:33 --> Could not find the language line "Tạo Điểm Lấy Hàng"
ERROR - 2020-04-16 12:04:33 --> Could not find the language line "Tạo Đơn Hàng"
ERROR - 2020-04-16 12:04:33 --> Could not find the language line "Đóng"
ERROR - 2020-04-16 12:04:33 --> Could not find the language line "Xác Nhận"
ERROR - 2020-04-16 12:04:33 --> Severity: Warning --> Invalid argument supplied for foreach() /home/admin/domains/spshd.com/public_html/khachhang/application/views/app.php 161
ERROR - 2020-04-16 12:04:33 --> Severity: Warning --> Invalid argument supplied for foreach() /home/admin/domains/spshd.com/public_html/khachhang/application/views/app.php 172
ERROR - 2020-04-16 12:04:33 --> Could not find the language line "Đóng"
ERROR - 2020-04-16 12:04:33 --> Could not find the language line "Xác Nhận"
ERROR - 2020-04-16 12:04:33 --> Could not find the language line "Đóng"
ERROR - 2020-04-16 12:04:33 --> Could not find the language line "Xác Nhận"
ERROR - 2020-04-16 12:24:54 --> Could not find the language line "Tạo Điểm Lấy Hàng"
ERROR - 2020-04-16 12:24:54 --> Could not find the language line "Tạo Đơn Hàng"
ERROR - 2020-04-16 12:24:54 --> Could not find the language line "Đóng"
ERROR - 2020-04-16 12:24:54 --> Could not find the language line "Xác Nhận"
ERROR - 2020-04-16 12:24:54 --> Severity: Warning --> Invalid argument supplied for foreach() /home/admin/domains/spshd.com/public_html/khachhang/application/views/app.php 161
ERROR - 2020-04-16 12:24:54 --> Severity: Warning --> Invalid argument supplied for foreach() /home/admin/domains/spshd.com/public_html/khachhang/application/views/app.php 172
ERROR - 2020-04-16 12:24:54 --> Could not find the language line "Đóng"
ERROR - 2020-04-16 12:24:54 --> Could not find the language line "Xác Nhận"
ERROR - 2020-04-16 12:24:54 --> Could not find the language line "Đóng"
ERROR - 2020-04-16 12:24:54 --> Could not find the language line "Xác Nhận"
ERROR - 2020-04-16 12:27:07 --> Could not find the language line "Tạo Điểm Lấy Hàng"
ERROR - 2020-04-16 12:27:07 --> Could not find the language line "Tạo Đơn Hàng"
ERROR - 2020-04-16 12:27:07 --> Could not find the language line "Đóng"
ERROR - 2020-04-16 12:27:07 --> Could not find the language line "Xác Nhận"
ERROR - 2020-04-16 12:27:07 --> Severity: Warning --> Invalid argument supplied for foreach() /home/admin/domains/spshd.com/public_html/khachhang/application/views/app.php 161
ERROR - 2020-04-16 12:27:07 --> Severity: Warning --> Invalid argument supplied for foreach() /home/admin/domains/spshd.com/public_html/khachhang/application/views/app.php 172
ERROR - 2020-04-16 12:27:07 --> Could not find the language line "Đóng"
ERROR - 2020-04-16 12:27:07 --> Could not find the language line "Xác Nhận"
ERROR - 2020-04-16 12:27:07 --> Could not find the language line "Đóng"
ERROR - 2020-04-16 12:27:07 --> Could not find the language line "Xác Nhận"
ERROR - 2020-04-16 12:27:24 --> Could not find the language line "Tạo Điểm Lấy Hàng"
ERROR - 2020-04-16 12:27:24 --> Could not find the language line "Tạo Đơn Hàng"
ERROR - 2020-04-16 12:27:24 --> Could not find the language line "Đóng"
ERROR - 2020-04-16 12:27:24 --> Could not find the language line "Xác Nhận"
ERROR - 2020-04-16 12:27:24 --> Severity: Warning --> Invalid argument supplied for foreach() /home/admin/domains/spshd.com/public_html/khachhang/application/views/app.php 161
ERROR - 2020-04-16 12:27:24 --> Severity: Warning --> Invalid argument supplied for foreach() /home/admin/domains/spshd.com/public_html/khachhang/application/views/app.php 172
ERROR - 2020-04-16 12:27:24 --> Could not find the language line "Đóng"
ERROR - 2020-04-16 12:27:24 --> Could not find the language line "Xác Nhận"
ERROR - 2020-04-16 12:27:24 --> Could not find the language line "Đóng"
ERROR - 2020-04-16 12:27:24 --> Could not find the language line "Xác Nhận"
ERROR - 2020-04-16 13:11:09 --> Could not find the language line "Tạo Điểm Lấy Hàng"
ERROR - 2020-04-16 13:11:09 --> Could not find the language line "Tạo Đơn Hàng"
ERROR - 2020-04-16 13:11:09 --> Could not find the language line "Đóng"
ERROR - 2020-04-16 13:11:09 --> Could not find the language line "Xác Nhận"
ERROR - 2020-04-16 13:11:09 --> Severity: Warning --> Invalid argument supplied for foreach() /home/admin/domains/spshd.com/public_html/khachhang/application/views/app.php 161
ERROR - 2020-04-16 13:11:09 --> Severity: Warning --> Invalid argument supplied for foreach() /home/admin/domains/spshd.com/public_html/khachhang/application/views/app.php 172
ERROR - 2020-04-16 13:11:09 --> Could not find the language line "Đóng"
ERROR - 2020-04-16 13:11:09 --> Could not find the language line "Xác Nhận"
ERROR - 2020-04-16 13:11:09 --> Could not find the language line "Đóng"
ERROR - 2020-04-16 13:11:09 --> Could not find the language line "Xác Nhận"
ERROR - 2020-04-16 13:20:30 --> Could not find the language line "Tạo Điểm Lấy Hàng"
ERROR - 2020-04-16 13:20:30 --> Could not find the language line "Tạo Đơn Hàng"
ERROR - 2020-04-16 13:20:30 --> Could not find the language line "Đóng"
ERROR - 2020-04-16 13:20:30 --> Could not find the language line "Xác Nhận"
ERROR - 2020-04-16 13:20:30 --> Severity: Warning --> Invalid argument supplied for foreach() /home/admin/domains/spshd.com/public_html/khachhang/application/views/app.php 161
ERROR - 2020-04-16 13:20:30 --> Severity: Warning --> Invalid argument supplied for foreach() /home/admin/domains/spshd.com/public_html/khachhang/application/views/app.php 172
ERROR - 2020-04-16 13:20:30 --> Could not find the language line "Đóng"
ERROR - 2020-04-16 13:20:30 --> Could not find the language line "Xác Nhận"
ERROR - 2020-04-16 13:20:30 --> Could not find the language line "Đóng"
ERROR - 2020-04-16 13:20:30 --> Could not find the language line "Xác Nhận"
ERROR - 2020-04-16 07:36:55 --> Could not find the language line "Email"
ERROR - 2020-04-16 07:36:55 --> Could not find the language line "password"
ERROR - 2020-04-16 13:56:32 --> Could not find the language line "Tạo Điểm Lấy Hàng"
ERROR - 2020-04-16 13:56:32 --> Could not find the language line "Tạo Đơn Hàng"
ERROR - 2020-04-16 13:56:32 --> Could not find the language line "Đóng"
ERROR - 2020-04-16 13:56:32 --> Could not find the language line "Xác Nhận"
ERROR - 2020-04-16 13:56:32 --> Severity: Warning --> Invalid argument supplied for foreach() /home/admin/domains/spshd.com/public_html/khachhang/application/views/app.php 161
ERROR - 2020-04-16 13:56:32 --> Severity: Warning --> Invalid argument supplied for foreach() /home/admin/domains/spshd.com/public_html/khachhang/application/views/app.php 172
ERROR - 2020-04-16 13:56:32 --> Could not find the language line "Đóng"
ERROR - 2020-04-16 13:56:32 --> Could not find the language line "Xác Nhận"
ERROR - 2020-04-16 13:56:32 --> Could not find the language line "Đóng"
ERROR - 2020-04-16 13:56:32 --> Could not find the language line "Xác Nhận"
ERROR - 2020-04-16 13:56:32 --> Could not find the language line "Tạo Điểm Lấy Hàng"
ERROR - 2020-04-16 13:56:32 --> Could not find the language line "Tạo Đơn Hàng"
ERROR - 2020-04-16 13:56:32 --> Could not find the language line "Đóng"
ERROR - 2020-04-16 13:56:32 --> Could not find the language line "Xác Nhận"
ERROR - 2020-04-16 13:56:32 --> Severity: Warning --> Invalid argument supplied for foreach() /home/admin/domains/spshd.com/public_html/khachhang/application/views/app.php 161
ERROR - 2020-04-16 13:56:32 --> Severity: Warning --> Invalid argument supplied for foreach() /home/admin/domains/spshd.com/public_html/khachhang/application/views/app.php 172
ERROR - 2020-04-16 13:56:32 --> Could not find the language line "Đóng"
ERROR - 2020-04-16 13:56:32 --> Could not find the language line "Xác Nhận"
ERROR - 2020-04-16 13:56:32 --> Could not find the language line "Đóng"
ERROR - 2020-04-16 13:56:32 --> Could not find the language line "Xác Nhận"
ERROR - 2020-04-16 14:07:14 --> Could not find the language line "Tạo Điểm Lấy Hàng"
ERROR - 2020-04-16 14:07:14 --> Could not find the language line "Tạo Đơn Hàng"
ERROR - 2020-04-16 14:07:14 --> Could not find the language line "Đóng"
ERROR - 2020-04-16 14:07:14 --> Could not find the language line "Xác Nhận"
ERROR - 2020-04-16 14:07:14 --> Severity: Warning --> Invalid argument supplied for foreach() /home/admin/domains/spshd.com/public_html/khachhang/application/views/app.php 161
ERROR - 2020-04-16 14:07:14 --> Severity: Warning --> Invalid argument supplied for foreach() /home/admin/domains/spshd.com/public_html/khachhang/application/views/app.php 172
ERROR - 2020-04-16 14:07:14 --> Could not find the language line "Đóng"
ERROR - 2020-04-16 14:07:14 --> Could not find the language line "Xác Nhận"
ERROR - 2020-04-16 14:07:14 --> Could not find the language line "Đóng"
ERROR - 2020-04-16 14:07:14 --> Could not find the language line "Xác Nhận"
ERROR - 2020-04-16 14:07:14 --> Could not find the language line "Tạo Điểm Lấy Hàng"
ERROR - 2020-04-16 14:07:14 --> Could not find the language line "Tạo Đơn Hàng"
ERROR - 2020-04-16 14:07:14 --> Could not find the language line "Đóng"
ERROR - 2020-04-16 14:07:14 --> Could not find the language line "Xác Nhận"
ERROR - 2020-04-16 14:07:14 --> Severity: Warning --> Invalid argument supplied for foreach() /home/admin/domains/spshd.com/public_html/khachhang/application/views/app.php 161
ERROR - 2020-04-16 14:07:14 --> Severity: Warning --> Invalid argument supplied for foreach() /home/admin/domains/spshd.com/public_html/khachhang/application/views/app.php 172
ERROR - 2020-04-16 14:07:14 --> Could not find the language line "Đóng"
ERROR - 2020-04-16 14:07:14 --> Could not find the language line "Xác Nhận"
ERROR - 2020-04-16 14:07:14 --> Could not find the language line "Đóng"
ERROR - 2020-04-16 14:07:14 --> Could not find the language line "Xác Nhận"
ERROR - 2020-04-16 14:12:49 --> Could not find the language line "Tạo Điểm Lấy Hàng"
ERROR - 2020-04-16 14:12:49 --> Could not find the language line "Tạo Đơn Hàng"
ERROR - 2020-04-16 14:12:49 --> Could not find the language line "Đóng"
ERROR - 2020-04-16 14:12:49 --> Could not find the language line "Xác Nhận"
ERROR - 2020-04-16 14:12:49 --> Severity: Warning --> Invalid argument supplied for foreach() /home/admin/domains/spshd.com/public_html/khachhang/application/views/app.php 161
ERROR - 2020-04-16 14:12:49 --> Severity: Warning --> Invalid argument supplied for foreach() /home/admin/domains/spshd.com/public_html/khachhang/application/views/app.php 172
ERROR - 2020-04-16 14:12:49 --> Could not find the language line "Đóng"
ERROR - 2020-04-16 14:12:49 --> Could not find the language line "Xác Nhận"
ERROR - 2020-04-16 14:12:49 --> Could not find the language line "Đóng"
ERROR - 2020-04-16 14:12:49 --> Could not find the language line "Xác Nhận"
ERROR - 2020-04-16 08:24:09 --> Could not find the language line "Email"
ERROR - 2020-04-16 08:24:09 --> Could not find the language line "password"
ERROR - 2020-04-16 08:24:26 --> Could not find the language line "Email"
ERROR - 2020-04-16 08:24:26 --> Could not find the language line "password"
ERROR - 2020-04-16 14:25:05 --> Could not find the language line "Tạo Điểm Lấy Hàng"
ERROR - 2020-04-16 14:25:05 --> Could not find the language line "Tạo Đơn Hàng"
ERROR - 2020-04-16 14:25:05 --> Could not find the language line "Đóng"
ERROR - 2020-04-16 14:25:05 --> Could not find the language line "Xác Nhận"
ERROR - 2020-04-16 14:25:05 --> Severity: Warning --> Invalid argument supplied for foreach() /home/admin/domains/spshd.com/public_html/khachhang/application/views/app.php 161
ERROR - 2020-04-16 14:25:05 --> Severity: Warning --> Invalid argument supplied for foreach() /home/admin/domains/spshd.com/public_html/khachhang/application/views/app.php 172
ERROR - 2020-04-16 14:25:05 --> Could not find the language line "Đóng"
ERROR - 2020-04-16 14:25:05 --> Could not find the language line "Xác Nhận"
ERROR - 2020-04-16 14:25:05 --> Could not find the language line "Đóng"
ERROR - 2020-04-16 14:25:05 --> Could not find the language line "Xác Nhận"
ERROR - 2020-04-16 14:28:30 --> Could not find the language line "Tạo Điểm Lấy Hàng"
ERROR - 2020-04-16 14:28:30 --> Could not find the language line "Tạo Đơn Hàng"
ERROR - 2020-04-16 14:28:30 --> Could not find the language line "Đóng"
ERROR - 2020-04-16 14:28:30 --> Could not find the language line "Xác Nhận"
ERROR - 2020-04-16 14:28:30 --> Severity: Warning --> Invalid argument supplied for foreach() /home/admin/domains/spshd.com/public_html/khachhang/application/views/app.php 161
ERROR - 2020-04-16 14:28:30 --> Severity: Warning --> Invalid argument supplied for foreach() /home/admin/domains/spshd.com/public_html/khachhang/application/views/app.php 172
ERROR - 2020-04-16 14:28:30 --> Could not find the language line "Đóng"
ERROR - 2020-04-16 14:28:30 --> Could not find the language line "Xác Nhận"
ERROR - 2020-04-16 14:28:30 --> Could not find the language line "Đóng"
ERROR - 2020-04-16 14:28:30 --> Could not find the language line "Xác Nhận"
ERROR - 2020-04-16 14:29:25 --> Could not find the language line "Tạo Điểm Lấy Hàng"
ERROR - 2020-04-16 14:29:25 --> Could not find the language line "Tạo Đơn Hàng"
ERROR - 2020-04-16 14:29:25 --> Could not find the language line "Đóng"
ERROR - 2020-04-16 14:29:25 --> Could not find the language line "Xác Nhận"
ERROR - 2020-04-16 14:29:25 --> Severity: Warning --> Invalid argument supplied for foreach() /home/admin/domains/spshd.com/public_html/khachhang/application/views/app.php 161
ERROR - 2020-04-16 14:29:25 --> Severity: Warning --> Invalid argument supplied for foreach() /home/admin/domains/spshd.com/public_html/khachhang/application/views/app.php 172
ERROR - 2020-04-16 14:29:25 --> Could not find the language line "Đóng"
ERROR - 2020-04-16 14:29:25 --> Could not find the language line "Xác Nhận"
ERROR - 2020-04-16 14:29:25 --> Could not find the language line "Đóng"
ERROR - 2020-04-16 14:29:25 --> Could not find the language line "Xác Nhận"
ERROR - 2020-04-16 14:32:05 --> Could not find the language line "Tạo Điểm Lấy Hàng"
ERROR - 2020-04-16 14:32:05 --> Could not find the language line "Tạo Đơn Hàng"
ERROR - 2020-04-16 14:32:05 --> Could not find the language line "Đóng"
ERROR - 2020-04-16 14:32:05 --> Could not find the language line "Xác Nhận"
ERROR - 2020-04-16 14:32:05 --> Severity: Warning --> Invalid argument supplied for foreach() /home/admin/domains/spshd.com/public_html/khachhang/application/views/app.php 161
ERROR - 2020-04-16 14:32:05 --> Severity: Warning --> Invalid argument supplied for foreach() /home/admin/domains/spshd.com/public_html/khachhang/application/views/app.php 172
ERROR - 2020-04-16 14:32:05 --> Could not find the language line "Đóng"
ERROR - 2020-04-16 14:32:05 --> Could not find the language line "Xác Nhận"
ERROR - 2020-04-16 14:32:05 --> Could not find the language line "Đóng"
ERROR - 2020-04-16 14:32:05 --> Could not find the language line "Xác Nhận"
ERROR - 2020-04-16 14:34:03 --> Could not find the language line "Tạo Điểm Lấy Hàng"
ERROR - 2020-04-16 14:34:03 --> Could not find the language line "Tạo Đơn Hàng"
ERROR - 2020-04-16 14:34:03 --> Could not find the language line "Đóng"
ERROR - 2020-04-16 14:34:03 --> Could not find the language line "Xác Nhận"
ERROR - 2020-04-16 14:34:03 --> Severity: Warning --> Invalid argument supplied for foreach() /home/admin/domains/spshd.com/public_html/khachhang/application/views/app.php 161
ERROR - 2020-04-16 14:34:03 --> Severity: Warning --> Invalid argument supplied for foreach() /home/admin/domains/spshd.com/public_html/khachhang/application/views/app.php 172
ERROR - 2020-04-16 14:34:03 --> Could not find the language line "Đóng"
ERROR - 2020-04-16 14:34:03 --> Could not find the language line "Xác Nhận"
ERROR - 2020-04-16 14:34:03 --> Could not find the language line "Đóng"
ERROR - 2020-04-16 14:34:03 --> Could not find the language line "Xác Nhận"
ERROR - 2020-04-16 14:34:25 --> Could not find the language line "Tạo Điểm Lấy Hàng"
ERROR - 2020-04-16 14:34:25 --> Could not find the language line "Tạo Đơn Hàng"
ERROR - 2020-04-16 14:34:25 --> Could not find the language line "Đóng"
ERROR - 2020-04-16 14:34:25 --> Could not find the language line "Xác Nhận"
ERROR - 2020-04-16 14:34:25 --> Severity: Warning --> Invalid argument supplied for foreach() /home/admin/domains/spshd.com/public_html/khachhang/application/views/app.php 161
ERROR - 2020-04-16 14:34:25 --> Severity: Warning --> Invalid argument supplied for foreach() /home/admin/domains/spshd.com/public_html/khachhang/application/views/app.php 172
ERROR - 2020-04-16 14:34:25 --> Could not find the language line "Đóng"
ERROR - 2020-04-16 14:34:25 --> Could not find the language line "Xác Nhận"
ERROR - 2020-04-16 14:34:25 --> Could not find the language line "Đóng"
ERROR - 2020-04-16 14:34:25 --> Could not find the language line "Xác Nhận"
ERROR - 2020-04-16 14:35:21 --> Could not find the language line "Tạo Điểm Lấy Hàng"
ERROR - 2020-04-16 14:35:21 --> Could not find the language line "Tạo Đơn Hàng"
ERROR - 2020-04-16 14:35:21 --> Could not find the language line "Đóng"
ERROR - 2020-04-16 14:35:21 --> Could not find the language line "Xác Nhận"
ERROR - 2020-04-16 14:35:21 --> Severity: Warning --> Invalid argument supplied for foreach() /home/admin/domains/spshd.com/public_html/khachhang/application/views/app.php 161
ERROR - 2020-04-16 14:35:21 --> Severity: Warning --> Invalid argument supplied for foreach() /home/admin/domains/spshd.com/public_html/khachhang/application/views/app.php 172
ERROR - 2020-04-16 14:35:21 --> Could not find the language line "Đóng"
ERROR - 2020-04-16 14:35:21 --> Could not find the language line "Xác Nhận"
ERROR - 2020-04-16 14:35:21 --> Could not find the language line "Đóng"
ERROR - 2020-04-16 14:35:21 --> Could not find the language line "Xác Nhận"
ERROR - 2020-04-16 14:35:32 --> Could not find the language line "Tạo Điểm Lấy Hàng"
ERROR - 2020-04-16 14:35:32 --> Could not find the language line "Tạo Đơn Hàng"
ERROR - 2020-04-16 14:35:32 --> Could not find the language line "Đóng"
ERROR - 2020-04-16 14:35:32 --> Could not find the language line "Xác Nhận"
ERROR - 2020-04-16 14:35:32 --> Severity: Warning --> Invalid argument supplied for foreach() /home/admin/domains/spshd.com/public_html/khachhang/application/views/app.php 161
ERROR - 2020-04-16 14:35:32 --> Severity: Warning --> Invalid argument supplied for foreach() /home/admin/domains/spshd.com/public_html/khachhang/application/views/app.php 172
ERROR - 2020-04-16 14:35:32 --> Could not find the language line "Đóng"
ERROR - 2020-04-16 14:35:32 --> Could not find the language line "Xác Nhận"
ERROR - 2020-04-16 14:35:32 --> Could not find the language line "Đóng"
ERROR - 2020-04-16 14:35:32 --> Could not find the language line "Xác Nhận"
ERROR - 2020-04-16 14:36:02 --> Could not find the language line "Tạo Điểm Lấy Hàng"
ERROR - 2020-04-16 14:36:02 --> Could not find the language line "Tạo Đơn Hàng"
ERROR - 2020-04-16 14:36:02 --> Could not find the language line "Đóng"
ERROR - 2020-04-16 14:36:02 --> Could not find the language line "Xác Nhận"
ERROR - 2020-04-16 14:36:02 --> Severity: Warning --> Invalid argument supplied for foreach() /home/admin/domains/spshd.com/public_html/khachhang/application/views/app.php 161
ERROR - 2020-04-16 14:36:02 --> Severity: Warning --> Invalid argument supplied for foreach() /home/admin/domains/spshd.com/public_html/khachhang/application/views/app.php 172
ERROR - 2020-04-16 14:36:02 --> Could not find the language line "Đóng"
ERROR - 2020-04-16 14:36:02 --> Could not find the language line "Xác Nhận"
ERROR - 2020-04-16 14:36:02 --> Could not find the language line "Đóng"
ERROR - 2020-04-16 14:36:02 --> Could not find the language line "Xác Nhận"
ERROR - 2020-04-16 14:45:00 --> Could not find the language line "Tạo Điểm Lấy Hàng"
ERROR - 2020-04-16 14:45:00 --> Could not find the language line "Tạo Đơn Hàng"
ERROR - 2020-04-16 14:45:00 --> Could not find the language line "Đóng"
ERROR - 2020-04-16 14:45:00 --> Could not find the language line "Xác Nhận"
ERROR - 2020-04-16 14:45:00 --> Severity: Warning --> Invalid argument supplied for foreach() /home/admin/domains/spshd.com/public_html/khachhang/application/views/app.php 161
ERROR - 2020-04-16 14:45:00 --> Severity: Warning --> Invalid argument supplied for foreach() /home/admin/domains/spshd.com/public_html/khachhang/application/views/app.php 172
ERROR - 2020-04-16 14:45:00 --> Could not find the language line "Đóng"
ERROR - 2020-04-16 14:45:00 --> Could not find the language line "Xác Nhận"
ERROR - 2020-04-16 14:45:00 --> Could not find the language line "Đóng"
ERROR - 2020-04-16 14:45:00 --> Could not find the language line "Xác Nhận"
ERROR - 2020-04-16 08:51:25 --> Could not find the language line "Email"
ERROR - 2020-04-16 08:51:25 --> Could not find the language line "password"
ERROR - 2020-04-16 08:51:25 --> Could not find the language line "Email"
ERROR - 2020-04-16 08:51:25 --> Could not find the language line "password"
ERROR - 2020-04-16 14:51:37 --> Could not find the language line "Tạo Điểm Lấy Hàng"
ERROR - 2020-04-16 14:51:37 --> Could not find the language line "Tạo Đơn Hàng"
ERROR - 2020-04-16 14:51:37 --> Could not find the language line "Đóng"
ERROR - 2020-04-16 14:51:37 --> Could not find the language line "Xác Nhận"
ERROR - 2020-04-16 14:51:37 --> Severity: Warning --> Invalid argument supplied for foreach() /home/admin/domains/spshd.com/public_html/khachhang/application/views/app.php 161
ERROR - 2020-04-16 14:51:37 --> Severity: Warning --> Invalid argument supplied for foreach() /home/admin/domains/spshd.com/public_html/khachhang/application/views/app.php 172
ERROR - 2020-04-16 14:51:37 --> Could not find the language line "Đóng"
ERROR - 2020-04-16 14:51:37 --> Could not find the language line "Xác Nhận"
ERROR - 2020-04-16 14:51:37 --> Could not find the language line "Đóng"
ERROR - 2020-04-16 14:51:37 --> Could not find the language line "Xác Nhận"
ERROR - 2020-04-16 15:04:25 --> Could not find the language line "Tạo Điểm Lấy Hàng"
ERROR - 2020-04-16 15:04:25 --> Could not find the language line "Tạo Đơn Hàng"
ERROR - 2020-04-16 15:04:25 --> Could not find the language line "Đóng"
ERROR - 2020-04-16 15:04:25 --> Could not find the language line "Xác Nhận"
ERROR - 2020-04-16 15:04:25 --> Severity: Warning --> Invalid argument supplied for foreach() /home/admin/domains/spshd.com/public_html/khachhang/application/views/app.php 161
ERROR - 2020-04-16 15:04:25 --> Severity: Warning --> Invalid argument supplied for foreach() /home/admin/domains/spshd.com/public_html/khachhang/application/views/app.php 172
ERROR - 2020-04-16 15:04:25 --> Could not find the language line "Đóng"
ERROR - 2020-04-16 15:04:25 --> Could not find the language line "Xác Nhận"
ERROR - 2020-04-16 15:04:25 --> Could not find the language line "Đóng"
ERROR - 2020-04-16 15:04:25 --> Could not find the language line "Xác Nhận"
ERROR - 2020-04-16 15:05:24 --> Could not find the language line "Tạo Điểm Lấy Hàng"
ERROR - 2020-04-16 15:05:24 --> Could not find the language line "Tạo Đơn Hàng"
ERROR - 2020-04-16 15:05:24 --> Could not find the language line "Đóng"
ERROR - 2020-04-16 15:05:24 --> Could not find the language line "Xác Nhận"
ERROR - 2020-04-16 15:05:24 --> Severity: Warning --> Invalid argument supplied for foreach() /home/admin/domains/spshd.com/public_html/khachhang/application/views/app.php 161
ERROR - 2020-04-16 15:05:24 --> Severity: Warning --> Invalid argument supplied for foreach() /home/admin/domains/spshd.com/public_html/khachhang/application/views/app.php 172
ERROR - 2020-04-16 15:05:24 --> Could not find the language line "Đóng"
ERROR - 2020-04-16 15:05:24 --> Could not find the language line "Xác Nhận"
ERROR - 2020-04-16 15:05:24 --> Could not find the language line "Đóng"
ERROR - 2020-04-16 15:05:24 --> Could not find the language line "Xác Nhận"
ERROR - 2020-04-16 15:08:33 --> Could not find the language line "Tạo Điểm Lấy Hàng"
ERROR - 2020-04-16 15:08:33 --> Could not find the language line "Tạo Đơn Hàng"
ERROR - 2020-04-16 15:08:33 --> Could not find the language line "Đóng"
ERROR - 2020-04-16 15:08:33 --> Could not find the language line "Xác Nhận"
ERROR - 2020-04-16 15:08:33 --> Severity: Warning --> Invalid argument supplied for foreach() /home/admin/domains/spshd.com/public_html/khachhang/application/views/app.php 161
ERROR - 2020-04-16 15:08:33 --> Severity: Warning --> Invalid argument supplied for foreach() /home/admin/domains/spshd.com/public_html/khachhang/application/views/app.php 172
ERROR - 2020-04-16 15:08:33 --> Could not find the language line "Đóng"
ERROR - 2020-04-16 15:08:33 --> Could not find the language line "Xác Nhận"
ERROR - 2020-04-16 15:08:33 --> Could not find the language line "Đóng"
ERROR - 2020-04-16 15:08:33 --> Could not find the language line "Xác Nhận"
ERROR - 2020-04-16 15:34:38 --> Could not find the language line "Tạo Điểm Lấy Hàng"
ERROR - 2020-04-16 15:34:38 --> Could not find the language line "Tạo Đơn Hàng"
ERROR - 2020-04-16 15:34:38 --> Could not find the language line "Đóng"
ERROR - 2020-04-16 15:34:38 --> Could not find the language line "Xác Nhận"
ERROR - 2020-04-16 15:34:38 --> Severity: Warning --> Invalid argument supplied for foreach() /home/admin/domains/spshd.com/public_html/khachhang/application/views/app.php 161
ERROR - 2020-04-16 15:34:38 --> Severity: Warning --> Invalid argument supplied for foreach() /home/admin/domains/spshd.com/public_html/khachhang/application/views/app.php 172
ERROR - 2020-04-16 15:34:38 --> Could not find the language line "Đóng"
ERROR - 2020-04-16 15:34:38 --> Could not find the language line "Xác Nhận"
ERROR - 2020-04-16 15:34:38 --> Could not find the language line "Đóng"
ERROR - 2020-04-16 15:34:38 --> Could not find the language line "Xác Nhận"
ERROR - 2020-04-16 16:01:30 --> Could not find the language line "Tạo Điểm Lấy Hàng"
ERROR - 2020-04-16 16:01:30 --> Could not find the language line "Tạo Đơn Hàng"
ERROR - 2020-04-16 16:01:30 --> Could not find the language line "Đóng"
ERROR - 2020-04-16 16:01:30 --> Could not find the language line "Xác Nhận"
ERROR - 2020-04-16 16:01:30 --> Severity: Warning --> Invalid argument supplied for foreach() /home/admin/domains/spshd.com/public_html/khachhang/application/views/app.php 161
ERROR - 2020-04-16 16:01:30 --> Severity: Warning --> Invalid argument supplied for foreach() /home/admin/domains/spshd.com/public_html/khachhang/application/views/app.php 172
ERROR - 2020-04-16 16:01:30 --> Could not find the language line "Đóng"
ERROR - 2020-04-16 16:01:30 --> Could not find the language line "Xác Nhận"
ERROR - 2020-04-16 16:01:30 --> Could not find the language line "Đóng"
ERROR - 2020-04-16 16:01:30 --> Could not find the language line "Xác Nhận"
ERROR - 2020-04-16 10:01:35 --> Could not find the language line "Email"
ERROR - 2020-04-16 10:01:35 --> Could not find the language line "password"
ERROR - 2020-04-16 16:02:07 --> Could not find the language line "Tạo Điểm Lấy Hàng"
ERROR - 2020-04-16 16:02:07 --> Could not find the language line "Tạo Đơn Hàng"
ERROR - 2020-04-16 16:02:07 --> Could not find the language line "Đóng"
ERROR - 2020-04-16 16:02:07 --> Could not find the language line "Xác Nhận"
ERROR - 2020-04-16 16:02:07 --> Severity: Warning --> Invalid argument supplied for foreach() /home/admin/domains/spshd.com/public_html/khachhang/application/views/app.php 161
ERROR - 2020-04-16 16:02:07 --> Severity: Warning --> Invalid argument supplied for foreach() /home/admin/domains/spshd.com/public_html/khachhang/application/views/app.php 172
ERROR - 2020-04-16 16:02:07 --> Could not find the language line "Đóng"
ERROR - 2020-04-16 16:02:07 --> Could not find the language line "Xác Nhận"
ERROR - 2020-04-16 16:02:07 --> Could not find the language line "Đóng"
ERROR - 2020-04-16 16:02:07 --> Could not find the language line "Xác Nhận"
ERROR - 2020-04-16 10:10:20 --> Could not find the language line "Email"
ERROR - 2020-04-16 10:10:20 --> Could not find the language line "password"
ERROR - 2020-04-16 16:10:34 --> Could not find the language line "Tạo Điểm Lấy Hàng"
ERROR - 2020-04-16 16:10:34 --> Could not find the language line "Tạo Đơn Hàng"
ERROR - 2020-04-16 16:10:34 --> Could not find the language line "Đóng"
ERROR - 2020-04-16 16:10:34 --> Could not find the language line "Xác Nhận"
ERROR - 2020-04-16 16:10:34 --> Severity: Warning --> Invalid argument supplied for foreach() /home/admin/domains/spshd.com/public_html/khachhang/application/views/app.php 161
ERROR - 2020-04-16 16:10:34 --> Severity: Warning --> Invalid argument supplied for foreach() /home/admin/domains/spshd.com/public_html/khachhang/application/views/app.php 172
ERROR - 2020-04-16 16:10:34 --> Could not find the language line "Đóng"
ERROR - 2020-04-16 16:10:34 --> Could not find the language line "Xác Nhận"
ERROR - 2020-04-16 16:10:34 --> Could not find the language line "Đóng"
ERROR - 2020-04-16 16:10:34 --> Could not find the language line "Xác Nhận"
ERROR - 2020-04-16 10:11:59 --> Could not find the language line "Email"
ERROR - 2020-04-16 10:11:59 --> Could not find the language line "password"
ERROR - 2020-04-16 10:16:18 --> Could not find the language line "Email"
ERROR - 2020-04-16 10:16:18 --> Could not find the language line "password"
ERROR - 2020-04-16 10:16:54 --> Could not find the language line "Email"
ERROR - 2020-04-16 10:16:54 --> Could not find the language line "password"
ERROR - 2020-04-16 10:16:55 --> Could not find the language line "Email"
ERROR - 2020-04-16 10:16:55 --> Could not find the language line "password"
ERROR - 2020-04-16 16:17:17 --> Could not find the language line "Tạo Điểm Lấy Hàng"
ERROR - 2020-04-16 16:17:17 --> Could not find the language line "Tạo Đơn Hàng"
ERROR - 2020-04-16 16:17:17 --> Could not find the language line "Đóng"
ERROR - 2020-04-16 16:17:17 --> Could not find the language line "Xác Nhận"
ERROR - 2020-04-16 16:17:17 --> Severity: Warning --> Invalid argument supplied for foreach() /home/admin/domains/spshd.com/public_html/khachhang/application/views/app.php 161
ERROR - 2020-04-16 16:17:17 --> Severity: Warning --> Invalid argument supplied for foreach() /home/admin/domains/spshd.com/public_html/khachhang/application/views/app.php 172
ERROR - 2020-04-16 16:17:17 --> Could not find the language line "Đóng"
ERROR - 2020-04-16 16:17:17 --> Could not find the language line "Xác Nhận"
ERROR - 2020-04-16 16:17:17 --> Could not find the language line "Đóng"
ERROR - 2020-04-16 16:17:17 --> Could not find the language line "Xác Nhận"
ERROR - 2020-04-16 10:20:36 --> Could not find the language line "Email"
ERROR - 2020-04-16 10:20:36 --> Could not find the language line "password"
ERROR - 2020-04-16 16:20:56 --> Could not find the language line "Tạo Điểm Lấy Hàng"
ERROR - 2020-04-16 16:20:56 --> Could not find the language line "Tạo Đơn Hàng"
ERROR - 2020-04-16 16:20:56 --> Could not find the language line "Đóng"
ERROR - 2020-04-16 16:20:56 --> Could not find the language line "Xác Nhận"
ERROR - 2020-04-16 16:20:56 --> Severity: Warning --> Invalid argument supplied for foreach() /home/admin/domains/spshd.com/public_html/khachhang/application/views/app.php 161
ERROR - 2020-04-16 16:20:56 --> Severity: Warning --> Invalid argument supplied for foreach() /home/admin/domains/spshd.com/public_html/khachhang/application/views/app.php 172
ERROR - 2020-04-16 16:20:56 --> Could not find the language line "Đóng"
ERROR - 2020-04-16 16:20:56 --> Could not find the language line "Xác Nhận"
ERROR - 2020-04-16 16:20:56 --> Could not find the language line "Đóng"
ERROR - 2020-04-16 16:20:56 --> Could not find the language line "Xác Nhận"
ERROR - 2020-04-16 16:21:40 --> Could not find the language line "Tạo Điểm Lấy Hàng"
ERROR - 2020-04-16 16:21:40 --> Could not find the language line "Tạo Đơn Hàng"
ERROR - 2020-04-16 16:21:40 --> Could not find the language line "Đóng"
ERROR - 2020-04-16 16:21:40 --> Could not find the language line "Xác Nhận"
ERROR - 2020-04-16 16:21:40 --> Severity: Warning --> Invalid argument supplied for foreach() /home/admin/domains/spshd.com/public_html/khachhang/application/views/app.php 161
ERROR - 2020-04-16 16:21:40 --> Severity: Warning --> Invalid argument supplied for foreach() /home/admin/domains/spshd.com/public_html/khachhang/application/views/app.php 172
ERROR - 2020-04-16 16:21:40 --> Could not find the language line "Đóng"
ERROR - 2020-04-16 16:21:40 --> Could not find the language line "Xác Nhận"
ERROR - 2020-04-16 16:21:40 --> Could not find the language line "Đóng"
ERROR - 2020-04-16 16:21:40 --> Could not find the language line "Xác Nhận"
ERROR - 2020-04-16 16:23:19 --> Could not find the language line "Tạo Điểm Lấy Hàng"
ERROR - 2020-04-16 16:23:19 --> Could not find the language line "Tạo Đơn Hàng"
ERROR - 2020-04-16 16:23:19 --> Could not find the language line "Đóng"
ERROR - 2020-04-16 16:23:19 --> Could not find the language line "Xác Nhận"
ERROR - 2020-04-16 16:23:19 --> Severity: Warning --> Invalid argument supplied for foreach() /home/admin/domains/spshd.com/public_html/khachhang/application/views/app.php 161
ERROR - 2020-04-16 16:23:19 --> Severity: Warning --> Invalid argument supplied for foreach() /home/admin/domains/spshd.com/public_html/khachhang/application/views/app.php 172
ERROR - 2020-04-16 16:23:19 --> Could not find the language line "Đóng"
ERROR - 2020-04-16 16:23:19 --> Could not find the language line "Xác Nhận"
ERROR - 2020-04-16 16:23:19 --> Could not find the language line "Đóng"
ERROR - 2020-04-16 16:23:19 --> Could not find the language line "Xác Nhận"
ERROR - 2020-04-16 16:24:07 --> Could not find the language line "Tạo Điểm Lấy Hàng"
ERROR - 2020-04-16 16:24:07 --> Could not find the language line "Tạo Đơn Hàng"
ERROR - 2020-04-16 16:24:07 --> Could not find the language line "Đóng"
ERROR - 2020-04-16 16:24:07 --> Could not find the language line "Xác Nhận"
ERROR - 2020-04-16 16:24:07 --> Severity: Warning --> Invalid argument supplied for foreach() /home/admin/domains/spshd.com/public_html/khachhang/application/views/app.php 161
ERROR - 2020-04-16 16:24:07 --> Severity: Warning --> Invalid argument supplied for foreach() /home/admin/domains/spshd.com/public_html/khachhang/application/views/app.php 172
ERROR - 2020-04-16 16:24:07 --> Could not find the language line "Đóng"
ERROR - 2020-04-16 16:24:07 --> Could not find the language line "Xác Nhận"
ERROR - 2020-04-16 16:24:07 --> Could not find the language line "Đóng"
ERROR - 2020-04-16 16:24:07 --> Could not find the language line "Xác Nhận"
ERROR - 2020-04-16 16:24:14 --> Could not find the language line "Tạo Điểm Lấy Hàng"
ERROR - 2020-04-16 16:24:14 --> Could not find the language line "Tạo Đơn Hàng"
ERROR - 2020-04-16 16:24:14 --> Could not find the language line "Đóng"
ERROR - 2020-04-16 16:24:14 --> Could not find the language line "Xác Nhận"
ERROR - 2020-04-16 16:24:14 --> Severity: Warning --> Invalid argument supplied for foreach() /home/admin/domains/spshd.com/public_html/khachhang/application/views/app.php 161
ERROR - 2020-04-16 16:24:14 --> Severity: Warning --> Invalid argument supplied for foreach() /home/admin/domains/spshd.com/public_html/khachhang/application/views/app.php 172
ERROR - 2020-04-16 16:24:14 --> Could not find the language line "Đóng"
ERROR - 2020-04-16 16:24:14 --> Could not find the language line "Xác Nhận"
ERROR - 2020-04-16 16:24:14 --> Could not find the language line "Đóng"
ERROR - 2020-04-16 16:24:14 --> Could not find the language line "Xác Nhận"
ERROR - 2020-04-16 16:24:39 --> Could not find the language line "Tạo Điểm Lấy Hàng"
ERROR - 2020-04-16 16:24:39 --> Could not find the language line "Tạo Đơn Hàng"
ERROR - 2020-04-16 16:24:39 --> Could not find the language line "Đóng"
ERROR - 2020-04-16 16:24:39 --> Could not find the language line "Xác Nhận"
ERROR - 2020-04-16 16:24:39 --> Severity: Warning --> Invalid argument supplied for foreach() /home/admin/domains/spshd.com/public_html/khachhang/application/views/app.php 161
ERROR - 2020-04-16 16:24:39 --> Severity: Warning --> Invalid argument supplied for foreach() /home/admin/domains/spshd.com/public_html/khachhang/application/views/app.php 172
ERROR - 2020-04-16 16:24:39 --> Could not find the language line "Đóng"
ERROR - 2020-04-16 16:24:39 --> Could not find the language line "Xác Nhận"
ERROR - 2020-04-16 16:24:39 --> Could not find the language line "Đóng"
ERROR - 2020-04-16 16:24:39 --> Could not find the language line "Xác Nhận"
ERROR - 2020-04-16 16:42:49 --> Could not find the language line "Tạo Điểm Lấy Hàng"
ERROR - 2020-04-16 16:42:49 --> Could not find the language line "Tạo Đơn Hàng"
ERROR - 2020-04-16 16:42:49 --> Could not find the language line "Đóng"
ERROR - 2020-04-16 16:42:49 --> Could not find the language line "Xác Nhận"
ERROR - 2020-04-16 16:42:49 --> Severity: Warning --> Invalid argument supplied for foreach() /home/admin/domains/spshd.com/public_html/khachhang/application/views/app.php 161
ERROR - 2020-04-16 16:42:49 --> Severity: Warning --> Invalid argument supplied for foreach() /home/admin/domains/spshd.com/public_html/khachhang/application/views/app.php 172
ERROR - 2020-04-16 16:42:49 --> Could not find the language line "Đóng"
ERROR - 2020-04-16 16:42:49 --> Could not find the language line "Xác Nhận"
ERROR - 2020-04-16 16:42:49 --> Could not find the language line "Đóng"
ERROR - 2020-04-16 16:42:49 --> Could not find the language line "Xác Nhận"
ERROR - 2020-04-16 16:45:37 --> Could not find the language line "Tạo Điểm Lấy Hàng"
ERROR - 2020-04-16 16:45:37 --> Could not find the language line "Tạo Đơn Hàng"
ERROR - 2020-04-16 16:45:37 --> Could not find the language line "Đóng"
ERROR - 2020-04-16 16:45:37 --> Could not find the language line "Xác Nhận"
ERROR - 2020-04-16 16:45:37 --> Severity: Warning --> Invalid argument supplied for foreach() /home/admin/domains/spshd.com/public_html/khachhang/application/views/app.php 161
ERROR - 2020-04-16 16:45:37 --> Severity: Warning --> Invalid argument supplied for foreach() /home/admin/domains/spshd.com/public_html/khachhang/application/views/app.php 172
ERROR - 2020-04-16 16:45:37 --> Could not find the language line "Đóng"
ERROR - 2020-04-16 16:45:37 --> Could not find the language line "Xác Nhận"
ERROR - 2020-04-16 16:45:37 --> Could not find the language line "Đóng"
ERROR - 2020-04-16 16:45:37 --> Could not find the language line "Xác Nhận"
ERROR - 2020-04-16 16:45:55 --> Could not find the language line "Tạo Điểm Lấy Hàng"
ERROR - 2020-04-16 16:45:55 --> Could not find the language line "Tạo Đơn Hàng"
ERROR - 2020-04-16 16:45:55 --> Could not find the language line "Đóng"
ERROR - 2020-04-16 16:45:55 --> Could not find the language line "Xác Nhận"
ERROR - 2020-04-16 16:45:55 --> Severity: Warning --> Invalid argument supplied for foreach() /home/admin/domains/spshd.com/public_html/khachhang/application/views/app.php 161
ERROR - 2020-04-16 16:45:55 --> Severity: Warning --> Invalid argument supplied for foreach() /home/admin/domains/spshd.com/public_html/khachhang/application/views/app.php 172
ERROR - 2020-04-16 16:45:55 --> Could not find the language line "Đóng"
ERROR - 2020-04-16 16:45:55 --> Could not find the language line "Xác Nhận"
ERROR - 2020-04-16 16:45:55 --> Could not find the language line "Đóng"
ERROR - 2020-04-16 16:45:55 --> Could not find the language line "Xác Nhận"
ERROR - 2020-04-16 16:46:08 --> Could not find the language line "Tạo Điểm Lấy Hàng"
ERROR - 2020-04-16 16:46:08 --> Could not find the language line "Tạo Đơn Hàng"
ERROR - 2020-04-16 16:46:08 --> Could not find the language line "Đóng"
ERROR - 2020-04-16 16:46:08 --> Could not find the language line "Xác Nhận"
ERROR - 2020-04-16 16:46:08 --> Severity: Warning --> Invalid argument supplied for foreach() /home/admin/domains/spshd.com/public_html/khachhang/application/views/app.php 161
ERROR - 2020-04-16 16:46:08 --> Severity: Warning --> Invalid argument supplied for foreach() /home/admin/domains/spshd.com/public_html/khachhang/application/views/app.php 172
ERROR - 2020-04-16 16:46:08 --> Could not find the language line "Đóng"
ERROR - 2020-04-16 16:46:08 --> Could not find the language line "Xác Nhận"
ERROR - 2020-04-16 16:46:08 --> Could not find the language line "Đóng"
ERROR - 2020-04-16 16:46:08 --> Could not find the language line "Xác Nhận"
ERROR - 2020-04-16 10:51:43 --> Could not find the language line "Email"
ERROR - 2020-04-16 10:51:43 --> Could not find the language line "password"
ERROR - 2020-04-16 16:51:48 --> Could not find the language line "Tạo Điểm Lấy Hàng"
ERROR - 2020-04-16 16:51:48 --> Could not find the language line "Tạo Đơn Hàng"
ERROR - 2020-04-16 16:51:48 --> Could not find the language line "Đóng"
ERROR - 2020-04-16 16:51:48 --> Could not find the language line "Xác Nhận"
ERROR - 2020-04-16 16:51:48 --> Severity: Warning --> Invalid argument supplied for foreach() /home/admin/domains/spshd.com/public_html/khachhang/application/views/app.php 161
ERROR - 2020-04-16 16:51:48 --> Severity: Warning --> Invalid argument supplied for foreach() /home/admin/domains/spshd.com/public_html/khachhang/application/views/app.php 172
ERROR - 2020-04-16 16:51:48 --> Could not find the language line "Đóng"
ERROR - 2020-04-16 16:51:48 --> Could not find the language line "Xác Nhận"
ERROR - 2020-04-16 16:51:48 --> Could not find the language line "Đóng"
ERROR - 2020-04-16 16:51:48 --> Could not find the language line "Xác Nhận"
ERROR - 2020-04-16 16:52:24 --> Could not find the language line "Tạo Điểm Lấy Hàng"
ERROR - 2020-04-16 16:52:24 --> Could not find the language line "Tạo Đơn Hàng"
ERROR - 2020-04-16 16:52:24 --> Could not find the language line "Đóng"
ERROR - 2020-04-16 16:52:24 --> Could not find the language line "Xác Nhận"
ERROR - 2020-04-16 16:52:24 --> Severity: Warning --> Invalid argument supplied for foreach() /home/admin/domains/spshd.com/public_html/khachhang/application/views/app.php 161
ERROR - 2020-04-16 16:52:24 --> Severity: Warning --> Invalid argument supplied for foreach() /home/admin/domains/spshd.com/public_html/khachhang/application/views/app.php 172
ERROR - 2020-04-16 16:52:24 --> Could not find the language line "Đóng"
ERROR - 2020-04-16 16:52:24 --> Could not find the language line "Xác Nhận"
ERROR - 2020-04-16 16:52:24 --> Could not find the language line "Đóng"
ERROR - 2020-04-16 16:52:24 --> Could not find the language line "Xác Nhận"
ERROR - 2020-04-16 16:59:10 --> Could not find the language line "Tạo Điểm Lấy Hàng"
ERROR - 2020-04-16 16:59:10 --> Could not find the language line "Tạo Đơn Hàng"
ERROR - 2020-04-16 16:59:10 --> Could not find the language line "Đóng"
ERROR - 2020-04-16 16:59:10 --> Could not find the language line "Xác Nhận"
ERROR - 2020-04-16 16:59:10 --> Severity: Warning --> Invalid argument supplied for foreach() /home/admin/domains/spshd.com/public_html/khachhang/application/views/app.php 161
ERROR - 2020-04-16 16:59:10 --> Severity: Warning --> Invalid argument supplied for foreach() /home/admin/domains/spshd.com/public_html/khachhang/application/views/app.php 172
ERROR - 2020-04-16 16:59:10 --> Could not find the language line "Đóng"
ERROR - 2020-04-16 16:59:10 --> Could not find the language line "Xác Nhận"
ERROR - 2020-04-16 16:59:10 --> Could not find the language line "Đóng"
ERROR - 2020-04-16 16:59:10 --> Could not find the language line "Xác Nhận"
ERROR - 2020-04-16 16:59:10 --> Could not find the language line "Tạo Điểm Lấy Hàng"
ERROR - 2020-04-16 16:59:10 --> Could not find the language line "Tạo Đơn Hàng"
ERROR - 2020-04-16 16:59:10 --> Could not find the language line "Đóng"
ERROR - 2020-04-16 16:59:10 --> Could not find the language line "Xác Nhận"
ERROR - 2020-04-16 16:59:10 --> Severity: Warning --> Invalid argument supplied for foreach() /home/admin/domains/spshd.com/public_html/khachhang/application/views/app.php 161
ERROR - 2020-04-16 16:59:10 --> Severity: Warning --> Invalid argument supplied for foreach() /home/admin/domains/spshd.com/public_html/khachhang/application/views/app.php 172
ERROR - 2020-04-16 16:59:10 --> Could not find the language line "Đóng"
ERROR - 2020-04-16 16:59:10 --> Could not find the language line "Xác Nhận"
ERROR - 2020-04-16 16:59:10 --> Could not find the language line "Đóng"
ERROR - 2020-04-16 16:59:10 --> Could not find the language line "Xác Nhận"
ERROR - 2020-04-16 17:12:30 --> Could not find the language line "Tạo Điểm Lấy Hàng"
ERROR - 2020-04-16 17:12:30 --> Could not find the language line "Tạo Đơn Hàng"
ERROR - 2020-04-16 17:12:30 --> Could not find the language line "Đóng"
ERROR - 2020-04-16 17:12:30 --> Could not find the language line "Xác Nhận"
ERROR - 2020-04-16 17:12:30 --> Severity: Warning --> Invalid argument supplied for foreach() /home/admin/domains/spshd.com/public_html/khachhang/application/views/app.php 161
ERROR - 2020-04-16 17:12:30 --> Severity: Warning --> Invalid argument supplied for foreach() /home/admin/domains/spshd.com/public_html/khachhang/application/views/app.php 172
ERROR - 2020-04-16 17:12:30 --> Could not find the language line "Đóng"
ERROR - 2020-04-16 17:12:30 --> Could not find the language line "Xác Nhận"
ERROR - 2020-04-16 17:12:30 --> Could not find the language line "Đóng"
ERROR - 2020-04-16 17:12:30 --> Could not find the language line "Xác Nhận"
ERROR - 2020-04-16 17:22:55 --> Could not find the language line "Tạo Điểm Lấy Hàng"
ERROR - 2020-04-16 17:22:55 --> Could not find the language line "Tạo Đơn Hàng"
ERROR - 2020-04-16 17:22:55 --> Could not find the language line "Đóng"
ERROR - 2020-04-16 17:22:55 --> Could not find the language line "Xác Nhận"
ERROR - 2020-04-16 17:22:55 --> Severity: Warning --> Invalid argument supplied for foreach() /home/admin/domains/spshd.com/public_html/khachhang/application/views/app.php 161
ERROR - 2020-04-16 17:22:55 --> Severity: Warning --> Invalid argument supplied for foreach() /home/admin/domains/spshd.com/public_html/khachhang/application/views/app.php 172
ERROR - 2020-04-16 17:22:55 --> Could not find the language line "Đóng"
ERROR - 2020-04-16 17:22:55 --> Could not find the language line "Xác Nhận"
ERROR - 2020-04-16 17:22:55 --> Could not find the language line "Đóng"
ERROR - 2020-04-16 17:22:55 --> Could not find the language line "Xác Nhận"
ERROR - 2020-04-16 17:37:07 --> Could not find the language line "Tạo Điểm Lấy Hàng"
ERROR - 2020-04-16 17:37:07 --> Could not find the language line "Tạo Đơn Hàng"
ERROR - 2020-04-16 17:37:07 --> Could not find the language line "Đóng"
ERROR - 2020-04-16 17:37:07 --> Could not find the language line "Xác Nhận"
ERROR - 2020-04-16 17:37:07 --> Severity: Warning --> Invalid argument supplied for foreach() /home/admin/domains/spshd.com/public_html/khachhang/application/views/app.php 161
ERROR - 2020-04-16 17:37:07 --> Severity: Warning --> Invalid argument supplied for foreach() /home/admin/domains/spshd.com/public_html/khachhang/application/views/app.php 172
ERROR - 2020-04-16 17:37:07 --> Could not find the language line "Đóng"
ERROR - 2020-04-16 17:37:07 --> Could not find the language line "Xác Nhận"
ERROR - 2020-04-16 17:37:07 --> Could not find the language line "Đóng"
ERROR - 2020-04-16 17:37:07 --> Could not find the language line "Xác Nhận"
ERROR - 2020-04-16 11:48:53 --> Could not find the language line "Email"
ERROR - 2020-04-16 11:48:53 --> Could not find the language line "password"
ERROR - 2020-04-16 11:49:20 --> Could not find the language line "Email"
ERROR - 2020-04-16 11:49:20 --> Could not find the language line "password"
ERROR - 2020-04-16 11:49:24 --> Could not find the language line "Email"
ERROR - 2020-04-16 11:49:24 --> Could not find the language line "password"
ERROR - 2020-04-16 17:49:46 --> Could not find the language line "Tạo Điểm Lấy Hàng"
ERROR - 2020-04-16 17:49:46 --> Could not find the language line "Tạo Đơn Hàng"
ERROR - 2020-04-16 17:49:46 --> Could not find the language line "Đóng"
ERROR - 2020-04-16 17:49:46 --> Could not find the language line "Xác Nhận"
ERROR - 2020-04-16 17:49:46 --> Severity: Warning --> Invalid argument supplied for foreach() /home/admin/domains/spshd.com/public_html/khachhang/application/views/app.php 161
ERROR - 2020-04-16 17:49:46 --> Severity: Warning --> Invalid argument supplied for foreach() /home/admin/domains/spshd.com/public_html/khachhang/application/views/app.php 172
ERROR - 2020-04-16 17:49:46 --> Could not find the language line "Đóng"
ERROR - 2020-04-16 17:49:46 --> Could not find the language line "Xác Nhận"
ERROR - 2020-04-16 17:49:46 --> Could not find the language line "Đóng"
ERROR - 2020-04-16 17:49:46 --> Could not find the language line "Xác Nhận"
ERROR - 2020-04-16 17:50:48 --> Could not find the language line "Tạo Điểm Lấy Hàng"
ERROR - 2020-04-16 17:50:48 --> Could not find the language line "Tạo Đơn Hàng"
ERROR - 2020-04-16 17:50:48 --> Could not find the language line "Đóng"
ERROR - 2020-04-16 17:50:48 --> Could not find the language line "Xác Nhận"
ERROR - 2020-04-16 17:50:48 --> Severity: Warning --> Invalid argument supplied for foreach() /home/admin/domains/spshd.com/public_html/khachhang/application/views/app.php 161
ERROR - 2020-04-16 17:50:48 --> Severity: Warning --> Invalid argument supplied for foreach() /home/admin/domains/spshd.com/public_html/khachhang/application/views/app.php 172
ERROR - 2020-04-16 17:50:48 --> Could not find the language line "Đóng"
ERROR - 2020-04-16 17:50:48 --> Could not find the language line "Xác Nhận"
ERROR - 2020-04-16 17:50:48 --> Could not find the language line "Đóng"
ERROR - 2020-04-16 17:50:48 --> Could not find the language line "Xác Nhận"
ERROR - 2020-04-16 18:02:37 --> Could not find the language line "Tạo Điểm Lấy Hàng"
ERROR - 2020-04-16 18:02:37 --> Could not find the language line "Tạo Đơn Hàng"
ERROR - 2020-04-16 18:02:37 --> Could not find the language line "Đóng"
ERROR - 2020-04-16 18:02:37 --> Could not find the language line "Xác Nhận"
ERROR - 2020-04-16 18:02:37 --> Severity: Warning --> Invalid argument supplied for foreach() /home/admin/domains/spshd.com/public_html/khachhang/application/views/app.php 161
ERROR - 2020-04-16 18:02:37 --> Severity: Warning --> Invalid argument supplied for foreach() /home/admin/domains/spshd.com/public_html/khachhang/application/views/app.php 172
ERROR - 2020-04-16 18:02:37 --> Could not find the language line "Đóng"
ERROR - 2020-04-16 18:02:37 --> Could not find the language line "Xác Nhận"
ERROR - 2020-04-16 18:02:37 --> Could not find the language line "Đóng"
ERROR - 2020-04-16 18:02:37 --> Could not find the language line "Xác Nhận"
ERROR - 2020-04-16 18:27:58 --> Could not find the language line "Tạo Điểm Lấy Hàng"
ERROR - 2020-04-16 18:27:58 --> Could not find the language line "Tạo Đơn Hàng"
ERROR - 2020-04-16 18:27:58 --> Could not find the language line "Đóng"
ERROR - 2020-04-16 18:27:58 --> Could not find the language line "Xác Nhận"
ERROR - 2020-04-16 18:27:58 --> Severity: Warning --> Invalid argument supplied for foreach() /home/admin/domains/spshd.com/public_html/khachhang/application/views/app.php 161
ERROR - 2020-04-16 18:27:58 --> Severity: Warning --> Invalid argument supplied for foreach() /home/admin/domains/spshd.com/public_html/khachhang/application/views/app.php 172
ERROR - 2020-04-16 18:27:58 --> Could not find the language line "Đóng"
ERROR - 2020-04-16 18:27:58 --> Could not find the language line "Xác Nhận"
ERROR - 2020-04-16 18:27:58 --> Could not find the language line "Đóng"
ERROR - 2020-04-16 18:27:58 --> Could not find the language line "Xác Nhận"
ERROR - 2020-04-16 18:28:04 --> Could not find the language line "Tạo Điểm Lấy Hàng"
ERROR - 2020-04-16 18:28:04 --> Could not find the language line "Tạo Đơn Hàng"
ERROR - 2020-04-16 18:28:04 --> Could not find the language line "Đóng"
ERROR - 2020-04-16 18:28:04 --> Could not find the language line "Xác Nhận"
ERROR - 2020-04-16 18:28:04 --> Severity: Warning --> Invalid argument supplied for foreach() /home/admin/domains/spshd.com/public_html/khachhang/application/views/app.php 161
ERROR - 2020-04-16 18:28:04 --> Severity: Warning --> Invalid argument supplied for foreach() /home/admin/domains/spshd.com/public_html/khachhang/application/views/app.php 172
ERROR - 2020-04-16 18:28:04 --> Could not find the language line "Đóng"
ERROR - 2020-04-16 18:28:04 --> Could not find the language line "Xác Nhận"
ERROR - 2020-04-16 18:28:04 --> Could not find the language line "Đóng"
ERROR - 2020-04-16 18:28:04 --> Could not find the language line "Xác Nhận"
ERROR - 2020-04-16 18:41:18 --> Could not find the language line "Tạo Điểm Lấy Hàng"
ERROR - 2020-04-16 18:41:18 --> Could not find the language line "Tạo Đơn Hàng"
ERROR - 2020-04-16 18:41:18 --> Could not find the language line "Đóng"
ERROR - 2020-04-16 18:41:18 --> Could not find the language line "Xác Nhận"
ERROR - 2020-04-16 18:41:18 --> Severity: Warning --> Invalid argument supplied for foreach() /home/admin/domains/spshd.com/public_html/khachhang/application/views/app.php 161
ERROR - 2020-04-16 18:41:18 --> Severity: Warning --> Invalid argument supplied for foreach() /home/admin/domains/spshd.com/public_html/khachhang/application/views/app.php 172
ERROR - 2020-04-16 18:41:18 --> Could not find the language line "Đóng"
ERROR - 2020-04-16 18:41:18 --> Could not find the language line "Xác Nhận"
ERROR - 2020-04-16 18:41:18 --> Could not find the language line "Đóng"
ERROR - 2020-04-16 18:41:18 --> Could not find the language line "Xác Nhận"
ERROR - 2020-04-16 18:45:27 --> Could not find the language line "Tạo Điểm Lấy Hàng"
ERROR - 2020-04-16 18:45:27 --> Could not find the language line "Tạo Đơn Hàng"
ERROR - 2020-04-16 18:45:27 --> Could not find the language line "Đóng"
ERROR - 2020-04-16 18:45:27 --> Could not find the language line "Xác Nhận"
ERROR - 2020-04-16 18:45:27 --> Severity: Warning --> Invalid argument supplied for foreach() /home/admin/domains/spshd.com/public_html/khachhang/application/views/app.php 161
ERROR - 2020-04-16 18:45:27 --> Severity: Warning --> Invalid argument supplied for foreach() /home/admin/domains/spshd.com/public_html/khachhang/application/views/app.php 172
ERROR - 2020-04-16 18:45:27 --> Could not find the language line "Đóng"
ERROR - 2020-04-16 18:45:27 --> Could not find the language line "Xác Nhận"
ERROR - 2020-04-16 18:45:27 --> Could not find the language line "Đóng"
ERROR - 2020-04-16 18:45:27 --> Could not find the language line "Xác Nhận"
ERROR - 2020-04-16 19:01:08 --> Could not find the language line "Tạo Điểm Lấy Hàng"
ERROR - 2020-04-16 19:01:08 --> Could not find the language line "Tạo Đơn Hàng"
ERROR - 2020-04-16 19:01:08 --> Could not find the language line "Đóng"
ERROR - 2020-04-16 19:01:08 --> Could not find the language line "Xác Nhận"
ERROR - 2020-04-16 19:01:08 --> Severity: Warning --> Invalid argument supplied for foreach() /home/admin/domains/spshd.com/public_html/khachhang/application/views/app.php 161
ERROR - 2020-04-16 19:01:08 --> Severity: Warning --> Invalid argument supplied for foreach() /home/admin/domains/spshd.com/public_html/khachhang/application/views/app.php 172
ERROR - 2020-04-16 19:01:08 --> Could not find the language line "Đóng"
ERROR - 2020-04-16 19:01:08 --> Could not find the language line "Xác Nhận"
ERROR - 2020-04-16 19:01:08 --> Could not find the language line "Đóng"
ERROR - 2020-04-16 19:01:08 --> Could not find the language line "Xác Nhận"
ERROR - 2020-04-16 19:01:40 --> Could not find the language line "Tạo Điểm Lấy Hàng"
ERROR - 2020-04-16 19:01:40 --> Could not find the language line "Tạo Đơn Hàng"
ERROR - 2020-04-16 19:01:40 --> Could not find the language line "Đóng"
ERROR - 2020-04-16 19:01:40 --> Could not find the language line "Xác Nhận"
ERROR - 2020-04-16 19:01:40 --> Severity: Warning --> Invalid argument supplied for foreach() /home/admin/domains/spshd.com/public_html/khachhang/application/views/app.php 161
ERROR - 2020-04-16 19:01:40 --> Severity: Warning --> Invalid argument supplied for foreach() /home/admin/domains/spshd.com/public_html/khachhang/application/views/app.php 172
ERROR - 2020-04-16 19:01:40 --> Could not find the language line "Đóng"
ERROR - 2020-04-16 19:01:40 --> Could not find the language line "Xác Nhận"
ERROR - 2020-04-16 19:01:40 --> Could not find the language line "Đóng"
ERROR - 2020-04-16 19:01:40 --> Could not find the language line "Xác Nhận"
ERROR - 2020-04-16 19:04:26 --> Could not find the language line "Tạo Điểm Lấy Hàng"
ERROR - 2020-04-16 19:04:26 --> Could not find the language line "Tạo Đơn Hàng"
ERROR - 2020-04-16 19:04:26 --> Could not find the language line "Đóng"
ERROR - 2020-04-16 19:04:26 --> Could not find the language line "Xác Nhận"
ERROR - 2020-04-16 19:04:26 --> Severity: Warning --> Invalid argument supplied for foreach() /home/admin/domains/spshd.com/public_html/khachhang/application/views/app.php 161
ERROR - 2020-04-16 19:04:26 --> Severity: Warning --> Invalid argument supplied for foreach() /home/admin/domains/spshd.com/public_html/khachhang/application/views/app.php 172
ERROR - 2020-04-16 19:04:26 --> Could not find the language line "Đóng"
ERROR - 2020-04-16 19:04:26 --> Could not find the language line "Xác Nhận"
ERROR - 2020-04-16 19:04:26 --> Could not find the language line "Đóng"
ERROR - 2020-04-16 19:04:26 --> Could not find the language line "Xác Nhận"
ERROR - 2020-04-16 19:05:12 --> Could not find the language line "Tạo Điểm Lấy Hàng"
ERROR - 2020-04-16 19:05:12 --> Could not find the language line "Tạo Đơn Hàng"
ERROR - 2020-04-16 19:05:12 --> Could not find the language line "Đóng"
ERROR - 2020-04-16 19:05:12 --> Could not find the language line "Xác Nhận"
ERROR - 2020-04-16 19:05:12 --> Severity: Warning --> Invalid argument supplied for foreach() /home/admin/domains/spshd.com/public_html/khachhang/application/views/app.php 161
ERROR - 2020-04-16 19:05:12 --> Severity: Warning --> Invalid argument supplied for foreach() /home/admin/domains/spshd.com/public_html/khachhang/application/views/app.php 172
ERROR - 2020-04-16 19:05:12 --> Could not find the language line "Đóng"
ERROR - 2020-04-16 19:05:12 --> Could not find the language line "Xác Nhận"
ERROR - 2020-04-16 19:05:12 --> Could not find the language line "Đóng"
ERROR - 2020-04-16 19:05:12 --> Could not find the language line "Xác Nhận"
ERROR - 2020-04-16 19:32:22 --> Could not find the language line "Tạo Điểm Lấy Hàng"
ERROR - 2020-04-16 19:32:22 --> Could not find the language line "Tạo Đơn Hàng"
ERROR - 2020-04-16 19:32:22 --> Could not find the language line "Đóng"
ERROR - 2020-04-16 19:32:22 --> Could not find the language line "Xác Nhận"
ERROR - 2020-04-16 19:32:22 --> Severity: Warning --> Invalid argument supplied for foreach() /home/admin/domains/spshd.com/public_html/khachhang/application/views/app.php 161
ERROR - 2020-04-16 19:32:22 --> Severity: Warning --> Invalid argument supplied for foreach() /home/admin/domains/spshd.com/public_html/khachhang/application/views/app.php 172
ERROR - 2020-04-16 19:32:22 --> Could not find the language line "Đóng"
ERROR - 2020-04-16 19:32:22 --> Could not find the language line "Xác Nhận"
ERROR - 2020-04-16 19:32:22 --> Could not find the language line "Đóng"
ERROR - 2020-04-16 19:32:22 --> Could not find the language line "Xác Nhận"
ERROR - 2020-04-16 21:22:22 --> Could not find the language line "Tạo Điểm Lấy Hàng"
ERROR - 2020-04-16 21:22:22 --> Could not find the language line "Tạo Đơn Hàng"
ERROR - 2020-04-16 21:22:22 --> Could not find the language line "Đóng"
ERROR - 2020-04-16 21:22:22 --> Could not find the language line "Xác Nhận"
ERROR - 2020-04-16 21:22:22 --> Severity: Warning --> Invalid argument supplied for foreach() /home/admin/domains/spshd.com/public_html/khachhang/application/views/app.php 161
ERROR - 2020-04-16 21:22:22 --> Severity: Warning --> Invalid argument supplied for foreach() /home/admin/domains/spshd.com/public_html/khachhang/application/views/app.php 172
ERROR - 2020-04-16 21:22:22 --> Could not find the language line "Đóng"
ERROR - 2020-04-16 21:22:22 --> Could not find the language line "Xác Nhận"
ERROR - 2020-04-16 21:22:22 --> Could not find the language line "Đóng"
ERROR - 2020-04-16 21:22:22 --> Could not find the language line "Xác Nhận"
ERROR - 2020-04-16 21:39:20 --> Could not find the language line "Tạo Điểm Lấy Hàng"
ERROR - 2020-04-16 21:39:20 --> Could not find the language line "Tạo Đơn Hàng"
ERROR - 2020-04-16 21:39:20 --> Could not find the language line "Đóng"
ERROR - 2020-04-16 21:39:20 --> Could not find the language line "Xác Nhận"
ERROR - 2020-04-16 21:39:20 --> Severity: Warning --> Invalid argument supplied for foreach() /home/admin/domains/spshd.com/public_html/khachhang/application/views/app.php 161
ERROR - 2020-04-16 21:39:20 --> Severity: Warning --> Invalid argument supplied for foreach() /home/admin/domains/spshd.com/public_html/khachhang/application/views/app.php 172
ERROR - 2020-04-16 21:39:20 --> Could not find the language line "Đóng"
ERROR - 2020-04-16 21:39:20 --> Could not find the language line "Xác Nhận"
ERROR - 2020-04-16 21:39:20 --> Could not find the language line "Đóng"
ERROR - 2020-04-16 21:39:20 --> Could not find the language line "Xác Nhận"
ERROR - 2020-04-16 22:26:28 --> Could not find the language line "Tạo Điểm Lấy Hàng"
ERROR - 2020-04-16 22:26:28 --> Could not find the language line "Tạo Đơn Hàng"
ERROR - 2020-04-16 22:26:28 --> Could not find the language line "Đóng"
ERROR - 2020-04-16 22:26:28 --> Could not find the language line "Xác Nhận"
ERROR - 2020-04-16 22:26:28 --> Severity: Warning --> Invalid argument supplied for foreach() /home/admin/domains/spshd.com/public_html/khachhang/application/views/app.php 161
ERROR - 2020-04-16 22:26:28 --> Severity: Warning --> Invalid argument supplied for foreach() /home/admin/domains/spshd.com/public_html/khachhang/application/views/app.php 172
ERROR - 2020-04-16 22:26:28 --> Could not find the language line "Đóng"
ERROR - 2020-04-16 22:26:28 --> Could not find the language line "Xác Nhận"
ERROR - 2020-04-16 22:26:28 --> Could not find the language line "Đóng"
ERROR - 2020-04-16 22:26:28 --> Could not find the language line "Xác Nhận"
