ERROR - 2020-02-03 01:20:09 --> Could not find the language line "Tạo Điểm Lấy Hàng"
ERROR - 2020-02-03 01:20:09 --> Could not find the language line "Tạo Đơn Hàng"
ERROR - 2020-02-03 01:20:09 --> Severity: Warning --> Invalid argument supplied for foreach() /home/admin/domains/spshd.com/public_html/khachhang/application/views/tab4.php 394
ERROR - 2020-02-03 01:20:09 --> Could not find the language line "Đóng"
ERROR - 2020-02-03 01:20:09 --> Could not find the language line "Xác Nhận"
ERROR - 2020-02-03 01:20:09 --> Severity: Warning --> Invalid argument supplied for foreach() /home/admin/domains/spshd.com/public_html/khachhang/application/views/app.php 157
ERROR - 2020-02-03 01:20:09 --> Severity: Warning --> Invalid argument supplied for foreach() /home/admin/domains/spshd.com/public_html/khachhang/application/views/app.php 168
ERROR - 2020-02-03 01:20:09 --> Could not find the language line "Đóng"
ERROR - 2020-02-03 01:20:09 --> Could not find the language line "Xác Nhận"
ERROR - 2020-02-03 01:20:09 --> Could not find the language line "Đóng"
ERROR - 2020-02-03 01:20:09 --> Could not find the language line "Xác Nhận"
ERROR - 2020-02-03 01:52:18 --> Could not find the language line "Tạo Điểm Lấy Hàng"
ERROR - 2020-02-03 01:52:18 --> Could not find the language line "Tạo Đơn Hàng"
ERROR - 2020-02-03 01:52:18 --> Severity: Warning --> Invalid argument supplied for foreach() /home/admin/domains/spshd.com/public_html/khachhang/application/views/tab4.php 394
ERROR - 2020-02-03 01:52:18 --> Could not find the language line "Đóng"
ERROR - 2020-02-03 01:52:18 --> Could not find the language line "Xác Nhận"
ERROR - 2020-02-03 01:52:18 --> Severity: Warning --> Invalid argument supplied for foreach() /home/admin/domains/spshd.com/public_html/khachhang/application/views/app.php 157
ERROR - 2020-02-03 01:52:18 --> Severity: Warning --> Invalid argument supplied for foreach() /home/admin/domains/spshd.com/public_html/khachhang/application/views/app.php 168
ERROR - 2020-02-03 01:52:18 --> Could not find the language line "Đóng"
ERROR - 2020-02-03 01:52:18 --> Could not find the language line "Xác Nhận"
ERROR - 2020-02-03 01:52:18 --> Could not find the language line "Đóng"
ERROR - 2020-02-03 01:52:18 --> Could not find the language line "Xác Nhận"
ERROR - 2020-02-03 04:09:26 --> Could not find the language line "Tạo Điểm Lấy Hàng"
ERROR - 2020-02-03 04:09:26 --> Could not find the language line "Tạo Đơn Hàng"
ERROR - 2020-02-03 04:09:26 --> Severity: Warning --> Invalid argument supplied for foreach() /home/admin/domains/spshd.com/public_html/khachhang/application/views/tab4.php 394
ERROR - 2020-02-03 04:09:26 --> Could not find the language line "Đóng"
ERROR - 2020-02-03 04:09:26 --> Could not find the language line "Xác Nhận"
ERROR - 2020-02-03 04:09:26 --> Severity: Warning --> Invalid argument supplied for foreach() /home/admin/domains/spshd.com/public_html/khachhang/application/views/app.php 157
ERROR - 2020-02-03 04:09:26 --> Severity: Warning --> Invalid argument supplied for foreach() /home/admin/domains/spshd.com/public_html/khachhang/application/views/app.php 168
ERROR - 2020-02-03 04:09:26 --> Could not find the language line "Đóng"
ERROR - 2020-02-03 04:09:26 --> Could not find the language line "Xác Nhận"
ERROR - 2020-02-03 04:09:26 --> Could not find the language line "Đóng"
ERROR - 2020-02-03 04:09:26 --> Could not find the language line "Xác Nhận"
ERROR - 2020-02-03 04:09:28 --> Could not find the language line "Tạo Điểm Lấy Hàng"
ERROR - 2020-02-03 04:09:28 --> Could not find the language line "Tạo Đơn Hàng"
ERROR - 2020-02-03 04:09:28 --> Severity: Warning --> Invalid argument supplied for foreach() /home/admin/domains/spshd.com/public_html/khachhang/application/views/tab4.php 394
ERROR - 2020-02-03 04:09:28 --> Could not find the language line "Đóng"
ERROR - 2020-02-03 04:09:28 --> Could not find the language line "Xác Nhận"
ERROR - 2020-02-03 04:09:28 --> Severity: Warning --> Invalid argument supplied for foreach() /home/admin/domains/spshd.com/public_html/khachhang/application/views/app.php 157
ERROR - 2020-02-03 04:09:28 --> Severity: Warning --> Invalid argument supplied for foreach() /home/admin/domains/spshd.com/public_html/khachhang/application/views/app.php 168
ERROR - 2020-02-03 04:09:28 --> Could not find the language line "Đóng"
ERROR - 2020-02-03 04:09:28 --> Could not find the language line "Xác Nhận"
ERROR - 2020-02-03 04:09:28 --> Could not find the language line "Đóng"
ERROR - 2020-02-03 04:09:28 --> Could not find the language line "Xác Nhận"
ERROR - 2020-02-03 05:24:03 --> Could not find the language line "Tạo Điểm Lấy Hàng"
ERROR - 2020-02-03 05:24:03 --> Could not find the language line "Tạo Đơn Hàng"
ERROR - 2020-02-03 05:24:03 --> Severity: Warning --> Invalid argument supplied for foreach() /home/admin/domains/spshd.com/public_html/khachhang/application/views/tab4.php 394
ERROR - 2020-02-03 05:24:03 --> Could not find the language line "Đóng"
ERROR - 2020-02-03 05:24:03 --> Could not find the language line "Xác Nhận"
ERROR - 2020-02-03 05:24:03 --> Severity: Warning --> Invalid argument supplied for foreach() /home/admin/domains/spshd.com/public_html/khachhang/application/views/app.php 157
ERROR - 2020-02-03 05:24:03 --> Severity: Warning --> Invalid argument supplied for foreach() /home/admin/domains/spshd.com/public_html/khachhang/application/views/app.php 168
ERROR - 2020-02-03 05:24:03 --> Could not find the language line "Đóng"
ERROR - 2020-02-03 05:24:03 --> Could not find the language line "Xác Nhận"
ERROR - 2020-02-03 05:24:03 --> Could not find the language line "Đóng"
ERROR - 2020-02-03 05:24:03 --> Could not find the language line "Xác Nhận"
ERROR - 2020-02-03 09:59:21 --> Could not find the language line "Tạo Điểm Lấy Hàng"
ERROR - 2020-02-03 09:59:21 --> Could not find the language line "Tạo Đơn Hàng"
ERROR - 2020-02-03 09:59:21 --> Severity: Warning --> Invalid argument supplied for foreach() /home/admin/domains/spshd.com/public_html/khachhang/application/views/tab4.php 394
ERROR - 2020-02-03 09:59:21 --> Could not find the language line "Đóng"
ERROR - 2020-02-03 09:59:21 --> Could not find the language line "Xác Nhận"
ERROR - 2020-02-03 09:59:21 --> Severity: Warning --> Invalid argument supplied for foreach() /home/admin/domains/spshd.com/public_html/khachhang/application/views/app.php 157
ERROR - 2020-02-03 09:59:21 --> Severity: Warning --> Invalid argument supplied for foreach() /home/admin/domains/spshd.com/public_html/khachhang/application/views/app.php 168
ERROR - 2020-02-03 09:59:21 --> Could not find the language line "Đóng"
ERROR - 2020-02-03 09:59:21 --> Could not find the language line "Xác Nhận"
ERROR - 2020-02-03 09:59:21 --> Could not find the language line "Đóng"
ERROR - 2020-02-03 09:59:21 --> Could not find the language line "Xác Nhận"
ERROR - 2020-02-03 11:55:12 --> Could not find the language line "Tạo Điểm Lấy Hàng"
ERROR - 2020-02-03 11:55:12 --> Could not find the language line "Tạo Đơn Hàng"
ERROR - 2020-02-03 11:55:12 --> Severity: Warning --> Invalid argument supplied for foreach() /home/admin/domains/spshd.com/public_html/khachhang/application/views/tab4.php 394
ERROR - 2020-02-03 11:55:12 --> Could not find the language line "Đóng"
ERROR - 2020-02-03 11:55:12 --> Could not find the language line "Xác Nhận"
ERROR - 2020-02-03 11:55:12 --> Severity: Warning --> Invalid argument supplied for foreach() /home/admin/domains/spshd.com/public_html/khachhang/application/views/app.php 157
ERROR - 2020-02-03 11:55:12 --> Severity: Warning --> Invalid argument supplied for foreach() /home/admin/domains/spshd.com/public_html/khachhang/application/views/app.php 168
ERROR - 2020-02-03 11:55:12 --> Could not find the language line "Đóng"
ERROR - 2020-02-03 11:55:12 --> Could not find the language line "Xác Nhận"
ERROR - 2020-02-03 11:55:12 --> Could not find the language line "Đóng"
ERROR - 2020-02-03 11:55:12 --> Could not find the language line "Xác Nhận"
ERROR - 2020-02-03 13:05:24 --> Could not find the language line "Tạo Điểm Lấy Hàng"
ERROR - 2020-02-03 13:05:24 --> Could not find the language line "Tạo Đơn Hàng"
ERROR - 2020-02-03 13:05:24 --> Severity: Warning --> Invalid argument supplied for foreach() /home/admin/domains/spshd.com/public_html/khachhang/application/views/tab4.php 394
ERROR - 2020-02-03 13:05:24 --> Could not find the language line "Đóng"
ERROR - 2020-02-03 13:05:24 --> Could not find the language line "Xác Nhận"
ERROR - 2020-02-03 13:05:24 --> Severity: Warning --> Invalid argument supplied for foreach() /home/admin/domains/spshd.com/public_html/khachhang/application/views/app.php 157
ERROR - 2020-02-03 13:05:24 --> Severity: Warning --> Invalid argument supplied for foreach() /home/admin/domains/spshd.com/public_html/khachhang/application/views/app.php 168
ERROR - 2020-02-03 13:05:24 --> Could not find the language line "Đóng"
ERROR - 2020-02-03 13:05:24 --> Could not find the language line "Xác Nhận"
ERROR - 2020-02-03 13:05:24 --> Could not find the language line "Đóng"
ERROR - 2020-02-03 13:05:24 --> Could not find the language line "Xác Nhận"
ERROR - 2020-02-03 13:07:03 --> Could not find the language line "Tạo Điểm Lấy Hàng"
ERROR - 2020-02-03 13:07:03 --> Could not find the language line "Tạo Đơn Hàng"
ERROR - 2020-02-03 13:07:03 --> Severity: Warning --> Invalid argument supplied for foreach() /home/admin/domains/spshd.com/public_html/khachhang/application/views/tab4.php 394
ERROR - 2020-02-03 13:07:03 --> Could not find the language line "Đóng"
ERROR - 2020-02-03 13:07:03 --> Could not find the language line "Xác Nhận"
ERROR - 2020-02-03 13:07:03 --> Severity: Warning --> Invalid argument supplied for foreach() /home/admin/domains/spshd.com/public_html/khachhang/application/views/app.php 157
ERROR - 2020-02-03 13:07:03 --> Severity: Warning --> Invalid argument supplied for foreach() /home/admin/domains/spshd.com/public_html/khachhang/application/views/app.php 168
ERROR - 2020-02-03 13:07:03 --> Could not find the language line "Đóng"
ERROR - 2020-02-03 13:07:03 --> Could not find the language line "Xác Nhận"
ERROR - 2020-02-03 13:07:03 --> Could not find the language line "Đóng"
ERROR - 2020-02-03 13:07:03 --> Could not find the language line "Xác Nhận"
ERROR - 2020-02-03 15:39:37 --> Could not find the language line "Tạo Điểm Lấy Hàng"
ERROR - 2020-02-03 15:39:37 --> Could not find the language line "Tạo Đơn Hàng"
ERROR - 2020-02-03 15:39:37 --> Severity: Warning --> Invalid argument supplied for foreach() /home/admin/domains/spshd.com/public_html/khachhang/application/views/tab4.php 394
ERROR - 2020-02-03 15:39:37 --> Could not find the language line "Đóng"
ERROR - 2020-02-03 15:39:37 --> Could not find the language line "Xác Nhận"
ERROR - 2020-02-03 15:39:37 --> Severity: Warning --> Invalid argument supplied for foreach() /home/admin/domains/spshd.com/public_html/khachhang/application/views/app.php 157
ERROR - 2020-02-03 15:39:37 --> Severity: Warning --> Invalid argument supplied for foreach() /home/admin/domains/spshd.com/public_html/khachhang/application/views/app.php 168
ERROR - 2020-02-03 15:39:37 --> Could not find the language line "Đóng"
ERROR - 2020-02-03 15:39:37 --> Could not find the language line "Xác Nhận"
ERROR - 2020-02-03 15:39:37 --> Could not find the language line "Đóng"
ERROR - 2020-02-03 15:39:37 --> Could not find the language line "Xác Nhận"
