ERROR - 2020-02-05 01:05:58 --> Could not find the language line "Email"
ERROR - 2020-02-05 01:05:58 --> Could not find the language line "password"
ERROR - 2020-02-05 03:13:07 --> Could not find the language line "Tạo Điểm Lấy Hàng"
ERROR - 2020-02-05 03:13:07 --> Could not find the language line "Tạo Đơn Hàng"
ERROR - 2020-02-05 03:13:07 --> Severity: Warning --> Invalid argument supplied for foreach() /home/admin/domains/spshd.com/public_html/khachhang/application/views/tab4.php 394
ERROR - 2020-02-05 03:13:07 --> Could not find the language line "Đóng"
ERROR - 2020-02-05 03:13:07 --> Could not find the language line "Xác Nhận"
ERROR - 2020-02-05 03:13:07 --> Severity: Warning --> Invalid argument supplied for foreach() /home/admin/domains/spshd.com/public_html/khachhang/application/views/app.php 157
ERROR - 2020-02-05 03:13:07 --> Severity: Warning --> Invalid argument supplied for foreach() /home/admin/domains/spshd.com/public_html/khachhang/application/views/app.php 168
ERROR - 2020-02-05 03:13:07 --> Could not find the language line "Đóng"
ERROR - 2020-02-05 03:13:07 --> Could not find the language line "Xác Nhận"
ERROR - 2020-02-05 03:13:07 --> Could not find the language line "Đóng"
ERROR - 2020-02-05 03:13:07 --> Could not find the language line "Xác Nhận"
ERROR - 2020-02-05 06:32:08 --> Could not find the language line "Tạo Điểm Lấy Hàng"
ERROR - 2020-02-05 06:32:08 --> Could not find the language line "Tạo Đơn Hàng"
ERROR - 2020-02-05 06:32:08 --> Severity: Warning --> Invalid argument supplied for foreach() /home/admin/domains/spshd.com/public_html/khachhang/application/views/tab4.php 394
ERROR - 2020-02-05 06:32:08 --> Could not find the language line "Đóng"
ERROR - 2020-02-05 06:32:08 --> Could not find the language line "Xác Nhận"
ERROR - 2020-02-05 06:32:08 --> Severity: Warning --> Invalid argument supplied for foreach() /home/admin/domains/spshd.com/public_html/khachhang/application/views/app.php 157
ERROR - 2020-02-05 06:32:08 --> Severity: Warning --> Invalid argument supplied for foreach() /home/admin/domains/spshd.com/public_html/khachhang/application/views/app.php 168
ERROR - 2020-02-05 06:32:08 --> Could not find the language line "Đóng"
ERROR - 2020-02-05 06:32:08 --> Could not find the language line "Xác Nhận"
ERROR - 2020-02-05 06:32:08 --> Could not find the language line "Đóng"
ERROR - 2020-02-05 06:32:08 --> Could not find the language line "Xác Nhận"
ERROR - 2020-02-05 07:16:12 --> Could not find the language line "Tạo Điểm Lấy Hàng"
ERROR - 2020-02-05 07:16:12 --> Could not find the language line "Tạo Đơn Hàng"
ERROR - 2020-02-05 07:16:12 --> Severity: Warning --> Invalid argument supplied for foreach() /home/admin/domains/spshd.com/public_html/khachhang/application/views/tab4.php 394
ERROR - 2020-02-05 07:16:12 --> Could not find the language line "Đóng"
ERROR - 2020-02-05 07:16:12 --> Could not find the language line "Xác Nhận"
ERROR - 2020-02-05 07:16:12 --> Severity: Warning --> Invalid argument supplied for foreach() /home/admin/domains/spshd.com/public_html/khachhang/application/views/app.php 157
ERROR - 2020-02-05 07:16:12 --> Severity: Warning --> Invalid argument supplied for foreach() /home/admin/domains/spshd.com/public_html/khachhang/application/views/app.php 168
ERROR - 2020-02-05 07:16:12 --> Could not find the language line "Đóng"
ERROR - 2020-02-05 07:16:12 --> Could not find the language line "Xác Nhận"
ERROR - 2020-02-05 07:16:12 --> Could not find the language line "Đóng"
ERROR - 2020-02-05 07:16:12 --> Could not find the language line "Xác Nhận"
ERROR - 2020-02-05 08:42:38 --> Could not find the language line "Tạo Điểm Lấy Hàng"
ERROR - 2020-02-05 08:42:38 --> Could not find the language line "Tạo Đơn Hàng"
ERROR - 2020-02-05 08:42:38 --> Severity: Warning --> Invalid argument supplied for foreach() /home/admin/domains/spshd.com/public_html/khachhang/application/views/tab4.php 394
ERROR - 2020-02-05 08:42:38 --> Could not find the language line "Đóng"
ERROR - 2020-02-05 08:42:38 --> Could not find the language line "Xác Nhận"
ERROR - 2020-02-05 08:42:38 --> Severity: Warning --> Invalid argument supplied for foreach() /home/admin/domains/spshd.com/public_html/khachhang/application/views/app.php 157
ERROR - 2020-02-05 08:42:38 --> Severity: Warning --> Invalid argument supplied for foreach() /home/admin/domains/spshd.com/public_html/khachhang/application/views/app.php 168
ERROR - 2020-02-05 08:42:38 --> Could not find the language line "Đóng"
ERROR - 2020-02-05 08:42:38 --> Could not find the language line "Xác Nhận"
ERROR - 2020-02-05 08:42:38 --> Could not find the language line "Đóng"
ERROR - 2020-02-05 08:42:38 --> Could not find the language line "Xác Nhận"
ERROR - 2020-02-05 09:27:16 --> Could not find the language line "Tạo Điểm Lấy Hàng"
ERROR - 2020-02-05 09:27:16 --> Could not find the language line "Tạo Đơn Hàng"
ERROR - 2020-02-05 09:27:16 --> Severity: Warning --> Invalid argument supplied for foreach() /home/admin/domains/spshd.com/public_html/khachhang/application/views/tab4.php 394
ERROR - 2020-02-05 09:27:16 --> Could not find the language line "Đóng"
ERROR - 2020-02-05 09:27:16 --> Could not find the language line "Xác Nhận"
ERROR - 2020-02-05 09:27:16 --> Severity: Warning --> Invalid argument supplied for foreach() /home/admin/domains/spshd.com/public_html/khachhang/application/views/app.php 157
ERROR - 2020-02-05 09:27:16 --> Severity: Warning --> Invalid argument supplied for foreach() /home/admin/domains/spshd.com/public_html/khachhang/application/views/app.php 168
ERROR - 2020-02-05 09:27:16 --> Could not find the language line "Đóng"
ERROR - 2020-02-05 09:27:16 --> Could not find the language line "Xác Nhận"
ERROR - 2020-02-05 09:27:16 --> Could not find the language line "Đóng"
ERROR - 2020-02-05 09:27:16 --> Could not find the language line "Xác Nhận"
ERROR - 2020-02-05 10:34:45 --> Could not find the language line "Tạo Điểm Lấy Hàng"
ERROR - 2020-02-05 10:34:45 --> Could not find the language line "Tạo Đơn Hàng"
ERROR - 2020-02-05 10:34:45 --> Severity: Warning --> Invalid argument supplied for foreach() /home/admin/domains/spshd.com/public_html/khachhang/application/views/tab4.php 394
ERROR - 2020-02-05 10:34:45 --> Could not find the language line "Đóng"
ERROR - 2020-02-05 10:34:45 --> Could not find the language line "Xác Nhận"
ERROR - 2020-02-05 10:34:45 --> Severity: Warning --> Invalid argument supplied for foreach() /home/admin/domains/spshd.com/public_html/khachhang/application/views/app.php 157
ERROR - 2020-02-05 10:34:45 --> Severity: Warning --> Invalid argument supplied for foreach() /home/admin/domains/spshd.com/public_html/khachhang/application/views/app.php 168
ERROR - 2020-02-05 10:34:45 --> Could not find the language line "Đóng"
ERROR - 2020-02-05 10:34:45 --> Could not find the language line "Xác Nhận"
ERROR - 2020-02-05 10:34:45 --> Could not find the language line "Đóng"
ERROR - 2020-02-05 10:34:45 --> Could not find the language line "Xác Nhận"
ERROR - 2020-02-05 14:08:32 --> Could not find the language line "Tạo Điểm Lấy Hàng"
ERROR - 2020-02-05 14:08:32 --> Could not find the language line "Tạo Đơn Hàng"
ERROR - 2020-02-05 14:08:32 --> Severity: Warning --> Invalid argument supplied for foreach() /home/admin/domains/spshd.com/public_html/khachhang/application/views/tab4.php 394
ERROR - 2020-02-05 14:08:32 --> Could not find the language line "Đóng"
ERROR - 2020-02-05 14:08:32 --> Could not find the language line "Xác Nhận"
ERROR - 2020-02-05 14:08:32 --> Severity: Warning --> Invalid argument supplied for foreach() /home/admin/domains/spshd.com/public_html/khachhang/application/views/app.php 157
ERROR - 2020-02-05 14:08:32 --> Severity: Warning --> Invalid argument supplied for foreach() /home/admin/domains/spshd.com/public_html/khachhang/application/views/app.php 168
ERROR - 2020-02-05 14:08:32 --> Could not find the language line "Đóng"
ERROR - 2020-02-05 14:08:32 --> Could not find the language line "Xác Nhận"
ERROR - 2020-02-05 14:08:33 --> Could not find the language line "Đóng"
ERROR - 2020-02-05 14:08:33 --> Could not find the language line "Xác Nhận"
ERROR - 2020-02-05 15:48:34 --> Could not find the language line "Tạo Điểm Lấy Hàng"
ERROR - 2020-02-05 15:48:34 --> Could not find the language line "Tạo Đơn Hàng"
ERROR - 2020-02-05 15:48:34 --> Severity: Warning --> Invalid argument supplied for foreach() /home/admin/domains/spshd.com/public_html/khachhang/application/views/tab4.php 394
ERROR - 2020-02-05 15:48:34 --> Could not find the language line "Đóng"
ERROR - 2020-02-05 15:48:34 --> Could not find the language line "Xác Nhận"
ERROR - 2020-02-05 15:48:34 --> Severity: Warning --> Invalid argument supplied for foreach() /home/admin/domains/spshd.com/public_html/khachhang/application/views/app.php 157
ERROR - 2020-02-05 15:48:34 --> Severity: Warning --> Invalid argument supplied for foreach() /home/admin/domains/spshd.com/public_html/khachhang/application/views/app.php 168
ERROR - 2020-02-05 15:48:34 --> Could not find the language line "Đóng"
ERROR - 2020-02-05 15:48:34 --> Could not find the language line "Xác Nhận"
ERROR - 2020-02-05 15:48:34 --> Could not find the language line "Đóng"
ERROR - 2020-02-05 15:48:34 --> Could not find the language line "Xác Nhận"
