ERROR - 2020-06-12 00:22:26 --> Could not find the language line "Email"
ERROR - 2020-06-12 00:22:26 --> Could not find the language line "password"
ERROR - 2020-06-12 06:27:28 --> Could not find the language line "Tạo Điểm Lấy Hàng"
ERROR - 2020-06-12 06:27:28 --> Could not find the language line "Tạo Đơn Hàng"
ERROR - 2020-06-12 06:27:28 --> Could not find the language line "Tải Excel"
ERROR - 2020-06-12 06:27:28 --> Could not find the language line "Đóng"
ERROR - 2020-06-12 06:27:28 --> Could not find the language line "Xác Nhận"
ERROR - 2020-06-12 06:27:28 --> Severity: Warning --> Invalid argument supplied for foreach() /home/admin/domains/spshd.com/public_html/khachhang/application/views/app.php 162
ERROR - 2020-06-12 06:27:28 --> Severity: Warning --> Invalid argument supplied for foreach() /home/admin/domains/spshd.com/public_html/khachhang/application/views/app.php 173
ERROR - 2020-06-12 06:27:28 --> Could not find the language line "Đóng"
ERROR - 2020-06-12 06:27:28 --> Could not find the language line "Xác Nhận"
ERROR - 2020-06-12 06:27:28 --> Could not find the language line "Đóng"
ERROR - 2020-06-12 06:27:28 --> Could not find the language line "Xác Nhận"
ERROR - 2020-06-12 06:27:28 --> Could not find the language line "Đóng"
ERROR - 2020-06-12 06:27:28 --> Could not find the language line "Tải"
ERROR - 2020-06-12 08:08:41 --> Could not find the language line "Tạo Điểm Lấy Hàng"
ERROR - 2020-06-12 08:08:41 --> Could not find the language line "Tạo Đơn Hàng"
ERROR - 2020-06-12 08:08:41 --> Could not find the language line "Tải Excel"
ERROR - 2020-06-12 08:08:41 --> Could not find the language line "Đóng"
ERROR - 2020-06-12 08:08:41 --> Could not find the language line "Xác Nhận"
ERROR - 2020-06-12 08:08:41 --> Severity: Warning --> Invalid argument supplied for foreach() /home/admin/domains/spshd.com/public_html/khachhang/application/views/app.php 162
ERROR - 2020-06-12 08:08:41 --> Severity: Warning --> Invalid argument supplied for foreach() /home/admin/domains/spshd.com/public_html/khachhang/application/views/app.php 173
ERROR - 2020-06-12 08:08:41 --> Could not find the language line "Đóng"
ERROR - 2020-06-12 08:08:41 --> Could not find the language line "Xác Nhận"
ERROR - 2020-06-12 08:08:41 --> Could not find the language line "Đóng"
ERROR - 2020-06-12 08:08:41 --> Could not find the language line "Xác Nhận"
ERROR - 2020-06-12 08:08:41 --> Could not find the language line "Đóng"
ERROR - 2020-06-12 08:08:41 --> Could not find the language line "Tải"
ERROR - 2020-06-12 08:18:47 --> Could not find the language line "Tạo Điểm Lấy Hàng"
ERROR - 2020-06-12 08:18:47 --> Could not find the language line "Tạo Đơn Hàng"
ERROR - 2020-06-12 08:18:47 --> Could not find the language line "Tải Excel"
ERROR - 2020-06-12 08:18:47 --> Could not find the language line "Đóng"
ERROR - 2020-06-12 08:18:47 --> Could not find the language line "Xác Nhận"
ERROR - 2020-06-12 08:18:47 --> Severity: Warning --> Invalid argument supplied for foreach() /home/admin/domains/spshd.com/public_html/khachhang/application/views/app.php 162
ERROR - 2020-06-12 08:18:47 --> Severity: Warning --> Invalid argument supplied for foreach() /home/admin/domains/spshd.com/public_html/khachhang/application/views/app.php 173
ERROR - 2020-06-12 08:18:47 --> Could not find the language line "Đóng"
ERROR - 2020-06-12 08:18:47 --> Could not find the language line "Xác Nhận"
ERROR - 2020-06-12 08:18:47 --> Could not find the language line "Đóng"
ERROR - 2020-06-12 08:18:47 --> Could not find the language line "Xác Nhận"
ERROR - 2020-06-12 08:18:47 --> Could not find the language line "Đóng"
ERROR - 2020-06-12 08:18:47 --> Could not find the language line "Tải"
ERROR - 2020-06-12 08:38:52 --> Could not find the language line "Tạo Điểm Lấy Hàng"
ERROR - 2020-06-12 08:38:52 --> Could not find the language line "Tạo Đơn Hàng"
ERROR - 2020-06-12 08:38:52 --> Could not find the language line "Tải Excel"
ERROR - 2020-06-12 08:38:52 --> Could not find the language line "Đóng"
ERROR - 2020-06-12 08:38:52 --> Could not find the language line "Xác Nhận"
ERROR - 2020-06-12 08:38:52 --> Severity: Warning --> Invalid argument supplied for foreach() /home/admin/domains/spshd.com/public_html/khachhang/application/views/app.php 162
ERROR - 2020-06-12 08:38:52 --> Severity: Warning --> Invalid argument supplied for foreach() /home/admin/domains/spshd.com/public_html/khachhang/application/views/app.php 173
ERROR - 2020-06-12 08:38:52 --> Could not find the language line "Đóng"
ERROR - 2020-06-12 08:38:52 --> Could not find the language line "Xác Nhận"
ERROR - 2020-06-12 08:38:52 --> Could not find the language line "Đóng"
ERROR - 2020-06-12 08:38:52 --> Could not find the language line "Xác Nhận"
ERROR - 2020-06-12 08:38:52 --> Could not find the language line "Đóng"
ERROR - 2020-06-12 08:38:52 --> Could not find the language line "Tải"
ERROR - 2020-06-12 08:41:11 --> Could not find the language line "Tạo Điểm Lấy Hàng"
ERROR - 2020-06-12 08:41:11 --> Could not find the language line "Tạo Đơn Hàng"
ERROR - 2020-06-12 08:41:11 --> Could not find the language line "Tải Excel"
ERROR - 2020-06-12 08:41:11 --> Could not find the language line "Đóng"
ERROR - 2020-06-12 08:41:11 --> Could not find the language line "Xác Nhận"
ERROR - 2020-06-12 08:41:11 --> Severity: Warning --> Invalid argument supplied for foreach() /home/admin/domains/spshd.com/public_html/khachhang/application/views/app.php 162
ERROR - 2020-06-12 08:41:11 --> Severity: Warning --> Invalid argument supplied for foreach() /home/admin/domains/spshd.com/public_html/khachhang/application/views/app.php 173
ERROR - 2020-06-12 08:41:11 --> Could not find the language line "Đóng"
ERROR - 2020-06-12 08:41:11 --> Could not find the language line "Xác Nhận"
ERROR - 2020-06-12 08:41:11 --> Could not find the language line "Đóng"
ERROR - 2020-06-12 08:41:11 --> Could not find the language line "Xác Nhận"
ERROR - 2020-06-12 08:41:11 --> Could not find the language line "Đóng"
ERROR - 2020-06-12 08:41:11 --> Could not find the language line "Tải"
ERROR - 2020-06-12 08:58:48 --> Could not find the language line "Tạo Điểm Lấy Hàng"
ERROR - 2020-06-12 08:58:48 --> Could not find the language line "Tạo Đơn Hàng"
ERROR - 2020-06-12 08:58:48 --> Could not find the language line "Tải Excel"
ERROR - 2020-06-12 08:58:48 --> Could not find the language line "Đóng"
ERROR - 2020-06-12 08:58:48 --> Could not find the language line "Xác Nhận"
ERROR - 2020-06-12 08:58:48 --> Severity: Warning --> Invalid argument supplied for foreach() /home/admin/domains/spshd.com/public_html/khachhang/application/views/app.php 162
ERROR - 2020-06-12 08:58:48 --> Severity: Warning --> Invalid argument supplied for foreach() /home/admin/domains/spshd.com/public_html/khachhang/application/views/app.php 173
ERROR - 2020-06-12 08:58:48 --> Could not find the language line "Đóng"
ERROR - 2020-06-12 08:58:48 --> Could not find the language line "Xác Nhận"
ERROR - 2020-06-12 08:58:48 --> Could not find the language line "Đóng"
ERROR - 2020-06-12 08:58:48 --> Could not find the language line "Xác Nhận"
ERROR - 2020-06-12 08:58:48 --> Could not find the language line "Đóng"
ERROR - 2020-06-12 08:58:48 --> Could not find the language line "Tải"
ERROR - 2020-06-12 09:35:28 --> Could not find the language line "Tạo Điểm Lấy Hàng"
ERROR - 2020-06-12 09:35:28 --> Could not find the language line "Tạo Đơn Hàng"
ERROR - 2020-06-12 09:35:28 --> Could not find the language line "Tải Excel"
ERROR - 2020-06-12 09:35:28 --> Could not find the language line "Đóng"
ERROR - 2020-06-12 09:35:28 --> Could not find the language line "Xác Nhận"
ERROR - 2020-06-12 09:35:28 --> Severity: Warning --> Invalid argument supplied for foreach() /home/admin/domains/spshd.com/public_html/khachhang/application/views/app.php 162
ERROR - 2020-06-12 09:35:28 --> Severity: Warning --> Invalid argument supplied for foreach() /home/admin/domains/spshd.com/public_html/khachhang/application/views/app.php 173
ERROR - 2020-06-12 09:35:28 --> Could not find the language line "Đóng"
ERROR - 2020-06-12 09:35:28 --> Could not find the language line "Xác Nhận"
ERROR - 2020-06-12 09:35:28 --> Could not find the language line "Đóng"
ERROR - 2020-06-12 09:35:28 --> Could not find the language line "Xác Nhận"
ERROR - 2020-06-12 09:35:28 --> Could not find the language line "Đóng"
ERROR - 2020-06-12 09:35:28 --> Could not find the language line "Tải"
ERROR - 2020-06-12 09:50:08 --> Could not find the language line "Tạo Điểm Lấy Hàng"
ERROR - 2020-06-12 09:50:08 --> Could not find the language line "Tạo Đơn Hàng"
ERROR - 2020-06-12 09:50:08 --> Could not find the language line "Tải Excel"
ERROR - 2020-06-12 09:50:08 --> Could not find the language line "Đóng"
ERROR - 2020-06-12 09:50:08 --> Could not find the language line "Xác Nhận"
ERROR - 2020-06-12 09:50:08 --> Severity: Warning --> Invalid argument supplied for foreach() /home/admin/domains/spshd.com/public_html/khachhang/application/views/app.php 162
ERROR - 2020-06-12 09:50:08 --> Severity: Warning --> Invalid argument supplied for foreach() /home/admin/domains/spshd.com/public_html/khachhang/application/views/app.php 173
ERROR - 2020-06-12 09:50:08 --> Could not find the language line "Đóng"
ERROR - 2020-06-12 09:50:08 --> Could not find the language line "Xác Nhận"
ERROR - 2020-06-12 09:50:08 --> Could not find the language line "Đóng"
ERROR - 2020-06-12 09:50:08 --> Could not find the language line "Xác Nhận"
ERROR - 2020-06-12 09:50:08 --> Could not find the language line "Đóng"
ERROR - 2020-06-12 09:50:08 --> Could not find the language line "Tải"
ERROR - 2020-06-12 09:50:41 --> Could not find the language line "Tạo Điểm Lấy Hàng"
ERROR - 2020-06-12 09:50:41 --> Could not find the language line "Tạo Đơn Hàng"
ERROR - 2020-06-12 09:50:41 --> Could not find the language line "Tải Excel"
ERROR - 2020-06-12 09:50:41 --> Could not find the language line "Đóng"
ERROR - 2020-06-12 09:50:41 --> Could not find the language line "Xác Nhận"
ERROR - 2020-06-12 09:50:41 --> Severity: Warning --> Invalid argument supplied for foreach() /home/admin/domains/spshd.com/public_html/khachhang/application/views/app.php 162
ERROR - 2020-06-12 09:50:41 --> Severity: Warning --> Invalid argument supplied for foreach() /home/admin/domains/spshd.com/public_html/khachhang/application/views/app.php 173
ERROR - 2020-06-12 09:50:41 --> Could not find the language line "Đóng"
ERROR - 2020-06-12 09:50:41 --> Could not find the language line "Xác Nhận"
ERROR - 2020-06-12 09:50:41 --> Could not find the language line "Đóng"
ERROR - 2020-06-12 09:50:41 --> Could not find the language line "Xác Nhận"
ERROR - 2020-06-12 09:50:41 --> Could not find the language line "Đóng"
ERROR - 2020-06-12 09:50:41 --> Could not find the language line "Tải"
ERROR - 2020-06-12 10:45:12 --> Could not find the language line "Tạo Điểm Lấy Hàng"
ERROR - 2020-06-12 10:45:12 --> Could not find the language line "Tạo Đơn Hàng"
ERROR - 2020-06-12 10:45:12 --> Could not find the language line "Tải Excel"
ERROR - 2020-06-12 10:45:12 --> Could not find the language line "Đóng"
ERROR - 2020-06-12 10:45:12 --> Could not find the language line "Xác Nhận"
ERROR - 2020-06-12 10:45:12 --> Severity: Warning --> Invalid argument supplied for foreach() /home/admin/domains/spshd.com/public_html/khachhang/application/views/app.php 162
ERROR - 2020-06-12 10:45:12 --> Severity: Warning --> Invalid argument supplied for foreach() /home/admin/domains/spshd.com/public_html/khachhang/application/views/app.php 173
ERROR - 2020-06-12 10:45:12 --> Could not find the language line "Đóng"
ERROR - 2020-06-12 10:45:12 --> Could not find the language line "Xác Nhận"
ERROR - 2020-06-12 10:45:12 --> Could not find the language line "Đóng"
ERROR - 2020-06-12 10:45:12 --> Could not find the language line "Xác Nhận"
ERROR - 2020-06-12 10:45:12 --> Could not find the language line "Đóng"
ERROR - 2020-06-12 10:45:12 --> Could not find the language line "Tải"
ERROR - 2020-06-12 10:57:59 --> Could not find the language line "Tạo Điểm Lấy Hàng"
ERROR - 2020-06-12 10:57:59 --> Could not find the language line "Tạo Đơn Hàng"
ERROR - 2020-06-12 10:57:59 --> Could not find the language line "Tải Excel"
ERROR - 2020-06-12 10:57:59 --> Could not find the language line "Đóng"
ERROR - 2020-06-12 10:57:59 --> Could not find the language line "Xác Nhận"
ERROR - 2020-06-12 10:57:59 --> Severity: Warning --> Invalid argument supplied for foreach() /home/admin/domains/spshd.com/public_html/khachhang/application/views/app.php 162
ERROR - 2020-06-12 10:57:59 --> Severity: Warning --> Invalid argument supplied for foreach() /home/admin/domains/spshd.com/public_html/khachhang/application/views/app.php 173
ERROR - 2020-06-12 10:57:59 --> Could not find the language line "Đóng"
ERROR - 2020-06-12 10:57:59 --> Could not find the language line "Xác Nhận"
ERROR - 2020-06-12 10:57:59 --> Could not find the language line "Đóng"
ERROR - 2020-06-12 10:57:59 --> Could not find the language line "Xác Nhận"
ERROR - 2020-06-12 10:57:59 --> Could not find the language line "Đóng"
ERROR - 2020-06-12 10:57:59 --> Could not find the language line "Tải"
ERROR - 2020-06-12 05:19:23 --> Could not find the language line "Email"
ERROR - 2020-06-12 05:19:23 --> Could not find the language line "password"
ERROR - 2020-06-12 11:49:00 --> Could not find the language line "Tạo Điểm Lấy Hàng"
ERROR - 2020-06-12 11:49:00 --> Could not find the language line "Tạo Đơn Hàng"
ERROR - 2020-06-12 11:49:00 --> Could not find the language line "Tải Excel"
ERROR - 2020-06-12 11:49:00 --> Could not find the language line "Đóng"
ERROR - 2020-06-12 11:49:00 --> Could not find the language line "Xác Nhận"
ERROR - 2020-06-12 11:49:00 --> Severity: Warning --> Invalid argument supplied for foreach() /home/admin/domains/spshd.com/public_html/khachhang/application/views/app.php 162
ERROR - 2020-06-12 11:49:00 --> Severity: Warning --> Invalid argument supplied for foreach() /home/admin/domains/spshd.com/public_html/khachhang/application/views/app.php 173
ERROR - 2020-06-12 11:49:00 --> Could not find the language line "Đóng"
ERROR - 2020-06-12 11:49:00 --> Could not find the language line "Xác Nhận"
ERROR - 2020-06-12 11:49:00 --> Could not find the language line "Đóng"
ERROR - 2020-06-12 11:49:00 --> Could not find the language line "Xác Nhận"
ERROR - 2020-06-12 11:49:00 --> Could not find the language line "Đóng"
ERROR - 2020-06-12 11:49:00 --> Could not find the language line "Tải"
ERROR - 2020-06-12 13:20:19 --> Could not find the language line "Tạo Điểm Lấy Hàng"
ERROR - 2020-06-12 13:20:19 --> Could not find the language line "Tạo Đơn Hàng"
ERROR - 2020-06-12 13:20:19 --> Could not find the language line "Tải Excel"
ERROR - 2020-06-12 13:20:19 --> Could not find the language line "Đóng"
ERROR - 2020-06-12 13:20:19 --> Could not find the language line "Xác Nhận"
ERROR - 2020-06-12 13:20:19 --> Severity: Warning --> Invalid argument supplied for foreach() /home/admin/domains/spshd.com/public_html/khachhang/application/views/app.php 162
ERROR - 2020-06-12 13:20:19 --> Severity: Warning --> Invalid argument supplied for foreach() /home/admin/domains/spshd.com/public_html/khachhang/application/views/app.php 173
ERROR - 2020-06-12 13:20:19 --> Could not find the language line "Đóng"
ERROR - 2020-06-12 13:20:19 --> Could not find the language line "Xác Nhận"
ERROR - 2020-06-12 13:20:19 --> Could not find the language line "Đóng"
ERROR - 2020-06-12 13:20:19 --> Could not find the language line "Xác Nhận"
ERROR - 2020-06-12 13:20:19 --> Could not find the language line "Đóng"
ERROR - 2020-06-12 13:20:19 --> Could not find the language line "Tải"
ERROR - 2020-06-12 13:28:15 --> Could not find the language line "Tạo Điểm Lấy Hàng"
ERROR - 2020-06-12 13:28:15 --> Could not find the language line "Tạo Đơn Hàng"
ERROR - 2020-06-12 13:28:15 --> Could not find the language line "Tải Excel"
ERROR - 2020-06-12 13:28:15 --> Could not find the language line "Đóng"
ERROR - 2020-06-12 13:28:15 --> Could not find the language line "Xác Nhận"
ERROR - 2020-06-12 13:28:15 --> Severity: Warning --> Invalid argument supplied for foreach() /home/admin/domains/spshd.com/public_html/khachhang/application/views/app.php 162
ERROR - 2020-06-12 13:28:15 --> Severity: Warning --> Invalid argument supplied for foreach() /home/admin/domains/spshd.com/public_html/khachhang/application/views/app.php 173
ERROR - 2020-06-12 13:28:15 --> Could not find the language line "Đóng"
ERROR - 2020-06-12 13:28:15 --> Could not find the language line "Xác Nhận"
ERROR - 2020-06-12 13:28:15 --> Could not find the language line "Đóng"
ERROR - 2020-06-12 13:28:15 --> Could not find the language line "Xác Nhận"
ERROR - 2020-06-12 13:28:15 --> Could not find the language line "Đóng"
ERROR - 2020-06-12 13:28:15 --> Could not find the language line "Tải"
ERROR - 2020-06-12 13:30:23 --> Could not find the language line "Tạo Điểm Lấy Hàng"
ERROR - 2020-06-12 13:30:23 --> Could not find the language line "Tạo Đơn Hàng"
ERROR - 2020-06-12 13:30:23 --> Could not find the language line "Tải Excel"
ERROR - 2020-06-12 13:30:23 --> Could not find the language line "Đóng"
ERROR - 2020-06-12 13:30:23 --> Could not find the language line "Xác Nhận"
ERROR - 2020-06-12 13:30:23 --> Severity: Warning --> Invalid argument supplied for foreach() /home/admin/domains/spshd.com/public_html/khachhang/application/views/app.php 162
ERROR - 2020-06-12 13:30:23 --> Severity: Warning --> Invalid argument supplied for foreach() /home/admin/domains/spshd.com/public_html/khachhang/application/views/app.php 173
ERROR - 2020-06-12 13:30:23 --> Could not find the language line "Đóng"
ERROR - 2020-06-12 13:30:23 --> Could not find the language line "Xác Nhận"
ERROR - 2020-06-12 13:30:23 --> Could not find the language line "Đóng"
ERROR - 2020-06-12 13:30:23 --> Could not find the language line "Xác Nhận"
ERROR - 2020-06-12 13:30:23 --> Could not find the language line "Đóng"
ERROR - 2020-06-12 13:30:23 --> Could not find the language line "Tải"
ERROR - 2020-06-12 14:00:14 --> Could not find the language line "Tạo Điểm Lấy Hàng"
ERROR - 2020-06-12 14:00:14 --> Could not find the language line "Tạo Đơn Hàng"
ERROR - 2020-06-12 14:00:14 --> Could not find the language line "Tải Excel"
ERROR - 2020-06-12 14:00:14 --> Could not find the language line "Đóng"
ERROR - 2020-06-12 14:00:14 --> Could not find the language line "Xác Nhận"
ERROR - 2020-06-12 14:00:14 --> Severity: Warning --> Invalid argument supplied for foreach() /home/admin/domains/spshd.com/public_html/khachhang/application/views/app.php 162
ERROR - 2020-06-12 14:00:14 --> Severity: Warning --> Invalid argument supplied for foreach() /home/admin/domains/spshd.com/public_html/khachhang/application/views/app.php 173
ERROR - 2020-06-12 14:00:14 --> Could not find the language line "Đóng"
ERROR - 2020-06-12 14:00:14 --> Could not find the language line "Xác Nhận"
ERROR - 2020-06-12 14:00:14 --> Could not find the language line "Đóng"
ERROR - 2020-06-12 14:00:14 --> Could not find the language line "Xác Nhận"
ERROR - 2020-06-12 14:00:14 --> Could not find the language line "Đóng"
ERROR - 2020-06-12 14:00:14 --> Could not find the language line "Tải"
ERROR - 2020-06-12 08:08:44 --> Could not find the language line "Email"
ERROR - 2020-06-12 08:08:44 --> Could not find the language line "password"
ERROR - 2020-06-12 14:42:24 --> Could not find the language line "Tạo Điểm Lấy Hàng"
ERROR - 2020-06-12 14:42:24 --> Could not find the language line "Tạo Đơn Hàng"
ERROR - 2020-06-12 14:42:24 --> Could not find the language line "Tải Excel"
ERROR - 2020-06-12 14:42:24 --> Could not find the language line "Đóng"
ERROR - 2020-06-12 14:42:24 --> Could not find the language line "Xác Nhận"
ERROR - 2020-06-12 14:42:24 --> Severity: Warning --> Invalid argument supplied for foreach() /home/admin/domains/spshd.com/public_html/khachhang/application/views/app.php 162
ERROR - 2020-06-12 14:42:24 --> Severity: Warning --> Invalid argument supplied for foreach() /home/admin/domains/spshd.com/public_html/khachhang/application/views/app.php 173
ERROR - 2020-06-12 14:42:24 --> Could not find the language line "Đóng"
ERROR - 2020-06-12 14:42:24 --> Could not find the language line "Xác Nhận"
ERROR - 2020-06-12 14:42:24 --> Could not find the language line "Đóng"
ERROR - 2020-06-12 14:42:24 --> Could not find the language line "Xác Nhận"
ERROR - 2020-06-12 14:42:24 --> Could not find the language line "Đóng"
ERROR - 2020-06-12 14:42:24 --> Could not find the language line "Tải"
ERROR - 2020-06-12 14:48:20 --> Could not find the language line "Tạo Điểm Lấy Hàng"
ERROR - 2020-06-12 14:48:20 --> Could not find the language line "Tạo Đơn Hàng"
ERROR - 2020-06-12 14:48:20 --> Could not find the language line "Tải Excel"
ERROR - 2020-06-12 14:48:20 --> Could not find the language line "Đóng"
ERROR - 2020-06-12 14:48:20 --> Could not find the language line "Xác Nhận"
ERROR - 2020-06-12 14:48:20 --> Severity: Warning --> Invalid argument supplied for foreach() /home/admin/domains/spshd.com/public_html/khachhang/application/views/app.php 162
ERROR - 2020-06-12 14:48:20 --> Severity: Warning --> Invalid argument supplied for foreach() /home/admin/domains/spshd.com/public_html/khachhang/application/views/app.php 173
ERROR - 2020-06-12 14:48:20 --> Could not find the language line "Đóng"
ERROR - 2020-06-12 14:48:20 --> Could not find the language line "Xác Nhận"
ERROR - 2020-06-12 14:48:20 --> Could not find the language line "Đóng"
ERROR - 2020-06-12 14:48:20 --> Could not find the language line "Xác Nhận"
ERROR - 2020-06-12 14:48:20 --> Could not find the language line "Đóng"
ERROR - 2020-06-12 14:48:20 --> Could not find the language line "Tải"
ERROR - 2020-06-12 14:48:41 --> Could not find the language line "Tạo Điểm Lấy Hàng"
ERROR - 2020-06-12 14:48:41 --> Could not find the language line "Tạo Đơn Hàng"
ERROR - 2020-06-12 14:48:41 --> Could not find the language line "Tải Excel"
ERROR - 2020-06-12 14:48:41 --> Could not find the language line "Đóng"
ERROR - 2020-06-12 14:48:41 --> Could not find the language line "Xác Nhận"
ERROR - 2020-06-12 14:48:41 --> Severity: Warning --> Invalid argument supplied for foreach() /home/admin/domains/spshd.com/public_html/khachhang/application/views/app.php 162
ERROR - 2020-06-12 14:48:41 --> Severity: Warning --> Invalid argument supplied for foreach() /home/admin/domains/spshd.com/public_html/khachhang/application/views/app.php 173
ERROR - 2020-06-12 14:48:41 --> Could not find the language line "Đóng"
ERROR - 2020-06-12 14:48:41 --> Could not find the language line "Xác Nhận"
ERROR - 2020-06-12 14:48:41 --> Could not find the language line "Đóng"
ERROR - 2020-06-12 14:48:41 --> Could not find the language line "Xác Nhận"
ERROR - 2020-06-12 14:48:41 --> Could not find the language line "Đóng"
ERROR - 2020-06-12 14:48:41 --> Could not find the language line "Tải"
ERROR - 2020-06-12 14:49:41 --> Could not find the language line "Tạo Điểm Lấy Hàng"
ERROR - 2020-06-12 14:49:41 --> Could not find the language line "Tạo Đơn Hàng"
ERROR - 2020-06-12 14:49:41 --> Could not find the language line "Tải Excel"
ERROR - 2020-06-12 14:49:41 --> Could not find the language line "Đóng"
ERROR - 2020-06-12 14:49:41 --> Could not find the language line "Xác Nhận"
ERROR - 2020-06-12 14:49:41 --> Severity: Warning --> Invalid argument supplied for foreach() /home/admin/domains/spshd.com/public_html/khachhang/application/views/app.php 162
ERROR - 2020-06-12 14:49:41 --> Severity: Warning --> Invalid argument supplied for foreach() /home/admin/domains/spshd.com/public_html/khachhang/application/views/app.php 173
ERROR - 2020-06-12 14:49:41 --> Could not find the language line "Đóng"
ERROR - 2020-06-12 14:49:41 --> Could not find the language line "Xác Nhận"
ERROR - 2020-06-12 14:49:41 --> Could not find the language line "Đóng"
ERROR - 2020-06-12 14:49:41 --> Could not find the language line "Xác Nhận"
ERROR - 2020-06-12 14:49:41 --> Could not find the language line "Đóng"
ERROR - 2020-06-12 14:49:41 --> Could not find the language line "Tải"
ERROR - 2020-06-12 14:49:50 --> Could not find the language line "Tạo Điểm Lấy Hàng"
ERROR - 2020-06-12 14:49:50 --> Could not find the language line "Tạo Đơn Hàng"
ERROR - 2020-06-12 14:49:50 --> Could not find the language line "Tải Excel"
ERROR - 2020-06-12 14:49:50 --> Could not find the language line "Đóng"
ERROR - 2020-06-12 14:49:50 --> Could not find the language line "Xác Nhận"
ERROR - 2020-06-12 14:49:50 --> Severity: Warning --> Invalid argument supplied for foreach() /home/admin/domains/spshd.com/public_html/khachhang/application/views/app.php 162
ERROR - 2020-06-12 14:49:50 --> Severity: Warning --> Invalid argument supplied for foreach() /home/admin/domains/spshd.com/public_html/khachhang/application/views/app.php 173
ERROR - 2020-06-12 14:49:50 --> Could not find the language line "Đóng"
ERROR - 2020-06-12 14:49:50 --> Could not find the language line "Xác Nhận"
ERROR - 2020-06-12 14:49:50 --> Could not find the language line "Đóng"
ERROR - 2020-06-12 14:49:50 --> Could not find the language line "Xác Nhận"
ERROR - 2020-06-12 14:49:50 --> Could not find the language line "Đóng"
ERROR - 2020-06-12 14:49:50 --> Could not find the language line "Tải"
ERROR - 2020-06-12 08:53:58 --> Could not find the language line "Email"
ERROR - 2020-06-12 08:53:58 --> Could not find the language line "password"
ERROR - 2020-06-12 15:01:02 --> Could not find the language line "Tạo Điểm Lấy Hàng"
ERROR - 2020-06-12 15:01:02 --> Could not find the language line "Tạo Đơn Hàng"
ERROR - 2020-06-12 15:01:02 --> Could not find the language line "Tải Excel"
ERROR - 2020-06-12 15:01:02 --> Could not find the language line "Đóng"
ERROR - 2020-06-12 15:01:02 --> Could not find the language line "Xác Nhận"
ERROR - 2020-06-12 15:01:02 --> Severity: Warning --> Invalid argument supplied for foreach() /home/admin/domains/spshd.com/public_html/khachhang/application/views/app.php 162
ERROR - 2020-06-12 15:01:02 --> Severity: Warning --> Invalid argument supplied for foreach() /home/admin/domains/spshd.com/public_html/khachhang/application/views/app.php 173
ERROR - 2020-06-12 15:01:02 --> Could not find the language line "Đóng"
ERROR - 2020-06-12 15:01:02 --> Could not find the language line "Xác Nhận"
ERROR - 2020-06-12 15:01:02 --> Could not find the language line "Đóng"
ERROR - 2020-06-12 15:01:02 --> Could not find the language line "Xác Nhận"
ERROR - 2020-06-12 15:01:02 --> Could not find the language line "Đóng"
ERROR - 2020-06-12 15:01:02 --> Could not find the language line "Tải"
ERROR - 2020-06-12 15:56:15 --> Could not find the language line "Tạo Điểm Lấy Hàng"
ERROR - 2020-06-12 15:56:15 --> Could not find the language line "Tạo Đơn Hàng"
ERROR - 2020-06-12 15:56:15 --> Could not find the language line "Tải Excel"
ERROR - 2020-06-12 15:56:15 --> Could not find the language line "Đóng"
ERROR - 2020-06-12 15:56:15 --> Could not find the language line "Xác Nhận"
ERROR - 2020-06-12 15:56:15 --> Severity: Warning --> Invalid argument supplied for foreach() /home/admin/domains/spshd.com/public_html/khachhang/application/views/app.php 162
ERROR - 2020-06-12 15:56:15 --> Severity: Warning --> Invalid argument supplied for foreach() /home/admin/domains/spshd.com/public_html/khachhang/application/views/app.php 173
ERROR - 2020-06-12 15:56:15 --> Could not find the language line "Đóng"
ERROR - 2020-06-12 15:56:15 --> Could not find the language line "Xác Nhận"
ERROR - 2020-06-12 15:56:15 --> Could not find the language line "Đóng"
ERROR - 2020-06-12 15:56:15 --> Could not find the language line "Xác Nhận"
ERROR - 2020-06-12 15:56:15 --> Could not find the language line "Đóng"
ERROR - 2020-06-12 15:56:15 --> Could not find the language line "Tải"
ERROR - 2020-06-12 10:17:29 --> Could not find the language line "Email"
ERROR - 2020-06-12 10:17:29 --> Could not find the language line "password"
ERROR - 2020-06-12 16:30:42 --> Could not find the language line "Tạo Điểm Lấy Hàng"
ERROR - 2020-06-12 16:30:42 --> Could not find the language line "Tạo Đơn Hàng"
ERROR - 2020-06-12 16:30:42 --> Could not find the language line "Tải Excel"
ERROR - 2020-06-12 16:30:42 --> Could not find the language line "Đóng"
ERROR - 2020-06-12 16:30:42 --> Could not find the language line "Xác Nhận"
ERROR - 2020-06-12 16:30:42 --> Severity: Warning --> Invalid argument supplied for foreach() /home/admin/domains/spshd.com/public_html/khachhang/application/views/app.php 162
ERROR - 2020-06-12 16:30:42 --> Severity: Warning --> Invalid argument supplied for foreach() /home/admin/domains/spshd.com/public_html/khachhang/application/views/app.php 173
ERROR - 2020-06-12 16:30:42 --> Could not find the language line "Đóng"
ERROR - 2020-06-12 16:30:42 --> Could not find the language line "Xác Nhận"
ERROR - 2020-06-12 16:30:42 --> Could not find the language line "Đóng"
ERROR - 2020-06-12 16:30:42 --> Could not find the language line "Xác Nhận"
ERROR - 2020-06-12 16:30:42 --> Could not find the language line "Đóng"
ERROR - 2020-06-12 16:30:42 --> Could not find the language line "Tải"
ERROR - 2020-06-12 16:31:35 --> Could not find the language line "Tạo Điểm Lấy Hàng"
ERROR - 2020-06-12 16:31:35 --> Could not find the language line "Tạo Đơn Hàng"
ERROR - 2020-06-12 16:31:35 --> Could not find the language line "Tải Excel"
ERROR - 2020-06-12 16:31:35 --> Could not find the language line "Đóng"
ERROR - 2020-06-12 16:31:35 --> Could not find the language line "Xác Nhận"
ERROR - 2020-06-12 16:31:35 --> Severity: Warning --> Invalid argument supplied for foreach() /home/admin/domains/spshd.com/public_html/khachhang/application/views/app.php 162
ERROR - 2020-06-12 16:31:35 --> Severity: Warning --> Invalid argument supplied for foreach() /home/admin/domains/spshd.com/public_html/khachhang/application/views/app.php 173
ERROR - 2020-06-12 16:31:35 --> Could not find the language line "Đóng"
ERROR - 2020-06-12 16:31:35 --> Could not find the language line "Xác Nhận"
ERROR - 2020-06-12 16:31:35 --> Could not find the language line "Đóng"
ERROR - 2020-06-12 16:31:35 --> Could not find the language line "Xác Nhận"
ERROR - 2020-06-12 16:31:35 --> Could not find the language line "Đóng"
ERROR - 2020-06-12 16:31:35 --> Could not find the language line "Tải"
ERROR - 2020-06-12 17:06:48 --> Could not find the language line "Tạo Điểm Lấy Hàng"
ERROR - 2020-06-12 17:06:48 --> Could not find the language line "Tạo Đơn Hàng"
ERROR - 2020-06-12 17:06:48 --> Could not find the language line "Tải Excel"
ERROR - 2020-06-12 17:06:48 --> Could not find the language line "Đóng"
ERROR - 2020-06-12 17:06:48 --> Could not find the language line "Xác Nhận"
ERROR - 2020-06-12 17:06:48 --> Severity: Warning --> Invalid argument supplied for foreach() /home/admin/domains/spshd.com/public_html/khachhang/application/views/app.php 162
ERROR - 2020-06-12 17:06:48 --> Severity: Warning --> Invalid argument supplied for foreach() /home/admin/domains/spshd.com/public_html/khachhang/application/views/app.php 173
ERROR - 2020-06-12 17:06:48 --> Could not find the language line "Đóng"
ERROR - 2020-06-12 17:06:48 --> Could not find the language line "Xác Nhận"
ERROR - 2020-06-12 17:06:48 --> Could not find the language line "Đóng"
ERROR - 2020-06-12 17:06:48 --> Could not find the language line "Xác Nhận"
ERROR - 2020-06-12 17:06:48 --> Could not find the language line "Đóng"
ERROR - 2020-06-12 17:06:48 --> Could not find the language line "Tải"
ERROR - 2020-06-12 17:10:46 --> Could not find the language line "Tạo Điểm Lấy Hàng"
ERROR - 2020-06-12 17:10:46 --> Could not find the language line "Tạo Đơn Hàng"
ERROR - 2020-06-12 17:10:46 --> Could not find the language line "Tải Excel"
ERROR - 2020-06-12 17:10:46 --> Could not find the language line "Đóng"
ERROR - 2020-06-12 17:10:46 --> Could not find the language line "Xác Nhận"
ERROR - 2020-06-12 17:10:46 --> Severity: Warning --> Invalid argument supplied for foreach() /home/admin/domains/spshd.com/public_html/khachhang/application/views/app.php 162
ERROR - 2020-06-12 17:10:47 --> Severity: Warning --> Invalid argument supplied for foreach() /home/admin/domains/spshd.com/public_html/khachhang/application/views/app.php 173
ERROR - 2020-06-12 17:10:47 --> Could not find the language line "Đóng"
ERROR - 2020-06-12 17:10:47 --> Could not find the language line "Xác Nhận"
ERROR - 2020-06-12 17:10:47 --> Could not find the language line "Đóng"
ERROR - 2020-06-12 17:10:47 --> Could not find the language line "Xác Nhận"
ERROR - 2020-06-12 17:10:47 --> Could not find the language line "Đóng"
ERROR - 2020-06-12 17:10:47 --> Could not find the language line "Tải"
ERROR - 2020-06-12 17:28:45 --> Could not find the language line "Tạo Điểm Lấy Hàng"
ERROR - 2020-06-12 17:28:45 --> Could not find the language line "Tạo Đơn Hàng"
ERROR - 2020-06-12 17:28:45 --> Could not find the language line "Tải Excel"
ERROR - 2020-06-12 17:28:45 --> Could not find the language line "Đóng"
ERROR - 2020-06-12 17:28:45 --> Could not find the language line "Xác Nhận"
ERROR - 2020-06-12 17:28:45 --> Severity: Warning --> Invalid argument supplied for foreach() /home/admin/domains/spshd.com/public_html/khachhang/application/views/app.php 162
ERROR - 2020-06-12 17:28:45 --> Severity: Warning --> Invalid argument supplied for foreach() /home/admin/domains/spshd.com/public_html/khachhang/application/views/app.php 173
ERROR - 2020-06-12 17:28:45 --> Could not find the language line "Đóng"
ERROR - 2020-06-12 17:28:45 --> Could not find the language line "Xác Nhận"
ERROR - 2020-06-12 17:28:45 --> Could not find the language line "Đóng"
ERROR - 2020-06-12 17:28:45 --> Could not find the language line "Xác Nhận"
ERROR - 2020-06-12 17:28:45 --> Could not find the language line "Đóng"
ERROR - 2020-06-12 17:28:45 --> Could not find the language line "Tải"
ERROR - 2020-06-12 17:35:55 --> Could not find the language line "Tạo Điểm Lấy Hàng"
ERROR - 2020-06-12 17:35:55 --> Could not find the language line "Tạo Đơn Hàng"
ERROR - 2020-06-12 17:35:55 --> Could not find the language line "Tải Excel"
ERROR - 2020-06-12 17:35:55 --> Could not find the language line "Đóng"
ERROR - 2020-06-12 17:35:55 --> Could not find the language line "Xác Nhận"
ERROR - 2020-06-12 17:35:55 --> Severity: Warning --> Invalid argument supplied for foreach() /home/admin/domains/spshd.com/public_html/khachhang/application/views/app.php 162
ERROR - 2020-06-12 17:35:55 --> Severity: Warning --> Invalid argument supplied for foreach() /home/admin/domains/spshd.com/public_html/khachhang/application/views/app.php 173
ERROR - 2020-06-12 17:35:55 --> Could not find the language line "Đóng"
ERROR - 2020-06-12 17:35:55 --> Could not find the language line "Xác Nhận"
ERROR - 2020-06-12 17:35:55 --> Could not find the language line "Đóng"
ERROR - 2020-06-12 17:35:55 --> Could not find the language line "Xác Nhận"
ERROR - 2020-06-12 17:35:55 --> Could not find the language line "Đóng"
ERROR - 2020-06-12 17:35:55 --> Could not find the language line "Tải"
ERROR - 2020-06-12 17:40:37 --> Could not find the language line "Tạo Điểm Lấy Hàng"
ERROR - 2020-06-12 17:40:37 --> Could not find the language line "Tạo Đơn Hàng"
ERROR - 2020-06-12 17:40:37 --> Could not find the language line "Tải Excel"
ERROR - 2020-06-12 17:40:37 --> Could not find the language line "Đóng"
ERROR - 2020-06-12 17:40:37 --> Could not find the language line "Xác Nhận"
ERROR - 2020-06-12 17:40:37 --> Severity: Warning --> Invalid argument supplied for foreach() /home/admin/domains/spshd.com/public_html/khachhang/application/views/app.php 162
ERROR - 2020-06-12 17:40:37 --> Severity: Warning --> Invalid argument supplied for foreach() /home/admin/domains/spshd.com/public_html/khachhang/application/views/app.php 173
ERROR - 2020-06-12 17:40:37 --> Could not find the language line "Đóng"
ERROR - 2020-06-12 17:40:37 --> Could not find the language line "Xác Nhận"
ERROR - 2020-06-12 17:40:37 --> Could not find the language line "Đóng"
ERROR - 2020-06-12 17:40:37 --> Could not find the language line "Xác Nhận"
ERROR - 2020-06-12 17:40:37 --> Could not find the language line "Đóng"
ERROR - 2020-06-12 17:40:37 --> Could not find the language line "Tải"
ERROR - 2020-06-12 18:00:18 --> Could not find the language line "Tạo Điểm Lấy Hàng"
ERROR - 2020-06-12 18:00:18 --> Could not find the language line "Tạo Đơn Hàng"
ERROR - 2020-06-12 18:00:18 --> Could not find the language line "Tải Excel"
ERROR - 2020-06-12 18:00:18 --> Could not find the language line "Đóng"
ERROR - 2020-06-12 18:00:18 --> Could not find the language line "Xác Nhận"
ERROR - 2020-06-12 18:00:18 --> Severity: Warning --> Invalid argument supplied for foreach() /home/admin/domains/spshd.com/public_html/khachhang/application/views/app.php 162
ERROR - 2020-06-12 18:00:18 --> Severity: Warning --> Invalid argument supplied for foreach() /home/admin/domains/spshd.com/public_html/khachhang/application/views/app.php 173
ERROR - 2020-06-12 18:00:18 --> Could not find the language line "Đóng"
ERROR - 2020-06-12 18:00:18 --> Could not find the language line "Xác Nhận"
ERROR - 2020-06-12 18:00:18 --> Could not find the language line "Đóng"
ERROR - 2020-06-12 18:00:18 --> Could not find the language line "Xác Nhận"
ERROR - 2020-06-12 18:00:18 --> Could not find the language line "Đóng"
ERROR - 2020-06-12 18:00:18 --> Could not find the language line "Tải"
ERROR - 2020-06-12 12:03:16 --> Could not find the language line "Email"
ERROR - 2020-06-12 12:03:16 --> Could not find the language line "password"
ERROR - 2020-06-12 12:07:55 --> Could not find the language line "Email"
ERROR - 2020-06-12 12:07:55 --> Could not find the language line "password"
ERROR - 2020-06-12 18:08:47 --> Could not find the language line "Tạo Điểm Lấy Hàng"
ERROR - 2020-06-12 18:08:47 --> Could not find the language line "Tạo Đơn Hàng"
ERROR - 2020-06-12 18:08:47 --> Could not find the language line "Tải Excel"
ERROR - 2020-06-12 18:08:47 --> Could not find the language line "Đóng"
ERROR - 2020-06-12 18:08:47 --> Could not find the language line "Xác Nhận"
ERROR - 2020-06-12 18:08:47 --> Severity: Warning --> Invalid argument supplied for foreach() /home/admin/domains/spshd.com/public_html/khachhang/application/views/app.php 162
ERROR - 2020-06-12 18:08:47 --> Severity: Warning --> Invalid argument supplied for foreach() /home/admin/domains/spshd.com/public_html/khachhang/application/views/app.php 173
ERROR - 2020-06-12 18:08:47 --> Could not find the language line "Đóng"
ERROR - 2020-06-12 18:08:47 --> Could not find the language line "Xác Nhận"
ERROR - 2020-06-12 18:08:47 --> Could not find the language line "Đóng"
ERROR - 2020-06-12 18:08:47 --> Could not find the language line "Xác Nhận"
ERROR - 2020-06-12 18:08:47 --> Could not find the language line "Đóng"
ERROR - 2020-06-12 18:08:47 --> Could not find the language line "Tải"
ERROR - 2020-06-12 18:19:04 --> Could not find the language line "Tạo Điểm Lấy Hàng"
ERROR - 2020-06-12 18:19:04 --> Could not find the language line "Tạo Đơn Hàng"
ERROR - 2020-06-12 18:19:04 --> Could not find the language line "Tải Excel"
ERROR - 2020-06-12 18:19:04 --> Could not find the language line "Đóng"
ERROR - 2020-06-12 18:19:04 --> Could not find the language line "Xác Nhận"
ERROR - 2020-06-12 18:19:04 --> Severity: Warning --> Invalid argument supplied for foreach() /home/admin/domains/spshd.com/public_html/khachhang/application/views/app.php 162
ERROR - 2020-06-12 18:19:04 --> Severity: Warning --> Invalid argument supplied for foreach() /home/admin/domains/spshd.com/public_html/khachhang/application/views/app.php 173
ERROR - 2020-06-12 18:19:04 --> Could not find the language line "Đóng"
ERROR - 2020-06-12 18:19:04 --> Could not find the language line "Xác Nhận"
ERROR - 2020-06-12 18:19:04 --> Could not find the language line "Đóng"
ERROR - 2020-06-12 18:19:04 --> Could not find the language line "Xác Nhận"
ERROR - 2020-06-12 18:19:04 --> Could not find the language line "Đóng"
ERROR - 2020-06-12 18:19:04 --> Could not find the language line "Tải"
ERROR - 2020-06-12 18:34:56 --> Could not find the language line "Tạo Điểm Lấy Hàng"
ERROR - 2020-06-12 18:34:56 --> Could not find the language line "Tạo Đơn Hàng"
ERROR - 2020-06-12 18:34:56 --> Could not find the language line "Tải Excel"
ERROR - 2020-06-12 18:34:56 --> Could not find the language line "Đóng"
ERROR - 2020-06-12 18:34:56 --> Could not find the language line "Xác Nhận"
ERROR - 2020-06-12 18:34:56 --> Severity: Warning --> Invalid argument supplied for foreach() /home/admin/domains/spshd.com/public_html/khachhang/application/views/app.php 162
ERROR - 2020-06-12 18:34:56 --> Severity: Warning --> Invalid argument supplied for foreach() /home/admin/domains/spshd.com/public_html/khachhang/application/views/app.php 173
ERROR - 2020-06-12 18:34:56 --> Could not find the language line "Đóng"
ERROR - 2020-06-12 18:34:56 --> Could not find the language line "Xác Nhận"
ERROR - 2020-06-12 18:34:56 --> Could not find the language line "Đóng"
ERROR - 2020-06-12 18:34:56 --> Could not find the language line "Xác Nhận"
ERROR - 2020-06-12 18:34:56 --> Could not find the language line "Đóng"
ERROR - 2020-06-12 18:34:56 --> Could not find the language line "Tải"
ERROR - 2020-06-12 18:47:47 --> Could not find the language line "Tạo Điểm Lấy Hàng"
ERROR - 2020-06-12 18:47:47 --> Could not find the language line "Tạo Đơn Hàng"
ERROR - 2020-06-12 18:47:47 --> Could not find the language line "Tải Excel"
ERROR - 2020-06-12 18:47:47 --> Could not find the language line "Đóng"
ERROR - 2020-06-12 18:47:47 --> Could not find the language line "Xác Nhận"
ERROR - 2020-06-12 18:47:47 --> Severity: Warning --> Invalid argument supplied for foreach() /home/admin/domains/spshd.com/public_html/khachhang/application/views/app.php 162
ERROR - 2020-06-12 18:47:47 --> Severity: Warning --> Invalid argument supplied for foreach() /home/admin/domains/spshd.com/public_html/khachhang/application/views/app.php 173
ERROR - 2020-06-12 18:47:47 --> Could not find the language line "Đóng"
ERROR - 2020-06-12 18:47:47 --> Could not find the language line "Xác Nhận"
ERROR - 2020-06-12 18:47:47 --> Could not find the language line "Đóng"
ERROR - 2020-06-12 18:47:47 --> Could not find the language line "Xác Nhận"
ERROR - 2020-06-12 18:47:47 --> Could not find the language line "Đóng"
ERROR - 2020-06-12 18:47:47 --> Could not find the language line "Tải"
ERROR - 2020-06-12 18:55:36 --> Could not find the language line "Tạo Điểm Lấy Hàng"
ERROR - 2020-06-12 18:55:36 --> Could not find the language line "Tạo Đơn Hàng"
ERROR - 2020-06-12 18:55:36 --> Could not find the language line "Tải Excel"
ERROR - 2020-06-12 18:55:36 --> Could not find the language line "Đóng"
ERROR - 2020-06-12 18:55:36 --> Could not find the language line "Xác Nhận"
ERROR - 2020-06-12 18:55:36 --> Severity: Warning --> Invalid argument supplied for foreach() /home/admin/domains/spshd.com/public_html/khachhang/application/views/app.php 162
ERROR - 2020-06-12 18:55:36 --> Severity: Warning --> Invalid argument supplied for foreach() /home/admin/domains/spshd.com/public_html/khachhang/application/views/app.php 173
ERROR - 2020-06-12 18:55:36 --> Could not find the language line "Đóng"
ERROR - 2020-06-12 18:55:36 --> Could not find the language line "Xác Nhận"
ERROR - 2020-06-12 18:55:36 --> Could not find the language line "Đóng"
ERROR - 2020-06-12 18:55:36 --> Could not find the language line "Xác Nhận"
ERROR - 2020-06-12 18:55:36 --> Could not find the language line "Đóng"
ERROR - 2020-06-12 18:55:36 --> Could not find the language line "Tải"
ERROR - 2020-06-12 19:02:46 --> Could not find the language line "Tạo Điểm Lấy Hàng"
ERROR - 2020-06-12 19:02:46 --> Could not find the language line "Tạo Đơn Hàng"
ERROR - 2020-06-12 19:02:46 --> Could not find the language line "Tải Excel"
ERROR - 2020-06-12 19:02:46 --> Could not find the language line "Đóng"
ERROR - 2020-06-12 19:02:46 --> Could not find the language line "Xác Nhận"
ERROR - 2020-06-12 19:02:46 --> Severity: Warning --> Invalid argument supplied for foreach() /home/admin/domains/spshd.com/public_html/khachhang/application/views/app.php 162
ERROR - 2020-06-12 19:02:46 --> Severity: Warning --> Invalid argument supplied for foreach() /home/admin/domains/spshd.com/public_html/khachhang/application/views/app.php 173
ERROR - 2020-06-12 19:02:46 --> Could not find the language line "Đóng"
ERROR - 2020-06-12 19:02:46 --> Could not find the language line "Xác Nhận"
ERROR - 2020-06-12 19:02:46 --> Could not find the language line "Đóng"
ERROR - 2020-06-12 19:02:46 --> Could not find the language line "Xác Nhận"
ERROR - 2020-06-12 19:02:46 --> Could not find the language line "Đóng"
ERROR - 2020-06-12 19:02:46 --> Could not find the language line "Tải"
ERROR - 2020-06-12 19:02:46 --> Could not find the language line "Tạo Điểm Lấy Hàng"
ERROR - 2020-06-12 19:02:46 --> Could not find the language line "Tạo Đơn Hàng"
ERROR - 2020-06-12 19:02:46 --> Could not find the language line "Tải Excel"
ERROR - 2020-06-12 19:02:46 --> Could not find the language line "Đóng"
ERROR - 2020-06-12 19:02:46 --> Could not find the language line "Xác Nhận"
ERROR - 2020-06-12 19:02:46 --> Severity: Warning --> Invalid argument supplied for foreach() /home/admin/domains/spshd.com/public_html/khachhang/application/views/app.php 162
ERROR - 2020-06-12 19:02:46 --> Severity: Warning --> Invalid argument supplied for foreach() /home/admin/domains/spshd.com/public_html/khachhang/application/views/app.php 173
ERROR - 2020-06-12 19:02:46 --> Could not find the language line "Đóng"
ERROR - 2020-06-12 19:02:46 --> Could not find the language line "Xác Nhận"
ERROR - 2020-06-12 19:02:46 --> Could not find the language line "Đóng"
ERROR - 2020-06-12 19:02:46 --> Could not find the language line "Xác Nhận"
ERROR - 2020-06-12 19:02:46 --> Could not find the language line "Đóng"
ERROR - 2020-06-12 19:02:46 --> Could not find the language line "Tải"
ERROR - 2020-06-12 19:03:29 --> Could not find the language line "Tạo Điểm Lấy Hàng"
ERROR - 2020-06-12 19:03:29 --> Could not find the language line "Tạo Đơn Hàng"
ERROR - 2020-06-12 19:03:29 --> Could not find the language line "Tải Excel"
ERROR - 2020-06-12 19:03:29 --> Could not find the language line "Đóng"
ERROR - 2020-06-12 19:03:29 --> Could not find the language line "Xác Nhận"
ERROR - 2020-06-12 19:03:29 --> Severity: Warning --> Invalid argument supplied for foreach() /home/admin/domains/spshd.com/public_html/khachhang/application/views/app.php 162
ERROR - 2020-06-12 19:03:29 --> Severity: Warning --> Invalid argument supplied for foreach() /home/admin/domains/spshd.com/public_html/khachhang/application/views/app.php 173
ERROR - 2020-06-12 19:03:29 --> Could not find the language line "Đóng"
ERROR - 2020-06-12 19:03:29 --> Could not find the language line "Xác Nhận"
ERROR - 2020-06-12 19:03:29 --> Could not find the language line "Đóng"
ERROR - 2020-06-12 19:03:29 --> Could not find the language line "Xác Nhận"
ERROR - 2020-06-12 19:03:29 --> Could not find the language line "Đóng"
ERROR - 2020-06-12 19:03:29 --> Could not find the language line "Tải"
ERROR - 2020-06-12 19:03:53 --> Could not find the language line "Tạo Điểm Lấy Hàng"
ERROR - 2020-06-12 19:03:53 --> Could not find the language line "Tạo Đơn Hàng"
ERROR - 2020-06-12 19:03:53 --> Could not find the language line "Tải Excel"
ERROR - 2020-06-12 19:03:53 --> Could not find the language line "Đóng"
ERROR - 2020-06-12 19:03:53 --> Could not find the language line "Xác Nhận"
ERROR - 2020-06-12 19:03:53 --> Severity: Warning --> Invalid argument supplied for foreach() /home/admin/domains/spshd.com/public_html/khachhang/application/views/app.php 162
ERROR - 2020-06-12 19:03:53 --> Severity: Warning --> Invalid argument supplied for foreach() /home/admin/domains/spshd.com/public_html/khachhang/application/views/app.php 173
ERROR - 2020-06-12 19:03:53 --> Could not find the language line "Đóng"
ERROR - 2020-06-12 19:03:53 --> Could not find the language line "Xác Nhận"
ERROR - 2020-06-12 19:03:53 --> Could not find the language line "Đóng"
ERROR - 2020-06-12 19:03:53 --> Could not find the language line "Xác Nhận"
ERROR - 2020-06-12 19:03:53 --> Could not find the language line "Đóng"
ERROR - 2020-06-12 19:03:53 --> Could not find the language line "Tải"
ERROR - 2020-06-12 19:05:19 --> Could not find the language line "Tạo Điểm Lấy Hàng"
ERROR - 2020-06-12 19:05:19 --> Could not find the language line "Tạo Đơn Hàng"
ERROR - 2020-06-12 19:05:19 --> Could not find the language line "Tải Excel"
ERROR - 2020-06-12 19:05:19 --> Could not find the language line "Đóng"
ERROR - 2020-06-12 19:05:19 --> Could not find the language line "Xác Nhận"
ERROR - 2020-06-12 19:05:19 --> Severity: Warning --> Invalid argument supplied for foreach() /home/admin/domains/spshd.com/public_html/khachhang/application/views/app.php 162
ERROR - 2020-06-12 19:05:19 --> Severity: Warning --> Invalid argument supplied for foreach() /home/admin/domains/spshd.com/public_html/khachhang/application/views/app.php 173
ERROR - 2020-06-12 19:05:19 --> Could not find the language line "Đóng"
ERROR - 2020-06-12 19:05:19 --> Could not find the language line "Xác Nhận"
ERROR - 2020-06-12 19:05:19 --> Could not find the language line "Đóng"
ERROR - 2020-06-12 19:05:19 --> Could not find the language line "Xác Nhận"
ERROR - 2020-06-12 19:05:19 --> Could not find the language line "Đóng"
ERROR - 2020-06-12 19:05:19 --> Could not find the language line "Tải"
ERROR - 2020-06-12 19:05:48 --> Could not find the language line "Tạo Điểm Lấy Hàng"
ERROR - 2020-06-12 19:05:48 --> Could not find the language line "Tạo Đơn Hàng"
ERROR - 2020-06-12 19:05:48 --> Could not find the language line "Tải Excel"
ERROR - 2020-06-12 19:05:48 --> Could not find the language line "Đóng"
ERROR - 2020-06-12 19:05:48 --> Could not find the language line "Xác Nhận"
ERROR - 2020-06-12 19:05:48 --> Severity: Warning --> Invalid argument supplied for foreach() /home/admin/domains/spshd.com/public_html/khachhang/application/views/app.php 162
ERROR - 2020-06-12 19:05:48 --> Severity: Warning --> Invalid argument supplied for foreach() /home/admin/domains/spshd.com/public_html/khachhang/application/views/app.php 173
ERROR - 2020-06-12 19:05:48 --> Could not find the language line "Đóng"
ERROR - 2020-06-12 19:05:48 --> Could not find the language line "Xác Nhận"
ERROR - 2020-06-12 19:05:48 --> Could not find the language line "Đóng"
ERROR - 2020-06-12 19:05:48 --> Could not find the language line "Xác Nhận"
ERROR - 2020-06-12 19:05:48 --> Could not find the language line "Đóng"
ERROR - 2020-06-12 19:05:48 --> Could not find the language line "Tải"
ERROR - 2020-06-12 19:12:38 --> Could not find the language line "Tạo Điểm Lấy Hàng"
ERROR - 2020-06-12 19:12:38 --> Could not find the language line "Tạo Đơn Hàng"
ERROR - 2020-06-12 19:12:38 --> Could not find the language line "Tải Excel"
ERROR - 2020-06-12 19:12:38 --> Could not find the language line "Đóng"
ERROR - 2020-06-12 19:12:38 --> Could not find the language line "Xác Nhận"
ERROR - 2020-06-12 19:12:38 --> Severity: Warning --> Invalid argument supplied for foreach() /home/admin/domains/spshd.com/public_html/khachhang/application/views/app.php 162
ERROR - 2020-06-12 19:12:38 --> Severity: Warning --> Invalid argument supplied for foreach() /home/admin/domains/spshd.com/public_html/khachhang/application/views/app.php 173
ERROR - 2020-06-12 19:12:38 --> Could not find the language line "Đóng"
ERROR - 2020-06-12 19:12:38 --> Could not find the language line "Xác Nhận"
ERROR - 2020-06-12 19:12:38 --> Could not find the language line "Đóng"
ERROR - 2020-06-12 19:12:38 --> Could not find the language line "Xác Nhận"
ERROR - 2020-06-12 19:12:38 --> Could not find the language line "Đóng"
ERROR - 2020-06-12 19:12:38 --> Could not find the language line "Tải"
ERROR - 2020-06-12 22:21:42 --> Could not find the language line "Tạo Điểm Lấy Hàng"
ERROR - 2020-06-12 22:21:42 --> Could not find the language line "Tạo Đơn Hàng"
ERROR - 2020-06-12 22:21:42 --> Could not find the language line "Tải Excel"
ERROR - 2020-06-12 22:21:42 --> Could not find the language line "Đóng"
ERROR - 2020-06-12 22:21:42 --> Could not find the language line "Xác Nhận"
ERROR - 2020-06-12 22:21:42 --> Severity: Warning --> Invalid argument supplied for foreach() /home/admin/domains/spshd.com/public_html/khachhang/application/views/app.php 162
ERROR - 2020-06-12 22:21:42 --> Severity: Warning --> Invalid argument supplied for foreach() /home/admin/domains/spshd.com/public_html/khachhang/application/views/app.php 173
ERROR - 2020-06-12 22:21:42 --> Could not find the language line "Đóng"
ERROR - 2020-06-12 22:21:42 --> Could not find the language line "Xác Nhận"
ERROR - 2020-06-12 22:21:42 --> Could not find the language line "Đóng"
ERROR - 2020-06-12 22:21:42 --> Could not find the language line "Xác Nhận"
ERROR - 2020-06-12 22:21:42 --> Could not find the language line "Đóng"
ERROR - 2020-06-12 22:21:42 --> Could not find the language line "Tải"
ERROR - 2020-06-12 22:22:25 --> Could not find the language line "Tạo Điểm Lấy Hàng"
ERROR - 2020-06-12 22:22:25 --> Could not find the language line "Tạo Đơn Hàng"
ERROR - 2020-06-12 22:22:25 --> Could not find the language line "Tải Excel"
ERROR - 2020-06-12 22:22:25 --> Could not find the language line "Đóng"
ERROR - 2020-06-12 22:22:25 --> Could not find the language line "Xác Nhận"
ERROR - 2020-06-12 22:22:25 --> Severity: Warning --> Invalid argument supplied for foreach() /home/admin/domains/spshd.com/public_html/khachhang/application/views/app.php 162
ERROR - 2020-06-12 22:22:25 --> Severity: Warning --> Invalid argument supplied for foreach() /home/admin/domains/spshd.com/public_html/khachhang/application/views/app.php 173
ERROR - 2020-06-12 22:22:25 --> Could not find the language line "Đóng"
ERROR - 2020-06-12 22:22:25 --> Could not find the language line "Xác Nhận"
ERROR - 2020-06-12 22:22:25 --> Could not find the language line "Đóng"
ERROR - 2020-06-12 22:22:25 --> Could not find the language line "Xác Nhận"
ERROR - 2020-06-12 22:22:25 --> Could not find the language line "Đóng"
ERROR - 2020-06-12 22:22:25 --> Could not find the language line "Tải"
ERROR - 2020-06-12 22:22:25 --> Could not find the language line "Tạo Điểm Lấy Hàng"
ERROR - 2020-06-12 22:22:25 --> Could not find the language line "Tạo Đơn Hàng"
ERROR - 2020-06-12 22:22:25 --> Could not find the language line "Tải Excel"
ERROR - 2020-06-12 22:22:25 --> Could not find the language line "Đóng"
ERROR - 2020-06-12 22:22:25 --> Could not find the language line "Xác Nhận"
ERROR - 2020-06-12 22:22:25 --> Severity: Warning --> Invalid argument supplied for foreach() /home/admin/domains/spshd.com/public_html/khachhang/application/views/app.php 162
ERROR - 2020-06-12 22:22:25 --> Severity: Warning --> Invalid argument supplied for foreach() /home/admin/domains/spshd.com/public_html/khachhang/application/views/app.php 173
ERROR - 2020-06-12 22:22:25 --> Could not find the language line "Đóng"
ERROR - 2020-06-12 22:22:25 --> Could not find the language line "Xác Nhận"
ERROR - 2020-06-12 22:22:25 --> Could not find the language line "Đóng"
ERROR - 2020-06-12 22:22:25 --> Could not find the language line "Xác Nhận"
ERROR - 2020-06-12 22:22:25 --> Could not find the language line "Đóng"
ERROR - 2020-06-12 22:22:25 --> Could not find the language line "Tải"
ERROR - 2020-06-12 16:26:21 --> Could not find the language line "Email"
ERROR - 2020-06-12 16:26:21 --> Could not find the language line "password"
ERROR - 2020-06-12 16:26:35 --> Could not find the language line "Email"
ERROR - 2020-06-12 16:26:35 --> Could not find the language line "password"
ERROR - 2020-06-12 16:27:15 --> Could not find the language line "Email"
ERROR - 2020-06-12 16:27:15 --> Could not find the language line "password"
ERROR - 2020-06-12 22:49:10 --> Could not find the language line "Tạo Điểm Lấy Hàng"
ERROR - 2020-06-12 22:49:10 --> Could not find the language line "Tạo Đơn Hàng"
ERROR - 2020-06-12 22:49:10 --> Could not find the language line "Tải Excel"
ERROR - 2020-06-12 22:49:10 --> Could not find the language line "Đóng"
ERROR - 2020-06-12 22:49:10 --> Could not find the language line "Xác Nhận"
ERROR - 2020-06-12 22:49:10 --> Severity: Warning --> Invalid argument supplied for foreach() /home/admin/domains/spshd.com/public_html/khachhang/application/views/app.php 162
ERROR - 2020-06-12 22:49:10 --> Severity: Warning --> Invalid argument supplied for foreach() /home/admin/domains/spshd.com/public_html/khachhang/application/views/app.php 173
ERROR - 2020-06-12 22:49:10 --> Could not find the language line "Đóng"
ERROR - 2020-06-12 22:49:10 --> Could not find the language line "Xác Nhận"
ERROR - 2020-06-12 22:49:10 --> Could not find the language line "Đóng"
ERROR - 2020-06-12 22:49:10 --> Could not find the language line "Xác Nhận"
ERROR - 2020-06-12 22:49:10 --> Could not find the language line "Đóng"
ERROR - 2020-06-12 22:49:10 --> Could not find the language line "Tải"
ERROR - 2020-06-12 23:00:17 --> Could not find the language line "Tạo Điểm Lấy Hàng"
ERROR - 2020-06-12 23:00:17 --> Could not find the language line "Tạo Đơn Hàng"
ERROR - 2020-06-12 23:00:17 --> Could not find the language line "Tải Excel"
ERROR - 2020-06-12 23:00:17 --> Could not find the language line "Đóng"
ERROR - 2020-06-12 23:00:17 --> Could not find the language line "Xác Nhận"
ERROR - 2020-06-12 23:00:17 --> Severity: Warning --> Invalid argument supplied for foreach() /home/admin/domains/spshd.com/public_html/khachhang/application/views/app.php 162
ERROR - 2020-06-12 23:00:17 --> Severity: Warning --> Invalid argument supplied for foreach() /home/admin/domains/spshd.com/public_html/khachhang/application/views/app.php 173
ERROR - 2020-06-12 23:00:17 --> Could not find the language line "Đóng"
ERROR - 2020-06-12 23:00:17 --> Could not find the language line "Xác Nhận"
ERROR - 2020-06-12 23:00:17 --> Could not find the language line "Đóng"
ERROR - 2020-06-12 23:00:17 --> Could not find the language line "Xác Nhận"
ERROR - 2020-06-12 23:00:17 --> Could not find the language line "Đóng"
ERROR - 2020-06-12 23:00:17 --> Could not find the language line "Tải"
ERROR - 2020-06-12 17:12:22 --> Could not find the language line "Email"
ERROR - 2020-06-12 17:12:22 --> Could not find the language line "password"
ERROR - 2020-06-12 18:36:16 --> Could not find the language line "Email"
ERROR - 2020-06-12 18:36:16 --> Could not find the language line "password"
ERROR - 2020-06-12 18:36:17 --> Could not find the language line "Email"
ERROR - 2020-06-12 18:36:17 --> Could not find the language line "password"
ERROR - 2020-06-12 18:36:21 --> Could not find the language line "Email"
ERROR - 2020-06-12 18:36:21 --> Could not find the language line "password"
