ERROR - 2020-03-08 01:19:03 --> Could not find the language line "Tạo Điểm Lấy Hàng"
ERROR - 2020-03-08 01:19:03 --> Could not find the language line "Tạo Đơn Hàng"
ERROR - 2020-03-08 01:19:03 --> Severity: Warning --> Invalid argument supplied for foreach() /home/admin/domains/spshd.com/public_html/khachhang/application/views/tab4.php 394
ERROR - 2020-03-08 01:19:03 --> Could not find the language line "Đóng"
ERROR - 2020-03-08 01:19:03 --> Could not find the language line "Xác Nhận"
ERROR - 2020-03-08 01:19:03 --> Severity: Warning --> Invalid argument supplied for foreach() /home/admin/domains/spshd.com/public_html/khachhang/application/views/app.php 157
ERROR - 2020-03-08 01:19:03 --> Severity: Warning --> Invalid argument supplied for foreach() /home/admin/domains/spshd.com/public_html/khachhang/application/views/app.php 168
ERROR - 2020-03-08 01:19:03 --> Could not find the language line "Đóng"
ERROR - 2020-03-08 01:19:03 --> Could not find the language line "Xác Nhận"
ERROR - 2020-03-08 01:19:03 --> Could not find the language line "Đóng"
ERROR - 2020-03-08 01:19:03 --> Could not find the language line "Xác Nhận"
ERROR - 2020-03-08 02:44:38 --> Could not find the language line "Tạo Điểm Lấy Hàng"
ERROR - 2020-03-08 02:44:38 --> Could not find the language line "Tạo Đơn Hàng"
ERROR - 2020-03-08 02:44:38 --> Severity: Warning --> Invalid argument supplied for foreach() /home/admin/domains/spshd.com/public_html/khachhang/application/views/tab4.php 394
ERROR - 2020-03-08 02:44:38 --> Could not find the language line "Đóng"
ERROR - 2020-03-08 02:44:38 --> Could not find the language line "Xác Nhận"
ERROR - 2020-03-08 02:44:38 --> Severity: Warning --> Invalid argument supplied for foreach() /home/admin/domains/spshd.com/public_html/khachhang/application/views/app.php 157
ERROR - 2020-03-08 02:44:38 --> Severity: Warning --> Invalid argument supplied for foreach() /home/admin/domains/spshd.com/public_html/khachhang/application/views/app.php 168
ERROR - 2020-03-08 02:44:38 --> Could not find the language line "Đóng"
ERROR - 2020-03-08 02:44:38 --> Could not find the language line "Xác Nhận"
ERROR - 2020-03-08 02:44:38 --> Could not find the language line "Đóng"
ERROR - 2020-03-08 02:44:38 --> Could not find the language line "Xác Nhận"
ERROR - 2020-03-08 03:44:40 --> Could not find the language line "Tạo Điểm Lấy Hàng"
ERROR - 2020-03-08 03:44:40 --> Could not find the language line "Tạo Đơn Hàng"
ERROR - 2020-03-08 03:44:40 --> Severity: Warning --> Invalid argument supplied for foreach() /home/admin/domains/spshd.com/public_html/khachhang/application/views/tab4.php 394
ERROR - 2020-03-08 03:44:40 --> Could not find the language line "Đóng"
ERROR - 2020-03-08 03:44:40 --> Could not find the language line "Xác Nhận"
ERROR - 2020-03-08 03:44:40 --> Severity: Warning --> Invalid argument supplied for foreach() /home/admin/domains/spshd.com/public_html/khachhang/application/views/app.php 157
ERROR - 2020-03-08 03:44:40 --> Severity: Warning --> Invalid argument supplied for foreach() /home/admin/domains/spshd.com/public_html/khachhang/application/views/app.php 168
ERROR - 2020-03-08 03:44:40 --> Could not find the language line "Đóng"
ERROR - 2020-03-08 03:44:40 --> Could not find the language line "Xác Nhận"
ERROR - 2020-03-08 03:44:40 --> Could not find the language line "Đóng"
ERROR - 2020-03-08 03:44:40 --> Could not find the language line "Xác Nhận"
ERROR - 2020-03-08 03:46:05 --> Could not find the language line "Tạo Điểm Lấy Hàng"
ERROR - 2020-03-08 03:46:05 --> Could not find the language line "Tạo Đơn Hàng"
ERROR - 2020-03-08 03:46:05 --> Severity: Warning --> Invalid argument supplied for foreach() /home/admin/domains/spshd.com/public_html/khachhang/application/views/tab4.php 394
ERROR - 2020-03-08 03:46:05 --> Could not find the language line "Đóng"
ERROR - 2020-03-08 03:46:05 --> Could not find the language line "Xác Nhận"
ERROR - 2020-03-08 03:46:05 --> Severity: Warning --> Invalid argument supplied for foreach() /home/admin/domains/spshd.com/public_html/khachhang/application/views/app.php 157
ERROR - 2020-03-08 03:46:05 --> Severity: Warning --> Invalid argument supplied for foreach() /home/admin/domains/spshd.com/public_html/khachhang/application/views/app.php 168
ERROR - 2020-03-08 03:46:05 --> Could not find the language line "Đóng"
ERROR - 2020-03-08 03:46:05 --> Could not find the language line "Xác Nhận"
ERROR - 2020-03-08 03:46:05 --> Could not find the language line "Đóng"
ERROR - 2020-03-08 03:46:05 --> Could not find the language line "Xác Nhận"
ERROR - 2020-03-08 06:59:17 --> Could not find the language line "Email"
ERROR - 2020-03-08 06:59:17 --> Could not find the language line "password"
ERROR - 2020-03-08 07:10:59 --> Could not find the language line "Email"
ERROR - 2020-03-08 07:10:59 --> Could not find the language line "password"
ERROR - 2020-03-08 07:11:53 --> Could not find the language line "Email"
ERROR - 2020-03-08 07:11:53 --> Could not find the language line "password"
ERROR - 2020-03-08 07:12:21 --> Could not find the language line "Email"
ERROR - 2020-03-08 07:12:21 --> Could not find the language line "password"
ERROR - 2020-03-08 07:12:51 --> Could not find the language line "Email"
ERROR - 2020-03-08 07:12:51 --> Could not find the language line "password"
ERROR - 2020-03-08 07:13:20 --> Could not find the language line "Email"
ERROR - 2020-03-08 07:13:20 --> Could not find the language line "password"
ERROR - 2020-03-08 07:14:10 --> Could not find the language line "Tạo Điểm Lấy Hàng"
ERROR - 2020-03-08 07:14:10 --> Could not find the language line "Tạo Đơn Hàng"
ERROR - 2020-03-08 07:14:10 --> Severity: Warning --> Invalid argument supplied for foreach() /home/admin/domains/spshd.com/public_html/khachhang/application/views/tab4.php 394
ERROR - 2020-03-08 07:14:10 --> Could not find the language line "Đóng"
ERROR - 2020-03-08 07:14:10 --> Could not find the language line "Xác Nhận"
ERROR - 2020-03-08 07:14:10 --> Severity: Warning --> Invalid argument supplied for foreach() /home/admin/domains/spshd.com/public_html/khachhang/application/views/app.php 157
ERROR - 2020-03-08 07:14:10 --> Severity: Warning --> Invalid argument supplied for foreach() /home/admin/domains/spshd.com/public_html/khachhang/application/views/app.php 168
ERROR - 2020-03-08 07:14:10 --> Could not find the language line "Đóng"
ERROR - 2020-03-08 07:14:10 --> Could not find the language line "Xác Nhận"
ERROR - 2020-03-08 07:14:10 --> Could not find the language line "Đóng"
ERROR - 2020-03-08 07:14:10 --> Could not find the language line "Xác Nhận"
ERROR - 2020-03-08 07:14:27 --> Could not find the language line "Email"
ERROR - 2020-03-08 07:14:27 --> Could not find the language line "password"
ERROR - 2020-03-08 07:15:27 --> Could not find the language line "Email"
ERROR - 2020-03-08 07:15:27 --> Could not find the language line "password"
ERROR - 2020-03-08 07:15:48 --> Could not find the language line "Email"
ERROR - 2020-03-08 07:15:48 --> Could not find the language line "password"
ERROR - 2020-03-08 07:16:51 --> Could not find the language line "Email"
ERROR - 2020-03-08 07:16:51 --> Could not find the language line "password"
ERROR - 2020-03-08 07:17:34 --> Could not find the language line "Email"
ERROR - 2020-03-08 07:17:34 --> Could not find the language line "password"
ERROR - 2020-03-08 07:17:44 --> Could not find the language line "Tạo Điểm Lấy Hàng"
ERROR - 2020-03-08 07:17:44 --> Could not find the language line "Tạo Đơn Hàng"
ERROR - 2020-03-08 07:17:44 --> Severity: Warning --> Invalid argument supplied for foreach() /home/admin/domains/spshd.com/public_html/khachhang/application/views/tab4.php 394
ERROR - 2020-03-08 07:17:44 --> Could not find the language line "Đóng"
ERROR - 2020-03-08 07:17:44 --> Could not find the language line "Xác Nhận"
ERROR - 2020-03-08 07:17:44 --> Severity: Warning --> Invalid argument supplied for foreach() /home/admin/domains/spshd.com/public_html/khachhang/application/views/app.php 157
ERROR - 2020-03-08 07:17:44 --> Severity: Warning --> Invalid argument supplied for foreach() /home/admin/domains/spshd.com/public_html/khachhang/application/views/app.php 168
ERROR - 2020-03-08 07:17:44 --> Could not find the language line "Đóng"
ERROR - 2020-03-08 07:17:44 --> Could not find the language line "Xác Nhận"
ERROR - 2020-03-08 07:17:44 --> Could not find the language line "Đóng"
ERROR - 2020-03-08 07:17:44 --> Could not find the language line "Xác Nhận"
ERROR - 2020-03-08 08:34:29 --> Could not find the language line "Tạo Điểm Lấy Hàng"
ERROR - 2020-03-08 08:34:29 --> Could not find the language line "Tạo Đơn Hàng"
ERROR - 2020-03-08 08:34:29 --> Severity: Warning --> Invalid argument supplied for foreach() /home/admin/domains/spshd.com/public_html/khachhang/application/views/tab4.php 394
ERROR - 2020-03-08 08:34:29 --> Could not find the language line "Đóng"
ERROR - 2020-03-08 08:34:29 --> Could not find the language line "Xác Nhận"
ERROR - 2020-03-08 08:34:29 --> Severity: Warning --> Invalid argument supplied for foreach() /home/admin/domains/spshd.com/public_html/khachhang/application/views/app.php 157
ERROR - 2020-03-08 08:34:29 --> Severity: Warning --> Invalid argument supplied for foreach() /home/admin/domains/spshd.com/public_html/khachhang/application/views/app.php 168
ERROR - 2020-03-08 08:34:29 --> Could not find the language line "Đóng"
ERROR - 2020-03-08 08:34:29 --> Could not find the language line "Xác Nhận"
ERROR - 2020-03-08 08:34:29 --> Could not find the language line "Đóng"
ERROR - 2020-03-08 08:34:29 --> Could not find the language line "Xác Nhận"
ERROR - 2020-03-08 09:06:48 --> Could not find the language line "Email"
ERROR - 2020-03-08 09:06:48 --> Could not find the language line "password"
ERROR - 2020-03-08 10:17:56 --> Could not find the language line "Email"
ERROR - 2020-03-08 10:17:56 --> Could not find the language line "password"
ERROR - 2020-03-08 10:35:11 --> Could not find the language line "Tạo Điểm Lấy Hàng"
ERROR - 2020-03-08 10:35:11 --> Could not find the language line "Tạo Đơn Hàng"
ERROR - 2020-03-08 10:35:11 --> Severity: Warning --> Invalid argument supplied for foreach() /home/admin/domains/spshd.com/public_html/khachhang/application/views/tab4.php 394
ERROR - 2020-03-08 10:35:11 --> Could not find the language line "Đóng"
ERROR - 2020-03-08 10:35:11 --> Could not find the language line "Xác Nhận"
ERROR - 2020-03-08 10:35:11 --> Severity: Warning --> Invalid argument supplied for foreach() /home/admin/domains/spshd.com/public_html/khachhang/application/views/app.php 157
ERROR - 2020-03-08 10:35:11 --> Severity: Warning --> Invalid argument supplied for foreach() /home/admin/domains/spshd.com/public_html/khachhang/application/views/app.php 168
ERROR - 2020-03-08 10:35:11 --> Could not find the language line "Đóng"
ERROR - 2020-03-08 10:35:11 --> Could not find the language line "Xác Nhận"
ERROR - 2020-03-08 10:35:11 --> Could not find the language line "Đóng"
ERROR - 2020-03-08 10:35:11 --> Could not find the language line "Xác Nhận"
ERROR - 2020-03-08 11:09:09 --> Could not find the language line "Tạo Điểm Lấy Hàng"
ERROR - 2020-03-08 11:09:09 --> Could not find the language line "Tạo Đơn Hàng"
ERROR - 2020-03-08 11:09:09 --> Severity: Warning --> Invalid argument supplied for foreach() /home/admin/domains/spshd.com/public_html/khachhang/application/views/tab4.php 394
ERROR - 2020-03-08 11:09:09 --> Could not find the language line "Đóng"
ERROR - 2020-03-08 11:09:09 --> Could not find the language line "Xác Nhận"
ERROR - 2020-03-08 11:09:09 --> Severity: Warning --> Invalid argument supplied for foreach() /home/admin/domains/spshd.com/public_html/khachhang/application/views/app.php 157
ERROR - 2020-03-08 11:09:09 --> Severity: Warning --> Invalid argument supplied for foreach() /home/admin/domains/spshd.com/public_html/khachhang/application/views/app.php 168
ERROR - 2020-03-08 11:09:09 --> Could not find the language line "Đóng"
ERROR - 2020-03-08 11:09:09 --> Could not find the language line "Xác Nhận"
ERROR - 2020-03-08 11:09:09 --> Could not find the language line "Đóng"
ERROR - 2020-03-08 11:09:09 --> Could not find the language line "Xác Nhận"
ERROR - 2020-03-08 13:50:38 --> Could not find the language line "Tạo Điểm Lấy Hàng"
ERROR - 2020-03-08 13:50:38 --> Could not find the language line "Tạo Đơn Hàng"
ERROR - 2020-03-08 13:50:38 --> Severity: Warning --> Invalid argument supplied for foreach() /home/admin/domains/spshd.com/public_html/khachhang/application/views/tab4.php 394
ERROR - 2020-03-08 13:50:38 --> Could not find the language line "Đóng"
ERROR - 2020-03-08 13:50:38 --> Could not find the language line "Xác Nhận"
ERROR - 2020-03-08 13:50:38 --> Severity: Warning --> Invalid argument supplied for foreach() /home/admin/domains/spshd.com/public_html/khachhang/application/views/app.php 157
ERROR - 2020-03-08 13:50:38 --> Severity: Warning --> Invalid argument supplied for foreach() /home/admin/domains/spshd.com/public_html/khachhang/application/views/app.php 168
ERROR - 2020-03-08 13:50:38 --> Could not find the language line "Đóng"
ERROR - 2020-03-08 13:50:38 --> Could not find the language line "Xác Nhận"
ERROR - 2020-03-08 13:50:38 --> Could not find the language line "Đóng"
ERROR - 2020-03-08 13:50:38 --> Could not find the language line "Xác Nhận"
ERROR - 2020-03-08 13:50:39 --> Could not find the language line "Tạo Điểm Lấy Hàng"
ERROR - 2020-03-08 13:50:39 --> Could not find the language line "Tạo Đơn Hàng"
ERROR - 2020-03-08 13:50:39 --> Severity: Warning --> Invalid argument supplied for foreach() /home/admin/domains/spshd.com/public_html/khachhang/application/views/tab4.php 394
ERROR - 2020-03-08 13:50:39 --> Could not find the language line "Đóng"
ERROR - 2020-03-08 13:50:39 --> Could not find the language line "Xác Nhận"
ERROR - 2020-03-08 13:50:39 --> Severity: Warning --> Invalid argument supplied for foreach() /home/admin/domains/spshd.com/public_html/khachhang/application/views/app.php 157
ERROR - 2020-03-08 13:50:39 --> Severity: Warning --> Invalid argument supplied for foreach() /home/admin/domains/spshd.com/public_html/khachhang/application/views/app.php 168
ERROR - 2020-03-08 13:50:39 --> Could not find the language line "Đóng"
ERROR - 2020-03-08 13:50:39 --> Could not find the language line "Xác Nhận"
ERROR - 2020-03-08 13:50:39 --> Could not find the language line "Đóng"
ERROR - 2020-03-08 13:50:39 --> Could not find the language line "Xác Nhận"
ERROR - 2020-03-08 15:19:58 --> Could not find the language line "Tạo Điểm Lấy Hàng"
ERROR - 2020-03-08 15:19:58 --> Could not find the language line "Tạo Đơn Hàng"
ERROR - 2020-03-08 15:19:58 --> Severity: Warning --> Invalid argument supplied for foreach() /home/admin/domains/spshd.com/public_html/khachhang/application/views/tab4.php 394
ERROR - 2020-03-08 15:19:58 --> Could not find the language line "Đóng"
ERROR - 2020-03-08 15:19:58 --> Could not find the language line "Xác Nhận"
ERROR - 2020-03-08 15:19:58 --> Severity: Warning --> Invalid argument supplied for foreach() /home/admin/domains/spshd.com/public_html/khachhang/application/views/app.php 157
ERROR - 2020-03-08 15:19:58 --> Severity: Warning --> Invalid argument supplied for foreach() /home/admin/domains/spshd.com/public_html/khachhang/application/views/app.php 168
ERROR - 2020-03-08 15:19:58 --> Could not find the language line "Đóng"
ERROR - 2020-03-08 15:19:58 --> Could not find the language line "Xác Nhận"
ERROR - 2020-03-08 15:19:58 --> Could not find the language line "Đóng"
ERROR - 2020-03-08 15:19:58 --> Could not find the language line "Xác Nhận"
ERROR - 2020-03-08 17:13:13 --> Could not find the language line "Tạo Điểm Lấy Hàng"
ERROR - 2020-03-08 17:13:13 --> Could not find the language line "Tạo Đơn Hàng"
ERROR - 2020-03-08 17:13:13 --> Severity: Warning --> Invalid argument supplied for foreach() /home/admin/domains/spshd.com/public_html/khachhang/application/views/tab4.php 394
ERROR - 2020-03-08 17:13:13 --> Could not find the language line "Đóng"
ERROR - 2020-03-08 17:13:13 --> Could not find the language line "Xác Nhận"
ERROR - 2020-03-08 17:13:13 --> Severity: Warning --> Invalid argument supplied for foreach() /home/admin/domains/spshd.com/public_html/khachhang/application/views/app.php 157
ERROR - 2020-03-08 17:13:13 --> Severity: Warning --> Invalid argument supplied for foreach() /home/admin/domains/spshd.com/public_html/khachhang/application/views/app.php 168
ERROR - 2020-03-08 17:13:13 --> Could not find the language line "Đóng"
ERROR - 2020-03-08 17:13:13 --> Could not find the language line "Xác Nhận"
ERROR - 2020-03-08 17:13:13 --> Could not find the language line "Đóng"
ERROR - 2020-03-08 17:13:13 --> Could not find the language line "Xác Nhận"
ERROR - 2020-03-08 17:21:06 --> Could not find the language line "Tạo Điểm Lấy Hàng"
ERROR - 2020-03-08 17:21:06 --> Could not find the language line "Tạo Đơn Hàng"
ERROR - 2020-03-08 17:21:06 --> Severity: Warning --> Invalid argument supplied for foreach() /home/admin/domains/spshd.com/public_html/khachhang/application/views/tab4.php 394
ERROR - 2020-03-08 17:21:06 --> Could not find the language line "Đóng"
ERROR - 2020-03-08 17:21:06 --> Could not find the language line "Xác Nhận"
ERROR - 2020-03-08 17:21:06 --> Severity: Warning --> Invalid argument supplied for foreach() /home/admin/domains/spshd.com/public_html/khachhang/application/views/app.php 157
ERROR - 2020-03-08 17:21:06 --> Severity: Warning --> Invalid argument supplied for foreach() /home/admin/domains/spshd.com/public_html/khachhang/application/views/app.php 168
ERROR - 2020-03-08 17:21:06 --> Could not find the language line "Đóng"
ERROR - 2020-03-08 17:21:06 --> Could not find the language line "Xác Nhận"
ERROR - 2020-03-08 17:21:06 --> Could not find the language line "Đóng"
ERROR - 2020-03-08 17:21:06 --> Could not find the language line "Xác Nhận"
ERROR - 2020-03-08 17:31:49 --> Could not find the language line "Tạo Điểm Lấy Hàng"
ERROR - 2020-03-08 17:31:49 --> Could not find the language line "Tạo Đơn Hàng"
ERROR - 2020-03-08 17:31:49 --> Severity: Warning --> Invalid argument supplied for foreach() /home/admin/domains/spshd.com/public_html/khachhang/application/views/tab4.php 394
ERROR - 2020-03-08 17:31:49 --> Could not find the language line "Đóng"
ERROR - 2020-03-08 17:31:49 --> Could not find the language line "Xác Nhận"
ERROR - 2020-03-08 17:31:49 --> Severity: Warning --> Invalid argument supplied for foreach() /home/admin/domains/spshd.com/public_html/khachhang/application/views/app.php 157
ERROR - 2020-03-08 17:31:49 --> Severity: Warning --> Invalid argument supplied for foreach() /home/admin/domains/spshd.com/public_html/khachhang/application/views/app.php 168
ERROR - 2020-03-08 17:31:49 --> Could not find the language line "Đóng"
ERROR - 2020-03-08 17:31:49 --> Could not find the language line "Xác Nhận"
ERROR - 2020-03-08 17:31:49 --> Could not find the language line "Đóng"
ERROR - 2020-03-08 17:31:49 --> Could not find the language line "Xác Nhận"
ERROR - 2020-03-08 17:34:05 --> Could not find the language line "Tạo Điểm Lấy Hàng"
ERROR - 2020-03-08 17:34:05 --> Could not find the language line "Tạo Đơn Hàng"
ERROR - 2020-03-08 17:34:05 --> Severity: Warning --> Invalid argument supplied for foreach() /home/admin/domains/spshd.com/public_html/khachhang/application/views/tab4.php 394
ERROR - 2020-03-08 17:34:05 --> Could not find the language line "Đóng"
ERROR - 2020-03-08 17:34:05 --> Could not find the language line "Xác Nhận"
ERROR - 2020-03-08 17:34:05 --> Severity: Warning --> Invalid argument supplied for foreach() /home/admin/domains/spshd.com/public_html/khachhang/application/views/app.php 157
ERROR - 2020-03-08 17:34:05 --> Severity: Warning --> Invalid argument supplied for foreach() /home/admin/domains/spshd.com/public_html/khachhang/application/views/app.php 168
ERROR - 2020-03-08 17:34:05 --> Could not find the language line "Đóng"
ERROR - 2020-03-08 17:34:05 --> Could not find the language line "Xác Nhận"
ERROR - 2020-03-08 17:34:05 --> Could not find the language line "Đóng"
ERROR - 2020-03-08 17:34:05 --> Could not find the language line "Xác Nhận"
ERROR - 2020-03-08 17:42:02 --> Could not find the language line "Tạo Điểm Lấy Hàng"
ERROR - 2020-03-08 17:42:02 --> Could not find the language line "Tạo Đơn Hàng"
ERROR - 2020-03-08 17:42:02 --> Severity: Warning --> Invalid argument supplied for foreach() /home/admin/domains/spshd.com/public_html/khachhang/application/views/tab4.php 394
ERROR - 2020-03-08 17:42:02 --> Could not find the language line "Đóng"
ERROR - 2020-03-08 17:42:02 --> Could not find the language line "Xác Nhận"
ERROR - 2020-03-08 17:42:02 --> Severity: Warning --> Invalid argument supplied for foreach() /home/admin/domains/spshd.com/public_html/khachhang/application/views/app.php 157
ERROR - 2020-03-08 17:42:02 --> Severity: Warning --> Invalid argument supplied for foreach() /home/admin/domains/spshd.com/public_html/khachhang/application/views/app.php 168
ERROR - 2020-03-08 17:42:02 --> Could not find the language line "Đóng"
ERROR - 2020-03-08 17:42:02 --> Could not find the language line "Xác Nhận"
ERROR - 2020-03-08 17:42:02 --> Could not find the language line "Đóng"
ERROR - 2020-03-08 17:42:02 --> Could not find the language line "Xác Nhận"
