ERROR - 2020-02-14 01:56:42 --> Could not find the language line "Email"
ERROR - 2020-02-14 01:56:42 --> Could not find the language line "password"
ERROR - 2020-02-14 01:56:49 --> Could not find the language line "Tạo Điểm Lấy Hàng"
ERROR - 2020-02-14 01:56:49 --> Could not find the language line "Tạo Đơn Hàng"
ERROR - 2020-02-14 01:56:49 --> Severity: Warning --> Invalid argument supplied for foreach() /home/admin/domains/spshd.com/public_html/khachhang/application/views/tab4.php 394
ERROR - 2020-02-14 01:56:49 --> Could not find the language line "Đóng"
ERROR - 2020-02-14 01:56:49 --> Could not find the language line "Xác Nhận"
ERROR - 2020-02-14 01:56:49 --> Severity: Warning --> Invalid argument supplied for foreach() /home/admin/domains/spshd.com/public_html/khachhang/application/views/app.php 157
ERROR - 2020-02-14 01:56:49 --> Severity: Warning --> Invalid argument supplied for foreach() /home/admin/domains/spshd.com/public_html/khachhang/application/views/app.php 168
ERROR - 2020-02-14 01:56:49 --> Could not find the language line "Đóng"
ERROR - 2020-02-14 01:56:49 --> Could not find the language line "Xác Nhận"
ERROR - 2020-02-14 01:56:49 --> Could not find the language line "Đóng"
ERROR - 2020-02-14 01:56:49 --> Could not find the language line "Xác Nhận"
ERROR - 2020-02-14 01:57:06 --> Could not find the language line "Email"
ERROR - 2020-02-14 01:57:06 --> Could not find the language line "password"
ERROR - 2020-02-14 01:57:39 --> Could not find the language line "Email"
ERROR - 2020-02-14 01:57:39 --> Could not find the language line "password"
ERROR - 2020-02-14 02:00:31 --> Could not find the language line "Email"
ERROR - 2020-02-14 02:00:31 --> Could not find the language line "password"
ERROR - 2020-02-14 02:02:14 --> Could not find the language line "Email"
ERROR - 2020-02-14 02:02:14 --> Could not find the language line "password"
ERROR - 2020-02-14 03:16:36 --> Could not find the language line "Email"
ERROR - 2020-02-14 03:16:36 --> Could not find the language line "password"
ERROR - 2020-02-14 03:16:36 --> Could not find the language line "Email"
ERROR - 2020-02-14 03:16:36 --> Could not find the language line "password"
ERROR - 2020-02-14 03:16:36 --> Could not find the language line "Email"
ERROR - 2020-02-14 03:16:36 --> Could not find the language line "password"
ERROR - 2020-02-14 03:16:36 --> Could not find the language line "Email"
ERROR - 2020-02-14 03:16:36 --> Could not find the language line "password"
ERROR - 2020-02-14 03:16:47 --> Could not find the language line "Email"
ERROR - 2020-02-14 03:16:47 --> Could not find the language line "password"
ERROR - 2020-02-14 03:17:14 --> Could not find the language line "Email"
ERROR - 2020-02-14 03:17:14 --> Could not find the language line "password"
ERROR - 2020-02-14 04:22:58 --> Could not find the language line "Tạo Điểm Lấy Hàng"
ERROR - 2020-02-14 04:22:58 --> Could not find the language line "Tạo Đơn Hàng"
ERROR - 2020-02-14 04:22:58 --> Severity: Warning --> Invalid argument supplied for foreach() /home/admin/domains/spshd.com/public_html/khachhang/application/views/tab4.php 394
ERROR - 2020-02-14 04:22:58 --> Could not find the language line "Đóng"
ERROR - 2020-02-14 04:22:58 --> Could not find the language line "Xác Nhận"
ERROR - 2020-02-14 04:22:58 --> Severity: Warning --> Invalid argument supplied for foreach() /home/admin/domains/spshd.com/public_html/khachhang/application/views/app.php 157
ERROR - 2020-02-14 04:22:58 --> Severity: Warning --> Invalid argument supplied for foreach() /home/admin/domains/spshd.com/public_html/khachhang/application/views/app.php 168
ERROR - 2020-02-14 04:22:58 --> Could not find the language line "Đóng"
ERROR - 2020-02-14 04:22:58 --> Could not find the language line "Xác Nhận"
ERROR - 2020-02-14 04:22:58 --> Could not find the language line "Đóng"
ERROR - 2020-02-14 04:22:58 --> Could not find the language line "Xác Nhận"
ERROR - 2020-02-14 04:58:00 --> Could not find the language line "Tạo Điểm Lấy Hàng"
ERROR - 2020-02-14 04:58:00 --> Could not find the language line "Tạo Đơn Hàng"
ERROR - 2020-02-14 04:58:00 --> Severity: Warning --> Invalid argument supplied for foreach() /home/admin/domains/spshd.com/public_html/khachhang/application/views/tab4.php 394
ERROR - 2020-02-14 04:58:00 --> Could not find the language line "Đóng"
ERROR - 2020-02-14 04:58:00 --> Could not find the language line "Xác Nhận"
ERROR - 2020-02-14 04:58:00 --> Severity: Warning --> Invalid argument supplied for foreach() /home/admin/domains/spshd.com/public_html/khachhang/application/views/app.php 157
ERROR - 2020-02-14 04:58:00 --> Severity: Warning --> Invalid argument supplied for foreach() /home/admin/domains/spshd.com/public_html/khachhang/application/views/app.php 168
ERROR - 2020-02-14 04:58:00 --> Could not find the language line "Đóng"
ERROR - 2020-02-14 04:58:00 --> Could not find the language line "Xác Nhận"
ERROR - 2020-02-14 04:58:00 --> Could not find the language line "Đóng"
ERROR - 2020-02-14 04:58:00 --> Could not find the language line "Xác Nhận"
ERROR - 2020-02-14 04:59:29 --> Could not find the language line "Tạo Điểm Lấy Hàng"
ERROR - 2020-02-14 04:59:29 --> Could not find the language line "Tạo Đơn Hàng"
ERROR - 2020-02-14 04:59:29 --> Severity: Warning --> Invalid argument supplied for foreach() /home/admin/domains/spshd.com/public_html/khachhang/application/views/tab4.php 394
ERROR - 2020-02-14 04:59:29 --> Could not find the language line "Đóng"
ERROR - 2020-02-14 04:59:29 --> Could not find the language line "Xác Nhận"
ERROR - 2020-02-14 04:59:29 --> Severity: Warning --> Invalid argument supplied for foreach() /home/admin/domains/spshd.com/public_html/khachhang/application/views/app.php 157
ERROR - 2020-02-14 04:59:29 --> Severity: Warning --> Invalid argument supplied for foreach() /home/admin/domains/spshd.com/public_html/khachhang/application/views/app.php 168
ERROR - 2020-02-14 04:59:29 --> Could not find the language line "Đóng"
ERROR - 2020-02-14 04:59:29 --> Could not find the language line "Xác Nhận"
ERROR - 2020-02-14 04:59:29 --> Could not find the language line "Đóng"
ERROR - 2020-02-14 04:59:29 --> Could not find the language line "Xác Nhận"
ERROR - 2020-02-14 05:11:55 --> Could not find the language line "Email"
ERROR - 2020-02-14 05:11:55 --> Could not find the language line "password"
ERROR - 2020-02-14 08:21:33 --> Could not find the language line "Tạo Điểm Lấy Hàng"
ERROR - 2020-02-14 08:21:33 --> Could not find the language line "Tạo Đơn Hàng"
ERROR - 2020-02-14 08:21:33 --> Severity: Warning --> Invalid argument supplied for foreach() /home/admin/domains/spshd.com/public_html/khachhang/application/views/tab4.php 394
ERROR - 2020-02-14 08:21:33 --> Could not find the language line "Đóng"
ERROR - 2020-02-14 08:21:33 --> Could not find the language line "Xác Nhận"
ERROR - 2020-02-14 08:21:33 --> Severity: Warning --> Invalid argument supplied for foreach() /home/admin/domains/spshd.com/public_html/khachhang/application/views/app.php 157
ERROR - 2020-02-14 08:21:33 --> Severity: Warning --> Invalid argument supplied for foreach() /home/admin/domains/spshd.com/public_html/khachhang/application/views/app.php 168
ERROR - 2020-02-14 08:21:33 --> Could not find the language line "Đóng"
ERROR - 2020-02-14 08:21:33 --> Could not find the language line "Xác Nhận"
ERROR - 2020-02-14 08:21:33 --> Could not find the language line "Đóng"
ERROR - 2020-02-14 08:21:33 --> Could not find the language line "Xác Nhận"
ERROR - 2020-02-14 09:56:23 --> Could not find the language line "Tạo Điểm Lấy Hàng"
ERROR - 2020-02-14 09:56:23 --> Could not find the language line "Tạo Đơn Hàng"
ERROR - 2020-02-14 09:56:23 --> Severity: Warning --> Invalid argument supplied for foreach() /home/admin/domains/spshd.com/public_html/khachhang/application/views/tab4.php 394
ERROR - 2020-02-14 09:56:23 --> Could not find the language line "Đóng"
ERROR - 2020-02-14 09:56:23 --> Could not find the language line "Xác Nhận"
ERROR - 2020-02-14 09:56:23 --> Severity: Warning --> Invalid argument supplied for foreach() /home/admin/domains/spshd.com/public_html/khachhang/application/views/app.php 157
ERROR - 2020-02-14 09:56:23 --> Severity: Warning --> Invalid argument supplied for foreach() /home/admin/domains/spshd.com/public_html/khachhang/application/views/app.php 168
ERROR - 2020-02-14 09:56:23 --> Could not find the language line "Đóng"
ERROR - 2020-02-14 09:56:23 --> Could not find the language line "Xác Nhận"
ERROR - 2020-02-14 09:56:23 --> Could not find the language line "Đóng"
ERROR - 2020-02-14 09:56:23 --> Could not find the language line "Xác Nhận"
ERROR - 2020-02-14 09:57:16 --> Could not find the language line "Tạo Điểm Lấy Hàng"
ERROR - 2020-02-14 09:57:16 --> Could not find the language line "Tạo Đơn Hàng"
ERROR - 2020-02-14 09:57:16 --> Severity: Warning --> Invalid argument supplied for foreach() /home/admin/domains/spshd.com/public_html/khachhang/application/views/tab4.php 394
ERROR - 2020-02-14 09:57:16 --> Could not find the language line "Đóng"
ERROR - 2020-02-14 09:57:16 --> Could not find the language line "Xác Nhận"
ERROR - 2020-02-14 09:57:16 --> Severity: Warning --> Invalid argument supplied for foreach() /home/admin/domains/spshd.com/public_html/khachhang/application/views/app.php 157
ERROR - 2020-02-14 09:57:16 --> Severity: Warning --> Invalid argument supplied for foreach() /home/admin/domains/spshd.com/public_html/khachhang/application/views/app.php 168
ERROR - 2020-02-14 09:57:16 --> Could not find the language line "Đóng"
ERROR - 2020-02-14 09:57:16 --> Could not find the language line "Xác Nhận"
ERROR - 2020-02-14 09:57:16 --> Could not find the language line "Đóng"
ERROR - 2020-02-14 09:57:16 --> Could not find the language line "Xác Nhận"
ERROR - 2020-02-14 10:50:29 --> Could not find the language line "Tạo Điểm Lấy Hàng"
ERROR - 2020-02-14 10:50:29 --> Could not find the language line "Tạo Đơn Hàng"
ERROR - 2020-02-14 10:50:29 --> Severity: Warning --> Invalid argument supplied for foreach() /home/admin/domains/spshd.com/public_html/khachhang/application/views/tab4.php 394
ERROR - 2020-02-14 10:50:29 --> Could not find the language line "Đóng"
ERROR - 2020-02-14 10:50:29 --> Could not find the language line "Xác Nhận"
ERROR - 2020-02-14 10:50:29 --> Severity: Warning --> Invalid argument supplied for foreach() /home/admin/domains/spshd.com/public_html/khachhang/application/views/app.php 157
ERROR - 2020-02-14 10:50:29 --> Severity: Warning --> Invalid argument supplied for foreach() /home/admin/domains/spshd.com/public_html/khachhang/application/views/app.php 168
ERROR - 2020-02-14 10:50:29 --> Could not find the language line "Đóng"
ERROR - 2020-02-14 10:50:29 --> Could not find the language line "Xác Nhận"
ERROR - 2020-02-14 10:50:29 --> Could not find the language line "Đóng"
ERROR - 2020-02-14 10:50:29 --> Could not find the language line "Xác Nhận"
ERROR - 2020-02-14 10:52:34 --> Could not find the language line "Tạo Điểm Lấy Hàng"
ERROR - 2020-02-14 10:52:34 --> Could not find the language line "Tạo Đơn Hàng"
ERROR - 2020-02-14 10:52:34 --> Severity: Warning --> Invalid argument supplied for foreach() /home/admin/domains/spshd.com/public_html/khachhang/application/views/tab4.php 394
ERROR - 2020-02-14 10:52:34 --> Could not find the language line "Đóng"
ERROR - 2020-02-14 10:52:34 --> Could not find the language line "Xác Nhận"
ERROR - 2020-02-14 10:52:34 --> Severity: Warning --> Invalid argument supplied for foreach() /home/admin/domains/spshd.com/public_html/khachhang/application/views/app.php 157
ERROR - 2020-02-14 10:52:34 --> Severity: Warning --> Invalid argument supplied for foreach() /home/admin/domains/spshd.com/public_html/khachhang/application/views/app.php 168
ERROR - 2020-02-14 10:52:34 --> Could not find the language line "Đóng"
ERROR - 2020-02-14 10:52:34 --> Could not find the language line "Xác Nhận"
ERROR - 2020-02-14 10:52:34 --> Could not find the language line "Đóng"
ERROR - 2020-02-14 10:52:34 --> Could not find the language line "Xác Nhận"
ERROR - 2020-02-14 10:53:01 --> Could not find the language line "Tạo Điểm Lấy Hàng"
ERROR - 2020-02-14 10:53:01 --> Could not find the language line "Tạo Đơn Hàng"
ERROR - 2020-02-14 10:53:01 --> Severity: Warning --> Invalid argument supplied for foreach() /home/admin/domains/spshd.com/public_html/khachhang/application/views/tab4.php 394
ERROR - 2020-02-14 10:53:01 --> Could not find the language line "Đóng"
ERROR - 2020-02-14 10:53:01 --> Could not find the language line "Xác Nhận"
ERROR - 2020-02-14 10:53:01 --> Severity: Warning --> Invalid argument supplied for foreach() /home/admin/domains/spshd.com/public_html/khachhang/application/views/app.php 157
ERROR - 2020-02-14 10:53:01 --> Severity: Warning --> Invalid argument supplied for foreach() /home/admin/domains/spshd.com/public_html/khachhang/application/views/app.php 168
ERROR - 2020-02-14 10:53:01 --> Could not find the language line "Đóng"
ERROR - 2020-02-14 10:53:01 --> Could not find the language line "Xác Nhận"
ERROR - 2020-02-14 10:53:01 --> Could not find the language line "Đóng"
ERROR - 2020-02-14 10:53:01 --> Could not find the language line "Xác Nhận"
ERROR - 2020-02-14 10:53:02 --> Could not find the language line "Tạo Điểm Lấy Hàng"
ERROR - 2020-02-14 10:53:02 --> Could not find the language line "Tạo Đơn Hàng"
ERROR - 2020-02-14 10:53:02 --> Severity: Warning --> Invalid argument supplied for foreach() /home/admin/domains/spshd.com/public_html/khachhang/application/views/tab4.php 394
ERROR - 2020-02-14 10:53:02 --> Could not find the language line "Đóng"
ERROR - 2020-02-14 10:53:02 --> Could not find the language line "Xác Nhận"
ERROR - 2020-02-14 10:53:02 --> Severity: Warning --> Invalid argument supplied for foreach() /home/admin/domains/spshd.com/public_html/khachhang/application/views/app.php 157
ERROR - 2020-02-14 10:53:02 --> Severity: Warning --> Invalid argument supplied for foreach() /home/admin/domains/spshd.com/public_html/khachhang/application/views/app.php 168
ERROR - 2020-02-14 10:53:02 --> Could not find the language line "Đóng"
ERROR - 2020-02-14 10:53:02 --> Could not find the language line "Xác Nhận"
ERROR - 2020-02-14 10:53:02 --> Could not find the language line "Đóng"
ERROR - 2020-02-14 10:53:02 --> Could not find the language line "Xác Nhận"
ERROR - 2020-02-14 14:21:59 --> Could not find the language line "Tạo Điểm Lấy Hàng"
ERROR - 2020-02-14 14:21:59 --> Could not find the language line "Tạo Đơn Hàng"
ERROR - 2020-02-14 14:21:59 --> Severity: Warning --> Invalid argument supplied for foreach() /home/admin/domains/spshd.com/public_html/khachhang/application/views/tab4.php 394
ERROR - 2020-02-14 14:21:59 --> Could not find the language line "Đóng"
ERROR - 2020-02-14 14:21:59 --> Could not find the language line "Xác Nhận"
ERROR - 2020-02-14 14:21:59 --> Severity: Warning --> Invalid argument supplied for foreach() /home/admin/domains/spshd.com/public_html/khachhang/application/views/app.php 157
ERROR - 2020-02-14 14:21:59 --> Severity: Warning --> Invalid argument supplied for foreach() /home/admin/domains/spshd.com/public_html/khachhang/application/views/app.php 168
ERROR - 2020-02-14 14:21:59 --> Could not find the language line "Đóng"
ERROR - 2020-02-14 14:21:59 --> Could not find the language line "Xác Nhận"
ERROR - 2020-02-14 14:21:59 --> Could not find the language line "Đóng"
ERROR - 2020-02-14 14:21:59 --> Could not find the language line "Xác Nhận"
ERROR - 2020-02-14 14:21:59 --> Could not find the language line "Tạo Điểm Lấy Hàng"
ERROR - 2020-02-14 14:21:59 --> Could not find the language line "Tạo Đơn Hàng"
ERROR - 2020-02-14 14:21:59 --> Severity: Warning --> Invalid argument supplied for foreach() /home/admin/domains/spshd.com/public_html/khachhang/application/views/tab4.php 394
ERROR - 2020-02-14 14:21:59 --> Could not find the language line "Đóng"
ERROR - 2020-02-14 14:21:59 --> Could not find the language line "Xác Nhận"
ERROR - 2020-02-14 14:21:59 --> Severity: Warning --> Invalid argument supplied for foreach() /home/admin/domains/spshd.com/public_html/khachhang/application/views/app.php 157
ERROR - 2020-02-14 14:21:59 --> Severity: Warning --> Invalid argument supplied for foreach() /home/admin/domains/spshd.com/public_html/khachhang/application/views/app.php 168
ERROR - 2020-02-14 14:21:59 --> Could not find the language line "Đóng"
ERROR - 2020-02-14 14:21:59 --> Could not find the language line "Xác Nhận"
ERROR - 2020-02-14 14:21:59 --> Could not find the language line "Đóng"
ERROR - 2020-02-14 14:21:59 --> Could not find the language line "Xác Nhận"
