ERROR - 2020-06-11 00:09:17 --> Could not find the language line "Tạo Điểm Lấy Hàng"
ERROR - 2020-06-11 00:09:17 --> Could not find the language line "Tạo Đơn Hàng"
ERROR - 2020-06-11 00:09:17 --> Could not find the language line "Tải Excel"
ERROR - 2020-06-11 00:09:17 --> Could not find the language line "Đóng"
ERROR - 2020-06-11 00:09:17 --> Could not find the language line "Xác Nhận"
ERROR - 2020-06-11 00:09:17 --> Severity: Warning --> Invalid argument supplied for foreach() /home/admin/domains/spshd.com/public_html/khachhang/application/views/app.php 162
ERROR - 2020-06-11 00:09:17 --> Severity: Warning --> Invalid argument supplied for foreach() /home/admin/domains/spshd.com/public_html/khachhang/application/views/app.php 173
ERROR - 2020-06-11 00:09:17 --> Could not find the language line "Đóng"
ERROR - 2020-06-11 00:09:17 --> Could not find the language line "Xác Nhận"
ERROR - 2020-06-11 00:09:17 --> Could not find the language line "Đóng"
ERROR - 2020-06-11 00:09:17 --> Could not find the language line "Xác Nhận"
ERROR - 2020-06-11 00:09:17 --> Could not find the language line "Đóng"
ERROR - 2020-06-11 00:09:17 --> Could not find the language line "Tải"
ERROR - 2020-06-11 01:26:08 --> Could not find the language line "Email"
ERROR - 2020-06-11 01:26:08 --> Could not find the language line "password"
ERROR - 2020-06-11 08:08:16 --> Could not find the language line "Tạo Điểm Lấy Hàng"
ERROR - 2020-06-11 08:08:16 --> Could not find the language line "Tạo Đơn Hàng"
ERROR - 2020-06-11 08:08:16 --> Could not find the language line "Tải Excel"
ERROR - 2020-06-11 08:08:16 --> Could not find the language line "Đóng"
ERROR - 2020-06-11 08:08:16 --> Could not find the language line "Xác Nhận"
ERROR - 2020-06-11 08:08:16 --> Severity: Warning --> Invalid argument supplied for foreach() /home/admin/domains/spshd.com/public_html/khachhang/application/views/app.php 162
ERROR - 2020-06-11 08:08:16 --> Severity: Warning --> Invalid argument supplied for foreach() /home/admin/domains/spshd.com/public_html/khachhang/application/views/app.php 173
ERROR - 2020-06-11 08:08:16 --> Could not find the language line "Đóng"
ERROR - 2020-06-11 08:08:16 --> Could not find the language line "Xác Nhận"
ERROR - 2020-06-11 08:08:16 --> Could not find the language line "Đóng"
ERROR - 2020-06-11 08:08:16 --> Could not find the language line "Xác Nhận"
ERROR - 2020-06-11 08:08:16 --> Could not find the language line "Đóng"
ERROR - 2020-06-11 08:08:16 --> Could not find the language line "Tải"
ERROR - 2020-06-11 08:08:16 --> Could not find the language line "Tạo Điểm Lấy Hàng"
ERROR - 2020-06-11 08:08:16 --> Could not find the language line "Tạo Đơn Hàng"
ERROR - 2020-06-11 08:08:16 --> Could not find the language line "Tải Excel"
ERROR - 2020-06-11 08:08:16 --> Could not find the language line "Đóng"
ERROR - 2020-06-11 08:08:16 --> Could not find the language line "Xác Nhận"
ERROR - 2020-06-11 08:08:16 --> Severity: Warning --> Invalid argument supplied for foreach() /home/admin/domains/spshd.com/public_html/khachhang/application/views/app.php 162
ERROR - 2020-06-11 08:08:16 --> Severity: Warning --> Invalid argument supplied for foreach() /home/admin/domains/spshd.com/public_html/khachhang/application/views/app.php 173
ERROR - 2020-06-11 08:08:16 --> Could not find the language line "Đóng"
ERROR - 2020-06-11 08:08:16 --> Could not find the language line "Xác Nhận"
ERROR - 2020-06-11 08:08:16 --> Could not find the language line "Đóng"
ERROR - 2020-06-11 08:08:16 --> Could not find the language line "Xác Nhận"
ERROR - 2020-06-11 08:08:16 --> Could not find the language line "Đóng"
ERROR - 2020-06-11 08:08:16 --> Could not find the language line "Tải"
ERROR - 2020-06-11 08:31:41 --> Could not find the language line "Tạo Điểm Lấy Hàng"
ERROR - 2020-06-11 08:31:41 --> Could not find the language line "Tạo Đơn Hàng"
ERROR - 2020-06-11 08:31:41 --> Could not find the language line "Tải Excel"
ERROR - 2020-06-11 08:31:41 --> Could not find the language line "Đóng"
ERROR - 2020-06-11 08:31:41 --> Could not find the language line "Xác Nhận"
ERROR - 2020-06-11 08:31:41 --> Severity: Warning --> Invalid argument supplied for foreach() /home/admin/domains/spshd.com/public_html/khachhang/application/views/app.php 162
ERROR - 2020-06-11 08:31:41 --> Severity: Warning --> Invalid argument supplied for foreach() /home/admin/domains/spshd.com/public_html/khachhang/application/views/app.php 173
ERROR - 2020-06-11 08:31:41 --> Could not find the language line "Đóng"
ERROR - 2020-06-11 08:31:41 --> Could not find the language line "Xác Nhận"
ERROR - 2020-06-11 08:31:41 --> Could not find the language line "Đóng"
ERROR - 2020-06-11 08:31:41 --> Could not find the language line "Xác Nhận"
ERROR - 2020-06-11 08:31:41 --> Could not find the language line "Đóng"
ERROR - 2020-06-11 08:31:41 --> Could not find the language line "Tải"
ERROR - 2020-06-11 02:34:53 --> Could not find the language line "Email"
ERROR - 2020-06-11 02:34:53 --> Could not find the language line "password"
ERROR - 2020-06-11 02:35:10 --> Could not find the language line "Email"
ERROR - 2020-06-11 02:35:10 --> Could not find the language line "password"
ERROR - 2020-06-11 09:07:58 --> Could not find the language line "Tạo Điểm Lấy Hàng"
ERROR - 2020-06-11 09:07:58 --> Could not find the language line "Tạo Đơn Hàng"
ERROR - 2020-06-11 09:07:58 --> Could not find the language line "Tải Excel"
ERROR - 2020-06-11 09:07:58 --> Could not find the language line "Đóng"
ERROR - 2020-06-11 09:07:58 --> Could not find the language line "Xác Nhận"
ERROR - 2020-06-11 09:07:58 --> Severity: Warning --> Invalid argument supplied for foreach() /home/admin/domains/spshd.com/public_html/khachhang/application/views/app.php 162
ERROR - 2020-06-11 09:07:58 --> Severity: Warning --> Invalid argument supplied for foreach() /home/admin/domains/spshd.com/public_html/khachhang/application/views/app.php 173
ERROR - 2020-06-11 09:07:58 --> Could not find the language line "Đóng"
ERROR - 2020-06-11 09:07:58 --> Could not find the language line "Xác Nhận"
ERROR - 2020-06-11 09:07:58 --> Could not find the language line "Đóng"
ERROR - 2020-06-11 09:07:58 --> Could not find the language line "Xác Nhận"
ERROR - 2020-06-11 09:07:58 --> Could not find the language line "Đóng"
ERROR - 2020-06-11 09:07:58 --> Could not find the language line "Tải"
ERROR - 2020-06-11 09:43:19 --> Could not find the language line "Tạo Điểm Lấy Hàng"
ERROR - 2020-06-11 09:43:19 --> Could not find the language line "Tạo Đơn Hàng"
ERROR - 2020-06-11 09:43:19 --> Could not find the language line "Tải Excel"
ERROR - 2020-06-11 09:43:19 --> Could not find the language line "Đóng"
ERROR - 2020-06-11 09:43:19 --> Could not find the language line "Xác Nhận"
ERROR - 2020-06-11 09:43:19 --> Severity: Warning --> Invalid argument supplied for foreach() /home/admin/domains/spshd.com/public_html/khachhang/application/views/app.php 162
ERROR - 2020-06-11 09:43:19 --> Severity: Warning --> Invalid argument supplied for foreach() /home/admin/domains/spshd.com/public_html/khachhang/application/views/app.php 173
ERROR - 2020-06-11 09:43:19 --> Could not find the language line "Đóng"
ERROR - 2020-06-11 09:43:19 --> Could not find the language line "Xác Nhận"
ERROR - 2020-06-11 09:43:19 --> Could not find the language line "Đóng"
ERROR - 2020-06-11 09:43:19 --> Could not find the language line "Xác Nhận"
ERROR - 2020-06-11 09:43:19 --> Could not find the language line "Đóng"
ERROR - 2020-06-11 09:43:19 --> Could not find the language line "Tải"
ERROR - 2020-06-11 03:43:29 --> Could not find the language line "Email"
ERROR - 2020-06-11 03:43:29 --> Could not find the language line "password"
ERROR - 2020-06-11 10:39:33 --> Could not find the language line "Tạo Điểm Lấy Hàng"
ERROR - 2020-06-11 10:39:33 --> Could not find the language line "Tạo Đơn Hàng"
ERROR - 2020-06-11 10:39:33 --> Could not find the language line "Tải Excel"
ERROR - 2020-06-11 10:39:33 --> Could not find the language line "Đóng"
ERROR - 2020-06-11 10:39:33 --> Could not find the language line "Xác Nhận"
ERROR - 2020-06-11 10:39:33 --> Severity: Warning --> Invalid argument supplied for foreach() /home/admin/domains/spshd.com/public_html/khachhang/application/views/app.php 162
ERROR - 2020-06-11 10:39:33 --> Severity: Warning --> Invalid argument supplied for foreach() /home/admin/domains/spshd.com/public_html/khachhang/application/views/app.php 173
ERROR - 2020-06-11 10:39:33 --> Could not find the language line "Đóng"
ERROR - 2020-06-11 10:39:33 --> Could not find the language line "Xác Nhận"
ERROR - 2020-06-11 10:39:33 --> Could not find the language line "Đóng"
ERROR - 2020-06-11 10:39:33 --> Could not find the language line "Xác Nhận"
ERROR - 2020-06-11 10:39:33 --> Could not find the language line "Đóng"
ERROR - 2020-06-11 10:39:33 --> Could not find the language line "Tải"
ERROR - 2020-06-11 10:43:19 --> Could not find the language line "Tạo Điểm Lấy Hàng"
ERROR - 2020-06-11 10:43:19 --> Could not find the language line "Tạo Đơn Hàng"
ERROR - 2020-06-11 10:43:19 --> Could not find the language line "Tải Excel"
ERROR - 2020-06-11 10:43:19 --> Could not find the language line "Đóng"
ERROR - 2020-06-11 10:43:19 --> Could not find the language line "Xác Nhận"
ERROR - 2020-06-11 10:43:19 --> Severity: Warning --> Invalid argument supplied for foreach() /home/admin/domains/spshd.com/public_html/khachhang/application/views/app.php 162
ERROR - 2020-06-11 10:43:19 --> Severity: Warning --> Invalid argument supplied for foreach() /home/admin/domains/spshd.com/public_html/khachhang/application/views/app.php 173
ERROR - 2020-06-11 10:43:19 --> Could not find the language line "Đóng"
ERROR - 2020-06-11 10:43:19 --> Could not find the language line "Xác Nhận"
ERROR - 2020-06-11 10:43:19 --> Could not find the language line "Đóng"
ERROR - 2020-06-11 10:43:19 --> Could not find the language line "Xác Nhận"
ERROR - 2020-06-11 10:43:19 --> Could not find the language line "Đóng"
ERROR - 2020-06-11 10:43:19 --> Could not find the language line "Tải"
ERROR - 2020-06-11 04:58:08 --> Could not find the language line "Email"
ERROR - 2020-06-11 04:58:08 --> Could not find the language line "password"
ERROR - 2020-06-11 11:31:54 --> Could not find the language line "Tạo Điểm Lấy Hàng"
ERROR - 2020-06-11 11:31:54 --> Could not find the language line "Tạo Đơn Hàng"
ERROR - 2020-06-11 11:31:54 --> Could not find the language line "Tải Excel"
ERROR - 2020-06-11 11:31:54 --> Could not find the language line "Đóng"
ERROR - 2020-06-11 11:31:54 --> Could not find the language line "Xác Nhận"
ERROR - 2020-06-11 11:31:54 --> Severity: Warning --> Invalid argument supplied for foreach() /home/admin/domains/spshd.com/public_html/khachhang/application/views/app.php 162
ERROR - 2020-06-11 11:31:54 --> Severity: Warning --> Invalid argument supplied for foreach() /home/admin/domains/spshd.com/public_html/khachhang/application/views/app.php 173
ERROR - 2020-06-11 11:31:54 --> Could not find the language line "Đóng"
ERROR - 2020-06-11 11:31:54 --> Could not find the language line "Xác Nhận"
ERROR - 2020-06-11 11:31:54 --> Could not find the language line "Đóng"
ERROR - 2020-06-11 11:31:54 --> Could not find the language line "Xác Nhận"
ERROR - 2020-06-11 11:31:54 --> Could not find the language line "Đóng"
ERROR - 2020-06-11 11:31:54 --> Could not find the language line "Tải"
ERROR - 2020-06-11 11:36:45 --> Could not find the language line "Tạo Điểm Lấy Hàng"
ERROR - 2020-06-11 11:36:45 --> Could not find the language line "Tạo Đơn Hàng"
ERROR - 2020-06-11 11:36:45 --> Could not find the language line "Tải Excel"
ERROR - 2020-06-11 11:36:45 --> Could not find the language line "Đóng"
ERROR - 2020-06-11 11:36:45 --> Could not find the language line "Xác Nhận"
ERROR - 2020-06-11 11:36:45 --> Severity: Warning --> Invalid argument supplied for foreach() /home/admin/domains/spshd.com/public_html/khachhang/application/views/app.php 162
ERROR - 2020-06-11 11:36:45 --> Severity: Warning --> Invalid argument supplied for foreach() /home/admin/domains/spshd.com/public_html/khachhang/application/views/app.php 173
ERROR - 2020-06-11 11:36:45 --> Could not find the language line "Đóng"
ERROR - 2020-06-11 11:36:45 --> Could not find the language line "Xác Nhận"
ERROR - 2020-06-11 11:36:45 --> Could not find the language line "Đóng"
ERROR - 2020-06-11 11:36:45 --> Could not find the language line "Xác Nhận"
ERROR - 2020-06-11 11:36:45 --> Could not find the language line "Đóng"
ERROR - 2020-06-11 11:36:45 --> Could not find the language line "Tải"
ERROR - 2020-06-11 05:40:43 --> Could not find the language line "Email"
ERROR - 2020-06-11 05:40:43 --> Could not find the language line "password"
ERROR - 2020-06-11 12:16:00 --> Could not find the language line "Tạo Điểm Lấy Hàng"
ERROR - 2020-06-11 12:16:00 --> Could not find the language line "Tạo Đơn Hàng"
ERROR - 2020-06-11 12:16:00 --> Could not find the language line "Tải Excel"
ERROR - 2020-06-11 12:16:00 --> Could not find the language line "Đóng"
ERROR - 2020-06-11 12:16:00 --> Could not find the language line "Xác Nhận"
ERROR - 2020-06-11 12:16:00 --> Severity: Warning --> Invalid argument supplied for foreach() /home/admin/domains/spshd.com/public_html/khachhang/application/views/app.php 162
ERROR - 2020-06-11 12:16:00 --> Severity: Warning --> Invalid argument supplied for foreach() /home/admin/domains/spshd.com/public_html/khachhang/application/views/app.php 173
ERROR - 2020-06-11 12:16:00 --> Could not find the language line "Đóng"
ERROR - 2020-06-11 12:16:00 --> Could not find the language line "Xác Nhận"
ERROR - 2020-06-11 12:16:00 --> Could not find the language line "Đóng"
ERROR - 2020-06-11 12:16:00 --> Could not find the language line "Xác Nhận"
ERROR - 2020-06-11 12:16:00 --> Could not find the language line "Đóng"
ERROR - 2020-06-11 12:16:00 --> Could not find the language line "Tải"
ERROR - 2020-06-11 12:23:46 --> Could not find the language line "Tạo Điểm Lấy Hàng"
ERROR - 2020-06-11 12:23:46 --> Could not find the language line "Tạo Đơn Hàng"
ERROR - 2020-06-11 12:23:46 --> Could not find the language line "Tải Excel"
ERROR - 2020-06-11 12:23:46 --> Could not find the language line "Đóng"
ERROR - 2020-06-11 12:23:46 --> Could not find the language line "Xác Nhận"
ERROR - 2020-06-11 12:23:46 --> Severity: Warning --> Invalid argument supplied for foreach() /home/admin/domains/spshd.com/public_html/khachhang/application/views/app.php 162
ERROR - 2020-06-11 12:23:46 --> Severity: Warning --> Invalid argument supplied for foreach() /home/admin/domains/spshd.com/public_html/khachhang/application/views/app.php 173
ERROR - 2020-06-11 12:23:46 --> Could not find the language line "Đóng"
ERROR - 2020-06-11 12:23:46 --> Could not find the language line "Xác Nhận"
ERROR - 2020-06-11 12:23:46 --> Could not find the language line "Đóng"
ERROR - 2020-06-11 12:23:46 --> Could not find the language line "Xác Nhận"
ERROR - 2020-06-11 12:23:46 --> Could not find the language line "Đóng"
ERROR - 2020-06-11 12:23:46 --> Could not find the language line "Tải"
ERROR - 2020-06-11 12:29:37 --> Could not find the language line "Tạo Điểm Lấy Hàng"
ERROR - 2020-06-11 12:29:37 --> Could not find the language line "Tạo Đơn Hàng"
ERROR - 2020-06-11 12:29:37 --> Could not find the language line "Tải Excel"
ERROR - 2020-06-11 12:29:37 --> Could not find the language line "Đóng"
ERROR - 2020-06-11 12:29:37 --> Could not find the language line "Xác Nhận"
ERROR - 2020-06-11 12:29:37 --> Severity: Warning --> Invalid argument supplied for foreach() /home/admin/domains/spshd.com/public_html/khachhang/application/views/app.php 162
ERROR - 2020-06-11 12:29:37 --> Severity: Warning --> Invalid argument supplied for foreach() /home/admin/domains/spshd.com/public_html/khachhang/application/views/app.php 173
ERROR - 2020-06-11 12:29:37 --> Could not find the language line "Đóng"
ERROR - 2020-06-11 12:29:37 --> Could not find the language line "Xác Nhận"
ERROR - 2020-06-11 12:29:37 --> Could not find the language line "Đóng"
ERROR - 2020-06-11 12:29:37 --> Could not find the language line "Xác Nhận"
ERROR - 2020-06-11 12:29:37 --> Could not find the language line "Đóng"
ERROR - 2020-06-11 12:29:37 --> Could not find the language line "Tải"
ERROR - 2020-06-11 07:00:32 --> Could not find the language line "Email"
ERROR - 2020-06-11 07:00:32 --> Could not find the language line "password"
ERROR - 2020-06-11 08:20:07 --> Could not find the language line "Email"
ERROR - 2020-06-11 08:20:07 --> Could not find the language line "password"
ERROR - 2020-06-11 08:20:17 --> Could not find the language line "Email"
ERROR - 2020-06-11 08:20:17 --> Could not find the language line "password"
ERROR - 2020-06-11 15:08:58 --> Could not find the language line "Tạo Điểm Lấy Hàng"
ERROR - 2020-06-11 15:08:58 --> Could not find the language line "Tạo Đơn Hàng"
ERROR - 2020-06-11 15:08:58 --> Could not find the language line "Tải Excel"
ERROR - 2020-06-11 15:08:58 --> Could not find the language line "Đóng"
ERROR - 2020-06-11 15:08:58 --> Could not find the language line "Xác Nhận"
ERROR - 2020-06-11 15:08:58 --> Severity: Warning --> Invalid argument supplied for foreach() /home/admin/domains/spshd.com/public_html/khachhang/application/views/app.php 162
ERROR - 2020-06-11 15:08:58 --> Severity: Warning --> Invalid argument supplied for foreach() /home/admin/domains/spshd.com/public_html/khachhang/application/views/app.php 173
ERROR - 2020-06-11 15:08:58 --> Could not find the language line "Đóng"
ERROR - 2020-06-11 15:08:58 --> Could not find the language line "Xác Nhận"
ERROR - 2020-06-11 15:08:58 --> Could not find the language line "Đóng"
ERROR - 2020-06-11 15:08:58 --> Could not find the language line "Xác Nhận"
ERROR - 2020-06-11 15:08:58 --> Could not find the language line "Đóng"
ERROR - 2020-06-11 15:08:58 --> Could not find the language line "Tải"
ERROR - 2020-06-11 15:15:46 --> Could not find the language line "Tạo Điểm Lấy Hàng"
ERROR - 2020-06-11 15:15:46 --> Could not find the language line "Tạo Đơn Hàng"
ERROR - 2020-06-11 15:15:46 --> Could not find the language line "Tải Excel"
ERROR - 2020-06-11 15:15:46 --> Could not find the language line "Đóng"
ERROR - 2020-06-11 15:15:46 --> Could not find the language line "Xác Nhận"
ERROR - 2020-06-11 15:15:46 --> Severity: Warning --> Invalid argument supplied for foreach() /home/admin/domains/spshd.com/public_html/khachhang/application/views/app.php 162
ERROR - 2020-06-11 15:15:46 --> Severity: Warning --> Invalid argument supplied for foreach() /home/admin/domains/spshd.com/public_html/khachhang/application/views/app.php 173
ERROR - 2020-06-11 15:15:46 --> Could not find the language line "Đóng"
ERROR - 2020-06-11 15:15:46 --> Could not find the language line "Xác Nhận"
ERROR - 2020-06-11 15:15:46 --> Could not find the language line "Đóng"
ERROR - 2020-06-11 15:15:46 --> Could not find the language line "Xác Nhận"
ERROR - 2020-06-11 15:15:46 --> Could not find the language line "Đóng"
ERROR - 2020-06-11 15:15:46 --> Could not find the language line "Tải"
ERROR - 2020-06-11 15:15:46 --> Could not find the language line "Tạo Điểm Lấy Hàng"
ERROR - 2020-06-11 15:15:46 --> Could not find the language line "Tạo Đơn Hàng"
ERROR - 2020-06-11 15:15:46 --> Could not find the language line "Tải Excel"
ERROR - 2020-06-11 15:15:46 --> Could not find the language line "Đóng"
ERROR - 2020-06-11 15:15:46 --> Could not find the language line "Xác Nhận"
ERROR - 2020-06-11 15:15:46 --> Severity: Warning --> Invalid argument supplied for foreach() /home/admin/domains/spshd.com/public_html/khachhang/application/views/app.php 162
ERROR - 2020-06-11 15:15:46 --> Severity: Warning --> Invalid argument supplied for foreach() /home/admin/domains/spshd.com/public_html/khachhang/application/views/app.php 173
ERROR - 2020-06-11 15:15:46 --> Could not find the language line "Đóng"
ERROR - 2020-06-11 15:15:46 --> Could not find the language line "Xác Nhận"
ERROR - 2020-06-11 15:15:46 --> Could not find the language line "Đóng"
ERROR - 2020-06-11 15:15:46 --> Could not find the language line "Xác Nhận"
ERROR - 2020-06-11 15:15:46 --> Could not find the language line "Đóng"
ERROR - 2020-06-11 15:15:46 --> Could not find the language line "Tải"
ERROR - 2020-06-11 15:31:22 --> Could not find the language line "Tạo Điểm Lấy Hàng"
ERROR - 2020-06-11 15:31:22 --> Could not find the language line "Tạo Đơn Hàng"
ERROR - 2020-06-11 15:31:22 --> Could not find the language line "Tải Excel"
ERROR - 2020-06-11 15:31:22 --> Could not find the language line "Đóng"
ERROR - 2020-06-11 15:31:22 --> Could not find the language line "Xác Nhận"
ERROR - 2020-06-11 15:31:22 --> Severity: Warning --> Invalid argument supplied for foreach() /home/admin/domains/spshd.com/public_html/khachhang/application/views/app.php 162
ERROR - 2020-06-11 15:31:22 --> Severity: Warning --> Invalid argument supplied for foreach() /home/admin/domains/spshd.com/public_html/khachhang/application/views/app.php 173
ERROR - 2020-06-11 15:31:22 --> Could not find the language line "Đóng"
ERROR - 2020-06-11 15:31:22 --> Could not find the language line "Xác Nhận"
ERROR - 2020-06-11 15:31:22 --> Could not find the language line "Đóng"
ERROR - 2020-06-11 15:31:22 --> Could not find the language line "Xác Nhận"
ERROR - 2020-06-11 15:31:22 --> Could not find the language line "Đóng"
ERROR - 2020-06-11 15:31:22 --> Could not find the language line "Tải"
ERROR - 2020-06-11 15:47:06 --> Could not find the language line "Tạo Điểm Lấy Hàng"
ERROR - 2020-06-11 15:47:06 --> Could not find the language line "Tạo Đơn Hàng"
ERROR - 2020-06-11 15:47:06 --> Could not find the language line "Tải Excel"
ERROR - 2020-06-11 15:47:06 --> Could not find the language line "Đóng"
ERROR - 2020-06-11 15:47:06 --> Could not find the language line "Xác Nhận"
ERROR - 2020-06-11 15:47:06 --> Severity: Warning --> Invalid argument supplied for foreach() /home/admin/domains/spshd.com/public_html/khachhang/application/views/app.php 162
ERROR - 2020-06-11 15:47:06 --> Severity: Warning --> Invalid argument supplied for foreach() /home/admin/domains/spshd.com/public_html/khachhang/application/views/app.php 173
ERROR - 2020-06-11 15:47:06 --> Could not find the language line "Đóng"
ERROR - 2020-06-11 15:47:06 --> Could not find the language line "Xác Nhận"
ERROR - 2020-06-11 15:47:06 --> Could not find the language line "Đóng"
ERROR - 2020-06-11 15:47:06 --> Could not find the language line "Xác Nhận"
ERROR - 2020-06-11 15:47:06 --> Could not find the language line "Đóng"
ERROR - 2020-06-11 15:47:06 --> Could not find the language line "Tải"
ERROR - 2020-06-11 15:59:54 --> Could not find the language line "Tạo Điểm Lấy Hàng"
ERROR - 2020-06-11 15:59:54 --> Could not find the language line "Tạo Đơn Hàng"
ERROR - 2020-06-11 15:59:54 --> Could not find the language line "Tải Excel"
ERROR - 2020-06-11 15:59:54 --> Could not find the language line "Đóng"
ERROR - 2020-06-11 15:59:54 --> Could not find the language line "Xác Nhận"
ERROR - 2020-06-11 15:59:54 --> Severity: Warning --> Invalid argument supplied for foreach() /home/admin/domains/spshd.com/public_html/khachhang/application/views/app.php 162
ERROR - 2020-06-11 15:59:54 --> Severity: Warning --> Invalid argument supplied for foreach() /home/admin/domains/spshd.com/public_html/khachhang/application/views/app.php 173
ERROR - 2020-06-11 15:59:54 --> Could not find the language line "Đóng"
ERROR - 2020-06-11 15:59:54 --> Could not find the language line "Xác Nhận"
ERROR - 2020-06-11 15:59:54 --> Could not find the language line "Đóng"
ERROR - 2020-06-11 15:59:54 --> Could not find the language line "Xác Nhận"
ERROR - 2020-06-11 15:59:54 --> Could not find the language line "Đóng"
ERROR - 2020-06-11 15:59:54 --> Could not find the language line "Tải"
ERROR - 2020-06-11 16:15:29 --> Could not find the language line "Tạo Điểm Lấy Hàng"
ERROR - 2020-06-11 16:15:29 --> Could not find the language line "Tạo Đơn Hàng"
ERROR - 2020-06-11 16:15:29 --> Could not find the language line "Tải Excel"
ERROR - 2020-06-11 16:15:29 --> Could not find the language line "Đóng"
ERROR - 2020-06-11 16:15:29 --> Could not find the language line "Xác Nhận"
ERROR - 2020-06-11 16:15:29 --> Severity: Warning --> Invalid argument supplied for foreach() /home/admin/domains/spshd.com/public_html/khachhang/application/views/app.php 162
ERROR - 2020-06-11 16:15:29 --> Severity: Warning --> Invalid argument supplied for foreach() /home/admin/domains/spshd.com/public_html/khachhang/application/views/app.php 173
ERROR - 2020-06-11 16:15:29 --> Could not find the language line "Đóng"
ERROR - 2020-06-11 16:15:29 --> Could not find the language line "Xác Nhận"
ERROR - 2020-06-11 16:15:29 --> Could not find the language line "Đóng"
ERROR - 2020-06-11 16:15:29 --> Could not find the language line "Xác Nhận"
ERROR - 2020-06-11 16:15:29 --> Could not find the language line "Đóng"
ERROR - 2020-06-11 16:15:29 --> Could not find the language line "Tải"
ERROR - 2020-06-11 16:24:47 --> Could not find the language line "Tạo Điểm Lấy Hàng"
ERROR - 2020-06-11 16:24:47 --> Could not find the language line "Tạo Đơn Hàng"
ERROR - 2020-06-11 16:24:47 --> Could not find the language line "Tải Excel"
ERROR - 2020-06-11 16:24:47 --> Could not find the language line "Đóng"
ERROR - 2020-06-11 16:24:47 --> Could not find the language line "Xác Nhận"
ERROR - 2020-06-11 16:24:47 --> Severity: Warning --> Invalid argument supplied for foreach() /home/admin/domains/spshd.com/public_html/khachhang/application/views/app.php 162
ERROR - 2020-06-11 16:24:47 --> Severity: Warning --> Invalid argument supplied for foreach() /home/admin/domains/spshd.com/public_html/khachhang/application/views/app.php 173
ERROR - 2020-06-11 16:24:47 --> Could not find the language line "Đóng"
ERROR - 2020-06-11 16:24:47 --> Could not find the language line "Xác Nhận"
ERROR - 2020-06-11 16:24:47 --> Could not find the language line "Đóng"
ERROR - 2020-06-11 16:24:47 --> Could not find the language line "Xác Nhận"
ERROR - 2020-06-11 16:24:47 --> Could not find the language line "Đóng"
ERROR - 2020-06-11 16:24:47 --> Could not find the language line "Tải"
ERROR - 2020-06-11 16:28:29 --> Could not find the language line "Tạo Điểm Lấy Hàng"
ERROR - 2020-06-11 16:28:29 --> Could not find the language line "Tạo Đơn Hàng"
ERROR - 2020-06-11 16:28:29 --> Could not find the language line "Tải Excel"
ERROR - 2020-06-11 16:28:29 --> Could not find the language line "Đóng"
ERROR - 2020-06-11 16:28:29 --> Could not find the language line "Xác Nhận"
ERROR - 2020-06-11 16:28:29 --> Severity: Warning --> Invalid argument supplied for foreach() /home/admin/domains/spshd.com/public_html/khachhang/application/views/app.php 162
ERROR - 2020-06-11 16:28:29 --> Severity: Warning --> Invalid argument supplied for foreach() /home/admin/domains/spshd.com/public_html/khachhang/application/views/app.php 173
ERROR - 2020-06-11 16:28:29 --> Could not find the language line "Đóng"
ERROR - 2020-06-11 16:28:29 --> Could not find the language line "Xác Nhận"
ERROR - 2020-06-11 16:28:29 --> Could not find the language line "Đóng"
ERROR - 2020-06-11 16:28:29 --> Could not find the language line "Xác Nhận"
ERROR - 2020-06-11 16:28:29 --> Could not find the language line "Đóng"
ERROR - 2020-06-11 16:28:29 --> Could not find the language line "Tải"
ERROR - 2020-06-11 16:40:48 --> Could not find the language line "Tạo Điểm Lấy Hàng"
ERROR - 2020-06-11 16:40:48 --> Could not find the language line "Tạo Đơn Hàng"
ERROR - 2020-06-11 16:40:48 --> Could not find the language line "Tải Excel"
ERROR - 2020-06-11 16:40:48 --> Could not find the language line "Đóng"
ERROR - 2020-06-11 16:40:48 --> Could not find the language line "Xác Nhận"
ERROR - 2020-06-11 16:40:48 --> Severity: Warning --> Invalid argument supplied for foreach() /home/admin/domains/spshd.com/public_html/khachhang/application/views/app.php 162
ERROR - 2020-06-11 16:40:48 --> Severity: Warning --> Invalid argument supplied for foreach() /home/admin/domains/spshd.com/public_html/khachhang/application/views/app.php 173
ERROR - 2020-06-11 16:40:48 --> Could not find the language line "Đóng"
ERROR - 2020-06-11 16:40:48 --> Could not find the language line "Xác Nhận"
ERROR - 2020-06-11 16:40:48 --> Could not find the language line "Đóng"
ERROR - 2020-06-11 16:40:48 --> Could not find the language line "Xác Nhận"
ERROR - 2020-06-11 16:40:48 --> Could not find the language line "Đóng"
ERROR - 2020-06-11 16:40:48 --> Could not find the language line "Tải"
ERROR - 2020-06-11 17:07:53 --> Could not find the language line "Tạo Điểm Lấy Hàng"
ERROR - 2020-06-11 17:07:53 --> Could not find the language line "Tạo Đơn Hàng"
ERROR - 2020-06-11 17:07:53 --> Could not find the language line "Tải Excel"
ERROR - 2020-06-11 17:07:53 --> Could not find the language line "Đóng"
ERROR - 2020-06-11 17:07:53 --> Could not find the language line "Xác Nhận"
ERROR - 2020-06-11 17:07:53 --> Severity: Warning --> Invalid argument supplied for foreach() /home/admin/domains/spshd.com/public_html/khachhang/application/views/app.php 162
ERROR - 2020-06-11 17:07:53 --> Severity: Warning --> Invalid argument supplied for foreach() /home/admin/domains/spshd.com/public_html/khachhang/application/views/app.php 173
ERROR - 2020-06-11 17:07:53 --> Could not find the language line "Đóng"
ERROR - 2020-06-11 17:07:53 --> Could not find the language line "Xác Nhận"
ERROR - 2020-06-11 17:07:53 --> Could not find the language line "Đóng"
ERROR - 2020-06-11 17:07:53 --> Could not find the language line "Xác Nhận"
ERROR - 2020-06-11 17:07:53 --> Could not find the language line "Đóng"
ERROR - 2020-06-11 17:07:53 --> Could not find the language line "Tải"
ERROR - 2020-06-11 17:09:47 --> Could not find the language line "Tạo Điểm Lấy Hàng"
ERROR - 2020-06-11 17:09:47 --> Could not find the language line "Tạo Đơn Hàng"
ERROR - 2020-06-11 17:09:47 --> Could not find the language line "Tải Excel"
ERROR - 2020-06-11 17:09:47 --> Could not find the language line "Đóng"
ERROR - 2020-06-11 17:09:47 --> Could not find the language line "Xác Nhận"
ERROR - 2020-06-11 17:09:47 --> Severity: Warning --> Invalid argument supplied for foreach() /home/admin/domains/spshd.com/public_html/khachhang/application/views/app.php 162
ERROR - 2020-06-11 17:09:47 --> Severity: Warning --> Invalid argument supplied for foreach() /home/admin/domains/spshd.com/public_html/khachhang/application/views/app.php 173
ERROR - 2020-06-11 17:09:47 --> Could not find the language line "Đóng"
ERROR - 2020-06-11 17:09:47 --> Could not find the language line "Xác Nhận"
ERROR - 2020-06-11 17:09:47 --> Could not find the language line "Đóng"
ERROR - 2020-06-11 17:09:47 --> Could not find the language line "Xác Nhận"
ERROR - 2020-06-11 17:09:47 --> Could not find the language line "Đóng"
ERROR - 2020-06-11 17:09:47 --> Could not find the language line "Tải"
ERROR - 2020-06-11 17:10:19 --> Could not find the language line "Tạo Điểm Lấy Hàng"
ERROR - 2020-06-11 17:10:19 --> Could not find the language line "Tạo Đơn Hàng"
ERROR - 2020-06-11 17:10:19 --> Could not find the language line "Tải Excel"
ERROR - 2020-06-11 17:10:19 --> Could not find the language line "Đóng"
ERROR - 2020-06-11 17:10:19 --> Could not find the language line "Xác Nhận"
ERROR - 2020-06-11 17:10:19 --> Severity: Warning --> Invalid argument supplied for foreach() /home/admin/domains/spshd.com/public_html/khachhang/application/views/app.php 162
ERROR - 2020-06-11 17:10:19 --> Severity: Warning --> Invalid argument supplied for foreach() /home/admin/domains/spshd.com/public_html/khachhang/application/views/app.php 173
ERROR - 2020-06-11 17:10:19 --> Could not find the language line "Đóng"
ERROR - 2020-06-11 17:10:19 --> Could not find the language line "Xác Nhận"
ERROR - 2020-06-11 17:10:19 --> Could not find the language line "Đóng"
ERROR - 2020-06-11 17:10:19 --> Could not find the language line "Xác Nhận"
ERROR - 2020-06-11 17:10:19 --> Could not find the language line "Đóng"
ERROR - 2020-06-11 17:10:19 --> Could not find the language line "Tải"
ERROR - 2020-06-11 17:13:35 --> Could not find the language line "Tạo Điểm Lấy Hàng"
ERROR - 2020-06-11 17:13:35 --> Could not find the language line "Tạo Đơn Hàng"
ERROR - 2020-06-11 17:13:35 --> Could not find the language line "Tải Excel"
ERROR - 2020-06-11 17:13:35 --> Could not find the language line "Đóng"
ERROR - 2020-06-11 17:13:35 --> Could not find the language line "Xác Nhận"
ERROR - 2020-06-11 17:13:35 --> Severity: Warning --> Invalid argument supplied for foreach() /home/admin/domains/spshd.com/public_html/khachhang/application/views/app.php 162
ERROR - 2020-06-11 17:13:35 --> Severity: Warning --> Invalid argument supplied for foreach() /home/admin/domains/spshd.com/public_html/khachhang/application/views/app.php 173
ERROR - 2020-06-11 17:13:35 --> Could not find the language line "Đóng"
ERROR - 2020-06-11 17:13:35 --> Could not find the language line "Xác Nhận"
ERROR - 2020-06-11 17:13:35 --> Could not find the language line "Đóng"
ERROR - 2020-06-11 17:13:35 --> Could not find the language line "Xác Nhận"
ERROR - 2020-06-11 17:13:35 --> Could not find the language line "Đóng"
ERROR - 2020-06-11 17:13:35 --> Could not find the language line "Tải"
ERROR - 2020-06-11 17:19:13 --> Could not find the language line "Tạo Điểm Lấy Hàng"
ERROR - 2020-06-11 17:19:13 --> Could not find the language line "Tạo Đơn Hàng"
ERROR - 2020-06-11 17:19:13 --> Could not find the language line "Tải Excel"
ERROR - 2020-06-11 17:19:13 --> Could not find the language line "Đóng"
ERROR - 2020-06-11 17:19:13 --> Could not find the language line "Xác Nhận"
ERROR - 2020-06-11 17:19:13 --> Severity: Warning --> Invalid argument supplied for foreach() /home/admin/domains/spshd.com/public_html/khachhang/application/views/app.php 162
ERROR - 2020-06-11 17:19:13 --> Severity: Warning --> Invalid argument supplied for foreach() /home/admin/domains/spshd.com/public_html/khachhang/application/views/app.php 173
ERROR - 2020-06-11 17:19:13 --> Could not find the language line "Đóng"
ERROR - 2020-06-11 17:19:13 --> Could not find the language line "Xác Nhận"
ERROR - 2020-06-11 17:19:13 --> Could not find the language line "Đóng"
ERROR - 2020-06-11 17:19:13 --> Could not find the language line "Xác Nhận"
ERROR - 2020-06-11 17:19:13 --> Could not find the language line "Đóng"
ERROR - 2020-06-11 17:19:13 --> Could not find the language line "Tải"
ERROR - 2020-06-11 17:37:42 --> Could not find the language line "Tạo Điểm Lấy Hàng"
ERROR - 2020-06-11 17:37:42 --> Could not find the language line "Tạo Đơn Hàng"
ERROR - 2020-06-11 17:37:42 --> Could not find the language line "Tải Excel"
ERROR - 2020-06-11 17:37:42 --> Could not find the language line "Đóng"
ERROR - 2020-06-11 17:37:42 --> Could not find the language line "Xác Nhận"
ERROR - 2020-06-11 17:37:42 --> Severity: Warning --> Invalid argument supplied for foreach() /home/admin/domains/spshd.com/public_html/khachhang/application/views/app.php 162
ERROR - 2020-06-11 17:37:42 --> Severity: Warning --> Invalid argument supplied for foreach() /home/admin/domains/spshd.com/public_html/khachhang/application/views/app.php 173
ERROR - 2020-06-11 17:37:42 --> Could not find the language line "Đóng"
ERROR - 2020-06-11 17:37:42 --> Could not find the language line "Xác Nhận"
ERROR - 2020-06-11 17:37:42 --> Could not find the language line "Đóng"
ERROR - 2020-06-11 17:37:42 --> Could not find the language line "Xác Nhận"
ERROR - 2020-06-11 17:37:42 --> Could not find the language line "Đóng"
ERROR - 2020-06-11 17:37:42 --> Could not find the language line "Tải"
ERROR - 2020-06-11 17:38:04 --> Could not find the language line "Tạo Điểm Lấy Hàng"
ERROR - 2020-06-11 17:38:04 --> Could not find the language line "Tạo Đơn Hàng"
ERROR - 2020-06-11 17:38:04 --> Could not find the language line "Tải Excel"
ERROR - 2020-06-11 17:38:04 --> Could not find the language line "Đóng"
ERROR - 2020-06-11 17:38:04 --> Could not find the language line "Xác Nhận"
ERROR - 2020-06-11 17:38:04 --> Severity: Warning --> Invalid argument supplied for foreach() /home/admin/domains/spshd.com/public_html/khachhang/application/views/app.php 162
ERROR - 2020-06-11 17:38:04 --> Severity: Warning --> Invalid argument supplied for foreach() /home/admin/domains/spshd.com/public_html/khachhang/application/views/app.php 173
ERROR - 2020-06-11 17:38:04 --> Could not find the language line "Đóng"
ERROR - 2020-06-11 17:38:04 --> Could not find the language line "Xác Nhận"
ERROR - 2020-06-11 17:38:04 --> Could not find the language line "Đóng"
ERROR - 2020-06-11 17:38:04 --> Could not find the language line "Xác Nhận"
ERROR - 2020-06-11 17:38:04 --> Could not find the language line "Đóng"
ERROR - 2020-06-11 17:38:04 --> Could not find the language line "Tải"
ERROR - 2020-06-11 12:19:37 --> Could not find the language line "Email"
ERROR - 2020-06-11 12:19:37 --> Could not find the language line "password"
ERROR - 2020-06-11 18:33:31 --> Could not find the language line "Tạo Điểm Lấy Hàng"
ERROR - 2020-06-11 18:33:31 --> Could not find the language line "Tạo Đơn Hàng"
ERROR - 2020-06-11 18:33:31 --> Could not find the language line "Tải Excel"
ERROR - 2020-06-11 18:33:31 --> Could not find the language line "Đóng"
ERROR - 2020-06-11 18:33:31 --> Could not find the language line "Xác Nhận"
ERROR - 2020-06-11 18:33:31 --> Severity: Warning --> Invalid argument supplied for foreach() /home/admin/domains/spshd.com/public_html/khachhang/application/views/app.php 162
ERROR - 2020-06-11 18:33:31 --> Severity: Warning --> Invalid argument supplied for foreach() /home/admin/domains/spshd.com/public_html/khachhang/application/views/app.php 173
ERROR - 2020-06-11 18:33:31 --> Could not find the language line "Đóng"
ERROR - 2020-06-11 18:33:31 --> Could not find the language line "Xác Nhận"
ERROR - 2020-06-11 18:33:31 --> Could not find the language line "Đóng"
ERROR - 2020-06-11 18:33:31 --> Could not find the language line "Xác Nhận"
ERROR - 2020-06-11 18:33:31 --> Could not find the language line "Đóng"
ERROR - 2020-06-11 18:33:31 --> Could not find the language line "Tải"
ERROR - 2020-06-11 18:37:49 --> Could not find the language line "Tạo Điểm Lấy Hàng"
ERROR - 2020-06-11 18:37:49 --> Could not find the language line "Tạo Đơn Hàng"
ERROR - 2020-06-11 18:37:49 --> Could not find the language line "Tải Excel"
ERROR - 2020-06-11 18:37:49 --> Could not find the language line "Đóng"
ERROR - 2020-06-11 18:37:49 --> Could not find the language line "Xác Nhận"
ERROR - 2020-06-11 18:37:49 --> Severity: Warning --> Invalid argument supplied for foreach() /home/admin/domains/spshd.com/public_html/khachhang/application/views/app.php 162
ERROR - 2020-06-11 18:37:49 --> Severity: Warning --> Invalid argument supplied for foreach() /home/admin/domains/spshd.com/public_html/khachhang/application/views/app.php 173
ERROR - 2020-06-11 18:37:49 --> Could not find the language line "Đóng"
ERROR - 2020-06-11 18:37:49 --> Could not find the language line "Xác Nhận"
ERROR - 2020-06-11 18:37:49 --> Could not find the language line "Đóng"
ERROR - 2020-06-11 18:37:49 --> Could not find the language line "Xác Nhận"
ERROR - 2020-06-11 18:37:49 --> Could not find the language line "Đóng"
ERROR - 2020-06-11 18:37:49 --> Could not find the language line "Tải"
ERROR - 2020-06-11 18:43:55 --> Could not find the language line "Tạo Điểm Lấy Hàng"
ERROR - 2020-06-11 18:43:55 --> Could not find the language line "Tạo Đơn Hàng"
ERROR - 2020-06-11 18:43:55 --> Could not find the language line "Tải Excel"
ERROR - 2020-06-11 18:43:55 --> Could not find the language line "Đóng"
ERROR - 2020-06-11 18:43:55 --> Could not find the language line "Xác Nhận"
ERROR - 2020-06-11 18:43:55 --> Severity: Warning --> Invalid argument supplied for foreach() /home/admin/domains/spshd.com/public_html/khachhang/application/views/app.php 162
ERROR - 2020-06-11 18:43:55 --> Severity: Warning --> Invalid argument supplied for foreach() /home/admin/domains/spshd.com/public_html/khachhang/application/views/app.php 173
ERROR - 2020-06-11 18:43:55 --> Could not find the language line "Đóng"
ERROR - 2020-06-11 18:43:55 --> Could not find the language line "Xác Nhận"
ERROR - 2020-06-11 18:43:55 --> Could not find the language line "Đóng"
ERROR - 2020-06-11 18:43:55 --> Could not find the language line "Xác Nhận"
ERROR - 2020-06-11 18:43:55 --> Could not find the language line "Đóng"
ERROR - 2020-06-11 18:43:55 --> Could not find the language line "Tải"
ERROR - 2020-06-11 18:45:18 --> Could not find the language line "Tạo Điểm Lấy Hàng"
ERROR - 2020-06-11 18:45:18 --> Could not find the language line "Tạo Đơn Hàng"
ERROR - 2020-06-11 18:45:18 --> Could not find the language line "Tải Excel"
ERROR - 2020-06-11 18:45:18 --> Could not find the language line "Đóng"
ERROR - 2020-06-11 18:45:18 --> Could not find the language line "Xác Nhận"
ERROR - 2020-06-11 18:45:18 --> Severity: Warning --> Invalid argument supplied for foreach() /home/admin/domains/spshd.com/public_html/khachhang/application/views/app.php 162
ERROR - 2020-06-11 18:45:18 --> Severity: Warning --> Invalid argument supplied for foreach() /home/admin/domains/spshd.com/public_html/khachhang/application/views/app.php 173
ERROR - 2020-06-11 18:45:18 --> Could not find the language line "Đóng"
ERROR - 2020-06-11 18:45:18 --> Could not find the language line "Xác Nhận"
ERROR - 2020-06-11 18:45:18 --> Could not find the language line "Đóng"
ERROR - 2020-06-11 18:45:18 --> Could not find the language line "Xác Nhận"
ERROR - 2020-06-11 18:45:18 --> Could not find the language line "Đóng"
ERROR - 2020-06-11 18:45:18 --> Could not find the language line "Tải"
ERROR - 2020-06-11 18:50:36 --> Could not find the language line "Tạo Điểm Lấy Hàng"
ERROR - 2020-06-11 18:50:36 --> Could not find the language line "Tạo Đơn Hàng"
ERROR - 2020-06-11 18:50:36 --> Could not find the language line "Tải Excel"
ERROR - 2020-06-11 18:50:36 --> Could not find the language line "Đóng"
ERROR - 2020-06-11 18:50:36 --> Could not find the language line "Xác Nhận"
ERROR - 2020-06-11 18:50:36 --> Severity: Warning --> Invalid argument supplied for foreach() /home/admin/domains/spshd.com/public_html/khachhang/application/views/app.php 162
ERROR - 2020-06-11 18:50:36 --> Severity: Warning --> Invalid argument supplied for foreach() /home/admin/domains/spshd.com/public_html/khachhang/application/views/app.php 173
ERROR - 2020-06-11 18:50:36 --> Could not find the language line "Đóng"
ERROR - 2020-06-11 18:50:36 --> Could not find the language line "Xác Nhận"
ERROR - 2020-06-11 18:50:36 --> Could not find the language line "Đóng"
ERROR - 2020-06-11 18:50:36 --> Could not find the language line "Xác Nhận"
ERROR - 2020-06-11 18:50:36 --> Could not find the language line "Đóng"
ERROR - 2020-06-11 18:50:36 --> Could not find the language line "Tải"
ERROR - 2020-06-11 20:27:43 --> Could not find the language line "Tạo Điểm Lấy Hàng"
ERROR - 2020-06-11 20:27:43 --> Could not find the language line "Tạo Đơn Hàng"
ERROR - 2020-06-11 20:27:43 --> Could not find the language line "Tải Excel"
ERROR - 2020-06-11 20:27:43 --> Could not find the language line "Đóng"
ERROR - 2020-06-11 20:27:43 --> Could not find the language line "Xác Nhận"
ERROR - 2020-06-11 20:27:43 --> Severity: Warning --> Invalid argument supplied for foreach() /home/admin/domains/spshd.com/public_html/khachhang/application/views/app.php 162
ERROR - 2020-06-11 20:27:43 --> Severity: Warning --> Invalid argument supplied for foreach() /home/admin/domains/spshd.com/public_html/khachhang/application/views/app.php 173
ERROR - 2020-06-11 20:27:43 --> Could not find the language line "Đóng"
ERROR - 2020-06-11 20:27:43 --> Could not find the language line "Xác Nhận"
ERROR - 2020-06-11 20:27:43 --> Could not find the language line "Đóng"
ERROR - 2020-06-11 20:27:43 --> Could not find the language line "Xác Nhận"
ERROR - 2020-06-11 20:27:43 --> Could not find the language line "Đóng"
ERROR - 2020-06-11 20:27:43 --> Could not find the language line "Tải"
ERROR - 2020-06-11 20:31:57 --> Could not find the language line "Tạo Điểm Lấy Hàng"
ERROR - 2020-06-11 20:31:57 --> Could not find the language line "Tạo Đơn Hàng"
ERROR - 2020-06-11 20:31:57 --> Could not find the language line "Tải Excel"
ERROR - 2020-06-11 20:31:57 --> Could not find the language line "Đóng"
ERROR - 2020-06-11 20:31:57 --> Could not find the language line "Xác Nhận"
ERROR - 2020-06-11 20:31:57 --> Severity: Warning --> Invalid argument supplied for foreach() /home/admin/domains/spshd.com/public_html/khachhang/application/views/app.php 162
ERROR - 2020-06-11 20:31:57 --> Severity: Warning --> Invalid argument supplied for foreach() /home/admin/domains/spshd.com/public_html/khachhang/application/views/app.php 173
ERROR - 2020-06-11 20:31:57 --> Could not find the language line "Đóng"
ERROR - 2020-06-11 20:31:57 --> Could not find the language line "Xác Nhận"
ERROR - 2020-06-11 20:31:57 --> Could not find the language line "Đóng"
ERROR - 2020-06-11 20:31:57 --> Could not find the language line "Xác Nhận"
ERROR - 2020-06-11 20:31:57 --> Could not find the language line "Đóng"
ERROR - 2020-06-11 20:31:57 --> Could not find the language line "Tải"
ERROR - 2020-06-11 20:33:30 --> Could not find the language line "Tạo Điểm Lấy Hàng"
ERROR - 2020-06-11 20:33:30 --> Could not find the language line "Tạo Đơn Hàng"
ERROR - 2020-06-11 20:33:30 --> Could not find the language line "Tải Excel"
ERROR - 2020-06-11 20:33:30 --> Could not find the language line "Đóng"
ERROR - 2020-06-11 20:33:30 --> Could not find the language line "Xác Nhận"
ERROR - 2020-06-11 20:33:30 --> Severity: Warning --> Invalid argument supplied for foreach() /home/admin/domains/spshd.com/public_html/khachhang/application/views/app.php 162
ERROR - 2020-06-11 20:33:30 --> Severity: Warning --> Invalid argument supplied for foreach() /home/admin/domains/spshd.com/public_html/khachhang/application/views/app.php 173
ERROR - 2020-06-11 20:33:30 --> Could not find the language line "Đóng"
ERROR - 2020-06-11 20:33:30 --> Could not find the language line "Xác Nhận"
ERROR - 2020-06-11 20:33:30 --> Could not find the language line "Đóng"
ERROR - 2020-06-11 20:33:30 --> Could not find the language line "Xác Nhận"
ERROR - 2020-06-11 20:33:30 --> Could not find the language line "Đóng"
ERROR - 2020-06-11 20:33:30 --> Could not find the language line "Tải"
ERROR - 2020-06-11 20:58:42 --> Could not find the language line "Tạo Điểm Lấy Hàng"
ERROR - 2020-06-11 20:58:42 --> Could not find the language line "Tạo Đơn Hàng"
ERROR - 2020-06-11 20:58:42 --> Could not find the language line "Tải Excel"
ERROR - 2020-06-11 20:58:42 --> Could not find the language line "Đóng"
ERROR - 2020-06-11 20:58:42 --> Could not find the language line "Xác Nhận"
ERROR - 2020-06-11 20:58:42 --> Severity: Warning --> Invalid argument supplied for foreach() /home/admin/domains/spshd.com/public_html/khachhang/application/views/app.php 162
ERROR - 2020-06-11 20:58:42 --> Severity: Warning --> Invalid argument supplied for foreach() /home/admin/domains/spshd.com/public_html/khachhang/application/views/app.php 173
ERROR - 2020-06-11 20:58:42 --> Could not find the language line "Đóng"
ERROR - 2020-06-11 20:58:42 --> Could not find the language line "Xác Nhận"
ERROR - 2020-06-11 20:58:42 --> Could not find the language line "Đóng"
ERROR - 2020-06-11 20:58:42 --> Could not find the language line "Xác Nhận"
ERROR - 2020-06-11 20:58:42 --> Could not find the language line "Đóng"
ERROR - 2020-06-11 20:58:42 --> Could not find the language line "Tải"
ERROR - 2020-06-11 21:10:56 --> Could not find the language line "Tạo Điểm Lấy Hàng"
ERROR - 2020-06-11 21:10:56 --> Could not find the language line "Tạo Đơn Hàng"
ERROR - 2020-06-11 21:10:56 --> Could not find the language line "Tải Excel"
ERROR - 2020-06-11 21:10:56 --> Could not find the language line "Đóng"
ERROR - 2020-06-11 21:10:56 --> Could not find the language line "Xác Nhận"
ERROR - 2020-06-11 21:10:56 --> Severity: Warning --> Invalid argument supplied for foreach() /home/admin/domains/spshd.com/public_html/khachhang/application/views/app.php 162
ERROR - 2020-06-11 21:10:56 --> Severity: Warning --> Invalid argument supplied for foreach() /home/admin/domains/spshd.com/public_html/khachhang/application/views/app.php 173
ERROR - 2020-06-11 21:10:56 --> Could not find the language line "Đóng"
ERROR - 2020-06-11 21:10:56 --> Could not find the language line "Xác Nhận"
ERROR - 2020-06-11 21:10:56 --> Could not find the language line "Đóng"
ERROR - 2020-06-11 21:10:56 --> Could not find the language line "Xác Nhận"
ERROR - 2020-06-11 21:10:56 --> Could not find the language line "Đóng"
ERROR - 2020-06-11 21:10:56 --> Could not find the language line "Tải"
ERROR - 2020-06-11 21:24:15 --> Could not find the language line "Tạo Điểm Lấy Hàng"
ERROR - 2020-06-11 21:24:15 --> Could not find the language line "Tạo Đơn Hàng"
ERROR - 2020-06-11 21:24:15 --> Could not find the language line "Tải Excel"
ERROR - 2020-06-11 21:24:15 --> Could not find the language line "Đóng"
ERROR - 2020-06-11 21:24:15 --> Could not find the language line "Xác Nhận"
ERROR - 2020-06-11 21:24:15 --> Severity: Warning --> Invalid argument supplied for foreach() /home/admin/domains/spshd.com/public_html/khachhang/application/views/app.php 162
ERROR - 2020-06-11 21:24:15 --> Severity: Warning --> Invalid argument supplied for foreach() /home/admin/domains/spshd.com/public_html/khachhang/application/views/app.php 173
ERROR - 2020-06-11 21:24:15 --> Could not find the language line "Đóng"
ERROR - 2020-06-11 21:24:15 --> Could not find the language line "Xác Nhận"
ERROR - 2020-06-11 21:24:15 --> Could not find the language line "Đóng"
ERROR - 2020-06-11 21:24:15 --> Could not find the language line "Xác Nhận"
ERROR - 2020-06-11 21:24:15 --> Could not find the language line "Đóng"
ERROR - 2020-06-11 21:24:15 --> Could not find the language line "Tải"
ERROR - 2020-06-11 22:45:42 --> Could not find the language line "Tạo Điểm Lấy Hàng"
ERROR - 2020-06-11 22:45:42 --> Could not find the language line "Tạo Đơn Hàng"
ERROR - 2020-06-11 22:45:42 --> Could not find the language line "Tải Excel"
ERROR - 2020-06-11 22:45:42 --> Could not find the language line "Đóng"
ERROR - 2020-06-11 22:45:42 --> Could not find the language line "Xác Nhận"
ERROR - 2020-06-11 22:45:42 --> Severity: Warning --> Invalid argument supplied for foreach() /home/admin/domains/spshd.com/public_html/khachhang/application/views/app.php 162
ERROR - 2020-06-11 22:45:42 --> Severity: Warning --> Invalid argument supplied for foreach() /home/admin/domains/spshd.com/public_html/khachhang/application/views/app.php 173
ERROR - 2020-06-11 22:45:42 --> Could not find the language line "Đóng"
ERROR - 2020-06-11 22:45:42 --> Could not find the language line "Xác Nhận"
ERROR - 2020-06-11 22:45:42 --> Could not find the language line "Đóng"
ERROR - 2020-06-11 22:45:42 --> Could not find the language line "Xác Nhận"
ERROR - 2020-06-11 22:45:42 --> Could not find the language line "Đóng"
ERROR - 2020-06-11 22:45:42 --> Could not find the language line "Tải"
ERROR - 2020-06-11 23:20:49 --> Could not find the language line "Tạo Điểm Lấy Hàng"
ERROR - 2020-06-11 23:20:49 --> Could not find the language line "Tạo Đơn Hàng"
ERROR - 2020-06-11 23:20:49 --> Could not find the language line "Tải Excel"
ERROR - 2020-06-11 23:20:49 --> Could not find the language line "Đóng"
ERROR - 2020-06-11 23:20:49 --> Could not find the language line "Xác Nhận"
ERROR - 2020-06-11 23:20:49 --> Severity: Warning --> Invalid argument supplied for foreach() /home/admin/domains/spshd.com/public_html/khachhang/application/views/app.php 162
ERROR - 2020-06-11 23:20:49 --> Severity: Warning --> Invalid argument supplied for foreach() /home/admin/domains/spshd.com/public_html/khachhang/application/views/app.php 173
ERROR - 2020-06-11 23:20:49 --> Could not find the language line "Đóng"
ERROR - 2020-06-11 23:20:49 --> Could not find the language line "Xác Nhận"
ERROR - 2020-06-11 23:20:49 --> Could not find the language line "Đóng"
ERROR - 2020-06-11 23:20:49 --> Could not find the language line "Xác Nhận"
ERROR - 2020-06-11 23:20:49 --> Could not find the language line "Đóng"
ERROR - 2020-06-11 23:20:49 --> Could not find the language line "Tải"
ERROR - 2020-06-11 23:20:49 --> Could not find the language line "Tạo Điểm Lấy Hàng"
ERROR - 2020-06-11 23:20:49 --> Could not find the language line "Tạo Đơn Hàng"
ERROR - 2020-06-11 23:20:49 --> Could not find the language line "Tải Excel"
ERROR - 2020-06-11 23:20:49 --> Could not find the language line "Đóng"
ERROR - 2020-06-11 23:20:49 --> Could not find the language line "Xác Nhận"
ERROR - 2020-06-11 23:20:49 --> Severity: Warning --> Invalid argument supplied for foreach() /home/admin/domains/spshd.com/public_html/khachhang/application/views/app.php 162
ERROR - 2020-06-11 23:20:49 --> Severity: Warning --> Invalid argument supplied for foreach() /home/admin/domains/spshd.com/public_html/khachhang/application/views/app.php 173
ERROR - 2020-06-11 23:20:49 --> Could not find the language line "Đóng"
ERROR - 2020-06-11 23:20:49 --> Could not find the language line "Xác Nhận"
ERROR - 2020-06-11 23:20:49 --> Could not find the language line "Đóng"
ERROR - 2020-06-11 23:20:49 --> Could not find the language line "Xác Nhận"
ERROR - 2020-06-11 23:20:49 --> Could not find the language line "Đóng"
ERROR - 2020-06-11 23:20:49 --> Could not find the language line "Tải"
