ERROR - 2020-01-07 00:18:14 --> Could not find the language line "Email"
ERROR - 2020-01-07 00:18:14 --> Could not find the language line "password"
ERROR - 2020-01-07 00:22:51 --> Could not find the language line "Tạo Điểm Lấy Hàng"
ERROR - 2020-01-07 00:22:51 --> Could not find the language line "Tạo Đơn Hàng"
ERROR - 2020-01-07 00:22:51 --> Severity: Warning --> Invalid argument supplied for foreach() /home/admin/domains/spshd.com/public_html/khachhang/application/views/tab4.php 394
ERROR - 2020-01-07 00:22:51 --> Could not find the language line "Đóng"
ERROR - 2020-01-07 00:22:51 --> Could not find the language line "Xác Nhận"
ERROR - 2020-01-07 00:22:51 --> Severity: Warning --> Invalid argument supplied for foreach() /home/admin/domains/spshd.com/public_html/khachhang/application/views/app.php 157
ERROR - 2020-01-07 00:22:51 --> Severity: Warning --> Invalid argument supplied for foreach() /home/admin/domains/spshd.com/public_html/khachhang/application/views/app.php 168
ERROR - 2020-01-07 00:22:51 --> Could not find the language line "Đóng"
ERROR - 2020-01-07 00:22:51 --> Could not find the language line "Xác Nhận"
ERROR - 2020-01-07 00:22:51 --> Could not find the language line "Đóng"
ERROR - 2020-01-07 00:22:51 --> Could not find the language line "Xác Nhận"
ERROR - 2020-01-07 00:24:27 --> Could not find the language line "Tạo Điểm Lấy Hàng"
ERROR - 2020-01-07 00:24:27 --> Could not find the language line "Tạo Đơn Hàng"
ERROR - 2020-01-07 00:24:27 --> Severity: Warning --> Invalid argument supplied for foreach() /home/admin/domains/spshd.com/public_html/khachhang/application/views/tab4.php 394
ERROR - 2020-01-07 00:24:27 --> Could not find the language line "Đóng"
ERROR - 2020-01-07 00:24:27 --> Could not find the language line "Xác Nhận"
ERROR - 2020-01-07 00:24:27 --> Severity: Warning --> Invalid argument supplied for foreach() /home/admin/domains/spshd.com/public_html/khachhang/application/views/app.php 157
ERROR - 2020-01-07 00:24:27 --> Severity: Warning --> Invalid argument supplied for foreach() /home/admin/domains/spshd.com/public_html/khachhang/application/views/app.php 168
ERROR - 2020-01-07 00:24:27 --> Could not find the language line "Đóng"
ERROR - 2020-01-07 00:24:27 --> Could not find the language line "Xác Nhận"
ERROR - 2020-01-07 00:24:27 --> Could not find the language line "Đóng"
ERROR - 2020-01-07 00:24:27 --> Could not find the language line "Xác Nhận"
ERROR - 2020-01-07 01:10:25 --> Could not find the language line "Tạo Điểm Lấy Hàng"
ERROR - 2020-01-07 01:10:25 --> Could not find the language line "Tạo Đơn Hàng"
ERROR - 2020-01-07 01:10:25 --> Severity: Warning --> Invalid argument supplied for foreach() /home/admin/domains/spshd.com/public_html/khachhang/application/views/tab4.php 394
ERROR - 2020-01-07 01:10:25 --> Could not find the language line "Đóng"
ERROR - 2020-01-07 01:10:25 --> Could not find the language line "Xác Nhận"
ERROR - 2020-01-07 01:10:25 --> Severity: Warning --> Invalid argument supplied for foreach() /home/admin/domains/spshd.com/public_html/khachhang/application/views/app.php 157
ERROR - 2020-01-07 01:10:25 --> Severity: Warning --> Invalid argument supplied for foreach() /home/admin/domains/spshd.com/public_html/khachhang/application/views/app.php 168
ERROR - 2020-01-07 01:10:25 --> Could not find the language line "Đóng"
ERROR - 2020-01-07 01:10:25 --> Could not find the language line "Xác Nhận"
ERROR - 2020-01-07 01:10:25 --> Could not find the language line "Đóng"
ERROR - 2020-01-07 01:10:25 --> Could not find the language line "Xác Nhận"
ERROR - 2020-01-07 02:14:50 --> Could not find the language line "Tạo Điểm Lấy Hàng"
ERROR - 2020-01-07 02:14:50 --> Could not find the language line "Tạo Đơn Hàng"
ERROR - 2020-01-07 02:14:50 --> Severity: Warning --> Invalid argument supplied for foreach() /home/admin/domains/spshd.com/public_html/khachhang/application/views/tab4.php 394
ERROR - 2020-01-07 02:14:50 --> Could not find the language line "Đóng"
ERROR - 2020-01-07 02:14:50 --> Could not find the language line "Xác Nhận"
ERROR - 2020-01-07 02:14:50 --> Severity: Warning --> Invalid argument supplied for foreach() /home/admin/domains/spshd.com/public_html/khachhang/application/views/app.php 157
ERROR - 2020-01-07 02:14:50 --> Severity: Warning --> Invalid argument supplied for foreach() /home/admin/domains/spshd.com/public_html/khachhang/application/views/app.php 168
ERROR - 2020-01-07 02:14:50 --> Could not find the language line "Đóng"
ERROR - 2020-01-07 02:14:50 --> Could not find the language line "Xác Nhận"
ERROR - 2020-01-07 02:14:50 --> Could not find the language line "Đóng"
ERROR - 2020-01-07 02:14:50 --> Could not find the language line "Xác Nhận"
ERROR - 2020-01-07 06:55:40 --> Could not find the language line "Tạo Điểm Lấy Hàng"
ERROR - 2020-01-07 06:55:40 --> Could not find the language line "Tạo Đơn Hàng"
ERROR - 2020-01-07 06:55:40 --> Severity: Warning --> Invalid argument supplied for foreach() /home/admin/domains/spshd.com/public_html/khachhang/application/views/tab4.php 394
ERROR - 2020-01-07 06:55:40 --> Could not find the language line "Đóng"
ERROR - 2020-01-07 06:55:40 --> Could not find the language line "Xác Nhận"
ERROR - 2020-01-07 06:55:40 --> Severity: Warning --> Invalid argument supplied for foreach() /home/admin/domains/spshd.com/public_html/khachhang/application/views/app.php 157
ERROR - 2020-01-07 06:55:40 --> Severity: Warning --> Invalid argument supplied for foreach() /home/admin/domains/spshd.com/public_html/khachhang/application/views/app.php 168
ERROR - 2020-01-07 06:55:40 --> Could not find the language line "Đóng"
ERROR - 2020-01-07 06:55:40 --> Could not find the language line "Xác Nhận"
ERROR - 2020-01-07 06:55:40 --> Could not find the language line "Đóng"
ERROR - 2020-01-07 06:55:40 --> Could not find the language line "Xác Nhận"
ERROR - 2020-01-07 06:56:30 --> Could not find the language line "Tạo Điểm Lấy Hàng"
ERROR - 2020-01-07 06:56:30 --> Could not find the language line "Tạo Đơn Hàng"
ERROR - 2020-01-07 06:56:30 --> Severity: Warning --> Invalid argument supplied for foreach() /home/admin/domains/spshd.com/public_html/khachhang/application/views/tab4.php 394
ERROR - 2020-01-07 06:56:30 --> Could not find the language line "Đóng"
ERROR - 2020-01-07 06:56:30 --> Could not find the language line "Xác Nhận"
ERROR - 2020-01-07 06:56:30 --> Severity: Warning --> Invalid argument supplied for foreach() /home/admin/domains/spshd.com/public_html/khachhang/application/views/app.php 157
ERROR - 2020-01-07 06:56:30 --> Severity: Warning --> Invalid argument supplied for foreach() /home/admin/domains/spshd.com/public_html/khachhang/application/views/app.php 168
ERROR - 2020-01-07 06:56:30 --> Could not find the language line "Đóng"
ERROR - 2020-01-07 06:56:30 --> Could not find the language line "Xác Nhận"
ERROR - 2020-01-07 06:56:30 --> Could not find the language line "Đóng"
ERROR - 2020-01-07 06:56:30 --> Could not find the language line "Xác Nhận"
ERROR - 2020-01-07 09:20:50 --> Could not find the language line "Tạo Điểm Lấy Hàng"
ERROR - 2020-01-07 09:20:50 --> Could not find the language line "Tạo Đơn Hàng"
ERROR - 2020-01-07 09:20:50 --> Severity: Warning --> Invalid argument supplied for foreach() /home/admin/domains/spshd.com/public_html/khachhang/application/views/tab4.php 394
ERROR - 2020-01-07 09:20:50 --> Could not find the language line "Đóng"
ERROR - 2020-01-07 09:20:50 --> Could not find the language line "Xác Nhận"
ERROR - 2020-01-07 09:20:50 --> Severity: Warning --> Invalid argument supplied for foreach() /home/admin/domains/spshd.com/public_html/khachhang/application/views/app.php 157
ERROR - 2020-01-07 09:20:50 --> Severity: Warning --> Invalid argument supplied for foreach() /home/admin/domains/spshd.com/public_html/khachhang/application/views/app.php 168
ERROR - 2020-01-07 09:20:50 --> Could not find the language line "Đóng"
ERROR - 2020-01-07 09:20:50 --> Could not find the language line "Xác Nhận"
ERROR - 2020-01-07 09:20:50 --> Could not find the language line "Đóng"
ERROR - 2020-01-07 09:20:50 --> Could not find the language line "Xác Nhận"
ERROR - 2020-01-07 09:20:52 --> Could not find the language line "Tạo Điểm Lấy Hàng"
ERROR - 2020-01-07 09:20:52 --> Could not find the language line "Tạo Đơn Hàng"
ERROR - 2020-01-07 09:20:52 --> Severity: Warning --> Invalid argument supplied for foreach() /home/admin/domains/spshd.com/public_html/khachhang/application/views/tab4.php 394
ERROR - 2020-01-07 09:20:52 --> Could not find the language line "Đóng"
ERROR - 2020-01-07 09:20:52 --> Could not find the language line "Xác Nhận"
ERROR - 2020-01-07 09:20:52 --> Severity: Warning --> Invalid argument supplied for foreach() /home/admin/domains/spshd.com/public_html/khachhang/application/views/app.php 157
ERROR - 2020-01-07 09:20:52 --> Severity: Warning --> Invalid argument supplied for foreach() /home/admin/domains/spshd.com/public_html/khachhang/application/views/app.php 168
ERROR - 2020-01-07 09:20:52 --> Could not find the language line "Đóng"
ERROR - 2020-01-07 09:20:52 --> Could not find the language line "Xác Nhận"
ERROR - 2020-01-07 09:20:52 --> Could not find the language line "Đóng"
ERROR - 2020-01-07 09:20:52 --> Could not find the language line "Xác Nhận"
ERROR - 2020-01-07 09:28:11 --> Could not find the language line "Tạo Điểm Lấy Hàng"
ERROR - 2020-01-07 09:28:11 --> Could not find the language line "Tạo Đơn Hàng"
ERROR - 2020-01-07 09:28:11 --> Severity: Warning --> Invalid argument supplied for foreach() /home/admin/domains/spshd.com/public_html/khachhang/application/views/tab4.php 394
ERROR - 2020-01-07 09:28:11 --> Could not find the language line "Đóng"
ERROR - 2020-01-07 09:28:11 --> Could not find the language line "Xác Nhận"
ERROR - 2020-01-07 09:28:11 --> Severity: Warning --> Invalid argument supplied for foreach() /home/admin/domains/spshd.com/public_html/khachhang/application/views/app.php 157
ERROR - 2020-01-07 09:28:11 --> Severity: Warning --> Invalid argument supplied for foreach() /home/admin/domains/spshd.com/public_html/khachhang/application/views/app.php 168
ERROR - 2020-01-07 09:28:11 --> Could not find the language line "Đóng"
ERROR - 2020-01-07 09:28:11 --> Could not find the language line "Xác Nhận"
ERROR - 2020-01-07 09:28:11 --> Could not find the language line "Đóng"
ERROR - 2020-01-07 09:28:11 --> Could not find the language line "Xác Nhận"
ERROR - 2020-01-07 09:29:26 --> Could not find the language line "Tạo Điểm Lấy Hàng"
ERROR - 2020-01-07 09:29:26 --> Could not find the language line "Tạo Đơn Hàng"
ERROR - 2020-01-07 09:29:26 --> Severity: Warning --> Invalid argument supplied for foreach() /home/admin/domains/spshd.com/public_html/khachhang/application/views/tab4.php 394
ERROR - 2020-01-07 09:29:26 --> Could not find the language line "Đóng"
ERROR - 2020-01-07 09:29:26 --> Could not find the language line "Xác Nhận"
ERROR - 2020-01-07 09:29:26 --> Severity: Warning --> Invalid argument supplied for foreach() /home/admin/domains/spshd.com/public_html/khachhang/application/views/app.php 157
ERROR - 2020-01-07 09:29:26 --> Severity: Warning --> Invalid argument supplied for foreach() /home/admin/domains/spshd.com/public_html/khachhang/application/views/app.php 168
ERROR - 2020-01-07 09:29:26 --> Could not find the language line "Đóng"
ERROR - 2020-01-07 09:29:26 --> Could not find the language line "Xác Nhận"
ERROR - 2020-01-07 09:29:26 --> Could not find the language line "Đóng"
ERROR - 2020-01-07 09:29:26 --> Could not find the language line "Xác Nhận"
ERROR - 2020-01-07 11:09:40 --> Could not find the language line "Tạo Điểm Lấy Hàng"
ERROR - 2020-01-07 11:09:40 --> Could not find the language line "Tạo Đơn Hàng"
ERROR - 2020-01-07 11:09:40 --> Severity: Warning --> Invalid argument supplied for foreach() /home/admin/domains/spshd.com/public_html/khachhang/application/views/tab4.php 394
ERROR - 2020-01-07 11:09:40 --> Could not find the language line "Đóng"
ERROR - 2020-01-07 11:09:40 --> Could not find the language line "Xác Nhận"
ERROR - 2020-01-07 11:09:40 --> Severity: Warning --> Invalid argument supplied for foreach() /home/admin/domains/spshd.com/public_html/khachhang/application/views/app.php 157
ERROR - 2020-01-07 11:09:40 --> Severity: Warning --> Invalid argument supplied for foreach() /home/admin/domains/spshd.com/public_html/khachhang/application/views/app.php 168
ERROR - 2020-01-07 11:09:40 --> Could not find the language line "Đóng"
ERROR - 2020-01-07 11:09:40 --> Could not find the language line "Xác Nhận"
ERROR - 2020-01-07 11:09:40 --> Could not find the language line "Đóng"
ERROR - 2020-01-07 11:09:40 --> Could not find the language line "Xác Nhận"
ERROR - 2020-01-07 12:11:06 --> Could not find the language line "Tạo Điểm Lấy Hàng"
ERROR - 2020-01-07 12:11:06 --> Could not find the language line "Tạo Đơn Hàng"
ERROR - 2020-01-07 12:11:06 --> Severity: Warning --> Invalid argument supplied for foreach() /home/admin/domains/spshd.com/public_html/khachhang/application/views/tab4.php 394
ERROR - 2020-01-07 12:11:06 --> Could not find the language line "Đóng"
ERROR - 2020-01-07 12:11:06 --> Could not find the language line "Xác Nhận"
ERROR - 2020-01-07 12:11:06 --> Severity: Warning --> Invalid argument supplied for foreach() /home/admin/domains/spshd.com/public_html/khachhang/application/views/app.php 157
ERROR - 2020-01-07 12:11:06 --> Severity: Warning --> Invalid argument supplied for foreach() /home/admin/domains/spshd.com/public_html/khachhang/application/views/app.php 168
ERROR - 2020-01-07 12:11:06 --> Could not find the language line "Đóng"
ERROR - 2020-01-07 12:11:06 --> Could not find the language line "Xác Nhận"
ERROR - 2020-01-07 12:11:06 --> Could not find the language line "Đóng"
ERROR - 2020-01-07 12:11:06 --> Could not find the language line "Xác Nhận"
ERROR - 2020-01-07 12:11:26 --> Could not find the language line "Tạo Điểm Lấy Hàng"
ERROR - 2020-01-07 12:11:26 --> Could not find the language line "Tạo Đơn Hàng"
ERROR - 2020-01-07 12:11:26 --> Severity: Warning --> Invalid argument supplied for foreach() /home/admin/domains/spshd.com/public_html/khachhang/application/views/tab4.php 394
ERROR - 2020-01-07 12:11:26 --> Could not find the language line "Đóng"
ERROR - 2020-01-07 12:11:26 --> Could not find the language line "Xác Nhận"
ERROR - 2020-01-07 12:11:26 --> Severity: Warning --> Invalid argument supplied for foreach() /home/admin/domains/spshd.com/public_html/khachhang/application/views/app.php 157
ERROR - 2020-01-07 12:11:26 --> Severity: Warning --> Invalid argument supplied for foreach() /home/admin/domains/spshd.com/public_html/khachhang/application/views/app.php 168
ERROR - 2020-01-07 12:11:26 --> Could not find the language line "Đóng"
ERROR - 2020-01-07 12:11:26 --> Could not find the language line "Xác Nhận"
ERROR - 2020-01-07 12:11:26 --> Could not find the language line "Đóng"
ERROR - 2020-01-07 12:11:26 --> Could not find the language line "Xác Nhận"
ERROR - 2020-01-07 12:26:32 --> Could not find the language line "Tạo Điểm Lấy Hàng"
ERROR - 2020-01-07 12:26:32 --> Could not find the language line "Tạo Đơn Hàng"
ERROR - 2020-01-07 12:26:32 --> Severity: Warning --> Invalid argument supplied for foreach() /home/admin/domains/spshd.com/public_html/khachhang/application/views/tab4.php 394
ERROR - 2020-01-07 12:26:32 --> Could not find the language line "Đóng"
ERROR - 2020-01-07 12:26:32 --> Could not find the language line "Xác Nhận"
ERROR - 2020-01-07 12:26:32 --> Severity: Warning --> Invalid argument supplied for foreach() /home/admin/domains/spshd.com/public_html/khachhang/application/views/app.php 157
ERROR - 2020-01-07 12:26:32 --> Severity: Warning --> Invalid argument supplied for foreach() /home/admin/domains/spshd.com/public_html/khachhang/application/views/app.php 168
ERROR - 2020-01-07 12:26:32 --> Could not find the language line "Đóng"
ERROR - 2020-01-07 12:26:32 --> Could not find the language line "Xác Nhận"
ERROR - 2020-01-07 12:26:32 --> Could not find the language line "Đóng"
ERROR - 2020-01-07 12:26:32 --> Could not find the language line "Xác Nhận"
ERROR - 2020-01-07 13:17:51 --> Could not find the language line "Tạo Điểm Lấy Hàng"
ERROR - 2020-01-07 13:17:51 --> Could not find the language line "Tạo Đơn Hàng"
ERROR - 2020-01-07 13:17:51 --> Severity: Warning --> Invalid argument supplied for foreach() /home/admin/domains/spshd.com/public_html/khachhang/application/views/tab4.php 394
ERROR - 2020-01-07 13:17:51 --> Could not find the language line "Đóng"
ERROR - 2020-01-07 13:17:51 --> Could not find the language line "Xác Nhận"
ERROR - 2020-01-07 13:17:51 --> Severity: Warning --> Invalid argument supplied for foreach() /home/admin/domains/spshd.com/public_html/khachhang/application/views/app.php 157
ERROR - 2020-01-07 13:17:51 --> Severity: Warning --> Invalid argument supplied for foreach() /home/admin/domains/spshd.com/public_html/khachhang/application/views/app.php 168
ERROR - 2020-01-07 13:17:51 --> Could not find the language line "Đóng"
ERROR - 2020-01-07 13:17:51 --> Could not find the language line "Xác Nhận"
ERROR - 2020-01-07 13:17:51 --> Could not find the language line "Đóng"
ERROR - 2020-01-07 13:17:51 --> Could not find the language line "Xác Nhận"
ERROR - 2020-01-07 13:47:54 --> Could not find the language line "Email"
ERROR - 2020-01-07 13:47:54 --> Could not find the language line "password"
ERROR - 2020-01-07 14:54:49 --> Could not find the language line "Tạo Điểm Lấy Hàng"
ERROR - 2020-01-07 14:54:49 --> Could not find the language line "Tạo Đơn Hàng"
ERROR - 2020-01-07 14:54:49 --> Severity: Warning --> Invalid argument supplied for foreach() /home/admin/domains/spshd.com/public_html/khachhang/application/views/tab4.php 394
ERROR - 2020-01-07 14:54:49 --> Could not find the language line "Đóng"
ERROR - 2020-01-07 14:54:49 --> Could not find the language line "Xác Nhận"
ERROR - 2020-01-07 14:54:49 --> Severity: Warning --> Invalid argument supplied for foreach() /home/admin/domains/spshd.com/public_html/khachhang/application/views/app.php 157
ERROR - 2020-01-07 14:54:49 --> Severity: Warning --> Invalid argument supplied for foreach() /home/admin/domains/spshd.com/public_html/khachhang/application/views/app.php 168
ERROR - 2020-01-07 14:54:49 --> Could not find the language line "Đóng"
ERROR - 2020-01-07 14:54:49 --> Could not find the language line "Xác Nhận"
ERROR - 2020-01-07 14:54:49 --> Could not find the language line "Đóng"
ERROR - 2020-01-07 14:54:49 --> Could not find the language line "Xác Nhận"
