ERROR - 2019-10-12 08:48:01 --> Could not find the language line "Tạo Điểm Lấy Hàng"
ERROR - 2019-10-12 08:48:01 --> Could not find the language line "Tạo Đơn Hàng"
ERROR - 2019-10-12 08:48:01 --> Severity: Warning --> Invalid argument supplied for foreach() /home/admin/domains/spshd.com/public_html/khachhang/application/views/tab4.php 394
ERROR - 2019-10-12 08:48:01 --> Could not find the language line "Đóng"
ERROR - 2019-10-12 08:48:01 --> Could not find the language line "Xác Nhận"
ERROR - 2019-10-12 08:48:01 --> Severity: Warning --> Invalid argument supplied for foreach() /home/admin/domains/spshd.com/public_html/khachhang/application/views/app.php 157
ERROR - 2019-10-12 08:48:01 --> Severity: Warning --> Invalid argument supplied for foreach() /home/admin/domains/spshd.com/public_html/khachhang/application/views/app.php 168
ERROR - 2019-10-12 08:48:01 --> Could not find the language line "Đóng"
ERROR - 2019-10-12 08:48:01 --> Could not find the language line "Xác Nhận"
ERROR - 2019-10-12 08:48:01 --> Could not find the language line "Đóng"
ERROR - 2019-10-12 08:48:01 --> Could not find the language line "Xác Nhận"
ERROR - 2019-10-12 09:40:25 --> Could not find the language line "Tạo Điểm Lấy Hàng"
ERROR - 2019-10-12 09:40:25 --> Could not find the language line "Tạo Đơn Hàng"
ERROR - 2019-10-12 09:40:25 --> Severity: Warning --> Invalid argument supplied for foreach() /home/admin/domains/spshd.com/public_html/khachhang/application/views/tab4.php 394
ERROR - 2019-10-12 09:40:25 --> Could not find the language line "Đóng"
ERROR - 2019-10-12 09:40:25 --> Could not find the language line "Xác Nhận"
ERROR - 2019-10-12 09:40:25 --> Severity: Warning --> Invalid argument supplied for foreach() /home/admin/domains/spshd.com/public_html/khachhang/application/views/app.php 157
ERROR - 2019-10-12 09:40:25 --> Severity: Warning --> Invalid argument supplied for foreach() /home/admin/domains/spshd.com/public_html/khachhang/application/views/app.php 168
ERROR - 2019-10-12 09:40:25 --> Could not find the language line "Đóng"
ERROR - 2019-10-12 09:40:25 --> Could not find the language line "Xác Nhận"
ERROR - 2019-10-12 09:40:25 --> Could not find the language line "Đóng"
ERROR - 2019-10-12 09:40:25 --> Could not find the language line "Xác Nhận"
ERROR - 2019-10-12 09:41:39 --> Could not find the language line "Tạo Điểm Lấy Hàng"
ERROR - 2019-10-12 09:41:39 --> Could not find the language line "Tạo Đơn Hàng"
ERROR - 2019-10-12 09:41:39 --> Severity: Warning --> Invalid argument supplied for foreach() /home/admin/domains/spshd.com/public_html/khachhang/application/views/tab4.php 394
ERROR - 2019-10-12 09:41:39 --> Could not find the language line "Đóng"
ERROR - 2019-10-12 09:41:39 --> Could not find the language line "Xác Nhận"
ERROR - 2019-10-12 09:41:39 --> Severity: Warning --> Invalid argument supplied for foreach() /home/admin/domains/spshd.com/public_html/khachhang/application/views/app.php 157
ERROR - 2019-10-12 09:41:39 --> Severity: Warning --> Invalid argument supplied for foreach() /home/admin/domains/spshd.com/public_html/khachhang/application/views/app.php 168
ERROR - 2019-10-12 09:41:39 --> Could not find the language line "Đóng"
ERROR - 2019-10-12 09:41:39 --> Could not find the language line "Xác Nhận"
ERROR - 2019-10-12 09:41:39 --> Could not find the language line "Đóng"
ERROR - 2019-10-12 09:41:39 --> Could not find the language line "Xác Nhận"
ERROR - 2019-10-12 10:18:52 --> Could not find the language line "Tạo Điểm Lấy Hàng"
ERROR - 2019-10-12 10:18:52 --> Could not find the language line "Tạo Đơn Hàng"
ERROR - 2019-10-12 10:18:52 --> Severity: Warning --> Invalid argument supplied for foreach() /home/admin/domains/spshd.com/public_html/khachhang/application/views/tab4.php 394
ERROR - 2019-10-12 10:18:52 --> Could not find the language line "Đóng"
ERROR - 2019-10-12 10:18:52 --> Could not find the language line "Xác Nhận"
ERROR - 2019-10-12 10:18:52 --> Severity: Warning --> Invalid argument supplied for foreach() /home/admin/domains/spshd.com/public_html/khachhang/application/views/app.php 157
ERROR - 2019-10-12 10:18:52 --> Severity: Warning --> Invalid argument supplied for foreach() /home/admin/domains/spshd.com/public_html/khachhang/application/views/app.php 168
ERROR - 2019-10-12 10:18:52 --> Could not find the language line "Đóng"
ERROR - 2019-10-12 10:18:52 --> Could not find the language line "Xác Nhận"
ERROR - 2019-10-12 10:18:52 --> Could not find the language line "Đóng"
ERROR - 2019-10-12 10:18:52 --> Could not find the language line "Xác Nhận"
ERROR - 2019-10-12 11:11:29 --> Could not find the language line "Tạo Điểm Lấy Hàng"
ERROR - 2019-10-12 11:11:29 --> Could not find the language line "Tạo Đơn Hàng"
ERROR - 2019-10-12 11:11:29 --> Severity: Warning --> Invalid argument supplied for foreach() /home/admin/domains/spshd.com/public_html/khachhang/application/views/tab4.php 394
ERROR - 2019-10-12 11:11:29 --> Could not find the language line "Đóng"
ERROR - 2019-10-12 11:11:29 --> Could not find the language line "Xác Nhận"
ERROR - 2019-10-12 11:11:29 --> Severity: Warning --> Invalid argument supplied for foreach() /home/admin/domains/spshd.com/public_html/khachhang/application/views/app.php 157
ERROR - 2019-10-12 11:11:29 --> Severity: Warning --> Invalid argument supplied for foreach() /home/admin/domains/spshd.com/public_html/khachhang/application/views/app.php 168
ERROR - 2019-10-12 11:11:29 --> Could not find the language line "Đóng"
ERROR - 2019-10-12 11:11:29 --> Could not find the language line "Xác Nhận"
ERROR - 2019-10-12 11:11:29 --> Could not find the language line "Đóng"
ERROR - 2019-10-12 11:11:29 --> Could not find the language line "Xác Nhận"
ERROR - 2019-10-12 11:24:59 --> Could not find the language line "Tạo Điểm Lấy Hàng"
ERROR - 2019-10-12 11:24:59 --> Could not find the language line "Tạo Đơn Hàng"
ERROR - 2019-10-12 11:24:59 --> Severity: Warning --> Invalid argument supplied for foreach() /home/admin/domains/spshd.com/public_html/khachhang/application/views/tab4.php 394
ERROR - 2019-10-12 11:24:59 --> Could not find the language line "Đóng"
ERROR - 2019-10-12 11:24:59 --> Could not find the language line "Xác Nhận"
ERROR - 2019-10-12 11:24:59 --> Severity: Warning --> Invalid argument supplied for foreach() /home/admin/domains/spshd.com/public_html/khachhang/application/views/app.php 157
ERROR - 2019-10-12 11:24:59 --> Severity: Warning --> Invalid argument supplied for foreach() /home/admin/domains/spshd.com/public_html/khachhang/application/views/app.php 168
ERROR - 2019-10-12 11:24:59 --> Could not find the language line "Đóng"
ERROR - 2019-10-12 11:24:59 --> Could not find the language line "Xác Nhận"
ERROR - 2019-10-12 11:24:59 --> Could not find the language line "Đóng"
ERROR - 2019-10-12 11:24:59 --> Could not find the language line "Xác Nhận"
ERROR - 2019-10-12 18:00:45 --> Could not find the language line "Tạo Điểm Lấy Hàng"
ERROR - 2019-10-12 18:00:45 --> Could not find the language line "Tạo Đơn Hàng"
ERROR - 2019-10-12 18:00:45 --> Severity: Warning --> Invalid argument supplied for foreach() /home/admin/domains/spshd.com/public_html/khachhang/application/views/tab4.php 394
ERROR - 2019-10-12 18:00:45 --> Could not find the language line "Đóng"
ERROR - 2019-10-12 18:00:45 --> Could not find the language line "Xác Nhận"
ERROR - 2019-10-12 18:00:45 --> Severity: Warning --> Invalid argument supplied for foreach() /home/admin/domains/spshd.com/public_html/khachhang/application/views/app.php 157
ERROR - 2019-10-12 18:00:45 --> Severity: Warning --> Invalid argument supplied for foreach() /home/admin/domains/spshd.com/public_html/khachhang/application/views/app.php 168
ERROR - 2019-10-12 18:00:45 --> Could not find the language line "Đóng"
ERROR - 2019-10-12 18:00:45 --> Could not find the language line "Xác Nhận"
ERROR - 2019-10-12 18:00:45 --> Could not find the language line "Đóng"
ERROR - 2019-10-12 18:00:45 --> Could not find the language line "Xác Nhận"
ERROR - 2019-10-12 18:00:45 --> Could not find the language line "Tạo Điểm Lấy Hàng"
ERROR - 2019-10-12 18:00:45 --> Could not find the language line "Tạo Đơn Hàng"
ERROR - 2019-10-12 18:00:45 --> Severity: Warning --> Invalid argument supplied for foreach() /home/admin/domains/spshd.com/public_html/khachhang/application/views/tab4.php 394
ERROR - 2019-10-12 18:00:45 --> Could not find the language line "Đóng"
ERROR - 2019-10-12 18:00:45 --> Could not find the language line "Xác Nhận"
ERROR - 2019-10-12 18:00:45 --> Severity: Warning --> Invalid argument supplied for foreach() /home/admin/domains/spshd.com/public_html/khachhang/application/views/app.php 157
ERROR - 2019-10-12 18:00:45 --> Severity: Warning --> Invalid argument supplied for foreach() /home/admin/domains/spshd.com/public_html/khachhang/application/views/app.php 168
ERROR - 2019-10-12 18:00:45 --> Could not find the language line "Đóng"
ERROR - 2019-10-12 18:00:45 --> Could not find the language line "Xác Nhận"
ERROR - 2019-10-12 18:00:45 --> Could not find the language line "Đóng"
ERROR - 2019-10-12 18:00:45 --> Could not find the language line "Xác Nhận"
ERROR - 2019-10-12 18:02:51 --> Could not find the language line "Tạo Điểm Lấy Hàng"
ERROR - 2019-10-12 18:02:51 --> Could not find the language line "Tạo Đơn Hàng"
ERROR - 2019-10-12 18:02:51 --> Severity: Warning --> Invalid argument supplied for foreach() /home/admin/domains/spshd.com/public_html/khachhang/application/views/tab4.php 394
ERROR - 2019-10-12 18:02:51 --> Could not find the language line "Đóng"
ERROR - 2019-10-12 18:02:51 --> Could not find the language line "Xác Nhận"
ERROR - 2019-10-12 18:02:51 --> Severity: Warning --> Invalid argument supplied for foreach() /home/admin/domains/spshd.com/public_html/khachhang/application/views/app.php 157
ERROR - 2019-10-12 18:02:51 --> Severity: Warning --> Invalid argument supplied for foreach() /home/admin/domains/spshd.com/public_html/khachhang/application/views/app.php 168
ERROR - 2019-10-12 18:02:51 --> Could not find the language line "Đóng"
ERROR - 2019-10-12 18:02:51 --> Could not find the language line "Xác Nhận"
ERROR - 2019-10-12 18:02:51 --> Could not find the language line "Đóng"
ERROR - 2019-10-12 18:02:51 --> Could not find the language line "Xác Nhận"
ERROR - 2019-10-12 18:04:06 --> Could not find the language line "Tạo Điểm Lấy Hàng"
ERROR - 2019-10-12 18:04:06 --> Could not find the language line "Tạo Đơn Hàng"
ERROR - 2019-10-12 18:04:06 --> Severity: Warning --> Invalid argument supplied for foreach() /home/admin/domains/spshd.com/public_html/khachhang/application/views/tab4.php 394
ERROR - 2019-10-12 18:04:06 --> Could not find the language line "Đóng"
ERROR - 2019-10-12 18:04:06 --> Could not find the language line "Xác Nhận"
ERROR - 2019-10-12 18:04:06 --> Severity: Warning --> Invalid argument supplied for foreach() /home/admin/domains/spshd.com/public_html/khachhang/application/views/app.php 157
ERROR - 2019-10-12 18:04:06 --> Severity: Warning --> Invalid argument supplied for foreach() /home/admin/domains/spshd.com/public_html/khachhang/application/views/app.php 168
ERROR - 2019-10-12 18:04:06 --> Could not find the language line "Đóng"
ERROR - 2019-10-12 18:04:06 --> Could not find the language line "Xác Nhận"
ERROR - 2019-10-12 18:04:06 --> Could not find the language line "Đóng"
ERROR - 2019-10-12 18:04:06 --> Could not find the language line "Xác Nhận"
ERROR - 2019-10-12 18:05:01 --> Could not find the language line "Tạo Điểm Lấy Hàng"
ERROR - 2019-10-12 18:05:01 --> Could not find the language line "Tạo Đơn Hàng"
ERROR - 2019-10-12 18:05:01 --> Severity: Warning --> Invalid argument supplied for foreach() /home/admin/domains/spshd.com/public_html/khachhang/application/views/tab4.php 394
ERROR - 2019-10-12 18:05:01 --> Could not find the language line "Đóng"
ERROR - 2019-10-12 18:05:01 --> Could not find the language line "Xác Nhận"
ERROR - 2019-10-12 18:05:01 --> Severity: Warning --> Invalid argument supplied for foreach() /home/admin/domains/spshd.com/public_html/khachhang/application/views/app.php 157
ERROR - 2019-10-12 18:05:01 --> Severity: Warning --> Invalid argument supplied for foreach() /home/admin/domains/spshd.com/public_html/khachhang/application/views/app.php 168
ERROR - 2019-10-12 18:05:01 --> Could not find the language line "Đóng"
ERROR - 2019-10-12 18:05:01 --> Could not find the language line "Xác Nhận"
ERROR - 2019-10-12 18:05:01 --> Could not find the language line "Đóng"
ERROR - 2019-10-12 18:05:01 --> Could not find the language line "Xác Nhận"
ERROR - 2019-10-12 18:37:24 --> Could not find the language line "Email"
ERROR - 2019-10-12 18:37:24 --> Could not find the language line "password"
