ERROR - 2020-03-20 00:28:54 --> Could not find the language line "Tạo Điểm Lấy Hàng"
ERROR - 2020-03-20 00:28:54 --> Could not find the language line "Tạo Đơn Hàng"
ERROR - 2020-03-20 00:28:54 --> Severity: Warning --> Invalid argument supplied for foreach() /home/admin/domains/spshd.com/public_html/khachhang/application/views/tab4.php 394
ERROR - 2020-03-20 00:28:54 --> Could not find the language line "Đóng"
ERROR - 2020-03-20 00:28:54 --> Could not find the language line "Xác Nhận"
ERROR - 2020-03-20 00:28:54 --> Severity: Warning --> Invalid argument supplied for foreach() /home/admin/domains/spshd.com/public_html/khachhang/application/views/app.php 161
ERROR - 2020-03-20 00:28:54 --> Severity: Warning --> Invalid argument supplied for foreach() /home/admin/domains/spshd.com/public_html/khachhang/application/views/app.php 172
ERROR - 2020-03-20 00:28:54 --> Could not find the language line "Đóng"
ERROR - 2020-03-20 00:28:54 --> Could not find the language line "Xác Nhận"
ERROR - 2020-03-20 00:28:54 --> Could not find the language line "Đóng"
ERROR - 2020-03-20 00:28:54 --> Could not find the language line "Xác Nhận"
ERROR - 2020-03-20 00:55:59 --> Could not find the language line "Tạo Điểm Lấy Hàng"
ERROR - 2020-03-20 00:55:59 --> Could not find the language line "Tạo Đơn Hàng"
ERROR - 2020-03-20 00:55:59 --> Severity: Warning --> Invalid argument supplied for foreach() /home/admin/domains/spshd.com/public_html/khachhang/application/views/tab4.php 394
ERROR - 2020-03-20 00:55:59 --> Could not find the language line "Đóng"
ERROR - 2020-03-20 00:55:59 --> Could not find the language line "Xác Nhận"
ERROR - 2020-03-20 00:55:59 --> Severity: Warning --> Invalid argument supplied for foreach() /home/admin/domains/spshd.com/public_html/khachhang/application/views/app.php 161
ERROR - 2020-03-20 00:55:59 --> Severity: Warning --> Invalid argument supplied for foreach() /home/admin/domains/spshd.com/public_html/khachhang/application/views/app.php 172
ERROR - 2020-03-20 00:55:59 --> Could not find the language line "Đóng"
ERROR - 2020-03-20 00:55:59 --> Could not find the language line "Xác Nhận"
ERROR - 2020-03-20 00:55:59 --> Could not find the language line "Đóng"
ERROR - 2020-03-20 00:55:59 --> Could not find the language line "Xác Nhận"
ERROR - 2020-03-20 01:20:17 --> Could not find the language line "Email"
ERROR - 2020-03-20 01:20:17 --> Could not find the language line "password"
ERROR - 2020-03-20 01:21:20 --> Could not find the language line "Email"
ERROR - 2020-03-20 01:21:20 --> Could not find the language line "password"
ERROR - 2020-03-20 02:03:51 --> Could not find the language line "Email"
ERROR - 2020-03-20 02:03:51 --> Could not find the language line "password"
ERROR - 2020-03-20 02:30:29 --> Could not find the language line "Email"
ERROR - 2020-03-20 02:30:29 --> Could not find the language line "password"
ERROR - 2020-03-20 02:35:44 --> Could not find the language line "Email"
ERROR - 2020-03-20 02:35:44 --> Could not find the language line "password"
ERROR - 2020-03-20 02:51:29 --> Could not find the language line "Email"
ERROR - 2020-03-20 02:51:29 --> Could not find the language line "password"
ERROR - 2020-03-20 02:51:57 --> Could not find the language line "Email"
ERROR - 2020-03-20 02:51:57 --> Could not find the language line "password"
ERROR - 2020-03-20 02:54:37 --> Could not find the language line "Tạo Điểm Lấy Hàng"
ERROR - 2020-03-20 02:54:37 --> Could not find the language line "Tạo Đơn Hàng"
ERROR - 2020-03-20 02:54:37 --> Severity: Warning --> Invalid argument supplied for foreach() /home/admin/domains/spshd.com/public_html/khachhang/application/views/tab4.php 394
ERROR - 2020-03-20 02:54:37 --> Could not find the language line "Đóng"
ERROR - 2020-03-20 02:54:37 --> Could not find the language line "Xác Nhận"
ERROR - 2020-03-20 02:54:37 --> Severity: Warning --> Invalid argument supplied for foreach() /home/admin/domains/spshd.com/public_html/khachhang/application/views/app.php 161
ERROR - 2020-03-20 02:54:37 --> Severity: Warning --> Invalid argument supplied for foreach() /home/admin/domains/spshd.com/public_html/khachhang/application/views/app.php 172
ERROR - 2020-03-20 02:54:37 --> Could not find the language line "Đóng"
ERROR - 2020-03-20 02:54:37 --> Could not find the language line "Xác Nhận"
ERROR - 2020-03-20 02:54:37 --> Could not find the language line "Đóng"
ERROR - 2020-03-20 02:54:37 --> Could not find the language line "Xác Nhận"
ERROR - 2020-03-20 03:02:31 --> Could not find the language line "Tạo Điểm Lấy Hàng"
ERROR - 2020-03-20 03:02:31 --> Could not find the language line "Tạo Đơn Hàng"
ERROR - 2020-03-20 03:02:31 --> Severity: Warning --> Invalid argument supplied for foreach() /home/admin/domains/spshd.com/public_html/khachhang/application/views/tab4.php 394
ERROR - 2020-03-20 03:02:31 --> Could not find the language line "Đóng"
ERROR - 2020-03-20 03:02:31 --> Could not find the language line "Xác Nhận"
ERROR - 2020-03-20 03:02:31 --> Severity: Warning --> Invalid argument supplied for foreach() /home/admin/domains/spshd.com/public_html/khachhang/application/views/app.php 161
ERROR - 2020-03-20 03:02:31 --> Severity: Warning --> Invalid argument supplied for foreach() /home/admin/domains/spshd.com/public_html/khachhang/application/views/app.php 172
ERROR - 2020-03-20 03:02:31 --> Could not find the language line "Đóng"
ERROR - 2020-03-20 03:02:31 --> Could not find the language line "Xác Nhận"
ERROR - 2020-03-20 03:02:31 --> Could not find the language line "Đóng"
ERROR - 2020-03-20 03:02:31 --> Could not find the language line "Xác Nhận"
ERROR - 2020-03-20 03:05:51 --> Could not find the language line "Email"
ERROR - 2020-03-20 03:05:51 --> Could not find the language line "password"
ERROR - 2020-03-20 03:21:13 --> Could not find the language line "Email"
ERROR - 2020-03-20 03:21:13 --> Could not find the language line "password"
ERROR - 2020-03-20 03:21:18 --> Could not find the language line "Email"
ERROR - 2020-03-20 03:21:18 --> Could not find the language line "password"
ERROR - 2020-03-20 03:21:24 --> Could not find the language line "Email"
ERROR - 2020-03-20 03:21:24 --> Could not find the language line "password"
ERROR - 2020-03-20 03:33:10 --> Could not find the language line "Tạo Điểm Lấy Hàng"
ERROR - 2020-03-20 03:33:10 --> Could not find the language line "Tạo Đơn Hàng"
ERROR - 2020-03-20 03:33:10 --> Severity: Warning --> Invalid argument supplied for foreach() /home/admin/domains/spshd.com/public_html/khachhang/application/views/tab4.php 394
ERROR - 2020-03-20 03:33:10 --> Could not find the language line "Đóng"
ERROR - 2020-03-20 03:33:10 --> Could not find the language line "Xác Nhận"
ERROR - 2020-03-20 03:33:10 --> Severity: Warning --> Invalid argument supplied for foreach() /home/admin/domains/spshd.com/public_html/khachhang/application/views/app.php 161
ERROR - 2020-03-20 03:33:10 --> Severity: Warning --> Invalid argument supplied for foreach() /home/admin/domains/spshd.com/public_html/khachhang/application/views/app.php 172
ERROR - 2020-03-20 03:33:10 --> Could not find the language line "Đóng"
ERROR - 2020-03-20 03:33:10 --> Could not find the language line "Xác Nhận"
ERROR - 2020-03-20 03:33:10 --> Could not find the language line "Đóng"
ERROR - 2020-03-20 03:33:10 --> Could not find the language line "Xác Nhận"
ERROR - 2020-03-20 03:47:16 --> Could not find the language line "Tạo Điểm Lấy Hàng"
ERROR - 2020-03-20 03:47:16 --> Could not find the language line "Tạo Đơn Hàng"
ERROR - 2020-03-20 03:47:16 --> Severity: Warning --> Invalid argument supplied for foreach() /home/admin/domains/spshd.com/public_html/khachhang/application/views/tab4.php 394
ERROR - 2020-03-20 03:47:16 --> Could not find the language line "Đóng"
ERROR - 2020-03-20 03:47:16 --> Could not find the language line "Xác Nhận"
ERROR - 2020-03-20 03:47:16 --> Severity: Warning --> Invalid argument supplied for foreach() /home/admin/domains/spshd.com/public_html/khachhang/application/views/app.php 161
ERROR - 2020-03-20 03:47:16 --> Severity: Warning --> Invalid argument supplied for foreach() /home/admin/domains/spshd.com/public_html/khachhang/application/views/app.php 172
ERROR - 2020-03-20 03:47:16 --> Could not find the language line "Đóng"
ERROR - 2020-03-20 03:47:16 --> Could not find the language line "Xác Nhận"
ERROR - 2020-03-20 03:47:16 --> Could not find the language line "Đóng"
ERROR - 2020-03-20 03:47:16 --> Could not find the language line "Xác Nhận"
ERROR - 2020-03-20 03:47:18 --> Could not find the language line "Email"
ERROR - 2020-03-20 03:47:18 --> Could not find the language line "password"
ERROR - 2020-03-20 03:50:55 --> Could not find the language line "Tạo Điểm Lấy Hàng"
ERROR - 2020-03-20 03:50:55 --> Could not find the language line "Tạo Đơn Hàng"
ERROR - 2020-03-20 03:50:55 --> Severity: Warning --> Invalid argument supplied for foreach() /home/admin/domains/spshd.com/public_html/khachhang/application/views/tab4.php 394
ERROR - 2020-03-20 03:50:55 --> Could not find the language line "Đóng"
ERROR - 2020-03-20 03:50:55 --> Could not find the language line "Xác Nhận"
ERROR - 2020-03-20 03:50:55 --> Severity: Warning --> Invalid argument supplied for foreach() /home/admin/domains/spshd.com/public_html/khachhang/application/views/app.php 161
ERROR - 2020-03-20 03:50:55 --> Severity: Warning --> Invalid argument supplied for foreach() /home/admin/domains/spshd.com/public_html/khachhang/application/views/app.php 172
ERROR - 2020-03-20 03:50:55 --> Could not find the language line "Đóng"
ERROR - 2020-03-20 03:50:55 --> Could not find the language line "Xác Nhận"
ERROR - 2020-03-20 03:50:55 --> Could not find the language line "Đóng"
ERROR - 2020-03-20 03:50:55 --> Could not find the language line "Xác Nhận"
ERROR - 2020-03-20 03:55:59 --> Could not find the language line "Email"
ERROR - 2020-03-20 03:55:59 --> Could not find the language line "password"
ERROR - 2020-03-20 03:56:14 --> Could not find the language line "Tạo Điểm Lấy Hàng"
ERROR - 2020-03-20 03:56:14 --> Could not find the language line "Tạo Đơn Hàng"
ERROR - 2020-03-20 03:56:14 --> Severity: Warning --> Invalid argument supplied for foreach() /home/admin/domains/spshd.com/public_html/khachhang/application/views/tab4.php 394
ERROR - 2020-03-20 03:56:14 --> Could not find the language line "Đóng"
ERROR - 2020-03-20 03:56:14 --> Could not find the language line "Xác Nhận"
ERROR - 2020-03-20 03:56:14 --> Severity: Warning --> Invalid argument supplied for foreach() /home/admin/domains/spshd.com/public_html/khachhang/application/views/app.php 161
ERROR - 2020-03-20 03:56:14 --> Severity: Warning --> Invalid argument supplied for foreach() /home/admin/domains/spshd.com/public_html/khachhang/application/views/app.php 172
ERROR - 2020-03-20 03:56:14 --> Could not find the language line "Đóng"
ERROR - 2020-03-20 03:56:14 --> Could not find the language line "Xác Nhận"
ERROR - 2020-03-20 03:56:14 --> Could not find the language line "Đóng"
ERROR - 2020-03-20 03:56:14 --> Could not find the language line "Xác Nhận"
ERROR - 2020-03-20 03:58:53 --> Could not find the language line "Email"
ERROR - 2020-03-20 03:58:53 --> Could not find the language line "password"
ERROR - 2020-03-20 04:37:04 --> Could not find the language line "Tạo Điểm Lấy Hàng"
ERROR - 2020-03-20 04:37:04 --> Could not find the language line "Tạo Đơn Hàng"
ERROR - 2020-03-20 04:37:04 --> Severity: Warning --> Invalid argument supplied for foreach() /home/admin/domains/spshd.com/public_html/khachhang/application/views/tab4.php 394
ERROR - 2020-03-20 04:37:04 --> Could not find the language line "Đóng"
ERROR - 2020-03-20 04:37:04 --> Could not find the language line "Xác Nhận"
ERROR - 2020-03-20 04:37:04 --> Severity: Warning --> Invalid argument supplied for foreach() /home/admin/domains/spshd.com/public_html/khachhang/application/views/app.php 161
ERROR - 2020-03-20 04:37:04 --> Severity: Warning --> Invalid argument supplied for foreach() /home/admin/domains/spshd.com/public_html/khachhang/application/views/app.php 172
ERROR - 2020-03-20 04:37:04 --> Could not find the language line "Đóng"
ERROR - 2020-03-20 04:37:04 --> Could not find the language line "Xác Nhận"
ERROR - 2020-03-20 04:37:04 --> Could not find the language line "Đóng"
ERROR - 2020-03-20 04:37:04 --> Could not find the language line "Xác Nhận"
ERROR - 2020-03-20 04:37:05 --> Could not find the language line "Tạo Điểm Lấy Hàng"
ERROR - 2020-03-20 04:37:05 --> Could not find the language line "Tạo Đơn Hàng"
ERROR - 2020-03-20 04:37:05 --> Severity: Warning --> Invalid argument supplied for foreach() /home/admin/domains/spshd.com/public_html/khachhang/application/views/tab4.php 394
ERROR - 2020-03-20 04:37:05 --> Could not find the language line "Đóng"
ERROR - 2020-03-20 04:37:05 --> Could not find the language line "Xác Nhận"
ERROR - 2020-03-20 04:37:05 --> Severity: Warning --> Invalid argument supplied for foreach() /home/admin/domains/spshd.com/public_html/khachhang/application/views/app.php 161
ERROR - 2020-03-20 04:37:05 --> Severity: Warning --> Invalid argument supplied for foreach() /home/admin/domains/spshd.com/public_html/khachhang/application/views/app.php 172
ERROR - 2020-03-20 04:37:05 --> Could not find the language line "Đóng"
ERROR - 2020-03-20 04:37:05 --> Could not find the language line "Xác Nhận"
ERROR - 2020-03-20 04:37:05 --> Could not find the language line "Đóng"
ERROR - 2020-03-20 04:37:05 --> Could not find the language line "Xác Nhận"
ERROR - 2020-03-20 05:10:20 --> Could not find the language line "Tạo Điểm Lấy Hàng"
ERROR - 2020-03-20 05:10:20 --> Could not find the language line "Tạo Đơn Hàng"
ERROR - 2020-03-20 05:10:20 --> Severity: Warning --> Invalid argument supplied for foreach() /home/admin/domains/spshd.com/public_html/khachhang/application/views/tab4.php 394
ERROR - 2020-03-20 05:10:20 --> Could not find the language line "Đóng"
ERROR - 2020-03-20 05:10:20 --> Could not find the language line "Xác Nhận"
ERROR - 2020-03-20 05:10:20 --> Severity: Warning --> Invalid argument supplied for foreach() /home/admin/domains/spshd.com/public_html/khachhang/application/views/app.php 161
ERROR - 2020-03-20 05:10:20 --> Severity: Warning --> Invalid argument supplied for foreach() /home/admin/domains/spshd.com/public_html/khachhang/application/views/app.php 172
ERROR - 2020-03-20 05:10:20 --> Could not find the language line "Đóng"
ERROR - 2020-03-20 05:10:20 --> Could not find the language line "Xác Nhận"
ERROR - 2020-03-20 05:10:20 --> Could not find the language line "Đóng"
ERROR - 2020-03-20 05:10:20 --> Could not find the language line "Xác Nhận"
ERROR - 2020-03-20 06:24:26 --> Could not find the language line "Tạo Điểm Lấy Hàng"
ERROR - 2020-03-20 06:24:26 --> Could not find the language line "Tạo Đơn Hàng"
ERROR - 2020-03-20 06:24:26 --> Severity: Warning --> Invalid argument supplied for foreach() /home/admin/domains/spshd.com/public_html/khachhang/application/views/tab4.php 394
ERROR - 2020-03-20 06:24:26 --> Could not find the language line "Đóng"
ERROR - 2020-03-20 06:24:26 --> Could not find the language line "Xác Nhận"
ERROR - 2020-03-20 06:24:26 --> Severity: Warning --> Invalid argument supplied for foreach() /home/admin/domains/spshd.com/public_html/khachhang/application/views/app.php 161
ERROR - 2020-03-20 06:24:26 --> Severity: Warning --> Invalid argument supplied for foreach() /home/admin/domains/spshd.com/public_html/khachhang/application/views/app.php 172
ERROR - 2020-03-20 06:24:26 --> Could not find the language line "Đóng"
ERROR - 2020-03-20 06:24:26 --> Could not find the language line "Xác Nhận"
ERROR - 2020-03-20 06:24:26 --> Could not find the language line "Đóng"
ERROR - 2020-03-20 06:24:26 --> Could not find the language line "Xác Nhận"
ERROR - 2020-03-20 06:31:42 --> Could not find the language line "Tạo Điểm Lấy Hàng"
ERROR - 2020-03-20 06:31:42 --> Could not find the language line "Tạo Đơn Hàng"
ERROR - 2020-03-20 06:31:42 --> Severity: Warning --> Invalid argument supplied for foreach() /home/admin/domains/spshd.com/public_html/khachhang/application/views/tab4.php 394
ERROR - 2020-03-20 06:31:42 --> Could not find the language line "Đóng"
ERROR - 2020-03-20 06:31:42 --> Could not find the language line "Xác Nhận"
ERROR - 2020-03-20 06:31:42 --> Severity: Warning --> Invalid argument supplied for foreach() /home/admin/domains/spshd.com/public_html/khachhang/application/views/app.php 161
ERROR - 2020-03-20 06:31:42 --> Severity: Warning --> Invalid argument supplied for foreach() /home/admin/domains/spshd.com/public_html/khachhang/application/views/app.php 172
ERROR - 2020-03-20 06:31:42 --> Could not find the language line "Đóng"
ERROR - 2020-03-20 06:31:42 --> Could not find the language line "Xác Nhận"
ERROR - 2020-03-20 06:31:42 --> Could not find the language line "Đóng"
ERROR - 2020-03-20 06:31:42 --> Could not find the language line "Xác Nhận"
ERROR - 2020-03-20 06:37:11 --> Could not find the language line "Tạo Điểm Lấy Hàng"
ERROR - 2020-03-20 06:37:11 --> Could not find the language line "Tạo Đơn Hàng"
ERROR - 2020-03-20 06:37:11 --> Severity: Warning --> Invalid argument supplied for foreach() /home/admin/domains/spshd.com/public_html/khachhang/application/views/tab4.php 394
ERROR - 2020-03-20 06:37:11 --> Could not find the language line "Đóng"
ERROR - 2020-03-20 06:37:11 --> Could not find the language line "Xác Nhận"
ERROR - 2020-03-20 06:37:11 --> Severity: Warning --> Invalid argument supplied for foreach() /home/admin/domains/spshd.com/public_html/khachhang/application/views/app.php 161
ERROR - 2020-03-20 06:37:11 --> Severity: Warning --> Invalid argument supplied for foreach() /home/admin/domains/spshd.com/public_html/khachhang/application/views/app.php 172
ERROR - 2020-03-20 06:37:11 --> Could not find the language line "Đóng"
ERROR - 2020-03-20 06:37:11 --> Could not find the language line "Xác Nhận"
ERROR - 2020-03-20 06:37:11 --> Could not find the language line "Đóng"
ERROR - 2020-03-20 06:37:11 --> Could not find the language line "Xác Nhận"
ERROR - 2020-03-20 07:00:40 --> Could not find the language line "Tạo Điểm Lấy Hàng"
ERROR - 2020-03-20 07:00:40 --> Could not find the language line "Tạo Đơn Hàng"
ERROR - 2020-03-20 07:00:40 --> Severity: Warning --> Invalid argument supplied for foreach() /home/admin/domains/spshd.com/public_html/khachhang/application/views/tab4.php 394
ERROR - 2020-03-20 07:00:40 --> Could not find the language line "Đóng"
ERROR - 2020-03-20 07:00:40 --> Could not find the language line "Xác Nhận"
ERROR - 2020-03-20 07:00:40 --> Severity: Warning --> Invalid argument supplied for foreach() /home/admin/domains/spshd.com/public_html/khachhang/application/views/app.php 161
ERROR - 2020-03-20 07:00:40 --> Severity: Warning --> Invalid argument supplied for foreach() /home/admin/domains/spshd.com/public_html/khachhang/application/views/app.php 172
ERROR - 2020-03-20 07:00:40 --> Could not find the language line "Đóng"
ERROR - 2020-03-20 07:00:40 --> Could not find the language line "Xác Nhận"
ERROR - 2020-03-20 07:00:40 --> Could not find the language line "Đóng"
ERROR - 2020-03-20 07:00:40 --> Could not find the language line "Xác Nhận"
ERROR - 2020-03-20 07:49:24 --> Could not find the language line "Tạo Điểm Lấy Hàng"
ERROR - 2020-03-20 07:49:24 --> Could not find the language line "Tạo Đơn Hàng"
ERROR - 2020-03-20 07:49:24 --> Severity: Warning --> Invalid argument supplied for foreach() /home/admin/domains/spshd.com/public_html/khachhang/application/views/tab4.php 394
ERROR - 2020-03-20 07:49:24 --> Could not find the language line "Đóng"
ERROR - 2020-03-20 07:49:24 --> Could not find the language line "Xác Nhận"
ERROR - 2020-03-20 07:49:24 --> Severity: Warning --> Invalid argument supplied for foreach() /home/admin/domains/spshd.com/public_html/khachhang/application/views/app.php 161
ERROR - 2020-03-20 07:49:24 --> Severity: Warning --> Invalid argument supplied for foreach() /home/admin/domains/spshd.com/public_html/khachhang/application/views/app.php 172
ERROR - 2020-03-20 07:49:24 --> Could not find the language line "Đóng"
ERROR - 2020-03-20 07:49:24 --> Could not find the language line "Xác Nhận"
ERROR - 2020-03-20 07:49:24 --> Could not find the language line "Đóng"
ERROR - 2020-03-20 07:49:24 --> Could not find the language line "Xác Nhận"
ERROR - 2020-03-20 07:55:45 --> Could not find the language line "Tạo Điểm Lấy Hàng"
ERROR - 2020-03-20 07:55:45 --> Could not find the language line "Tạo Đơn Hàng"
ERROR - 2020-03-20 07:55:45 --> Severity: Warning --> Invalid argument supplied for foreach() /home/admin/domains/spshd.com/public_html/khachhang/application/views/tab4.php 394
ERROR - 2020-03-20 07:55:45 --> Could not find the language line "Đóng"
ERROR - 2020-03-20 07:55:45 --> Could not find the language line "Xác Nhận"
ERROR - 2020-03-20 07:55:45 --> Severity: Warning --> Invalid argument supplied for foreach() /home/admin/domains/spshd.com/public_html/khachhang/application/views/app.php 161
ERROR - 2020-03-20 07:55:45 --> Severity: Warning --> Invalid argument supplied for foreach() /home/admin/domains/spshd.com/public_html/khachhang/application/views/app.php 172
ERROR - 2020-03-20 07:55:45 --> Could not find the language line "Đóng"
ERROR - 2020-03-20 07:55:45 --> Could not find the language line "Xác Nhận"
ERROR - 2020-03-20 07:55:45 --> Could not find the language line "Đóng"
ERROR - 2020-03-20 07:55:45 --> Could not find the language line "Xác Nhận"
ERROR - 2020-03-20 08:06:28 --> Could not find the language line "Email"
ERROR - 2020-03-20 08:06:28 --> Could not find the language line "password"
ERROR - 2020-03-20 08:07:00 --> Could not find the language line "Tạo Điểm Lấy Hàng"
ERROR - 2020-03-20 08:07:00 --> Could not find the language line "Tạo Đơn Hàng"
ERROR - 2020-03-20 08:07:00 --> Severity: Warning --> Invalid argument supplied for foreach() /home/admin/domains/spshd.com/public_html/khachhang/application/views/tab4.php 394
ERROR - 2020-03-20 08:07:00 --> Could not find the language line "Đóng"
ERROR - 2020-03-20 08:07:00 --> Could not find the language line "Xác Nhận"
ERROR - 2020-03-20 08:07:00 --> Severity: Warning --> Invalid argument supplied for foreach() /home/admin/domains/spshd.com/public_html/khachhang/application/views/app.php 161
ERROR - 2020-03-20 08:07:00 --> Severity: Warning --> Invalid argument supplied for foreach() /home/admin/domains/spshd.com/public_html/khachhang/application/views/app.php 172
ERROR - 2020-03-20 08:07:00 --> Could not find the language line "Đóng"
ERROR - 2020-03-20 08:07:00 --> Could not find the language line "Xác Nhận"
ERROR - 2020-03-20 08:07:00 --> Could not find the language line "Đóng"
ERROR - 2020-03-20 08:07:00 --> Could not find the language line "Xác Nhận"
ERROR - 2020-03-20 08:08:09 --> Could not find the language line "Tạo Điểm Lấy Hàng"
ERROR - 2020-03-20 08:08:09 --> Could not find the language line "Tạo Đơn Hàng"
ERROR - 2020-03-20 08:08:09 --> Severity: Warning --> Invalid argument supplied for foreach() /home/admin/domains/spshd.com/public_html/khachhang/application/views/tab4.php 394
ERROR - 2020-03-20 08:08:09 --> Could not find the language line "Đóng"
ERROR - 2020-03-20 08:08:09 --> Could not find the language line "Xác Nhận"
ERROR - 2020-03-20 08:08:09 --> Severity: Warning --> Invalid argument supplied for foreach() /home/admin/domains/spshd.com/public_html/khachhang/application/views/app.php 161
ERROR - 2020-03-20 08:08:09 --> Severity: Warning --> Invalid argument supplied for foreach() /home/admin/domains/spshd.com/public_html/khachhang/application/views/app.php 172
ERROR - 2020-03-20 08:08:09 --> Could not find the language line "Đóng"
ERROR - 2020-03-20 08:08:09 --> Could not find the language line "Xác Nhận"
ERROR - 2020-03-20 08:08:09 --> Could not find the language line "Đóng"
ERROR - 2020-03-20 08:08:09 --> Could not find the language line "Xác Nhận"
ERROR - 2020-03-20 08:08:34 --> Could not find the language line "Tạo Điểm Lấy Hàng"
ERROR - 2020-03-20 08:08:34 --> Could not find the language line "Tạo Đơn Hàng"
ERROR - 2020-03-20 08:08:34 --> Severity: Warning --> Invalid argument supplied for foreach() /home/admin/domains/spshd.com/public_html/khachhang/application/views/tab4.php 394
ERROR - 2020-03-20 08:08:34 --> Could not find the language line "Đóng"
ERROR - 2020-03-20 08:08:34 --> Could not find the language line "Xác Nhận"
ERROR - 2020-03-20 08:08:34 --> Severity: Warning --> Invalid argument supplied for foreach() /home/admin/domains/spshd.com/public_html/khachhang/application/views/app.php 161
ERROR - 2020-03-20 08:08:34 --> Severity: Warning --> Invalid argument supplied for foreach() /home/admin/domains/spshd.com/public_html/khachhang/application/views/app.php 172
ERROR - 2020-03-20 08:08:34 --> Could not find the language line "Đóng"
ERROR - 2020-03-20 08:08:34 --> Could not find the language line "Xác Nhận"
ERROR - 2020-03-20 08:08:34 --> Could not find the language line "Đóng"
ERROR - 2020-03-20 08:08:34 --> Could not find the language line "Xác Nhận"
ERROR - 2020-03-20 08:12:24 --> Could not find the language line "Email"
ERROR - 2020-03-20 08:12:24 --> Could not find the language line "password"
ERROR - 2020-03-20 08:13:10 --> Could not find the language line "Email"
ERROR - 2020-03-20 08:13:10 --> Could not find the language line "password"
ERROR - 2020-03-20 08:14:45 --> Could not find the language line "Tạo Điểm Lấy Hàng"
ERROR - 2020-03-20 08:14:45 --> Could not find the language line "Tạo Đơn Hàng"
ERROR - 2020-03-20 08:14:45 --> Severity: Warning --> Invalid argument supplied for foreach() /home/admin/domains/spshd.com/public_html/khachhang/application/views/tab4.php 394
ERROR - 2020-03-20 08:14:45 --> Could not find the language line "Đóng"
ERROR - 2020-03-20 08:14:45 --> Could not find the language line "Xác Nhận"
ERROR - 2020-03-20 08:14:45 --> Severity: Warning --> Invalid argument supplied for foreach() /home/admin/domains/spshd.com/public_html/khachhang/application/views/app.php 161
ERROR - 2020-03-20 08:14:45 --> Severity: Warning --> Invalid argument supplied for foreach() /home/admin/domains/spshd.com/public_html/khachhang/application/views/app.php 172
ERROR - 2020-03-20 08:14:45 --> Could not find the language line "Đóng"
ERROR - 2020-03-20 08:14:45 --> Could not find the language line "Xác Nhận"
ERROR - 2020-03-20 08:14:45 --> Could not find the language line "Đóng"
ERROR - 2020-03-20 08:14:45 --> Could not find the language line "Xác Nhận"
ERROR - 2020-03-20 08:15:12 --> Could not find the language line "Tạo Điểm Lấy Hàng"
ERROR - 2020-03-20 08:15:12 --> Could not find the language line "Tạo Đơn Hàng"
ERROR - 2020-03-20 08:15:12 --> Severity: Warning --> Invalid argument supplied for foreach() /home/admin/domains/spshd.com/public_html/khachhang/application/views/tab4.php 394
ERROR - 2020-03-20 08:15:12 --> Could not find the language line "Đóng"
ERROR - 2020-03-20 08:15:12 --> Could not find the language line "Xác Nhận"
ERROR - 2020-03-20 08:15:12 --> Severity: Warning --> Invalid argument supplied for foreach() /home/admin/domains/spshd.com/public_html/khachhang/application/views/app.php 161
ERROR - 2020-03-20 08:15:12 --> Severity: Warning --> Invalid argument supplied for foreach() /home/admin/domains/spshd.com/public_html/khachhang/application/views/app.php 172
ERROR - 2020-03-20 08:15:12 --> Could not find the language line "Đóng"
ERROR - 2020-03-20 08:15:12 --> Could not find the language line "Xác Nhận"
ERROR - 2020-03-20 08:15:12 --> Could not find the language line "Đóng"
ERROR - 2020-03-20 08:15:12 --> Could not find the language line "Xác Nhận"
ERROR - 2020-03-20 08:15:12 --> Could not find the language line "Tạo Điểm Lấy Hàng"
ERROR - 2020-03-20 08:15:12 --> Could not find the language line "Tạo Đơn Hàng"
ERROR - 2020-03-20 08:15:12 --> Severity: Warning --> Invalid argument supplied for foreach() /home/admin/domains/spshd.com/public_html/khachhang/application/views/tab4.php 394
ERROR - 2020-03-20 08:15:12 --> Could not find the language line "Đóng"
ERROR - 2020-03-20 08:15:12 --> Could not find the language line "Xác Nhận"
ERROR - 2020-03-20 08:15:12 --> Severity: Warning --> Invalid argument supplied for foreach() /home/admin/domains/spshd.com/public_html/khachhang/application/views/app.php 161
ERROR - 2020-03-20 08:15:12 --> Severity: Warning --> Invalid argument supplied for foreach() /home/admin/domains/spshd.com/public_html/khachhang/application/views/app.php 172
ERROR - 2020-03-20 08:15:12 --> Could not find the language line "Đóng"
ERROR - 2020-03-20 08:15:12 --> Could not find the language line "Xác Nhận"
ERROR - 2020-03-20 08:15:12 --> Could not find the language line "Đóng"
ERROR - 2020-03-20 08:15:12 --> Could not find the language line "Xác Nhận"
ERROR - 2020-03-20 08:16:10 --> Could not find the language line "Tạo Điểm Lấy Hàng"
ERROR - 2020-03-20 08:16:10 --> Could not find the language line "Tạo Đơn Hàng"
ERROR - 2020-03-20 08:16:10 --> Severity: Warning --> Invalid argument supplied for foreach() /home/admin/domains/spshd.com/public_html/khachhang/application/views/tab4.php 394
ERROR - 2020-03-20 08:16:10 --> Could not find the language line "Đóng"
ERROR - 2020-03-20 08:16:10 --> Could not find the language line "Xác Nhận"
ERROR - 2020-03-20 08:16:10 --> Severity: Warning --> Invalid argument supplied for foreach() /home/admin/domains/spshd.com/public_html/khachhang/application/views/app.php 161
ERROR - 2020-03-20 08:16:10 --> Severity: Warning --> Invalid argument supplied for foreach() /home/admin/domains/spshd.com/public_html/khachhang/application/views/app.php 172
ERROR - 2020-03-20 08:16:10 --> Could not find the language line "Đóng"
ERROR - 2020-03-20 08:16:10 --> Could not find the language line "Xác Nhận"
ERROR - 2020-03-20 08:16:10 --> Could not find the language line "Đóng"
ERROR - 2020-03-20 08:16:10 --> Could not find the language line "Xác Nhận"
ERROR - 2020-03-20 08:36:31 --> Could not find the language line "Tạo Điểm Lấy Hàng"
ERROR - 2020-03-20 08:36:31 --> Could not find the language line "Tạo Đơn Hàng"
ERROR - 2020-03-20 08:36:31 --> Severity: Warning --> Invalid argument supplied for foreach() /home/admin/domains/spshd.com/public_html/khachhang/application/views/tab4.php 394
ERROR - 2020-03-20 08:36:31 --> Could not find the language line "Đóng"
ERROR - 2020-03-20 08:36:31 --> Could not find the language line "Xác Nhận"
ERROR - 2020-03-20 08:36:31 --> Severity: Warning --> Invalid argument supplied for foreach() /home/admin/domains/spshd.com/public_html/khachhang/application/views/app.php 161
ERROR - 2020-03-20 08:36:31 --> Severity: Warning --> Invalid argument supplied for foreach() /home/admin/domains/spshd.com/public_html/khachhang/application/views/app.php 172
ERROR - 2020-03-20 08:36:31 --> Could not find the language line "Đóng"
ERROR - 2020-03-20 08:36:31 --> Could not find the language line "Xác Nhận"
ERROR - 2020-03-20 08:36:31 --> Could not find the language line "Đóng"
ERROR - 2020-03-20 08:36:31 --> Could not find the language line "Xác Nhận"
ERROR - 2020-03-20 08:44:19 --> Could not find the language line "Tạo Điểm Lấy Hàng"
ERROR - 2020-03-20 08:44:19 --> Could not find the language line "Tạo Đơn Hàng"
ERROR - 2020-03-20 08:44:19 --> Severity: Warning --> Invalid argument supplied for foreach() /home/admin/domains/spshd.com/public_html/khachhang/application/views/tab4.php 394
ERROR - 2020-03-20 08:44:19 --> Could not find the language line "Đóng"
ERROR - 2020-03-20 08:44:19 --> Could not find the language line "Xác Nhận"
ERROR - 2020-03-20 08:44:19 --> Severity: Warning --> Invalid argument supplied for foreach() /home/admin/domains/spshd.com/public_html/khachhang/application/views/app.php 161
ERROR - 2020-03-20 08:44:19 --> Severity: Warning --> Invalid argument supplied for foreach() /home/admin/domains/spshd.com/public_html/khachhang/application/views/app.php 172
ERROR - 2020-03-20 08:44:19 --> Could not find the language line "Đóng"
ERROR - 2020-03-20 08:44:19 --> Could not find the language line "Xác Nhận"
ERROR - 2020-03-20 08:44:19 --> Could not find the language line "Đóng"
ERROR - 2020-03-20 08:44:19 --> Could not find the language line "Xác Nhận"
ERROR - 2020-03-20 08:47:33 --> Could not find the language line "Email"
ERROR - 2020-03-20 08:47:33 --> Could not find the language line "password"
ERROR - 2020-03-20 08:47:58 --> Could not find the language line "Tạo Điểm Lấy Hàng"
ERROR - 2020-03-20 08:47:58 --> Could not find the language line "Tạo Đơn Hàng"
ERROR - 2020-03-20 08:47:58 --> Severity: Warning --> Invalid argument supplied for foreach() /home/admin/domains/spshd.com/public_html/khachhang/application/views/tab4.php 394
ERROR - 2020-03-20 08:47:58 --> Could not find the language line "Đóng"
ERROR - 2020-03-20 08:47:58 --> Could not find the language line "Xác Nhận"
ERROR - 2020-03-20 08:47:58 --> Severity: Warning --> Invalid argument supplied for foreach() /home/admin/domains/spshd.com/public_html/khachhang/application/views/app.php 161
ERROR - 2020-03-20 08:47:58 --> Severity: Warning --> Invalid argument supplied for foreach() /home/admin/domains/spshd.com/public_html/khachhang/application/views/app.php 172
ERROR - 2020-03-20 08:47:58 --> Could not find the language line "Đóng"
ERROR - 2020-03-20 08:47:58 --> Could not find the language line "Xác Nhận"
ERROR - 2020-03-20 08:47:58 --> Could not find the language line "Đóng"
ERROR - 2020-03-20 08:47:58 --> Could not find the language line "Xác Nhận"
ERROR - 2020-03-20 09:02:12 --> Could not find the language line "Tạo Điểm Lấy Hàng"
ERROR - 2020-03-20 09:02:12 --> Could not find the language line "Tạo Đơn Hàng"
ERROR - 2020-03-20 09:02:12 --> Severity: Warning --> Invalid argument supplied for foreach() /home/admin/domains/spshd.com/public_html/khachhang/application/views/tab4.php 394
ERROR - 2020-03-20 09:02:12 --> Could not find the language line "Đóng"
ERROR - 2020-03-20 09:02:12 --> Could not find the language line "Xác Nhận"
ERROR - 2020-03-20 09:02:12 --> Severity: Warning --> Invalid argument supplied for foreach() /home/admin/domains/spshd.com/public_html/khachhang/application/views/app.php 161
ERROR - 2020-03-20 09:02:12 --> Severity: Warning --> Invalid argument supplied for foreach() /home/admin/domains/spshd.com/public_html/khachhang/application/views/app.php 172
ERROR - 2020-03-20 09:02:12 --> Could not find the language line "Đóng"
ERROR - 2020-03-20 09:02:12 --> Could not find the language line "Xác Nhận"
ERROR - 2020-03-20 09:02:12 --> Could not find the language line "Đóng"
ERROR - 2020-03-20 09:02:12 --> Could not find the language line "Xác Nhận"
ERROR - 2020-03-20 09:12:29 --> Could not find the language line "Tạo Điểm Lấy Hàng"
ERROR - 2020-03-20 09:12:29 --> Could not find the language line "Tạo Đơn Hàng"
ERROR - 2020-03-20 09:12:29 --> Severity: Warning --> Invalid argument supplied for foreach() /home/admin/domains/spshd.com/public_html/khachhang/application/views/tab4.php 394
ERROR - 2020-03-20 09:12:29 --> Could not find the language line "Đóng"
ERROR - 2020-03-20 09:12:29 --> Could not find the language line "Xác Nhận"
ERROR - 2020-03-20 09:12:29 --> Severity: Warning --> Invalid argument supplied for foreach() /home/admin/domains/spshd.com/public_html/khachhang/application/views/app.php 161
ERROR - 2020-03-20 09:12:29 --> Severity: Warning --> Invalid argument supplied for foreach() /home/admin/domains/spshd.com/public_html/khachhang/application/views/app.php 172
ERROR - 2020-03-20 09:12:29 --> Could not find the language line "Đóng"
ERROR - 2020-03-20 09:12:29 --> Could not find the language line "Xác Nhận"
ERROR - 2020-03-20 09:12:29 --> Could not find the language line "Đóng"
ERROR - 2020-03-20 09:12:29 --> Could not find the language line "Xác Nhận"
ERROR - 2020-03-20 09:12:29 --> Could not find the language line "Tạo Điểm Lấy Hàng"
ERROR - 2020-03-20 09:12:29 --> Could not find the language line "Tạo Đơn Hàng"
ERROR - 2020-03-20 09:12:29 --> Severity: Warning --> Invalid argument supplied for foreach() /home/admin/domains/spshd.com/public_html/khachhang/application/views/tab4.php 394
ERROR - 2020-03-20 09:12:29 --> Could not find the language line "Đóng"
ERROR - 2020-03-20 09:12:29 --> Could not find the language line "Xác Nhận"
ERROR - 2020-03-20 09:12:29 --> Severity: Warning --> Invalid argument supplied for foreach() /home/admin/domains/spshd.com/public_html/khachhang/application/views/app.php 161
ERROR - 2020-03-20 09:12:29 --> Severity: Warning --> Invalid argument supplied for foreach() /home/admin/domains/spshd.com/public_html/khachhang/application/views/app.php 172
ERROR - 2020-03-20 09:12:29 --> Could not find the language line "Đóng"
ERROR - 2020-03-20 09:12:29 --> Could not find the language line "Xác Nhận"
ERROR - 2020-03-20 09:12:29 --> Could not find the language line "Đóng"
ERROR - 2020-03-20 09:12:29 --> Could not find the language line "Xác Nhận"
ERROR - 2020-03-20 09:23:48 --> Could not find the language line "Tạo Điểm Lấy Hàng"
ERROR - 2020-03-20 09:23:48 --> Could not find the language line "Tạo Đơn Hàng"
ERROR - 2020-03-20 09:23:48 --> Severity: Warning --> Invalid argument supplied for foreach() /home/admin/domains/spshd.com/public_html/khachhang/application/views/tab4.php 394
ERROR - 2020-03-20 09:23:48 --> Could not find the language line "Đóng"
ERROR - 2020-03-20 09:23:48 --> Could not find the language line "Xác Nhận"
ERROR - 2020-03-20 09:23:48 --> Severity: Warning --> Invalid argument supplied for foreach() /home/admin/domains/spshd.com/public_html/khachhang/application/views/app.php 161
ERROR - 2020-03-20 09:23:48 --> Severity: Warning --> Invalid argument supplied for foreach() /home/admin/domains/spshd.com/public_html/khachhang/application/views/app.php 172
ERROR - 2020-03-20 09:23:48 --> Could not find the language line "Đóng"
ERROR - 2020-03-20 09:23:48 --> Could not find the language line "Xác Nhận"
ERROR - 2020-03-20 09:23:48 --> Could not find the language line "Đóng"
ERROR - 2020-03-20 09:23:48 --> Could not find the language line "Xác Nhận"
ERROR - 2020-03-20 09:30:54 --> Could not find the language line "Tạo Điểm Lấy Hàng"
ERROR - 2020-03-20 09:30:54 --> Could not find the language line "Tạo Đơn Hàng"
ERROR - 2020-03-20 09:30:54 --> Severity: Warning --> Invalid argument supplied for foreach() /home/admin/domains/spshd.com/public_html/khachhang/application/views/tab4.php 394
ERROR - 2020-03-20 09:30:54 --> Could not find the language line "Đóng"
ERROR - 2020-03-20 09:30:54 --> Could not find the language line "Xác Nhận"
ERROR - 2020-03-20 09:30:54 --> Severity: Warning --> Invalid argument supplied for foreach() /home/admin/domains/spshd.com/public_html/khachhang/application/views/app.php 161
ERROR - 2020-03-20 09:30:54 --> Severity: Warning --> Invalid argument supplied for foreach() /home/admin/domains/spshd.com/public_html/khachhang/application/views/app.php 172
ERROR - 2020-03-20 09:30:54 --> Could not find the language line "Đóng"
ERROR - 2020-03-20 09:30:54 --> Could not find the language line "Xác Nhận"
ERROR - 2020-03-20 09:30:54 --> Could not find the language line "Đóng"
ERROR - 2020-03-20 09:30:54 --> Could not find the language line "Xác Nhận"
ERROR - 2020-03-20 10:42:05 --> Could not find the language line "Tạo Điểm Lấy Hàng"
ERROR - 2020-03-20 10:42:05 --> Could not find the language line "Tạo Đơn Hàng"
ERROR - 2020-03-20 10:42:05 --> Severity: Warning --> Invalid argument supplied for foreach() /home/admin/domains/spshd.com/public_html/khachhang/application/views/tab4.php 394
ERROR - 2020-03-20 10:42:05 --> Could not find the language line "Đóng"
ERROR - 2020-03-20 10:42:05 --> Could not find the language line "Xác Nhận"
ERROR - 2020-03-20 10:42:05 --> Severity: Warning --> Invalid argument supplied for foreach() /home/admin/domains/spshd.com/public_html/khachhang/application/views/app.php 161
ERROR - 2020-03-20 10:42:05 --> Severity: Warning --> Invalid argument supplied for foreach() /home/admin/domains/spshd.com/public_html/khachhang/application/views/app.php 172
ERROR - 2020-03-20 10:42:05 --> Could not find the language line "Đóng"
ERROR - 2020-03-20 10:42:05 --> Could not find the language line "Xác Nhận"
ERROR - 2020-03-20 10:42:05 --> Could not find the language line "Đóng"
ERROR - 2020-03-20 10:42:05 --> Could not find the language line "Xác Nhận"
ERROR - 2020-03-20 10:45:56 --> Could not find the language line "Tạo Điểm Lấy Hàng"
ERROR - 2020-03-20 10:45:56 --> Could not find the language line "Tạo Đơn Hàng"
ERROR - 2020-03-20 10:45:56 --> Severity: Warning --> Invalid argument supplied for foreach() /home/admin/domains/spshd.com/public_html/khachhang/application/views/tab4.php 394
ERROR - 2020-03-20 10:45:56 --> Could not find the language line "Đóng"
ERROR - 2020-03-20 10:45:56 --> Could not find the language line "Xác Nhận"
ERROR - 2020-03-20 10:45:56 --> Severity: Warning --> Invalid argument supplied for foreach() /home/admin/domains/spshd.com/public_html/khachhang/application/views/app.php 161
ERROR - 2020-03-20 10:45:56 --> Severity: Warning --> Invalid argument supplied for foreach() /home/admin/domains/spshd.com/public_html/khachhang/application/views/app.php 172
ERROR - 2020-03-20 10:45:56 --> Could not find the language line "Đóng"
ERROR - 2020-03-20 10:45:56 --> Could not find the language line "Xác Nhận"
ERROR - 2020-03-20 10:45:56 --> Could not find the language line "Đóng"
ERROR - 2020-03-20 10:45:56 --> Could not find the language line "Xác Nhận"
ERROR - 2020-03-20 10:58:27 --> Could not find the language line "Tạo Điểm Lấy Hàng"
ERROR - 2020-03-20 10:58:27 --> Could not find the language line "Tạo Đơn Hàng"
ERROR - 2020-03-20 10:58:27 --> Severity: Warning --> Invalid argument supplied for foreach() /home/admin/domains/spshd.com/public_html/khachhang/application/views/tab4.php 394
ERROR - 2020-03-20 10:58:27 --> Could not find the language line "Đóng"
ERROR - 2020-03-20 10:58:27 --> Could not find the language line "Xác Nhận"
ERROR - 2020-03-20 10:58:27 --> Severity: Warning --> Invalid argument supplied for foreach() /home/admin/domains/spshd.com/public_html/khachhang/application/views/app.php 161
ERROR - 2020-03-20 10:58:27 --> Severity: Warning --> Invalid argument supplied for foreach() /home/admin/domains/spshd.com/public_html/khachhang/application/views/app.php 172
ERROR - 2020-03-20 10:58:27 --> Could not find the language line "Đóng"
ERROR - 2020-03-20 10:58:27 --> Could not find the language line "Xác Nhận"
ERROR - 2020-03-20 10:58:27 --> Could not find the language line "Đóng"
ERROR - 2020-03-20 10:58:27 --> Could not find the language line "Xác Nhận"
ERROR - 2020-03-20 11:25:44 --> Could not find the language line "Tạo Điểm Lấy Hàng"
ERROR - 2020-03-20 11:25:44 --> Could not find the language line "Tạo Đơn Hàng"
ERROR - 2020-03-20 11:25:44 --> Severity: Warning --> Invalid argument supplied for foreach() /home/admin/domains/spshd.com/public_html/khachhang/application/views/tab4.php 394
ERROR - 2020-03-20 11:25:44 --> Could not find the language line "Đóng"
ERROR - 2020-03-20 11:25:44 --> Could not find the language line "Xác Nhận"
ERROR - 2020-03-20 11:25:44 --> Severity: Warning --> Invalid argument supplied for foreach() /home/admin/domains/spshd.com/public_html/khachhang/application/views/app.php 161
ERROR - 2020-03-20 11:25:44 --> Severity: Warning --> Invalid argument supplied for foreach() /home/admin/domains/spshd.com/public_html/khachhang/application/views/app.php 172
ERROR - 2020-03-20 11:25:44 --> Could not find the language line "Đóng"
ERROR - 2020-03-20 11:25:44 --> Could not find the language line "Xác Nhận"
ERROR - 2020-03-20 11:25:44 --> Could not find the language line "Đóng"
ERROR - 2020-03-20 11:25:44 --> Could not find the language line "Xác Nhận"
ERROR - 2020-03-20 11:41:01 --> Could not find the language line "Tạo Điểm Lấy Hàng"
ERROR - 2020-03-20 11:41:01 --> Could not find the language line "Tạo Đơn Hàng"
ERROR - 2020-03-20 11:41:01 --> Severity: Warning --> Invalid argument supplied for foreach() /home/admin/domains/spshd.com/public_html/khachhang/application/views/tab4.php 394
ERROR - 2020-03-20 11:41:01 --> Could not find the language line "Đóng"
ERROR - 2020-03-20 11:41:01 --> Could not find the language line "Xác Nhận"
ERROR - 2020-03-20 11:41:01 --> Severity: Warning --> Invalid argument supplied for foreach() /home/admin/domains/spshd.com/public_html/khachhang/application/views/app.php 161
ERROR - 2020-03-20 11:41:01 --> Severity: Warning --> Invalid argument supplied for foreach() /home/admin/domains/spshd.com/public_html/khachhang/application/views/app.php 172
ERROR - 2020-03-20 11:41:01 --> Could not find the language line "Đóng"
ERROR - 2020-03-20 11:41:01 --> Could not find the language line "Xác Nhận"
ERROR - 2020-03-20 11:41:01 --> Could not find the language line "Đóng"
ERROR - 2020-03-20 11:41:01 --> Could not find the language line "Xác Nhận"
ERROR - 2020-03-20 11:45:23 --> Could not find the language line "Tạo Điểm Lấy Hàng"
ERROR - 2020-03-20 11:45:23 --> Could not find the language line "Tạo Đơn Hàng"
ERROR - 2020-03-20 11:45:23 --> Severity: Warning --> Invalid argument supplied for foreach() /home/admin/domains/spshd.com/public_html/khachhang/application/views/tab4.php 394
ERROR - 2020-03-20 11:45:23 --> Could not find the language line "Đóng"
ERROR - 2020-03-20 11:45:23 --> Could not find the language line "Xác Nhận"
ERROR - 2020-03-20 11:45:23 --> Severity: Warning --> Invalid argument supplied for foreach() /home/admin/domains/spshd.com/public_html/khachhang/application/views/app.php 161
ERROR - 2020-03-20 11:45:23 --> Severity: Warning --> Invalid argument supplied for foreach() /home/admin/domains/spshd.com/public_html/khachhang/application/views/app.php 172
ERROR - 2020-03-20 11:45:23 --> Could not find the language line "Đóng"
ERROR - 2020-03-20 11:45:23 --> Could not find the language line "Xác Nhận"
ERROR - 2020-03-20 11:45:23 --> Could not find the language line "Đóng"
ERROR - 2020-03-20 11:45:23 --> Could not find the language line "Xác Nhận"
ERROR - 2020-03-20 13:09:45 --> Severity: Warning --> mysqli::real_connect(): (HY000/2002): Connection refused /home/admin/domains/spshd.com/public_html/khachhang/system/database/drivers/mysqli/mysqli_driver.php 203
ERROR - 2020-03-20 13:09:45 --> Unable to connect to the database
ERROR - 2020-03-20 13:14:48 --> Could not find the language line "Tạo Điểm Lấy Hàng"
ERROR - 2020-03-20 13:14:48 --> Could not find the language line "Tạo Đơn Hàng"
ERROR - 2020-03-20 13:14:48 --> Severity: Warning --> Invalid argument supplied for foreach() /home/admin/domains/spshd.com/public_html/khachhang/application/views/tab4.php 394
ERROR - 2020-03-20 13:14:48 --> Could not find the language line "Đóng"
ERROR - 2020-03-20 13:14:48 --> Could not find the language line "Xác Nhận"
ERROR - 2020-03-20 13:14:48 --> Severity: Warning --> Invalid argument supplied for foreach() /home/admin/domains/spshd.com/public_html/khachhang/application/views/app.php 161
ERROR - 2020-03-20 13:14:48 --> Severity: Warning --> Invalid argument supplied for foreach() /home/admin/domains/spshd.com/public_html/khachhang/application/views/app.php 172
ERROR - 2020-03-20 13:14:48 --> Could not find the language line "Đóng"
ERROR - 2020-03-20 13:14:48 --> Could not find the language line "Xác Nhận"
ERROR - 2020-03-20 13:14:48 --> Could not find the language line "Đóng"
ERROR - 2020-03-20 13:14:48 --> Could not find the language line "Xác Nhận"
ERROR - 2020-03-20 13:15:06 --> Could not find the language line "Tạo Điểm Lấy Hàng"
ERROR - 2020-03-20 13:15:06 --> Could not find the language line "Tạo Đơn Hàng"
ERROR - 2020-03-20 13:15:06 --> Severity: Warning --> Invalid argument supplied for foreach() /home/admin/domains/spshd.com/public_html/khachhang/application/views/tab4.php 394
ERROR - 2020-03-20 13:15:06 --> Could not find the language line "Đóng"
ERROR - 2020-03-20 13:15:06 --> Could not find the language line "Xác Nhận"
ERROR - 2020-03-20 13:15:06 --> Severity: Warning --> Invalid argument supplied for foreach() /home/admin/domains/spshd.com/public_html/khachhang/application/views/app.php 161
ERROR - 2020-03-20 13:15:06 --> Severity: Warning --> Invalid argument supplied for foreach() /home/admin/domains/spshd.com/public_html/khachhang/application/views/app.php 172
ERROR - 2020-03-20 13:15:06 --> Could not find the language line "Đóng"
ERROR - 2020-03-20 13:15:06 --> Could not find the language line "Xác Nhận"
ERROR - 2020-03-20 13:15:06 --> Could not find the language line "Đóng"
ERROR - 2020-03-20 13:15:06 --> Could not find the language line "Xác Nhận"
ERROR - 2020-03-20 14:30:33 --> Could not find the language line "Tạo Điểm Lấy Hàng"
ERROR - 2020-03-20 14:30:33 --> Could not find the language line "Tạo Đơn Hàng"
ERROR - 2020-03-20 14:30:33 --> Severity: Warning --> Invalid argument supplied for foreach() /home/admin/domains/spshd.com/public_html/khachhang/application/views/tab4.php 394
ERROR - 2020-03-20 14:30:33 --> Could not find the language line "Đóng"
ERROR - 2020-03-20 14:30:33 --> Could not find the language line "Xác Nhận"
ERROR - 2020-03-20 14:30:33 --> Severity: Warning --> Invalid argument supplied for foreach() /home/admin/domains/spshd.com/public_html/khachhang/application/views/app.php 161
ERROR - 2020-03-20 14:30:33 --> Severity: Warning --> Invalid argument supplied for foreach() /home/admin/domains/spshd.com/public_html/khachhang/application/views/app.php 172
ERROR - 2020-03-20 14:30:33 --> Could not find the language line "Đóng"
ERROR - 2020-03-20 14:30:33 --> Could not find the language line "Xác Nhận"
ERROR - 2020-03-20 14:30:33 --> Could not find the language line "Đóng"
ERROR - 2020-03-20 14:30:33 --> Could not find the language line "Xác Nhận"
ERROR - 2020-03-20 15:18:29 --> Could not find the language line "Tạo Điểm Lấy Hàng"
ERROR - 2020-03-20 15:18:29 --> Could not find the language line "Tạo Đơn Hàng"
ERROR - 2020-03-20 15:18:29 --> Severity: Warning --> Invalid argument supplied for foreach() /home/admin/domains/spshd.com/public_html/khachhang/application/views/tab4.php 394
ERROR - 2020-03-20 15:18:29 --> Could not find the language line "Đóng"
ERROR - 2020-03-20 15:18:29 --> Could not find the language line "Xác Nhận"
ERROR - 2020-03-20 15:18:29 --> Severity: Warning --> Invalid argument supplied for foreach() /home/admin/domains/spshd.com/public_html/khachhang/application/views/app.php 161
ERROR - 2020-03-20 15:18:29 --> Severity: Warning --> Invalid argument supplied for foreach() /home/admin/domains/spshd.com/public_html/khachhang/application/views/app.php 172
ERROR - 2020-03-20 15:18:29 --> Could not find the language line "Đóng"
ERROR - 2020-03-20 15:18:29 --> Could not find the language line "Xác Nhận"
ERROR - 2020-03-20 15:18:29 --> Could not find the language line "Đóng"
ERROR - 2020-03-20 15:18:29 --> Could not find the language line "Xác Nhận"
ERROR - 2020-03-20 15:25:40 --> Could not find the language line "Tạo Điểm Lấy Hàng"
ERROR - 2020-03-20 15:25:40 --> Could not find the language line "Tạo Đơn Hàng"
ERROR - 2020-03-20 15:25:40 --> Severity: Warning --> Invalid argument supplied for foreach() /home/admin/domains/spshd.com/public_html/khachhang/application/views/tab4.php 394
ERROR - 2020-03-20 15:25:40 --> Could not find the language line "Đóng"
ERROR - 2020-03-20 15:25:40 --> Could not find the language line "Xác Nhận"
ERROR - 2020-03-20 15:25:40 --> Severity: Warning --> Invalid argument supplied for foreach() /home/admin/domains/spshd.com/public_html/khachhang/application/views/app.php 161
ERROR - 2020-03-20 15:25:40 --> Severity: Warning --> Invalid argument supplied for foreach() /home/admin/domains/spshd.com/public_html/khachhang/application/views/app.php 172
ERROR - 2020-03-20 15:25:40 --> Could not find the language line "Đóng"
ERROR - 2020-03-20 15:25:40 --> Could not find the language line "Xác Nhận"
ERROR - 2020-03-20 15:25:40 --> Could not find the language line "Đóng"
ERROR - 2020-03-20 15:25:40 --> Could not find the language line "Xác Nhận"
ERROR - 2020-03-20 16:39:34 --> Could not find the language line "Tạo Điểm Lấy Hàng"
ERROR - 2020-03-20 16:39:34 --> Could not find the language line "Tạo Đơn Hàng"
ERROR - 2020-03-20 16:39:34 --> Severity: Warning --> Invalid argument supplied for foreach() /home/admin/domains/spshd.com/public_html/khachhang/application/views/tab4.php 394
ERROR - 2020-03-20 16:39:34 --> Could not find the language line "Đóng"
ERROR - 2020-03-20 16:39:34 --> Could not find the language line "Xác Nhận"
ERROR - 2020-03-20 16:39:34 --> Severity: Warning --> Invalid argument supplied for foreach() /home/admin/domains/spshd.com/public_html/khachhang/application/views/app.php 161
ERROR - 2020-03-20 16:39:34 --> Severity: Warning --> Invalid argument supplied for foreach() /home/admin/domains/spshd.com/public_html/khachhang/application/views/app.php 172
ERROR - 2020-03-20 16:39:34 --> Could not find the language line "Đóng"
ERROR - 2020-03-20 16:39:34 --> Could not find the language line "Xác Nhận"
ERROR - 2020-03-20 16:39:34 --> Could not find the language line "Đóng"
ERROR - 2020-03-20 16:39:34 --> Could not find the language line "Xác Nhận"
ERROR - 2020-03-20 16:39:35 --> Could not find the language line "Email"
ERROR - 2020-03-20 16:39:35 --> Could not find the language line "password"
