ERROR - 2020-02-17 03:33:09 --> Could not find the language line "Tạo Điểm Lấy Hàng"
ERROR - 2020-02-17 03:33:09 --> Could not find the language line "Tạo Đơn Hàng"
ERROR - 2020-02-17 03:33:09 --> Severity: Warning --> Invalid argument supplied for foreach() /home/admin/domains/spshd.com/public_html/khachhang/application/views/tab4.php 394
ERROR - 2020-02-17 03:33:09 --> Could not find the language line "Đóng"
ERROR - 2020-02-17 03:33:09 --> Could not find the language line "Xác Nhận"
ERROR - 2020-02-17 03:33:09 --> Severity: Warning --> Invalid argument supplied for foreach() /home/admin/domains/spshd.com/public_html/khachhang/application/views/app.php 157
ERROR - 2020-02-17 03:33:09 --> Severity: Warning --> Invalid argument supplied for foreach() /home/admin/domains/spshd.com/public_html/khachhang/application/views/app.php 168
ERROR - 2020-02-17 03:33:09 --> Could not find the language line "Đóng"
ERROR - 2020-02-17 03:33:09 --> Could not find the language line "Xác Nhận"
ERROR - 2020-02-17 03:33:09 --> Could not find the language line "Đóng"
ERROR - 2020-02-17 03:33:09 --> Could not find the language line "Xác Nhận"
ERROR - 2020-02-17 03:33:10 --> Could not find the language line "Tạo Điểm Lấy Hàng"
ERROR - 2020-02-17 03:33:10 --> Could not find the language line "Tạo Đơn Hàng"
ERROR - 2020-02-17 03:33:10 --> Severity: Warning --> Invalid argument supplied for foreach() /home/admin/domains/spshd.com/public_html/khachhang/application/views/tab4.php 394
ERROR - 2020-02-17 03:33:10 --> Could not find the language line "Đóng"
ERROR - 2020-02-17 03:33:10 --> Could not find the language line "Xác Nhận"
ERROR - 2020-02-17 03:33:10 --> Severity: Warning --> Invalid argument supplied for foreach() /home/admin/domains/spshd.com/public_html/khachhang/application/views/app.php 157
ERROR - 2020-02-17 03:33:10 --> Severity: Warning --> Invalid argument supplied for foreach() /home/admin/domains/spshd.com/public_html/khachhang/application/views/app.php 168
ERROR - 2020-02-17 03:33:10 --> Could not find the language line "Đóng"
ERROR - 2020-02-17 03:33:10 --> Could not find the language line "Xác Nhận"
ERROR - 2020-02-17 03:33:10 --> Could not find the language line "Đóng"
ERROR - 2020-02-17 03:33:10 --> Could not find the language line "Xác Nhận"
ERROR - 2020-02-17 03:37:28 --> Could not find the language line "Tạo Điểm Lấy Hàng"
ERROR - 2020-02-17 03:37:28 --> Could not find the language line "Tạo Đơn Hàng"
ERROR - 2020-02-17 03:37:28 --> Severity: Warning --> Invalid argument supplied for foreach() /home/admin/domains/spshd.com/public_html/khachhang/application/views/tab4.php 394
ERROR - 2020-02-17 03:37:28 --> Could not find the language line "Đóng"
ERROR - 2020-02-17 03:37:28 --> Could not find the language line "Xác Nhận"
ERROR - 2020-02-17 03:37:28 --> Severity: Warning --> Invalid argument supplied for foreach() /home/admin/domains/spshd.com/public_html/khachhang/application/views/app.php 157
ERROR - 2020-02-17 03:37:28 --> Severity: Warning --> Invalid argument supplied for foreach() /home/admin/domains/spshd.com/public_html/khachhang/application/views/app.php 168
ERROR - 2020-02-17 03:37:28 --> Could not find the language line "Đóng"
ERROR - 2020-02-17 03:37:28 --> Could not find the language line "Xác Nhận"
ERROR - 2020-02-17 03:37:28 --> Could not find the language line "Đóng"
ERROR - 2020-02-17 03:37:28 --> Could not find the language line "Xác Nhận"
ERROR - 2020-02-17 03:45:48 --> Could not find the language line "Tạo Điểm Lấy Hàng"
ERROR - 2020-02-17 03:45:48 --> Could not find the language line "Tạo Đơn Hàng"
ERROR - 2020-02-17 03:45:48 --> Severity: Warning --> Invalid argument supplied for foreach() /home/admin/domains/spshd.com/public_html/khachhang/application/views/tab4.php 394
ERROR - 2020-02-17 03:45:48 --> Could not find the language line "Đóng"
ERROR - 2020-02-17 03:45:48 --> Could not find the language line "Xác Nhận"
ERROR - 2020-02-17 03:45:48 --> Severity: Warning --> Invalid argument supplied for foreach() /home/admin/domains/spshd.com/public_html/khachhang/application/views/app.php 157
ERROR - 2020-02-17 03:45:48 --> Severity: Warning --> Invalid argument supplied for foreach() /home/admin/domains/spshd.com/public_html/khachhang/application/views/app.php 168
ERROR - 2020-02-17 03:45:48 --> Could not find the language line "Đóng"
ERROR - 2020-02-17 03:45:48 --> Could not find the language line "Xác Nhận"
ERROR - 2020-02-17 03:45:48 --> Could not find the language line "Đóng"
ERROR - 2020-02-17 03:45:48 --> Could not find the language line "Xác Nhận"
ERROR - 2020-02-17 07:05:26 --> Could not find the language line "Tạo Điểm Lấy Hàng"
ERROR - 2020-02-17 07:05:26 --> Could not find the language line "Tạo Đơn Hàng"
ERROR - 2020-02-17 07:05:26 --> Severity: Warning --> Invalid argument supplied for foreach() /home/admin/domains/spshd.com/public_html/khachhang/application/views/tab4.php 394
ERROR - 2020-02-17 07:05:26 --> Could not find the language line "Đóng"
ERROR - 2020-02-17 07:05:26 --> Could not find the language line "Xác Nhận"
ERROR - 2020-02-17 07:05:26 --> Severity: Warning --> Invalid argument supplied for foreach() /home/admin/domains/spshd.com/public_html/khachhang/application/views/app.php 157
ERROR - 2020-02-17 07:05:26 --> Severity: Warning --> Invalid argument supplied for foreach() /home/admin/domains/spshd.com/public_html/khachhang/application/views/app.php 168
ERROR - 2020-02-17 07:05:26 --> Could not find the language line "Đóng"
ERROR - 2020-02-17 07:05:26 --> Could not find the language line "Xác Nhận"
ERROR - 2020-02-17 07:05:26 --> Could not find the language line "Đóng"
ERROR - 2020-02-17 07:05:26 --> Could not find the language line "Xác Nhận"
ERROR - 2020-02-17 07:07:44 --> Could not find the language line "Tạo Điểm Lấy Hàng"
ERROR - 2020-02-17 07:07:44 --> Could not find the language line "Tạo Đơn Hàng"
ERROR - 2020-02-17 07:07:44 --> Severity: Warning --> Invalid argument supplied for foreach() /home/admin/domains/spshd.com/public_html/khachhang/application/views/tab4.php 394
ERROR - 2020-02-17 07:07:44 --> Could not find the language line "Đóng"
ERROR - 2020-02-17 07:07:44 --> Could not find the language line "Xác Nhận"
ERROR - 2020-02-17 07:07:44 --> Severity: Warning --> Invalid argument supplied for foreach() /home/admin/domains/spshd.com/public_html/khachhang/application/views/app.php 157
ERROR - 2020-02-17 07:07:44 --> Severity: Warning --> Invalid argument supplied for foreach() /home/admin/domains/spshd.com/public_html/khachhang/application/views/app.php 168
ERROR - 2020-02-17 07:07:44 --> Could not find the language line "Đóng"
ERROR - 2020-02-17 07:07:44 --> Could not find the language line "Xác Nhận"
ERROR - 2020-02-17 07:07:44 --> Could not find the language line "Đóng"
ERROR - 2020-02-17 07:07:44 --> Could not find the language line "Xác Nhận"
ERROR - 2020-02-17 07:33:51 --> Could not find the language line "Tạo Điểm Lấy Hàng"
ERROR - 2020-02-17 07:33:51 --> Could not find the language line "Tạo Đơn Hàng"
ERROR - 2020-02-17 07:33:51 --> Severity: Warning --> Invalid argument supplied for foreach() /home/admin/domains/spshd.com/public_html/khachhang/application/views/tab4.php 394
ERROR - 2020-02-17 07:33:51 --> Could not find the language line "Đóng"
ERROR - 2020-02-17 07:33:51 --> Could not find the language line "Xác Nhận"
ERROR - 2020-02-17 07:33:51 --> Severity: Warning --> Invalid argument supplied for foreach() /home/admin/domains/spshd.com/public_html/khachhang/application/views/app.php 157
ERROR - 2020-02-17 07:33:51 --> Severity: Warning --> Invalid argument supplied for foreach() /home/admin/domains/spshd.com/public_html/khachhang/application/views/app.php 168
ERROR - 2020-02-17 07:33:51 --> Could not find the language line "Đóng"
ERROR - 2020-02-17 07:33:51 --> Could not find the language line "Xác Nhận"
ERROR - 2020-02-17 07:33:51 --> Could not find the language line "Đóng"
ERROR - 2020-02-17 07:33:51 --> Could not find the language line "Xác Nhận"
ERROR - 2020-02-17 07:35:06 --> Could not find the language line "Tạo Điểm Lấy Hàng"
ERROR - 2020-02-17 07:35:06 --> Could not find the language line "Tạo Đơn Hàng"
ERROR - 2020-02-17 07:35:06 --> Severity: Warning --> Invalid argument supplied for foreach() /home/admin/domains/spshd.com/public_html/khachhang/application/views/tab4.php 394
ERROR - 2020-02-17 07:35:06 --> Could not find the language line "Đóng"
ERROR - 2020-02-17 07:35:06 --> Could not find the language line "Xác Nhận"
ERROR - 2020-02-17 07:35:06 --> Severity: Warning --> Invalid argument supplied for foreach() /home/admin/domains/spshd.com/public_html/khachhang/application/views/app.php 157
ERROR - 2020-02-17 07:35:06 --> Severity: Warning --> Invalid argument supplied for foreach() /home/admin/domains/spshd.com/public_html/khachhang/application/views/app.php 168
ERROR - 2020-02-17 07:35:06 --> Could not find the language line "Đóng"
ERROR - 2020-02-17 07:35:06 --> Could not find the language line "Xác Nhận"
ERROR - 2020-02-17 07:35:06 --> Could not find the language line "Đóng"
ERROR - 2020-02-17 07:35:06 --> Could not find the language line "Xác Nhận"
ERROR - 2020-02-17 08:19:13 --> Could not find the language line "Tạo Điểm Lấy Hàng"
ERROR - 2020-02-17 08:19:13 --> Could not find the language line "Tạo Đơn Hàng"
ERROR - 2020-02-17 08:19:13 --> Severity: Warning --> Invalid argument supplied for foreach() /home/admin/domains/spshd.com/public_html/khachhang/application/views/tab4.php 394
ERROR - 2020-02-17 08:19:13 --> Could not find the language line "Đóng"
ERROR - 2020-02-17 08:19:13 --> Could not find the language line "Xác Nhận"
ERROR - 2020-02-17 08:19:13 --> Severity: Warning --> Invalid argument supplied for foreach() /home/admin/domains/spshd.com/public_html/khachhang/application/views/app.php 157
ERROR - 2020-02-17 08:19:13 --> Severity: Warning --> Invalid argument supplied for foreach() /home/admin/domains/spshd.com/public_html/khachhang/application/views/app.php 168
ERROR - 2020-02-17 08:19:13 --> Could not find the language line "Đóng"
ERROR - 2020-02-17 08:19:13 --> Could not find the language line "Xác Nhận"
ERROR - 2020-02-17 08:19:13 --> Could not find the language line "Đóng"
ERROR - 2020-02-17 08:19:13 --> Could not find the language line "Xác Nhận"
ERROR - 2020-02-17 10:24:51 --> Could not find the language line "Tạo Điểm Lấy Hàng"
ERROR - 2020-02-17 10:24:51 --> Could not find the language line "Tạo Đơn Hàng"
ERROR - 2020-02-17 10:24:51 --> Severity: Warning --> Invalid argument supplied for foreach() /home/admin/domains/spshd.com/public_html/khachhang/application/views/tab4.php 394
ERROR - 2020-02-17 10:24:51 --> Could not find the language line "Đóng"
ERROR - 2020-02-17 10:24:51 --> Could not find the language line "Xác Nhận"
ERROR - 2020-02-17 10:24:51 --> Severity: Warning --> Invalid argument supplied for foreach() /home/admin/domains/spshd.com/public_html/khachhang/application/views/app.php 157
ERROR - 2020-02-17 10:24:51 --> Severity: Warning --> Invalid argument supplied for foreach() /home/admin/domains/spshd.com/public_html/khachhang/application/views/app.php 168
ERROR - 2020-02-17 10:24:51 --> Could not find the language line "Đóng"
ERROR - 2020-02-17 10:24:51 --> Could not find the language line "Xác Nhận"
ERROR - 2020-02-17 10:24:51 --> Could not find the language line "Đóng"
ERROR - 2020-02-17 10:24:51 --> Could not find the language line "Xác Nhận"
ERROR - 2020-02-17 10:45:53 --> Could not find the language line "Tạo Điểm Lấy Hàng"
ERROR - 2020-02-17 10:45:53 --> Could not find the language line "Tạo Đơn Hàng"
ERROR - 2020-02-17 10:45:53 --> Severity: Warning --> Invalid argument supplied for foreach() /home/admin/domains/spshd.com/public_html/khachhang/application/views/tab4.php 394
ERROR - 2020-02-17 10:45:53 --> Could not find the language line "Đóng"
ERROR - 2020-02-17 10:45:53 --> Could not find the language line "Xác Nhận"
ERROR - 2020-02-17 10:45:53 --> Severity: Warning --> Invalid argument supplied for foreach() /home/admin/domains/spshd.com/public_html/khachhang/application/views/app.php 157
ERROR - 2020-02-17 10:45:53 --> Severity: Warning --> Invalid argument supplied for foreach() /home/admin/domains/spshd.com/public_html/khachhang/application/views/app.php 168
ERROR - 2020-02-17 10:45:53 --> Could not find the language line "Đóng"
ERROR - 2020-02-17 10:45:53 --> Could not find the language line "Xác Nhận"
ERROR - 2020-02-17 10:45:53 --> Could not find the language line "Đóng"
ERROR - 2020-02-17 10:45:53 --> Could not find the language line "Xác Nhận"
ERROR - 2020-02-17 10:45:55 --> Could not find the language line "Tạo Điểm Lấy Hàng"
ERROR - 2020-02-17 10:45:55 --> Could not find the language line "Tạo Đơn Hàng"
ERROR - 2020-02-17 10:45:55 --> Severity: Warning --> Invalid argument supplied for foreach() /home/admin/domains/spshd.com/public_html/khachhang/application/views/tab4.php 394
ERROR - 2020-02-17 10:45:55 --> Could not find the language line "Đóng"
ERROR - 2020-02-17 10:45:55 --> Could not find the language line "Xác Nhận"
ERROR - 2020-02-17 10:45:55 --> Severity: Warning --> Invalid argument supplied for foreach() /home/admin/domains/spshd.com/public_html/khachhang/application/views/app.php 157
ERROR - 2020-02-17 10:45:55 --> Severity: Warning --> Invalid argument supplied for foreach() /home/admin/domains/spshd.com/public_html/khachhang/application/views/app.php 168
ERROR - 2020-02-17 10:45:55 --> Could not find the language line "Đóng"
ERROR - 2020-02-17 10:45:55 --> Could not find the language line "Xác Nhận"
ERROR - 2020-02-17 10:45:55 --> Could not find the language line "Đóng"
ERROR - 2020-02-17 10:45:55 --> Could not find the language line "Xác Nhận"
ERROR - 2020-02-17 11:27:27 --> Could not find the language line "Tạo Điểm Lấy Hàng"
ERROR - 2020-02-17 11:27:27 --> Could not find the language line "Tạo Đơn Hàng"
ERROR - 2020-02-17 11:27:27 --> Severity: Warning --> Invalid argument supplied for foreach() /home/admin/domains/spshd.com/public_html/khachhang/application/views/tab4.php 394
ERROR - 2020-02-17 11:27:27 --> Could not find the language line "Đóng"
ERROR - 2020-02-17 11:27:27 --> Could not find the language line "Xác Nhận"
ERROR - 2020-02-17 11:27:27 --> Severity: Warning --> Invalid argument supplied for foreach() /home/admin/domains/spshd.com/public_html/khachhang/application/views/app.php 157
ERROR - 2020-02-17 11:27:27 --> Severity: Warning --> Invalid argument supplied for foreach() /home/admin/domains/spshd.com/public_html/khachhang/application/views/app.php 168
ERROR - 2020-02-17 11:27:27 --> Could not find the language line "Đóng"
ERROR - 2020-02-17 11:27:27 --> Could not find the language line "Xác Nhận"
ERROR - 2020-02-17 11:27:27 --> Could not find the language line "Đóng"
ERROR - 2020-02-17 11:27:27 --> Could not find the language line "Xác Nhận"
ERROR - 2020-02-17 13:48:31 --> Could not find the language line "Tạo Điểm Lấy Hàng"
ERROR - 2020-02-17 13:48:31 --> Could not find the language line "Tạo Đơn Hàng"
ERROR - 2020-02-17 13:48:31 --> Severity: Warning --> Invalid argument supplied for foreach() /home/admin/domains/spshd.com/public_html/khachhang/application/views/tab4.php 394
ERROR - 2020-02-17 13:48:31 --> Could not find the language line "Đóng"
ERROR - 2020-02-17 13:48:31 --> Could not find the language line "Xác Nhận"
ERROR - 2020-02-17 13:48:31 --> Severity: Warning --> Invalid argument supplied for foreach() /home/admin/domains/spshd.com/public_html/khachhang/application/views/app.php 157
ERROR - 2020-02-17 13:48:31 --> Severity: Warning --> Invalid argument supplied for foreach() /home/admin/domains/spshd.com/public_html/khachhang/application/views/app.php 168
ERROR - 2020-02-17 13:48:31 --> Could not find the language line "Đóng"
ERROR - 2020-02-17 13:48:31 --> Could not find the language line "Xác Nhận"
ERROR - 2020-02-17 13:48:31 --> Could not find the language line "Đóng"
ERROR - 2020-02-17 13:48:31 --> Could not find the language line "Xác Nhận"
ERROR - 2020-02-17 15:00:15 --> Could not find the language line "Tạo Điểm Lấy Hàng"
ERROR - 2020-02-17 15:00:15 --> Could not find the language line "Tạo Đơn Hàng"
ERROR - 2020-02-17 15:00:15 --> Severity: Warning --> Invalid argument supplied for foreach() /home/admin/domains/spshd.com/public_html/khachhang/application/views/tab4.php 394
ERROR - 2020-02-17 15:00:15 --> Could not find the language line "Đóng"
ERROR - 2020-02-17 15:00:15 --> Could not find the language line "Xác Nhận"
ERROR - 2020-02-17 15:00:15 --> Severity: Warning --> Invalid argument supplied for foreach() /home/admin/domains/spshd.com/public_html/khachhang/application/views/app.php 157
ERROR - 2020-02-17 15:00:15 --> Severity: Warning --> Invalid argument supplied for foreach() /home/admin/domains/spshd.com/public_html/khachhang/application/views/app.php 168
ERROR - 2020-02-17 15:00:15 --> Could not find the language line "Đóng"
ERROR - 2020-02-17 15:00:15 --> Could not find the language line "Xác Nhận"
ERROR - 2020-02-17 15:00:15 --> Could not find the language line "Đóng"
ERROR - 2020-02-17 15:00:15 --> Could not find the language line "Xác Nhận"
