ERROR - 2020-02-02 00:54:13 --> Could not find the language line "Email"
ERROR - 2020-02-02 00:54:13 --> Could not find the language line "password"
ERROR - 2020-02-02 01:24:58 --> Could not find the language line "Tạo Điểm Lấy Hàng"
ERROR - 2020-02-02 01:24:58 --> Could not find the language line "Tạo Đơn Hàng"
ERROR - 2020-02-02 01:24:58 --> Severity: Warning --> Invalid argument supplied for foreach() /home/admin/domains/spshd.com/public_html/khachhang/application/views/tab4.php 394
ERROR - 2020-02-02 01:24:58 --> Could not find the language line "Đóng"
ERROR - 2020-02-02 01:24:58 --> Could not find the language line "Xác Nhận"
ERROR - 2020-02-02 01:24:58 --> Severity: Warning --> Invalid argument supplied for foreach() /home/admin/domains/spshd.com/public_html/khachhang/application/views/app.php 157
ERROR - 2020-02-02 01:24:58 --> Severity: Warning --> Invalid argument supplied for foreach() /home/admin/domains/spshd.com/public_html/khachhang/application/views/app.php 168
ERROR - 2020-02-02 01:24:58 --> Could not find the language line "Đóng"
ERROR - 2020-02-02 01:24:58 --> Could not find the language line "Xác Nhận"
ERROR - 2020-02-02 01:24:58 --> Could not find the language line "Đóng"
ERROR - 2020-02-02 01:24:58 --> Could not find the language line "Xác Nhận"
ERROR - 2020-02-02 05:17:06 --> Could not find the language line "Tạo Điểm Lấy Hàng"
ERROR - 2020-02-02 05:17:06 --> Could not find the language line "Tạo Đơn Hàng"
ERROR - 2020-02-02 05:17:06 --> Severity: Warning --> Invalid argument supplied for foreach() /home/admin/domains/spshd.com/public_html/khachhang/application/views/tab4.php 394
ERROR - 2020-02-02 05:17:06 --> Could not find the language line "Đóng"
ERROR - 2020-02-02 05:17:06 --> Could not find the language line "Xác Nhận"
ERROR - 2020-02-02 05:17:06 --> Severity: Warning --> Invalid argument supplied for foreach() /home/admin/domains/spshd.com/public_html/khachhang/application/views/app.php 157
ERROR - 2020-02-02 05:17:06 --> Severity: Warning --> Invalid argument supplied for foreach() /home/admin/domains/spshd.com/public_html/khachhang/application/views/app.php 168
ERROR - 2020-02-02 05:17:06 --> Could not find the language line "Đóng"
ERROR - 2020-02-02 05:17:06 --> Could not find the language line "Xác Nhận"
ERROR - 2020-02-02 05:17:06 --> Could not find the language line "Đóng"
ERROR - 2020-02-02 05:17:06 --> Could not find the language line "Xác Nhận"
ERROR - 2020-02-02 05:17:06 --> Could not find the language line "Tạo Điểm Lấy Hàng"
ERROR - 2020-02-02 05:17:06 --> Could not find the language line "Tạo Đơn Hàng"
ERROR - 2020-02-02 05:17:06 --> Severity: Warning --> Invalid argument supplied for foreach() /home/admin/domains/spshd.com/public_html/khachhang/application/views/tab4.php 394
ERROR - 2020-02-02 05:17:06 --> Could not find the language line "Đóng"
ERROR - 2020-02-02 05:17:06 --> Could not find the language line "Xác Nhận"
ERROR - 2020-02-02 05:17:06 --> Severity: Warning --> Invalid argument supplied for foreach() /home/admin/domains/spshd.com/public_html/khachhang/application/views/app.php 157
ERROR - 2020-02-02 05:17:06 --> Severity: Warning --> Invalid argument supplied for foreach() /home/admin/domains/spshd.com/public_html/khachhang/application/views/app.php 168
ERROR - 2020-02-02 05:17:06 --> Could not find the language line "Đóng"
ERROR - 2020-02-02 05:17:06 --> Could not find the language line "Xác Nhận"
ERROR - 2020-02-02 05:17:06 --> Could not find the language line "Đóng"
ERROR - 2020-02-02 05:17:06 --> Could not find the language line "Xác Nhận"
ERROR - 2020-02-02 07:35:41 --> Could not find the language line "Tạo Điểm Lấy Hàng"
ERROR - 2020-02-02 07:35:41 --> Could not find the language line "Tạo Đơn Hàng"
ERROR - 2020-02-02 07:35:41 --> Severity: Warning --> Invalid argument supplied for foreach() /home/admin/domains/spshd.com/public_html/khachhang/application/views/tab4.php 394
ERROR - 2020-02-02 07:35:41 --> Could not find the language line "Đóng"
ERROR - 2020-02-02 07:35:41 --> Could not find the language line "Xác Nhận"
ERROR - 2020-02-02 07:35:41 --> Severity: Warning --> Invalid argument supplied for foreach() /home/admin/domains/spshd.com/public_html/khachhang/application/views/app.php 157
ERROR - 2020-02-02 07:35:41 --> Severity: Warning --> Invalid argument supplied for foreach() /home/admin/domains/spshd.com/public_html/khachhang/application/views/app.php 168
ERROR - 2020-02-02 07:35:41 --> Could not find the language line "Đóng"
ERROR - 2020-02-02 07:35:41 --> Could not find the language line "Xác Nhận"
ERROR - 2020-02-02 07:35:41 --> Could not find the language line "Đóng"
ERROR - 2020-02-02 07:35:41 --> Could not find the language line "Xác Nhận"
ERROR - 2020-02-02 10:48:17 --> Could not find the language line "Tạo Điểm Lấy Hàng"
ERROR - 2020-02-02 10:48:17 --> Could not find the language line "Tạo Đơn Hàng"
ERROR - 2020-02-02 10:48:17 --> Severity: Warning --> Invalid argument supplied for foreach() /home/admin/domains/spshd.com/public_html/khachhang/application/views/tab4.php 394
ERROR - 2020-02-02 10:48:17 --> Could not find the language line "Đóng"
ERROR - 2020-02-02 10:48:17 --> Could not find the language line "Xác Nhận"
ERROR - 2020-02-02 10:48:17 --> Severity: Warning --> Invalid argument supplied for foreach() /home/admin/domains/spshd.com/public_html/khachhang/application/views/app.php 157
ERROR - 2020-02-02 10:48:17 --> Severity: Warning --> Invalid argument supplied for foreach() /home/admin/domains/spshd.com/public_html/khachhang/application/views/app.php 168
ERROR - 2020-02-02 10:48:17 --> Could not find the language line "Đóng"
ERROR - 2020-02-02 10:48:17 --> Could not find the language line "Xác Nhận"
ERROR - 2020-02-02 10:48:17 --> Could not find the language line "Đóng"
ERROR - 2020-02-02 10:48:17 --> Could not find the language line "Xác Nhận"
ERROR - 2020-02-02 12:28:20 --> Could not find the language line "Tạo Điểm Lấy Hàng"
ERROR - 2020-02-02 12:28:20 --> Could not find the language line "Tạo Đơn Hàng"
ERROR - 2020-02-02 12:28:20 --> Severity: Warning --> Invalid argument supplied for foreach() /home/admin/domains/spshd.com/public_html/khachhang/application/views/tab4.php 394
ERROR - 2020-02-02 12:28:20 --> Could not find the language line "Đóng"
ERROR - 2020-02-02 12:28:20 --> Could not find the language line "Xác Nhận"
ERROR - 2020-02-02 12:28:20 --> Severity: Warning --> Invalid argument supplied for foreach() /home/admin/domains/spshd.com/public_html/khachhang/application/views/app.php 157
ERROR - 2020-02-02 12:28:20 --> Severity: Warning --> Invalid argument supplied for foreach() /home/admin/domains/spshd.com/public_html/khachhang/application/views/app.php 168
ERROR - 2020-02-02 12:28:20 --> Could not find the language line "Đóng"
ERROR - 2020-02-02 12:28:20 --> Could not find the language line "Xác Nhận"
ERROR - 2020-02-02 12:28:20 --> Could not find the language line "Đóng"
ERROR - 2020-02-02 12:28:20 --> Could not find the language line "Xác Nhận"
ERROR - 2020-02-02 12:43:11 --> Could not find the language line "Tạo Điểm Lấy Hàng"
ERROR - 2020-02-02 12:43:11 --> Could not find the language line "Tạo Đơn Hàng"
ERROR - 2020-02-02 12:43:11 --> Severity: Warning --> Invalid argument supplied for foreach() /home/admin/domains/spshd.com/public_html/khachhang/application/views/tab4.php 394
ERROR - 2020-02-02 12:43:11 --> Could not find the language line "Đóng"
ERROR - 2020-02-02 12:43:11 --> Could not find the language line "Xác Nhận"
ERROR - 2020-02-02 12:43:11 --> Severity: Warning --> Invalid argument supplied for foreach() /home/admin/domains/spshd.com/public_html/khachhang/application/views/app.php 157
ERROR - 2020-02-02 12:43:11 --> Severity: Warning --> Invalid argument supplied for foreach() /home/admin/domains/spshd.com/public_html/khachhang/application/views/app.php 168
ERROR - 2020-02-02 12:43:11 --> Could not find the language line "Đóng"
ERROR - 2020-02-02 12:43:11 --> Could not find the language line "Xác Nhận"
ERROR - 2020-02-02 12:43:11 --> Could not find the language line "Đóng"
ERROR - 2020-02-02 12:43:11 --> Could not find the language line "Xác Nhận"
ERROR - 2020-02-02 12:43:12 --> Could not find the language line "Tạo Điểm Lấy Hàng"
ERROR - 2020-02-02 12:43:12 --> Could not find the language line "Tạo Đơn Hàng"
ERROR - 2020-02-02 12:43:12 --> Severity: Warning --> Invalid argument supplied for foreach() /home/admin/domains/spshd.com/public_html/khachhang/application/views/tab4.php 394
ERROR - 2020-02-02 12:43:12 --> Could not find the language line "Đóng"
ERROR - 2020-02-02 12:43:12 --> Could not find the language line "Xác Nhận"
ERROR - 2020-02-02 12:43:12 --> Severity: Warning --> Invalid argument supplied for foreach() /home/admin/domains/spshd.com/public_html/khachhang/application/views/app.php 157
ERROR - 2020-02-02 12:43:12 --> Severity: Warning --> Invalid argument supplied for foreach() /home/admin/domains/spshd.com/public_html/khachhang/application/views/app.php 168
ERROR - 2020-02-02 12:43:12 --> Could not find the language line "Đóng"
ERROR - 2020-02-02 12:43:12 --> Could not find the language line "Xác Nhận"
ERROR - 2020-02-02 12:43:12 --> Could not find the language line "Đóng"
ERROR - 2020-02-02 12:43:12 --> Could not find the language line "Xác Nhận"
ERROR - 2020-02-02 14:54:24 --> Could not find the language line "Email"
ERROR - 2020-02-02 14:54:24 --> Could not find the language line "password"
ERROR - 2020-02-02 15:08:47 --> Could not find the language line "Email"
ERROR - 2020-02-02 15:08:47 --> Could not find the language line "password"
ERROR - 2020-02-02 15:15:45 --> Could not find the language line "Email"
ERROR - 2020-02-02 15:15:45 --> Could not find the language line "password"
ERROR - 2020-02-02 16:24:14 --> Could not find the language line "Email"
ERROR - 2020-02-02 16:24:14 --> Could not find the language line "password"
ERROR - 2020-02-02 19:15:21 --> Could not find the language line "Email"
ERROR - 2020-02-02 19:15:21 --> Could not find the language line "password"
ERROR - 2020-02-02 23:28:50 --> Could not find the language line "Email"
ERROR - 2020-02-02 23:28:50 --> Could not find the language line "password"
