ERROR - 2020-07-04 00:01:17 --> Could not find the language line "Tạo Điểm Lấy Hàng"
ERROR - 2020-07-04 00:01:17 --> Could not find the language line "Tạo Đơn Hàng"
ERROR - 2020-07-04 00:01:17 --> Could not find the language line "Tải Excel"
ERROR - 2020-07-04 00:01:17 --> Could not find the language line "Đóng"
ERROR - 2020-07-04 00:01:17 --> Could not find the language line "Xác Nhận"
ERROR - 2020-07-04 00:01:17 --> Severity: Warning --> Invalid argument supplied for foreach() /home/admin/domains/spshd.com/public_html/khachhang/application/views/app.php 162
ERROR - 2020-07-04 00:01:17 --> Severity: Warning --> Invalid argument supplied for foreach() /home/admin/domains/spshd.com/public_html/khachhang/application/views/app.php 173
ERROR - 2020-07-04 00:01:17 --> Could not find the language line "Đóng"
ERROR - 2020-07-04 00:01:17 --> Could not find the language line "Xác Nhận"
ERROR - 2020-07-04 00:01:17 --> Could not find the language line "Đóng"
ERROR - 2020-07-04 00:01:17 --> Could not find the language line "Xác Nhận"
ERROR - 2020-07-04 00:01:17 --> Could not find the language line "Đóng"
ERROR - 2020-07-04 00:01:17 --> Could not find the language line "Tải"
ERROR - 2020-07-04 00:01:25 --> Could not find the language line "Tạo Điểm Lấy Hàng"
ERROR - 2020-07-04 00:01:25 --> Could not find the language line "Tạo Đơn Hàng"
ERROR - 2020-07-04 00:01:25 --> Could not find the language line "Tải Excel"
ERROR - 2020-07-04 00:01:25 --> Could not find the language line "Đóng"
ERROR - 2020-07-04 00:01:25 --> Could not find the language line "Xác Nhận"
ERROR - 2020-07-04 00:01:25 --> Severity: Warning --> Invalid argument supplied for foreach() /home/admin/domains/spshd.com/public_html/khachhang/application/views/app.php 162
ERROR - 2020-07-04 00:01:25 --> Severity: Warning --> Invalid argument supplied for foreach() /home/admin/domains/spshd.com/public_html/khachhang/application/views/app.php 173
ERROR - 2020-07-04 00:01:25 --> Could not find the language line "Đóng"
ERROR - 2020-07-04 00:01:25 --> Could not find the language line "Xác Nhận"
ERROR - 2020-07-04 00:01:25 --> Could not find the language line "Đóng"
ERROR - 2020-07-04 00:01:25 --> Could not find the language line "Xác Nhận"
ERROR - 2020-07-04 00:01:25 --> Could not find the language line "Đóng"
ERROR - 2020-07-04 00:01:25 --> Could not find the language line "Tải"
ERROR - 2020-07-04 00:40:57 --> Could not find the language line "Tạo Điểm Lấy Hàng"
ERROR - 2020-07-04 00:40:57 --> Could not find the language line "Tạo Đơn Hàng"
ERROR - 2020-07-04 00:40:57 --> Could not find the language line "Tải Excel"
ERROR - 2020-07-04 00:40:57 --> Could not find the language line "Đóng"
ERROR - 2020-07-04 00:40:57 --> Could not find the language line "Xác Nhận"
ERROR - 2020-07-04 00:40:57 --> Severity: Warning --> Invalid argument supplied for foreach() /home/admin/domains/spshd.com/public_html/khachhang/application/views/app.php 162
ERROR - 2020-07-04 00:40:57 --> Severity: Warning --> Invalid argument supplied for foreach() /home/admin/domains/spshd.com/public_html/khachhang/application/views/app.php 173
ERROR - 2020-07-04 00:40:57 --> Could not find the language line "Đóng"
ERROR - 2020-07-04 00:40:57 --> Could not find the language line "Xác Nhận"
ERROR - 2020-07-04 00:40:57 --> Could not find the language line "Đóng"
ERROR - 2020-07-04 00:40:57 --> Could not find the language line "Xác Nhận"
ERROR - 2020-07-04 00:40:57 --> Could not find the language line "Đóng"
ERROR - 2020-07-04 00:40:57 --> Could not find the language line "Tải"
ERROR - 2020-07-04 03:23:29 --> Could not find the language line "Tạo Điểm Lấy Hàng"
ERROR - 2020-07-04 03:23:29 --> Could not find the language line "Tạo Đơn Hàng"
ERROR - 2020-07-04 03:23:29 --> Could not find the language line "Tải Excel"
ERROR - 2020-07-04 03:23:29 --> Could not find the language line "Đóng"
ERROR - 2020-07-04 03:23:29 --> Could not find the language line "Xác Nhận"
ERROR - 2020-07-04 03:23:29 --> Severity: Warning --> Invalid argument supplied for foreach() /home/admin/domains/spshd.com/public_html/khachhang/application/views/app.php 162
ERROR - 2020-07-04 03:23:29 --> Severity: Warning --> Invalid argument supplied for foreach() /home/admin/domains/spshd.com/public_html/khachhang/application/views/app.php 173
ERROR - 2020-07-04 03:23:29 --> Could not find the language line "Đóng"
ERROR - 2020-07-04 03:23:29 --> Could not find the language line "Xác Nhận"
ERROR - 2020-07-04 03:23:29 --> Could not find the language line "Đóng"
ERROR - 2020-07-04 03:23:29 --> Could not find the language line "Xác Nhận"
ERROR - 2020-07-04 03:23:29 --> Could not find the language line "Đóng"
ERROR - 2020-07-04 03:23:29 --> Could not find the language line "Tải"
ERROR - 2020-07-04 06:23:26 --> Could not find the language line "Tạo Điểm Lấy Hàng"
ERROR - 2020-07-04 06:23:26 --> Could not find the language line "Tạo Đơn Hàng"
ERROR - 2020-07-04 06:23:26 --> Could not find the language line "Tải Excel"
ERROR - 2020-07-04 06:23:26 --> Could not find the language line "Đóng"
ERROR - 2020-07-04 06:23:26 --> Could not find the language line "Xác Nhận"
ERROR - 2020-07-04 06:23:26 --> Severity: Warning --> Invalid argument supplied for foreach() /home/admin/domains/spshd.com/public_html/khachhang/application/views/app.php 162
ERROR - 2020-07-04 06:23:26 --> Severity: Warning --> Invalid argument supplied for foreach() /home/admin/domains/spshd.com/public_html/khachhang/application/views/app.php 173
ERROR - 2020-07-04 06:23:26 --> Could not find the language line "Đóng"
ERROR - 2020-07-04 06:23:26 --> Could not find the language line "Xác Nhận"
ERROR - 2020-07-04 06:23:26 --> Could not find the language line "Đóng"
ERROR - 2020-07-04 06:23:26 --> Could not find the language line "Xác Nhận"
ERROR - 2020-07-04 06:23:26 --> Could not find the language line "Đóng"
ERROR - 2020-07-04 06:23:26 --> Could not find the language line "Tải"
ERROR - 2020-07-04 01:33:05 --> Could not find the language line "Email"
ERROR - 2020-07-04 01:33:05 --> Could not find the language line "password"
ERROR - 2020-07-04 01:44:09 --> Could not find the language line "Email"
ERROR - 2020-07-04 01:44:09 --> Could not find the language line "password"
ERROR - 2020-07-04 07:56:04 --> Could not find the language line "Tạo Điểm Lấy Hàng"
ERROR - 2020-07-04 07:56:04 --> Could not find the language line "Tạo Đơn Hàng"
ERROR - 2020-07-04 07:56:04 --> Could not find the language line "Tải Excel"
ERROR - 2020-07-04 07:56:04 --> Could not find the language line "Đóng"
ERROR - 2020-07-04 07:56:04 --> Could not find the language line "Xác Nhận"
ERROR - 2020-07-04 07:56:04 --> Severity: Warning --> Invalid argument supplied for foreach() /home/admin/domains/spshd.com/public_html/khachhang/application/views/app.php 162
ERROR - 2020-07-04 07:56:04 --> Severity: Warning --> Invalid argument supplied for foreach() /home/admin/domains/spshd.com/public_html/khachhang/application/views/app.php 173
ERROR - 2020-07-04 07:56:04 --> Could not find the language line "Đóng"
ERROR - 2020-07-04 07:56:04 --> Could not find the language line "Xác Nhận"
ERROR - 2020-07-04 07:56:04 --> Could not find the language line "Đóng"
ERROR - 2020-07-04 07:56:04 --> Could not find the language line "Xác Nhận"
ERROR - 2020-07-04 07:56:04 --> Could not find the language line "Đóng"
ERROR - 2020-07-04 07:56:04 --> Could not find the language line "Tải"
ERROR - 2020-07-04 08:14:45 --> Could not find the language line "Tạo Điểm Lấy Hàng"
ERROR - 2020-07-04 08:14:45 --> Could not find the language line "Tạo Đơn Hàng"
ERROR - 2020-07-04 08:14:45 --> Could not find the language line "Tải Excel"
ERROR - 2020-07-04 08:14:45 --> Could not find the language line "Đóng"
ERROR - 2020-07-04 08:14:45 --> Could not find the language line "Xác Nhận"
ERROR - 2020-07-04 08:14:45 --> Severity: Warning --> Invalid argument supplied for foreach() /home/admin/domains/spshd.com/public_html/khachhang/application/views/app.php 162
ERROR - 2020-07-04 08:14:45 --> Severity: Warning --> Invalid argument supplied for foreach() /home/admin/domains/spshd.com/public_html/khachhang/application/views/app.php 173
ERROR - 2020-07-04 08:14:45 --> Could not find the language line "Đóng"
ERROR - 2020-07-04 08:14:45 --> Could not find the language line "Xác Nhận"
ERROR - 2020-07-04 08:14:45 --> Could not find the language line "Đóng"
ERROR - 2020-07-04 08:14:45 --> Could not find the language line "Xác Nhận"
ERROR - 2020-07-04 08:14:45 --> Could not find the language line "Đóng"
ERROR - 2020-07-04 08:14:45 --> Could not find the language line "Tải"
ERROR - 2020-07-04 08:14:45 --> Could not find the language line "Tạo Điểm Lấy Hàng"
ERROR - 2020-07-04 08:14:45 --> Could not find the language line "Tạo Đơn Hàng"
ERROR - 2020-07-04 08:14:45 --> Could not find the language line "Tải Excel"
ERROR - 2020-07-04 08:14:45 --> Could not find the language line "Đóng"
ERROR - 2020-07-04 08:14:45 --> Could not find the language line "Xác Nhận"
ERROR - 2020-07-04 08:14:45 --> Severity: Warning --> Invalid argument supplied for foreach() /home/admin/domains/spshd.com/public_html/khachhang/application/views/app.php 162
ERROR - 2020-07-04 08:14:45 --> Severity: Warning --> Invalid argument supplied for foreach() /home/admin/domains/spshd.com/public_html/khachhang/application/views/app.php 173
ERROR - 2020-07-04 08:14:45 --> Could not find the language line "Đóng"
ERROR - 2020-07-04 08:14:45 --> Could not find the language line "Xác Nhận"
ERROR - 2020-07-04 08:14:45 --> Could not find the language line "Đóng"
ERROR - 2020-07-04 08:14:45 --> Could not find the language line "Xác Nhận"
ERROR - 2020-07-04 08:14:45 --> Could not find the language line "Đóng"
ERROR - 2020-07-04 08:14:45 --> Could not find the language line "Tải"
ERROR - 2020-07-04 08:20:31 --> Could not find the language line "Tạo Điểm Lấy Hàng"
ERROR - 2020-07-04 08:20:31 --> Could not find the language line "Tạo Đơn Hàng"
ERROR - 2020-07-04 08:20:31 --> Could not find the language line "Tải Excel"
ERROR - 2020-07-04 08:20:31 --> Could not find the language line "Đóng"
ERROR - 2020-07-04 08:20:31 --> Could not find the language line "Xác Nhận"
ERROR - 2020-07-04 08:20:31 --> Severity: Warning --> Invalid argument supplied for foreach() /home/admin/domains/spshd.com/public_html/khachhang/application/views/app.php 162
ERROR - 2020-07-04 08:20:31 --> Severity: Warning --> Invalid argument supplied for foreach() /home/admin/domains/spshd.com/public_html/khachhang/application/views/app.php 173
ERROR - 2020-07-04 08:20:31 --> Could not find the language line "Đóng"
ERROR - 2020-07-04 08:20:31 --> Could not find the language line "Xác Nhận"
ERROR - 2020-07-04 08:20:31 --> Could not find the language line "Đóng"
ERROR - 2020-07-04 08:20:31 --> Could not find the language line "Xác Nhận"
ERROR - 2020-07-04 08:20:31 --> Could not find the language line "Đóng"
ERROR - 2020-07-04 08:20:31 --> Could not find the language line "Tải"
ERROR - 2020-07-04 08:29:21 --> Could not find the language line "Tạo Điểm Lấy Hàng"
ERROR - 2020-07-04 08:29:21 --> Could not find the language line "Tạo Đơn Hàng"
ERROR - 2020-07-04 08:29:21 --> Could not find the language line "Tải Excel"
ERROR - 2020-07-04 08:29:21 --> Could not find the language line "Đóng"
ERROR - 2020-07-04 08:29:21 --> Could not find the language line "Xác Nhận"
ERROR - 2020-07-04 08:29:21 --> Severity: Warning --> Invalid argument supplied for foreach() /home/admin/domains/spshd.com/public_html/khachhang/application/views/app.php 162
ERROR - 2020-07-04 08:29:21 --> Severity: Warning --> Invalid argument supplied for foreach() /home/admin/domains/spshd.com/public_html/khachhang/application/views/app.php 173
ERROR - 2020-07-04 08:29:21 --> Could not find the language line "Đóng"
ERROR - 2020-07-04 08:29:21 --> Could not find the language line "Xác Nhận"
ERROR - 2020-07-04 08:29:21 --> Could not find the language line "Đóng"
ERROR - 2020-07-04 08:29:21 --> Could not find the language line "Xác Nhận"
ERROR - 2020-07-04 08:29:21 --> Could not find the language line "Đóng"
ERROR - 2020-07-04 08:29:21 --> Could not find the language line "Tải"
ERROR - 2020-07-04 08:29:22 --> Could not find the language line "Tạo Điểm Lấy Hàng"
ERROR - 2020-07-04 08:29:22 --> Could not find the language line "Tạo Đơn Hàng"
ERROR - 2020-07-04 08:29:22 --> Could not find the language line "Tải Excel"
ERROR - 2020-07-04 08:29:22 --> Could not find the language line "Đóng"
ERROR - 2020-07-04 08:29:22 --> Could not find the language line "Xác Nhận"
ERROR - 2020-07-04 08:29:22 --> Severity: Warning --> Invalid argument supplied for foreach() /home/admin/domains/spshd.com/public_html/khachhang/application/views/app.php 162
ERROR - 2020-07-04 08:29:22 --> Severity: Warning --> Invalid argument supplied for foreach() /home/admin/domains/spshd.com/public_html/khachhang/application/views/app.php 173
ERROR - 2020-07-04 08:29:22 --> Could not find the language line "Đóng"
ERROR - 2020-07-04 08:29:22 --> Could not find the language line "Xác Nhận"
ERROR - 2020-07-04 08:29:22 --> Could not find the language line "Đóng"
ERROR - 2020-07-04 08:29:22 --> Could not find the language line "Xác Nhận"
ERROR - 2020-07-04 08:29:22 --> Could not find the language line "Đóng"
ERROR - 2020-07-04 08:29:22 --> Could not find the language line "Tải"
ERROR - 2020-07-04 08:31:32 --> Could not find the language line "Tạo Điểm Lấy Hàng"
ERROR - 2020-07-04 08:31:32 --> Could not find the language line "Tạo Đơn Hàng"
ERROR - 2020-07-04 08:31:32 --> Could not find the language line "Tải Excel"
ERROR - 2020-07-04 08:31:32 --> Could not find the language line "Đóng"
ERROR - 2020-07-04 08:31:32 --> Could not find the language line "Xác Nhận"
ERROR - 2020-07-04 08:31:32 --> Severity: Warning --> Invalid argument supplied for foreach() /home/admin/domains/spshd.com/public_html/khachhang/application/views/app.php 162
ERROR - 2020-07-04 08:31:32 --> Severity: Warning --> Invalid argument supplied for foreach() /home/admin/domains/spshd.com/public_html/khachhang/application/views/app.php 173
ERROR - 2020-07-04 08:31:32 --> Could not find the language line "Đóng"
ERROR - 2020-07-04 08:31:32 --> Could not find the language line "Xác Nhận"
ERROR - 2020-07-04 08:31:32 --> Could not find the language line "Đóng"
ERROR - 2020-07-04 08:31:32 --> Could not find the language line "Xác Nhận"
ERROR - 2020-07-04 08:31:32 --> Could not find the language line "Đóng"
ERROR - 2020-07-04 08:31:32 --> Could not find the language line "Tải"
ERROR - 2020-07-04 02:33:56 --> Could not find the language line "Email"
ERROR - 2020-07-04 02:33:56 --> Could not find the language line "password"
ERROR - 2020-07-04 08:42:00 --> Could not find the language line "Tạo Điểm Lấy Hàng"
ERROR - 2020-07-04 08:42:00 --> Could not find the language line "Tạo Đơn Hàng"
ERROR - 2020-07-04 08:42:00 --> Could not find the language line "Tải Excel"
ERROR - 2020-07-04 08:42:00 --> Could not find the language line "Đóng"
ERROR - 2020-07-04 08:42:00 --> Could not find the language line "Xác Nhận"
ERROR - 2020-07-04 08:42:00 --> Severity: Warning --> Invalid argument supplied for foreach() /home/admin/domains/spshd.com/public_html/khachhang/application/views/app.php 162
ERROR - 2020-07-04 08:42:00 --> Severity: Warning --> Invalid argument supplied for foreach() /home/admin/domains/spshd.com/public_html/khachhang/application/views/app.php 173
ERROR - 2020-07-04 08:42:00 --> Could not find the language line "Đóng"
ERROR - 2020-07-04 08:42:00 --> Could not find the language line "Xác Nhận"
ERROR - 2020-07-04 08:42:00 --> Could not find the language line "Đóng"
ERROR - 2020-07-04 08:42:00 --> Could not find the language line "Xác Nhận"
ERROR - 2020-07-04 08:42:00 --> Could not find the language line "Đóng"
ERROR - 2020-07-04 08:42:00 --> Could not find the language line "Tải"
ERROR - 2020-07-04 08:49:59 --> Could not find the language line "Tạo Điểm Lấy Hàng"
ERROR - 2020-07-04 08:49:59 --> Could not find the language line "Tạo Đơn Hàng"
ERROR - 2020-07-04 08:49:59 --> Could not find the language line "Tải Excel"
ERROR - 2020-07-04 08:49:59 --> Could not find the language line "Đóng"
ERROR - 2020-07-04 08:49:59 --> Could not find the language line "Xác Nhận"
ERROR - 2020-07-04 08:49:59 --> Severity: Warning --> Invalid argument supplied for foreach() /home/admin/domains/spshd.com/public_html/khachhang/application/views/app.php 162
ERROR - 2020-07-04 08:49:59 --> Severity: Warning --> Invalid argument supplied for foreach() /home/admin/domains/spshd.com/public_html/khachhang/application/views/app.php 173
ERROR - 2020-07-04 08:49:59 --> Could not find the language line "Đóng"
ERROR - 2020-07-04 08:49:59 --> Could not find the language line "Xác Nhận"
ERROR - 2020-07-04 08:49:59 --> Could not find the language line "Đóng"
ERROR - 2020-07-04 08:49:59 --> Could not find the language line "Xác Nhận"
ERROR - 2020-07-04 08:49:59 --> Could not find the language line "Đóng"
ERROR - 2020-07-04 08:49:59 --> Could not find the language line "Tải"
ERROR - 2020-07-04 09:03:25 --> Could not find the language line "Tạo Điểm Lấy Hàng"
ERROR - 2020-07-04 09:03:25 --> Could not find the language line "Tạo Đơn Hàng"
ERROR - 2020-07-04 09:03:25 --> Could not find the language line "Tải Excel"
ERROR - 2020-07-04 09:03:25 --> Could not find the language line "Đóng"
ERROR - 2020-07-04 09:03:25 --> Could not find the language line "Xác Nhận"
ERROR - 2020-07-04 09:03:25 --> Severity: Warning --> Invalid argument supplied for foreach() /home/admin/domains/spshd.com/public_html/khachhang/application/views/app.php 162
ERROR - 2020-07-04 09:03:25 --> Severity: Warning --> Invalid argument supplied for foreach() /home/admin/domains/spshd.com/public_html/khachhang/application/views/app.php 173
ERROR - 2020-07-04 09:03:25 --> Could not find the language line "Đóng"
ERROR - 2020-07-04 09:03:25 --> Could not find the language line "Xác Nhận"
ERROR - 2020-07-04 09:03:25 --> Could not find the language line "Đóng"
ERROR - 2020-07-04 09:03:25 --> Could not find the language line "Xác Nhận"
ERROR - 2020-07-04 09:03:25 --> Could not find the language line "Đóng"
ERROR - 2020-07-04 09:03:25 --> Could not find the language line "Tải"
ERROR - 2020-07-04 09:06:38 --> Could not find the language line "Tạo Điểm Lấy Hàng"
ERROR - 2020-07-04 09:06:38 --> Could not find the language line "Tạo Đơn Hàng"
ERROR - 2020-07-04 09:06:38 --> Could not find the language line "Tải Excel"
ERROR - 2020-07-04 09:06:38 --> Could not find the language line "Đóng"
ERROR - 2020-07-04 09:06:38 --> Could not find the language line "Xác Nhận"
ERROR - 2020-07-04 09:06:38 --> Severity: Warning --> Invalid argument supplied for foreach() /home/admin/domains/spshd.com/public_html/khachhang/application/views/app.php 162
ERROR - 2020-07-04 09:06:38 --> Severity: Warning --> Invalid argument supplied for foreach() /home/admin/domains/spshd.com/public_html/khachhang/application/views/app.php 173
ERROR - 2020-07-04 09:06:38 --> Could not find the language line "Đóng"
ERROR - 2020-07-04 09:06:38 --> Could not find the language line "Xác Nhận"
ERROR - 2020-07-04 09:06:38 --> Could not find the language line "Đóng"
ERROR - 2020-07-04 09:06:38 --> Could not find the language line "Xác Nhận"
ERROR - 2020-07-04 09:06:38 --> Could not find the language line "Đóng"
ERROR - 2020-07-04 09:06:38 --> Could not find the language line "Tải"
ERROR - 2020-07-04 09:09:59 --> Could not find the language line "Tạo Điểm Lấy Hàng"
ERROR - 2020-07-04 09:09:59 --> Could not find the language line "Tạo Đơn Hàng"
ERROR - 2020-07-04 09:09:59 --> Could not find the language line "Tải Excel"
ERROR - 2020-07-04 09:09:59 --> Could not find the language line "Đóng"
ERROR - 2020-07-04 09:09:59 --> Could not find the language line "Xác Nhận"
ERROR - 2020-07-04 09:09:59 --> Severity: Warning --> Invalid argument supplied for foreach() /home/admin/domains/spshd.com/public_html/khachhang/application/views/app.php 162
ERROR - 2020-07-04 09:09:59 --> Severity: Warning --> Invalid argument supplied for foreach() /home/admin/domains/spshd.com/public_html/khachhang/application/views/app.php 173
ERROR - 2020-07-04 09:09:59 --> Could not find the language line "Đóng"
ERROR - 2020-07-04 09:09:59 --> Could not find the language line "Xác Nhận"
ERROR - 2020-07-04 09:09:59 --> Could not find the language line "Đóng"
ERROR - 2020-07-04 09:09:59 --> Could not find the language line "Xác Nhận"
ERROR - 2020-07-04 09:09:59 --> Could not find the language line "Đóng"
ERROR - 2020-07-04 09:09:59 --> Could not find the language line "Tải"
ERROR - 2020-07-04 09:09:59 --> Could not find the language line "Tạo Điểm Lấy Hàng"
ERROR - 2020-07-04 09:09:59 --> Could not find the language line "Tạo Đơn Hàng"
ERROR - 2020-07-04 09:09:59 --> Could not find the language line "Tải Excel"
ERROR - 2020-07-04 09:09:59 --> Could not find the language line "Đóng"
ERROR - 2020-07-04 09:09:59 --> Could not find the language line "Xác Nhận"
ERROR - 2020-07-04 09:09:59 --> Severity: Warning --> Invalid argument supplied for foreach() /home/admin/domains/spshd.com/public_html/khachhang/application/views/app.php 162
ERROR - 2020-07-04 09:09:59 --> Severity: Warning --> Invalid argument supplied for foreach() /home/admin/domains/spshd.com/public_html/khachhang/application/views/app.php 173
ERROR - 2020-07-04 09:09:59 --> Could not find the language line "Đóng"
ERROR - 2020-07-04 09:09:59 --> Could not find the language line "Xác Nhận"
ERROR - 2020-07-04 09:09:59 --> Could not find the language line "Đóng"
ERROR - 2020-07-04 09:09:59 --> Could not find the language line "Xác Nhận"
ERROR - 2020-07-04 09:09:59 --> Could not find the language line "Đóng"
ERROR - 2020-07-04 09:09:59 --> Could not find the language line "Tải"
ERROR - 2020-07-04 09:11:43 --> Could not find the language line "Tạo Điểm Lấy Hàng"
ERROR - 2020-07-04 09:11:43 --> Could not find the language line "Tạo Đơn Hàng"
ERROR - 2020-07-04 09:11:43 --> Could not find the language line "Tải Excel"
ERROR - 2020-07-04 09:11:43 --> Could not find the language line "Đóng"
ERROR - 2020-07-04 09:11:43 --> Could not find the language line "Xác Nhận"
ERROR - 2020-07-04 09:11:43 --> Severity: Warning --> Invalid argument supplied for foreach() /home/admin/domains/spshd.com/public_html/khachhang/application/views/app.php 162
ERROR - 2020-07-04 09:11:43 --> Severity: Warning --> Invalid argument supplied for foreach() /home/admin/domains/spshd.com/public_html/khachhang/application/views/app.php 173
ERROR - 2020-07-04 09:11:43 --> Could not find the language line "Đóng"
ERROR - 2020-07-04 09:11:43 --> Could not find the language line "Xác Nhận"
ERROR - 2020-07-04 09:11:43 --> Could not find the language line "Đóng"
ERROR - 2020-07-04 09:11:43 --> Could not find the language line "Xác Nhận"
ERROR - 2020-07-04 09:11:43 --> Could not find the language line "Đóng"
ERROR - 2020-07-04 09:11:43 --> Could not find the language line "Tải"
ERROR - 2020-07-04 09:30:47 --> Could not find the language line "Tạo Điểm Lấy Hàng"
ERROR - 2020-07-04 09:30:47 --> Could not find the language line "Tạo Đơn Hàng"
ERROR - 2020-07-04 09:30:47 --> Could not find the language line "Tải Excel"
ERROR - 2020-07-04 09:30:47 --> Could not find the language line "Đóng"
ERROR - 2020-07-04 09:30:47 --> Could not find the language line "Xác Nhận"
ERROR - 2020-07-04 09:30:47 --> Severity: Warning --> Invalid argument supplied for foreach() /home/admin/domains/spshd.com/public_html/khachhang/application/views/app.php 162
ERROR - 2020-07-04 09:30:47 --> Severity: Warning --> Invalid argument supplied for foreach() /home/admin/domains/spshd.com/public_html/khachhang/application/views/app.php 173
ERROR - 2020-07-04 09:30:47 --> Could not find the language line "Đóng"
ERROR - 2020-07-04 09:30:47 --> Could not find the language line "Xác Nhận"
ERROR - 2020-07-04 09:30:47 --> Could not find the language line "Đóng"
ERROR - 2020-07-04 09:30:47 --> Could not find the language line "Xác Nhận"
ERROR - 2020-07-04 09:30:47 --> Could not find the language line "Đóng"
ERROR - 2020-07-04 09:30:47 --> Could not find the language line "Tải"
ERROR - 2020-07-04 09:33:08 --> Could not find the language line "Tạo Điểm Lấy Hàng"
ERROR - 2020-07-04 09:33:08 --> Could not find the language line "Tạo Đơn Hàng"
ERROR - 2020-07-04 09:33:08 --> Could not find the language line "Tải Excel"
ERROR - 2020-07-04 09:33:08 --> Could not find the language line "Đóng"
ERROR - 2020-07-04 09:33:08 --> Could not find the language line "Xác Nhận"
ERROR - 2020-07-04 09:33:08 --> Severity: Warning --> Invalid argument supplied for foreach() /home/admin/domains/spshd.com/public_html/khachhang/application/views/app.php 162
ERROR - 2020-07-04 09:33:08 --> Severity: Warning --> Invalid argument supplied for foreach() /home/admin/domains/spshd.com/public_html/khachhang/application/views/app.php 173
ERROR - 2020-07-04 09:33:08 --> Could not find the language line "Đóng"
ERROR - 2020-07-04 09:33:08 --> Could not find the language line "Xác Nhận"
ERROR - 2020-07-04 09:33:08 --> Could not find the language line "Đóng"
ERROR - 2020-07-04 09:33:08 --> Could not find the language line "Xác Nhận"
ERROR - 2020-07-04 09:33:08 --> Could not find the language line "Đóng"
ERROR - 2020-07-04 09:33:08 --> Could not find the language line "Tải"
ERROR - 2020-07-04 09:33:08 --> Could not find the language line "Tạo Điểm Lấy Hàng"
ERROR - 2020-07-04 09:33:08 --> Could not find the language line "Tạo Đơn Hàng"
ERROR - 2020-07-04 09:33:08 --> Could not find the language line "Tải Excel"
ERROR - 2020-07-04 09:33:08 --> Could not find the language line "Đóng"
ERROR - 2020-07-04 09:33:08 --> Could not find the language line "Xác Nhận"
ERROR - 2020-07-04 09:33:08 --> Severity: Warning --> Invalid argument supplied for foreach() /home/admin/domains/spshd.com/public_html/khachhang/application/views/app.php 162
ERROR - 2020-07-04 09:33:08 --> Severity: Warning --> Invalid argument supplied for foreach() /home/admin/domains/spshd.com/public_html/khachhang/application/views/app.php 173
ERROR - 2020-07-04 09:33:08 --> Could not find the language line "Đóng"
ERROR - 2020-07-04 09:33:08 --> Could not find the language line "Xác Nhận"
ERROR - 2020-07-04 09:33:08 --> Could not find the language line "Đóng"
ERROR - 2020-07-04 09:33:08 --> Could not find the language line "Xác Nhận"
ERROR - 2020-07-04 09:33:08 --> Could not find the language line "Đóng"
ERROR - 2020-07-04 09:33:08 --> Could not find the language line "Tải"
ERROR - 2020-07-04 09:51:46 --> Could not find the language line "Tạo Điểm Lấy Hàng"
ERROR - 2020-07-04 09:51:46 --> Could not find the language line "Tạo Đơn Hàng"
ERROR - 2020-07-04 09:51:46 --> Could not find the language line "Tải Excel"
ERROR - 2020-07-04 09:51:46 --> Could not find the language line "Đóng"
ERROR - 2020-07-04 09:51:46 --> Could not find the language line "Xác Nhận"
ERROR - 2020-07-04 09:51:46 --> Severity: Warning --> Invalid argument supplied for foreach() /home/admin/domains/spshd.com/public_html/khachhang/application/views/app.php 162
ERROR - 2020-07-04 09:51:46 --> Severity: Warning --> Invalid argument supplied for foreach() /home/admin/domains/spshd.com/public_html/khachhang/application/views/app.php 173
ERROR - 2020-07-04 09:51:46 --> Could not find the language line "Đóng"
ERROR - 2020-07-04 09:51:46 --> Could not find the language line "Xác Nhận"
ERROR - 2020-07-04 09:51:46 --> Could not find the language line "Đóng"
ERROR - 2020-07-04 09:51:46 --> Could not find the language line "Xác Nhận"
ERROR - 2020-07-04 09:51:46 --> Could not find the language line "Đóng"
ERROR - 2020-07-04 09:51:46 --> Could not find the language line "Tải"
ERROR - 2020-07-04 10:03:26 --> Could not find the language line "Tạo Điểm Lấy Hàng"
ERROR - 2020-07-04 10:03:26 --> Could not find the language line "Tạo Đơn Hàng"
ERROR - 2020-07-04 10:03:26 --> Could not find the language line "Tải Excel"
ERROR - 2020-07-04 10:03:26 --> Could not find the language line "Đóng"
ERROR - 2020-07-04 10:03:26 --> Could not find the language line "Xác Nhận"
ERROR - 2020-07-04 10:03:26 --> Severity: Warning --> Invalid argument supplied for foreach() /home/admin/domains/spshd.com/public_html/khachhang/application/views/app.php 162
ERROR - 2020-07-04 10:03:26 --> Severity: Warning --> Invalid argument supplied for foreach() /home/admin/domains/spshd.com/public_html/khachhang/application/views/app.php 173
ERROR - 2020-07-04 10:03:26 --> Could not find the language line "Đóng"
ERROR - 2020-07-04 10:03:26 --> Could not find the language line "Xác Nhận"
ERROR - 2020-07-04 10:03:26 --> Could not find the language line "Đóng"
ERROR - 2020-07-04 10:03:26 --> Could not find the language line "Xác Nhận"
ERROR - 2020-07-04 10:03:26 --> Could not find the language line "Đóng"
ERROR - 2020-07-04 10:03:26 --> Could not find the language line "Tải"
ERROR - 2020-07-04 10:03:58 --> Could not find the language line "Tạo Điểm Lấy Hàng"
ERROR - 2020-07-04 10:03:58 --> Could not find the language line "Tạo Đơn Hàng"
ERROR - 2020-07-04 10:03:58 --> Could not find the language line "Tải Excel"
ERROR - 2020-07-04 10:03:58 --> Could not find the language line "Đóng"
ERROR - 2020-07-04 10:03:58 --> Could not find the language line "Xác Nhận"
ERROR - 2020-07-04 10:03:58 --> Severity: Warning --> Invalid argument supplied for foreach() /home/admin/domains/spshd.com/public_html/khachhang/application/views/app.php 162
ERROR - 2020-07-04 10:03:58 --> Severity: Warning --> Invalid argument supplied for foreach() /home/admin/domains/spshd.com/public_html/khachhang/application/views/app.php 173
ERROR - 2020-07-04 10:03:58 --> Could not find the language line "Đóng"
ERROR - 2020-07-04 10:03:58 --> Could not find the language line "Xác Nhận"
ERROR - 2020-07-04 10:03:58 --> Could not find the language line "Đóng"
ERROR - 2020-07-04 10:03:58 --> Could not find the language line "Xác Nhận"
ERROR - 2020-07-04 10:03:58 --> Could not find the language line "Đóng"
ERROR - 2020-07-04 10:03:58 --> Could not find the language line "Tải"
ERROR - 2020-07-04 04:04:14 --> Could not find the language line "Email"
ERROR - 2020-07-04 04:04:14 --> Could not find the language line "password"
ERROR - 2020-07-04 04:09:18 --> Could not find the language line "Email"
ERROR - 2020-07-04 04:09:18 --> Could not find the language line "password"
ERROR - 2020-07-04 04:09:20 --> Could not find the language line "Email"
ERROR - 2020-07-04 04:09:20 --> Could not find the language line "password"
ERROR - 2020-07-04 10:09:34 --> Could not find the language line "Tạo Điểm Lấy Hàng"
ERROR - 2020-07-04 10:09:34 --> Could not find the language line "Tạo Đơn Hàng"
ERROR - 2020-07-04 10:09:34 --> Could not find the language line "Tải Excel"
ERROR - 2020-07-04 10:09:34 --> Could not find the language line "Đóng"
ERROR - 2020-07-04 10:09:34 --> Could not find the language line "Xác Nhận"
ERROR - 2020-07-04 10:09:34 --> Severity: Warning --> Invalid argument supplied for foreach() /home/admin/domains/spshd.com/public_html/khachhang/application/views/app.php 162
ERROR - 2020-07-04 10:09:34 --> Severity: Warning --> Invalid argument supplied for foreach() /home/admin/domains/spshd.com/public_html/khachhang/application/views/app.php 173
ERROR - 2020-07-04 10:09:34 --> Could not find the language line "Đóng"
ERROR - 2020-07-04 10:09:34 --> Could not find the language line "Xác Nhận"
ERROR - 2020-07-04 10:09:34 --> Could not find the language line "Đóng"
ERROR - 2020-07-04 10:09:34 --> Could not find the language line "Xác Nhận"
ERROR - 2020-07-04 10:09:34 --> Could not find the language line "Đóng"
ERROR - 2020-07-04 10:09:34 --> Could not find the language line "Tải"
ERROR - 2020-07-04 10:09:45 --> Could not find the language line "Tạo Điểm Lấy Hàng"
ERROR - 2020-07-04 10:09:45 --> Could not find the language line "Tạo Đơn Hàng"
ERROR - 2020-07-04 10:09:45 --> Could not find the language line "Tải Excel"
ERROR - 2020-07-04 10:09:45 --> Could not find the language line "Đóng"
ERROR - 2020-07-04 10:09:45 --> Could not find the language line "Xác Nhận"
ERROR - 2020-07-04 10:09:45 --> Severity: Warning --> Invalid argument supplied for foreach() /home/admin/domains/spshd.com/public_html/khachhang/application/views/app.php 162
ERROR - 2020-07-04 10:09:45 --> Severity: Warning --> Invalid argument supplied for foreach() /home/admin/domains/spshd.com/public_html/khachhang/application/views/app.php 173
ERROR - 2020-07-04 10:09:45 --> Could not find the language line "Đóng"
ERROR - 2020-07-04 10:09:45 --> Could not find the language line "Xác Nhận"
ERROR - 2020-07-04 10:09:45 --> Could not find the language line "Đóng"
ERROR - 2020-07-04 10:09:45 --> Could not find the language line "Xác Nhận"
ERROR - 2020-07-04 10:09:45 --> Could not find the language line "Đóng"
ERROR - 2020-07-04 10:09:45 --> Could not find the language line "Tải"
ERROR - 2020-07-04 04:15:54 --> Could not find the language line "Email"
ERROR - 2020-07-04 04:15:54 --> Could not find the language line "password"
ERROR - 2020-07-04 04:15:57 --> Could not find the language line "Email"
ERROR - 2020-07-04 04:15:57 --> Could not find the language line "password"
ERROR - 2020-07-04 04:15:57 --> Could not find the language line "Email"
ERROR - 2020-07-04 04:15:57 --> Could not find the language line "password"
ERROR - 2020-07-04 04:15:57 --> Could not find the language line "Email"
ERROR - 2020-07-04 04:15:57 --> Could not find the language line "password"
ERROR - 2020-07-04 04:15:58 --> Could not find the language line "Email"
ERROR - 2020-07-04 04:15:58 --> Could not find the language line "password"
ERROR - 2020-07-04 04:15:58 --> Could not find the language line "Email"
ERROR - 2020-07-04 04:15:58 --> Could not find the language line "password"
ERROR - 2020-07-04 04:31:20 --> Could not find the language line "Email"
ERROR - 2020-07-04 04:31:20 --> Could not find the language line "password"
ERROR - 2020-07-04 04:34:09 --> Could not find the language line "Email"
ERROR - 2020-07-04 04:34:09 --> Could not find the language line "password"
ERROR - 2020-07-04 10:34:21 --> Could not find the language line "Tạo Điểm Lấy Hàng"
ERROR - 2020-07-04 10:34:21 --> Could not find the language line "Tạo Đơn Hàng"
ERROR - 2020-07-04 10:34:21 --> Could not find the language line "Tải Excel"
ERROR - 2020-07-04 10:34:21 --> Could not find the language line "Đóng"
ERROR - 2020-07-04 10:34:21 --> Could not find the language line "Xác Nhận"
ERROR - 2020-07-04 10:34:21 --> Severity: Warning --> Invalid argument supplied for foreach() /home/admin/domains/spshd.com/public_html/khachhang/application/views/app.php 162
ERROR - 2020-07-04 10:34:21 --> Severity: Warning --> Invalid argument supplied for foreach() /home/admin/domains/spshd.com/public_html/khachhang/application/views/app.php 173
ERROR - 2020-07-04 10:34:21 --> Could not find the language line "Đóng"
ERROR - 2020-07-04 10:34:21 --> Could not find the language line "Xác Nhận"
ERROR - 2020-07-04 10:34:21 --> Could not find the language line "Đóng"
ERROR - 2020-07-04 10:34:21 --> Could not find the language line "Xác Nhận"
ERROR - 2020-07-04 10:34:21 --> Could not find the language line "Đóng"
ERROR - 2020-07-04 10:34:21 --> Could not find the language line "Tải"
ERROR - 2020-07-04 04:37:27 --> Could not find the language line "Email"
ERROR - 2020-07-04 04:37:27 --> Could not find the language line "password"
ERROR - 2020-07-04 10:53:52 --> Could not find the language line "Tạo Điểm Lấy Hàng"
ERROR - 2020-07-04 10:53:52 --> Could not find the language line "Tạo Đơn Hàng"
ERROR - 2020-07-04 10:53:52 --> Could not find the language line "Tải Excel"
ERROR - 2020-07-04 10:53:52 --> Could not find the language line "Đóng"
ERROR - 2020-07-04 10:53:52 --> Could not find the language line "Xác Nhận"
ERROR - 2020-07-04 10:53:52 --> Severity: Warning --> Invalid argument supplied for foreach() /home/admin/domains/spshd.com/public_html/khachhang/application/views/app.php 162
ERROR - 2020-07-04 10:53:52 --> Severity: Warning --> Invalid argument supplied for foreach() /home/admin/domains/spshd.com/public_html/khachhang/application/views/app.php 173
ERROR - 2020-07-04 10:53:52 --> Could not find the language line "Đóng"
ERROR - 2020-07-04 10:53:52 --> Could not find the language line "Xác Nhận"
ERROR - 2020-07-04 10:53:52 --> Could not find the language line "Đóng"
ERROR - 2020-07-04 10:53:52 --> Could not find the language line "Xác Nhận"
ERROR - 2020-07-04 10:53:52 --> Could not find the language line "Đóng"
ERROR - 2020-07-04 10:53:52 --> Could not find the language line "Tải"
ERROR - 2020-07-04 11:01:34 --> Could not find the language line "Tạo Điểm Lấy Hàng"
ERROR - 2020-07-04 11:01:34 --> Could not find the language line "Tạo Đơn Hàng"
ERROR - 2020-07-04 11:01:34 --> Could not find the language line "Tải Excel"
ERROR - 2020-07-04 11:01:34 --> Could not find the language line "Đóng"
ERROR - 2020-07-04 11:01:34 --> Could not find the language line "Xác Nhận"
ERROR - 2020-07-04 11:01:34 --> Severity: Warning --> Invalid argument supplied for foreach() /home/admin/domains/spshd.com/public_html/khachhang/application/views/app.php 162
ERROR - 2020-07-04 11:01:34 --> Severity: Warning --> Invalid argument supplied for foreach() /home/admin/domains/spshd.com/public_html/khachhang/application/views/app.php 173
ERROR - 2020-07-04 11:01:34 --> Could not find the language line "Đóng"
ERROR - 2020-07-04 11:01:34 --> Could not find the language line "Xác Nhận"
ERROR - 2020-07-04 11:01:34 --> Could not find the language line "Đóng"
ERROR - 2020-07-04 11:01:34 --> Could not find the language line "Xác Nhận"
ERROR - 2020-07-04 11:01:34 --> Could not find the language line "Đóng"
ERROR - 2020-07-04 11:01:34 --> Could not find the language line "Tải"
ERROR - 2020-07-04 11:06:26 --> Could not find the language line "Tạo Điểm Lấy Hàng"
ERROR - 2020-07-04 11:06:26 --> Could not find the language line "Tạo Đơn Hàng"
ERROR - 2020-07-04 11:06:26 --> Could not find the language line "Tải Excel"
ERROR - 2020-07-04 11:06:26 --> Could not find the language line "Đóng"
ERROR - 2020-07-04 11:06:26 --> Could not find the language line "Xác Nhận"
ERROR - 2020-07-04 11:06:26 --> Severity: Warning --> Invalid argument supplied for foreach() /home/admin/domains/spshd.com/public_html/khachhang/application/views/app.php 162
ERROR - 2020-07-04 11:06:26 --> Severity: Warning --> Invalid argument supplied for foreach() /home/admin/domains/spshd.com/public_html/khachhang/application/views/app.php 173
ERROR - 2020-07-04 11:06:26 --> Could not find the language line "Đóng"
ERROR - 2020-07-04 11:06:26 --> Could not find the language line "Xác Nhận"
ERROR - 2020-07-04 11:06:26 --> Could not find the language line "Đóng"
ERROR - 2020-07-04 11:06:26 --> Could not find the language line "Xác Nhận"
ERROR - 2020-07-04 11:06:26 --> Could not find the language line "Đóng"
ERROR - 2020-07-04 11:06:26 --> Could not find the language line "Tải"
ERROR - 2020-07-04 12:01:57 --> Could not find the language line "Tạo Điểm Lấy Hàng"
ERROR - 2020-07-04 12:01:57 --> Could not find the language line "Tạo Đơn Hàng"
ERROR - 2020-07-04 12:01:57 --> Could not find the language line "Tải Excel"
ERROR - 2020-07-04 12:01:57 --> Could not find the language line "Đóng"
ERROR - 2020-07-04 12:01:57 --> Could not find the language line "Xác Nhận"
ERROR - 2020-07-04 12:01:57 --> Severity: Warning --> Invalid argument supplied for foreach() /home/admin/domains/spshd.com/public_html/khachhang/application/views/app.php 162
ERROR - 2020-07-04 12:01:57 --> Severity: Warning --> Invalid argument supplied for foreach() /home/admin/domains/spshd.com/public_html/khachhang/application/views/app.php 173
ERROR - 2020-07-04 12:01:57 --> Could not find the language line "Đóng"
ERROR - 2020-07-04 12:01:57 --> Could not find the language line "Xác Nhận"
ERROR - 2020-07-04 12:01:57 --> Could not find the language line "Đóng"
ERROR - 2020-07-04 12:01:57 --> Could not find the language line "Xác Nhận"
ERROR - 2020-07-04 12:01:57 --> Could not find the language line "Đóng"
ERROR - 2020-07-04 12:01:57 --> Could not find the language line "Tải"
ERROR - 2020-07-04 12:02:06 --> Could not find the language line "Tạo Điểm Lấy Hàng"
ERROR - 2020-07-04 12:02:06 --> Could not find the language line "Tạo Đơn Hàng"
ERROR - 2020-07-04 12:02:06 --> Could not find the language line "Tải Excel"
ERROR - 2020-07-04 12:02:06 --> Could not find the language line "Đóng"
ERROR - 2020-07-04 12:02:06 --> Could not find the language line "Xác Nhận"
ERROR - 2020-07-04 12:02:06 --> Severity: Warning --> Invalid argument supplied for foreach() /home/admin/domains/spshd.com/public_html/khachhang/application/views/app.php 162
ERROR - 2020-07-04 12:02:06 --> Severity: Warning --> Invalid argument supplied for foreach() /home/admin/domains/spshd.com/public_html/khachhang/application/views/app.php 173
ERROR - 2020-07-04 12:02:06 --> Could not find the language line "Đóng"
ERROR - 2020-07-04 12:02:06 --> Could not find the language line "Xác Nhận"
ERROR - 2020-07-04 12:02:06 --> Could not find the language line "Đóng"
ERROR - 2020-07-04 12:02:06 --> Could not find the language line "Xác Nhận"
ERROR - 2020-07-04 12:02:06 --> Could not find the language line "Đóng"
ERROR - 2020-07-04 12:02:06 --> Could not find the language line "Tải"
ERROR - 2020-07-04 13:00:12 --> Could not find the language line "Tạo Điểm Lấy Hàng"
ERROR - 2020-07-04 13:00:12 --> Could not find the language line "Tạo Đơn Hàng"
ERROR - 2020-07-04 13:00:12 --> Could not find the language line "Tải Excel"
ERROR - 2020-07-04 13:00:12 --> Could not find the language line "Đóng"
ERROR - 2020-07-04 13:00:12 --> Could not find the language line "Xác Nhận"
ERROR - 2020-07-04 13:00:12 --> Severity: Warning --> Invalid argument supplied for foreach() /home/admin/domains/spshd.com/public_html/khachhang/application/views/app.php 162
ERROR - 2020-07-04 13:00:12 --> Severity: Warning --> Invalid argument supplied for foreach() /home/admin/domains/spshd.com/public_html/khachhang/application/views/app.php 173
ERROR - 2020-07-04 13:00:12 --> Could not find the language line "Đóng"
ERROR - 2020-07-04 13:00:12 --> Could not find the language line "Xác Nhận"
ERROR - 2020-07-04 13:00:12 --> Could not find the language line "Đóng"
ERROR - 2020-07-04 13:00:12 --> Could not find the language line "Xác Nhận"
ERROR - 2020-07-04 13:00:12 --> Could not find the language line "Đóng"
ERROR - 2020-07-04 13:00:12 --> Could not find the language line "Tải"
ERROR - 2020-07-04 13:57:16 --> Could not find the language line "Tạo Điểm Lấy Hàng"
ERROR - 2020-07-04 13:57:16 --> Could not find the language line "Tạo Đơn Hàng"
ERROR - 2020-07-04 13:57:16 --> Could not find the language line "Tải Excel"
ERROR - 2020-07-04 13:57:16 --> Could not find the language line "Đóng"
ERROR - 2020-07-04 13:57:16 --> Could not find the language line "Xác Nhận"
ERROR - 2020-07-04 13:57:16 --> Severity: Warning --> Invalid argument supplied for foreach() /home/admin/domains/spshd.com/public_html/khachhang/application/views/app.php 162
ERROR - 2020-07-04 13:57:16 --> Severity: Warning --> Invalid argument supplied for foreach() /home/admin/domains/spshd.com/public_html/khachhang/application/views/app.php 173
ERROR - 2020-07-04 13:57:16 --> Could not find the language line "Đóng"
ERROR - 2020-07-04 13:57:16 --> Could not find the language line "Xác Nhận"
ERROR - 2020-07-04 13:57:16 --> Could not find the language line "Đóng"
ERROR - 2020-07-04 13:57:16 --> Could not find the language line "Xác Nhận"
ERROR - 2020-07-04 13:57:16 --> Could not find the language line "Đóng"
ERROR - 2020-07-04 13:57:16 --> Could not find the language line "Tải"
ERROR - 2020-07-04 13:57:17 --> Could not find the language line "Tạo Điểm Lấy Hàng"
ERROR - 2020-07-04 13:57:17 --> Could not find the language line "Tạo Đơn Hàng"
ERROR - 2020-07-04 13:57:17 --> Could not find the language line "Tải Excel"
ERROR - 2020-07-04 13:57:17 --> Could not find the language line "Đóng"
ERROR - 2020-07-04 13:57:17 --> Could not find the language line "Xác Nhận"
ERROR - 2020-07-04 13:57:17 --> Severity: Warning --> Invalid argument supplied for foreach() /home/admin/domains/spshd.com/public_html/khachhang/application/views/app.php 162
ERROR - 2020-07-04 13:57:17 --> Severity: Warning --> Invalid argument supplied for foreach() /home/admin/domains/spshd.com/public_html/khachhang/application/views/app.php 173
ERROR - 2020-07-04 13:57:17 --> Could not find the language line "Đóng"
ERROR - 2020-07-04 13:57:17 --> Could not find the language line "Xác Nhận"
ERROR - 2020-07-04 13:57:17 --> Could not find the language line "Đóng"
ERROR - 2020-07-04 13:57:17 --> Could not find the language line "Xác Nhận"
ERROR - 2020-07-04 13:57:17 --> Could not find the language line "Đóng"
ERROR - 2020-07-04 13:57:17 --> Could not find the language line "Tải"
ERROR - 2020-07-04 13:57:51 --> Could not find the language line "Tạo Điểm Lấy Hàng"
ERROR - 2020-07-04 13:57:51 --> Could not find the language line "Tạo Đơn Hàng"
ERROR - 2020-07-04 13:57:51 --> Could not find the language line "Tải Excel"
ERROR - 2020-07-04 13:57:51 --> Could not find the language line "Đóng"
ERROR - 2020-07-04 13:57:51 --> Could not find the language line "Xác Nhận"
ERROR - 2020-07-04 13:57:51 --> Severity: Warning --> Invalid argument supplied for foreach() /home/admin/domains/spshd.com/public_html/khachhang/application/views/app.php 162
ERROR - 2020-07-04 13:57:51 --> Severity: Warning --> Invalid argument supplied for foreach() /home/admin/domains/spshd.com/public_html/khachhang/application/views/app.php 173
ERROR - 2020-07-04 13:57:51 --> Could not find the language line "Đóng"
ERROR - 2020-07-04 13:57:51 --> Could not find the language line "Xác Nhận"
ERROR - 2020-07-04 13:57:52 --> Could not find the language line "Đóng"
ERROR - 2020-07-04 13:57:52 --> Could not find the language line "Xác Nhận"
ERROR - 2020-07-04 13:57:52 --> Could not find the language line "Đóng"
ERROR - 2020-07-04 13:57:52 --> Could not find the language line "Tải"
ERROR - 2020-07-04 08:21:15 --> Could not find the language line "Email"
ERROR - 2020-07-04 08:21:15 --> Could not find the language line "password"
ERROR - 2020-07-04 14:21:17 --> Could not find the language line "Tạo Điểm Lấy Hàng"
ERROR - 2020-07-04 14:21:17 --> Could not find the language line "Tạo Đơn Hàng"
ERROR - 2020-07-04 14:21:17 --> Could not find the language line "Tải Excel"
ERROR - 2020-07-04 14:21:17 --> Could not find the language line "Đóng"
ERROR - 2020-07-04 14:21:17 --> Could not find the language line "Xác Nhận"
ERROR - 2020-07-04 14:21:17 --> Severity: Warning --> Invalid argument supplied for foreach() /home/admin/domains/spshd.com/public_html/khachhang/application/views/app.php 162
ERROR - 2020-07-04 14:21:17 --> Severity: Warning --> Invalid argument supplied for foreach() /home/admin/domains/spshd.com/public_html/khachhang/application/views/app.php 173
ERROR - 2020-07-04 14:21:17 --> Could not find the language line "Đóng"
ERROR - 2020-07-04 14:21:17 --> Could not find the language line "Xác Nhận"
ERROR - 2020-07-04 14:21:17 --> Could not find the language line "Đóng"
ERROR - 2020-07-04 14:21:17 --> Could not find the language line "Xác Nhận"
ERROR - 2020-07-04 14:21:17 --> Could not find the language line "Đóng"
ERROR - 2020-07-04 14:21:17 --> Could not find the language line "Tải"
ERROR - 2020-07-04 14:21:20 --> Could not find the language line "Tạo Điểm Lấy Hàng"
ERROR - 2020-07-04 14:21:20 --> Could not find the language line "Tạo Đơn Hàng"
ERROR - 2020-07-04 14:21:20 --> Could not find the language line "Tải Excel"
ERROR - 2020-07-04 14:21:20 --> Could not find the language line "Đóng"
ERROR - 2020-07-04 14:21:20 --> Could not find the language line "Xác Nhận"
ERROR - 2020-07-04 14:21:20 --> Severity: Warning --> Invalid argument supplied for foreach() /home/admin/domains/spshd.com/public_html/khachhang/application/views/app.php 162
ERROR - 2020-07-04 14:21:20 --> Severity: Warning --> Invalid argument supplied for foreach() /home/admin/domains/spshd.com/public_html/khachhang/application/views/app.php 173
ERROR - 2020-07-04 14:21:20 --> Could not find the language line "Đóng"
ERROR - 2020-07-04 14:21:20 --> Could not find the language line "Xác Nhận"
ERROR - 2020-07-04 14:21:20 --> Could not find the language line "Đóng"
ERROR - 2020-07-04 14:21:20 --> Could not find the language line "Xác Nhận"
ERROR - 2020-07-04 14:21:20 --> Could not find the language line "Đóng"
ERROR - 2020-07-04 14:21:20 --> Could not find the language line "Tải"
ERROR - 2020-07-04 14:29:36 --> Could not find the language line "Tạo Điểm Lấy Hàng"
ERROR - 2020-07-04 14:29:36 --> Could not find the language line "Tạo Đơn Hàng"
ERROR - 2020-07-04 14:29:36 --> Could not find the language line "Tải Excel"
ERROR - 2020-07-04 14:29:36 --> Could not find the language line "Đóng"
ERROR - 2020-07-04 14:29:36 --> Could not find the language line "Xác Nhận"
ERROR - 2020-07-04 14:29:36 --> Severity: Warning --> Invalid argument supplied for foreach() /home/admin/domains/spshd.com/public_html/khachhang/application/views/app.php 162
ERROR - 2020-07-04 14:29:36 --> Severity: Warning --> Invalid argument supplied for foreach() /home/admin/domains/spshd.com/public_html/khachhang/application/views/app.php 173
ERROR - 2020-07-04 14:29:36 --> Could not find the language line "Đóng"
ERROR - 2020-07-04 14:29:36 --> Could not find the language line "Xác Nhận"
ERROR - 2020-07-04 14:29:36 --> Could not find the language line "Đóng"
ERROR - 2020-07-04 14:29:36 --> Could not find the language line "Xác Nhận"
ERROR - 2020-07-04 14:29:36 --> Could not find the language line "Đóng"
ERROR - 2020-07-04 14:29:36 --> Could not find the language line "Tải"
ERROR - 2020-07-04 14:39:38 --> Could not find the language line "Tạo Điểm Lấy Hàng"
ERROR - 2020-07-04 14:39:38 --> Could not find the language line "Tạo Đơn Hàng"
ERROR - 2020-07-04 14:39:38 --> Could not find the language line "Tải Excel"
ERROR - 2020-07-04 14:39:38 --> Could not find the language line "Đóng"
ERROR - 2020-07-04 14:39:38 --> Could not find the language line "Xác Nhận"
ERROR - 2020-07-04 14:39:38 --> Severity: Warning --> Invalid argument supplied for foreach() /home/admin/domains/spshd.com/public_html/khachhang/application/views/app.php 162
ERROR - 2020-07-04 14:39:38 --> Severity: Warning --> Invalid argument supplied for foreach() /home/admin/domains/spshd.com/public_html/khachhang/application/views/app.php 173
ERROR - 2020-07-04 14:39:38 --> Could not find the language line "Đóng"
ERROR - 2020-07-04 14:39:38 --> Could not find the language line "Xác Nhận"
ERROR - 2020-07-04 14:39:38 --> Could not find the language line "Đóng"
ERROR - 2020-07-04 14:39:38 --> Could not find the language line "Xác Nhận"
ERROR - 2020-07-04 14:39:38 --> Could not find the language line "Đóng"
ERROR - 2020-07-04 14:39:38 --> Could not find the language line "Tải"
ERROR - 2020-07-04 08:54:20 --> Could not find the language line "Email"
ERROR - 2020-07-04 08:54:20 --> Could not find the language line "password"
ERROR - 2020-07-04 15:21:13 --> Could not find the language line "Tạo Điểm Lấy Hàng"
ERROR - 2020-07-04 15:21:13 --> Could not find the language line "Tạo Đơn Hàng"
ERROR - 2020-07-04 15:21:13 --> Could not find the language line "Tải Excel"
ERROR - 2020-07-04 15:21:13 --> Could not find the language line "Đóng"
ERROR - 2020-07-04 15:21:13 --> Could not find the language line "Xác Nhận"
ERROR - 2020-07-04 15:21:13 --> Severity: Warning --> Invalid argument supplied for foreach() /home/admin/domains/spshd.com/public_html/khachhang/application/views/app.php 162
ERROR - 2020-07-04 15:21:13 --> Severity: Warning --> Invalid argument supplied for foreach() /home/admin/domains/spshd.com/public_html/khachhang/application/views/app.php 173
ERROR - 2020-07-04 15:21:13 --> Could not find the language line "Đóng"
ERROR - 2020-07-04 15:21:13 --> Could not find the language line "Xác Nhận"
ERROR - 2020-07-04 15:21:13 --> Could not find the language line "Đóng"
ERROR - 2020-07-04 15:21:13 --> Could not find the language line "Xác Nhận"
ERROR - 2020-07-04 15:21:13 --> Could not find the language line "Đóng"
ERROR - 2020-07-04 15:21:13 --> Could not find the language line "Tải"
ERROR - 2020-07-04 15:34:17 --> Could not find the language line "Tạo Điểm Lấy Hàng"
ERROR - 2020-07-04 15:34:17 --> Could not find the language line "Tạo Đơn Hàng"
ERROR - 2020-07-04 15:34:17 --> Could not find the language line "Tải Excel"
ERROR - 2020-07-04 15:34:17 --> Could not find the language line "Đóng"
ERROR - 2020-07-04 15:34:17 --> Could not find the language line "Xác Nhận"
ERROR - 2020-07-04 15:34:17 --> Severity: Warning --> Invalid argument supplied for foreach() /home/admin/domains/spshd.com/public_html/khachhang/application/views/app.php 162
ERROR - 2020-07-04 15:34:17 --> Severity: Warning --> Invalid argument supplied for foreach() /home/admin/domains/spshd.com/public_html/khachhang/application/views/app.php 173
ERROR - 2020-07-04 15:34:17 --> Could not find the language line "Đóng"
ERROR - 2020-07-04 15:34:17 --> Could not find the language line "Xác Nhận"
ERROR - 2020-07-04 15:34:17 --> Could not find the language line "Đóng"
ERROR - 2020-07-04 15:34:17 --> Could not find the language line "Xác Nhận"
ERROR - 2020-07-04 15:34:17 --> Could not find the language line "Đóng"
ERROR - 2020-07-04 15:34:17 --> Could not find the language line "Tải"
ERROR - 2020-07-04 16:10:43 --> Could not find the language line "Tạo Điểm Lấy Hàng"
ERROR - 2020-07-04 16:10:43 --> Could not find the language line "Tạo Đơn Hàng"
ERROR - 2020-07-04 16:10:43 --> Could not find the language line "Tải Excel"
ERROR - 2020-07-04 16:10:43 --> Could not find the language line "Đóng"
ERROR - 2020-07-04 16:10:43 --> Could not find the language line "Xác Nhận"
ERROR - 2020-07-04 16:10:43 --> Severity: Warning --> Invalid argument supplied for foreach() /home/admin/domains/spshd.com/public_html/khachhang/application/views/app.php 162
ERROR - 2020-07-04 16:10:43 --> Severity: Warning --> Invalid argument supplied for foreach() /home/admin/domains/spshd.com/public_html/khachhang/application/views/app.php 173
ERROR - 2020-07-04 16:10:43 --> Could not find the language line "Đóng"
ERROR - 2020-07-04 16:10:43 --> Could not find the language line "Xác Nhận"
ERROR - 2020-07-04 16:10:43 --> Could not find the language line "Đóng"
ERROR - 2020-07-04 16:10:43 --> Could not find the language line "Xác Nhận"
ERROR - 2020-07-04 16:10:43 --> Could not find the language line "Đóng"
ERROR - 2020-07-04 16:10:43 --> Could not find the language line "Tải"
ERROR - 2020-07-04 16:17:26 --> Could not find the language line "Tạo Điểm Lấy Hàng"
ERROR - 2020-07-04 16:17:26 --> Could not find the language line "Tạo Đơn Hàng"
ERROR - 2020-07-04 16:17:26 --> Could not find the language line "Tải Excel"
ERROR - 2020-07-04 16:17:26 --> Could not find the language line "Đóng"
ERROR - 2020-07-04 16:17:26 --> Could not find the language line "Xác Nhận"
ERROR - 2020-07-04 16:17:26 --> Severity: Warning --> Invalid argument supplied for foreach() /home/admin/domains/spshd.com/public_html/khachhang/application/views/app.php 162
ERROR - 2020-07-04 16:17:26 --> Severity: Warning --> Invalid argument supplied for foreach() /home/admin/domains/spshd.com/public_html/khachhang/application/views/app.php 173
ERROR - 2020-07-04 16:17:26 --> Could not find the language line "Đóng"
ERROR - 2020-07-04 16:17:26 --> Could not find the language line "Xác Nhận"
ERROR - 2020-07-04 16:17:26 --> Could not find the language line "Đóng"
ERROR - 2020-07-04 16:17:26 --> Could not find the language line "Xác Nhận"
ERROR - 2020-07-04 16:17:26 --> Could not find the language line "Đóng"
ERROR - 2020-07-04 16:17:26 --> Could not find the language line "Tải"
ERROR - 2020-07-04 16:24:12 --> Could not find the language line "Tạo Điểm Lấy Hàng"
ERROR - 2020-07-04 16:24:12 --> Could not find the language line "Tạo Đơn Hàng"
ERROR - 2020-07-04 16:24:12 --> Could not find the language line "Tải Excel"
ERROR - 2020-07-04 16:24:12 --> Could not find the language line "Đóng"
ERROR - 2020-07-04 16:24:12 --> Could not find the language line "Xác Nhận"
ERROR - 2020-07-04 16:24:12 --> Severity: Warning --> Invalid argument supplied for foreach() /home/admin/domains/spshd.com/public_html/khachhang/application/views/app.php 162
ERROR - 2020-07-04 16:24:12 --> Severity: Warning --> Invalid argument supplied for foreach() /home/admin/domains/spshd.com/public_html/khachhang/application/views/app.php 173
ERROR - 2020-07-04 16:24:12 --> Could not find the language line "Đóng"
ERROR - 2020-07-04 16:24:12 --> Could not find the language line "Xác Nhận"
ERROR - 2020-07-04 16:24:12 --> Could not find the language line "Đóng"
ERROR - 2020-07-04 16:24:12 --> Could not find the language line "Xác Nhận"
ERROR - 2020-07-04 16:24:12 --> Could not find the language line "Đóng"
ERROR - 2020-07-04 16:24:12 --> Could not find the language line "Tải"
ERROR - 2020-07-04 16:30:53 --> Could not find the language line "Tạo Điểm Lấy Hàng"
ERROR - 2020-07-04 16:30:53 --> Could not find the language line "Tạo Đơn Hàng"
ERROR - 2020-07-04 16:30:53 --> Could not find the language line "Tải Excel"
ERROR - 2020-07-04 16:30:53 --> Could not find the language line "Đóng"
ERROR - 2020-07-04 16:30:53 --> Could not find the language line "Xác Nhận"
ERROR - 2020-07-04 16:30:53 --> Severity: Warning --> Invalid argument supplied for foreach() /home/admin/domains/spshd.com/public_html/khachhang/application/views/app.php 162
ERROR - 2020-07-04 16:30:53 --> Severity: Warning --> Invalid argument supplied for foreach() /home/admin/domains/spshd.com/public_html/khachhang/application/views/app.php 173
ERROR - 2020-07-04 16:30:53 --> Could not find the language line "Đóng"
ERROR - 2020-07-04 16:30:53 --> Could not find the language line "Xác Nhận"
ERROR - 2020-07-04 16:30:53 --> Could not find the language line "Đóng"
ERROR - 2020-07-04 16:30:53 --> Could not find the language line "Xác Nhận"
ERROR - 2020-07-04 16:30:53 --> Could not find the language line "Đóng"
ERROR - 2020-07-04 16:30:53 --> Could not find the language line "Tải"
ERROR - 2020-07-04 16:37:03 --> Could not find the language line "Tạo Điểm Lấy Hàng"
ERROR - 2020-07-04 16:37:03 --> Could not find the language line "Tạo Đơn Hàng"
ERROR - 2020-07-04 16:37:03 --> Could not find the language line "Tải Excel"
ERROR - 2020-07-04 16:37:03 --> Could not find the language line "Đóng"
ERROR - 2020-07-04 16:37:03 --> Could not find the language line "Xác Nhận"
ERROR - 2020-07-04 16:37:03 --> Severity: Warning --> Invalid argument supplied for foreach() /home/admin/domains/spshd.com/public_html/khachhang/application/views/app.php 162
ERROR - 2020-07-04 16:37:03 --> Severity: Warning --> Invalid argument supplied for foreach() /home/admin/domains/spshd.com/public_html/khachhang/application/views/app.php 173
ERROR - 2020-07-04 16:37:03 --> Could not find the language line "Đóng"
ERROR - 2020-07-04 16:37:03 --> Could not find the language line "Xác Nhận"
ERROR - 2020-07-04 16:37:03 --> Could not find the language line "Đóng"
ERROR - 2020-07-04 16:37:03 --> Could not find the language line "Xác Nhận"
ERROR - 2020-07-04 16:37:03 --> Could not find the language line "Đóng"
ERROR - 2020-07-04 16:37:03 --> Could not find the language line "Tải"
ERROR - 2020-07-04 16:44:02 --> Could not find the language line "Tạo Điểm Lấy Hàng"
ERROR - 2020-07-04 16:44:02 --> Could not find the language line "Tạo Đơn Hàng"
ERROR - 2020-07-04 16:44:02 --> Could not find the language line "Tải Excel"
ERROR - 2020-07-04 16:44:02 --> Could not find the language line "Đóng"
ERROR - 2020-07-04 16:44:02 --> Could not find the language line "Xác Nhận"
ERROR - 2020-07-04 16:44:02 --> Severity: Warning --> Invalid argument supplied for foreach() /home/admin/domains/spshd.com/public_html/khachhang/application/views/app.php 162
ERROR - 2020-07-04 16:44:02 --> Severity: Warning --> Invalid argument supplied for foreach() /home/admin/domains/spshd.com/public_html/khachhang/application/views/app.php 173
ERROR - 2020-07-04 16:44:02 --> Could not find the language line "Đóng"
ERROR - 2020-07-04 16:44:02 --> Could not find the language line "Xác Nhận"
ERROR - 2020-07-04 16:44:02 --> Could not find the language line "Đóng"
ERROR - 2020-07-04 16:44:02 --> Could not find the language line "Xác Nhận"
ERROR - 2020-07-04 16:44:02 --> Could not find the language line "Đóng"
ERROR - 2020-07-04 16:44:02 --> Could not find the language line "Tải"
ERROR - 2020-07-04 16:44:29 --> Could not find the language line "Tạo Điểm Lấy Hàng"
ERROR - 2020-07-04 16:44:29 --> Could not find the language line "Tạo Đơn Hàng"
ERROR - 2020-07-04 16:44:29 --> Could not find the language line "Tải Excel"
ERROR - 2020-07-04 16:44:29 --> Could not find the language line "Đóng"
ERROR - 2020-07-04 16:44:29 --> Could not find the language line "Xác Nhận"
ERROR - 2020-07-04 16:44:29 --> Severity: Warning --> Invalid argument supplied for foreach() /home/admin/domains/spshd.com/public_html/khachhang/application/views/app.php 162
ERROR - 2020-07-04 16:44:29 --> Severity: Warning --> Invalid argument supplied for foreach() /home/admin/domains/spshd.com/public_html/khachhang/application/views/app.php 173
ERROR - 2020-07-04 16:44:29 --> Could not find the language line "Đóng"
ERROR - 2020-07-04 16:44:29 --> Could not find the language line "Xác Nhận"
ERROR - 2020-07-04 16:44:29 --> Could not find the language line "Đóng"
ERROR - 2020-07-04 16:44:29 --> Could not find the language line "Xác Nhận"
ERROR - 2020-07-04 16:44:29 --> Could not find the language line "Đóng"
ERROR - 2020-07-04 16:44:29 --> Could not find the language line "Tải"
ERROR - 2020-07-04 16:49:39 --> Could not find the language line "Tạo Điểm Lấy Hàng"
ERROR - 2020-07-04 16:49:39 --> Could not find the language line "Tạo Đơn Hàng"
ERROR - 2020-07-04 16:49:39 --> Could not find the language line "Tải Excel"
ERROR - 2020-07-04 16:49:39 --> Could not find the language line "Đóng"
ERROR - 2020-07-04 16:49:39 --> Could not find the language line "Xác Nhận"
ERROR - 2020-07-04 16:49:39 --> Severity: Warning --> Invalid argument supplied for foreach() /home/admin/domains/spshd.com/public_html/khachhang/application/views/app.php 162
ERROR - 2020-07-04 16:49:39 --> Severity: Warning --> Invalid argument supplied for foreach() /home/admin/domains/spshd.com/public_html/khachhang/application/views/app.php 173
ERROR - 2020-07-04 16:49:39 --> Could not find the language line "Đóng"
ERROR - 2020-07-04 16:49:39 --> Could not find the language line "Xác Nhận"
ERROR - 2020-07-04 16:49:39 --> Could not find the language line "Đóng"
ERROR - 2020-07-04 16:49:39 --> Could not find the language line "Xác Nhận"
ERROR - 2020-07-04 16:49:39 --> Could not find the language line "Đóng"
ERROR - 2020-07-04 16:49:39 --> Could not find the language line "Tải"
ERROR - 2020-07-04 17:48:00 --> Could not find the language line "Tạo Điểm Lấy Hàng"
ERROR - 2020-07-04 17:48:00 --> Could not find the language line "Tạo Đơn Hàng"
ERROR - 2020-07-04 17:48:00 --> Could not find the language line "Tải Excel"
ERROR - 2020-07-04 17:48:00 --> Could not find the language line "Đóng"
ERROR - 2020-07-04 17:48:00 --> Could not find the language line "Xác Nhận"
ERROR - 2020-07-04 17:48:00 --> Severity: Warning --> Invalid argument supplied for foreach() /home/admin/domains/spshd.com/public_html/khachhang/application/views/app.php 162
ERROR - 2020-07-04 17:48:00 --> Severity: Warning --> Invalid argument supplied for foreach() /home/admin/domains/spshd.com/public_html/khachhang/application/views/app.php 173
ERROR - 2020-07-04 17:48:00 --> Could not find the language line "Đóng"
ERROR - 2020-07-04 17:48:00 --> Could not find the language line "Xác Nhận"
ERROR - 2020-07-04 17:48:00 --> Could not find the language line "Đóng"
ERROR - 2020-07-04 17:48:00 --> Could not find the language line "Xác Nhận"
ERROR - 2020-07-04 17:48:00 --> Could not find the language line "Đóng"
ERROR - 2020-07-04 17:48:00 --> Could not find the language line "Tải"
ERROR - 2020-07-04 17:48:00 --> Could not find the language line "Tạo Điểm Lấy Hàng"
ERROR - 2020-07-04 17:48:00 --> Could not find the language line "Tạo Đơn Hàng"
ERROR - 2020-07-04 17:48:00 --> Could not find the language line "Tải Excel"
ERROR - 2020-07-04 17:48:00 --> Could not find the language line "Đóng"
ERROR - 2020-07-04 17:48:00 --> Could not find the language line "Xác Nhận"
ERROR - 2020-07-04 17:48:00 --> Severity: Warning --> Invalid argument supplied for foreach() /home/admin/domains/spshd.com/public_html/khachhang/application/views/app.php 162
ERROR - 2020-07-04 17:48:00 --> Severity: Warning --> Invalid argument supplied for foreach() /home/admin/domains/spshd.com/public_html/khachhang/application/views/app.php 173
ERROR - 2020-07-04 17:48:00 --> Could not find the language line "Đóng"
ERROR - 2020-07-04 17:48:00 --> Could not find the language line "Xác Nhận"
ERROR - 2020-07-04 17:48:00 --> Could not find the language line "Đóng"
ERROR - 2020-07-04 17:48:00 --> Could not find the language line "Xác Nhận"
ERROR - 2020-07-04 17:48:00 --> Could not find the language line "Đóng"
ERROR - 2020-07-04 17:48:00 --> Could not find the language line "Tải"
ERROR - 2020-07-04 17:55:52 --> Could not find the language line "Tạo Điểm Lấy Hàng"
ERROR - 2020-07-04 17:55:52 --> Could not find the language line "Tạo Đơn Hàng"
ERROR - 2020-07-04 17:55:52 --> Could not find the language line "Tải Excel"
ERROR - 2020-07-04 17:55:52 --> Could not find the language line "Đóng"
ERROR - 2020-07-04 17:55:52 --> Could not find the language line "Xác Nhận"
ERROR - 2020-07-04 17:55:52 --> Severity: Warning --> Invalid argument supplied for foreach() /home/admin/domains/spshd.com/public_html/khachhang/application/views/app.php 162
ERROR - 2020-07-04 17:55:52 --> Severity: Warning --> Invalid argument supplied for foreach() /home/admin/domains/spshd.com/public_html/khachhang/application/views/app.php 173
ERROR - 2020-07-04 17:55:52 --> Could not find the language line "Đóng"
ERROR - 2020-07-04 17:55:52 --> Could not find the language line "Xác Nhận"
ERROR - 2020-07-04 17:55:52 --> Could not find the language line "Đóng"
ERROR - 2020-07-04 17:55:52 --> Could not find the language line "Xác Nhận"
ERROR - 2020-07-04 17:55:52 --> Could not find the language line "Đóng"
ERROR - 2020-07-04 17:55:52 --> Could not find the language line "Tải"
ERROR - 2020-07-04 17:57:18 --> Could not find the language line "Tạo Điểm Lấy Hàng"
ERROR - 2020-07-04 17:57:18 --> Could not find the language line "Tạo Đơn Hàng"
ERROR - 2020-07-04 17:57:18 --> Could not find the language line "Tải Excel"
ERROR - 2020-07-04 17:57:18 --> Could not find the language line "Đóng"
ERROR - 2020-07-04 17:57:18 --> Could not find the language line "Xác Nhận"
ERROR - 2020-07-04 17:57:18 --> Severity: Warning --> Invalid argument supplied for foreach() /home/admin/domains/spshd.com/public_html/khachhang/application/views/app.php 162
ERROR - 2020-07-04 17:57:18 --> Severity: Warning --> Invalid argument supplied for foreach() /home/admin/domains/spshd.com/public_html/khachhang/application/views/app.php 173
ERROR - 2020-07-04 17:57:18 --> Could not find the language line "Đóng"
ERROR - 2020-07-04 17:57:18 --> Could not find the language line "Xác Nhận"
ERROR - 2020-07-04 17:57:18 --> Could not find the language line "Đóng"
ERROR - 2020-07-04 17:57:18 --> Could not find the language line "Xác Nhận"
ERROR - 2020-07-04 17:57:18 --> Could not find the language line "Đóng"
ERROR - 2020-07-04 17:57:18 --> Could not find the language line "Tải"
ERROR - 2020-07-04 18:27:46 --> Could not find the language line "Tạo Điểm Lấy Hàng"
ERROR - 2020-07-04 18:27:46 --> Could not find the language line "Tạo Đơn Hàng"
ERROR - 2020-07-04 18:27:46 --> Could not find the language line "Tải Excel"
ERROR - 2020-07-04 18:27:46 --> Could not find the language line "Đóng"
ERROR - 2020-07-04 18:27:46 --> Could not find the language line "Xác Nhận"
ERROR - 2020-07-04 18:27:46 --> Severity: Warning --> Invalid argument supplied for foreach() /home/admin/domains/spshd.com/public_html/khachhang/application/views/app.php 162
ERROR - 2020-07-04 18:27:46 --> Severity: Warning --> Invalid argument supplied for foreach() /home/admin/domains/spshd.com/public_html/khachhang/application/views/app.php 173
ERROR - 2020-07-04 18:27:46 --> Could not find the language line "Đóng"
ERROR - 2020-07-04 18:27:46 --> Could not find the language line "Xác Nhận"
ERROR - 2020-07-04 18:27:46 --> Could not find the language line "Đóng"
ERROR - 2020-07-04 18:27:46 --> Could not find the language line "Xác Nhận"
ERROR - 2020-07-04 18:27:46 --> Could not find the language line "Đóng"
ERROR - 2020-07-04 18:27:46 --> Could not find the language line "Tải"
ERROR - 2020-07-04 18:27:47 --> Could not find the language line "Tạo Điểm Lấy Hàng"
ERROR - 2020-07-04 18:27:47 --> Could not find the language line "Tạo Đơn Hàng"
ERROR - 2020-07-04 18:27:47 --> Could not find the language line "Tải Excel"
ERROR - 2020-07-04 18:27:47 --> Could not find the language line "Đóng"
ERROR - 2020-07-04 18:27:47 --> Could not find the language line "Xác Nhận"
ERROR - 2020-07-04 18:27:47 --> Severity: Warning --> Invalid argument supplied for foreach() /home/admin/domains/spshd.com/public_html/khachhang/application/views/app.php 162
ERROR - 2020-07-04 18:27:47 --> Severity: Warning --> Invalid argument supplied for foreach() /home/admin/domains/spshd.com/public_html/khachhang/application/views/app.php 173
ERROR - 2020-07-04 18:27:47 --> Could not find the language line "Đóng"
ERROR - 2020-07-04 18:27:47 --> Could not find the language line "Xác Nhận"
ERROR - 2020-07-04 18:27:47 --> Could not find the language line "Đóng"
ERROR - 2020-07-04 18:27:47 --> Could not find the language line "Xác Nhận"
ERROR - 2020-07-04 18:27:47 --> Could not find the language line "Đóng"
ERROR - 2020-07-04 18:27:47 --> Could not find the language line "Tải"
ERROR - 2020-07-04 21:59:15 --> Could not find the language line "Tạo Điểm Lấy Hàng"
ERROR - 2020-07-04 21:59:15 --> Could not find the language line "Tạo Đơn Hàng"
ERROR - 2020-07-04 21:59:15 --> Could not find the language line "Tải Excel"
ERROR - 2020-07-04 21:59:15 --> Could not find the language line "Đóng"
ERROR - 2020-07-04 21:59:15 --> Could not find the language line "Xác Nhận"
ERROR - 2020-07-04 21:59:15 --> Severity: Warning --> Invalid argument supplied for foreach() /home/admin/domains/spshd.com/public_html/khachhang/application/views/app.php 162
ERROR - 2020-07-04 21:59:15 --> Severity: Warning --> Invalid argument supplied for foreach() /home/admin/domains/spshd.com/public_html/khachhang/application/views/app.php 173
ERROR - 2020-07-04 21:59:15 --> Could not find the language line "Đóng"
ERROR - 2020-07-04 21:59:15 --> Could not find the language line "Xác Nhận"
ERROR - 2020-07-04 21:59:15 --> Could not find the language line "Đóng"
ERROR - 2020-07-04 21:59:15 --> Could not find the language line "Xác Nhận"
ERROR - 2020-07-04 21:59:15 --> Could not find the language line "Đóng"
ERROR - 2020-07-04 21:59:15 --> Could not find the language line "Tải"
ERROR - 2020-07-04 22:37:46 --> Could not find the language line "Tạo Điểm Lấy Hàng"
ERROR - 2020-07-04 22:37:46 --> Could not find the language line "Tạo Đơn Hàng"
ERROR - 2020-07-04 22:37:46 --> Could not find the language line "Tải Excel"
ERROR - 2020-07-04 22:37:46 --> Could not find the language line "Đóng"
ERROR - 2020-07-04 22:37:46 --> Could not find the language line "Xác Nhận"
ERROR - 2020-07-04 22:37:46 --> Severity: Warning --> Invalid argument supplied for foreach() /home/admin/domains/spshd.com/public_html/khachhang/application/views/app.php 162
ERROR - 2020-07-04 22:37:46 --> Severity: Warning --> Invalid argument supplied for foreach() /home/admin/domains/spshd.com/public_html/khachhang/application/views/app.php 173
ERROR - 2020-07-04 22:37:46 --> Could not find the language line "Đóng"
ERROR - 2020-07-04 22:37:46 --> Could not find the language line "Xác Nhận"
ERROR - 2020-07-04 22:37:46 --> Could not find the language line "Đóng"
ERROR - 2020-07-04 22:37:46 --> Could not find the language line "Xác Nhận"
ERROR - 2020-07-04 22:37:46 --> Could not find the language line "Đóng"
ERROR - 2020-07-04 22:37:46 --> Could not find the language line "Tải"
ERROR - 2020-07-04 22:39:04 --> Could not find the language line "Tạo Điểm Lấy Hàng"
ERROR - 2020-07-04 22:39:04 --> Could not find the language line "Tạo Đơn Hàng"
ERROR - 2020-07-04 22:39:04 --> Could not find the language line "Tải Excel"
ERROR - 2020-07-04 22:39:04 --> Could not find the language line "Đóng"
ERROR - 2020-07-04 22:39:04 --> Could not find the language line "Xác Nhận"
ERROR - 2020-07-04 22:39:04 --> Severity: Warning --> Invalid argument supplied for foreach() /home/admin/domains/spshd.com/public_html/khachhang/application/views/app.php 162
ERROR - 2020-07-04 22:39:04 --> Severity: Warning --> Invalid argument supplied for foreach() /home/admin/domains/spshd.com/public_html/khachhang/application/views/app.php 173
ERROR - 2020-07-04 22:39:04 --> Could not find the language line "Đóng"
ERROR - 2020-07-04 22:39:04 --> Could not find the language line "Xác Nhận"
ERROR - 2020-07-04 22:39:04 --> Could not find the language line "Đóng"
ERROR - 2020-07-04 22:39:04 --> Could not find the language line "Xác Nhận"
ERROR - 2020-07-04 22:39:04 --> Could not find the language line "Đóng"
ERROR - 2020-07-04 22:39:04 --> Could not find the language line "Tải"
ERROR - 2020-07-04 22:39:37 --> Could not find the language line "Tạo Điểm Lấy Hàng"
ERROR - 2020-07-04 22:39:37 --> Could not find the language line "Tạo Đơn Hàng"
ERROR - 2020-07-04 22:39:37 --> Could not find the language line "Tải Excel"
ERROR - 2020-07-04 22:39:37 --> Could not find the language line "Đóng"
ERROR - 2020-07-04 22:39:37 --> Could not find the language line "Xác Nhận"
ERROR - 2020-07-04 22:39:37 --> Severity: Warning --> Invalid argument supplied for foreach() /home/admin/domains/spshd.com/public_html/khachhang/application/views/app.php 162
ERROR - 2020-07-04 22:39:37 --> Severity: Warning --> Invalid argument supplied for foreach() /home/admin/domains/spshd.com/public_html/khachhang/application/views/app.php 173
ERROR - 2020-07-04 22:39:37 --> Could not find the language line "Đóng"
ERROR - 2020-07-04 22:39:37 --> Could not find the language line "Xác Nhận"
ERROR - 2020-07-04 22:39:37 --> Could not find the language line "Đóng"
ERROR - 2020-07-04 22:39:37 --> Could not find the language line "Xác Nhận"
ERROR - 2020-07-04 22:39:37 --> Could not find the language line "Đóng"
ERROR - 2020-07-04 22:39:37 --> Could not find the language line "Tải"
ERROR - 2020-07-04 22:39:39 --> Could not find the language line "Tạo Điểm Lấy Hàng"
ERROR - 2020-07-04 22:39:39 --> Could not find the language line "Tạo Đơn Hàng"
ERROR - 2020-07-04 22:39:39 --> Could not find the language line "Tải Excel"
ERROR - 2020-07-04 22:39:39 --> Could not find the language line "Đóng"
ERROR - 2020-07-04 22:39:39 --> Could not find the language line "Xác Nhận"
ERROR - 2020-07-04 22:39:39 --> Severity: Warning --> Invalid argument supplied for foreach() /home/admin/domains/spshd.com/public_html/khachhang/application/views/app.php 162
ERROR - 2020-07-04 22:39:39 --> Severity: Warning --> Invalid argument supplied for foreach() /home/admin/domains/spshd.com/public_html/khachhang/application/views/app.php 173
ERROR - 2020-07-04 22:39:39 --> Could not find the language line "Đóng"
ERROR - 2020-07-04 22:39:39 --> Could not find the language line "Xác Nhận"
ERROR - 2020-07-04 22:39:39 --> Could not find the language line "Đóng"
ERROR - 2020-07-04 22:39:39 --> Could not find the language line "Xác Nhận"
ERROR - 2020-07-04 22:39:39 --> Could not find the language line "Đóng"
ERROR - 2020-07-04 22:39:39 --> Could not find the language line "Tải"
ERROR - 2020-07-04 22:39:40 --> Could not find the language line "Tạo Điểm Lấy Hàng"
ERROR - 2020-07-04 22:39:40 --> Could not find the language line "Tạo Đơn Hàng"
ERROR - 2020-07-04 22:39:40 --> Could not find the language line "Tải Excel"
ERROR - 2020-07-04 22:39:40 --> Could not find the language line "Đóng"
ERROR - 2020-07-04 22:39:40 --> Could not find the language line "Xác Nhận"
ERROR - 2020-07-04 22:39:40 --> Severity: Warning --> Invalid argument supplied for foreach() /home/admin/domains/spshd.com/public_html/khachhang/application/views/app.php 162
ERROR - 2020-07-04 22:39:40 --> Severity: Warning --> Invalid argument supplied for foreach() /home/admin/domains/spshd.com/public_html/khachhang/application/views/app.php 173
ERROR - 2020-07-04 22:39:40 --> Could not find the language line "Đóng"
ERROR - 2020-07-04 22:39:40 --> Could not find the language line "Xác Nhận"
ERROR - 2020-07-04 22:39:40 --> Could not find the language line "Đóng"
ERROR - 2020-07-04 22:39:40 --> Could not find the language line "Xác Nhận"
ERROR - 2020-07-04 22:39:40 --> Could not find the language line "Đóng"
ERROR - 2020-07-04 22:39:40 --> Could not find the language line "Tải"
ERROR - 2020-07-04 22:41:47 --> Could not find the language line "Tạo Điểm Lấy Hàng"
ERROR - 2020-07-04 22:41:47 --> Could not find the language line "Tạo Đơn Hàng"
ERROR - 2020-07-04 22:41:47 --> Could not find the language line "Tải Excel"
ERROR - 2020-07-04 22:41:47 --> Could not find the language line "Đóng"
ERROR - 2020-07-04 22:41:47 --> Could not find the language line "Xác Nhận"
ERROR - 2020-07-04 22:41:47 --> Severity: Warning --> Invalid argument supplied for foreach() /home/admin/domains/spshd.com/public_html/khachhang/application/views/app.php 162
ERROR - 2020-07-04 22:41:47 --> Severity: Warning --> Invalid argument supplied for foreach() /home/admin/domains/spshd.com/public_html/khachhang/application/views/app.php 173
ERROR - 2020-07-04 22:41:47 --> Could not find the language line "Đóng"
ERROR - 2020-07-04 22:41:47 --> Could not find the language line "Xác Nhận"
ERROR - 2020-07-04 22:41:47 --> Could not find the language line "Đóng"
ERROR - 2020-07-04 22:41:47 --> Could not find the language line "Xác Nhận"
ERROR - 2020-07-04 22:41:47 --> Could not find the language line "Đóng"
ERROR - 2020-07-04 22:41:47 --> Could not find the language line "Tải"
ERROR - 2020-07-04 22:45:27 --> Could not find the language line "Tạo Điểm Lấy Hàng"
ERROR - 2020-07-04 22:45:27 --> Could not find the language line "Tạo Đơn Hàng"
ERROR - 2020-07-04 22:45:27 --> Could not find the language line "Tải Excel"
ERROR - 2020-07-04 22:45:27 --> Could not find the language line "Đóng"
ERROR - 2020-07-04 22:45:27 --> Could not find the language line "Xác Nhận"
ERROR - 2020-07-04 22:45:27 --> Severity: Warning --> Invalid argument supplied for foreach() /home/admin/domains/spshd.com/public_html/khachhang/application/views/app.php 162
ERROR - 2020-07-04 22:45:27 --> Severity: Warning --> Invalid argument supplied for foreach() /home/admin/domains/spshd.com/public_html/khachhang/application/views/app.php 173
ERROR - 2020-07-04 22:45:27 --> Could not find the language line "Đóng"
ERROR - 2020-07-04 22:45:27 --> Could not find the language line "Xác Nhận"
ERROR - 2020-07-04 22:45:27 --> Could not find the language line "Đóng"
ERROR - 2020-07-04 22:45:27 --> Could not find the language line "Xác Nhận"
ERROR - 2020-07-04 22:45:27 --> Could not find the language line "Đóng"
ERROR - 2020-07-04 22:45:27 --> Could not find the language line "Tải"
ERROR - 2020-07-04 22:45:27 --> Could not find the language line "Tạo Điểm Lấy Hàng"
ERROR - 2020-07-04 22:45:27 --> Could not find the language line "Tạo Đơn Hàng"
ERROR - 2020-07-04 22:45:27 --> Could not find the language line "Tải Excel"
ERROR - 2020-07-04 22:45:27 --> Could not find the language line "Đóng"
ERROR - 2020-07-04 22:45:27 --> Could not find the language line "Xác Nhận"
ERROR - 2020-07-04 22:45:27 --> Severity: Warning --> Invalid argument supplied for foreach() /home/admin/domains/spshd.com/public_html/khachhang/application/views/app.php 162
ERROR - 2020-07-04 22:45:27 --> Severity: Warning --> Invalid argument supplied for foreach() /home/admin/domains/spshd.com/public_html/khachhang/application/views/app.php 173
ERROR - 2020-07-04 22:45:27 --> Could not find the language line "Đóng"
ERROR - 2020-07-04 22:45:27 --> Could not find the language line "Xác Nhận"
ERROR - 2020-07-04 22:45:27 --> Could not find the language line "Đóng"
ERROR - 2020-07-04 22:45:27 --> Could not find the language line "Xác Nhận"
ERROR - 2020-07-04 22:45:27 --> Could not find the language line "Đóng"
ERROR - 2020-07-04 22:45:27 --> Could not find the language line "Tải"
ERROR - 2020-07-04 22:49:07 --> Could not find the language line "Tạo Điểm Lấy Hàng"
ERROR - 2020-07-04 22:49:07 --> Could not find the language line "Tạo Đơn Hàng"
ERROR - 2020-07-04 22:49:07 --> Could not find the language line "Tải Excel"
ERROR - 2020-07-04 22:49:07 --> Could not find the language line "Đóng"
ERROR - 2020-07-04 22:49:07 --> Could not find the language line "Xác Nhận"
ERROR - 2020-07-04 22:49:07 --> Severity: Warning --> Invalid argument supplied for foreach() /home/admin/domains/spshd.com/public_html/khachhang/application/views/app.php 162
ERROR - 2020-07-04 22:49:07 --> Severity: Warning --> Invalid argument supplied for foreach() /home/admin/domains/spshd.com/public_html/khachhang/application/views/app.php 173
ERROR - 2020-07-04 22:49:07 --> Could not find the language line "Đóng"
ERROR - 2020-07-04 22:49:07 --> Could not find the language line "Xác Nhận"
ERROR - 2020-07-04 22:49:07 --> Could not find the language line "Đóng"
ERROR - 2020-07-04 22:49:07 --> Could not find the language line "Xác Nhận"
ERROR - 2020-07-04 22:49:07 --> Could not find the language line "Đóng"
ERROR - 2020-07-04 22:49:07 --> Could not find the language line "Tải"
ERROR - 2020-07-04 17:03:04 --> Could not find the language line "Email"
ERROR - 2020-07-04 17:03:04 --> Could not find the language line "password"
