ERROR - 2020-02-21 02:05:02 --> Could not find the language line "Tạo Điểm Lấy Hàng"
ERROR - 2020-02-21 02:05:02 --> Could not find the language line "Tạo Đơn Hàng"
ERROR - 2020-02-21 02:05:02 --> Severity: Warning --> Invalid argument supplied for foreach() /home/admin/domains/spshd.com/public_html/khachhang/application/views/tab4.php 394
ERROR - 2020-02-21 02:05:02 --> Could not find the language line "Đóng"
ERROR - 2020-02-21 02:05:02 --> Could not find the language line "Xác Nhận"
ERROR - 2020-02-21 02:05:02 --> Severity: Warning --> Invalid argument supplied for foreach() /home/admin/domains/spshd.com/public_html/khachhang/application/views/app.php 157
ERROR - 2020-02-21 02:05:02 --> Severity: Warning --> Invalid argument supplied for foreach() /home/admin/domains/spshd.com/public_html/khachhang/application/views/app.php 168
ERROR - 2020-02-21 02:05:02 --> Could not find the language line "Đóng"
ERROR - 2020-02-21 02:05:02 --> Could not find the language line "Xác Nhận"
ERROR - 2020-02-21 02:05:02 --> Could not find the language line "Đóng"
ERROR - 2020-02-21 02:05:02 --> Could not find the language line "Xác Nhận"
ERROR - 2020-02-21 06:21:11 --> Could not find the language line "Tạo Điểm Lấy Hàng"
ERROR - 2020-02-21 06:21:11 --> Could not find the language line "Tạo Đơn Hàng"
ERROR - 2020-02-21 06:21:11 --> Severity: Warning --> Invalid argument supplied for foreach() /home/admin/domains/spshd.com/public_html/khachhang/application/views/tab4.php 394
ERROR - 2020-02-21 06:21:11 --> Could not find the language line "Đóng"
ERROR - 2020-02-21 06:21:11 --> Could not find the language line "Xác Nhận"
ERROR - 2020-02-21 06:21:11 --> Severity: Warning --> Invalid argument supplied for foreach() /home/admin/domains/spshd.com/public_html/khachhang/application/views/app.php 157
ERROR - 2020-02-21 06:21:11 --> Severity: Warning --> Invalid argument supplied for foreach() /home/admin/domains/spshd.com/public_html/khachhang/application/views/app.php 168
ERROR - 2020-02-21 06:21:11 --> Could not find the language line "Đóng"
ERROR - 2020-02-21 06:21:11 --> Could not find the language line "Xác Nhận"
ERROR - 2020-02-21 06:21:11 --> Could not find the language line "Đóng"
ERROR - 2020-02-21 06:21:11 --> Could not find the language line "Xác Nhận"
ERROR - 2020-02-21 06:41:05 --> Could not find the language line "Tạo Điểm Lấy Hàng"
ERROR - 2020-02-21 06:41:05 --> Could not find the language line "Tạo Đơn Hàng"
ERROR - 2020-02-21 06:41:05 --> Severity: Warning --> Invalid argument supplied for foreach() /home/admin/domains/spshd.com/public_html/khachhang/application/views/tab4.php 394
ERROR - 2020-02-21 06:41:05 --> Could not find the language line "Đóng"
ERROR - 2020-02-21 06:41:05 --> Could not find the language line "Xác Nhận"
ERROR - 2020-02-21 06:41:05 --> Severity: Warning --> Invalid argument supplied for foreach() /home/admin/domains/spshd.com/public_html/khachhang/application/views/app.php 157
ERROR - 2020-02-21 06:41:05 --> Severity: Warning --> Invalid argument supplied for foreach() /home/admin/domains/spshd.com/public_html/khachhang/application/views/app.php 168
ERROR - 2020-02-21 06:41:05 --> Could not find the language line "Đóng"
ERROR - 2020-02-21 06:41:05 --> Could not find the language line "Xác Nhận"
ERROR - 2020-02-21 06:41:05 --> Could not find the language line "Đóng"
ERROR - 2020-02-21 06:41:05 --> Could not find the language line "Xác Nhận"
ERROR - 2020-02-21 08:30:47 --> Could not find the language line "Tạo Điểm Lấy Hàng"
ERROR - 2020-02-21 08:30:47 --> Could not find the language line "Tạo Đơn Hàng"
ERROR - 2020-02-21 08:30:47 --> Severity: Warning --> Invalid argument supplied for foreach() /home/admin/domains/spshd.com/public_html/khachhang/application/views/tab4.php 394
ERROR - 2020-02-21 08:30:47 --> Could not find the language line "Đóng"
ERROR - 2020-02-21 08:30:47 --> Could not find the language line "Xác Nhận"
ERROR - 2020-02-21 08:30:47 --> Severity: Warning --> Invalid argument supplied for foreach() /home/admin/domains/spshd.com/public_html/khachhang/application/views/app.php 157
ERROR - 2020-02-21 08:30:47 --> Severity: Warning --> Invalid argument supplied for foreach() /home/admin/domains/spshd.com/public_html/khachhang/application/views/app.php 168
ERROR - 2020-02-21 08:30:47 --> Could not find the language line "Đóng"
ERROR - 2020-02-21 08:30:47 --> Could not find the language line "Xác Nhận"
ERROR - 2020-02-21 08:30:47 --> Could not find the language line "Đóng"
ERROR - 2020-02-21 08:30:47 --> Could not find the language line "Xác Nhận"
ERROR - 2020-02-21 10:51:22 --> Could not find the language line "Tạo Điểm Lấy Hàng"
ERROR - 2020-02-21 10:51:22 --> Could not find the language line "Tạo Đơn Hàng"
ERROR - 2020-02-21 10:51:22 --> Severity: Warning --> Invalid argument supplied for foreach() /home/admin/domains/spshd.com/public_html/khachhang/application/views/tab4.php 394
ERROR - 2020-02-21 10:51:22 --> Could not find the language line "Đóng"
ERROR - 2020-02-21 10:51:22 --> Could not find the language line "Xác Nhận"
ERROR - 2020-02-21 10:51:22 --> Severity: Warning --> Invalid argument supplied for foreach() /home/admin/domains/spshd.com/public_html/khachhang/application/views/app.php 157
ERROR - 2020-02-21 10:51:22 --> Severity: Warning --> Invalid argument supplied for foreach() /home/admin/domains/spshd.com/public_html/khachhang/application/views/app.php 168
ERROR - 2020-02-21 10:51:22 --> Could not find the language line "Đóng"
ERROR - 2020-02-21 10:51:22 --> Could not find the language line "Xác Nhận"
ERROR - 2020-02-21 10:51:22 --> Could not find the language line "Đóng"
ERROR - 2020-02-21 10:51:22 --> Could not find the language line "Xác Nhận"
ERROR - 2020-02-21 12:19:45 --> Could not find the language line "Tạo Điểm Lấy Hàng"
ERROR - 2020-02-21 12:19:45 --> Could not find the language line "Tạo Đơn Hàng"
ERROR - 2020-02-21 12:19:45 --> Severity: Warning --> Invalid argument supplied for foreach() /home/admin/domains/spshd.com/public_html/khachhang/application/views/tab4.php 394
ERROR - 2020-02-21 12:19:45 --> Could not find the language line "Đóng"
ERROR - 2020-02-21 12:19:45 --> Could not find the language line "Xác Nhận"
ERROR - 2020-02-21 12:19:45 --> Severity: Warning --> Invalid argument supplied for foreach() /home/admin/domains/spshd.com/public_html/khachhang/application/views/app.php 157
ERROR - 2020-02-21 12:19:45 --> Severity: Warning --> Invalid argument supplied for foreach() /home/admin/domains/spshd.com/public_html/khachhang/application/views/app.php 168
ERROR - 2020-02-21 12:19:45 --> Could not find the language line "Đóng"
ERROR - 2020-02-21 12:19:45 --> Could not find the language line "Xác Nhận"
ERROR - 2020-02-21 12:19:45 --> Could not find the language line "Đóng"
ERROR - 2020-02-21 12:19:45 --> Could not find the language line "Xác Nhận"
ERROR - 2020-02-21 12:19:46 --> Could not find the language line "Tạo Điểm Lấy Hàng"
ERROR - 2020-02-21 12:19:46 --> Could not find the language line "Tạo Đơn Hàng"
ERROR - 2020-02-21 12:19:46 --> Severity: Warning --> Invalid argument supplied for foreach() /home/admin/domains/spshd.com/public_html/khachhang/application/views/tab4.php 394
ERROR - 2020-02-21 12:19:46 --> Could not find the language line "Đóng"
ERROR - 2020-02-21 12:19:46 --> Could not find the language line "Xác Nhận"
ERROR - 2020-02-21 12:19:46 --> Severity: Warning --> Invalid argument supplied for foreach() /home/admin/domains/spshd.com/public_html/khachhang/application/views/app.php 157
ERROR - 2020-02-21 12:19:46 --> Severity: Warning --> Invalid argument supplied for foreach() /home/admin/domains/spshd.com/public_html/khachhang/application/views/app.php 168
ERROR - 2020-02-21 12:19:46 --> Could not find the language line "Đóng"
ERROR - 2020-02-21 12:19:46 --> Could not find the language line "Xác Nhận"
ERROR - 2020-02-21 12:19:46 --> Could not find the language line "Đóng"
ERROR - 2020-02-21 12:19:46 --> Could not find the language line "Xác Nhận"
ERROR - 2020-02-21 12:19:57 --> Could not find the language line "Tạo Điểm Lấy Hàng"
ERROR - 2020-02-21 12:19:57 --> Could not find the language line "Tạo Đơn Hàng"
ERROR - 2020-02-21 12:19:57 --> Severity: Warning --> Invalid argument supplied for foreach() /home/admin/domains/spshd.com/public_html/khachhang/application/views/tab4.php 394
ERROR - 2020-02-21 12:19:57 --> Could not find the language line "Đóng"
ERROR - 2020-02-21 12:19:57 --> Could not find the language line "Xác Nhận"
ERROR - 2020-02-21 12:19:57 --> Severity: Warning --> Invalid argument supplied for foreach() /home/admin/domains/spshd.com/public_html/khachhang/application/views/app.php 157
ERROR - 2020-02-21 12:19:57 --> Severity: Warning --> Invalid argument supplied for foreach() /home/admin/domains/spshd.com/public_html/khachhang/application/views/app.php 168
ERROR - 2020-02-21 12:19:57 --> Could not find the language line "Đóng"
ERROR - 2020-02-21 12:19:57 --> Could not find the language line "Xác Nhận"
ERROR - 2020-02-21 12:19:57 --> Could not find the language line "Đóng"
ERROR - 2020-02-21 12:19:57 --> Could not find the language line "Xác Nhận"
ERROR - 2020-02-21 12:21:45 --> Could not find the language line "Tạo Điểm Lấy Hàng"
ERROR - 2020-02-21 12:21:45 --> Could not find the language line "Tạo Đơn Hàng"
ERROR - 2020-02-21 12:21:45 --> Severity: Warning --> Invalid argument supplied for foreach() /home/admin/domains/spshd.com/public_html/khachhang/application/views/tab4.php 394
ERROR - 2020-02-21 12:21:45 --> Could not find the language line "Đóng"
ERROR - 2020-02-21 12:21:45 --> Could not find the language line "Xác Nhận"
ERROR - 2020-02-21 12:21:45 --> Severity: Warning --> Invalid argument supplied for foreach() /home/admin/domains/spshd.com/public_html/khachhang/application/views/app.php 157
ERROR - 2020-02-21 12:21:45 --> Severity: Warning --> Invalid argument supplied for foreach() /home/admin/domains/spshd.com/public_html/khachhang/application/views/app.php 168
ERROR - 2020-02-21 12:21:45 --> Could not find the language line "Đóng"
ERROR - 2020-02-21 12:21:45 --> Could not find the language line "Xác Nhận"
ERROR - 2020-02-21 12:21:45 --> Could not find the language line "Đóng"
ERROR - 2020-02-21 12:21:45 --> Could not find the language line "Xác Nhận"
ERROR - 2020-02-21 12:21:46 --> Could not find the language line "Tạo Điểm Lấy Hàng"
ERROR - 2020-02-21 12:21:46 --> Could not find the language line "Tạo Đơn Hàng"
ERROR - 2020-02-21 12:21:46 --> Severity: Warning --> Invalid argument supplied for foreach() /home/admin/domains/spshd.com/public_html/khachhang/application/views/tab4.php 394
ERROR - 2020-02-21 12:21:46 --> Could not find the language line "Đóng"
ERROR - 2020-02-21 12:21:46 --> Could not find the language line "Xác Nhận"
ERROR - 2020-02-21 12:21:46 --> Severity: Warning --> Invalid argument supplied for foreach() /home/admin/domains/spshd.com/public_html/khachhang/application/views/app.php 157
ERROR - 2020-02-21 12:21:46 --> Severity: Warning --> Invalid argument supplied for foreach() /home/admin/domains/spshd.com/public_html/khachhang/application/views/app.php 168
ERROR - 2020-02-21 12:21:46 --> Could not find the language line "Đóng"
ERROR - 2020-02-21 12:21:46 --> Could not find the language line "Xác Nhận"
ERROR - 2020-02-21 12:21:46 --> Could not find the language line "Đóng"
ERROR - 2020-02-21 12:21:46 --> Could not find the language line "Xác Nhận"
ERROR - 2020-02-21 12:38:51 --> Could not find the language line "Tạo Điểm Lấy Hàng"
ERROR - 2020-02-21 12:38:51 --> Could not find the language line "Tạo Đơn Hàng"
ERROR - 2020-02-21 12:38:51 --> Severity: Warning --> Invalid argument supplied for foreach() /home/admin/domains/spshd.com/public_html/khachhang/application/views/tab4.php 394
ERROR - 2020-02-21 12:38:51 --> Could not find the language line "Đóng"
ERROR - 2020-02-21 12:38:51 --> Could not find the language line "Xác Nhận"
ERROR - 2020-02-21 12:38:51 --> Severity: Warning --> Invalid argument supplied for foreach() /home/admin/domains/spshd.com/public_html/khachhang/application/views/app.php 157
ERROR - 2020-02-21 12:38:51 --> Severity: Warning --> Invalid argument supplied for foreach() /home/admin/domains/spshd.com/public_html/khachhang/application/views/app.php 168
ERROR - 2020-02-21 12:38:51 --> Could not find the language line "Đóng"
ERROR - 2020-02-21 12:38:51 --> Could not find the language line "Xác Nhận"
ERROR - 2020-02-21 12:38:51 --> Could not find the language line "Đóng"
ERROR - 2020-02-21 12:38:51 --> Could not find the language line "Xác Nhận"
ERROR - 2020-02-21 15:13:59 --> Could not find the language line "Tạo Điểm Lấy Hàng"
ERROR - 2020-02-21 15:13:59 --> Could not find the language line "Tạo Đơn Hàng"
ERROR - 2020-02-21 15:13:59 --> Severity: Warning --> Invalid argument supplied for foreach() /home/admin/domains/spshd.com/public_html/khachhang/application/views/tab4.php 394
ERROR - 2020-02-21 15:13:59 --> Could not find the language line "Đóng"
ERROR - 2020-02-21 15:13:59 --> Could not find the language line "Xác Nhận"
ERROR - 2020-02-21 15:13:59 --> Severity: Warning --> Invalid argument supplied for foreach() /home/admin/domains/spshd.com/public_html/khachhang/application/views/app.php 157
ERROR - 2020-02-21 15:13:59 --> Severity: Warning --> Invalid argument supplied for foreach() /home/admin/domains/spshd.com/public_html/khachhang/application/views/app.php 168
ERROR - 2020-02-21 15:13:59 --> Could not find the language line "Đóng"
ERROR - 2020-02-21 15:13:59 --> Could not find the language line "Xác Nhận"
ERROR - 2020-02-21 15:13:59 --> Could not find the language line "Đóng"
ERROR - 2020-02-21 15:13:59 --> Could not find the language line "Xác Nhận"
ERROR - 2020-02-21 15:32:15 --> Could not find the language line "Tạo Điểm Lấy Hàng"
ERROR - 2020-02-21 15:32:15 --> Could not find the language line "Tạo Đơn Hàng"
ERROR - 2020-02-21 15:32:15 --> Severity: Warning --> Invalid argument supplied for foreach() /home/admin/domains/spshd.com/public_html/khachhang/application/views/tab4.php 394
ERROR - 2020-02-21 15:32:15 --> Could not find the language line "Đóng"
ERROR - 2020-02-21 15:32:15 --> Could not find the language line "Xác Nhận"
ERROR - 2020-02-21 15:32:15 --> Severity: Warning --> Invalid argument supplied for foreach() /home/admin/domains/spshd.com/public_html/khachhang/application/views/app.php 157
ERROR - 2020-02-21 15:32:15 --> Severity: Warning --> Invalid argument supplied for foreach() /home/admin/domains/spshd.com/public_html/khachhang/application/views/app.php 168
ERROR - 2020-02-21 15:32:15 --> Could not find the language line "Đóng"
ERROR - 2020-02-21 15:32:15 --> Could not find the language line "Xác Nhận"
ERROR - 2020-02-21 15:32:15 --> Could not find the language line "Đóng"
ERROR - 2020-02-21 15:32:15 --> Could not find the language line "Xác Nhận"
ERROR - 2020-02-21 16:38:02 --> Could not find the language line "Tạo Điểm Lấy Hàng"
ERROR - 2020-02-21 16:38:02 --> Could not find the language line "Tạo Đơn Hàng"
ERROR - 2020-02-21 16:38:02 --> Severity: Warning --> Invalid argument supplied for foreach() /home/admin/domains/spshd.com/public_html/khachhang/application/views/tab4.php 394
ERROR - 2020-02-21 16:38:02 --> Could not find the language line "Đóng"
ERROR - 2020-02-21 16:38:02 --> Could not find the language line "Xác Nhận"
ERROR - 2020-02-21 16:38:02 --> Severity: Warning --> Invalid argument supplied for foreach() /home/admin/domains/spshd.com/public_html/khachhang/application/views/app.php 157
ERROR - 2020-02-21 16:38:02 --> Severity: Warning --> Invalid argument supplied for foreach() /home/admin/domains/spshd.com/public_html/khachhang/application/views/app.php 168
ERROR - 2020-02-21 16:38:02 --> Could not find the language line "Đóng"
ERROR - 2020-02-21 16:38:02 --> Could not find the language line "Xác Nhận"
ERROR - 2020-02-21 16:38:02 --> Could not find the language line "Đóng"
ERROR - 2020-02-21 16:38:02 --> Could not find the language line "Xác Nhận"
