ERROR - 2019-10-11 02:21:52 --> Could not find the language line "Tạo Điểm Lấy Hàng"
ERROR - 2019-10-11 02:21:52 --> Could not find the language line "Tạo Đơn Hàng"
ERROR - 2019-10-11 02:21:52 --> Severity: Warning --> Invalid argument supplied for foreach() /home/admin/domains/spshd.com/public_html/khachhang/application/views/tab4.php 394
ERROR - 2019-10-11 02:21:52 --> Could not find the language line "Đóng"
ERROR - 2019-10-11 02:21:52 --> Could not find the language line "Xác Nhận"
ERROR - 2019-10-11 02:21:52 --> Severity: Warning --> Invalid argument supplied for foreach() /home/admin/domains/spshd.com/public_html/khachhang/application/views/app.php 157
ERROR - 2019-10-11 02:21:52 --> Severity: Warning --> Invalid argument supplied for foreach() /home/admin/domains/spshd.com/public_html/khachhang/application/views/app.php 168
ERROR - 2019-10-11 02:21:52 --> Could not find the language line "Đóng"
ERROR - 2019-10-11 02:21:52 --> Could not find the language line "Xác Nhận"
ERROR - 2019-10-11 02:21:52 --> Could not find the language line "Đóng"
ERROR - 2019-10-11 02:21:52 --> Could not find the language line "Xác Nhận"
ERROR - 2019-10-11 02:27:33 --> Could not find the language line "Email"
ERROR - 2019-10-11 02:27:33 --> Could not find the language line "password"
ERROR - 2019-10-11 04:30:38 --> Could not find the language line "Tạo Điểm Lấy Hàng"
ERROR - 2019-10-11 04:30:38 --> Could not find the language line "Tạo Đơn Hàng"
ERROR - 2019-10-11 04:30:38 --> Severity: Warning --> Invalid argument supplied for foreach() /home/admin/domains/spshd.com/public_html/khachhang/application/views/tab4.php 394
ERROR - 2019-10-11 04:30:38 --> Could not find the language line "Đóng"
ERROR - 2019-10-11 04:30:38 --> Could not find the language line "Xác Nhận"
ERROR - 2019-10-11 04:30:38 --> Severity: Warning --> Invalid argument supplied for foreach() /home/admin/domains/spshd.com/public_html/khachhang/application/views/app.php 157
ERROR - 2019-10-11 04:30:38 --> Severity: Warning --> Invalid argument supplied for foreach() /home/admin/domains/spshd.com/public_html/khachhang/application/views/app.php 168
ERROR - 2019-10-11 04:30:38 --> Could not find the language line "Đóng"
ERROR - 2019-10-11 04:30:38 --> Could not find the language line "Xác Nhận"
ERROR - 2019-10-11 04:30:38 --> Could not find the language line "Đóng"
ERROR - 2019-10-11 04:30:38 --> Could not find the language line "Xác Nhận"
ERROR - 2019-10-11 04:30:41 --> Could not find the language line "Tạo Điểm Lấy Hàng"
ERROR - 2019-10-11 04:30:41 --> Could not find the language line "Tạo Đơn Hàng"
ERROR - 2019-10-11 04:30:41 --> Severity: Warning --> Invalid argument supplied for foreach() /home/admin/domains/spshd.com/public_html/khachhang/application/views/tab4.php 394
ERROR - 2019-10-11 04:30:41 --> Could not find the language line "Đóng"
ERROR - 2019-10-11 04:30:41 --> Could not find the language line "Xác Nhận"
ERROR - 2019-10-11 04:30:41 --> Severity: Warning --> Invalid argument supplied for foreach() /home/admin/domains/spshd.com/public_html/khachhang/application/views/app.php 157
ERROR - 2019-10-11 04:30:41 --> Severity: Warning --> Invalid argument supplied for foreach() /home/admin/domains/spshd.com/public_html/khachhang/application/views/app.php 168
ERROR - 2019-10-11 04:30:41 --> Could not find the language line "Đóng"
ERROR - 2019-10-11 04:30:41 --> Could not find the language line "Xác Nhận"
ERROR - 2019-10-11 04:30:41 --> Could not find the language line "Đóng"
ERROR - 2019-10-11 04:30:41 --> Could not find the language line "Xác Nhận"
ERROR - 2019-10-11 05:17:49 --> Could not find the language line "Tạo Điểm Lấy Hàng"
ERROR - 2019-10-11 05:17:49 --> Could not find the language line "Tạo Đơn Hàng"
ERROR - 2019-10-11 05:17:49 --> Severity: Warning --> Invalid argument supplied for foreach() /home/admin/domains/spshd.com/public_html/khachhang/application/views/tab4.php 394
ERROR - 2019-10-11 05:17:49 --> Could not find the language line "Đóng"
ERROR - 2019-10-11 05:17:49 --> Could not find the language line "Xác Nhận"
ERROR - 2019-10-11 05:17:49 --> Severity: Warning --> Invalid argument supplied for foreach() /home/admin/domains/spshd.com/public_html/khachhang/application/views/app.php 157
ERROR - 2019-10-11 05:17:49 --> Severity: Warning --> Invalid argument supplied for foreach() /home/admin/domains/spshd.com/public_html/khachhang/application/views/app.php 168
ERROR - 2019-10-11 05:17:49 --> Could not find the language line "Đóng"
ERROR - 2019-10-11 05:17:49 --> Could not find the language line "Xác Nhận"
ERROR - 2019-10-11 05:17:49 --> Could not find the language line "Đóng"
ERROR - 2019-10-11 05:17:49 --> Could not find the language line "Xác Nhận"
ERROR - 2019-10-11 05:17:49 --> Could not find the language line "Tạo Điểm Lấy Hàng"
ERROR - 2019-10-11 05:17:49 --> Could not find the language line "Tạo Đơn Hàng"
ERROR - 2019-10-11 05:17:49 --> Severity: Warning --> Invalid argument supplied for foreach() /home/admin/domains/spshd.com/public_html/khachhang/application/views/tab4.php 394
ERROR - 2019-10-11 05:17:49 --> Could not find the language line "Đóng"
ERROR - 2019-10-11 05:17:49 --> Could not find the language line "Xác Nhận"
ERROR - 2019-10-11 05:17:49 --> Severity: Warning --> Invalid argument supplied for foreach() /home/admin/domains/spshd.com/public_html/khachhang/application/views/app.php 157
ERROR - 2019-10-11 05:17:49 --> Severity: Warning --> Invalid argument supplied for foreach() /home/admin/domains/spshd.com/public_html/khachhang/application/views/app.php 168
ERROR - 2019-10-11 05:17:49 --> Could not find the language line "Đóng"
ERROR - 2019-10-11 05:17:49 --> Could not find the language line "Xác Nhận"
ERROR - 2019-10-11 05:17:49 --> Could not find the language line "Đóng"
ERROR - 2019-10-11 05:17:49 --> Could not find the language line "Xác Nhận"
ERROR - 2019-10-11 07:31:46 --> Could not find the language line "Tạo Điểm Lấy Hàng"
ERROR - 2019-10-11 07:31:46 --> Could not find the language line "Tạo Đơn Hàng"
ERROR - 2019-10-11 07:31:46 --> Severity: Warning --> Invalid argument supplied for foreach() /home/admin/domains/spshd.com/public_html/khachhang/application/views/tab4.php 394
ERROR - 2019-10-11 07:31:46 --> Could not find the language line "Đóng"
ERROR - 2019-10-11 07:31:46 --> Could not find the language line "Xác Nhận"
ERROR - 2019-10-11 07:31:46 --> Severity: Warning --> Invalid argument supplied for foreach() /home/admin/domains/spshd.com/public_html/khachhang/application/views/app.php 157
ERROR - 2019-10-11 07:31:46 --> Severity: Warning --> Invalid argument supplied for foreach() /home/admin/domains/spshd.com/public_html/khachhang/application/views/app.php 168
ERROR - 2019-10-11 07:31:46 --> Could not find the language line "Đóng"
ERROR - 2019-10-11 07:31:46 --> Could not find the language line "Xác Nhận"
ERROR - 2019-10-11 07:31:46 --> Could not find the language line "Đóng"
ERROR - 2019-10-11 07:31:46 --> Could not find the language line "Xác Nhận"
ERROR - 2019-10-11 07:31:46 --> Could not find the language line "Tạo Điểm Lấy Hàng"
ERROR - 2019-10-11 07:31:46 --> Could not find the language line "Tạo Đơn Hàng"
ERROR - 2019-10-11 07:31:46 --> Severity: Warning --> Invalid argument supplied for foreach() /home/admin/domains/spshd.com/public_html/khachhang/application/views/tab4.php 394
ERROR - 2019-10-11 07:31:46 --> Could not find the language line "Đóng"
ERROR - 2019-10-11 07:31:46 --> Could not find the language line "Xác Nhận"
ERROR - 2019-10-11 07:31:46 --> Severity: Warning --> Invalid argument supplied for foreach() /home/admin/domains/spshd.com/public_html/khachhang/application/views/app.php 157
ERROR - 2019-10-11 07:31:46 --> Severity: Warning --> Invalid argument supplied for foreach() /home/admin/domains/spshd.com/public_html/khachhang/application/views/app.php 168
ERROR - 2019-10-11 07:31:46 --> Could not find the language line "Đóng"
ERROR - 2019-10-11 07:31:46 --> Could not find the language line "Xác Nhận"
ERROR - 2019-10-11 07:31:46 --> Could not find the language line "Đóng"
ERROR - 2019-10-11 07:31:46 --> Could not find the language line "Xác Nhận"
ERROR - 2019-10-11 08:32:57 --> Could not find the language line "Email"
ERROR - 2019-10-11 08:32:57 --> Could not find the language line "password"
ERROR - 2019-10-11 08:33:08 --> Could not find the language line "Email"
ERROR - 2019-10-11 08:33:08 --> Could not find the language line "password"
ERROR - 2019-10-11 08:33:12 --> Could not find the language line "Email"
ERROR - 2019-10-11 08:33:12 --> Could not find the language line "password"
ERROR - 2019-10-11 08:33:12 --> Could not find the language line "Email"
ERROR - 2019-10-11 08:33:12 --> Could not find the language line "password"
ERROR - 2019-10-11 08:33:13 --> Could not find the language line "Email"
ERROR - 2019-10-11 08:33:13 --> Could not find the language line "password"
ERROR - 2019-10-11 08:33:13 --> Could not find the language line "Email"
ERROR - 2019-10-11 08:33:13 --> Could not find the language line "password"
ERROR - 2019-10-11 08:33:13 --> Could not find the language line "Email"
ERROR - 2019-10-11 08:33:13 --> Could not find the language line "password"
ERROR - 2019-10-11 08:33:13 --> Could not find the language line "Email"
ERROR - 2019-10-11 08:33:13 --> Could not find the language line "password"
ERROR - 2019-10-11 08:33:14 --> Could not find the language line "Email"
ERROR - 2019-10-11 08:33:14 --> Could not find the language line "password"
ERROR - 2019-10-11 08:33:14 --> Could not find the language line "Email"
ERROR - 2019-10-11 08:33:14 --> Could not find the language line "password"
ERROR - 2019-10-11 08:33:14 --> Could not find the language line "Email"
ERROR - 2019-10-11 08:33:14 --> Could not find the language line "password"
ERROR - 2019-10-11 08:33:15 --> Could not find the language line "Email"
ERROR - 2019-10-11 08:33:15 --> Could not find the language line "password"
ERROR - 2019-10-11 08:33:15 --> Could not find the language line "Email"
ERROR - 2019-10-11 08:33:15 --> Could not find the language line "password"
ERROR - 2019-10-11 08:33:15 --> Could not find the language line "Email"
ERROR - 2019-10-11 08:33:15 --> Could not find the language line "password"
ERROR - 2019-10-11 08:33:52 --> Could not find the language line "Email"
ERROR - 2019-10-11 08:33:52 --> Could not find the language line "password"
ERROR - 2019-10-11 08:34:09 --> Could not find the language line "Tạo Điểm Lấy Hàng"
ERROR - 2019-10-11 08:34:09 --> Could not find the language line "Tạo Đơn Hàng"
ERROR - 2019-10-11 08:34:09 --> Severity: Warning --> Invalid argument supplied for foreach() /home/admin/domains/spshd.com/public_html/khachhang/application/views/tab4.php 394
ERROR - 2019-10-11 08:34:09 --> Could not find the language line "Đóng"
ERROR - 2019-10-11 08:34:09 --> Could not find the language line "Xác Nhận"
ERROR - 2019-10-11 08:34:09 --> Severity: Warning --> Invalid argument supplied for foreach() /home/admin/domains/spshd.com/public_html/khachhang/application/views/app.php 157
ERROR - 2019-10-11 08:34:09 --> Severity: Warning --> Invalid argument supplied for foreach() /home/admin/domains/spshd.com/public_html/khachhang/application/views/app.php 168
ERROR - 2019-10-11 08:34:09 --> Could not find the language line "Đóng"
ERROR - 2019-10-11 08:34:09 --> Could not find the language line "Xác Nhận"
ERROR - 2019-10-11 08:34:09 --> Could not find the language line "Đóng"
ERROR - 2019-10-11 08:34:09 --> Could not find the language line "Xác Nhận"
ERROR - 2019-10-11 08:34:22 --> Could not find the language line "Tạo Điểm Lấy Hàng"
ERROR - 2019-10-11 08:34:22 --> Could not find the language line "Tạo Đơn Hàng"
ERROR - 2019-10-11 08:34:22 --> Severity: Warning --> Invalid argument supplied for foreach() /home/admin/domains/spshd.com/public_html/khachhang/application/views/tab4.php 394
ERROR - 2019-10-11 08:34:22 --> Could not find the language line "Đóng"
ERROR - 2019-10-11 08:34:22 --> Could not find the language line "Xác Nhận"
ERROR - 2019-10-11 08:34:22 --> Severity: Warning --> Invalid argument supplied for foreach() /home/admin/domains/spshd.com/public_html/khachhang/application/views/app.php 157
ERROR - 2019-10-11 08:34:22 --> Severity: Warning --> Invalid argument supplied for foreach() /home/admin/domains/spshd.com/public_html/khachhang/application/views/app.php 168
ERROR - 2019-10-11 08:34:22 --> Could not find the language line "Đóng"
ERROR - 2019-10-11 08:34:22 --> Could not find the language line "Xác Nhận"
ERROR - 2019-10-11 08:34:22 --> Could not find the language line "Đóng"
ERROR - 2019-10-11 08:34:22 --> Could not find the language line "Xác Nhận"
ERROR - 2019-10-11 08:34:35 --> Could not find the language line "Tạo Điểm Lấy Hàng"
ERROR - 2019-10-11 08:34:35 --> Could not find the language line "Tạo Đơn Hàng"
ERROR - 2019-10-11 08:34:35 --> Severity: Warning --> Invalid argument supplied for foreach() /home/admin/domains/spshd.com/public_html/khachhang/application/views/tab4.php 394
ERROR - 2019-10-11 08:34:35 --> Could not find the language line "Đóng"
ERROR - 2019-10-11 08:34:35 --> Could not find the language line "Xác Nhận"
ERROR - 2019-10-11 08:34:35 --> Severity: Warning --> Invalid argument supplied for foreach() /home/admin/domains/spshd.com/public_html/khachhang/application/views/app.php 157
ERROR - 2019-10-11 08:34:35 --> Severity: Warning --> Invalid argument supplied for foreach() /home/admin/domains/spshd.com/public_html/khachhang/application/views/app.php 168
ERROR - 2019-10-11 08:34:35 --> Could not find the language line "Đóng"
ERROR - 2019-10-11 08:34:35 --> Could not find the language line "Xác Nhận"
ERROR - 2019-10-11 08:34:35 --> Could not find the language line "Đóng"
ERROR - 2019-10-11 08:34:35 --> Could not find the language line "Xác Nhận"
ERROR - 2019-10-11 08:35:33 --> Could not find the language line "Tạo Điểm Lấy Hàng"
ERROR - 2019-10-11 08:35:33 --> Could not find the language line "Tạo Đơn Hàng"
ERROR - 2019-10-11 08:35:33 --> Severity: Warning --> Invalid argument supplied for foreach() /home/admin/domains/spshd.com/public_html/khachhang/application/views/tab4.php 394
ERROR - 2019-10-11 08:35:33 --> Could not find the language line "Đóng"
ERROR - 2019-10-11 08:35:33 --> Could not find the language line "Xác Nhận"
ERROR - 2019-10-11 08:35:33 --> Severity: Warning --> Invalid argument supplied for foreach() /home/admin/domains/spshd.com/public_html/khachhang/application/views/app.php 157
ERROR - 2019-10-11 08:35:33 --> Severity: Warning --> Invalid argument supplied for foreach() /home/admin/domains/spshd.com/public_html/khachhang/application/views/app.php 168
ERROR - 2019-10-11 08:35:33 --> Could not find the language line "Đóng"
ERROR - 2019-10-11 08:35:33 --> Could not find the language line "Xác Nhận"
ERROR - 2019-10-11 08:35:33 --> Could not find the language line "Đóng"
ERROR - 2019-10-11 08:35:33 --> Could not find the language line "Xác Nhận"
ERROR - 2019-10-11 08:35:33 --> Could not find the language line "Tạo Điểm Lấy Hàng"
ERROR - 2019-10-11 08:35:33 --> Could not find the language line "Tạo Đơn Hàng"
ERROR - 2019-10-11 08:35:33 --> Severity: Warning --> Invalid argument supplied for foreach() /home/admin/domains/spshd.com/public_html/khachhang/application/views/tab4.php 394
ERROR - 2019-10-11 08:35:33 --> Could not find the language line "Đóng"
ERROR - 2019-10-11 08:35:33 --> Could not find the language line "Xác Nhận"
ERROR - 2019-10-11 08:35:33 --> Severity: Warning --> Invalid argument supplied for foreach() /home/admin/domains/spshd.com/public_html/khachhang/application/views/app.php 157
ERROR - 2019-10-11 08:35:33 --> Severity: Warning --> Invalid argument supplied for foreach() /home/admin/domains/spshd.com/public_html/khachhang/application/views/app.php 168
ERROR - 2019-10-11 08:35:33 --> Could not find the language line "Đóng"
ERROR - 2019-10-11 08:35:33 --> Could not find the language line "Xác Nhận"
ERROR - 2019-10-11 08:35:33 --> Could not find the language line "Đóng"
ERROR - 2019-10-11 08:35:33 --> Could not find the language line "Xác Nhận"
ERROR - 2019-10-11 08:35:58 --> Could not find the language line "Tạo Điểm Lấy Hàng"
ERROR - 2019-10-11 08:35:58 --> Could not find the language line "Tạo Đơn Hàng"
ERROR - 2019-10-11 08:35:58 --> Severity: Warning --> Invalid argument supplied for foreach() /home/admin/domains/spshd.com/public_html/khachhang/application/views/tab4.php 394
ERROR - 2019-10-11 08:35:58 --> Could not find the language line "Đóng"
ERROR - 2019-10-11 08:35:58 --> Could not find the language line "Xác Nhận"
ERROR - 2019-10-11 08:35:58 --> Severity: Warning --> Invalid argument supplied for foreach() /home/admin/domains/spshd.com/public_html/khachhang/application/views/app.php 157
ERROR - 2019-10-11 08:35:58 --> Severity: Warning --> Invalid argument supplied for foreach() /home/admin/domains/spshd.com/public_html/khachhang/application/views/app.php 168
ERROR - 2019-10-11 08:35:58 --> Could not find the language line "Đóng"
ERROR - 2019-10-11 08:35:58 --> Could not find the language line "Xác Nhận"
ERROR - 2019-10-11 08:35:58 --> Could not find the language line "Đóng"
ERROR - 2019-10-11 08:35:58 --> Could not find the language line "Xác Nhận"
ERROR - 2019-10-11 08:36:14 --> Could not find the language line "Tạo Điểm Lấy Hàng"
ERROR - 2019-10-11 08:36:14 --> Could not find the language line "Tạo Đơn Hàng"
ERROR - 2019-10-11 08:36:14 --> Severity: Warning --> Invalid argument supplied for foreach() /home/admin/domains/spshd.com/public_html/khachhang/application/views/tab4.php 394
ERROR - 2019-10-11 08:36:14 --> Could not find the language line "Đóng"
ERROR - 2019-10-11 08:36:14 --> Could not find the language line "Xác Nhận"
ERROR - 2019-10-11 08:36:14 --> Severity: Warning --> Invalid argument supplied for foreach() /home/admin/domains/spshd.com/public_html/khachhang/application/views/app.php 157
ERROR - 2019-10-11 08:36:14 --> Severity: Warning --> Invalid argument supplied for foreach() /home/admin/domains/spshd.com/public_html/khachhang/application/views/app.php 168
ERROR - 2019-10-11 08:36:14 --> Could not find the language line "Đóng"
ERROR - 2019-10-11 08:36:14 --> Could not find the language line "Xác Nhận"
ERROR - 2019-10-11 08:36:14 --> Could not find the language line "Đóng"
ERROR - 2019-10-11 08:36:14 --> Could not find the language line "Xác Nhận"
ERROR - 2019-10-11 14:20:18 --> Could not find the language line "Tạo Điểm Lấy Hàng"
ERROR - 2019-10-11 14:20:18 --> Could not find the language line "Tạo Đơn Hàng"
ERROR - 2019-10-11 14:20:18 --> Severity: Warning --> Invalid argument supplied for foreach() /home/admin/domains/spshd.com/public_html/khachhang/application/views/tab4.php 394
ERROR - 2019-10-11 14:20:18 --> Could not find the language line "Đóng"
ERROR - 2019-10-11 14:20:18 --> Could not find the language line "Xác Nhận"
ERROR - 2019-10-11 14:20:18 --> Severity: Warning --> Invalid argument supplied for foreach() /home/admin/domains/spshd.com/public_html/khachhang/application/views/app.php 157
ERROR - 2019-10-11 14:20:18 --> Severity: Warning --> Invalid argument supplied for foreach() /home/admin/domains/spshd.com/public_html/khachhang/application/views/app.php 168
ERROR - 2019-10-11 14:20:18 --> Could not find the language line "Đóng"
ERROR - 2019-10-11 14:20:18 --> Could not find the language line "Xác Nhận"
ERROR - 2019-10-11 14:20:18 --> Could not find the language line "Đóng"
ERROR - 2019-10-11 14:20:18 --> Could not find the language line "Xác Nhận"
ERROR - 2019-10-11 17:05:52 --> Could not find the language line "Tạo Điểm Lấy Hàng"
ERROR - 2019-10-11 17:05:52 --> Could not find the language line "Tạo Đơn Hàng"
ERROR - 2019-10-11 17:05:52 --> Severity: Warning --> Invalid argument supplied for foreach() /home/admin/domains/spshd.com/public_html/khachhang/application/views/tab4.php 394
ERROR - 2019-10-11 17:05:52 --> Could not find the language line "Đóng"
ERROR - 2019-10-11 17:05:52 --> Could not find the language line "Xác Nhận"
ERROR - 2019-10-11 17:05:52 --> Severity: Warning --> Invalid argument supplied for foreach() /home/admin/domains/spshd.com/public_html/khachhang/application/views/app.php 157
ERROR - 2019-10-11 17:05:52 --> Severity: Warning --> Invalid argument supplied for foreach() /home/admin/domains/spshd.com/public_html/khachhang/application/views/app.php 168
ERROR - 2019-10-11 17:05:52 --> Could not find the language line "Đóng"
ERROR - 2019-10-11 17:05:52 --> Could not find the language line "Xác Nhận"
ERROR - 2019-10-11 17:05:52 --> Could not find the language line "Đóng"
ERROR - 2019-10-11 17:05:52 --> Could not find the language line "Xác Nhận"
ERROR - 2019-10-11 17:06:34 --> Could not find the language line "Tạo Điểm Lấy Hàng"
ERROR - 2019-10-11 17:06:34 --> Could not find the language line "Tạo Đơn Hàng"
ERROR - 2019-10-11 17:06:34 --> Severity: Warning --> Invalid argument supplied for foreach() /home/admin/domains/spshd.com/public_html/khachhang/application/views/tab4.php 394
ERROR - 2019-10-11 17:06:34 --> Could not find the language line "Đóng"
ERROR - 2019-10-11 17:06:34 --> Could not find the language line "Xác Nhận"
ERROR - 2019-10-11 17:06:34 --> Severity: Warning --> Invalid argument supplied for foreach() /home/admin/domains/spshd.com/public_html/khachhang/application/views/app.php 157
ERROR - 2019-10-11 17:06:34 --> Severity: Warning --> Invalid argument supplied for foreach() /home/admin/domains/spshd.com/public_html/khachhang/application/views/app.php 168
ERROR - 2019-10-11 17:06:34 --> Could not find the language line "Đóng"
ERROR - 2019-10-11 17:06:34 --> Could not find the language line "Xác Nhận"
ERROR - 2019-10-11 17:06:34 --> Could not find the language line "Đóng"
ERROR - 2019-10-11 17:06:34 --> Could not find the language line "Xác Nhận"
ERROR - 2019-10-11 17:06:35 --> Could not find the language line "Tạo Điểm Lấy Hàng"
ERROR - 2019-10-11 17:06:35 --> Could not find the language line "Tạo Đơn Hàng"
ERROR - 2019-10-11 17:06:35 --> Severity: Warning --> Invalid argument supplied for foreach() /home/admin/domains/spshd.com/public_html/khachhang/application/views/tab4.php 394
ERROR - 2019-10-11 17:06:35 --> Could not find the language line "Đóng"
ERROR - 2019-10-11 17:06:35 --> Could not find the language line "Xác Nhận"
ERROR - 2019-10-11 17:06:35 --> Severity: Warning --> Invalid argument supplied for foreach() /home/admin/domains/spshd.com/public_html/khachhang/application/views/app.php 157
ERROR - 2019-10-11 17:06:35 --> Severity: Warning --> Invalid argument supplied for foreach() /home/admin/domains/spshd.com/public_html/khachhang/application/views/app.php 168
ERROR - 2019-10-11 17:06:35 --> Could not find the language line "Đóng"
ERROR - 2019-10-11 17:06:35 --> Could not find the language line "Xác Nhận"
ERROR - 2019-10-11 17:06:35 --> Could not find the language line "Đóng"
ERROR - 2019-10-11 17:06:35 --> Could not find the language line "Xác Nhận"
ERROR - 2019-10-11 17:06:35 --> Could not find the language line "Tạo Điểm Lấy Hàng"
ERROR - 2019-10-11 17:06:35 --> Could not find the language line "Tạo Đơn Hàng"
ERROR - 2019-10-11 17:06:35 --> Severity: Warning --> Invalid argument supplied for foreach() /home/admin/domains/spshd.com/public_html/khachhang/application/views/tab4.php 394
ERROR - 2019-10-11 17:06:35 --> Could not find the language line "Đóng"
ERROR - 2019-10-11 17:06:35 --> Could not find the language line "Xác Nhận"
ERROR - 2019-10-11 17:06:35 --> Severity: Warning --> Invalid argument supplied for foreach() /home/admin/domains/spshd.com/public_html/khachhang/application/views/app.php 157
ERROR - 2019-10-11 17:06:35 --> Severity: Warning --> Invalid argument supplied for foreach() /home/admin/domains/spshd.com/public_html/khachhang/application/views/app.php 168
ERROR - 2019-10-11 17:06:35 --> Could not find the language line "Đóng"
ERROR - 2019-10-11 17:06:35 --> Could not find the language line "Xác Nhận"
ERROR - 2019-10-11 17:06:35 --> Could not find the language line "Đóng"
ERROR - 2019-10-11 17:06:35 --> Could not find the language line "Xác Nhận"
ERROR - 2019-10-11 17:06:36 --> Could not find the language line "Tạo Điểm Lấy Hàng"
ERROR - 2019-10-11 17:06:36 --> Could not find the language line "Tạo Đơn Hàng"
ERROR - 2019-10-11 17:06:36 --> Severity: Warning --> Invalid argument supplied for foreach() /home/admin/domains/spshd.com/public_html/khachhang/application/views/tab4.php 394
ERROR - 2019-10-11 17:06:36 --> Could not find the language line "Đóng"
ERROR - 2019-10-11 17:06:36 --> Could not find the language line "Xác Nhận"
ERROR - 2019-10-11 17:06:36 --> Severity: Warning --> Invalid argument supplied for foreach() /home/admin/domains/spshd.com/public_html/khachhang/application/views/app.php 157
ERROR - 2019-10-11 17:06:36 --> Severity: Warning --> Invalid argument supplied for foreach() /home/admin/domains/spshd.com/public_html/khachhang/application/views/app.php 168
ERROR - 2019-10-11 17:06:36 --> Could not find the language line "Đóng"
ERROR - 2019-10-11 17:06:36 --> Could not find the language line "Xác Nhận"
ERROR - 2019-10-11 17:06:36 --> Could not find the language line "Đóng"
ERROR - 2019-10-11 17:06:36 --> Could not find the language line "Xác Nhận"
