ERROR - 2019-12-14 00:44:13 --> Could not find the language line "Email"
ERROR - 2019-12-14 00:44:13 --> Could not find the language line "password"
ERROR - 2019-12-14 00:57:52 --> Could not find the language line "Email"
ERROR - 2019-12-14 00:57:52 --> Could not find the language line "password"
ERROR - 2019-12-14 00:58:11 --> Could not find the language line "Tạo Điểm Lấy Hàng"
ERROR - 2019-12-14 00:58:11 --> Could not find the language line "Tạo Đơn Hàng"
ERROR - 2019-12-14 00:58:11 --> Severity: Warning --> Invalid argument supplied for foreach() /home/admin/domains/spshd.com/public_html/khachhang/application/views/tab4.php 394
ERROR - 2019-12-14 00:58:11 --> Could not find the language line "Đóng"
ERROR - 2019-12-14 00:58:11 --> Could not find the language line "Xác Nhận"
ERROR - 2019-12-14 00:58:11 --> Severity: Warning --> Invalid argument supplied for foreach() /home/admin/domains/spshd.com/public_html/khachhang/application/views/app.php 157
ERROR - 2019-12-14 00:58:11 --> Severity: Warning --> Invalid argument supplied for foreach() /home/admin/domains/spshd.com/public_html/khachhang/application/views/app.php 168
ERROR - 2019-12-14 00:58:11 --> Could not find the language line "Đóng"
ERROR - 2019-12-14 00:58:11 --> Could not find the language line "Xác Nhận"
ERROR - 2019-12-14 00:58:11 --> Could not find the language line "Đóng"
ERROR - 2019-12-14 00:58:11 --> Could not find the language line "Xác Nhận"
ERROR - 2019-12-14 01:25:31 --> Could not find the language line "Tạo Điểm Lấy Hàng"
ERROR - 2019-12-14 01:25:31 --> Could not find the language line "Tạo Đơn Hàng"
ERROR - 2019-12-14 01:25:31 --> Severity: Warning --> Invalid argument supplied for foreach() /home/admin/domains/spshd.com/public_html/khachhang/application/views/tab4.php 394
ERROR - 2019-12-14 01:25:31 --> Could not find the language line "Đóng"
ERROR - 2019-12-14 01:25:31 --> Could not find the language line "Xác Nhận"
ERROR - 2019-12-14 01:25:31 --> Severity: Warning --> Invalid argument supplied for foreach() /home/admin/domains/spshd.com/public_html/khachhang/application/views/app.php 157
ERROR - 2019-12-14 01:25:31 --> Severity: Warning --> Invalid argument supplied for foreach() /home/admin/domains/spshd.com/public_html/khachhang/application/views/app.php 168
ERROR - 2019-12-14 01:25:31 --> Could not find the language line "Đóng"
ERROR - 2019-12-14 01:25:31 --> Could not find the language line "Xác Nhận"
ERROR - 2019-12-14 01:25:31 --> Could not find the language line "Đóng"
ERROR - 2019-12-14 01:25:31 --> Could not find the language line "Xác Nhận"
ERROR - 2019-12-14 03:36:11 --> Could not find the language line "Email"
ERROR - 2019-12-14 03:36:11 --> Could not find the language line "password"
ERROR - 2019-12-14 04:20:11 --> Could not find the language line "Email"
ERROR - 2019-12-14 04:20:11 --> Could not find the language line "password"
ERROR - 2019-12-14 04:35:42 --> Could not find the language line "Email"
ERROR - 2019-12-14 04:35:42 --> Could not find the language line "password"
ERROR - 2019-12-14 06:42:21 --> Could not find the language line "Email"
ERROR - 2019-12-14 06:42:21 --> Could not find the language line "password"
ERROR - 2019-12-14 06:44:02 --> Could not find the language line "Tạo Điểm Lấy Hàng"
ERROR - 2019-12-14 06:44:02 --> Could not find the language line "Tạo Đơn Hàng"
ERROR - 2019-12-14 06:44:02 --> Severity: Warning --> Invalid argument supplied for foreach() /home/admin/domains/spshd.com/public_html/khachhang/application/views/tab4.php 394
ERROR - 2019-12-14 06:44:02 --> Could not find the language line "Đóng"
ERROR - 2019-12-14 06:44:02 --> Could not find the language line "Xác Nhận"
ERROR - 2019-12-14 06:44:02 --> Severity: Warning --> Invalid argument supplied for foreach() /home/admin/domains/spshd.com/public_html/khachhang/application/views/app.php 157
ERROR - 2019-12-14 06:44:02 --> Severity: Warning --> Invalid argument supplied for foreach() /home/admin/domains/spshd.com/public_html/khachhang/application/views/app.php 168
ERROR - 2019-12-14 06:44:02 --> Could not find the language line "Đóng"
ERROR - 2019-12-14 06:44:02 --> Could not find the language line "Xác Nhận"
ERROR - 2019-12-14 06:44:02 --> Could not find the language line "Đóng"
ERROR - 2019-12-14 06:44:02 --> Could not find the language line "Xác Nhận"
ERROR - 2019-12-14 06:44:02 --> Could not find the language line "Tạo Điểm Lấy Hàng"
ERROR - 2019-12-14 06:44:02 --> Could not find the language line "Tạo Đơn Hàng"
ERROR - 2019-12-14 06:44:02 --> Severity: Warning --> Invalid argument supplied for foreach() /home/admin/domains/spshd.com/public_html/khachhang/application/views/tab4.php 394
ERROR - 2019-12-14 06:44:02 --> Could not find the language line "Đóng"
ERROR - 2019-12-14 06:44:02 --> Could not find the language line "Xác Nhận"
ERROR - 2019-12-14 06:44:02 --> Severity: Warning --> Invalid argument supplied for foreach() /home/admin/domains/spshd.com/public_html/khachhang/application/views/app.php 157
ERROR - 2019-12-14 06:44:02 --> Severity: Warning --> Invalid argument supplied for foreach() /home/admin/domains/spshd.com/public_html/khachhang/application/views/app.php 168
ERROR - 2019-12-14 06:44:02 --> Could not find the language line "Đóng"
ERROR - 2019-12-14 06:44:02 --> Could not find the language line "Xác Nhận"
ERROR - 2019-12-14 06:44:02 --> Could not find the language line "Đóng"
ERROR - 2019-12-14 06:44:02 --> Could not find the language line "Xác Nhận"
ERROR - 2019-12-14 08:59:00 --> Could not find the language line "Tạo Điểm Lấy Hàng"
ERROR - 2019-12-14 08:59:00 --> Could not find the language line "Tạo Đơn Hàng"
ERROR - 2019-12-14 08:59:00 --> Severity: Warning --> Invalid argument supplied for foreach() /home/admin/domains/spshd.com/public_html/khachhang/application/views/tab4.php 394
ERROR - 2019-12-14 08:59:00 --> Could not find the language line "Đóng"
ERROR - 2019-12-14 08:59:00 --> Could not find the language line "Xác Nhận"
ERROR - 2019-12-14 08:59:00 --> Severity: Warning --> Invalid argument supplied for foreach() /home/admin/domains/spshd.com/public_html/khachhang/application/views/app.php 157
ERROR - 2019-12-14 08:59:00 --> Severity: Warning --> Invalid argument supplied for foreach() /home/admin/domains/spshd.com/public_html/khachhang/application/views/app.php 168
ERROR - 2019-12-14 08:59:00 --> Could not find the language line "Đóng"
ERROR - 2019-12-14 08:59:00 --> Could not find the language line "Xác Nhận"
ERROR - 2019-12-14 08:59:00 --> Could not find the language line "Đóng"
ERROR - 2019-12-14 08:59:00 --> Could not find the language line "Xác Nhận"
ERROR - 2019-12-14 11:07:39 --> Could not find the language line "Tạo Điểm Lấy Hàng"
ERROR - 2019-12-14 11:07:39 --> Could not find the language line "Tạo Đơn Hàng"
ERROR - 2019-12-14 11:07:39 --> Severity: Warning --> Invalid argument supplied for foreach() /home/admin/domains/spshd.com/public_html/khachhang/application/views/tab4.php 394
ERROR - 2019-12-14 11:07:39 --> Could not find the language line "Đóng"
ERROR - 2019-12-14 11:07:39 --> Could not find the language line "Xác Nhận"
ERROR - 2019-12-14 11:07:39 --> Severity: Warning --> Invalid argument supplied for foreach() /home/admin/domains/spshd.com/public_html/khachhang/application/views/app.php 157
ERROR - 2019-12-14 11:07:39 --> Severity: Warning --> Invalid argument supplied for foreach() /home/admin/domains/spshd.com/public_html/khachhang/application/views/app.php 168
ERROR - 2019-12-14 11:07:39 --> Could not find the language line "Đóng"
ERROR - 2019-12-14 11:07:39 --> Could not find the language line "Xác Nhận"
ERROR - 2019-12-14 11:07:39 --> Could not find the language line "Đóng"
ERROR - 2019-12-14 11:07:39 --> Could not find the language line "Xác Nhận"
ERROR - 2019-12-14 11:09:08 --> Could not find the language line "Tạo Điểm Lấy Hàng"
ERROR - 2019-12-14 11:09:08 --> Could not find the language line "Tạo Đơn Hàng"
ERROR - 2019-12-14 11:09:08 --> Severity: Warning --> Invalid argument supplied for foreach() /home/admin/domains/spshd.com/public_html/khachhang/application/views/tab4.php 394
ERROR - 2019-12-14 11:09:08 --> Could not find the language line "Đóng"
ERROR - 2019-12-14 11:09:08 --> Could not find the language line "Xác Nhận"
ERROR - 2019-12-14 11:09:08 --> Severity: Warning --> Invalid argument supplied for foreach() /home/admin/domains/spshd.com/public_html/khachhang/application/views/app.php 157
ERROR - 2019-12-14 11:09:08 --> Severity: Warning --> Invalid argument supplied for foreach() /home/admin/domains/spshd.com/public_html/khachhang/application/views/app.php 168
ERROR - 2019-12-14 11:09:08 --> Could not find the language line "Đóng"
ERROR - 2019-12-14 11:09:08 --> Could not find the language line "Xác Nhận"
ERROR - 2019-12-14 11:09:08 --> Could not find the language line "Đóng"
ERROR - 2019-12-14 11:09:08 --> Could not find the language line "Xác Nhận"
ERROR - 2019-12-14 12:18:20 --> Could not find the language line "Tạo Điểm Lấy Hàng"
ERROR - 2019-12-14 12:18:20 --> Could not find the language line "Tạo Đơn Hàng"
ERROR - 2019-12-14 12:18:20 --> Severity: Warning --> Invalid argument supplied for foreach() /home/admin/domains/spshd.com/public_html/khachhang/application/views/tab4.php 394
ERROR - 2019-12-14 12:18:20 --> Could not find the language line "Đóng"
ERROR - 2019-12-14 12:18:20 --> Could not find the language line "Xác Nhận"
ERROR - 2019-12-14 12:18:20 --> Severity: Warning --> Invalid argument supplied for foreach() /home/admin/domains/spshd.com/public_html/khachhang/application/views/app.php 157
ERROR - 2019-12-14 12:18:20 --> Severity: Warning --> Invalid argument supplied for foreach() /home/admin/domains/spshd.com/public_html/khachhang/application/views/app.php 168
ERROR - 2019-12-14 12:18:20 --> Could not find the language line "Đóng"
ERROR - 2019-12-14 12:18:20 --> Could not find the language line "Xác Nhận"
ERROR - 2019-12-14 12:18:20 --> Could not find the language line "Đóng"
ERROR - 2019-12-14 12:18:20 --> Could not find the language line "Xác Nhận"
ERROR - 2019-12-14 17:18:22 --> Could not find the language line "Tạo Điểm Lấy Hàng"
ERROR - 2019-12-14 17:18:22 --> Could not find the language line "Tạo Đơn Hàng"
ERROR - 2019-12-14 17:18:22 --> Severity: Warning --> Invalid argument supplied for foreach() /home/admin/domains/spshd.com/public_html/khachhang/application/views/tab4.php 394
ERROR - 2019-12-14 17:18:22 --> Could not find the language line "Đóng"
ERROR - 2019-12-14 17:18:22 --> Could not find the language line "Xác Nhận"
ERROR - 2019-12-14 17:18:22 --> Severity: Warning --> Invalid argument supplied for foreach() /home/admin/domains/spshd.com/public_html/khachhang/application/views/app.php 157
ERROR - 2019-12-14 17:18:22 --> Severity: Warning --> Invalid argument supplied for foreach() /home/admin/domains/spshd.com/public_html/khachhang/application/views/app.php 168
ERROR - 2019-12-14 17:18:22 --> Could not find the language line "Đóng"
ERROR - 2019-12-14 17:18:22 --> Could not find the language line "Xác Nhận"
ERROR - 2019-12-14 17:18:22 --> Could not find the language line "Đóng"
ERROR - 2019-12-14 17:18:22 --> Could not find the language line "Xác Nhận"
ERROR - 2019-12-14 17:19:35 --> Could not find the language line "Email"
ERROR - 2019-12-14 17:19:35 --> Could not find the language line "password"
ERROR - 2019-12-14 17:21:44 --> Could not find the language line "Email"
ERROR - 2019-12-14 17:21:44 --> Could not find the language line "password"
ERROR - 2019-12-14 17:30:04 --> Could not find the language line "Email"
ERROR - 2019-12-14 17:30:04 --> Could not find the language line "password"
