ERROR - 2020-01-17 01:40:49 --> Could not find the language line "Tạo Điểm Lấy Hàng"
ERROR - 2020-01-17 01:40:49 --> Could not find the language line "Tạo Đơn Hàng"
ERROR - 2020-01-17 01:40:49 --> Severity: Warning --> Invalid argument supplied for foreach() /home/admin/domains/spshd.com/public_html/khachhang/application/views/tab4.php 394
ERROR - 2020-01-17 01:40:49 --> Could not find the language line "Đóng"
ERROR - 2020-01-17 01:40:49 --> Could not find the language line "Xác Nhận"
ERROR - 2020-01-17 01:40:49 --> Severity: Warning --> Invalid argument supplied for foreach() /home/admin/domains/spshd.com/public_html/khachhang/application/views/app.php 157
ERROR - 2020-01-17 01:40:49 --> Severity: Warning --> Invalid argument supplied for foreach() /home/admin/domains/spshd.com/public_html/khachhang/application/views/app.php 168
ERROR - 2020-01-17 01:40:49 --> Could not find the language line "Đóng"
ERROR - 2020-01-17 01:40:49 --> Could not find the language line "Xác Nhận"
ERROR - 2020-01-17 01:40:49 --> Could not find the language line "Đóng"
ERROR - 2020-01-17 01:40:49 --> Could not find the language line "Xác Nhận"
ERROR - 2020-01-17 10:58:08 --> Could not find the language line "Tạo Điểm Lấy Hàng"
ERROR - 2020-01-17 10:58:08 --> Could not find the language line "Tạo Đơn Hàng"
ERROR - 2020-01-17 10:58:08 --> Severity: Warning --> Invalid argument supplied for foreach() /home/admin/domains/spshd.com/public_html/khachhang/application/views/tab4.php 394
ERROR - 2020-01-17 10:58:08 --> Could not find the language line "Đóng"
ERROR - 2020-01-17 10:58:08 --> Could not find the language line "Xác Nhận"
ERROR - 2020-01-17 10:58:08 --> Severity: Warning --> Invalid argument supplied for foreach() /home/admin/domains/spshd.com/public_html/khachhang/application/views/app.php 157
ERROR - 2020-01-17 10:58:08 --> Severity: Warning --> Invalid argument supplied for foreach() /home/admin/domains/spshd.com/public_html/khachhang/application/views/app.php 168
ERROR - 2020-01-17 10:58:08 --> Could not find the language line "Đóng"
ERROR - 2020-01-17 10:58:08 --> Could not find the language line "Xác Nhận"
ERROR - 2020-01-17 10:58:08 --> Could not find the language line "Đóng"
ERROR - 2020-01-17 10:58:08 --> Could not find the language line "Xác Nhận"
ERROR - 2020-01-17 10:58:38 --> Could not find the language line "Tạo Điểm Lấy Hàng"
ERROR - 2020-01-17 10:58:38 --> Could not find the language line "Tạo Đơn Hàng"
ERROR - 2020-01-17 10:58:38 --> Severity: Warning --> Invalid argument supplied for foreach() /home/admin/domains/spshd.com/public_html/khachhang/application/views/tab4.php 394
ERROR - 2020-01-17 10:58:38 --> Could not find the language line "Đóng"
ERROR - 2020-01-17 10:58:38 --> Could not find the language line "Xác Nhận"
ERROR - 2020-01-17 10:58:38 --> Severity: Warning --> Invalid argument supplied for foreach() /home/admin/domains/spshd.com/public_html/khachhang/application/views/app.php 157
ERROR - 2020-01-17 10:58:38 --> Severity: Warning --> Invalid argument supplied for foreach() /home/admin/domains/spshd.com/public_html/khachhang/application/views/app.php 168
ERROR - 2020-01-17 10:58:38 --> Could not find the language line "Đóng"
ERROR - 2020-01-17 10:58:38 --> Could not find the language line "Xác Nhận"
ERROR - 2020-01-17 10:58:38 --> Could not find the language line "Đóng"
ERROR - 2020-01-17 10:58:38 --> Could not find the language line "Xác Nhận"
