ERROR - 2019-09-27 11:02:41 --> Could not find the language line "Tạo Điểm Lấy Hàng"
ERROR - 2019-09-27 11:02:41 --> Could not find the language line "Tạo Đơn Hàng"
ERROR - 2019-09-27 11:02:41 --> Severity: Warning --> Invalid argument supplied for foreach() /home/admin/domains/spshd.com/public_html/khachhang/application/views/tab4.php 390
ERROR - 2019-09-27 11:02:41 --> Could not find the language line "Đóng"
ERROR - 2019-09-27 11:02:41 --> Could not find the language line "Xác Nhận"
ERROR - 2019-09-27 11:02:41 --> Severity: Warning --> Invalid argument supplied for foreach() /home/admin/domains/spshd.com/public_html/khachhang/application/views/app.php 157
ERROR - 2019-09-27 11:02:41 --> Severity: Warning --> Invalid argument supplied for foreach() /home/admin/domains/spshd.com/public_html/khachhang/application/views/app.php 168
ERROR - 2019-09-27 11:02:41 --> Could not find the language line "Đóng"
ERROR - 2019-09-27 11:02:41 --> Could not find the language line "Xác Nhận"
ERROR - 2019-09-27 11:02:41 --> Could not find the language line "Đóng"
ERROR - 2019-09-27 11:02:41 --> Could not find the language line "Xác Nhận"
ERROR - 2019-09-27 11:02:42 --> Could not find the language line "Tạo Điểm Lấy Hàng"
ERROR - 2019-09-27 11:02:42 --> Could not find the language line "Tạo Đơn Hàng"
ERROR - 2019-09-27 11:02:42 --> Severity: Warning --> Invalid argument supplied for foreach() /home/admin/domains/spshd.com/public_html/khachhang/application/views/tab4.php 390
ERROR - 2019-09-27 11:02:42 --> Could not find the language line "Đóng"
ERROR - 2019-09-27 11:02:42 --> Could not find the language line "Xác Nhận"
ERROR - 2019-09-27 11:02:42 --> Severity: Warning --> Invalid argument supplied for foreach() /home/admin/domains/spshd.com/public_html/khachhang/application/views/app.php 157
ERROR - 2019-09-27 11:02:42 --> Severity: Warning --> Invalid argument supplied for foreach() /home/admin/domains/spshd.com/public_html/khachhang/application/views/app.php 168
ERROR - 2019-09-27 11:02:42 --> Could not find the language line "Đóng"
ERROR - 2019-09-27 11:02:42 --> Could not find the language line "Xác Nhận"
ERROR - 2019-09-27 11:02:42 --> Could not find the language line "Đóng"
ERROR - 2019-09-27 11:02:42 --> Could not find the language line "Xác Nhận"
ERROR - 2019-09-27 11:03:45 --> Could not find the language line "Tạo Điểm Lấy Hàng"
ERROR - 2019-09-27 11:03:45 --> Could not find the language line "Tạo Đơn Hàng"
ERROR - 2019-09-27 11:03:45 --> Severity: Warning --> Invalid argument supplied for foreach() /home/admin/domains/spshd.com/public_html/khachhang/application/views/tab4.php 390
ERROR - 2019-09-27 11:03:45 --> Could not find the language line "Đóng"
ERROR - 2019-09-27 11:03:45 --> Could not find the language line "Xác Nhận"
ERROR - 2019-09-27 11:03:45 --> Severity: Warning --> Invalid argument supplied for foreach() /home/admin/domains/spshd.com/public_html/khachhang/application/views/app.php 157
ERROR - 2019-09-27 11:03:45 --> Severity: Warning --> Invalid argument supplied for foreach() /home/admin/domains/spshd.com/public_html/khachhang/application/views/app.php 168
ERROR - 2019-09-27 11:03:45 --> Could not find the language line "Đóng"
ERROR - 2019-09-27 11:03:45 --> Could not find the language line "Xác Nhận"
ERROR - 2019-09-27 11:03:45 --> Could not find the language line "Đóng"
ERROR - 2019-09-27 11:03:45 --> Could not find the language line "Xác Nhận"
ERROR - 2019-09-27 12:19:31 --> Could not find the language line "Tạo Điểm Lấy Hàng"
ERROR - 2019-09-27 12:19:31 --> Could not find the language line "Tạo Đơn Hàng"
ERROR - 2019-09-27 12:19:31 --> Severity: Warning --> Invalid argument supplied for foreach() /home/admin/domains/spshd.com/public_html/khachhang/application/views/tab4.php 390
ERROR - 2019-09-27 12:19:31 --> Could not find the language line "Đóng"
ERROR - 2019-09-27 12:19:31 --> Could not find the language line "Xác Nhận"
ERROR - 2019-09-27 12:19:31 --> Severity: Warning --> Invalid argument supplied for foreach() /home/admin/domains/spshd.com/public_html/khachhang/application/views/app.php 157
ERROR - 2019-09-27 12:19:31 --> Severity: Warning --> Invalid argument supplied for foreach() /home/admin/domains/spshd.com/public_html/khachhang/application/views/app.php 168
ERROR - 2019-09-27 12:19:31 --> Could not find the language line "Đóng"
ERROR - 2019-09-27 12:19:31 --> Could not find the language line "Xác Nhận"
ERROR - 2019-09-27 12:19:31 --> Could not find the language line "Đóng"
ERROR - 2019-09-27 12:19:31 --> Could not find the language line "Xác Nhận"
ERROR - 2019-09-27 15:27:10 --> Could not find the language line "Tạo Điểm Lấy Hàng"
ERROR - 2019-09-27 15:27:10 --> Could not find the language line "Tạo Đơn Hàng"
ERROR - 2019-09-27 15:27:10 --> Severity: Warning --> Invalid argument supplied for foreach() /home/admin/domains/spshd.com/public_html/khachhang/application/views/tab4.php 390
ERROR - 2019-09-27 15:27:10 --> Could not find the language line "Đóng"
ERROR - 2019-09-27 15:27:10 --> Could not find the language line "Xác Nhận"
ERROR - 2019-09-27 15:27:10 --> Severity: Warning --> Invalid argument supplied for foreach() /home/admin/domains/spshd.com/public_html/khachhang/application/views/app.php 157
ERROR - 2019-09-27 15:27:10 --> Severity: Warning --> Invalid argument supplied for foreach() /home/admin/domains/spshd.com/public_html/khachhang/application/views/app.php 168
ERROR - 2019-09-27 15:27:10 --> Could not find the language line "Đóng"
ERROR - 2019-09-27 15:27:10 --> Could not find the language line "Xác Nhận"
ERROR - 2019-09-27 15:27:10 --> Could not find the language line "Đóng"
ERROR - 2019-09-27 15:27:10 --> Could not find the language line "Xác Nhận"
ERROR - 2019-09-27 15:27:10 --> Could not find the language line "Tạo Điểm Lấy Hàng"
ERROR - 2019-09-27 15:27:10 --> Could not find the language line "Tạo Đơn Hàng"
ERROR - 2019-09-27 15:27:10 --> Severity: Warning --> Invalid argument supplied for foreach() /home/admin/domains/spshd.com/public_html/khachhang/application/views/tab4.php 390
ERROR - 2019-09-27 15:27:10 --> Could not find the language line "Đóng"
ERROR - 2019-09-27 15:27:10 --> Could not find the language line "Xác Nhận"
ERROR - 2019-09-27 15:27:10 --> Severity: Warning --> Invalid argument supplied for foreach() /home/admin/domains/spshd.com/public_html/khachhang/application/views/app.php 157
ERROR - 2019-09-27 15:27:10 --> Severity: Warning --> Invalid argument supplied for foreach() /home/admin/domains/spshd.com/public_html/khachhang/application/views/app.php 168
ERROR - 2019-09-27 15:27:10 --> Could not find the language line "Đóng"
ERROR - 2019-09-27 15:27:10 --> Could not find the language line "Xác Nhận"
ERROR - 2019-09-27 15:27:10 --> Could not find the language line "Đóng"
ERROR - 2019-09-27 15:27:11 --> Could not find the language line "Xác Nhận"
ERROR - 2019-09-27 15:27:22 --> Could not find the language line "Tạo Điểm Lấy Hàng"
ERROR - 2019-09-27 15:27:22 --> Could not find the language line "Tạo Đơn Hàng"
ERROR - 2019-09-27 15:27:22 --> Severity: Warning --> Invalid argument supplied for foreach() /home/admin/domains/spshd.com/public_html/khachhang/application/views/tab4.php 390
ERROR - 2019-09-27 15:27:22 --> Could not find the language line "Đóng"
ERROR - 2019-09-27 15:27:22 --> Could not find the language line "Xác Nhận"
ERROR - 2019-09-27 15:27:22 --> Severity: Warning --> Invalid argument supplied for foreach() /home/admin/domains/spshd.com/public_html/khachhang/application/views/app.php 157
ERROR - 2019-09-27 15:27:22 --> Severity: Warning --> Invalid argument supplied for foreach() /home/admin/domains/spshd.com/public_html/khachhang/application/views/app.php 168
ERROR - 2019-09-27 15:27:22 --> Could not find the language line "Đóng"
ERROR - 2019-09-27 15:27:22 --> Could not find the language line "Xác Nhận"
ERROR - 2019-09-27 15:27:22 --> Could not find the language line "Đóng"
ERROR - 2019-09-27 15:27:22 --> Could not find the language line "Xác Nhận"
ERROR - 2019-09-27 15:27:39 --> Could not find the language line "Tạo Điểm Lấy Hàng"
ERROR - 2019-09-27 15:27:39 --> Could not find the language line "Tạo Đơn Hàng"
ERROR - 2019-09-27 15:27:39 --> Severity: Warning --> Invalid argument supplied for foreach() /home/admin/domains/spshd.com/public_html/khachhang/application/views/tab4.php 390
ERROR - 2019-09-27 15:27:39 --> Could not find the language line "Đóng"
ERROR - 2019-09-27 15:27:39 --> Could not find the language line "Xác Nhận"
ERROR - 2019-09-27 15:27:39 --> Severity: Warning --> Invalid argument supplied for foreach() /home/admin/domains/spshd.com/public_html/khachhang/application/views/app.php 157
ERROR - 2019-09-27 15:27:39 --> Severity: Warning --> Invalid argument supplied for foreach() /home/admin/domains/spshd.com/public_html/khachhang/application/views/app.php 168
ERROR - 2019-09-27 15:27:39 --> Could not find the language line "Đóng"
ERROR - 2019-09-27 15:27:39 --> Could not find the language line "Xác Nhận"
ERROR - 2019-09-27 15:27:39 --> Could not find the language line "Đóng"
ERROR - 2019-09-27 15:27:39 --> Could not find the language line "Xác Nhận"
ERROR - 2019-09-27 15:28:09 --> Could not find the language line "Tạo Điểm Lấy Hàng"
ERROR - 2019-09-27 15:28:09 --> Could not find the language line "Tạo Đơn Hàng"
ERROR - 2019-09-27 15:28:09 --> Severity: Warning --> Invalid argument supplied for foreach() /home/admin/domains/spshd.com/public_html/khachhang/application/views/tab4.php 390
ERROR - 2019-09-27 15:28:09 --> Could not find the language line "Đóng"
ERROR - 2019-09-27 15:28:09 --> Could not find the language line "Xác Nhận"
ERROR - 2019-09-27 15:28:09 --> Severity: Warning --> Invalid argument supplied for foreach() /home/admin/domains/spshd.com/public_html/khachhang/application/views/app.php 157
ERROR - 2019-09-27 15:28:09 --> Severity: Warning --> Invalid argument supplied for foreach() /home/admin/domains/spshd.com/public_html/khachhang/application/views/app.php 168
ERROR - 2019-09-27 15:28:09 --> Could not find the language line "Đóng"
ERROR - 2019-09-27 15:28:09 --> Could not find the language line "Xác Nhận"
ERROR - 2019-09-27 15:28:09 --> Could not find the language line "Đóng"
ERROR - 2019-09-27 15:28:09 --> Could not find the language line "Xác Nhận"
ERROR - 2019-09-27 15:28:24 --> Could not find the language line "Tạo Điểm Lấy Hàng"
ERROR - 2019-09-27 15:28:24 --> Could not find the language line "Tạo Đơn Hàng"
ERROR - 2019-09-27 15:28:24 --> Severity: Warning --> Invalid argument supplied for foreach() /home/admin/domains/spshd.com/public_html/khachhang/application/views/tab4.php 390
ERROR - 2019-09-27 15:28:24 --> Could not find the language line "Đóng"
ERROR - 2019-09-27 15:28:24 --> Could not find the language line "Xác Nhận"
ERROR - 2019-09-27 15:28:24 --> Severity: Warning --> Invalid argument supplied for foreach() /home/admin/domains/spshd.com/public_html/khachhang/application/views/app.php 157
ERROR - 2019-09-27 15:28:24 --> Severity: Warning --> Invalid argument supplied for foreach() /home/admin/domains/spshd.com/public_html/khachhang/application/views/app.php 168
ERROR - 2019-09-27 15:28:24 --> Could not find the language line "Đóng"
ERROR - 2019-09-27 15:28:24 --> Could not find the language line "Xác Nhận"
ERROR - 2019-09-27 15:28:24 --> Could not find the language line "Đóng"
ERROR - 2019-09-27 15:28:24 --> Could not find the language line "Xác Nhận"
ERROR - 2019-09-27 15:28:39 --> Could not find the language line "Tạo Điểm Lấy Hàng"
ERROR - 2019-09-27 15:28:39 --> Could not find the language line "Tạo Đơn Hàng"
ERROR - 2019-09-27 15:28:39 --> Severity: Warning --> Invalid argument supplied for foreach() /home/admin/domains/spshd.com/public_html/khachhang/application/views/tab4.php 390
ERROR - 2019-09-27 15:28:39 --> Could not find the language line "Đóng"
ERROR - 2019-09-27 15:28:39 --> Could not find the language line "Xác Nhận"
ERROR - 2019-09-27 15:28:39 --> Severity: Warning --> Invalid argument supplied for foreach() /home/admin/domains/spshd.com/public_html/khachhang/application/views/app.php 157
ERROR - 2019-09-27 15:28:39 --> Severity: Warning --> Invalid argument supplied for foreach() /home/admin/domains/spshd.com/public_html/khachhang/application/views/app.php 168
ERROR - 2019-09-27 15:28:39 --> Could not find the language line "Đóng"
ERROR - 2019-09-27 15:28:39 --> Could not find the language line "Xác Nhận"
ERROR - 2019-09-27 15:28:39 --> Could not find the language line "Đóng"
ERROR - 2019-09-27 15:28:39 --> Could not find the language line "Xác Nhận"
ERROR - 2019-09-27 15:29:38 --> Could not find the language line "Tạo Điểm Lấy Hàng"
ERROR - 2019-09-27 15:29:38 --> Could not find the language line "Tạo Đơn Hàng"
ERROR - 2019-09-27 15:29:38 --> Severity: Warning --> Invalid argument supplied for foreach() /home/admin/domains/spshd.com/public_html/khachhang/application/views/tab4.php 390
ERROR - 2019-09-27 15:29:38 --> Could not find the language line "Đóng"
ERROR - 2019-09-27 15:29:38 --> Could not find the language line "Xác Nhận"
ERROR - 2019-09-27 15:29:38 --> Severity: Warning --> Invalid argument supplied for foreach() /home/admin/domains/spshd.com/public_html/khachhang/application/views/app.php 157
ERROR - 2019-09-27 15:29:38 --> Severity: Warning --> Invalid argument supplied for foreach() /home/admin/domains/spshd.com/public_html/khachhang/application/views/app.php 168
ERROR - 2019-09-27 15:29:38 --> Could not find the language line "Đóng"
ERROR - 2019-09-27 15:29:38 --> Could not find the language line "Xác Nhận"
ERROR - 2019-09-27 15:29:38 --> Could not find the language line "Đóng"
ERROR - 2019-09-27 15:29:38 --> Could not find the language line "Xác Nhận"
ERROR - 2019-09-27 15:30:33 --> Could not find the language line "Email"
ERROR - 2019-09-27 15:30:33 --> Could not find the language line "password"
ERROR - 2019-09-27 15:30:39 --> Could not find the language line "Tạo Điểm Lấy Hàng"
ERROR - 2019-09-27 15:30:39 --> Could not find the language line "Tạo Đơn Hàng"
ERROR - 2019-09-27 15:30:39 --> Severity: Warning --> Invalid argument supplied for foreach() /home/admin/domains/spshd.com/public_html/khachhang/application/views/tab4.php 390
ERROR - 2019-09-27 15:30:39 --> Could not find the language line "Đóng"
ERROR - 2019-09-27 15:30:39 --> Could not find the language line "Xác Nhận"
ERROR - 2019-09-27 15:30:39 --> Severity: Warning --> Invalid argument supplied for foreach() /home/admin/domains/spshd.com/public_html/khachhang/application/views/app.php 157
ERROR - 2019-09-27 15:30:39 --> Severity: Warning --> Invalid argument supplied for foreach() /home/admin/domains/spshd.com/public_html/khachhang/application/views/app.php 168
ERROR - 2019-09-27 15:30:39 --> Could not find the language line "Đóng"
ERROR - 2019-09-27 15:30:39 --> Could not find the language line "Xác Nhận"
ERROR - 2019-09-27 15:30:39 --> Could not find the language line "Đóng"
ERROR - 2019-09-27 15:30:39 --> Could not find the language line "Xác Nhận"
ERROR - 2019-09-27 15:30:39 --> Could not find the language line "Tạo Điểm Lấy Hàng"
ERROR - 2019-09-27 15:30:39 --> Could not find the language line "Tạo Đơn Hàng"
ERROR - 2019-09-27 15:30:39 --> Severity: Warning --> Invalid argument supplied for foreach() /home/admin/domains/spshd.com/public_html/khachhang/application/views/tab4.php 390
ERROR - 2019-09-27 15:30:39 --> Could not find the language line "Đóng"
ERROR - 2019-09-27 15:30:39 --> Could not find the language line "Xác Nhận"
ERROR - 2019-09-27 15:30:39 --> Severity: Warning --> Invalid argument supplied for foreach() /home/admin/domains/spshd.com/public_html/khachhang/application/views/app.php 157
ERROR - 2019-09-27 15:30:39 --> Severity: Warning --> Invalid argument supplied for foreach() /home/admin/domains/spshd.com/public_html/khachhang/application/views/app.php 168
ERROR - 2019-09-27 15:30:39 --> Could not find the language line "Đóng"
ERROR - 2019-09-27 15:30:39 --> Could not find the language line "Xác Nhận"
ERROR - 2019-09-27 15:30:39 --> Could not find the language line "Đóng"
ERROR - 2019-09-27 15:30:39 --> Could not find the language line "Xác Nhận"
ERROR - 2019-09-27 15:31:55 --> Could not find the language line "Tạo Điểm Lấy Hàng"
ERROR - 2019-09-27 15:31:55 --> Could not find the language line "Tạo Đơn Hàng"
ERROR - 2019-09-27 15:31:55 --> Severity: Warning --> Invalid argument supplied for foreach() /home/admin/domains/spshd.com/public_html/khachhang/application/views/tab4.php 390
ERROR - 2019-09-27 15:31:55 --> Could not find the language line "Đóng"
ERROR - 2019-09-27 15:31:55 --> Could not find the language line "Xác Nhận"
ERROR - 2019-09-27 15:31:55 --> Severity: Warning --> Invalid argument supplied for foreach() /home/admin/domains/spshd.com/public_html/khachhang/application/views/app.php 157
ERROR - 2019-09-27 15:31:55 --> Severity: Warning --> Invalid argument supplied for foreach() /home/admin/domains/spshd.com/public_html/khachhang/application/views/app.php 168
ERROR - 2019-09-27 15:31:55 --> Could not find the language line "Đóng"
ERROR - 2019-09-27 15:31:55 --> Could not find the language line "Xác Nhận"
ERROR - 2019-09-27 15:31:55 --> Could not find the language line "Đóng"
ERROR - 2019-09-27 15:31:55 --> Could not find the language line "Xác Nhận"
ERROR - 2019-09-27 15:43:44 --> Could not find the language line "Email"
ERROR - 2019-09-27 15:43:44 --> Could not find the language line "password"
