ERROR - 2019-10-25 00:44:09 --> Could not find the language line "Tạo Điểm Lấy Hàng"
ERROR - 2019-10-25 00:44:09 --> Could not find the language line "Tạo Đơn Hàng"
ERROR - 2019-10-25 00:44:09 --> Severity: Warning --> Invalid argument supplied for foreach() /home/admin/domains/spshd.com/public_html/khachhang/application/views/tab4.php 394
ERROR - 2019-10-25 00:44:09 --> Could not find the language line "Đóng"
ERROR - 2019-10-25 00:44:09 --> Could not find the language line "Xác Nhận"
ERROR - 2019-10-25 00:44:09 --> Severity: Warning --> Invalid argument supplied for foreach() /home/admin/domains/spshd.com/public_html/khachhang/application/views/app.php 157
ERROR - 2019-10-25 00:44:09 --> Severity: Warning --> Invalid argument supplied for foreach() /home/admin/domains/spshd.com/public_html/khachhang/application/views/app.php 168
ERROR - 2019-10-25 00:44:09 --> Could not find the language line "Đóng"
ERROR - 2019-10-25 00:44:09 --> Could not find the language line "Xác Nhận"
ERROR - 2019-10-25 00:44:09 --> Could not find the language line "Đóng"
ERROR - 2019-10-25 00:44:09 --> Could not find the language line "Xác Nhận"
ERROR - 2019-10-25 02:18:06 --> Could not find the language line "Email"
ERROR - 2019-10-25 02:18:06 --> Could not find the language line "password"
ERROR - 2019-10-25 02:18:07 --> Could not find the language line "Email"
ERROR - 2019-10-25 02:18:07 --> Could not find the language line "password"
ERROR - 2019-10-25 02:23:34 --> Could not find the language line "Email"
ERROR - 2019-10-25 02:23:34 --> Could not find the language line "password"
ERROR - 2019-10-25 02:32:41 --> Could not find the language line "Email"
ERROR - 2019-10-25 02:32:41 --> Could not find the language line "password"
ERROR - 2019-10-25 02:59:06 --> Could not find the language line "Tạo Điểm Lấy Hàng"
ERROR - 2019-10-25 02:59:06 --> Could not find the language line "Tạo Đơn Hàng"
ERROR - 2019-10-25 02:59:06 --> Severity: Warning --> Invalid argument supplied for foreach() /home/admin/domains/spshd.com/public_html/khachhang/application/views/tab4.php 394
ERROR - 2019-10-25 02:59:06 --> Could not find the language line "Tạo Điểm Lấy Hàng"
ERROR - 2019-10-25 02:59:06 --> Could not find the language line "Tạo Đơn Hàng"
ERROR - 2019-10-25 02:59:06 --> Severity: Warning --> Invalid argument supplied for foreach() /home/admin/domains/spshd.com/public_html/khachhang/application/views/tab4.php 394
ERROR - 2019-10-25 02:59:06 --> Could not find the language line "Đóng"
ERROR - 2019-10-25 02:59:06 --> Could not find the language line "Xác Nhận"
ERROR - 2019-10-25 02:59:06 --> Severity: Warning --> Invalid argument supplied for foreach() /home/admin/domains/spshd.com/public_html/khachhang/application/views/app.php 157
ERROR - 2019-10-25 02:59:06 --> Severity: Warning --> Invalid argument supplied for foreach() /home/admin/domains/spshd.com/public_html/khachhang/application/views/app.php 168
ERROR - 2019-10-25 02:59:06 --> Could not find the language line "Đóng"
ERROR - 2019-10-25 02:59:06 --> Could not find the language line "Xác Nhận"
ERROR - 2019-10-25 02:59:06 --> Could not find the language line "Đóng"
ERROR - 2019-10-25 02:59:06 --> Could not find the language line "Xác Nhận"
ERROR - 2019-10-25 02:59:06 --> Could not find the language line "Đóng"
ERROR - 2019-10-25 02:59:06 --> Could not find the language line "Xác Nhận"
ERROR - 2019-10-25 02:59:06 --> Severity: Warning --> Invalid argument supplied for foreach() /home/admin/domains/spshd.com/public_html/khachhang/application/views/app.php 157
ERROR - 2019-10-25 02:59:06 --> Severity: Warning --> Invalid argument supplied for foreach() /home/admin/domains/spshd.com/public_html/khachhang/application/views/app.php 168
ERROR - 2019-10-25 02:59:06 --> Could not find the language line "Đóng"
ERROR - 2019-10-25 02:59:06 --> Could not find the language line "Xác Nhận"
ERROR - 2019-10-25 02:59:06 --> Could not find the language line "Đóng"
ERROR - 2019-10-25 02:59:06 --> Could not find the language line "Xác Nhận"
ERROR - 2019-10-25 03:12:26 --> Could not find the language line "Tạo Điểm Lấy Hàng"
ERROR - 2019-10-25 03:12:26 --> Could not find the language line "Tạo Đơn Hàng"
ERROR - 2019-10-25 03:12:26 --> Severity: Warning --> Invalid argument supplied for foreach() /home/admin/domains/spshd.com/public_html/khachhang/application/views/tab4.php 394
ERROR - 2019-10-25 03:12:26 --> Could not find the language line "Đóng"
ERROR - 2019-10-25 03:12:26 --> Could not find the language line "Xác Nhận"
ERROR - 2019-10-25 03:12:26 --> Severity: Warning --> Invalid argument supplied for foreach() /home/admin/domains/spshd.com/public_html/khachhang/application/views/app.php 157
ERROR - 2019-10-25 03:12:26 --> Severity: Warning --> Invalid argument supplied for foreach() /home/admin/domains/spshd.com/public_html/khachhang/application/views/app.php 168
ERROR - 2019-10-25 03:12:26 --> Could not find the language line "Đóng"
ERROR - 2019-10-25 03:12:26 --> Could not find the language line "Xác Nhận"
ERROR - 2019-10-25 03:12:26 --> Could not find the language line "Đóng"
ERROR - 2019-10-25 03:12:26 --> Could not find the language line "Xác Nhận"
ERROR - 2019-10-25 04:17:55 --> Could not find the language line "Tạo Điểm Lấy Hàng"
ERROR - 2019-10-25 04:17:55 --> Could not find the language line "Tạo Đơn Hàng"
ERROR - 2019-10-25 04:17:55 --> Severity: Warning --> Invalid argument supplied for foreach() /home/admin/domains/spshd.com/public_html/khachhang/application/views/tab4.php 394
ERROR - 2019-10-25 04:17:55 --> Could not find the language line "Đóng"
ERROR - 2019-10-25 04:17:55 --> Could not find the language line "Xác Nhận"
ERROR - 2019-10-25 04:17:55 --> Severity: Warning --> Invalid argument supplied for foreach() /home/admin/domains/spshd.com/public_html/khachhang/application/views/app.php 157
ERROR - 2019-10-25 04:17:55 --> Severity: Warning --> Invalid argument supplied for foreach() /home/admin/domains/spshd.com/public_html/khachhang/application/views/app.php 168
ERROR - 2019-10-25 04:17:55 --> Could not find the language line "Đóng"
ERROR - 2019-10-25 04:17:55 --> Could not find the language line "Xác Nhận"
ERROR - 2019-10-25 04:17:55 --> Could not find the language line "Đóng"
ERROR - 2019-10-25 04:17:55 --> Could not find the language line "Xác Nhận"
ERROR - 2019-10-25 06:03:13 --> Could not find the language line "Tạo Điểm Lấy Hàng"
ERROR - 2019-10-25 06:03:13 --> Could not find the language line "Tạo Đơn Hàng"
ERROR - 2019-10-25 06:03:13 --> Severity: Warning --> Invalid argument supplied for foreach() /home/admin/domains/spshd.com/public_html/khachhang/application/views/tab4.php 394
ERROR - 2019-10-25 06:03:13 --> Could not find the language line "Đóng"
ERROR - 2019-10-25 06:03:13 --> Could not find the language line "Xác Nhận"
ERROR - 2019-10-25 06:03:13 --> Severity: Warning --> Invalid argument supplied for foreach() /home/admin/domains/spshd.com/public_html/khachhang/application/views/app.php 157
ERROR - 2019-10-25 06:03:13 --> Severity: Warning --> Invalid argument supplied for foreach() /home/admin/domains/spshd.com/public_html/khachhang/application/views/app.php 168
ERROR - 2019-10-25 06:03:13 --> Could not find the language line "Đóng"
ERROR - 2019-10-25 06:03:13 --> Could not find the language line "Xác Nhận"
ERROR - 2019-10-25 06:03:13 --> Could not find the language line "Đóng"
ERROR - 2019-10-25 06:03:13 --> Could not find the language line "Xác Nhận"
ERROR - 2019-10-25 06:03:48 --> Could not find the language line "Tạo Điểm Lấy Hàng"
ERROR - 2019-10-25 06:03:48 --> Could not find the language line "Tạo Đơn Hàng"
ERROR - 2019-10-25 06:03:48 --> Severity: Warning --> Invalid argument supplied for foreach() /home/admin/domains/spshd.com/public_html/khachhang/application/views/tab4.php 394
ERROR - 2019-10-25 06:03:48 --> Could not find the language line "Đóng"
ERROR - 2019-10-25 06:03:48 --> Could not find the language line "Xác Nhận"
ERROR - 2019-10-25 06:03:48 --> Severity: Warning --> Invalid argument supplied for foreach() /home/admin/domains/spshd.com/public_html/khachhang/application/views/app.php 157
ERROR - 2019-10-25 06:03:48 --> Severity: Warning --> Invalid argument supplied for foreach() /home/admin/domains/spshd.com/public_html/khachhang/application/views/app.php 168
ERROR - 2019-10-25 06:03:48 --> Could not find the language line "Đóng"
ERROR - 2019-10-25 06:03:48 --> Could not find the language line "Xác Nhận"
ERROR - 2019-10-25 06:03:48 --> Could not find the language line "Đóng"
ERROR - 2019-10-25 06:03:48 --> Could not find the language line "Xác Nhận"
ERROR - 2019-10-25 08:16:41 --> Could not find the language line "Tạo Điểm Lấy Hàng"
ERROR - 2019-10-25 08:16:41 --> Could not find the language line "Tạo Đơn Hàng"
ERROR - 2019-10-25 08:16:41 --> Severity: Warning --> Invalid argument supplied for foreach() /home/admin/domains/spshd.com/public_html/khachhang/application/views/tab4.php 394
ERROR - 2019-10-25 08:16:41 --> Could not find the language line "Đóng"
ERROR - 2019-10-25 08:16:41 --> Could not find the language line "Xác Nhận"
ERROR - 2019-10-25 08:16:41 --> Severity: Warning --> Invalid argument supplied for foreach() /home/admin/domains/spshd.com/public_html/khachhang/application/views/app.php 157
ERROR - 2019-10-25 08:16:41 --> Severity: Warning --> Invalid argument supplied for foreach() /home/admin/domains/spshd.com/public_html/khachhang/application/views/app.php 168
ERROR - 2019-10-25 08:16:41 --> Could not find the language line "Đóng"
ERROR - 2019-10-25 08:16:41 --> Could not find the language line "Xác Nhận"
ERROR - 2019-10-25 08:16:41 --> Could not find the language line "Đóng"
ERROR - 2019-10-25 08:16:41 --> Could not find the language line "Xác Nhận"
ERROR - 2019-10-25 09:16:18 --> Could not find the language line "Tạo Điểm Lấy Hàng"
ERROR - 2019-10-25 09:16:18 --> Could not find the language line "Tạo Đơn Hàng"
ERROR - 2019-10-25 09:16:18 --> Severity: Warning --> Invalid argument supplied for foreach() /home/admin/domains/spshd.com/public_html/khachhang/application/views/tab4.php 394
ERROR - 2019-10-25 09:16:18 --> Could not find the language line "Đóng"
ERROR - 2019-10-25 09:16:18 --> Could not find the language line "Xác Nhận"
ERROR - 2019-10-25 09:16:18 --> Severity: Warning --> Invalid argument supplied for foreach() /home/admin/domains/spshd.com/public_html/khachhang/application/views/app.php 157
ERROR - 2019-10-25 09:16:18 --> Severity: Warning --> Invalid argument supplied for foreach() /home/admin/domains/spshd.com/public_html/khachhang/application/views/app.php 168
ERROR - 2019-10-25 09:16:18 --> Could not find the language line "Đóng"
ERROR - 2019-10-25 09:16:18 --> Could not find the language line "Xác Nhận"
ERROR - 2019-10-25 09:16:18 --> Could not find the language line "Đóng"
ERROR - 2019-10-25 09:16:18 --> Could not find the language line "Xác Nhận"
ERROR - 2019-10-25 10:09:02 --> Could not find the language line "Tạo Điểm Lấy Hàng"
ERROR - 2019-10-25 10:09:02 --> Could not find the language line "Tạo Đơn Hàng"
ERROR - 2019-10-25 10:09:02 --> Severity: Warning --> Invalid argument supplied for foreach() /home/admin/domains/spshd.com/public_html/khachhang/application/views/tab4.php 394
ERROR - 2019-10-25 10:09:02 --> Could not find the language line "Đóng"
ERROR - 2019-10-25 10:09:02 --> Could not find the language line "Xác Nhận"
ERROR - 2019-10-25 10:09:02 --> Severity: Warning --> Invalid argument supplied for foreach() /home/admin/domains/spshd.com/public_html/khachhang/application/views/app.php 157
ERROR - 2019-10-25 10:09:02 --> Severity: Warning --> Invalid argument supplied for foreach() /home/admin/domains/spshd.com/public_html/khachhang/application/views/app.php 168
ERROR - 2019-10-25 10:09:02 --> Could not find the language line "Đóng"
ERROR - 2019-10-25 10:09:02 --> Could not find the language line "Xác Nhận"
ERROR - 2019-10-25 10:09:02 --> Could not find the language line "Đóng"
ERROR - 2019-10-25 10:09:02 --> Could not find the language line "Xác Nhận"
ERROR - 2019-10-25 10:09:02 --> Could not find the language line "Tạo Điểm Lấy Hàng"
ERROR - 2019-10-25 10:09:02 --> Could not find the language line "Tạo Đơn Hàng"
ERROR - 2019-10-25 10:09:02 --> Severity: Warning --> Invalid argument supplied for foreach() /home/admin/domains/spshd.com/public_html/khachhang/application/views/tab4.php 394
ERROR - 2019-10-25 10:09:02 --> Could not find the language line "Đóng"
ERROR - 2019-10-25 10:09:02 --> Could not find the language line "Xác Nhận"
ERROR - 2019-10-25 10:09:02 --> Severity: Warning --> Invalid argument supplied for foreach() /home/admin/domains/spshd.com/public_html/khachhang/application/views/app.php 157
ERROR - 2019-10-25 10:09:02 --> Severity: Warning --> Invalid argument supplied for foreach() /home/admin/domains/spshd.com/public_html/khachhang/application/views/app.php 168
ERROR - 2019-10-25 10:09:02 --> Could not find the language line "Đóng"
ERROR - 2019-10-25 10:09:02 --> Could not find the language line "Xác Nhận"
ERROR - 2019-10-25 10:09:02 --> Could not find the language line "Đóng"
ERROR - 2019-10-25 10:09:02 --> Could not find the language line "Xác Nhận"
ERROR - 2019-10-25 11:04:35 --> Could not find the language line "Tạo Điểm Lấy Hàng"
ERROR - 2019-10-25 11:04:35 --> Could not find the language line "Tạo Đơn Hàng"
ERROR - 2019-10-25 11:04:35 --> Severity: Warning --> Invalid argument supplied for foreach() /home/admin/domains/spshd.com/public_html/khachhang/application/views/tab4.php 394
ERROR - 2019-10-25 11:04:35 --> Could not find the language line "Đóng"
ERROR - 2019-10-25 11:04:35 --> Could not find the language line "Xác Nhận"
ERROR - 2019-10-25 11:04:35 --> Severity: Warning --> Invalid argument supplied for foreach() /home/admin/domains/spshd.com/public_html/khachhang/application/views/app.php 157
ERROR - 2019-10-25 11:04:35 --> Severity: Warning --> Invalid argument supplied for foreach() /home/admin/domains/spshd.com/public_html/khachhang/application/views/app.php 168
ERROR - 2019-10-25 11:04:35 --> Could not find the language line "Đóng"
ERROR - 2019-10-25 11:04:35 --> Could not find the language line "Xác Nhận"
ERROR - 2019-10-25 11:04:35 --> Could not find the language line "Đóng"
ERROR - 2019-10-25 11:04:35 --> Could not find the language line "Xác Nhận"
