ERROR - 2020-01-20 03:24:52 --> Could not find the language line "Tạo Điểm Lấy Hàng"
ERROR - 2020-01-20 03:24:52 --> Could not find the language line "Tạo Đơn Hàng"
ERROR - 2020-01-20 03:24:52 --> Severity: Warning --> Invalid argument supplied for foreach() /home/admin/domains/spshd.com/public_html/khachhang/application/views/tab4.php 394
ERROR - 2020-01-20 03:24:52 --> Could not find the language line "Đóng"
ERROR - 2020-01-20 03:24:52 --> Could not find the language line "Xác Nhận"
ERROR - 2020-01-20 03:24:52 --> Severity: Warning --> Invalid argument supplied for foreach() /home/admin/domains/spshd.com/public_html/khachhang/application/views/app.php 157
ERROR - 2020-01-20 03:24:52 --> Severity: Warning --> Invalid argument supplied for foreach() /home/admin/domains/spshd.com/public_html/khachhang/application/views/app.php 168
ERROR - 2020-01-20 03:24:52 --> Could not find the language line "Đóng"
ERROR - 2020-01-20 03:24:52 --> Could not find the language line "Xác Nhận"
ERROR - 2020-01-20 03:24:52 --> Could not find the language line "Đóng"
ERROR - 2020-01-20 03:24:52 --> Could not find the language line "Xác Nhận"
ERROR - 2020-01-20 04:12:26 --> Could not find the language line "Tạo Điểm Lấy Hàng"
ERROR - 2020-01-20 04:12:26 --> Could not find the language line "Tạo Đơn Hàng"
ERROR - 2020-01-20 04:12:26 --> Severity: Warning --> Invalid argument supplied for foreach() /home/admin/domains/spshd.com/public_html/khachhang/application/views/tab4.php 394
ERROR - 2020-01-20 04:12:26 --> Could not find the language line "Đóng"
ERROR - 2020-01-20 04:12:26 --> Could not find the language line "Xác Nhận"
ERROR - 2020-01-20 04:12:26 --> Severity: Warning --> Invalid argument supplied for foreach() /home/admin/domains/spshd.com/public_html/khachhang/application/views/app.php 157
ERROR - 2020-01-20 04:12:26 --> Severity: Warning --> Invalid argument supplied for foreach() /home/admin/domains/spshd.com/public_html/khachhang/application/views/app.php 168
ERROR - 2020-01-20 04:12:26 --> Could not find the language line "Đóng"
ERROR - 2020-01-20 04:12:26 --> Could not find the language line "Xác Nhận"
ERROR - 2020-01-20 04:12:26 --> Could not find the language line "Đóng"
ERROR - 2020-01-20 04:12:26 --> Could not find the language line "Xác Nhận"
ERROR - 2020-01-20 07:51:27 --> Could not find the language line "Tạo Điểm Lấy Hàng"
ERROR - 2020-01-20 07:51:27 --> Could not find the language line "Tạo Đơn Hàng"
ERROR - 2020-01-20 07:51:27 --> Severity: Warning --> Invalid argument supplied for foreach() /home/admin/domains/spshd.com/public_html/khachhang/application/views/tab4.php 394
ERROR - 2020-01-20 07:51:27 --> Could not find the language line "Đóng"
ERROR - 2020-01-20 07:51:27 --> Could not find the language line "Xác Nhận"
ERROR - 2020-01-20 07:51:27 --> Severity: Warning --> Invalid argument supplied for foreach() /home/admin/domains/spshd.com/public_html/khachhang/application/views/app.php 157
ERROR - 2020-01-20 07:51:27 --> Severity: Warning --> Invalid argument supplied for foreach() /home/admin/domains/spshd.com/public_html/khachhang/application/views/app.php 168
ERROR - 2020-01-20 07:51:27 --> Could not find the language line "Đóng"
ERROR - 2020-01-20 07:51:27 --> Could not find the language line "Xác Nhận"
ERROR - 2020-01-20 07:51:27 --> Could not find the language line "Đóng"
ERROR - 2020-01-20 07:51:27 --> Could not find the language line "Xác Nhận"
ERROR - 2020-01-20 08:12:39 --> Could not find the language line "Tạo Điểm Lấy Hàng"
ERROR - 2020-01-20 08:12:39 --> Could not find the language line "Tạo Đơn Hàng"
ERROR - 2020-01-20 08:12:39 --> Severity: Warning --> Invalid argument supplied for foreach() /home/admin/domains/spshd.com/public_html/khachhang/application/views/tab4.php 394
ERROR - 2020-01-20 08:12:39 --> Could not find the language line "Đóng"
ERROR - 2020-01-20 08:12:39 --> Could not find the language line "Xác Nhận"
ERROR - 2020-01-20 08:12:39 --> Severity: Warning --> Invalid argument supplied for foreach() /home/admin/domains/spshd.com/public_html/khachhang/application/views/app.php 157
ERROR - 2020-01-20 08:12:39 --> Severity: Warning --> Invalid argument supplied for foreach() /home/admin/domains/spshd.com/public_html/khachhang/application/views/app.php 168
ERROR - 2020-01-20 08:12:39 --> Could not find the language line "Đóng"
ERROR - 2020-01-20 08:12:39 --> Could not find the language line "Xác Nhận"
ERROR - 2020-01-20 08:12:39 --> Could not find the language line "Đóng"
ERROR - 2020-01-20 08:12:39 --> Could not find the language line "Xác Nhận"
ERROR - 2020-01-20 08:12:58 --> Could not find the language line "Tạo Điểm Lấy Hàng"
ERROR - 2020-01-20 08:12:58 --> Could not find the language line "Tạo Đơn Hàng"
ERROR - 2020-01-20 08:12:58 --> Severity: Warning --> Invalid argument supplied for foreach() /home/admin/domains/spshd.com/public_html/khachhang/application/views/tab4.php 394
ERROR - 2020-01-20 08:12:58 --> Could not find the language line "Đóng"
ERROR - 2020-01-20 08:12:58 --> Could not find the language line "Xác Nhận"
ERROR - 2020-01-20 08:12:58 --> Severity: Warning --> Invalid argument supplied for foreach() /home/admin/domains/spshd.com/public_html/khachhang/application/views/app.php 157
ERROR - 2020-01-20 08:12:58 --> Severity: Warning --> Invalid argument supplied for foreach() /home/admin/domains/spshd.com/public_html/khachhang/application/views/app.php 168
ERROR - 2020-01-20 08:12:58 --> Could not find the language line "Đóng"
ERROR - 2020-01-20 08:12:58 --> Could not find the language line "Xác Nhận"
ERROR - 2020-01-20 08:12:58 --> Could not find the language line "Đóng"
ERROR - 2020-01-20 08:12:58 --> Could not find the language line "Xác Nhận"
ERROR - 2020-01-20 08:13:00 --> Could not find the language line "Tạo Điểm Lấy Hàng"
ERROR - 2020-01-20 08:13:00 --> Could not find the language line "Tạo Đơn Hàng"
ERROR - 2020-01-20 08:13:00 --> Severity: Warning --> Invalid argument supplied for foreach() /home/admin/domains/spshd.com/public_html/khachhang/application/views/tab4.php 394
ERROR - 2020-01-20 08:13:00 --> Could not find the language line "Đóng"
ERROR - 2020-01-20 08:13:00 --> Could not find the language line "Xác Nhận"
ERROR - 2020-01-20 08:13:00 --> Severity: Warning --> Invalid argument supplied for foreach() /home/admin/domains/spshd.com/public_html/khachhang/application/views/app.php 157
ERROR - 2020-01-20 08:13:00 --> Severity: Warning --> Invalid argument supplied for foreach() /home/admin/domains/spshd.com/public_html/khachhang/application/views/app.php 168
ERROR - 2020-01-20 08:13:00 --> Could not find the language line "Đóng"
ERROR - 2020-01-20 08:13:00 --> Could not find the language line "Xác Nhận"
ERROR - 2020-01-20 08:13:00 --> Could not find the language line "Đóng"
ERROR - 2020-01-20 08:13:00 --> Could not find the language line "Xác Nhận"
ERROR - 2020-01-20 08:22:55 --> Could not find the language line "Tạo Điểm Lấy Hàng"
ERROR - 2020-01-20 08:22:55 --> Could not find the language line "Tạo Đơn Hàng"
ERROR - 2020-01-20 08:22:55 --> Severity: Warning --> Invalid argument supplied for foreach() /home/admin/domains/spshd.com/public_html/khachhang/application/views/tab4.php 394
ERROR - 2020-01-20 08:22:55 --> Could not find the language line "Đóng"
ERROR - 2020-01-20 08:22:55 --> Could not find the language line "Xác Nhận"
ERROR - 2020-01-20 08:22:55 --> Severity: Warning --> Invalid argument supplied for foreach() /home/admin/domains/spshd.com/public_html/khachhang/application/views/app.php 157
ERROR - 2020-01-20 08:22:55 --> Severity: Warning --> Invalid argument supplied for foreach() /home/admin/domains/spshd.com/public_html/khachhang/application/views/app.php 168
ERROR - 2020-01-20 08:22:55 --> Could not find the language line "Đóng"
ERROR - 2020-01-20 08:22:55 --> Could not find the language line "Xác Nhận"
ERROR - 2020-01-20 08:22:55 --> Could not find the language line "Đóng"
ERROR - 2020-01-20 08:22:55 --> Could not find the language line "Xác Nhận"
ERROR - 2020-01-20 08:24:30 --> Could not find the language line "Tạo Điểm Lấy Hàng"
ERROR - 2020-01-20 08:24:30 --> Could not find the language line "Tạo Đơn Hàng"
ERROR - 2020-01-20 08:24:30 --> Severity: Warning --> Invalid argument supplied for foreach() /home/admin/domains/spshd.com/public_html/khachhang/application/views/tab4.php 394
ERROR - 2020-01-20 08:24:30 --> Could not find the language line "Đóng"
ERROR - 2020-01-20 08:24:30 --> Could not find the language line "Xác Nhận"
ERROR - 2020-01-20 08:24:30 --> Severity: Warning --> Invalid argument supplied for foreach() /home/admin/domains/spshd.com/public_html/khachhang/application/views/app.php 157
ERROR - 2020-01-20 08:24:30 --> Severity: Warning --> Invalid argument supplied for foreach() /home/admin/domains/spshd.com/public_html/khachhang/application/views/app.php 168
ERROR - 2020-01-20 08:24:30 --> Could not find the language line "Đóng"
ERROR - 2020-01-20 08:24:30 --> Could not find the language line "Xác Nhận"
ERROR - 2020-01-20 08:24:30 --> Could not find the language line "Đóng"
ERROR - 2020-01-20 08:24:30 --> Could not find the language line "Xác Nhận"
ERROR - 2020-01-20 08:38:03 --> Could not find the language line "Tạo Điểm Lấy Hàng"
ERROR - 2020-01-20 08:38:03 --> Could not find the language line "Tạo Đơn Hàng"
ERROR - 2020-01-20 08:38:03 --> Severity: Warning --> Invalid argument supplied for foreach() /home/admin/domains/spshd.com/public_html/khachhang/application/views/tab4.php 394
ERROR - 2020-01-20 08:38:03 --> Could not find the language line "Đóng"
ERROR - 2020-01-20 08:38:03 --> Could not find the language line "Xác Nhận"
ERROR - 2020-01-20 08:38:03 --> Severity: Warning --> Invalid argument supplied for foreach() /home/admin/domains/spshd.com/public_html/khachhang/application/views/app.php 157
ERROR - 2020-01-20 08:38:03 --> Severity: Warning --> Invalid argument supplied for foreach() /home/admin/domains/spshd.com/public_html/khachhang/application/views/app.php 168
ERROR - 2020-01-20 08:38:03 --> Could not find the language line "Đóng"
ERROR - 2020-01-20 08:38:03 --> Could not find the language line "Xác Nhận"
ERROR - 2020-01-20 08:38:03 --> Could not find the language line "Đóng"
ERROR - 2020-01-20 08:38:03 --> Could not find the language line "Xác Nhận"
ERROR - 2020-01-20 09:29:27 --> Could not find the language line "Tạo Điểm Lấy Hàng"
ERROR - 2020-01-20 09:29:27 --> Could not find the language line "Tạo Đơn Hàng"
ERROR - 2020-01-20 09:29:27 --> Severity: Warning --> Invalid argument supplied for foreach() /home/admin/domains/spshd.com/public_html/khachhang/application/views/tab4.php 394
ERROR - 2020-01-20 09:29:27 --> Could not find the language line "Đóng"
ERROR - 2020-01-20 09:29:27 --> Could not find the language line "Xác Nhận"
ERROR - 2020-01-20 09:29:27 --> Severity: Warning --> Invalid argument supplied for foreach() /home/admin/domains/spshd.com/public_html/khachhang/application/views/app.php 157
ERROR - 2020-01-20 09:29:27 --> Severity: Warning --> Invalid argument supplied for foreach() /home/admin/domains/spshd.com/public_html/khachhang/application/views/app.php 168
ERROR - 2020-01-20 09:29:27 --> Could not find the language line "Đóng"
ERROR - 2020-01-20 09:29:27 --> Could not find the language line "Xác Nhận"
ERROR - 2020-01-20 09:29:27 --> Could not find the language line "Đóng"
ERROR - 2020-01-20 09:29:27 --> Could not find the language line "Xác Nhận"
ERROR - 2020-01-20 10:20:41 --> Could not find the language line "Tạo Điểm Lấy Hàng"
ERROR - 2020-01-20 10:20:41 --> Could not find the language line "Tạo Đơn Hàng"
ERROR - 2020-01-20 10:20:41 --> Severity: Warning --> Invalid argument supplied for foreach() /home/admin/domains/spshd.com/public_html/khachhang/application/views/tab4.php 394
ERROR - 2020-01-20 10:20:41 --> Could not find the language line "Đóng"
ERROR - 2020-01-20 10:20:41 --> Could not find the language line "Xác Nhận"
ERROR - 2020-01-20 10:20:41 --> Severity: Warning --> Invalid argument supplied for foreach() /home/admin/domains/spshd.com/public_html/khachhang/application/views/app.php 157
ERROR - 2020-01-20 10:20:41 --> Severity: Warning --> Invalid argument supplied for foreach() /home/admin/domains/spshd.com/public_html/khachhang/application/views/app.php 168
ERROR - 2020-01-20 10:20:41 --> Could not find the language line "Đóng"
ERROR - 2020-01-20 10:20:41 --> Could not find the language line "Xác Nhận"
ERROR - 2020-01-20 10:20:41 --> Could not find the language line "Đóng"
ERROR - 2020-01-20 10:20:41 --> Could not find the language line "Xác Nhận"
