ERROR - 2019-11-29 01:24:07 --> Could not find the language line "Tạo Điểm Lấy Hàng"
ERROR - 2019-11-29 01:24:07 --> Could not find the language line "Tạo Đơn Hàng"
ERROR - 2019-11-29 01:24:07 --> Severity: Warning --> Invalid argument supplied for foreach() /home/admin/domains/spshd.com/public_html/khachhang/application/views/tab4.php 394
ERROR - 2019-11-29 01:24:07 --> Could not find the language line "Đóng"
ERROR - 2019-11-29 01:24:07 --> Could not find the language line "Xác Nhận"
ERROR - 2019-11-29 01:24:07 --> Severity: Warning --> Invalid argument supplied for foreach() /home/admin/domains/spshd.com/public_html/khachhang/application/views/app.php 157
ERROR - 2019-11-29 01:24:07 --> Severity: Warning --> Invalid argument supplied for foreach() /home/admin/domains/spshd.com/public_html/khachhang/application/views/app.php 168
ERROR - 2019-11-29 01:24:07 --> Could not find the language line "Đóng"
ERROR - 2019-11-29 01:24:07 --> Could not find the language line "Xác Nhận"
ERROR - 2019-11-29 01:24:07 --> Could not find the language line "Đóng"
ERROR - 2019-11-29 01:24:07 --> Could not find the language line "Xác Nhận"
ERROR - 2019-11-29 02:12:09 --> Could not find the language line "Email"
ERROR - 2019-11-29 02:12:09 --> Could not find the language line "password"
ERROR - 2019-11-29 02:12:26 --> Could not find the language line "Tạo Điểm Lấy Hàng"
ERROR - 2019-11-29 02:12:26 --> Could not find the language line "Tạo Đơn Hàng"
ERROR - 2019-11-29 02:12:26 --> Severity: Warning --> Invalid argument supplied for foreach() /home/admin/domains/spshd.com/public_html/khachhang/application/views/tab4.php 394
ERROR - 2019-11-29 02:12:26 --> Could not find the language line "Đóng"
ERROR - 2019-11-29 02:12:26 --> Could not find the language line "Xác Nhận"
ERROR - 2019-11-29 02:12:26 --> Severity: Warning --> Invalid argument supplied for foreach() /home/admin/domains/spshd.com/public_html/khachhang/application/views/app.php 157
ERROR - 2019-11-29 02:12:26 --> Severity: Warning --> Invalid argument supplied for foreach() /home/admin/domains/spshd.com/public_html/khachhang/application/views/app.php 168
ERROR - 2019-11-29 02:12:26 --> Could not find the language line "Đóng"
ERROR - 2019-11-29 02:12:26 --> Could not find the language line "Xác Nhận"
ERROR - 2019-11-29 02:12:26 --> Could not find the language line "Đóng"
ERROR - 2019-11-29 02:12:26 --> Could not find the language line "Xác Nhận"
ERROR - 2019-11-29 02:33:29 --> Could not find the language line "Tạo Điểm Lấy Hàng"
ERROR - 2019-11-29 02:33:29 --> Could not find the language line "Tạo Đơn Hàng"
ERROR - 2019-11-29 02:33:29 --> Severity: Warning --> Invalid argument supplied for foreach() /home/admin/domains/spshd.com/public_html/khachhang/application/views/tab4.php 394
ERROR - 2019-11-29 02:33:29 --> Could not find the language line "Đóng"
ERROR - 2019-11-29 02:33:29 --> Could not find the language line "Xác Nhận"
ERROR - 2019-11-29 02:33:29 --> Severity: Warning --> Invalid argument supplied for foreach() /home/admin/domains/spshd.com/public_html/khachhang/application/views/app.php 157
ERROR - 2019-11-29 02:33:29 --> Severity: Warning --> Invalid argument supplied for foreach() /home/admin/domains/spshd.com/public_html/khachhang/application/views/app.php 168
ERROR - 2019-11-29 02:33:29 --> Could not find the language line "Đóng"
ERROR - 2019-11-29 02:33:29 --> Could not find the language line "Xác Nhận"
ERROR - 2019-11-29 02:33:29 --> Could not find the language line "Đóng"
ERROR - 2019-11-29 02:33:29 --> Could not find the language line "Xác Nhận"
ERROR - 2019-11-29 03:28:44 --> Could not find the language line "Email"
ERROR - 2019-11-29 03:28:44 --> Could not find the language line "password"
ERROR - 2019-11-29 03:29:30 --> Could not find the language line "Tạo Điểm Lấy Hàng"
ERROR - 2019-11-29 03:29:30 --> Could not find the language line "Tạo Đơn Hàng"
ERROR - 2019-11-29 03:29:30 --> Severity: Warning --> Invalid argument supplied for foreach() /home/admin/domains/spshd.com/public_html/khachhang/application/views/tab4.php 394
ERROR - 2019-11-29 03:29:30 --> Could not find the language line "Đóng"
ERROR - 2019-11-29 03:29:30 --> Could not find the language line "Xác Nhận"
ERROR - 2019-11-29 03:29:30 --> Severity: Warning --> Invalid argument supplied for foreach() /home/admin/domains/spshd.com/public_html/khachhang/application/views/app.php 157
ERROR - 2019-11-29 03:29:30 --> Severity: Warning --> Invalid argument supplied for foreach() /home/admin/domains/spshd.com/public_html/khachhang/application/views/app.php 168
ERROR - 2019-11-29 03:29:30 --> Could not find the language line "Đóng"
ERROR - 2019-11-29 03:29:30 --> Could not find the language line "Xác Nhận"
ERROR - 2019-11-29 03:29:30 --> Could not find the language line "Đóng"
ERROR - 2019-11-29 03:29:30 --> Could not find the language line "Xác Nhận"
ERROR - 2019-11-29 03:52:27 --> Could not find the language line "Tạo Điểm Lấy Hàng"
ERROR - 2019-11-29 03:52:27 --> Could not find the language line "Tạo Đơn Hàng"
ERROR - 2019-11-29 03:52:27 --> Severity: Warning --> Invalid argument supplied for foreach() /home/admin/domains/spshd.com/public_html/khachhang/application/views/tab4.php 394
ERROR - 2019-11-29 03:52:27 --> Could not find the language line "Đóng"
ERROR - 2019-11-29 03:52:27 --> Could not find the language line "Xác Nhận"
ERROR - 2019-11-29 03:52:27 --> Severity: Warning --> Invalid argument supplied for foreach() /home/admin/domains/spshd.com/public_html/khachhang/application/views/app.php 157
ERROR - 2019-11-29 03:52:27 --> Severity: Warning --> Invalid argument supplied for foreach() /home/admin/domains/spshd.com/public_html/khachhang/application/views/app.php 168
ERROR - 2019-11-29 03:52:27 --> Could not find the language line "Đóng"
ERROR - 2019-11-29 03:52:27 --> Could not find the language line "Xác Nhận"
ERROR - 2019-11-29 03:52:27 --> Could not find the language line "Đóng"
ERROR - 2019-11-29 03:52:27 --> Could not find the language line "Xác Nhận"
ERROR - 2019-11-29 03:55:58 --> Could not find the language line "Tạo Điểm Lấy Hàng"
ERROR - 2019-11-29 03:55:58 --> Could not find the language line "Tạo Đơn Hàng"
ERROR - 2019-11-29 03:55:58 --> Severity: Warning --> Invalid argument supplied for foreach() /home/admin/domains/spshd.com/public_html/khachhang/application/views/tab4.php 394
ERROR - 2019-11-29 03:55:58 --> Could not find the language line "Đóng"
ERROR - 2019-11-29 03:55:58 --> Could not find the language line "Xác Nhận"
ERROR - 2019-11-29 03:55:58 --> Severity: Warning --> Invalid argument supplied for foreach() /home/admin/domains/spshd.com/public_html/khachhang/application/views/app.php 157
ERROR - 2019-11-29 03:55:58 --> Severity: Warning --> Invalid argument supplied for foreach() /home/admin/domains/spshd.com/public_html/khachhang/application/views/app.php 168
ERROR - 2019-11-29 03:55:58 --> Could not find the language line "Đóng"
ERROR - 2019-11-29 03:55:58 --> Could not find the language line "Xác Nhận"
ERROR - 2019-11-29 03:55:58 --> Could not find the language line "Đóng"
ERROR - 2019-11-29 03:55:58 --> Could not find the language line "Xác Nhận"
ERROR - 2019-11-29 04:10:10 --> Could not find the language line "Tạo Điểm Lấy Hàng"
ERROR - 2019-11-29 04:10:10 --> Could not find the language line "Tạo Đơn Hàng"
ERROR - 2019-11-29 04:10:10 --> Severity: Warning --> Invalid argument supplied for foreach() /home/admin/domains/spshd.com/public_html/khachhang/application/views/tab4.php 394
ERROR - 2019-11-29 04:10:10 --> Could not find the language line "Đóng"
ERROR - 2019-11-29 04:10:10 --> Could not find the language line "Xác Nhận"
ERROR - 2019-11-29 04:10:10 --> Severity: Warning --> Invalid argument supplied for foreach() /home/admin/domains/spshd.com/public_html/khachhang/application/views/app.php 157
ERROR - 2019-11-29 04:10:10 --> Severity: Warning --> Invalid argument supplied for foreach() /home/admin/domains/spshd.com/public_html/khachhang/application/views/app.php 168
ERROR - 2019-11-29 04:10:10 --> Could not find the language line "Đóng"
ERROR - 2019-11-29 04:10:10 --> Could not find the language line "Xác Nhận"
ERROR - 2019-11-29 04:10:10 --> Could not find the language line "Đóng"
ERROR - 2019-11-29 04:10:10 --> Could not find the language line "Xác Nhận"
ERROR - 2019-11-29 06:06:32 --> Could not find the language line "Tạo Điểm Lấy Hàng"
ERROR - 2019-11-29 06:06:32 --> Could not find the language line "Tạo Đơn Hàng"
ERROR - 2019-11-29 06:06:32 --> Severity: Warning --> Invalid argument supplied for foreach() /home/admin/domains/spshd.com/public_html/khachhang/application/views/tab4.php 394
ERROR - 2019-11-29 06:06:32 --> Could not find the language line "Đóng"
ERROR - 2019-11-29 06:06:32 --> Could not find the language line "Xác Nhận"
ERROR - 2019-11-29 06:06:32 --> Severity: Warning --> Invalid argument supplied for foreach() /home/admin/domains/spshd.com/public_html/khachhang/application/views/app.php 157
ERROR - 2019-11-29 06:06:32 --> Severity: Warning --> Invalid argument supplied for foreach() /home/admin/domains/spshd.com/public_html/khachhang/application/views/app.php 168
ERROR - 2019-11-29 06:06:32 --> Could not find the language line "Đóng"
ERROR - 2019-11-29 06:06:32 --> Could not find the language line "Xác Nhận"
ERROR - 2019-11-29 06:06:32 --> Could not find the language line "Đóng"
ERROR - 2019-11-29 06:06:32 --> Could not find the language line "Xác Nhận"
ERROR - 2019-11-29 07:16:16 --> Could not find the language line "Email"
ERROR - 2019-11-29 07:16:16 --> Could not find the language line "password"
ERROR - 2019-11-29 07:16:32 --> Could not find the language line "Email"
ERROR - 2019-11-29 07:16:32 --> Could not find the language line "password"
ERROR - 2019-11-29 07:16:52 --> Could not find the language line "Tạo Điểm Lấy Hàng"
ERROR - 2019-11-29 07:16:52 --> Could not find the language line "Tạo Đơn Hàng"
ERROR - 2019-11-29 07:16:52 --> Severity: Warning --> Invalid argument supplied for foreach() /home/admin/domains/spshd.com/public_html/khachhang/application/views/tab4.php 394
ERROR - 2019-11-29 07:16:52 --> Could not find the language line "Đóng"
ERROR - 2019-11-29 07:16:52 --> Could not find the language line "Xác Nhận"
ERROR - 2019-11-29 07:16:52 --> Severity: Warning --> Invalid argument supplied for foreach() /home/admin/domains/spshd.com/public_html/khachhang/application/views/app.php 157
ERROR - 2019-11-29 07:16:52 --> Severity: Warning --> Invalid argument supplied for foreach() /home/admin/domains/spshd.com/public_html/khachhang/application/views/app.php 168
ERROR - 2019-11-29 07:16:52 --> Could not find the language line "Đóng"
ERROR - 2019-11-29 07:16:52 --> Could not find the language line "Xác Nhận"
ERROR - 2019-11-29 07:16:52 --> Could not find the language line "Đóng"
ERROR - 2019-11-29 07:16:52 --> Could not find the language line "Xác Nhận"
ERROR - 2019-11-29 10:16:16 --> Could not find the language line "Email"
ERROR - 2019-11-29 10:16:16 --> Could not find the language line "password"
ERROR - 2019-11-29 10:16:29 --> Could not find the language line "Tạo Điểm Lấy Hàng"
ERROR - 2019-11-29 10:16:29 --> Could not find the language line "Tạo Đơn Hàng"
ERROR - 2019-11-29 10:16:29 --> Severity: Warning --> Invalid argument supplied for foreach() /home/admin/domains/spshd.com/public_html/khachhang/application/views/tab4.php 394
ERROR - 2019-11-29 10:16:29 --> Could not find the language line "Đóng"
ERROR - 2019-11-29 10:16:29 --> Could not find the language line "Xác Nhận"
ERROR - 2019-11-29 10:16:29 --> Severity: Warning --> Invalid argument supplied for foreach() /home/admin/domains/spshd.com/public_html/khachhang/application/views/app.php 157
ERROR - 2019-11-29 10:16:29 --> Severity: Warning --> Invalid argument supplied for foreach() /home/admin/domains/spshd.com/public_html/khachhang/application/views/app.php 168
ERROR - 2019-11-29 10:16:29 --> Could not find the language line "Đóng"
ERROR - 2019-11-29 10:16:29 --> Could not find the language line "Xác Nhận"
ERROR - 2019-11-29 10:16:29 --> Could not find the language line "Đóng"
ERROR - 2019-11-29 10:16:29 --> Could not find the language line "Xác Nhận"
ERROR - 2019-11-29 11:20:34 --> Could not find the language line "Tạo Điểm Lấy Hàng"
ERROR - 2019-11-29 11:20:34 --> Could not find the language line "Tạo Đơn Hàng"
ERROR - 2019-11-29 11:20:34 --> Severity: Warning --> Invalid argument supplied for foreach() /home/admin/domains/spshd.com/public_html/khachhang/application/views/tab4.php 394
ERROR - 2019-11-29 11:20:34 --> Could not find the language line "Đóng"
ERROR - 2019-11-29 11:20:34 --> Could not find the language line "Xác Nhận"
ERROR - 2019-11-29 11:20:34 --> Severity: Warning --> Invalid argument supplied for foreach() /home/admin/domains/spshd.com/public_html/khachhang/application/views/app.php 157
ERROR - 2019-11-29 11:20:34 --> Severity: Warning --> Invalid argument supplied for foreach() /home/admin/domains/spshd.com/public_html/khachhang/application/views/app.php 168
ERROR - 2019-11-29 11:20:34 --> Could not find the language line "Đóng"
ERROR - 2019-11-29 11:20:34 --> Could not find the language line "Xác Nhận"
ERROR - 2019-11-29 11:20:34 --> Could not find the language line "Đóng"
ERROR - 2019-11-29 11:20:34 --> Could not find the language line "Xác Nhận"
ERROR - 2019-11-29 11:54:35 --> Could not find the language line "Tạo Điểm Lấy Hàng"
ERROR - 2019-11-29 11:54:35 --> Could not find the language line "Tạo Đơn Hàng"
ERROR - 2019-11-29 11:54:35 --> Severity: Warning --> Invalid argument supplied for foreach() /home/admin/domains/spshd.com/public_html/khachhang/application/views/tab4.php 394
ERROR - 2019-11-29 11:54:35 --> Could not find the language line "Đóng"
ERROR - 2019-11-29 11:54:35 --> Could not find the language line "Xác Nhận"
ERROR - 2019-11-29 11:54:35 --> Severity: Warning --> Invalid argument supplied for foreach() /home/admin/domains/spshd.com/public_html/khachhang/application/views/app.php 157
ERROR - 2019-11-29 11:54:35 --> Severity: Warning --> Invalid argument supplied for foreach() /home/admin/domains/spshd.com/public_html/khachhang/application/views/app.php 168
ERROR - 2019-11-29 11:54:35 --> Could not find the language line "Đóng"
ERROR - 2019-11-29 11:54:35 --> Could not find the language line "Xác Nhận"
ERROR - 2019-11-29 11:54:35 --> Could not find the language line "Đóng"
ERROR - 2019-11-29 11:54:35 --> Could not find the language line "Xác Nhận"
ERROR - 2019-11-29 11:54:35 --> Could not find the language line "Tạo Điểm Lấy Hàng"
ERROR - 2019-11-29 11:54:35 --> Could not find the language line "Tạo Đơn Hàng"
ERROR - 2019-11-29 11:54:35 --> Severity: Warning --> Invalid argument supplied for foreach() /home/admin/domains/spshd.com/public_html/khachhang/application/views/tab4.php 394
ERROR - 2019-11-29 11:54:35 --> Could not find the language line "Đóng"
ERROR - 2019-11-29 11:54:35 --> Could not find the language line "Xác Nhận"
ERROR - 2019-11-29 11:54:35 --> Severity: Warning --> Invalid argument supplied for foreach() /home/admin/domains/spshd.com/public_html/khachhang/application/views/app.php 157
ERROR - 2019-11-29 11:54:35 --> Severity: Warning --> Invalid argument supplied for foreach() /home/admin/domains/spshd.com/public_html/khachhang/application/views/app.php 168
ERROR - 2019-11-29 11:54:35 --> Could not find the language line "Đóng"
ERROR - 2019-11-29 11:54:35 --> Could not find the language line "Xác Nhận"
ERROR - 2019-11-29 11:54:35 --> Could not find the language line "Đóng"
ERROR - 2019-11-29 11:54:35 --> Could not find the language line "Xác Nhận"
ERROR - 2019-11-29 12:27:01 --> Could not find the language line "Email"
ERROR - 2019-11-29 12:27:01 --> Could not find the language line "password"
ERROR - 2019-11-29 12:27:17 --> Could not find the language line "Tạo Điểm Lấy Hàng"
ERROR - 2019-11-29 12:27:17 --> Could not find the language line "Tạo Đơn Hàng"
ERROR - 2019-11-29 12:27:17 --> Severity: Warning --> Invalid argument supplied for foreach() /home/admin/domains/spshd.com/public_html/khachhang/application/views/tab4.php 394
ERROR - 2019-11-29 12:27:17 --> Could not find the language line "Đóng"
ERROR - 2019-11-29 12:27:17 --> Could not find the language line "Xác Nhận"
ERROR - 2019-11-29 12:27:17 --> Severity: Warning --> Invalid argument supplied for foreach() /home/admin/domains/spshd.com/public_html/khachhang/application/views/app.php 157
ERROR - 2019-11-29 12:27:17 --> Severity: Warning --> Invalid argument supplied for foreach() /home/admin/domains/spshd.com/public_html/khachhang/application/views/app.php 168
ERROR - 2019-11-29 12:27:17 --> Could not find the language line "Đóng"
ERROR - 2019-11-29 12:27:17 --> Could not find the language line "Xác Nhận"
ERROR - 2019-11-29 12:27:17 --> Could not find the language line "Đóng"
ERROR - 2019-11-29 12:27:17 --> Could not find the language line "Xác Nhận"
ERROR - 2019-11-29 12:49:47 --> Could not find the language line "Tạo Điểm Lấy Hàng"
ERROR - 2019-11-29 12:49:47 --> Could not find the language line "Tạo Đơn Hàng"
ERROR - 2019-11-29 12:49:47 --> Severity: Warning --> Invalid argument supplied for foreach() /home/admin/domains/spshd.com/public_html/khachhang/application/views/tab4.php 394
ERROR - 2019-11-29 12:49:47 --> Could not find the language line "Đóng"
ERROR - 2019-11-29 12:49:47 --> Could not find the language line "Xác Nhận"
ERROR - 2019-11-29 12:49:47 --> Severity: Warning --> Invalid argument supplied for foreach() /home/admin/domains/spshd.com/public_html/khachhang/application/views/app.php 157
ERROR - 2019-11-29 12:49:47 --> Severity: Warning --> Invalid argument supplied for foreach() /home/admin/domains/spshd.com/public_html/khachhang/application/views/app.php 168
ERROR - 2019-11-29 12:49:47 --> Could not find the language line "Đóng"
ERROR - 2019-11-29 12:49:47 --> Could not find the language line "Xác Nhận"
ERROR - 2019-11-29 12:49:47 --> Could not find the language line "Đóng"
ERROR - 2019-11-29 12:49:47 --> Could not find the language line "Xác Nhận"
ERROR - 2019-11-29 13:11:35 --> Could not find the language line "Tạo Điểm Lấy Hàng"
ERROR - 2019-11-29 13:11:35 --> Could not find the language line "Tạo Đơn Hàng"
ERROR - 2019-11-29 13:11:35 --> Severity: Warning --> Invalid argument supplied for foreach() /home/admin/domains/spshd.com/public_html/khachhang/application/views/tab4.php 394
ERROR - 2019-11-29 13:11:35 --> Could not find the language line "Đóng"
ERROR - 2019-11-29 13:11:35 --> Could not find the language line "Xác Nhận"
ERROR - 2019-11-29 13:11:35 --> Severity: Warning --> Invalid argument supplied for foreach() /home/admin/domains/spshd.com/public_html/khachhang/application/views/app.php 157
ERROR - 2019-11-29 13:11:35 --> Severity: Warning --> Invalid argument supplied for foreach() /home/admin/domains/spshd.com/public_html/khachhang/application/views/app.php 168
ERROR - 2019-11-29 13:11:35 --> Could not find the language line "Đóng"
ERROR - 2019-11-29 13:11:35 --> Could not find the language line "Xác Nhận"
ERROR - 2019-11-29 13:11:35 --> Could not find the language line "Đóng"
ERROR - 2019-11-29 13:11:35 --> Could not find the language line "Xác Nhận"
ERROR - 2019-11-29 13:11:56 --> Could not find the language line "Tạo Điểm Lấy Hàng"
ERROR - 2019-11-29 13:11:56 --> Could not find the language line "Tạo Đơn Hàng"
ERROR - 2019-11-29 13:11:56 --> Severity: Warning --> Invalid argument supplied for foreach() /home/admin/domains/spshd.com/public_html/khachhang/application/views/tab4.php 394
ERROR - 2019-11-29 13:11:56 --> Could not find the language line "Đóng"
ERROR - 2019-11-29 13:11:56 --> Could not find the language line "Xác Nhận"
ERROR - 2019-11-29 13:11:56 --> Severity: Warning --> Invalid argument supplied for foreach() /home/admin/domains/spshd.com/public_html/khachhang/application/views/app.php 157
ERROR - 2019-11-29 13:11:56 --> Severity: Warning --> Invalid argument supplied for foreach() /home/admin/domains/spshd.com/public_html/khachhang/application/views/app.php 168
ERROR - 2019-11-29 13:11:56 --> Could not find the language line "Đóng"
ERROR - 2019-11-29 13:11:56 --> Could not find the language line "Xác Nhận"
ERROR - 2019-11-29 13:11:56 --> Could not find the language line "Đóng"
ERROR - 2019-11-29 13:11:56 --> Could not find the language line "Xác Nhận"
ERROR - 2019-11-29 14:27:07 --> Could not find the language line "Tạo Điểm Lấy Hàng"
ERROR - 2019-11-29 14:27:07 --> Could not find the language line "Tạo Đơn Hàng"
ERROR - 2019-11-29 14:27:07 --> Severity: Warning --> Invalid argument supplied for foreach() /home/admin/domains/spshd.com/public_html/khachhang/application/views/tab4.php 394
ERROR - 2019-11-29 14:27:07 --> Could not find the language line "Đóng"
ERROR - 2019-11-29 14:27:07 --> Could not find the language line "Xác Nhận"
ERROR - 2019-11-29 14:27:07 --> Severity: Warning --> Invalid argument supplied for foreach() /home/admin/domains/spshd.com/public_html/khachhang/application/views/app.php 157
ERROR - 2019-11-29 14:27:07 --> Severity: Warning --> Invalid argument supplied for foreach() /home/admin/domains/spshd.com/public_html/khachhang/application/views/app.php 168
ERROR - 2019-11-29 14:27:07 --> Could not find the language line "Đóng"
ERROR - 2019-11-29 14:27:07 --> Could not find the language line "Xác Nhận"
ERROR - 2019-11-29 14:27:07 --> Could not find the language line "Đóng"
ERROR - 2019-11-29 14:27:07 --> Could not find the language line "Xác Nhận"
ERROR - 2019-11-29 16:18:58 --> Could not find the language line "Email"
ERROR - 2019-11-29 16:18:58 --> Could not find the language line "password"
ERROR - 2019-11-29 16:19:11 --> Could not find the language line "Email"
ERROR - 2019-11-29 16:19:11 --> Could not find the language line "password"
ERROR - 2019-11-29 16:57:12 --> Could not find the language line "Tạo Điểm Lấy Hàng"
ERROR - 2019-11-29 16:57:12 --> Could not find the language line "Tạo Đơn Hàng"
ERROR - 2019-11-29 16:57:12 --> Severity: Warning --> Invalid argument supplied for foreach() /home/admin/domains/spshd.com/public_html/khachhang/application/views/tab4.php 394
ERROR - 2019-11-29 16:57:12 --> Could not find the language line "Đóng"
ERROR - 2019-11-29 16:57:12 --> Could not find the language line "Xác Nhận"
ERROR - 2019-11-29 16:57:12 --> Severity: Warning --> Invalid argument supplied for foreach() /home/admin/domains/spshd.com/public_html/khachhang/application/views/app.php 157
ERROR - 2019-11-29 16:57:12 --> Severity: Warning --> Invalid argument supplied for foreach() /home/admin/domains/spshd.com/public_html/khachhang/application/views/app.php 168
ERROR - 2019-11-29 16:57:12 --> Could not find the language line "Đóng"
ERROR - 2019-11-29 16:57:12 --> Could not find the language line "Xác Nhận"
ERROR - 2019-11-29 16:57:12 --> Could not find the language line "Đóng"
ERROR - 2019-11-29 16:57:12 --> Could not find the language line "Xác Nhận"
