ERROR - 2020-01-16 01:26:39 --> Could not find the language line "Tạo Điểm Lấy Hàng"
ERROR - 2020-01-16 01:26:39 --> Could not find the language line "Tạo Đơn Hàng"
ERROR - 2020-01-16 01:26:39 --> Severity: Warning --> Invalid argument supplied for foreach() /home/admin/domains/spshd.com/public_html/khachhang/application/views/tab4.php 394
ERROR - 2020-01-16 01:26:39 --> Could not find the language line "Đóng"
ERROR - 2020-01-16 01:26:39 --> Could not find the language line "Xác Nhận"
ERROR - 2020-01-16 01:26:39 --> Severity: Warning --> Invalid argument supplied for foreach() /home/admin/domains/spshd.com/public_html/khachhang/application/views/app.php 157
ERROR - 2020-01-16 01:26:39 --> Severity: Warning --> Invalid argument supplied for foreach() /home/admin/domains/spshd.com/public_html/khachhang/application/views/app.php 168
ERROR - 2020-01-16 01:26:39 --> Could not find the language line "Đóng"
ERROR - 2020-01-16 01:26:39 --> Could not find the language line "Xác Nhận"
ERROR - 2020-01-16 01:26:39 --> Could not find the language line "Đóng"
ERROR - 2020-01-16 01:26:39 --> Could not find the language line "Xác Nhận"
ERROR - 2020-01-16 03:35:08 --> Could not find the language line "Email"
ERROR - 2020-01-16 03:35:08 --> Could not find the language line "password"
ERROR - 2020-01-16 04:28:43 --> Could not find the language line "Tạo Điểm Lấy Hàng"
ERROR - 2020-01-16 04:28:43 --> Could not find the language line "Tạo Đơn Hàng"
ERROR - 2020-01-16 04:28:43 --> Severity: Warning --> Invalid argument supplied for foreach() /home/admin/domains/spshd.com/public_html/khachhang/application/views/tab4.php 394
ERROR - 2020-01-16 04:28:43 --> Could not find the language line "Đóng"
ERROR - 2020-01-16 04:28:43 --> Could not find the language line "Xác Nhận"
ERROR - 2020-01-16 04:28:43 --> Severity: Warning --> Invalid argument supplied for foreach() /home/admin/domains/spshd.com/public_html/khachhang/application/views/app.php 157
ERROR - 2020-01-16 04:28:43 --> Severity: Warning --> Invalid argument supplied for foreach() /home/admin/domains/spshd.com/public_html/khachhang/application/views/app.php 168
ERROR - 2020-01-16 04:28:43 --> Could not find the language line "Đóng"
ERROR - 2020-01-16 04:28:43 --> Could not find the language line "Xác Nhận"
ERROR - 2020-01-16 04:28:43 --> Could not find the language line "Đóng"
ERROR - 2020-01-16 04:28:43 --> Could not find the language line "Xác Nhận"
ERROR - 2020-01-16 04:52:35 --> Could not find the language line "Tạo Điểm Lấy Hàng"
ERROR - 2020-01-16 04:52:35 --> Could not find the language line "Tạo Đơn Hàng"
ERROR - 2020-01-16 04:52:35 --> Severity: Warning --> Invalid argument supplied for foreach() /home/admin/domains/spshd.com/public_html/khachhang/application/views/tab4.php 394
ERROR - 2020-01-16 04:52:35 --> Could not find the language line "Đóng"
ERROR - 2020-01-16 04:52:35 --> Could not find the language line "Xác Nhận"
ERROR - 2020-01-16 04:52:35 --> Severity: Warning --> Invalid argument supplied for foreach() /home/admin/domains/spshd.com/public_html/khachhang/application/views/app.php 157
ERROR - 2020-01-16 04:52:35 --> Severity: Warning --> Invalid argument supplied for foreach() /home/admin/domains/spshd.com/public_html/khachhang/application/views/app.php 168
ERROR - 2020-01-16 04:52:35 --> Could not find the language line "Đóng"
ERROR - 2020-01-16 04:52:35 --> Could not find the language line "Xác Nhận"
ERROR - 2020-01-16 04:52:35 --> Could not find the language line "Đóng"
ERROR - 2020-01-16 04:52:35 --> Could not find the language line "Xác Nhận"
ERROR - 2020-01-16 06:11:49 --> Could not find the language line "Email"
ERROR - 2020-01-16 06:11:49 --> Could not find the language line "password"
ERROR - 2020-01-16 06:13:23 --> Could not find the language line "Email"
ERROR - 2020-01-16 06:13:23 --> Could not find the language line "password"
ERROR - 2020-01-16 06:16:11 --> Could not find the language line "Email"
ERROR - 2020-01-16 06:16:11 --> Could not find the language line "password"
ERROR - 2020-01-16 07:38:19 --> Could not find the language line "Tạo Điểm Lấy Hàng"
ERROR - 2020-01-16 07:38:19 --> Could not find the language line "Tạo Đơn Hàng"
ERROR - 2020-01-16 07:38:19 --> Severity: Warning --> Invalid argument supplied for foreach() /home/admin/domains/spshd.com/public_html/khachhang/application/views/tab4.php 394
ERROR - 2020-01-16 07:38:19 --> Could not find the language line "Đóng"
ERROR - 2020-01-16 07:38:19 --> Could not find the language line "Xác Nhận"
ERROR - 2020-01-16 07:38:19 --> Severity: Warning --> Invalid argument supplied for foreach() /home/admin/domains/spshd.com/public_html/khachhang/application/views/app.php 157
ERROR - 2020-01-16 07:38:19 --> Severity: Warning --> Invalid argument supplied for foreach() /home/admin/domains/spshd.com/public_html/khachhang/application/views/app.php 168
ERROR - 2020-01-16 07:38:19 --> Could not find the language line "Đóng"
ERROR - 2020-01-16 07:38:19 --> Could not find the language line "Xác Nhận"
ERROR - 2020-01-16 07:38:19 --> Could not find the language line "Đóng"
ERROR - 2020-01-16 07:38:19 --> Could not find the language line "Xác Nhận"
ERROR - 2020-01-16 07:42:12 --> Could not find the language line "Tạo Điểm Lấy Hàng"
ERROR - 2020-01-16 07:42:12 --> Could not find the language line "Tạo Đơn Hàng"
ERROR - 2020-01-16 07:42:12 --> Severity: Warning --> Invalid argument supplied for foreach() /home/admin/domains/spshd.com/public_html/khachhang/application/views/tab4.php 394
ERROR - 2020-01-16 07:42:12 --> Could not find the language line "Đóng"
ERROR - 2020-01-16 07:42:12 --> Could not find the language line "Xác Nhận"
ERROR - 2020-01-16 07:42:12 --> Severity: Warning --> Invalid argument supplied for foreach() /home/admin/domains/spshd.com/public_html/khachhang/application/views/app.php 157
ERROR - 2020-01-16 07:42:12 --> Severity: Warning --> Invalid argument supplied for foreach() /home/admin/domains/spshd.com/public_html/khachhang/application/views/app.php 168
ERROR - 2020-01-16 07:42:12 --> Could not find the language line "Đóng"
ERROR - 2020-01-16 07:42:12 --> Could not find the language line "Xác Nhận"
ERROR - 2020-01-16 07:42:12 --> Could not find the language line "Đóng"
ERROR - 2020-01-16 07:42:12 --> Could not find the language line "Xác Nhận"
ERROR - 2020-01-16 07:42:20 --> Could not find the language line "Tạo Điểm Lấy Hàng"
ERROR - 2020-01-16 07:42:20 --> Could not find the language line "Tạo Đơn Hàng"
ERROR - 2020-01-16 07:42:20 --> Severity: Warning --> Invalid argument supplied for foreach() /home/admin/domains/spshd.com/public_html/khachhang/application/views/tab4.php 394
ERROR - 2020-01-16 07:42:20 --> Could not find the language line "Đóng"
ERROR - 2020-01-16 07:42:20 --> Could not find the language line "Xác Nhận"
ERROR - 2020-01-16 07:42:20 --> Severity: Warning --> Invalid argument supplied for foreach() /home/admin/domains/spshd.com/public_html/khachhang/application/views/app.php 157
ERROR - 2020-01-16 07:42:20 --> Severity: Warning --> Invalid argument supplied for foreach() /home/admin/domains/spshd.com/public_html/khachhang/application/views/app.php 168
ERROR - 2020-01-16 07:42:20 --> Could not find the language line "Đóng"
ERROR - 2020-01-16 07:42:20 --> Could not find the language line "Xác Nhận"
ERROR - 2020-01-16 07:42:20 --> Could not find the language line "Đóng"
ERROR - 2020-01-16 07:42:20 --> Could not find the language line "Xác Nhận"
ERROR - 2020-01-16 08:38:32 --> Could not find the language line "Tạo Điểm Lấy Hàng"
ERROR - 2020-01-16 08:38:32 --> Could not find the language line "Tạo Đơn Hàng"
ERROR - 2020-01-16 08:38:32 --> Severity: Warning --> Invalid argument supplied for foreach() /home/admin/domains/spshd.com/public_html/khachhang/application/views/tab4.php 394
ERROR - 2020-01-16 08:38:32 --> Could not find the language line "Đóng"
ERROR - 2020-01-16 08:38:32 --> Could not find the language line "Xác Nhận"
ERROR - 2020-01-16 08:38:32 --> Severity: Warning --> Invalid argument supplied for foreach() /home/admin/domains/spshd.com/public_html/khachhang/application/views/app.php 157
ERROR - 2020-01-16 08:38:32 --> Severity: Warning --> Invalid argument supplied for foreach() /home/admin/domains/spshd.com/public_html/khachhang/application/views/app.php 168
ERROR - 2020-01-16 08:38:32 --> Could not find the language line "Đóng"
ERROR - 2020-01-16 08:38:32 --> Could not find the language line "Xác Nhận"
ERROR - 2020-01-16 08:38:32 --> Could not find the language line "Đóng"
ERROR - 2020-01-16 08:38:32 --> Could not find the language line "Xác Nhận"
ERROR - 2020-01-16 08:39:09 --> Could not find the language line "Tạo Điểm Lấy Hàng"
ERROR - 2020-01-16 08:39:09 --> Could not find the language line "Tạo Đơn Hàng"
ERROR - 2020-01-16 08:39:09 --> Severity: Warning --> Invalid argument supplied for foreach() /home/admin/domains/spshd.com/public_html/khachhang/application/views/tab4.php 394
ERROR - 2020-01-16 08:39:09 --> Could not find the language line "Đóng"
ERROR - 2020-01-16 08:39:09 --> Could not find the language line "Xác Nhận"
ERROR - 2020-01-16 08:39:09 --> Severity: Warning --> Invalid argument supplied for foreach() /home/admin/domains/spshd.com/public_html/khachhang/application/views/app.php 157
ERROR - 2020-01-16 08:39:09 --> Severity: Warning --> Invalid argument supplied for foreach() /home/admin/domains/spshd.com/public_html/khachhang/application/views/app.php 168
ERROR - 2020-01-16 08:39:09 --> Could not find the language line "Đóng"
ERROR - 2020-01-16 08:39:09 --> Could not find the language line "Xác Nhận"
ERROR - 2020-01-16 08:39:09 --> Could not find the language line "Đóng"
ERROR - 2020-01-16 08:39:09 --> Could not find the language line "Xác Nhận"
ERROR - 2020-01-16 10:05:36 --> Could not find the language line "Tạo Điểm Lấy Hàng"
ERROR - 2020-01-16 10:05:36 --> Could not find the language line "Tạo Đơn Hàng"
ERROR - 2020-01-16 10:05:36 --> Severity: Warning --> Invalid argument supplied for foreach() /home/admin/domains/spshd.com/public_html/khachhang/application/views/tab4.php 394
ERROR - 2020-01-16 10:05:36 --> Could not find the language line "Đóng"
ERROR - 2020-01-16 10:05:36 --> Could not find the language line "Xác Nhận"
ERROR - 2020-01-16 10:05:36 --> Severity: Warning --> Invalid argument supplied for foreach() /home/admin/domains/spshd.com/public_html/khachhang/application/views/app.php 157
ERROR - 2020-01-16 10:05:36 --> Severity: Warning --> Invalid argument supplied for foreach() /home/admin/domains/spshd.com/public_html/khachhang/application/views/app.php 168
ERROR - 2020-01-16 10:05:36 --> Could not find the language line "Đóng"
ERROR - 2020-01-16 10:05:36 --> Could not find the language line "Xác Nhận"
ERROR - 2020-01-16 10:05:36 --> Could not find the language line "Đóng"
ERROR - 2020-01-16 10:05:36 --> Could not find the language line "Xác Nhận"
ERROR - 2020-01-16 10:05:58 --> Could not find the language line "Tạo Điểm Lấy Hàng"
ERROR - 2020-01-16 10:05:58 --> Could not find the language line "Tạo Đơn Hàng"
ERROR - 2020-01-16 10:05:58 --> Severity: Warning --> Invalid argument supplied for foreach() /home/admin/domains/spshd.com/public_html/khachhang/application/views/tab4.php 394
ERROR - 2020-01-16 10:05:58 --> Could not find the language line "Đóng"
ERROR - 2020-01-16 10:05:58 --> Could not find the language line "Xác Nhận"
ERROR - 2020-01-16 10:05:58 --> Severity: Warning --> Invalid argument supplied for foreach() /home/admin/domains/spshd.com/public_html/khachhang/application/views/app.php 157
ERROR - 2020-01-16 10:05:58 --> Severity: Warning --> Invalid argument supplied for foreach() /home/admin/domains/spshd.com/public_html/khachhang/application/views/app.php 168
ERROR - 2020-01-16 10:05:58 --> Could not find the language line "Đóng"
ERROR - 2020-01-16 10:05:58 --> Could not find the language line "Xác Nhận"
ERROR - 2020-01-16 10:05:58 --> Could not find the language line "Đóng"
ERROR - 2020-01-16 10:05:58 --> Could not find the language line "Xác Nhận"
ERROR - 2020-01-16 10:40:57 --> Could not find the language line "Tạo Điểm Lấy Hàng"
ERROR - 2020-01-16 10:40:57 --> Could not find the language line "Tạo Đơn Hàng"
ERROR - 2020-01-16 10:40:57 --> Severity: Warning --> Invalid argument supplied for foreach() /home/admin/domains/spshd.com/public_html/khachhang/application/views/tab4.php 394
ERROR - 2020-01-16 10:40:57 --> Could not find the language line "Đóng"
ERROR - 2020-01-16 10:40:57 --> Could not find the language line "Xác Nhận"
ERROR - 2020-01-16 10:40:57 --> Severity: Warning --> Invalid argument supplied for foreach() /home/admin/domains/spshd.com/public_html/khachhang/application/views/app.php 157
ERROR - 2020-01-16 10:40:57 --> Severity: Warning --> Invalid argument supplied for foreach() /home/admin/domains/spshd.com/public_html/khachhang/application/views/app.php 168
ERROR - 2020-01-16 10:40:57 --> Could not find the language line "Đóng"
ERROR - 2020-01-16 10:40:57 --> Could not find the language line "Xác Nhận"
ERROR - 2020-01-16 10:40:57 --> Could not find the language line "Đóng"
ERROR - 2020-01-16 10:40:57 --> Could not find the language line "Xác Nhận"
ERROR - 2020-01-16 11:08:45 --> Could not find the language line "Tạo Điểm Lấy Hàng"
ERROR - 2020-01-16 11:08:45 --> Could not find the language line "Tạo Đơn Hàng"
ERROR - 2020-01-16 11:08:45 --> Severity: Warning --> Invalid argument supplied for foreach() /home/admin/domains/spshd.com/public_html/khachhang/application/views/tab4.php 394
ERROR - 2020-01-16 11:08:45 --> Could not find the language line "Đóng"
ERROR - 2020-01-16 11:08:45 --> Could not find the language line "Xác Nhận"
ERROR - 2020-01-16 11:08:45 --> Severity: Warning --> Invalid argument supplied for foreach() /home/admin/domains/spshd.com/public_html/khachhang/application/views/app.php 157
ERROR - 2020-01-16 11:08:45 --> Severity: Warning --> Invalid argument supplied for foreach() /home/admin/domains/spshd.com/public_html/khachhang/application/views/app.php 168
ERROR - 2020-01-16 11:08:45 --> Could not find the language line "Đóng"
ERROR - 2020-01-16 11:08:45 --> Could not find the language line "Xác Nhận"
ERROR - 2020-01-16 11:08:45 --> Could not find the language line "Đóng"
ERROR - 2020-01-16 11:08:45 --> Could not find the language line "Xác Nhận"
ERROR - 2020-01-16 11:08:46 --> Could not find the language line "Tạo Điểm Lấy Hàng"
ERROR - 2020-01-16 11:08:46 --> Could not find the language line "Tạo Đơn Hàng"
ERROR - 2020-01-16 11:08:46 --> Severity: Warning --> Invalid argument supplied for foreach() /home/admin/domains/spshd.com/public_html/khachhang/application/views/tab4.php 394
ERROR - 2020-01-16 11:08:46 --> Could not find the language line "Đóng"
ERROR - 2020-01-16 11:08:46 --> Could not find the language line "Xác Nhận"
ERROR - 2020-01-16 11:08:46 --> Severity: Warning --> Invalid argument supplied for foreach() /home/admin/domains/spshd.com/public_html/khachhang/application/views/app.php 157
ERROR - 2020-01-16 11:08:46 --> Severity: Warning --> Invalid argument supplied for foreach() /home/admin/domains/spshd.com/public_html/khachhang/application/views/app.php 168
ERROR - 2020-01-16 11:08:46 --> Could not find the language line "Đóng"
ERROR - 2020-01-16 11:08:46 --> Could not find the language line "Xác Nhận"
ERROR - 2020-01-16 11:08:46 --> Could not find the language line "Đóng"
ERROR - 2020-01-16 11:08:46 --> Could not find the language line "Xác Nhận"
ERROR - 2020-01-16 11:08:46 --> Could not find the language line "Tạo Điểm Lấy Hàng"
ERROR - 2020-01-16 11:08:46 --> Could not find the language line "Tạo Đơn Hàng"
ERROR - 2020-01-16 11:08:46 --> Severity: Warning --> Invalid argument supplied for foreach() /home/admin/domains/spshd.com/public_html/khachhang/application/views/tab4.php 394
ERROR - 2020-01-16 11:08:46 --> Could not find the language line "Đóng"
ERROR - 2020-01-16 11:08:46 --> Could not find the language line "Xác Nhận"
ERROR - 2020-01-16 11:08:46 --> Severity: Warning --> Invalid argument supplied for foreach() /home/admin/domains/spshd.com/public_html/khachhang/application/views/app.php 157
ERROR - 2020-01-16 11:08:46 --> Severity: Warning --> Invalid argument supplied for foreach() /home/admin/domains/spshd.com/public_html/khachhang/application/views/app.php 168
ERROR - 2020-01-16 11:08:46 --> Could not find the language line "Đóng"
ERROR - 2020-01-16 11:08:46 --> Could not find the language line "Xác Nhận"
ERROR - 2020-01-16 11:08:46 --> Could not find the language line "Đóng"
ERROR - 2020-01-16 11:08:46 --> Could not find the language line "Xác Nhận"
ERROR - 2020-01-16 11:08:47 --> Could not find the language line "Tạo Điểm Lấy Hàng"
ERROR - 2020-01-16 11:08:47 --> Could not find the language line "Tạo Đơn Hàng"
ERROR - 2020-01-16 11:08:47 --> Severity: Warning --> Invalid argument supplied for foreach() /home/admin/domains/spshd.com/public_html/khachhang/application/views/tab4.php 394
ERROR - 2020-01-16 11:08:47 --> Could not find the language line "Đóng"
ERROR - 2020-01-16 11:08:47 --> Could not find the language line "Xác Nhận"
ERROR - 2020-01-16 11:08:47 --> Severity: Warning --> Invalid argument supplied for foreach() /home/admin/domains/spshd.com/public_html/khachhang/application/views/app.php 157
ERROR - 2020-01-16 11:08:47 --> Severity: Warning --> Invalid argument supplied for foreach() /home/admin/domains/spshd.com/public_html/khachhang/application/views/app.php 168
ERROR - 2020-01-16 11:08:47 --> Could not find the language line "Đóng"
ERROR - 2020-01-16 11:08:47 --> Could not find the language line "Xác Nhận"
ERROR - 2020-01-16 11:08:47 --> Could not find the language line "Đóng"
ERROR - 2020-01-16 11:08:47 --> Could not find the language line "Xác Nhận"
ERROR - 2020-01-16 11:14:26 --> Could not find the language line "Tạo Điểm Lấy Hàng"
ERROR - 2020-01-16 11:14:26 --> Could not find the language line "Tạo Đơn Hàng"
ERROR - 2020-01-16 11:14:26 --> Severity: Warning --> Invalid argument supplied for foreach() /home/admin/domains/spshd.com/public_html/khachhang/application/views/tab4.php 394
ERROR - 2020-01-16 11:14:26 --> Could not find the language line "Đóng"
ERROR - 2020-01-16 11:14:26 --> Could not find the language line "Xác Nhận"
ERROR - 2020-01-16 11:14:26 --> Severity: Warning --> Invalid argument supplied for foreach() /home/admin/domains/spshd.com/public_html/khachhang/application/views/app.php 157
ERROR - 2020-01-16 11:14:26 --> Severity: Warning --> Invalid argument supplied for foreach() /home/admin/domains/spshd.com/public_html/khachhang/application/views/app.php 168
ERROR - 2020-01-16 11:14:26 --> Could not find the language line "Đóng"
ERROR - 2020-01-16 11:14:26 --> Could not find the language line "Xác Nhận"
ERROR - 2020-01-16 11:14:26 --> Could not find the language line "Đóng"
ERROR - 2020-01-16 11:14:26 --> Could not find the language line "Xác Nhận"
ERROR - 2020-01-16 13:18:56 --> Could not find the language line "Email"
ERROR - 2020-01-16 13:18:56 --> Could not find the language line "password"
ERROR - 2020-01-16 14:13:05 --> Could not find the language line "Tạo Điểm Lấy Hàng"
ERROR - 2020-01-16 14:13:05 --> Could not find the language line "Tạo Đơn Hàng"
ERROR - 2020-01-16 14:13:05 --> Severity: Warning --> Invalid argument supplied for foreach() /home/admin/domains/spshd.com/public_html/khachhang/application/views/tab4.php 394
ERROR - 2020-01-16 14:13:05 --> Could not find the language line "Đóng"
ERROR - 2020-01-16 14:13:05 --> Could not find the language line "Xác Nhận"
ERROR - 2020-01-16 14:13:05 --> Severity: Warning --> Invalid argument supplied for foreach() /home/admin/domains/spshd.com/public_html/khachhang/application/views/app.php 157
ERROR - 2020-01-16 14:13:05 --> Severity: Warning --> Invalid argument supplied for foreach() /home/admin/domains/spshd.com/public_html/khachhang/application/views/app.php 168
ERROR - 2020-01-16 14:13:05 --> Could not find the language line "Đóng"
ERROR - 2020-01-16 14:13:05 --> Could not find the language line "Xác Nhận"
ERROR - 2020-01-16 14:13:05 --> Could not find the language line "Đóng"
ERROR - 2020-01-16 14:13:05 --> Could not find the language line "Xác Nhận"
ERROR - 2020-01-16 14:26:03 --> Could not find the language line "Tạo Điểm Lấy Hàng"
ERROR - 2020-01-16 14:26:03 --> Could not find the language line "Tạo Đơn Hàng"
ERROR - 2020-01-16 14:26:03 --> Severity: Warning --> Invalid argument supplied for foreach() /home/admin/domains/spshd.com/public_html/khachhang/application/views/tab4.php 394
ERROR - 2020-01-16 14:26:03 --> Could not find the language line "Đóng"
ERROR - 2020-01-16 14:26:03 --> Could not find the language line "Xác Nhận"
ERROR - 2020-01-16 14:26:03 --> Severity: Warning --> Invalid argument supplied for foreach() /home/admin/domains/spshd.com/public_html/khachhang/application/views/app.php 157
ERROR - 2020-01-16 14:26:03 --> Severity: Warning --> Invalid argument supplied for foreach() /home/admin/domains/spshd.com/public_html/khachhang/application/views/app.php 168
ERROR - 2020-01-16 14:26:03 --> Could not find the language line "Đóng"
ERROR - 2020-01-16 14:26:03 --> Could not find the language line "Xác Nhận"
ERROR - 2020-01-16 14:26:03 --> Could not find the language line "Đóng"
ERROR - 2020-01-16 14:26:03 --> Could not find the language line "Xác Nhận"
ERROR - 2020-01-16 14:26:04 --> Could not find the language line "Tạo Điểm Lấy Hàng"
ERROR - 2020-01-16 14:26:04 --> Could not find the language line "Tạo Đơn Hàng"
ERROR - 2020-01-16 14:26:04 --> Severity: Warning --> Invalid argument supplied for foreach() /home/admin/domains/spshd.com/public_html/khachhang/application/views/tab4.php 394
ERROR - 2020-01-16 14:26:04 --> Could not find the language line "Đóng"
ERROR - 2020-01-16 14:26:04 --> Could not find the language line "Xác Nhận"
ERROR - 2020-01-16 14:26:04 --> Severity: Warning --> Invalid argument supplied for foreach() /home/admin/domains/spshd.com/public_html/khachhang/application/views/app.php 157
ERROR - 2020-01-16 14:26:04 --> Severity: Warning --> Invalid argument supplied for foreach() /home/admin/domains/spshd.com/public_html/khachhang/application/views/app.php 168
ERROR - 2020-01-16 14:26:04 --> Could not find the language line "Đóng"
ERROR - 2020-01-16 14:26:04 --> Could not find the language line "Xác Nhận"
ERROR - 2020-01-16 14:26:04 --> Could not find the language line "Đóng"
ERROR - 2020-01-16 14:26:04 --> Could not find the language line "Xác Nhận"
ERROR - 2020-01-16 14:58:03 --> Could not find the language line "Email"
ERROR - 2020-01-16 14:58:03 --> Could not find the language line "password"
ERROR - 2020-01-16 23:18:17 --> Could not find the language line "Email"
ERROR - 2020-01-16 23:18:17 --> Could not find the language line "password"
