ERROR - 2020-03-22 01:32:12 --> Could not find the language line "Tạo Điểm Lấy Hàng"
ERROR - 2020-03-22 01:32:12 --> Could not find the language line "Tạo Đơn Hàng"
ERROR - 2020-03-22 01:32:12 --> Severity: Warning --> Invalid argument supplied for foreach() /home/admin/domains/spshd.com/public_html/khachhang/application/views/tab4.php 394
ERROR - 2020-03-22 01:32:12 --> Could not find the language line "Đóng"
ERROR - 2020-03-22 01:32:12 --> Could not find the language line "Xác Nhận"
ERROR - 2020-03-22 01:32:12 --> Severity: Warning --> Invalid argument supplied for foreach() /home/admin/domains/spshd.com/public_html/khachhang/application/views/app.php 161
ERROR - 2020-03-22 01:32:12 --> Severity: Warning --> Invalid argument supplied for foreach() /home/admin/domains/spshd.com/public_html/khachhang/application/views/app.php 172
ERROR - 2020-03-22 01:32:12 --> Could not find the language line "Đóng"
ERROR - 2020-03-22 01:32:12 --> Could not find the language line "Xác Nhận"
ERROR - 2020-03-22 01:32:12 --> Could not find the language line "Đóng"
ERROR - 2020-03-22 01:32:12 --> Could not find the language line "Xác Nhận"
ERROR - 2020-03-22 02:30:39 --> Could not find the language line "Tạo Điểm Lấy Hàng"
ERROR - 2020-03-22 02:30:39 --> Could not find the language line "Tạo Đơn Hàng"
ERROR - 2020-03-22 02:30:39 --> Severity: Warning --> Invalid argument supplied for foreach() /home/admin/domains/spshd.com/public_html/khachhang/application/views/tab4.php 394
ERROR - 2020-03-22 02:30:39 --> Could not find the language line "Đóng"
ERROR - 2020-03-22 02:30:39 --> Could not find the language line "Xác Nhận"
ERROR - 2020-03-22 02:30:39 --> Severity: Warning --> Invalid argument supplied for foreach() /home/admin/domains/spshd.com/public_html/khachhang/application/views/app.php 161
ERROR - 2020-03-22 02:30:39 --> Severity: Warning --> Invalid argument supplied for foreach() /home/admin/domains/spshd.com/public_html/khachhang/application/views/app.php 172
ERROR - 2020-03-22 02:30:39 --> Could not find the language line "Đóng"
ERROR - 2020-03-22 02:30:39 --> Could not find the language line "Xác Nhận"
ERROR - 2020-03-22 02:30:39 --> Could not find the language line "Đóng"
ERROR - 2020-03-22 02:30:39 --> Could not find the language line "Xác Nhận"
ERROR - 2020-03-22 03:19:22 --> Could not find the language line "Tạo Điểm Lấy Hàng"
ERROR - 2020-03-22 03:19:22 --> Could not find the language line "Tạo Đơn Hàng"
ERROR - 2020-03-22 03:19:22 --> Severity: Warning --> Invalid argument supplied for foreach() /home/admin/domains/spshd.com/public_html/khachhang/application/views/tab4.php 394
ERROR - 2020-03-22 03:19:22 --> Could not find the language line "Đóng"
ERROR - 2020-03-22 03:19:22 --> Could not find the language line "Xác Nhận"
ERROR - 2020-03-22 03:19:22 --> Severity: Warning --> Invalid argument supplied for foreach() /home/admin/domains/spshd.com/public_html/khachhang/application/views/app.php 161
ERROR - 2020-03-22 03:19:22 --> Severity: Warning --> Invalid argument supplied for foreach() /home/admin/domains/spshd.com/public_html/khachhang/application/views/app.php 172
ERROR - 2020-03-22 03:19:22 --> Could not find the language line "Đóng"
ERROR - 2020-03-22 03:19:22 --> Could not find the language line "Xác Nhận"
ERROR - 2020-03-22 03:19:22 --> Could not find the language line "Đóng"
ERROR - 2020-03-22 03:19:22 --> Could not find the language line "Xác Nhận"
ERROR - 2020-03-22 03:42:57 --> Could not find the language line "Tạo Điểm Lấy Hàng"
ERROR - 2020-03-22 03:42:57 --> Could not find the language line "Tạo Đơn Hàng"
ERROR - 2020-03-22 03:42:57 --> Severity: Warning --> Invalid argument supplied for foreach() /home/admin/domains/spshd.com/public_html/khachhang/application/views/tab4.php 394
ERROR - 2020-03-22 03:42:57 --> Could not find the language line "Đóng"
ERROR - 2020-03-22 03:42:57 --> Could not find the language line "Xác Nhận"
ERROR - 2020-03-22 03:42:57 --> Severity: Warning --> Invalid argument supplied for foreach() /home/admin/domains/spshd.com/public_html/khachhang/application/views/app.php 161
ERROR - 2020-03-22 03:42:57 --> Severity: Warning --> Invalid argument supplied for foreach() /home/admin/domains/spshd.com/public_html/khachhang/application/views/app.php 172
ERROR - 2020-03-22 03:42:57 --> Could not find the language line "Đóng"
ERROR - 2020-03-22 03:42:57 --> Could not find the language line "Xác Nhận"
ERROR - 2020-03-22 03:42:57 --> Could not find the language line "Đóng"
ERROR - 2020-03-22 03:42:57 --> Could not find the language line "Xác Nhận"
ERROR - 2020-03-22 03:43:48 --> Could not find the language line "Tạo Điểm Lấy Hàng"
ERROR - 2020-03-22 03:43:48 --> Could not find the language line "Tạo Đơn Hàng"
ERROR - 2020-03-22 03:43:48 --> Severity: Warning --> Invalid argument supplied for foreach() /home/admin/domains/spshd.com/public_html/khachhang/application/views/tab4.php 394
ERROR - 2020-03-22 03:43:48 --> Could not find the language line "Đóng"
ERROR - 2020-03-22 03:43:48 --> Could not find the language line "Xác Nhận"
ERROR - 2020-03-22 03:43:48 --> Severity: Warning --> Invalid argument supplied for foreach() /home/admin/domains/spshd.com/public_html/khachhang/application/views/app.php 161
ERROR - 2020-03-22 03:43:48 --> Severity: Warning --> Invalid argument supplied for foreach() /home/admin/domains/spshd.com/public_html/khachhang/application/views/app.php 172
ERROR - 2020-03-22 03:43:48 --> Could not find the language line "Đóng"
ERROR - 2020-03-22 03:43:48 --> Could not find the language line "Xác Nhận"
ERROR - 2020-03-22 03:43:48 --> Could not find the language line "Đóng"
ERROR - 2020-03-22 03:43:48 --> Could not find the language line "Xác Nhận"
ERROR - 2020-03-22 03:43:56 --> Could not find the language line "Tạo Điểm Lấy Hàng"
ERROR - 2020-03-22 03:43:56 --> Could not find the language line "Tạo Đơn Hàng"
ERROR - 2020-03-22 03:43:56 --> Severity: Warning --> Invalid argument supplied for foreach() /home/admin/domains/spshd.com/public_html/khachhang/application/views/tab4.php 394
ERROR - 2020-03-22 03:43:56 --> Could not find the language line "Đóng"
ERROR - 2020-03-22 03:43:56 --> Could not find the language line "Xác Nhận"
ERROR - 2020-03-22 03:43:56 --> Severity: Warning --> Invalid argument supplied for foreach() /home/admin/domains/spshd.com/public_html/khachhang/application/views/app.php 161
ERROR - 2020-03-22 03:43:56 --> Severity: Warning --> Invalid argument supplied for foreach() /home/admin/domains/spshd.com/public_html/khachhang/application/views/app.php 172
ERROR - 2020-03-22 03:43:56 --> Could not find the language line "Đóng"
ERROR - 2020-03-22 03:43:56 --> Could not find the language line "Xác Nhận"
ERROR - 2020-03-22 03:43:56 --> Could not find the language line "Đóng"
ERROR - 2020-03-22 03:43:56 --> Could not find the language line "Xác Nhận"
ERROR - 2020-03-22 04:49:29 --> Could not find the language line "Tạo Điểm Lấy Hàng"
ERROR - 2020-03-22 04:49:29 --> Could not find the language line "Tạo Đơn Hàng"
ERROR - 2020-03-22 04:49:29 --> Severity: Warning --> Invalid argument supplied for foreach() /home/admin/domains/spshd.com/public_html/khachhang/application/views/tab4.php 394
ERROR - 2020-03-22 04:49:29 --> Could not find the language line "Đóng"
ERROR - 2020-03-22 04:49:29 --> Could not find the language line "Xác Nhận"
ERROR - 2020-03-22 04:49:29 --> Severity: Warning --> Invalid argument supplied for foreach() /home/admin/domains/spshd.com/public_html/khachhang/application/views/app.php 161
ERROR - 2020-03-22 04:49:29 --> Severity: Warning --> Invalid argument supplied for foreach() /home/admin/domains/spshd.com/public_html/khachhang/application/views/app.php 172
ERROR - 2020-03-22 04:49:29 --> Could not find the language line "Đóng"
ERROR - 2020-03-22 04:49:29 --> Could not find the language line "Xác Nhận"
ERROR - 2020-03-22 04:49:29 --> Could not find the language line "Đóng"
ERROR - 2020-03-22 04:49:29 --> Could not find the language line "Xác Nhận"
ERROR - 2020-03-22 05:16:16 --> Could not find the language line "Tạo Điểm Lấy Hàng"
ERROR - 2020-03-22 05:16:16 --> Could not find the language line "Tạo Đơn Hàng"
ERROR - 2020-03-22 05:16:16 --> Severity: Warning --> Invalid argument supplied for foreach() /home/admin/domains/spshd.com/public_html/khachhang/application/views/tab4.php 394
ERROR - 2020-03-22 05:16:16 --> Could not find the language line "Đóng"
ERROR - 2020-03-22 05:16:16 --> Could not find the language line "Xác Nhận"
ERROR - 2020-03-22 05:16:16 --> Severity: Warning --> Invalid argument supplied for foreach() /home/admin/domains/spshd.com/public_html/khachhang/application/views/app.php 161
ERROR - 2020-03-22 05:16:16 --> Severity: Warning --> Invalid argument supplied for foreach() /home/admin/domains/spshd.com/public_html/khachhang/application/views/app.php 172
ERROR - 2020-03-22 05:16:16 --> Could not find the language line "Đóng"
ERROR - 2020-03-22 05:16:16 --> Could not find the language line "Xác Nhận"
ERROR - 2020-03-22 05:16:16 --> Could not find the language line "Đóng"
ERROR - 2020-03-22 05:16:16 --> Could not find the language line "Xác Nhận"
ERROR - 2020-03-22 05:16:16 --> Could not find the language line "Tạo Điểm Lấy Hàng"
ERROR - 2020-03-22 05:16:16 --> Could not find the language line "Tạo Đơn Hàng"
ERROR - 2020-03-22 05:16:16 --> Severity: Warning --> Invalid argument supplied for foreach() /home/admin/domains/spshd.com/public_html/khachhang/application/views/tab4.php 394
ERROR - 2020-03-22 05:16:16 --> Could not find the language line "Đóng"
ERROR - 2020-03-22 05:16:16 --> Could not find the language line "Xác Nhận"
ERROR - 2020-03-22 05:16:16 --> Severity: Warning --> Invalid argument supplied for foreach() /home/admin/domains/spshd.com/public_html/khachhang/application/views/app.php 161
ERROR - 2020-03-22 05:16:16 --> Severity: Warning --> Invalid argument supplied for foreach() /home/admin/domains/spshd.com/public_html/khachhang/application/views/app.php 172
ERROR - 2020-03-22 05:16:16 --> Could not find the language line "Đóng"
ERROR - 2020-03-22 05:16:16 --> Could not find the language line "Xác Nhận"
ERROR - 2020-03-22 05:16:16 --> Could not find the language line "Đóng"
ERROR - 2020-03-22 05:16:16 --> Could not find the language line "Xác Nhận"
ERROR - 2020-03-22 05:30:14 --> Could not find the language line "Tạo Điểm Lấy Hàng"
ERROR - 2020-03-22 05:30:14 --> Could not find the language line "Tạo Đơn Hàng"
ERROR - 2020-03-22 05:30:14 --> Severity: Warning --> Invalid argument supplied for foreach() /home/admin/domains/spshd.com/public_html/khachhang/application/views/tab4.php 394
ERROR - 2020-03-22 05:30:14 --> Could not find the language line "Đóng"
ERROR - 2020-03-22 05:30:14 --> Could not find the language line "Xác Nhận"
ERROR - 2020-03-22 05:30:14 --> Severity: Warning --> Invalid argument supplied for foreach() /home/admin/domains/spshd.com/public_html/khachhang/application/views/app.php 161
ERROR - 2020-03-22 05:30:14 --> Severity: Warning --> Invalid argument supplied for foreach() /home/admin/domains/spshd.com/public_html/khachhang/application/views/app.php 172
ERROR - 2020-03-22 05:30:14 --> Could not find the language line "Đóng"
ERROR - 2020-03-22 05:30:14 --> Could not find the language line "Xác Nhận"
ERROR - 2020-03-22 05:30:14 --> Could not find the language line "Đóng"
ERROR - 2020-03-22 05:30:14 --> Could not find the language line "Xác Nhận"
ERROR - 2020-03-22 05:57:09 --> Could not find the language line "Tạo Điểm Lấy Hàng"
ERROR - 2020-03-22 05:57:09 --> Could not find the language line "Tạo Đơn Hàng"
ERROR - 2020-03-22 05:57:09 --> Severity: Warning --> Invalid argument supplied for foreach() /home/admin/domains/spshd.com/public_html/khachhang/application/views/tab4.php 394
ERROR - 2020-03-22 05:57:09 --> Could not find the language line "Đóng"
ERROR - 2020-03-22 05:57:09 --> Could not find the language line "Xác Nhận"
ERROR - 2020-03-22 05:57:09 --> Severity: Warning --> Invalid argument supplied for foreach() /home/admin/domains/spshd.com/public_html/khachhang/application/views/app.php 161
ERROR - 2020-03-22 05:57:09 --> Severity: Warning --> Invalid argument supplied for foreach() /home/admin/domains/spshd.com/public_html/khachhang/application/views/app.php 172
ERROR - 2020-03-22 05:57:09 --> Could not find the language line "Đóng"
ERROR - 2020-03-22 05:57:09 --> Could not find the language line "Xác Nhận"
ERROR - 2020-03-22 05:57:09 --> Could not find the language line "Đóng"
ERROR - 2020-03-22 05:57:09 --> Could not find the language line "Xác Nhận"
ERROR - 2020-03-22 05:57:10 --> Could not find the language line "Tạo Điểm Lấy Hàng"
ERROR - 2020-03-22 05:57:10 --> Could not find the language line "Tạo Đơn Hàng"
ERROR - 2020-03-22 05:57:10 --> Severity: Warning --> Invalid argument supplied for foreach() /home/admin/domains/spshd.com/public_html/khachhang/application/views/tab4.php 394
ERROR - 2020-03-22 05:57:10 --> Could not find the language line "Đóng"
ERROR - 2020-03-22 05:57:10 --> Could not find the language line "Xác Nhận"
ERROR - 2020-03-22 05:57:10 --> Severity: Warning --> Invalid argument supplied for foreach() /home/admin/domains/spshd.com/public_html/khachhang/application/views/app.php 161
ERROR - 2020-03-22 05:57:10 --> Severity: Warning --> Invalid argument supplied for foreach() /home/admin/domains/spshd.com/public_html/khachhang/application/views/app.php 172
ERROR - 2020-03-22 05:57:10 --> Could not find the language line "Đóng"
ERROR - 2020-03-22 05:57:10 --> Could not find the language line "Xác Nhận"
ERROR - 2020-03-22 05:57:10 --> Could not find the language line "Đóng"
ERROR - 2020-03-22 05:57:10 --> Could not find the language line "Xác Nhận"
ERROR - 2020-03-22 06:45:11 --> Could not find the language line "Tạo Điểm Lấy Hàng"
ERROR - 2020-03-22 06:45:11 --> Could not find the language line "Tạo Đơn Hàng"
ERROR - 2020-03-22 06:45:11 --> Severity: Warning --> Invalid argument supplied for foreach() /home/admin/domains/spshd.com/public_html/khachhang/application/views/tab4.php 394
ERROR - 2020-03-22 06:45:11 --> Could not find the language line "Đóng"
ERROR - 2020-03-22 06:45:11 --> Could not find the language line "Xác Nhận"
ERROR - 2020-03-22 06:45:11 --> Severity: Warning --> Invalid argument supplied for foreach() /home/admin/domains/spshd.com/public_html/khachhang/application/views/app.php 161
ERROR - 2020-03-22 06:45:11 --> Severity: Warning --> Invalid argument supplied for foreach() /home/admin/domains/spshd.com/public_html/khachhang/application/views/app.php 172
ERROR - 2020-03-22 06:45:11 --> Could not find the language line "Đóng"
ERROR - 2020-03-22 06:45:11 --> Could not find the language line "Xác Nhận"
ERROR - 2020-03-22 06:45:11 --> Could not find the language line "Đóng"
ERROR - 2020-03-22 06:45:11 --> Could not find the language line "Xác Nhận"
ERROR - 2020-03-22 09:59:59 --> Could not find the language line "Tạo Điểm Lấy Hàng"
ERROR - 2020-03-22 09:59:59 --> Could not find the language line "Tạo Đơn Hàng"
ERROR - 2020-03-22 09:59:59 --> Severity: Warning --> Invalid argument supplied for foreach() /home/admin/domains/spshd.com/public_html/khachhang/application/views/tab4.php 394
ERROR - 2020-03-22 09:59:59 --> Could not find the language line "Đóng"
ERROR - 2020-03-22 09:59:59 --> Could not find the language line "Xác Nhận"
ERROR - 2020-03-22 09:59:59 --> Severity: Warning --> Invalid argument supplied for foreach() /home/admin/domains/spshd.com/public_html/khachhang/application/views/app.php 161
ERROR - 2020-03-22 09:59:59 --> Severity: Warning --> Invalid argument supplied for foreach() /home/admin/domains/spshd.com/public_html/khachhang/application/views/app.php 172
ERROR - 2020-03-22 09:59:59 --> Could not find the language line "Đóng"
ERROR - 2020-03-22 09:59:59 --> Could not find the language line "Xác Nhận"
ERROR - 2020-03-22 09:59:59 --> Could not find the language line "Đóng"
ERROR - 2020-03-22 09:59:59 --> Could not find the language line "Xác Nhận"
ERROR - 2020-03-22 10:19:45 --> Could not find the language line "Tạo Điểm Lấy Hàng"
ERROR - 2020-03-22 10:19:45 --> Could not find the language line "Tạo Đơn Hàng"
ERROR - 2020-03-22 10:19:45 --> Severity: Warning --> Invalid argument supplied for foreach() /home/admin/domains/spshd.com/public_html/khachhang/application/views/tab4.php 394
ERROR - 2020-03-22 10:19:45 --> Could not find the language line "Đóng"
ERROR - 2020-03-22 10:19:45 --> Could not find the language line "Xác Nhận"
ERROR - 2020-03-22 10:19:45 --> Severity: Warning --> Invalid argument supplied for foreach() /home/admin/domains/spshd.com/public_html/khachhang/application/views/app.php 161
ERROR - 2020-03-22 10:19:45 --> Severity: Warning --> Invalid argument supplied for foreach() /home/admin/domains/spshd.com/public_html/khachhang/application/views/app.php 172
ERROR - 2020-03-22 10:19:45 --> Could not find the language line "Đóng"
ERROR - 2020-03-22 10:19:45 --> Could not find the language line "Xác Nhận"
ERROR - 2020-03-22 10:19:45 --> Could not find the language line "Đóng"
ERROR - 2020-03-22 10:19:45 --> Could not find the language line "Xác Nhận"
ERROR - 2020-03-22 10:19:45 --> Could not find the language line "Tạo Điểm Lấy Hàng"
ERROR - 2020-03-22 10:19:45 --> Could not find the language line "Tạo Đơn Hàng"
ERROR - 2020-03-22 10:19:45 --> Severity: Warning --> Invalid argument supplied for foreach() /home/admin/domains/spshd.com/public_html/khachhang/application/views/tab4.php 394
ERROR - 2020-03-22 10:19:45 --> Could not find the language line "Đóng"
ERROR - 2020-03-22 10:19:45 --> Could not find the language line "Xác Nhận"
ERROR - 2020-03-22 10:19:45 --> Severity: Warning --> Invalid argument supplied for foreach() /home/admin/domains/spshd.com/public_html/khachhang/application/views/app.php 161
ERROR - 2020-03-22 10:19:45 --> Severity: Warning --> Invalid argument supplied for foreach() /home/admin/domains/spshd.com/public_html/khachhang/application/views/app.php 172
ERROR - 2020-03-22 10:19:45 --> Could not find the language line "Đóng"
ERROR - 2020-03-22 10:19:45 --> Could not find the language line "Xác Nhận"
ERROR - 2020-03-22 10:19:45 --> Could not find the language line "Đóng"
ERROR - 2020-03-22 10:19:45 --> Could not find the language line "Xác Nhận"
ERROR - 2020-03-22 13:52:57 --> Could not find the language line "Email"
ERROR - 2020-03-22 13:52:57 --> Could not find the language line "password"
ERROR - 2020-03-22 13:53:09 --> Could not find the language line "Email"
ERROR - 2020-03-22 13:53:09 --> Could not find the language line "password"
ERROR - 2020-03-22 13:53:30 --> Could not find the language line "Tạo Điểm Lấy Hàng"
ERROR - 2020-03-22 13:53:30 --> Could not find the language line "Tạo Đơn Hàng"
ERROR - 2020-03-22 13:53:30 --> Severity: Warning --> Invalid argument supplied for foreach() /home/admin/domains/spshd.com/public_html/khachhang/application/views/tab4.php 394
ERROR - 2020-03-22 13:53:30 --> Could not find the language line "Đóng"
ERROR - 2020-03-22 13:53:30 --> Could not find the language line "Xác Nhận"
ERROR - 2020-03-22 13:53:30 --> Severity: Warning --> Invalid argument supplied for foreach() /home/admin/domains/spshd.com/public_html/khachhang/application/views/app.php 161
ERROR - 2020-03-22 13:53:30 --> Severity: Warning --> Invalid argument supplied for foreach() /home/admin/domains/spshd.com/public_html/khachhang/application/views/app.php 172
ERROR - 2020-03-22 13:53:30 --> Could not find the language line "Đóng"
ERROR - 2020-03-22 13:53:30 --> Could not find the language line "Xác Nhận"
ERROR - 2020-03-22 13:53:30 --> Could not find the language line "Đóng"
ERROR - 2020-03-22 13:53:30 --> Could not find the language line "Xác Nhận"
ERROR - 2020-03-22 13:53:42 --> Could not find the language line "Tạo Điểm Lấy Hàng"
ERROR - 2020-03-22 13:53:42 --> Could not find the language line "Tạo Đơn Hàng"
ERROR - 2020-03-22 13:53:42 --> Severity: Warning --> Invalid argument supplied for foreach() /home/admin/domains/spshd.com/public_html/khachhang/application/views/tab4.php 394
ERROR - 2020-03-22 13:53:42 --> Could not find the language line "Đóng"
ERROR - 2020-03-22 13:53:42 --> Could not find the language line "Xác Nhận"
ERROR - 2020-03-22 13:53:42 --> Severity: Warning --> Invalid argument supplied for foreach() /home/admin/domains/spshd.com/public_html/khachhang/application/views/app.php 161
ERROR - 2020-03-22 13:53:42 --> Severity: Warning --> Invalid argument supplied for foreach() /home/admin/domains/spshd.com/public_html/khachhang/application/views/app.php 172
ERROR - 2020-03-22 13:53:42 --> Could not find the language line "Đóng"
ERROR - 2020-03-22 13:53:42 --> Could not find the language line "Xác Nhận"
ERROR - 2020-03-22 13:53:42 --> Could not find the language line "Đóng"
ERROR - 2020-03-22 13:53:42 --> Could not find the language line "Xác Nhận"
ERROR - 2020-03-22 13:53:50 --> Could not find the language line "Tạo Điểm Lấy Hàng"
ERROR - 2020-03-22 13:53:50 --> Could not find the language line "Tạo Đơn Hàng"
ERROR - 2020-03-22 13:53:50 --> Severity: Warning --> Invalid argument supplied for foreach() /home/admin/domains/spshd.com/public_html/khachhang/application/views/tab4.php 394
ERROR - 2020-03-22 13:53:50 --> Could not find the language line "Đóng"
ERROR - 2020-03-22 13:53:50 --> Could not find the language line "Xác Nhận"
ERROR - 2020-03-22 13:53:50 --> Severity: Warning --> Invalid argument supplied for foreach() /home/admin/domains/spshd.com/public_html/khachhang/application/views/app.php 161
ERROR - 2020-03-22 13:53:50 --> Severity: Warning --> Invalid argument supplied for foreach() /home/admin/domains/spshd.com/public_html/khachhang/application/views/app.php 172
ERROR - 2020-03-22 13:53:50 --> Could not find the language line "Đóng"
ERROR - 2020-03-22 13:53:50 --> Could not find the language line "Xác Nhận"
ERROR - 2020-03-22 13:53:50 --> Could not find the language line "Đóng"
ERROR - 2020-03-22 13:53:50 --> Could not find the language line "Xác Nhận"
ERROR - 2020-03-22 13:53:56 --> Could not find the language line "Email"
ERROR - 2020-03-22 13:53:56 --> Could not find the language line "password"
ERROR - 2020-03-22 13:54:01 --> Could not find the language line "Email"
ERROR - 2020-03-22 13:54:01 --> Could not find the language line "password"
ERROR - 2020-03-22 13:54:10 --> Could not find the language line "Tạo Điểm Lấy Hàng"
ERROR - 2020-03-22 13:54:10 --> Could not find the language line "Tạo Đơn Hàng"
ERROR - 2020-03-22 13:54:10 --> Severity: Warning --> Invalid argument supplied for foreach() /home/admin/domains/spshd.com/public_html/khachhang/application/views/tab4.php 394
ERROR - 2020-03-22 13:54:10 --> Could not find the language line "Đóng"
ERROR - 2020-03-22 13:54:10 --> Could not find the language line "Xác Nhận"
ERROR - 2020-03-22 13:54:10 --> Severity: Warning --> Invalid argument supplied for foreach() /home/admin/domains/spshd.com/public_html/khachhang/application/views/app.php 161
ERROR - 2020-03-22 13:54:10 --> Severity: Warning --> Invalid argument supplied for foreach() /home/admin/domains/spshd.com/public_html/khachhang/application/views/app.php 172
ERROR - 2020-03-22 13:54:10 --> Could not find the language line "Đóng"
ERROR - 2020-03-22 13:54:10 --> Could not find the language line "Xác Nhận"
ERROR - 2020-03-22 13:54:10 --> Could not find the language line "Đóng"
ERROR - 2020-03-22 13:54:10 --> Could not find the language line "Xác Nhận"
ERROR - 2020-03-22 13:55:28 --> Could not find the language line "Email"
ERROR - 2020-03-22 13:55:28 --> Could not find the language line "password"
ERROR - 2020-03-22 13:58:04 --> Could not find the language line "Email"
ERROR - 2020-03-22 13:58:04 --> Could not find the language line "password"
ERROR - 2020-03-22 13:58:25 --> Could not find the language line "Email"
ERROR - 2020-03-22 13:58:25 --> Could not find the language line "password"
ERROR - 2020-03-22 13:58:28 --> Could not find the language line "Email"
ERROR - 2020-03-22 13:58:28 --> Could not find the language line "password"
ERROR - 2020-03-22 13:58:30 --> Could not find the language line "Email"
ERROR - 2020-03-22 13:58:30 --> Could not find the language line "password"
ERROR - 2020-03-22 14:02:32 --> Could not find the language line "Tạo Điểm Lấy Hàng"
ERROR - 2020-03-22 14:02:32 --> Could not find the language line "Tạo Đơn Hàng"
ERROR - 2020-03-22 14:02:32 --> Severity: Warning --> Invalid argument supplied for foreach() /home/admin/domains/spshd.com/public_html/khachhang/application/views/tab4.php 394
ERROR - 2020-03-22 14:02:32 --> Could not find the language line "Đóng"
ERROR - 2020-03-22 14:02:32 --> Could not find the language line "Xác Nhận"
ERROR - 2020-03-22 14:02:32 --> Severity: Warning --> Invalid argument supplied for foreach() /home/admin/domains/spshd.com/public_html/khachhang/application/views/app.php 161
ERROR - 2020-03-22 14:02:32 --> Severity: Warning --> Invalid argument supplied for foreach() /home/admin/domains/spshd.com/public_html/khachhang/application/views/app.php 172
ERROR - 2020-03-22 14:02:32 --> Could not find the language line "Đóng"
ERROR - 2020-03-22 14:02:32 --> Could not find the language line "Xác Nhận"
ERROR - 2020-03-22 14:02:32 --> Could not find the language line "Đóng"
ERROR - 2020-03-22 14:02:32 --> Could not find the language line "Xác Nhận"
ERROR - 2020-03-22 14:04:18 --> Could not find the language line "Email"
ERROR - 2020-03-22 14:04:18 --> Could not find the language line "password"
ERROR - 2020-03-22 14:04:24 --> Could not find the language line "Email"
ERROR - 2020-03-22 14:04:24 --> Could not find the language line "password"
ERROR - 2020-03-22 14:36:05 --> Could not find the language line "Email"
ERROR - 2020-03-22 14:36:05 --> Could not find the language line "password"
ERROR - 2020-03-22 14:44:21 --> Could not find the language line "Email"
ERROR - 2020-03-22 14:44:21 --> Could not find the language line "password"
ERROR - 2020-03-22 15:06:43 --> Could not find the language line "Email"
ERROR - 2020-03-22 15:06:43 --> Could not find the language line "password"
ERROR - 2020-03-22 15:07:25 --> Could not find the language line "Email"
ERROR - 2020-03-22 15:07:25 --> Could not find the language line "password"
ERROR - 2020-03-22 16:29:36 --> Could not find the language line "Tạo Điểm Lấy Hàng"
ERROR - 2020-03-22 16:29:36 --> Could not find the language line "Tạo Đơn Hàng"
ERROR - 2020-03-22 16:29:36 --> Severity: Warning --> Invalid argument supplied for foreach() /home/admin/domains/spshd.com/public_html/khachhang/application/views/tab4.php 394
ERROR - 2020-03-22 16:29:36 --> Could not find the language line "Đóng"
ERROR - 2020-03-22 16:29:36 --> Could not find the language line "Xác Nhận"
ERROR - 2020-03-22 16:29:36 --> Severity: Warning --> Invalid argument supplied for foreach() /home/admin/domains/spshd.com/public_html/khachhang/application/views/app.php 161
ERROR - 2020-03-22 16:29:36 --> Severity: Warning --> Invalid argument supplied for foreach() /home/admin/domains/spshd.com/public_html/khachhang/application/views/app.php 172
ERROR - 2020-03-22 16:29:36 --> Could not find the language line "Đóng"
ERROR - 2020-03-22 16:29:36 --> Could not find the language line "Xác Nhận"
ERROR - 2020-03-22 16:29:36 --> Could not find the language line "Đóng"
ERROR - 2020-03-22 16:29:36 --> Could not find the language line "Xác Nhận"
