ERROR - 2019-10-14 02:04:45 --> Could not find the language line "Email"
ERROR - 2019-10-14 02:04:45 --> Could not find the language line "password"
ERROR - 2019-10-14 02:09:20 --> Could not find the language line "Tạo Điểm Lấy Hàng"
ERROR - 2019-10-14 02:09:20 --> Could not find the language line "Tạo Đơn Hàng"
ERROR - 2019-10-14 02:09:20 --> Severity: Warning --> Invalid argument supplied for foreach() /home/admin/domains/spshd.com/public_html/khachhang/application/views/tab4.php 394
ERROR - 2019-10-14 02:09:20 --> Could not find the language line "Đóng"
ERROR - 2019-10-14 02:09:20 --> Could not find the language line "Xác Nhận"
ERROR - 2019-10-14 02:09:20 --> Severity: Warning --> Invalid argument supplied for foreach() /home/admin/domains/spshd.com/public_html/khachhang/application/views/app.php 157
ERROR - 2019-10-14 02:09:20 --> Severity: Warning --> Invalid argument supplied for foreach() /home/admin/domains/spshd.com/public_html/khachhang/application/views/app.php 168
ERROR - 2019-10-14 02:09:20 --> Could not find the language line "Đóng"
ERROR - 2019-10-14 02:09:20 --> Could not find the language line "Xác Nhận"
ERROR - 2019-10-14 02:09:20 --> Could not find the language line "Đóng"
ERROR - 2019-10-14 02:09:20 --> Could not find the language line "Xác Nhận"
ERROR - 2019-10-14 03:03:28 --> Could not find the language line "Tạo Điểm Lấy Hàng"
ERROR - 2019-10-14 03:03:28 --> Could not find the language line "Tạo Đơn Hàng"
ERROR - 2019-10-14 03:03:28 --> Severity: Warning --> Invalid argument supplied for foreach() /home/admin/domains/spshd.com/public_html/khachhang/application/views/tab4.php 394
ERROR - 2019-10-14 03:03:28 --> Could not find the language line "Đóng"
ERROR - 2019-10-14 03:03:28 --> Could not find the language line "Xác Nhận"
ERROR - 2019-10-14 03:03:28 --> Severity: Warning --> Invalid argument supplied for foreach() /home/admin/domains/spshd.com/public_html/khachhang/application/views/app.php 157
ERROR - 2019-10-14 03:03:28 --> Severity: Warning --> Invalid argument supplied for foreach() /home/admin/domains/spshd.com/public_html/khachhang/application/views/app.php 168
ERROR - 2019-10-14 03:03:28 --> Could not find the language line "Đóng"
ERROR - 2019-10-14 03:03:28 --> Could not find the language line "Xác Nhận"
ERROR - 2019-10-14 03:03:28 --> Could not find the language line "Đóng"
ERROR - 2019-10-14 03:03:28 --> Could not find the language line "Xác Nhận"
ERROR - 2019-10-14 03:03:34 --> Could not find the language line "Tạo Điểm Lấy Hàng"
ERROR - 2019-10-14 03:03:34 --> Could not find the language line "Tạo Đơn Hàng"
ERROR - 2019-10-14 03:03:34 --> Severity: Warning --> Invalid argument supplied for foreach() /home/admin/domains/spshd.com/public_html/khachhang/application/views/tab4.php 394
ERROR - 2019-10-14 03:03:34 --> Could not find the language line "Đóng"
ERROR - 2019-10-14 03:03:34 --> Could not find the language line "Xác Nhận"
ERROR - 2019-10-14 03:03:34 --> Severity: Warning --> Invalid argument supplied for foreach() /home/admin/domains/spshd.com/public_html/khachhang/application/views/app.php 157
ERROR - 2019-10-14 03:03:34 --> Severity: Warning --> Invalid argument supplied for foreach() /home/admin/domains/spshd.com/public_html/khachhang/application/views/app.php 168
ERROR - 2019-10-14 03:03:34 --> Could not find the language line "Đóng"
ERROR - 2019-10-14 03:03:34 --> Could not find the language line "Xác Nhận"
ERROR - 2019-10-14 03:03:34 --> Could not find the language line "Đóng"
ERROR - 2019-10-14 03:03:34 --> Could not find the language line "Xác Nhận"
ERROR - 2019-10-14 04:32:31 --> Could not find the language line "Tạo Điểm Lấy Hàng"
ERROR - 2019-10-14 04:32:31 --> Could not find the language line "Tạo Đơn Hàng"
ERROR - 2019-10-14 04:32:31 --> Severity: Warning --> Invalid argument supplied for foreach() /home/admin/domains/spshd.com/public_html/khachhang/application/views/tab4.php 394
ERROR - 2019-10-14 04:32:31 --> Could not find the language line "Đóng"
ERROR - 2019-10-14 04:32:32 --> Could not find the language line "Xác Nhận"
ERROR - 2019-10-14 04:32:32 --> Severity: Warning --> Invalid argument supplied for foreach() /home/admin/domains/spshd.com/public_html/khachhang/application/views/app.php 157
ERROR - 2019-10-14 04:32:32 --> Severity: Warning --> Invalid argument supplied for foreach() /home/admin/domains/spshd.com/public_html/khachhang/application/views/app.php 168
ERROR - 2019-10-14 04:32:32 --> Could not find the language line "Đóng"
ERROR - 2019-10-14 04:32:32 --> Could not find the language line "Xác Nhận"
ERROR - 2019-10-14 04:32:32 --> Could not find the language line "Đóng"
ERROR - 2019-10-14 04:32:32 --> Could not find the language line "Xác Nhận"
ERROR - 2019-10-14 04:32:32 --> Could not find the language line "Tạo Điểm Lấy Hàng"
ERROR - 2019-10-14 04:32:32 --> Could not find the language line "Tạo Đơn Hàng"
ERROR - 2019-10-14 04:32:32 --> Severity: Warning --> Invalid argument supplied for foreach() /home/admin/domains/spshd.com/public_html/khachhang/application/views/tab4.php 394
ERROR - 2019-10-14 04:32:32 --> Could not find the language line "Đóng"
ERROR - 2019-10-14 04:32:32 --> Could not find the language line "Xác Nhận"
ERROR - 2019-10-14 04:32:32 --> Severity: Warning --> Invalid argument supplied for foreach() /home/admin/domains/spshd.com/public_html/khachhang/application/views/app.php 157
ERROR - 2019-10-14 04:32:32 --> Severity: Warning --> Invalid argument supplied for foreach() /home/admin/domains/spshd.com/public_html/khachhang/application/views/app.php 168
ERROR - 2019-10-14 04:32:32 --> Could not find the language line "Đóng"
ERROR - 2019-10-14 04:32:32 --> Could not find the language line "Xác Nhận"
ERROR - 2019-10-14 04:32:32 --> Could not find the language line "Đóng"
ERROR - 2019-10-14 04:32:32 --> Could not find the language line "Xác Nhận"
ERROR - 2019-10-14 07:35:27 --> Could not find the language line "Tạo Điểm Lấy Hàng"
ERROR - 2019-10-14 07:35:27 --> Could not find the language line "Tạo Đơn Hàng"
ERROR - 2019-10-14 07:35:27 --> Severity: Warning --> Invalid argument supplied for foreach() /home/admin/domains/spshd.com/public_html/khachhang/application/views/tab4.php 394
ERROR - 2019-10-14 07:35:27 --> Could not find the language line "Đóng"
ERROR - 2019-10-14 07:35:27 --> Could not find the language line "Xác Nhận"
ERROR - 2019-10-14 07:35:27 --> Severity: Warning --> Invalid argument supplied for foreach() /home/admin/domains/spshd.com/public_html/khachhang/application/views/app.php 157
ERROR - 2019-10-14 07:35:27 --> Severity: Warning --> Invalid argument supplied for foreach() /home/admin/domains/spshd.com/public_html/khachhang/application/views/app.php 168
ERROR - 2019-10-14 07:35:27 --> Could not find the language line "Đóng"
ERROR - 2019-10-14 07:35:27 --> Could not find the language line "Xác Nhận"
ERROR - 2019-10-14 07:35:27 --> Could not find the language line "Đóng"
ERROR - 2019-10-14 07:35:27 --> Could not find the language line "Xác Nhận"
ERROR - 2019-10-14 08:43:39 --> Could not find the language line "Tạo Điểm Lấy Hàng"
ERROR - 2019-10-14 08:43:39 --> Could not find the language line "Tạo Đơn Hàng"
ERROR - 2019-10-14 08:43:39 --> Severity: Warning --> Invalid argument supplied for foreach() /home/admin/domains/spshd.com/public_html/khachhang/application/views/tab4.php 394
ERROR - 2019-10-14 08:43:39 --> Could not find the language line "Đóng"
ERROR - 2019-10-14 08:43:39 --> Could not find the language line "Xác Nhận"
ERROR - 2019-10-14 08:43:39 --> Severity: Warning --> Invalid argument supplied for foreach() /home/admin/domains/spshd.com/public_html/khachhang/application/views/app.php 157
ERROR - 2019-10-14 08:43:39 --> Severity: Warning --> Invalid argument supplied for foreach() /home/admin/domains/spshd.com/public_html/khachhang/application/views/app.php 168
ERROR - 2019-10-14 08:43:39 --> Could not find the language line "Đóng"
ERROR - 2019-10-14 08:43:39 --> Could not find the language line "Xác Nhận"
ERROR - 2019-10-14 08:43:39 --> Could not find the language line "Đóng"
ERROR - 2019-10-14 08:43:39 --> Could not find the language line "Xác Nhận"
ERROR - 2019-10-14 09:58:18 --> Could not find the language line "Tạo Điểm Lấy Hàng"
ERROR - 2019-10-14 09:58:18 --> Could not find the language line "Tạo Đơn Hàng"
ERROR - 2019-10-14 09:58:18 --> Severity: Warning --> Invalid argument supplied for foreach() /home/admin/domains/spshd.com/public_html/khachhang/application/views/tab4.php 394
ERROR - 2019-10-14 09:58:18 --> Could not find the language line "Đóng"
ERROR - 2019-10-14 09:58:18 --> Could not find the language line "Xác Nhận"
ERROR - 2019-10-14 09:58:18 --> Severity: Warning --> Invalid argument supplied for foreach() /home/admin/domains/spshd.com/public_html/khachhang/application/views/app.php 157
ERROR - 2019-10-14 09:58:18 --> Severity: Warning --> Invalid argument supplied for foreach() /home/admin/domains/spshd.com/public_html/khachhang/application/views/app.php 168
ERROR - 2019-10-14 09:58:18 --> Could not find the language line "Đóng"
ERROR - 2019-10-14 09:58:18 --> Could not find the language line "Xác Nhận"
ERROR - 2019-10-14 09:58:18 --> Could not find the language line "Đóng"
ERROR - 2019-10-14 09:58:18 --> Could not find the language line "Xác Nhận"
ERROR - 2019-10-14 09:58:31 --> Could not find the language line "Tạo Điểm Lấy Hàng"
ERROR - 2019-10-14 09:58:31 --> Could not find the language line "Tạo Đơn Hàng"
ERROR - 2019-10-14 09:58:31 --> Severity: Warning --> Invalid argument supplied for foreach() /home/admin/domains/spshd.com/public_html/khachhang/application/views/tab4.php 394
ERROR - 2019-10-14 09:58:31 --> Could not find the language line "Đóng"
ERROR - 2019-10-14 09:58:31 --> Could not find the language line "Xác Nhận"
ERROR - 2019-10-14 09:58:31 --> Severity: Warning --> Invalid argument supplied for foreach() /home/admin/domains/spshd.com/public_html/khachhang/application/views/app.php 157
ERROR - 2019-10-14 09:58:31 --> Severity: Warning --> Invalid argument supplied for foreach() /home/admin/domains/spshd.com/public_html/khachhang/application/views/app.php 168
ERROR - 2019-10-14 09:58:31 --> Could not find the language line "Đóng"
ERROR - 2019-10-14 09:58:31 --> Could not find the language line "Xác Nhận"
ERROR - 2019-10-14 09:58:31 --> Could not find the language line "Đóng"
ERROR - 2019-10-14 09:58:31 --> Could not find the language line "Xác Nhận"
ERROR - 2019-10-14 09:59:03 --> Could not find the language line "Tạo Điểm Lấy Hàng"
ERROR - 2019-10-14 09:59:03 --> Could not find the language line "Tạo Đơn Hàng"
ERROR - 2019-10-14 09:59:03 --> Severity: Warning --> Invalid argument supplied for foreach() /home/admin/domains/spshd.com/public_html/khachhang/application/views/tab4.php 394
ERROR - 2019-10-14 09:59:03 --> Could not find the language line "Đóng"
ERROR - 2019-10-14 09:59:03 --> Could not find the language line "Xác Nhận"
ERROR - 2019-10-14 09:59:03 --> Severity: Warning --> Invalid argument supplied for foreach() /home/admin/domains/spshd.com/public_html/khachhang/application/views/app.php 157
ERROR - 2019-10-14 09:59:03 --> Severity: Warning --> Invalid argument supplied for foreach() /home/admin/domains/spshd.com/public_html/khachhang/application/views/app.php 168
ERROR - 2019-10-14 09:59:03 --> Could not find the language line "Đóng"
ERROR - 2019-10-14 09:59:03 --> Could not find the language line "Xác Nhận"
ERROR - 2019-10-14 09:59:03 --> Could not find the language line "Đóng"
ERROR - 2019-10-14 09:59:03 --> Could not find the language line "Xác Nhận"
ERROR - 2019-10-14 10:00:52 --> Could not find the language line "Tạo Điểm Lấy Hàng"
ERROR - 2019-10-14 10:00:52 --> Could not find the language line "Tạo Đơn Hàng"
ERROR - 2019-10-14 10:00:52 --> Severity: Warning --> Invalid argument supplied for foreach() /home/admin/domains/spshd.com/public_html/khachhang/application/views/tab4.php 394
ERROR - 2019-10-14 10:00:52 --> Could not find the language line "Đóng"
ERROR - 2019-10-14 10:00:52 --> Could not find the language line "Xác Nhận"
ERROR - 2019-10-14 10:00:52 --> Severity: Warning --> Invalid argument supplied for foreach() /home/admin/domains/spshd.com/public_html/khachhang/application/views/app.php 157
ERROR - 2019-10-14 10:00:52 --> Severity: Warning --> Invalid argument supplied for foreach() /home/admin/domains/spshd.com/public_html/khachhang/application/views/app.php 168
ERROR - 2019-10-14 10:00:52 --> Could not find the language line "Đóng"
ERROR - 2019-10-14 10:00:52 --> Could not find the language line "Xác Nhận"
ERROR - 2019-10-14 10:00:52 --> Could not find the language line "Đóng"
ERROR - 2019-10-14 10:00:52 --> Could not find the language line "Xác Nhận"
ERROR - 2019-10-14 10:03:05 --> Could not find the language line "Tạo Điểm Lấy Hàng"
ERROR - 2019-10-14 10:03:05 --> Could not find the language line "Tạo Đơn Hàng"
ERROR - 2019-10-14 10:03:05 --> Severity: Warning --> Invalid argument supplied for foreach() /home/admin/domains/spshd.com/public_html/khachhang/application/views/tab4.php 394
ERROR - 2019-10-14 10:03:05 --> Could not find the language line "Đóng"
ERROR - 2019-10-14 10:03:05 --> Could not find the language line "Xác Nhận"
ERROR - 2019-10-14 10:03:05 --> Severity: Warning --> Invalid argument supplied for foreach() /home/admin/domains/spshd.com/public_html/khachhang/application/views/app.php 157
ERROR - 2019-10-14 10:03:05 --> Severity: Warning --> Invalid argument supplied for foreach() /home/admin/domains/spshd.com/public_html/khachhang/application/views/app.php 168
ERROR - 2019-10-14 10:03:05 --> Could not find the language line "Đóng"
ERROR - 2019-10-14 10:03:05 --> Could not find the language line "Xác Nhận"
ERROR - 2019-10-14 10:03:05 --> Could not find the language line "Đóng"
ERROR - 2019-10-14 10:03:05 --> Could not find the language line "Xác Nhận"
ERROR - 2019-10-14 10:05:49 --> Could not find the language line "Tạo Điểm Lấy Hàng"
ERROR - 2019-10-14 10:05:49 --> Could not find the language line "Tạo Đơn Hàng"
ERROR - 2019-10-14 10:05:49 --> Severity: Warning --> Invalid argument supplied for foreach() /home/admin/domains/spshd.com/public_html/khachhang/application/views/tab4.php 394
ERROR - 2019-10-14 10:05:49 --> Could not find the language line "Đóng"
ERROR - 2019-10-14 10:05:49 --> Could not find the language line "Xác Nhận"
ERROR - 2019-10-14 10:05:49 --> Severity: Warning --> Invalid argument supplied for foreach() /home/admin/domains/spshd.com/public_html/khachhang/application/views/app.php 157
ERROR - 2019-10-14 10:05:49 --> Severity: Warning --> Invalid argument supplied for foreach() /home/admin/domains/spshd.com/public_html/khachhang/application/views/app.php 168
ERROR - 2019-10-14 10:05:49 --> Could not find the language line "Đóng"
ERROR - 2019-10-14 10:05:49 --> Could not find the language line "Xác Nhận"
ERROR - 2019-10-14 10:05:49 --> Could not find the language line "Đóng"
ERROR - 2019-10-14 10:05:49 --> Could not find the language line "Xác Nhận"
ERROR - 2019-10-14 10:28:36 --> Could not find the language line "Tạo Điểm Lấy Hàng"
ERROR - 2019-10-14 10:28:36 --> Could not find the language line "Tạo Đơn Hàng"
ERROR - 2019-10-14 10:28:36 --> Severity: Warning --> Invalid argument supplied for foreach() /home/admin/domains/spshd.com/public_html/khachhang/application/views/tab4.php 394
ERROR - 2019-10-14 10:28:36 --> Could not find the language line "Đóng"
ERROR - 2019-10-14 10:28:36 --> Could not find the language line "Xác Nhận"
ERROR - 2019-10-14 10:28:36 --> Severity: Warning --> Invalid argument supplied for foreach() /home/admin/domains/spshd.com/public_html/khachhang/application/views/app.php 157
ERROR - 2019-10-14 10:28:36 --> Severity: Warning --> Invalid argument supplied for foreach() /home/admin/domains/spshd.com/public_html/khachhang/application/views/app.php 168
ERROR - 2019-10-14 10:28:36 --> Could not find the language line "Đóng"
ERROR - 2019-10-14 10:28:36 --> Could not find the language line "Xác Nhận"
ERROR - 2019-10-14 10:28:36 --> Could not find the language line "Đóng"
ERROR - 2019-10-14 10:28:36 --> Could not find the language line "Xác Nhận"
ERROR - 2019-10-14 10:29:06 --> Could not find the language line "Tạo Điểm Lấy Hàng"
ERROR - 2019-10-14 10:29:06 --> Could not find the language line "Tạo Đơn Hàng"
ERROR - 2019-10-14 10:29:06 --> Severity: Warning --> Invalid argument supplied for foreach() /home/admin/domains/spshd.com/public_html/khachhang/application/views/tab4.php 394
ERROR - 2019-10-14 10:29:06 --> Could not find the language line "Đóng"
ERROR - 2019-10-14 10:29:06 --> Could not find the language line "Xác Nhận"
ERROR - 2019-10-14 10:29:06 --> Severity: Warning --> Invalid argument supplied for foreach() /home/admin/domains/spshd.com/public_html/khachhang/application/views/app.php 157
ERROR - 2019-10-14 10:29:06 --> Severity: Warning --> Invalid argument supplied for foreach() /home/admin/domains/spshd.com/public_html/khachhang/application/views/app.php 168
ERROR - 2019-10-14 10:29:06 --> Could not find the language line "Đóng"
ERROR - 2019-10-14 10:29:06 --> Could not find the language line "Xác Nhận"
ERROR - 2019-10-14 10:29:06 --> Could not find the language line "Đóng"
ERROR - 2019-10-14 10:29:06 --> Could not find the language line "Xác Nhận"
ERROR - 2019-10-14 10:32:47 --> Could not find the language line "Tạo Điểm Lấy Hàng"
ERROR - 2019-10-14 10:32:47 --> Could not find the language line "Tạo Đơn Hàng"
ERROR - 2019-10-14 10:32:47 --> Severity: Warning --> Invalid argument supplied for foreach() /home/admin/domains/spshd.com/public_html/khachhang/application/views/tab4.php 394
ERROR - 2019-10-14 10:32:47 --> Could not find the language line "Đóng"
ERROR - 2019-10-14 10:32:47 --> Could not find the language line "Xác Nhận"
ERROR - 2019-10-14 10:32:47 --> Severity: Warning --> Invalid argument supplied for foreach() /home/admin/domains/spshd.com/public_html/khachhang/application/views/app.php 157
ERROR - 2019-10-14 10:32:47 --> Severity: Warning --> Invalid argument supplied for foreach() /home/admin/domains/spshd.com/public_html/khachhang/application/views/app.php 168
ERROR - 2019-10-14 10:32:47 --> Could not find the language line "Đóng"
ERROR - 2019-10-14 10:32:47 --> Could not find the language line "Xác Nhận"
ERROR - 2019-10-14 10:32:47 --> Could not find the language line "Đóng"
ERROR - 2019-10-14 10:32:47 --> Could not find the language line "Xác Nhận"
ERROR - 2019-10-14 10:33:21 --> Could not find the language line "Tạo Điểm Lấy Hàng"
ERROR - 2019-10-14 10:33:21 --> Could not find the language line "Tạo Đơn Hàng"
ERROR - 2019-10-14 10:33:21 --> Severity: Warning --> Invalid argument supplied for foreach() /home/admin/domains/spshd.com/public_html/khachhang/application/views/tab4.php 394
ERROR - 2019-10-14 10:33:21 --> Could not find the language line "Đóng"
ERROR - 2019-10-14 10:33:21 --> Could not find the language line "Xác Nhận"
ERROR - 2019-10-14 10:33:21 --> Severity: Warning --> Invalid argument supplied for foreach() /home/admin/domains/spshd.com/public_html/khachhang/application/views/app.php 157
ERROR - 2019-10-14 10:33:21 --> Severity: Warning --> Invalid argument supplied for foreach() /home/admin/domains/spshd.com/public_html/khachhang/application/views/app.php 168
ERROR - 2019-10-14 10:33:21 --> Could not find the language line "Đóng"
ERROR - 2019-10-14 10:33:21 --> Could not find the language line "Xác Nhận"
ERROR - 2019-10-14 10:33:21 --> Could not find the language line "Đóng"
ERROR - 2019-10-14 10:33:21 --> Could not find the language line "Xác Nhận"
ERROR - 2019-10-14 10:34:22 --> Could not find the language line "Tạo Điểm Lấy Hàng"
ERROR - 2019-10-14 10:34:22 --> Could not find the language line "Tạo Đơn Hàng"
ERROR - 2019-10-14 10:34:22 --> Severity: Warning --> Invalid argument supplied for foreach() /home/admin/domains/spshd.com/public_html/khachhang/application/views/tab4.php 394
ERROR - 2019-10-14 10:34:22 --> Could not find the language line "Đóng"
ERROR - 2019-10-14 10:34:22 --> Could not find the language line "Xác Nhận"
ERROR - 2019-10-14 10:34:22 --> Severity: Warning --> Invalid argument supplied for foreach() /home/admin/domains/spshd.com/public_html/khachhang/application/views/app.php 157
ERROR - 2019-10-14 10:34:22 --> Severity: Warning --> Invalid argument supplied for foreach() /home/admin/domains/spshd.com/public_html/khachhang/application/views/app.php 168
ERROR - 2019-10-14 10:34:22 --> Could not find the language line "Đóng"
ERROR - 2019-10-14 10:34:22 --> Could not find the language line "Xác Nhận"
ERROR - 2019-10-14 10:34:22 --> Could not find the language line "Đóng"
ERROR - 2019-10-14 10:34:22 --> Could not find the language line "Xác Nhận"
ERROR - 2019-10-14 10:34:23 --> Could not find the language line "Email"
ERROR - 2019-10-14 10:34:23 --> Could not find the language line "password"
ERROR - 2019-10-14 10:34:56 --> Could not find the language line "Tạo Điểm Lấy Hàng"
ERROR - 2019-10-14 10:34:56 --> Could not find the language line "Tạo Đơn Hàng"
ERROR - 2019-10-14 10:34:56 --> Severity: Warning --> Invalid argument supplied for foreach() /home/admin/domains/spshd.com/public_html/khachhang/application/views/tab4.php 394
ERROR - 2019-10-14 10:34:56 --> Could not find the language line "Đóng"
ERROR - 2019-10-14 10:34:56 --> Could not find the language line "Xác Nhận"
ERROR - 2019-10-14 10:34:56 --> Severity: Warning --> Invalid argument supplied for foreach() /home/admin/domains/spshd.com/public_html/khachhang/application/views/app.php 157
ERROR - 2019-10-14 10:34:56 --> Severity: Warning --> Invalid argument supplied for foreach() /home/admin/domains/spshd.com/public_html/khachhang/application/views/app.php 168
ERROR - 2019-10-14 10:34:56 --> Could not find the language line "Đóng"
ERROR - 2019-10-14 10:34:56 --> Could not find the language line "Xác Nhận"
ERROR - 2019-10-14 10:34:56 --> Could not find the language line "Đóng"
ERROR - 2019-10-14 10:34:56 --> Could not find the language line "Xác Nhận"
ERROR - 2019-10-14 12:18:21 --> Could not find the language line "Tạo Điểm Lấy Hàng"
ERROR - 2019-10-14 12:18:21 --> Could not find the language line "Tạo Đơn Hàng"
ERROR - 2019-10-14 12:18:21 --> Severity: Warning --> Invalid argument supplied for foreach() /home/admin/domains/spshd.com/public_html/khachhang/application/views/tab4.php 394
ERROR - 2019-10-14 12:18:21 --> Could not find the language line "Đóng"
ERROR - 2019-10-14 12:18:21 --> Could not find the language line "Xác Nhận"
ERROR - 2019-10-14 12:18:21 --> Severity: Warning --> Invalid argument supplied for foreach() /home/admin/domains/spshd.com/public_html/khachhang/application/views/app.php 157
ERROR - 2019-10-14 12:18:21 --> Severity: Warning --> Invalid argument supplied for foreach() /home/admin/domains/spshd.com/public_html/khachhang/application/views/app.php 168
ERROR - 2019-10-14 12:18:21 --> Could not find the language line "Đóng"
ERROR - 2019-10-14 12:18:21 --> Could not find the language line "Xác Nhận"
ERROR - 2019-10-14 12:18:21 --> Could not find the language line "Đóng"
ERROR - 2019-10-14 12:18:21 --> Could not find the language line "Xác Nhận"
ERROR - 2019-10-14 15:04:54 --> Could not find the language line "Tạo Điểm Lấy Hàng"
ERROR - 2019-10-14 15:04:54 --> Could not find the language line "Tạo Đơn Hàng"
ERROR - 2019-10-14 15:04:54 --> Severity: Warning --> Invalid argument supplied for foreach() /home/admin/domains/spshd.com/public_html/khachhang/application/views/tab4.php 394
ERROR - 2019-10-14 15:04:54 --> Could not find the language line "Đóng"
ERROR - 2019-10-14 15:04:54 --> Could not find the language line "Xác Nhận"
ERROR - 2019-10-14 15:04:54 --> Severity: Warning --> Invalid argument supplied for foreach() /home/admin/domains/spshd.com/public_html/khachhang/application/views/app.php 157
ERROR - 2019-10-14 15:04:54 --> Severity: Warning --> Invalid argument supplied for foreach() /home/admin/domains/spshd.com/public_html/khachhang/application/views/app.php 168
ERROR - 2019-10-14 15:04:54 --> Could not find the language line "Đóng"
ERROR - 2019-10-14 15:04:54 --> Could not find the language line "Xác Nhận"
ERROR - 2019-10-14 15:04:54 --> Could not find the language line "Đóng"
ERROR - 2019-10-14 15:04:54 --> Could not find the language line "Xác Nhận"
ERROR - 2019-10-14 15:04:54 --> Could not find the language line "Tạo Điểm Lấy Hàng"
ERROR - 2019-10-14 15:04:54 --> Could not find the language line "Tạo Đơn Hàng"
ERROR - 2019-10-14 15:04:54 --> Severity: Warning --> Invalid argument supplied for foreach() /home/admin/domains/spshd.com/public_html/khachhang/application/views/tab4.php 394
ERROR - 2019-10-14 15:04:54 --> Could not find the language line "Đóng"
ERROR - 2019-10-14 15:04:54 --> Could not find the language line "Xác Nhận"
ERROR - 2019-10-14 15:04:54 --> Severity: Warning --> Invalid argument supplied for foreach() /home/admin/domains/spshd.com/public_html/khachhang/application/views/app.php 157
ERROR - 2019-10-14 15:04:54 --> Severity: Warning --> Invalid argument supplied for foreach() /home/admin/domains/spshd.com/public_html/khachhang/application/views/app.php 168
ERROR - 2019-10-14 15:04:54 --> Could not find the language line "Đóng"
ERROR - 2019-10-14 15:04:54 --> Could not find the language line "Xác Nhận"
ERROR - 2019-10-14 15:04:54 --> Could not find the language line "Đóng"
ERROR - 2019-10-14 15:04:54 --> Could not find the language line "Xác Nhận"
ERROR - 2019-10-14 16:02:08 --> Could not find the language line "Tạo Điểm Lấy Hàng"
ERROR - 2019-10-14 16:02:08 --> Could not find the language line "Tạo Đơn Hàng"
ERROR - 2019-10-14 16:02:08 --> Severity: Warning --> Invalid argument supplied for foreach() /home/admin/domains/spshd.com/public_html/khachhang/application/views/tab4.php 394
ERROR - 2019-10-14 16:02:08 --> Could not find the language line "Đóng"
ERROR - 2019-10-14 16:02:08 --> Could not find the language line "Xác Nhận"
ERROR - 2019-10-14 16:02:08 --> Severity: Warning --> Invalid argument supplied for foreach() /home/admin/domains/spshd.com/public_html/khachhang/application/views/app.php 157
ERROR - 2019-10-14 16:02:08 --> Severity: Warning --> Invalid argument supplied for foreach() /home/admin/domains/spshd.com/public_html/khachhang/application/views/app.php 168
ERROR - 2019-10-14 16:02:08 --> Could not find the language line "Đóng"
ERROR - 2019-10-14 16:02:08 --> Could not find the language line "Xác Nhận"
ERROR - 2019-10-14 16:02:08 --> Could not find the language line "Đóng"
ERROR - 2019-10-14 16:02:08 --> Could not find the language line "Xác Nhận"
ERROR - 2019-10-14 16:02:08 --> Could not find the language line "Tạo Điểm Lấy Hàng"
ERROR - 2019-10-14 16:02:08 --> Could not find the language line "Tạo Đơn Hàng"
ERROR - 2019-10-14 16:02:08 --> Severity: Warning --> Invalid argument supplied for foreach() /home/admin/domains/spshd.com/public_html/khachhang/application/views/tab4.php 394
ERROR - 2019-10-14 16:02:08 --> Could not find the language line "Đóng"
ERROR - 2019-10-14 16:02:08 --> Could not find the language line "Xác Nhận"
ERROR - 2019-10-14 16:02:08 --> Severity: Warning --> Invalid argument supplied for foreach() /home/admin/domains/spshd.com/public_html/khachhang/application/views/app.php 157
ERROR - 2019-10-14 16:02:08 --> Severity: Warning --> Invalid argument supplied for foreach() /home/admin/domains/spshd.com/public_html/khachhang/application/views/app.php 168
ERROR - 2019-10-14 16:02:08 --> Could not find the language line "Đóng"
ERROR - 2019-10-14 16:02:08 --> Could not find the language line "Xác Nhận"
ERROR - 2019-10-14 16:02:08 --> Could not find the language line "Đóng"
ERROR - 2019-10-14 16:02:08 --> Could not find the language line "Xác Nhận"
ERROR - 2019-10-14 16:20:25 --> Could not find the language line "Tạo Điểm Lấy Hàng"
ERROR - 2019-10-14 16:20:25 --> Could not find the language line "Tạo Đơn Hàng"
ERROR - 2019-10-14 16:20:25 --> Severity: Warning --> Invalid argument supplied for foreach() /home/admin/domains/spshd.com/public_html/khachhang/application/views/tab4.php 394
ERROR - 2019-10-14 16:20:25 --> Could not find the language line "Đóng"
ERROR - 2019-10-14 16:20:25 --> Could not find the language line "Xác Nhận"
ERROR - 2019-10-14 16:20:25 --> Severity: Warning --> Invalid argument supplied for foreach() /home/admin/domains/spshd.com/public_html/khachhang/application/views/app.php 157
ERROR - 2019-10-14 16:20:25 --> Severity: Warning --> Invalid argument supplied for foreach() /home/admin/domains/spshd.com/public_html/khachhang/application/views/app.php 168
ERROR - 2019-10-14 16:20:25 --> Could not find the language line "Đóng"
ERROR - 2019-10-14 16:20:25 --> Could not find the language line "Xác Nhận"
ERROR - 2019-10-14 16:20:25 --> Could not find the language line "Đóng"
ERROR - 2019-10-14 16:20:25 --> Could not find the language line "Xác Nhận"
