ERROR - 2020-07-12 01:35:29 --> Could not find the language line "Tạo Điểm Lấy Hàng"
ERROR - 2020-07-12 01:35:29 --> Could not find the language line "Tạo Đơn Hàng"
ERROR - 2020-07-12 01:35:29 --> Could not find the language line "Tải Excel"
ERROR - 2020-07-12 01:35:29 --> Could not find the language line "Đóng"
ERROR - 2020-07-12 01:35:29 --> Could not find the language line "Xác Nhận"
ERROR - 2020-07-12 01:35:29 --> Severity: Warning --> Invalid argument supplied for foreach() /home/admin/domains/spshd.com/public_html/khachhang/application/views/app.php 162
ERROR - 2020-07-12 01:35:29 --> Severity: Warning --> Invalid argument supplied for foreach() /home/admin/domains/spshd.com/public_html/khachhang/application/views/app.php 173
ERROR - 2020-07-12 01:35:29 --> Could not find the language line "Đóng"
ERROR - 2020-07-12 01:35:29 --> Could not find the language line "Xác Nhận"
ERROR - 2020-07-12 01:35:29 --> Could not find the language line "Đóng"
ERROR - 2020-07-12 01:35:29 --> Could not find the language line "Xác Nhận"
ERROR - 2020-07-12 01:35:29 --> Could not find the language line "Đóng"
ERROR - 2020-07-12 01:35:29 --> Could not find the language line "Tải"
ERROR - 2020-07-12 09:24:32 --> Could not find the language line "Tạo Điểm Lấy Hàng"
ERROR - 2020-07-12 09:24:32 --> Could not find the language line "Tạo Đơn Hàng"
ERROR - 2020-07-12 09:24:32 --> Could not find the language line "Tải Excel"
ERROR - 2020-07-12 09:24:32 --> Could not find the language line "Đóng"
ERROR - 2020-07-12 09:24:32 --> Could not find the language line "Xác Nhận"
ERROR - 2020-07-12 09:24:32 --> Severity: Warning --> Invalid argument supplied for foreach() /home/admin/domains/spshd.com/public_html/khachhang/application/views/app.php 162
ERROR - 2020-07-12 09:24:32 --> Severity: Warning --> Invalid argument supplied for foreach() /home/admin/domains/spshd.com/public_html/khachhang/application/views/app.php 173
ERROR - 2020-07-12 09:24:32 --> Could not find the language line "Đóng"
ERROR - 2020-07-12 09:24:32 --> Could not find the language line "Xác Nhận"
ERROR - 2020-07-12 09:24:32 --> Could not find the language line "Đóng"
ERROR - 2020-07-12 09:24:32 --> Could not find the language line "Xác Nhận"
ERROR - 2020-07-12 09:24:32 --> Could not find the language line "Đóng"
ERROR - 2020-07-12 09:24:33 --> Could not find the language line "Tải"
ERROR - 2020-07-12 10:09:37 --> Could not find the language line "Tạo Điểm Lấy Hàng"
ERROR - 2020-07-12 10:09:37 --> Could not find the language line "Tạo Đơn Hàng"
ERROR - 2020-07-12 10:09:37 --> Could not find the language line "Tải Excel"
ERROR - 2020-07-12 10:09:37 --> Could not find the language line "Đóng"
ERROR - 2020-07-12 10:09:37 --> Could not find the language line "Xác Nhận"
ERROR - 2020-07-12 10:09:37 --> Severity: Warning --> Invalid argument supplied for foreach() /home/admin/domains/spshd.com/public_html/khachhang/application/views/app.php 162
ERROR - 2020-07-12 10:09:37 --> Severity: Warning --> Invalid argument supplied for foreach() /home/admin/domains/spshd.com/public_html/khachhang/application/views/app.php 173
ERROR - 2020-07-12 10:09:37 --> Could not find the language line "Đóng"
ERROR - 2020-07-12 10:09:37 --> Could not find the language line "Xác Nhận"
ERROR - 2020-07-12 10:09:37 --> Could not find the language line "Đóng"
ERROR - 2020-07-12 10:09:37 --> Could not find the language line "Xác Nhận"
ERROR - 2020-07-12 10:09:37 --> Could not find the language line "Đóng"
ERROR - 2020-07-12 10:09:37 --> Could not find the language line "Tải"
ERROR - 2020-07-12 10:13:32 --> Could not find the language line "Tạo Điểm Lấy Hàng"
ERROR - 2020-07-12 10:13:32 --> Could not find the language line "Tạo Đơn Hàng"
ERROR - 2020-07-12 10:13:32 --> Could not find the language line "Tải Excel"
ERROR - 2020-07-12 10:13:32 --> Could not find the language line "Đóng"
ERROR - 2020-07-12 10:13:32 --> Could not find the language line "Xác Nhận"
ERROR - 2020-07-12 10:13:32 --> Severity: Warning --> Invalid argument supplied for foreach() /home/admin/domains/spshd.com/public_html/khachhang/application/views/app.php 162
ERROR - 2020-07-12 10:13:32 --> Severity: Warning --> Invalid argument supplied for foreach() /home/admin/domains/spshd.com/public_html/khachhang/application/views/app.php 173
ERROR - 2020-07-12 10:13:32 --> Could not find the language line "Đóng"
ERROR - 2020-07-12 10:13:32 --> Could not find the language line "Xác Nhận"
ERROR - 2020-07-12 10:13:32 --> Could not find the language line "Đóng"
ERROR - 2020-07-12 10:13:32 --> Could not find the language line "Xác Nhận"
ERROR - 2020-07-12 10:13:32 --> Could not find the language line "Đóng"
ERROR - 2020-07-12 10:13:32 --> Could not find the language line "Tải"
ERROR - 2020-07-12 10:14:45 --> Could not find the language line "Tạo Điểm Lấy Hàng"
ERROR - 2020-07-12 10:14:45 --> Could not find the language line "Tạo Đơn Hàng"
ERROR - 2020-07-12 10:14:45 --> Could not find the language line "Tải Excel"
ERROR - 2020-07-12 10:14:45 --> Could not find the language line "Đóng"
ERROR - 2020-07-12 10:14:45 --> Could not find the language line "Xác Nhận"
ERROR - 2020-07-12 10:14:45 --> Severity: Warning --> Invalid argument supplied for foreach() /home/admin/domains/spshd.com/public_html/khachhang/application/views/app.php 162
ERROR - 2020-07-12 10:14:45 --> Severity: Warning --> Invalid argument supplied for foreach() /home/admin/domains/spshd.com/public_html/khachhang/application/views/app.php 173
ERROR - 2020-07-12 10:14:45 --> Could not find the language line "Đóng"
ERROR - 2020-07-12 10:14:45 --> Could not find the language line "Xác Nhận"
ERROR - 2020-07-12 10:14:45 --> Could not find the language line "Đóng"
ERROR - 2020-07-12 10:14:45 --> Could not find the language line "Xác Nhận"
ERROR - 2020-07-12 10:14:45 --> Could not find the language line "Đóng"
ERROR - 2020-07-12 10:14:45 --> Could not find the language line "Tải"
ERROR - 2020-07-12 10:24:30 --> Could not find the language line "Tạo Điểm Lấy Hàng"
ERROR - 2020-07-12 10:24:30 --> Could not find the language line "Tạo Đơn Hàng"
ERROR - 2020-07-12 10:24:30 --> Could not find the language line "Tải Excel"
ERROR - 2020-07-12 10:24:30 --> Could not find the language line "Đóng"
ERROR - 2020-07-12 10:24:30 --> Could not find the language line "Xác Nhận"
ERROR - 2020-07-12 10:24:30 --> Severity: Warning --> Invalid argument supplied for foreach() /home/admin/domains/spshd.com/public_html/khachhang/application/views/app.php 162
ERROR - 2020-07-12 10:24:30 --> Severity: Warning --> Invalid argument supplied for foreach() /home/admin/domains/spshd.com/public_html/khachhang/application/views/app.php 173
ERROR - 2020-07-12 10:24:30 --> Could not find the language line "Đóng"
ERROR - 2020-07-12 10:24:30 --> Could not find the language line "Xác Nhận"
ERROR - 2020-07-12 10:24:30 --> Could not find the language line "Đóng"
ERROR - 2020-07-12 10:24:30 --> Could not find the language line "Xác Nhận"
ERROR - 2020-07-12 10:24:30 --> Could not find the language line "Đóng"
ERROR - 2020-07-12 10:24:30 --> Could not find the language line "Tải"
ERROR - 2020-07-12 04:51:24 --> Could not find the language line "Email"
ERROR - 2020-07-12 04:51:24 --> Could not find the language line "password"
ERROR - 2020-07-12 05:04:32 --> Could not find the language line "Email"
ERROR - 2020-07-12 05:04:32 --> Could not find the language line "password"
ERROR - 2020-07-12 05:04:35 --> Could not find the language line "Email"
ERROR - 2020-07-12 05:04:35 --> Could not find the language line "password"
ERROR - 2020-07-12 05:05:07 --> Could not find the language line "Email"
ERROR - 2020-07-12 05:05:07 --> Could not find the language line "password"
ERROR - 2020-07-12 05:05:13 --> Could not find the language line "Email"
ERROR - 2020-07-12 05:05:13 --> Could not find the language line "password"
ERROR - 2020-07-12 11:06:13 --> Could not find the language line "Tạo Điểm Lấy Hàng"
ERROR - 2020-07-12 11:06:13 --> Could not find the language line "Tạo Đơn Hàng"
ERROR - 2020-07-12 11:06:13 --> Could not find the language line "Tải Excel"
ERROR - 2020-07-12 11:06:13 --> Could not find the language line "Đóng"
ERROR - 2020-07-12 11:06:13 --> Could not find the language line "Xác Nhận"
ERROR - 2020-07-12 11:06:13 --> Severity: Warning --> Invalid argument supplied for foreach() /home/admin/domains/spshd.com/public_html/khachhang/application/views/app.php 162
ERROR - 2020-07-12 11:06:13 --> Severity: Warning --> Invalid argument supplied for foreach() /home/admin/domains/spshd.com/public_html/khachhang/application/views/app.php 173
ERROR - 2020-07-12 11:06:13 --> Could not find the language line "Đóng"
ERROR - 2020-07-12 11:06:13 --> Could not find the language line "Xác Nhận"
ERROR - 2020-07-12 11:06:13 --> Could not find the language line "Đóng"
ERROR - 2020-07-12 11:06:13 --> Could not find the language line "Xác Nhận"
ERROR - 2020-07-12 11:06:13 --> Could not find the language line "Đóng"
ERROR - 2020-07-12 11:06:13 --> Could not find the language line "Tải"
ERROR - 2020-07-12 05:49:31 --> Could not find the language line "Email"
ERROR - 2020-07-12 05:49:31 --> Could not find the language line "password"
ERROR - 2020-07-12 12:56:22 --> Could not find the language line "Tạo Điểm Lấy Hàng"
ERROR - 2020-07-12 12:56:22 --> Could not find the language line "Tạo Đơn Hàng"
ERROR - 2020-07-12 12:56:22 --> Could not find the language line "Tải Excel"
ERROR - 2020-07-12 12:56:22 --> Could not find the language line "Đóng"
ERROR - 2020-07-12 12:56:22 --> Could not find the language line "Xác Nhận"
ERROR - 2020-07-12 12:56:22 --> Severity: Warning --> Invalid argument supplied for foreach() /home/admin/domains/spshd.com/public_html/khachhang/application/views/app.php 162
ERROR - 2020-07-12 12:56:22 --> Severity: Warning --> Invalid argument supplied for foreach() /home/admin/domains/spshd.com/public_html/khachhang/application/views/app.php 173
ERROR - 2020-07-12 12:56:22 --> Could not find the language line "Đóng"
ERROR - 2020-07-12 12:56:22 --> Could not find the language line "Xác Nhận"
ERROR - 2020-07-12 12:56:22 --> Could not find the language line "Đóng"
ERROR - 2020-07-12 12:56:22 --> Could not find the language line "Xác Nhận"
ERROR - 2020-07-12 12:56:22 --> Could not find the language line "Đóng"
ERROR - 2020-07-12 12:56:22 --> Could not find the language line "Tải"
ERROR - 2020-07-12 13:43:21 --> Could not find the language line "Tạo Điểm Lấy Hàng"
ERROR - 2020-07-12 13:43:21 --> Could not find the language line "Tạo Đơn Hàng"
ERROR - 2020-07-12 13:43:21 --> Could not find the language line "Tải Excel"
ERROR - 2020-07-12 13:43:21 --> Could not find the language line "Đóng"
ERROR - 2020-07-12 13:43:21 --> Could not find the language line "Xác Nhận"
ERROR - 2020-07-12 13:43:21 --> Severity: Warning --> Invalid argument supplied for foreach() /home/admin/domains/spshd.com/public_html/khachhang/application/views/app.php 162
ERROR - 2020-07-12 13:43:21 --> Severity: Warning --> Invalid argument supplied for foreach() /home/admin/domains/spshd.com/public_html/khachhang/application/views/app.php 173
ERROR - 2020-07-12 13:43:21 --> Could not find the language line "Đóng"
ERROR - 2020-07-12 13:43:21 --> Could not find the language line "Xác Nhận"
ERROR - 2020-07-12 13:43:21 --> Could not find the language line "Đóng"
ERROR - 2020-07-12 13:43:21 --> Could not find the language line "Xác Nhận"
ERROR - 2020-07-12 13:43:21 --> Could not find the language line "Đóng"
ERROR - 2020-07-12 13:43:21 --> Could not find the language line "Tải"
ERROR - 2020-07-12 13:44:52 --> Could not find the language line "Tạo Điểm Lấy Hàng"
ERROR - 2020-07-12 13:44:52 --> Could not find the language line "Tạo Đơn Hàng"
ERROR - 2020-07-12 13:44:52 --> Could not find the language line "Tải Excel"
ERROR - 2020-07-12 13:44:52 --> Could not find the language line "Đóng"
ERROR - 2020-07-12 13:44:52 --> Could not find the language line "Xác Nhận"
ERROR - 2020-07-12 13:44:52 --> Severity: Warning --> Invalid argument supplied for foreach() /home/admin/domains/spshd.com/public_html/khachhang/application/views/app.php 162
ERROR - 2020-07-12 13:44:52 --> Severity: Warning --> Invalid argument supplied for foreach() /home/admin/domains/spshd.com/public_html/khachhang/application/views/app.php 173
ERROR - 2020-07-12 13:44:52 --> Could not find the language line "Đóng"
ERROR - 2020-07-12 13:44:52 --> Could not find the language line "Xác Nhận"
ERROR - 2020-07-12 13:44:52 --> Could not find the language line "Đóng"
ERROR - 2020-07-12 13:44:52 --> Could not find the language line "Xác Nhận"
ERROR - 2020-07-12 13:44:52 --> Could not find the language line "Đóng"
ERROR - 2020-07-12 13:44:52 --> Could not find the language line "Tải"
ERROR - 2020-07-12 15:28:25 --> Could not find the language line "Tạo Điểm Lấy Hàng"
ERROR - 2020-07-12 15:28:25 --> Could not find the language line "Tạo Đơn Hàng"
ERROR - 2020-07-12 15:28:25 --> Could not find the language line "Tải Excel"
ERROR - 2020-07-12 15:28:25 --> Could not find the language line "Đóng"
ERROR - 2020-07-12 15:28:25 --> Could not find the language line "Xác Nhận"
ERROR - 2020-07-12 15:28:25 --> Severity: Warning --> Invalid argument supplied for foreach() /home/admin/domains/spshd.com/public_html/khachhang/application/views/app.php 162
ERROR - 2020-07-12 15:28:25 --> Severity: Warning --> Invalid argument supplied for foreach() /home/admin/domains/spshd.com/public_html/khachhang/application/views/app.php 173
ERROR - 2020-07-12 15:28:25 --> Could not find the language line "Đóng"
ERROR - 2020-07-12 15:28:25 --> Could not find the language line "Xác Nhận"
ERROR - 2020-07-12 15:28:25 --> Could not find the language line "Đóng"
ERROR - 2020-07-12 15:28:25 --> Could not find the language line "Xác Nhận"
ERROR - 2020-07-12 15:28:25 --> Could not find the language line "Đóng"
ERROR - 2020-07-12 15:28:25 --> Could not find the language line "Tải"
ERROR - 2020-07-12 15:41:32 --> Could not find the language line "Tạo Điểm Lấy Hàng"
ERROR - 2020-07-12 15:41:32 --> Could not find the language line "Tạo Đơn Hàng"
ERROR - 2020-07-12 15:41:32 --> Could not find the language line "Tải Excel"
ERROR - 2020-07-12 15:41:32 --> Could not find the language line "Đóng"
ERROR - 2020-07-12 15:41:32 --> Could not find the language line "Xác Nhận"
ERROR - 2020-07-12 15:41:32 --> Severity: Warning --> Invalid argument supplied for foreach() /home/admin/domains/spshd.com/public_html/khachhang/application/views/app.php 162
ERROR - 2020-07-12 15:41:32 --> Severity: Warning --> Invalid argument supplied for foreach() /home/admin/domains/spshd.com/public_html/khachhang/application/views/app.php 173
ERROR - 2020-07-12 15:41:32 --> Could not find the language line "Đóng"
ERROR - 2020-07-12 15:41:32 --> Could not find the language line "Xác Nhận"
ERROR - 2020-07-12 15:41:32 --> Could not find the language line "Đóng"
ERROR - 2020-07-12 15:41:32 --> Could not find the language line "Xác Nhận"
ERROR - 2020-07-12 15:41:32 --> Could not find the language line "Đóng"
ERROR - 2020-07-12 15:41:32 --> Could not find the language line "Tải"
ERROR - 2020-07-12 15:41:32 --> Could not find the language line "Tạo Điểm Lấy Hàng"
ERROR - 2020-07-12 15:41:32 --> Could not find the language line "Tạo Đơn Hàng"
ERROR - 2020-07-12 15:41:32 --> Could not find the language line "Tải Excel"
ERROR - 2020-07-12 15:41:32 --> Could not find the language line "Đóng"
ERROR - 2020-07-12 15:41:32 --> Could not find the language line "Xác Nhận"
ERROR - 2020-07-12 15:41:32 --> Severity: Warning --> Invalid argument supplied for foreach() /home/admin/domains/spshd.com/public_html/khachhang/application/views/app.php 162
ERROR - 2020-07-12 15:41:32 --> Severity: Warning --> Invalid argument supplied for foreach() /home/admin/domains/spshd.com/public_html/khachhang/application/views/app.php 173
ERROR - 2020-07-12 15:41:32 --> Could not find the language line "Đóng"
ERROR - 2020-07-12 15:41:32 --> Could not find the language line "Xác Nhận"
ERROR - 2020-07-12 15:41:32 --> Could not find the language line "Đóng"
ERROR - 2020-07-12 15:41:32 --> Could not find the language line "Xác Nhận"
ERROR - 2020-07-12 15:41:32 --> Could not find the language line "Đóng"
ERROR - 2020-07-12 15:41:32 --> Could not find the language line "Tải"
ERROR - 2020-07-12 15:45:28 --> Could not find the language line "Tạo Điểm Lấy Hàng"
ERROR - 2020-07-12 15:45:28 --> Could not find the language line "Tạo Đơn Hàng"
ERROR - 2020-07-12 15:45:28 --> Could not find the language line "Tải Excel"
ERROR - 2020-07-12 15:45:28 --> Could not find the language line "Đóng"
ERROR - 2020-07-12 15:45:28 --> Could not find the language line "Xác Nhận"
ERROR - 2020-07-12 15:45:28 --> Severity: Warning --> Invalid argument supplied for foreach() /home/admin/domains/spshd.com/public_html/khachhang/application/views/app.php 162
ERROR - 2020-07-12 15:45:28 --> Severity: Warning --> Invalid argument supplied for foreach() /home/admin/domains/spshd.com/public_html/khachhang/application/views/app.php 173
ERROR - 2020-07-12 15:45:28 --> Could not find the language line "Đóng"
ERROR - 2020-07-12 15:45:28 --> Could not find the language line "Xác Nhận"
ERROR - 2020-07-12 15:45:28 --> Could not find the language line "Đóng"
ERROR - 2020-07-12 15:45:28 --> Could not find the language line "Xác Nhận"
ERROR - 2020-07-12 15:45:28 --> Could not find the language line "Đóng"
ERROR - 2020-07-12 15:45:28 --> Could not find the language line "Tải"
ERROR - 2020-07-12 17:11:43 --> Could not find the language line "Tạo Điểm Lấy Hàng"
ERROR - 2020-07-12 17:11:43 --> Could not find the language line "Tạo Đơn Hàng"
ERROR - 2020-07-12 17:11:43 --> Could not find the language line "Tải Excel"
ERROR - 2020-07-12 17:11:43 --> Could not find the language line "Đóng"
ERROR - 2020-07-12 17:11:43 --> Could not find the language line "Xác Nhận"
ERROR - 2020-07-12 17:11:43 --> Severity: Warning --> Invalid argument supplied for foreach() /home/admin/domains/spshd.com/public_html/khachhang/application/views/app.php 162
ERROR - 2020-07-12 17:11:43 --> Severity: Warning --> Invalid argument supplied for foreach() /home/admin/domains/spshd.com/public_html/khachhang/application/views/app.php 173
ERROR - 2020-07-12 17:11:43 --> Could not find the language line "Đóng"
ERROR - 2020-07-12 17:11:43 --> Could not find the language line "Xác Nhận"
ERROR - 2020-07-12 17:11:43 --> Could not find the language line "Đóng"
ERROR - 2020-07-12 17:11:43 --> Could not find the language line "Xác Nhận"
ERROR - 2020-07-12 17:11:43 --> Could not find the language line "Đóng"
ERROR - 2020-07-12 17:11:43 --> Could not find the language line "Tải"
ERROR - 2020-07-12 11:38:19 --> Severity: Error --> Allowed memory size of 134217728 bytes exhausted (tried to allocate 19726390 bytes) /home/admin/domains/spshd.com/public_html/khachhang/application/controllers/Order.php 99
ERROR - 2020-07-12 11:43:19 --> Severity: Error --> Allowed memory size of 134217728 bytes exhausted (tried to allocate 19726390 bytes) /home/admin/domains/spshd.com/public_html/khachhang/application/controllers/Order.php 99
ERROR - 2020-07-12 11:43:19 --> Severity: Warning --> ini_set(): open_basedir restriction in effect. File(ci_sessions) is not within the allowed path(s): (/home/admin/:/tmp:/var/tmp:/opt/alt/php56/usr/share/pear/:/dev/urandom:/usr/local/lib/php/:/usr/local/php56/lib/php/) /home/admin/domains/spshd.com/public_html/khachhang/system/libraries/Session/Session_driver.php 205
ERROR - 2020-07-12 11:43:19 --> Severity: Warning --> Unknown: Failed to write session data (user). Please verify that the current setting of session.save_path is correct () Unknown 0
ERROR - 2020-07-12 17:58:02 --> Could not find the language line "Tạo Điểm Lấy Hàng"
ERROR - 2020-07-12 17:58:02 --> Could not find the language line "Tạo Đơn Hàng"
ERROR - 2020-07-12 17:58:02 --> Could not find the language line "Tải Excel"
ERROR - 2020-07-12 17:58:02 --> Could not find the language line "Đóng"
ERROR - 2020-07-12 17:58:02 --> Could not find the language line "Xác Nhận"
ERROR - 2020-07-12 17:58:02 --> Severity: Warning --> Invalid argument supplied for foreach() /home/admin/domains/spshd.com/public_html/khachhang/application/views/app.php 162
ERROR - 2020-07-12 17:58:02 --> Severity: Warning --> Invalid argument supplied for foreach() /home/admin/domains/spshd.com/public_html/khachhang/application/views/app.php 173
ERROR - 2020-07-12 17:58:02 --> Could not find the language line "Đóng"
ERROR - 2020-07-12 17:58:02 --> Could not find the language line "Xác Nhận"
ERROR - 2020-07-12 17:58:02 --> Could not find the language line "Đóng"
ERROR - 2020-07-12 17:58:02 --> Could not find the language line "Xác Nhận"
ERROR - 2020-07-12 17:58:02 --> Could not find the language line "Đóng"
ERROR - 2020-07-12 17:58:02 --> Could not find the language line "Tải"
ERROR - 2020-07-12 18:00:42 --> Could not find the language line "Tạo Điểm Lấy Hàng"
ERROR - 2020-07-12 18:00:42 --> Could not find the language line "Tạo Đơn Hàng"
ERROR - 2020-07-12 18:00:42 --> Could not find the language line "Tải Excel"
ERROR - 2020-07-12 18:00:42 --> Could not find the language line "Đóng"
ERROR - 2020-07-12 18:00:42 --> Could not find the language line "Xác Nhận"
ERROR - 2020-07-12 18:00:42 --> Severity: Warning --> Invalid argument supplied for foreach() /home/admin/domains/spshd.com/public_html/khachhang/application/views/app.php 162
ERROR - 2020-07-12 18:00:42 --> Severity: Warning --> Invalid argument supplied for foreach() /home/admin/domains/spshd.com/public_html/khachhang/application/views/app.php 173
ERROR - 2020-07-12 18:00:42 --> Could not find the language line "Đóng"
ERROR - 2020-07-12 18:00:42 --> Could not find the language line "Xác Nhận"
ERROR - 2020-07-12 18:00:42 --> Could not find the language line "Đóng"
ERROR - 2020-07-12 18:00:42 --> Could not find the language line "Xác Nhận"
ERROR - 2020-07-12 18:00:42 --> Could not find the language line "Đóng"
ERROR - 2020-07-12 18:00:42 --> Could not find the language line "Tải"
ERROR - 2020-07-12 18:01:46 --> Could not find the language line "Tạo Điểm Lấy Hàng"
ERROR - 2020-07-12 18:01:46 --> Could not find the language line "Tạo Đơn Hàng"
ERROR - 2020-07-12 18:01:46 --> Could not find the language line "Tải Excel"
ERROR - 2020-07-12 18:01:46 --> Could not find the language line "Đóng"
ERROR - 2020-07-12 18:01:46 --> Could not find the language line "Xác Nhận"
ERROR - 2020-07-12 18:01:46 --> Severity: Warning --> Invalid argument supplied for foreach() /home/admin/domains/spshd.com/public_html/khachhang/application/views/app.php 162
ERROR - 2020-07-12 18:01:46 --> Severity: Warning --> Invalid argument supplied for foreach() /home/admin/domains/spshd.com/public_html/khachhang/application/views/app.php 173
ERROR - 2020-07-12 18:01:46 --> Could not find the language line "Đóng"
ERROR - 2020-07-12 18:01:46 --> Could not find the language line "Xác Nhận"
ERROR - 2020-07-12 18:01:46 --> Could not find the language line "Đóng"
ERROR - 2020-07-12 18:01:46 --> Could not find the language line "Xác Nhận"
ERROR - 2020-07-12 18:01:46 --> Could not find the language line "Đóng"
ERROR - 2020-07-12 18:01:46 --> Could not find the language line "Tải"
ERROR - 2020-07-12 18:05:06 --> Could not find the language line "Tạo Điểm Lấy Hàng"
ERROR - 2020-07-12 18:05:06 --> Could not find the language line "Tạo Đơn Hàng"
ERROR - 2020-07-12 18:05:06 --> Could not find the language line "Tải Excel"
ERROR - 2020-07-12 18:05:06 --> Could not find the language line "Đóng"
ERROR - 2020-07-12 18:05:06 --> Could not find the language line "Xác Nhận"
ERROR - 2020-07-12 18:05:06 --> Severity: Warning --> Invalid argument supplied for foreach() /home/admin/domains/spshd.com/public_html/khachhang/application/views/app.php 162
ERROR - 2020-07-12 18:05:06 --> Severity: Warning --> Invalid argument supplied for foreach() /home/admin/domains/spshd.com/public_html/khachhang/application/views/app.php 173
ERROR - 2020-07-12 18:05:06 --> Could not find the language line "Đóng"
ERROR - 2020-07-12 18:05:06 --> Could not find the language line "Xác Nhận"
ERROR - 2020-07-12 18:05:06 --> Could not find the language line "Đóng"
ERROR - 2020-07-12 18:05:06 --> Could not find the language line "Xác Nhận"
ERROR - 2020-07-12 18:05:06 --> Could not find the language line "Đóng"
ERROR - 2020-07-12 18:05:06 --> Could not find the language line "Tải"
ERROR - 2020-07-12 20:43:58 --> Could not find the language line "Tạo Điểm Lấy Hàng"
ERROR - 2020-07-12 20:43:58 --> Could not find the language line "Tạo Đơn Hàng"
ERROR - 2020-07-12 20:43:58 --> Could not find the language line "Tải Excel"
ERROR - 2020-07-12 20:43:58 --> Could not find the language line "Đóng"
ERROR - 2020-07-12 20:43:58 --> Could not find the language line "Xác Nhận"
ERROR - 2020-07-12 20:43:58 --> Severity: Warning --> Invalid argument supplied for foreach() /home/admin/domains/spshd.com/public_html/khachhang/application/views/app.php 162
ERROR - 2020-07-12 20:43:58 --> Severity: Warning --> Invalid argument supplied for foreach() /home/admin/domains/spshd.com/public_html/khachhang/application/views/app.php 173
ERROR - 2020-07-12 20:43:58 --> Could not find the language line "Đóng"
ERROR - 2020-07-12 20:43:58 --> Could not find the language line "Xác Nhận"
ERROR - 2020-07-12 20:43:58 --> Could not find the language line "Đóng"
ERROR - 2020-07-12 20:43:58 --> Could not find the language line "Xác Nhận"
ERROR - 2020-07-12 20:43:58 --> Could not find the language line "Đóng"
ERROR - 2020-07-12 20:43:58 --> Could not find the language line "Tải"
ERROR - 2020-07-12 21:12:04 --> Could not find the language line "Tạo Điểm Lấy Hàng"
ERROR - 2020-07-12 21:12:04 --> Could not find the language line "Tạo Đơn Hàng"
ERROR - 2020-07-12 21:12:04 --> Could not find the language line "Tải Excel"
ERROR - 2020-07-12 21:12:04 --> Could not find the language line "Đóng"
ERROR - 2020-07-12 21:12:04 --> Could not find the language line "Xác Nhận"
ERROR - 2020-07-12 21:12:04 --> Severity: Warning --> Invalid argument supplied for foreach() /home/admin/domains/spshd.com/public_html/khachhang/application/views/app.php 162
ERROR - 2020-07-12 21:12:04 --> Severity: Warning --> Invalid argument supplied for foreach() /home/admin/domains/spshd.com/public_html/khachhang/application/views/app.php 173
ERROR - 2020-07-12 21:12:04 --> Could not find the language line "Đóng"
ERROR - 2020-07-12 21:12:04 --> Could not find the language line "Xác Nhận"
ERROR - 2020-07-12 21:12:04 --> Could not find the language line "Đóng"
ERROR - 2020-07-12 21:12:04 --> Could not find the language line "Xác Nhận"
ERROR - 2020-07-12 21:12:04 --> Could not find the language line "Đóng"
ERROR - 2020-07-12 21:12:04 --> Could not find the language line "Tải"
ERROR - 2020-07-12 21:13:54 --> Could not find the language line "Tạo Điểm Lấy Hàng"
ERROR - 2020-07-12 21:13:54 --> Could not find the language line "Tạo Đơn Hàng"
ERROR - 2020-07-12 21:13:54 --> Could not find the language line "Tải Excel"
ERROR - 2020-07-12 21:13:54 --> Could not find the language line "Đóng"
ERROR - 2020-07-12 21:13:54 --> Could not find the language line "Xác Nhận"
ERROR - 2020-07-12 21:13:54 --> Severity: Warning --> Invalid argument supplied for foreach() /home/admin/domains/spshd.com/public_html/khachhang/application/views/app.php 162
ERROR - 2020-07-12 21:13:54 --> Severity: Warning --> Invalid argument supplied for foreach() /home/admin/domains/spshd.com/public_html/khachhang/application/views/app.php 173
ERROR - 2020-07-12 21:13:54 --> Could not find the language line "Đóng"
ERROR - 2020-07-12 21:13:54 --> Could not find the language line "Xác Nhận"
ERROR - 2020-07-12 21:13:54 --> Could not find the language line "Đóng"
ERROR - 2020-07-12 21:13:54 --> Could not find the language line "Xác Nhận"
ERROR - 2020-07-12 21:13:54 --> Could not find the language line "Đóng"
ERROR - 2020-07-12 21:13:54 --> Could not find the language line "Tải"
ERROR - 2020-07-12 22:58:03 --> Could not find the language line "Tạo Điểm Lấy Hàng"
ERROR - 2020-07-12 22:58:03 --> Could not find the language line "Tạo Đơn Hàng"
ERROR - 2020-07-12 22:58:03 --> Could not find the language line "Tải Excel"
ERROR - 2020-07-12 22:58:03 --> Could not find the language line "Đóng"
ERROR - 2020-07-12 22:58:03 --> Could not find the language line "Xác Nhận"
ERROR - 2020-07-12 22:58:03 --> Severity: Warning --> Invalid argument supplied for foreach() /home/admin/domains/spshd.com/public_html/khachhang/application/views/app.php 162
ERROR - 2020-07-12 22:58:03 --> Severity: Warning --> Invalid argument supplied for foreach() /home/admin/domains/spshd.com/public_html/khachhang/application/views/app.php 173
ERROR - 2020-07-12 22:58:03 --> Could not find the language line "Đóng"
ERROR - 2020-07-12 22:58:03 --> Could not find the language line "Xác Nhận"
ERROR - 2020-07-12 22:58:03 --> Could not find the language line "Đóng"
ERROR - 2020-07-12 22:58:03 --> Could not find the language line "Xác Nhận"
ERROR - 2020-07-12 22:58:03 --> Could not find the language line "Đóng"
ERROR - 2020-07-12 22:58:03 --> Could not find the language line "Tải"
ERROR - 2020-07-12 23:38:20 --> Could not find the language line "Tạo Điểm Lấy Hàng"
ERROR - 2020-07-12 23:38:20 --> Could not find the language line "Tạo Đơn Hàng"
ERROR - 2020-07-12 23:38:20 --> Could not find the language line "Tải Excel"
ERROR - 2020-07-12 23:38:20 --> Could not find the language line "Đóng"
ERROR - 2020-07-12 23:38:20 --> Could not find the language line "Xác Nhận"
ERROR - 2020-07-12 23:38:20 --> Severity: Warning --> Invalid argument supplied for foreach() /home/admin/domains/spshd.com/public_html/khachhang/application/views/app.php 162
ERROR - 2020-07-12 23:38:20 --> Severity: Warning --> Invalid argument supplied for foreach() /home/admin/domains/spshd.com/public_html/khachhang/application/views/app.php 173
ERROR - 2020-07-12 23:38:20 --> Could not find the language line "Đóng"
ERROR - 2020-07-12 23:38:20 --> Could not find the language line "Xác Nhận"
ERROR - 2020-07-12 23:38:20 --> Could not find the language line "Đóng"
ERROR - 2020-07-12 23:38:20 --> Could not find the language line "Xác Nhận"
ERROR - 2020-07-12 23:38:20 --> Could not find the language line "Đóng"
ERROR - 2020-07-12 23:38:20 --> Could not find the language line "Tải"
