ERROR - 2019-12-21 02:46:47 --> Could not find the language line "Tạo Điểm Lấy Hàng"
ERROR - 2019-12-21 02:46:47 --> Could not find the language line "Tạo Đơn Hàng"
ERROR - 2019-12-21 02:46:47 --> Severity: Warning --> Invalid argument supplied for foreach() /home/admin/domains/spshd.com/public_html/khachhang/application/views/tab4.php 394
ERROR - 2019-12-21 02:46:47 --> Could not find the language line "Đóng"
ERROR - 2019-12-21 02:46:47 --> Could not find the language line "Xác Nhận"
ERROR - 2019-12-21 02:46:47 --> Severity: Warning --> Invalid argument supplied for foreach() /home/admin/domains/spshd.com/public_html/khachhang/application/views/app.php 157
ERROR - 2019-12-21 02:46:47 --> Severity: Warning --> Invalid argument supplied for foreach() /home/admin/domains/spshd.com/public_html/khachhang/application/views/app.php 168
ERROR - 2019-12-21 02:46:47 --> Could not find the language line "Đóng"
ERROR - 2019-12-21 02:46:47 --> Could not find the language line "Xác Nhận"
ERROR - 2019-12-21 02:46:47 --> Could not find the language line "Đóng"
ERROR - 2019-12-21 02:46:47 --> Could not find the language line "Xác Nhận"
ERROR - 2019-12-21 07:31:57 --> Could not find the language line "Tạo Điểm Lấy Hàng"
ERROR - 2019-12-21 07:31:57 --> Could not find the language line "Tạo Đơn Hàng"
ERROR - 2019-12-21 07:31:57 --> Severity: Warning --> Invalid argument supplied for foreach() /home/admin/domains/spshd.com/public_html/khachhang/application/views/tab4.php 394
ERROR - 2019-12-21 07:31:57 --> Could not find the language line "Đóng"
ERROR - 2019-12-21 07:31:57 --> Could not find the language line "Xác Nhận"
ERROR - 2019-12-21 07:31:57 --> Severity: Warning --> Invalid argument supplied for foreach() /home/admin/domains/spshd.com/public_html/khachhang/application/views/app.php 157
ERROR - 2019-12-21 07:31:57 --> Severity: Warning --> Invalid argument supplied for foreach() /home/admin/domains/spshd.com/public_html/khachhang/application/views/app.php 168
ERROR - 2019-12-21 07:31:57 --> Could not find the language line "Đóng"
ERROR - 2019-12-21 07:31:57 --> Could not find the language line "Xác Nhận"
ERROR - 2019-12-21 07:31:57 --> Could not find the language line "Đóng"
ERROR - 2019-12-21 07:31:57 --> Could not find the language line "Xác Nhận"
ERROR - 2019-12-21 07:31:58 --> Could not find the language line "Tạo Điểm Lấy Hàng"
ERROR - 2019-12-21 07:31:58 --> Could not find the language line "Tạo Đơn Hàng"
ERROR - 2019-12-21 07:31:58 --> Severity: Warning --> Invalid argument supplied for foreach() /home/admin/domains/spshd.com/public_html/khachhang/application/views/tab4.php 394
ERROR - 2019-12-21 07:31:58 --> Could not find the language line "Đóng"
ERROR - 2019-12-21 07:31:58 --> Could not find the language line "Xác Nhận"
ERROR - 2019-12-21 07:31:58 --> Severity: Warning --> Invalid argument supplied for foreach() /home/admin/domains/spshd.com/public_html/khachhang/application/views/app.php 157
ERROR - 2019-12-21 07:31:58 --> Severity: Warning --> Invalid argument supplied for foreach() /home/admin/domains/spshd.com/public_html/khachhang/application/views/app.php 168
ERROR - 2019-12-21 07:31:58 --> Could not find the language line "Đóng"
ERROR - 2019-12-21 07:31:58 --> Could not find the language line "Xác Nhận"
ERROR - 2019-12-21 07:31:58 --> Could not find the language line "Đóng"
ERROR - 2019-12-21 07:31:58 --> Could not find the language line "Xác Nhận"
ERROR - 2019-12-21 07:31:58 --> Could not find the language line "Tạo Điểm Lấy Hàng"
ERROR - 2019-12-21 07:31:58 --> Could not find the language line "Tạo Đơn Hàng"
ERROR - 2019-12-21 07:31:58 --> Severity: Warning --> Invalid argument supplied for foreach() /home/admin/domains/spshd.com/public_html/khachhang/application/views/tab4.php 394
ERROR - 2019-12-21 07:31:58 --> Could not find the language line "Đóng"
ERROR - 2019-12-21 07:31:58 --> Could not find the language line "Xác Nhận"
ERROR - 2019-12-21 07:31:58 --> Severity: Warning --> Invalid argument supplied for foreach() /home/admin/domains/spshd.com/public_html/khachhang/application/views/app.php 157
ERROR - 2019-12-21 07:31:58 --> Severity: Warning --> Invalid argument supplied for foreach() /home/admin/domains/spshd.com/public_html/khachhang/application/views/app.php 168
ERROR - 2019-12-21 07:31:58 --> Could not find the language line "Đóng"
ERROR - 2019-12-21 07:31:58 --> Could not find the language line "Xác Nhận"
ERROR - 2019-12-21 07:31:58 --> Could not find the language line "Đóng"
ERROR - 2019-12-21 07:31:58 --> Could not find the language line "Xác Nhận"
ERROR - 2019-12-21 08:09:51 --> Could not find the language line "Tạo Điểm Lấy Hàng"
ERROR - 2019-12-21 08:09:51 --> Could not find the language line "Tạo Đơn Hàng"
ERROR - 2019-12-21 08:09:51 --> Severity: Warning --> Invalid argument supplied for foreach() /home/admin/domains/spshd.com/public_html/khachhang/application/views/tab4.php 394
ERROR - 2019-12-21 08:09:51 --> Could not find the language line "Đóng"
ERROR - 2019-12-21 08:09:51 --> Could not find the language line "Xác Nhận"
ERROR - 2019-12-21 08:09:51 --> Severity: Warning --> Invalid argument supplied for foreach() /home/admin/domains/spshd.com/public_html/khachhang/application/views/app.php 157
ERROR - 2019-12-21 08:09:51 --> Severity: Warning --> Invalid argument supplied for foreach() /home/admin/domains/spshd.com/public_html/khachhang/application/views/app.php 168
ERROR - 2019-12-21 08:09:51 --> Could not find the language line "Đóng"
ERROR - 2019-12-21 08:09:51 --> Could not find the language line "Xác Nhận"
ERROR - 2019-12-21 08:09:51 --> Could not find the language line "Đóng"
ERROR - 2019-12-21 08:09:51 --> Could not find the language line "Xác Nhận"
ERROR - 2019-12-21 08:43:50 --> Could not find the language line "Tạo Điểm Lấy Hàng"
ERROR - 2019-12-21 08:43:50 --> Could not find the language line "Tạo Đơn Hàng"
ERROR - 2019-12-21 08:43:50 --> Severity: Warning --> Invalid argument supplied for foreach() /home/admin/domains/spshd.com/public_html/khachhang/application/views/tab4.php 394
ERROR - 2019-12-21 08:43:50 --> Could not find the language line "Đóng"
ERROR - 2019-12-21 08:43:50 --> Could not find the language line "Xác Nhận"
ERROR - 2019-12-21 08:43:50 --> Severity: Warning --> Invalid argument supplied for foreach() /home/admin/domains/spshd.com/public_html/khachhang/application/views/app.php 157
ERROR - 2019-12-21 08:43:50 --> Severity: Warning --> Invalid argument supplied for foreach() /home/admin/domains/spshd.com/public_html/khachhang/application/views/app.php 168
ERROR - 2019-12-21 08:43:50 --> Could not find the language line "Đóng"
ERROR - 2019-12-21 08:43:50 --> Could not find the language line "Xác Nhận"
ERROR - 2019-12-21 08:43:50 --> Could not find the language line "Đóng"
ERROR - 2019-12-21 08:43:50 --> Could not find the language line "Xác Nhận"
ERROR - 2019-12-21 09:43:40 --> Could not find the language line "Email"
ERROR - 2019-12-21 09:43:40 --> Could not find the language line "password"
ERROR - 2019-12-21 09:45:01 --> Could not find the language line "Tạo Điểm Lấy Hàng"
ERROR - 2019-12-21 09:45:01 --> Could not find the language line "Tạo Đơn Hàng"
ERROR - 2019-12-21 09:45:01 --> Severity: Warning --> Invalid argument supplied for foreach() /home/admin/domains/spshd.com/public_html/khachhang/application/views/tab4.php 394
ERROR - 2019-12-21 09:45:01 --> Could not find the language line "Đóng"
ERROR - 2019-12-21 09:45:01 --> Could not find the language line "Xác Nhận"
ERROR - 2019-12-21 09:45:01 --> Severity: Warning --> Invalid argument supplied for foreach() /home/admin/domains/spshd.com/public_html/khachhang/application/views/app.php 157
ERROR - 2019-12-21 09:45:01 --> Severity: Warning --> Invalid argument supplied for foreach() /home/admin/domains/spshd.com/public_html/khachhang/application/views/app.php 168
ERROR - 2019-12-21 09:45:01 --> Could not find the language line "Đóng"
ERROR - 2019-12-21 09:45:01 --> Could not find the language line "Xác Nhận"
ERROR - 2019-12-21 09:45:01 --> Could not find the language line "Đóng"
ERROR - 2019-12-21 09:45:01 --> Could not find the language line "Xác Nhận"
ERROR - 2019-12-21 11:04:36 --> Could not find the language line "Tạo Điểm Lấy Hàng"
ERROR - 2019-12-21 11:04:36 --> Could not find the language line "Tạo Đơn Hàng"
ERROR - 2019-12-21 11:04:36 --> Severity: Warning --> Invalid argument supplied for foreach() /home/admin/domains/spshd.com/public_html/khachhang/application/views/tab4.php 394
ERROR - 2019-12-21 11:04:36 --> Could not find the language line "Đóng"
ERROR - 2019-12-21 11:04:36 --> Could not find the language line "Xác Nhận"
ERROR - 2019-12-21 11:04:36 --> Severity: Warning --> Invalid argument supplied for foreach() /home/admin/domains/spshd.com/public_html/khachhang/application/views/app.php 157
ERROR - 2019-12-21 11:04:36 --> Severity: Warning --> Invalid argument supplied for foreach() /home/admin/domains/spshd.com/public_html/khachhang/application/views/app.php 168
ERROR - 2019-12-21 11:04:36 --> Could not find the language line "Đóng"
ERROR - 2019-12-21 11:04:36 --> Could not find the language line "Xác Nhận"
ERROR - 2019-12-21 11:04:36 --> Could not find the language line "Đóng"
ERROR - 2019-12-21 11:04:36 --> Could not find the language line "Xác Nhận"
ERROR - 2019-12-21 11:04:36 --> Could not find the language line "Tạo Điểm Lấy Hàng"
ERROR - 2019-12-21 11:04:36 --> Could not find the language line "Tạo Đơn Hàng"
ERROR - 2019-12-21 11:04:36 --> Severity: Warning --> Invalid argument supplied for foreach() /home/admin/domains/spshd.com/public_html/khachhang/application/views/tab4.php 394
ERROR - 2019-12-21 11:04:36 --> Could not find the language line "Đóng"
ERROR - 2019-12-21 11:04:36 --> Could not find the language line "Xác Nhận"
ERROR - 2019-12-21 11:04:36 --> Severity: Warning --> Invalid argument supplied for foreach() /home/admin/domains/spshd.com/public_html/khachhang/application/views/app.php 157
ERROR - 2019-12-21 11:04:36 --> Severity: Warning --> Invalid argument supplied for foreach() /home/admin/domains/spshd.com/public_html/khachhang/application/views/app.php 168
ERROR - 2019-12-21 11:04:36 --> Could not find the language line "Đóng"
ERROR - 2019-12-21 11:04:36 --> Could not find the language line "Xác Nhận"
ERROR - 2019-12-21 11:04:36 --> Could not find the language line "Đóng"
ERROR - 2019-12-21 11:04:36 --> Could not find the language line "Xác Nhận"
ERROR - 2019-12-21 11:52:00 --> Could not find the language line "Email"
ERROR - 2019-12-21 11:52:00 --> Could not find the language line "password"
ERROR - 2019-12-21 11:52:19 --> Could not find the language line "Tạo Điểm Lấy Hàng"
ERROR - 2019-12-21 11:52:19 --> Could not find the language line "Tạo Đơn Hàng"
ERROR - 2019-12-21 11:52:19 --> Severity: Warning --> Invalid argument supplied for foreach() /home/admin/domains/spshd.com/public_html/khachhang/application/views/tab4.php 394
ERROR - 2019-12-21 11:52:19 --> Could not find the language line "Đóng"
ERROR - 2019-12-21 11:52:19 --> Could not find the language line "Xác Nhận"
ERROR - 2019-12-21 11:52:19 --> Severity: Warning --> Invalid argument supplied for foreach() /home/admin/domains/spshd.com/public_html/khachhang/application/views/app.php 157
ERROR - 2019-12-21 11:52:19 --> Severity: Warning --> Invalid argument supplied for foreach() /home/admin/domains/spshd.com/public_html/khachhang/application/views/app.php 168
ERROR - 2019-12-21 11:52:19 --> Could not find the language line "Đóng"
ERROR - 2019-12-21 11:52:19 --> Could not find the language line "Xác Nhận"
ERROR - 2019-12-21 11:52:19 --> Could not find the language line "Đóng"
ERROR - 2019-12-21 11:52:19 --> Could not find the language line "Xác Nhận"
ERROR - 2019-12-21 12:39:29 --> Could not find the language line "Email"
ERROR - 2019-12-21 12:39:29 --> Could not find the language line "password"
ERROR - 2019-12-21 16:31:25 --> Could not find the language line "Email"
ERROR - 2019-12-21 16:31:25 --> Could not find the language line "password"
