ERROR - 2019-10-15 08:19:09 --> Could not find the language line "Tạo Điểm Lấy Hàng"
ERROR - 2019-10-15 08:19:09 --> Could not find the language line "Tạo Đơn Hàng"
ERROR - 2019-10-15 08:19:09 --> Severity: Warning --> Invalid argument supplied for foreach() /home/admin/domains/spshd.com/public_html/khachhang/application/views/tab4.php 394
ERROR - 2019-10-15 08:19:09 --> Could not find the language line "Đóng"
ERROR - 2019-10-15 08:19:09 --> Could not find the language line "Xác Nhận"
ERROR - 2019-10-15 08:19:09 --> Severity: Warning --> Invalid argument supplied for foreach() /home/admin/domains/spshd.com/public_html/khachhang/application/views/app.php 157
ERROR - 2019-10-15 08:19:09 --> Severity: Warning --> Invalid argument supplied for foreach() /home/admin/domains/spshd.com/public_html/khachhang/application/views/app.php 168
ERROR - 2019-10-15 08:19:09 --> Could not find the language line "Đóng"
ERROR - 2019-10-15 08:19:09 --> Could not find the language line "Xác Nhận"
ERROR - 2019-10-15 08:19:09 --> Could not find the language line "Đóng"
ERROR - 2019-10-15 08:19:09 --> Could not find the language line "Xác Nhận"
ERROR - 2019-10-15 09:09:44 --> Could not find the language line "Tạo Điểm Lấy Hàng"
ERROR - 2019-10-15 09:09:44 --> Could not find the language line "Tạo Đơn Hàng"
ERROR - 2019-10-15 09:09:44 --> Severity: Warning --> Invalid argument supplied for foreach() /home/admin/domains/spshd.com/public_html/khachhang/application/views/tab4.php 394
ERROR - 2019-10-15 09:09:44 --> Could not find the language line "Đóng"
ERROR - 2019-10-15 09:09:44 --> Could not find the language line "Xác Nhận"
ERROR - 2019-10-15 09:09:44 --> Severity: Warning --> Invalid argument supplied for foreach() /home/admin/domains/spshd.com/public_html/khachhang/application/views/app.php 157
ERROR - 2019-10-15 09:09:44 --> Severity: Warning --> Invalid argument supplied for foreach() /home/admin/domains/spshd.com/public_html/khachhang/application/views/app.php 168
ERROR - 2019-10-15 09:09:44 --> Could not find the language line "Đóng"
ERROR - 2019-10-15 09:09:44 --> Could not find the language line "Xác Nhận"
ERROR - 2019-10-15 09:09:44 --> Could not find the language line "Đóng"
ERROR - 2019-10-15 09:09:44 --> Could not find the language line "Xác Nhận"
ERROR - 2019-10-15 09:09:44 --> Could not find the language line "Tạo Điểm Lấy Hàng"
ERROR - 2019-10-15 09:09:44 --> Could not find the language line "Tạo Đơn Hàng"
ERROR - 2019-10-15 09:09:44 --> Severity: Warning --> Invalid argument supplied for foreach() /home/admin/domains/spshd.com/public_html/khachhang/application/views/tab4.php 394
ERROR - 2019-10-15 09:09:44 --> Could not find the language line "Đóng"
ERROR - 2019-10-15 09:09:44 --> Could not find the language line "Xác Nhận"
ERROR - 2019-10-15 09:09:44 --> Severity: Warning --> Invalid argument supplied for foreach() /home/admin/domains/spshd.com/public_html/khachhang/application/views/app.php 157
ERROR - 2019-10-15 09:09:44 --> Severity: Warning --> Invalid argument supplied for foreach() /home/admin/domains/spshd.com/public_html/khachhang/application/views/app.php 168
ERROR - 2019-10-15 09:09:44 --> Could not find the language line "Đóng"
ERROR - 2019-10-15 09:09:44 --> Could not find the language line "Xác Nhận"
ERROR - 2019-10-15 09:09:44 --> Could not find the language line "Đóng"
ERROR - 2019-10-15 09:09:44 --> Could not find the language line "Xác Nhận"
ERROR - 2019-10-15 09:09:52 --> Could not find the language line "Tạo Điểm Lấy Hàng"
ERROR - 2019-10-15 09:09:52 --> Could not find the language line "Tạo Đơn Hàng"
ERROR - 2019-10-15 09:09:52 --> Severity: Warning --> Invalid argument supplied for foreach() /home/admin/domains/spshd.com/public_html/khachhang/application/views/tab4.php 394
ERROR - 2019-10-15 09:09:52 --> Could not find the language line "Đóng"
ERROR - 2019-10-15 09:09:52 --> Could not find the language line "Xác Nhận"
ERROR - 2019-10-15 09:09:52 --> Severity: Warning --> Invalid argument supplied for foreach() /home/admin/domains/spshd.com/public_html/khachhang/application/views/app.php 157
ERROR - 2019-10-15 09:09:52 --> Severity: Warning --> Invalid argument supplied for foreach() /home/admin/domains/spshd.com/public_html/khachhang/application/views/app.php 168
ERROR - 2019-10-15 09:09:52 --> Could not find the language line "Đóng"
ERROR - 2019-10-15 09:09:52 --> Could not find the language line "Xác Nhận"
ERROR - 2019-10-15 09:09:52 --> Could not find the language line "Đóng"
ERROR - 2019-10-15 09:09:52 --> Could not find the language line "Xác Nhận"
ERROR - 2019-10-15 10:27:52 --> Could not find the language line "Tạo Điểm Lấy Hàng"
ERROR - 2019-10-15 10:27:52 --> Could not find the language line "Tạo Đơn Hàng"
ERROR - 2019-10-15 10:27:52 --> Severity: Warning --> Invalid argument supplied for foreach() /home/admin/domains/spshd.com/public_html/khachhang/application/views/tab4.php 394
ERROR - 2019-10-15 10:27:52 --> Could not find the language line "Đóng"
ERROR - 2019-10-15 10:27:52 --> Could not find the language line "Xác Nhận"
ERROR - 2019-10-15 10:27:52 --> Severity: Warning --> Invalid argument supplied for foreach() /home/admin/domains/spshd.com/public_html/khachhang/application/views/app.php 157
ERROR - 2019-10-15 10:27:52 --> Severity: Warning --> Invalid argument supplied for foreach() /home/admin/domains/spshd.com/public_html/khachhang/application/views/app.php 168
ERROR - 2019-10-15 10:27:52 --> Could not find the language line "Đóng"
ERROR - 2019-10-15 10:27:52 --> Could not find the language line "Xác Nhận"
ERROR - 2019-10-15 10:27:52 --> Could not find the language line "Đóng"
ERROR - 2019-10-15 10:27:52 --> Could not find the language line "Xác Nhận"
ERROR - 2019-10-15 10:39:00 --> Could not find the language line "Tạo Điểm Lấy Hàng"
ERROR - 2019-10-15 10:39:00 --> Could not find the language line "Tạo Đơn Hàng"
ERROR - 2019-10-15 10:39:00 --> Severity: Warning --> Invalid argument supplied for foreach() /home/admin/domains/spshd.com/public_html/khachhang/application/views/tab4.php 394
ERROR - 2019-10-15 10:39:00 --> Could not find the language line "Đóng"
ERROR - 2019-10-15 10:39:00 --> Could not find the language line "Xác Nhận"
ERROR - 2019-10-15 10:39:00 --> Severity: Warning --> Invalid argument supplied for foreach() /home/admin/domains/spshd.com/public_html/khachhang/application/views/app.php 157
ERROR - 2019-10-15 10:39:00 --> Severity: Warning --> Invalid argument supplied for foreach() /home/admin/domains/spshd.com/public_html/khachhang/application/views/app.php 168
ERROR - 2019-10-15 10:39:00 --> Could not find the language line "Đóng"
ERROR - 2019-10-15 10:39:00 --> Could not find the language line "Xác Nhận"
ERROR - 2019-10-15 10:39:00 --> Could not find the language line "Đóng"
ERROR - 2019-10-15 10:39:00 --> Could not find the language line "Xác Nhận"
ERROR - 2019-10-15 17:14:08 --> Could not find the language line "Tạo Điểm Lấy Hàng"
ERROR - 2019-10-15 17:14:08 --> Could not find the language line "Tạo Đơn Hàng"
ERROR - 2019-10-15 17:14:08 --> Severity: Warning --> Invalid argument supplied for foreach() /home/admin/domains/spshd.com/public_html/khachhang/application/views/tab4.php 394
ERROR - 2019-10-15 17:14:08 --> Could not find the language line "Đóng"
ERROR - 2019-10-15 17:14:08 --> Could not find the language line "Xác Nhận"
ERROR - 2019-10-15 17:14:08 --> Severity: Warning --> Invalid argument supplied for foreach() /home/admin/domains/spshd.com/public_html/khachhang/application/views/app.php 157
ERROR - 2019-10-15 17:14:08 --> Severity: Warning --> Invalid argument supplied for foreach() /home/admin/domains/spshd.com/public_html/khachhang/application/views/app.php 168
ERROR - 2019-10-15 17:14:08 --> Could not find the language line "Đóng"
ERROR - 2019-10-15 17:14:08 --> Could not find the language line "Xác Nhận"
ERROR - 2019-10-15 17:14:08 --> Could not find the language line "Đóng"
ERROR - 2019-10-15 17:14:08 --> Could not find the language line "Xác Nhận"
ERROR - 2019-10-15 17:14:43 --> Could not find the language line "Tạo Điểm Lấy Hàng"
ERROR - 2019-10-15 17:14:43 --> Could not find the language line "Tạo Đơn Hàng"
ERROR - 2019-10-15 17:14:43 --> Severity: Warning --> Invalid argument supplied for foreach() /home/admin/domains/spshd.com/public_html/khachhang/application/views/tab4.php 394
ERROR - 2019-10-15 17:14:43 --> Could not find the language line "Đóng"
ERROR - 2019-10-15 17:14:43 --> Could not find the language line "Xác Nhận"
ERROR - 2019-10-15 17:14:43 --> Severity: Warning --> Invalid argument supplied for foreach() /home/admin/domains/spshd.com/public_html/khachhang/application/views/app.php 157
ERROR - 2019-10-15 17:14:43 --> Severity: Warning --> Invalid argument supplied for foreach() /home/admin/domains/spshd.com/public_html/khachhang/application/views/app.php 168
ERROR - 2019-10-15 17:14:43 --> Could not find the language line "Đóng"
ERROR - 2019-10-15 17:14:43 --> Could not find the language line "Xác Nhận"
ERROR - 2019-10-15 17:14:43 --> Could not find the language line "Đóng"
ERROR - 2019-10-15 17:14:43 --> Could not find the language line "Xác Nhận"
ERROR - 2019-10-15 17:14:52 --> Could not find the language line "Tạo Điểm Lấy Hàng"
ERROR - 2019-10-15 17:14:52 --> Could not find the language line "Tạo Đơn Hàng"
ERROR - 2019-10-15 17:14:52 --> Severity: Warning --> Invalid argument supplied for foreach() /home/admin/domains/spshd.com/public_html/khachhang/application/views/tab4.php 394
ERROR - 2019-10-15 17:14:52 --> Could not find the language line "Đóng"
ERROR - 2019-10-15 17:14:52 --> Could not find the language line "Xác Nhận"
ERROR - 2019-10-15 17:14:52 --> Severity: Warning --> Invalid argument supplied for foreach() /home/admin/domains/spshd.com/public_html/khachhang/application/views/app.php 157
ERROR - 2019-10-15 17:14:52 --> Severity: Warning --> Invalid argument supplied for foreach() /home/admin/domains/spshd.com/public_html/khachhang/application/views/app.php 168
ERROR - 2019-10-15 17:14:52 --> Could not find the language line "Đóng"
ERROR - 2019-10-15 17:14:52 --> Could not find the language line "Xác Nhận"
ERROR - 2019-10-15 17:14:52 --> Could not find the language line "Đóng"
ERROR - 2019-10-15 17:14:52 --> Could not find the language line "Xác Nhận"
ERROR - 2019-10-15 17:15:34 --> Could not find the language line "Tạo Điểm Lấy Hàng"
ERROR - 2019-10-15 17:15:34 --> Could not find the language line "Tạo Đơn Hàng"
ERROR - 2019-10-15 17:15:34 --> Severity: Warning --> Invalid argument supplied for foreach() /home/admin/domains/spshd.com/public_html/khachhang/application/views/tab4.php 394
ERROR - 2019-10-15 17:15:34 --> Could not find the language line "Đóng"
ERROR - 2019-10-15 17:15:34 --> Could not find the language line "Xác Nhận"
ERROR - 2019-10-15 17:15:34 --> Severity: Warning --> Invalid argument supplied for foreach() /home/admin/domains/spshd.com/public_html/khachhang/application/views/app.php 157
ERROR - 2019-10-15 17:15:34 --> Severity: Warning --> Invalid argument supplied for foreach() /home/admin/domains/spshd.com/public_html/khachhang/application/views/app.php 168
ERROR - 2019-10-15 17:15:34 --> Could not find the language line "Đóng"
ERROR - 2019-10-15 17:15:34 --> Could not find the language line "Xác Nhận"
ERROR - 2019-10-15 17:15:34 --> Could not find the language line "Đóng"
ERROR - 2019-10-15 17:15:34 --> Could not find the language line "Xác Nhận"
ERROR - 2019-10-15 17:15:34 --> Could not find the language line "Tạo Điểm Lấy Hàng"
ERROR - 2019-10-15 17:15:34 --> Could not find the language line "Tạo Đơn Hàng"
ERROR - 2019-10-15 17:15:34 --> Severity: Warning --> Invalid argument supplied for foreach() /home/admin/domains/spshd.com/public_html/khachhang/application/views/tab4.php 394
ERROR - 2019-10-15 17:15:34 --> Could not find the language line "Đóng"
ERROR - 2019-10-15 17:15:34 --> Could not find the language line "Xác Nhận"
ERROR - 2019-10-15 17:15:34 --> Severity: Warning --> Invalid argument supplied for foreach() /home/admin/domains/spshd.com/public_html/khachhang/application/views/app.php 157
ERROR - 2019-10-15 17:15:34 --> Severity: Warning --> Invalid argument supplied for foreach() /home/admin/domains/spshd.com/public_html/khachhang/application/views/app.php 168
ERROR - 2019-10-15 17:15:34 --> Could not find the language line "Đóng"
ERROR - 2019-10-15 17:15:34 --> Could not find the language line "Xác Nhận"
ERROR - 2019-10-15 17:15:34 --> Could not find the language line "Đóng"
ERROR - 2019-10-15 17:15:34 --> Could not find the language line "Xác Nhận"
ERROR - 2019-10-15 17:28:48 --> Could not find the language line "Tạo Điểm Lấy Hàng"
ERROR - 2019-10-15 17:28:48 --> Could not find the language line "Tạo Đơn Hàng"
ERROR - 2019-10-15 17:28:48 --> Severity: Warning --> Invalid argument supplied for foreach() /home/admin/domains/spshd.com/public_html/khachhang/application/views/tab4.php 394
ERROR - 2019-10-15 17:28:48 --> Could not find the language line "Đóng"
ERROR - 2019-10-15 17:28:48 --> Could not find the language line "Xác Nhận"
ERROR - 2019-10-15 17:28:48 --> Severity: Warning --> Invalid argument supplied for foreach() /home/admin/domains/spshd.com/public_html/khachhang/application/views/app.php 157
ERROR - 2019-10-15 17:28:48 --> Severity: Warning --> Invalid argument supplied for foreach() /home/admin/domains/spshd.com/public_html/khachhang/application/views/app.php 168
ERROR - 2019-10-15 17:28:48 --> Could not find the language line "Đóng"
ERROR - 2019-10-15 17:28:48 --> Could not find the language line "Xác Nhận"
ERROR - 2019-10-15 17:28:48 --> Could not find the language line "Đóng"
ERROR - 2019-10-15 17:28:48 --> Could not find the language line "Xác Nhận"
ERROR - 2019-10-15 17:34:05 --> Could not find the language line "Tạo Điểm Lấy Hàng"
ERROR - 2019-10-15 17:34:05 --> Could not find the language line "Tạo Đơn Hàng"
ERROR - 2019-10-15 17:34:05 --> Severity: Warning --> Invalid argument supplied for foreach() /home/admin/domains/spshd.com/public_html/khachhang/application/views/tab4.php 394
ERROR - 2019-10-15 17:34:05 --> Could not find the language line "Đóng"
ERROR - 2019-10-15 17:34:05 --> Could not find the language line "Xác Nhận"
ERROR - 2019-10-15 17:34:05 --> Severity: Warning --> Invalid argument supplied for foreach() /home/admin/domains/spshd.com/public_html/khachhang/application/views/app.php 157
ERROR - 2019-10-15 17:34:05 --> Severity: Warning --> Invalid argument supplied for foreach() /home/admin/domains/spshd.com/public_html/khachhang/application/views/app.php 168
ERROR - 2019-10-15 17:34:05 --> Could not find the language line "Đóng"
ERROR - 2019-10-15 17:34:05 --> Could not find the language line "Xác Nhận"
ERROR - 2019-10-15 17:34:05 --> Could not find the language line "Đóng"
ERROR - 2019-10-15 17:34:05 --> Could not find the language line "Xác Nhận"
