ERROR - 2020-06-28 01:27:23 --> Could not find the language line "Email"
ERROR - 2020-06-28 01:27:23 --> Could not find the language line "password"
ERROR - 2020-06-28 07:34:51 --> Could not find the language line "Tạo Điểm Lấy Hàng"
ERROR - 2020-06-28 07:34:51 --> Could not find the language line "Tạo Đơn Hàng"
ERROR - 2020-06-28 07:34:51 --> Could not find the language line "Tải Excel"
ERROR - 2020-06-28 07:34:51 --> Could not find the language line "Đóng"
ERROR - 2020-06-28 07:34:51 --> Could not find the language line "Xác Nhận"
ERROR - 2020-06-28 07:34:51 --> Severity: Warning --> Invalid argument supplied for foreach() /home/admin/domains/spshd.com/public_html/khachhang/application/views/app.php 162
ERROR - 2020-06-28 07:34:51 --> Severity: Warning --> Invalid argument supplied for foreach() /home/admin/domains/spshd.com/public_html/khachhang/application/views/app.php 173
ERROR - 2020-06-28 07:34:51 --> Could not find the language line "Đóng"
ERROR - 2020-06-28 07:34:51 --> Could not find the language line "Xác Nhận"
ERROR - 2020-06-28 07:34:51 --> Could not find the language line "Đóng"
ERROR - 2020-06-28 07:34:51 --> Could not find the language line "Xác Nhận"
ERROR - 2020-06-28 07:34:51 --> Could not find the language line "Đóng"
ERROR - 2020-06-28 07:34:51 --> Could not find the language line "Tải"
ERROR - 2020-06-28 07:52:59 --> Could not find the language line "Tạo Điểm Lấy Hàng"
ERROR - 2020-06-28 07:52:59 --> Could not find the language line "Tạo Đơn Hàng"
ERROR - 2020-06-28 07:52:59 --> Could not find the language line "Tải Excel"
ERROR - 2020-06-28 07:52:59 --> Could not find the language line "Đóng"
ERROR - 2020-06-28 07:52:59 --> Could not find the language line "Xác Nhận"
ERROR - 2020-06-28 07:52:59 --> Severity: Warning --> Invalid argument supplied for foreach() /home/admin/domains/spshd.com/public_html/khachhang/application/views/app.php 162
ERROR - 2020-06-28 07:52:59 --> Severity: Warning --> Invalid argument supplied for foreach() /home/admin/domains/spshd.com/public_html/khachhang/application/views/app.php 173
ERROR - 2020-06-28 07:52:59 --> Could not find the language line "Đóng"
ERROR - 2020-06-28 07:52:59 --> Could not find the language line "Xác Nhận"
ERROR - 2020-06-28 07:52:59 --> Could not find the language line "Đóng"
ERROR - 2020-06-28 07:52:59 --> Could not find the language line "Xác Nhận"
ERROR - 2020-06-28 07:52:59 --> Could not find the language line "Đóng"
ERROR - 2020-06-28 07:52:59 --> Could not find the language line "Tải"
ERROR - 2020-06-28 08:28:06 --> Could not find the language line "Tạo Điểm Lấy Hàng"
ERROR - 2020-06-28 08:28:06 --> Could not find the language line "Tạo Đơn Hàng"
ERROR - 2020-06-28 08:28:06 --> Could not find the language line "Tải Excel"
ERROR - 2020-06-28 08:28:06 --> Could not find the language line "Đóng"
ERROR - 2020-06-28 08:28:06 --> Could not find the language line "Xác Nhận"
ERROR - 2020-06-28 08:28:06 --> Severity: Warning --> Invalid argument supplied for foreach() /home/admin/domains/spshd.com/public_html/khachhang/application/views/app.php 162
ERROR - 2020-06-28 08:28:06 --> Severity: Warning --> Invalid argument supplied for foreach() /home/admin/domains/spshd.com/public_html/khachhang/application/views/app.php 173
ERROR - 2020-06-28 08:28:06 --> Could not find the language line "Đóng"
ERROR - 2020-06-28 08:28:06 --> Could not find the language line "Xác Nhận"
ERROR - 2020-06-28 08:28:06 --> Could not find the language line "Đóng"
ERROR - 2020-06-28 08:28:06 --> Could not find the language line "Xác Nhận"
ERROR - 2020-06-28 08:28:06 --> Could not find the language line "Đóng"
ERROR - 2020-06-28 08:28:06 --> Could not find the language line "Tải"
ERROR - 2020-06-28 09:01:45 --> Could not find the language line "Tạo Điểm Lấy Hàng"
ERROR - 2020-06-28 09:01:45 --> Could not find the language line "Tạo Đơn Hàng"
ERROR - 2020-06-28 09:01:45 --> Could not find the language line "Tải Excel"
ERROR - 2020-06-28 09:01:45 --> Could not find the language line "Đóng"
ERROR - 2020-06-28 09:01:45 --> Could not find the language line "Xác Nhận"
ERROR - 2020-06-28 09:01:45 --> Severity: Warning --> Invalid argument supplied for foreach() /home/admin/domains/spshd.com/public_html/khachhang/application/views/app.php 162
ERROR - 2020-06-28 09:01:45 --> Severity: Warning --> Invalid argument supplied for foreach() /home/admin/domains/spshd.com/public_html/khachhang/application/views/app.php 173
ERROR - 2020-06-28 09:01:45 --> Could not find the language line "Đóng"
ERROR - 2020-06-28 09:01:45 --> Could not find the language line "Xác Nhận"
ERROR - 2020-06-28 09:01:45 --> Could not find the language line "Đóng"
ERROR - 2020-06-28 09:01:45 --> Could not find the language line "Xác Nhận"
ERROR - 2020-06-28 09:01:45 --> Could not find the language line "Đóng"
ERROR - 2020-06-28 09:01:45 --> Could not find the language line "Tải"
ERROR - 2020-06-28 09:01:45 --> Could not find the language line "Tạo Điểm Lấy Hàng"
ERROR - 2020-06-28 09:01:45 --> Could not find the language line "Tạo Đơn Hàng"
ERROR - 2020-06-28 09:01:45 --> Could not find the language line "Tải Excel"
ERROR - 2020-06-28 09:01:45 --> Could not find the language line "Đóng"
ERROR - 2020-06-28 09:01:45 --> Could not find the language line "Xác Nhận"
ERROR - 2020-06-28 09:01:45 --> Severity: Warning --> Invalid argument supplied for foreach() /home/admin/domains/spshd.com/public_html/khachhang/application/views/app.php 162
ERROR - 2020-06-28 09:01:45 --> Severity: Warning --> Invalid argument supplied for foreach() /home/admin/domains/spshd.com/public_html/khachhang/application/views/app.php 173
ERROR - 2020-06-28 09:01:45 --> Could not find the language line "Đóng"
ERROR - 2020-06-28 09:01:45 --> Could not find the language line "Xác Nhận"
ERROR - 2020-06-28 09:01:45 --> Could not find the language line "Đóng"
ERROR - 2020-06-28 09:01:45 --> Could not find the language line "Xác Nhận"
ERROR - 2020-06-28 09:01:45 --> Could not find the language line "Đóng"
ERROR - 2020-06-28 09:01:45 --> Could not find the language line "Tải"
ERROR - 2020-06-28 03:04:05 --> Could not find the language line "Email"
ERROR - 2020-06-28 03:04:05 --> Could not find the language line "password"
ERROR - 2020-06-28 09:13:11 --> Could not find the language line "Tạo Điểm Lấy Hàng"
ERROR - 2020-06-28 09:13:11 --> Could not find the language line "Tạo Đơn Hàng"
ERROR - 2020-06-28 09:13:11 --> Could not find the language line "Tải Excel"
ERROR - 2020-06-28 09:13:11 --> Could not find the language line "Đóng"
ERROR - 2020-06-28 09:13:11 --> Could not find the language line "Xác Nhận"
ERROR - 2020-06-28 09:13:11 --> Severity: Warning --> Invalid argument supplied for foreach() /home/admin/domains/spshd.com/public_html/khachhang/application/views/app.php 162
ERROR - 2020-06-28 09:13:11 --> Severity: Warning --> Invalid argument supplied for foreach() /home/admin/domains/spshd.com/public_html/khachhang/application/views/app.php 173
ERROR - 2020-06-28 09:13:11 --> Could not find the language line "Đóng"
ERROR - 2020-06-28 09:13:11 --> Could not find the language line "Xác Nhận"
ERROR - 2020-06-28 09:13:11 --> Could not find the language line "Đóng"
ERROR - 2020-06-28 09:13:11 --> Could not find the language line "Xác Nhận"
ERROR - 2020-06-28 09:13:11 --> Could not find the language line "Đóng"
ERROR - 2020-06-28 09:13:11 --> Could not find the language line "Tải"
ERROR - 2020-06-28 09:16:17 --> Could not find the language line "Tạo Điểm Lấy Hàng"
ERROR - 2020-06-28 09:16:17 --> Could not find the language line "Tạo Đơn Hàng"
ERROR - 2020-06-28 09:16:17 --> Could not find the language line "Tải Excel"
ERROR - 2020-06-28 09:16:17 --> Could not find the language line "Đóng"
ERROR - 2020-06-28 09:16:17 --> Could not find the language line "Xác Nhận"
ERROR - 2020-06-28 09:16:17 --> Severity: Warning --> Invalid argument supplied for foreach() /home/admin/domains/spshd.com/public_html/khachhang/application/views/app.php 162
ERROR - 2020-06-28 09:16:17 --> Severity: Warning --> Invalid argument supplied for foreach() /home/admin/domains/spshd.com/public_html/khachhang/application/views/app.php 173
ERROR - 2020-06-28 09:16:17 --> Could not find the language line "Đóng"
ERROR - 2020-06-28 09:16:17 --> Could not find the language line "Xác Nhận"
ERROR - 2020-06-28 09:16:17 --> Could not find the language line "Đóng"
ERROR - 2020-06-28 09:16:17 --> Could not find the language line "Xác Nhận"
ERROR - 2020-06-28 09:16:17 --> Could not find the language line "Đóng"
ERROR - 2020-06-28 09:16:17 --> Could not find the language line "Tải"
ERROR - 2020-06-28 10:43:40 --> Could not find the language line "Tạo Điểm Lấy Hàng"
ERROR - 2020-06-28 10:43:40 --> Could not find the language line "Tạo Đơn Hàng"
ERROR - 2020-06-28 10:43:40 --> Could not find the language line "Tải Excel"
ERROR - 2020-06-28 10:43:40 --> Could not find the language line "Đóng"
ERROR - 2020-06-28 10:43:40 --> Could not find the language line "Xác Nhận"
ERROR - 2020-06-28 10:43:40 --> Severity: Warning --> Invalid argument supplied for foreach() /home/admin/domains/spshd.com/public_html/khachhang/application/views/app.php 162
ERROR - 2020-06-28 10:43:40 --> Severity: Warning --> Invalid argument supplied for foreach() /home/admin/domains/spshd.com/public_html/khachhang/application/views/app.php 173
ERROR - 2020-06-28 10:43:40 --> Could not find the language line "Đóng"
ERROR - 2020-06-28 10:43:40 --> Could not find the language line "Xác Nhận"
ERROR - 2020-06-28 10:43:40 --> Could not find the language line "Đóng"
ERROR - 2020-06-28 10:43:40 --> Could not find the language line "Xác Nhận"
ERROR - 2020-06-28 10:43:40 --> Could not find the language line "Đóng"
ERROR - 2020-06-28 10:43:40 --> Could not find the language line "Tải"
ERROR - 2020-06-28 05:56:34 --> Could not find the language line "Email"
ERROR - 2020-06-28 05:56:34 --> Could not find the language line "password"
ERROR - 2020-06-28 06:01:26 --> Could not find the language line "Email"
ERROR - 2020-06-28 06:01:26 --> Could not find the language line "password"
ERROR - 2020-06-28 06:27:50 --> Could not find the language line "Email"
ERROR - 2020-06-28 06:27:50 --> Could not find the language line "password"
ERROR - 2020-06-28 07:12:52 --> Could not find the language line "Email"
ERROR - 2020-06-28 07:12:52 --> Could not find the language line "password"
ERROR - 2020-06-28 14:43:43 --> Could not find the language line "Tạo Điểm Lấy Hàng"
ERROR - 2020-06-28 14:43:43 --> Could not find the language line "Tạo Đơn Hàng"
ERROR - 2020-06-28 14:43:43 --> Could not find the language line "Tải Excel"
ERROR - 2020-06-28 14:43:43 --> Could not find the language line "Đóng"
ERROR - 2020-06-28 14:43:43 --> Could not find the language line "Xác Nhận"
ERROR - 2020-06-28 14:43:43 --> Severity: Warning --> Invalid argument supplied for foreach() /home/admin/domains/spshd.com/public_html/khachhang/application/views/app.php 162
ERROR - 2020-06-28 14:43:44 --> Severity: Warning --> Invalid argument supplied for foreach() /home/admin/domains/spshd.com/public_html/khachhang/application/views/app.php 173
ERROR - 2020-06-28 14:43:44 --> Could not find the language line "Đóng"
ERROR - 2020-06-28 14:43:44 --> Could not find the language line "Xác Nhận"
ERROR - 2020-06-28 14:43:44 --> Could not find the language line "Đóng"
ERROR - 2020-06-28 14:43:44 --> Could not find the language line "Xác Nhận"
ERROR - 2020-06-28 14:43:44 --> Could not find the language line "Đóng"
ERROR - 2020-06-28 14:43:44 --> Could not find the language line "Tải"
ERROR - 2020-06-28 14:53:47 --> Could not find the language line "Tạo Điểm Lấy Hàng"
ERROR - 2020-06-28 14:53:47 --> Could not find the language line "Tạo Đơn Hàng"
ERROR - 2020-06-28 14:53:47 --> Could not find the language line "Tải Excel"
ERROR - 2020-06-28 14:53:47 --> Could not find the language line "Đóng"
ERROR - 2020-06-28 14:53:47 --> Could not find the language line "Xác Nhận"
ERROR - 2020-06-28 14:53:47 --> Severity: Warning --> Invalid argument supplied for foreach() /home/admin/domains/spshd.com/public_html/khachhang/application/views/app.php 162
ERROR - 2020-06-28 14:53:47 --> Severity: Warning --> Invalid argument supplied for foreach() /home/admin/domains/spshd.com/public_html/khachhang/application/views/app.php 173
ERROR - 2020-06-28 14:53:47 --> Could not find the language line "Đóng"
ERROR - 2020-06-28 14:53:47 --> Could not find the language line "Xác Nhận"
ERROR - 2020-06-28 14:53:47 --> Could not find the language line "Đóng"
ERROR - 2020-06-28 14:53:47 --> Could not find the language line "Xác Nhận"
ERROR - 2020-06-28 14:53:47 --> Could not find the language line "Đóng"
ERROR - 2020-06-28 14:53:47 --> Could not find the language line "Tải"
ERROR - 2020-06-28 15:05:50 --> Could not find the language line "Tạo Điểm Lấy Hàng"
ERROR - 2020-06-28 15:05:50 --> Could not find the language line "Tạo Đơn Hàng"
ERROR - 2020-06-28 15:05:50 --> Could not find the language line "Tải Excel"
ERROR - 2020-06-28 15:05:50 --> Could not find the language line "Đóng"
ERROR - 2020-06-28 15:05:50 --> Could not find the language line "Xác Nhận"
ERROR - 2020-06-28 15:05:50 --> Severity: Warning --> Invalid argument supplied for foreach() /home/admin/domains/spshd.com/public_html/khachhang/application/views/app.php 162
ERROR - 2020-06-28 15:05:50 --> Severity: Warning --> Invalid argument supplied for foreach() /home/admin/domains/spshd.com/public_html/khachhang/application/views/app.php 173
ERROR - 2020-06-28 15:05:50 --> Could not find the language line "Đóng"
ERROR - 2020-06-28 15:05:50 --> Could not find the language line "Xác Nhận"
ERROR - 2020-06-28 15:05:50 --> Could not find the language line "Đóng"
ERROR - 2020-06-28 15:05:50 --> Could not find the language line "Xác Nhận"
ERROR - 2020-06-28 15:05:50 --> Could not find the language line "Đóng"
ERROR - 2020-06-28 15:05:50 --> Could not find the language line "Tải"
ERROR - 2020-06-28 15:08:54 --> Could not find the language line "Tạo Điểm Lấy Hàng"
ERROR - 2020-06-28 15:08:54 --> Could not find the language line "Tạo Đơn Hàng"
ERROR - 2020-06-28 15:08:54 --> Could not find the language line "Tải Excel"
ERROR - 2020-06-28 15:08:54 --> Could not find the language line "Đóng"
ERROR - 2020-06-28 15:08:54 --> Could not find the language line "Xác Nhận"
ERROR - 2020-06-28 15:08:54 --> Severity: Warning --> Invalid argument supplied for foreach() /home/admin/domains/spshd.com/public_html/khachhang/application/views/app.php 162
ERROR - 2020-06-28 15:08:54 --> Severity: Warning --> Invalid argument supplied for foreach() /home/admin/domains/spshd.com/public_html/khachhang/application/views/app.php 173
ERROR - 2020-06-28 15:08:54 --> Could not find the language line "Đóng"
ERROR - 2020-06-28 15:08:54 --> Could not find the language line "Xác Nhận"
ERROR - 2020-06-28 15:08:54 --> Could not find the language line "Đóng"
ERROR - 2020-06-28 15:08:54 --> Could not find the language line "Xác Nhận"
ERROR - 2020-06-28 15:08:54 --> Could not find the language line "Đóng"
ERROR - 2020-06-28 15:08:54 --> Could not find the language line "Tải"
ERROR - 2020-06-28 15:11:30 --> Could not find the language line "Tạo Điểm Lấy Hàng"
ERROR - 2020-06-28 15:11:30 --> Could not find the language line "Tạo Đơn Hàng"
ERROR - 2020-06-28 15:11:30 --> Could not find the language line "Tải Excel"
ERROR - 2020-06-28 15:11:30 --> Could not find the language line "Đóng"
ERROR - 2020-06-28 15:11:30 --> Could not find the language line "Xác Nhận"
ERROR - 2020-06-28 15:11:30 --> Severity: Warning --> Invalid argument supplied for foreach() /home/admin/domains/spshd.com/public_html/khachhang/application/views/app.php 162
ERROR - 2020-06-28 15:11:30 --> Severity: Warning --> Invalid argument supplied for foreach() /home/admin/domains/spshd.com/public_html/khachhang/application/views/app.php 173
ERROR - 2020-06-28 15:11:30 --> Could not find the language line "Đóng"
ERROR - 2020-06-28 15:11:30 --> Could not find the language line "Xác Nhận"
ERROR - 2020-06-28 15:11:30 --> Could not find the language line "Đóng"
ERROR - 2020-06-28 15:11:30 --> Could not find the language line "Xác Nhận"
ERROR - 2020-06-28 15:11:30 --> Could not find the language line "Đóng"
ERROR - 2020-06-28 15:11:30 --> Could not find the language line "Tải"
ERROR - 2020-06-28 15:16:23 --> Could not find the language line "Tạo Điểm Lấy Hàng"
ERROR - 2020-06-28 15:16:23 --> Could not find the language line "Tạo Đơn Hàng"
ERROR - 2020-06-28 15:16:23 --> Could not find the language line "Tải Excel"
ERROR - 2020-06-28 15:16:23 --> Could not find the language line "Đóng"
ERROR - 2020-06-28 15:16:23 --> Could not find the language line "Xác Nhận"
ERROR - 2020-06-28 15:16:23 --> Severity: Warning --> Invalid argument supplied for foreach() /home/admin/domains/spshd.com/public_html/khachhang/application/views/app.php 162
ERROR - 2020-06-28 15:16:23 --> Severity: Warning --> Invalid argument supplied for foreach() /home/admin/domains/spshd.com/public_html/khachhang/application/views/app.php 173
ERROR - 2020-06-28 15:16:23 --> Could not find the language line "Đóng"
ERROR - 2020-06-28 15:16:23 --> Could not find the language line "Xác Nhận"
ERROR - 2020-06-28 15:16:23 --> Could not find the language line "Đóng"
ERROR - 2020-06-28 15:16:23 --> Could not find the language line "Xác Nhận"
ERROR - 2020-06-28 15:16:23 --> Could not find the language line "Đóng"
ERROR - 2020-06-28 15:16:23 --> Could not find the language line "Tải"
ERROR - 2020-06-28 15:18:27 --> Could not find the language line "Tạo Điểm Lấy Hàng"
ERROR - 2020-06-28 15:18:27 --> Could not find the language line "Tạo Đơn Hàng"
ERROR - 2020-06-28 15:18:27 --> Could not find the language line "Tải Excel"
ERROR - 2020-06-28 15:18:27 --> Could not find the language line "Đóng"
ERROR - 2020-06-28 15:18:27 --> Could not find the language line "Xác Nhận"
ERROR - 2020-06-28 15:18:27 --> Severity: Warning --> Invalid argument supplied for foreach() /home/admin/domains/spshd.com/public_html/khachhang/application/views/app.php 162
ERROR - 2020-06-28 15:18:27 --> Severity: Warning --> Invalid argument supplied for foreach() /home/admin/domains/spshd.com/public_html/khachhang/application/views/app.php 173
ERROR - 2020-06-28 15:18:27 --> Could not find the language line "Đóng"
ERROR - 2020-06-28 15:18:27 --> Could not find the language line "Xác Nhận"
ERROR - 2020-06-28 15:18:27 --> Could not find the language line "Đóng"
ERROR - 2020-06-28 15:18:27 --> Could not find the language line "Xác Nhận"
ERROR - 2020-06-28 15:18:27 --> Could not find the language line "Đóng"
ERROR - 2020-06-28 15:18:27 --> Could not find the language line "Tải"
ERROR - 2020-06-28 16:09:34 --> Could not find the language line "Tạo Điểm Lấy Hàng"
ERROR - 2020-06-28 16:09:34 --> Could not find the language line "Tạo Đơn Hàng"
ERROR - 2020-06-28 16:09:34 --> Could not find the language line "Tải Excel"
ERROR - 2020-06-28 16:09:34 --> Could not find the language line "Đóng"
ERROR - 2020-06-28 16:09:34 --> Could not find the language line "Xác Nhận"
ERROR - 2020-06-28 16:09:34 --> Severity: Warning --> Invalid argument supplied for foreach() /home/admin/domains/spshd.com/public_html/khachhang/application/views/app.php 162
ERROR - 2020-06-28 16:09:34 --> Severity: Warning --> Invalid argument supplied for foreach() /home/admin/domains/spshd.com/public_html/khachhang/application/views/app.php 173
ERROR - 2020-06-28 16:09:34 --> Could not find the language line "Đóng"
ERROR - 2020-06-28 16:09:34 --> Could not find the language line "Xác Nhận"
ERROR - 2020-06-28 16:09:34 --> Could not find the language line "Đóng"
ERROR - 2020-06-28 16:09:34 --> Could not find the language line "Xác Nhận"
ERROR - 2020-06-28 16:09:34 --> Could not find the language line "Đóng"
ERROR - 2020-06-28 16:09:34 --> Could not find the language line "Tải"
ERROR - 2020-06-28 16:52:23 --> Could not find the language line "Tạo Điểm Lấy Hàng"
ERROR - 2020-06-28 16:52:23 --> Could not find the language line "Tạo Đơn Hàng"
ERROR - 2020-06-28 16:52:23 --> Could not find the language line "Tải Excel"
ERROR - 2020-06-28 16:52:23 --> Could not find the language line "Đóng"
ERROR - 2020-06-28 16:52:23 --> Could not find the language line "Xác Nhận"
ERROR - 2020-06-28 16:52:23 --> Severity: Warning --> Invalid argument supplied for foreach() /home/admin/domains/spshd.com/public_html/khachhang/application/views/app.php 162
ERROR - 2020-06-28 16:52:23 --> Severity: Warning --> Invalid argument supplied for foreach() /home/admin/domains/spshd.com/public_html/khachhang/application/views/app.php 173
ERROR - 2020-06-28 16:52:23 --> Could not find the language line "Đóng"
ERROR - 2020-06-28 16:52:23 --> Could not find the language line "Xác Nhận"
ERROR - 2020-06-28 16:52:23 --> Could not find the language line "Đóng"
ERROR - 2020-06-28 16:52:23 --> Could not find the language line "Xác Nhận"
ERROR - 2020-06-28 16:52:23 --> Could not find the language line "Đóng"
ERROR - 2020-06-28 16:52:23 --> Could not find the language line "Tải"
ERROR - 2020-06-28 16:52:26 --> Could not find the language line "Tạo Điểm Lấy Hàng"
ERROR - 2020-06-28 16:52:26 --> Could not find the language line "Tạo Đơn Hàng"
ERROR - 2020-06-28 16:52:26 --> Could not find the language line "Tải Excel"
ERROR - 2020-06-28 16:52:26 --> Could not find the language line "Đóng"
ERROR - 2020-06-28 16:52:26 --> Could not find the language line "Xác Nhận"
ERROR - 2020-06-28 16:52:26 --> Severity: Warning --> Invalid argument supplied for foreach() /home/admin/domains/spshd.com/public_html/khachhang/application/views/app.php 162
ERROR - 2020-06-28 16:52:26 --> Severity: Warning --> Invalid argument supplied for foreach() /home/admin/domains/spshd.com/public_html/khachhang/application/views/app.php 173
ERROR - 2020-06-28 16:52:26 --> Could not find the language line "Đóng"
ERROR - 2020-06-28 16:52:26 --> Could not find the language line "Xác Nhận"
ERROR - 2020-06-28 16:52:26 --> Could not find the language line "Đóng"
ERROR - 2020-06-28 16:52:26 --> Could not find the language line "Xác Nhận"
ERROR - 2020-06-28 16:52:26 --> Could not find the language line "Đóng"
ERROR - 2020-06-28 16:52:26 --> Could not find the language line "Tải"
ERROR - 2020-06-28 17:02:45 --> Could not find the language line "Tạo Điểm Lấy Hàng"
ERROR - 2020-06-28 17:02:45 --> Could not find the language line "Tạo Đơn Hàng"
ERROR - 2020-06-28 17:02:45 --> Could not find the language line "Tải Excel"
ERROR - 2020-06-28 17:02:45 --> Could not find the language line "Đóng"
ERROR - 2020-06-28 17:02:45 --> Could not find the language line "Xác Nhận"
ERROR - 2020-06-28 17:02:45 --> Severity: Warning --> Invalid argument supplied for foreach() /home/admin/domains/spshd.com/public_html/khachhang/application/views/app.php 162
ERROR - 2020-06-28 17:02:45 --> Severity: Warning --> Invalid argument supplied for foreach() /home/admin/domains/spshd.com/public_html/khachhang/application/views/app.php 173
ERROR - 2020-06-28 17:02:45 --> Could not find the language line "Đóng"
ERROR - 2020-06-28 17:02:45 --> Could not find the language line "Xác Nhận"
ERROR - 2020-06-28 17:02:45 --> Could not find the language line "Đóng"
ERROR - 2020-06-28 17:02:45 --> Could not find the language line "Xác Nhận"
ERROR - 2020-06-28 17:02:45 --> Could not find the language line "Đóng"
ERROR - 2020-06-28 17:02:45 --> Could not find the language line "Tải"
ERROR - 2020-06-28 11:32:33 --> Could not find the language line "Email"
ERROR - 2020-06-28 11:32:33 --> Could not find the language line "password"
ERROR - 2020-06-28 17:33:05 --> Could not find the language line "Tạo Điểm Lấy Hàng"
ERROR - 2020-06-28 17:33:05 --> Could not find the language line "Tạo Đơn Hàng"
ERROR - 2020-06-28 17:33:05 --> Could not find the language line "Tải Excel"
ERROR - 2020-06-28 17:33:05 --> Could not find the language line "Đóng"
ERROR - 2020-06-28 17:33:05 --> Could not find the language line "Xác Nhận"
ERROR - 2020-06-28 17:33:05 --> Severity: Warning --> Invalid argument supplied for foreach() /home/admin/domains/spshd.com/public_html/khachhang/application/views/app.php 162
ERROR - 2020-06-28 17:33:05 --> Severity: Warning --> Invalid argument supplied for foreach() /home/admin/domains/spshd.com/public_html/khachhang/application/views/app.php 173
ERROR - 2020-06-28 17:33:05 --> Could not find the language line "Đóng"
ERROR - 2020-06-28 17:33:05 --> Could not find the language line "Xác Nhận"
ERROR - 2020-06-28 17:33:05 --> Could not find the language line "Đóng"
ERROR - 2020-06-28 17:33:05 --> Could not find the language line "Xác Nhận"
ERROR - 2020-06-28 17:33:05 --> Could not find the language line "Đóng"
ERROR - 2020-06-28 17:33:05 --> Could not find the language line "Tải"
ERROR - 2020-06-28 17:33:59 --> Could not find the language line "Tạo Điểm Lấy Hàng"
ERROR - 2020-06-28 17:33:59 --> Could not find the language line "Tạo Đơn Hàng"
ERROR - 2020-06-28 17:33:59 --> Could not find the language line "Tải Excel"
ERROR - 2020-06-28 17:33:59 --> Could not find the language line "Đóng"
ERROR - 2020-06-28 17:33:59 --> Could not find the language line "Xác Nhận"
ERROR - 2020-06-28 17:33:59 --> Severity: Warning --> Invalid argument supplied for foreach() /home/admin/domains/spshd.com/public_html/khachhang/application/views/app.php 162
ERROR - 2020-06-28 17:33:59 --> Severity: Warning --> Invalid argument supplied for foreach() /home/admin/domains/spshd.com/public_html/khachhang/application/views/app.php 173
ERROR - 2020-06-28 17:33:59 --> Could not find the language line "Đóng"
ERROR - 2020-06-28 17:33:59 --> Could not find the language line "Xác Nhận"
ERROR - 2020-06-28 17:33:59 --> Could not find the language line "Đóng"
ERROR - 2020-06-28 17:33:59 --> Could not find the language line "Xác Nhận"
ERROR - 2020-06-28 17:33:59 --> Could not find the language line "Đóng"
ERROR - 2020-06-28 17:33:59 --> Could not find the language line "Tải"
ERROR - 2020-06-28 17:35:59 --> Could not find the language line "Tạo Điểm Lấy Hàng"
ERROR - 2020-06-28 17:35:59 --> Could not find the language line "Tạo Đơn Hàng"
ERROR - 2020-06-28 17:35:59 --> Could not find the language line "Tải Excel"
ERROR - 2020-06-28 17:35:59 --> Could not find the language line "Đóng"
ERROR - 2020-06-28 17:35:59 --> Could not find the language line "Xác Nhận"
ERROR - 2020-06-28 17:35:59 --> Severity: Warning --> Invalid argument supplied for foreach() /home/admin/domains/spshd.com/public_html/khachhang/application/views/app.php 162
ERROR - 2020-06-28 17:35:59 --> Severity: Warning --> Invalid argument supplied for foreach() /home/admin/domains/spshd.com/public_html/khachhang/application/views/app.php 173
ERROR - 2020-06-28 17:35:59 --> Could not find the language line "Đóng"
ERROR - 2020-06-28 17:35:59 --> Could not find the language line "Xác Nhận"
ERROR - 2020-06-28 17:35:59 --> Could not find the language line "Đóng"
ERROR - 2020-06-28 17:35:59 --> Could not find the language line "Xác Nhận"
ERROR - 2020-06-28 17:35:59 --> Could not find the language line "Đóng"
ERROR - 2020-06-28 17:35:59 --> Could not find the language line "Tải"
ERROR - 2020-06-28 17:41:08 --> Could not find the language line "Tạo Điểm Lấy Hàng"
ERROR - 2020-06-28 17:41:08 --> Could not find the language line "Tạo Đơn Hàng"
ERROR - 2020-06-28 17:41:08 --> Could not find the language line "Tải Excel"
ERROR - 2020-06-28 17:41:08 --> Could not find the language line "Đóng"
ERROR - 2020-06-28 17:41:08 --> Could not find the language line "Xác Nhận"
ERROR - 2020-06-28 17:41:08 --> Severity: Warning --> Invalid argument supplied for foreach() /home/admin/domains/spshd.com/public_html/khachhang/application/views/app.php 162
ERROR - 2020-06-28 17:41:08 --> Severity: Warning --> Invalid argument supplied for foreach() /home/admin/domains/spshd.com/public_html/khachhang/application/views/app.php 173
ERROR - 2020-06-28 17:41:08 --> Could not find the language line "Đóng"
ERROR - 2020-06-28 17:41:08 --> Could not find the language line "Xác Nhận"
ERROR - 2020-06-28 17:41:08 --> Could not find the language line "Đóng"
ERROR - 2020-06-28 17:41:08 --> Could not find the language line "Xác Nhận"
ERROR - 2020-06-28 17:41:08 --> Could not find the language line "Đóng"
ERROR - 2020-06-28 17:41:08 --> Could not find the language line "Tải"
ERROR - 2020-06-28 11:53:49 --> Could not find the language line "Email"
ERROR - 2020-06-28 11:53:49 --> Could not find the language line "password"
ERROR - 2020-06-28 18:09:10 --> Could not find the language line "Tạo Điểm Lấy Hàng"
ERROR - 2020-06-28 18:09:10 --> Could not find the language line "Tạo Đơn Hàng"
ERROR - 2020-06-28 18:09:10 --> Could not find the language line "Tải Excel"
ERROR - 2020-06-28 18:09:10 --> Could not find the language line "Đóng"
ERROR - 2020-06-28 18:09:10 --> Could not find the language line "Xác Nhận"
ERROR - 2020-06-28 18:09:10 --> Severity: Warning --> Invalid argument supplied for foreach() /home/admin/domains/spshd.com/public_html/khachhang/application/views/app.php 162
ERROR - 2020-06-28 18:09:10 --> Severity: Warning --> Invalid argument supplied for foreach() /home/admin/domains/spshd.com/public_html/khachhang/application/views/app.php 173
ERROR - 2020-06-28 18:09:10 --> Could not find the language line "Đóng"
ERROR - 2020-06-28 18:09:10 --> Could not find the language line "Xác Nhận"
ERROR - 2020-06-28 18:09:10 --> Could not find the language line "Đóng"
ERROR - 2020-06-28 18:09:10 --> Could not find the language line "Xác Nhận"
ERROR - 2020-06-28 18:09:10 --> Could not find the language line "Đóng"
ERROR - 2020-06-28 18:09:10 --> Could not find the language line "Tải"
ERROR - 2020-06-28 18:18:42 --> Could not find the language line "Tạo Điểm Lấy Hàng"
ERROR - 2020-06-28 18:18:42 --> Could not find the language line "Tạo Đơn Hàng"
ERROR - 2020-06-28 18:18:42 --> Could not find the language line "Tải Excel"
ERROR - 2020-06-28 18:18:42 --> Could not find the language line "Đóng"
ERROR - 2020-06-28 18:18:42 --> Could not find the language line "Xác Nhận"
ERROR - 2020-06-28 18:18:42 --> Severity: Warning --> Invalid argument supplied for foreach() /home/admin/domains/spshd.com/public_html/khachhang/application/views/app.php 162
ERROR - 2020-06-28 18:18:42 --> Severity: Warning --> Invalid argument supplied for foreach() /home/admin/domains/spshd.com/public_html/khachhang/application/views/app.php 173
ERROR - 2020-06-28 18:18:42 --> Could not find the language line "Đóng"
ERROR - 2020-06-28 18:18:42 --> Could not find the language line "Xác Nhận"
ERROR - 2020-06-28 18:18:42 --> Could not find the language line "Đóng"
ERROR - 2020-06-28 18:18:42 --> Could not find the language line "Xác Nhận"
ERROR - 2020-06-28 18:18:42 --> Could not find the language line "Đóng"
ERROR - 2020-06-28 18:18:42 --> Could not find the language line "Tải"
ERROR - 2020-06-28 18:18:43 --> Could not find the language line "Tạo Điểm Lấy Hàng"
ERROR - 2020-06-28 18:18:43 --> Could not find the language line "Tạo Đơn Hàng"
ERROR - 2020-06-28 18:18:43 --> Could not find the language line "Tải Excel"
ERROR - 2020-06-28 18:18:43 --> Could not find the language line "Đóng"
ERROR - 2020-06-28 18:18:43 --> Could not find the language line "Xác Nhận"
ERROR - 2020-06-28 18:18:43 --> Severity: Warning --> Invalid argument supplied for foreach() /home/admin/domains/spshd.com/public_html/khachhang/application/views/app.php 162
ERROR - 2020-06-28 18:18:43 --> Severity: Warning --> Invalid argument supplied for foreach() /home/admin/domains/spshd.com/public_html/khachhang/application/views/app.php 173
ERROR - 2020-06-28 18:18:43 --> Could not find the language line "Đóng"
ERROR - 2020-06-28 18:18:43 --> Could not find the language line "Xác Nhận"
ERROR - 2020-06-28 18:18:43 --> Could not find the language line "Đóng"
ERROR - 2020-06-28 18:18:43 --> Could not find the language line "Xác Nhận"
ERROR - 2020-06-28 18:18:43 --> Could not find the language line "Đóng"
ERROR - 2020-06-28 18:18:43 --> Could not find the language line "Tải"
ERROR - 2020-06-28 18:21:52 --> Could not find the language line "Tạo Điểm Lấy Hàng"
ERROR - 2020-06-28 18:21:52 --> Could not find the language line "Tạo Đơn Hàng"
ERROR - 2020-06-28 18:21:52 --> Could not find the language line "Tải Excel"
ERROR - 2020-06-28 18:21:52 --> Could not find the language line "Đóng"
ERROR - 2020-06-28 18:21:52 --> Could not find the language line "Xác Nhận"
ERROR - 2020-06-28 18:21:52 --> Severity: Warning --> Invalid argument supplied for foreach() /home/admin/domains/spshd.com/public_html/khachhang/application/views/app.php 162
ERROR - 2020-06-28 18:21:52 --> Severity: Warning --> Invalid argument supplied for foreach() /home/admin/domains/spshd.com/public_html/khachhang/application/views/app.php 173
ERROR - 2020-06-28 18:21:52 --> Could not find the language line "Đóng"
ERROR - 2020-06-28 18:21:52 --> Could not find the language line "Xác Nhận"
ERROR - 2020-06-28 18:21:52 --> Could not find the language line "Đóng"
ERROR - 2020-06-28 18:21:52 --> Could not find the language line "Xác Nhận"
ERROR - 2020-06-28 18:21:52 --> Could not find the language line "Đóng"
ERROR - 2020-06-28 18:21:52 --> Could not find the language line "Tải"
ERROR - 2020-06-28 18:22:59 --> Could not find the language line "Tạo Điểm Lấy Hàng"
ERROR - 2020-06-28 18:22:59 --> Could not find the language line "Tạo Đơn Hàng"
ERROR - 2020-06-28 18:22:59 --> Could not find the language line "Tải Excel"
ERROR - 2020-06-28 18:22:59 --> Could not find the language line "Đóng"
ERROR - 2020-06-28 18:22:59 --> Could not find the language line "Xác Nhận"
ERROR - 2020-06-28 18:22:59 --> Severity: Warning --> Invalid argument supplied for foreach() /home/admin/domains/spshd.com/public_html/khachhang/application/views/app.php 162
ERROR - 2020-06-28 18:22:59 --> Severity: Warning --> Invalid argument supplied for foreach() /home/admin/domains/spshd.com/public_html/khachhang/application/views/app.php 173
ERROR - 2020-06-28 18:22:59 --> Could not find the language line "Đóng"
ERROR - 2020-06-28 18:22:59 --> Could not find the language line "Xác Nhận"
ERROR - 2020-06-28 18:22:59 --> Could not find the language line "Đóng"
ERROR - 2020-06-28 18:22:59 --> Could not find the language line "Xác Nhận"
ERROR - 2020-06-28 18:22:59 --> Could not find the language line "Đóng"
ERROR - 2020-06-28 18:22:59 --> Could not find the language line "Tải"
ERROR - 2020-06-28 18:26:17 --> Could not find the language line "Tạo Điểm Lấy Hàng"
ERROR - 2020-06-28 18:26:17 --> Could not find the language line "Tạo Đơn Hàng"
ERROR - 2020-06-28 18:26:17 --> Could not find the language line "Tải Excel"
ERROR - 2020-06-28 18:26:17 --> Could not find the language line "Đóng"
ERROR - 2020-06-28 18:26:17 --> Could not find the language line "Xác Nhận"
ERROR - 2020-06-28 18:26:17 --> Severity: Warning --> Invalid argument supplied for foreach() /home/admin/domains/spshd.com/public_html/khachhang/application/views/app.php 162
ERROR - 2020-06-28 18:26:17 --> Severity: Warning --> Invalid argument supplied for foreach() /home/admin/domains/spshd.com/public_html/khachhang/application/views/app.php 173
ERROR - 2020-06-28 18:26:17 --> Could not find the language line "Đóng"
ERROR - 2020-06-28 18:26:17 --> Could not find the language line "Xác Nhận"
ERROR - 2020-06-28 18:26:17 --> Could not find the language line "Đóng"
ERROR - 2020-06-28 18:26:17 --> Could not find the language line "Xác Nhận"
ERROR - 2020-06-28 18:26:17 --> Could not find the language line "Đóng"
ERROR - 2020-06-28 18:26:17 --> Could not find the language line "Tải"
ERROR - 2020-06-28 22:05:20 --> Could not find the language line "Tạo Điểm Lấy Hàng"
ERROR - 2020-06-28 22:05:20 --> Could not find the language line "Tạo Đơn Hàng"
ERROR - 2020-06-28 22:05:20 --> Could not find the language line "Tải Excel"
ERROR - 2020-06-28 22:05:20 --> Could not find the language line "Đóng"
ERROR - 2020-06-28 22:05:20 --> Could not find the language line "Xác Nhận"
ERROR - 2020-06-28 22:05:20 --> Severity: Warning --> Invalid argument supplied for foreach() /home/admin/domains/spshd.com/public_html/khachhang/application/views/app.php 162
ERROR - 2020-06-28 22:05:20 --> Severity: Warning --> Invalid argument supplied for foreach() /home/admin/domains/spshd.com/public_html/khachhang/application/views/app.php 173
ERROR - 2020-06-28 22:05:20 --> Could not find the language line "Đóng"
ERROR - 2020-06-28 22:05:20 --> Could not find the language line "Xác Nhận"
ERROR - 2020-06-28 22:05:20 --> Could not find the language line "Đóng"
ERROR - 2020-06-28 22:05:20 --> Could not find the language line "Xác Nhận"
ERROR - 2020-06-28 22:05:20 --> Could not find the language line "Đóng"
ERROR - 2020-06-28 22:05:20 --> Could not find the language line "Tải"
ERROR - 2020-06-28 22:15:53 --> Could not find the language line "Tạo Điểm Lấy Hàng"
ERROR - 2020-06-28 22:15:53 --> Could not find the language line "Tạo Đơn Hàng"
ERROR - 2020-06-28 22:15:53 --> Could not find the language line "Tải Excel"
ERROR - 2020-06-28 22:15:53 --> Could not find the language line "Đóng"
ERROR - 2020-06-28 22:15:53 --> Could not find the language line "Xác Nhận"
ERROR - 2020-06-28 22:15:53 --> Severity: Warning --> Invalid argument supplied for foreach() /home/admin/domains/spshd.com/public_html/khachhang/application/views/app.php 162
ERROR - 2020-06-28 22:15:53 --> Severity: Warning --> Invalid argument supplied for foreach() /home/admin/domains/spshd.com/public_html/khachhang/application/views/app.php 173
ERROR - 2020-06-28 22:15:53 --> Could not find the language line "Đóng"
ERROR - 2020-06-28 22:15:53 --> Could not find the language line "Xác Nhận"
ERROR - 2020-06-28 22:15:53 --> Could not find the language line "Đóng"
ERROR - 2020-06-28 22:15:53 --> Could not find the language line "Xác Nhận"
ERROR - 2020-06-28 22:15:53 --> Could not find the language line "Đóng"
ERROR - 2020-06-28 22:15:53 --> Could not find the language line "Tải"
ERROR - 2020-06-28 22:21:14 --> Could not find the language line "Tạo Điểm Lấy Hàng"
ERROR - 2020-06-28 22:21:14 --> Could not find the language line "Tạo Đơn Hàng"
ERROR - 2020-06-28 22:21:14 --> Could not find the language line "Tải Excel"
ERROR - 2020-06-28 22:21:14 --> Could not find the language line "Đóng"
ERROR - 2020-06-28 22:21:14 --> Could not find the language line "Xác Nhận"
ERROR - 2020-06-28 22:21:14 --> Severity: Warning --> Invalid argument supplied for foreach() /home/admin/domains/spshd.com/public_html/khachhang/application/views/app.php 162
ERROR - 2020-06-28 22:21:14 --> Severity: Warning --> Invalid argument supplied for foreach() /home/admin/domains/spshd.com/public_html/khachhang/application/views/app.php 173
ERROR - 2020-06-28 22:21:14 --> Could not find the language line "Đóng"
ERROR - 2020-06-28 22:21:14 --> Could not find the language line "Xác Nhận"
ERROR - 2020-06-28 22:21:14 --> Could not find the language line "Đóng"
ERROR - 2020-06-28 22:21:14 --> Could not find the language line "Xác Nhận"
ERROR - 2020-06-28 22:21:14 --> Could not find the language line "Đóng"
ERROR - 2020-06-28 22:21:14 --> Could not find the language line "Tải"
ERROR - 2020-06-28 22:28:55 --> Could not find the language line "Tạo Điểm Lấy Hàng"
ERROR - 2020-06-28 22:28:55 --> Could not find the language line "Tạo Đơn Hàng"
ERROR - 2020-06-28 22:28:55 --> Could not find the language line "Tải Excel"
ERROR - 2020-06-28 22:28:55 --> Could not find the language line "Đóng"
ERROR - 2020-06-28 22:28:55 --> Could not find the language line "Xác Nhận"
ERROR - 2020-06-28 22:28:55 --> Severity: Warning --> Invalid argument supplied for foreach() /home/admin/domains/spshd.com/public_html/khachhang/application/views/app.php 162
ERROR - 2020-06-28 22:28:55 --> Severity: Warning --> Invalid argument supplied for foreach() /home/admin/domains/spshd.com/public_html/khachhang/application/views/app.php 173
ERROR - 2020-06-28 22:28:55 --> Could not find the language line "Đóng"
ERROR - 2020-06-28 22:28:55 --> Could not find the language line "Xác Nhận"
ERROR - 2020-06-28 22:28:55 --> Could not find the language line "Đóng"
ERROR - 2020-06-28 22:28:55 --> Could not find the language line "Xác Nhận"
ERROR - 2020-06-28 22:28:55 --> Could not find the language line "Đóng"
ERROR - 2020-06-28 22:28:55 --> Could not find the language line "Tải"
ERROR - 2020-06-28 22:31:15 --> Could not find the language line "Tạo Điểm Lấy Hàng"
ERROR - 2020-06-28 22:31:15 --> Could not find the language line "Tạo Đơn Hàng"
ERROR - 2020-06-28 22:31:15 --> Could not find the language line "Tải Excel"
ERROR - 2020-06-28 22:31:15 --> Could not find the language line "Đóng"
ERROR - 2020-06-28 22:31:15 --> Could not find the language line "Xác Nhận"
ERROR - 2020-06-28 22:31:15 --> Severity: Warning --> Invalid argument supplied for foreach() /home/admin/domains/spshd.com/public_html/khachhang/application/views/app.php 162
ERROR - 2020-06-28 22:31:15 --> Severity: Warning --> Invalid argument supplied for foreach() /home/admin/domains/spshd.com/public_html/khachhang/application/views/app.php 173
ERROR - 2020-06-28 22:31:15 --> Could not find the language line "Đóng"
ERROR - 2020-06-28 22:31:15 --> Could not find the language line "Xác Nhận"
ERROR - 2020-06-28 22:31:15 --> Could not find the language line "Đóng"
ERROR - 2020-06-28 22:31:15 --> Could not find the language line "Xác Nhận"
ERROR - 2020-06-28 22:31:15 --> Could not find the language line "Đóng"
ERROR - 2020-06-28 22:31:15 --> Could not find the language line "Tải"
ERROR - 2020-06-28 22:40:13 --> Could not find the language line "Tạo Điểm Lấy Hàng"
ERROR - 2020-06-28 22:40:13 --> Could not find the language line "Tạo Đơn Hàng"
ERROR - 2020-06-28 22:40:13 --> Could not find the language line "Tải Excel"
ERROR - 2020-06-28 22:40:13 --> Could not find the language line "Đóng"
ERROR - 2020-06-28 22:40:13 --> Could not find the language line "Xác Nhận"
ERROR - 2020-06-28 22:40:13 --> Severity: Warning --> Invalid argument supplied for foreach() /home/admin/domains/spshd.com/public_html/khachhang/application/views/app.php 162
ERROR - 2020-06-28 22:40:13 --> Severity: Warning --> Invalid argument supplied for foreach() /home/admin/domains/spshd.com/public_html/khachhang/application/views/app.php 173
ERROR - 2020-06-28 22:40:13 --> Could not find the language line "Đóng"
ERROR - 2020-06-28 22:40:13 --> Could not find the language line "Xác Nhận"
ERROR - 2020-06-28 22:40:13 --> Could not find the language line "Đóng"
ERROR - 2020-06-28 22:40:13 --> Could not find the language line "Xác Nhận"
ERROR - 2020-06-28 22:40:13 --> Could not find the language line "Đóng"
ERROR - 2020-06-28 22:40:13 --> Could not find the language line "Tải"
ERROR - 2020-06-28 23:24:31 --> Could not find the language line "Tạo Điểm Lấy Hàng"
ERROR - 2020-06-28 23:24:31 --> Could not find the language line "Tạo Đơn Hàng"
ERROR - 2020-06-28 23:24:31 --> Could not find the language line "Tải Excel"
ERROR - 2020-06-28 23:24:31 --> Could not find the language line "Đóng"
ERROR - 2020-06-28 23:24:31 --> Could not find the language line "Xác Nhận"
ERROR - 2020-06-28 23:24:31 --> Severity: Warning --> Invalid argument supplied for foreach() /home/admin/domains/spshd.com/public_html/khachhang/application/views/app.php 162
ERROR - 2020-06-28 23:24:31 --> Severity: Warning --> Invalid argument supplied for foreach() /home/admin/domains/spshd.com/public_html/khachhang/application/views/app.php 173
ERROR - 2020-06-28 23:24:31 --> Could not find the language line "Đóng"
ERROR - 2020-06-28 23:24:31 --> Could not find the language line "Xác Nhận"
ERROR - 2020-06-28 23:24:31 --> Could not find the language line "Đóng"
ERROR - 2020-06-28 23:24:31 --> Could not find the language line "Xác Nhận"
ERROR - 2020-06-28 23:24:31 --> Could not find the language line "Đóng"
ERROR - 2020-06-28 23:24:31 --> Could not find the language line "Tải"
ERROR - 2020-06-28 19:19:23 --> Could not find the language line "Email"
ERROR - 2020-06-28 19:19:23 --> Could not find the language line "password"
