ERROR - 2020-06-04 08:34:16 --> Could not find the language line "Tạo Điểm Lấy Hàng"
ERROR - 2020-06-04 08:34:16 --> Could not find the language line "Tạo Đơn Hàng"
ERROR - 2020-06-04 08:34:16 --> Could not find the language line "Tải Excel"
ERROR - 2020-06-04 08:34:16 --> Could not find the language line "Đóng"
ERROR - 2020-06-04 08:34:16 --> Could not find the language line "Xác Nhận"
ERROR - 2020-06-04 08:34:16 --> Severity: Warning --> Invalid argument supplied for foreach() /home/admin/domains/spshd.com/public_html/khachhang/application/views/app.php 162
ERROR - 2020-06-04 08:34:16 --> Severity: Warning --> Invalid argument supplied for foreach() /home/admin/domains/spshd.com/public_html/khachhang/application/views/app.php 173
ERROR - 2020-06-04 08:34:16 --> Could not find the language line "Đóng"
ERROR - 2020-06-04 08:34:16 --> Could not find the language line "Xác Nhận"
ERROR - 2020-06-04 08:34:16 --> Could not find the language line "Đóng"
ERROR - 2020-06-04 08:34:16 --> Could not find the language line "Xác Nhận"
ERROR - 2020-06-04 08:34:16 --> Could not find the language line "Đóng"
ERROR - 2020-06-04 08:34:16 --> Could not find the language line "Tải"
ERROR - 2020-06-04 08:35:34 --> Could not find the language line "Tạo Điểm Lấy Hàng"
ERROR - 2020-06-04 08:35:34 --> Could not find the language line "Tạo Đơn Hàng"
ERROR - 2020-06-04 08:35:34 --> Could not find the language line "Tải Excel"
ERROR - 2020-06-04 08:35:34 --> Could not find the language line "Đóng"
ERROR - 2020-06-04 08:35:34 --> Could not find the language line "Xác Nhận"
ERROR - 2020-06-04 08:35:34 --> Severity: Warning --> Invalid argument supplied for foreach() /home/admin/domains/spshd.com/public_html/khachhang/application/views/app.php 162
ERROR - 2020-06-04 08:35:34 --> Severity: Warning --> Invalid argument supplied for foreach() /home/admin/domains/spshd.com/public_html/khachhang/application/views/app.php 173
ERROR - 2020-06-04 08:35:34 --> Could not find the language line "Đóng"
ERROR - 2020-06-04 08:35:34 --> Could not find the language line "Xác Nhận"
ERROR - 2020-06-04 08:35:34 --> Could not find the language line "Đóng"
ERROR - 2020-06-04 08:35:34 --> Could not find the language line "Xác Nhận"
ERROR - 2020-06-04 08:35:34 --> Could not find the language line "Đóng"
ERROR - 2020-06-04 08:35:34 --> Could not find the language line "Tải"
ERROR - 2020-06-04 08:36:54 --> Could not find the language line "Tạo Điểm Lấy Hàng"
ERROR - 2020-06-04 08:36:54 --> Could not find the language line "Tạo Đơn Hàng"
ERROR - 2020-06-04 08:36:54 --> Could not find the language line "Tải Excel"
ERROR - 2020-06-04 08:36:54 --> Could not find the language line "Đóng"
ERROR - 2020-06-04 08:36:54 --> Could not find the language line "Xác Nhận"
ERROR - 2020-06-04 08:36:54 --> Severity: Warning --> Invalid argument supplied for foreach() /home/admin/domains/spshd.com/public_html/khachhang/application/views/app.php 162
ERROR - 2020-06-04 08:36:54 --> Severity: Warning --> Invalid argument supplied for foreach() /home/admin/domains/spshd.com/public_html/khachhang/application/views/app.php 173
ERROR - 2020-06-04 08:36:54 --> Could not find the language line "Đóng"
ERROR - 2020-06-04 08:36:54 --> Could not find the language line "Xác Nhận"
ERROR - 2020-06-04 08:36:54 --> Could not find the language line "Đóng"
ERROR - 2020-06-04 08:36:54 --> Could not find the language line "Xác Nhận"
ERROR - 2020-06-04 08:36:54 --> Could not find the language line "Đóng"
ERROR - 2020-06-04 08:36:54 --> Could not find the language line "Tải"
ERROR - 2020-06-04 09:01:23 --> Could not find the language line "Tạo Điểm Lấy Hàng"
ERROR - 2020-06-04 09:01:23 --> Could not find the language line "Tạo Đơn Hàng"
ERROR - 2020-06-04 09:01:23 --> Could not find the language line "Tải Excel"
ERROR - 2020-06-04 09:01:23 --> Could not find the language line "Đóng"
ERROR - 2020-06-04 09:01:23 --> Could not find the language line "Xác Nhận"
ERROR - 2020-06-04 09:01:23 --> Severity: Warning --> Invalid argument supplied for foreach() /home/admin/domains/spshd.com/public_html/khachhang/application/views/app.php 162
ERROR - 2020-06-04 09:01:23 --> Severity: Warning --> Invalid argument supplied for foreach() /home/admin/domains/spshd.com/public_html/khachhang/application/views/app.php 173
ERROR - 2020-06-04 09:01:23 --> Could not find the language line "Đóng"
ERROR - 2020-06-04 09:01:23 --> Could not find the language line "Xác Nhận"
ERROR - 2020-06-04 09:01:23 --> Could not find the language line "Đóng"
ERROR - 2020-06-04 09:01:23 --> Could not find the language line "Xác Nhận"
ERROR - 2020-06-04 09:01:23 --> Could not find the language line "Đóng"
ERROR - 2020-06-04 09:01:23 --> Could not find the language line "Tải"
ERROR - 2020-06-04 03:14:25 --> Could not find the language line "Email"
ERROR - 2020-06-04 03:14:25 --> Could not find the language line "password"
ERROR - 2020-06-04 09:22:07 --> Could not find the language line "Tạo Điểm Lấy Hàng"
ERROR - 2020-06-04 09:22:07 --> Could not find the language line "Tạo Đơn Hàng"
ERROR - 2020-06-04 09:22:07 --> Could not find the language line "Tải Excel"
ERROR - 2020-06-04 09:22:07 --> Could not find the language line "Đóng"
ERROR - 2020-06-04 09:22:07 --> Could not find the language line "Xác Nhận"
ERROR - 2020-06-04 09:22:07 --> Severity: Warning --> Invalid argument supplied for foreach() /home/admin/domains/spshd.com/public_html/khachhang/application/views/app.php 162
ERROR - 2020-06-04 09:22:07 --> Severity: Warning --> Invalid argument supplied for foreach() /home/admin/domains/spshd.com/public_html/khachhang/application/views/app.php 173
ERROR - 2020-06-04 09:22:07 --> Could not find the language line "Đóng"
ERROR - 2020-06-04 09:22:07 --> Could not find the language line "Xác Nhận"
ERROR - 2020-06-04 09:22:07 --> Could not find the language line "Đóng"
ERROR - 2020-06-04 09:22:07 --> Could not find the language line "Xác Nhận"
ERROR - 2020-06-04 09:22:07 --> Could not find the language line "Đóng"
ERROR - 2020-06-04 09:22:07 --> Could not find the language line "Tải"
ERROR - 2020-06-04 09:23:03 --> Could not find the language line "Tạo Điểm Lấy Hàng"
ERROR - 2020-06-04 09:23:03 --> Could not find the language line "Tạo Đơn Hàng"
ERROR - 2020-06-04 09:23:03 --> Could not find the language line "Tải Excel"
ERROR - 2020-06-04 09:23:03 --> Could not find the language line "Đóng"
ERROR - 2020-06-04 09:23:03 --> Could not find the language line "Xác Nhận"
ERROR - 2020-06-04 09:23:03 --> Severity: Warning --> Invalid argument supplied for foreach() /home/admin/domains/spshd.com/public_html/khachhang/application/views/app.php 162
ERROR - 2020-06-04 09:23:03 --> Severity: Warning --> Invalid argument supplied for foreach() /home/admin/domains/spshd.com/public_html/khachhang/application/views/app.php 173
ERROR - 2020-06-04 09:23:03 --> Could not find the language line "Đóng"
ERROR - 2020-06-04 09:23:03 --> Could not find the language line "Xác Nhận"
ERROR - 2020-06-04 09:23:03 --> Could not find the language line "Đóng"
ERROR - 2020-06-04 09:23:03 --> Could not find the language line "Xác Nhận"
ERROR - 2020-06-04 09:23:03 --> Could not find the language line "Đóng"
ERROR - 2020-06-04 09:23:03 --> Could not find the language line "Tải"
ERROR - 2020-06-04 09:23:03 --> Could not find the language line "Tạo Điểm Lấy Hàng"
ERROR - 2020-06-04 09:23:03 --> Could not find the language line "Tạo Đơn Hàng"
ERROR - 2020-06-04 09:23:03 --> Could not find the language line "Tải Excel"
ERROR - 2020-06-04 09:23:03 --> Could not find the language line "Đóng"
ERROR - 2020-06-04 09:23:03 --> Could not find the language line "Xác Nhận"
ERROR - 2020-06-04 09:23:03 --> Severity: Warning --> Invalid argument supplied for foreach() /home/admin/domains/spshd.com/public_html/khachhang/application/views/app.php 162
ERROR - 2020-06-04 09:23:03 --> Severity: Warning --> Invalid argument supplied for foreach() /home/admin/domains/spshd.com/public_html/khachhang/application/views/app.php 173
ERROR - 2020-06-04 09:23:03 --> Could not find the language line "Đóng"
ERROR - 2020-06-04 09:23:03 --> Could not find the language line "Xác Nhận"
ERROR - 2020-06-04 09:23:03 --> Could not find the language line "Đóng"
ERROR - 2020-06-04 09:23:03 --> Could not find the language line "Xác Nhận"
ERROR - 2020-06-04 09:23:03 --> Could not find the language line "Đóng"
ERROR - 2020-06-04 09:23:03 --> Could not find the language line "Tải"
ERROR - 2020-06-04 09:46:18 --> Could not find the language line "Tạo Điểm Lấy Hàng"
ERROR - 2020-06-04 09:46:18 --> Could not find the language line "Tạo Đơn Hàng"
ERROR - 2020-06-04 09:46:18 --> Could not find the language line "Tải Excel"
ERROR - 2020-06-04 09:46:18 --> Could not find the language line "Đóng"
ERROR - 2020-06-04 09:46:18 --> Could not find the language line "Xác Nhận"
ERROR - 2020-06-04 09:46:18 --> Severity: Warning --> Invalid argument supplied for foreach() /home/admin/domains/spshd.com/public_html/khachhang/application/views/app.php 162
ERROR - 2020-06-04 09:46:18 --> Severity: Warning --> Invalid argument supplied for foreach() /home/admin/domains/spshd.com/public_html/khachhang/application/views/app.php 173
ERROR - 2020-06-04 09:46:18 --> Could not find the language line "Đóng"
ERROR - 2020-06-04 09:46:18 --> Could not find the language line "Xác Nhận"
ERROR - 2020-06-04 09:46:18 --> Could not find the language line "Đóng"
ERROR - 2020-06-04 09:46:18 --> Could not find the language line "Xác Nhận"
ERROR - 2020-06-04 09:46:18 --> Could not find the language line "Đóng"
ERROR - 2020-06-04 09:46:18 --> Could not find the language line "Tải"
ERROR - 2020-06-04 09:52:59 --> Could not find the language line "Tạo Điểm Lấy Hàng"
ERROR - 2020-06-04 09:52:59 --> Could not find the language line "Tạo Đơn Hàng"
ERROR - 2020-06-04 09:52:59 --> Could not find the language line "Tải Excel"
ERROR - 2020-06-04 09:52:59 --> Could not find the language line "Đóng"
ERROR - 2020-06-04 09:52:59 --> Could not find the language line "Xác Nhận"
ERROR - 2020-06-04 09:52:59 --> Severity: Warning --> Invalid argument supplied for foreach() /home/admin/domains/spshd.com/public_html/khachhang/application/views/app.php 162
ERROR - 2020-06-04 09:52:59 --> Severity: Warning --> Invalid argument supplied for foreach() /home/admin/domains/spshd.com/public_html/khachhang/application/views/app.php 173
ERROR - 2020-06-04 09:52:59 --> Could not find the language line "Đóng"
ERROR - 2020-06-04 09:52:59 --> Could not find the language line "Xác Nhận"
ERROR - 2020-06-04 09:52:59 --> Could not find the language line "Đóng"
ERROR - 2020-06-04 09:52:59 --> Could not find the language line "Xác Nhận"
ERROR - 2020-06-04 09:52:59 --> Could not find the language line "Đóng"
ERROR - 2020-06-04 09:52:59 --> Could not find the language line "Tải"
ERROR - 2020-06-04 09:53:00 --> Could not find the language line "Tạo Điểm Lấy Hàng"
ERROR - 2020-06-04 09:53:00 --> Could not find the language line "Tạo Đơn Hàng"
ERROR - 2020-06-04 09:53:00 --> Could not find the language line "Tải Excel"
ERROR - 2020-06-04 09:53:00 --> Could not find the language line "Đóng"
ERROR - 2020-06-04 09:53:00 --> Could not find the language line "Xác Nhận"
ERROR - 2020-06-04 09:53:00 --> Severity: Warning --> Invalid argument supplied for foreach() /home/admin/domains/spshd.com/public_html/khachhang/application/views/app.php 162
ERROR - 2020-06-04 09:53:00 --> Severity: Warning --> Invalid argument supplied for foreach() /home/admin/domains/spshd.com/public_html/khachhang/application/views/app.php 173
ERROR - 2020-06-04 09:53:00 --> Could not find the language line "Đóng"
ERROR - 2020-06-04 09:53:00 --> Could not find the language line "Xác Nhận"
ERROR - 2020-06-04 09:53:00 --> Could not find the language line "Đóng"
ERROR - 2020-06-04 09:53:00 --> Could not find the language line "Xác Nhận"
ERROR - 2020-06-04 09:53:00 --> Could not find the language line "Đóng"
ERROR - 2020-06-04 09:53:00 --> Could not find the language line "Tải"
ERROR - 2020-06-04 10:06:23 --> Could not find the language line "Tạo Điểm Lấy Hàng"
ERROR - 2020-06-04 10:06:23 --> Could not find the language line "Tạo Đơn Hàng"
ERROR - 2020-06-04 10:06:23 --> Could not find the language line "Tải Excel"
ERROR - 2020-06-04 10:06:23 --> Could not find the language line "Đóng"
ERROR - 2020-06-04 10:06:23 --> Could not find the language line "Xác Nhận"
ERROR - 2020-06-04 10:06:23 --> Severity: Warning --> Invalid argument supplied for foreach() /home/admin/domains/spshd.com/public_html/khachhang/application/views/app.php 162
ERROR - 2020-06-04 10:06:23 --> Severity: Warning --> Invalid argument supplied for foreach() /home/admin/domains/spshd.com/public_html/khachhang/application/views/app.php 173
ERROR - 2020-06-04 10:06:23 --> Could not find the language line "Đóng"
ERROR - 2020-06-04 10:06:23 --> Could not find the language line "Xác Nhận"
ERROR - 2020-06-04 10:06:23 --> Could not find the language line "Đóng"
ERROR - 2020-06-04 10:06:23 --> Could not find the language line "Xác Nhận"
ERROR - 2020-06-04 10:06:23 --> Could not find the language line "Đóng"
ERROR - 2020-06-04 10:06:23 --> Could not find the language line "Tải"
ERROR - 2020-06-04 10:07:41 --> Could not find the language line "Tạo Điểm Lấy Hàng"
ERROR - 2020-06-04 10:07:41 --> Could not find the language line "Tạo Đơn Hàng"
ERROR - 2020-06-04 10:07:41 --> Could not find the language line "Tải Excel"
ERROR - 2020-06-04 10:07:41 --> Could not find the language line "Đóng"
ERROR - 2020-06-04 10:07:41 --> Could not find the language line "Xác Nhận"
ERROR - 2020-06-04 10:07:41 --> Severity: Warning --> Invalid argument supplied for foreach() /home/admin/domains/spshd.com/public_html/khachhang/application/views/app.php 162
ERROR - 2020-06-04 10:07:41 --> Severity: Warning --> Invalid argument supplied for foreach() /home/admin/domains/spshd.com/public_html/khachhang/application/views/app.php 173
ERROR - 2020-06-04 10:07:41 --> Could not find the language line "Đóng"
ERROR - 2020-06-04 10:07:41 --> Could not find the language line "Xác Nhận"
ERROR - 2020-06-04 10:07:41 --> Could not find the language line "Đóng"
ERROR - 2020-06-04 10:07:41 --> Could not find the language line "Xác Nhận"
ERROR - 2020-06-04 10:07:41 --> Could not find the language line "Đóng"
ERROR - 2020-06-04 10:07:41 --> Could not find the language line "Tải"
ERROR - 2020-06-04 10:16:30 --> Could not find the language line "Tạo Điểm Lấy Hàng"
ERROR - 2020-06-04 10:16:30 --> Could not find the language line "Tạo Đơn Hàng"
ERROR - 2020-06-04 10:16:30 --> Could not find the language line "Tải Excel"
ERROR - 2020-06-04 10:16:30 --> Could not find the language line "Đóng"
ERROR - 2020-06-04 10:16:30 --> Could not find the language line "Xác Nhận"
ERROR - 2020-06-04 10:16:30 --> Severity: Warning --> Invalid argument supplied for foreach() /home/admin/domains/spshd.com/public_html/khachhang/application/views/app.php 162
ERROR - 2020-06-04 10:16:30 --> Severity: Warning --> Invalid argument supplied for foreach() /home/admin/domains/spshd.com/public_html/khachhang/application/views/app.php 173
ERROR - 2020-06-04 10:16:30 --> Could not find the language line "Đóng"
ERROR - 2020-06-04 10:16:30 --> Could not find the language line "Xác Nhận"
ERROR - 2020-06-04 10:16:30 --> Could not find the language line "Đóng"
ERROR - 2020-06-04 10:16:30 --> Could not find the language line "Xác Nhận"
ERROR - 2020-06-04 10:16:30 --> Could not find the language line "Đóng"
ERROR - 2020-06-04 10:16:30 --> Could not find the language line "Tải"
ERROR - 2020-06-04 10:17:46 --> Could not find the language line "Tạo Điểm Lấy Hàng"
ERROR - 2020-06-04 10:17:46 --> Could not find the language line "Tạo Đơn Hàng"
ERROR - 2020-06-04 10:17:46 --> Could not find the language line "Tải Excel"
ERROR - 2020-06-04 10:17:46 --> Could not find the language line "Đóng"
ERROR - 2020-06-04 10:17:46 --> Could not find the language line "Xác Nhận"
ERROR - 2020-06-04 10:17:46 --> Severity: Warning --> Invalid argument supplied for foreach() /home/admin/domains/spshd.com/public_html/khachhang/application/views/app.php 162
ERROR - 2020-06-04 10:17:46 --> Severity: Warning --> Invalid argument supplied for foreach() /home/admin/domains/spshd.com/public_html/khachhang/application/views/app.php 173
ERROR - 2020-06-04 10:17:46 --> Could not find the language line "Đóng"
ERROR - 2020-06-04 10:17:46 --> Could not find the language line "Xác Nhận"
ERROR - 2020-06-04 10:17:46 --> Could not find the language line "Đóng"
ERROR - 2020-06-04 10:17:46 --> Could not find the language line "Xác Nhận"
ERROR - 2020-06-04 10:17:46 --> Could not find the language line "Đóng"
ERROR - 2020-06-04 10:17:46 --> Could not find the language line "Tải"
ERROR - 2020-06-04 10:32:35 --> Could not find the language line "Tạo Điểm Lấy Hàng"
ERROR - 2020-06-04 10:32:35 --> Could not find the language line "Tạo Đơn Hàng"
ERROR - 2020-06-04 10:32:35 --> Could not find the language line "Tải Excel"
ERROR - 2020-06-04 10:32:35 --> Could not find the language line "Đóng"
ERROR - 2020-06-04 10:32:35 --> Could not find the language line "Xác Nhận"
ERROR - 2020-06-04 10:32:35 --> Severity: Warning --> Invalid argument supplied for foreach() /home/admin/domains/spshd.com/public_html/khachhang/application/views/app.php 162
ERROR - 2020-06-04 10:32:35 --> Severity: Warning --> Invalid argument supplied for foreach() /home/admin/domains/spshd.com/public_html/khachhang/application/views/app.php 173
ERROR - 2020-06-04 10:32:35 --> Could not find the language line "Đóng"
ERROR - 2020-06-04 10:32:35 --> Could not find the language line "Xác Nhận"
ERROR - 2020-06-04 10:32:35 --> Could not find the language line "Đóng"
ERROR - 2020-06-04 10:32:35 --> Could not find the language line "Xác Nhận"
ERROR - 2020-06-04 10:32:35 --> Could not find the language line "Đóng"
ERROR - 2020-06-04 10:32:35 --> Could not find the language line "Tải"
ERROR - 2020-06-04 10:32:48 --> Could not find the language line "Tạo Điểm Lấy Hàng"
ERROR - 2020-06-04 10:32:48 --> Could not find the language line "Tạo Đơn Hàng"
ERROR - 2020-06-04 10:32:48 --> Could not find the language line "Tải Excel"
ERROR - 2020-06-04 10:32:48 --> Could not find the language line "Đóng"
ERROR - 2020-06-04 10:32:48 --> Could not find the language line "Xác Nhận"
ERROR - 2020-06-04 10:32:48 --> Severity: Warning --> Invalid argument supplied for foreach() /home/admin/domains/spshd.com/public_html/khachhang/application/views/app.php 162
ERROR - 2020-06-04 10:32:48 --> Severity: Warning --> Invalid argument supplied for foreach() /home/admin/domains/spshd.com/public_html/khachhang/application/views/app.php 173
ERROR - 2020-06-04 10:32:48 --> Could not find the language line "Đóng"
ERROR - 2020-06-04 10:32:48 --> Could not find the language line "Xác Nhận"
ERROR - 2020-06-04 10:32:48 --> Could not find the language line "Đóng"
ERROR - 2020-06-04 10:32:48 --> Could not find the language line "Xác Nhận"
ERROR - 2020-06-04 10:32:48 --> Could not find the language line "Đóng"
ERROR - 2020-06-04 10:32:48 --> Could not find the language line "Tải"
ERROR - 2020-06-04 10:34:17 --> Could not find the language line "Tạo Điểm Lấy Hàng"
ERROR - 2020-06-04 10:34:17 --> Could not find the language line "Tạo Đơn Hàng"
ERROR - 2020-06-04 10:34:17 --> Could not find the language line "Tải Excel"
ERROR - 2020-06-04 10:34:17 --> Could not find the language line "Đóng"
ERROR - 2020-06-04 10:34:17 --> Could not find the language line "Xác Nhận"
ERROR - 2020-06-04 10:34:17 --> Severity: Warning --> Invalid argument supplied for foreach() /home/admin/domains/spshd.com/public_html/khachhang/application/views/app.php 162
ERROR - 2020-06-04 10:34:17 --> Severity: Warning --> Invalid argument supplied for foreach() /home/admin/domains/spshd.com/public_html/khachhang/application/views/app.php 173
ERROR - 2020-06-04 10:34:17 --> Could not find the language line "Đóng"
ERROR - 2020-06-04 10:34:17 --> Could not find the language line "Xác Nhận"
ERROR - 2020-06-04 10:34:17 --> Could not find the language line "Đóng"
ERROR - 2020-06-04 10:34:17 --> Could not find the language line "Xác Nhận"
ERROR - 2020-06-04 10:34:17 --> Could not find the language line "Đóng"
ERROR - 2020-06-04 10:34:17 --> Could not find the language line "Tải"
ERROR - 2020-06-04 11:11:16 --> Could not find the language line "Tạo Điểm Lấy Hàng"
ERROR - 2020-06-04 11:11:16 --> Could not find the language line "Tạo Đơn Hàng"
ERROR - 2020-06-04 11:11:16 --> Could not find the language line "Tải Excel"
ERROR - 2020-06-04 11:11:16 --> Could not find the language line "Đóng"
ERROR - 2020-06-04 11:11:16 --> Could not find the language line "Xác Nhận"
ERROR - 2020-06-04 11:11:16 --> Severity: Warning --> Invalid argument supplied for foreach() /home/admin/domains/spshd.com/public_html/khachhang/application/views/app.php 162
ERROR - 2020-06-04 11:11:16 --> Severity: Warning --> Invalid argument supplied for foreach() /home/admin/domains/spshd.com/public_html/khachhang/application/views/app.php 173
ERROR - 2020-06-04 11:11:16 --> Could not find the language line "Đóng"
ERROR - 2020-06-04 11:11:16 --> Could not find the language line "Xác Nhận"
ERROR - 2020-06-04 11:11:16 --> Could not find the language line "Đóng"
ERROR - 2020-06-04 11:11:16 --> Could not find the language line "Xác Nhận"
ERROR - 2020-06-04 11:11:16 --> Could not find the language line "Đóng"
ERROR - 2020-06-04 11:11:16 --> Could not find the language line "Tải"
ERROR - 2020-06-04 11:13:48 --> Could not find the language line "Tạo Điểm Lấy Hàng"
ERROR - 2020-06-04 11:13:48 --> Could not find the language line "Tạo Đơn Hàng"
ERROR - 2020-06-04 11:13:48 --> Could not find the language line "Tải Excel"
ERROR - 2020-06-04 11:13:48 --> Could not find the language line "Đóng"
ERROR - 2020-06-04 11:13:48 --> Could not find the language line "Xác Nhận"
ERROR - 2020-06-04 11:13:48 --> Severity: Warning --> Invalid argument supplied for foreach() /home/admin/domains/spshd.com/public_html/khachhang/application/views/app.php 162
ERROR - 2020-06-04 11:13:48 --> Severity: Warning --> Invalid argument supplied for foreach() /home/admin/domains/spshd.com/public_html/khachhang/application/views/app.php 173
ERROR - 2020-06-04 11:13:48 --> Could not find the language line "Đóng"
ERROR - 2020-06-04 11:13:48 --> Could not find the language line "Xác Nhận"
ERROR - 2020-06-04 11:13:48 --> Could not find the language line "Đóng"
ERROR - 2020-06-04 11:13:48 --> Could not find the language line "Xác Nhận"
ERROR - 2020-06-04 11:13:48 --> Could not find the language line "Đóng"
ERROR - 2020-06-04 11:13:48 --> Could not find the language line "Tải"
ERROR - 2020-06-04 11:19:58 --> Could not find the language line "Tạo Điểm Lấy Hàng"
ERROR - 2020-06-04 11:19:58 --> Could not find the language line "Tạo Đơn Hàng"
ERROR - 2020-06-04 11:19:58 --> Could not find the language line "Tải Excel"
ERROR - 2020-06-04 11:19:58 --> Could not find the language line "Đóng"
ERROR - 2020-06-04 11:19:58 --> Could not find the language line "Xác Nhận"
ERROR - 2020-06-04 11:19:58 --> Severity: Warning --> Invalid argument supplied for foreach() /home/admin/domains/spshd.com/public_html/khachhang/application/views/app.php 162
ERROR - 2020-06-04 11:19:58 --> Severity: Warning --> Invalid argument supplied for foreach() /home/admin/domains/spshd.com/public_html/khachhang/application/views/app.php 173
ERROR - 2020-06-04 11:19:58 --> Could not find the language line "Đóng"
ERROR - 2020-06-04 11:19:58 --> Could not find the language line "Xác Nhận"
ERROR - 2020-06-04 11:19:58 --> Could not find the language line "Đóng"
ERROR - 2020-06-04 11:19:58 --> Could not find the language line "Xác Nhận"
ERROR - 2020-06-04 11:19:58 --> Could not find the language line "Đóng"
ERROR - 2020-06-04 11:19:58 --> Could not find the language line "Tải"
ERROR - 2020-06-04 05:20:01 --> Could not find the language line "Email"
ERROR - 2020-06-04 05:20:01 --> Could not find the language line "password"
ERROR - 2020-06-04 11:36:30 --> Could not find the language line "Tạo Điểm Lấy Hàng"
ERROR - 2020-06-04 11:36:30 --> Could not find the language line "Tạo Đơn Hàng"
ERROR - 2020-06-04 11:36:30 --> Could not find the language line "Tải Excel"
ERROR - 2020-06-04 11:36:30 --> Could not find the language line "Đóng"
ERROR - 2020-06-04 11:36:30 --> Could not find the language line "Xác Nhận"
ERROR - 2020-06-04 11:36:30 --> Severity: Warning --> Invalid argument supplied for foreach() /home/admin/domains/spshd.com/public_html/khachhang/application/views/app.php 162
ERROR - 2020-06-04 11:36:30 --> Severity: Warning --> Invalid argument supplied for foreach() /home/admin/domains/spshd.com/public_html/khachhang/application/views/app.php 173
ERROR - 2020-06-04 11:36:30 --> Could not find the language line "Đóng"
ERROR - 2020-06-04 11:36:30 --> Could not find the language line "Xác Nhận"
ERROR - 2020-06-04 11:36:30 --> Could not find the language line "Đóng"
ERROR - 2020-06-04 11:36:30 --> Could not find the language line "Xác Nhận"
ERROR - 2020-06-04 11:36:30 --> Could not find the language line "Đóng"
ERROR - 2020-06-04 11:36:30 --> Could not find the language line "Tải"
ERROR - 2020-06-04 11:38:39 --> Could not find the language line "Tạo Điểm Lấy Hàng"
ERROR - 2020-06-04 11:38:39 --> Could not find the language line "Tạo Đơn Hàng"
ERROR - 2020-06-04 11:38:39 --> Could not find the language line "Tải Excel"
ERROR - 2020-06-04 11:38:39 --> Could not find the language line "Đóng"
ERROR - 2020-06-04 11:38:39 --> Could not find the language line "Xác Nhận"
ERROR - 2020-06-04 11:38:39 --> Severity: Warning --> Invalid argument supplied for foreach() /home/admin/domains/spshd.com/public_html/khachhang/application/views/app.php 162
ERROR - 2020-06-04 11:38:39 --> Severity: Warning --> Invalid argument supplied for foreach() /home/admin/domains/spshd.com/public_html/khachhang/application/views/app.php 173
ERROR - 2020-06-04 11:38:39 --> Could not find the language line "Đóng"
ERROR - 2020-06-04 11:38:39 --> Could not find the language line "Xác Nhận"
ERROR - 2020-06-04 11:38:39 --> Could not find the language line "Đóng"
ERROR - 2020-06-04 11:38:39 --> Could not find the language line "Xác Nhận"
ERROR - 2020-06-04 11:38:39 --> Could not find the language line "Đóng"
ERROR - 2020-06-04 11:38:39 --> Could not find the language line "Tải"
ERROR - 2020-06-04 05:38:40 --> Could not find the language line "Email"
ERROR - 2020-06-04 05:38:40 --> Could not find the language line "password"
ERROR - 2020-06-04 11:56:12 --> Could not find the language line "Tạo Điểm Lấy Hàng"
ERROR - 2020-06-04 11:56:12 --> Could not find the language line "Tạo Đơn Hàng"
ERROR - 2020-06-04 11:56:12 --> Could not find the language line "Tải Excel"
ERROR - 2020-06-04 11:56:12 --> Could not find the language line "Đóng"
ERROR - 2020-06-04 11:56:12 --> Could not find the language line "Xác Nhận"
ERROR - 2020-06-04 11:56:12 --> Severity: Warning --> Invalid argument supplied for foreach() /home/admin/domains/spshd.com/public_html/khachhang/application/views/app.php 162
ERROR - 2020-06-04 11:56:12 --> Severity: Warning --> Invalid argument supplied for foreach() /home/admin/domains/spshd.com/public_html/khachhang/application/views/app.php 173
ERROR - 2020-06-04 11:56:12 --> Could not find the language line "Đóng"
ERROR - 2020-06-04 11:56:12 --> Could not find the language line "Xác Nhận"
ERROR - 2020-06-04 11:56:12 --> Could not find the language line "Đóng"
ERROR - 2020-06-04 11:56:12 --> Could not find the language line "Xác Nhận"
ERROR - 2020-06-04 11:56:12 --> Could not find the language line "Đóng"
ERROR - 2020-06-04 11:56:12 --> Could not find the language line "Tải"
ERROR - 2020-06-04 12:10:09 --> Could not find the language line "Tạo Điểm Lấy Hàng"
ERROR - 2020-06-04 12:10:09 --> Could not find the language line "Tạo Đơn Hàng"
ERROR - 2020-06-04 12:10:09 --> Could not find the language line "Tải Excel"
ERROR - 2020-06-04 12:10:09 --> Could not find the language line "Đóng"
ERROR - 2020-06-04 12:10:09 --> Could not find the language line "Xác Nhận"
ERROR - 2020-06-04 12:10:09 --> Severity: Warning --> Invalid argument supplied for foreach() /home/admin/domains/spshd.com/public_html/khachhang/application/views/app.php 162
ERROR - 2020-06-04 12:10:09 --> Severity: Warning --> Invalid argument supplied for foreach() /home/admin/domains/spshd.com/public_html/khachhang/application/views/app.php 173
ERROR - 2020-06-04 12:10:09 --> Could not find the language line "Đóng"
ERROR - 2020-06-04 12:10:09 --> Could not find the language line "Xác Nhận"
ERROR - 2020-06-04 12:10:09 --> Could not find the language line "Đóng"
ERROR - 2020-06-04 12:10:09 --> Could not find the language line "Xác Nhận"
ERROR - 2020-06-04 12:10:09 --> Could not find the language line "Đóng"
ERROR - 2020-06-04 12:10:09 --> Could not find the language line "Tải"
ERROR - 2020-06-04 12:38:26 --> Could not find the language line "Tạo Điểm Lấy Hàng"
ERROR - 2020-06-04 12:38:26 --> Could not find the language line "Tạo Đơn Hàng"
ERROR - 2020-06-04 12:38:26 --> Could not find the language line "Tải Excel"
ERROR - 2020-06-04 12:38:26 --> Could not find the language line "Đóng"
ERROR - 2020-06-04 12:38:26 --> Could not find the language line "Xác Nhận"
ERROR - 2020-06-04 12:38:26 --> Severity: Warning --> Invalid argument supplied for foreach() /home/admin/domains/spshd.com/public_html/khachhang/application/views/app.php 162
ERROR - 2020-06-04 12:38:26 --> Severity: Warning --> Invalid argument supplied for foreach() /home/admin/domains/spshd.com/public_html/khachhang/application/views/app.php 173
ERROR - 2020-06-04 12:38:26 --> Could not find the language line "Đóng"
ERROR - 2020-06-04 12:38:26 --> Could not find the language line "Xác Nhận"
ERROR - 2020-06-04 12:38:26 --> Could not find the language line "Đóng"
ERROR - 2020-06-04 12:38:26 --> Could not find the language line "Xác Nhận"
ERROR - 2020-06-04 12:38:26 --> Could not find the language line "Đóng"
ERROR - 2020-06-04 12:38:26 --> Could not find the language line "Tải"
ERROR - 2020-06-04 12:45:10 --> Could not find the language line "Tạo Điểm Lấy Hàng"
ERROR - 2020-06-04 12:45:10 --> Could not find the language line "Tạo Đơn Hàng"
ERROR - 2020-06-04 12:45:10 --> Could not find the language line "Tải Excel"
ERROR - 2020-06-04 12:45:10 --> Could not find the language line "Đóng"
ERROR - 2020-06-04 12:45:10 --> Could not find the language line "Xác Nhận"
ERROR - 2020-06-04 12:45:10 --> Severity: Warning --> Invalid argument supplied for foreach() /home/admin/domains/spshd.com/public_html/khachhang/application/views/app.php 162
ERROR - 2020-06-04 12:45:10 --> Severity: Warning --> Invalid argument supplied for foreach() /home/admin/domains/spshd.com/public_html/khachhang/application/views/app.php 173
ERROR - 2020-06-04 12:45:10 --> Could not find the language line "Đóng"
ERROR - 2020-06-04 12:45:10 --> Could not find the language line "Xác Nhận"
ERROR - 2020-06-04 12:45:10 --> Could not find the language line "Đóng"
ERROR - 2020-06-04 12:45:10 --> Could not find the language line "Xác Nhận"
ERROR - 2020-06-04 12:45:10 --> Could not find the language line "Đóng"
ERROR - 2020-06-04 12:45:10 --> Could not find the language line "Tải"
ERROR - 2020-06-04 12:47:46 --> Could not find the language line "Tạo Điểm Lấy Hàng"
ERROR - 2020-06-04 12:47:46 --> Could not find the language line "Tạo Đơn Hàng"
ERROR - 2020-06-04 12:47:46 --> Could not find the language line "Tải Excel"
ERROR - 2020-06-04 12:47:46 --> Could not find the language line "Đóng"
ERROR - 2020-06-04 12:47:46 --> Could not find the language line "Xác Nhận"
ERROR - 2020-06-04 12:47:46 --> Severity: Warning --> Invalid argument supplied for foreach() /home/admin/domains/spshd.com/public_html/khachhang/application/views/app.php 162
ERROR - 2020-06-04 12:47:46 --> Severity: Warning --> Invalid argument supplied for foreach() /home/admin/domains/spshd.com/public_html/khachhang/application/views/app.php 173
ERROR - 2020-06-04 12:47:46 --> Could not find the language line "Đóng"
ERROR - 2020-06-04 12:47:46 --> Could not find the language line "Xác Nhận"
ERROR - 2020-06-04 12:47:46 --> Could not find the language line "Đóng"
ERROR - 2020-06-04 12:47:46 --> Could not find the language line "Xác Nhận"
ERROR - 2020-06-04 12:47:46 --> Could not find the language line "Đóng"
ERROR - 2020-06-04 12:47:46 --> Could not find the language line "Tải"
ERROR - 2020-06-04 13:58:37 --> Could not find the language line "Tạo Điểm Lấy Hàng"
ERROR - 2020-06-04 13:58:37 --> Could not find the language line "Tạo Đơn Hàng"
ERROR - 2020-06-04 13:58:37 --> Could not find the language line "Tải Excel"
ERROR - 2020-06-04 13:58:37 --> Could not find the language line "Đóng"
ERROR - 2020-06-04 13:58:37 --> Could not find the language line "Xác Nhận"
ERROR - 2020-06-04 13:58:37 --> Severity: Warning --> Invalid argument supplied for foreach() /home/admin/domains/spshd.com/public_html/khachhang/application/views/app.php 162
ERROR - 2020-06-04 13:58:37 --> Severity: Warning --> Invalid argument supplied for foreach() /home/admin/domains/spshd.com/public_html/khachhang/application/views/app.php 173
ERROR - 2020-06-04 13:58:37 --> Could not find the language line "Đóng"
ERROR - 2020-06-04 13:58:37 --> Could not find the language line "Xác Nhận"
ERROR - 2020-06-04 13:58:37 --> Could not find the language line "Đóng"
ERROR - 2020-06-04 13:58:37 --> Could not find the language line "Xác Nhận"
ERROR - 2020-06-04 13:58:37 --> Could not find the language line "Đóng"
ERROR - 2020-06-04 13:58:37 --> Could not find the language line "Tải"
ERROR - 2020-06-04 08:54:01 --> Could not find the language line "Email"
ERROR - 2020-06-04 08:54:01 --> Could not find the language line "password"
ERROR - 2020-06-04 15:11:50 --> Could not find the language line "Tạo Điểm Lấy Hàng"
ERROR - 2020-06-04 15:11:50 --> Could not find the language line "Tạo Đơn Hàng"
ERROR - 2020-06-04 15:11:50 --> Could not find the language line "Tải Excel"
ERROR - 2020-06-04 15:11:50 --> Could not find the language line "Đóng"
ERROR - 2020-06-04 15:11:50 --> Could not find the language line "Xác Nhận"
ERROR - 2020-06-04 15:11:50 --> Severity: Warning --> Invalid argument supplied for foreach() /home/admin/domains/spshd.com/public_html/khachhang/application/views/app.php 162
ERROR - 2020-06-04 15:11:50 --> Severity: Warning --> Invalid argument supplied for foreach() /home/admin/domains/spshd.com/public_html/khachhang/application/views/app.php 173
ERROR - 2020-06-04 15:11:50 --> Could not find the language line "Đóng"
ERROR - 2020-06-04 15:11:50 --> Could not find the language line "Xác Nhận"
ERROR - 2020-06-04 15:11:50 --> Could not find the language line "Đóng"
ERROR - 2020-06-04 15:11:50 --> Could not find the language line "Xác Nhận"
ERROR - 2020-06-04 15:11:50 --> Could not find the language line "Đóng"
ERROR - 2020-06-04 15:11:50 --> Could not find the language line "Tải"
ERROR - 2020-06-04 15:11:51 --> Could not find the language line "Tạo Điểm Lấy Hàng"
ERROR - 2020-06-04 15:11:51 --> Could not find the language line "Tạo Đơn Hàng"
ERROR - 2020-06-04 15:11:51 --> Could not find the language line "Tải Excel"
ERROR - 2020-06-04 15:11:51 --> Could not find the language line "Đóng"
ERROR - 2020-06-04 15:11:51 --> Could not find the language line "Xác Nhận"
ERROR - 2020-06-04 15:11:51 --> Severity: Warning --> Invalid argument supplied for foreach() /home/admin/domains/spshd.com/public_html/khachhang/application/views/app.php 162
ERROR - 2020-06-04 15:11:51 --> Severity: Warning --> Invalid argument supplied for foreach() /home/admin/domains/spshd.com/public_html/khachhang/application/views/app.php 173
ERROR - 2020-06-04 15:11:51 --> Could not find the language line "Đóng"
ERROR - 2020-06-04 15:11:51 --> Could not find the language line "Xác Nhận"
ERROR - 2020-06-04 15:11:51 --> Could not find the language line "Đóng"
ERROR - 2020-06-04 15:11:51 --> Could not find the language line "Xác Nhận"
ERROR - 2020-06-04 15:11:51 --> Could not find the language line "Đóng"
ERROR - 2020-06-04 15:11:51 --> Could not find the language line "Tải"
ERROR - 2020-06-04 15:39:27 --> Could not find the language line "Tạo Điểm Lấy Hàng"
ERROR - 2020-06-04 15:39:27 --> Could not find the language line "Tạo Đơn Hàng"
ERROR - 2020-06-04 15:39:27 --> Could not find the language line "Tải Excel"
ERROR - 2020-06-04 15:39:27 --> Could not find the language line "Đóng"
ERROR - 2020-06-04 15:39:27 --> Could not find the language line "Xác Nhận"
ERROR - 2020-06-04 15:39:27 --> Severity: Warning --> Invalid argument supplied for foreach() /home/admin/domains/spshd.com/public_html/khachhang/application/views/app.php 162
ERROR - 2020-06-04 15:39:27 --> Severity: Warning --> Invalid argument supplied for foreach() /home/admin/domains/spshd.com/public_html/khachhang/application/views/app.php 173
ERROR - 2020-06-04 15:39:27 --> Could not find the language line "Đóng"
ERROR - 2020-06-04 15:39:27 --> Could not find the language line "Xác Nhận"
ERROR - 2020-06-04 15:39:27 --> Could not find the language line "Đóng"
ERROR - 2020-06-04 15:39:27 --> Could not find the language line "Xác Nhận"
ERROR - 2020-06-04 15:39:27 --> Could not find the language line "Đóng"
ERROR - 2020-06-04 15:39:27 --> Could not find the language line "Tải"
ERROR - 2020-06-04 15:44:36 --> Could not find the language line "Tạo Điểm Lấy Hàng"
ERROR - 2020-06-04 15:44:36 --> Could not find the language line "Tạo Đơn Hàng"
ERROR - 2020-06-04 15:44:36 --> Could not find the language line "Tải Excel"
ERROR - 2020-06-04 15:44:36 --> Could not find the language line "Đóng"
ERROR - 2020-06-04 15:44:36 --> Could not find the language line "Xác Nhận"
ERROR - 2020-06-04 15:44:36 --> Severity: Warning --> Invalid argument supplied for foreach() /home/admin/domains/spshd.com/public_html/khachhang/application/views/app.php 162
ERROR - 2020-06-04 15:44:36 --> Severity: Warning --> Invalid argument supplied for foreach() /home/admin/domains/spshd.com/public_html/khachhang/application/views/app.php 173
ERROR - 2020-06-04 15:44:36 --> Could not find the language line "Đóng"
ERROR - 2020-06-04 15:44:36 --> Could not find the language line "Xác Nhận"
ERROR - 2020-06-04 15:44:36 --> Could not find the language line "Đóng"
ERROR - 2020-06-04 15:44:36 --> Could not find the language line "Xác Nhận"
ERROR - 2020-06-04 15:44:36 --> Could not find the language line "Đóng"
ERROR - 2020-06-04 15:44:36 --> Could not find the language line "Tải"
ERROR - 2020-06-04 16:04:16 --> Could not find the language line "Tạo Điểm Lấy Hàng"
ERROR - 2020-06-04 16:04:16 --> Could not find the language line "Tạo Đơn Hàng"
ERROR - 2020-06-04 16:04:16 --> Could not find the language line "Tải Excel"
ERROR - 2020-06-04 16:04:16 --> Could not find the language line "Đóng"
ERROR - 2020-06-04 16:04:16 --> Could not find the language line "Xác Nhận"
ERROR - 2020-06-04 16:04:16 --> Severity: Warning --> Invalid argument supplied for foreach() /home/admin/domains/spshd.com/public_html/khachhang/application/views/app.php 162
ERROR - 2020-06-04 16:04:16 --> Severity: Warning --> Invalid argument supplied for foreach() /home/admin/domains/spshd.com/public_html/khachhang/application/views/app.php 173
ERROR - 2020-06-04 16:04:16 --> Could not find the language line "Đóng"
ERROR - 2020-06-04 16:04:16 --> Could not find the language line "Xác Nhận"
ERROR - 2020-06-04 16:04:16 --> Could not find the language line "Đóng"
ERROR - 2020-06-04 16:04:16 --> Could not find the language line "Xác Nhận"
ERROR - 2020-06-04 16:04:16 --> Could not find the language line "Đóng"
ERROR - 2020-06-04 16:04:16 --> Could not find the language line "Tải"
ERROR - 2020-06-04 16:38:18 --> Could not find the language line "Tạo Điểm Lấy Hàng"
ERROR - 2020-06-04 16:38:18 --> Could not find the language line "Tạo Đơn Hàng"
ERROR - 2020-06-04 16:38:18 --> Could not find the language line "Tải Excel"
ERROR - 2020-06-04 16:38:18 --> Could not find the language line "Đóng"
ERROR - 2020-06-04 16:38:18 --> Could not find the language line "Xác Nhận"
ERROR - 2020-06-04 16:38:18 --> Severity: Warning --> Invalid argument supplied for foreach() /home/admin/domains/spshd.com/public_html/khachhang/application/views/app.php 162
ERROR - 2020-06-04 16:38:18 --> Severity: Warning --> Invalid argument supplied for foreach() /home/admin/domains/spshd.com/public_html/khachhang/application/views/app.php 173
ERROR - 2020-06-04 16:38:18 --> Could not find the language line "Đóng"
ERROR - 2020-06-04 16:38:18 --> Could not find the language line "Xác Nhận"
ERROR - 2020-06-04 16:38:18 --> Could not find the language line "Đóng"
ERROR - 2020-06-04 16:38:18 --> Could not find the language line "Xác Nhận"
ERROR - 2020-06-04 16:38:18 --> Could not find the language line "Đóng"
ERROR - 2020-06-04 16:38:18 --> Could not find the language line "Tải"
ERROR - 2020-06-04 16:47:37 --> Could not find the language line "Tạo Điểm Lấy Hàng"
ERROR - 2020-06-04 16:47:37 --> Could not find the language line "Tạo Đơn Hàng"
ERROR - 2020-06-04 16:47:37 --> Could not find the language line "Tải Excel"
ERROR - 2020-06-04 16:47:37 --> Could not find the language line "Đóng"
ERROR - 2020-06-04 16:47:37 --> Could not find the language line "Xác Nhận"
ERROR - 2020-06-04 16:47:37 --> Severity: Warning --> Invalid argument supplied for foreach() /home/admin/domains/spshd.com/public_html/khachhang/application/views/app.php 162
ERROR - 2020-06-04 16:47:37 --> Severity: Warning --> Invalid argument supplied for foreach() /home/admin/domains/spshd.com/public_html/khachhang/application/views/app.php 173
ERROR - 2020-06-04 16:47:37 --> Could not find the language line "Đóng"
ERROR - 2020-06-04 16:47:37 --> Could not find the language line "Xác Nhận"
ERROR - 2020-06-04 16:47:37 --> Could not find the language line "Đóng"
ERROR - 2020-06-04 16:47:37 --> Could not find the language line "Xác Nhận"
ERROR - 2020-06-04 16:47:37 --> Could not find the language line "Đóng"
ERROR - 2020-06-04 16:47:37 --> Could not find the language line "Tải"
ERROR - 2020-06-04 11:21:00 --> Could not find the language line "Email"
ERROR - 2020-06-04 11:21:00 --> Could not find the language line "password"
ERROR - 2020-06-04 17:22:13 --> Could not find the language line "Tạo Điểm Lấy Hàng"
ERROR - 2020-06-04 17:22:13 --> Could not find the language line "Tạo Đơn Hàng"
ERROR - 2020-06-04 17:22:13 --> Could not find the language line "Tải Excel"
ERROR - 2020-06-04 17:22:13 --> Could not find the language line "Đóng"
ERROR - 2020-06-04 17:22:13 --> Could not find the language line "Xác Nhận"
ERROR - 2020-06-04 17:22:13 --> Severity: Warning --> Invalid argument supplied for foreach() /home/admin/domains/spshd.com/public_html/khachhang/application/views/app.php 162
ERROR - 2020-06-04 17:22:13 --> Severity: Warning --> Invalid argument supplied for foreach() /home/admin/domains/spshd.com/public_html/khachhang/application/views/app.php 173
ERROR - 2020-06-04 17:22:13 --> Could not find the language line "Đóng"
ERROR - 2020-06-04 17:22:13 --> Could not find the language line "Xác Nhận"
ERROR - 2020-06-04 17:22:13 --> Could not find the language line "Đóng"
ERROR - 2020-06-04 17:22:13 --> Could not find the language line "Xác Nhận"
ERROR - 2020-06-04 17:22:13 --> Could not find the language line "Đóng"
ERROR - 2020-06-04 17:22:13 --> Could not find the language line "Tải"
ERROR - 2020-06-04 17:30:34 --> Could not find the language line "Tạo Điểm Lấy Hàng"
ERROR - 2020-06-04 17:30:34 --> Could not find the language line "Tạo Đơn Hàng"
ERROR - 2020-06-04 17:30:34 --> Could not find the language line "Tải Excel"
ERROR - 2020-06-04 17:30:34 --> Could not find the language line "Đóng"
ERROR - 2020-06-04 17:30:34 --> Could not find the language line "Xác Nhận"
ERROR - 2020-06-04 17:30:34 --> Severity: Warning --> Invalid argument supplied for foreach() /home/admin/domains/spshd.com/public_html/khachhang/application/views/app.php 162
ERROR - 2020-06-04 17:30:34 --> Severity: Warning --> Invalid argument supplied for foreach() /home/admin/domains/spshd.com/public_html/khachhang/application/views/app.php 173
ERROR - 2020-06-04 17:30:34 --> Could not find the language line "Đóng"
ERROR - 2020-06-04 17:30:34 --> Could not find the language line "Xác Nhận"
ERROR - 2020-06-04 17:30:34 --> Could not find the language line "Đóng"
ERROR - 2020-06-04 17:30:34 --> Could not find the language line "Xác Nhận"
ERROR - 2020-06-04 17:30:34 --> Could not find the language line "Đóng"
ERROR - 2020-06-04 17:30:34 --> Could not find the language line "Tải"
ERROR - 2020-06-04 17:31:46 --> Could not find the language line "Tạo Điểm Lấy Hàng"
ERROR - 2020-06-04 17:31:46 --> Could not find the language line "Tạo Đơn Hàng"
ERROR - 2020-06-04 17:31:46 --> Could not find the language line "Tải Excel"
ERROR - 2020-06-04 17:31:46 --> Could not find the language line "Đóng"
ERROR - 2020-06-04 17:31:46 --> Could not find the language line "Xác Nhận"
ERROR - 2020-06-04 17:31:46 --> Severity: Warning --> Invalid argument supplied for foreach() /home/admin/domains/spshd.com/public_html/khachhang/application/views/app.php 162
ERROR - 2020-06-04 17:31:46 --> Severity: Warning --> Invalid argument supplied for foreach() /home/admin/domains/spshd.com/public_html/khachhang/application/views/app.php 173
ERROR - 2020-06-04 17:31:46 --> Could not find the language line "Đóng"
ERROR - 2020-06-04 17:31:46 --> Could not find the language line "Xác Nhận"
ERROR - 2020-06-04 17:31:46 --> Could not find the language line "Đóng"
ERROR - 2020-06-04 17:31:46 --> Could not find the language line "Xác Nhận"
ERROR - 2020-06-04 17:31:46 --> Could not find the language line "Đóng"
ERROR - 2020-06-04 17:31:46 --> Could not find the language line "Tải"
ERROR - 2020-06-04 17:32:53 --> Could not find the language line "Tạo Điểm Lấy Hàng"
ERROR - 2020-06-04 17:32:53 --> Could not find the language line "Tạo Đơn Hàng"
ERROR - 2020-06-04 17:32:53 --> Could not find the language line "Tải Excel"
ERROR - 2020-06-04 17:32:53 --> Could not find the language line "Đóng"
ERROR - 2020-06-04 17:32:53 --> Could not find the language line "Xác Nhận"
ERROR - 2020-06-04 17:32:53 --> Severity: Warning --> Invalid argument supplied for foreach() /home/admin/domains/spshd.com/public_html/khachhang/application/views/app.php 162
ERROR - 2020-06-04 17:32:53 --> Severity: Warning --> Invalid argument supplied for foreach() /home/admin/domains/spshd.com/public_html/khachhang/application/views/app.php 173
ERROR - 2020-06-04 17:32:53 --> Could not find the language line "Đóng"
ERROR - 2020-06-04 17:32:53 --> Could not find the language line "Xác Nhận"
ERROR - 2020-06-04 17:32:53 --> Could not find the language line "Đóng"
ERROR - 2020-06-04 17:32:53 --> Could not find the language line "Xác Nhận"
ERROR - 2020-06-04 17:32:53 --> Could not find the language line "Đóng"
ERROR - 2020-06-04 17:32:53 --> Could not find the language line "Tải"
ERROR - 2020-06-04 17:33:59 --> Could not find the language line "Tạo Điểm Lấy Hàng"
ERROR - 2020-06-04 17:33:59 --> Could not find the language line "Tạo Đơn Hàng"
ERROR - 2020-06-04 17:33:59 --> Could not find the language line "Tải Excel"
ERROR - 2020-06-04 17:33:59 --> Could not find the language line "Đóng"
ERROR - 2020-06-04 17:33:59 --> Could not find the language line "Xác Nhận"
ERROR - 2020-06-04 17:33:59 --> Severity: Warning --> Invalid argument supplied for foreach() /home/admin/domains/spshd.com/public_html/khachhang/application/views/app.php 162
ERROR - 2020-06-04 17:33:59 --> Severity: Warning --> Invalid argument supplied for foreach() /home/admin/domains/spshd.com/public_html/khachhang/application/views/app.php 173
ERROR - 2020-06-04 17:33:59 --> Could not find the language line "Đóng"
ERROR - 2020-06-04 17:33:59 --> Could not find the language line "Xác Nhận"
ERROR - 2020-06-04 17:33:59 --> Could not find the language line "Đóng"
ERROR - 2020-06-04 17:33:59 --> Could not find the language line "Xác Nhận"
ERROR - 2020-06-04 17:33:59 --> Could not find the language line "Đóng"
ERROR - 2020-06-04 17:33:59 --> Could not find the language line "Tải"
ERROR - 2020-06-04 17:34:50 --> Could not find the language line "Tạo Điểm Lấy Hàng"
ERROR - 2020-06-04 17:34:50 --> Could not find the language line "Tạo Đơn Hàng"
ERROR - 2020-06-04 17:34:50 --> Could not find the language line "Tải Excel"
ERROR - 2020-06-04 17:34:50 --> Could not find the language line "Đóng"
ERROR - 2020-06-04 17:34:50 --> Could not find the language line "Xác Nhận"
ERROR - 2020-06-04 17:34:50 --> Severity: Warning --> Invalid argument supplied for foreach() /home/admin/domains/spshd.com/public_html/khachhang/application/views/app.php 162
ERROR - 2020-06-04 17:34:50 --> Severity: Warning --> Invalid argument supplied for foreach() /home/admin/domains/spshd.com/public_html/khachhang/application/views/app.php 173
ERROR - 2020-06-04 17:34:50 --> Could not find the language line "Đóng"
ERROR - 2020-06-04 17:34:50 --> Could not find the language line "Xác Nhận"
ERROR - 2020-06-04 17:34:50 --> Could not find the language line "Đóng"
ERROR - 2020-06-04 17:34:50 --> Could not find the language line "Xác Nhận"
ERROR - 2020-06-04 17:34:50 --> Could not find the language line "Đóng"
ERROR - 2020-06-04 17:34:50 --> Could not find the language line "Tải"
ERROR - 2020-06-04 17:35:59 --> Could not find the language line "Tạo Điểm Lấy Hàng"
ERROR - 2020-06-04 17:35:59 --> Could not find the language line "Tạo Đơn Hàng"
ERROR - 2020-06-04 17:35:59 --> Could not find the language line "Tải Excel"
ERROR - 2020-06-04 17:35:59 --> Could not find the language line "Đóng"
ERROR - 2020-06-04 17:35:59 --> Could not find the language line "Xác Nhận"
ERROR - 2020-06-04 17:35:59 --> Severity: Warning --> Invalid argument supplied for foreach() /home/admin/domains/spshd.com/public_html/khachhang/application/views/app.php 162
ERROR - 2020-06-04 17:35:59 --> Severity: Warning --> Invalid argument supplied for foreach() /home/admin/domains/spshd.com/public_html/khachhang/application/views/app.php 173
ERROR - 2020-06-04 17:35:59 --> Could not find the language line "Đóng"
ERROR - 2020-06-04 17:35:59 --> Could not find the language line "Xác Nhận"
ERROR - 2020-06-04 17:35:59 --> Could not find the language line "Đóng"
ERROR - 2020-06-04 17:35:59 --> Could not find the language line "Xác Nhận"
ERROR - 2020-06-04 17:35:59 --> Could not find the language line "Đóng"
ERROR - 2020-06-04 17:35:59 --> Could not find the language line "Tải"
ERROR - 2020-06-04 17:37:16 --> Could not find the language line "Tạo Điểm Lấy Hàng"
ERROR - 2020-06-04 17:37:16 --> Could not find the language line "Tạo Đơn Hàng"
ERROR - 2020-06-04 17:37:16 --> Could not find the language line "Tải Excel"
ERROR - 2020-06-04 17:37:16 --> Could not find the language line "Đóng"
ERROR - 2020-06-04 17:37:16 --> Could not find the language line "Xác Nhận"
ERROR - 2020-06-04 17:37:16 --> Severity: Warning --> Invalid argument supplied for foreach() /home/admin/domains/spshd.com/public_html/khachhang/application/views/app.php 162
ERROR - 2020-06-04 17:37:16 --> Severity: Warning --> Invalid argument supplied for foreach() /home/admin/domains/spshd.com/public_html/khachhang/application/views/app.php 173
ERROR - 2020-06-04 17:37:16 --> Could not find the language line "Đóng"
ERROR - 2020-06-04 17:37:16 --> Could not find the language line "Xác Nhận"
ERROR - 2020-06-04 17:37:16 --> Could not find the language line "Đóng"
ERROR - 2020-06-04 17:37:16 --> Could not find the language line "Xác Nhận"
ERROR - 2020-06-04 17:37:16 --> Could not find the language line "Đóng"
ERROR - 2020-06-04 17:37:16 --> Could not find the language line "Tải"
ERROR - 2020-06-04 17:39:17 --> Could not find the language line "Tạo Điểm Lấy Hàng"
ERROR - 2020-06-04 17:39:17 --> Could not find the language line "Tạo Đơn Hàng"
ERROR - 2020-06-04 17:39:17 --> Could not find the language line "Tải Excel"
ERROR - 2020-06-04 17:39:17 --> Could not find the language line "Đóng"
ERROR - 2020-06-04 17:39:17 --> Could not find the language line "Xác Nhận"
ERROR - 2020-06-04 17:39:17 --> Severity: Warning --> Invalid argument supplied for foreach() /home/admin/domains/spshd.com/public_html/khachhang/application/views/app.php 162
ERROR - 2020-06-04 17:39:17 --> Severity: Warning --> Invalid argument supplied for foreach() /home/admin/domains/spshd.com/public_html/khachhang/application/views/app.php 173
ERROR - 2020-06-04 17:39:17 --> Could not find the language line "Đóng"
ERROR - 2020-06-04 17:39:17 --> Could not find the language line "Xác Nhận"
ERROR - 2020-06-04 17:39:17 --> Could not find the language line "Đóng"
ERROR - 2020-06-04 17:39:17 --> Could not find the language line "Xác Nhận"
ERROR - 2020-06-04 17:39:17 --> Could not find the language line "Đóng"
ERROR - 2020-06-04 17:39:17 --> Could not find the language line "Tải"
ERROR - 2020-06-04 17:40:30 --> Could not find the language line "Tạo Điểm Lấy Hàng"
ERROR - 2020-06-04 17:40:30 --> Could not find the language line "Tạo Đơn Hàng"
ERROR - 2020-06-04 17:40:30 --> Could not find the language line "Tải Excel"
ERROR - 2020-06-04 17:40:30 --> Could not find the language line "Đóng"
ERROR - 2020-06-04 17:40:30 --> Could not find the language line "Xác Nhận"
ERROR - 2020-06-04 17:40:30 --> Severity: Warning --> Invalid argument supplied for foreach() /home/admin/domains/spshd.com/public_html/khachhang/application/views/app.php 162
ERROR - 2020-06-04 17:40:30 --> Severity: Warning --> Invalid argument supplied for foreach() /home/admin/domains/spshd.com/public_html/khachhang/application/views/app.php 173
ERROR - 2020-06-04 17:40:30 --> Could not find the language line "Đóng"
ERROR - 2020-06-04 17:40:30 --> Could not find the language line "Xác Nhận"
ERROR - 2020-06-04 17:40:30 --> Could not find the language line "Đóng"
ERROR - 2020-06-04 17:40:30 --> Could not find the language line "Xác Nhận"
ERROR - 2020-06-04 17:40:30 --> Could not find the language line "Đóng"
ERROR - 2020-06-04 17:40:30 --> Could not find the language line "Tải"
ERROR - 2020-06-04 17:42:25 --> Could not find the language line "Tạo Điểm Lấy Hàng"
ERROR - 2020-06-04 17:42:25 --> Could not find the language line "Tạo Đơn Hàng"
ERROR - 2020-06-04 17:42:25 --> Could not find the language line "Tải Excel"
ERROR - 2020-06-04 17:42:25 --> Could not find the language line "Đóng"
ERROR - 2020-06-04 17:42:25 --> Could not find the language line "Xác Nhận"
ERROR - 2020-06-04 17:42:25 --> Severity: Warning --> Invalid argument supplied for foreach() /home/admin/domains/spshd.com/public_html/khachhang/application/views/app.php 162
ERROR - 2020-06-04 17:42:25 --> Severity: Warning --> Invalid argument supplied for foreach() /home/admin/domains/spshd.com/public_html/khachhang/application/views/app.php 173
ERROR - 2020-06-04 17:42:25 --> Could not find the language line "Đóng"
ERROR - 2020-06-04 17:42:25 --> Could not find the language line "Xác Nhận"
ERROR - 2020-06-04 17:42:25 --> Could not find the language line "Đóng"
ERROR - 2020-06-04 17:42:25 --> Could not find the language line "Xác Nhận"
ERROR - 2020-06-04 17:42:25 --> Could not find the language line "Đóng"
ERROR - 2020-06-04 17:42:25 --> Could not find the language line "Tải"
ERROR - 2020-06-04 17:44:10 --> Could not find the language line "Tạo Điểm Lấy Hàng"
ERROR - 2020-06-04 17:44:10 --> Could not find the language line "Tạo Đơn Hàng"
ERROR - 2020-06-04 17:44:10 --> Could not find the language line "Tải Excel"
ERROR - 2020-06-04 17:44:10 --> Could not find the language line "Đóng"
ERROR - 2020-06-04 17:44:10 --> Could not find the language line "Xác Nhận"
ERROR - 2020-06-04 17:44:10 --> Severity: Warning --> Invalid argument supplied for foreach() /home/admin/domains/spshd.com/public_html/khachhang/application/views/app.php 162
ERROR - 2020-06-04 17:44:10 --> Severity: Warning --> Invalid argument supplied for foreach() /home/admin/domains/spshd.com/public_html/khachhang/application/views/app.php 173
ERROR - 2020-06-04 17:44:10 --> Could not find the language line "Đóng"
ERROR - 2020-06-04 17:44:10 --> Could not find the language line "Xác Nhận"
ERROR - 2020-06-04 17:44:10 --> Could not find the language line "Đóng"
ERROR - 2020-06-04 17:44:10 --> Could not find the language line "Xác Nhận"
ERROR - 2020-06-04 17:44:10 --> Could not find the language line "Đóng"
ERROR - 2020-06-04 17:44:10 --> Could not find the language line "Tải"
ERROR - 2020-06-04 17:45:06 --> Could not find the language line "Tạo Điểm Lấy Hàng"
ERROR - 2020-06-04 17:45:06 --> Could not find the language line "Tạo Đơn Hàng"
ERROR - 2020-06-04 17:45:06 --> Could not find the language line "Tải Excel"
ERROR - 2020-06-04 17:45:06 --> Could not find the language line "Đóng"
ERROR - 2020-06-04 17:45:06 --> Could not find the language line "Xác Nhận"
ERROR - 2020-06-04 17:45:06 --> Severity: Warning --> Invalid argument supplied for foreach() /home/admin/domains/spshd.com/public_html/khachhang/application/views/app.php 162
ERROR - 2020-06-04 17:45:06 --> Severity: Warning --> Invalid argument supplied for foreach() /home/admin/domains/spshd.com/public_html/khachhang/application/views/app.php 173
ERROR - 2020-06-04 17:45:06 --> Could not find the language line "Đóng"
ERROR - 2020-06-04 17:45:06 --> Could not find the language line "Xác Nhận"
ERROR - 2020-06-04 17:45:06 --> Could not find the language line "Đóng"
ERROR - 2020-06-04 17:45:06 --> Could not find the language line "Xác Nhận"
ERROR - 2020-06-04 17:45:06 --> Could not find the language line "Đóng"
ERROR - 2020-06-04 17:45:06 --> Could not find the language line "Tải"
ERROR - 2020-06-04 17:46:13 --> Could not find the language line "Tạo Điểm Lấy Hàng"
ERROR - 2020-06-04 17:46:13 --> Could not find the language line "Tạo Đơn Hàng"
ERROR - 2020-06-04 17:46:13 --> Could not find the language line "Tải Excel"
ERROR - 2020-06-04 17:46:13 --> Could not find the language line "Đóng"
ERROR - 2020-06-04 17:46:13 --> Could not find the language line "Xác Nhận"
ERROR - 2020-06-04 17:46:13 --> Severity: Warning --> Invalid argument supplied for foreach() /home/admin/domains/spshd.com/public_html/khachhang/application/views/app.php 162
ERROR - 2020-06-04 17:46:13 --> Severity: Warning --> Invalid argument supplied for foreach() /home/admin/domains/spshd.com/public_html/khachhang/application/views/app.php 173
ERROR - 2020-06-04 17:46:13 --> Could not find the language line "Đóng"
ERROR - 2020-06-04 17:46:13 --> Could not find the language line "Xác Nhận"
ERROR - 2020-06-04 17:46:13 --> Could not find the language line "Đóng"
ERROR - 2020-06-04 17:46:13 --> Could not find the language line "Xác Nhận"
ERROR - 2020-06-04 17:46:13 --> Could not find the language line "Đóng"
ERROR - 2020-06-04 17:46:13 --> Could not find the language line "Tải"
ERROR - 2020-06-04 17:46:57 --> Could not find the language line "Tạo Điểm Lấy Hàng"
ERROR - 2020-06-04 17:46:57 --> Could not find the language line "Tạo Đơn Hàng"
ERROR - 2020-06-04 17:46:57 --> Could not find the language line "Tải Excel"
ERROR - 2020-06-04 17:46:57 --> Could not find the language line "Đóng"
ERROR - 2020-06-04 17:46:57 --> Could not find the language line "Xác Nhận"
ERROR - 2020-06-04 17:46:57 --> Severity: Warning --> Invalid argument supplied for foreach() /home/admin/domains/spshd.com/public_html/khachhang/application/views/app.php 162
ERROR - 2020-06-04 17:46:57 --> Severity: Warning --> Invalid argument supplied for foreach() /home/admin/domains/spshd.com/public_html/khachhang/application/views/app.php 173
ERROR - 2020-06-04 17:46:57 --> Could not find the language line "Đóng"
ERROR - 2020-06-04 17:46:57 --> Could not find the language line "Xác Nhận"
ERROR - 2020-06-04 17:46:57 --> Could not find the language line "Đóng"
ERROR - 2020-06-04 17:46:57 --> Could not find the language line "Xác Nhận"
ERROR - 2020-06-04 17:46:57 --> Could not find the language line "Đóng"
ERROR - 2020-06-04 17:46:57 --> Could not find the language line "Tải"
ERROR - 2020-06-04 17:48:16 --> Could not find the language line "Tạo Điểm Lấy Hàng"
ERROR - 2020-06-04 17:48:16 --> Could not find the language line "Tạo Đơn Hàng"
ERROR - 2020-06-04 17:48:16 --> Could not find the language line "Tải Excel"
ERROR - 2020-06-04 17:48:16 --> Could not find the language line "Đóng"
ERROR - 2020-06-04 17:48:16 --> Could not find the language line "Xác Nhận"
ERROR - 2020-06-04 17:48:16 --> Severity: Warning --> Invalid argument supplied for foreach() /home/admin/domains/spshd.com/public_html/khachhang/application/views/app.php 162
ERROR - 2020-06-04 17:48:16 --> Severity: Warning --> Invalid argument supplied for foreach() /home/admin/domains/spshd.com/public_html/khachhang/application/views/app.php 173
ERROR - 2020-06-04 17:48:16 --> Could not find the language line "Đóng"
ERROR - 2020-06-04 17:48:16 --> Could not find the language line "Xác Nhận"
ERROR - 2020-06-04 17:48:16 --> Could not find the language line "Đóng"
ERROR - 2020-06-04 17:48:16 --> Could not find the language line "Xác Nhận"
ERROR - 2020-06-04 17:48:16 --> Could not find the language line "Đóng"
ERROR - 2020-06-04 17:48:16 --> Could not find the language line "Tải"
ERROR - 2020-06-04 17:48:44 --> Could not find the language line "Tạo Điểm Lấy Hàng"
ERROR - 2020-06-04 17:48:44 --> Could not find the language line "Tạo Đơn Hàng"
ERROR - 2020-06-04 17:48:44 --> Could not find the language line "Tải Excel"
ERROR - 2020-06-04 17:48:44 --> Could not find the language line "Đóng"
ERROR - 2020-06-04 17:48:44 --> Could not find the language line "Xác Nhận"
ERROR - 2020-06-04 17:48:44 --> Severity: Warning --> Invalid argument supplied for foreach() /home/admin/domains/spshd.com/public_html/khachhang/application/views/app.php 162
ERROR - 2020-06-04 17:48:44 --> Severity: Warning --> Invalid argument supplied for foreach() /home/admin/domains/spshd.com/public_html/khachhang/application/views/app.php 173
ERROR - 2020-06-04 17:48:44 --> Could not find the language line "Đóng"
ERROR - 2020-06-04 17:48:44 --> Could not find the language line "Xác Nhận"
ERROR - 2020-06-04 17:48:44 --> Could not find the language line "Đóng"
ERROR - 2020-06-04 17:48:44 --> Could not find the language line "Xác Nhận"
ERROR - 2020-06-04 17:48:44 --> Could not find the language line "Đóng"
ERROR - 2020-06-04 17:48:44 --> Could not find the language line "Tải"
ERROR - 2020-06-04 17:51:23 --> Could not find the language line "Tạo Điểm Lấy Hàng"
ERROR - 2020-06-04 17:51:23 --> Could not find the language line "Tạo Đơn Hàng"
ERROR - 2020-06-04 17:51:23 --> Could not find the language line "Tải Excel"
ERROR - 2020-06-04 17:51:23 --> Could not find the language line "Đóng"
ERROR - 2020-06-04 17:51:23 --> Could not find the language line "Xác Nhận"
ERROR - 2020-06-04 17:51:23 --> Severity: Warning --> Invalid argument supplied for foreach() /home/admin/domains/spshd.com/public_html/khachhang/application/views/app.php 162
ERROR - 2020-06-04 17:51:23 --> Severity: Warning --> Invalid argument supplied for foreach() /home/admin/domains/spshd.com/public_html/khachhang/application/views/app.php 173
ERROR - 2020-06-04 17:51:23 --> Could not find the language line "Đóng"
ERROR - 2020-06-04 17:51:23 --> Could not find the language line "Xác Nhận"
ERROR - 2020-06-04 17:51:23 --> Could not find the language line "Đóng"
ERROR - 2020-06-04 17:51:23 --> Could not find the language line "Xác Nhận"
ERROR - 2020-06-04 17:51:23 --> Could not find the language line "Đóng"
ERROR - 2020-06-04 17:51:23 --> Could not find the language line "Tải"
ERROR - 2020-06-04 17:53:07 --> Could not find the language line "Tạo Điểm Lấy Hàng"
ERROR - 2020-06-04 17:53:07 --> Could not find the language line "Tạo Đơn Hàng"
ERROR - 2020-06-04 17:53:07 --> Could not find the language line "Tải Excel"
ERROR - 2020-06-04 17:53:07 --> Could not find the language line "Đóng"
ERROR - 2020-06-04 17:53:07 --> Could not find the language line "Xác Nhận"
ERROR - 2020-06-04 17:53:07 --> Severity: Warning --> Invalid argument supplied for foreach() /home/admin/domains/spshd.com/public_html/khachhang/application/views/app.php 162
ERROR - 2020-06-04 17:53:07 --> Severity: Warning --> Invalid argument supplied for foreach() /home/admin/domains/spshd.com/public_html/khachhang/application/views/app.php 173
ERROR - 2020-06-04 17:53:07 --> Could not find the language line "Đóng"
ERROR - 2020-06-04 17:53:07 --> Could not find the language line "Xác Nhận"
ERROR - 2020-06-04 17:53:07 --> Could not find the language line "Đóng"
ERROR - 2020-06-04 17:53:07 --> Could not find the language line "Xác Nhận"
ERROR - 2020-06-04 17:53:07 --> Could not find the language line "Đóng"
ERROR - 2020-06-04 17:53:07 --> Could not find the language line "Tải"
ERROR - 2020-06-04 17:53:38 --> Could not find the language line "Tạo Điểm Lấy Hàng"
ERROR - 2020-06-04 17:53:38 --> Could not find the language line "Tạo Đơn Hàng"
ERROR - 2020-06-04 17:53:38 --> Could not find the language line "Tải Excel"
ERROR - 2020-06-04 17:53:38 --> Could not find the language line "Đóng"
ERROR - 2020-06-04 17:53:38 --> Could not find the language line "Xác Nhận"
ERROR - 2020-06-04 17:53:38 --> Severity: Warning --> Invalid argument supplied for foreach() /home/admin/domains/spshd.com/public_html/khachhang/application/views/app.php 162
ERROR - 2020-06-04 17:53:38 --> Severity: Warning --> Invalid argument supplied for foreach() /home/admin/domains/spshd.com/public_html/khachhang/application/views/app.php 173
ERROR - 2020-06-04 17:53:38 --> Could not find the language line "Đóng"
ERROR - 2020-06-04 17:53:38 --> Could not find the language line "Xác Nhận"
ERROR - 2020-06-04 17:53:38 --> Could not find the language line "Đóng"
ERROR - 2020-06-04 17:53:38 --> Could not find the language line "Xác Nhận"
ERROR - 2020-06-04 17:53:38 --> Could not find the language line "Đóng"
ERROR - 2020-06-04 17:53:38 --> Could not find the language line "Tải"
ERROR - 2020-06-04 17:54:51 --> Could not find the language line "Tạo Điểm Lấy Hàng"
ERROR - 2020-06-04 17:54:51 --> Could not find the language line "Tạo Đơn Hàng"
ERROR - 2020-06-04 17:54:51 --> Could not find the language line "Tải Excel"
ERROR - 2020-06-04 17:54:51 --> Could not find the language line "Đóng"
ERROR - 2020-06-04 17:54:51 --> Could not find the language line "Xác Nhận"
ERROR - 2020-06-04 17:54:51 --> Severity: Warning --> Invalid argument supplied for foreach() /home/admin/domains/spshd.com/public_html/khachhang/application/views/app.php 162
ERROR - 2020-06-04 17:54:51 --> Severity: Warning --> Invalid argument supplied for foreach() /home/admin/domains/spshd.com/public_html/khachhang/application/views/app.php 173
ERROR - 2020-06-04 17:54:51 --> Could not find the language line "Đóng"
ERROR - 2020-06-04 17:54:51 --> Could not find the language line "Xác Nhận"
ERROR - 2020-06-04 17:54:51 --> Could not find the language line "Đóng"
ERROR - 2020-06-04 17:54:51 --> Could not find the language line "Xác Nhận"
ERROR - 2020-06-04 17:54:51 --> Could not find the language line "Đóng"
ERROR - 2020-06-04 17:54:51 --> Could not find the language line "Tải"
ERROR - 2020-06-04 17:55:03 --> Could not find the language line "Tạo Điểm Lấy Hàng"
ERROR - 2020-06-04 17:55:03 --> Could not find the language line "Tạo Đơn Hàng"
ERROR - 2020-06-04 17:55:03 --> Could not find the language line "Tải Excel"
ERROR - 2020-06-04 17:55:03 --> Could not find the language line "Đóng"
ERROR - 2020-06-04 17:55:03 --> Could not find the language line "Xác Nhận"
ERROR - 2020-06-04 17:55:03 --> Severity: Warning --> Invalid argument supplied for foreach() /home/admin/domains/spshd.com/public_html/khachhang/application/views/app.php 162
ERROR - 2020-06-04 17:55:03 --> Severity: Warning --> Invalid argument supplied for foreach() /home/admin/domains/spshd.com/public_html/khachhang/application/views/app.php 173
ERROR - 2020-06-04 17:55:03 --> Could not find the language line "Đóng"
ERROR - 2020-06-04 17:55:03 --> Could not find the language line "Xác Nhận"
ERROR - 2020-06-04 17:55:03 --> Could not find the language line "Đóng"
ERROR - 2020-06-04 17:55:03 --> Could not find the language line "Xác Nhận"
ERROR - 2020-06-04 17:55:03 --> Could not find the language line "Đóng"
ERROR - 2020-06-04 17:55:03 --> Could not find the language line "Tải"
ERROR - 2020-06-04 18:18:44 --> Could not find the language line "Tạo Điểm Lấy Hàng"
ERROR - 2020-06-04 18:18:44 --> Could not find the language line "Tạo Đơn Hàng"
ERROR - 2020-06-04 18:18:44 --> Could not find the language line "Tải Excel"
ERROR - 2020-06-04 18:18:44 --> Could not find the language line "Đóng"
ERROR - 2020-06-04 18:18:44 --> Could not find the language line "Xác Nhận"
ERROR - 2020-06-04 18:18:44 --> Severity: Warning --> Invalid argument supplied for foreach() /home/admin/domains/spshd.com/public_html/khachhang/application/views/app.php 162
ERROR - 2020-06-04 18:18:44 --> Severity: Warning --> Invalid argument supplied for foreach() /home/admin/domains/spshd.com/public_html/khachhang/application/views/app.php 173
ERROR - 2020-06-04 18:18:44 --> Could not find the language line "Đóng"
ERROR - 2020-06-04 18:18:44 --> Could not find the language line "Xác Nhận"
ERROR - 2020-06-04 18:18:44 --> Could not find the language line "Đóng"
ERROR - 2020-06-04 18:18:44 --> Could not find the language line "Xác Nhận"
ERROR - 2020-06-04 18:18:44 --> Could not find the language line "Đóng"
ERROR - 2020-06-04 18:18:44 --> Could not find the language line "Tải"
ERROR - 2020-06-04 18:27:27 --> Could not find the language line "Tạo Điểm Lấy Hàng"
ERROR - 2020-06-04 18:27:27 --> Could not find the language line "Tạo Đơn Hàng"
ERROR - 2020-06-04 18:27:27 --> Could not find the language line "Tải Excel"
ERROR - 2020-06-04 18:27:27 --> Could not find the language line "Đóng"
ERROR - 2020-06-04 18:27:27 --> Could not find the language line "Xác Nhận"
ERROR - 2020-06-04 18:27:27 --> Severity: Warning --> Invalid argument supplied for foreach() /home/admin/domains/spshd.com/public_html/khachhang/application/views/app.php 162
ERROR - 2020-06-04 18:27:27 --> Severity: Warning --> Invalid argument supplied for foreach() /home/admin/domains/spshd.com/public_html/khachhang/application/views/app.php 173
ERROR - 2020-06-04 18:27:27 --> Could not find the language line "Đóng"
ERROR - 2020-06-04 18:27:27 --> Could not find the language line "Xác Nhận"
ERROR - 2020-06-04 18:27:27 --> Could not find the language line "Đóng"
ERROR - 2020-06-04 18:27:27 --> Could not find the language line "Xác Nhận"
ERROR - 2020-06-04 18:27:27 --> Could not find the language line "Đóng"
ERROR - 2020-06-04 18:27:27 --> Could not find the language line "Tải"
ERROR - 2020-06-04 12:39:50 --> Could not find the language line "Email"
ERROR - 2020-06-04 12:39:50 --> Could not find the language line "password"
ERROR - 2020-06-04 18:41:40 --> Could not find the language line "Tạo Điểm Lấy Hàng"
ERROR - 2020-06-04 18:41:40 --> Could not find the language line "Tạo Đơn Hàng"
ERROR - 2020-06-04 18:41:40 --> Could not find the language line "Tải Excel"
ERROR - 2020-06-04 18:41:40 --> Could not find the language line "Đóng"
ERROR - 2020-06-04 18:41:40 --> Could not find the language line "Xác Nhận"
ERROR - 2020-06-04 18:41:40 --> Severity: Warning --> Invalid argument supplied for foreach() /home/admin/domains/spshd.com/public_html/khachhang/application/views/app.php 162
ERROR - 2020-06-04 18:41:40 --> Severity: Warning --> Invalid argument supplied for foreach() /home/admin/domains/spshd.com/public_html/khachhang/application/views/app.php 173
ERROR - 2020-06-04 18:41:40 --> Could not find the language line "Đóng"
ERROR - 2020-06-04 18:41:40 --> Could not find the language line "Xác Nhận"
ERROR - 2020-06-04 18:41:40 --> Could not find the language line "Đóng"
ERROR - 2020-06-04 18:41:40 --> Could not find the language line "Xác Nhận"
ERROR - 2020-06-04 18:41:40 --> Could not find the language line "Đóng"
ERROR - 2020-06-04 18:41:40 --> Could not find the language line "Tải"
ERROR - 2020-06-04 20:01:01 --> Could not find the language line "Tạo Điểm Lấy Hàng"
ERROR - 2020-06-04 20:01:01 --> Could not find the language line "Tạo Đơn Hàng"
ERROR - 2020-06-04 20:01:01 --> Could not find the language line "Tải Excel"
ERROR - 2020-06-04 20:01:01 --> Could not find the language line "Đóng"
ERROR - 2020-06-04 20:01:01 --> Could not find the language line "Xác Nhận"
ERROR - 2020-06-04 20:01:01 --> Severity: Warning --> Invalid argument supplied for foreach() /home/admin/domains/spshd.com/public_html/khachhang/application/views/app.php 162
ERROR - 2020-06-04 20:01:01 --> Severity: Warning --> Invalid argument supplied for foreach() /home/admin/domains/spshd.com/public_html/khachhang/application/views/app.php 173
ERROR - 2020-06-04 20:01:01 --> Could not find the language line "Đóng"
ERROR - 2020-06-04 20:01:01 --> Could not find the language line "Xác Nhận"
ERROR - 2020-06-04 20:01:01 --> Could not find the language line "Đóng"
ERROR - 2020-06-04 20:01:01 --> Could not find the language line "Xác Nhận"
ERROR - 2020-06-04 20:01:01 --> Could not find the language line "Đóng"
ERROR - 2020-06-04 20:01:01 --> Could not find the language line "Tải"
ERROR - 2020-06-04 14:18:18 --> Could not find the language line "Email"
ERROR - 2020-06-04 14:18:18 --> Could not find the language line "password"
ERROR - 2020-06-04 20:18:55 --> Could not find the language line "Tạo Điểm Lấy Hàng"
ERROR - 2020-06-04 20:18:55 --> Could not find the language line "Tạo Đơn Hàng"
ERROR - 2020-06-04 20:18:55 --> Could not find the language line "Tải Excel"
ERROR - 2020-06-04 20:18:55 --> Could not find the language line "Đóng"
ERROR - 2020-06-04 20:18:55 --> Could not find the language line "Xác Nhận"
ERROR - 2020-06-04 20:18:55 --> Severity: Warning --> Invalid argument supplied for foreach() /home/admin/domains/spshd.com/public_html/khachhang/application/views/app.php 162
ERROR - 2020-06-04 20:18:55 --> Severity: Warning --> Invalid argument supplied for foreach() /home/admin/domains/spshd.com/public_html/khachhang/application/views/app.php 173
ERROR - 2020-06-04 20:18:55 --> Could not find the language line "Đóng"
ERROR - 2020-06-04 20:18:55 --> Could not find the language line "Xác Nhận"
ERROR - 2020-06-04 20:18:55 --> Could not find the language line "Đóng"
ERROR - 2020-06-04 20:18:55 --> Could not find the language line "Xác Nhận"
ERROR - 2020-06-04 20:18:55 --> Could not find the language line "Đóng"
ERROR - 2020-06-04 20:18:55 --> Could not find the language line "Tải"
ERROR - 2020-06-04 14:20:03 --> Could not find the language line "Email"
ERROR - 2020-06-04 14:20:03 --> Could not find the language line "password"
ERROR - 2020-06-04 20:32:42 --> Could not find the language line "Tạo Điểm Lấy Hàng"
ERROR - 2020-06-04 20:32:42 --> Could not find the language line "Tạo Đơn Hàng"
ERROR - 2020-06-04 20:32:42 --> Could not find the language line "Tải Excel"
ERROR - 2020-06-04 20:32:42 --> Could not find the language line "Đóng"
ERROR - 2020-06-04 20:32:42 --> Could not find the language line "Xác Nhận"
ERROR - 2020-06-04 20:32:42 --> Severity: Warning --> Invalid argument supplied for foreach() /home/admin/domains/spshd.com/public_html/khachhang/application/views/app.php 162
ERROR - 2020-06-04 20:32:42 --> Severity: Warning --> Invalid argument supplied for foreach() /home/admin/domains/spshd.com/public_html/khachhang/application/views/app.php 173
ERROR - 2020-06-04 20:32:42 --> Could not find the language line "Đóng"
ERROR - 2020-06-04 20:32:42 --> Could not find the language line "Xác Nhận"
ERROR - 2020-06-04 20:32:42 --> Could not find the language line "Đóng"
ERROR - 2020-06-04 20:32:42 --> Could not find the language line "Xác Nhận"
ERROR - 2020-06-04 20:32:42 --> Could not find the language line "Đóng"
ERROR - 2020-06-04 20:32:42 --> Could not find the language line "Tải"
ERROR - 2020-06-04 20:41:34 --> Could not find the language line "Tạo Điểm Lấy Hàng"
ERROR - 2020-06-04 20:41:34 --> Could not find the language line "Tạo Đơn Hàng"
ERROR - 2020-06-04 20:41:34 --> Could not find the language line "Tải Excel"
ERROR - 2020-06-04 20:41:34 --> Could not find the language line "Đóng"
ERROR - 2020-06-04 20:41:34 --> Could not find the language line "Xác Nhận"
ERROR - 2020-06-04 20:41:34 --> Severity: Warning --> Invalid argument supplied for foreach() /home/admin/domains/spshd.com/public_html/khachhang/application/views/app.php 162
ERROR - 2020-06-04 20:41:34 --> Severity: Warning --> Invalid argument supplied for foreach() /home/admin/domains/spshd.com/public_html/khachhang/application/views/app.php 173
ERROR - 2020-06-04 20:41:34 --> Could not find the language line "Đóng"
ERROR - 2020-06-04 20:41:34 --> Could not find the language line "Xác Nhận"
ERROR - 2020-06-04 20:41:34 --> Could not find the language line "Đóng"
ERROR - 2020-06-04 20:41:34 --> Could not find the language line "Xác Nhận"
ERROR - 2020-06-04 20:41:34 --> Could not find the language line "Đóng"
ERROR - 2020-06-04 20:41:34 --> Could not find the language line "Tải"
ERROR - 2020-06-04 21:09:12 --> Could not find the language line "Tạo Điểm Lấy Hàng"
ERROR - 2020-06-04 21:09:12 --> Could not find the language line "Tạo Đơn Hàng"
ERROR - 2020-06-04 21:09:12 --> Could not find the language line "Tải Excel"
ERROR - 2020-06-04 21:09:12 --> Could not find the language line "Đóng"
ERROR - 2020-06-04 21:09:12 --> Could not find the language line "Xác Nhận"
ERROR - 2020-06-04 21:09:12 --> Severity: Warning --> Invalid argument supplied for foreach() /home/admin/domains/spshd.com/public_html/khachhang/application/views/app.php 162
ERROR - 2020-06-04 21:09:12 --> Severity: Warning --> Invalid argument supplied for foreach() /home/admin/domains/spshd.com/public_html/khachhang/application/views/app.php 173
ERROR - 2020-06-04 21:09:12 --> Could not find the language line "Đóng"
ERROR - 2020-06-04 21:09:12 --> Could not find the language line "Xác Nhận"
ERROR - 2020-06-04 21:09:12 --> Could not find the language line "Đóng"
ERROR - 2020-06-04 21:09:12 --> Could not find the language line "Xác Nhận"
ERROR - 2020-06-04 21:09:12 --> Could not find the language line "Đóng"
ERROR - 2020-06-04 21:09:12 --> Could not find the language line "Tải"
ERROR - 2020-06-04 15:38:12 --> Could not find the language line "Email"
ERROR - 2020-06-04 15:38:12 --> Could not find the language line "password"
ERROR - 2020-06-04 21:48:44 --> Could not find the language line "Tạo Điểm Lấy Hàng"
ERROR - 2020-06-04 21:48:44 --> Could not find the language line "Tạo Đơn Hàng"
ERROR - 2020-06-04 21:48:44 --> Could not find the language line "Tải Excel"
ERROR - 2020-06-04 21:48:44 --> Could not find the language line "Đóng"
ERROR - 2020-06-04 21:48:44 --> Could not find the language line "Xác Nhận"
ERROR - 2020-06-04 21:48:44 --> Severity: Warning --> Invalid argument supplied for foreach() /home/admin/domains/spshd.com/public_html/khachhang/application/views/app.php 162
ERROR - 2020-06-04 21:48:44 --> Severity: Warning --> Invalid argument supplied for foreach() /home/admin/domains/spshd.com/public_html/khachhang/application/views/app.php 173
ERROR - 2020-06-04 21:48:44 --> Could not find the language line "Đóng"
ERROR - 2020-06-04 21:48:44 --> Could not find the language line "Xác Nhận"
ERROR - 2020-06-04 21:48:44 --> Could not find the language line "Đóng"
ERROR - 2020-06-04 21:48:44 --> Could not find the language line "Xác Nhận"
ERROR - 2020-06-04 21:48:44 --> Could not find the language line "Đóng"
ERROR - 2020-06-04 21:48:44 --> Could not find the language line "Tải"
