ERROR - 2020-03-02 03:25:40 --> Could not find the language line "Tạo Điểm Lấy Hàng"
ERROR - 2020-03-02 03:25:40 --> Could not find the language line "Tạo Đơn Hàng"
ERROR - 2020-03-02 03:25:40 --> Severity: Warning --> Invalid argument supplied for foreach() /home/admin/domains/spshd.com/public_html/khachhang/application/views/tab4.php 394
ERROR - 2020-03-02 03:25:40 --> Could not find the language line "Đóng"
ERROR - 2020-03-02 03:25:40 --> Could not find the language line "Xác Nhận"
ERROR - 2020-03-02 03:25:40 --> Severity: Warning --> Invalid argument supplied for foreach() /home/admin/domains/spshd.com/public_html/khachhang/application/views/app.php 157
ERROR - 2020-03-02 03:25:40 --> Severity: Warning --> Invalid argument supplied for foreach() /home/admin/domains/spshd.com/public_html/khachhang/application/views/app.php 168
ERROR - 2020-03-02 03:25:40 --> Could not find the language line "Đóng"
ERROR - 2020-03-02 03:25:40 --> Could not find the language line "Xác Nhận"
ERROR - 2020-03-02 03:25:40 --> Could not find the language line "Đóng"
ERROR - 2020-03-02 03:25:40 --> Could not find the language line "Xác Nhận"
ERROR - 2020-03-02 03:27:03 --> Could not find the language line "Tạo Điểm Lấy Hàng"
ERROR - 2020-03-02 03:27:03 --> Could not find the language line "Tạo Đơn Hàng"
ERROR - 2020-03-02 03:27:03 --> Severity: Warning --> Invalid argument supplied for foreach() /home/admin/domains/spshd.com/public_html/khachhang/application/views/tab4.php 394
ERROR - 2020-03-02 03:27:03 --> Could not find the language line "Đóng"
ERROR - 2020-03-02 03:27:03 --> Could not find the language line "Xác Nhận"
ERROR - 2020-03-02 03:27:03 --> Severity: Warning --> Invalid argument supplied for foreach() /home/admin/domains/spshd.com/public_html/khachhang/application/views/app.php 157
ERROR - 2020-03-02 03:27:03 --> Severity: Warning --> Invalid argument supplied for foreach() /home/admin/domains/spshd.com/public_html/khachhang/application/views/app.php 168
ERROR - 2020-03-02 03:27:03 --> Could not find the language line "Đóng"
ERROR - 2020-03-02 03:27:03 --> Could not find the language line "Xác Nhận"
ERROR - 2020-03-02 03:27:03 --> Could not find the language line "Đóng"
ERROR - 2020-03-02 03:27:03 --> Could not find the language line "Xác Nhận"
ERROR - 2020-03-02 03:57:10 --> Could not find the language line "Tạo Điểm Lấy Hàng"
ERROR - 2020-03-02 03:57:10 --> Could not find the language line "Tạo Đơn Hàng"
ERROR - 2020-03-02 03:57:10 --> Severity: Warning --> Invalid argument supplied for foreach() /home/admin/domains/spshd.com/public_html/khachhang/application/views/tab4.php 394
ERROR - 2020-03-02 03:57:10 --> Could not find the language line "Đóng"
ERROR - 2020-03-02 03:57:10 --> Could not find the language line "Xác Nhận"
ERROR - 2020-03-02 03:57:10 --> Severity: Warning --> Invalid argument supplied for foreach() /home/admin/domains/spshd.com/public_html/khachhang/application/views/app.php 157
ERROR - 2020-03-02 03:57:10 --> Severity: Warning --> Invalid argument supplied for foreach() /home/admin/domains/spshd.com/public_html/khachhang/application/views/app.php 168
ERROR - 2020-03-02 03:57:10 --> Could not find the language line "Đóng"
ERROR - 2020-03-02 03:57:10 --> Could not find the language line "Xác Nhận"
ERROR - 2020-03-02 03:57:10 --> Could not find the language line "Đóng"
ERROR - 2020-03-02 03:57:10 --> Could not find the language line "Xác Nhận"
ERROR - 2020-03-02 04:02:57 --> Could not find the language line "Tạo Điểm Lấy Hàng"
ERROR - 2020-03-02 04:02:57 --> Could not find the language line "Tạo Đơn Hàng"
ERROR - 2020-03-02 04:02:57 --> Severity: Warning --> Invalid argument supplied for foreach() /home/admin/domains/spshd.com/public_html/khachhang/application/views/tab4.php 394
ERROR - 2020-03-02 04:02:57 --> Could not find the language line "Đóng"
ERROR - 2020-03-02 04:02:57 --> Could not find the language line "Xác Nhận"
ERROR - 2020-03-02 04:02:57 --> Severity: Warning --> Invalid argument supplied for foreach() /home/admin/domains/spshd.com/public_html/khachhang/application/views/app.php 157
ERROR - 2020-03-02 04:02:57 --> Severity: Warning --> Invalid argument supplied for foreach() /home/admin/domains/spshd.com/public_html/khachhang/application/views/app.php 168
ERROR - 2020-03-02 04:02:57 --> Could not find the language line "Đóng"
ERROR - 2020-03-02 04:02:57 --> Could not find the language line "Xác Nhận"
ERROR - 2020-03-02 04:02:57 --> Could not find the language line "Đóng"
ERROR - 2020-03-02 04:02:57 --> Could not find the language line "Xác Nhận"
ERROR - 2020-03-02 04:03:40 --> Could not find the language line "Tạo Điểm Lấy Hàng"
ERROR - 2020-03-02 04:03:40 --> Could not find the language line "Tạo Đơn Hàng"
ERROR - 2020-03-02 04:03:40 --> Severity: Warning --> Invalid argument supplied for foreach() /home/admin/domains/spshd.com/public_html/khachhang/application/views/tab4.php 394
ERROR - 2020-03-02 04:03:40 --> Could not find the language line "Đóng"
ERROR - 2020-03-02 04:03:40 --> Could not find the language line "Xác Nhận"
ERROR - 2020-03-02 04:03:40 --> Severity: Warning --> Invalid argument supplied for foreach() /home/admin/domains/spshd.com/public_html/khachhang/application/views/app.php 157
ERROR - 2020-03-02 04:03:40 --> Severity: Warning --> Invalid argument supplied for foreach() /home/admin/domains/spshd.com/public_html/khachhang/application/views/app.php 168
ERROR - 2020-03-02 04:03:40 --> Could not find the language line "Đóng"
ERROR - 2020-03-02 04:03:40 --> Could not find the language line "Xác Nhận"
ERROR - 2020-03-02 04:03:40 --> Could not find the language line "Đóng"
ERROR - 2020-03-02 04:03:40 --> Could not find the language line "Xác Nhận"
ERROR - 2020-03-02 04:15:08 --> Could not find the language line "Tạo Điểm Lấy Hàng"
ERROR - 2020-03-02 04:15:08 --> Could not find the language line "Tạo Đơn Hàng"
ERROR - 2020-03-02 04:15:08 --> Severity: Warning --> Invalid argument supplied for foreach() /home/admin/domains/spshd.com/public_html/khachhang/application/views/tab4.php 394
ERROR - 2020-03-02 04:15:08 --> Could not find the language line "Đóng"
ERROR - 2020-03-02 04:15:08 --> Could not find the language line "Xác Nhận"
ERROR - 2020-03-02 04:15:08 --> Severity: Warning --> Invalid argument supplied for foreach() /home/admin/domains/spshd.com/public_html/khachhang/application/views/app.php 157
ERROR - 2020-03-02 04:15:08 --> Severity: Warning --> Invalid argument supplied for foreach() /home/admin/domains/spshd.com/public_html/khachhang/application/views/app.php 168
ERROR - 2020-03-02 04:15:08 --> Could not find the language line "Đóng"
ERROR - 2020-03-02 04:15:08 --> Could not find the language line "Xác Nhận"
ERROR - 2020-03-02 04:15:08 --> Could not find the language line "Đóng"
ERROR - 2020-03-02 04:15:08 --> Could not find the language line "Xác Nhận"
ERROR - 2020-03-02 05:28:05 --> Could not find the language line "Tạo Điểm Lấy Hàng"
ERROR - 2020-03-02 05:28:05 --> Could not find the language line "Tạo Đơn Hàng"
ERROR - 2020-03-02 05:28:05 --> Severity: Warning --> Invalid argument supplied for foreach() /home/admin/domains/spshd.com/public_html/khachhang/application/views/tab4.php 394
ERROR - 2020-03-02 05:28:05 --> Could not find the language line "Đóng"
ERROR - 2020-03-02 05:28:05 --> Could not find the language line "Xác Nhận"
ERROR - 2020-03-02 05:28:05 --> Severity: Warning --> Invalid argument supplied for foreach() /home/admin/domains/spshd.com/public_html/khachhang/application/views/app.php 157
ERROR - 2020-03-02 05:28:05 --> Severity: Warning --> Invalid argument supplied for foreach() /home/admin/domains/spshd.com/public_html/khachhang/application/views/app.php 168
ERROR - 2020-03-02 05:28:05 --> Could not find the language line "Đóng"
ERROR - 2020-03-02 05:28:05 --> Could not find the language line "Xác Nhận"
ERROR - 2020-03-02 05:28:05 --> Could not find the language line "Đóng"
ERROR - 2020-03-02 05:28:05 --> Could not find the language line "Xác Nhận"
ERROR - 2020-03-02 06:51:50 --> Could not find the language line "Tạo Điểm Lấy Hàng"
ERROR - 2020-03-02 06:51:50 --> Could not find the language line "Tạo Đơn Hàng"
ERROR - 2020-03-02 06:51:50 --> Severity: Warning --> Invalid argument supplied for foreach() /home/admin/domains/spshd.com/public_html/khachhang/application/views/tab4.php 394
ERROR - 2020-03-02 06:51:50 --> Could not find the language line "Đóng"
ERROR - 2020-03-02 06:51:50 --> Could not find the language line "Xác Nhận"
ERROR - 2020-03-02 06:51:50 --> Severity: Warning --> Invalid argument supplied for foreach() /home/admin/domains/spshd.com/public_html/khachhang/application/views/app.php 157
ERROR - 2020-03-02 06:51:50 --> Severity: Warning --> Invalid argument supplied for foreach() /home/admin/domains/spshd.com/public_html/khachhang/application/views/app.php 168
ERROR - 2020-03-02 06:51:50 --> Could not find the language line "Đóng"
ERROR - 2020-03-02 06:51:50 --> Could not find the language line "Xác Nhận"
ERROR - 2020-03-02 06:51:50 --> Could not find the language line "Đóng"
ERROR - 2020-03-02 06:51:50 --> Could not find the language line "Xác Nhận"
ERROR - 2020-03-02 06:51:58 --> Could not find the language line "Email"
ERROR - 2020-03-02 06:51:58 --> Could not find the language line "password"
ERROR - 2020-03-02 06:52:33 --> Could not find the language line "Email"
ERROR - 2020-03-02 06:52:33 --> Could not find the language line "password"
ERROR - 2020-03-02 06:58:12 --> Could not find the language line "Email"
ERROR - 2020-03-02 06:58:12 --> Could not find the language line "password"
ERROR - 2020-03-02 09:08:30 --> Could not find the language line "Tạo Điểm Lấy Hàng"
ERROR - 2020-03-02 09:08:30 --> Could not find the language line "Tạo Đơn Hàng"
ERROR - 2020-03-02 09:08:30 --> Severity: Warning --> Invalid argument supplied for foreach() /home/admin/domains/spshd.com/public_html/khachhang/application/views/tab4.php 394
ERROR - 2020-03-02 09:08:30 --> Could not find the language line "Đóng"
ERROR - 2020-03-02 09:08:30 --> Could not find the language line "Xác Nhận"
ERROR - 2020-03-02 09:08:30 --> Severity: Warning --> Invalid argument supplied for foreach() /home/admin/domains/spshd.com/public_html/khachhang/application/views/app.php 157
ERROR - 2020-03-02 09:08:30 --> Severity: Warning --> Invalid argument supplied for foreach() /home/admin/domains/spshd.com/public_html/khachhang/application/views/app.php 168
ERROR - 2020-03-02 09:08:30 --> Could not find the language line "Đóng"
ERROR - 2020-03-02 09:08:30 --> Could not find the language line "Xác Nhận"
ERROR - 2020-03-02 09:08:30 --> Could not find the language line "Đóng"
ERROR - 2020-03-02 09:08:30 --> Could not find the language line "Xác Nhận"
ERROR - 2020-03-02 09:30:10 --> Could not find the language line "Email"
ERROR - 2020-03-02 09:30:10 --> Could not find the language line "password"
ERROR - 2020-03-02 10:03:06 --> Could not find the language line "Email"
ERROR - 2020-03-02 10:03:06 --> Could not find the language line "password"
ERROR - 2020-03-02 10:03:54 --> Could not find the language line "Email"
ERROR - 2020-03-02 10:03:54 --> Could not find the language line "password"
ERROR - 2020-03-02 10:04:58 --> Could not find the language line "Email"
ERROR - 2020-03-02 10:04:58 --> Could not find the language line "password"
ERROR - 2020-03-02 10:06:19 --> Could not find the language line "Email"
ERROR - 2020-03-02 10:06:19 --> Could not find the language line "password"
ERROR - 2020-03-02 10:08:28 --> Could not find the language line "Email"
ERROR - 2020-03-02 10:08:28 --> Could not find the language line "password"
ERROR - 2020-03-02 10:12:02 --> Could not find the language line "Tạo Điểm Lấy Hàng"
ERROR - 2020-03-02 10:12:02 --> Could not find the language line "Tạo Đơn Hàng"
ERROR - 2020-03-02 10:12:02 --> Severity: Warning --> Invalid argument supplied for foreach() /home/admin/domains/spshd.com/public_html/khachhang/application/views/tab4.php 394
ERROR - 2020-03-02 10:12:02 --> Could not find the language line "Đóng"
ERROR - 2020-03-02 10:12:02 --> Could not find the language line "Xác Nhận"
ERROR - 2020-03-02 10:12:02 --> Severity: Warning --> Invalid argument supplied for foreach() /home/admin/domains/spshd.com/public_html/khachhang/application/views/app.php 157
ERROR - 2020-03-02 10:12:02 --> Severity: Warning --> Invalid argument supplied for foreach() /home/admin/domains/spshd.com/public_html/khachhang/application/views/app.php 168
ERROR - 2020-03-02 10:12:02 --> Could not find the language line "Đóng"
ERROR - 2020-03-02 10:12:02 --> Could not find the language line "Xác Nhận"
ERROR - 2020-03-02 10:12:02 --> Could not find the language line "Đóng"
ERROR - 2020-03-02 10:12:02 --> Could not find the language line "Xác Nhận"
ERROR - 2020-03-02 10:12:04 --> Could not find the language line "Tạo Điểm Lấy Hàng"
ERROR - 2020-03-02 10:12:04 --> Could not find the language line "Tạo Đơn Hàng"
ERROR - 2020-03-02 10:12:04 --> Severity: Warning --> Invalid argument supplied for foreach() /home/admin/domains/spshd.com/public_html/khachhang/application/views/tab4.php 394
ERROR - 2020-03-02 10:12:04 --> Could not find the language line "Đóng"
ERROR - 2020-03-02 10:12:04 --> Could not find the language line "Xác Nhận"
ERROR - 2020-03-02 10:12:04 --> Severity: Warning --> Invalid argument supplied for foreach() /home/admin/domains/spshd.com/public_html/khachhang/application/views/app.php 157
ERROR - 2020-03-02 10:12:04 --> Severity: Warning --> Invalid argument supplied for foreach() /home/admin/domains/spshd.com/public_html/khachhang/application/views/app.php 168
ERROR - 2020-03-02 10:12:04 --> Could not find the language line "Đóng"
ERROR - 2020-03-02 10:12:04 --> Could not find the language line "Xác Nhận"
ERROR - 2020-03-02 10:12:04 --> Could not find the language line "Đóng"
ERROR - 2020-03-02 10:12:04 --> Could not find the language line "Xác Nhận"
ERROR - 2020-03-02 10:12:06 --> Could not find the language line "Tạo Điểm Lấy Hàng"
ERROR - 2020-03-02 10:12:06 --> Could not find the language line "Tạo Đơn Hàng"
ERROR - 2020-03-02 10:12:06 --> Severity: Warning --> Invalid argument supplied for foreach() /home/admin/domains/spshd.com/public_html/khachhang/application/views/tab4.php 394
ERROR - 2020-03-02 10:12:06 --> Could not find the language line "Đóng"
ERROR - 2020-03-02 10:12:06 --> Could not find the language line "Xác Nhận"
ERROR - 2020-03-02 10:12:06 --> Severity: Warning --> Invalid argument supplied for foreach() /home/admin/domains/spshd.com/public_html/khachhang/application/views/app.php 157
ERROR - 2020-03-02 10:12:06 --> Severity: Warning --> Invalid argument supplied for foreach() /home/admin/domains/spshd.com/public_html/khachhang/application/views/app.php 168
ERROR - 2020-03-02 10:12:06 --> Could not find the language line "Đóng"
ERROR - 2020-03-02 10:12:06 --> Could not find the language line "Xác Nhận"
ERROR - 2020-03-02 10:12:06 --> Could not find the language line "Đóng"
ERROR - 2020-03-02 10:12:06 --> Could not find the language line "Xác Nhận"
ERROR - 2020-03-02 10:12:20 --> Could not find the language line "Tạo Điểm Lấy Hàng"
ERROR - 2020-03-02 10:12:20 --> Could not find the language line "Tạo Đơn Hàng"
ERROR - 2020-03-02 10:12:20 --> Severity: Warning --> Invalid argument supplied for foreach() /home/admin/domains/spshd.com/public_html/khachhang/application/views/tab4.php 394
ERROR - 2020-03-02 10:12:20 --> Could not find the language line "Đóng"
ERROR - 2020-03-02 10:12:20 --> Could not find the language line "Xác Nhận"
ERROR - 2020-03-02 10:12:20 --> Severity: Warning --> Invalid argument supplied for foreach() /home/admin/domains/spshd.com/public_html/khachhang/application/views/app.php 157
ERROR - 2020-03-02 10:12:20 --> Severity: Warning --> Invalid argument supplied for foreach() /home/admin/domains/spshd.com/public_html/khachhang/application/views/app.php 168
ERROR - 2020-03-02 10:12:20 --> Could not find the language line "Đóng"
ERROR - 2020-03-02 10:12:20 --> Could not find the language line "Xác Nhận"
ERROR - 2020-03-02 10:12:20 --> Could not find the language line "Đóng"
ERROR - 2020-03-02 10:12:20 --> Could not find the language line "Xác Nhận"
ERROR - 2020-03-02 10:12:40 --> Could not find the language line "Tạo Điểm Lấy Hàng"
ERROR - 2020-03-02 10:12:40 --> Could not find the language line "Tạo Đơn Hàng"
ERROR - 2020-03-02 10:12:40 --> Severity: Warning --> Invalid argument supplied for foreach() /home/admin/domains/spshd.com/public_html/khachhang/application/views/tab4.php 394
ERROR - 2020-03-02 10:12:40 --> Could not find the language line "Đóng"
ERROR - 2020-03-02 10:12:40 --> Could not find the language line "Xác Nhận"
ERROR - 2020-03-02 10:12:40 --> Severity: Warning --> Invalid argument supplied for foreach() /home/admin/domains/spshd.com/public_html/khachhang/application/views/app.php 157
ERROR - 2020-03-02 10:12:40 --> Severity: Warning --> Invalid argument supplied for foreach() /home/admin/domains/spshd.com/public_html/khachhang/application/views/app.php 168
ERROR - 2020-03-02 10:12:40 --> Could not find the language line "Đóng"
ERROR - 2020-03-02 10:12:40 --> Could not find the language line "Xác Nhận"
ERROR - 2020-03-02 10:12:40 --> Could not find the language line "Đóng"
ERROR - 2020-03-02 10:12:40 --> Could not find the language line "Xác Nhận"
ERROR - 2020-03-02 10:12:52 --> Could not find the language line "Tạo Điểm Lấy Hàng"
ERROR - 2020-03-02 10:12:52 --> Could not find the language line "Tạo Đơn Hàng"
ERROR - 2020-03-02 10:12:52 --> Severity: Warning --> Invalid argument supplied for foreach() /home/admin/domains/spshd.com/public_html/khachhang/application/views/tab4.php 394
ERROR - 2020-03-02 10:12:52 --> Could not find the language line "Đóng"
ERROR - 2020-03-02 10:12:52 --> Could not find the language line "Xác Nhận"
ERROR - 2020-03-02 10:12:52 --> Severity: Warning --> Invalid argument supplied for foreach() /home/admin/domains/spshd.com/public_html/khachhang/application/views/app.php 157
ERROR - 2020-03-02 10:12:52 --> Severity: Warning --> Invalid argument supplied for foreach() /home/admin/domains/spshd.com/public_html/khachhang/application/views/app.php 168
ERROR - 2020-03-02 10:12:52 --> Could not find the language line "Đóng"
ERROR - 2020-03-02 10:12:52 --> Could not find the language line "Xác Nhận"
ERROR - 2020-03-02 10:12:52 --> Could not find the language line "Đóng"
ERROR - 2020-03-02 10:12:52 --> Could not find the language line "Xác Nhận"
ERROR - 2020-03-02 10:50:04 --> Could not find the language line "Tạo Điểm Lấy Hàng"
ERROR - 2020-03-02 10:50:04 --> Could not find the language line "Tạo Đơn Hàng"
ERROR - 2020-03-02 10:50:04 --> Severity: Warning --> Invalid argument supplied for foreach() /home/admin/domains/spshd.com/public_html/khachhang/application/views/tab4.php 394
ERROR - 2020-03-02 10:50:04 --> Could not find the language line "Đóng"
ERROR - 2020-03-02 10:50:04 --> Could not find the language line "Xác Nhận"
ERROR - 2020-03-02 10:50:04 --> Severity: Warning --> Invalid argument supplied for foreach() /home/admin/domains/spshd.com/public_html/khachhang/application/views/app.php 157
ERROR - 2020-03-02 10:50:04 --> Severity: Warning --> Invalid argument supplied for foreach() /home/admin/domains/spshd.com/public_html/khachhang/application/views/app.php 168
ERROR - 2020-03-02 10:50:04 --> Could not find the language line "Đóng"
ERROR - 2020-03-02 10:50:04 --> Could not find the language line "Xác Nhận"
ERROR - 2020-03-02 10:50:04 --> Could not find the language line "Đóng"
ERROR - 2020-03-02 10:50:04 --> Could not find the language line "Xác Nhận"
ERROR - 2020-03-02 10:53:02 --> Could not find the language line "Tạo Điểm Lấy Hàng"
ERROR - 2020-03-02 10:53:02 --> Could not find the language line "Tạo Đơn Hàng"
ERROR - 2020-03-02 10:53:02 --> Severity: Warning --> Invalid argument supplied for foreach() /home/admin/domains/spshd.com/public_html/khachhang/application/views/tab4.php 394
ERROR - 2020-03-02 10:53:02 --> Could not find the language line "Đóng"
ERROR - 2020-03-02 10:53:02 --> Could not find the language line "Xác Nhận"
ERROR - 2020-03-02 10:53:02 --> Severity: Warning --> Invalid argument supplied for foreach() /home/admin/domains/spshd.com/public_html/khachhang/application/views/app.php 157
ERROR - 2020-03-02 10:53:02 --> Severity: Warning --> Invalid argument supplied for foreach() /home/admin/domains/spshd.com/public_html/khachhang/application/views/app.php 168
ERROR - 2020-03-02 10:53:02 --> Could not find the language line "Đóng"
ERROR - 2020-03-02 10:53:02 --> Could not find the language line "Xác Nhận"
ERROR - 2020-03-02 10:53:02 --> Could not find the language line "Đóng"
ERROR - 2020-03-02 10:53:02 --> Could not find the language line "Xác Nhận"
ERROR - 2020-03-02 11:11:06 --> Could not find the language line "Tạo Điểm Lấy Hàng"
ERROR - 2020-03-02 11:11:06 --> Could not find the language line "Tạo Đơn Hàng"
ERROR - 2020-03-02 11:11:06 --> Severity: Warning --> Invalid argument supplied for foreach() /home/admin/domains/spshd.com/public_html/khachhang/application/views/tab4.php 394
ERROR - 2020-03-02 11:11:06 --> Could not find the language line "Đóng"
ERROR - 2020-03-02 11:11:06 --> Could not find the language line "Xác Nhận"
ERROR - 2020-03-02 11:11:06 --> Severity: Warning --> Invalid argument supplied for foreach() /home/admin/domains/spshd.com/public_html/khachhang/application/views/app.php 157
ERROR - 2020-03-02 11:11:06 --> Severity: Warning --> Invalid argument supplied for foreach() /home/admin/domains/spshd.com/public_html/khachhang/application/views/app.php 168
ERROR - 2020-03-02 11:11:06 --> Could not find the language line "Đóng"
ERROR - 2020-03-02 11:11:06 --> Could not find the language line "Xác Nhận"
ERROR - 2020-03-02 11:11:06 --> Could not find the language line "Đóng"
ERROR - 2020-03-02 11:11:06 --> Could not find the language line "Xác Nhận"
ERROR - 2020-03-02 11:46:23 --> Could not find the language line "Tạo Điểm Lấy Hàng"
ERROR - 2020-03-02 11:46:23 --> Could not find the language line "Tạo Đơn Hàng"
ERROR - 2020-03-02 11:46:23 --> Severity: Warning --> Invalid argument supplied for foreach() /home/admin/domains/spshd.com/public_html/khachhang/application/views/tab4.php 394
ERROR - 2020-03-02 11:46:23 --> Could not find the language line "Đóng"
ERROR - 2020-03-02 11:46:23 --> Could not find the language line "Xác Nhận"
ERROR - 2020-03-02 11:46:23 --> Severity: Warning --> Invalid argument supplied for foreach() /home/admin/domains/spshd.com/public_html/khachhang/application/views/app.php 157
ERROR - 2020-03-02 11:46:23 --> Severity: Warning --> Invalid argument supplied for foreach() /home/admin/domains/spshd.com/public_html/khachhang/application/views/app.php 168
ERROR - 2020-03-02 11:46:23 --> Could not find the language line "Đóng"
ERROR - 2020-03-02 11:46:23 --> Could not find the language line "Xác Nhận"
ERROR - 2020-03-02 11:46:23 --> Could not find the language line "Đóng"
ERROR - 2020-03-02 11:46:23 --> Could not find the language line "Xác Nhận"
ERROR - 2020-03-02 11:46:53 --> Could not find the language line "Tạo Điểm Lấy Hàng"
ERROR - 2020-03-02 11:46:53 --> Could not find the language line "Tạo Đơn Hàng"
ERROR - 2020-03-02 11:46:53 --> Severity: Warning --> Invalid argument supplied for foreach() /home/admin/domains/spshd.com/public_html/khachhang/application/views/tab4.php 394
ERROR - 2020-03-02 11:46:53 --> Could not find the language line "Đóng"
ERROR - 2020-03-02 11:46:53 --> Could not find the language line "Xác Nhận"
ERROR - 2020-03-02 11:46:53 --> Severity: Warning --> Invalid argument supplied for foreach() /home/admin/domains/spshd.com/public_html/khachhang/application/views/app.php 157
ERROR - 2020-03-02 11:46:53 --> Severity: Warning --> Invalid argument supplied for foreach() /home/admin/domains/spshd.com/public_html/khachhang/application/views/app.php 168
ERROR - 2020-03-02 11:46:53 --> Could not find the language line "Đóng"
ERROR - 2020-03-02 11:46:53 --> Could not find the language line "Xác Nhận"
ERROR - 2020-03-02 11:46:53 --> Could not find the language line "Đóng"
ERROR - 2020-03-02 11:46:53 --> Could not find the language line "Xác Nhận"
ERROR - 2020-03-02 12:53:38 --> Could not find the language line "Tạo Điểm Lấy Hàng"
ERROR - 2020-03-02 12:53:38 --> Could not find the language line "Tạo Đơn Hàng"
ERROR - 2020-03-02 12:53:38 --> Severity: Warning --> Invalid argument supplied for foreach() /home/admin/domains/spshd.com/public_html/khachhang/application/views/tab4.php 394
ERROR - 2020-03-02 12:53:38 --> Could not find the language line "Đóng"
ERROR - 2020-03-02 12:53:38 --> Could not find the language line "Xác Nhận"
ERROR - 2020-03-02 12:53:38 --> Severity: Warning --> Invalid argument supplied for foreach() /home/admin/domains/spshd.com/public_html/khachhang/application/views/app.php 157
ERROR - 2020-03-02 12:53:38 --> Severity: Warning --> Invalid argument supplied for foreach() /home/admin/domains/spshd.com/public_html/khachhang/application/views/app.php 168
ERROR - 2020-03-02 12:53:38 --> Could not find the language line "Đóng"
ERROR - 2020-03-02 12:53:38 --> Could not find the language line "Xác Nhận"
ERROR - 2020-03-02 12:53:38 --> Could not find the language line "Đóng"
ERROR - 2020-03-02 12:53:38 --> Could not find the language line "Xác Nhận"
ERROR - 2020-03-02 13:29:02 --> Could not find the language line "Email"
ERROR - 2020-03-02 13:29:02 --> Could not find the language line "password"
ERROR - 2020-03-02 14:19:02 --> Could not find the language line "Tạo Điểm Lấy Hàng"
ERROR - 2020-03-02 14:19:02 --> Could not find the language line "Tạo Đơn Hàng"
ERROR - 2020-03-02 14:19:02 --> Severity: Warning --> Invalid argument supplied for foreach() /home/admin/domains/spshd.com/public_html/khachhang/application/views/tab4.php 394
ERROR - 2020-03-02 14:19:02 --> Could not find the language line "Đóng"
ERROR - 2020-03-02 14:19:02 --> Could not find the language line "Xác Nhận"
ERROR - 2020-03-02 14:19:02 --> Severity: Warning --> Invalid argument supplied for foreach() /home/admin/domains/spshd.com/public_html/khachhang/application/views/app.php 157
ERROR - 2020-03-02 14:19:02 --> Severity: Warning --> Invalid argument supplied for foreach() /home/admin/domains/spshd.com/public_html/khachhang/application/views/app.php 168
ERROR - 2020-03-02 14:19:02 --> Could not find the language line "Đóng"
ERROR - 2020-03-02 14:19:02 --> Could not find the language line "Xác Nhận"
ERROR - 2020-03-02 14:19:02 --> Could not find the language line "Đóng"
ERROR - 2020-03-02 14:19:02 --> Could not find the language line "Xác Nhận"
