ERROR - 2020-04-22 07:37:05 --> Could not find the language line "Tạo Điểm Lấy Hàng"
ERROR - 2020-04-22 07:37:05 --> Could not find the language line "Tạo Đơn Hàng"
ERROR - 2020-04-22 07:37:05 --> Could not find the language line "Tải Excel"
ERROR - 2020-04-22 07:37:05 --> Could not find the language line "Đóng"
ERROR - 2020-04-22 07:37:05 --> Could not find the language line "Xác Nhận"
ERROR - 2020-04-22 07:37:05 --> Severity: Warning --> Invalid argument supplied for foreach() /home/admin/domains/spshd.com/public_html/khachhang/application/views/app.php 161
ERROR - 2020-04-22 07:37:05 --> Severity: Warning --> Invalid argument supplied for foreach() /home/admin/domains/spshd.com/public_html/khachhang/application/views/app.php 172
ERROR - 2020-04-22 07:37:05 --> Could not find the language line "Đóng"
ERROR - 2020-04-22 07:37:05 --> Could not find the language line "Xác Nhận"
ERROR - 2020-04-22 07:37:05 --> Could not find the language line "Đóng"
ERROR - 2020-04-22 07:37:05 --> Could not find the language line "Xác Nhận"
ERROR - 2020-04-22 07:37:05 --> Could not find the language line "Đóng"
ERROR - 2020-04-22 07:37:05 --> Could not find the language line "Tải"
ERROR - 2020-04-22 07:43:44 --> Could not find the language line "Tạo Điểm Lấy Hàng"
ERROR - 2020-04-22 07:43:44 --> Could not find the language line "Tạo Đơn Hàng"
ERROR - 2020-04-22 07:43:44 --> Could not find the language line "Tải Excel"
ERROR - 2020-04-22 07:43:44 --> Could not find the language line "Đóng"
ERROR - 2020-04-22 07:43:44 --> Could not find the language line "Xác Nhận"
ERROR - 2020-04-22 07:43:44 --> Severity: Warning --> Invalid argument supplied for foreach() /home/admin/domains/spshd.com/public_html/khachhang/application/views/app.php 161
ERROR - 2020-04-22 07:43:44 --> Severity: Warning --> Invalid argument supplied for foreach() /home/admin/domains/spshd.com/public_html/khachhang/application/views/app.php 172
ERROR - 2020-04-22 07:43:44 --> Could not find the language line "Đóng"
ERROR - 2020-04-22 07:43:44 --> Could not find the language line "Xác Nhận"
ERROR - 2020-04-22 07:43:44 --> Could not find the language line "Đóng"
ERROR - 2020-04-22 07:43:44 --> Could not find the language line "Xác Nhận"
ERROR - 2020-04-22 07:43:44 --> Could not find the language line "Đóng"
ERROR - 2020-04-22 07:43:44 --> Could not find the language line "Tải"
ERROR - 2020-04-22 08:18:35 --> Could not find the language line "Tạo Điểm Lấy Hàng"
ERROR - 2020-04-22 08:18:35 --> Could not find the language line "Tạo Đơn Hàng"
ERROR - 2020-04-22 08:18:35 --> Could not find the language line "Tải Excel"
ERROR - 2020-04-22 08:18:35 --> Could not find the language line "Đóng"
ERROR - 2020-04-22 08:18:35 --> Could not find the language line "Xác Nhận"
ERROR - 2020-04-22 08:18:35 --> Severity: Warning --> Invalid argument supplied for foreach() /home/admin/domains/spshd.com/public_html/khachhang/application/views/app.php 161
ERROR - 2020-04-22 08:18:35 --> Severity: Warning --> Invalid argument supplied for foreach() /home/admin/domains/spshd.com/public_html/khachhang/application/views/app.php 172
ERROR - 2020-04-22 08:18:35 --> Could not find the language line "Đóng"
ERROR - 2020-04-22 08:18:35 --> Could not find the language line "Xác Nhận"
ERROR - 2020-04-22 08:18:35 --> Could not find the language line "Đóng"
ERROR - 2020-04-22 08:18:35 --> Could not find the language line "Xác Nhận"
ERROR - 2020-04-22 08:18:35 --> Could not find the language line "Đóng"
ERROR - 2020-04-22 08:18:35 --> Could not find the language line "Tải"
ERROR - 2020-04-22 08:33:40 --> Could not find the language line "Tạo Điểm Lấy Hàng"
ERROR - 2020-04-22 08:33:40 --> Could not find the language line "Tạo Đơn Hàng"
ERROR - 2020-04-22 08:33:40 --> Could not find the language line "Tải Excel"
ERROR - 2020-04-22 08:33:40 --> Could not find the language line "Đóng"
ERROR - 2020-04-22 08:33:40 --> Could not find the language line "Xác Nhận"
ERROR - 2020-04-22 08:33:40 --> Severity: Warning --> Invalid argument supplied for foreach() /home/admin/domains/spshd.com/public_html/khachhang/application/views/app.php 161
ERROR - 2020-04-22 08:33:40 --> Severity: Warning --> Invalid argument supplied for foreach() /home/admin/domains/spshd.com/public_html/khachhang/application/views/app.php 172
ERROR - 2020-04-22 08:33:40 --> Could not find the language line "Đóng"
ERROR - 2020-04-22 08:33:40 --> Could not find the language line "Xác Nhận"
ERROR - 2020-04-22 08:33:40 --> Could not find the language line "Đóng"
ERROR - 2020-04-22 08:33:40 --> Could not find the language line "Xác Nhận"
ERROR - 2020-04-22 08:33:40 --> Could not find the language line "Đóng"
ERROR - 2020-04-22 08:33:40 --> Could not find the language line "Tải"
ERROR - 2020-04-22 08:34:48 --> Could not find the language line "Tạo Điểm Lấy Hàng"
ERROR - 2020-04-22 08:34:48 --> Could not find the language line "Tạo Đơn Hàng"
ERROR - 2020-04-22 08:34:48 --> Could not find the language line "Tải Excel"
ERROR - 2020-04-22 08:34:48 --> Could not find the language line "Đóng"
ERROR - 2020-04-22 08:34:48 --> Could not find the language line "Xác Nhận"
ERROR - 2020-04-22 08:34:48 --> Severity: Warning --> Invalid argument supplied for foreach() /home/admin/domains/spshd.com/public_html/khachhang/application/views/app.php 161
ERROR - 2020-04-22 08:34:48 --> Severity: Warning --> Invalid argument supplied for foreach() /home/admin/domains/spshd.com/public_html/khachhang/application/views/app.php 172
ERROR - 2020-04-22 08:34:48 --> Could not find the language line "Đóng"
ERROR - 2020-04-22 08:34:48 --> Could not find the language line "Xác Nhận"
ERROR - 2020-04-22 08:34:48 --> Could not find the language line "Đóng"
ERROR - 2020-04-22 08:34:48 --> Could not find the language line "Xác Nhận"
ERROR - 2020-04-22 08:34:48 --> Could not find the language line "Đóng"
ERROR - 2020-04-22 08:34:48 --> Could not find the language line "Tải"
ERROR - 2020-04-22 02:53:11 --> Could not find the language line "Email"
ERROR - 2020-04-22 02:53:11 --> Could not find the language line "password"
ERROR - 2020-04-22 08:58:54 --> Severity: Warning --> Invalid argument supplied for foreach() /home/admin/domains/spshd.com/public_html/khachhang/application/controllers/App.php 2560
ERROR - 2020-04-22 08:58:55 --> Query error: You have an error in your SQL syntax; check the manual that corresponds to your MariaDB server version for the right syntax to use near 'Array' at line 1 - Invalid query: INSERT INTO `tbl_create_order` () VALUES ('Đội 1, Hà Nội, Xã Hồng Dụ, Huyện Ninh Giang, Tỉnh Hải Dương',100000,0,100000,'',1,'2020-04-22 08:58:54','711',NULL,'Hà Văn Thắng','Cho xem hàng, nhưng không cho thử. Có hàng đổi trả',1,'0123456789','Số 126A Nguyễn Lương Bằng, Phường Phạm Ngũ Lão, Thành phố Hải Dương','','Phường Phạm Ngũ Lão','0854854999','Thành phố Hải Dương','Quần Áo',1,'Thành phố Hà Nội',NULL,'YC.715701783',1,'SPS1122',0,0,300000,27000,100), Array
ERROR - 2020-04-22 08:59:05 --> Severity: Warning --> Invalid argument supplied for foreach() /home/admin/domains/spshd.com/public_html/khachhang/application/controllers/App.php 2560
ERROR - 2020-04-22 08:59:06 --> Query error: You have an error in your SQL syntax; check the manual that corresponds to your MariaDB server version for the right syntax to use near 'Array' at line 1 - Invalid query: INSERT INTO `tbl_create_order` () VALUES ('Đội 1, Hà Nội, Xã Hồng Dụ, Huyện Ninh Giang, Tỉnh Hải Dương',100000,0,100000,'',1,'2020-04-22 08:59:05','711',NULL,'Hà Văn Thắng','Cho xem hàng, nhưng không cho thử. Có hàng đổi trả',1,'0123456789','Số 126A Nguyễn Lương Bằng, Phường Phạm Ngũ Lão, Thành phố Hải Dương','','Phường Phạm Ngũ Lão','0854854999','Thành phố Hải Dương','Quần Áo',1,'Thành phố Hà Nội',NULL,'YC.370097007',1,'SPS1122',0,0,300000,27000,100), Array
ERROR - 2020-04-22 08:59:11 --> Could not find the language line "Tạo Điểm Lấy Hàng"
ERROR - 2020-04-22 08:59:11 --> Could not find the language line "Tạo Đơn Hàng"
ERROR - 2020-04-22 08:59:11 --> Could not find the language line "Tải Excel"
ERROR - 2020-04-22 08:59:11 --> Could not find the language line "Đóng"
ERROR - 2020-04-22 08:59:11 --> Could not find the language line "Xác Nhận"
ERROR - 2020-04-22 08:59:11 --> Severity: Warning --> Invalid argument supplied for foreach() /home/admin/domains/spshd.com/public_html/khachhang/application/views/app.php 161
ERROR - 2020-04-22 08:59:11 --> Severity: Warning --> Invalid argument supplied for foreach() /home/admin/domains/spshd.com/public_html/khachhang/application/views/app.php 172
ERROR - 2020-04-22 08:59:11 --> Could not find the language line "Đóng"
ERROR - 2020-04-22 08:59:11 --> Could not find the language line "Xác Nhận"
ERROR - 2020-04-22 08:59:11 --> Could not find the language line "Đóng"
ERROR - 2020-04-22 08:59:11 --> Could not find the language line "Xác Nhận"
ERROR - 2020-04-22 08:59:11 --> Could not find the language line "Đóng"
ERROR - 2020-04-22 08:59:11 --> Could not find the language line "Tải"
ERROR - 2020-04-22 08:59:24 --> Severity: Warning --> Invalid argument supplied for foreach() /home/admin/domains/spshd.com/public_html/khachhang/application/controllers/App.php 2560
ERROR - 2020-04-22 08:59:24 --> Query error: You have an error in your SQL syntax; check the manual that corresponds to your MariaDB server version for the right syntax to use near 'Array' at line 1 - Invalid query: INSERT INTO `tbl_create_order` () VALUES ('Đội 1, Hà Nội, Xã Hồng Dụ, Huyện Ninh Giang, Tỉnh Hải Dương',100000,0,100000,'',1,'2020-04-22 08:59:23','711',NULL,'Hà Văn Thắng','Cho xem hàng, nhưng không cho thử. Có hàng đổi trả',1,'0123456789','Số 126A Nguyễn Lương Bằng, Phường Phạm Ngũ Lão, Thành phố Hải Dương','','Phường Phạm Ngũ Lão','0854854999','Thành phố Hải Dương','Quần Áo',1,'Thành phố Hà Nội',NULL,'YC.808145144',1,'SPS1122',0,0,300000,27000,100), Array
ERROR - 2020-04-22 08:59:52 --> Severity: Warning --> Invalid argument supplied for foreach() /home/admin/domains/spshd.com/public_html/khachhang/application/controllers/App.php 2560
ERROR - 2020-04-22 08:59:53 --> Query error: You have an error in your SQL syntax; check the manual that corresponds to your MariaDB server version for the right syntax to use near 'Array' at line 1 - Invalid query: INSERT INTO `tbl_create_order` () VALUES ('Đội 1, Hà Nội, Xã Hồng Dụ, Huyện Ninh Giang, Tỉnh Hải Dương',100000,0,100000,'',1,'2020-04-22 08:59:51','711',NULL,'Hà Văn Thắng','Cho xem hàng, nhưng không cho thử. Có hàng đổi trả',1,'0123456789','Số 126A Nguyễn Lương Bằng, Phường Phạm Ngũ Lão, Thành phố Hải Dương','','Phường Phạm Ngũ Lão','0854854999','Thành phố Hải Dương','Quần Áo',1,'Thành phố Hà Nội',NULL,'YC.276729019',1,'SPS1122',0,0,300000,27000,100), Array
ERROR - 2020-04-22 09:00:01 --> Severity: Warning --> Invalid argument supplied for foreach() /home/admin/domains/spshd.com/public_html/khachhang/application/controllers/App.php 2560
ERROR - 2020-04-22 09:00:02 --> Query error: You have an error in your SQL syntax; check the manual that corresponds to your MariaDB server version for the right syntax to use near 'Array' at line 1 - Invalid query: INSERT INTO `tbl_create_order` () VALUES ('Đội 1, Hà Nội, Xã Hồng Dụ, Huyện Ninh Giang, Tỉnh Hải Dương',100000,0,100000,'',1,'2020-04-22 09:00:01','711',NULL,'Hà Văn Thắng','Cho xem hàng, nhưng không cho thử. Có hàng đổi trả',1,'0123456789','Số 126A Nguyễn Lương Bằng, Phường Phạm Ngũ Lão, Thành phố Hải Dương','','Phường Phạm Ngũ Lão','0854854999','Thành phố Hải Dương','Quần Áo',1,'Thành phố Hà Nội',NULL,'YC.895280611',1,'SPS1122',0,0,300000,27000,100), Array
ERROR - 2020-04-22 09:01:00 --> Could not find the language line "Tạo Điểm Lấy Hàng"
ERROR - 2020-04-22 09:01:00 --> Could not find the language line "Tạo Đơn Hàng"
ERROR - 2020-04-22 09:01:00 --> Could not find the language line "Tải Excel"
ERROR - 2020-04-22 09:01:00 --> Could not find the language line "Đóng"
ERROR - 2020-04-22 09:01:00 --> Could not find the language line "Xác Nhận"
ERROR - 2020-04-22 09:01:00 --> Severity: Warning --> Invalid argument supplied for foreach() /home/admin/domains/spshd.com/public_html/khachhang/application/views/app.php 161
ERROR - 2020-04-22 09:01:00 --> Severity: Warning --> Invalid argument supplied for foreach() /home/admin/domains/spshd.com/public_html/khachhang/application/views/app.php 172
ERROR - 2020-04-22 09:01:00 --> Could not find the language line "Đóng"
ERROR - 2020-04-22 09:01:00 --> Could not find the language line "Xác Nhận"
ERROR - 2020-04-22 09:01:00 --> Could not find the language line "Đóng"
ERROR - 2020-04-22 09:01:00 --> Could not find the language line "Xác Nhận"
ERROR - 2020-04-22 09:01:00 --> Could not find the language line "Đóng"
ERROR - 2020-04-22 09:01:00 --> Could not find the language line "Tải"
ERROR - 2020-04-22 09:01:02 --> Could not find the language line "Tạo Điểm Lấy Hàng"
ERROR - 2020-04-22 09:01:02 --> Could not find the language line "Tạo Đơn Hàng"
ERROR - 2020-04-22 09:01:02 --> Could not find the language line "Tải Excel"
ERROR - 2020-04-22 09:01:02 --> Could not find the language line "Đóng"
ERROR - 2020-04-22 09:01:02 --> Could not find the language line "Xác Nhận"
ERROR - 2020-04-22 09:01:02 --> Severity: Warning --> Invalid argument supplied for foreach() /home/admin/domains/spshd.com/public_html/khachhang/application/views/app.php 161
ERROR - 2020-04-22 09:01:02 --> Severity: Warning --> Invalid argument supplied for foreach() /home/admin/domains/spshd.com/public_html/khachhang/application/views/app.php 172
ERROR - 2020-04-22 09:01:02 --> Could not find the language line "Đóng"
ERROR - 2020-04-22 09:01:02 --> Could not find the language line "Xác Nhận"
ERROR - 2020-04-22 09:01:02 --> Could not find the language line "Đóng"
ERROR - 2020-04-22 09:01:02 --> Could not find the language line "Xác Nhận"
ERROR - 2020-04-22 09:01:02 --> Could not find the language line "Đóng"
ERROR - 2020-04-22 09:01:02 --> Could not find the language line "Tải"
ERROR - 2020-04-22 09:01:14 --> Severity: Warning --> Invalid argument supplied for foreach() /home/admin/domains/spshd.com/public_html/khachhang/application/controllers/App.php 2560
ERROR - 2020-04-22 09:01:15 --> Query error: You have an error in your SQL syntax; check the manual that corresponds to your MariaDB server version for the right syntax to use near 'Array' at line 1 - Invalid query: INSERT INTO `tbl_create_order` () VALUES ('Đội 1, Hà Nội, Xã Hồng Dụ, Huyện Ninh Giang, Tỉnh Hải Dương',100000,0,100000,'',1,'2020-04-22 09:01:13','711',NULL,'Hà Văn Thắng','Cho xem hàng, nhưng không cho thử. Có hàng đổi trả',1,'0123456789','Số 126A Nguyễn Lương Bằng, Phường Phạm Ngũ Lão, Thành phố Hải Dương','','Phường Phạm Ngũ Lão','0854854999','Thành phố Hải Dương','Quần Áo',1,'Thành phố Hà Nội',NULL,'YC.374667641',1,'SPS1122',0,0,300000,27000,100), Array
ERROR - 2020-04-22 09:01:20 --> Severity: Warning --> Invalid argument supplied for foreach() /home/admin/domains/spshd.com/public_html/khachhang/application/controllers/App.php 2560
ERROR - 2020-04-22 09:01:23 --> Query error: You have an error in your SQL syntax; check the manual that corresponds to your MariaDB server version for the right syntax to use near 'Array' at line 1 - Invalid query: INSERT INTO `tbl_create_order` () VALUES ('Đội 1, Hà Nội, Xã Hồng Dụ, Huyện Ninh Giang, Tỉnh Hải Dương',100000,0,100000,'',1,'2020-04-22 09:01:19','711',NULL,'Hà Văn Thắng','Cho xem hàng, nhưng không cho thử. Có hàng đổi trả',1,'0123456789','Số 126A Nguyễn Lương Bằng, Phường Phạm Ngũ Lão, Thành phố Hải Dương','','Phường Phạm Ngũ Lão','0854854999','Thành phố Hải Dương','Quần Áo',1,'Thành phố Hà Nội',NULL,'YC.561049126',1,'SPS1122',0,0,300000,27000,100), Array
ERROR - 2020-04-22 03:01:37 --> Could not find the language line "Email"
ERROR - 2020-04-22 03:01:37 --> Could not find the language line "password"
ERROR - 2020-04-22 09:04:37 --> Could not find the language line "Tạo Điểm Lấy Hàng"
ERROR - 2020-04-22 09:04:37 --> Could not find the language line "Tạo Đơn Hàng"
ERROR - 2020-04-22 09:04:37 --> Could not find the language line "Tải Excel"
ERROR - 2020-04-22 09:04:37 --> Could not find the language line "Đóng"
ERROR - 2020-04-22 09:04:37 --> Could not find the language line "Xác Nhận"
ERROR - 2020-04-22 09:04:37 --> Severity: Warning --> Invalid argument supplied for foreach() /home/admin/domains/spshd.com/public_html/khachhang/application/views/app.php 161
ERROR - 2020-04-22 09:04:37 --> Severity: Warning --> Invalid argument supplied for foreach() /home/admin/domains/spshd.com/public_html/khachhang/application/views/app.php 172
ERROR - 2020-04-22 09:04:37 --> Could not find the language line "Đóng"
ERROR - 2020-04-22 09:04:37 --> Could not find the language line "Xác Nhận"
ERROR - 2020-04-22 09:04:37 --> Could not find the language line "Đóng"
ERROR - 2020-04-22 09:04:37 --> Could not find the language line "Xác Nhận"
ERROR - 2020-04-22 09:04:37 --> Could not find the language line "Đóng"
ERROR - 2020-04-22 09:04:37 --> Could not find the language line "Tải"
ERROR - 2020-04-22 09:09:10 --> Severity: Warning --> Invalid argument supplied for foreach() /home/admin/domains/spshd.com/public_html/khachhang/application/controllers/App.php 2560
ERROR - 2020-04-22 09:09:11 --> Query error: You have an error in your SQL syntax; check the manual that corresponds to your MariaDB server version for the right syntax to use near 'Array' at line 1 - Invalid query: INSERT INTO `tbl_create_order` () VALUES ('Đội 1, Hà Nội, Xã Hồng Dụ, Huyện Ninh Giang, Tỉnh Hải Dương',100000,0,100000,'',1,'2020-04-22 09:09:09','711',NULL,'Hà Văn Thắng','Cho xem hàng, nhưng không cho thử. Có hàng đổi trả',1,'0123456789','Số 126A Nguyễn Lương Bằng, Phường Phạm Ngũ Lão, Thành phố Hải Dương','','Phường Phạm Ngũ Lão','0854854999','Thành phố Hải Dương','Quần Áo',1,'Thành phố Hà Nội',NULL,'YC.028915115',1,'SPS1122',0,0,300000,27000,100), Array
ERROR - 2020-04-22 09:26:31 --> Could not find the language line "Tạo Điểm Lấy Hàng"
ERROR - 2020-04-22 09:26:31 --> Could not find the language line "Tạo Đơn Hàng"
ERROR - 2020-04-22 09:26:31 --> Could not find the language line "Tải Excel"
ERROR - 2020-04-22 09:26:31 --> Could not find the language line "Đóng"
ERROR - 2020-04-22 09:26:31 --> Could not find the language line "Xác Nhận"
ERROR - 2020-04-22 09:26:31 --> Severity: Warning --> Invalid argument supplied for foreach() /home/admin/domains/spshd.com/public_html/khachhang/application/views/app.php 161
ERROR - 2020-04-22 09:26:31 --> Severity: Warning --> Invalid argument supplied for foreach() /home/admin/domains/spshd.com/public_html/khachhang/application/views/app.php 172
ERROR - 2020-04-22 09:26:31 --> Could not find the language line "Đóng"
ERROR - 2020-04-22 09:26:31 --> Could not find the language line "Xác Nhận"
ERROR - 2020-04-22 09:26:31 --> Could not find the language line "Đóng"
ERROR - 2020-04-22 09:26:31 --> Could not find the language line "Xác Nhận"
ERROR - 2020-04-22 09:26:31 --> Could not find the language line "Đóng"
ERROR - 2020-04-22 09:26:31 --> Could not find the language line "Tải"
ERROR - 2020-04-22 09:29:12 --> Could not find the language line "Tạo Điểm Lấy Hàng"
ERROR - 2020-04-22 09:29:12 --> Could not find the language line "Tạo Đơn Hàng"
ERROR - 2020-04-22 09:29:12 --> Could not find the language line "Tải Excel"
ERROR - 2020-04-22 09:29:12 --> Could not find the language line "Đóng"
ERROR - 2020-04-22 09:29:12 --> Could not find the language line "Xác Nhận"
ERROR - 2020-04-22 09:29:12 --> Severity: Warning --> Invalid argument supplied for foreach() /home/admin/domains/spshd.com/public_html/khachhang/application/views/app.php 161
ERROR - 2020-04-22 09:29:12 --> Severity: Warning --> Invalid argument supplied for foreach() /home/admin/domains/spshd.com/public_html/khachhang/application/views/app.php 172
ERROR - 2020-04-22 09:29:12 --> Could not find the language line "Đóng"
ERROR - 2020-04-22 09:29:12 --> Could not find the language line "Xác Nhận"
ERROR - 2020-04-22 09:29:12 --> Could not find the language line "Đóng"
ERROR - 2020-04-22 09:29:12 --> Could not find the language line "Xác Nhận"
ERROR - 2020-04-22 09:29:12 --> Could not find the language line "Đóng"
ERROR - 2020-04-22 09:29:12 --> Could not find the language line "Tải"
ERROR - 2020-04-22 09:29:13 --> Could not find the language line "Tạo Điểm Lấy Hàng"
ERROR - 2020-04-22 09:29:13 --> Could not find the language line "Tạo Đơn Hàng"
ERROR - 2020-04-22 09:29:13 --> Could not find the language line "Tải Excel"
ERROR - 2020-04-22 09:29:13 --> Could not find the language line "Đóng"
ERROR - 2020-04-22 09:29:13 --> Could not find the language line "Xác Nhận"
ERROR - 2020-04-22 09:29:13 --> Severity: Warning --> Invalid argument supplied for foreach() /home/admin/domains/spshd.com/public_html/khachhang/application/views/app.php 161
ERROR - 2020-04-22 09:29:13 --> Severity: Warning --> Invalid argument supplied for foreach() /home/admin/domains/spshd.com/public_html/khachhang/application/views/app.php 172
ERROR - 2020-04-22 09:29:13 --> Could not find the language line "Đóng"
ERROR - 2020-04-22 09:29:13 --> Could not find the language line "Xác Nhận"
ERROR - 2020-04-22 09:29:13 --> Could not find the language line "Đóng"
ERROR - 2020-04-22 09:29:13 --> Could not find the language line "Xác Nhận"
ERROR - 2020-04-22 09:29:13 --> Could not find the language line "Đóng"
ERROR - 2020-04-22 09:29:13 --> Could not find the language line "Tải"
ERROR - 2020-04-22 09:33:24 --> Could not find the language line "Tạo Điểm Lấy Hàng"
ERROR - 2020-04-22 09:33:24 --> Could not find the language line "Tạo Đơn Hàng"
ERROR - 2020-04-22 09:33:24 --> Could not find the language line "Tải Excel"
ERROR - 2020-04-22 09:33:24 --> Could not find the language line "Đóng"
ERROR - 2020-04-22 09:33:24 --> Could not find the language line "Xác Nhận"
ERROR - 2020-04-22 09:33:24 --> Severity: Warning --> Invalid argument supplied for foreach() /home/admin/domains/spshd.com/public_html/khachhang/application/views/app.php 161
ERROR - 2020-04-22 09:33:24 --> Severity: Warning --> Invalid argument supplied for foreach() /home/admin/domains/spshd.com/public_html/khachhang/application/views/app.php 172
ERROR - 2020-04-22 09:33:24 --> Could not find the language line "Đóng"
ERROR - 2020-04-22 09:33:24 --> Could not find the language line "Xác Nhận"
ERROR - 2020-04-22 09:33:24 --> Could not find the language line "Đóng"
ERROR - 2020-04-22 09:33:24 --> Could not find the language line "Xác Nhận"
ERROR - 2020-04-22 09:33:24 --> Could not find the language line "Đóng"
ERROR - 2020-04-22 09:33:24 --> Could not find the language line "Tải"
ERROR - 2020-04-22 09:55:07 --> Could not find the language line "Tạo Điểm Lấy Hàng"
ERROR - 2020-04-22 09:55:07 --> Could not find the language line "Tạo Đơn Hàng"
ERROR - 2020-04-22 09:55:07 --> Could not find the language line "Tải Excel"
ERROR - 2020-04-22 09:55:07 --> Could not find the language line "Đóng"
ERROR - 2020-04-22 09:55:07 --> Could not find the language line "Xác Nhận"
ERROR - 2020-04-22 09:55:07 --> Severity: Warning --> Invalid argument supplied for foreach() /home/admin/domains/spshd.com/public_html/khachhang/application/views/app.php 161
ERROR - 2020-04-22 09:55:07 --> Severity: Warning --> Invalid argument supplied for foreach() /home/admin/domains/spshd.com/public_html/khachhang/application/views/app.php 172
ERROR - 2020-04-22 09:55:07 --> Could not find the language line "Đóng"
ERROR - 2020-04-22 09:55:07 --> Could not find the language line "Xác Nhận"
ERROR - 2020-04-22 09:55:07 --> Could not find the language line "Đóng"
ERROR - 2020-04-22 09:55:07 --> Could not find the language line "Xác Nhận"
ERROR - 2020-04-22 09:55:07 --> Could not find the language line "Đóng"
ERROR - 2020-04-22 09:55:07 --> Could not find the language line "Tải"
ERROR - 2020-04-22 09:58:09 --> Could not find the language line "Tạo Điểm Lấy Hàng"
ERROR - 2020-04-22 09:58:09 --> Could not find the language line "Tạo Đơn Hàng"
ERROR - 2020-04-22 09:58:09 --> Could not find the language line "Tải Excel"
ERROR - 2020-04-22 09:58:09 --> Could not find the language line "Đóng"
ERROR - 2020-04-22 09:58:09 --> Could not find the language line "Xác Nhận"
ERROR - 2020-04-22 09:58:09 --> Severity: Warning --> Invalid argument supplied for foreach() /home/admin/domains/spshd.com/public_html/khachhang/application/views/app.php 161
ERROR - 2020-04-22 09:58:09 --> Severity: Warning --> Invalid argument supplied for foreach() /home/admin/domains/spshd.com/public_html/khachhang/application/views/app.php 172
ERROR - 2020-04-22 09:58:09 --> Could not find the language line "Đóng"
ERROR - 2020-04-22 09:58:09 --> Could not find the language line "Xác Nhận"
ERROR - 2020-04-22 09:58:09 --> Could not find the language line "Đóng"
ERROR - 2020-04-22 09:58:09 --> Could not find the language line "Xác Nhận"
ERROR - 2020-04-22 09:58:09 --> Could not find the language line "Đóng"
ERROR - 2020-04-22 09:58:09 --> Could not find the language line "Tải"
ERROR - 2020-04-22 10:06:50 --> Could not find the language line "Tạo Điểm Lấy Hàng"
ERROR - 2020-04-22 10:06:50 --> Could not find the language line "Tạo Đơn Hàng"
ERROR - 2020-04-22 10:06:50 --> Could not find the language line "Tải Excel"
ERROR - 2020-04-22 10:06:50 --> Could not find the language line "Đóng"
ERROR - 2020-04-22 10:06:50 --> Could not find the language line "Xác Nhận"
ERROR - 2020-04-22 10:06:50 --> Severity: Warning --> Invalid argument supplied for foreach() /home/admin/domains/spshd.com/public_html/khachhang/application/views/app.php 161
ERROR - 2020-04-22 10:06:50 --> Severity: Warning --> Invalid argument supplied for foreach() /home/admin/domains/spshd.com/public_html/khachhang/application/views/app.php 172
ERROR - 2020-04-22 10:06:50 --> Could not find the language line "Đóng"
ERROR - 2020-04-22 10:06:50 --> Could not find the language line "Xác Nhận"
ERROR - 2020-04-22 10:06:50 --> Could not find the language line "Đóng"
ERROR - 2020-04-22 10:06:50 --> Could not find the language line "Xác Nhận"
ERROR - 2020-04-22 10:06:50 --> Could not find the language line "Đóng"
ERROR - 2020-04-22 10:06:50 --> Could not find the language line "Tải"
ERROR - 2020-04-22 10:10:46 --> Could not find the language line "Tạo Điểm Lấy Hàng"
ERROR - 2020-04-22 10:10:46 --> Could not find the language line "Tạo Đơn Hàng"
ERROR - 2020-04-22 10:10:46 --> Could not find the language line "Tải Excel"
ERROR - 2020-04-22 10:10:46 --> Could not find the language line "Đóng"
ERROR - 2020-04-22 10:10:46 --> Could not find the language line "Xác Nhận"
ERROR - 2020-04-22 10:10:46 --> Severity: Warning --> Invalid argument supplied for foreach() /home/admin/domains/spshd.com/public_html/khachhang/application/views/app.php 161
ERROR - 2020-04-22 10:10:46 --> Severity: Warning --> Invalid argument supplied for foreach() /home/admin/domains/spshd.com/public_html/khachhang/application/views/app.php 172
ERROR - 2020-04-22 10:10:46 --> Could not find the language line "Đóng"
ERROR - 2020-04-22 10:10:46 --> Could not find the language line "Xác Nhận"
ERROR - 2020-04-22 10:10:46 --> Could not find the language line "Đóng"
ERROR - 2020-04-22 10:10:46 --> Could not find the language line "Xác Nhận"
ERROR - 2020-04-22 10:10:46 --> Could not find the language line "Đóng"
ERROR - 2020-04-22 10:10:46 --> Could not find the language line "Tải"
ERROR - 2020-04-22 10:23:32 --> Could not find the language line "Tạo Điểm Lấy Hàng"
ERROR - 2020-04-22 10:23:32 --> Could not find the language line "Tạo Đơn Hàng"
ERROR - 2020-04-22 10:23:32 --> Could not find the language line "Tải Excel"
ERROR - 2020-04-22 10:23:32 --> Could not find the language line "Đóng"
ERROR - 2020-04-22 10:23:32 --> Could not find the language line "Xác Nhận"
ERROR - 2020-04-22 10:23:32 --> Severity: Warning --> Invalid argument supplied for foreach() /home/admin/domains/spshd.com/public_html/khachhang/application/views/app.php 161
ERROR - 2020-04-22 10:23:32 --> Severity: Warning --> Invalid argument supplied for foreach() /home/admin/domains/spshd.com/public_html/khachhang/application/views/app.php 172
ERROR - 2020-04-22 10:23:32 --> Could not find the language line "Đóng"
ERROR - 2020-04-22 10:23:32 --> Could not find the language line "Xác Nhận"
ERROR - 2020-04-22 10:23:32 --> Could not find the language line "Đóng"
ERROR - 2020-04-22 10:23:32 --> Could not find the language line "Xác Nhận"
ERROR - 2020-04-22 10:23:32 --> Could not find the language line "Đóng"
ERROR - 2020-04-22 10:23:32 --> Could not find the language line "Tải"
ERROR - 2020-04-22 10:23:53 --> Could not find the language line "Tạo Điểm Lấy Hàng"
ERROR - 2020-04-22 10:23:53 --> Could not find the language line "Tạo Đơn Hàng"
ERROR - 2020-04-22 10:23:53 --> Could not find the language line "Tải Excel"
ERROR - 2020-04-22 10:23:53 --> Could not find the language line "Đóng"
ERROR - 2020-04-22 10:23:53 --> Could not find the language line "Xác Nhận"
ERROR - 2020-04-22 10:23:53 --> Severity: Warning --> Invalid argument supplied for foreach() /home/admin/domains/spshd.com/public_html/khachhang/application/views/app.php 161
ERROR - 2020-04-22 10:23:53 --> Severity: Warning --> Invalid argument supplied for foreach() /home/admin/domains/spshd.com/public_html/khachhang/application/views/app.php 172
ERROR - 2020-04-22 10:23:53 --> Could not find the language line "Đóng"
ERROR - 2020-04-22 10:23:53 --> Could not find the language line "Xác Nhận"
ERROR - 2020-04-22 10:23:53 --> Could not find the language line "Đóng"
ERROR - 2020-04-22 10:23:53 --> Could not find the language line "Xác Nhận"
ERROR - 2020-04-22 10:23:53 --> Could not find the language line "Đóng"
ERROR - 2020-04-22 10:23:53 --> Could not find the language line "Tải"
ERROR - 2020-04-22 10:27:08 --> Could not find the language line "Tạo Điểm Lấy Hàng"
ERROR - 2020-04-22 10:27:08 --> Could not find the language line "Tạo Đơn Hàng"
ERROR - 2020-04-22 10:27:08 --> Could not find the language line "Tải Excel"
ERROR - 2020-04-22 10:27:08 --> Could not find the language line "Đóng"
ERROR - 2020-04-22 10:27:08 --> Could not find the language line "Xác Nhận"
ERROR - 2020-04-22 10:27:08 --> Severity: Warning --> Invalid argument supplied for foreach() /home/admin/domains/spshd.com/public_html/khachhang/application/views/app.php 161
ERROR - 2020-04-22 10:27:08 --> Severity: Warning --> Invalid argument supplied for foreach() /home/admin/domains/spshd.com/public_html/khachhang/application/views/app.php 172
ERROR - 2020-04-22 10:27:08 --> Could not find the language line "Đóng"
ERROR - 2020-04-22 10:27:08 --> Could not find the language line "Xác Nhận"
ERROR - 2020-04-22 10:27:08 --> Could not find the language line "Đóng"
ERROR - 2020-04-22 10:27:08 --> Could not find the language line "Xác Nhận"
ERROR - 2020-04-22 10:27:08 --> Could not find the language line "Đóng"
ERROR - 2020-04-22 10:27:08 --> Could not find the language line "Tải"
ERROR - 2020-04-22 10:27:46 --> Could not find the language line "Tạo Điểm Lấy Hàng"
ERROR - 2020-04-22 10:27:46 --> Could not find the language line "Tạo Đơn Hàng"
ERROR - 2020-04-22 10:27:46 --> Could not find the language line "Tải Excel"
ERROR - 2020-04-22 10:27:46 --> Could not find the language line "Đóng"
ERROR - 2020-04-22 10:27:46 --> Could not find the language line "Xác Nhận"
ERROR - 2020-04-22 10:27:46 --> Severity: Warning --> Invalid argument supplied for foreach() /home/admin/domains/spshd.com/public_html/khachhang/application/views/app.php 161
ERROR - 2020-04-22 10:27:46 --> Severity: Warning --> Invalid argument supplied for foreach() /home/admin/domains/spshd.com/public_html/khachhang/application/views/app.php 172
ERROR - 2020-04-22 10:27:46 --> Could not find the language line "Đóng"
ERROR - 2020-04-22 10:27:46 --> Could not find the language line "Xác Nhận"
ERROR - 2020-04-22 10:27:46 --> Could not find the language line "Đóng"
ERROR - 2020-04-22 10:27:46 --> Could not find the language line "Xác Nhận"
ERROR - 2020-04-22 10:27:46 --> Could not find the language line "Đóng"
ERROR - 2020-04-22 10:27:46 --> Could not find the language line "Tải"
ERROR - 2020-04-22 10:32:22 --> Could not find the language line "Tạo Điểm Lấy Hàng"
ERROR - 2020-04-22 10:32:22 --> Could not find the language line "Tạo Đơn Hàng"
ERROR - 2020-04-22 10:32:22 --> Could not find the language line "Tải Excel"
ERROR - 2020-04-22 10:32:22 --> Could not find the language line "Đóng"
ERROR - 2020-04-22 10:32:22 --> Could not find the language line "Xác Nhận"
ERROR - 2020-04-22 10:32:22 --> Severity: Warning --> Invalid argument supplied for foreach() /home/admin/domains/spshd.com/public_html/khachhang/application/views/app.php 161
ERROR - 2020-04-22 10:32:22 --> Severity: Warning --> Invalid argument supplied for foreach() /home/admin/domains/spshd.com/public_html/khachhang/application/views/app.php 172
ERROR - 2020-04-22 10:32:22 --> Could not find the language line "Đóng"
ERROR - 2020-04-22 10:32:22 --> Could not find the language line "Xác Nhận"
ERROR - 2020-04-22 10:32:22 --> Could not find the language line "Đóng"
ERROR - 2020-04-22 10:32:22 --> Could not find the language line "Xác Nhận"
ERROR - 2020-04-22 10:32:22 --> Could not find the language line "Đóng"
ERROR - 2020-04-22 10:32:22 --> Could not find the language line "Tải"
ERROR - 2020-04-22 10:32:33 --> Could not find the language line "Tạo Điểm Lấy Hàng"
ERROR - 2020-04-22 10:32:33 --> Could not find the language line "Tạo Đơn Hàng"
ERROR - 2020-04-22 10:32:33 --> Could not find the language line "Tải Excel"
ERROR - 2020-04-22 10:32:33 --> Could not find the language line "Đóng"
ERROR - 2020-04-22 10:32:33 --> Could not find the language line "Xác Nhận"
ERROR - 2020-04-22 10:32:33 --> Severity: Warning --> Invalid argument supplied for foreach() /home/admin/domains/spshd.com/public_html/khachhang/application/views/app.php 161
ERROR - 2020-04-22 10:32:33 --> Severity: Warning --> Invalid argument supplied for foreach() /home/admin/domains/spshd.com/public_html/khachhang/application/views/app.php 172
ERROR - 2020-04-22 10:32:33 --> Could not find the language line "Đóng"
ERROR - 2020-04-22 10:32:33 --> Could not find the language line "Xác Nhận"
ERROR - 2020-04-22 10:32:33 --> Could not find the language line "Đóng"
ERROR - 2020-04-22 10:32:33 --> Could not find the language line "Xác Nhận"
ERROR - 2020-04-22 10:32:33 --> Could not find the language line "Đóng"
ERROR - 2020-04-22 10:32:33 --> Could not find the language line "Tải"
ERROR - 2020-04-22 10:32:35 --> Could not find the language line "Tạo Điểm Lấy Hàng"
ERROR - 2020-04-22 10:32:35 --> Could not find the language line "Tạo Đơn Hàng"
ERROR - 2020-04-22 10:32:35 --> Could not find the language line "Tải Excel"
ERROR - 2020-04-22 10:32:35 --> Could not find the language line "Đóng"
ERROR - 2020-04-22 10:32:35 --> Could not find the language line "Xác Nhận"
ERROR - 2020-04-22 10:32:35 --> Severity: Warning --> Invalid argument supplied for foreach() /home/admin/domains/spshd.com/public_html/khachhang/application/views/app.php 161
ERROR - 2020-04-22 10:32:35 --> Severity: Warning --> Invalid argument supplied for foreach() /home/admin/domains/spshd.com/public_html/khachhang/application/views/app.php 172
ERROR - 2020-04-22 10:32:35 --> Could not find the language line "Đóng"
ERROR - 2020-04-22 10:32:35 --> Could not find the language line "Xác Nhận"
ERROR - 2020-04-22 10:32:35 --> Could not find the language line "Đóng"
ERROR - 2020-04-22 10:32:35 --> Could not find the language line "Xác Nhận"
ERROR - 2020-04-22 10:32:35 --> Could not find the language line "Đóng"
ERROR - 2020-04-22 10:32:35 --> Could not find the language line "Tải"
ERROR - 2020-04-22 10:32:40 --> Could not find the language line "Tạo Điểm Lấy Hàng"
ERROR - 2020-04-22 10:32:40 --> Could not find the language line "Tạo Đơn Hàng"
ERROR - 2020-04-22 10:32:40 --> Could not find the language line "Tải Excel"
ERROR - 2020-04-22 10:32:40 --> Could not find the language line "Đóng"
ERROR - 2020-04-22 10:32:40 --> Could not find the language line "Xác Nhận"
ERROR - 2020-04-22 10:32:40 --> Severity: Warning --> Invalid argument supplied for foreach() /home/admin/domains/spshd.com/public_html/khachhang/application/views/app.php 161
ERROR - 2020-04-22 10:32:40 --> Severity: Warning --> Invalid argument supplied for foreach() /home/admin/domains/spshd.com/public_html/khachhang/application/views/app.php 172
ERROR - 2020-04-22 10:32:40 --> Could not find the language line "Đóng"
ERROR - 2020-04-22 10:32:40 --> Could not find the language line "Xác Nhận"
ERROR - 2020-04-22 10:32:40 --> Could not find the language line "Đóng"
ERROR - 2020-04-22 10:32:40 --> Could not find the language line "Xác Nhận"
ERROR - 2020-04-22 10:32:40 --> Could not find the language line "Đóng"
ERROR - 2020-04-22 10:32:40 --> Could not find the language line "Tải"
ERROR - 2020-04-22 10:34:53 --> Could not find the language line "Tạo Điểm Lấy Hàng"
ERROR - 2020-04-22 10:34:53 --> Could not find the language line "Tạo Đơn Hàng"
ERROR - 2020-04-22 10:34:53 --> Could not find the language line "Tải Excel"
ERROR - 2020-04-22 10:34:53 --> Could not find the language line "Đóng"
ERROR - 2020-04-22 10:34:53 --> Could not find the language line "Xác Nhận"
ERROR - 2020-04-22 10:34:53 --> Severity: Warning --> Invalid argument supplied for foreach() /home/admin/domains/spshd.com/public_html/khachhang/application/views/app.php 161
ERROR - 2020-04-22 10:34:53 --> Severity: Warning --> Invalid argument supplied for foreach() /home/admin/domains/spshd.com/public_html/khachhang/application/views/app.php 172
ERROR - 2020-04-22 10:34:53 --> Could not find the language line "Đóng"
ERROR - 2020-04-22 10:34:53 --> Could not find the language line "Xác Nhận"
ERROR - 2020-04-22 10:34:53 --> Could not find the language line "Đóng"
ERROR - 2020-04-22 10:34:53 --> Could not find the language line "Xác Nhận"
ERROR - 2020-04-22 10:34:53 --> Could not find the language line "Đóng"
ERROR - 2020-04-22 10:34:53 --> Could not find the language line "Tải"
ERROR - 2020-04-22 10:35:09 --> Could not find the language line "Tạo Điểm Lấy Hàng"
ERROR - 2020-04-22 10:35:09 --> Could not find the language line "Tạo Đơn Hàng"
ERROR - 2020-04-22 10:35:09 --> Could not find the language line "Tải Excel"
ERROR - 2020-04-22 10:35:09 --> Could not find the language line "Đóng"
ERROR - 2020-04-22 10:35:09 --> Could not find the language line "Xác Nhận"
ERROR - 2020-04-22 10:35:09 --> Severity: Warning --> Invalid argument supplied for foreach() /home/admin/domains/spshd.com/public_html/khachhang/application/views/app.php 161
ERROR - 2020-04-22 10:35:09 --> Severity: Warning --> Invalid argument supplied for foreach() /home/admin/domains/spshd.com/public_html/khachhang/application/views/app.php 172
ERROR - 2020-04-22 10:35:09 --> Could not find the language line "Đóng"
ERROR - 2020-04-22 10:35:09 --> Could not find the language line "Xác Nhận"
ERROR - 2020-04-22 10:35:09 --> Could not find the language line "Đóng"
ERROR - 2020-04-22 10:35:09 --> Could not find the language line "Xác Nhận"
ERROR - 2020-04-22 10:35:09 --> Could not find the language line "Đóng"
ERROR - 2020-04-22 10:35:09 --> Could not find the language line "Tải"
ERROR - 2020-04-22 10:36:43 --> Could not find the language line "Tạo Điểm Lấy Hàng"
ERROR - 2020-04-22 10:36:43 --> Could not find the language line "Tạo Đơn Hàng"
ERROR - 2020-04-22 10:36:43 --> Could not find the language line "Tải Excel"
ERROR - 2020-04-22 10:36:43 --> Could not find the language line "Đóng"
ERROR - 2020-04-22 10:36:43 --> Could not find the language line "Xác Nhận"
ERROR - 2020-04-22 10:36:43 --> Severity: Warning --> Invalid argument supplied for foreach() /home/admin/domains/spshd.com/public_html/khachhang/application/views/app.php 161
ERROR - 2020-04-22 10:36:43 --> Severity: Warning --> Invalid argument supplied for foreach() /home/admin/domains/spshd.com/public_html/khachhang/application/views/app.php 172
ERROR - 2020-04-22 10:36:43 --> Could not find the language line "Đóng"
ERROR - 2020-04-22 10:36:43 --> Could not find the language line "Xác Nhận"
ERROR - 2020-04-22 10:36:43 --> Could not find the language line "Đóng"
ERROR - 2020-04-22 10:36:43 --> Could not find the language line "Xác Nhận"
ERROR - 2020-04-22 10:36:43 --> Could not find the language line "Đóng"
ERROR - 2020-04-22 10:36:43 --> Could not find the language line "Tải"
ERROR - 2020-04-22 04:54:52 --> Could not find the language line "Email"
ERROR - 2020-04-22 04:54:52 --> Could not find the language line "password"
ERROR - 2020-04-22 11:24:01 --> Could not find the language line "Tạo Điểm Lấy Hàng"
ERROR - 2020-04-22 11:24:01 --> Could not find the language line "Tạo Đơn Hàng"
ERROR - 2020-04-22 11:24:01 --> Could not find the language line "Tải Excel"
ERROR - 2020-04-22 11:24:01 --> Could not find the language line "Đóng"
ERROR - 2020-04-22 11:24:01 --> Could not find the language line "Xác Nhận"
ERROR - 2020-04-22 11:24:01 --> Severity: Warning --> Invalid argument supplied for foreach() /home/admin/domains/spshd.com/public_html/khachhang/application/views/app.php 161
ERROR - 2020-04-22 11:24:01 --> Severity: Warning --> Invalid argument supplied for foreach() /home/admin/domains/spshd.com/public_html/khachhang/application/views/app.php 172
ERROR - 2020-04-22 11:24:01 --> Could not find the language line "Đóng"
ERROR - 2020-04-22 11:24:01 --> Could not find the language line "Xác Nhận"
ERROR - 2020-04-22 11:24:01 --> Could not find the language line "Đóng"
ERROR - 2020-04-22 11:24:01 --> Could not find the language line "Xác Nhận"
ERROR - 2020-04-22 11:24:01 --> Could not find the language line "Đóng"
ERROR - 2020-04-22 11:24:01 --> Could not find the language line "Tải"
ERROR - 2020-04-22 11:24:46 --> Could not find the language line "Tạo Điểm Lấy Hàng"
ERROR - 2020-04-22 11:24:46 --> Could not find the language line "Tạo Đơn Hàng"
ERROR - 2020-04-22 11:24:46 --> Could not find the language line "Tải Excel"
ERROR - 2020-04-22 11:24:46 --> Could not find the language line "Đóng"
ERROR - 2020-04-22 11:24:46 --> Could not find the language line "Xác Nhận"
ERROR - 2020-04-22 11:24:46 --> Severity: Warning --> Invalid argument supplied for foreach() /home/admin/domains/spshd.com/public_html/khachhang/application/views/app.php 161
ERROR - 2020-04-22 11:24:46 --> Severity: Warning --> Invalid argument supplied for foreach() /home/admin/domains/spshd.com/public_html/khachhang/application/views/app.php 172
ERROR - 2020-04-22 11:24:46 --> Could not find the language line "Đóng"
ERROR - 2020-04-22 11:24:46 --> Could not find the language line "Xác Nhận"
ERROR - 2020-04-22 11:24:46 --> Could not find the language line "Đóng"
ERROR - 2020-04-22 11:24:46 --> Could not find the language line "Xác Nhận"
ERROR - 2020-04-22 11:24:46 --> Could not find the language line "Đóng"
ERROR - 2020-04-22 11:24:46 --> Could not find the language line "Tải"
ERROR - 2020-04-22 11:26:10 --> Could not find the language line "Tạo Điểm Lấy Hàng"
ERROR - 2020-04-22 11:26:10 --> Could not find the language line "Tạo Đơn Hàng"
ERROR - 2020-04-22 11:26:10 --> Could not find the language line "Tải Excel"
ERROR - 2020-04-22 11:26:10 --> Could not find the language line "Đóng"
ERROR - 2020-04-22 11:26:10 --> Could not find the language line "Xác Nhận"
ERROR - 2020-04-22 11:26:10 --> Severity: Warning --> Invalid argument supplied for foreach() /home/admin/domains/spshd.com/public_html/khachhang/application/views/app.php 161
ERROR - 2020-04-22 11:26:10 --> Severity: Warning --> Invalid argument supplied for foreach() /home/admin/domains/spshd.com/public_html/khachhang/application/views/app.php 172
ERROR - 2020-04-22 11:26:10 --> Could not find the language line "Đóng"
ERROR - 2020-04-22 11:26:10 --> Could not find the language line "Xác Nhận"
ERROR - 2020-04-22 11:26:10 --> Could not find the language line "Đóng"
ERROR - 2020-04-22 11:26:10 --> Could not find the language line "Xác Nhận"
ERROR - 2020-04-22 11:26:10 --> Could not find the language line "Đóng"
ERROR - 2020-04-22 11:26:10 --> Could not find the language line "Tải"
ERROR - 2020-04-22 11:26:47 --> Could not find the language line "Tạo Điểm Lấy Hàng"
ERROR - 2020-04-22 11:26:47 --> Could not find the language line "Tạo Đơn Hàng"
ERROR - 2020-04-22 11:26:47 --> Could not find the language line "Tải Excel"
ERROR - 2020-04-22 11:26:47 --> Could not find the language line "Đóng"
ERROR - 2020-04-22 11:26:47 --> Could not find the language line "Xác Nhận"
ERROR - 2020-04-22 11:26:47 --> Severity: Warning --> Invalid argument supplied for foreach() /home/admin/domains/spshd.com/public_html/khachhang/application/views/app.php 161
ERROR - 2020-04-22 11:26:47 --> Severity: Warning --> Invalid argument supplied for foreach() /home/admin/domains/spshd.com/public_html/khachhang/application/views/app.php 172
ERROR - 2020-04-22 11:26:47 --> Could not find the language line "Đóng"
ERROR - 2020-04-22 11:26:47 --> Could not find the language line "Xác Nhận"
ERROR - 2020-04-22 11:26:47 --> Could not find the language line "Đóng"
ERROR - 2020-04-22 11:26:47 --> Could not find the language line "Xác Nhận"
ERROR - 2020-04-22 11:26:47 --> Could not find the language line "Đóng"
ERROR - 2020-04-22 11:26:47 --> Could not find the language line "Tải"
ERROR - 2020-04-22 11:28:44 --> Could not find the language line "Tạo Điểm Lấy Hàng"
ERROR - 2020-04-22 11:28:44 --> Could not find the language line "Tạo Đơn Hàng"
ERROR - 2020-04-22 11:28:44 --> Could not find the language line "Tải Excel"
ERROR - 2020-04-22 11:28:44 --> Could not find the language line "Đóng"
ERROR - 2020-04-22 11:28:44 --> Could not find the language line "Xác Nhận"
ERROR - 2020-04-22 11:28:44 --> Severity: Warning --> Invalid argument supplied for foreach() /home/admin/domains/spshd.com/public_html/khachhang/application/views/app.php 161
ERROR - 2020-04-22 11:28:44 --> Severity: Warning --> Invalid argument supplied for foreach() /home/admin/domains/spshd.com/public_html/khachhang/application/views/app.php 172
ERROR - 2020-04-22 11:28:44 --> Could not find the language line "Đóng"
ERROR - 2020-04-22 11:28:44 --> Could not find the language line "Xác Nhận"
ERROR - 2020-04-22 11:28:44 --> Could not find the language line "Đóng"
ERROR - 2020-04-22 11:28:44 --> Could not find the language line "Xác Nhận"
ERROR - 2020-04-22 11:28:44 --> Could not find the language line "Đóng"
ERROR - 2020-04-22 11:28:44 --> Could not find the language line "Tải"
ERROR - 2020-04-22 11:29:57 --> Could not find the language line "insert_batch() called with no data"
ERROR - 2020-04-22 11:30:05 --> Could not find the language line "insert_batch() called with no data"
ERROR - 2020-04-22 11:31:21 --> Could not find the language line "insert_batch() called with no data"
ERROR - 2020-04-22 11:31:33 --> Could not find the language line "insert_batch() called with no data"
ERROR - 2020-04-22 11:31:50 --> Could not find the language line "insert_batch() called with no data"
ERROR - 2020-04-22 11:33:22 --> Could not find the language line "insert_batch() called with no data"
ERROR - 2020-04-22 12:02:43 --> Could not find the language line "Tạo Điểm Lấy Hàng"
ERROR - 2020-04-22 12:02:43 --> Could not find the language line "Tạo Đơn Hàng"
ERROR - 2020-04-22 12:02:43 --> Could not find the language line "Tải Excel"
ERROR - 2020-04-22 12:02:43 --> Could not find the language line "Đóng"
ERROR - 2020-04-22 12:02:43 --> Could not find the language line "Xác Nhận"
ERROR - 2020-04-22 12:02:43 --> Severity: Warning --> Invalid argument supplied for foreach() /home/admin/domains/spshd.com/public_html/khachhang/application/views/app.php 161
ERROR - 2020-04-22 12:02:43 --> Severity: Warning --> Invalid argument supplied for foreach() /home/admin/domains/spshd.com/public_html/khachhang/application/views/app.php 172
ERROR - 2020-04-22 12:02:43 --> Could not find the language line "Đóng"
ERROR - 2020-04-22 12:02:43 --> Could not find the language line "Xác Nhận"
ERROR - 2020-04-22 12:02:43 --> Could not find the language line "Đóng"
ERROR - 2020-04-22 12:02:43 --> Could not find the language line "Xác Nhận"
ERROR - 2020-04-22 12:02:43 --> Could not find the language line "Đóng"
ERROR - 2020-04-22 12:02:43 --> Could not find the language line "Tải"
ERROR - 2020-04-22 12:05:22 --> Could not find the language line "Tạo Điểm Lấy Hàng"
ERROR - 2020-04-22 12:05:22 --> Could not find the language line "Tạo Đơn Hàng"
ERROR - 2020-04-22 12:05:22 --> Could not find the language line "Tải Excel"
ERROR - 2020-04-22 12:05:22 --> Could not find the language line "Đóng"
ERROR - 2020-04-22 12:05:22 --> Could not find the language line "Xác Nhận"
ERROR - 2020-04-22 12:05:22 --> Severity: Warning --> Invalid argument supplied for foreach() /home/admin/domains/spshd.com/public_html/khachhang/application/views/app.php 161
ERROR - 2020-04-22 12:05:22 --> Severity: Warning --> Invalid argument supplied for foreach() /home/admin/domains/spshd.com/public_html/khachhang/application/views/app.php 172
ERROR - 2020-04-22 12:05:22 --> Could not find the language line "Đóng"
ERROR - 2020-04-22 12:05:22 --> Could not find the language line "Xác Nhận"
ERROR - 2020-04-22 12:05:22 --> Could not find the language line "Đóng"
ERROR - 2020-04-22 12:05:22 --> Could not find the language line "Xác Nhận"
ERROR - 2020-04-22 12:05:22 --> Could not find the language line "Đóng"
ERROR - 2020-04-22 12:05:22 --> Could not find the language line "Tải"
ERROR - 2020-04-22 07:02:15 --> Could not find the language line "Email"
ERROR - 2020-04-22 07:02:15 --> Could not find the language line "password"
ERROR - 2020-04-22 07:02:15 --> Could not find the language line "Email"
ERROR - 2020-04-22 07:02:15 --> Could not find the language line "password"
ERROR - 2020-04-22 13:02:35 --> Could not find the language line "Tạo Điểm Lấy Hàng"
ERROR - 2020-04-22 13:02:35 --> Could not find the language line "Tạo Đơn Hàng"
ERROR - 2020-04-22 13:02:35 --> Could not find the language line "Tải Excel"
ERROR - 2020-04-22 13:02:35 --> Could not find the language line "Đóng"
ERROR - 2020-04-22 13:02:35 --> Could not find the language line "Xác Nhận"
ERROR - 2020-04-22 13:02:35 --> Severity: Warning --> Invalid argument supplied for foreach() /home/admin/domains/spshd.com/public_html/khachhang/application/views/app.php 161
ERROR - 2020-04-22 13:02:35 --> Severity: Warning --> Invalid argument supplied for foreach() /home/admin/domains/spshd.com/public_html/khachhang/application/views/app.php 172
ERROR - 2020-04-22 13:02:35 --> Could not find the language line "Đóng"
ERROR - 2020-04-22 13:02:35 --> Could not find the language line "Xác Nhận"
ERROR - 2020-04-22 13:02:35 --> Could not find the language line "Đóng"
ERROR - 2020-04-22 13:02:35 --> Could not find the language line "Xác Nhận"
ERROR - 2020-04-22 13:02:35 --> Could not find the language line "Đóng"
ERROR - 2020-04-22 13:02:35 --> Could not find the language line "Tải"
ERROR - 2020-04-22 13:31:58 --> Could not find the language line "Tạo Điểm Lấy Hàng"
ERROR - 2020-04-22 13:31:58 --> Could not find the language line "Tạo Đơn Hàng"
ERROR - 2020-04-22 13:31:58 --> Could not find the language line "Tải Excel"
ERROR - 2020-04-22 13:31:58 --> Could not find the language line "Đóng"
ERROR - 2020-04-22 13:31:58 --> Could not find the language line "Xác Nhận"
ERROR - 2020-04-22 13:31:58 --> Severity: Warning --> Invalid argument supplied for foreach() /home/admin/domains/spshd.com/public_html/khachhang/application/views/app.php 161
ERROR - 2020-04-22 13:31:58 --> Severity: Warning --> Invalid argument supplied for foreach() /home/admin/domains/spshd.com/public_html/khachhang/application/views/app.php 172
ERROR - 2020-04-22 13:31:58 --> Could not find the language line "Đóng"
ERROR - 2020-04-22 13:31:58 --> Could not find the language line "Xác Nhận"
ERROR - 2020-04-22 13:31:58 --> Could not find the language line "Đóng"
ERROR - 2020-04-22 13:31:58 --> Could not find the language line "Xác Nhận"
ERROR - 2020-04-22 13:31:58 --> Could not find the language line "Đóng"
ERROR - 2020-04-22 13:31:58 --> Could not find the language line "Tải"
ERROR - 2020-04-22 14:23:57 --> Could not find the language line "Tạo Điểm Lấy Hàng"
ERROR - 2020-04-22 14:23:57 --> Could not find the language line "Tạo Đơn Hàng"
ERROR - 2020-04-22 14:23:57 --> Could not find the language line "Tải Excel"
ERROR - 2020-04-22 14:23:57 --> Could not find the language line "Đóng"
ERROR - 2020-04-22 14:23:57 --> Could not find the language line "Xác Nhận"
ERROR - 2020-04-22 14:23:57 --> Severity: Warning --> Invalid argument supplied for foreach() /home/admin/domains/spshd.com/public_html/khachhang/application/views/app.php 161
ERROR - 2020-04-22 14:23:57 --> Severity: Warning --> Invalid argument supplied for foreach() /home/admin/domains/spshd.com/public_html/khachhang/application/views/app.php 172
ERROR - 2020-04-22 14:23:57 --> Could not find the language line "Đóng"
ERROR - 2020-04-22 14:23:57 --> Could not find the language line "Xác Nhận"
ERROR - 2020-04-22 14:23:57 --> Could not find the language line "Đóng"
ERROR - 2020-04-22 14:23:57 --> Could not find the language line "Xác Nhận"
ERROR - 2020-04-22 14:23:57 --> Could not find the language line "Đóng"
ERROR - 2020-04-22 14:23:57 --> Could not find the language line "Tải"
ERROR - 2020-04-22 14:26:02 --> Could not find the language line "Tạo Điểm Lấy Hàng"
ERROR - 2020-04-22 14:26:02 --> Could not find the language line "Tạo Đơn Hàng"
ERROR - 2020-04-22 14:26:02 --> Could not find the language line "Tải Excel"
ERROR - 2020-04-22 14:26:02 --> Could not find the language line "Đóng"
ERROR - 2020-04-22 14:26:02 --> Could not find the language line "Xác Nhận"
ERROR - 2020-04-22 14:26:02 --> Severity: Warning --> Invalid argument supplied for foreach() /home/admin/domains/spshd.com/public_html/khachhang/application/views/app.php 161
ERROR - 2020-04-22 14:26:02 --> Severity: Warning --> Invalid argument supplied for foreach() /home/admin/domains/spshd.com/public_html/khachhang/application/views/app.php 172
ERROR - 2020-04-22 14:26:02 --> Could not find the language line "Đóng"
ERROR - 2020-04-22 14:26:02 --> Could not find the language line "Xác Nhận"
ERROR - 2020-04-22 14:26:02 --> Could not find the language line "Đóng"
ERROR - 2020-04-22 14:26:02 --> Could not find the language line "Xác Nhận"
ERROR - 2020-04-22 14:26:02 --> Could not find the language line "Đóng"
ERROR - 2020-04-22 14:26:02 --> Could not find the language line "Tải"
ERROR - 2020-04-22 08:33:41 --> Could not find the language line "Email"
ERROR - 2020-04-22 08:33:41 --> Could not find the language line "password"
ERROR - 2020-04-22 14:50:57 --> Could not find the language line "Tạo Điểm Lấy Hàng"
ERROR - 2020-04-22 14:50:57 --> Could not find the language line "Tạo Đơn Hàng"
ERROR - 2020-04-22 14:50:57 --> Could not find the language line "Tải Excel"
ERROR - 2020-04-22 14:50:57 --> Could not find the language line "Đóng"
ERROR - 2020-04-22 14:50:57 --> Could not find the language line "Xác Nhận"
ERROR - 2020-04-22 14:50:57 --> Severity: Warning --> Invalid argument supplied for foreach() /home/admin/domains/spshd.com/public_html/khachhang/application/views/app.php 161
ERROR - 2020-04-22 14:50:57 --> Severity: Warning --> Invalid argument supplied for foreach() /home/admin/domains/spshd.com/public_html/khachhang/application/views/app.php 172
ERROR - 2020-04-22 14:50:57 --> Could not find the language line "Đóng"
ERROR - 2020-04-22 14:50:57 --> Could not find the language line "Xác Nhận"
ERROR - 2020-04-22 14:50:57 --> Could not find the language line "Đóng"
ERROR - 2020-04-22 14:50:57 --> Could not find the language line "Xác Nhận"
ERROR - 2020-04-22 14:50:57 --> Could not find the language line "Đóng"
ERROR - 2020-04-22 14:50:57 --> Could not find the language line "Tải"
ERROR - 2020-04-22 14:50:57 --> Could not find the language line "Tạo Điểm Lấy Hàng"
ERROR - 2020-04-22 14:50:57 --> Could not find the language line "Tạo Đơn Hàng"
ERROR - 2020-04-22 14:50:57 --> Could not find the language line "Tải Excel"
ERROR - 2020-04-22 14:50:57 --> Could not find the language line "Đóng"
ERROR - 2020-04-22 14:50:57 --> Could not find the language line "Xác Nhận"
ERROR - 2020-04-22 14:50:57 --> Severity: Warning --> Invalid argument supplied for foreach() /home/admin/domains/spshd.com/public_html/khachhang/application/views/app.php 161
ERROR - 2020-04-22 14:50:57 --> Severity: Warning --> Invalid argument supplied for foreach() /home/admin/domains/spshd.com/public_html/khachhang/application/views/app.php 172
ERROR - 2020-04-22 14:50:57 --> Could not find the language line "Đóng"
ERROR - 2020-04-22 14:50:57 --> Could not find the language line "Xác Nhận"
ERROR - 2020-04-22 14:50:57 --> Could not find the language line "Đóng"
ERROR - 2020-04-22 14:50:57 --> Could not find the language line "Xác Nhận"
ERROR - 2020-04-22 14:50:57 --> Could not find the language line "Đóng"
ERROR - 2020-04-22 14:50:57 --> Could not find the language line "Tải"
ERROR - 2020-04-22 14:51:48 --> Could not find the language line "Tạo Điểm Lấy Hàng"
ERROR - 2020-04-22 14:51:48 --> Could not find the language line "Tạo Đơn Hàng"
ERROR - 2020-04-22 14:51:48 --> Could not find the language line "Tải Excel"
ERROR - 2020-04-22 14:51:48 --> Could not find the language line "Đóng"
ERROR - 2020-04-22 14:51:48 --> Could not find the language line "Xác Nhận"
ERROR - 2020-04-22 14:51:48 --> Severity: Warning --> Invalid argument supplied for foreach() /home/admin/domains/spshd.com/public_html/khachhang/application/views/app.php 161
ERROR - 2020-04-22 14:51:48 --> Severity: Warning --> Invalid argument supplied for foreach() /home/admin/domains/spshd.com/public_html/khachhang/application/views/app.php 172
ERROR - 2020-04-22 14:51:48 --> Could not find the language line "Đóng"
ERROR - 2020-04-22 14:51:48 --> Could not find the language line "Xác Nhận"
ERROR - 2020-04-22 14:51:48 --> Could not find the language line "Đóng"
ERROR - 2020-04-22 14:51:48 --> Could not find the language line "Xác Nhận"
ERROR - 2020-04-22 14:51:48 --> Could not find the language line "Đóng"
ERROR - 2020-04-22 14:51:48 --> Could not find the language line "Tải"
ERROR - 2020-04-22 14:58:46 --> Could not find the language line "Tạo Điểm Lấy Hàng"
ERROR - 2020-04-22 14:58:46 --> Could not find the language line "Tạo Đơn Hàng"
ERROR - 2020-04-22 14:58:46 --> Could not find the language line "Tải Excel"
ERROR - 2020-04-22 14:58:46 --> Could not find the language line "Đóng"
ERROR - 2020-04-22 14:58:46 --> Could not find the language line "Xác Nhận"
ERROR - 2020-04-22 14:58:46 --> Severity: Warning --> Invalid argument supplied for foreach() /home/admin/domains/spshd.com/public_html/khachhang/application/views/app.php 161
ERROR - 2020-04-22 14:58:46 --> Severity: Warning --> Invalid argument supplied for foreach() /home/admin/domains/spshd.com/public_html/khachhang/application/views/app.php 172
ERROR - 2020-04-22 14:58:46 --> Could not find the language line "Đóng"
ERROR - 2020-04-22 14:58:46 --> Could not find the language line "Xác Nhận"
ERROR - 2020-04-22 14:58:46 --> Could not find the language line "Đóng"
ERROR - 2020-04-22 14:58:46 --> Could not find the language line "Xác Nhận"
ERROR - 2020-04-22 14:58:46 --> Could not find the language line "Đóng"
ERROR - 2020-04-22 14:58:46 --> Could not find the language line "Tải"
ERROR - 2020-04-22 14:58:46 --> Could not find the language line "Tạo Điểm Lấy Hàng"
ERROR - 2020-04-22 14:58:46 --> Could not find the language line "Tạo Đơn Hàng"
ERROR - 2020-04-22 14:58:46 --> Could not find the language line "Tải Excel"
ERROR - 2020-04-22 14:58:46 --> Could not find the language line "Đóng"
ERROR - 2020-04-22 14:58:46 --> Could not find the language line "Xác Nhận"
ERROR - 2020-04-22 14:58:46 --> Severity: Warning --> Invalid argument supplied for foreach() /home/admin/domains/spshd.com/public_html/khachhang/application/views/app.php 161
ERROR - 2020-04-22 14:58:46 --> Severity: Warning --> Invalid argument supplied for foreach() /home/admin/domains/spshd.com/public_html/khachhang/application/views/app.php 172
ERROR - 2020-04-22 14:58:46 --> Could not find the language line "Đóng"
ERROR - 2020-04-22 14:58:46 --> Could not find the language line "Xác Nhận"
ERROR - 2020-04-22 14:58:46 --> Could not find the language line "Đóng"
ERROR - 2020-04-22 14:58:46 --> Could not find the language line "Xác Nhận"
ERROR - 2020-04-22 14:58:46 --> Could not find the language line "Đóng"
ERROR - 2020-04-22 14:58:46 --> Could not find the language line "Tải"
ERROR - 2020-04-22 15:07:56 --> Could not find the language line "Tạo Điểm Lấy Hàng"
ERROR - 2020-04-22 15:07:56 --> Could not find the language line "Tạo Đơn Hàng"
ERROR - 2020-04-22 15:07:56 --> Could not find the language line "Tải Excel"
ERROR - 2020-04-22 15:07:56 --> Could not find the language line "Đóng"
ERROR - 2020-04-22 15:07:56 --> Could not find the language line "Xác Nhận"
ERROR - 2020-04-22 15:07:56 --> Severity: Warning --> Invalid argument supplied for foreach() /home/admin/domains/spshd.com/public_html/khachhang/application/views/app.php 161
ERROR - 2020-04-22 15:07:56 --> Severity: Warning --> Invalid argument supplied for foreach() /home/admin/domains/spshd.com/public_html/khachhang/application/views/app.php 172
ERROR - 2020-04-22 15:07:56 --> Could not find the language line "Đóng"
ERROR - 2020-04-22 15:07:56 --> Could not find the language line "Xác Nhận"
ERROR - 2020-04-22 15:07:56 --> Could not find the language line "Đóng"
ERROR - 2020-04-22 15:07:56 --> Could not find the language line "Xác Nhận"
ERROR - 2020-04-22 15:07:56 --> Could not find the language line "Đóng"
ERROR - 2020-04-22 15:07:56 --> Could not find the language line "Tải"
ERROR - 2020-04-22 15:12:27 --> Could not find the language line "Tạo Điểm Lấy Hàng"
ERROR - 2020-04-22 15:12:27 --> Could not find the language line "Tạo Đơn Hàng"
ERROR - 2020-04-22 15:12:27 --> Could not find the language line "Tải Excel"
ERROR - 2020-04-22 15:12:27 --> Could not find the language line "Đóng"
ERROR - 2020-04-22 15:12:27 --> Could not find the language line "Xác Nhận"
ERROR - 2020-04-22 15:12:27 --> Severity: Warning --> Invalid argument supplied for foreach() /home/admin/domains/spshd.com/public_html/khachhang/application/views/app.php 161
ERROR - 2020-04-22 15:12:27 --> Severity: Warning --> Invalid argument supplied for foreach() /home/admin/domains/spshd.com/public_html/khachhang/application/views/app.php 172
ERROR - 2020-04-22 15:12:27 --> Could not find the language line "Đóng"
ERROR - 2020-04-22 15:12:27 --> Could not find the language line "Xác Nhận"
ERROR - 2020-04-22 15:12:27 --> Could not find the language line "Đóng"
ERROR - 2020-04-22 15:12:27 --> Could not find the language line "Xác Nhận"
ERROR - 2020-04-22 15:12:27 --> Could not find the language line "Đóng"
ERROR - 2020-04-22 15:12:27 --> Could not find the language line "Tải"
ERROR - 2020-04-22 15:12:28 --> Could not find the language line "Tạo Điểm Lấy Hàng"
ERROR - 2020-04-22 15:12:28 --> Could not find the language line "Tạo Đơn Hàng"
ERROR - 2020-04-22 15:12:28 --> Could not find the language line "Tải Excel"
ERROR - 2020-04-22 15:12:28 --> Could not find the language line "Đóng"
ERROR - 2020-04-22 15:12:28 --> Could not find the language line "Xác Nhận"
ERROR - 2020-04-22 15:12:28 --> Severity: Warning --> Invalid argument supplied for foreach() /home/admin/domains/spshd.com/public_html/khachhang/application/views/app.php 161
ERROR - 2020-04-22 15:12:28 --> Severity: Warning --> Invalid argument supplied for foreach() /home/admin/domains/spshd.com/public_html/khachhang/application/views/app.php 172
ERROR - 2020-04-22 15:12:28 --> Could not find the language line "Đóng"
ERROR - 2020-04-22 15:12:28 --> Could not find the language line "Xác Nhận"
ERROR - 2020-04-22 15:12:28 --> Could not find the language line "Đóng"
ERROR - 2020-04-22 15:12:28 --> Could not find the language line "Xác Nhận"
ERROR - 2020-04-22 15:12:28 --> Could not find the language line "Đóng"
ERROR - 2020-04-22 15:12:28 --> Could not find the language line "Tải"
ERROR - 2020-04-22 15:13:04 --> Could not find the language line "Tạo Điểm Lấy Hàng"
ERROR - 2020-04-22 15:13:04 --> Could not find the language line "Tạo Đơn Hàng"
ERROR - 2020-04-22 15:13:04 --> Could not find the language line "Tải Excel"
ERROR - 2020-04-22 15:13:04 --> Could not find the language line "Đóng"
ERROR - 2020-04-22 15:13:04 --> Could not find the language line "Xác Nhận"
ERROR - 2020-04-22 15:13:04 --> Severity: Warning --> Invalid argument supplied for foreach() /home/admin/domains/spshd.com/public_html/khachhang/application/views/app.php 161
ERROR - 2020-04-22 15:13:04 --> Severity: Warning --> Invalid argument supplied for foreach() /home/admin/domains/spshd.com/public_html/khachhang/application/views/app.php 172
ERROR - 2020-04-22 15:13:04 --> Could not find the language line "Đóng"
ERROR - 2020-04-22 15:13:04 --> Could not find the language line "Xác Nhận"
ERROR - 2020-04-22 15:13:04 --> Could not find the language line "Đóng"
ERROR - 2020-04-22 15:13:04 --> Could not find the language line "Xác Nhận"
ERROR - 2020-04-22 15:13:04 --> Could not find the language line "Đóng"
ERROR - 2020-04-22 15:13:04 --> Could not find the language line "Tải"
ERROR - 2020-04-22 15:13:06 --> Could not find the language line "Tạo Điểm Lấy Hàng"
ERROR - 2020-04-22 15:13:06 --> Could not find the language line "Tạo Đơn Hàng"
ERROR - 2020-04-22 15:13:06 --> Could not find the language line "Tải Excel"
ERROR - 2020-04-22 15:13:06 --> Could not find the language line "Đóng"
ERROR - 2020-04-22 15:13:06 --> Could not find the language line "Xác Nhận"
ERROR - 2020-04-22 15:13:06 --> Severity: Warning --> Invalid argument supplied for foreach() /home/admin/domains/spshd.com/public_html/khachhang/application/views/app.php 161
ERROR - 2020-04-22 15:13:06 --> Severity: Warning --> Invalid argument supplied for foreach() /home/admin/domains/spshd.com/public_html/khachhang/application/views/app.php 172
ERROR - 2020-04-22 15:13:06 --> Could not find the language line "Đóng"
ERROR - 2020-04-22 15:13:06 --> Could not find the language line "Xác Nhận"
ERROR - 2020-04-22 15:13:06 --> Could not find the language line "Đóng"
ERROR - 2020-04-22 15:13:06 --> Could not find the language line "Xác Nhận"
ERROR - 2020-04-22 15:13:06 --> Could not find the language line "Đóng"
ERROR - 2020-04-22 15:13:06 --> Could not find the language line "Tải"
ERROR - 2020-04-22 15:13:13 --> Could not find the language line "Tạo Điểm Lấy Hàng"
ERROR - 2020-04-22 15:13:13 --> Could not find the language line "Tạo Đơn Hàng"
ERROR - 2020-04-22 15:13:13 --> Could not find the language line "Tải Excel"
ERROR - 2020-04-22 15:13:13 --> Could not find the language line "Đóng"
ERROR - 2020-04-22 15:13:13 --> Could not find the language line "Xác Nhận"
ERROR - 2020-04-22 15:13:13 --> Severity: Warning --> Invalid argument supplied for foreach() /home/admin/domains/spshd.com/public_html/khachhang/application/views/app.php 161
ERROR - 2020-04-22 15:13:13 --> Severity: Warning --> Invalid argument supplied for foreach() /home/admin/domains/spshd.com/public_html/khachhang/application/views/app.php 172
ERROR - 2020-04-22 15:13:13 --> Could not find the language line "Đóng"
ERROR - 2020-04-22 15:13:13 --> Could not find the language line "Xác Nhận"
ERROR - 2020-04-22 15:13:13 --> Could not find the language line "Đóng"
ERROR - 2020-04-22 15:13:13 --> Could not find the language line "Xác Nhận"
ERROR - 2020-04-22 15:13:13 --> Could not find the language line "Đóng"
ERROR - 2020-04-22 15:13:13 --> Could not find the language line "Tải"
ERROR - 2020-04-22 15:13:31 --> Could not find the language line "Tạo Điểm Lấy Hàng"
ERROR - 2020-04-22 15:13:31 --> Could not find the language line "Tạo Đơn Hàng"
ERROR - 2020-04-22 15:13:31 --> Could not find the language line "Tải Excel"
ERROR - 2020-04-22 15:13:31 --> Could not find the language line "Đóng"
ERROR - 2020-04-22 15:13:31 --> Could not find the language line "Xác Nhận"
ERROR - 2020-04-22 15:13:31 --> Severity: Warning --> Invalid argument supplied for foreach() /home/admin/domains/spshd.com/public_html/khachhang/application/views/app.php 161
ERROR - 2020-04-22 15:13:31 --> Severity: Warning --> Invalid argument supplied for foreach() /home/admin/domains/spshd.com/public_html/khachhang/application/views/app.php 172
ERROR - 2020-04-22 15:13:31 --> Could not find the language line "Đóng"
ERROR - 2020-04-22 15:13:31 --> Could not find the language line "Xác Nhận"
ERROR - 2020-04-22 15:13:31 --> Could not find the language line "Đóng"
ERROR - 2020-04-22 15:13:31 --> Could not find the language line "Xác Nhận"
ERROR - 2020-04-22 15:13:31 --> Could not find the language line "Đóng"
ERROR - 2020-04-22 15:13:31 --> Could not find the language line "Tải"
ERROR - 2020-04-22 15:31:34 --> Could not find the language line "Tạo Điểm Lấy Hàng"
ERROR - 2020-04-22 15:31:34 --> Could not find the language line "Tạo Đơn Hàng"
ERROR - 2020-04-22 15:31:34 --> Could not find the language line "Tải Excel"
ERROR - 2020-04-22 15:31:34 --> Could not find the language line "Đóng"
ERROR - 2020-04-22 15:31:34 --> Could not find the language line "Xác Nhận"
ERROR - 2020-04-22 15:31:34 --> Severity: Warning --> Invalid argument supplied for foreach() /home/admin/domains/spshd.com/public_html/khachhang/application/views/app.php 161
ERROR - 2020-04-22 15:31:34 --> Severity: Warning --> Invalid argument supplied for foreach() /home/admin/domains/spshd.com/public_html/khachhang/application/views/app.php 172
ERROR - 2020-04-22 15:31:34 --> Could not find the language line "Đóng"
ERROR - 2020-04-22 15:31:34 --> Could not find the language line "Xác Nhận"
ERROR - 2020-04-22 15:31:34 --> Could not find the language line "Đóng"
ERROR - 2020-04-22 15:31:34 --> Could not find the language line "Xác Nhận"
ERROR - 2020-04-22 15:31:34 --> Could not find the language line "Đóng"
ERROR - 2020-04-22 15:31:34 --> Could not find the language line "Tải"
ERROR - 2020-04-22 16:08:01 --> Could not find the language line "Tạo Điểm Lấy Hàng"
ERROR - 2020-04-22 16:08:01 --> Could not find the language line "Tạo Đơn Hàng"
ERROR - 2020-04-22 16:08:01 --> Could not find the language line "Tải Excel"
ERROR - 2020-04-22 16:08:01 --> Could not find the language line "Đóng"
ERROR - 2020-04-22 16:08:01 --> Could not find the language line "Xác Nhận"
ERROR - 2020-04-22 16:08:01 --> Severity: Warning --> Invalid argument supplied for foreach() /home/admin/domains/spshd.com/public_html/khachhang/application/views/app.php 161
ERROR - 2020-04-22 16:08:01 --> Severity: Warning --> Invalid argument supplied for foreach() /home/admin/domains/spshd.com/public_html/khachhang/application/views/app.php 172
ERROR - 2020-04-22 16:08:01 --> Could not find the language line "Đóng"
ERROR - 2020-04-22 16:08:01 --> Could not find the language line "Xác Nhận"
ERROR - 2020-04-22 16:08:01 --> Could not find the language line "Đóng"
ERROR - 2020-04-22 16:08:01 --> Could not find the language line "Xác Nhận"
ERROR - 2020-04-22 16:08:01 --> Could not find the language line "Đóng"
ERROR - 2020-04-22 16:08:01 --> Could not find the language line "Tải"
ERROR - 2020-04-22 16:08:06 --> Could not find the language line "Tạo Điểm Lấy Hàng"
ERROR - 2020-04-22 16:08:06 --> Could not find the language line "Tạo Đơn Hàng"
ERROR - 2020-04-22 16:08:06 --> Could not find the language line "Tải Excel"
ERROR - 2020-04-22 16:08:06 --> Could not find the language line "Đóng"
ERROR - 2020-04-22 16:08:06 --> Could not find the language line "Xác Nhận"
ERROR - 2020-04-22 16:08:06 --> Severity: Warning --> Invalid argument supplied for foreach() /home/admin/domains/spshd.com/public_html/khachhang/application/views/app.php 161
ERROR - 2020-04-22 16:08:06 --> Severity: Warning --> Invalid argument supplied for foreach() /home/admin/domains/spshd.com/public_html/khachhang/application/views/app.php 172
ERROR - 2020-04-22 16:08:06 --> Could not find the language line "Đóng"
ERROR - 2020-04-22 16:08:06 --> Could not find the language line "Xác Nhận"
ERROR - 2020-04-22 16:08:06 --> Could not find the language line "Đóng"
ERROR - 2020-04-22 16:08:06 --> Could not find the language line "Xác Nhận"
ERROR - 2020-04-22 16:08:06 --> Could not find the language line "Đóng"
ERROR - 2020-04-22 16:08:06 --> Could not find the language line "Tải"
ERROR - 2020-04-22 16:11:49 --> Could not find the language line "Tạo Điểm Lấy Hàng"
ERROR - 2020-04-22 16:11:49 --> Could not find the language line "Tạo Đơn Hàng"
ERROR - 2020-04-22 16:11:49 --> Could not find the language line "Tải Excel"
ERROR - 2020-04-22 16:11:49 --> Could not find the language line "Đóng"
ERROR - 2020-04-22 16:11:49 --> Could not find the language line "Xác Nhận"
ERROR - 2020-04-22 16:11:49 --> Severity: Warning --> Invalid argument supplied for foreach() /home/admin/domains/spshd.com/public_html/khachhang/application/views/app.php 161
ERROR - 2020-04-22 16:11:49 --> Severity: Warning --> Invalid argument supplied for foreach() /home/admin/domains/spshd.com/public_html/khachhang/application/views/app.php 172
ERROR - 2020-04-22 16:11:49 --> Could not find the language line "Đóng"
ERROR - 2020-04-22 16:11:49 --> Could not find the language line "Xác Nhận"
ERROR - 2020-04-22 16:11:49 --> Could not find the language line "Đóng"
ERROR - 2020-04-22 16:11:49 --> Could not find the language line "Xác Nhận"
ERROR - 2020-04-22 16:11:49 --> Could not find the language line "Đóng"
ERROR - 2020-04-22 16:11:49 --> Could not find the language line "Tải"
ERROR - 2020-04-22 10:27:42 --> Could not find the language line "Email"
ERROR - 2020-04-22 10:27:42 --> Could not find the language line "password"
ERROR - 2020-04-22 10:27:54 --> Could not find the language line "Email"
ERROR - 2020-04-22 10:27:54 --> Could not find the language line "password"
ERROR - 2020-04-22 16:28:06 --> Could not find the language line "Tạo Điểm Lấy Hàng"
ERROR - 2020-04-22 16:28:06 --> Could not find the language line "Tạo Đơn Hàng"
ERROR - 2020-04-22 16:28:06 --> Could not find the language line "Tải Excel"
ERROR - 2020-04-22 16:28:06 --> Could not find the language line "Đóng"
ERROR - 2020-04-22 16:28:06 --> Could not find the language line "Xác Nhận"
ERROR - 2020-04-22 16:28:06 --> Severity: Warning --> Invalid argument supplied for foreach() /home/admin/domains/spshd.com/public_html/khachhang/application/views/app.php 161
ERROR - 2020-04-22 16:28:06 --> Severity: Warning --> Invalid argument supplied for foreach() /home/admin/domains/spshd.com/public_html/khachhang/application/views/app.php 172
ERROR - 2020-04-22 16:28:06 --> Could not find the language line "Đóng"
ERROR - 2020-04-22 16:28:06 --> Could not find the language line "Xác Nhận"
ERROR - 2020-04-22 16:28:06 --> Could not find the language line "Đóng"
ERROR - 2020-04-22 16:28:06 --> Could not find the language line "Xác Nhận"
ERROR - 2020-04-22 16:28:06 --> Could not find the language line "Đóng"
ERROR - 2020-04-22 16:28:06 --> Could not find the language line "Tải"
ERROR - 2020-04-22 16:28:06 --> Could not find the language line "Tạo Điểm Lấy Hàng"
ERROR - 2020-04-22 16:28:06 --> Could not find the language line "Tạo Đơn Hàng"
ERROR - 2020-04-22 16:28:06 --> Could not find the language line "Tải Excel"
ERROR - 2020-04-22 16:28:06 --> Could not find the language line "Đóng"
ERROR - 2020-04-22 16:28:06 --> Could not find the language line "Xác Nhận"
ERROR - 2020-04-22 16:28:06 --> Severity: Warning --> Invalid argument supplied for foreach() /home/admin/domains/spshd.com/public_html/khachhang/application/views/app.php 161
ERROR - 2020-04-22 16:28:06 --> Severity: Warning --> Invalid argument supplied for foreach() /home/admin/domains/spshd.com/public_html/khachhang/application/views/app.php 172
ERROR - 2020-04-22 16:28:06 --> Could not find the language line "Đóng"
ERROR - 2020-04-22 16:28:06 --> Could not find the language line "Xác Nhận"
ERROR - 2020-04-22 16:28:06 --> Could not find the language line "Đóng"
ERROR - 2020-04-22 16:28:06 --> Could not find the language line "Xác Nhận"
ERROR - 2020-04-22 16:28:06 --> Could not find the language line "Đóng"
ERROR - 2020-04-22 16:28:06 --> Could not find the language line "Tải"
ERROR - 2020-04-22 17:05:08 --> Could not find the language line "Tạo Điểm Lấy Hàng"
ERROR - 2020-04-22 17:05:08 --> Could not find the language line "Tạo Đơn Hàng"
ERROR - 2020-04-22 17:05:08 --> Could not find the language line "Tải Excel"
ERROR - 2020-04-22 17:05:08 --> Could not find the language line "Đóng"
ERROR - 2020-04-22 17:05:08 --> Could not find the language line "Xác Nhận"
ERROR - 2020-04-22 17:05:08 --> Severity: Warning --> Invalid argument supplied for foreach() /home/admin/domains/spshd.com/public_html/khachhang/application/views/app.php 161
ERROR - 2020-04-22 17:05:08 --> Severity: Warning --> Invalid argument supplied for foreach() /home/admin/domains/spshd.com/public_html/khachhang/application/views/app.php 172
ERROR - 2020-04-22 17:05:08 --> Could not find the language line "Đóng"
ERROR - 2020-04-22 17:05:08 --> Could not find the language line "Xác Nhận"
ERROR - 2020-04-22 17:05:08 --> Could not find the language line "Đóng"
ERROR - 2020-04-22 17:05:08 --> Could not find the language line "Xác Nhận"
ERROR - 2020-04-22 17:05:08 --> Could not find the language line "Đóng"
ERROR - 2020-04-22 17:05:08 --> Could not find the language line "Tải"
ERROR - 2020-04-22 17:44:01 --> Could not find the language line "Tạo Điểm Lấy Hàng"
ERROR - 2020-04-22 17:44:01 --> Could not find the language line "Tạo Đơn Hàng"
ERROR - 2020-04-22 17:44:01 --> Could not find the language line "Tải Excel"
ERROR - 2020-04-22 17:44:01 --> Could not find the language line "Đóng"
ERROR - 2020-04-22 17:44:01 --> Could not find the language line "Xác Nhận"
ERROR - 2020-04-22 17:44:01 --> Severity: Warning --> Invalid argument supplied for foreach() /home/admin/domains/spshd.com/public_html/khachhang/application/views/app.php 161
ERROR - 2020-04-22 17:44:01 --> Severity: Warning --> Invalid argument supplied for foreach() /home/admin/domains/spshd.com/public_html/khachhang/application/views/app.php 172
ERROR - 2020-04-22 17:44:01 --> Could not find the language line "Đóng"
ERROR - 2020-04-22 17:44:01 --> Could not find the language line "Xác Nhận"
ERROR - 2020-04-22 17:44:01 --> Could not find the language line "Đóng"
ERROR - 2020-04-22 17:44:01 --> Could not find the language line "Xác Nhận"
ERROR - 2020-04-22 17:44:01 --> Could not find the language line "Đóng"
ERROR - 2020-04-22 17:44:01 --> Could not find the language line "Tải"
ERROR - 2020-04-22 17:44:01 --> Could not find the language line "Tạo Điểm Lấy Hàng"
ERROR - 2020-04-22 17:44:01 --> Could not find the language line "Tạo Đơn Hàng"
ERROR - 2020-04-22 17:44:01 --> Could not find the language line "Tải Excel"
ERROR - 2020-04-22 17:44:01 --> Could not find the language line "Đóng"
ERROR - 2020-04-22 17:44:01 --> Could not find the language line "Xác Nhận"
ERROR - 2020-04-22 17:44:01 --> Severity: Warning --> Invalid argument supplied for foreach() /home/admin/domains/spshd.com/public_html/khachhang/application/views/app.php 161
ERROR - 2020-04-22 17:44:01 --> Severity: Warning --> Invalid argument supplied for foreach() /home/admin/domains/spshd.com/public_html/khachhang/application/views/app.php 172
ERROR - 2020-04-22 17:44:01 --> Could not find the language line "Đóng"
ERROR - 2020-04-22 17:44:01 --> Could not find the language line "Xác Nhận"
ERROR - 2020-04-22 17:44:01 --> Could not find the language line "Đóng"
ERROR - 2020-04-22 17:44:01 --> Could not find the language line "Xác Nhận"
ERROR - 2020-04-22 17:44:01 --> Could not find the language line "Đóng"
ERROR - 2020-04-22 17:44:01 --> Could not find the language line "Tải"
ERROR - 2020-04-22 17:59:11 --> Could not find the language line "Tạo Điểm Lấy Hàng"
ERROR - 2020-04-22 17:59:11 --> Could not find the language line "Tạo Đơn Hàng"
ERROR - 2020-04-22 17:59:11 --> Could not find the language line "Tải Excel"
ERROR - 2020-04-22 17:59:11 --> Could not find the language line "Đóng"
ERROR - 2020-04-22 17:59:11 --> Could not find the language line "Xác Nhận"
ERROR - 2020-04-22 17:59:11 --> Severity: Warning --> Invalid argument supplied for foreach() /home/admin/domains/spshd.com/public_html/khachhang/application/views/app.php 161
ERROR - 2020-04-22 17:59:11 --> Severity: Warning --> Invalid argument supplied for foreach() /home/admin/domains/spshd.com/public_html/khachhang/application/views/app.php 172
ERROR - 2020-04-22 17:59:11 --> Could not find the language line "Đóng"
ERROR - 2020-04-22 17:59:11 --> Could not find the language line "Xác Nhận"
ERROR - 2020-04-22 17:59:11 --> Could not find the language line "Đóng"
ERROR - 2020-04-22 17:59:11 --> Could not find the language line "Xác Nhận"
ERROR - 2020-04-22 17:59:11 --> Could not find the language line "Đóng"
ERROR - 2020-04-22 17:59:11 --> Could not find the language line "Tải"
ERROR - 2020-04-22 18:09:17 --> Could not find the language line "Tạo Điểm Lấy Hàng"
ERROR - 2020-04-22 18:09:17 --> Could not find the language line "Tạo Đơn Hàng"
ERROR - 2020-04-22 18:09:17 --> Could not find the language line "Tải Excel"
ERROR - 2020-04-22 18:09:17 --> Could not find the language line "Đóng"
ERROR - 2020-04-22 18:09:17 --> Could not find the language line "Xác Nhận"
ERROR - 2020-04-22 18:09:17 --> Severity: Warning --> Invalid argument supplied for foreach() /home/admin/domains/spshd.com/public_html/khachhang/application/views/app.php 161
ERROR - 2020-04-22 18:09:17 --> Severity: Warning --> Invalid argument supplied for foreach() /home/admin/domains/spshd.com/public_html/khachhang/application/views/app.php 172
ERROR - 2020-04-22 18:09:17 --> Could not find the language line "Đóng"
ERROR - 2020-04-22 18:09:17 --> Could not find the language line "Xác Nhận"
ERROR - 2020-04-22 18:09:17 --> Could not find the language line "Đóng"
ERROR - 2020-04-22 18:09:17 --> Could not find the language line "Xác Nhận"
ERROR - 2020-04-22 18:09:17 --> Could not find the language line "Đóng"
ERROR - 2020-04-22 18:09:17 --> Could not find the language line "Tải"
ERROR - 2020-04-22 18:11:40 --> Could not find the language line "Tạo Điểm Lấy Hàng"
ERROR - 2020-04-22 18:11:40 --> Could not find the language line "Tạo Đơn Hàng"
ERROR - 2020-04-22 18:11:40 --> Could not find the language line "Tải Excel"
ERROR - 2020-04-22 18:11:40 --> Could not find the language line "Đóng"
ERROR - 2020-04-22 18:11:40 --> Could not find the language line "Xác Nhận"
ERROR - 2020-04-22 18:11:40 --> Severity: Warning --> Invalid argument supplied for foreach() /home/admin/domains/spshd.com/public_html/khachhang/application/views/app.php 161
ERROR - 2020-04-22 18:11:40 --> Severity: Warning --> Invalid argument supplied for foreach() /home/admin/domains/spshd.com/public_html/khachhang/application/views/app.php 172
ERROR - 2020-04-22 18:11:40 --> Could not find the language line "Đóng"
ERROR - 2020-04-22 18:11:40 --> Could not find the language line "Xác Nhận"
ERROR - 2020-04-22 18:11:40 --> Could not find the language line "Đóng"
ERROR - 2020-04-22 18:11:40 --> Could not find the language line "Xác Nhận"
ERROR - 2020-04-22 18:11:40 --> Could not find the language line "Đóng"
ERROR - 2020-04-22 18:11:40 --> Could not find the language line "Tải"
ERROR - 2020-04-22 18:12:13 --> Could not find the language line "Tạo Điểm Lấy Hàng"
ERROR - 2020-04-22 18:12:13 --> Could not find the language line "Tạo Đơn Hàng"
ERROR - 2020-04-22 18:12:13 --> Could not find the language line "Tải Excel"
ERROR - 2020-04-22 18:12:13 --> Could not find the language line "Đóng"
ERROR - 2020-04-22 18:12:13 --> Could not find the language line "Xác Nhận"
ERROR - 2020-04-22 18:12:13 --> Severity: Warning --> Invalid argument supplied for foreach() /home/admin/domains/spshd.com/public_html/khachhang/application/views/app.php 161
ERROR - 2020-04-22 18:12:13 --> Severity: Warning --> Invalid argument supplied for foreach() /home/admin/domains/spshd.com/public_html/khachhang/application/views/app.php 172
ERROR - 2020-04-22 18:12:13 --> Could not find the language line "Đóng"
ERROR - 2020-04-22 18:12:13 --> Could not find the language line "Xác Nhận"
ERROR - 2020-04-22 18:12:13 --> Could not find the language line "Đóng"
ERROR - 2020-04-22 18:12:13 --> Could not find the language line "Xác Nhận"
ERROR - 2020-04-22 18:12:13 --> Could not find the language line "Đóng"
ERROR - 2020-04-22 18:12:13 --> Could not find the language line "Tải"
ERROR - 2020-04-22 18:20:52 --> Could not find the language line "Tạo Điểm Lấy Hàng"
ERROR - 2020-04-22 18:20:52 --> Could not find the language line "Tạo Đơn Hàng"
ERROR - 2020-04-22 18:20:52 --> Could not find the language line "Tải Excel"
ERROR - 2020-04-22 18:20:52 --> Could not find the language line "Đóng"
ERROR - 2020-04-22 18:20:52 --> Could not find the language line "Xác Nhận"
ERROR - 2020-04-22 18:20:52 --> Severity: Warning --> Invalid argument supplied for foreach() /home/admin/domains/spshd.com/public_html/khachhang/application/views/app.php 161
ERROR - 2020-04-22 18:20:52 --> Severity: Warning --> Invalid argument supplied for foreach() /home/admin/domains/spshd.com/public_html/khachhang/application/views/app.php 172
ERROR - 2020-04-22 18:20:52 --> Could not find the language line "Đóng"
ERROR - 2020-04-22 18:20:52 --> Could not find the language line "Xác Nhận"
ERROR - 2020-04-22 18:20:52 --> Could not find the language line "Đóng"
ERROR - 2020-04-22 18:20:52 --> Could not find the language line "Xác Nhận"
ERROR - 2020-04-22 18:20:52 --> Could not find the language line "Đóng"
ERROR - 2020-04-22 18:20:52 --> Could not find the language line "Tải"
ERROR - 2020-04-22 18:21:04 --> Could not find the language line "Tạo Điểm Lấy Hàng"
ERROR - 2020-04-22 18:21:04 --> Could not find the language line "Tạo Đơn Hàng"
ERROR - 2020-04-22 18:21:04 --> Could not find the language line "Tải Excel"
ERROR - 2020-04-22 18:21:04 --> Could not find the language line "Đóng"
ERROR - 2020-04-22 18:21:04 --> Could not find the language line "Xác Nhận"
ERROR - 2020-04-22 18:21:04 --> Severity: Warning --> Invalid argument supplied for foreach() /home/admin/domains/spshd.com/public_html/khachhang/application/views/app.php 161
ERROR - 2020-04-22 18:21:04 --> Severity: Warning --> Invalid argument supplied for foreach() /home/admin/domains/spshd.com/public_html/khachhang/application/views/app.php 172
ERROR - 2020-04-22 18:21:04 --> Could not find the language line "Đóng"
ERROR - 2020-04-22 18:21:04 --> Could not find the language line "Xác Nhận"
ERROR - 2020-04-22 18:21:04 --> Could not find the language line "Đóng"
ERROR - 2020-04-22 18:21:04 --> Could not find the language line "Xác Nhận"
ERROR - 2020-04-22 18:21:04 --> Could not find the language line "Đóng"
ERROR - 2020-04-22 18:21:04 --> Could not find the language line "Tải"
ERROR - 2020-04-22 18:21:04 --> Could not find the language line "Tạo Điểm Lấy Hàng"
ERROR - 2020-04-22 18:21:04 --> Could not find the language line "Tạo Đơn Hàng"
ERROR - 2020-04-22 18:21:04 --> Could not find the language line "Tải Excel"
ERROR - 2020-04-22 18:21:04 --> Could not find the language line "Đóng"
ERROR - 2020-04-22 18:21:04 --> Could not find the language line "Xác Nhận"
ERROR - 2020-04-22 18:21:04 --> Severity: Warning --> Invalid argument supplied for foreach() /home/admin/domains/spshd.com/public_html/khachhang/application/views/app.php 161
ERROR - 2020-04-22 18:21:04 --> Severity: Warning --> Invalid argument supplied for foreach() /home/admin/domains/spshd.com/public_html/khachhang/application/views/app.php 172
ERROR - 2020-04-22 18:21:04 --> Could not find the language line "Đóng"
ERROR - 2020-04-22 18:21:04 --> Could not find the language line "Xác Nhận"
ERROR - 2020-04-22 18:21:04 --> Could not find the language line "Đóng"
ERROR - 2020-04-22 18:21:04 --> Could not find the language line "Xác Nhận"
ERROR - 2020-04-22 18:21:04 --> Could not find the language line "Đóng"
ERROR - 2020-04-22 18:21:04 --> Could not find the language line "Tải"
ERROR - 2020-04-22 18:22:10 --> Could not find the language line "Tạo Điểm Lấy Hàng"
ERROR - 2020-04-22 18:22:10 --> Could not find the language line "Tạo Đơn Hàng"
ERROR - 2020-04-22 18:22:10 --> Could not find the language line "Tải Excel"
ERROR - 2020-04-22 18:22:10 --> Could not find the language line "Đóng"
ERROR - 2020-04-22 18:22:10 --> Could not find the language line "Xác Nhận"
ERROR - 2020-04-22 18:22:10 --> Severity: Warning --> Invalid argument supplied for foreach() /home/admin/domains/spshd.com/public_html/khachhang/application/views/app.php 161
ERROR - 2020-04-22 18:22:10 --> Severity: Warning --> Invalid argument supplied for foreach() /home/admin/domains/spshd.com/public_html/khachhang/application/views/app.php 172
ERROR - 2020-04-22 18:22:10 --> Could not find the language line "Đóng"
ERROR - 2020-04-22 18:22:10 --> Could not find the language line "Xác Nhận"
ERROR - 2020-04-22 18:22:10 --> Could not find the language line "Đóng"
ERROR - 2020-04-22 18:22:10 --> Could not find the language line "Xác Nhận"
ERROR - 2020-04-22 18:22:10 --> Could not find the language line "Đóng"
ERROR - 2020-04-22 18:22:10 --> Could not find the language line "Tải"
ERROR - 2020-04-22 18:40:55 --> Could not find the language line "Tạo Điểm Lấy Hàng"
ERROR - 2020-04-22 18:40:55 --> Could not find the language line "Tạo Đơn Hàng"
ERROR - 2020-04-22 18:40:55 --> Could not find the language line "Tải Excel"
ERROR - 2020-04-22 18:40:55 --> Could not find the language line "Đóng"
ERROR - 2020-04-22 18:40:55 --> Could not find the language line "Xác Nhận"
ERROR - 2020-04-22 18:40:55 --> Severity: Warning --> Invalid argument supplied for foreach() /home/admin/domains/spshd.com/public_html/khachhang/application/views/app.php 161
ERROR - 2020-04-22 18:40:55 --> Severity: Warning --> Invalid argument supplied for foreach() /home/admin/domains/spshd.com/public_html/khachhang/application/views/app.php 172
ERROR - 2020-04-22 18:40:55 --> Could not find the language line "Đóng"
ERROR - 2020-04-22 18:40:55 --> Could not find the language line "Xác Nhận"
ERROR - 2020-04-22 18:40:55 --> Could not find the language line "Đóng"
ERROR - 2020-04-22 18:40:55 --> Could not find the language line "Xác Nhận"
ERROR - 2020-04-22 18:40:55 --> Could not find the language line "Đóng"
ERROR - 2020-04-22 18:40:55 --> Could not find the language line "Tải"
ERROR - 2020-04-22 18:52:25 --> Could not find the language line "Tạo Điểm Lấy Hàng"
ERROR - 2020-04-22 18:52:25 --> Could not find the language line "Tạo Đơn Hàng"
ERROR - 2020-04-22 18:52:25 --> Could not find the language line "Tải Excel"
ERROR - 2020-04-22 18:52:25 --> Could not find the language line "Đóng"
ERROR - 2020-04-22 18:52:25 --> Could not find the language line "Xác Nhận"
ERROR - 2020-04-22 18:52:25 --> Severity: Warning --> Invalid argument supplied for foreach() /home/admin/domains/spshd.com/public_html/khachhang/application/views/app.php 161
ERROR - 2020-04-22 18:52:25 --> Severity: Warning --> Invalid argument supplied for foreach() /home/admin/domains/spshd.com/public_html/khachhang/application/views/app.php 172
ERROR - 2020-04-22 18:52:25 --> Could not find the language line "Đóng"
ERROR - 2020-04-22 18:52:25 --> Could not find the language line "Xác Nhận"
ERROR - 2020-04-22 18:52:25 --> Could not find the language line "Đóng"
ERROR - 2020-04-22 18:52:25 --> Could not find the language line "Xác Nhận"
ERROR - 2020-04-22 18:52:25 --> Could not find the language line "Đóng"
ERROR - 2020-04-22 18:52:25 --> Could not find the language line "Tải"
ERROR - 2020-04-22 18:52:26 --> Could not find the language line "Tạo Điểm Lấy Hàng"
ERROR - 2020-04-22 18:52:26 --> Could not find the language line "Tạo Đơn Hàng"
ERROR - 2020-04-22 18:52:26 --> Could not find the language line "Tải Excel"
ERROR - 2020-04-22 18:52:26 --> Could not find the language line "Đóng"
ERROR - 2020-04-22 18:52:26 --> Could not find the language line "Xác Nhận"
ERROR - 2020-04-22 18:52:26 --> Severity: Warning --> Invalid argument supplied for foreach() /home/admin/domains/spshd.com/public_html/khachhang/application/views/app.php 161
ERROR - 2020-04-22 18:52:26 --> Severity: Warning --> Invalid argument supplied for foreach() /home/admin/domains/spshd.com/public_html/khachhang/application/views/app.php 172
ERROR - 2020-04-22 18:52:26 --> Could not find the language line "Đóng"
ERROR - 2020-04-22 18:52:26 --> Could not find the language line "Xác Nhận"
ERROR - 2020-04-22 18:52:26 --> Could not find the language line "Đóng"
ERROR - 2020-04-22 18:52:26 --> Could not find the language line "Xác Nhận"
ERROR - 2020-04-22 18:52:26 --> Could not find the language line "Đóng"
ERROR - 2020-04-22 18:52:26 --> Could not find the language line "Tải"
ERROR - 2020-04-22 19:24:40 --> Could not find the language line "Tạo Điểm Lấy Hàng"
ERROR - 2020-04-22 19:24:40 --> Could not find the language line "Tạo Đơn Hàng"
ERROR - 2020-04-22 19:24:40 --> Could not find the language line "Tải Excel"
ERROR - 2020-04-22 19:24:40 --> Could not find the language line "Đóng"
ERROR - 2020-04-22 19:24:40 --> Could not find the language line "Xác Nhận"
ERROR - 2020-04-22 19:24:40 --> Severity: Warning --> Invalid argument supplied for foreach() /home/admin/domains/spshd.com/public_html/khachhang/application/views/app.php 161
ERROR - 2020-04-22 19:24:40 --> Severity: Warning --> Invalid argument supplied for foreach() /home/admin/domains/spshd.com/public_html/khachhang/application/views/app.php 172
ERROR - 2020-04-22 19:24:40 --> Could not find the language line "Đóng"
ERROR - 2020-04-22 19:24:40 --> Could not find the language line "Xác Nhận"
ERROR - 2020-04-22 19:24:40 --> Could not find the language line "Đóng"
ERROR - 2020-04-22 19:24:40 --> Could not find the language line "Xác Nhận"
ERROR - 2020-04-22 19:24:40 --> Could not find the language line "Đóng"
ERROR - 2020-04-22 19:24:40 --> Could not find the language line "Tải"
ERROR - 2020-04-22 20:45:40 --> Could not find the language line "Tạo Điểm Lấy Hàng"
ERROR - 2020-04-22 20:45:40 --> Could not find the language line "Tạo Đơn Hàng"
ERROR - 2020-04-22 20:45:40 --> Could not find the language line "Tải Excel"
ERROR - 2020-04-22 20:45:40 --> Could not find the language line "Đóng"
ERROR - 2020-04-22 20:45:40 --> Could not find the language line "Xác Nhận"
ERROR - 2020-04-22 20:45:40 --> Severity: Warning --> Invalid argument supplied for foreach() /home/admin/domains/spshd.com/public_html/khachhang/application/views/app.php 161
ERROR - 2020-04-22 20:45:40 --> Severity: Warning --> Invalid argument supplied for foreach() /home/admin/domains/spshd.com/public_html/khachhang/application/views/app.php 172
ERROR - 2020-04-22 20:45:40 --> Could not find the language line "Đóng"
ERROR - 2020-04-22 20:45:40 --> Could not find the language line "Xác Nhận"
ERROR - 2020-04-22 20:45:40 --> Could not find the language line "Đóng"
ERROR - 2020-04-22 20:45:40 --> Could not find the language line "Xác Nhận"
ERROR - 2020-04-22 20:45:40 --> Could not find the language line "Đóng"
ERROR - 2020-04-22 20:45:40 --> Could not find the language line "Tải"
ERROR - 2020-04-22 20:45:40 --> Could not find the language line "Tạo Điểm Lấy Hàng"
ERROR - 2020-04-22 20:45:40 --> Could not find the language line "Tạo Đơn Hàng"
ERROR - 2020-04-22 20:45:40 --> Could not find the language line "Tải Excel"
ERROR - 2020-04-22 20:45:40 --> Could not find the language line "Đóng"
ERROR - 2020-04-22 20:45:40 --> Could not find the language line "Xác Nhận"
ERROR - 2020-04-22 20:45:40 --> Severity: Warning --> Invalid argument supplied for foreach() /home/admin/domains/spshd.com/public_html/khachhang/application/views/app.php 161
ERROR - 2020-04-22 20:45:40 --> Severity: Warning --> Invalid argument supplied for foreach() /home/admin/domains/spshd.com/public_html/khachhang/application/views/app.php 172
ERROR - 2020-04-22 20:45:40 --> Could not find the language line "Đóng"
ERROR - 2020-04-22 20:45:40 --> Could not find the language line "Xác Nhận"
ERROR - 2020-04-22 20:45:40 --> Could not find the language line "Đóng"
ERROR - 2020-04-22 20:45:40 --> Could not find the language line "Xác Nhận"
ERROR - 2020-04-22 20:45:40 --> Could not find the language line "Đóng"
ERROR - 2020-04-22 20:45:40 --> Could not find the language line "Tải"
ERROR - 2020-04-22 22:16:35 --> Could not find the language line "Tạo Điểm Lấy Hàng"
ERROR - 2020-04-22 22:16:35 --> Could not find the language line "Tạo Đơn Hàng"
ERROR - 2020-04-22 22:16:35 --> Could not find the language line "Tải Excel"
ERROR - 2020-04-22 22:16:35 --> Could not find the language line "Đóng"
ERROR - 2020-04-22 22:16:35 --> Could not find the language line "Xác Nhận"
ERROR - 2020-04-22 22:16:35 --> Severity: Warning --> Invalid argument supplied for foreach() /home/admin/domains/spshd.com/public_html/khachhang/application/views/app.php 161
ERROR - 2020-04-22 22:16:35 --> Severity: Warning --> Invalid argument supplied for foreach() /home/admin/domains/spshd.com/public_html/khachhang/application/views/app.php 172
ERROR - 2020-04-22 22:16:35 --> Could not find the language line "Đóng"
ERROR - 2020-04-22 22:16:35 --> Could not find the language line "Xác Nhận"
ERROR - 2020-04-22 22:16:35 --> Could not find the language line "Đóng"
ERROR - 2020-04-22 22:16:35 --> Could not find the language line "Xác Nhận"
ERROR - 2020-04-22 22:16:35 --> Could not find the language line "Đóng"
ERROR - 2020-04-22 22:16:35 --> Could not find the language line "Tải"
ERROR - 2020-04-22 22:57:34 --> Could not find the language line "Tạo Điểm Lấy Hàng"
ERROR - 2020-04-22 22:57:34 --> Could not find the language line "Tạo Đơn Hàng"
ERROR - 2020-04-22 22:57:34 --> Could not find the language line "Tải Excel"
ERROR - 2020-04-22 22:57:34 --> Could not find the language line "Đóng"
ERROR - 2020-04-22 22:57:34 --> Could not find the language line "Xác Nhận"
ERROR - 2020-04-22 22:57:34 --> Severity: Warning --> Invalid argument supplied for foreach() /home/admin/domains/spshd.com/public_html/khachhang/application/views/app.php 161
ERROR - 2020-04-22 22:57:34 --> Severity: Warning --> Invalid argument supplied for foreach() /home/admin/domains/spshd.com/public_html/khachhang/application/views/app.php 172
ERROR - 2020-04-22 22:57:34 --> Could not find the language line "Đóng"
ERROR - 2020-04-22 22:57:34 --> Could not find the language line "Xác Nhận"
ERROR - 2020-04-22 22:57:34 --> Could not find the language line "Đóng"
ERROR - 2020-04-22 22:57:34 --> Could not find the language line "Xác Nhận"
ERROR - 2020-04-22 22:57:34 --> Could not find the language line "Đóng"
ERROR - 2020-04-22 22:57:34 --> Could not find the language line "Tải"
ERROR - 2020-04-22 23:36:22 --> Could not find the language line "Tạo Điểm Lấy Hàng"
ERROR - 2020-04-22 23:36:22 --> Could not find the language line "Tạo Đơn Hàng"
ERROR - 2020-04-22 23:36:22 --> Could not find the language line "Tải Excel"
ERROR - 2020-04-22 23:36:22 --> Could not find the language line "Đóng"
ERROR - 2020-04-22 23:36:22 --> Could not find the language line "Xác Nhận"
ERROR - 2020-04-22 23:36:22 --> Severity: Warning --> Invalid argument supplied for foreach() /home/admin/domains/spshd.com/public_html/khachhang/application/views/app.php 161
ERROR - 2020-04-22 23:36:22 --> Severity: Warning --> Invalid argument supplied for foreach() /home/admin/domains/spshd.com/public_html/khachhang/application/views/app.php 172
ERROR - 2020-04-22 23:36:22 --> Could not find the language line "Đóng"
ERROR - 2020-04-22 23:36:22 --> Could not find the language line "Xác Nhận"
ERROR - 2020-04-22 23:36:22 --> Could not find the language line "Đóng"
ERROR - 2020-04-22 23:36:22 --> Could not find the language line "Xác Nhận"
ERROR - 2020-04-22 23:36:22 --> Could not find the language line "Đóng"
ERROR - 2020-04-22 23:36:22 --> Could not find the language line "Tải"
ERROR - 2020-04-22 19:42:21 --> Could not find the language line "Email"
ERROR - 2020-04-22 19:42:21 --> Could not find the language line "password"
