ERROR - 2019-10-26 04:17:31 --> Could not find the language line "Email"
ERROR - 2019-10-26 04:17:31 --> Could not find the language line "password"
ERROR - 2019-10-26 04:21:56 --> Could not find the language line "Tạo Điểm Lấy Hàng"
ERROR - 2019-10-26 04:21:56 --> Could not find the language line "Tạo Đơn Hàng"
ERROR - 2019-10-26 04:21:56 --> Severity: Warning --> Invalid argument supplied for foreach() /home/admin/domains/spshd.com/public_html/khachhang/application/views/tab4.php 394
ERROR - 2019-10-26 04:21:56 --> Could not find the language line "Đóng"
ERROR - 2019-10-26 04:21:56 --> Could not find the language line "Xác Nhận"
ERROR - 2019-10-26 04:21:56 --> Severity: Warning --> Invalid argument supplied for foreach() /home/admin/domains/spshd.com/public_html/khachhang/application/views/app.php 157
ERROR - 2019-10-26 04:21:56 --> Severity: Warning --> Invalid argument supplied for foreach() /home/admin/domains/spshd.com/public_html/khachhang/application/views/app.php 168
ERROR - 2019-10-26 04:21:56 --> Could not find the language line "Đóng"
ERROR - 2019-10-26 04:21:56 --> Could not find the language line "Xác Nhận"
ERROR - 2019-10-26 04:21:56 --> Could not find the language line "Đóng"
ERROR - 2019-10-26 04:21:56 --> Could not find the language line "Xác Nhận"
ERROR - 2019-10-26 04:25:59 --> Could not find the language line "Tạo Điểm Lấy Hàng"
ERROR - 2019-10-26 04:25:59 --> Could not find the language line "Tạo Đơn Hàng"
ERROR - 2019-10-26 04:25:59 --> Severity: Warning --> Invalid argument supplied for foreach() /home/admin/domains/spshd.com/public_html/khachhang/application/views/tab4.php 394
ERROR - 2019-10-26 04:25:59 --> Could not find the language line "Đóng"
ERROR - 2019-10-26 04:25:59 --> Could not find the language line "Xác Nhận"
ERROR - 2019-10-26 04:25:59 --> Severity: Warning --> Invalid argument supplied for foreach() /home/admin/domains/spshd.com/public_html/khachhang/application/views/app.php 157
ERROR - 2019-10-26 04:25:59 --> Severity: Warning --> Invalid argument supplied for foreach() /home/admin/domains/spshd.com/public_html/khachhang/application/views/app.php 168
ERROR - 2019-10-26 04:25:59 --> Could not find the language line "Đóng"
ERROR - 2019-10-26 04:25:59 --> Could not find the language line "Xác Nhận"
ERROR - 2019-10-26 04:25:59 --> Could not find the language line "Đóng"
ERROR - 2019-10-26 04:25:59 --> Could not find the language line "Xác Nhận"
ERROR - 2019-10-26 05:43:19 --> Could not find the language line "Email"
ERROR - 2019-10-26 05:43:19 --> Could not find the language line "password"
ERROR - 2019-10-26 06:15:26 --> Could not find the language line "Tạo Điểm Lấy Hàng"
ERROR - 2019-10-26 06:15:26 --> Could not find the language line "Tạo Đơn Hàng"
ERROR - 2019-10-26 06:15:26 --> Severity: Warning --> Invalid argument supplied for foreach() /home/admin/domains/spshd.com/public_html/khachhang/application/views/tab4.php 394
ERROR - 2019-10-26 06:15:26 --> Could not find the language line "Đóng"
ERROR - 2019-10-26 06:15:26 --> Could not find the language line "Xác Nhận"
ERROR - 2019-10-26 06:15:26 --> Severity: Warning --> Invalid argument supplied for foreach() /home/admin/domains/spshd.com/public_html/khachhang/application/views/app.php 157
ERROR - 2019-10-26 06:15:26 --> Severity: Warning --> Invalid argument supplied for foreach() /home/admin/domains/spshd.com/public_html/khachhang/application/views/app.php 168
ERROR - 2019-10-26 06:15:26 --> Could not find the language line "Đóng"
ERROR - 2019-10-26 06:15:26 --> Could not find the language line "Xác Nhận"
ERROR - 2019-10-26 06:15:26 --> Could not find the language line "Đóng"
ERROR - 2019-10-26 06:15:26 --> Could not find the language line "Xác Nhận"
ERROR - 2019-10-26 06:33:29 --> Could not find the language line "Email"
ERROR - 2019-10-26 06:33:29 --> Could not find the language line "password"
ERROR - 2019-10-26 06:33:52 --> Could not find the language line "Email"
ERROR - 2019-10-26 06:33:52 --> Could not find the language line "password"
ERROR - 2019-10-26 06:35:36 --> Could not find the language line "Email"
ERROR - 2019-10-26 06:35:36 --> Could not find the language line "password"
ERROR - 2019-10-26 06:36:30 --> Could not find the language line "Email"
ERROR - 2019-10-26 06:36:30 --> Could not find the language line "password"
ERROR - 2019-10-26 06:40:49 --> Could not find the language line "Email"
ERROR - 2019-10-26 06:40:49 --> Could not find the language line "password"
ERROR - 2019-10-26 08:25:35 --> Could not find the language line "Tạo Điểm Lấy Hàng"
ERROR - 2019-10-26 08:25:35 --> Could not find the language line "Tạo Đơn Hàng"
ERROR - 2019-10-26 08:25:35 --> Severity: Warning --> Invalid argument supplied for foreach() /home/admin/domains/spshd.com/public_html/khachhang/application/views/tab4.php 394
ERROR - 2019-10-26 08:25:35 --> Could not find the language line "Đóng"
ERROR - 2019-10-26 08:25:35 --> Could not find the language line "Xác Nhận"
ERROR - 2019-10-26 08:25:35 --> Severity: Warning --> Invalid argument supplied for foreach() /home/admin/domains/spshd.com/public_html/khachhang/application/views/app.php 157
ERROR - 2019-10-26 08:25:35 --> Severity: Warning --> Invalid argument supplied for foreach() /home/admin/domains/spshd.com/public_html/khachhang/application/views/app.php 168
ERROR - 2019-10-26 08:25:35 --> Could not find the language line "Đóng"
ERROR - 2019-10-26 08:25:35 --> Could not find the language line "Xác Nhận"
ERROR - 2019-10-26 08:25:35 --> Could not find the language line "Đóng"
ERROR - 2019-10-26 08:25:35 --> Could not find the language line "Xác Nhận"
ERROR - 2019-10-26 08:51:38 --> Could not find the language line "Email"
ERROR - 2019-10-26 08:51:38 --> Could not find the language line "password"
ERROR - 2019-10-26 08:52:05 --> Could not find the language line "Tạo Điểm Lấy Hàng"
ERROR - 2019-10-26 08:52:05 --> Could not find the language line "Tạo Đơn Hàng"
ERROR - 2019-10-26 08:52:05 --> Severity: Warning --> Invalid argument supplied for foreach() /home/admin/domains/spshd.com/public_html/khachhang/application/views/tab4.php 394
ERROR - 2019-10-26 08:52:05 --> Could not find the language line "Đóng"
ERROR - 2019-10-26 08:52:05 --> Could not find the language line "Xác Nhận"
ERROR - 2019-10-26 08:52:05 --> Severity: Warning --> Invalid argument supplied for foreach() /home/admin/domains/spshd.com/public_html/khachhang/application/views/app.php 157
ERROR - 2019-10-26 08:52:05 --> Severity: Warning --> Invalid argument supplied for foreach() /home/admin/domains/spshd.com/public_html/khachhang/application/views/app.php 168
ERROR - 2019-10-26 08:52:05 --> Could not find the language line "Đóng"
ERROR - 2019-10-26 08:52:05 --> Could not find the language line "Xác Nhận"
ERROR - 2019-10-26 08:52:05 --> Could not find the language line "Đóng"
ERROR - 2019-10-26 08:52:05 --> Could not find the language line "Xác Nhận"
ERROR - 2019-10-26 17:09:39 --> Could not find the language line "Email"
ERROR - 2019-10-26 17:09:39 --> Could not find the language line "password"
ERROR - 2019-10-26 17:25:50 --> Could not find the language line "Tạo Điểm Lấy Hàng"
ERROR - 2019-10-26 17:25:50 --> Could not find the language line "Tạo Đơn Hàng"
ERROR - 2019-10-26 17:25:50 --> Severity: Warning --> Invalid argument supplied for foreach() /home/admin/domains/spshd.com/public_html/khachhang/application/views/tab4.php 394
ERROR - 2019-10-26 17:25:50 --> Could not find the language line "Đóng"
ERROR - 2019-10-26 17:25:50 --> Could not find the language line "Xác Nhận"
ERROR - 2019-10-26 17:25:50 --> Severity: Warning --> Invalid argument supplied for foreach() /home/admin/domains/spshd.com/public_html/khachhang/application/views/app.php 157
ERROR - 2019-10-26 17:25:50 --> Severity: Warning --> Invalid argument supplied for foreach() /home/admin/domains/spshd.com/public_html/khachhang/application/views/app.php 168
ERROR - 2019-10-26 17:25:50 --> Could not find the language line "Đóng"
ERROR - 2019-10-26 17:25:50 --> Could not find the language line "Xác Nhận"
ERROR - 2019-10-26 17:25:50 --> Could not find the language line "Đóng"
ERROR - 2019-10-26 17:25:50 --> Could not find the language line "Xác Nhận"
ERROR - 2019-10-26 17:26:36 --> Could not find the language line "Email"
ERROR - 2019-10-26 17:26:36 --> Could not find the language line "password"
ERROR - 2019-10-26 18:19:50 --> Could not find the language line "Email"
ERROR - 2019-10-26 18:19:50 --> Could not find the language line "password"
