ERROR - 2020-01-05 01:24:08 --> Could not find the language line "Email"
ERROR - 2020-01-05 01:24:08 --> Could not find the language line "password"
ERROR - 2020-01-05 02:41:37 --> Could not find the language line "Tạo Điểm Lấy Hàng"
ERROR - 2020-01-05 02:41:37 --> Could not find the language line "Tạo Đơn Hàng"
ERROR - 2020-01-05 02:41:37 --> Severity: Warning --> Invalid argument supplied for foreach() /home/admin/domains/spshd.com/public_html/khachhang/application/views/tab4.php 394
ERROR - 2020-01-05 02:41:37 --> Could not find the language line "Đóng"
ERROR - 2020-01-05 02:41:37 --> Could not find the language line "Xác Nhận"
ERROR - 2020-01-05 02:41:37 --> Severity: Warning --> Invalid argument supplied for foreach() /home/admin/domains/spshd.com/public_html/khachhang/application/views/app.php 157
ERROR - 2020-01-05 02:41:37 --> Severity: Warning --> Invalid argument supplied for foreach() /home/admin/domains/spshd.com/public_html/khachhang/application/views/app.php 168
ERROR - 2020-01-05 02:41:37 --> Could not find the language line "Đóng"
ERROR - 2020-01-05 02:41:37 --> Could not find the language line "Xác Nhận"
ERROR - 2020-01-05 02:41:37 --> Could not find the language line "Đóng"
ERROR - 2020-01-05 02:41:37 --> Could not find the language line "Xác Nhận"
ERROR - 2020-01-05 02:41:38 --> Could not find the language line "Tạo Điểm Lấy Hàng"
ERROR - 2020-01-05 02:41:38 --> Could not find the language line "Tạo Đơn Hàng"
ERROR - 2020-01-05 02:41:38 --> Severity: Warning --> Invalid argument supplied for foreach() /home/admin/domains/spshd.com/public_html/khachhang/application/views/tab4.php 394
ERROR - 2020-01-05 02:41:38 --> Could not find the language line "Đóng"
ERROR - 2020-01-05 02:41:38 --> Could not find the language line "Xác Nhận"
ERROR - 2020-01-05 02:41:38 --> Severity: Warning --> Invalid argument supplied for foreach() /home/admin/domains/spshd.com/public_html/khachhang/application/views/app.php 157
ERROR - 2020-01-05 02:41:38 --> Severity: Warning --> Invalid argument supplied for foreach() /home/admin/domains/spshd.com/public_html/khachhang/application/views/app.php 168
ERROR - 2020-01-05 02:41:38 --> Could not find the language line "Đóng"
ERROR - 2020-01-05 02:41:38 --> Could not find the language line "Xác Nhận"
ERROR - 2020-01-05 02:41:38 --> Could not find the language line "Đóng"
ERROR - 2020-01-05 02:41:38 --> Could not find the language line "Xác Nhận"
ERROR - 2020-01-05 04:18:36 --> Could not find the language line "Tạo Điểm Lấy Hàng"
ERROR - 2020-01-05 04:18:36 --> Could not find the language line "Tạo Đơn Hàng"
ERROR - 2020-01-05 04:18:36 --> Severity: Warning --> Invalid argument supplied for foreach() /home/admin/domains/spshd.com/public_html/khachhang/application/views/tab4.php 394
ERROR - 2020-01-05 04:18:36 --> Could not find the language line "Đóng"
ERROR - 2020-01-05 04:18:36 --> Could not find the language line "Xác Nhận"
ERROR - 2020-01-05 04:18:36 --> Severity: Warning --> Invalid argument supplied for foreach() /home/admin/domains/spshd.com/public_html/khachhang/application/views/app.php 157
ERROR - 2020-01-05 04:18:36 --> Severity: Warning --> Invalid argument supplied for foreach() /home/admin/domains/spshd.com/public_html/khachhang/application/views/app.php 168
ERROR - 2020-01-05 04:18:36 --> Could not find the language line "Đóng"
ERROR - 2020-01-05 04:18:36 --> Could not find the language line "Xác Nhận"
ERROR - 2020-01-05 04:18:36 --> Could not find the language line "Đóng"
ERROR - 2020-01-05 04:18:36 --> Could not find the language line "Xác Nhận"
ERROR - 2020-01-05 04:18:56 --> Could not find the language line "Tạo Điểm Lấy Hàng"
ERROR - 2020-01-05 04:18:56 --> Could not find the language line "Tạo Đơn Hàng"
ERROR - 2020-01-05 04:18:56 --> Severity: Warning --> Invalid argument supplied for foreach() /home/admin/domains/spshd.com/public_html/khachhang/application/views/tab4.php 394
ERROR - 2020-01-05 04:18:56 --> Could not find the language line "Đóng"
ERROR - 2020-01-05 04:18:56 --> Could not find the language line "Xác Nhận"
ERROR - 2020-01-05 04:18:56 --> Severity: Warning --> Invalid argument supplied for foreach() /home/admin/domains/spshd.com/public_html/khachhang/application/views/app.php 157
ERROR - 2020-01-05 04:18:56 --> Severity: Warning --> Invalid argument supplied for foreach() /home/admin/domains/spshd.com/public_html/khachhang/application/views/app.php 168
ERROR - 2020-01-05 04:18:56 --> Could not find the language line "Đóng"
ERROR - 2020-01-05 04:18:56 --> Could not find the language line "Xác Nhận"
ERROR - 2020-01-05 04:18:56 --> Could not find the language line "Đóng"
ERROR - 2020-01-05 04:18:56 --> Could not find the language line "Xác Nhận"
ERROR - 2020-01-05 04:36:44 --> Could not find the language line "Tạo Điểm Lấy Hàng"
ERROR - 2020-01-05 04:36:44 --> Could not find the language line "Tạo Đơn Hàng"
ERROR - 2020-01-05 04:36:44 --> Severity: Warning --> Invalid argument supplied for foreach() /home/admin/domains/spshd.com/public_html/khachhang/application/views/tab4.php 394
ERROR - 2020-01-05 04:36:44 --> Could not find the language line "Đóng"
ERROR - 2020-01-05 04:36:44 --> Could not find the language line "Xác Nhận"
ERROR - 2020-01-05 04:36:44 --> Severity: Warning --> Invalid argument supplied for foreach() /home/admin/domains/spshd.com/public_html/khachhang/application/views/app.php 157
ERROR - 2020-01-05 04:36:44 --> Severity: Warning --> Invalid argument supplied for foreach() /home/admin/domains/spshd.com/public_html/khachhang/application/views/app.php 168
ERROR - 2020-01-05 04:36:44 --> Could not find the language line "Đóng"
ERROR - 2020-01-05 04:36:44 --> Could not find the language line "Xác Nhận"
ERROR - 2020-01-05 04:36:44 --> Could not find the language line "Đóng"
ERROR - 2020-01-05 04:36:44 --> Could not find the language line "Xác Nhận"
ERROR - 2020-01-05 04:37:16 --> Could not find the language line "Tạo Điểm Lấy Hàng"
ERROR - 2020-01-05 04:37:16 --> Could not find the language line "Tạo Đơn Hàng"
ERROR - 2020-01-05 04:37:16 --> Severity: Warning --> Invalid argument supplied for foreach() /home/admin/domains/spshd.com/public_html/khachhang/application/views/tab4.php 394
ERROR - 2020-01-05 04:37:16 --> Could not find the language line "Đóng"
ERROR - 2020-01-05 04:37:16 --> Could not find the language line "Xác Nhận"
ERROR - 2020-01-05 04:37:16 --> Severity: Warning --> Invalid argument supplied for foreach() /home/admin/domains/spshd.com/public_html/khachhang/application/views/app.php 157
ERROR - 2020-01-05 04:37:16 --> Severity: Warning --> Invalid argument supplied for foreach() /home/admin/domains/spshd.com/public_html/khachhang/application/views/app.php 168
ERROR - 2020-01-05 04:37:16 --> Could not find the language line "Đóng"
ERROR - 2020-01-05 04:37:16 --> Could not find the language line "Xác Nhận"
ERROR - 2020-01-05 04:37:16 --> Could not find the language line "Đóng"
ERROR - 2020-01-05 04:37:16 --> Could not find the language line "Xác Nhận"
ERROR - 2020-01-05 04:52:24 --> Could not find the language line "Email"
ERROR - 2020-01-05 04:52:24 --> Could not find the language line "password"
ERROR - 2020-01-05 04:59:38 --> Could not find the language line "Tạo Điểm Lấy Hàng"
ERROR - 2020-01-05 04:59:38 --> Could not find the language line "Tạo Đơn Hàng"
ERROR - 2020-01-05 04:59:38 --> Severity: Warning --> Invalid argument supplied for foreach() /home/admin/domains/spshd.com/public_html/khachhang/application/views/tab4.php 394
ERROR - 2020-01-05 04:59:38 --> Could not find the language line "Đóng"
ERROR - 2020-01-05 04:59:38 --> Could not find the language line "Xác Nhận"
ERROR - 2020-01-05 04:59:38 --> Severity: Warning --> Invalid argument supplied for foreach() /home/admin/domains/spshd.com/public_html/khachhang/application/views/app.php 157
ERROR - 2020-01-05 04:59:38 --> Severity: Warning --> Invalid argument supplied for foreach() /home/admin/domains/spshd.com/public_html/khachhang/application/views/app.php 168
ERROR - 2020-01-05 04:59:38 --> Could not find the language line "Đóng"
ERROR - 2020-01-05 04:59:38 --> Could not find the language line "Xác Nhận"
ERROR - 2020-01-05 04:59:38 --> Could not find the language line "Đóng"
ERROR - 2020-01-05 04:59:38 --> Could not find the language line "Xác Nhận"
ERROR - 2020-01-05 07:39:37 --> Could not find the language line "Tạo Điểm Lấy Hàng"
ERROR - 2020-01-05 07:39:37 --> Could not find the language line "Tạo Đơn Hàng"
ERROR - 2020-01-05 07:39:37 --> Severity: Warning --> Invalid argument supplied for foreach() /home/admin/domains/spshd.com/public_html/khachhang/application/views/tab4.php 394
ERROR - 2020-01-05 07:39:37 --> Could not find the language line "Đóng"
ERROR - 2020-01-05 07:39:37 --> Could not find the language line "Xác Nhận"
ERROR - 2020-01-05 07:39:37 --> Severity: Warning --> Invalid argument supplied for foreach() /home/admin/domains/spshd.com/public_html/khachhang/application/views/app.php 157
ERROR - 2020-01-05 07:39:37 --> Severity: Warning --> Invalid argument supplied for foreach() /home/admin/domains/spshd.com/public_html/khachhang/application/views/app.php 168
ERROR - 2020-01-05 07:39:37 --> Could not find the language line "Đóng"
ERROR - 2020-01-05 07:39:37 --> Could not find the language line "Xác Nhận"
ERROR - 2020-01-05 07:39:37 --> Could not find the language line "Đóng"
ERROR - 2020-01-05 07:39:37 --> Could not find the language line "Xác Nhận"
ERROR - 2020-01-05 09:09:24 --> Could not find the language line "Tạo Điểm Lấy Hàng"
ERROR - 2020-01-05 09:09:24 --> Could not find the language line "Tạo Đơn Hàng"
ERROR - 2020-01-05 09:09:24 --> Severity: Warning --> Invalid argument supplied for foreach() /home/admin/domains/spshd.com/public_html/khachhang/application/views/tab4.php 394
ERROR - 2020-01-05 09:09:24 --> Could not find the language line "Đóng"
ERROR - 2020-01-05 09:09:24 --> Could not find the language line "Xác Nhận"
ERROR - 2020-01-05 09:09:24 --> Severity: Warning --> Invalid argument supplied for foreach() /home/admin/domains/spshd.com/public_html/khachhang/application/views/app.php 157
ERROR - 2020-01-05 09:09:24 --> Severity: Warning --> Invalid argument supplied for foreach() /home/admin/domains/spshd.com/public_html/khachhang/application/views/app.php 168
ERROR - 2020-01-05 09:09:24 --> Could not find the language line "Đóng"
ERROR - 2020-01-05 09:09:24 --> Could not find the language line "Xác Nhận"
ERROR - 2020-01-05 09:09:24 --> Could not find the language line "Đóng"
ERROR - 2020-01-05 09:09:24 --> Could not find the language line "Xác Nhận"
ERROR - 2020-01-05 15:31:14 --> Could not find the language line "Email"
ERROR - 2020-01-05 15:31:14 --> Could not find the language line "password"
ERROR - 2020-01-05 15:31:55 --> Could not find the language line "Email"
ERROR - 2020-01-05 15:31:55 --> Could not find the language line "password"
ERROR - 2020-01-05 15:47:31 --> Could not find the language line "Email"
ERROR - 2020-01-05 15:47:31 --> Could not find the language line "password"
ERROR - 2020-01-05 15:57:43 --> Could not find the language line "Email"
ERROR - 2020-01-05 15:57:43 --> Could not find the language line "password"
ERROR - 2020-01-05 16:00:49 --> Could not find the language line "Email"
ERROR - 2020-01-05 16:00:49 --> Could not find the language line "password"
ERROR - 2020-01-05 16:03:31 --> Could not find the language line "Email"
ERROR - 2020-01-05 16:03:31 --> Could not find the language line "password"
ERROR - 2020-01-05 16:39:07 --> Could not find the language line "Email"
ERROR - 2020-01-05 16:39:07 --> Could not find the language line "password"
ERROR - 2020-01-05 23:23:30 --> Could not find the language line "Email"
ERROR - 2020-01-05 23:23:30 --> Could not find the language line "password"
