ERROR - 2019-11-16 01:36:10 --> Could not find the language line "Tạo Điểm Lấy Hàng"
ERROR - 2019-11-16 01:36:10 --> Could not find the language line "Tạo Đơn Hàng"
ERROR - 2019-11-16 01:36:10 --> Severity: Warning --> Invalid argument supplied for foreach() /home/admin/domains/spshd.com/public_html/khachhang/application/views/tab4.php 394
ERROR - 2019-11-16 01:36:10 --> Could not find the language line "Đóng"
ERROR - 2019-11-16 01:36:10 --> Could not find the language line "Xác Nhận"
ERROR - 2019-11-16 01:36:10 --> Severity: Warning --> Invalid argument supplied for foreach() /home/admin/domains/spshd.com/public_html/khachhang/application/views/app.php 157
ERROR - 2019-11-16 01:36:10 --> Severity: Warning --> Invalid argument supplied for foreach() /home/admin/domains/spshd.com/public_html/khachhang/application/views/app.php 168
ERROR - 2019-11-16 01:36:10 --> Could not find the language line "Đóng"
ERROR - 2019-11-16 01:36:10 --> Could not find the language line "Xác Nhận"
ERROR - 2019-11-16 01:36:10 --> Could not find the language line "Đóng"
ERROR - 2019-11-16 01:36:10 --> Could not find the language line "Xác Nhận"
ERROR - 2019-11-16 01:36:30 --> Could not find the language line "Tạo Điểm Lấy Hàng"
ERROR - 2019-11-16 01:36:30 --> Could not find the language line "Tạo Đơn Hàng"
ERROR - 2019-11-16 01:36:30 --> Severity: Warning --> Invalid argument supplied for foreach() /home/admin/domains/spshd.com/public_html/khachhang/application/views/tab4.php 394
ERROR - 2019-11-16 01:36:30 --> Could not find the language line "Đóng"
ERROR - 2019-11-16 01:36:30 --> Could not find the language line "Xác Nhận"
ERROR - 2019-11-16 01:36:30 --> Severity: Warning --> Invalid argument supplied for foreach() /home/admin/domains/spshd.com/public_html/khachhang/application/views/app.php 157
ERROR - 2019-11-16 01:36:30 --> Severity: Warning --> Invalid argument supplied for foreach() /home/admin/domains/spshd.com/public_html/khachhang/application/views/app.php 168
ERROR - 2019-11-16 01:36:30 --> Could not find the language line "Đóng"
ERROR - 2019-11-16 01:36:30 --> Could not find the language line "Xác Nhận"
ERROR - 2019-11-16 01:36:30 --> Could not find the language line "Đóng"
ERROR - 2019-11-16 01:36:30 --> Could not find the language line "Xác Nhận"
ERROR - 2019-11-16 01:36:48 --> Could not find the language line "Tạo Điểm Lấy Hàng"
ERROR - 2019-11-16 01:36:48 --> Could not find the language line "Tạo Đơn Hàng"
ERROR - 2019-11-16 01:36:48 --> Severity: Warning --> Invalid argument supplied for foreach() /home/admin/domains/spshd.com/public_html/khachhang/application/views/tab4.php 394
ERROR - 2019-11-16 01:36:48 --> Could not find the language line "Đóng"
ERROR - 2019-11-16 01:36:48 --> Could not find the language line "Xác Nhận"
ERROR - 2019-11-16 01:36:48 --> Severity: Warning --> Invalid argument supplied for foreach() /home/admin/domains/spshd.com/public_html/khachhang/application/views/app.php 157
ERROR - 2019-11-16 01:36:48 --> Severity: Warning --> Invalid argument supplied for foreach() /home/admin/domains/spshd.com/public_html/khachhang/application/views/app.php 168
ERROR - 2019-11-16 01:36:48 --> Could not find the language line "Đóng"
ERROR - 2019-11-16 01:36:48 --> Could not find the language line "Xác Nhận"
ERROR - 2019-11-16 01:36:48 --> Could not find the language line "Đóng"
ERROR - 2019-11-16 01:36:48 --> Could not find the language line "Xác Nhận"
ERROR - 2019-11-16 01:54:18 --> Could not find the language line "Tạo Điểm Lấy Hàng"
ERROR - 2019-11-16 01:54:18 --> Could not find the language line "Tạo Đơn Hàng"
ERROR - 2019-11-16 01:54:18 --> Severity: Warning --> Invalid argument supplied for foreach() /home/admin/domains/spshd.com/public_html/khachhang/application/views/tab4.php 394
ERROR - 2019-11-16 01:54:18 --> Could not find the language line "Đóng"
ERROR - 2019-11-16 01:54:18 --> Could not find the language line "Xác Nhận"
ERROR - 2019-11-16 01:54:18 --> Severity: Warning --> Invalid argument supplied for foreach() /home/admin/domains/spshd.com/public_html/khachhang/application/views/app.php 157
ERROR - 2019-11-16 01:54:18 --> Severity: Warning --> Invalid argument supplied for foreach() /home/admin/domains/spshd.com/public_html/khachhang/application/views/app.php 168
ERROR - 2019-11-16 01:54:18 --> Could not find the language line "Đóng"
ERROR - 2019-11-16 01:54:18 --> Could not find the language line "Xác Nhận"
ERROR - 2019-11-16 01:54:18 --> Could not find the language line "Đóng"
ERROR - 2019-11-16 01:54:18 --> Could not find the language line "Xác Nhận"
ERROR - 2019-11-16 01:54:18 --> Could not find the language line "Tạo Điểm Lấy Hàng"
ERROR - 2019-11-16 01:54:18 --> Could not find the language line "Tạo Đơn Hàng"
ERROR - 2019-11-16 01:54:18 --> Severity: Warning --> Invalid argument supplied for foreach() /home/admin/domains/spshd.com/public_html/khachhang/application/views/tab4.php 394
ERROR - 2019-11-16 01:54:18 --> Could not find the language line "Đóng"
ERROR - 2019-11-16 01:54:18 --> Could not find the language line "Xác Nhận"
ERROR - 2019-11-16 01:54:18 --> Severity: Warning --> Invalid argument supplied for foreach() /home/admin/domains/spshd.com/public_html/khachhang/application/views/app.php 157
ERROR - 2019-11-16 01:54:18 --> Severity: Warning --> Invalid argument supplied for foreach() /home/admin/domains/spshd.com/public_html/khachhang/application/views/app.php 168
ERROR - 2019-11-16 01:54:18 --> Could not find the language line "Đóng"
ERROR - 2019-11-16 01:54:18 --> Could not find the language line "Xác Nhận"
ERROR - 2019-11-16 01:54:18 --> Could not find the language line "Đóng"
ERROR - 2019-11-16 01:54:18 --> Could not find the language line "Xác Nhận"
ERROR - 2019-11-16 09:19:57 --> Could not find the language line "Tạo Điểm Lấy Hàng"
ERROR - 2019-11-16 09:19:57 --> Could not find the language line "Tạo Đơn Hàng"
ERROR - 2019-11-16 09:19:57 --> Severity: Warning --> Invalid argument supplied for foreach() /home/admin/domains/spshd.com/public_html/khachhang/application/views/tab4.php 394
ERROR - 2019-11-16 09:19:57 --> Could not find the language line "Đóng"
ERROR - 2019-11-16 09:19:57 --> Could not find the language line "Xác Nhận"
ERROR - 2019-11-16 09:19:57 --> Severity: Warning --> Invalid argument supplied for foreach() /home/admin/domains/spshd.com/public_html/khachhang/application/views/app.php 157
ERROR - 2019-11-16 09:19:57 --> Severity: Warning --> Invalid argument supplied for foreach() /home/admin/domains/spshd.com/public_html/khachhang/application/views/app.php 168
ERROR - 2019-11-16 09:19:57 --> Could not find the language line "Đóng"
ERROR - 2019-11-16 09:19:57 --> Could not find the language line "Xác Nhận"
ERROR - 2019-11-16 09:19:57 --> Could not find the language line "Đóng"
ERROR - 2019-11-16 09:19:57 --> Could not find the language line "Xác Nhận"
ERROR - 2019-11-16 09:46:45 --> Could not find the language line "Tạo Điểm Lấy Hàng"
ERROR - 2019-11-16 09:46:45 --> Could not find the language line "Tạo Đơn Hàng"
ERROR - 2019-11-16 09:46:45 --> Severity: Warning --> Invalid argument supplied for foreach() /home/admin/domains/spshd.com/public_html/khachhang/application/views/tab4.php 394
ERROR - 2019-11-16 09:46:45 --> Could not find the language line "Đóng"
ERROR - 2019-11-16 09:46:45 --> Could not find the language line "Xác Nhận"
ERROR - 2019-11-16 09:46:45 --> Severity: Warning --> Invalid argument supplied for foreach() /home/admin/domains/spshd.com/public_html/khachhang/application/views/app.php 157
ERROR - 2019-11-16 09:46:45 --> Severity: Warning --> Invalid argument supplied for foreach() /home/admin/domains/spshd.com/public_html/khachhang/application/views/app.php 168
ERROR - 2019-11-16 09:46:45 --> Could not find the language line "Đóng"
ERROR - 2019-11-16 09:46:45 --> Could not find the language line "Xác Nhận"
ERROR - 2019-11-16 09:46:45 --> Could not find the language line "Đóng"
ERROR - 2019-11-16 09:46:45 --> Could not find the language line "Xác Nhận"
ERROR - 2019-11-16 09:47:54 --> Could not find the language line "Tạo Điểm Lấy Hàng"
ERROR - 2019-11-16 09:47:54 --> Could not find the language line "Tạo Đơn Hàng"
ERROR - 2019-11-16 09:47:54 --> Severity: Warning --> Invalid argument supplied for foreach() /home/admin/domains/spshd.com/public_html/khachhang/application/views/tab4.php 394
ERROR - 2019-11-16 09:47:54 --> Could not find the language line "Đóng"
ERROR - 2019-11-16 09:47:54 --> Could not find the language line "Xác Nhận"
ERROR - 2019-11-16 09:47:54 --> Severity: Warning --> Invalid argument supplied for foreach() /home/admin/domains/spshd.com/public_html/khachhang/application/views/app.php 157
ERROR - 2019-11-16 09:47:54 --> Severity: Warning --> Invalid argument supplied for foreach() /home/admin/domains/spshd.com/public_html/khachhang/application/views/app.php 168
ERROR - 2019-11-16 09:47:54 --> Could not find the language line "Đóng"
ERROR - 2019-11-16 09:47:54 --> Could not find the language line "Xác Nhận"
ERROR - 2019-11-16 09:47:54 --> Could not find the language line "Đóng"
ERROR - 2019-11-16 09:47:54 --> Could not find the language line "Xác Nhận"
ERROR - 2019-11-16 12:00:21 --> Could not find the language line "Tạo Điểm Lấy Hàng"
ERROR - 2019-11-16 12:00:21 --> Could not find the language line "Tạo Đơn Hàng"
ERROR - 2019-11-16 12:00:21 --> Severity: Warning --> Invalid argument supplied for foreach() /home/admin/domains/spshd.com/public_html/khachhang/application/views/tab4.php 394
ERROR - 2019-11-16 12:00:21 --> Could not find the language line "Đóng"
ERROR - 2019-11-16 12:00:21 --> Could not find the language line "Xác Nhận"
ERROR - 2019-11-16 12:00:21 --> Severity: Warning --> Invalid argument supplied for foreach() /home/admin/domains/spshd.com/public_html/khachhang/application/views/app.php 157
ERROR - 2019-11-16 12:00:21 --> Severity: Warning --> Invalid argument supplied for foreach() /home/admin/domains/spshd.com/public_html/khachhang/application/views/app.php 168
ERROR - 2019-11-16 12:00:21 --> Could not find the language line "Đóng"
ERROR - 2019-11-16 12:00:21 --> Could not find the language line "Xác Nhận"
ERROR - 2019-11-16 12:00:21 --> Could not find the language line "Đóng"
ERROR - 2019-11-16 12:00:21 --> Could not find the language line "Xác Nhận"
ERROR - 2019-11-16 12:51:44 --> Could not find the language line "Tạo Điểm Lấy Hàng"
ERROR - 2019-11-16 12:51:44 --> Could not find the language line "Tạo Đơn Hàng"
ERROR - 2019-11-16 12:51:44 --> Severity: Warning --> Invalid argument supplied for foreach() /home/admin/domains/spshd.com/public_html/khachhang/application/views/tab4.php 394
ERROR - 2019-11-16 12:51:44 --> Could not find the language line "Đóng"
ERROR - 2019-11-16 12:51:44 --> Could not find the language line "Xác Nhận"
ERROR - 2019-11-16 12:51:44 --> Severity: Warning --> Invalid argument supplied for foreach() /home/admin/domains/spshd.com/public_html/khachhang/application/views/app.php 157
ERROR - 2019-11-16 12:51:44 --> Severity: Warning --> Invalid argument supplied for foreach() /home/admin/domains/spshd.com/public_html/khachhang/application/views/app.php 168
ERROR - 2019-11-16 12:51:44 --> Could not find the language line "Đóng"
ERROR - 2019-11-16 12:51:44 --> Could not find the language line "Xác Nhận"
ERROR - 2019-11-16 12:51:44 --> Could not find the language line "Đóng"
ERROR - 2019-11-16 12:51:44 --> Could not find the language line "Xác Nhận"
ERROR - 2019-11-16 12:51:45 --> Could not find the language line "Tạo Điểm Lấy Hàng"
ERROR - 2019-11-16 12:51:45 --> Could not find the language line "Tạo Đơn Hàng"
ERROR - 2019-11-16 12:51:45 --> Severity: Warning --> Invalid argument supplied for foreach() /home/admin/domains/spshd.com/public_html/khachhang/application/views/tab4.php 394
ERROR - 2019-11-16 12:51:45 --> Could not find the language line "Đóng"
ERROR - 2019-11-16 12:51:45 --> Could not find the language line "Xác Nhận"
ERROR - 2019-11-16 12:51:45 --> Severity: Warning --> Invalid argument supplied for foreach() /home/admin/domains/spshd.com/public_html/khachhang/application/views/app.php 157
ERROR - 2019-11-16 12:51:45 --> Severity: Warning --> Invalid argument supplied for foreach() /home/admin/domains/spshd.com/public_html/khachhang/application/views/app.php 168
ERROR - 2019-11-16 12:51:45 --> Could not find the language line "Đóng"
ERROR - 2019-11-16 12:51:45 --> Could not find the language line "Xác Nhận"
ERROR - 2019-11-16 12:51:45 --> Could not find the language line "Đóng"
ERROR - 2019-11-16 12:51:45 --> Could not find the language line "Xác Nhận"
ERROR - 2019-11-16 16:15:02 --> Could not find the language line "Tạo Điểm Lấy Hàng"
ERROR - 2019-11-16 16:15:02 --> Could not find the language line "Tạo Đơn Hàng"
ERROR - 2019-11-16 16:15:02 --> Severity: Warning --> Invalid argument supplied for foreach() /home/admin/domains/spshd.com/public_html/khachhang/application/views/tab4.php 394
ERROR - 2019-11-16 16:15:02 --> Could not find the language line "Đóng"
ERROR - 2019-11-16 16:15:02 --> Could not find the language line "Xác Nhận"
ERROR - 2019-11-16 16:15:02 --> Severity: Warning --> Invalid argument supplied for foreach() /home/admin/domains/spshd.com/public_html/khachhang/application/views/app.php 157
ERROR - 2019-11-16 16:15:02 --> Severity: Warning --> Invalid argument supplied for foreach() /home/admin/domains/spshd.com/public_html/khachhang/application/views/app.php 168
ERROR - 2019-11-16 16:15:02 --> Could not find the language line "Đóng"
ERROR - 2019-11-16 16:15:02 --> Could not find the language line "Xác Nhận"
ERROR - 2019-11-16 16:15:02 --> Could not find the language line "Đóng"
ERROR - 2019-11-16 16:15:02 --> Could not find the language line "Xác Nhận"
