ERROR - 2019-09-29 05:56:13 --> Could not find the language line "Tạo Điểm Lấy Hàng"
ERROR - 2019-09-29 05:56:13 --> Could not find the language line "Tạo Đơn Hàng"
ERROR - 2019-09-29 05:56:13 --> Severity: Warning --> Invalid argument supplied for foreach() /home/admin/domains/spshd.com/public_html/khachhang/application/views/tab4.php 394
ERROR - 2019-09-29 05:56:13 --> Could not find the language line "Đóng"
ERROR - 2019-09-29 05:56:13 --> Could not find the language line "Xác Nhận"
ERROR - 2019-09-29 05:56:13 --> Severity: Warning --> Invalid argument supplied for foreach() /home/admin/domains/spshd.com/public_html/khachhang/application/views/app.php 157
ERROR - 2019-09-29 05:56:13 --> Severity: Warning --> Invalid argument supplied for foreach() /home/admin/domains/spshd.com/public_html/khachhang/application/views/app.php 168
ERROR - 2019-09-29 05:56:13 --> Could not find the language line "Đóng"
ERROR - 2019-09-29 05:56:13 --> Could not find the language line "Xác Nhận"
ERROR - 2019-09-29 05:56:13 --> Could not find the language line "Đóng"
ERROR - 2019-09-29 05:56:13 --> Could not find the language line "Xác Nhận"
ERROR - 2019-09-29 08:18:40 --> Could not find the language line "Tạo Điểm Lấy Hàng"
ERROR - 2019-09-29 08:18:40 --> Could not find the language line "Tạo Đơn Hàng"
ERROR - 2019-09-29 08:18:40 --> Severity: Warning --> Invalid argument supplied for foreach() /home/admin/domains/spshd.com/public_html/khachhang/application/views/tab4.php 394
ERROR - 2019-09-29 08:18:40 --> Could not find the language line "Đóng"
ERROR - 2019-09-29 08:18:40 --> Could not find the language line "Xác Nhận"
ERROR - 2019-09-29 08:18:40 --> Severity: Warning --> Invalid argument supplied for foreach() /home/admin/domains/spshd.com/public_html/khachhang/application/views/app.php 157
ERROR - 2019-09-29 08:18:40 --> Severity: Warning --> Invalid argument supplied for foreach() /home/admin/domains/spshd.com/public_html/khachhang/application/views/app.php 168
ERROR - 2019-09-29 08:18:40 --> Could not find the language line "Đóng"
ERROR - 2019-09-29 08:18:40 --> Could not find the language line "Xác Nhận"
ERROR - 2019-09-29 08:18:40 --> Could not find the language line "Đóng"
ERROR - 2019-09-29 08:18:40 --> Could not find the language line "Xác Nhận"
ERROR - 2019-09-29 08:18:43 --> Could not find the language line "Tạo Điểm Lấy Hàng"
ERROR - 2019-09-29 08:18:43 --> Could not find the language line "Tạo Đơn Hàng"
ERROR - 2019-09-29 08:18:43 --> Severity: Warning --> Invalid argument supplied for foreach() /home/admin/domains/spshd.com/public_html/khachhang/application/views/tab4.php 394
ERROR - 2019-09-29 08:18:43 --> Could not find the language line "Đóng"
ERROR - 2019-09-29 08:18:43 --> Could not find the language line "Xác Nhận"
ERROR - 2019-09-29 08:18:43 --> Severity: Warning --> Invalid argument supplied for foreach() /home/admin/domains/spshd.com/public_html/khachhang/application/views/app.php 157
ERROR - 2019-09-29 08:18:43 --> Severity: Warning --> Invalid argument supplied for foreach() /home/admin/domains/spshd.com/public_html/khachhang/application/views/app.php 168
ERROR - 2019-09-29 08:18:43 --> Could not find the language line "Đóng"
ERROR - 2019-09-29 08:18:43 --> Could not find the language line "Xác Nhận"
ERROR - 2019-09-29 08:18:43 --> Could not find the language line "Đóng"
ERROR - 2019-09-29 08:18:43 --> Could not find the language line "Xác Nhận"
ERROR - 2019-09-29 08:25:22 --> Could not find the language line "Tạo Điểm Lấy Hàng"
ERROR - 2019-09-29 08:25:22 --> Could not find the language line "Tạo Đơn Hàng"
ERROR - 2019-09-29 08:25:22 --> Severity: Warning --> Invalid argument supplied for foreach() /home/admin/domains/spshd.com/public_html/khachhang/application/views/tab4.php 394
ERROR - 2019-09-29 08:25:22 --> Could not find the language line "Đóng"
ERROR - 2019-09-29 08:25:22 --> Could not find the language line "Xác Nhận"
ERROR - 2019-09-29 08:25:22 --> Severity: Warning --> Invalid argument supplied for foreach() /home/admin/domains/spshd.com/public_html/khachhang/application/views/app.php 157
ERROR - 2019-09-29 08:25:22 --> Severity: Warning --> Invalid argument supplied for foreach() /home/admin/domains/spshd.com/public_html/khachhang/application/views/app.php 168
ERROR - 2019-09-29 08:25:22 --> Could not find the language line "Đóng"
ERROR - 2019-09-29 08:25:22 --> Could not find the language line "Xác Nhận"
ERROR - 2019-09-29 08:25:22 --> Could not find the language line "Đóng"
ERROR - 2019-09-29 08:25:22 --> Could not find the language line "Xác Nhận"
ERROR - 2019-09-29 08:25:23 --> Could not find the language line "Tạo Điểm Lấy Hàng"
ERROR - 2019-09-29 08:25:23 --> Could not find the language line "Tạo Đơn Hàng"
ERROR - 2019-09-29 08:25:23 --> Severity: Warning --> Invalid argument supplied for foreach() /home/admin/domains/spshd.com/public_html/khachhang/application/views/tab4.php 394
ERROR - 2019-09-29 08:25:23 --> Could not find the language line "Đóng"
ERROR - 2019-09-29 08:25:23 --> Could not find the language line "Xác Nhận"
ERROR - 2019-09-29 08:25:23 --> Severity: Warning --> Invalid argument supplied for foreach() /home/admin/domains/spshd.com/public_html/khachhang/application/views/app.php 157
ERROR - 2019-09-29 08:25:23 --> Severity: Warning --> Invalid argument supplied for foreach() /home/admin/domains/spshd.com/public_html/khachhang/application/views/app.php 168
ERROR - 2019-09-29 08:25:23 --> Could not find the language line "Đóng"
ERROR - 2019-09-29 08:25:23 --> Could not find the language line "Xác Nhận"
ERROR - 2019-09-29 08:25:23 --> Could not find the language line "Đóng"
ERROR - 2019-09-29 08:25:23 --> Could not find the language line "Xác Nhận"
ERROR - 2019-09-29 08:26:19 --> Could not find the language line "Tạo Điểm Lấy Hàng"
ERROR - 2019-09-29 08:26:19 --> Could not find the language line "Tạo Đơn Hàng"
ERROR - 2019-09-29 08:26:19 --> Severity: Warning --> Invalid argument supplied for foreach() /home/admin/domains/spshd.com/public_html/khachhang/application/views/tab4.php 394
ERROR - 2019-09-29 08:26:19 --> Could not find the language line "Đóng"
ERROR - 2019-09-29 08:26:19 --> Could not find the language line "Xác Nhận"
ERROR - 2019-09-29 08:26:19 --> Severity: Warning --> Invalid argument supplied for foreach() /home/admin/domains/spshd.com/public_html/khachhang/application/views/app.php 157
ERROR - 2019-09-29 08:26:19 --> Severity: Warning --> Invalid argument supplied for foreach() /home/admin/domains/spshd.com/public_html/khachhang/application/views/app.php 168
ERROR - 2019-09-29 08:26:19 --> Could not find the language line "Đóng"
ERROR - 2019-09-29 08:26:19 --> Could not find the language line "Xác Nhận"
ERROR - 2019-09-29 08:26:19 --> Could not find the language line "Đóng"
ERROR - 2019-09-29 08:26:19 --> Could not find the language line "Xác Nhận"
ERROR - 2019-09-29 08:26:44 --> Could not find the language line "Tạo Điểm Lấy Hàng"
ERROR - 2019-09-29 08:26:44 --> Could not find the language line "Tạo Đơn Hàng"
ERROR - 2019-09-29 08:26:44 --> Severity: Warning --> Invalid argument supplied for foreach() /home/admin/domains/spshd.com/public_html/khachhang/application/views/tab4.php 394
ERROR - 2019-09-29 08:26:44 --> Could not find the language line "Đóng"
ERROR - 2019-09-29 08:26:44 --> Could not find the language line "Xác Nhận"
ERROR - 2019-09-29 08:26:44 --> Severity: Warning --> Invalid argument supplied for foreach() /home/admin/domains/spshd.com/public_html/khachhang/application/views/app.php 157
ERROR - 2019-09-29 08:26:44 --> Severity: Warning --> Invalid argument supplied for foreach() /home/admin/domains/spshd.com/public_html/khachhang/application/views/app.php 168
ERROR - 2019-09-29 08:26:44 --> Could not find the language line "Đóng"
ERROR - 2019-09-29 08:26:44 --> Could not find the language line "Xác Nhận"
ERROR - 2019-09-29 08:26:44 --> Could not find the language line "Đóng"
ERROR - 2019-09-29 08:26:44 --> Could not find the language line "Xác Nhận"
ERROR - 2019-09-29 08:28:07 --> Could not find the language line "Tạo Điểm Lấy Hàng"
ERROR - 2019-09-29 08:28:07 --> Could not find the language line "Tạo Đơn Hàng"
ERROR - 2019-09-29 08:28:07 --> Severity: Warning --> Invalid argument supplied for foreach() /home/admin/domains/spshd.com/public_html/khachhang/application/views/tab4.php 394
ERROR - 2019-09-29 08:28:07 --> Could not find the language line "Đóng"
ERROR - 2019-09-29 08:28:07 --> Could not find the language line "Xác Nhận"
ERROR - 2019-09-29 08:28:07 --> Severity: Warning --> Invalid argument supplied for foreach() /home/admin/domains/spshd.com/public_html/khachhang/application/views/app.php 157
ERROR - 2019-09-29 08:28:07 --> Severity: Warning --> Invalid argument supplied for foreach() /home/admin/domains/spshd.com/public_html/khachhang/application/views/app.php 168
ERROR - 2019-09-29 08:28:07 --> Could not find the language line "Đóng"
ERROR - 2019-09-29 08:28:07 --> Could not find the language line "Xác Nhận"
ERROR - 2019-09-29 08:28:07 --> Could not find the language line "Đóng"
ERROR - 2019-09-29 08:28:07 --> Could not find the language line "Xác Nhận"
ERROR - 2019-09-29 08:28:48 --> Could not find the language line "Tạo Điểm Lấy Hàng"
ERROR - 2019-09-29 08:28:48 --> Could not find the language line "Tạo Đơn Hàng"
ERROR - 2019-09-29 08:28:48 --> Severity: Warning --> Invalid argument supplied for foreach() /home/admin/domains/spshd.com/public_html/khachhang/application/views/tab4.php 394
ERROR - 2019-09-29 08:28:48 --> Could not find the language line "Đóng"
ERROR - 2019-09-29 08:28:48 --> Could not find the language line "Xác Nhận"
ERROR - 2019-09-29 08:28:48 --> Severity: Warning --> Invalid argument supplied for foreach() /home/admin/domains/spshd.com/public_html/khachhang/application/views/app.php 157
ERROR - 2019-09-29 08:28:48 --> Severity: Warning --> Invalid argument supplied for foreach() /home/admin/domains/spshd.com/public_html/khachhang/application/views/app.php 168
ERROR - 2019-09-29 08:28:48 --> Could not find the language line "Đóng"
ERROR - 2019-09-29 08:28:48 --> Could not find the language line "Xác Nhận"
ERROR - 2019-09-29 08:28:48 --> Could not find the language line "Đóng"
ERROR - 2019-09-29 08:28:48 --> Could not find the language line "Xác Nhận"
ERROR - 2019-09-29 08:43:44 --> Could not find the language line "Tạo Điểm Lấy Hàng"
ERROR - 2019-09-29 08:43:44 --> Could not find the language line "Tạo Đơn Hàng"
ERROR - 2019-09-29 08:43:44 --> Severity: Warning --> Invalid argument supplied for foreach() /home/admin/domains/spshd.com/public_html/khachhang/application/views/tab4.php 394
ERROR - 2019-09-29 08:43:44 --> Could not find the language line "Đóng"
ERROR - 2019-09-29 08:43:44 --> Could not find the language line "Xác Nhận"
ERROR - 2019-09-29 08:43:44 --> Severity: Warning --> Invalid argument supplied for foreach() /home/admin/domains/spshd.com/public_html/khachhang/application/views/app.php 157
ERROR - 2019-09-29 08:43:44 --> Severity: Warning --> Invalid argument supplied for foreach() /home/admin/domains/spshd.com/public_html/khachhang/application/views/app.php 168
ERROR - 2019-09-29 08:43:44 --> Could not find the language line "Đóng"
ERROR - 2019-09-29 08:43:44 --> Could not find the language line "Xác Nhận"
ERROR - 2019-09-29 08:43:44 --> Could not find the language line "Đóng"
ERROR - 2019-09-29 08:43:44 --> Could not find the language line "Xác Nhận"
ERROR - 2019-09-29 16:24:01 --> Could not find the language line "Email"
ERROR - 2019-09-29 16:24:01 --> Could not find the language line "password"
ERROR - 2019-09-29 16:24:15 --> Could not find the language line "Tạo Điểm Lấy Hàng"
ERROR - 2019-09-29 16:24:15 --> Could not find the language line "Tạo Đơn Hàng"
ERROR - 2019-09-29 16:24:15 --> Severity: Warning --> Invalid argument supplied for foreach() /home/admin/domains/spshd.com/public_html/khachhang/application/views/tab4.php 394
ERROR - 2019-09-29 16:24:15 --> Could not find the language line "Đóng"
ERROR - 2019-09-29 16:24:15 --> Could not find the language line "Xác Nhận"
ERROR - 2019-09-29 16:24:15 --> Severity: Warning --> Invalid argument supplied for foreach() /home/admin/domains/spshd.com/public_html/khachhang/application/views/app.php 157
ERROR - 2019-09-29 16:24:15 --> Severity: Warning --> Invalid argument supplied for foreach() /home/admin/domains/spshd.com/public_html/khachhang/application/views/app.php 168
ERROR - 2019-09-29 16:24:15 --> Could not find the language line "Đóng"
ERROR - 2019-09-29 16:24:15 --> Could not find the language line "Xác Nhận"
ERROR - 2019-09-29 16:24:15 --> Could not find the language line "Đóng"
ERROR - 2019-09-29 16:24:15 --> Could not find the language line "Xác Nhận"
ERROR - 2019-09-29 16:24:40 --> Could not find the language line "Email"
ERROR - 2019-09-29 16:24:40 --> Could not find the language line "password"
ERROR - 2019-09-29 16:25:58 --> Could not find the language line "Tạo Điểm Lấy Hàng"
ERROR - 2019-09-29 16:25:58 --> Could not find the language line "Tạo Đơn Hàng"
ERROR - 2019-09-29 16:25:58 --> Severity: Warning --> Invalid argument supplied for foreach() /home/admin/domains/spshd.com/public_html/khachhang/application/views/tab4.php 394
ERROR - 2019-09-29 16:25:58 --> Could not find the language line "Đóng"
ERROR - 2019-09-29 16:25:58 --> Could not find the language line "Xác Nhận"
ERROR - 2019-09-29 16:25:58 --> Severity: Warning --> Invalid argument supplied for foreach() /home/admin/domains/spshd.com/public_html/khachhang/application/views/app.php 157
ERROR - 2019-09-29 16:25:58 --> Severity: Warning --> Invalid argument supplied for foreach() /home/admin/domains/spshd.com/public_html/khachhang/application/views/app.php 168
ERROR - 2019-09-29 16:25:58 --> Could not find the language line "Đóng"
ERROR - 2019-09-29 16:25:58 --> Could not find the language line "Xác Nhận"
ERROR - 2019-09-29 16:25:58 --> Could not find the language line "Đóng"
ERROR - 2019-09-29 16:25:58 --> Could not find the language line "Xác Nhận"
ERROR - 2019-09-29 16:27:25 --> Could not find the language line "Tạo Điểm Lấy Hàng"
ERROR - 2019-09-29 16:27:25 --> Could not find the language line "Tạo Đơn Hàng"
ERROR - 2019-09-29 16:27:25 --> Severity: Warning --> Invalid argument supplied for foreach() /home/admin/domains/spshd.com/public_html/khachhang/application/views/tab4.php 394
ERROR - 2019-09-29 16:27:25 --> Could not find the language line "Đóng"
ERROR - 2019-09-29 16:27:25 --> Could not find the language line "Xác Nhận"
ERROR - 2019-09-29 16:27:25 --> Severity: Warning --> Invalid argument supplied for foreach() /home/admin/domains/spshd.com/public_html/khachhang/application/views/app.php 157
ERROR - 2019-09-29 16:27:25 --> Severity: Warning --> Invalid argument supplied for foreach() /home/admin/domains/spshd.com/public_html/khachhang/application/views/app.php 168
ERROR - 2019-09-29 16:27:25 --> Could not find the language line "Đóng"
ERROR - 2019-09-29 16:27:25 --> Could not find the language line "Xác Nhận"
ERROR - 2019-09-29 16:27:25 --> Could not find the language line "Đóng"
ERROR - 2019-09-29 16:27:25 --> Could not find the language line "Xác Nhận"
