ERROR - 2020-02-23 00:41:31 --> Could not find the language line "Email"
ERROR - 2020-02-23 00:41:31 --> Could not find the language line "password"
ERROR - 2020-02-23 00:41:49 --> Could not find the language line "Tạo Điểm Lấy Hàng"
ERROR - 2020-02-23 00:41:49 --> Could not find the language line "Tạo Đơn Hàng"
ERROR - 2020-02-23 00:41:49 --> Severity: Warning --> Invalid argument supplied for foreach() /home/admin/domains/spshd.com/public_html/khachhang/application/views/tab4.php 394
ERROR - 2020-02-23 00:41:49 --> Could not find the language line "Đóng"
ERROR - 2020-02-23 00:41:49 --> Could not find the language line "Xác Nhận"
ERROR - 2020-02-23 00:41:49 --> Severity: Warning --> Invalid argument supplied for foreach() /home/admin/domains/spshd.com/public_html/khachhang/application/views/app.php 157
ERROR - 2020-02-23 00:41:49 --> Severity: Warning --> Invalid argument supplied for foreach() /home/admin/domains/spshd.com/public_html/khachhang/application/views/app.php 168
ERROR - 2020-02-23 00:41:49 --> Could not find the language line "Đóng"
ERROR - 2020-02-23 00:41:49 --> Could not find the language line "Xác Nhận"
ERROR - 2020-02-23 00:41:49 --> Could not find the language line "Đóng"
ERROR - 2020-02-23 00:41:49 --> Could not find the language line "Xác Nhận"
ERROR - 2020-02-23 02:18:45 --> Could not find the language line "Tạo Điểm Lấy Hàng"
ERROR - 2020-02-23 02:18:45 --> Could not find the language line "Tạo Đơn Hàng"
ERROR - 2020-02-23 02:18:45 --> Severity: Warning --> Invalid argument supplied for foreach() /home/admin/domains/spshd.com/public_html/khachhang/application/views/tab4.php 394
ERROR - 2020-02-23 02:18:45 --> Could not find the language line "Đóng"
ERROR - 2020-02-23 02:18:45 --> Could not find the language line "Xác Nhận"
ERROR - 2020-02-23 02:18:45 --> Severity: Warning --> Invalid argument supplied for foreach() /home/admin/domains/spshd.com/public_html/khachhang/application/views/app.php 157
ERROR - 2020-02-23 02:18:45 --> Severity: Warning --> Invalid argument supplied for foreach() /home/admin/domains/spshd.com/public_html/khachhang/application/views/app.php 168
ERROR - 2020-02-23 02:18:45 --> Could not find the language line "Đóng"
ERROR - 2020-02-23 02:18:45 --> Could not find the language line "Xác Nhận"
ERROR - 2020-02-23 02:18:45 --> Could not find the language line "Đóng"
ERROR - 2020-02-23 02:18:45 --> Could not find the language line "Xác Nhận"
ERROR - 2020-02-23 03:43:11 --> Could not find the language line "Tạo Điểm Lấy Hàng"
ERROR - 2020-02-23 03:43:11 --> Could not find the language line "Tạo Đơn Hàng"
ERROR - 2020-02-23 03:43:11 --> Severity: Warning --> Invalid argument supplied for foreach() /home/admin/domains/spshd.com/public_html/khachhang/application/views/tab4.php 394
ERROR - 2020-02-23 03:43:11 --> Could not find the language line "Đóng"
ERROR - 2020-02-23 03:43:11 --> Could not find the language line "Xác Nhận"
ERROR - 2020-02-23 03:43:11 --> Severity: Warning --> Invalid argument supplied for foreach() /home/admin/domains/spshd.com/public_html/khachhang/application/views/app.php 157
ERROR - 2020-02-23 03:43:11 --> Severity: Warning --> Invalid argument supplied for foreach() /home/admin/domains/spshd.com/public_html/khachhang/application/views/app.php 168
ERROR - 2020-02-23 03:43:11 --> Could not find the language line "Đóng"
ERROR - 2020-02-23 03:43:11 --> Could not find the language line "Xác Nhận"
ERROR - 2020-02-23 03:43:11 --> Could not find the language line "Đóng"
ERROR - 2020-02-23 03:43:11 --> Could not find the language line "Xác Nhận"
ERROR - 2020-02-23 04:21:18 --> Could not find the language line "Tạo Điểm Lấy Hàng"
ERROR - 2020-02-23 04:21:18 --> Could not find the language line "Tạo Đơn Hàng"
ERROR - 2020-02-23 04:21:18 --> Severity: Warning --> Invalid argument supplied for foreach() /home/admin/domains/spshd.com/public_html/khachhang/application/views/tab4.php 394
ERROR - 2020-02-23 04:21:18 --> Could not find the language line "Đóng"
ERROR - 2020-02-23 04:21:18 --> Could not find the language line "Xác Nhận"
ERROR - 2020-02-23 04:21:18 --> Severity: Warning --> Invalid argument supplied for foreach() /home/admin/domains/spshd.com/public_html/khachhang/application/views/app.php 157
ERROR - 2020-02-23 04:21:18 --> Severity: Warning --> Invalid argument supplied for foreach() /home/admin/domains/spshd.com/public_html/khachhang/application/views/app.php 168
ERROR - 2020-02-23 04:21:18 --> Could not find the language line "Đóng"
ERROR - 2020-02-23 04:21:18 --> Could not find the language line "Xác Nhận"
ERROR - 2020-02-23 04:21:18 --> Could not find the language line "Đóng"
ERROR - 2020-02-23 04:21:18 --> Could not find the language line "Xác Nhận"
ERROR - 2020-02-23 04:21:19 --> Could not find the language line "Tạo Điểm Lấy Hàng"
ERROR - 2020-02-23 04:21:19 --> Could not find the language line "Tạo Đơn Hàng"
ERROR - 2020-02-23 04:21:19 --> Severity: Warning --> Invalid argument supplied for foreach() /home/admin/domains/spshd.com/public_html/khachhang/application/views/tab4.php 394
ERROR - 2020-02-23 04:21:19 --> Could not find the language line "Đóng"
ERROR - 2020-02-23 04:21:19 --> Could not find the language line "Xác Nhận"
ERROR - 2020-02-23 04:21:19 --> Severity: Warning --> Invalid argument supplied for foreach() /home/admin/domains/spshd.com/public_html/khachhang/application/views/app.php 157
ERROR - 2020-02-23 04:21:19 --> Severity: Warning --> Invalid argument supplied for foreach() /home/admin/domains/spshd.com/public_html/khachhang/application/views/app.php 168
ERROR - 2020-02-23 04:21:19 --> Could not find the language line "Đóng"
ERROR - 2020-02-23 04:21:19 --> Could not find the language line "Xác Nhận"
ERROR - 2020-02-23 04:21:19 --> Could not find the language line "Đóng"
ERROR - 2020-02-23 04:21:19 --> Could not find the language line "Xác Nhận"
ERROR - 2020-02-23 04:21:25 --> Could not find the language line "Tạo Điểm Lấy Hàng"
ERROR - 2020-02-23 04:21:25 --> Could not find the language line "Tạo Đơn Hàng"
ERROR - 2020-02-23 04:21:25 --> Severity: Warning --> Invalid argument supplied for foreach() /home/admin/domains/spshd.com/public_html/khachhang/application/views/tab4.php 394
ERROR - 2020-02-23 04:21:25 --> Could not find the language line "Đóng"
ERROR - 2020-02-23 04:21:25 --> Could not find the language line "Xác Nhận"
ERROR - 2020-02-23 04:21:25 --> Severity: Warning --> Invalid argument supplied for foreach() /home/admin/domains/spshd.com/public_html/khachhang/application/views/app.php 157
ERROR - 2020-02-23 04:21:25 --> Severity: Warning --> Invalid argument supplied for foreach() /home/admin/domains/spshd.com/public_html/khachhang/application/views/app.php 168
ERROR - 2020-02-23 04:21:25 --> Could not find the language line "Đóng"
ERROR - 2020-02-23 04:21:25 --> Could not find the language line "Xác Nhận"
ERROR - 2020-02-23 04:21:25 --> Could not find the language line "Đóng"
ERROR - 2020-02-23 04:21:25 --> Could not find the language line "Xác Nhận"
ERROR - 2020-02-23 05:43:27 --> Could not find the language line "Tạo Điểm Lấy Hàng"
ERROR - 2020-02-23 05:43:27 --> Could not find the language line "Tạo Đơn Hàng"
ERROR - 2020-02-23 05:43:27 --> Severity: Warning --> Invalid argument supplied for foreach() /home/admin/domains/spshd.com/public_html/khachhang/application/views/tab4.php 394
ERROR - 2020-02-23 05:43:27 --> Could not find the language line "Đóng"
ERROR - 2020-02-23 05:43:27 --> Could not find the language line "Xác Nhận"
ERROR - 2020-02-23 05:43:27 --> Severity: Warning --> Invalid argument supplied for foreach() /home/admin/domains/spshd.com/public_html/khachhang/application/views/app.php 157
ERROR - 2020-02-23 05:43:27 --> Severity: Warning --> Invalid argument supplied for foreach() /home/admin/domains/spshd.com/public_html/khachhang/application/views/app.php 168
ERROR - 2020-02-23 05:43:27 --> Could not find the language line "Đóng"
ERROR - 2020-02-23 05:43:27 --> Could not find the language line "Xác Nhận"
ERROR - 2020-02-23 05:43:27 --> Could not find the language line "Đóng"
ERROR - 2020-02-23 05:43:27 --> Could not find the language line "Xác Nhận"
ERROR - 2020-02-23 05:43:27 --> Could not find the language line "Tạo Điểm Lấy Hàng"
ERROR - 2020-02-23 05:43:27 --> Could not find the language line "Tạo Đơn Hàng"
ERROR - 2020-02-23 05:43:27 --> Severity: Warning --> Invalid argument supplied for foreach() /home/admin/domains/spshd.com/public_html/khachhang/application/views/tab4.php 394
ERROR - 2020-02-23 05:43:27 --> Could not find the language line "Đóng"
ERROR - 2020-02-23 05:43:27 --> Could not find the language line "Xác Nhận"
ERROR - 2020-02-23 05:43:27 --> Severity: Warning --> Invalid argument supplied for foreach() /home/admin/domains/spshd.com/public_html/khachhang/application/views/app.php 157
ERROR - 2020-02-23 05:43:27 --> Severity: Warning --> Invalid argument supplied for foreach() /home/admin/domains/spshd.com/public_html/khachhang/application/views/app.php 168
ERROR - 2020-02-23 05:43:27 --> Could not find the language line "Đóng"
ERROR - 2020-02-23 05:43:27 --> Could not find the language line "Xác Nhận"
ERROR - 2020-02-23 05:43:27 --> Could not find the language line "Đóng"
ERROR - 2020-02-23 05:43:27 --> Could not find the language line "Xác Nhận"
ERROR - 2020-02-23 05:43:28 --> Could not find the language line "Tạo Điểm Lấy Hàng"
ERROR - 2020-02-23 05:43:28 --> Could not find the language line "Tạo Đơn Hàng"
ERROR - 2020-02-23 05:43:28 --> Severity: Warning --> Invalid argument supplied for foreach() /home/admin/domains/spshd.com/public_html/khachhang/application/views/tab4.php 394
ERROR - 2020-02-23 05:43:28 --> Could not find the language line "Đóng"
ERROR - 2020-02-23 05:43:28 --> Could not find the language line "Xác Nhận"
ERROR - 2020-02-23 05:43:28 --> Severity: Warning --> Invalid argument supplied for foreach() /home/admin/domains/spshd.com/public_html/khachhang/application/views/app.php 157
ERROR - 2020-02-23 05:43:28 --> Severity: Warning --> Invalid argument supplied for foreach() /home/admin/domains/spshd.com/public_html/khachhang/application/views/app.php 168
ERROR - 2020-02-23 05:43:28 --> Could not find the language line "Đóng"
ERROR - 2020-02-23 05:43:28 --> Could not find the language line "Xác Nhận"
ERROR - 2020-02-23 05:43:28 --> Could not find the language line "Đóng"
ERROR - 2020-02-23 05:43:28 --> Could not find the language line "Xác Nhận"
ERROR - 2020-02-23 16:23:41 --> Could not find the language line "Tạo Điểm Lấy Hàng"
ERROR - 2020-02-23 16:23:41 --> Could not find the language line "Tạo Đơn Hàng"
ERROR - 2020-02-23 16:23:41 --> Severity: Warning --> Invalid argument supplied for foreach() /home/admin/domains/spshd.com/public_html/khachhang/application/views/tab4.php 394
ERROR - 2020-02-23 16:23:41 --> Could not find the language line "Đóng"
ERROR - 2020-02-23 16:23:41 --> Could not find the language line "Xác Nhận"
ERROR - 2020-02-23 16:23:41 --> Severity: Warning --> Invalid argument supplied for foreach() /home/admin/domains/spshd.com/public_html/khachhang/application/views/app.php 157
ERROR - 2020-02-23 16:23:41 --> Severity: Warning --> Invalid argument supplied for foreach() /home/admin/domains/spshd.com/public_html/khachhang/application/views/app.php 168
ERROR - 2020-02-23 16:23:41 --> Could not find the language line "Đóng"
ERROR - 2020-02-23 16:23:41 --> Could not find the language line "Xác Nhận"
ERROR - 2020-02-23 16:23:41 --> Could not find the language line "Đóng"
ERROR - 2020-02-23 16:23:41 --> Could not find the language line "Xác Nhận"
