ERROR - 2020-02-20 04:14:31 --> Could not find the language line "Tạo Điểm Lấy Hàng"
ERROR - 2020-02-20 04:14:31 --> Could not find the language line "Tạo Đơn Hàng"
ERROR - 2020-02-20 04:14:31 --> Severity: Warning --> Invalid argument supplied for foreach() /home/admin/domains/spshd.com/public_html/khachhang/application/views/tab4.php 394
ERROR - 2020-02-20 04:14:31 --> Could not find the language line "Đóng"
ERROR - 2020-02-20 04:14:31 --> Could not find the language line "Xác Nhận"
ERROR - 2020-02-20 04:14:31 --> Severity: Warning --> Invalid argument supplied for foreach() /home/admin/domains/spshd.com/public_html/khachhang/application/views/app.php 157
ERROR - 2020-02-20 04:14:31 --> Severity: Warning --> Invalid argument supplied for foreach() /home/admin/domains/spshd.com/public_html/khachhang/application/views/app.php 168
ERROR - 2020-02-20 04:14:31 --> Could not find the language line "Đóng"
ERROR - 2020-02-20 04:14:31 --> Could not find the language line "Xác Nhận"
ERROR - 2020-02-20 04:14:31 --> Could not find the language line "Đóng"
ERROR - 2020-02-20 04:14:31 --> Could not find the language line "Xác Nhận"
ERROR - 2020-02-20 06:03:59 --> Could not find the language line "Tạo Điểm Lấy Hàng"
ERROR - 2020-02-20 06:03:59 --> Could not find the language line "Tạo Đơn Hàng"
ERROR - 2020-02-20 06:03:59 --> Severity: Warning --> Invalid argument supplied for foreach() /home/admin/domains/spshd.com/public_html/khachhang/application/views/tab4.php 394
ERROR - 2020-02-20 06:03:59 --> Could not find the language line "Đóng"
ERROR - 2020-02-20 06:03:59 --> Could not find the language line "Xác Nhận"
ERROR - 2020-02-20 06:03:59 --> Severity: Warning --> Invalid argument supplied for foreach() /home/admin/domains/spshd.com/public_html/khachhang/application/views/app.php 157
ERROR - 2020-02-20 06:03:59 --> Severity: Warning --> Invalid argument supplied for foreach() /home/admin/domains/spshd.com/public_html/khachhang/application/views/app.php 168
ERROR - 2020-02-20 06:03:59 --> Could not find the language line "Đóng"
ERROR - 2020-02-20 06:03:59 --> Could not find the language line "Xác Nhận"
ERROR - 2020-02-20 06:03:59 --> Could not find the language line "Đóng"
ERROR - 2020-02-20 06:03:59 --> Could not find the language line "Xác Nhận"
ERROR - 2020-02-20 06:04:01 --> Could not find the language line "Tạo Điểm Lấy Hàng"
ERROR - 2020-02-20 06:04:01 --> Could not find the language line "Tạo Đơn Hàng"
ERROR - 2020-02-20 06:04:01 --> Severity: Warning --> Invalid argument supplied for foreach() /home/admin/domains/spshd.com/public_html/khachhang/application/views/tab4.php 394
ERROR - 2020-02-20 06:04:01 --> Could not find the language line "Đóng"
ERROR - 2020-02-20 06:04:01 --> Could not find the language line "Xác Nhận"
ERROR - 2020-02-20 06:04:01 --> Severity: Warning --> Invalid argument supplied for foreach() /home/admin/domains/spshd.com/public_html/khachhang/application/views/app.php 157
ERROR - 2020-02-20 06:04:01 --> Severity: Warning --> Invalid argument supplied for foreach() /home/admin/domains/spshd.com/public_html/khachhang/application/views/app.php 168
ERROR - 2020-02-20 06:04:01 --> Could not find the language line "Đóng"
ERROR - 2020-02-20 06:04:01 --> Could not find the language line "Xác Nhận"
ERROR - 2020-02-20 06:04:01 --> Could not find the language line "Đóng"
ERROR - 2020-02-20 06:04:01 --> Could not find the language line "Xác Nhận"
ERROR - 2020-02-20 06:06:33 --> Could not find the language line "Tạo Điểm Lấy Hàng"
ERROR - 2020-02-20 06:06:33 --> Could not find the language line "Tạo Đơn Hàng"
ERROR - 2020-02-20 06:06:33 --> Severity: Warning --> Invalid argument supplied for foreach() /home/admin/domains/spshd.com/public_html/khachhang/application/views/tab4.php 394
ERROR - 2020-02-20 06:06:33 --> Could not find the language line "Đóng"
ERROR - 2020-02-20 06:06:33 --> Could not find the language line "Xác Nhận"
ERROR - 2020-02-20 06:06:33 --> Severity: Warning --> Invalid argument supplied for foreach() /home/admin/domains/spshd.com/public_html/khachhang/application/views/app.php 157
ERROR - 2020-02-20 06:06:33 --> Severity: Warning --> Invalid argument supplied for foreach() /home/admin/domains/spshd.com/public_html/khachhang/application/views/app.php 168
ERROR - 2020-02-20 06:06:33 --> Could not find the language line "Đóng"
ERROR - 2020-02-20 06:06:33 --> Could not find the language line "Xác Nhận"
ERROR - 2020-02-20 06:06:33 --> Could not find the language line "Đóng"
ERROR - 2020-02-20 06:06:33 --> Could not find the language line "Xác Nhận"
ERROR - 2020-02-20 06:39:29 --> Could not find the language line "Tạo Điểm Lấy Hàng"
ERROR - 2020-02-20 06:39:29 --> Could not find the language line "Tạo Đơn Hàng"
ERROR - 2020-02-20 06:39:29 --> Severity: Warning --> Invalid argument supplied for foreach() /home/admin/domains/spshd.com/public_html/khachhang/application/views/tab4.php 394
ERROR - 2020-02-20 06:39:29 --> Could not find the language line "Đóng"
ERROR - 2020-02-20 06:39:29 --> Could not find the language line "Xác Nhận"
ERROR - 2020-02-20 06:39:29 --> Severity: Warning --> Invalid argument supplied for foreach() /home/admin/domains/spshd.com/public_html/khachhang/application/views/app.php 157
ERROR - 2020-02-20 06:39:29 --> Severity: Warning --> Invalid argument supplied for foreach() /home/admin/domains/spshd.com/public_html/khachhang/application/views/app.php 168
ERROR - 2020-02-20 06:39:29 --> Could not find the language line "Đóng"
ERROR - 2020-02-20 06:39:29 --> Could not find the language line "Xác Nhận"
ERROR - 2020-02-20 06:39:29 --> Could not find the language line "Đóng"
ERROR - 2020-02-20 06:39:29 --> Could not find the language line "Xác Nhận"
ERROR - 2020-02-20 06:39:30 --> Could not find the language line "Tạo Điểm Lấy Hàng"
ERROR - 2020-02-20 06:39:30 --> Could not find the language line "Tạo Đơn Hàng"
ERROR - 2020-02-20 06:39:30 --> Severity: Warning --> Invalid argument supplied for foreach() /home/admin/domains/spshd.com/public_html/khachhang/application/views/tab4.php 394
ERROR - 2020-02-20 06:39:30 --> Could not find the language line "Đóng"
ERROR - 2020-02-20 06:39:30 --> Could not find the language line "Xác Nhận"
ERROR - 2020-02-20 06:39:30 --> Severity: Warning --> Invalid argument supplied for foreach() /home/admin/domains/spshd.com/public_html/khachhang/application/views/app.php 157
ERROR - 2020-02-20 06:39:30 --> Severity: Warning --> Invalid argument supplied for foreach() /home/admin/domains/spshd.com/public_html/khachhang/application/views/app.php 168
ERROR - 2020-02-20 06:39:30 --> Could not find the language line "Đóng"
ERROR - 2020-02-20 06:39:30 --> Could not find the language line "Xác Nhận"
ERROR - 2020-02-20 06:39:30 --> Could not find the language line "Đóng"
ERROR - 2020-02-20 06:39:30 --> Could not find the language line "Xác Nhận"
ERROR - 2020-02-20 06:39:32 --> Could not find the language line "Tạo Điểm Lấy Hàng"
ERROR - 2020-02-20 06:39:32 --> Could not find the language line "Tạo Đơn Hàng"
ERROR - 2020-02-20 06:39:32 --> Severity: Warning --> Invalid argument supplied for foreach() /home/admin/domains/spshd.com/public_html/khachhang/application/views/tab4.php 394
ERROR - 2020-02-20 06:39:32 --> Could not find the language line "Đóng"
ERROR - 2020-02-20 06:39:32 --> Could not find the language line "Xác Nhận"
ERROR - 2020-02-20 06:39:32 --> Severity: Warning --> Invalid argument supplied for foreach() /home/admin/domains/spshd.com/public_html/khachhang/application/views/app.php 157
ERROR - 2020-02-20 06:39:32 --> Severity: Warning --> Invalid argument supplied for foreach() /home/admin/domains/spshd.com/public_html/khachhang/application/views/app.php 168
ERROR - 2020-02-20 06:39:32 --> Could not find the language line "Đóng"
ERROR - 2020-02-20 06:39:32 --> Could not find the language line "Xác Nhận"
ERROR - 2020-02-20 06:39:32 --> Could not find the language line "Đóng"
ERROR - 2020-02-20 06:39:32 --> Could not find the language line "Xác Nhận"
ERROR - 2020-02-20 06:39:55 --> Could not find the language line "Tạo Điểm Lấy Hàng"
ERROR - 2020-02-20 06:39:55 --> Could not find the language line "Tạo Đơn Hàng"
ERROR - 2020-02-20 06:39:55 --> Severity: Warning --> Invalid argument supplied for foreach() /home/admin/domains/spshd.com/public_html/khachhang/application/views/tab4.php 394
ERROR - 2020-02-20 06:39:55 --> Could not find the language line "Đóng"
ERROR - 2020-02-20 06:39:55 --> Could not find the language line "Xác Nhận"
ERROR - 2020-02-20 06:39:55 --> Severity: Warning --> Invalid argument supplied for foreach() /home/admin/domains/spshd.com/public_html/khachhang/application/views/app.php 157
ERROR - 2020-02-20 06:39:55 --> Severity: Warning --> Invalid argument supplied for foreach() /home/admin/domains/spshd.com/public_html/khachhang/application/views/app.php 168
ERROR - 2020-02-20 06:39:55 --> Could not find the language line "Đóng"
ERROR - 2020-02-20 06:39:55 --> Could not find the language line "Xác Nhận"
ERROR - 2020-02-20 06:39:55 --> Could not find the language line "Đóng"
ERROR - 2020-02-20 06:39:55 --> Could not find the language line "Xác Nhận"
ERROR - 2020-02-20 06:43:20 --> Could not find the language line "Tạo Điểm Lấy Hàng"
ERROR - 2020-02-20 06:43:20 --> Could not find the language line "Tạo Đơn Hàng"
ERROR - 2020-02-20 06:43:20 --> Severity: Warning --> Invalid argument supplied for foreach() /home/admin/domains/spshd.com/public_html/khachhang/application/views/tab4.php 394
ERROR - 2020-02-20 06:43:20 --> Could not find the language line "Đóng"
ERROR - 2020-02-20 06:43:20 --> Could not find the language line "Xác Nhận"
ERROR - 2020-02-20 06:43:20 --> Severity: Warning --> Invalid argument supplied for foreach() /home/admin/domains/spshd.com/public_html/khachhang/application/views/app.php 157
ERROR - 2020-02-20 06:43:20 --> Severity: Warning --> Invalid argument supplied for foreach() /home/admin/domains/spshd.com/public_html/khachhang/application/views/app.php 168
ERROR - 2020-02-20 06:43:20 --> Could not find the language line "Đóng"
ERROR - 2020-02-20 06:43:20 --> Could not find the language line "Xác Nhận"
ERROR - 2020-02-20 06:43:20 --> Could not find the language line "Đóng"
ERROR - 2020-02-20 06:43:20 --> Could not find the language line "Xác Nhận"
ERROR - 2020-02-20 06:43:31 --> Could not find the language line "Tạo Điểm Lấy Hàng"
ERROR - 2020-02-20 06:43:31 --> Could not find the language line "Tạo Đơn Hàng"
ERROR - 2020-02-20 06:43:31 --> Severity: Warning --> Invalid argument supplied for foreach() /home/admin/domains/spshd.com/public_html/khachhang/application/views/tab4.php 394
ERROR - 2020-02-20 06:43:31 --> Could not find the language line "Đóng"
ERROR - 2020-02-20 06:43:31 --> Could not find the language line "Xác Nhận"
ERROR - 2020-02-20 06:43:31 --> Severity: Warning --> Invalid argument supplied for foreach() /home/admin/domains/spshd.com/public_html/khachhang/application/views/app.php 157
ERROR - 2020-02-20 06:43:31 --> Severity: Warning --> Invalid argument supplied for foreach() /home/admin/domains/spshd.com/public_html/khachhang/application/views/app.php 168
ERROR - 2020-02-20 06:43:31 --> Could not find the language line "Đóng"
ERROR - 2020-02-20 06:43:31 --> Could not find the language line "Xác Nhận"
ERROR - 2020-02-20 06:43:31 --> Could not find the language line "Đóng"
ERROR - 2020-02-20 06:43:31 --> Could not find the language line "Xác Nhận"
ERROR - 2020-02-20 07:13:53 --> Could not find the language line "Tạo Điểm Lấy Hàng"
ERROR - 2020-02-20 07:13:53 --> Could not find the language line "Tạo Đơn Hàng"
ERROR - 2020-02-20 07:13:53 --> Severity: Warning --> Invalid argument supplied for foreach() /home/admin/domains/spshd.com/public_html/khachhang/application/views/tab4.php 394
ERROR - 2020-02-20 07:13:53 --> Could not find the language line "Đóng"
ERROR - 2020-02-20 07:13:53 --> Could not find the language line "Xác Nhận"
ERROR - 2020-02-20 07:13:53 --> Severity: Warning --> Invalid argument supplied for foreach() /home/admin/domains/spshd.com/public_html/khachhang/application/views/app.php 157
ERROR - 2020-02-20 07:13:53 --> Severity: Warning --> Invalid argument supplied for foreach() /home/admin/domains/spshd.com/public_html/khachhang/application/views/app.php 168
ERROR - 2020-02-20 07:13:53 --> Could not find the language line "Đóng"
ERROR - 2020-02-20 07:13:53 --> Could not find the language line "Xác Nhận"
ERROR - 2020-02-20 07:13:53 --> Could not find the language line "Đóng"
ERROR - 2020-02-20 07:13:53 --> Could not find the language line "Xác Nhận"
ERROR - 2020-02-20 08:15:12 --> Could not find the language line "Tạo Điểm Lấy Hàng"
ERROR - 2020-02-20 08:15:12 --> Could not find the language line "Tạo Đơn Hàng"
ERROR - 2020-02-20 08:15:12 --> Severity: Warning --> Invalid argument supplied for foreach() /home/admin/domains/spshd.com/public_html/khachhang/application/views/tab4.php 394
ERROR - 2020-02-20 08:15:12 --> Could not find the language line "Đóng"
ERROR - 2020-02-20 08:15:12 --> Could not find the language line "Xác Nhận"
ERROR - 2020-02-20 08:15:12 --> Severity: Warning --> Invalid argument supplied for foreach() /home/admin/domains/spshd.com/public_html/khachhang/application/views/app.php 157
ERROR - 2020-02-20 08:15:12 --> Severity: Warning --> Invalid argument supplied for foreach() /home/admin/domains/spshd.com/public_html/khachhang/application/views/app.php 168
ERROR - 2020-02-20 08:15:12 --> Could not find the language line "Đóng"
ERROR - 2020-02-20 08:15:12 --> Could not find the language line "Xác Nhận"
ERROR - 2020-02-20 08:15:12 --> Could not find the language line "Đóng"
ERROR - 2020-02-20 08:15:12 --> Could not find the language line "Xác Nhận"
ERROR - 2020-02-20 08:42:43 --> Could not find the language line "Tạo Điểm Lấy Hàng"
ERROR - 2020-02-20 08:42:43 --> Could not find the language line "Tạo Đơn Hàng"
ERROR - 2020-02-20 08:42:43 --> Severity: Warning --> Invalid argument supplied for foreach() /home/admin/domains/spshd.com/public_html/khachhang/application/views/tab4.php 394
ERROR - 2020-02-20 08:42:43 --> Could not find the language line "Đóng"
ERROR - 2020-02-20 08:42:43 --> Could not find the language line "Xác Nhận"
ERROR - 2020-02-20 08:42:43 --> Severity: Warning --> Invalid argument supplied for foreach() /home/admin/domains/spshd.com/public_html/khachhang/application/views/app.php 157
ERROR - 2020-02-20 08:42:43 --> Severity: Warning --> Invalid argument supplied for foreach() /home/admin/domains/spshd.com/public_html/khachhang/application/views/app.php 168
ERROR - 2020-02-20 08:42:43 --> Could not find the language line "Đóng"
ERROR - 2020-02-20 08:42:43 --> Could not find the language line "Xác Nhận"
ERROR - 2020-02-20 08:42:43 --> Could not find the language line "Đóng"
ERROR - 2020-02-20 08:42:43 --> Could not find the language line "Xác Nhận"
ERROR - 2020-02-20 09:10:29 --> Could not find the language line "Tạo Điểm Lấy Hàng"
ERROR - 2020-02-20 09:10:29 --> Could not find the language line "Tạo Đơn Hàng"
ERROR - 2020-02-20 09:10:29 --> Severity: Warning --> Invalid argument supplied for foreach() /home/admin/domains/spshd.com/public_html/khachhang/application/views/tab4.php 394
ERROR - 2020-02-20 09:10:29 --> Could not find the language line "Đóng"
ERROR - 2020-02-20 09:10:29 --> Could not find the language line "Xác Nhận"
ERROR - 2020-02-20 09:10:29 --> Severity: Warning --> Invalid argument supplied for foreach() /home/admin/domains/spshd.com/public_html/khachhang/application/views/app.php 157
ERROR - 2020-02-20 09:10:29 --> Severity: Warning --> Invalid argument supplied for foreach() /home/admin/domains/spshd.com/public_html/khachhang/application/views/app.php 168
ERROR - 2020-02-20 09:10:29 --> Could not find the language line "Đóng"
ERROR - 2020-02-20 09:10:29 --> Could not find the language line "Xác Nhận"
ERROR - 2020-02-20 09:10:29 --> Could not find the language line "Đóng"
ERROR - 2020-02-20 09:10:29 --> Could not find the language line "Xác Nhận"
ERROR - 2020-02-20 09:17:47 --> Could not find the language line "Tạo Điểm Lấy Hàng"
ERROR - 2020-02-20 09:17:47 --> Could not find the language line "Tạo Đơn Hàng"
ERROR - 2020-02-20 09:17:47 --> Severity: Warning --> Invalid argument supplied for foreach() /home/admin/domains/spshd.com/public_html/khachhang/application/views/tab4.php 394
ERROR - 2020-02-20 09:17:47 --> Could not find the language line "Đóng"
ERROR - 2020-02-20 09:17:47 --> Could not find the language line "Xác Nhận"
ERROR - 2020-02-20 09:17:47 --> Severity: Warning --> Invalid argument supplied for foreach() /home/admin/domains/spshd.com/public_html/khachhang/application/views/app.php 157
ERROR - 2020-02-20 09:17:47 --> Severity: Warning --> Invalid argument supplied for foreach() /home/admin/domains/spshd.com/public_html/khachhang/application/views/app.php 168
ERROR - 2020-02-20 09:17:47 --> Could not find the language line "Đóng"
ERROR - 2020-02-20 09:17:47 --> Could not find the language line "Xác Nhận"
ERROR - 2020-02-20 09:17:47 --> Could not find the language line "Đóng"
ERROR - 2020-02-20 09:17:47 --> Could not find the language line "Xác Nhận"
ERROR - 2020-02-20 10:45:44 --> Could not find the language line "Email"
ERROR - 2020-02-20 10:45:44 --> Could not find the language line "password"
ERROR - 2020-02-20 10:55:24 --> Could not find the language line "Tạo Điểm Lấy Hàng"
ERROR - 2020-02-20 10:55:24 --> Could not find the language line "Tạo Đơn Hàng"
ERROR - 2020-02-20 10:55:24 --> Severity: Warning --> Invalid argument supplied for foreach() /home/admin/domains/spshd.com/public_html/khachhang/application/views/tab4.php 394
ERROR - 2020-02-20 10:55:24 --> Could not find the language line "Đóng"
ERROR - 2020-02-20 10:55:24 --> Could not find the language line "Xác Nhận"
ERROR - 2020-02-20 10:55:24 --> Severity: Warning --> Invalid argument supplied for foreach() /home/admin/domains/spshd.com/public_html/khachhang/application/views/app.php 157
ERROR - 2020-02-20 10:55:24 --> Severity: Warning --> Invalid argument supplied for foreach() /home/admin/domains/spshd.com/public_html/khachhang/application/views/app.php 168
ERROR - 2020-02-20 10:55:24 --> Could not find the language line "Đóng"
ERROR - 2020-02-20 10:55:24 --> Could not find the language line "Xác Nhận"
ERROR - 2020-02-20 10:55:24 --> Could not find the language line "Đóng"
ERROR - 2020-02-20 10:55:24 --> Could not find the language line "Xác Nhận"
ERROR - 2020-02-20 11:20:40 --> Could not find the language line "Tạo Điểm Lấy Hàng"
ERROR - 2020-02-20 11:20:40 --> Could not find the language line "Tạo Đơn Hàng"
ERROR - 2020-02-20 11:20:40 --> Severity: Warning --> Invalid argument supplied for foreach() /home/admin/domains/spshd.com/public_html/khachhang/application/views/tab4.php 394
ERROR - 2020-02-20 11:20:40 --> Could not find the language line "Đóng"
ERROR - 2020-02-20 11:20:40 --> Could not find the language line "Xác Nhận"
ERROR - 2020-02-20 11:20:40 --> Severity: Warning --> Invalid argument supplied for foreach() /home/admin/domains/spshd.com/public_html/khachhang/application/views/app.php 157
ERROR - 2020-02-20 11:20:40 --> Severity: Warning --> Invalid argument supplied for foreach() /home/admin/domains/spshd.com/public_html/khachhang/application/views/app.php 168
ERROR - 2020-02-20 11:20:40 --> Could not find the language line "Đóng"
ERROR - 2020-02-20 11:20:40 --> Could not find the language line "Xác Nhận"
ERROR - 2020-02-20 11:20:40 --> Could not find the language line "Đóng"
ERROR - 2020-02-20 11:20:40 --> Could not find the language line "Xác Nhận"
ERROR - 2020-02-20 13:09:37 --> Could not find the language line "Tạo Điểm Lấy Hàng"
ERROR - 2020-02-20 13:09:37 --> Could not find the language line "Tạo Đơn Hàng"
ERROR - 2020-02-20 13:09:37 --> Severity: Warning --> Invalid argument supplied for foreach() /home/admin/domains/spshd.com/public_html/khachhang/application/views/tab4.php 394
ERROR - 2020-02-20 13:09:37 --> Could not find the language line "Đóng"
ERROR - 2020-02-20 13:09:37 --> Could not find the language line "Xác Nhận"
ERROR - 2020-02-20 13:09:37 --> Severity: Warning --> Invalid argument supplied for foreach() /home/admin/domains/spshd.com/public_html/khachhang/application/views/app.php 157
ERROR - 2020-02-20 13:09:37 --> Severity: Warning --> Invalid argument supplied for foreach() /home/admin/domains/spshd.com/public_html/khachhang/application/views/app.php 168
ERROR - 2020-02-20 13:09:37 --> Could not find the language line "Đóng"
ERROR - 2020-02-20 13:09:37 --> Could not find the language line "Xác Nhận"
ERROR - 2020-02-20 13:09:37 --> Could not find the language line "Đóng"
ERROR - 2020-02-20 13:09:37 --> Could not find the language line "Xác Nhận"
ERROR - 2020-02-20 13:10:21 --> Could not find the language line "Tạo Điểm Lấy Hàng"
ERROR - 2020-02-20 13:10:21 --> Could not find the language line "Tạo Đơn Hàng"
ERROR - 2020-02-20 13:10:21 --> Severity: Warning --> Invalid argument supplied for foreach() /home/admin/domains/spshd.com/public_html/khachhang/application/views/tab4.php 394
ERROR - 2020-02-20 13:10:21 --> Could not find the language line "Đóng"
ERROR - 2020-02-20 13:10:21 --> Could not find the language line "Xác Nhận"
ERROR - 2020-02-20 13:10:21 --> Severity: Warning --> Invalid argument supplied for foreach() /home/admin/domains/spshd.com/public_html/khachhang/application/views/app.php 157
ERROR - 2020-02-20 13:10:21 --> Severity: Warning --> Invalid argument supplied for foreach() /home/admin/domains/spshd.com/public_html/khachhang/application/views/app.php 168
ERROR - 2020-02-20 13:10:21 --> Could not find the language line "Đóng"
ERROR - 2020-02-20 13:10:21 --> Could not find the language line "Xác Nhận"
ERROR - 2020-02-20 13:10:21 --> Could not find the language line "Đóng"
ERROR - 2020-02-20 13:10:21 --> Could not find the language line "Xác Nhận"
ERROR - 2020-02-20 13:13:01 --> Could not find the language line "Tạo Điểm Lấy Hàng"
ERROR - 2020-02-20 13:13:01 --> Could not find the language line "Tạo Đơn Hàng"
ERROR - 2020-02-20 13:13:01 --> Severity: Warning --> Invalid argument supplied for foreach() /home/admin/domains/spshd.com/public_html/khachhang/application/views/tab4.php 394
ERROR - 2020-02-20 13:13:01 --> Could not find the language line "Đóng"
ERROR - 2020-02-20 13:13:01 --> Could not find the language line "Xác Nhận"
ERROR - 2020-02-20 13:13:01 --> Severity: Warning --> Invalid argument supplied for foreach() /home/admin/domains/spshd.com/public_html/khachhang/application/views/app.php 157
ERROR - 2020-02-20 13:13:01 --> Severity: Warning --> Invalid argument supplied for foreach() /home/admin/domains/spshd.com/public_html/khachhang/application/views/app.php 168
ERROR - 2020-02-20 13:13:01 --> Could not find the language line "Đóng"
ERROR - 2020-02-20 13:13:01 --> Could not find the language line "Xác Nhận"
ERROR - 2020-02-20 13:13:01 --> Could not find the language line "Đóng"
ERROR - 2020-02-20 13:13:01 --> Could not find the language line "Xác Nhận"
ERROR - 2020-02-20 13:13:02 --> Could not find the language line "Tạo Điểm Lấy Hàng"
ERROR - 2020-02-20 13:13:02 --> Could not find the language line "Tạo Đơn Hàng"
ERROR - 2020-02-20 13:13:02 --> Severity: Warning --> Invalid argument supplied for foreach() /home/admin/domains/spshd.com/public_html/khachhang/application/views/tab4.php 394
ERROR - 2020-02-20 13:13:02 --> Could not find the language line "Đóng"
ERROR - 2020-02-20 13:13:02 --> Could not find the language line "Xác Nhận"
ERROR - 2020-02-20 13:13:02 --> Severity: Warning --> Invalid argument supplied for foreach() /home/admin/domains/spshd.com/public_html/khachhang/application/views/app.php 157
ERROR - 2020-02-20 13:13:02 --> Severity: Warning --> Invalid argument supplied for foreach() /home/admin/domains/spshd.com/public_html/khachhang/application/views/app.php 168
ERROR - 2020-02-20 13:13:02 --> Could not find the language line "Đóng"
ERROR - 2020-02-20 13:13:02 --> Could not find the language line "Xác Nhận"
ERROR - 2020-02-20 13:13:02 --> Could not find the language line "Đóng"
ERROR - 2020-02-20 13:13:02 --> Could not find the language line "Xác Nhận"
