ERROR - 2019-12-15 00:13:53 --> Could not find the language line "Email"
ERROR - 2019-12-15 00:13:53 --> Could not find the language line "password"
ERROR - 2019-12-15 01:20:38 --> Could not find the language line "Tạo Điểm Lấy Hàng"
ERROR - 2019-12-15 01:20:38 --> Could not find the language line "Tạo Đơn Hàng"
ERROR - 2019-12-15 01:20:38 --> Severity: Warning --> Invalid argument supplied for foreach() /home/admin/domains/spshd.com/public_html/khachhang/application/views/tab4.php 394
ERROR - 2019-12-15 01:20:38 --> Could not find the language line "Đóng"
ERROR - 2019-12-15 01:20:38 --> Could not find the language line "Xác Nhận"
ERROR - 2019-12-15 01:20:38 --> Severity: Warning --> Invalid argument supplied for foreach() /home/admin/domains/spshd.com/public_html/khachhang/application/views/app.php 157
ERROR - 2019-12-15 01:20:38 --> Severity: Warning --> Invalid argument supplied for foreach() /home/admin/domains/spshd.com/public_html/khachhang/application/views/app.php 168
ERROR - 2019-12-15 01:20:38 --> Could not find the language line "Đóng"
ERROR - 2019-12-15 01:20:38 --> Could not find the language line "Xác Nhận"
ERROR - 2019-12-15 01:20:38 --> Could not find the language line "Đóng"
ERROR - 2019-12-15 01:20:38 --> Could not find the language line "Xác Nhận"
ERROR - 2019-12-15 03:15:42 --> Could not find the language line "Tạo Điểm Lấy Hàng"
ERROR - 2019-12-15 03:15:42 --> Could not find the language line "Tạo Đơn Hàng"
ERROR - 2019-12-15 03:15:42 --> Severity: Warning --> Invalid argument supplied for foreach() /home/admin/domains/spshd.com/public_html/khachhang/application/views/tab4.php 394
ERROR - 2019-12-15 03:15:42 --> Could not find the language line "Đóng"
ERROR - 2019-12-15 03:15:42 --> Could not find the language line "Xác Nhận"
ERROR - 2019-12-15 03:15:42 --> Severity: Warning --> Invalid argument supplied for foreach() /home/admin/domains/spshd.com/public_html/khachhang/application/views/app.php 157
ERROR - 2019-12-15 03:15:42 --> Severity: Warning --> Invalid argument supplied for foreach() /home/admin/domains/spshd.com/public_html/khachhang/application/views/app.php 168
ERROR - 2019-12-15 03:15:42 --> Could not find the language line "Đóng"
ERROR - 2019-12-15 03:15:42 --> Could not find the language line "Xác Nhận"
ERROR - 2019-12-15 03:15:42 --> Could not find the language line "Đóng"
ERROR - 2019-12-15 03:15:42 --> Could not find the language line "Xác Nhận"
ERROR - 2019-12-15 06:45:10 --> Could not find the language line "Tạo Điểm Lấy Hàng"
ERROR - 2019-12-15 06:45:10 --> Could not find the language line "Tạo Đơn Hàng"
ERROR - 2019-12-15 06:45:10 --> Severity: Warning --> Invalid argument supplied for foreach() /home/admin/domains/spshd.com/public_html/khachhang/application/views/tab4.php 394
ERROR - 2019-12-15 06:45:10 --> Could not find the language line "Đóng"
ERROR - 2019-12-15 06:45:10 --> Could not find the language line "Xác Nhận"
ERROR - 2019-12-15 06:45:10 --> Severity: Warning --> Invalid argument supplied for foreach() /home/admin/domains/spshd.com/public_html/khachhang/application/views/app.php 157
ERROR - 2019-12-15 06:45:10 --> Severity: Warning --> Invalid argument supplied for foreach() /home/admin/domains/spshd.com/public_html/khachhang/application/views/app.php 168
ERROR - 2019-12-15 06:45:10 --> Could not find the language line "Đóng"
ERROR - 2019-12-15 06:45:10 --> Could not find the language line "Xác Nhận"
ERROR - 2019-12-15 06:45:10 --> Could not find the language line "Đóng"
ERROR - 2019-12-15 06:45:10 --> Could not find the language line "Xác Nhận"
ERROR - 2019-12-15 07:00:49 --> Could not find the language line "Tạo Điểm Lấy Hàng"
ERROR - 2019-12-15 07:00:49 --> Could not find the language line "Tạo Đơn Hàng"
ERROR - 2019-12-15 07:00:49 --> Severity: Warning --> Invalid argument supplied for foreach() /home/admin/domains/spshd.com/public_html/khachhang/application/views/tab4.php 394
ERROR - 2019-12-15 07:00:49 --> Could not find the language line "Đóng"
ERROR - 2019-12-15 07:00:49 --> Could not find the language line "Xác Nhận"
ERROR - 2019-12-15 07:00:49 --> Severity: Warning --> Invalid argument supplied for foreach() /home/admin/domains/spshd.com/public_html/khachhang/application/views/app.php 157
ERROR - 2019-12-15 07:00:49 --> Severity: Warning --> Invalid argument supplied for foreach() /home/admin/domains/spshd.com/public_html/khachhang/application/views/app.php 168
ERROR - 2019-12-15 07:00:49 --> Could not find the language line "Đóng"
ERROR - 2019-12-15 07:00:49 --> Could not find the language line "Xác Nhận"
ERROR - 2019-12-15 07:00:49 --> Could not find the language line "Đóng"
ERROR - 2019-12-15 07:00:49 --> Could not find the language line "Xác Nhận"
ERROR - 2019-12-15 07:00:49 --> Could not find the language line "Email"
ERROR - 2019-12-15 07:00:49 --> Could not find the language line "password"
ERROR - 2019-12-15 07:22:15 --> Could not find the language line "Email"
ERROR - 2019-12-15 07:22:15 --> Could not find the language line "password"
ERROR - 2019-12-15 11:23:50 --> Could not find the language line "Tạo Điểm Lấy Hàng"
ERROR - 2019-12-15 11:23:50 --> Could not find the language line "Tạo Đơn Hàng"
ERROR - 2019-12-15 11:23:50 --> Severity: Warning --> Invalid argument supplied for foreach() /home/admin/domains/spshd.com/public_html/khachhang/application/views/tab4.php 394
ERROR - 2019-12-15 11:23:50 --> Could not find the language line "Đóng"
ERROR - 2019-12-15 11:23:50 --> Could not find the language line "Xác Nhận"
ERROR - 2019-12-15 11:23:50 --> Severity: Warning --> Invalid argument supplied for foreach() /home/admin/domains/spshd.com/public_html/khachhang/application/views/app.php 157
ERROR - 2019-12-15 11:23:50 --> Severity: Warning --> Invalid argument supplied for foreach() /home/admin/domains/spshd.com/public_html/khachhang/application/views/app.php 168
ERROR - 2019-12-15 11:23:50 --> Could not find the language line "Đóng"
ERROR - 2019-12-15 11:23:50 --> Could not find the language line "Xác Nhận"
ERROR - 2019-12-15 11:23:50 --> Could not find the language line "Đóng"
ERROR - 2019-12-15 11:23:50 --> Could not find the language line "Xác Nhận"
ERROR - 2019-12-15 14:54:20 --> Could not find the language line "Tạo Điểm Lấy Hàng"
ERROR - 2019-12-15 14:54:20 --> Could not find the language line "Tạo Đơn Hàng"
ERROR - 2019-12-15 14:54:20 --> Severity: Warning --> Invalid argument supplied for foreach() /home/admin/domains/spshd.com/public_html/khachhang/application/views/tab4.php 394
ERROR - 2019-12-15 14:54:20 --> Could not find the language line "Đóng"
ERROR - 2019-12-15 14:54:20 --> Could not find the language line "Xác Nhận"
ERROR - 2019-12-15 14:54:20 --> Severity: Warning --> Invalid argument supplied for foreach() /home/admin/domains/spshd.com/public_html/khachhang/application/views/app.php 157
ERROR - 2019-12-15 14:54:20 --> Severity: Warning --> Invalid argument supplied for foreach() /home/admin/domains/spshd.com/public_html/khachhang/application/views/app.php 168
ERROR - 2019-12-15 14:54:20 --> Could not find the language line "Đóng"
ERROR - 2019-12-15 14:54:20 --> Could not find the language line "Xác Nhận"
ERROR - 2019-12-15 14:54:20 --> Could not find the language line "Đóng"
ERROR - 2019-12-15 14:54:20 --> Could not find the language line "Xác Nhận"
ERROR - 2019-12-15 16:49:55 --> Could not find the language line "Email"
ERROR - 2019-12-15 16:49:55 --> Could not find the language line "password"
ERROR - 2019-12-15 17:48:55 --> Could not find the language line "Email"
ERROR - 2019-12-15 17:48:55 --> Could not find the language line "password"
ERROR - 2019-12-15 17:58:56 --> Could not find the language line "Email"
ERROR - 2019-12-15 17:58:56 --> Could not find the language line "password"
