ERROR - 2019-09-26 17:10:05 --> Could not find the language line "Tạo Điểm Lấy Hàng"
ERROR - 2019-09-26 17:10:05 --> Could not find the language line "Tạo Đơn Hàng"
ERROR - 2019-09-26 17:10:05 --> Severity: Warning --> Invalid argument supplied for foreach() /home/admin/domains/spshd.com/public_html/khachhang/application/views/tab4.php 390
ERROR - 2019-09-26 17:10:05 --> Could not find the language line "Đóng"
ERROR - 2019-09-26 17:10:05 --> Could not find the language line "Xác Nhận"
ERROR - 2019-09-26 17:10:05 --> Severity: Warning --> Invalid argument supplied for foreach() /home/admin/domains/spshd.com/public_html/khachhang/application/views/app.php 157
ERROR - 2019-09-26 17:10:05 --> Severity: Warning --> Invalid argument supplied for foreach() /home/admin/domains/spshd.com/public_html/khachhang/application/views/app.php 168
ERROR - 2019-09-26 17:10:05 --> Could not find the language line "Đóng"
ERROR - 2019-09-26 17:10:05 --> Could not find the language line "Xác Nhận"
ERROR - 2019-09-26 17:10:05 --> Could not find the language line "Đóng"
ERROR - 2019-09-26 17:10:05 --> Could not find the language line "Xác Nhận"
ERROR - 2019-09-26 17:10:09 --> Could not find the language line "Tạo Điểm Lấy Hàng"
ERROR - 2019-09-26 17:10:09 --> Could not find the language line "Tạo Đơn Hàng"
ERROR - 2019-09-26 17:10:09 --> Severity: Warning --> Invalid argument supplied for foreach() /home/admin/domains/spshd.com/public_html/khachhang/application/views/tab4.php 390
ERROR - 2019-09-26 17:10:09 --> Could not find the language line "Đóng"
ERROR - 2019-09-26 17:10:09 --> Could not find the language line "Xác Nhận"
ERROR - 2019-09-26 17:10:09 --> Severity: Warning --> Invalid argument supplied for foreach() /home/admin/domains/spshd.com/public_html/khachhang/application/views/app.php 157
ERROR - 2019-09-26 17:10:09 --> Severity: Warning --> Invalid argument supplied for foreach() /home/admin/domains/spshd.com/public_html/khachhang/application/views/app.php 168
ERROR - 2019-09-26 17:10:09 --> Could not find the language line "Đóng"
ERROR - 2019-09-26 17:10:09 --> Could not find the language line "Xác Nhận"
ERROR - 2019-09-26 17:10:09 --> Could not find the language line "Đóng"
ERROR - 2019-09-26 17:10:09 --> Could not find the language line "Xác Nhận"
ERROR - 2019-09-26 17:10:31 --> Could not find the language line "Tạo Điểm Lấy Hàng"
ERROR - 2019-09-26 17:10:31 --> Could not find the language line "Tạo Đơn Hàng"
ERROR - 2019-09-26 17:10:31 --> Severity: Warning --> Invalid argument supplied for foreach() /home/admin/domains/spshd.com/public_html/khachhang/application/views/tab4.php 390
ERROR - 2019-09-26 17:10:31 --> Could not find the language line "Đóng"
ERROR - 2019-09-26 17:10:31 --> Could not find the language line "Xác Nhận"
ERROR - 2019-09-26 17:10:31 --> Severity: Warning --> Invalid argument supplied for foreach() /home/admin/domains/spshd.com/public_html/khachhang/application/views/app.php 157
ERROR - 2019-09-26 17:10:31 --> Severity: Warning --> Invalid argument supplied for foreach() /home/admin/domains/spshd.com/public_html/khachhang/application/views/app.php 168
ERROR - 2019-09-26 17:10:31 --> Could not find the language line "Đóng"
ERROR - 2019-09-26 17:10:31 --> Could not find the language line "Xác Nhận"
ERROR - 2019-09-26 17:10:31 --> Could not find the language line "Đóng"
ERROR - 2019-09-26 17:10:31 --> Could not find the language line "Xác Nhận"
ERROR - 2019-09-26 17:10:55 --> Could not find the language line "Tạo Điểm Lấy Hàng"
ERROR - 2019-09-26 17:10:55 --> Could not find the language line "Tạo Đơn Hàng"
ERROR - 2019-09-26 17:10:55 --> Severity: Warning --> Invalid argument supplied for foreach() /home/admin/domains/spshd.com/public_html/khachhang/application/views/tab4.php 390
ERROR - 2019-09-26 17:10:55 --> Could not find the language line "Đóng"
ERROR - 2019-09-26 17:10:55 --> Could not find the language line "Xác Nhận"
ERROR - 2019-09-26 17:10:55 --> Severity: Warning --> Invalid argument supplied for foreach() /home/admin/domains/spshd.com/public_html/khachhang/application/views/app.php 157
ERROR - 2019-09-26 17:10:55 --> Severity: Warning --> Invalid argument supplied for foreach() /home/admin/domains/spshd.com/public_html/khachhang/application/views/app.php 168
ERROR - 2019-09-26 17:10:55 --> Could not find the language line "Đóng"
ERROR - 2019-09-26 17:10:55 --> Could not find the language line "Xác Nhận"
ERROR - 2019-09-26 17:10:55 --> Could not find the language line "Đóng"
ERROR - 2019-09-26 17:10:55 --> Could not find the language line "Xác Nhận"
