ERROR - 2020-02-24 01:42:04 --> Could not find the language line "Tạo Điểm Lấy Hàng"
ERROR - 2020-02-24 01:42:04 --> Could not find the language line "Tạo Đơn Hàng"
ERROR - 2020-02-24 01:42:04 --> Severity: Warning --> Invalid argument supplied for foreach() /home/admin/domains/spshd.com/public_html/khachhang/application/views/tab4.php 394
ERROR - 2020-02-24 01:42:04 --> Could not find the language line "Đóng"
ERROR - 2020-02-24 01:42:04 --> Could not find the language line "Xác Nhận"
ERROR - 2020-02-24 01:42:04 --> Severity: Warning --> Invalid argument supplied for foreach() /home/admin/domains/spshd.com/public_html/khachhang/application/views/app.php 157
ERROR - 2020-02-24 01:42:04 --> Severity: Warning --> Invalid argument supplied for foreach() /home/admin/domains/spshd.com/public_html/khachhang/application/views/app.php 168
ERROR - 2020-02-24 01:42:04 --> Could not find the language line "Đóng"
ERROR - 2020-02-24 01:42:04 --> Could not find the language line "Xác Nhận"
ERROR - 2020-02-24 01:42:04 --> Could not find the language line "Đóng"
ERROR - 2020-02-24 01:42:04 --> Could not find the language line "Xác Nhận"
ERROR - 2020-02-24 01:42:35 --> Could not find the language line "Tạo Điểm Lấy Hàng"
ERROR - 2020-02-24 01:42:35 --> Could not find the language line "Tạo Đơn Hàng"
ERROR - 2020-02-24 01:42:35 --> Severity: Warning --> Invalid argument supplied for foreach() /home/admin/domains/spshd.com/public_html/khachhang/application/views/tab4.php 394
ERROR - 2020-02-24 01:42:35 --> Could not find the language line "Đóng"
ERROR - 2020-02-24 01:42:35 --> Could not find the language line "Xác Nhận"
ERROR - 2020-02-24 01:42:35 --> Severity: Warning --> Invalid argument supplied for foreach() /home/admin/domains/spshd.com/public_html/khachhang/application/views/app.php 157
ERROR - 2020-02-24 01:42:35 --> Severity: Warning --> Invalid argument supplied for foreach() /home/admin/domains/spshd.com/public_html/khachhang/application/views/app.php 168
ERROR - 2020-02-24 01:42:35 --> Could not find the language line "Đóng"
ERROR - 2020-02-24 01:42:35 --> Could not find the language line "Xác Nhận"
ERROR - 2020-02-24 01:42:35 --> Could not find the language line "Đóng"
ERROR - 2020-02-24 01:42:35 --> Could not find the language line "Xác Nhận"
ERROR - 2020-02-24 01:44:18 --> Could not find the language line "Tạo Điểm Lấy Hàng"
ERROR - 2020-02-24 01:44:18 --> Could not find the language line "Tạo Đơn Hàng"
ERROR - 2020-02-24 01:44:18 --> Severity: Warning --> Invalid argument supplied for foreach() /home/admin/domains/spshd.com/public_html/khachhang/application/views/tab4.php 394
ERROR - 2020-02-24 01:44:18 --> Could not find the language line "Đóng"
ERROR - 2020-02-24 01:44:18 --> Could not find the language line "Xác Nhận"
ERROR - 2020-02-24 01:44:18 --> Severity: Warning --> Invalid argument supplied for foreach() /home/admin/domains/spshd.com/public_html/khachhang/application/views/app.php 157
ERROR - 2020-02-24 01:44:18 --> Severity: Warning --> Invalid argument supplied for foreach() /home/admin/domains/spshd.com/public_html/khachhang/application/views/app.php 168
ERROR - 2020-02-24 01:44:18 --> Could not find the language line "Đóng"
ERROR - 2020-02-24 01:44:18 --> Could not find the language line "Xác Nhận"
ERROR - 2020-02-24 01:44:18 --> Could not find the language line "Đóng"
ERROR - 2020-02-24 01:44:18 --> Could not find the language line "Xác Nhận"
ERROR - 2020-02-24 01:44:50 --> Could not find the language line "Tạo Điểm Lấy Hàng"
ERROR - 2020-02-24 01:44:50 --> Could not find the language line "Tạo Đơn Hàng"
ERROR - 2020-02-24 01:44:50 --> Severity: Warning --> Invalid argument supplied for foreach() /home/admin/domains/spshd.com/public_html/khachhang/application/views/tab4.php 394
ERROR - 2020-02-24 01:44:50 --> Could not find the language line "Đóng"
ERROR - 2020-02-24 01:44:50 --> Could not find the language line "Xác Nhận"
ERROR - 2020-02-24 01:44:50 --> Severity: Warning --> Invalid argument supplied for foreach() /home/admin/domains/spshd.com/public_html/khachhang/application/views/app.php 157
ERROR - 2020-02-24 01:44:50 --> Severity: Warning --> Invalid argument supplied for foreach() /home/admin/domains/spshd.com/public_html/khachhang/application/views/app.php 168
ERROR - 2020-02-24 01:44:50 --> Could not find the language line "Đóng"
ERROR - 2020-02-24 01:44:50 --> Could not find the language line "Xác Nhận"
ERROR - 2020-02-24 01:44:50 --> Could not find the language line "Đóng"
ERROR - 2020-02-24 01:44:50 --> Could not find the language line "Xác Nhận"
ERROR - 2020-02-24 01:45:07 --> Could not find the language line "Tạo Điểm Lấy Hàng"
ERROR - 2020-02-24 01:45:07 --> Could not find the language line "Tạo Đơn Hàng"
ERROR - 2020-02-24 01:45:07 --> Severity: Warning --> Invalid argument supplied for foreach() /home/admin/domains/spshd.com/public_html/khachhang/application/views/tab4.php 394
ERROR - 2020-02-24 01:45:07 --> Could not find the language line "Đóng"
ERROR - 2020-02-24 01:45:07 --> Could not find the language line "Xác Nhận"
ERROR - 2020-02-24 01:45:07 --> Severity: Warning --> Invalid argument supplied for foreach() /home/admin/domains/spshd.com/public_html/khachhang/application/views/app.php 157
ERROR - 2020-02-24 01:45:07 --> Severity: Warning --> Invalid argument supplied for foreach() /home/admin/domains/spshd.com/public_html/khachhang/application/views/app.php 168
ERROR - 2020-02-24 01:45:07 --> Could not find the language line "Đóng"
ERROR - 2020-02-24 01:45:07 --> Could not find the language line "Xác Nhận"
ERROR - 2020-02-24 01:45:07 --> Could not find the language line "Đóng"
ERROR - 2020-02-24 01:45:07 --> Could not find the language line "Xác Nhận"
ERROR - 2020-02-24 03:53:07 --> Could not find the language line "Tạo Điểm Lấy Hàng"
ERROR - 2020-02-24 03:53:07 --> Could not find the language line "Tạo Đơn Hàng"
ERROR - 2020-02-24 03:53:07 --> Severity: Warning --> Invalid argument supplied for foreach() /home/admin/domains/spshd.com/public_html/khachhang/application/views/tab4.php 394
ERROR - 2020-02-24 03:53:07 --> Could not find the language line "Đóng"
ERROR - 2020-02-24 03:53:07 --> Could not find the language line "Xác Nhận"
ERROR - 2020-02-24 03:53:07 --> Severity: Warning --> Invalid argument supplied for foreach() /home/admin/domains/spshd.com/public_html/khachhang/application/views/app.php 157
ERROR - 2020-02-24 03:53:07 --> Severity: Warning --> Invalid argument supplied for foreach() /home/admin/domains/spshd.com/public_html/khachhang/application/views/app.php 168
ERROR - 2020-02-24 03:53:07 --> Could not find the language line "Đóng"
ERROR - 2020-02-24 03:53:07 --> Could not find the language line "Xác Nhận"
ERROR - 2020-02-24 03:53:07 --> Could not find the language line "Đóng"
ERROR - 2020-02-24 03:53:07 --> Could not find the language line "Xác Nhận"
ERROR - 2020-02-24 03:53:07 --> Could not find the language line "Tạo Điểm Lấy Hàng"
ERROR - 2020-02-24 03:53:07 --> Could not find the language line "Tạo Đơn Hàng"
ERROR - 2020-02-24 03:53:07 --> Severity: Warning --> Invalid argument supplied for foreach() /home/admin/domains/spshd.com/public_html/khachhang/application/views/tab4.php 394
ERROR - 2020-02-24 03:53:07 --> Could not find the language line "Đóng"
ERROR - 2020-02-24 03:53:07 --> Could not find the language line "Xác Nhận"
ERROR - 2020-02-24 03:53:07 --> Severity: Warning --> Invalid argument supplied for foreach() /home/admin/domains/spshd.com/public_html/khachhang/application/views/app.php 157
ERROR - 2020-02-24 03:53:07 --> Severity: Warning --> Invalid argument supplied for foreach() /home/admin/domains/spshd.com/public_html/khachhang/application/views/app.php 168
ERROR - 2020-02-24 03:53:07 --> Could not find the language line "Đóng"
ERROR - 2020-02-24 03:53:07 --> Could not find the language line "Xác Nhận"
ERROR - 2020-02-24 03:53:07 --> Could not find the language line "Đóng"
ERROR - 2020-02-24 03:53:07 --> Could not find the language line "Xác Nhận"
ERROR - 2020-02-24 03:53:07 --> Could not find the language line "Tạo Điểm Lấy Hàng"
ERROR - 2020-02-24 03:53:07 --> Could not find the language line "Tạo Đơn Hàng"
ERROR - 2020-02-24 03:53:07 --> Severity: Warning --> Invalid argument supplied for foreach() /home/admin/domains/spshd.com/public_html/khachhang/application/views/tab4.php 394
ERROR - 2020-02-24 03:53:07 --> Could not find the language line "Đóng"
ERROR - 2020-02-24 03:53:07 --> Could not find the language line "Xác Nhận"
ERROR - 2020-02-24 03:53:07 --> Severity: Warning --> Invalid argument supplied for foreach() /home/admin/domains/spshd.com/public_html/khachhang/application/views/app.php 157
ERROR - 2020-02-24 03:53:07 --> Severity: Warning --> Invalid argument supplied for foreach() /home/admin/domains/spshd.com/public_html/khachhang/application/views/app.php 168
ERROR - 2020-02-24 03:53:07 --> Could not find the language line "Đóng"
ERROR - 2020-02-24 03:53:07 --> Could not find the language line "Xác Nhận"
ERROR - 2020-02-24 03:53:07 --> Could not find the language line "Đóng"
ERROR - 2020-02-24 03:53:07 --> Could not find the language line "Xác Nhận"
ERROR - 2020-02-24 05:29:04 --> Could not find the language line "Tạo Điểm Lấy Hàng"
ERROR - 2020-02-24 05:29:04 --> Could not find the language line "Tạo Đơn Hàng"
ERROR - 2020-02-24 05:29:04 --> Severity: Warning --> Invalid argument supplied for foreach() /home/admin/domains/spshd.com/public_html/khachhang/application/views/tab4.php 394
ERROR - 2020-02-24 05:29:04 --> Could not find the language line "Đóng"
ERROR - 2020-02-24 05:29:04 --> Could not find the language line "Xác Nhận"
ERROR - 2020-02-24 05:29:04 --> Severity: Warning --> Invalid argument supplied for foreach() /home/admin/domains/spshd.com/public_html/khachhang/application/views/app.php 157
ERROR - 2020-02-24 05:29:04 --> Severity: Warning --> Invalid argument supplied for foreach() /home/admin/domains/spshd.com/public_html/khachhang/application/views/app.php 168
ERROR - 2020-02-24 05:29:04 --> Could not find the language line "Đóng"
ERROR - 2020-02-24 05:29:04 --> Could not find the language line "Xác Nhận"
ERROR - 2020-02-24 05:29:04 --> Could not find the language line "Đóng"
ERROR - 2020-02-24 05:29:04 --> Could not find the language line "Xác Nhận"
ERROR - 2020-02-24 06:12:41 --> Could not find the language line "Tạo Điểm Lấy Hàng"
ERROR - 2020-02-24 06:12:41 --> Could not find the language line "Tạo Đơn Hàng"
ERROR - 2020-02-24 06:12:41 --> Severity: Warning --> Invalid argument supplied for foreach() /home/admin/domains/spshd.com/public_html/khachhang/application/views/tab4.php 394
ERROR - 2020-02-24 06:12:41 --> Could not find the language line "Đóng"
ERROR - 2020-02-24 06:12:41 --> Could not find the language line "Xác Nhận"
ERROR - 2020-02-24 06:12:41 --> Severity: Warning --> Invalid argument supplied for foreach() /home/admin/domains/spshd.com/public_html/khachhang/application/views/app.php 157
ERROR - 2020-02-24 06:12:41 --> Severity: Warning --> Invalid argument supplied for foreach() /home/admin/domains/spshd.com/public_html/khachhang/application/views/app.php 168
ERROR - 2020-02-24 06:12:41 --> Could not find the language line "Đóng"
ERROR - 2020-02-24 06:12:41 --> Could not find the language line "Xác Nhận"
ERROR - 2020-02-24 06:12:41 --> Could not find the language line "Đóng"
ERROR - 2020-02-24 06:12:41 --> Could not find the language line "Xác Nhận"
ERROR - 2020-02-24 06:12:47 --> Could not find the language line "Tạo Điểm Lấy Hàng"
ERROR - 2020-02-24 06:12:47 --> Could not find the language line "Tạo Đơn Hàng"
ERROR - 2020-02-24 06:12:47 --> Severity: Warning --> Invalid argument supplied for foreach() /home/admin/domains/spshd.com/public_html/khachhang/application/views/tab4.php 394
ERROR - 2020-02-24 06:12:47 --> Could not find the language line "Đóng"
ERROR - 2020-02-24 06:12:47 --> Could not find the language line "Xác Nhận"
ERROR - 2020-02-24 06:12:47 --> Severity: Warning --> Invalid argument supplied for foreach() /home/admin/domains/spshd.com/public_html/khachhang/application/views/app.php 157
ERROR - 2020-02-24 06:12:47 --> Severity: Warning --> Invalid argument supplied for foreach() /home/admin/domains/spshd.com/public_html/khachhang/application/views/app.php 168
ERROR - 2020-02-24 06:12:47 --> Could not find the language line "Đóng"
ERROR - 2020-02-24 06:12:47 --> Could not find the language line "Xác Nhận"
ERROR - 2020-02-24 06:12:47 --> Could not find the language line "Đóng"
ERROR - 2020-02-24 06:12:47 --> Could not find the language line "Xác Nhận"
ERROR - 2020-02-24 06:16:46 --> Could not find the language line "Tạo Điểm Lấy Hàng"
ERROR - 2020-02-24 06:16:46 --> Could not find the language line "Tạo Đơn Hàng"
ERROR - 2020-02-24 06:16:46 --> Severity: Warning --> Invalid argument supplied for foreach() /home/admin/domains/spshd.com/public_html/khachhang/application/views/tab4.php 394
ERROR - 2020-02-24 06:16:46 --> Could not find the language line "Đóng"
ERROR - 2020-02-24 06:16:46 --> Could not find the language line "Xác Nhận"
ERROR - 2020-02-24 06:16:46 --> Severity: Warning --> Invalid argument supplied for foreach() /home/admin/domains/spshd.com/public_html/khachhang/application/views/app.php 157
ERROR - 2020-02-24 06:16:46 --> Severity: Warning --> Invalid argument supplied for foreach() /home/admin/domains/spshd.com/public_html/khachhang/application/views/app.php 168
ERROR - 2020-02-24 06:16:46 --> Could not find the language line "Đóng"
ERROR - 2020-02-24 06:16:46 --> Could not find the language line "Xác Nhận"
ERROR - 2020-02-24 06:16:46 --> Could not find the language line "Đóng"
ERROR - 2020-02-24 06:16:46 --> Could not find the language line "Xác Nhận"
ERROR - 2020-02-24 06:30:59 --> Could not find the language line "Tạo Điểm Lấy Hàng"
ERROR - 2020-02-24 06:30:59 --> Could not find the language line "Tạo Đơn Hàng"
ERROR - 2020-02-24 06:30:59 --> Severity: Warning --> Invalid argument supplied for foreach() /home/admin/domains/spshd.com/public_html/khachhang/application/views/tab4.php 394
ERROR - 2020-02-24 06:30:59 --> Could not find the language line "Đóng"
ERROR - 2020-02-24 06:30:59 --> Could not find the language line "Xác Nhận"
ERROR - 2020-02-24 06:30:59 --> Severity: Warning --> Invalid argument supplied for foreach() /home/admin/domains/spshd.com/public_html/khachhang/application/views/app.php 157
ERROR - 2020-02-24 06:30:59 --> Severity: Warning --> Invalid argument supplied for foreach() /home/admin/domains/spshd.com/public_html/khachhang/application/views/app.php 168
ERROR - 2020-02-24 06:30:59 --> Could not find the language line "Đóng"
ERROR - 2020-02-24 06:30:59 --> Could not find the language line "Xác Nhận"
ERROR - 2020-02-24 06:30:59 --> Could not find the language line "Đóng"
ERROR - 2020-02-24 06:30:59 --> Could not find the language line "Xác Nhận"
ERROR - 2020-02-24 07:45:38 --> Could not find the language line "Tạo Điểm Lấy Hàng"
ERROR - 2020-02-24 07:45:38 --> Could not find the language line "Tạo Đơn Hàng"
ERROR - 2020-02-24 07:45:38 --> Severity: Warning --> Invalid argument supplied for foreach() /home/admin/domains/spshd.com/public_html/khachhang/application/views/tab4.php 394
ERROR - 2020-02-24 07:45:38 --> Could not find the language line "Đóng"
ERROR - 2020-02-24 07:45:38 --> Could not find the language line "Xác Nhận"
ERROR - 2020-02-24 07:45:38 --> Severity: Warning --> Invalid argument supplied for foreach() /home/admin/domains/spshd.com/public_html/khachhang/application/views/app.php 157
ERROR - 2020-02-24 07:45:38 --> Severity: Warning --> Invalid argument supplied for foreach() /home/admin/domains/spshd.com/public_html/khachhang/application/views/app.php 168
ERROR - 2020-02-24 07:45:38 --> Could not find the language line "Đóng"
ERROR - 2020-02-24 07:45:38 --> Could not find the language line "Xác Nhận"
ERROR - 2020-02-24 07:45:38 --> Could not find the language line "Đóng"
ERROR - 2020-02-24 07:45:38 --> Could not find the language line "Xác Nhận"
ERROR - 2020-02-24 08:37:29 --> Could not find the language line "Tạo Điểm Lấy Hàng"
ERROR - 2020-02-24 08:37:29 --> Could not find the language line "Tạo Đơn Hàng"
ERROR - 2020-02-24 08:37:29 --> Severity: Warning --> Invalid argument supplied for foreach() /home/admin/domains/spshd.com/public_html/khachhang/application/views/tab4.php 394
ERROR - 2020-02-24 08:37:29 --> Could not find the language line "Đóng"
ERROR - 2020-02-24 08:37:29 --> Could not find the language line "Xác Nhận"
ERROR - 2020-02-24 08:37:29 --> Severity: Warning --> Invalid argument supplied for foreach() /home/admin/domains/spshd.com/public_html/khachhang/application/views/app.php 157
ERROR - 2020-02-24 08:37:29 --> Severity: Warning --> Invalid argument supplied for foreach() /home/admin/domains/spshd.com/public_html/khachhang/application/views/app.php 168
ERROR - 2020-02-24 08:37:29 --> Could not find the language line "Đóng"
ERROR - 2020-02-24 08:37:29 --> Could not find the language line "Xác Nhận"
ERROR - 2020-02-24 08:37:29 --> Could not find the language line "Đóng"
ERROR - 2020-02-24 08:37:29 --> Could not find the language line "Xác Nhận"
ERROR - 2020-02-24 08:37:31 --> Could not find the language line "Tạo Điểm Lấy Hàng"
ERROR - 2020-02-24 08:37:31 --> Could not find the language line "Tạo Đơn Hàng"
ERROR - 2020-02-24 08:37:31 --> Severity: Warning --> Invalid argument supplied for foreach() /home/admin/domains/spshd.com/public_html/khachhang/application/views/tab4.php 394
ERROR - 2020-02-24 08:37:31 --> Could not find the language line "Đóng"
ERROR - 2020-02-24 08:37:31 --> Could not find the language line "Xác Nhận"
ERROR - 2020-02-24 08:37:31 --> Severity: Warning --> Invalid argument supplied for foreach() /home/admin/domains/spshd.com/public_html/khachhang/application/views/app.php 157
ERROR - 2020-02-24 08:37:31 --> Severity: Warning --> Invalid argument supplied for foreach() /home/admin/domains/spshd.com/public_html/khachhang/application/views/app.php 168
ERROR - 2020-02-24 08:37:31 --> Could not find the language line "Đóng"
ERROR - 2020-02-24 08:37:31 --> Could not find the language line "Xác Nhận"
ERROR - 2020-02-24 08:37:31 --> Could not find the language line "Đóng"
ERROR - 2020-02-24 08:37:31 --> Could not find the language line "Xác Nhận"
ERROR - 2020-02-24 08:37:31 --> Could not find the language line "Tạo Điểm Lấy Hàng"
ERROR - 2020-02-24 08:37:31 --> Could not find the language line "Tạo Đơn Hàng"
ERROR - 2020-02-24 08:37:31 --> Severity: Warning --> Invalid argument supplied for foreach() /home/admin/domains/spshd.com/public_html/khachhang/application/views/tab4.php 394
ERROR - 2020-02-24 08:37:31 --> Could not find the language line "Đóng"
ERROR - 2020-02-24 08:37:31 --> Could not find the language line "Xác Nhận"
ERROR - 2020-02-24 08:37:31 --> Severity: Warning --> Invalid argument supplied for foreach() /home/admin/domains/spshd.com/public_html/khachhang/application/views/app.php 157
ERROR - 2020-02-24 08:37:31 --> Severity: Warning --> Invalid argument supplied for foreach() /home/admin/domains/spshd.com/public_html/khachhang/application/views/app.php 168
ERROR - 2020-02-24 08:37:31 --> Could not find the language line "Đóng"
ERROR - 2020-02-24 08:37:31 --> Could not find the language line "Xác Nhận"
ERROR - 2020-02-24 08:37:31 --> Could not find the language line "Đóng"
ERROR - 2020-02-24 08:37:31 --> Could not find the language line "Xác Nhận"
ERROR - 2020-02-24 08:38:56 --> Could not find the language line "Tạo Điểm Lấy Hàng"
ERROR - 2020-02-24 08:38:56 --> Could not find the language line "Tạo Đơn Hàng"
ERROR - 2020-02-24 08:38:56 --> Severity: Warning --> Invalid argument supplied for foreach() /home/admin/domains/spshd.com/public_html/khachhang/application/views/tab4.php 394
ERROR - 2020-02-24 08:38:56 --> Could not find the language line "Đóng"
ERROR - 2020-02-24 08:38:56 --> Could not find the language line "Xác Nhận"
ERROR - 2020-02-24 08:38:56 --> Severity: Warning --> Invalid argument supplied for foreach() /home/admin/domains/spshd.com/public_html/khachhang/application/views/app.php 157
ERROR - 2020-02-24 08:38:56 --> Severity: Warning --> Invalid argument supplied for foreach() /home/admin/domains/spshd.com/public_html/khachhang/application/views/app.php 168
ERROR - 2020-02-24 08:38:56 --> Could not find the language line "Đóng"
ERROR - 2020-02-24 08:38:56 --> Could not find the language line "Xác Nhận"
ERROR - 2020-02-24 08:38:56 --> Could not find the language line "Đóng"
ERROR - 2020-02-24 08:38:56 --> Could not find the language line "Xác Nhận"
ERROR - 2020-02-24 08:56:52 --> Could not find the language line "Tạo Điểm Lấy Hàng"
ERROR - 2020-02-24 08:56:52 --> Could not find the language line "Tạo Đơn Hàng"
ERROR - 2020-02-24 08:56:52 --> Severity: Warning --> Invalid argument supplied for foreach() /home/admin/domains/spshd.com/public_html/khachhang/application/views/tab4.php 394
ERROR - 2020-02-24 08:56:52 --> Could not find the language line "Đóng"
ERROR - 2020-02-24 08:56:52 --> Could not find the language line "Xác Nhận"
ERROR - 2020-02-24 08:56:52 --> Severity: Warning --> Invalid argument supplied for foreach() /home/admin/domains/spshd.com/public_html/khachhang/application/views/app.php 157
ERROR - 2020-02-24 08:56:52 --> Severity: Warning --> Invalid argument supplied for foreach() /home/admin/domains/spshd.com/public_html/khachhang/application/views/app.php 168
ERROR - 2020-02-24 08:56:52 --> Could not find the language line "Đóng"
ERROR - 2020-02-24 08:56:52 --> Could not find the language line "Xác Nhận"
ERROR - 2020-02-24 08:56:52 --> Could not find the language line "Đóng"
ERROR - 2020-02-24 08:56:52 --> Could not find the language line "Xác Nhận"
ERROR - 2020-02-24 10:53:49 --> Could not find the language line "Tạo Điểm Lấy Hàng"
ERROR - 2020-02-24 10:53:49 --> Could not find the language line "Tạo Đơn Hàng"
ERROR - 2020-02-24 10:53:49 --> Severity: Warning --> Invalid argument supplied for foreach() /home/admin/domains/spshd.com/public_html/khachhang/application/views/tab4.php 394
ERROR - 2020-02-24 10:53:49 --> Could not find the language line "Đóng"
ERROR - 2020-02-24 10:53:49 --> Could not find the language line "Xác Nhận"
ERROR - 2020-02-24 10:53:49 --> Severity: Warning --> Invalid argument supplied for foreach() /home/admin/domains/spshd.com/public_html/khachhang/application/views/app.php 157
ERROR - 2020-02-24 10:53:49 --> Severity: Warning --> Invalid argument supplied for foreach() /home/admin/domains/spshd.com/public_html/khachhang/application/views/app.php 168
ERROR - 2020-02-24 10:53:49 --> Could not find the language line "Đóng"
ERROR - 2020-02-24 10:53:49 --> Could not find the language line "Xác Nhận"
ERROR - 2020-02-24 10:53:49 --> Could not find the language line "Đóng"
ERROR - 2020-02-24 10:53:49 --> Could not find the language line "Xác Nhận"
ERROR - 2020-02-24 11:04:50 --> Could not find the language line "Tạo Điểm Lấy Hàng"
ERROR - 2020-02-24 11:04:50 --> Could not find the language line "Tạo Đơn Hàng"
ERROR - 2020-02-24 11:04:50 --> Severity: Warning --> Invalid argument supplied for foreach() /home/admin/domains/spshd.com/public_html/khachhang/application/views/tab4.php 394
ERROR - 2020-02-24 11:04:50 --> Could not find the language line "Đóng"
ERROR - 2020-02-24 11:04:50 --> Could not find the language line "Xác Nhận"
ERROR - 2020-02-24 11:04:50 --> Severity: Warning --> Invalid argument supplied for foreach() /home/admin/domains/spshd.com/public_html/khachhang/application/views/app.php 157
ERROR - 2020-02-24 11:04:50 --> Severity: Warning --> Invalid argument supplied for foreach() /home/admin/domains/spshd.com/public_html/khachhang/application/views/app.php 168
ERROR - 2020-02-24 11:04:50 --> Could not find the language line "Đóng"
ERROR - 2020-02-24 11:04:50 --> Could not find the language line "Xác Nhận"
ERROR - 2020-02-24 11:04:50 --> Could not find the language line "Đóng"
ERROR - 2020-02-24 11:04:50 --> Could not find the language line "Xác Nhận"
ERROR - 2020-02-24 12:00:22 --> Could not find the language line "Tạo Điểm Lấy Hàng"
ERROR - 2020-02-24 12:00:22 --> Could not find the language line "Tạo Đơn Hàng"
ERROR - 2020-02-24 12:00:22 --> Severity: Warning --> Invalid argument supplied for foreach() /home/admin/domains/spshd.com/public_html/khachhang/application/views/tab4.php 394
ERROR - 2020-02-24 12:00:22 --> Could not find the language line "Đóng"
ERROR - 2020-02-24 12:00:22 --> Could not find the language line "Xác Nhận"
ERROR - 2020-02-24 12:00:22 --> Severity: Warning --> Invalid argument supplied for foreach() /home/admin/domains/spshd.com/public_html/khachhang/application/views/app.php 157
ERROR - 2020-02-24 12:00:22 --> Severity: Warning --> Invalid argument supplied for foreach() /home/admin/domains/spshd.com/public_html/khachhang/application/views/app.php 168
ERROR - 2020-02-24 12:00:22 --> Could not find the language line "Đóng"
ERROR - 2020-02-24 12:00:22 --> Could not find the language line "Xác Nhận"
ERROR - 2020-02-24 12:00:22 --> Could not find the language line "Đóng"
ERROR - 2020-02-24 12:00:22 --> Could not find the language line "Xác Nhận"
ERROR - 2020-02-24 13:11:20 --> Could not find the language line "Tạo Điểm Lấy Hàng"
ERROR - 2020-02-24 13:11:20 --> Could not find the language line "Tạo Đơn Hàng"
ERROR - 2020-02-24 13:11:20 --> Severity: Warning --> Invalid argument supplied for foreach() /home/admin/domains/spshd.com/public_html/khachhang/application/views/tab4.php 394
ERROR - 2020-02-24 13:11:20 --> Could not find the language line "Đóng"
ERROR - 2020-02-24 13:11:20 --> Could not find the language line "Xác Nhận"
ERROR - 2020-02-24 13:11:20 --> Severity: Warning --> Invalid argument supplied for foreach() /home/admin/domains/spshd.com/public_html/khachhang/application/views/app.php 157
ERROR - 2020-02-24 13:11:20 --> Severity: Warning --> Invalid argument supplied for foreach() /home/admin/domains/spshd.com/public_html/khachhang/application/views/app.php 168
ERROR - 2020-02-24 13:11:20 --> Could not find the language line "Đóng"
ERROR - 2020-02-24 13:11:20 --> Could not find the language line "Xác Nhận"
ERROR - 2020-02-24 13:11:20 --> Could not find the language line "Đóng"
ERROR - 2020-02-24 13:11:20 --> Could not find the language line "Xác Nhận"
ERROR - 2020-02-24 14:22:00 --> Could not find the language line "Tạo Điểm Lấy Hàng"
ERROR - 2020-02-24 14:22:00 --> Could not find the language line "Tạo Đơn Hàng"
ERROR - 2020-02-24 14:22:00 --> Severity: Warning --> Invalid argument supplied for foreach() /home/admin/domains/spshd.com/public_html/khachhang/application/views/tab4.php 394
ERROR - 2020-02-24 14:22:00 --> Could not find the language line "Đóng"
ERROR - 2020-02-24 14:22:00 --> Could not find the language line "Xác Nhận"
ERROR - 2020-02-24 14:22:00 --> Severity: Warning --> Invalid argument supplied for foreach() /home/admin/domains/spshd.com/public_html/khachhang/application/views/app.php 157
ERROR - 2020-02-24 14:22:00 --> Severity: Warning --> Invalid argument supplied for foreach() /home/admin/domains/spshd.com/public_html/khachhang/application/views/app.php 168
ERROR - 2020-02-24 14:22:00 --> Could not find the language line "Đóng"
ERROR - 2020-02-24 14:22:00 --> Could not find the language line "Xác Nhận"
ERROR - 2020-02-24 14:22:00 --> Could not find the language line "Đóng"
ERROR - 2020-02-24 14:22:00 --> Could not find the language line "Xác Nhận"
ERROR - 2020-02-24 15:19:27 --> Could not find the language line "Tạo Điểm Lấy Hàng"
ERROR - 2020-02-24 15:19:27 --> Could not find the language line "Tạo Đơn Hàng"
ERROR - 2020-02-24 15:19:27 --> Severity: Warning --> Invalid argument supplied for foreach() /home/admin/domains/spshd.com/public_html/khachhang/application/views/tab4.php 394
ERROR - 2020-02-24 15:19:27 --> Could not find the language line "Đóng"
ERROR - 2020-02-24 15:19:27 --> Could not find the language line "Xác Nhận"
ERROR - 2020-02-24 15:19:27 --> Severity: Warning --> Invalid argument supplied for foreach() /home/admin/domains/spshd.com/public_html/khachhang/application/views/app.php 157
ERROR - 2020-02-24 15:19:27 --> Severity: Warning --> Invalid argument supplied for foreach() /home/admin/domains/spshd.com/public_html/khachhang/application/views/app.php 168
ERROR - 2020-02-24 15:19:27 --> Could not find the language line "Đóng"
ERROR - 2020-02-24 15:19:27 --> Could not find the language line "Xác Nhận"
ERROR - 2020-02-24 15:19:27 --> Could not find the language line "Đóng"
ERROR - 2020-02-24 15:19:27 --> Could not find the language line "Xác Nhận"
