ERROR - 2019-12-16 06:01:29 --> Could not find the language line "Email"
ERROR - 2019-12-16 06:01:29 --> Could not find the language line "password"
ERROR - 2019-12-16 06:55:39 --> Could not find the language line "Tạo Điểm Lấy Hàng"
ERROR - 2019-12-16 06:55:39 --> Could not find the language line "Tạo Đơn Hàng"
ERROR - 2019-12-16 06:55:39 --> Severity: Warning --> Invalid argument supplied for foreach() /home/admin/domains/spshd.com/public_html/khachhang/application/views/tab4.php 394
ERROR - 2019-12-16 06:55:39 --> Could not find the language line "Đóng"
ERROR - 2019-12-16 06:55:39 --> Could not find the language line "Xác Nhận"
ERROR - 2019-12-16 06:55:39 --> Severity: Warning --> Invalid argument supplied for foreach() /home/admin/domains/spshd.com/public_html/khachhang/application/views/app.php 157
ERROR - 2019-12-16 06:55:39 --> Severity: Warning --> Invalid argument supplied for foreach() /home/admin/domains/spshd.com/public_html/khachhang/application/views/app.php 168
ERROR - 2019-12-16 06:55:39 --> Could not find the language line "Đóng"
ERROR - 2019-12-16 06:55:39 --> Could not find the language line "Xác Nhận"
ERROR - 2019-12-16 06:55:39 --> Could not find the language line "Đóng"
ERROR - 2019-12-16 06:55:39 --> Could not find the language line "Xác Nhận"
ERROR - 2019-12-16 07:20:36 --> Could not find the language line "Tạo Điểm Lấy Hàng"
ERROR - 2019-12-16 07:20:36 --> Could not find the language line "Tạo Đơn Hàng"
ERROR - 2019-12-16 07:20:36 --> Severity: Warning --> Invalid argument supplied for foreach() /home/admin/domains/spshd.com/public_html/khachhang/application/views/tab4.php 394
ERROR - 2019-12-16 07:20:36 --> Could not find the language line "Đóng"
ERROR - 2019-12-16 07:20:36 --> Could not find the language line "Xác Nhận"
ERROR - 2019-12-16 07:20:36 --> Severity: Warning --> Invalid argument supplied for foreach() /home/admin/domains/spshd.com/public_html/khachhang/application/views/app.php 157
ERROR - 2019-12-16 07:20:36 --> Severity: Warning --> Invalid argument supplied for foreach() /home/admin/domains/spshd.com/public_html/khachhang/application/views/app.php 168
ERROR - 2019-12-16 07:20:36 --> Could not find the language line "Đóng"
ERROR - 2019-12-16 07:20:36 --> Could not find the language line "Xác Nhận"
ERROR - 2019-12-16 07:20:36 --> Could not find the language line "Đóng"
ERROR - 2019-12-16 07:20:36 --> Could not find the language line "Xác Nhận"
ERROR - 2019-12-16 07:27:05 --> Could not find the language line "Tạo Điểm Lấy Hàng"
ERROR - 2019-12-16 07:27:05 --> Could not find the language line "Tạo Đơn Hàng"
ERROR - 2019-12-16 07:27:05 --> Severity: Warning --> Invalid argument supplied for foreach() /home/admin/domains/spshd.com/public_html/khachhang/application/views/tab4.php 394
ERROR - 2019-12-16 07:27:05 --> Could not find the language line "Đóng"
ERROR - 2019-12-16 07:27:05 --> Could not find the language line "Xác Nhận"
ERROR - 2019-12-16 07:27:05 --> Severity: Warning --> Invalid argument supplied for foreach() /home/admin/domains/spshd.com/public_html/khachhang/application/views/app.php 157
ERROR - 2019-12-16 07:27:05 --> Severity: Warning --> Invalid argument supplied for foreach() /home/admin/domains/spshd.com/public_html/khachhang/application/views/app.php 168
ERROR - 2019-12-16 07:27:05 --> Could not find the language line "Đóng"
ERROR - 2019-12-16 07:27:05 --> Could not find the language line "Xác Nhận"
ERROR - 2019-12-16 07:27:05 --> Could not find the language line "Đóng"
ERROR - 2019-12-16 07:27:05 --> Could not find the language line "Xác Nhận"
ERROR - 2019-12-16 09:39:23 --> Could not find the language line "Tạo Điểm Lấy Hàng"
ERROR - 2019-12-16 09:39:23 --> Could not find the language line "Tạo Đơn Hàng"
ERROR - 2019-12-16 09:39:23 --> Severity: Warning --> Invalid argument supplied for foreach() /home/admin/domains/spshd.com/public_html/khachhang/application/views/tab4.php 394
ERROR - 2019-12-16 09:39:23 --> Could not find the language line "Đóng"
ERROR - 2019-12-16 09:39:23 --> Could not find the language line "Xác Nhận"
ERROR - 2019-12-16 09:39:23 --> Severity: Warning --> Invalid argument supplied for foreach() /home/admin/domains/spshd.com/public_html/khachhang/application/views/app.php 157
ERROR - 2019-12-16 09:39:23 --> Severity: Warning --> Invalid argument supplied for foreach() /home/admin/domains/spshd.com/public_html/khachhang/application/views/app.php 168
ERROR - 2019-12-16 09:39:23 --> Could not find the language line "Đóng"
ERROR - 2019-12-16 09:39:23 --> Could not find the language line "Xác Nhận"
ERROR - 2019-12-16 09:39:23 --> Could not find the language line "Đóng"
ERROR - 2019-12-16 09:39:23 --> Could not find the language line "Xác Nhận"
ERROR - 2019-12-16 09:51:52 --> Could not find the language line "Tạo Điểm Lấy Hàng"
ERROR - 2019-12-16 09:51:52 --> Could not find the language line "Tạo Đơn Hàng"
ERROR - 2019-12-16 09:51:52 --> Severity: Warning --> Invalid argument supplied for foreach() /home/admin/domains/spshd.com/public_html/khachhang/application/views/tab4.php 394
ERROR - 2019-12-16 09:51:52 --> Could not find the language line "Đóng"
ERROR - 2019-12-16 09:51:52 --> Could not find the language line "Xác Nhận"
ERROR - 2019-12-16 09:51:52 --> Severity: Warning --> Invalid argument supplied for foreach() /home/admin/domains/spshd.com/public_html/khachhang/application/views/app.php 157
ERROR - 2019-12-16 09:51:52 --> Severity: Warning --> Invalid argument supplied for foreach() /home/admin/domains/spshd.com/public_html/khachhang/application/views/app.php 168
ERROR - 2019-12-16 09:51:52 --> Could not find the language line "Đóng"
ERROR - 2019-12-16 09:51:52 --> Could not find the language line "Xác Nhận"
ERROR - 2019-12-16 09:51:52 --> Could not find the language line "Đóng"
ERROR - 2019-12-16 09:51:52 --> Could not find the language line "Xác Nhận"
ERROR - 2019-12-16 09:51:55 --> Could not find the language line "Tạo Điểm Lấy Hàng"
ERROR - 2019-12-16 09:51:55 --> Could not find the language line "Tạo Đơn Hàng"
ERROR - 2019-12-16 09:51:55 --> Severity: Warning --> Invalid argument supplied for foreach() /home/admin/domains/spshd.com/public_html/khachhang/application/views/tab4.php 394
ERROR - 2019-12-16 09:51:55 --> Could not find the language line "Đóng"
ERROR - 2019-12-16 09:51:55 --> Could not find the language line "Xác Nhận"
ERROR - 2019-12-16 09:51:55 --> Severity: Warning --> Invalid argument supplied for foreach() /home/admin/domains/spshd.com/public_html/khachhang/application/views/app.php 157
ERROR - 2019-12-16 09:51:55 --> Severity: Warning --> Invalid argument supplied for foreach() /home/admin/domains/spshd.com/public_html/khachhang/application/views/app.php 168
ERROR - 2019-12-16 09:51:55 --> Could not find the language line "Đóng"
ERROR - 2019-12-16 09:51:55 --> Could not find the language line "Xác Nhận"
ERROR - 2019-12-16 09:51:55 --> Could not find the language line "Đóng"
ERROR - 2019-12-16 09:51:55 --> Could not find the language line "Xác Nhận"
ERROR - 2019-12-16 10:08:27 --> Could not find the language line "Tạo Điểm Lấy Hàng"
ERROR - 2019-12-16 10:08:27 --> Could not find the language line "Tạo Đơn Hàng"
ERROR - 2019-12-16 10:08:27 --> Severity: Warning --> Invalid argument supplied for foreach() /home/admin/domains/spshd.com/public_html/khachhang/application/views/tab4.php 394
ERROR - 2019-12-16 10:08:27 --> Could not find the language line "Đóng"
ERROR - 2019-12-16 10:08:27 --> Could not find the language line "Xác Nhận"
ERROR - 2019-12-16 10:08:27 --> Severity: Warning --> Invalid argument supplied for foreach() /home/admin/domains/spshd.com/public_html/khachhang/application/views/app.php 157
ERROR - 2019-12-16 10:08:27 --> Severity: Warning --> Invalid argument supplied for foreach() /home/admin/domains/spshd.com/public_html/khachhang/application/views/app.php 168
ERROR - 2019-12-16 10:08:27 --> Could not find the language line "Đóng"
ERROR - 2019-12-16 10:08:27 --> Could not find the language line "Xác Nhận"
ERROR - 2019-12-16 10:08:27 --> Could not find the language line "Đóng"
ERROR - 2019-12-16 10:08:27 --> Could not find the language line "Xác Nhận"
ERROR - 2019-12-16 10:28:19 --> Could not find the language line "Tạo Điểm Lấy Hàng"
ERROR - 2019-12-16 10:28:19 --> Could not find the language line "Tạo Đơn Hàng"
ERROR - 2019-12-16 10:28:19 --> Severity: Warning --> Invalid argument supplied for foreach() /home/admin/domains/spshd.com/public_html/khachhang/application/views/tab4.php 394
ERROR - 2019-12-16 10:28:19 --> Could not find the language line "Đóng"
ERROR - 2019-12-16 10:28:19 --> Could not find the language line "Xác Nhận"
ERROR - 2019-12-16 10:28:19 --> Severity: Warning --> Invalid argument supplied for foreach() /home/admin/domains/spshd.com/public_html/khachhang/application/views/app.php 157
ERROR - 2019-12-16 10:28:19 --> Severity: Warning --> Invalid argument supplied for foreach() /home/admin/domains/spshd.com/public_html/khachhang/application/views/app.php 168
ERROR - 2019-12-16 10:28:19 --> Could not find the language line "Đóng"
ERROR - 2019-12-16 10:28:19 --> Could not find the language line "Xác Nhận"
ERROR - 2019-12-16 10:28:19 --> Could not find the language line "Đóng"
ERROR - 2019-12-16 10:28:19 --> Could not find the language line "Xác Nhận"
ERROR - 2019-12-16 10:28:20 --> Could not find the language line "Tạo Điểm Lấy Hàng"
ERROR - 2019-12-16 10:28:20 --> Could not find the language line "Tạo Đơn Hàng"
ERROR - 2019-12-16 10:28:20 --> Severity: Warning --> Invalid argument supplied for foreach() /home/admin/domains/spshd.com/public_html/khachhang/application/views/tab4.php 394
ERROR - 2019-12-16 10:28:20 --> Could not find the language line "Đóng"
ERROR - 2019-12-16 10:28:20 --> Could not find the language line "Xác Nhận"
ERROR - 2019-12-16 10:28:20 --> Severity: Warning --> Invalid argument supplied for foreach() /home/admin/domains/spshd.com/public_html/khachhang/application/views/app.php 157
ERROR - 2019-12-16 10:28:20 --> Severity: Warning --> Invalid argument supplied for foreach() /home/admin/domains/spshd.com/public_html/khachhang/application/views/app.php 168
ERROR - 2019-12-16 10:28:20 --> Could not find the language line "Đóng"
ERROR - 2019-12-16 10:28:20 --> Could not find the language line "Xác Nhận"
ERROR - 2019-12-16 10:28:20 --> Could not find the language line "Đóng"
ERROR - 2019-12-16 10:28:20 --> Could not find the language line "Xác Nhận"
ERROR - 2019-12-16 12:07:52 --> Could not find the language line "Tạo Điểm Lấy Hàng"
ERROR - 2019-12-16 12:07:52 --> Could not find the language line "Tạo Đơn Hàng"
ERROR - 2019-12-16 12:07:52 --> Severity: Warning --> Invalid argument supplied for foreach() /home/admin/domains/spshd.com/public_html/khachhang/application/views/tab4.php 394
ERROR - 2019-12-16 12:07:52 --> Could not find the language line "Đóng"
ERROR - 2019-12-16 12:07:52 --> Could not find the language line "Xác Nhận"
ERROR - 2019-12-16 12:07:52 --> Severity: Warning --> Invalid argument supplied for foreach() /home/admin/domains/spshd.com/public_html/khachhang/application/views/app.php 157
ERROR - 2019-12-16 12:07:52 --> Severity: Warning --> Invalid argument supplied for foreach() /home/admin/domains/spshd.com/public_html/khachhang/application/views/app.php 168
ERROR - 2019-12-16 12:07:52 --> Could not find the language line "Đóng"
ERROR - 2019-12-16 12:07:52 --> Could not find the language line "Xác Nhận"
ERROR - 2019-12-16 12:07:52 --> Could not find the language line "Đóng"
ERROR - 2019-12-16 12:07:52 --> Could not find the language line "Xác Nhận"
ERROR - 2019-12-16 12:31:54 --> Could not find the language line "Tạo Điểm Lấy Hàng"
ERROR - 2019-12-16 12:31:54 --> Could not find the language line "Tạo Đơn Hàng"
ERROR - 2019-12-16 12:31:54 --> Severity: Warning --> Invalid argument supplied for foreach() /home/admin/domains/spshd.com/public_html/khachhang/application/views/tab4.php 394
ERROR - 2019-12-16 12:31:54 --> Could not find the language line "Đóng"
ERROR - 2019-12-16 12:31:54 --> Could not find the language line "Xác Nhận"
ERROR - 2019-12-16 12:31:54 --> Severity: Warning --> Invalid argument supplied for foreach() /home/admin/domains/spshd.com/public_html/khachhang/application/views/app.php 157
ERROR - 2019-12-16 12:31:54 --> Severity: Warning --> Invalid argument supplied for foreach() /home/admin/domains/spshd.com/public_html/khachhang/application/views/app.php 168
ERROR - 2019-12-16 12:31:54 --> Could not find the language line "Đóng"
ERROR - 2019-12-16 12:31:54 --> Could not find the language line "Xác Nhận"
ERROR - 2019-12-16 12:31:54 --> Could not find the language line "Đóng"
ERROR - 2019-12-16 12:31:54 --> Could not find the language line "Xác Nhận"
ERROR - 2019-12-16 13:10:41 --> Could not find the language line "Email"
ERROR - 2019-12-16 13:10:41 --> Could not find the language line "password"
ERROR - 2019-12-16 16:12:22 --> Could not find the language line "Email"
ERROR - 2019-12-16 16:12:22 --> Could not find the language line "password"
ERROR - 2019-12-16 16:15:14 --> Could not find the language line "Email"
ERROR - 2019-12-16 16:15:14 --> Could not find the language line "password"
