ERROR - 2019-12-20 01:07:42 --> Could not find the language line "Tạo Điểm Lấy Hàng"
ERROR - 2019-12-20 01:07:42 --> Could not find the language line "Tạo Đơn Hàng"
ERROR - 2019-12-20 01:07:42 --> Severity: Warning --> Invalid argument supplied for foreach() /home/admin/domains/spshd.com/public_html/khachhang/application/views/tab4.php 394
ERROR - 2019-12-20 01:07:42 --> Could not find the language line "Đóng"
ERROR - 2019-12-20 01:07:42 --> Could not find the language line "Xác Nhận"
ERROR - 2019-12-20 01:07:42 --> Severity: Warning --> Invalid argument supplied for foreach() /home/admin/domains/spshd.com/public_html/khachhang/application/views/app.php 157
ERROR - 2019-12-20 01:07:42 --> Severity: Warning --> Invalid argument supplied for foreach() /home/admin/domains/spshd.com/public_html/khachhang/application/views/app.php 168
ERROR - 2019-12-20 01:07:42 --> Could not find the language line "Đóng"
ERROR - 2019-12-20 01:07:42 --> Could not find the language line "Xác Nhận"
ERROR - 2019-12-20 01:07:42 --> Could not find the language line "Đóng"
ERROR - 2019-12-20 01:07:42 --> Could not find the language line "Xác Nhận"
ERROR - 2019-12-20 01:38:43 --> Could not find the language line "Tạo Điểm Lấy Hàng"
ERROR - 2019-12-20 01:38:43 --> Could not find the language line "Tạo Đơn Hàng"
ERROR - 2019-12-20 01:38:43 --> Severity: Warning --> Invalid argument supplied for foreach() /home/admin/domains/spshd.com/public_html/khachhang/application/views/tab4.php 394
ERROR - 2019-12-20 01:38:43 --> Could not find the language line "Đóng"
ERROR - 2019-12-20 01:38:43 --> Could not find the language line "Xác Nhận"
ERROR - 2019-12-20 01:38:43 --> Severity: Warning --> Invalid argument supplied for foreach() /home/admin/domains/spshd.com/public_html/khachhang/application/views/app.php 157
ERROR - 2019-12-20 01:38:43 --> Severity: Warning --> Invalid argument supplied for foreach() /home/admin/domains/spshd.com/public_html/khachhang/application/views/app.php 168
ERROR - 2019-12-20 01:38:43 --> Could not find the language line "Đóng"
ERROR - 2019-12-20 01:38:43 --> Could not find the language line "Xác Nhận"
ERROR - 2019-12-20 01:38:43 --> Could not find the language line "Đóng"
ERROR - 2019-12-20 01:38:43 --> Could not find the language line "Xác Nhận"
ERROR - 2019-12-20 02:36:11 --> Could not find the language line "Tạo Điểm Lấy Hàng"
ERROR - 2019-12-20 02:36:11 --> Could not find the language line "Tạo Đơn Hàng"
ERROR - 2019-12-20 02:36:11 --> Severity: Warning --> Invalid argument supplied for foreach() /home/admin/domains/spshd.com/public_html/khachhang/application/views/tab4.php 394
ERROR - 2019-12-20 02:36:11 --> Could not find the language line "Đóng"
ERROR - 2019-12-20 02:36:11 --> Could not find the language line "Xác Nhận"
ERROR - 2019-12-20 02:36:11 --> Severity: Warning --> Invalid argument supplied for foreach() /home/admin/domains/spshd.com/public_html/khachhang/application/views/app.php 157
ERROR - 2019-12-20 02:36:11 --> Severity: Warning --> Invalid argument supplied for foreach() /home/admin/domains/spshd.com/public_html/khachhang/application/views/app.php 168
ERROR - 2019-12-20 02:36:11 --> Could not find the language line "Đóng"
ERROR - 2019-12-20 02:36:11 --> Could not find the language line "Xác Nhận"
ERROR - 2019-12-20 02:36:11 --> Could not find the language line "Đóng"
ERROR - 2019-12-20 02:36:11 --> Could not find the language line "Xác Nhận"
ERROR - 2019-12-20 05:11:43 --> Could not find the language line "Email"
ERROR - 2019-12-20 05:11:43 --> Could not find the language line "password"
ERROR - 2019-12-20 05:12:08 --> Could not find the language line "Tạo Điểm Lấy Hàng"
ERROR - 2019-12-20 05:12:08 --> Could not find the language line "Tạo Đơn Hàng"
ERROR - 2019-12-20 05:12:08 --> Severity: Warning --> Invalid argument supplied for foreach() /home/admin/domains/spshd.com/public_html/khachhang/application/views/tab4.php 394
ERROR - 2019-12-20 05:12:08 --> Could not find the language line "Đóng"
ERROR - 2019-12-20 05:12:08 --> Could not find the language line "Xác Nhận"
ERROR - 2019-12-20 05:12:08 --> Severity: Warning --> Invalid argument supplied for foreach() /home/admin/domains/spshd.com/public_html/khachhang/application/views/app.php 157
ERROR - 2019-12-20 05:12:08 --> Severity: Warning --> Invalid argument supplied for foreach() /home/admin/domains/spshd.com/public_html/khachhang/application/views/app.php 168
ERROR - 2019-12-20 05:12:08 --> Could not find the language line "Đóng"
ERROR - 2019-12-20 05:12:08 --> Could not find the language line "Xác Nhận"
ERROR - 2019-12-20 05:12:08 --> Could not find the language line "Đóng"
ERROR - 2019-12-20 05:12:08 --> Could not find the language line "Xác Nhận"
ERROR - 2019-12-20 05:35:01 --> Could not find the language line "Email"
ERROR - 2019-12-20 05:35:01 --> Could not find the language line "password"
ERROR - 2019-12-20 05:48:36 --> Could not find the language line "Email"
ERROR - 2019-12-20 05:48:36 --> Could not find the language line "password"
ERROR - 2019-12-20 05:56:46 --> Could not find the language line "Tạo Điểm Lấy Hàng"
ERROR - 2019-12-20 05:56:46 --> Could not find the language line "Tạo Đơn Hàng"
ERROR - 2019-12-20 05:56:46 --> Severity: Warning --> Invalid argument supplied for foreach() /home/admin/domains/spshd.com/public_html/khachhang/application/views/tab4.php 394
ERROR - 2019-12-20 05:56:46 --> Could not find the language line "Đóng"
ERROR - 2019-12-20 05:56:46 --> Could not find the language line "Xác Nhận"
ERROR - 2019-12-20 05:56:46 --> Severity: Warning --> Invalid argument supplied for foreach() /home/admin/domains/spshd.com/public_html/khachhang/application/views/app.php 157
ERROR - 2019-12-20 05:56:46 --> Severity: Warning --> Invalid argument supplied for foreach() /home/admin/domains/spshd.com/public_html/khachhang/application/views/app.php 168
ERROR - 2019-12-20 05:56:46 --> Could not find the language line "Đóng"
ERROR - 2019-12-20 05:56:46 --> Could not find the language line "Xác Nhận"
ERROR - 2019-12-20 05:56:46 --> Could not find the language line "Đóng"
ERROR - 2019-12-20 05:56:46 --> Could not find the language line "Xác Nhận"
ERROR - 2019-12-20 05:59:32 --> Could not find the language line "Tạo Điểm Lấy Hàng"
ERROR - 2019-12-20 05:59:32 --> Could not find the language line "Tạo Đơn Hàng"
ERROR - 2019-12-20 05:59:32 --> Severity: Warning --> Invalid argument supplied for foreach() /home/admin/domains/spshd.com/public_html/khachhang/application/views/tab4.php 394
ERROR - 2019-12-20 05:59:32 --> Could not find the language line "Đóng"
ERROR - 2019-12-20 05:59:32 --> Could not find the language line "Xác Nhận"
ERROR - 2019-12-20 05:59:32 --> Severity: Warning --> Invalid argument supplied for foreach() /home/admin/domains/spshd.com/public_html/khachhang/application/views/app.php 157
ERROR - 2019-12-20 05:59:32 --> Severity: Warning --> Invalid argument supplied for foreach() /home/admin/domains/spshd.com/public_html/khachhang/application/views/app.php 168
ERROR - 2019-12-20 05:59:32 --> Could not find the language line "Đóng"
ERROR - 2019-12-20 05:59:32 --> Could not find the language line "Xác Nhận"
ERROR - 2019-12-20 05:59:32 --> Could not find the language line "Đóng"
ERROR - 2019-12-20 05:59:32 --> Could not find the language line "Xác Nhận"
ERROR - 2019-12-20 06:01:16 --> Could not find the language line "Tạo Điểm Lấy Hàng"
ERROR - 2019-12-20 06:01:16 --> Could not find the language line "Tạo Đơn Hàng"
ERROR - 2019-12-20 06:01:16 --> Severity: Warning --> Invalid argument supplied for foreach() /home/admin/domains/spshd.com/public_html/khachhang/application/views/tab4.php 394
ERROR - 2019-12-20 06:01:16 --> Could not find the language line "Đóng"
ERROR - 2019-12-20 06:01:16 --> Could not find the language line "Xác Nhận"
ERROR - 2019-12-20 06:01:16 --> Severity: Warning --> Invalid argument supplied for foreach() /home/admin/domains/spshd.com/public_html/khachhang/application/views/app.php 157
ERROR - 2019-12-20 06:01:16 --> Severity: Warning --> Invalid argument supplied for foreach() /home/admin/domains/spshd.com/public_html/khachhang/application/views/app.php 168
ERROR - 2019-12-20 06:01:16 --> Could not find the language line "Đóng"
ERROR - 2019-12-20 06:01:16 --> Could not find the language line "Xác Nhận"
ERROR - 2019-12-20 06:01:16 --> Could not find the language line "Đóng"
ERROR - 2019-12-20 06:01:16 --> Could not find the language line "Xác Nhận"
ERROR - 2019-12-20 06:01:25 --> Could not find the language line "Tạo Điểm Lấy Hàng"
ERROR - 2019-12-20 06:01:25 --> Could not find the language line "Tạo Đơn Hàng"
ERROR - 2019-12-20 06:01:25 --> Severity: Warning --> Invalid argument supplied for foreach() /home/admin/domains/spshd.com/public_html/khachhang/application/views/tab4.php 394
ERROR - 2019-12-20 06:01:25 --> Could not find the language line "Đóng"
ERROR - 2019-12-20 06:01:25 --> Could not find the language line "Xác Nhận"
ERROR - 2019-12-20 06:01:25 --> Severity: Warning --> Invalid argument supplied for foreach() /home/admin/domains/spshd.com/public_html/khachhang/application/views/app.php 157
ERROR - 2019-12-20 06:01:25 --> Severity: Warning --> Invalid argument supplied for foreach() /home/admin/domains/spshd.com/public_html/khachhang/application/views/app.php 168
ERROR - 2019-12-20 06:01:25 --> Could not find the language line "Đóng"
ERROR - 2019-12-20 06:01:25 --> Could not find the language line "Xác Nhận"
ERROR - 2019-12-20 06:01:25 --> Could not find the language line "Đóng"
ERROR - 2019-12-20 06:01:25 --> Could not find the language line "Xác Nhận"
ERROR - 2019-12-20 06:02:10 --> Could not find the language line "Tạo Điểm Lấy Hàng"
ERROR - 2019-12-20 06:02:10 --> Could not find the language line "Tạo Đơn Hàng"
ERROR - 2019-12-20 06:02:10 --> Severity: Warning --> Invalid argument supplied for foreach() /home/admin/domains/spshd.com/public_html/khachhang/application/views/tab4.php 394
ERROR - 2019-12-20 06:02:10 --> Could not find the language line "Đóng"
ERROR - 2019-12-20 06:02:10 --> Could not find the language line "Xác Nhận"
ERROR - 2019-12-20 06:02:10 --> Severity: Warning --> Invalid argument supplied for foreach() /home/admin/domains/spshd.com/public_html/khachhang/application/views/app.php 157
ERROR - 2019-12-20 06:02:10 --> Severity: Warning --> Invalid argument supplied for foreach() /home/admin/domains/spshd.com/public_html/khachhang/application/views/app.php 168
ERROR - 2019-12-20 06:02:10 --> Could not find the language line "Đóng"
ERROR - 2019-12-20 06:02:10 --> Could not find the language line "Xác Nhận"
ERROR - 2019-12-20 06:02:10 --> Could not find the language line "Đóng"
ERROR - 2019-12-20 06:02:10 --> Could not find the language line "Xác Nhận"
ERROR - 2019-12-20 06:35:47 --> Could not find the language line "Tạo Điểm Lấy Hàng"
ERROR - 2019-12-20 06:35:47 --> Could not find the language line "Tạo Đơn Hàng"
ERROR - 2019-12-20 06:35:47 --> Severity: Warning --> Invalid argument supplied for foreach() /home/admin/domains/spshd.com/public_html/khachhang/application/views/tab4.php 394
ERROR - 2019-12-20 06:35:47 --> Could not find the language line "Đóng"
ERROR - 2019-12-20 06:35:47 --> Could not find the language line "Xác Nhận"
ERROR - 2019-12-20 06:35:47 --> Severity: Warning --> Invalid argument supplied for foreach() /home/admin/domains/spshd.com/public_html/khachhang/application/views/app.php 157
ERROR - 2019-12-20 06:35:47 --> Severity: Warning --> Invalid argument supplied for foreach() /home/admin/domains/spshd.com/public_html/khachhang/application/views/app.php 168
ERROR - 2019-12-20 06:35:47 --> Could not find the language line "Đóng"
ERROR - 2019-12-20 06:35:47 --> Could not find the language line "Xác Nhận"
ERROR - 2019-12-20 06:35:47 --> Could not find the language line "Đóng"
ERROR - 2019-12-20 06:35:47 --> Could not find the language line "Xác Nhận"
ERROR - 2019-12-20 06:39:36 --> Could not find the language line "Email"
ERROR - 2019-12-20 06:39:36 --> Could not find the language line "password"
ERROR - 2019-12-20 06:39:52 --> Could not find the language line "Tạo Điểm Lấy Hàng"
ERROR - 2019-12-20 06:39:52 --> Could not find the language line "Tạo Đơn Hàng"
ERROR - 2019-12-20 06:39:52 --> Severity: Warning --> Invalid argument supplied for foreach() /home/admin/domains/spshd.com/public_html/khachhang/application/views/tab4.php 394
ERROR - 2019-12-20 06:39:52 --> Could not find the language line "Đóng"
ERROR - 2019-12-20 06:39:52 --> Could not find the language line "Xác Nhận"
ERROR - 2019-12-20 06:39:52 --> Severity: Warning --> Invalid argument supplied for foreach() /home/admin/domains/spshd.com/public_html/khachhang/application/views/app.php 157
ERROR - 2019-12-20 06:39:52 --> Severity: Warning --> Invalid argument supplied for foreach() /home/admin/domains/spshd.com/public_html/khachhang/application/views/app.php 168
ERROR - 2019-12-20 06:39:52 --> Could not find the language line "Đóng"
ERROR - 2019-12-20 06:39:52 --> Could not find the language line "Xác Nhận"
ERROR - 2019-12-20 06:39:52 --> Could not find the language line "Đóng"
ERROR - 2019-12-20 06:39:52 --> Could not find the language line "Xác Nhận"
ERROR - 2019-12-20 08:41:18 --> Could not find the language line "Tạo Điểm Lấy Hàng"
ERROR - 2019-12-20 08:41:19 --> Could not find the language line "Tạo Đơn Hàng"
ERROR - 2019-12-20 08:41:19 --> Severity: Warning --> Invalid argument supplied for foreach() /home/admin/domains/spshd.com/public_html/khachhang/application/views/tab4.php 394
ERROR - 2019-12-20 08:41:19 --> Could not find the language line "Đóng"
ERROR - 2019-12-20 08:41:19 --> Could not find the language line "Xác Nhận"
ERROR - 2019-12-20 08:41:19 --> Severity: Warning --> Invalid argument supplied for foreach() /home/admin/domains/spshd.com/public_html/khachhang/application/views/app.php 157
ERROR - 2019-12-20 08:41:19 --> Severity: Warning --> Invalid argument supplied for foreach() /home/admin/domains/spshd.com/public_html/khachhang/application/views/app.php 168
ERROR - 2019-12-20 08:41:19 --> Could not find the language line "Đóng"
ERROR - 2019-12-20 08:41:19 --> Could not find the language line "Xác Nhận"
ERROR - 2019-12-20 08:41:19 --> Could not find the language line "Đóng"
ERROR - 2019-12-20 08:41:19 --> Could not find the language line "Xác Nhận"
ERROR - 2019-12-20 12:00:06 --> Could not find the language line "Tạo Điểm Lấy Hàng"
ERROR - 2019-12-20 12:00:06 --> Could not find the language line "Tạo Đơn Hàng"
ERROR - 2019-12-20 12:00:06 --> Severity: Warning --> Invalid argument supplied for foreach() /home/admin/domains/spshd.com/public_html/khachhang/application/views/tab4.php 394
ERROR - 2019-12-20 12:00:06 --> Could not find the language line "Đóng"
ERROR - 2019-12-20 12:00:06 --> Could not find the language line "Xác Nhận"
ERROR - 2019-12-20 12:00:06 --> Severity: Warning --> Invalid argument supplied for foreach() /home/admin/domains/spshd.com/public_html/khachhang/application/views/app.php 157
ERROR - 2019-12-20 12:00:06 --> Severity: Warning --> Invalid argument supplied for foreach() /home/admin/domains/spshd.com/public_html/khachhang/application/views/app.php 168
ERROR - 2019-12-20 12:00:06 --> Could not find the language line "Đóng"
ERROR - 2019-12-20 12:00:06 --> Could not find the language line "Xác Nhận"
ERROR - 2019-12-20 12:00:06 --> Could not find the language line "Đóng"
ERROR - 2019-12-20 12:00:06 --> Could not find the language line "Xác Nhận"
ERROR - 2019-12-20 14:08:11 --> Could not find the language line "Tạo Điểm Lấy Hàng"
ERROR - 2019-12-20 14:08:11 --> Could not find the language line "Tạo Đơn Hàng"
ERROR - 2019-12-20 14:08:11 --> Severity: Warning --> Invalid argument supplied for foreach() /home/admin/domains/spshd.com/public_html/khachhang/application/views/tab4.php 394
ERROR - 2019-12-20 14:08:11 --> Could not find the language line "Đóng"
ERROR - 2019-12-20 14:08:11 --> Could not find the language line "Xác Nhận"
ERROR - 2019-12-20 14:08:11 --> Severity: Warning --> Invalid argument supplied for foreach() /home/admin/domains/spshd.com/public_html/khachhang/application/views/app.php 157
ERROR - 2019-12-20 14:08:11 --> Severity: Warning --> Invalid argument supplied for foreach() /home/admin/domains/spshd.com/public_html/khachhang/application/views/app.php 168
ERROR - 2019-12-20 14:08:11 --> Could not find the language line "Đóng"
ERROR - 2019-12-20 14:08:11 --> Could not find the language line "Xác Nhận"
ERROR - 2019-12-20 14:08:11 --> Could not find the language line "Đóng"
ERROR - 2019-12-20 14:08:11 --> Could not find the language line "Xác Nhận"
ERROR - 2019-12-20 14:26:19 --> Could not find the language line "Tạo Điểm Lấy Hàng"
ERROR - 2019-12-20 14:26:19 --> Could not find the language line "Tạo Đơn Hàng"
ERROR - 2019-12-20 14:26:19 --> Severity: Warning --> Invalid argument supplied for foreach() /home/admin/domains/spshd.com/public_html/khachhang/application/views/tab4.php 394
ERROR - 2019-12-20 14:26:19 --> Could not find the language line "Đóng"
ERROR - 2019-12-20 14:26:19 --> Could not find the language line "Xác Nhận"
ERROR - 2019-12-20 14:26:19 --> Severity: Warning --> Invalid argument supplied for foreach() /home/admin/domains/spshd.com/public_html/khachhang/application/views/app.php 157
ERROR - 2019-12-20 14:26:19 --> Severity: Warning --> Invalid argument supplied for foreach() /home/admin/domains/spshd.com/public_html/khachhang/application/views/app.php 168
ERROR - 2019-12-20 14:26:19 --> Could not find the language line "Đóng"
ERROR - 2019-12-20 14:26:19 --> Could not find the language line "Xác Nhận"
ERROR - 2019-12-20 14:26:19 --> Could not find the language line "Đóng"
ERROR - 2019-12-20 14:26:19 --> Could not find the language line "Xác Nhận"
ERROR - 2019-12-20 16:28:53 --> Could not find the language line "Email"
ERROR - 2019-12-20 16:28:53 --> Could not find the language line "password"
ERROR - 2019-12-20 16:53:13 --> Could not find the language line "Email"
ERROR - 2019-12-20 16:53:13 --> Could not find the language line "password"
