ERROR - 2020-03-17 01:05:08 --> Could not find the language line "Tạo Điểm Lấy Hàng"
ERROR - 2020-03-17 01:05:08 --> Could not find the language line "Tạo Đơn Hàng"
ERROR - 2020-03-17 01:05:08 --> Severity: Warning --> Invalid argument supplied for foreach() /home/admin/domains/spshd.com/public_html/khachhang/application/views/tab4.php 394
ERROR - 2020-03-17 01:05:08 --> Could not find the language line "Đóng"
ERROR - 2020-03-17 01:05:08 --> Could not find the language line "Xác Nhận"
ERROR - 2020-03-17 01:05:08 --> Severity: Warning --> Invalid argument supplied for foreach() /home/admin/domains/spshd.com/public_html/khachhang/application/views/app.php 161
ERROR - 2020-03-17 01:05:08 --> Severity: Warning --> Invalid argument supplied for foreach() /home/admin/domains/spshd.com/public_html/khachhang/application/views/app.php 172
ERROR - 2020-03-17 01:05:08 --> Could not find the language line "Đóng"
ERROR - 2020-03-17 01:05:08 --> Could not find the language line "Xác Nhận"
ERROR - 2020-03-17 01:05:08 --> Could not find the language line "Đóng"
ERROR - 2020-03-17 01:05:08 --> Could not find the language line "Xác Nhận"
ERROR - 2020-03-17 01:22:56 --> Could not find the language line "Tạo Điểm Lấy Hàng"
ERROR - 2020-03-17 01:22:56 --> Could not find the language line "Tạo Đơn Hàng"
ERROR - 2020-03-17 01:22:56 --> Severity: Warning --> Invalid argument supplied for foreach() /home/admin/domains/spshd.com/public_html/khachhang/application/views/tab4.php 394
ERROR - 2020-03-17 01:22:56 --> Could not find the language line "Đóng"
ERROR - 2020-03-17 01:22:56 --> Could not find the language line "Xác Nhận"
ERROR - 2020-03-17 01:22:56 --> Severity: Warning --> Invalid argument supplied for foreach() /home/admin/domains/spshd.com/public_html/khachhang/application/views/app.php 161
ERROR - 2020-03-17 01:22:56 --> Severity: Warning --> Invalid argument supplied for foreach() /home/admin/domains/spshd.com/public_html/khachhang/application/views/app.php 172
ERROR - 2020-03-17 01:22:56 --> Could not find the language line "Đóng"
ERROR - 2020-03-17 01:22:56 --> Could not find the language line "Xác Nhận"
ERROR - 2020-03-17 01:22:56 --> Could not find the language line "Đóng"
ERROR - 2020-03-17 01:22:56 --> Could not find the language line "Xác Nhận"
ERROR - 2020-03-17 02:15:53 --> Could not find the language line "Tạo Điểm Lấy Hàng"
ERROR - 2020-03-17 02:15:53 --> Could not find the language line "Tạo Đơn Hàng"
ERROR - 2020-03-17 02:15:53 --> Severity: Warning --> Invalid argument supplied for foreach() /home/admin/domains/spshd.com/public_html/khachhang/application/views/tab4.php 394
ERROR - 2020-03-17 02:15:53 --> Could not find the language line "Đóng"
ERROR - 2020-03-17 02:15:53 --> Could not find the language line "Xác Nhận"
ERROR - 2020-03-17 02:15:53 --> Severity: Warning --> Invalid argument supplied for foreach() /home/admin/domains/spshd.com/public_html/khachhang/application/views/app.php 161
ERROR - 2020-03-17 02:15:53 --> Severity: Warning --> Invalid argument supplied for foreach() /home/admin/domains/spshd.com/public_html/khachhang/application/views/app.php 172
ERROR - 2020-03-17 02:15:53 --> Could not find the language line "Đóng"
ERROR - 2020-03-17 02:15:53 --> Could not find the language line "Xác Nhận"
ERROR - 2020-03-17 02:15:53 --> Could not find the language line "Đóng"
ERROR - 2020-03-17 02:15:53 --> Could not find the language line "Xác Nhận"
ERROR - 2020-03-17 02:15:57 --> Could not find the language line "Email"
ERROR - 2020-03-17 02:15:57 --> Could not find the language line "password"
ERROR - 2020-03-17 03:26:41 --> Could not find the language line "Tạo Điểm Lấy Hàng"
ERROR - 2020-03-17 03:26:41 --> Could not find the language line "Tạo Đơn Hàng"
ERROR - 2020-03-17 03:26:41 --> Severity: Warning --> Invalid argument supplied for foreach() /home/admin/domains/spshd.com/public_html/khachhang/application/views/tab4.php 394
ERROR - 2020-03-17 03:26:41 --> Could not find the language line "Đóng"
ERROR - 2020-03-17 03:26:41 --> Could not find the language line "Xác Nhận"
ERROR - 2020-03-17 03:26:41 --> Severity: Warning --> Invalid argument supplied for foreach() /home/admin/domains/spshd.com/public_html/khachhang/application/views/app.php 161
ERROR - 2020-03-17 03:26:41 --> Severity: Warning --> Invalid argument supplied for foreach() /home/admin/domains/spshd.com/public_html/khachhang/application/views/app.php 172
ERROR - 2020-03-17 03:26:41 --> Could not find the language line "Đóng"
ERROR - 2020-03-17 03:26:41 --> Could not find the language line "Xác Nhận"
ERROR - 2020-03-17 03:26:41 --> Could not find the language line "Đóng"
ERROR - 2020-03-17 03:26:41 --> Could not find the language line "Xác Nhận"
ERROR - 2020-03-17 04:55:18 --> Could not find the language line "Tạo Điểm Lấy Hàng"
ERROR - 2020-03-17 04:55:18 --> Could not find the language line "Tạo Đơn Hàng"
ERROR - 2020-03-17 04:55:18 --> Severity: Warning --> Invalid argument supplied for foreach() /home/admin/domains/spshd.com/public_html/khachhang/application/views/tab4.php 394
ERROR - 2020-03-17 04:55:18 --> Could not find the language line "Đóng"
ERROR - 2020-03-17 04:55:18 --> Could not find the language line "Xác Nhận"
ERROR - 2020-03-17 04:55:18 --> Severity: Warning --> Invalid argument supplied for foreach() /home/admin/domains/spshd.com/public_html/khachhang/application/views/app.php 161
ERROR - 2020-03-17 04:55:18 --> Severity: Warning --> Invalid argument supplied for foreach() /home/admin/domains/spshd.com/public_html/khachhang/application/views/app.php 172
ERROR - 2020-03-17 04:55:18 --> Could not find the language line "Đóng"
ERROR - 2020-03-17 04:55:18 --> Could not find the language line "Xác Nhận"
ERROR - 2020-03-17 04:55:18 --> Could not find the language line "Đóng"
ERROR - 2020-03-17 04:55:18 --> Could not find the language line "Xác Nhận"
ERROR - 2020-03-17 04:55:18 --> Could not find the language line "Tạo Điểm Lấy Hàng"
ERROR - 2020-03-17 04:55:18 --> Could not find the language line "Tạo Đơn Hàng"
ERROR - 2020-03-17 04:55:18 --> Severity: Warning --> Invalid argument supplied for foreach() /home/admin/domains/spshd.com/public_html/khachhang/application/views/tab4.php 394
ERROR - 2020-03-17 04:55:18 --> Could not find the language line "Đóng"
ERROR - 2020-03-17 04:55:18 --> Could not find the language line "Xác Nhận"
ERROR - 2020-03-17 04:55:18 --> Severity: Warning --> Invalid argument supplied for foreach() /home/admin/domains/spshd.com/public_html/khachhang/application/views/app.php 161
ERROR - 2020-03-17 04:55:18 --> Severity: Warning --> Invalid argument supplied for foreach() /home/admin/domains/spshd.com/public_html/khachhang/application/views/app.php 172
ERROR - 2020-03-17 04:55:18 --> Could not find the language line "Đóng"
ERROR - 2020-03-17 04:55:18 --> Could not find the language line "Xác Nhận"
ERROR - 2020-03-17 04:55:18 --> Could not find the language line "Đóng"
ERROR - 2020-03-17 04:55:18 --> Could not find the language line "Xác Nhận"
ERROR - 2020-03-17 05:10:54 --> Could not find the language line "Tạo Điểm Lấy Hàng"
ERROR - 2020-03-17 05:10:54 --> Could not find the language line "Tạo Đơn Hàng"
ERROR - 2020-03-17 05:10:54 --> Severity: Warning --> Invalid argument supplied for foreach() /home/admin/domains/spshd.com/public_html/khachhang/application/views/tab4.php 394
ERROR - 2020-03-17 05:10:54 --> Could not find the language line "Đóng"
ERROR - 2020-03-17 05:10:54 --> Could not find the language line "Xác Nhận"
ERROR - 2020-03-17 05:10:54 --> Severity: Warning --> Invalid argument supplied for foreach() /home/admin/domains/spshd.com/public_html/khachhang/application/views/app.php 161
ERROR - 2020-03-17 05:10:54 --> Severity: Warning --> Invalid argument supplied for foreach() /home/admin/domains/spshd.com/public_html/khachhang/application/views/app.php 172
ERROR - 2020-03-17 05:10:54 --> Could not find the language line "Đóng"
ERROR - 2020-03-17 05:10:54 --> Could not find the language line "Xác Nhận"
ERROR - 2020-03-17 05:10:54 --> Could not find the language line "Đóng"
ERROR - 2020-03-17 05:10:54 --> Could not find the language line "Xác Nhận"
ERROR - 2020-03-17 05:17:39 --> Could not find the language line "Email"
ERROR - 2020-03-17 05:17:39 --> Could not find the language line "password"
ERROR - 2020-03-17 05:59:15 --> Could not find the language line "Tạo Điểm Lấy Hàng"
ERROR - 2020-03-17 05:59:15 --> Could not find the language line "Tạo Đơn Hàng"
ERROR - 2020-03-17 05:59:15 --> Severity: Warning --> Invalid argument supplied for foreach() /home/admin/domains/spshd.com/public_html/khachhang/application/views/tab4.php 394
ERROR - 2020-03-17 05:59:15 --> Could not find the language line "Đóng"
ERROR - 2020-03-17 05:59:15 --> Could not find the language line "Xác Nhận"
ERROR - 2020-03-17 05:59:15 --> Severity: Warning --> Invalid argument supplied for foreach() /home/admin/domains/spshd.com/public_html/khachhang/application/views/app.php 161
ERROR - 2020-03-17 05:59:15 --> Severity: Warning --> Invalid argument supplied for foreach() /home/admin/domains/spshd.com/public_html/khachhang/application/views/app.php 172
ERROR - 2020-03-17 05:59:15 --> Could not find the language line "Đóng"
ERROR - 2020-03-17 05:59:15 --> Could not find the language line "Xác Nhận"
ERROR - 2020-03-17 05:59:15 --> Could not find the language line "Đóng"
ERROR - 2020-03-17 05:59:15 --> Could not find the language line "Xác Nhận"
ERROR - 2020-03-17 06:13:31 --> Could not find the language line "Tạo Điểm Lấy Hàng"
ERROR - 2020-03-17 06:13:31 --> Could not find the language line "Tạo Đơn Hàng"
ERROR - 2020-03-17 06:13:31 --> Severity: Warning --> Invalid argument supplied for foreach() /home/admin/domains/spshd.com/public_html/khachhang/application/views/tab4.php 394
ERROR - 2020-03-17 06:13:31 --> Could not find the language line "Đóng"
ERROR - 2020-03-17 06:13:31 --> Could not find the language line "Xác Nhận"
ERROR - 2020-03-17 06:13:31 --> Severity: Warning --> Invalid argument supplied for foreach() /home/admin/domains/spshd.com/public_html/khachhang/application/views/app.php 161
ERROR - 2020-03-17 06:13:31 --> Severity: Warning --> Invalid argument supplied for foreach() /home/admin/domains/spshd.com/public_html/khachhang/application/views/app.php 172
ERROR - 2020-03-17 06:13:31 --> Could not find the language line "Đóng"
ERROR - 2020-03-17 06:13:31 --> Could not find the language line "Xác Nhận"
ERROR - 2020-03-17 06:13:31 --> Could not find the language line "Đóng"
ERROR - 2020-03-17 06:13:31 --> Could not find the language line "Xác Nhận"
ERROR - 2020-03-17 07:26:47 --> Could not find the language line "Tạo Điểm Lấy Hàng"
ERROR - 2020-03-17 07:26:47 --> Could not find the language line "Tạo Đơn Hàng"
ERROR - 2020-03-17 07:26:47 --> Severity: Warning --> Invalid argument supplied for foreach() /home/admin/domains/spshd.com/public_html/khachhang/application/views/tab4.php 394
ERROR - 2020-03-17 07:26:47 --> Could not find the language line "Đóng"
ERROR - 2020-03-17 07:26:47 --> Could not find the language line "Xác Nhận"
ERROR - 2020-03-17 07:26:47 --> Severity: Warning --> Invalid argument supplied for foreach() /home/admin/domains/spshd.com/public_html/khachhang/application/views/app.php 161
ERROR - 2020-03-17 07:26:47 --> Severity: Warning --> Invalid argument supplied for foreach() /home/admin/domains/spshd.com/public_html/khachhang/application/views/app.php 172
ERROR - 2020-03-17 07:26:47 --> Could not find the language line "Đóng"
ERROR - 2020-03-17 07:26:47 --> Could not find the language line "Xác Nhận"
ERROR - 2020-03-17 07:26:47 --> Could not find the language line "Đóng"
ERROR - 2020-03-17 07:26:47 --> Could not find the language line "Xác Nhận"
ERROR - 2020-03-17 08:49:53 --> Could not find the language line "Email"
ERROR - 2020-03-17 08:49:53 --> Could not find the language line "password"
ERROR - 2020-03-17 08:50:11 --> Could not find the language line "Email"
ERROR - 2020-03-17 08:50:11 --> Could not find the language line "password"
ERROR - 2020-03-17 08:50:23 --> Could not find the language line "Email"
ERROR - 2020-03-17 08:50:23 --> Could not find the language line "password"
ERROR - 2020-03-17 08:50:52 --> Could not find the language line "Email"
ERROR - 2020-03-17 08:50:52 --> Could not find the language line "password"
ERROR - 2020-03-17 08:51:05 --> Could not find the language line "Tạo Điểm Lấy Hàng"
ERROR - 2020-03-17 08:51:05 --> Could not find the language line "Tạo Đơn Hàng"
ERROR - 2020-03-17 08:51:05 --> Severity: Warning --> Invalid argument supplied for foreach() /home/admin/domains/spshd.com/public_html/khachhang/application/views/tab4.php 394
ERROR - 2020-03-17 08:51:05 --> Could not find the language line "Đóng"
ERROR - 2020-03-17 08:51:05 --> Could not find the language line "Xác Nhận"
ERROR - 2020-03-17 08:51:05 --> Severity: Warning --> Invalid argument supplied for foreach() /home/admin/domains/spshd.com/public_html/khachhang/application/views/app.php 161
ERROR - 2020-03-17 08:51:05 --> Severity: Warning --> Invalid argument supplied for foreach() /home/admin/domains/spshd.com/public_html/khachhang/application/views/app.php 172
ERROR - 2020-03-17 08:51:05 --> Could not find the language line "Đóng"
ERROR - 2020-03-17 08:51:05 --> Could not find the language line "Xác Nhận"
ERROR - 2020-03-17 08:51:05 --> Could not find the language line "Đóng"
ERROR - 2020-03-17 08:51:05 --> Could not find the language line "Xác Nhận"
ERROR - 2020-03-17 08:53:04 --> Could not find the language line "Email"
ERROR - 2020-03-17 08:53:04 --> Could not find the language line "password"
ERROR - 2020-03-17 08:53:37 --> Could not find the language line "Email"
ERROR - 2020-03-17 08:53:37 --> Could not find the language line "password"
ERROR - 2020-03-17 08:54:28 --> Could not find the language line "Tạo Điểm Lấy Hàng"
ERROR - 2020-03-17 08:54:28 --> Could not find the language line "Tạo Đơn Hàng"
ERROR - 2020-03-17 08:54:28 --> Severity: Warning --> Invalid argument supplied for foreach() /home/admin/domains/spshd.com/public_html/khachhang/application/views/tab4.php 394
ERROR - 2020-03-17 08:54:28 --> Could not find the language line "Đóng"
ERROR - 2020-03-17 08:54:28 --> Could not find the language line "Xác Nhận"
ERROR - 2020-03-17 08:54:28 --> Severity: Warning --> Invalid argument supplied for foreach() /home/admin/domains/spshd.com/public_html/khachhang/application/views/app.php 161
ERROR - 2020-03-17 08:54:28 --> Severity: Warning --> Invalid argument supplied for foreach() /home/admin/domains/spshd.com/public_html/khachhang/application/views/app.php 172
ERROR - 2020-03-17 08:54:28 --> Could not find the language line "Đóng"
ERROR - 2020-03-17 08:54:28 --> Could not find the language line "Xác Nhận"
ERROR - 2020-03-17 08:54:28 --> Could not find the language line "Đóng"
ERROR - 2020-03-17 08:54:28 --> Could not find the language line "Xác Nhận"
ERROR - 2020-03-17 08:56:46 --> Could not find the language line "Tạo Điểm Lấy Hàng"
ERROR - 2020-03-17 08:56:46 --> Could not find the language line "Tạo Đơn Hàng"
ERROR - 2020-03-17 08:56:46 --> Severity: Warning --> Invalid argument supplied for foreach() /home/admin/domains/spshd.com/public_html/khachhang/application/views/tab4.php 394
ERROR - 2020-03-17 08:56:46 --> Could not find the language line "Đóng"
ERROR - 2020-03-17 08:56:46 --> Could not find the language line "Xác Nhận"
ERROR - 2020-03-17 08:56:46 --> Severity: Warning --> Invalid argument supplied for foreach() /home/admin/domains/spshd.com/public_html/khachhang/application/views/app.php 161
ERROR - 2020-03-17 08:56:46 --> Severity: Warning --> Invalid argument supplied for foreach() /home/admin/domains/spshd.com/public_html/khachhang/application/views/app.php 172
ERROR - 2020-03-17 08:56:46 --> Could not find the language line "Đóng"
ERROR - 2020-03-17 08:56:46 --> Could not find the language line "Xác Nhận"
ERROR - 2020-03-17 08:56:46 --> Could not find the language line "Đóng"
ERROR - 2020-03-17 08:56:46 --> Could not find the language line "Xác Nhận"
ERROR - 2020-03-17 08:57:52 --> Could not find the language line "Tạo Điểm Lấy Hàng"
ERROR - 2020-03-17 08:57:52 --> Could not find the language line "Tạo Đơn Hàng"
ERROR - 2020-03-17 08:57:52 --> Severity: Warning --> Invalid argument supplied for foreach() /home/admin/domains/spshd.com/public_html/khachhang/application/views/tab4.php 394
ERROR - 2020-03-17 08:57:52 --> Could not find the language line "Đóng"
ERROR - 2020-03-17 08:57:52 --> Could not find the language line "Xác Nhận"
ERROR - 2020-03-17 08:57:52 --> Severity: Warning --> Invalid argument supplied for foreach() /home/admin/domains/spshd.com/public_html/khachhang/application/views/app.php 161
ERROR - 2020-03-17 08:57:52 --> Severity: Warning --> Invalid argument supplied for foreach() /home/admin/domains/spshd.com/public_html/khachhang/application/views/app.php 172
ERROR - 2020-03-17 08:57:52 --> Could not find the language line "Đóng"
ERROR - 2020-03-17 08:57:52 --> Could not find the language line "Xác Nhận"
ERROR - 2020-03-17 08:57:52 --> Could not find the language line "Đóng"
ERROR - 2020-03-17 08:57:52 --> Could not find the language line "Xác Nhận"
ERROR - 2020-03-17 08:57:52 --> Could not find the language line "Tạo Điểm Lấy Hàng"
ERROR - 2020-03-17 08:57:52 --> Could not find the language line "Tạo Đơn Hàng"
ERROR - 2020-03-17 08:57:52 --> Severity: Warning --> Invalid argument supplied for foreach() /home/admin/domains/spshd.com/public_html/khachhang/application/views/tab4.php 394
ERROR - 2020-03-17 08:57:52 --> Could not find the language line "Đóng"
ERROR - 2020-03-17 08:57:52 --> Could not find the language line "Xác Nhận"
ERROR - 2020-03-17 08:57:52 --> Severity: Warning --> Invalid argument supplied for foreach() /home/admin/domains/spshd.com/public_html/khachhang/application/views/app.php 161
ERROR - 2020-03-17 08:57:52 --> Severity: Warning --> Invalid argument supplied for foreach() /home/admin/domains/spshd.com/public_html/khachhang/application/views/app.php 172
ERROR - 2020-03-17 08:57:52 --> Could not find the language line "Đóng"
ERROR - 2020-03-17 08:57:52 --> Could not find the language line "Xác Nhận"
ERROR - 2020-03-17 08:57:52 --> Could not find the language line "Đóng"
ERROR - 2020-03-17 08:57:52 --> Could not find the language line "Xác Nhận"
ERROR - 2020-03-17 08:58:46 --> Could not find the language line "Tạo Điểm Lấy Hàng"
ERROR - 2020-03-17 08:58:46 --> Could not find the language line "Tạo Đơn Hàng"
ERROR - 2020-03-17 08:58:46 --> Severity: Warning --> Invalid argument supplied for foreach() /home/admin/domains/spshd.com/public_html/khachhang/application/views/tab4.php 394
ERROR - 2020-03-17 08:58:46 --> Could not find the language line "Đóng"
ERROR - 2020-03-17 08:58:46 --> Could not find the language line "Xác Nhận"
ERROR - 2020-03-17 08:58:46 --> Severity: Warning --> Invalid argument supplied for foreach() /home/admin/domains/spshd.com/public_html/khachhang/application/views/app.php 161
ERROR - 2020-03-17 08:58:46 --> Severity: Warning --> Invalid argument supplied for foreach() /home/admin/domains/spshd.com/public_html/khachhang/application/views/app.php 172
ERROR - 2020-03-17 08:58:46 --> Could not find the language line "Đóng"
ERROR - 2020-03-17 08:58:46 --> Could not find the language line "Xác Nhận"
ERROR - 2020-03-17 08:58:46 --> Could not find the language line "Đóng"
ERROR - 2020-03-17 08:58:46 --> Could not find the language line "Xác Nhận"
ERROR - 2020-03-17 09:00:39 --> Could not find the language line "Tạo Điểm Lấy Hàng"
ERROR - 2020-03-17 09:00:39 --> Could not find the language line "Tạo Đơn Hàng"
ERROR - 2020-03-17 09:00:39 --> Severity: Warning --> Invalid argument supplied for foreach() /home/admin/domains/spshd.com/public_html/khachhang/application/views/tab4.php 394
ERROR - 2020-03-17 09:00:39 --> Could not find the language line "Đóng"
ERROR - 2020-03-17 09:00:39 --> Could not find the language line "Xác Nhận"
ERROR - 2020-03-17 09:00:39 --> Severity: Warning --> Invalid argument supplied for foreach() /home/admin/domains/spshd.com/public_html/khachhang/application/views/app.php 161
ERROR - 2020-03-17 09:00:39 --> Severity: Warning --> Invalid argument supplied for foreach() /home/admin/domains/spshd.com/public_html/khachhang/application/views/app.php 172
ERROR - 2020-03-17 09:00:39 --> Could not find the language line "Đóng"
ERROR - 2020-03-17 09:00:39 --> Could not find the language line "Xác Nhận"
ERROR - 2020-03-17 09:00:39 --> Could not find the language line "Đóng"
ERROR - 2020-03-17 09:00:39 --> Could not find the language line "Xác Nhận"
ERROR - 2020-03-17 09:00:46 --> Could not find the language line "Tạo Điểm Lấy Hàng"
ERROR - 2020-03-17 09:00:46 --> Could not find the language line "Tạo Đơn Hàng"
ERROR - 2020-03-17 09:00:46 --> Severity: Warning --> Invalid argument supplied for foreach() /home/admin/domains/spshd.com/public_html/khachhang/application/views/tab4.php 394
ERROR - 2020-03-17 09:00:46 --> Could not find the language line "Đóng"
ERROR - 2020-03-17 09:00:46 --> Could not find the language line "Xác Nhận"
ERROR - 2020-03-17 09:00:46 --> Severity: Warning --> Invalid argument supplied for foreach() /home/admin/domains/spshd.com/public_html/khachhang/application/views/app.php 161
ERROR - 2020-03-17 09:00:46 --> Severity: Warning --> Invalid argument supplied for foreach() /home/admin/domains/spshd.com/public_html/khachhang/application/views/app.php 172
ERROR - 2020-03-17 09:00:46 --> Could not find the language line "Đóng"
ERROR - 2020-03-17 09:00:46 --> Could not find the language line "Xác Nhận"
ERROR - 2020-03-17 09:00:46 --> Could not find the language line "Đóng"
ERROR - 2020-03-17 09:00:46 --> Could not find the language line "Xác Nhận"
ERROR - 2020-03-17 09:01:26 --> Could not find the language line "Email"
ERROR - 2020-03-17 09:01:26 --> Could not find the language line "password"
ERROR - 2020-03-17 09:01:38 --> Could not find the language line "Tạo Điểm Lấy Hàng"
ERROR - 2020-03-17 09:01:38 --> Could not find the language line "Tạo Đơn Hàng"
ERROR - 2020-03-17 09:01:38 --> Severity: Warning --> Invalid argument supplied for foreach() /home/admin/domains/spshd.com/public_html/khachhang/application/views/tab4.php 394
ERROR - 2020-03-17 09:01:38 --> Could not find the language line "Đóng"
ERROR - 2020-03-17 09:01:38 --> Could not find the language line "Xác Nhận"
ERROR - 2020-03-17 09:01:38 --> Severity: Warning --> Invalid argument supplied for foreach() /home/admin/domains/spshd.com/public_html/khachhang/application/views/app.php 161
ERROR - 2020-03-17 09:01:38 --> Severity: Warning --> Invalid argument supplied for foreach() /home/admin/domains/spshd.com/public_html/khachhang/application/views/app.php 172
ERROR - 2020-03-17 09:01:38 --> Could not find the language line "Đóng"
ERROR - 2020-03-17 09:01:38 --> Could not find the language line "Xác Nhận"
ERROR - 2020-03-17 09:01:38 --> Could not find the language line "Đóng"
ERROR - 2020-03-17 09:01:38 --> Could not find the language line "Xác Nhận"
ERROR - 2020-03-17 09:01:45 --> Could not find the language line "Email"
ERROR - 2020-03-17 09:01:45 --> Could not find the language line "password"
ERROR - 2020-03-17 09:03:04 --> Could not find the language line "Tạo Điểm Lấy Hàng"
ERROR - 2020-03-17 09:03:04 --> Could not find the language line "Tạo Đơn Hàng"
ERROR - 2020-03-17 09:03:04 --> Severity: Warning --> Invalid argument supplied for foreach() /home/admin/domains/spshd.com/public_html/khachhang/application/views/tab4.php 394
ERROR - 2020-03-17 09:03:04 --> Could not find the language line "Đóng"
ERROR - 2020-03-17 09:03:04 --> Could not find the language line "Xác Nhận"
ERROR - 2020-03-17 09:03:04 --> Severity: Warning --> Invalid argument supplied for foreach() /home/admin/domains/spshd.com/public_html/khachhang/application/views/app.php 161
ERROR - 2020-03-17 09:03:04 --> Severity: Warning --> Invalid argument supplied for foreach() /home/admin/domains/spshd.com/public_html/khachhang/application/views/app.php 172
ERROR - 2020-03-17 09:03:04 --> Could not find the language line "Đóng"
ERROR - 2020-03-17 09:03:04 --> Could not find the language line "Xác Nhận"
ERROR - 2020-03-17 09:03:04 --> Could not find the language line "Đóng"
ERROR - 2020-03-17 09:03:04 --> Could not find the language line "Xác Nhận"
ERROR - 2020-03-17 09:07:22 --> Could not find the language line "Email"
ERROR - 2020-03-17 09:07:22 --> Could not find the language line "password"
ERROR - 2020-03-17 09:11:53 --> Could not find the language line "Tạo Điểm Lấy Hàng"
ERROR - 2020-03-17 09:11:53 --> Could not find the language line "Tạo Đơn Hàng"
ERROR - 2020-03-17 09:11:53 --> Severity: Warning --> Invalid argument supplied for foreach() /home/admin/domains/spshd.com/public_html/khachhang/application/views/tab4.php 394
ERROR - 2020-03-17 09:11:53 --> Could not find the language line "Đóng"
ERROR - 2020-03-17 09:11:53 --> Could not find the language line "Xác Nhận"
ERROR - 2020-03-17 09:11:53 --> Severity: Warning --> Invalid argument supplied for foreach() /home/admin/domains/spshd.com/public_html/khachhang/application/views/app.php 161
ERROR - 2020-03-17 09:11:53 --> Severity: Warning --> Invalid argument supplied for foreach() /home/admin/domains/spshd.com/public_html/khachhang/application/views/app.php 172
ERROR - 2020-03-17 09:11:53 --> Could not find the language line "Đóng"
ERROR - 2020-03-17 09:11:53 --> Could not find the language line "Xác Nhận"
ERROR - 2020-03-17 09:11:53 --> Could not find the language line "Đóng"
ERROR - 2020-03-17 09:11:53 --> Could not find the language line "Xác Nhận"
ERROR - 2020-03-17 09:23:40 --> Could not find the language line "Tạo Điểm Lấy Hàng"
ERROR - 2020-03-17 09:23:40 --> Could not find the language line "Tạo Đơn Hàng"
ERROR - 2020-03-17 09:23:40 --> Severity: Warning --> Invalid argument supplied for foreach() /home/admin/domains/spshd.com/public_html/khachhang/application/views/tab4.php 394
ERROR - 2020-03-17 09:23:40 --> Could not find the language line "Đóng"
ERROR - 2020-03-17 09:23:40 --> Could not find the language line "Xác Nhận"
ERROR - 2020-03-17 09:23:40 --> Severity: Warning --> Invalid argument supplied for foreach() /home/admin/domains/spshd.com/public_html/khachhang/application/views/app.php 161
ERROR - 2020-03-17 09:23:40 --> Severity: Warning --> Invalid argument supplied for foreach() /home/admin/domains/spshd.com/public_html/khachhang/application/views/app.php 172
ERROR - 2020-03-17 09:23:40 --> Could not find the language line "Đóng"
ERROR - 2020-03-17 09:23:40 --> Could not find the language line "Xác Nhận"
ERROR - 2020-03-17 09:23:40 --> Could not find the language line "Đóng"
ERROR - 2020-03-17 09:23:40 --> Could not find the language line "Xác Nhận"
ERROR - 2020-03-17 09:23:56 --> Could not find the language line "Email"
ERROR - 2020-03-17 09:23:56 --> Could not find the language line "password"
ERROR - 2020-03-17 09:23:57 --> Could not find the language line "Email"
ERROR - 2020-03-17 09:23:57 --> Could not find the language line "password"
ERROR - 2020-03-17 10:12:49 --> Could not find the language line "Tạo Điểm Lấy Hàng"
ERROR - 2020-03-17 10:12:49 --> Could not find the language line "Tạo Đơn Hàng"
ERROR - 2020-03-17 10:12:49 --> Severity: Warning --> Invalid argument supplied for foreach() /home/admin/domains/spshd.com/public_html/khachhang/application/views/tab4.php 394
ERROR - 2020-03-17 10:12:49 --> Could not find the language line "Đóng"
ERROR - 2020-03-17 10:12:49 --> Could not find the language line "Xác Nhận"
ERROR - 2020-03-17 10:12:49 --> Severity: Warning --> Invalid argument supplied for foreach() /home/admin/domains/spshd.com/public_html/khachhang/application/views/app.php 161
ERROR - 2020-03-17 10:12:49 --> Severity: Warning --> Invalid argument supplied for foreach() /home/admin/domains/spshd.com/public_html/khachhang/application/views/app.php 172
ERROR - 2020-03-17 10:12:49 --> Could not find the language line "Đóng"
ERROR - 2020-03-17 10:12:49 --> Could not find the language line "Xác Nhận"
ERROR - 2020-03-17 10:12:49 --> Could not find the language line "Đóng"
ERROR - 2020-03-17 10:12:49 --> Could not find the language line "Xác Nhận"
ERROR - 2020-03-17 10:12:49 --> Could not find the language line "Tạo Điểm Lấy Hàng"
ERROR - 2020-03-17 10:12:49 --> Could not find the language line "Tạo Đơn Hàng"
ERROR - 2020-03-17 10:12:49 --> Severity: Warning --> Invalid argument supplied for foreach() /home/admin/domains/spshd.com/public_html/khachhang/application/views/tab4.php 394
ERROR - 2020-03-17 10:12:49 --> Could not find the language line "Đóng"
ERROR - 2020-03-17 10:12:49 --> Could not find the language line "Xác Nhận"
ERROR - 2020-03-17 10:12:49 --> Severity: Warning --> Invalid argument supplied for foreach() /home/admin/domains/spshd.com/public_html/khachhang/application/views/app.php 161
ERROR - 2020-03-17 10:12:49 --> Severity: Warning --> Invalid argument supplied for foreach() /home/admin/domains/spshd.com/public_html/khachhang/application/views/app.php 172
ERROR - 2020-03-17 10:12:49 --> Could not find the language line "Đóng"
ERROR - 2020-03-17 10:12:49 --> Could not find the language line "Xác Nhận"
ERROR - 2020-03-17 10:12:49 --> Could not find the language line "Đóng"
ERROR - 2020-03-17 10:12:49 --> Could not find the language line "Xác Nhận"
ERROR - 2020-03-17 10:42:16 --> Could not find the language line "Tạo Điểm Lấy Hàng"
ERROR - 2020-03-17 10:42:16 --> Could not find the language line "Tạo Đơn Hàng"
ERROR - 2020-03-17 10:42:16 --> Severity: Warning --> Invalid argument supplied for foreach() /home/admin/domains/spshd.com/public_html/khachhang/application/views/tab4.php 394
ERROR - 2020-03-17 10:42:16 --> Could not find the language line "Đóng"
ERROR - 2020-03-17 10:42:16 --> Could not find the language line "Xác Nhận"
ERROR - 2020-03-17 10:42:16 --> Severity: Warning --> Invalid argument supplied for foreach() /home/admin/domains/spshd.com/public_html/khachhang/application/views/app.php 161
ERROR - 2020-03-17 10:42:16 --> Severity: Warning --> Invalid argument supplied for foreach() /home/admin/domains/spshd.com/public_html/khachhang/application/views/app.php 172
ERROR - 2020-03-17 10:42:16 --> Could not find the language line "Đóng"
ERROR - 2020-03-17 10:42:16 --> Could not find the language line "Xác Nhận"
ERROR - 2020-03-17 10:42:16 --> Could not find the language line "Đóng"
ERROR - 2020-03-17 10:42:16 --> Could not find the language line "Xác Nhận"
ERROR - 2020-03-17 11:25:21 --> Could not find the language line "Email"
ERROR - 2020-03-17 11:25:21 --> Could not find the language line "password"
ERROR - 2020-03-17 11:49:23 --> Could not find the language line "Email"
ERROR - 2020-03-17 11:49:23 --> Could not find the language line "password"
ERROR - 2020-03-17 12:07:47 --> Could not find the language line "Tạo Điểm Lấy Hàng"
ERROR - 2020-03-17 12:07:47 --> Could not find the language line "Tạo Đơn Hàng"
ERROR - 2020-03-17 12:07:47 --> Severity: Warning --> Invalid argument supplied for foreach() /home/admin/domains/spshd.com/public_html/khachhang/application/views/tab4.php 394
ERROR - 2020-03-17 12:07:47 --> Could not find the language line "Đóng"
ERROR - 2020-03-17 12:07:47 --> Could not find the language line "Xác Nhận"
ERROR - 2020-03-17 12:07:47 --> Severity: Warning --> Invalid argument supplied for foreach() /home/admin/domains/spshd.com/public_html/khachhang/application/views/app.php 161
ERROR - 2020-03-17 12:07:47 --> Severity: Warning --> Invalid argument supplied for foreach() /home/admin/domains/spshd.com/public_html/khachhang/application/views/app.php 172
ERROR - 2020-03-17 12:07:47 --> Could not find the language line "Đóng"
ERROR - 2020-03-17 12:07:47 --> Could not find the language line "Xác Nhận"
ERROR - 2020-03-17 12:07:47 --> Could not find the language line "Đóng"
ERROR - 2020-03-17 12:07:47 --> Could not find the language line "Xác Nhận"
ERROR - 2020-03-17 12:07:47 --> Could not find the language line "Tạo Điểm Lấy Hàng"
ERROR - 2020-03-17 12:07:47 --> Could not find the language line "Tạo Đơn Hàng"
ERROR - 2020-03-17 12:07:47 --> Severity: Warning --> Invalid argument supplied for foreach() /home/admin/domains/spshd.com/public_html/khachhang/application/views/tab4.php 394
ERROR - 2020-03-17 12:07:47 --> Could not find the language line "Đóng"
ERROR - 2020-03-17 12:07:47 --> Could not find the language line "Xác Nhận"
ERROR - 2020-03-17 12:07:47 --> Severity: Warning --> Invalid argument supplied for foreach() /home/admin/domains/spshd.com/public_html/khachhang/application/views/app.php 161
ERROR - 2020-03-17 12:07:47 --> Severity: Warning --> Invalid argument supplied for foreach() /home/admin/domains/spshd.com/public_html/khachhang/application/views/app.php 172
ERROR - 2020-03-17 12:07:47 --> Could not find the language line "Đóng"
ERROR - 2020-03-17 12:07:47 --> Could not find the language line "Xác Nhận"
ERROR - 2020-03-17 12:07:47 --> Could not find the language line "Đóng"
ERROR - 2020-03-17 12:07:47 --> Could not find the language line "Xác Nhận"
ERROR - 2020-03-17 12:14:18 --> Could not find the language line "Email"
ERROR - 2020-03-17 12:14:18 --> Could not find the language line "password"
ERROR - 2020-03-17 12:22:34 --> Could not find the language line "Tạo Điểm Lấy Hàng"
ERROR - 2020-03-17 12:22:34 --> Could not find the language line "Tạo Đơn Hàng"
ERROR - 2020-03-17 12:22:34 --> Severity: Warning --> Invalid argument supplied for foreach() /home/admin/domains/spshd.com/public_html/khachhang/application/views/tab4.php 394
ERROR - 2020-03-17 12:22:34 --> Could not find the language line "Đóng"
ERROR - 2020-03-17 12:22:34 --> Could not find the language line "Xác Nhận"
ERROR - 2020-03-17 12:22:34 --> Severity: Warning --> Invalid argument supplied for foreach() /home/admin/domains/spshd.com/public_html/khachhang/application/views/app.php 161
ERROR - 2020-03-17 12:22:34 --> Severity: Warning --> Invalid argument supplied for foreach() /home/admin/domains/spshd.com/public_html/khachhang/application/views/app.php 172
ERROR - 2020-03-17 12:22:34 --> Could not find the language line "Đóng"
ERROR - 2020-03-17 12:22:34 --> Could not find the language line "Xác Nhận"
ERROR - 2020-03-17 12:22:34 --> Could not find the language line "Đóng"
ERROR - 2020-03-17 12:22:34 --> Could not find the language line "Xác Nhận"
ERROR - 2020-03-17 12:30:48 --> Could not find the language line "Email"
ERROR - 2020-03-17 12:30:48 --> Could not find the language line "password"
ERROR - 2020-03-17 13:11:52 --> Could not find the language line "Tạo Điểm Lấy Hàng"
ERROR - 2020-03-17 13:11:52 --> Could not find the language line "Tạo Đơn Hàng"
ERROR - 2020-03-17 13:11:52 --> Severity: Warning --> Invalid argument supplied for foreach() /home/admin/domains/spshd.com/public_html/khachhang/application/views/tab4.php 394
ERROR - 2020-03-17 13:11:52 --> Could not find the language line "Đóng"
ERROR - 2020-03-17 13:11:52 --> Could not find the language line "Xác Nhận"
ERROR - 2020-03-17 13:11:52 --> Severity: Warning --> Invalid argument supplied for foreach() /home/admin/domains/spshd.com/public_html/khachhang/application/views/app.php 161
ERROR - 2020-03-17 13:11:52 --> Severity: Warning --> Invalid argument supplied for foreach() /home/admin/domains/spshd.com/public_html/khachhang/application/views/app.php 172
ERROR - 2020-03-17 13:11:52 --> Could not find the language line "Đóng"
ERROR - 2020-03-17 13:11:52 --> Could not find the language line "Xác Nhận"
ERROR - 2020-03-17 13:11:52 --> Could not find the language line "Đóng"
ERROR - 2020-03-17 13:11:52 --> Could not find the language line "Xác Nhận"
ERROR - 2020-03-17 13:11:52 --> Could not find the language line "Tạo Điểm Lấy Hàng"
ERROR - 2020-03-17 13:11:52 --> Could not find the language line "Tạo Đơn Hàng"
ERROR - 2020-03-17 13:11:52 --> Severity: Warning --> Invalid argument supplied for foreach() /home/admin/domains/spshd.com/public_html/khachhang/application/views/tab4.php 394
ERROR - 2020-03-17 13:11:52 --> Could not find the language line "Đóng"
ERROR - 2020-03-17 13:11:52 --> Could not find the language line "Xác Nhận"
ERROR - 2020-03-17 13:11:52 --> Severity: Warning --> Invalid argument supplied for foreach() /home/admin/domains/spshd.com/public_html/khachhang/application/views/app.php 161
ERROR - 2020-03-17 13:11:52 --> Severity: Warning --> Invalid argument supplied for foreach() /home/admin/domains/spshd.com/public_html/khachhang/application/views/app.php 172
ERROR - 2020-03-17 13:11:52 --> Could not find the language line "Đóng"
ERROR - 2020-03-17 13:11:52 --> Could not find the language line "Xác Nhận"
ERROR - 2020-03-17 13:11:52 --> Could not find the language line "Đóng"
ERROR - 2020-03-17 13:11:52 --> Could not find the language line "Xác Nhận"
ERROR - 2020-03-17 13:49:43 --> Could not find the language line "Tạo Điểm Lấy Hàng"
ERROR - 2020-03-17 13:49:43 --> Could not find the language line "Tạo Đơn Hàng"
ERROR - 2020-03-17 13:49:43 --> Severity: Warning --> Invalid argument supplied for foreach() /home/admin/domains/spshd.com/public_html/khachhang/application/views/tab4.php 394
ERROR - 2020-03-17 13:49:43 --> Could not find the language line "Đóng"
ERROR - 2020-03-17 13:49:43 --> Could not find the language line "Xác Nhận"
ERROR - 2020-03-17 13:49:43 --> Severity: Warning --> Invalid argument supplied for foreach() /home/admin/domains/spshd.com/public_html/khachhang/application/views/app.php 161
ERROR - 2020-03-17 13:49:43 --> Severity: Warning --> Invalid argument supplied for foreach() /home/admin/domains/spshd.com/public_html/khachhang/application/views/app.php 172
ERROR - 2020-03-17 13:49:43 --> Could not find the language line "Đóng"
ERROR - 2020-03-17 13:49:43 --> Could not find the language line "Xác Nhận"
ERROR - 2020-03-17 13:49:43 --> Could not find the language line "Đóng"
ERROR - 2020-03-17 13:49:43 --> Could not find the language line "Xác Nhận"
ERROR - 2020-03-17 13:49:43 --> Could not find the language line "Tạo Điểm Lấy Hàng"
ERROR - 2020-03-17 13:49:43 --> Could not find the language line "Tạo Đơn Hàng"
ERROR - 2020-03-17 13:49:43 --> Severity: Warning --> Invalid argument supplied for foreach() /home/admin/domains/spshd.com/public_html/khachhang/application/views/tab4.php 394
ERROR - 2020-03-17 13:49:43 --> Could not find the language line "Đóng"
ERROR - 2020-03-17 13:49:43 --> Could not find the language line "Xác Nhận"
ERROR - 2020-03-17 13:49:43 --> Severity: Warning --> Invalid argument supplied for foreach() /home/admin/domains/spshd.com/public_html/khachhang/application/views/app.php 161
ERROR - 2020-03-17 13:49:43 --> Severity: Warning --> Invalid argument supplied for foreach() /home/admin/domains/spshd.com/public_html/khachhang/application/views/app.php 172
ERROR - 2020-03-17 13:49:43 --> Could not find the language line "Đóng"
ERROR - 2020-03-17 13:49:43 --> Could not find the language line "Xác Nhận"
ERROR - 2020-03-17 13:49:43 --> Could not find the language line "Đóng"
ERROR - 2020-03-17 13:49:43 --> Could not find the language line "Xác Nhận"
ERROR - 2020-03-17 14:03:38 --> Could not find the language line "Tạo Điểm Lấy Hàng"
ERROR - 2020-03-17 14:03:38 --> Could not find the language line "Tạo Đơn Hàng"
ERROR - 2020-03-17 14:03:38 --> Severity: Warning --> Invalid argument supplied for foreach() /home/admin/domains/spshd.com/public_html/khachhang/application/views/tab4.php 394
ERROR - 2020-03-17 14:03:38 --> Could not find the language line "Đóng"
ERROR - 2020-03-17 14:03:38 --> Could not find the language line "Xác Nhận"
ERROR - 2020-03-17 14:03:38 --> Severity: Warning --> Invalid argument supplied for foreach() /home/admin/domains/spshd.com/public_html/khachhang/application/views/app.php 161
ERROR - 2020-03-17 14:03:38 --> Severity: Warning --> Invalid argument supplied for foreach() /home/admin/domains/spshd.com/public_html/khachhang/application/views/app.php 172
ERROR - 2020-03-17 14:03:38 --> Could not find the language line "Đóng"
ERROR - 2020-03-17 14:03:38 --> Could not find the language line "Xác Nhận"
ERROR - 2020-03-17 14:03:38 --> Could not find the language line "Đóng"
ERROR - 2020-03-17 14:03:38 --> Could not find the language line "Xác Nhận"
ERROR - 2020-03-17 14:19:29 --> Could not find the language line "Email"
ERROR - 2020-03-17 14:19:29 --> Could not find the language line "password"
ERROR - 2020-03-17 14:43:42 --> Could not find the language line "Tạo Điểm Lấy Hàng"
ERROR - 2020-03-17 14:43:42 --> Could not find the language line "Tạo Đơn Hàng"
ERROR - 2020-03-17 14:43:42 --> Severity: Warning --> Invalid argument supplied for foreach() /home/admin/domains/spshd.com/public_html/khachhang/application/views/tab4.php 394
ERROR - 2020-03-17 14:43:42 --> Could not find the language line "Đóng"
ERROR - 2020-03-17 14:43:42 --> Could not find the language line "Xác Nhận"
ERROR - 2020-03-17 14:43:42 --> Severity: Warning --> Invalid argument supplied for foreach() /home/admin/domains/spshd.com/public_html/khachhang/application/views/app.php 161
ERROR - 2020-03-17 14:43:42 --> Severity: Warning --> Invalid argument supplied for foreach() /home/admin/domains/spshd.com/public_html/khachhang/application/views/app.php 172
ERROR - 2020-03-17 14:43:42 --> Could not find the language line "Đóng"
ERROR - 2020-03-17 14:43:42 --> Could not find the language line "Xác Nhận"
ERROR - 2020-03-17 14:43:42 --> Could not find the language line "Đóng"
ERROR - 2020-03-17 14:43:42 --> Could not find the language line "Xác Nhận"
ERROR - 2020-03-17 14:46:15 --> Could not find the language line "Tạo Điểm Lấy Hàng"
ERROR - 2020-03-17 14:46:15 --> Could not find the language line "Tạo Đơn Hàng"
ERROR - 2020-03-17 14:46:15 --> Severity: Warning --> Invalid argument supplied for foreach() /home/admin/domains/spshd.com/public_html/khachhang/application/views/tab4.php 394
ERROR - 2020-03-17 14:46:15 --> Could not find the language line "Tạo Điểm Lấy Hàng"
ERROR - 2020-03-17 14:46:15 --> Could not find the language line "Tạo Đơn Hàng"
ERROR - 2020-03-17 14:46:15 --> Severity: Warning --> Invalid argument supplied for foreach() /home/admin/domains/spshd.com/public_html/khachhang/application/views/tab4.php 394
ERROR - 2020-03-17 14:46:15 --> Could not find the language line "Đóng"
ERROR - 2020-03-17 14:46:15 --> Could not find the language line "Đóng"
ERROR - 2020-03-17 14:46:15 --> Could not find the language line "Xác Nhận"
ERROR - 2020-03-17 14:46:15 --> Severity: Warning --> Invalid argument supplied for foreach() /home/admin/domains/spshd.com/public_html/khachhang/application/views/app.php 161
ERROR - 2020-03-17 14:46:15 --> Severity: Warning --> Invalid argument supplied for foreach() /home/admin/domains/spshd.com/public_html/khachhang/application/views/app.php 172
ERROR - 2020-03-17 14:46:15 --> Could not find the language line "Đóng"
ERROR - 2020-03-17 14:46:15 --> Could not find the language line "Xác Nhận"
ERROR - 2020-03-17 14:46:15 --> Could not find the language line "Đóng"
ERROR - 2020-03-17 14:46:15 --> Could not find the language line "Xác Nhận"
ERROR - 2020-03-17 14:46:15 --> Could not find the language line "Xác Nhận"
ERROR - 2020-03-17 14:46:15 --> Severity: Warning --> Invalid argument supplied for foreach() /home/admin/domains/spshd.com/public_html/khachhang/application/views/app.php 161
ERROR - 2020-03-17 14:46:15 --> Severity: Warning --> Invalid argument supplied for foreach() /home/admin/domains/spshd.com/public_html/khachhang/application/views/app.php 172
ERROR - 2020-03-17 14:46:15 --> Could not find the language line "Đóng"
ERROR - 2020-03-17 14:46:15 --> Could not find the language line "Xác Nhận"
ERROR - 2020-03-17 14:46:15 --> Could not find the language line "Đóng"
ERROR - 2020-03-17 14:46:15 --> Could not find the language line "Xác Nhận"
ERROR - 2020-03-17 15:44:45 --> Could not find the language line "Tạo Điểm Lấy Hàng"
ERROR - 2020-03-17 15:44:45 --> Could not find the language line "Tạo Đơn Hàng"
ERROR - 2020-03-17 15:44:45 --> Severity: Warning --> Invalid argument supplied for foreach() /home/admin/domains/spshd.com/public_html/khachhang/application/views/tab4.php 394
ERROR - 2020-03-17 15:44:45 --> Could not find the language line "Đóng"
ERROR - 2020-03-17 15:44:45 --> Could not find the language line "Xác Nhận"
ERROR - 2020-03-17 15:44:45 --> Severity: Warning --> Invalid argument supplied for foreach() /home/admin/domains/spshd.com/public_html/khachhang/application/views/app.php 161
ERROR - 2020-03-17 15:44:45 --> Severity: Warning --> Invalid argument supplied for foreach() /home/admin/domains/spshd.com/public_html/khachhang/application/views/app.php 172
ERROR - 2020-03-17 15:44:45 --> Could not find the language line "Đóng"
ERROR - 2020-03-17 15:44:45 --> Could not find the language line "Xác Nhận"
ERROR - 2020-03-17 15:44:45 --> Could not find the language line "Đóng"
ERROR - 2020-03-17 15:44:45 --> Could not find the language line "Xác Nhận"
ERROR - 2020-03-17 15:45:17 --> Could not find the language line "Tạo Điểm Lấy Hàng"
ERROR - 2020-03-17 15:45:17 --> Could not find the language line "Tạo Đơn Hàng"
ERROR - 2020-03-17 15:45:17 --> Severity: Warning --> Invalid argument supplied for foreach() /home/admin/domains/spshd.com/public_html/khachhang/application/views/tab4.php 394
ERROR - 2020-03-17 15:45:17 --> Could not find the language line "Đóng"
ERROR - 2020-03-17 15:45:17 --> Could not find the language line "Xác Nhận"
ERROR - 2020-03-17 15:45:17 --> Severity: Warning --> Invalid argument supplied for foreach() /home/admin/domains/spshd.com/public_html/khachhang/application/views/app.php 161
ERROR - 2020-03-17 15:45:17 --> Severity: Warning --> Invalid argument supplied for foreach() /home/admin/domains/spshd.com/public_html/khachhang/application/views/app.php 172
ERROR - 2020-03-17 15:45:17 --> Could not find the language line "Đóng"
ERROR - 2020-03-17 15:45:17 --> Could not find the language line "Xác Nhận"
ERROR - 2020-03-17 15:45:17 --> Could not find the language line "Đóng"
ERROR - 2020-03-17 15:45:17 --> Could not find the language line "Xác Nhận"
ERROR - 2020-03-17 15:51:12 --> Could not find the language line "Tạo Điểm Lấy Hàng"
ERROR - 2020-03-17 15:51:12 --> Could not find the language line "Tạo Đơn Hàng"
ERROR - 2020-03-17 15:51:12 --> Severity: Warning --> Invalid argument supplied for foreach() /home/admin/domains/spshd.com/public_html/khachhang/application/views/tab4.php 394
ERROR - 2020-03-17 15:51:12 --> Could not find the language line "Đóng"
ERROR - 2020-03-17 15:51:12 --> Could not find the language line "Xác Nhận"
ERROR - 2020-03-17 15:51:12 --> Severity: Warning --> Invalid argument supplied for foreach() /home/admin/domains/spshd.com/public_html/khachhang/application/views/app.php 161
ERROR - 2020-03-17 15:51:12 --> Severity: Warning --> Invalid argument supplied for foreach() /home/admin/domains/spshd.com/public_html/khachhang/application/views/app.php 172
ERROR - 2020-03-17 15:51:12 --> Could not find the language line "Đóng"
ERROR - 2020-03-17 15:51:12 --> Could not find the language line "Xác Nhận"
ERROR - 2020-03-17 15:51:12 --> Could not find the language line "Đóng"
ERROR - 2020-03-17 15:51:12 --> Could not find the language line "Xác Nhận"
ERROR - 2020-03-17 16:41:20 --> Could not find the language line "Tạo Điểm Lấy Hàng"
ERROR - 2020-03-17 16:41:20 --> Could not find the language line "Tạo Đơn Hàng"
ERROR - 2020-03-17 16:41:20 --> Severity: Warning --> Invalid argument supplied for foreach() /home/admin/domains/spshd.com/public_html/khachhang/application/views/tab4.php 394
ERROR - 2020-03-17 16:41:20 --> Could not find the language line "Đóng"
ERROR - 2020-03-17 16:41:20 --> Could not find the language line "Xác Nhận"
ERROR - 2020-03-17 16:41:20 --> Severity: Warning --> Invalid argument supplied for foreach() /home/admin/domains/spshd.com/public_html/khachhang/application/views/app.php 161
ERROR - 2020-03-17 16:41:20 --> Severity: Warning --> Invalid argument supplied for foreach() /home/admin/domains/spshd.com/public_html/khachhang/application/views/app.php 172
ERROR - 2020-03-17 16:41:20 --> Could not find the language line "Đóng"
ERROR - 2020-03-17 16:41:20 --> Could not find the language line "Xác Nhận"
ERROR - 2020-03-17 16:41:20 --> Could not find the language line "Đóng"
ERROR - 2020-03-17 16:41:20 --> Could not find the language line "Xác Nhận"
ERROR - 2020-03-17 17:09:07 --> Could not find the language line "Tạo Điểm Lấy Hàng"
ERROR - 2020-03-17 17:09:07 --> Could not find the language line "Tạo Đơn Hàng"
ERROR - 2020-03-17 17:09:07 --> Severity: Warning --> Invalid argument supplied for foreach() /home/admin/domains/spshd.com/public_html/khachhang/application/views/tab4.php 394
ERROR - 2020-03-17 17:09:07 --> Could not find the language line "Đóng"
ERROR - 2020-03-17 17:09:07 --> Could not find the language line "Xác Nhận"
ERROR - 2020-03-17 17:09:07 --> Severity: Warning --> Invalid argument supplied for foreach() /home/admin/domains/spshd.com/public_html/khachhang/application/views/app.php 161
ERROR - 2020-03-17 17:09:07 --> Severity: Warning --> Invalid argument supplied for foreach() /home/admin/domains/spshd.com/public_html/khachhang/application/views/app.php 172
ERROR - 2020-03-17 17:09:07 --> Could not find the language line "Đóng"
ERROR - 2020-03-17 17:09:07 --> Could not find the language line "Xác Nhận"
ERROR - 2020-03-17 17:09:07 --> Could not find the language line "Đóng"
ERROR - 2020-03-17 17:09:07 --> Could not find the language line "Xác Nhận"
ERROR - 2020-03-17 17:09:07 --> Could not find the language line "Tạo Điểm Lấy Hàng"
ERROR - 2020-03-17 17:09:07 --> Could not find the language line "Tạo Đơn Hàng"
ERROR - 2020-03-17 17:09:07 --> Severity: Warning --> Invalid argument supplied for foreach() /home/admin/domains/spshd.com/public_html/khachhang/application/views/tab4.php 394
ERROR - 2020-03-17 17:09:07 --> Could not find the language line "Đóng"
ERROR - 2020-03-17 17:09:07 --> Could not find the language line "Xác Nhận"
ERROR - 2020-03-17 17:09:07 --> Severity: Warning --> Invalid argument supplied for foreach() /home/admin/domains/spshd.com/public_html/khachhang/application/views/app.php 161
ERROR - 2020-03-17 17:09:07 --> Severity: Warning --> Invalid argument supplied for foreach() /home/admin/domains/spshd.com/public_html/khachhang/application/views/app.php 172
ERROR - 2020-03-17 17:09:07 --> Could not find the language line "Đóng"
ERROR - 2020-03-17 17:09:07 --> Could not find the language line "Xác Nhận"
ERROR - 2020-03-17 17:09:07 --> Could not find the language line "Đóng"
ERROR - 2020-03-17 17:09:07 --> Could not find the language line "Xác Nhận"
