ERROR - 2019-10-17 02:59:37 --> Could not find the language line "Tạo Điểm Lấy Hàng"
ERROR - 2019-10-17 02:59:37 --> Could not find the language line "Tạo Đơn Hàng"
ERROR - 2019-10-17 02:59:37 --> Severity: Warning --> Invalid argument supplied for foreach() /home/admin/domains/spshd.com/public_html/khachhang/application/views/tab4.php 394
ERROR - 2019-10-17 02:59:37 --> Could not find the language line "Đóng"
ERROR - 2019-10-17 02:59:37 --> Could not find the language line "Xác Nhận"
ERROR - 2019-10-17 02:59:37 --> Severity: Warning --> Invalid argument supplied for foreach() /home/admin/domains/spshd.com/public_html/khachhang/application/views/app.php 157
ERROR - 2019-10-17 02:59:37 --> Severity: Warning --> Invalid argument supplied for foreach() /home/admin/domains/spshd.com/public_html/khachhang/application/views/app.php 168
ERROR - 2019-10-17 02:59:37 --> Could not find the language line "Đóng"
ERROR - 2019-10-17 02:59:37 --> Could not find the language line "Xác Nhận"
ERROR - 2019-10-17 02:59:37 --> Could not find the language line "Đóng"
ERROR - 2019-10-17 02:59:37 --> Could not find the language line "Xác Nhận"
ERROR - 2019-10-17 05:31:42 --> Could not find the language line "Tạo Điểm Lấy Hàng"
ERROR - 2019-10-17 05:31:42 --> Could not find the language line "Tạo Đơn Hàng"
ERROR - 2019-10-17 05:31:42 --> Severity: Warning --> Invalid argument supplied for foreach() /home/admin/domains/spshd.com/public_html/khachhang/application/views/tab4.php 394
ERROR - 2019-10-17 05:31:42 --> Could not find the language line "Đóng"
ERROR - 2019-10-17 05:31:42 --> Could not find the language line "Xác Nhận"
ERROR - 2019-10-17 05:31:42 --> Severity: Warning --> Invalid argument supplied for foreach() /home/admin/domains/spshd.com/public_html/khachhang/application/views/app.php 157
ERROR - 2019-10-17 05:31:42 --> Severity: Warning --> Invalid argument supplied for foreach() /home/admin/domains/spshd.com/public_html/khachhang/application/views/app.php 168
ERROR - 2019-10-17 05:31:42 --> Could not find the language line "Đóng"
ERROR - 2019-10-17 05:31:42 --> Could not find the language line "Xác Nhận"
ERROR - 2019-10-17 05:31:42 --> Could not find the language line "Đóng"
ERROR - 2019-10-17 05:31:42 --> Could not find the language line "Xác Nhận"
ERROR - 2019-10-17 05:47:50 --> Could not find the language line "Email"
ERROR - 2019-10-17 05:47:50 --> Could not find the language line "password"
ERROR - 2019-10-17 05:48:41 --> Could not find the language line "Tạo Điểm Lấy Hàng"
ERROR - 2019-10-17 05:48:41 --> Could not find the language line "Tạo Đơn Hàng"
ERROR - 2019-10-17 05:48:41 --> Severity: Warning --> Invalid argument supplied for foreach() /home/admin/domains/spshd.com/public_html/khachhang/application/views/tab4.php 394
ERROR - 2019-10-17 05:48:41 --> Could not find the language line "Đóng"
ERROR - 2019-10-17 05:48:41 --> Could not find the language line "Xác Nhận"
ERROR - 2019-10-17 05:48:41 --> Severity: Warning --> Invalid argument supplied for foreach() /home/admin/domains/spshd.com/public_html/khachhang/application/views/app.php 157
ERROR - 2019-10-17 05:48:41 --> Severity: Warning --> Invalid argument supplied for foreach() /home/admin/domains/spshd.com/public_html/khachhang/application/views/app.php 168
ERROR - 2019-10-17 05:48:41 --> Could not find the language line "Đóng"
ERROR - 2019-10-17 05:48:41 --> Could not find the language line "Xác Nhận"
ERROR - 2019-10-17 05:48:41 --> Could not find the language line "Đóng"
ERROR - 2019-10-17 05:48:41 --> Could not find the language line "Xác Nhận"
ERROR - 2019-10-17 05:50:08 --> Could not find the language line "Tạo Điểm Lấy Hàng"
ERROR - 2019-10-17 05:50:08 --> Could not find the language line "Tạo Đơn Hàng"
ERROR - 2019-10-17 05:50:08 --> Severity: Warning --> Invalid argument supplied for foreach() /home/admin/domains/spshd.com/public_html/khachhang/application/views/tab4.php 394
ERROR - 2019-10-17 05:50:08 --> Could not find the language line "Đóng"
ERROR - 2019-10-17 05:50:08 --> Could not find the language line "Xác Nhận"
ERROR - 2019-10-17 05:50:08 --> Severity: Warning --> Invalid argument supplied for foreach() /home/admin/domains/spshd.com/public_html/khachhang/application/views/app.php 157
ERROR - 2019-10-17 05:50:08 --> Severity: Warning --> Invalid argument supplied for foreach() /home/admin/domains/spshd.com/public_html/khachhang/application/views/app.php 168
ERROR - 2019-10-17 05:50:08 --> Could not find the language line "Đóng"
ERROR - 2019-10-17 05:50:08 --> Could not find the language line "Xác Nhận"
ERROR - 2019-10-17 05:50:08 --> Could not find the language line "Đóng"
ERROR - 2019-10-17 05:50:08 --> Could not find the language line "Xác Nhận"
ERROR - 2019-10-17 05:50:38 --> Could not find the language line "Tạo Điểm Lấy Hàng"
ERROR - 2019-10-17 05:50:38 --> Could not find the language line "Tạo Đơn Hàng"
ERROR - 2019-10-17 05:50:38 --> Severity: Warning --> Invalid argument supplied for foreach() /home/admin/domains/spshd.com/public_html/khachhang/application/views/tab4.php 394
ERROR - 2019-10-17 05:50:38 --> Could not find the language line "Đóng"
ERROR - 2019-10-17 05:50:38 --> Could not find the language line "Xác Nhận"
ERROR - 2019-10-17 05:50:38 --> Severity: Warning --> Invalid argument supplied for foreach() /home/admin/domains/spshd.com/public_html/khachhang/application/views/app.php 157
ERROR - 2019-10-17 05:50:38 --> Severity: Warning --> Invalid argument supplied for foreach() /home/admin/domains/spshd.com/public_html/khachhang/application/views/app.php 168
ERROR - 2019-10-17 05:50:38 --> Could not find the language line "Đóng"
ERROR - 2019-10-17 05:50:38 --> Could not find the language line "Xác Nhận"
ERROR - 2019-10-17 05:50:38 --> Could not find the language line "Đóng"
ERROR - 2019-10-17 05:50:38 --> Could not find the language line "Xác Nhận"
ERROR - 2019-10-17 06:08:52 --> Could not find the language line "Tạo Điểm Lấy Hàng"
ERROR - 2019-10-17 06:08:52 --> Could not find the language line "Tạo Đơn Hàng"
ERROR - 2019-10-17 06:08:52 --> Severity: Warning --> Invalid argument supplied for foreach() /home/admin/domains/spshd.com/public_html/khachhang/application/views/tab4.php 394
ERROR - 2019-10-17 06:08:52 --> Could not find the language line "Đóng"
ERROR - 2019-10-17 06:08:52 --> Could not find the language line "Xác Nhận"
ERROR - 2019-10-17 06:08:52 --> Severity: Warning --> Invalid argument supplied for foreach() /home/admin/domains/spshd.com/public_html/khachhang/application/views/app.php 157
ERROR - 2019-10-17 06:08:52 --> Severity: Warning --> Invalid argument supplied for foreach() /home/admin/domains/spshd.com/public_html/khachhang/application/views/app.php 168
ERROR - 2019-10-17 06:08:52 --> Could not find the language line "Đóng"
ERROR - 2019-10-17 06:08:52 --> Could not find the language line "Xác Nhận"
ERROR - 2019-10-17 06:08:52 --> Could not find the language line "Đóng"
ERROR - 2019-10-17 06:08:52 --> Could not find the language line "Xác Nhận"
ERROR - 2019-10-17 06:29:55 --> Could not find the language line "Tạo Điểm Lấy Hàng"
ERROR - 2019-10-17 06:29:55 --> Could not find the language line "Tạo Đơn Hàng"
ERROR - 2019-10-17 06:29:55 --> Severity: Warning --> Invalid argument supplied for foreach() /home/admin/domains/spshd.com/public_html/khachhang/application/views/tab4.php 394
ERROR - 2019-10-17 06:29:55 --> Could not find the language line "Đóng"
ERROR - 2019-10-17 06:29:55 --> Could not find the language line "Xác Nhận"
ERROR - 2019-10-17 06:29:56 --> Severity: Warning --> Invalid argument supplied for foreach() /home/admin/domains/spshd.com/public_html/khachhang/application/views/app.php 157
ERROR - 2019-10-17 06:29:56 --> Severity: Warning --> Invalid argument supplied for foreach() /home/admin/domains/spshd.com/public_html/khachhang/application/views/app.php 168
ERROR - 2019-10-17 06:29:56 --> Could not find the language line "Đóng"
ERROR - 2019-10-17 06:29:56 --> Could not find the language line "Xác Nhận"
ERROR - 2019-10-17 06:29:56 --> Could not find the language line "Đóng"
ERROR - 2019-10-17 06:29:56 --> Could not find the language line "Xác Nhận"
ERROR - 2019-10-17 08:38:47 --> Could not find the language line "Email"
ERROR - 2019-10-17 08:38:47 --> Could not find the language line "password"
ERROR - 2019-10-17 09:03:46 --> Could not find the language line "Tạo Điểm Lấy Hàng"
ERROR - 2019-10-17 09:03:46 --> Could not find the language line "Tạo Đơn Hàng"
ERROR - 2019-10-17 09:03:46 --> Severity: Warning --> Invalid argument supplied for foreach() /home/admin/domains/spshd.com/public_html/khachhang/application/views/tab4.php 394
ERROR - 2019-10-17 09:03:46 --> Could not find the language line "Đóng"
ERROR - 2019-10-17 09:03:46 --> Could not find the language line "Xác Nhận"
ERROR - 2019-10-17 09:03:46 --> Severity: Warning --> Invalid argument supplied for foreach() /home/admin/domains/spshd.com/public_html/khachhang/application/views/app.php 157
ERROR - 2019-10-17 09:03:46 --> Severity: Warning --> Invalid argument supplied for foreach() /home/admin/domains/spshd.com/public_html/khachhang/application/views/app.php 168
ERROR - 2019-10-17 09:03:46 --> Could not find the language line "Đóng"
ERROR - 2019-10-17 09:03:46 --> Could not find the language line "Xác Nhận"
ERROR - 2019-10-17 09:03:46 --> Could not find the language line "Đóng"
ERROR - 2019-10-17 09:03:46 --> Could not find the language line "Xác Nhận"
ERROR - 2019-10-17 09:35:44 --> Could not find the language line "Email"
ERROR - 2019-10-17 09:35:44 --> Could not find the language line "password"
ERROR - 2019-10-17 09:36:10 --> Could not find the language line "Email"
ERROR - 2019-10-17 09:36:10 --> Could not find the language line "password"
ERROR - 2019-10-17 09:37:56 --> Could not find the language line "Email"
ERROR - 2019-10-17 09:37:56 --> Could not find the language line "password"
ERROR - 2019-10-17 09:39:26 --> Could not find the language line "Email"
ERROR - 2019-10-17 09:39:26 --> Could not find the language line "password"
ERROR - 2019-10-17 09:40:37 --> Could not find the language line "Email"
ERROR - 2019-10-17 09:40:37 --> Could not find the language line "password"
ERROR - 2019-10-17 09:41:07 --> Could not find the language line "Email"
ERROR - 2019-10-17 09:41:07 --> Could not find the language line "password"
ERROR - 2019-10-17 09:44:23 --> Could not find the language line "Email"
ERROR - 2019-10-17 09:44:23 --> Could not find the language line "password"
ERROR - 2019-10-17 09:44:41 --> Could not find the language line "Email"
ERROR - 2019-10-17 09:44:41 --> Could not find the language line "password"
ERROR - 2019-10-17 09:45:20 --> Could not find the language line "Email"
ERROR - 2019-10-17 09:45:20 --> Could not find the language line "password"
ERROR - 2019-10-17 09:46:30 --> Could not find the language line "Email"
ERROR - 2019-10-17 09:46:30 --> Could not find the language line "password"
ERROR - 2019-10-17 09:49:49 --> Could not find the language line "Email"
ERROR - 2019-10-17 09:49:49 --> Could not find the language line "password"
ERROR - 2019-10-17 10:01:35 --> Could not find the language line "Tạo Điểm Lấy Hàng"
ERROR - 2019-10-17 10:01:35 --> Could not find the language line "Tạo Đơn Hàng"
ERROR - 2019-10-17 10:01:35 --> Severity: Warning --> Invalid argument supplied for foreach() /home/admin/domains/spshd.com/public_html/khachhang/application/views/tab4.php 394
ERROR - 2019-10-17 10:01:35 --> Could not find the language line "Đóng"
ERROR - 2019-10-17 10:01:35 --> Could not find the language line "Xác Nhận"
ERROR - 2019-10-17 10:01:35 --> Severity: Warning --> Invalid argument supplied for foreach() /home/admin/domains/spshd.com/public_html/khachhang/application/views/app.php 157
ERROR - 2019-10-17 10:01:35 --> Severity: Warning --> Invalid argument supplied for foreach() /home/admin/domains/spshd.com/public_html/khachhang/application/views/app.php 168
ERROR - 2019-10-17 10:01:35 --> Could not find the language line "Đóng"
ERROR - 2019-10-17 10:01:35 --> Could not find the language line "Xác Nhận"
ERROR - 2019-10-17 10:01:35 --> Could not find the language line "Đóng"
ERROR - 2019-10-17 10:01:35 --> Could not find the language line "Xác Nhận"
ERROR - 2019-10-17 10:01:35 --> Could not find the language line "Tạo Điểm Lấy Hàng"
ERROR - 2019-10-17 10:01:35 --> Could not find the language line "Tạo Đơn Hàng"
ERROR - 2019-10-17 10:01:35 --> Severity: Warning --> Invalid argument supplied for foreach() /home/admin/domains/spshd.com/public_html/khachhang/application/views/tab4.php 394
ERROR - 2019-10-17 10:01:35 --> Could not find the language line "Đóng"
ERROR - 2019-10-17 10:01:35 --> Could not find the language line "Xác Nhận"
ERROR - 2019-10-17 10:01:35 --> Severity: Warning --> Invalid argument supplied for foreach() /home/admin/domains/spshd.com/public_html/khachhang/application/views/app.php 157
ERROR - 2019-10-17 10:01:35 --> Severity: Warning --> Invalid argument supplied for foreach() /home/admin/domains/spshd.com/public_html/khachhang/application/views/app.php 168
ERROR - 2019-10-17 10:01:35 --> Could not find the language line "Đóng"
ERROR - 2019-10-17 10:01:35 --> Could not find the language line "Xác Nhận"
ERROR - 2019-10-17 10:01:35 --> Could not find the language line "Đóng"
ERROR - 2019-10-17 10:01:35 --> Could not find the language line "Xác Nhận"
ERROR - 2019-10-17 10:13:29 --> Could not find the language line "Email"
ERROR - 2019-10-17 10:13:29 --> Could not find the language line "password"
ERROR - 2019-10-17 10:13:32 --> Could not find the language line "Email"
ERROR - 2019-10-17 10:13:32 --> Could not find the language line "password"
ERROR - 2019-10-17 10:48:26 --> Could not find the language line "Tạo Điểm Lấy Hàng"
ERROR - 2019-10-17 10:48:26 --> Could not find the language line "Tạo Đơn Hàng"
ERROR - 2019-10-17 10:48:26 --> Severity: Warning --> Invalid argument supplied for foreach() /home/admin/domains/spshd.com/public_html/khachhang/application/views/tab4.php 394
ERROR - 2019-10-17 10:48:26 --> Could not find the language line "Đóng"
ERROR - 2019-10-17 10:48:26 --> Could not find the language line "Xác Nhận"
ERROR - 2019-10-17 10:48:26 --> Severity: Warning --> Invalid argument supplied for foreach() /home/admin/domains/spshd.com/public_html/khachhang/application/views/app.php 157
ERROR - 2019-10-17 10:48:26 --> Severity: Warning --> Invalid argument supplied for foreach() /home/admin/domains/spshd.com/public_html/khachhang/application/views/app.php 168
ERROR - 2019-10-17 10:48:26 --> Could not find the language line "Đóng"
ERROR - 2019-10-17 10:48:26 --> Could not find the language line "Xác Nhận"
ERROR - 2019-10-17 10:48:26 --> Could not find the language line "Đóng"
ERROR - 2019-10-17 10:48:26 --> Could not find the language line "Xác Nhận"
ERROR - 2019-10-17 10:51:29 --> Could not find the language line "Email"
ERROR - 2019-10-17 10:51:29 --> Could not find the language line "password"
ERROR - 2019-10-17 10:52:05 --> Could not find the language line "Tạo Điểm Lấy Hàng"
ERROR - 2019-10-17 10:52:05 --> Could not find the language line "Tạo Đơn Hàng"
ERROR - 2019-10-17 10:52:05 --> Severity: Warning --> Invalid argument supplied for foreach() /home/admin/domains/spshd.com/public_html/khachhang/application/views/tab4.php 394
ERROR - 2019-10-17 10:52:05 --> Could not find the language line "Đóng"
ERROR - 2019-10-17 10:52:05 --> Could not find the language line "Xác Nhận"
ERROR - 2019-10-17 10:52:05 --> Severity: Warning --> Invalid argument supplied for foreach() /home/admin/domains/spshd.com/public_html/khachhang/application/views/app.php 157
ERROR - 2019-10-17 10:52:05 --> Severity: Warning --> Invalid argument supplied for foreach() /home/admin/domains/spshd.com/public_html/khachhang/application/views/app.php 168
ERROR - 2019-10-17 10:52:05 --> Could not find the language line "Đóng"
ERROR - 2019-10-17 10:52:05 --> Could not find the language line "Xác Nhận"
ERROR - 2019-10-17 10:52:05 --> Could not find the language line "Đóng"
ERROR - 2019-10-17 10:52:05 --> Could not find the language line "Xác Nhận"
ERROR - 2019-10-17 10:59:07 --> Could not find the language line "Email"
ERROR - 2019-10-17 10:59:07 --> Could not find the language line "password"
ERROR - 2019-10-17 10:59:25 --> Could not find the language line "Tạo Điểm Lấy Hàng"
ERROR - 2019-10-17 10:59:25 --> Could not find the language line "Tạo Đơn Hàng"
ERROR - 2019-10-17 10:59:25 --> Severity: Warning --> Invalid argument supplied for foreach() /home/admin/domains/spshd.com/public_html/khachhang/application/views/tab4.php 394
ERROR - 2019-10-17 10:59:25 --> Could not find the language line "Đóng"
ERROR - 2019-10-17 10:59:25 --> Could not find the language line "Xác Nhận"
ERROR - 2019-10-17 10:59:25 --> Severity: Warning --> Invalid argument supplied for foreach() /home/admin/domains/spshd.com/public_html/khachhang/application/views/app.php 157
ERROR - 2019-10-17 10:59:25 --> Severity: Warning --> Invalid argument supplied for foreach() /home/admin/domains/spshd.com/public_html/khachhang/application/views/app.php 168
ERROR - 2019-10-17 10:59:25 --> Could not find the language line "Đóng"
ERROR - 2019-10-17 10:59:25 --> Could not find the language line "Xác Nhận"
ERROR - 2019-10-17 10:59:25 --> Could not find the language line "Đóng"
ERROR - 2019-10-17 10:59:25 --> Could not find the language line "Xác Nhận"
ERROR - 2019-10-17 11:20:50 --> Could not find the language line "Tạo Điểm Lấy Hàng"
ERROR - 2019-10-17 11:20:50 --> Could not find the language line "Tạo Đơn Hàng"
ERROR - 2019-10-17 11:20:50 --> Severity: Warning --> Invalid argument supplied for foreach() /home/admin/domains/spshd.com/public_html/khachhang/application/views/tab4.php 394
ERROR - 2019-10-17 11:20:50 --> Could not find the language line "Đóng"
ERROR - 2019-10-17 11:20:50 --> Could not find the language line "Xác Nhận"
ERROR - 2019-10-17 11:20:50 --> Severity: Warning --> Invalid argument supplied for foreach() /home/admin/domains/spshd.com/public_html/khachhang/application/views/app.php 157
ERROR - 2019-10-17 11:20:50 --> Severity: Warning --> Invalid argument supplied for foreach() /home/admin/domains/spshd.com/public_html/khachhang/application/views/app.php 168
ERROR - 2019-10-17 11:20:50 --> Could not find the language line "Đóng"
ERROR - 2019-10-17 11:20:50 --> Could not find the language line "Xác Nhận"
ERROR - 2019-10-17 11:20:50 --> Could not find the language line "Đóng"
ERROR - 2019-10-17 11:20:50 --> Could not find the language line "Xác Nhận"
ERROR - 2019-10-17 12:52:49 --> Could not find the language line "Tạo Điểm Lấy Hàng"
ERROR - 2019-10-17 12:52:49 --> Could not find the language line "Tạo Đơn Hàng"
ERROR - 2019-10-17 12:52:49 --> Severity: Warning --> Invalid argument supplied for foreach() /home/admin/domains/spshd.com/public_html/khachhang/application/views/tab4.php 394
ERROR - 2019-10-17 12:52:49 --> Could not find the language line "Đóng"
ERROR - 2019-10-17 12:52:49 --> Could not find the language line "Xác Nhận"
ERROR - 2019-10-17 12:52:49 --> Severity: Warning --> Invalid argument supplied for foreach() /home/admin/domains/spshd.com/public_html/khachhang/application/views/app.php 157
ERROR - 2019-10-17 12:52:49 --> Severity: Warning --> Invalid argument supplied for foreach() /home/admin/domains/spshd.com/public_html/khachhang/application/views/app.php 168
ERROR - 2019-10-17 12:52:49 --> Could not find the language line "Đóng"
ERROR - 2019-10-17 12:52:49 --> Could not find the language line "Xác Nhận"
ERROR - 2019-10-17 12:52:49 --> Could not find the language line "Đóng"
ERROR - 2019-10-17 12:52:49 --> Could not find the language line "Xác Nhận"
ERROR - 2019-10-17 12:55:01 --> Could not find the language line "Tạo Điểm Lấy Hàng"
ERROR - 2019-10-17 12:55:01 --> Could not find the language line "Tạo Đơn Hàng"
ERROR - 2019-10-17 12:55:01 --> Severity: Warning --> Invalid argument supplied for foreach() /home/admin/domains/spshd.com/public_html/khachhang/application/views/tab4.php 394
ERROR - 2019-10-17 12:55:01 --> Could not find the language line "Đóng"
ERROR - 2019-10-17 12:55:01 --> Could not find the language line "Xác Nhận"
ERROR - 2019-10-17 12:55:01 --> Severity: Warning --> Invalid argument supplied for foreach() /home/admin/domains/spshd.com/public_html/khachhang/application/views/app.php 157
ERROR - 2019-10-17 12:55:01 --> Severity: Warning --> Invalid argument supplied for foreach() /home/admin/domains/spshd.com/public_html/khachhang/application/views/app.php 168
ERROR - 2019-10-17 12:55:01 --> Could not find the language line "Đóng"
ERROR - 2019-10-17 12:55:01 --> Could not find the language line "Xác Nhận"
ERROR - 2019-10-17 12:55:01 --> Could not find the language line "Đóng"
ERROR - 2019-10-17 12:55:01 --> Could not find the language line "Xác Nhận"
ERROR - 2019-10-17 12:55:02 --> Could not find the language line "Tạo Điểm Lấy Hàng"
ERROR - 2019-10-17 12:55:02 --> Could not find the language line "Tạo Đơn Hàng"
ERROR - 2019-10-17 12:55:02 --> Severity: Warning --> Invalid argument supplied for foreach() /home/admin/domains/spshd.com/public_html/khachhang/application/views/tab4.php 394
ERROR - 2019-10-17 12:55:02 --> Could not find the language line "Đóng"
ERROR - 2019-10-17 12:55:02 --> Could not find the language line "Xác Nhận"
ERROR - 2019-10-17 12:55:02 --> Severity: Warning --> Invalid argument supplied for foreach() /home/admin/domains/spshd.com/public_html/khachhang/application/views/app.php 157
ERROR - 2019-10-17 12:55:02 --> Severity: Warning --> Invalid argument supplied for foreach() /home/admin/domains/spshd.com/public_html/khachhang/application/views/app.php 168
ERROR - 2019-10-17 12:55:02 --> Could not find the language line "Đóng"
ERROR - 2019-10-17 12:55:02 --> Could not find the language line "Xác Nhận"
ERROR - 2019-10-17 12:55:02 --> Could not find the language line "Đóng"
ERROR - 2019-10-17 12:55:02 --> Could not find the language line "Xác Nhận"
ERROR - 2019-10-17 13:54:37 --> Could not find the language line "Tạo Điểm Lấy Hàng"
ERROR - 2019-10-17 13:54:37 --> Could not find the language line "Tạo Đơn Hàng"
ERROR - 2019-10-17 13:54:37 --> Severity: Warning --> Invalid argument supplied for foreach() /home/admin/domains/spshd.com/public_html/khachhang/application/views/tab4.php 394
ERROR - 2019-10-17 13:54:37 --> Could not find the language line "Đóng"
ERROR - 2019-10-17 13:54:37 --> Could not find the language line "Xác Nhận"
ERROR - 2019-10-17 13:54:37 --> Severity: Warning --> Invalid argument supplied for foreach() /home/admin/domains/spshd.com/public_html/khachhang/application/views/app.php 157
ERROR - 2019-10-17 13:54:37 --> Severity: Warning --> Invalid argument supplied for foreach() /home/admin/domains/spshd.com/public_html/khachhang/application/views/app.php 168
ERROR - 2019-10-17 13:54:37 --> Could not find the language line "Đóng"
ERROR - 2019-10-17 13:54:37 --> Could not find the language line "Xác Nhận"
ERROR - 2019-10-17 13:54:37 --> Could not find the language line "Đóng"
ERROR - 2019-10-17 13:54:37 --> Could not find the language line "Xác Nhận"
ERROR - 2019-10-17 17:52:17 --> Could not find the language line "Tạo Điểm Lấy Hàng"
ERROR - 2019-10-17 17:52:17 --> Could not find the language line "Tạo Đơn Hàng"
ERROR - 2019-10-17 17:52:17 --> Severity: Warning --> Invalid argument supplied for foreach() /home/admin/domains/spshd.com/public_html/khachhang/application/views/tab4.php 394
ERROR - 2019-10-17 17:52:17 --> Could not find the language line "Đóng"
ERROR - 2019-10-17 17:52:17 --> Could not find the language line "Xác Nhận"
ERROR - 2019-10-17 17:52:17 --> Severity: Warning --> Invalid argument supplied for foreach() /home/admin/domains/spshd.com/public_html/khachhang/application/views/app.php 157
ERROR - 2019-10-17 17:52:17 --> Severity: Warning --> Invalid argument supplied for foreach() /home/admin/domains/spshd.com/public_html/khachhang/application/views/app.php 168
ERROR - 2019-10-17 17:52:17 --> Could not find the language line "Đóng"
ERROR - 2019-10-17 17:52:17 --> Could not find the language line "Xác Nhận"
ERROR - 2019-10-17 17:52:17 --> Could not find the language line "Đóng"
ERROR - 2019-10-17 17:52:17 --> Could not find the language line "Xác Nhận"
ERROR - 2019-10-17 23:50:50 --> Could not find the language line "Tạo Điểm Lấy Hàng"
ERROR - 2019-10-17 23:50:50 --> Could not find the language line "Tạo Đơn Hàng"
ERROR - 2019-10-17 23:50:50 --> Severity: Warning --> Invalid argument supplied for foreach() /home/admin/domains/spshd.com/public_html/khachhang/application/views/tab4.php 394
ERROR - 2019-10-17 23:50:50 --> Could not find the language line "Đóng"
ERROR - 2019-10-17 23:50:50 --> Could not find the language line "Xác Nhận"
ERROR - 2019-10-17 23:50:50 --> Severity: Warning --> Invalid argument supplied for foreach() /home/admin/domains/spshd.com/public_html/khachhang/application/views/app.php 157
ERROR - 2019-10-17 23:50:50 --> Severity: Warning --> Invalid argument supplied for foreach() /home/admin/domains/spshd.com/public_html/khachhang/application/views/app.php 168
ERROR - 2019-10-17 23:50:50 --> Could not find the language line "Đóng"
ERROR - 2019-10-17 23:50:50 --> Could not find the language line "Xác Nhận"
ERROR - 2019-10-17 23:50:50 --> Could not find the language line "Đóng"
ERROR - 2019-10-17 23:50:50 --> Could not find the language line "Xác Nhận"
ERROR - 2019-10-17 23:53:34 --> Could not find the language line "Tạo Điểm Lấy Hàng"
ERROR - 2019-10-17 23:53:34 --> Could not find the language line "Tạo Đơn Hàng"
ERROR - 2019-10-17 23:53:34 --> Severity: Warning --> Invalid argument supplied for foreach() /home/admin/domains/spshd.com/public_html/khachhang/application/views/tab4.php 394
ERROR - 2019-10-17 23:53:34 --> Could not find the language line "Đóng"
ERROR - 2019-10-17 23:53:34 --> Could not find the language line "Xác Nhận"
ERROR - 2019-10-17 23:53:34 --> Severity: Warning --> Invalid argument supplied for foreach() /home/admin/domains/spshd.com/public_html/khachhang/application/views/app.php 157
ERROR - 2019-10-17 23:53:34 --> Severity: Warning --> Invalid argument supplied for foreach() /home/admin/domains/spshd.com/public_html/khachhang/application/views/app.php 168
ERROR - 2019-10-17 23:53:34 --> Could not find the language line "Đóng"
ERROR - 2019-10-17 23:53:34 --> Could not find the language line "Xác Nhận"
ERROR - 2019-10-17 23:53:34 --> Could not find the language line "Đóng"
ERROR - 2019-10-17 23:53:34 --> Could not find the language line "Xác Nhận"
