ERROR - 2020-04-11 07:48:34 --> Could not find the language line "Tạo Điểm Lấy Hàng"
ERROR - 2020-04-11 07:48:34 --> Could not find the language line "Tạo Đơn Hàng"
ERROR - 2020-04-11 07:48:34 --> Could not find the language line "Đóng"
ERROR - 2020-04-11 07:48:34 --> Could not find the language line "Xác Nhận"
ERROR - 2020-04-11 07:48:34 --> Severity: Warning --> Invalid argument supplied for foreach() /home/admin/domains/spshd.com/public_html/khachhang/application/views/app.php 161
ERROR - 2020-04-11 07:48:34 --> Severity: Warning --> Invalid argument supplied for foreach() /home/admin/domains/spshd.com/public_html/khachhang/application/views/app.php 172
ERROR - 2020-04-11 07:48:34 --> Could not find the language line "Đóng"
ERROR - 2020-04-11 07:48:34 --> Could not find the language line "Xác Nhận"
ERROR - 2020-04-11 07:48:34 --> Could not find the language line "Đóng"
ERROR - 2020-04-11 07:48:34 --> Could not find the language line "Xác Nhận"
ERROR - 2020-04-11 07:48:34 --> Could not find the language line "Tạo Điểm Lấy Hàng"
ERROR - 2020-04-11 07:48:34 --> Could not find the language line "Tạo Đơn Hàng"
ERROR - 2020-04-11 07:48:34 --> Could not find the language line "Đóng"
ERROR - 2020-04-11 07:48:34 --> Could not find the language line "Xác Nhận"
ERROR - 2020-04-11 07:48:34 --> Severity: Warning --> Invalid argument supplied for foreach() /home/admin/domains/spshd.com/public_html/khachhang/application/views/app.php 161
ERROR - 2020-04-11 07:48:34 --> Severity: Warning --> Invalid argument supplied for foreach() /home/admin/domains/spshd.com/public_html/khachhang/application/views/app.php 172
ERROR - 2020-04-11 07:48:34 --> Could not find the language line "Đóng"
ERROR - 2020-04-11 07:48:34 --> Could not find the language line "Xác Nhận"
ERROR - 2020-04-11 07:48:34 --> Could not find the language line "Đóng"
ERROR - 2020-04-11 07:48:34 --> Could not find the language line "Xác Nhận"
ERROR - 2020-04-11 08:11:18 --> Could not find the language line "Tạo Điểm Lấy Hàng"
ERROR - 2020-04-11 08:11:18 --> Could not find the language line "Tạo Đơn Hàng"
ERROR - 2020-04-11 08:11:18 --> Could not find the language line "Đóng"
ERROR - 2020-04-11 08:11:18 --> Could not find the language line "Xác Nhận"
ERROR - 2020-04-11 08:11:18 --> Severity: Warning --> Invalid argument supplied for foreach() /home/admin/domains/spshd.com/public_html/khachhang/application/views/app.php 161
ERROR - 2020-04-11 08:11:18 --> Severity: Warning --> Invalid argument supplied for foreach() /home/admin/domains/spshd.com/public_html/khachhang/application/views/app.php 172
ERROR - 2020-04-11 08:11:18 --> Could not find the language line "Đóng"
ERROR - 2020-04-11 08:11:18 --> Could not find the language line "Xác Nhận"
ERROR - 2020-04-11 08:11:18 --> Could not find the language line "Đóng"
ERROR - 2020-04-11 08:11:18 --> Could not find the language line "Xác Nhận"
ERROR - 2020-04-11 08:14:54 --> Could not find the language line "Tạo Điểm Lấy Hàng"
ERROR - 2020-04-11 08:14:54 --> Could not find the language line "Tạo Đơn Hàng"
ERROR - 2020-04-11 08:14:54 --> Could not find the language line "Đóng"
ERROR - 2020-04-11 08:14:54 --> Could not find the language line "Xác Nhận"
ERROR - 2020-04-11 08:14:54 --> Severity: Warning --> Invalid argument supplied for foreach() /home/admin/domains/spshd.com/public_html/khachhang/application/views/app.php 161
ERROR - 2020-04-11 08:14:54 --> Severity: Warning --> Invalid argument supplied for foreach() /home/admin/domains/spshd.com/public_html/khachhang/application/views/app.php 172
ERROR - 2020-04-11 08:14:54 --> Could not find the language line "Đóng"
ERROR - 2020-04-11 08:14:54 --> Could not find the language line "Xác Nhận"
ERROR - 2020-04-11 08:14:54 --> Could not find the language line "Đóng"
ERROR - 2020-04-11 08:14:54 --> Could not find the language line "Xác Nhận"
ERROR - 2020-04-11 02:22:57 --> Could not find the language line "Email"
ERROR - 2020-04-11 02:22:57 --> Could not find the language line "password"
ERROR - 2020-04-11 08:23:02 --> Could not find the language line "Tạo Điểm Lấy Hàng"
ERROR - 2020-04-11 08:23:02 --> Could not find the language line "Tạo Đơn Hàng"
ERROR - 2020-04-11 08:23:02 --> Could not find the language line "Đóng"
ERROR - 2020-04-11 08:23:02 --> Could not find the language line "Xác Nhận"
ERROR - 2020-04-11 08:23:02 --> Severity: Warning --> Invalid argument supplied for foreach() /home/admin/domains/spshd.com/public_html/khachhang/application/views/app.php 161
ERROR - 2020-04-11 08:23:02 --> Severity: Warning --> Invalid argument supplied for foreach() /home/admin/domains/spshd.com/public_html/khachhang/application/views/app.php 172
ERROR - 2020-04-11 08:23:02 --> Could not find the language line "Đóng"
ERROR - 2020-04-11 08:23:02 --> Could not find the language line "Xác Nhận"
ERROR - 2020-04-11 08:23:02 --> Could not find the language line "Đóng"
ERROR - 2020-04-11 08:23:02 --> Could not find the language line "Xác Nhận"
ERROR - 2020-04-11 08:28:30 --> Could not find the language line "Tạo Điểm Lấy Hàng"
ERROR - 2020-04-11 08:28:30 --> Could not find the language line "Tạo Đơn Hàng"
ERROR - 2020-04-11 08:28:30 --> Could not find the language line "Đóng"
ERROR - 2020-04-11 08:28:30 --> Could not find the language line "Xác Nhận"
ERROR - 2020-04-11 08:28:30 --> Severity: Warning --> Invalid argument supplied for foreach() /home/admin/domains/spshd.com/public_html/khachhang/application/views/app.php 161
ERROR - 2020-04-11 08:28:30 --> Severity: Warning --> Invalid argument supplied for foreach() /home/admin/domains/spshd.com/public_html/khachhang/application/views/app.php 172
ERROR - 2020-04-11 08:28:30 --> Could not find the language line "Đóng"
ERROR - 2020-04-11 08:28:30 --> Could not find the language line "Xác Nhận"
ERROR - 2020-04-11 08:28:30 --> Could not find the language line "Đóng"
ERROR - 2020-04-11 08:28:30 --> Could not find the language line "Xác Nhận"
ERROR - 2020-04-11 02:29:04 --> Could not find the language line "Email"
ERROR - 2020-04-11 02:29:04 --> Could not find the language line "password"
ERROR - 2020-04-11 08:29:17 --> Could not find the language line "Tạo Điểm Lấy Hàng"
ERROR - 2020-04-11 08:29:17 --> Could not find the language line "Tạo Đơn Hàng"
ERROR - 2020-04-11 08:29:17 --> Could not find the language line "Đóng"
ERROR - 2020-04-11 08:29:17 --> Could not find the language line "Xác Nhận"
ERROR - 2020-04-11 08:29:17 --> Severity: Warning --> Invalid argument supplied for foreach() /home/admin/domains/spshd.com/public_html/khachhang/application/views/app.php 161
ERROR - 2020-04-11 08:29:17 --> Severity: Warning --> Invalid argument supplied for foreach() /home/admin/domains/spshd.com/public_html/khachhang/application/views/app.php 172
ERROR - 2020-04-11 08:29:17 --> Could not find the language line "Đóng"
ERROR - 2020-04-11 08:29:17 --> Could not find the language line "Xác Nhận"
ERROR - 2020-04-11 08:29:17 --> Could not find the language line "Đóng"
ERROR - 2020-04-11 08:29:17 --> Could not find the language line "Xác Nhận"
ERROR - 2020-04-11 02:35:39 --> Could not find the language line "Email"
ERROR - 2020-04-11 02:35:39 --> Could not find the language line "password"
ERROR - 2020-04-11 02:39:22 --> Could not find the language line "Email"
ERROR - 2020-04-11 02:39:22 --> Could not find the language line "password"
ERROR - 2020-04-11 02:39:43 --> Could not find the language line "Email"
ERROR - 2020-04-11 02:39:43 --> Could not find the language line "password"
ERROR - 2020-04-11 02:40:54 --> Could not find the language line "Email"
ERROR - 2020-04-11 02:40:54 --> Could not find the language line "password"
ERROR - 2020-04-11 02:41:47 --> Could not find the language line "Email"
ERROR - 2020-04-11 02:41:47 --> Could not find the language line "password"
ERROR - 2020-04-11 08:51:41 --> Could not find the language line "Tạo Điểm Lấy Hàng"
ERROR - 2020-04-11 08:51:41 --> Could not find the language line "Tạo Đơn Hàng"
ERROR - 2020-04-11 08:51:41 --> Could not find the language line "Đóng"
ERROR - 2020-04-11 08:51:41 --> Could not find the language line "Xác Nhận"
ERROR - 2020-04-11 08:51:41 --> Severity: Warning --> Invalid argument supplied for foreach() /home/admin/domains/spshd.com/public_html/khachhang/application/views/app.php 161
ERROR - 2020-04-11 08:51:41 --> Severity: Warning --> Invalid argument supplied for foreach() /home/admin/domains/spshd.com/public_html/khachhang/application/views/app.php 172
ERROR - 2020-04-11 08:51:41 --> Could not find the language line "Đóng"
ERROR - 2020-04-11 08:51:41 --> Could not find the language line "Xác Nhận"
ERROR - 2020-04-11 08:51:41 --> Could not find the language line "Đóng"
ERROR - 2020-04-11 08:51:41 --> Could not find the language line "Xác Nhận"
ERROR - 2020-04-11 09:01:46 --> Could not find the language line "Tạo Điểm Lấy Hàng"
ERROR - 2020-04-11 09:01:46 --> Could not find the language line "Tạo Đơn Hàng"
ERROR - 2020-04-11 09:01:46 --> Could not find the language line "Đóng"
ERROR - 2020-04-11 09:01:46 --> Could not find the language line "Xác Nhận"
ERROR - 2020-04-11 09:01:46 --> Severity: Warning --> Invalid argument supplied for foreach() /home/admin/domains/spshd.com/public_html/khachhang/application/views/app.php 161
ERROR - 2020-04-11 09:01:46 --> Severity: Warning --> Invalid argument supplied for foreach() /home/admin/domains/spshd.com/public_html/khachhang/application/views/app.php 172
ERROR - 2020-04-11 09:01:46 --> Could not find the language line "Đóng"
ERROR - 2020-04-11 09:01:46 --> Could not find the language line "Xác Nhận"
ERROR - 2020-04-11 09:01:46 --> Could not find the language line "Đóng"
ERROR - 2020-04-11 09:01:46 --> Could not find the language line "Xác Nhận"
ERROR - 2020-04-11 09:02:01 --> Could not find the language line "Tạo Điểm Lấy Hàng"
ERROR - 2020-04-11 09:02:01 --> Could not find the language line "Tạo Đơn Hàng"
ERROR - 2020-04-11 09:02:01 --> Could not find the language line "Đóng"
ERROR - 2020-04-11 09:02:01 --> Could not find the language line "Xác Nhận"
ERROR - 2020-04-11 09:02:01 --> Severity: Warning --> Invalid argument supplied for foreach() /home/admin/domains/spshd.com/public_html/khachhang/application/views/app.php 161
ERROR - 2020-04-11 09:02:01 --> Severity: Warning --> Invalid argument supplied for foreach() /home/admin/domains/spshd.com/public_html/khachhang/application/views/app.php 172
ERROR - 2020-04-11 09:02:01 --> Could not find the language line "Đóng"
ERROR - 2020-04-11 09:02:01 --> Could not find the language line "Xác Nhận"
ERROR - 2020-04-11 09:02:01 --> Could not find the language line "Đóng"
ERROR - 2020-04-11 09:02:01 --> Could not find the language line "Xác Nhận"
ERROR - 2020-04-11 09:44:57 --> Could not find the language line "Tạo Điểm Lấy Hàng"
ERROR - 2020-04-11 09:44:57 --> Could not find the language line "Tạo Đơn Hàng"
ERROR - 2020-04-11 09:44:57 --> Could not find the language line "Đóng"
ERROR - 2020-04-11 09:44:57 --> Could not find the language line "Xác Nhận"
ERROR - 2020-04-11 09:44:57 --> Severity: Warning --> Invalid argument supplied for foreach() /home/admin/domains/spshd.com/public_html/khachhang/application/views/app.php 161
ERROR - 2020-04-11 09:44:57 --> Severity: Warning --> Invalid argument supplied for foreach() /home/admin/domains/spshd.com/public_html/khachhang/application/views/app.php 172
ERROR - 2020-04-11 09:44:57 --> Could not find the language line "Đóng"
ERROR - 2020-04-11 09:44:57 --> Could not find the language line "Xác Nhận"
ERROR - 2020-04-11 09:44:57 --> Could not find the language line "Đóng"
ERROR - 2020-04-11 09:44:57 --> Could not find the language line "Xác Nhận"
ERROR - 2020-04-11 10:24:48 --> Could not find the language line "Tạo Điểm Lấy Hàng"
ERROR - 2020-04-11 10:24:48 --> Could not find the language line "Tạo Đơn Hàng"
ERROR - 2020-04-11 10:24:48 --> Could not find the language line "Đóng"
ERROR - 2020-04-11 10:24:48 --> Could not find the language line "Xác Nhận"
ERROR - 2020-04-11 10:24:48 --> Severity: Warning --> Invalid argument supplied for foreach() /home/admin/domains/spshd.com/public_html/khachhang/application/views/app.php 161
ERROR - 2020-04-11 10:24:48 --> Severity: Warning --> Invalid argument supplied for foreach() /home/admin/domains/spshd.com/public_html/khachhang/application/views/app.php 172
ERROR - 2020-04-11 10:24:48 --> Could not find the language line "Đóng"
ERROR - 2020-04-11 10:24:48 --> Could not find the language line "Xác Nhận"
ERROR - 2020-04-11 10:24:48 --> Could not find the language line "Đóng"
ERROR - 2020-04-11 10:24:48 --> Could not find the language line "Xác Nhận"
ERROR - 2020-04-11 10:28:34 --> Could not find the language line "Tạo Điểm Lấy Hàng"
ERROR - 2020-04-11 10:28:34 --> Could not find the language line "Tạo Đơn Hàng"
ERROR - 2020-04-11 10:28:34 --> Could not find the language line "Đóng"
ERROR - 2020-04-11 10:28:34 --> Could not find the language line "Xác Nhận"
ERROR - 2020-04-11 10:28:34 --> Severity: Warning --> Invalid argument supplied for foreach() /home/admin/domains/spshd.com/public_html/khachhang/application/views/app.php 161
ERROR - 2020-04-11 10:28:34 --> Severity: Warning --> Invalid argument supplied for foreach() /home/admin/domains/spshd.com/public_html/khachhang/application/views/app.php 172
ERROR - 2020-04-11 10:28:34 --> Could not find the language line "Đóng"
ERROR - 2020-04-11 10:28:34 --> Could not find the language line "Xác Nhận"
ERROR - 2020-04-11 10:28:34 --> Could not find the language line "Đóng"
ERROR - 2020-04-11 10:28:34 --> Could not find the language line "Xác Nhận"
ERROR - 2020-04-11 10:44:40 --> Could not find the language line "Tạo Điểm Lấy Hàng"
ERROR - 2020-04-11 10:44:40 --> Could not find the language line "Tạo Đơn Hàng"
ERROR - 2020-04-11 10:44:40 --> Could not find the language line "Đóng"
ERROR - 2020-04-11 10:44:40 --> Could not find the language line "Xác Nhận"
ERROR - 2020-04-11 10:44:40 --> Severity: Warning --> Invalid argument supplied for foreach() /home/admin/domains/spshd.com/public_html/khachhang/application/views/app.php 161
ERROR - 2020-04-11 10:44:40 --> Severity: Warning --> Invalid argument supplied for foreach() /home/admin/domains/spshd.com/public_html/khachhang/application/views/app.php 172
ERROR - 2020-04-11 10:44:40 --> Could not find the language line "Đóng"
ERROR - 2020-04-11 10:44:40 --> Could not find the language line "Xác Nhận"
ERROR - 2020-04-11 10:44:40 --> Could not find the language line "Đóng"
ERROR - 2020-04-11 10:44:40 --> Could not find the language line "Xác Nhận"
ERROR - 2020-04-11 10:45:24 --> Could not find the language line "Tạo Điểm Lấy Hàng"
ERROR - 2020-04-11 10:45:24 --> Could not find the language line "Tạo Đơn Hàng"
ERROR - 2020-04-11 10:45:24 --> Could not find the language line "Đóng"
ERROR - 2020-04-11 10:45:24 --> Could not find the language line "Xác Nhận"
ERROR - 2020-04-11 10:45:24 --> Severity: Warning --> Invalid argument supplied for foreach() /home/admin/domains/spshd.com/public_html/khachhang/application/views/app.php 161
ERROR - 2020-04-11 10:45:24 --> Severity: Warning --> Invalid argument supplied for foreach() /home/admin/domains/spshd.com/public_html/khachhang/application/views/app.php 172
ERROR - 2020-04-11 10:45:24 --> Could not find the language line "Đóng"
ERROR - 2020-04-11 10:45:24 --> Could not find the language line "Xác Nhận"
ERROR - 2020-04-11 10:45:24 --> Could not find the language line "Đóng"
ERROR - 2020-04-11 10:45:24 --> Could not find the language line "Xác Nhận"
ERROR - 2020-04-11 10:45:24 --> Could not find the language line "Tạo Điểm Lấy Hàng"
ERROR - 2020-04-11 10:45:24 --> Could not find the language line "Tạo Đơn Hàng"
ERROR - 2020-04-11 10:45:24 --> Could not find the language line "Đóng"
ERROR - 2020-04-11 10:45:24 --> Could not find the language line "Xác Nhận"
ERROR - 2020-04-11 10:45:24 --> Severity: Warning --> Invalid argument supplied for foreach() /home/admin/domains/spshd.com/public_html/khachhang/application/views/app.php 161
ERROR - 2020-04-11 10:45:24 --> Severity: Warning --> Invalid argument supplied for foreach() /home/admin/domains/spshd.com/public_html/khachhang/application/views/app.php 172
ERROR - 2020-04-11 10:45:24 --> Could not find the language line "Đóng"
ERROR - 2020-04-11 10:45:24 --> Could not find the language line "Xác Nhận"
ERROR - 2020-04-11 10:45:24 --> Could not find the language line "Đóng"
ERROR - 2020-04-11 10:45:24 --> Could not find the language line "Xác Nhận"
ERROR - 2020-04-11 05:01:22 --> Could not find the language line "Email"
ERROR - 2020-04-11 05:01:22 --> Could not find the language line "password"
ERROR - 2020-04-11 05:01:48 --> Could not find the language line "Email"
ERROR - 2020-04-11 05:01:48 --> Could not find the language line "password"
ERROR - 2020-04-11 05:02:50 --> Could not find the language line "Email"
ERROR - 2020-04-11 05:02:50 --> Could not find the language line "password"
ERROR - 2020-04-11 11:03:08 --> Could not find the language line "Tạo Điểm Lấy Hàng"
ERROR - 2020-04-11 11:03:08 --> Could not find the language line "Tạo Đơn Hàng"
ERROR - 2020-04-11 11:03:08 --> Could not find the language line "Đóng"
ERROR - 2020-04-11 11:03:08 --> Could not find the language line "Xác Nhận"
ERROR - 2020-04-11 11:03:08 --> Severity: Warning --> Invalid argument supplied for foreach() /home/admin/domains/spshd.com/public_html/khachhang/application/views/app.php 161
ERROR - 2020-04-11 11:03:08 --> Severity: Warning --> Invalid argument supplied for foreach() /home/admin/domains/spshd.com/public_html/khachhang/application/views/app.php 172
ERROR - 2020-04-11 11:03:08 --> Could not find the language line "Đóng"
ERROR - 2020-04-11 11:03:08 --> Could not find the language line "Xác Nhận"
ERROR - 2020-04-11 11:03:08 --> Could not find the language line "Đóng"
ERROR - 2020-04-11 11:03:08 --> Could not find the language line "Xác Nhận"
ERROR - 2020-04-11 05:07:03 --> Could not find the language line "Email"
ERROR - 2020-04-11 05:07:03 --> Could not find the language line "password"
ERROR - 2020-04-11 11:08:07 --> Could not find the language line "Tạo Điểm Lấy Hàng"
ERROR - 2020-04-11 11:08:07 --> Could not find the language line "Tạo Đơn Hàng"
ERROR - 2020-04-11 11:08:07 --> Could not find the language line "Đóng"
ERROR - 2020-04-11 11:08:07 --> Could not find the language line "Xác Nhận"
ERROR - 2020-04-11 11:08:07 --> Severity: Warning --> Invalid argument supplied for foreach() /home/admin/domains/spshd.com/public_html/khachhang/application/views/app.php 161
ERROR - 2020-04-11 11:08:07 --> Severity: Warning --> Invalid argument supplied for foreach() /home/admin/domains/spshd.com/public_html/khachhang/application/views/app.php 172
ERROR - 2020-04-11 11:08:07 --> Could not find the language line "Đóng"
ERROR - 2020-04-11 11:08:07 --> Could not find the language line "Xác Nhận"
ERROR - 2020-04-11 11:08:07 --> Could not find the language line "Đóng"
ERROR - 2020-04-11 11:08:07 --> Could not find the language line "Xác Nhận"
ERROR - 2020-04-11 11:13:45 --> Could not find the language line "Tạo Điểm Lấy Hàng"
ERROR - 2020-04-11 11:13:45 --> Could not find the language line "Tạo Đơn Hàng"
ERROR - 2020-04-11 11:13:45 --> Could not find the language line "Đóng"
ERROR - 2020-04-11 11:13:45 --> Could not find the language line "Xác Nhận"
ERROR - 2020-04-11 11:13:45 --> Severity: Warning --> Invalid argument supplied for foreach() /home/admin/domains/spshd.com/public_html/khachhang/application/views/app.php 161
ERROR - 2020-04-11 11:13:45 --> Severity: Warning --> Invalid argument supplied for foreach() /home/admin/domains/spshd.com/public_html/khachhang/application/views/app.php 172
ERROR - 2020-04-11 11:13:45 --> Could not find the language line "Đóng"
ERROR - 2020-04-11 11:13:45 --> Could not find the language line "Xác Nhận"
ERROR - 2020-04-11 11:13:45 --> Could not find the language line "Đóng"
ERROR - 2020-04-11 11:13:45 --> Could not find the language line "Xác Nhận"
ERROR - 2020-04-11 11:16:14 --> Could not find the language line "Tạo Điểm Lấy Hàng"
ERROR - 2020-04-11 11:16:14 --> Could not find the language line "Tạo Đơn Hàng"
ERROR - 2020-04-11 11:16:14 --> Could not find the language line "Đóng"
ERROR - 2020-04-11 11:16:14 --> Could not find the language line "Xác Nhận"
ERROR - 2020-04-11 11:16:14 --> Severity: Warning --> Invalid argument supplied for foreach() /home/admin/domains/spshd.com/public_html/khachhang/application/views/app.php 161
ERROR - 2020-04-11 11:16:14 --> Severity: Warning --> Invalid argument supplied for foreach() /home/admin/domains/spshd.com/public_html/khachhang/application/views/app.php 172
ERROR - 2020-04-11 11:16:14 --> Could not find the language line "Đóng"
ERROR - 2020-04-11 11:16:14 --> Could not find the language line "Xác Nhận"
ERROR - 2020-04-11 11:16:14 --> Could not find the language line "Đóng"
ERROR - 2020-04-11 11:16:14 --> Could not find the language line "Xác Nhận"
ERROR - 2020-04-11 11:17:09 --> Could not find the language line "Tạo Điểm Lấy Hàng"
ERROR - 2020-04-11 11:17:09 --> Could not find the language line "Tạo Đơn Hàng"
ERROR - 2020-04-11 11:17:09 --> Could not find the language line "Đóng"
ERROR - 2020-04-11 11:17:09 --> Could not find the language line "Xác Nhận"
ERROR - 2020-04-11 11:17:09 --> Severity: Warning --> Invalid argument supplied for foreach() /home/admin/domains/spshd.com/public_html/khachhang/application/views/app.php 161
ERROR - 2020-04-11 11:17:09 --> Severity: Warning --> Invalid argument supplied for foreach() /home/admin/domains/spshd.com/public_html/khachhang/application/views/app.php 172
ERROR - 2020-04-11 11:17:09 --> Could not find the language line "Đóng"
ERROR - 2020-04-11 11:17:09 --> Could not find the language line "Xác Nhận"
ERROR - 2020-04-11 11:17:09 --> Could not find the language line "Đóng"
ERROR - 2020-04-11 11:17:09 --> Could not find the language line "Xác Nhận"
ERROR - 2020-04-11 11:21:37 --> Could not find the language line "Tạo Điểm Lấy Hàng"
ERROR - 2020-04-11 11:21:37 --> Could not find the language line "Tạo Đơn Hàng"
ERROR - 2020-04-11 11:21:37 --> Could not find the language line "Đóng"
ERROR - 2020-04-11 11:21:37 --> Could not find the language line "Xác Nhận"
ERROR - 2020-04-11 11:21:37 --> Severity: Warning --> Invalid argument supplied for foreach() /home/admin/domains/spshd.com/public_html/khachhang/application/views/app.php 161
ERROR - 2020-04-11 11:21:37 --> Severity: Warning --> Invalid argument supplied for foreach() /home/admin/domains/spshd.com/public_html/khachhang/application/views/app.php 172
ERROR - 2020-04-11 11:21:37 --> Could not find the language line "Đóng"
ERROR - 2020-04-11 11:21:37 --> Could not find the language line "Xác Nhận"
ERROR - 2020-04-11 11:21:37 --> Could not find the language line "Đóng"
ERROR - 2020-04-11 11:21:37 --> Could not find the language line "Xác Nhận"
ERROR - 2020-04-11 11:26:29 --> Could not find the language line "Tạo Điểm Lấy Hàng"
ERROR - 2020-04-11 11:26:29 --> Could not find the language line "Tạo Đơn Hàng"
ERROR - 2020-04-11 11:26:29 --> Could not find the language line "Đóng"
ERROR - 2020-04-11 11:26:29 --> Could not find the language line "Xác Nhận"
ERROR - 2020-04-11 11:26:29 --> Severity: Warning --> Invalid argument supplied for foreach() /home/admin/domains/spshd.com/public_html/khachhang/application/views/app.php 161
ERROR - 2020-04-11 11:26:29 --> Severity: Warning --> Invalid argument supplied for foreach() /home/admin/domains/spshd.com/public_html/khachhang/application/views/app.php 172
ERROR - 2020-04-11 11:26:29 --> Could not find the language line "Đóng"
ERROR - 2020-04-11 11:26:29 --> Could not find the language line "Xác Nhận"
ERROR - 2020-04-11 11:26:29 --> Could not find the language line "Đóng"
ERROR - 2020-04-11 11:26:29 --> Could not find the language line "Xác Nhận"
ERROR - 2020-04-11 11:39:57 --> Could not find the language line "Tạo Điểm Lấy Hàng"
ERROR - 2020-04-11 11:39:57 --> Could not find the language line "Tạo Đơn Hàng"
ERROR - 2020-04-11 11:39:57 --> Could not find the language line "Đóng"
ERROR - 2020-04-11 11:39:57 --> Could not find the language line "Xác Nhận"
ERROR - 2020-04-11 11:39:57 --> Severity: Warning --> Invalid argument supplied for foreach() /home/admin/domains/spshd.com/public_html/khachhang/application/views/app.php 161
ERROR - 2020-04-11 11:39:57 --> Severity: Warning --> Invalid argument supplied for foreach() /home/admin/domains/spshd.com/public_html/khachhang/application/views/app.php 172
ERROR - 2020-04-11 11:39:57 --> Could not find the language line "Đóng"
ERROR - 2020-04-11 11:39:57 --> Could not find the language line "Xác Nhận"
ERROR - 2020-04-11 11:39:57 --> Could not find the language line "Đóng"
ERROR - 2020-04-11 11:39:57 --> Could not find the language line "Xác Nhận"
ERROR - 2020-04-11 11:54:38 --> Could not find the language line "Tạo Điểm Lấy Hàng"
ERROR - 2020-04-11 11:54:38 --> Could not find the language line "Tạo Đơn Hàng"
ERROR - 2020-04-11 11:54:38 --> Could not find the language line "Đóng"
ERROR - 2020-04-11 11:54:38 --> Could not find the language line "Xác Nhận"
ERROR - 2020-04-11 11:54:38 --> Severity: Warning --> Invalid argument supplied for foreach() /home/admin/domains/spshd.com/public_html/khachhang/application/views/app.php 161
ERROR - 2020-04-11 11:54:38 --> Severity: Warning --> Invalid argument supplied for foreach() /home/admin/domains/spshd.com/public_html/khachhang/application/views/app.php 172
ERROR - 2020-04-11 11:54:38 --> Could not find the language line "Đóng"
ERROR - 2020-04-11 11:54:38 --> Could not find the language line "Xác Nhận"
ERROR - 2020-04-11 11:54:38 --> Could not find the language line "Đóng"
ERROR - 2020-04-11 11:54:38 --> Could not find the language line "Xác Nhận"
ERROR - 2020-04-11 12:15:34 --> Could not find the language line "Tạo Điểm Lấy Hàng"
ERROR - 2020-04-11 12:15:34 --> Could not find the language line "Tạo Đơn Hàng"
ERROR - 2020-04-11 12:15:34 --> Could not find the language line "Đóng"
ERROR - 2020-04-11 12:15:34 --> Could not find the language line "Xác Nhận"
ERROR - 2020-04-11 12:15:34 --> Severity: Warning --> Invalid argument supplied for foreach() /home/admin/domains/spshd.com/public_html/khachhang/application/views/app.php 161
ERROR - 2020-04-11 12:15:34 --> Severity: Warning --> Invalid argument supplied for foreach() /home/admin/domains/spshd.com/public_html/khachhang/application/views/app.php 172
ERROR - 2020-04-11 12:15:34 --> Could not find the language line "Đóng"
ERROR - 2020-04-11 12:15:34 --> Could not find the language line "Xác Nhận"
ERROR - 2020-04-11 12:15:34 --> Could not find the language line "Đóng"
ERROR - 2020-04-11 12:15:34 --> Could not find the language line "Xác Nhận"
ERROR - 2020-04-11 12:23:38 --> Could not find the language line "Tạo Điểm Lấy Hàng"
ERROR - 2020-04-11 12:23:38 --> Could not find the language line "Tạo Đơn Hàng"
ERROR - 2020-04-11 12:23:38 --> Could not find the language line "Đóng"
ERROR - 2020-04-11 12:23:38 --> Could not find the language line "Xác Nhận"
ERROR - 2020-04-11 12:23:38 --> Severity: Warning --> Invalid argument supplied for foreach() /home/admin/domains/spshd.com/public_html/khachhang/application/views/app.php 161
ERROR - 2020-04-11 12:23:38 --> Severity: Warning --> Invalid argument supplied for foreach() /home/admin/domains/spshd.com/public_html/khachhang/application/views/app.php 172
ERROR - 2020-04-11 12:23:38 --> Could not find the language line "Đóng"
ERROR - 2020-04-11 12:23:38 --> Could not find the language line "Xác Nhận"
ERROR - 2020-04-11 12:23:38 --> Could not find the language line "Đóng"
ERROR - 2020-04-11 12:23:38 --> Could not find the language line "Xác Nhận"
ERROR - 2020-04-11 12:23:38 --> Could not find the language line "Tạo Điểm Lấy Hàng"
ERROR - 2020-04-11 12:23:38 --> Could not find the language line "Tạo Đơn Hàng"
ERROR - 2020-04-11 12:23:38 --> Could not find the language line "Đóng"
ERROR - 2020-04-11 12:23:38 --> Could not find the language line "Xác Nhận"
ERROR - 2020-04-11 12:23:38 --> Severity: Warning --> Invalid argument supplied for foreach() /home/admin/domains/spshd.com/public_html/khachhang/application/views/app.php 161
ERROR - 2020-04-11 12:23:38 --> Severity: Warning --> Invalid argument supplied for foreach() /home/admin/domains/spshd.com/public_html/khachhang/application/views/app.php 172
ERROR - 2020-04-11 12:23:38 --> Could not find the language line "Đóng"
ERROR - 2020-04-11 12:23:38 --> Could not find the language line "Xác Nhận"
ERROR - 2020-04-11 12:23:38 --> Could not find the language line "Đóng"
ERROR - 2020-04-11 12:23:38 --> Could not find the language line "Xác Nhận"
ERROR - 2020-04-11 13:02:13 --> Could not find the language line "Tạo Điểm Lấy Hàng"
ERROR - 2020-04-11 13:02:13 --> Could not find the language line "Tạo Đơn Hàng"
ERROR - 2020-04-11 13:02:13 --> Could not find the language line "Đóng"
ERROR - 2020-04-11 13:02:13 --> Could not find the language line "Xác Nhận"
ERROR - 2020-04-11 13:02:13 --> Severity: Warning --> Invalid argument supplied for foreach() /home/admin/domains/spshd.com/public_html/khachhang/application/views/app.php 161
ERROR - 2020-04-11 13:02:13 --> Severity: Warning --> Invalid argument supplied for foreach() /home/admin/domains/spshd.com/public_html/khachhang/application/views/app.php 172
ERROR - 2020-04-11 13:02:13 --> Could not find the language line "Đóng"
ERROR - 2020-04-11 13:02:13 --> Could not find the language line "Xác Nhận"
ERROR - 2020-04-11 13:02:13 --> Could not find the language line "Đóng"
ERROR - 2020-04-11 13:02:13 --> Could not find the language line "Xác Nhận"
ERROR - 2020-04-11 13:05:48 --> Could not find the language line "Tạo Điểm Lấy Hàng"
ERROR - 2020-04-11 13:05:48 --> Could not find the language line "Tạo Đơn Hàng"
ERROR - 2020-04-11 13:05:48 --> Could not find the language line "Đóng"
ERROR - 2020-04-11 13:05:48 --> Could not find the language line "Xác Nhận"
ERROR - 2020-04-11 13:05:48 --> Severity: Warning --> Invalid argument supplied for foreach() /home/admin/domains/spshd.com/public_html/khachhang/application/views/app.php 161
ERROR - 2020-04-11 13:05:48 --> Severity: Warning --> Invalid argument supplied for foreach() /home/admin/domains/spshd.com/public_html/khachhang/application/views/app.php 172
ERROR - 2020-04-11 13:05:48 --> Could not find the language line "Đóng"
ERROR - 2020-04-11 13:05:48 --> Could not find the language line "Xác Nhận"
ERROR - 2020-04-11 13:05:48 --> Could not find the language line "Đóng"
ERROR - 2020-04-11 13:05:48 --> Could not find the language line "Xác Nhận"
ERROR - 2020-04-11 13:06:19 --> Could not find the language line "Tạo Điểm Lấy Hàng"
ERROR - 2020-04-11 13:06:19 --> Could not find the language line "Tạo Đơn Hàng"
ERROR - 2020-04-11 13:06:19 --> Could not find the language line "Đóng"
ERROR - 2020-04-11 13:06:19 --> Could not find the language line "Xác Nhận"
ERROR - 2020-04-11 13:06:19 --> Severity: Warning --> Invalid argument supplied for foreach() /home/admin/domains/spshd.com/public_html/khachhang/application/views/app.php 161
ERROR - 2020-04-11 13:06:19 --> Severity: Warning --> Invalid argument supplied for foreach() /home/admin/domains/spshd.com/public_html/khachhang/application/views/app.php 172
ERROR - 2020-04-11 13:06:19 --> Could not find the language line "Đóng"
ERROR - 2020-04-11 13:06:19 --> Could not find the language line "Xác Nhận"
ERROR - 2020-04-11 13:06:19 --> Could not find the language line "Đóng"
ERROR - 2020-04-11 13:06:19 --> Could not find the language line "Xác Nhận"
ERROR - 2020-04-11 13:40:01 --> Could not find the language line "Tạo Điểm Lấy Hàng"
ERROR - 2020-04-11 13:40:01 --> Could not find the language line "Tạo Đơn Hàng"
ERROR - 2020-04-11 13:40:01 --> Could not find the language line "Đóng"
ERROR - 2020-04-11 13:40:01 --> Could not find the language line "Xác Nhận"
ERROR - 2020-04-11 13:40:01 --> Severity: Warning --> Invalid argument supplied for foreach() /home/admin/domains/spshd.com/public_html/khachhang/application/views/app.php 161
ERROR - 2020-04-11 13:40:01 --> Severity: Warning --> Invalid argument supplied for foreach() /home/admin/domains/spshd.com/public_html/khachhang/application/views/app.php 172
ERROR - 2020-04-11 13:40:01 --> Could not find the language line "Đóng"
ERROR - 2020-04-11 13:40:01 --> Could not find the language line "Xác Nhận"
ERROR - 2020-04-11 13:40:01 --> Could not find the language line "Đóng"
ERROR - 2020-04-11 13:40:01 --> Could not find the language line "Xác Nhận"
ERROR - 2020-04-11 14:21:09 --> Could not find the language line "Tạo Điểm Lấy Hàng"
ERROR - 2020-04-11 14:21:09 --> Could not find the language line "Tạo Đơn Hàng"
ERROR - 2020-04-11 14:21:09 --> Could not find the language line "Đóng"
ERROR - 2020-04-11 14:21:09 --> Could not find the language line "Xác Nhận"
ERROR - 2020-04-11 14:21:09 --> Severity: Warning --> Invalid argument supplied for foreach() /home/admin/domains/spshd.com/public_html/khachhang/application/views/app.php 161
ERROR - 2020-04-11 14:21:09 --> Severity: Warning --> Invalid argument supplied for foreach() /home/admin/domains/spshd.com/public_html/khachhang/application/views/app.php 172
ERROR - 2020-04-11 14:21:09 --> Could not find the language line "Đóng"
ERROR - 2020-04-11 14:21:09 --> Could not find the language line "Xác Nhận"
ERROR - 2020-04-11 14:21:09 --> Could not find the language line "Đóng"
ERROR - 2020-04-11 14:21:09 --> Could not find the language line "Xác Nhận"
ERROR - 2020-04-11 14:27:49 --> Could not find the language line "Tạo Điểm Lấy Hàng"
ERROR - 2020-04-11 14:27:49 --> Could not find the language line "Tạo Đơn Hàng"
ERROR - 2020-04-11 14:27:49 --> Could not find the language line "Đóng"
ERROR - 2020-04-11 14:27:49 --> Could not find the language line "Xác Nhận"
ERROR - 2020-04-11 14:27:49 --> Severity: Warning --> Invalid argument supplied for foreach() /home/admin/domains/spshd.com/public_html/khachhang/application/views/app.php 161
ERROR - 2020-04-11 14:27:49 --> Severity: Warning --> Invalid argument supplied for foreach() /home/admin/domains/spshd.com/public_html/khachhang/application/views/app.php 172
ERROR - 2020-04-11 14:27:49 --> Could not find the language line "Đóng"
ERROR - 2020-04-11 14:27:49 --> Could not find the language line "Xác Nhận"
ERROR - 2020-04-11 14:27:49 --> Could not find the language line "Đóng"
ERROR - 2020-04-11 14:27:49 --> Could not find the language line "Xác Nhận"
ERROR - 2020-04-11 15:01:02 --> Could not find the language line "Tạo Điểm Lấy Hàng"
ERROR - 2020-04-11 15:01:02 --> Could not find the language line "Tạo Đơn Hàng"
ERROR - 2020-04-11 15:01:02 --> Could not find the language line "Đóng"
ERROR - 2020-04-11 15:01:02 --> Could not find the language line "Xác Nhận"
ERROR - 2020-04-11 15:01:02 --> Severity: Warning --> Invalid argument supplied for foreach() /home/admin/domains/spshd.com/public_html/khachhang/application/views/app.php 161
ERROR - 2020-04-11 15:01:02 --> Severity: Warning --> Invalid argument supplied for foreach() /home/admin/domains/spshd.com/public_html/khachhang/application/views/app.php 172
ERROR - 2020-04-11 15:01:02 --> Could not find the language line "Đóng"
ERROR - 2020-04-11 15:01:02 --> Could not find the language line "Xác Nhận"
ERROR - 2020-04-11 15:01:02 --> Could not find the language line "Đóng"
ERROR - 2020-04-11 15:01:02 --> Could not find the language line "Xác Nhận"
ERROR - 2020-04-11 15:01:32 --> Could not find the language line "Tạo Điểm Lấy Hàng"
ERROR - 2020-04-11 15:01:32 --> Could not find the language line "Tạo Đơn Hàng"
ERROR - 2020-04-11 15:01:32 --> Could not find the language line "Đóng"
ERROR - 2020-04-11 15:01:32 --> Could not find the language line "Xác Nhận"
ERROR - 2020-04-11 15:01:32 --> Severity: Warning --> Invalid argument supplied for foreach() /home/admin/domains/spshd.com/public_html/khachhang/application/views/app.php 161
ERROR - 2020-04-11 15:01:32 --> Severity: Warning --> Invalid argument supplied for foreach() /home/admin/domains/spshd.com/public_html/khachhang/application/views/app.php 172
ERROR - 2020-04-11 15:01:32 --> Could not find the language line "Đóng"
ERROR - 2020-04-11 15:01:32 --> Could not find the language line "Xác Nhận"
ERROR - 2020-04-11 15:01:32 --> Could not find the language line "Đóng"
ERROR - 2020-04-11 15:01:32 --> Could not find the language line "Xác Nhận"
ERROR - 2020-04-11 15:01:32 --> Could not find the language line "Tạo Điểm Lấy Hàng"
ERROR - 2020-04-11 15:01:32 --> Could not find the language line "Tạo Đơn Hàng"
ERROR - 2020-04-11 15:01:32 --> Could not find the language line "Đóng"
ERROR - 2020-04-11 15:01:32 --> Could not find the language line "Xác Nhận"
ERROR - 2020-04-11 15:01:32 --> Severity: Warning --> Invalid argument supplied for foreach() /home/admin/domains/spshd.com/public_html/khachhang/application/views/app.php 161
ERROR - 2020-04-11 15:01:32 --> Severity: Warning --> Invalid argument supplied for foreach() /home/admin/domains/spshd.com/public_html/khachhang/application/views/app.php 172
ERROR - 2020-04-11 15:01:32 --> Could not find the language line "Đóng"
ERROR - 2020-04-11 15:01:32 --> Could not find the language line "Xác Nhận"
ERROR - 2020-04-11 15:01:32 --> Could not find the language line "Đóng"
ERROR - 2020-04-11 15:01:32 --> Could not find the language line "Xác Nhận"
ERROR - 2020-04-11 15:03:37 --> Could not find the language line "Tạo Điểm Lấy Hàng"
ERROR - 2020-04-11 15:03:37 --> Could not find the language line "Tạo Đơn Hàng"
ERROR - 2020-04-11 15:03:37 --> Could not find the language line "Đóng"
ERROR - 2020-04-11 15:03:37 --> Could not find the language line "Xác Nhận"
ERROR - 2020-04-11 15:03:37 --> Severity: Warning --> Invalid argument supplied for foreach() /home/admin/domains/spshd.com/public_html/khachhang/application/views/app.php 161
ERROR - 2020-04-11 15:03:37 --> Severity: Warning --> Invalid argument supplied for foreach() /home/admin/domains/spshd.com/public_html/khachhang/application/views/app.php 172
ERROR - 2020-04-11 15:03:37 --> Could not find the language line "Đóng"
ERROR - 2020-04-11 15:03:37 --> Could not find the language line "Xác Nhận"
ERROR - 2020-04-11 15:03:37 --> Could not find the language line "Đóng"
ERROR - 2020-04-11 15:03:37 --> Could not find the language line "Xác Nhận"
ERROR - 2020-04-11 15:24:52 --> Could not find the language line "Tạo Điểm Lấy Hàng"
ERROR - 2020-04-11 15:24:52 --> Could not find the language line "Tạo Đơn Hàng"
ERROR - 2020-04-11 15:24:52 --> Could not find the language line "Đóng"
ERROR - 2020-04-11 15:24:52 --> Could not find the language line "Xác Nhận"
ERROR - 2020-04-11 15:24:52 --> Severity: Warning --> Invalid argument supplied for foreach() /home/admin/domains/spshd.com/public_html/khachhang/application/views/app.php 161
ERROR - 2020-04-11 15:24:52 --> Severity: Warning --> Invalid argument supplied for foreach() /home/admin/domains/spshd.com/public_html/khachhang/application/views/app.php 172
ERROR - 2020-04-11 15:24:52 --> Could not find the language line "Đóng"
ERROR - 2020-04-11 15:24:52 --> Could not find the language line "Xác Nhận"
ERROR - 2020-04-11 15:24:52 --> Could not find the language line "Đóng"
ERROR - 2020-04-11 15:24:52 --> Could not find the language line "Xác Nhận"
ERROR - 2020-04-11 15:48:54 --> Could not find the language line "Tạo Điểm Lấy Hàng"
ERROR - 2020-04-11 15:48:54 --> Could not find the language line "Tạo Đơn Hàng"
ERROR - 2020-04-11 15:48:54 --> Could not find the language line "Đóng"
ERROR - 2020-04-11 15:48:54 --> Could not find the language line "Xác Nhận"
ERROR - 2020-04-11 15:48:54 --> Severity: Warning --> Invalid argument supplied for foreach() /home/admin/domains/spshd.com/public_html/khachhang/application/views/app.php 161
ERROR - 2020-04-11 15:48:54 --> Severity: Warning --> Invalid argument supplied for foreach() /home/admin/domains/spshd.com/public_html/khachhang/application/views/app.php 172
ERROR - 2020-04-11 15:48:54 --> Could not find the language line "Đóng"
ERROR - 2020-04-11 15:48:54 --> Could not find the language line "Xác Nhận"
ERROR - 2020-04-11 15:48:54 --> Could not find the language line "Đóng"
ERROR - 2020-04-11 15:48:54 --> Could not find the language line "Xác Nhận"
ERROR - 2020-04-11 15:48:54 --> Could not find the language line "Tạo Điểm Lấy Hàng"
ERROR - 2020-04-11 15:48:54 --> Could not find the language line "Tạo Đơn Hàng"
ERROR - 2020-04-11 15:48:54 --> Could not find the language line "Đóng"
ERROR - 2020-04-11 15:48:54 --> Could not find the language line "Xác Nhận"
ERROR - 2020-04-11 15:48:54 --> Severity: Warning --> Invalid argument supplied for foreach() /home/admin/domains/spshd.com/public_html/khachhang/application/views/app.php 161
ERROR - 2020-04-11 15:48:54 --> Severity: Warning --> Invalid argument supplied for foreach() /home/admin/domains/spshd.com/public_html/khachhang/application/views/app.php 172
ERROR - 2020-04-11 15:48:54 --> Could not find the language line "Đóng"
ERROR - 2020-04-11 15:48:54 --> Could not find the language line "Xác Nhận"
ERROR - 2020-04-11 15:48:54 --> Could not find the language line "Đóng"
ERROR - 2020-04-11 15:48:54 --> Could not find the language line "Xác Nhận"
ERROR - 2020-04-11 16:07:56 --> Could not find the language line "Tạo Điểm Lấy Hàng"
ERROR - 2020-04-11 16:07:56 --> Could not find the language line "Tạo Đơn Hàng"
ERROR - 2020-04-11 16:07:56 --> Could not find the language line "Đóng"
ERROR - 2020-04-11 16:07:56 --> Could not find the language line "Xác Nhận"
ERROR - 2020-04-11 16:07:56 --> Severity: Warning --> Invalid argument supplied for foreach() /home/admin/domains/spshd.com/public_html/khachhang/application/views/app.php 161
ERROR - 2020-04-11 16:07:56 --> Severity: Warning --> Invalid argument supplied for foreach() /home/admin/domains/spshd.com/public_html/khachhang/application/views/app.php 172
ERROR - 2020-04-11 16:07:56 --> Could not find the language line "Đóng"
ERROR - 2020-04-11 16:07:56 --> Could not find the language line "Xác Nhận"
ERROR - 2020-04-11 16:07:56 --> Could not find the language line "Đóng"
ERROR - 2020-04-11 16:07:56 --> Could not find the language line "Xác Nhận"
ERROR - 2020-04-11 16:07:57 --> Could not find the language line "Tạo Điểm Lấy Hàng"
ERROR - 2020-04-11 16:07:57 --> Could not find the language line "Tạo Đơn Hàng"
ERROR - 2020-04-11 16:07:57 --> Could not find the language line "Đóng"
ERROR - 2020-04-11 16:07:57 --> Could not find the language line "Xác Nhận"
ERROR - 2020-04-11 16:07:57 --> Severity: Warning --> Invalid argument supplied for foreach() /home/admin/domains/spshd.com/public_html/khachhang/application/views/app.php 161
ERROR - 2020-04-11 16:07:57 --> Severity: Warning --> Invalid argument supplied for foreach() /home/admin/domains/spshd.com/public_html/khachhang/application/views/app.php 172
ERROR - 2020-04-11 16:07:57 --> Could not find the language line "Đóng"
ERROR - 2020-04-11 16:07:57 --> Could not find the language line "Xác Nhận"
ERROR - 2020-04-11 16:07:57 --> Could not find the language line "Đóng"
ERROR - 2020-04-11 16:07:57 --> Could not find the language line "Xác Nhận"
ERROR - 2020-04-11 16:08:05 --> Could not find the language line "Tạo Điểm Lấy Hàng"
ERROR - 2020-04-11 16:08:05 --> Could not find the language line "Tạo Đơn Hàng"
ERROR - 2020-04-11 16:08:05 --> Could not find the language line "Đóng"
ERROR - 2020-04-11 16:08:05 --> Could not find the language line "Xác Nhận"
ERROR - 2020-04-11 16:08:05 --> Severity: Warning --> Invalid argument supplied for foreach() /home/admin/domains/spshd.com/public_html/khachhang/application/views/app.php 161
ERROR - 2020-04-11 16:08:05 --> Severity: Warning --> Invalid argument supplied for foreach() /home/admin/domains/spshd.com/public_html/khachhang/application/views/app.php 172
ERROR - 2020-04-11 16:08:05 --> Could not find the language line "Đóng"
ERROR - 2020-04-11 16:08:05 --> Could not find the language line "Xác Nhận"
ERROR - 2020-04-11 16:08:05 --> Could not find the language line "Đóng"
ERROR - 2020-04-11 16:08:05 --> Could not find the language line "Xác Nhận"
ERROR - 2020-04-11 16:37:16 --> Could not find the language line "Tạo Điểm Lấy Hàng"
ERROR - 2020-04-11 16:37:16 --> Could not find the language line "Tạo Đơn Hàng"
ERROR - 2020-04-11 16:37:16 --> Could not find the language line "Đóng"
ERROR - 2020-04-11 16:37:16 --> Could not find the language line "Xác Nhận"
ERROR - 2020-04-11 16:37:16 --> Severity: Warning --> Invalid argument supplied for foreach() /home/admin/domains/spshd.com/public_html/khachhang/application/views/app.php 161
ERROR - 2020-04-11 16:37:16 --> Severity: Warning --> Invalid argument supplied for foreach() /home/admin/domains/spshd.com/public_html/khachhang/application/views/app.php 172
ERROR - 2020-04-11 16:37:16 --> Could not find the language line "Đóng"
ERROR - 2020-04-11 16:37:16 --> Could not find the language line "Xác Nhận"
ERROR - 2020-04-11 16:37:16 --> Could not find the language line "Đóng"
ERROR - 2020-04-11 16:37:16 --> Could not find the language line "Xác Nhận"
ERROR - 2020-04-11 10:53:06 --> Could not find the language line "Email"
ERROR - 2020-04-11 10:53:06 --> Could not find the language line "password"
ERROR - 2020-04-11 10:54:54 --> Could not find the language line "Email"
ERROR - 2020-04-11 10:54:54 --> Could not find the language line "password"
ERROR - 2020-04-11 10:55:53 --> Could not find the language line "Email"
ERROR - 2020-04-11 10:55:53 --> Could not find the language line "password"
ERROR - 2020-04-11 16:56:36 --> Could not find the language line "Tạo Điểm Lấy Hàng"
ERROR - 2020-04-11 16:56:36 --> Could not find the language line "Tạo Đơn Hàng"
ERROR - 2020-04-11 16:56:36 --> Could not find the language line "Đóng"
ERROR - 2020-04-11 16:56:36 --> Could not find the language line "Xác Nhận"
ERROR - 2020-04-11 16:56:36 --> Severity: Warning --> Invalid argument supplied for foreach() /home/admin/domains/spshd.com/public_html/khachhang/application/views/app.php 161
ERROR - 2020-04-11 16:56:36 --> Severity: Warning --> Invalid argument supplied for foreach() /home/admin/domains/spshd.com/public_html/khachhang/application/views/app.php 172
ERROR - 2020-04-11 16:56:36 --> Could not find the language line "Đóng"
ERROR - 2020-04-11 16:56:36 --> Could not find the language line "Xác Nhận"
ERROR - 2020-04-11 16:56:36 --> Could not find the language line "Đóng"
ERROR - 2020-04-11 16:56:36 --> Could not find the language line "Xác Nhận"
ERROR - 2020-04-11 17:09:33 --> Could not find the language line "Tạo Điểm Lấy Hàng"
ERROR - 2020-04-11 17:09:33 --> Could not find the language line "Tạo Đơn Hàng"
ERROR - 2020-04-11 17:09:33 --> Could not find the language line "Đóng"
ERROR - 2020-04-11 17:09:33 --> Could not find the language line "Xác Nhận"
ERROR - 2020-04-11 17:09:33 --> Severity: Warning --> Invalid argument supplied for foreach() /home/admin/domains/spshd.com/public_html/khachhang/application/views/app.php 161
ERROR - 2020-04-11 17:09:33 --> Severity: Warning --> Invalid argument supplied for foreach() /home/admin/domains/spshd.com/public_html/khachhang/application/views/app.php 172
ERROR - 2020-04-11 17:09:33 --> Could not find the language line "Đóng"
ERROR - 2020-04-11 17:09:33 --> Could not find the language line "Xác Nhận"
ERROR - 2020-04-11 17:09:33 --> Could not find the language line "Đóng"
ERROR - 2020-04-11 17:09:33 --> Could not find the language line "Xác Nhận"
ERROR - 2020-04-11 17:45:13 --> Could not find the language line "Tạo Điểm Lấy Hàng"
ERROR - 2020-04-11 17:45:13 --> Could not find the language line "Tạo Đơn Hàng"
ERROR - 2020-04-11 17:45:13 --> Could not find the language line "Đóng"
ERROR - 2020-04-11 17:45:13 --> Could not find the language line "Xác Nhận"
ERROR - 2020-04-11 17:45:13 --> Severity: Warning --> Invalid argument supplied for foreach() /home/admin/domains/spshd.com/public_html/khachhang/application/views/app.php 161
ERROR - 2020-04-11 17:45:13 --> Severity: Warning --> Invalid argument supplied for foreach() /home/admin/domains/spshd.com/public_html/khachhang/application/views/app.php 172
ERROR - 2020-04-11 17:45:13 --> Could not find the language line "Đóng"
ERROR - 2020-04-11 17:45:13 --> Could not find the language line "Xác Nhận"
ERROR - 2020-04-11 17:45:13 --> Could not find the language line "Đóng"
ERROR - 2020-04-11 17:45:13 --> Could not find the language line "Xác Nhận"
ERROR - 2020-04-11 18:28:44 --> Could not find the language line "Tạo Điểm Lấy Hàng"
ERROR - 2020-04-11 18:28:44 --> Could not find the language line "Tạo Đơn Hàng"
ERROR - 2020-04-11 18:28:44 --> Could not find the language line "Đóng"
ERROR - 2020-04-11 18:28:44 --> Could not find the language line "Xác Nhận"
ERROR - 2020-04-11 18:28:44 --> Severity: Warning --> Invalid argument supplied for foreach() /home/admin/domains/spshd.com/public_html/khachhang/application/views/app.php 161
ERROR - 2020-04-11 18:28:44 --> Severity: Warning --> Invalid argument supplied for foreach() /home/admin/domains/spshd.com/public_html/khachhang/application/views/app.php 172
ERROR - 2020-04-11 18:28:44 --> Could not find the language line "Đóng"
ERROR - 2020-04-11 18:28:44 --> Could not find the language line "Xác Nhận"
ERROR - 2020-04-11 18:28:44 --> Could not find the language line "Đóng"
ERROR - 2020-04-11 18:28:44 --> Could not find the language line "Xác Nhận"
ERROR - 2020-04-11 18:34:44 --> Could not find the language line "Tạo Điểm Lấy Hàng"
ERROR - 2020-04-11 18:34:44 --> Could not find the language line "Tạo Đơn Hàng"
ERROR - 2020-04-11 18:34:44 --> Could not find the language line "Đóng"
ERROR - 2020-04-11 18:34:44 --> Could not find the language line "Xác Nhận"
ERROR - 2020-04-11 18:34:44 --> Severity: Warning --> Invalid argument supplied for foreach() /home/admin/domains/spshd.com/public_html/khachhang/application/views/app.php 161
ERROR - 2020-04-11 18:34:44 --> Severity: Warning --> Invalid argument supplied for foreach() /home/admin/domains/spshd.com/public_html/khachhang/application/views/app.php 172
ERROR - 2020-04-11 18:34:44 --> Could not find the language line "Đóng"
ERROR - 2020-04-11 18:34:44 --> Could not find the language line "Xác Nhận"
ERROR - 2020-04-11 18:34:44 --> Could not find the language line "Đóng"
ERROR - 2020-04-11 18:34:44 --> Could not find the language line "Xác Nhận"
ERROR - 2020-04-11 18:37:34 --> Could not find the language line "Tạo Điểm Lấy Hàng"
ERROR - 2020-04-11 18:37:34 --> Could not find the language line "Tạo Đơn Hàng"
ERROR - 2020-04-11 18:37:34 --> Could not find the language line "Đóng"
ERROR - 2020-04-11 18:37:34 --> Could not find the language line "Xác Nhận"
ERROR - 2020-04-11 18:37:34 --> Severity: Warning --> Invalid argument supplied for foreach() /home/admin/domains/spshd.com/public_html/khachhang/application/views/app.php 161
ERROR - 2020-04-11 18:37:34 --> Severity: Warning --> Invalid argument supplied for foreach() /home/admin/domains/spshd.com/public_html/khachhang/application/views/app.php 172
ERROR - 2020-04-11 18:37:34 --> Could not find the language line "Đóng"
ERROR - 2020-04-11 18:37:34 --> Could not find the language line "Xác Nhận"
ERROR - 2020-04-11 18:37:34 --> Could not find the language line "Đóng"
ERROR - 2020-04-11 18:37:34 --> Could not find the language line "Xác Nhận"
ERROR - 2020-04-11 19:10:41 --> Could not find the language line "Tạo Điểm Lấy Hàng"
ERROR - 2020-04-11 19:10:41 --> Could not find the language line "Tạo Đơn Hàng"
ERROR - 2020-04-11 19:10:41 --> Could not find the language line "Đóng"
ERROR - 2020-04-11 19:10:41 --> Could not find the language line "Xác Nhận"
ERROR - 2020-04-11 19:10:41 --> Severity: Warning --> Invalid argument supplied for foreach() /home/admin/domains/spshd.com/public_html/khachhang/application/views/app.php 161
ERROR - 2020-04-11 19:10:41 --> Severity: Warning --> Invalid argument supplied for foreach() /home/admin/domains/spshd.com/public_html/khachhang/application/views/app.php 172
ERROR - 2020-04-11 19:10:41 --> Could not find the language line "Đóng"
ERROR - 2020-04-11 19:10:41 --> Could not find the language line "Xác Nhận"
ERROR - 2020-04-11 19:10:41 --> Could not find the language line "Đóng"
ERROR - 2020-04-11 19:10:41 --> Could not find the language line "Xác Nhận"
ERROR - 2020-04-11 19:17:01 --> Could not find the language line "Tạo Điểm Lấy Hàng"
ERROR - 2020-04-11 19:17:01 --> Could not find the language line "Tạo Đơn Hàng"
ERROR - 2020-04-11 19:17:01 --> Could not find the language line "Đóng"
ERROR - 2020-04-11 19:17:01 --> Could not find the language line "Xác Nhận"
ERROR - 2020-04-11 19:17:01 --> Severity: Warning --> Invalid argument supplied for foreach() /home/admin/domains/spshd.com/public_html/khachhang/application/views/app.php 161
ERROR - 2020-04-11 19:17:01 --> Severity: Warning --> Invalid argument supplied for foreach() /home/admin/domains/spshd.com/public_html/khachhang/application/views/app.php 172
ERROR - 2020-04-11 19:17:01 --> Could not find the language line "Đóng"
ERROR - 2020-04-11 19:17:01 --> Could not find the language line "Xác Nhận"
ERROR - 2020-04-11 19:17:01 --> Could not find the language line "Đóng"
ERROR - 2020-04-11 19:17:01 --> Could not find the language line "Xác Nhận"
ERROR - 2020-04-11 20:59:24 --> Could not find the language line "Tạo Điểm Lấy Hàng"
ERROR - 2020-04-11 20:59:24 --> Could not find the language line "Tạo Đơn Hàng"
ERROR - 2020-04-11 20:59:24 --> Could not find the language line "Đóng"
ERROR - 2020-04-11 20:59:24 --> Could not find the language line "Xác Nhận"
ERROR - 2020-04-11 20:59:24 --> Severity: Warning --> Invalid argument supplied for foreach() /home/admin/domains/spshd.com/public_html/khachhang/application/views/app.php 161
ERROR - 2020-04-11 20:59:24 --> Severity: Warning --> Invalid argument supplied for foreach() /home/admin/domains/spshd.com/public_html/khachhang/application/views/app.php 172
ERROR - 2020-04-11 20:59:24 --> Could not find the language line "Đóng"
ERROR - 2020-04-11 20:59:24 --> Could not find the language line "Xác Nhận"
ERROR - 2020-04-11 20:59:24 --> Could not find the language line "Đóng"
ERROR - 2020-04-11 20:59:24 --> Could not find the language line "Xác Nhận"
ERROR - 2020-04-11 16:22:09 --> Could not find the language line "Email"
ERROR - 2020-04-11 16:22:09 --> Could not find the language line "password"
ERROR - 2020-04-11 16:46:02 --> Could not find the language line "Email"
ERROR - 2020-04-11 16:46:02 --> Could not find the language line "password"
ERROR - 2020-04-11 22:46:16 --> Could not find the language line "Tạo Điểm Lấy Hàng"
ERROR - 2020-04-11 22:46:16 --> Could not find the language line "Tạo Đơn Hàng"
ERROR - 2020-04-11 22:46:16 --> Could not find the language line "Đóng"
ERROR - 2020-04-11 22:46:16 --> Could not find the language line "Xác Nhận"
ERROR - 2020-04-11 22:46:16 --> Severity: Warning --> Invalid argument supplied for foreach() /home/admin/domains/spshd.com/public_html/khachhang/application/views/app.php 161
ERROR - 2020-04-11 22:46:16 --> Severity: Warning --> Invalid argument supplied for foreach() /home/admin/domains/spshd.com/public_html/khachhang/application/views/app.php 172
ERROR - 2020-04-11 22:46:16 --> Could not find the language line "Đóng"
ERROR - 2020-04-11 22:46:16 --> Could not find the language line "Xác Nhận"
ERROR - 2020-04-11 22:46:16 --> Could not find the language line "Đóng"
ERROR - 2020-04-11 22:46:16 --> Could not find the language line "Xác Nhận"
