ERROR - 2020-03-01 00:56:25 --> Could not find the language line "Tạo Điểm Lấy Hàng"
ERROR - 2020-03-01 00:56:25 --> Could not find the language line "Tạo Đơn Hàng"
ERROR - 2020-03-01 00:56:25 --> Severity: Warning --> Invalid argument supplied for foreach() /home/admin/domains/spshd.com/public_html/khachhang/application/views/tab4.php 394
ERROR - 2020-03-01 00:56:25 --> Could not find the language line "Đóng"
ERROR - 2020-03-01 00:56:25 --> Could not find the language line "Xác Nhận"
ERROR - 2020-03-01 00:56:25 --> Severity: Warning --> Invalid argument supplied for foreach() /home/admin/domains/spshd.com/public_html/khachhang/application/views/app.php 157
ERROR - 2020-03-01 00:56:25 --> Severity: Warning --> Invalid argument supplied for foreach() /home/admin/domains/spshd.com/public_html/khachhang/application/views/app.php 168
ERROR - 2020-03-01 00:56:25 --> Could not find the language line "Đóng"
ERROR - 2020-03-01 00:56:25 --> Could not find the language line "Xác Nhận"
ERROR - 2020-03-01 00:56:25 --> Could not find the language line "Đóng"
ERROR - 2020-03-01 00:56:25 --> Could not find the language line "Xác Nhận"
ERROR - 2020-03-01 01:22:39 --> Could not find the language line "Tạo Điểm Lấy Hàng"
ERROR - 2020-03-01 01:22:39 --> Could not find the language line "Tạo Đơn Hàng"
ERROR - 2020-03-01 01:22:39 --> Severity: Warning --> Invalid argument supplied for foreach() /home/admin/domains/spshd.com/public_html/khachhang/application/views/tab4.php 394
ERROR - 2020-03-01 01:22:39 --> Could not find the language line "Đóng"
ERROR - 2020-03-01 01:22:39 --> Could not find the language line "Xác Nhận"
ERROR - 2020-03-01 01:22:39 --> Severity: Warning --> Invalid argument supplied for foreach() /home/admin/domains/spshd.com/public_html/khachhang/application/views/app.php 157
ERROR - 2020-03-01 01:22:39 --> Severity: Warning --> Invalid argument supplied for foreach() /home/admin/domains/spshd.com/public_html/khachhang/application/views/app.php 168
ERROR - 2020-03-01 01:22:39 --> Could not find the language line "Đóng"
ERROR - 2020-03-01 01:22:39 --> Could not find the language line "Xác Nhận"
ERROR - 2020-03-01 01:22:39 --> Could not find the language line "Đóng"
ERROR - 2020-03-01 01:22:39 --> Could not find the language line "Xác Nhận"
ERROR - 2020-03-01 03:06:19 --> Could not find the language line "Tạo Điểm Lấy Hàng"
ERROR - 2020-03-01 03:06:19 --> Could not find the language line "Tạo Đơn Hàng"
ERROR - 2020-03-01 03:06:19 --> Severity: Warning --> Invalid argument supplied for foreach() /home/admin/domains/spshd.com/public_html/khachhang/application/views/tab4.php 394
ERROR - 2020-03-01 03:06:19 --> Could not find the language line "Đóng"
ERROR - 2020-03-01 03:06:19 --> Could not find the language line "Xác Nhận"
ERROR - 2020-03-01 03:06:19 --> Severity: Warning --> Invalid argument supplied for foreach() /home/admin/domains/spshd.com/public_html/khachhang/application/views/app.php 157
ERROR - 2020-03-01 03:06:19 --> Severity: Warning --> Invalid argument supplied for foreach() /home/admin/domains/spshd.com/public_html/khachhang/application/views/app.php 168
ERROR - 2020-03-01 03:06:19 --> Could not find the language line "Đóng"
ERROR - 2020-03-01 03:06:19 --> Could not find the language line "Xác Nhận"
ERROR - 2020-03-01 03:06:19 --> Could not find the language line "Đóng"
ERROR - 2020-03-01 03:06:19 --> Could not find the language line "Xác Nhận"
ERROR - 2020-03-01 03:51:27 --> Could not find the language line "Tạo Điểm Lấy Hàng"
ERROR - 2020-03-01 03:51:27 --> Could not find the language line "Tạo Đơn Hàng"
ERROR - 2020-03-01 03:51:27 --> Severity: Warning --> Invalid argument supplied for foreach() /home/admin/domains/spshd.com/public_html/khachhang/application/views/tab4.php 394
ERROR - 2020-03-01 03:51:27 --> Could not find the language line "Đóng"
ERROR - 2020-03-01 03:51:27 --> Could not find the language line "Xác Nhận"
ERROR - 2020-03-01 03:51:27 --> Severity: Warning --> Invalid argument supplied for foreach() /home/admin/domains/spshd.com/public_html/khachhang/application/views/app.php 157
ERROR - 2020-03-01 03:51:27 --> Severity: Warning --> Invalid argument supplied for foreach() /home/admin/domains/spshd.com/public_html/khachhang/application/views/app.php 168
ERROR - 2020-03-01 03:51:27 --> Could not find the language line "Đóng"
ERROR - 2020-03-01 03:51:27 --> Could not find the language line "Xác Nhận"
ERROR - 2020-03-01 03:51:27 --> Could not find the language line "Đóng"
ERROR - 2020-03-01 03:51:27 --> Could not find the language line "Xác Nhận"
ERROR - 2020-03-01 03:51:27 --> Could not find the language line "Tạo Điểm Lấy Hàng"
ERROR - 2020-03-01 03:51:27 --> Could not find the language line "Tạo Đơn Hàng"
ERROR - 2020-03-01 03:51:27 --> Severity: Warning --> Invalid argument supplied for foreach() /home/admin/domains/spshd.com/public_html/khachhang/application/views/tab4.php 394
ERROR - 2020-03-01 03:51:27 --> Could not find the language line "Đóng"
ERROR - 2020-03-01 03:51:27 --> Could not find the language line "Xác Nhận"
ERROR - 2020-03-01 03:51:27 --> Severity: Warning --> Invalid argument supplied for foreach() /home/admin/domains/spshd.com/public_html/khachhang/application/views/app.php 157
ERROR - 2020-03-01 03:51:27 --> Severity: Warning --> Invalid argument supplied for foreach() /home/admin/domains/spshd.com/public_html/khachhang/application/views/app.php 168
ERROR - 2020-03-01 03:51:27 --> Could not find the language line "Đóng"
ERROR - 2020-03-01 03:51:27 --> Could not find the language line "Xác Nhận"
ERROR - 2020-03-01 03:51:27 --> Could not find the language line "Đóng"
ERROR - 2020-03-01 03:51:27 --> Could not find the language line "Xác Nhận"
ERROR - 2020-03-01 05:54:18 --> Could not find the language line "Tạo Điểm Lấy Hàng"
ERROR - 2020-03-01 05:54:18 --> Could not find the language line "Tạo Đơn Hàng"
ERROR - 2020-03-01 05:54:18 --> Severity: Warning --> Invalid argument supplied for foreach() /home/admin/domains/spshd.com/public_html/khachhang/application/views/tab4.php 394
ERROR - 2020-03-01 05:54:18 --> Could not find the language line "Đóng"
ERROR - 2020-03-01 05:54:18 --> Could not find the language line "Xác Nhận"
ERROR - 2020-03-01 05:54:18 --> Severity: Warning --> Invalid argument supplied for foreach() /home/admin/domains/spshd.com/public_html/khachhang/application/views/app.php 157
ERROR - 2020-03-01 05:54:18 --> Severity: Warning --> Invalid argument supplied for foreach() /home/admin/domains/spshd.com/public_html/khachhang/application/views/app.php 168
ERROR - 2020-03-01 05:54:18 --> Could not find the language line "Đóng"
ERROR - 2020-03-01 05:54:18 --> Could not find the language line "Xác Nhận"
ERROR - 2020-03-01 05:54:18 --> Could not find the language line "Đóng"
ERROR - 2020-03-01 05:54:18 --> Could not find the language line "Xác Nhận"
ERROR - 2020-03-01 07:55:37 --> Could not find the language line "Tạo Điểm Lấy Hàng"
ERROR - 2020-03-01 07:55:37 --> Could not find the language line "Tạo Đơn Hàng"
ERROR - 2020-03-01 07:55:37 --> Severity: Warning --> Invalid argument supplied for foreach() /home/admin/domains/spshd.com/public_html/khachhang/application/views/tab4.php 394
ERROR - 2020-03-01 07:55:37 --> Could not find the language line "Đóng"
ERROR - 2020-03-01 07:55:37 --> Could not find the language line "Xác Nhận"
ERROR - 2020-03-01 07:55:37 --> Severity: Warning --> Invalid argument supplied for foreach() /home/admin/domains/spshd.com/public_html/khachhang/application/views/app.php 157
ERROR - 2020-03-01 07:55:37 --> Severity: Warning --> Invalid argument supplied for foreach() /home/admin/domains/spshd.com/public_html/khachhang/application/views/app.php 168
ERROR - 2020-03-01 07:55:37 --> Could not find the language line "Đóng"
ERROR - 2020-03-01 07:55:37 --> Could not find the language line "Xác Nhận"
ERROR - 2020-03-01 07:55:37 --> Could not find the language line "Đóng"
ERROR - 2020-03-01 07:55:37 --> Could not find the language line "Xác Nhận"
ERROR - 2020-03-01 07:55:38 --> Could not find the language line "Tạo Điểm Lấy Hàng"
ERROR - 2020-03-01 07:55:38 --> Could not find the language line "Tạo Đơn Hàng"
ERROR - 2020-03-01 07:55:38 --> Severity: Warning --> Invalid argument supplied for foreach() /home/admin/domains/spshd.com/public_html/khachhang/application/views/tab4.php 394
ERROR - 2020-03-01 07:55:38 --> Could not find the language line "Đóng"
ERROR - 2020-03-01 07:55:38 --> Could not find the language line "Xác Nhận"
ERROR - 2020-03-01 07:55:38 --> Severity: Warning --> Invalid argument supplied for foreach() /home/admin/domains/spshd.com/public_html/khachhang/application/views/app.php 157
ERROR - 2020-03-01 07:55:38 --> Severity: Warning --> Invalid argument supplied for foreach() /home/admin/domains/spshd.com/public_html/khachhang/application/views/app.php 168
ERROR - 2020-03-01 07:55:38 --> Could not find the language line "Đóng"
ERROR - 2020-03-01 07:55:38 --> Could not find the language line "Xác Nhận"
ERROR - 2020-03-01 07:55:38 --> Could not find the language line "Đóng"
ERROR - 2020-03-01 07:55:38 --> Could not find the language line "Xác Nhận"
ERROR - 2020-03-01 08:53:26 --> Could not find the language line "Tạo Điểm Lấy Hàng"
ERROR - 2020-03-01 08:53:26 --> Could not find the language line "Tạo Đơn Hàng"
ERROR - 2020-03-01 08:53:26 --> Severity: Warning --> Invalid argument supplied for foreach() /home/admin/domains/spshd.com/public_html/khachhang/application/views/tab4.php 394
ERROR - 2020-03-01 08:53:26 --> Could not find the language line "Đóng"
ERROR - 2020-03-01 08:53:26 --> Could not find the language line "Xác Nhận"
ERROR - 2020-03-01 08:53:26 --> Severity: Warning --> Invalid argument supplied for foreach() /home/admin/domains/spshd.com/public_html/khachhang/application/views/app.php 157
ERROR - 2020-03-01 08:53:26 --> Severity: Warning --> Invalid argument supplied for foreach() /home/admin/domains/spshd.com/public_html/khachhang/application/views/app.php 168
ERROR - 2020-03-01 08:53:26 --> Could not find the language line "Đóng"
ERROR - 2020-03-01 08:53:26 --> Could not find the language line "Xác Nhận"
ERROR - 2020-03-01 08:53:26 --> Could not find the language line "Đóng"
ERROR - 2020-03-01 08:53:26 --> Could not find the language line "Xác Nhận"
ERROR - 2020-03-01 11:15:19 --> Could not find the language line "Tạo Điểm Lấy Hàng"
ERROR - 2020-03-01 11:15:19 --> Could not find the language line "Tạo Đơn Hàng"
ERROR - 2020-03-01 11:15:19 --> Severity: Warning --> Invalid argument supplied for foreach() /home/admin/domains/spshd.com/public_html/khachhang/application/views/tab4.php 394
ERROR - 2020-03-01 11:15:19 --> Could not find the language line "Đóng"
ERROR - 2020-03-01 11:15:19 --> Could not find the language line "Xác Nhận"
ERROR - 2020-03-01 11:15:19 --> Severity: Warning --> Invalid argument supplied for foreach() /home/admin/domains/spshd.com/public_html/khachhang/application/views/app.php 157
ERROR - 2020-03-01 11:15:19 --> Severity: Warning --> Invalid argument supplied for foreach() /home/admin/domains/spshd.com/public_html/khachhang/application/views/app.php 168
ERROR - 2020-03-01 11:15:19 --> Could not find the language line "Đóng"
ERROR - 2020-03-01 11:15:19 --> Could not find the language line "Xác Nhận"
ERROR - 2020-03-01 11:15:19 --> Could not find the language line "Đóng"
ERROR - 2020-03-01 11:15:19 --> Could not find the language line "Xác Nhận"
ERROR - 2020-03-01 11:16:47 --> Could not find the language line "Tạo Điểm Lấy Hàng"
ERROR - 2020-03-01 11:16:47 --> Could not find the language line "Tạo Đơn Hàng"
ERROR - 2020-03-01 11:16:47 --> Severity: Warning --> Invalid argument supplied for foreach() /home/admin/domains/spshd.com/public_html/khachhang/application/views/tab4.php 394
ERROR - 2020-03-01 11:16:47 --> Could not find the language line "Đóng"
ERROR - 2020-03-01 11:16:47 --> Could not find the language line "Xác Nhận"
ERROR - 2020-03-01 11:16:47 --> Severity: Warning --> Invalid argument supplied for foreach() /home/admin/domains/spshd.com/public_html/khachhang/application/views/app.php 157
ERROR - 2020-03-01 11:16:47 --> Severity: Warning --> Invalid argument supplied for foreach() /home/admin/domains/spshd.com/public_html/khachhang/application/views/app.php 168
ERROR - 2020-03-01 11:16:47 --> Could not find the language line "Đóng"
ERROR - 2020-03-01 11:16:47 --> Could not find the language line "Xác Nhận"
ERROR - 2020-03-01 11:16:47 --> Could not find the language line "Đóng"
ERROR - 2020-03-01 11:16:47 --> Could not find the language line "Xác Nhận"
ERROR - 2020-03-01 12:23:31 --> Could not find the language line "Tạo Điểm Lấy Hàng"
ERROR - 2020-03-01 12:23:31 --> Could not find the language line "Tạo Đơn Hàng"
ERROR - 2020-03-01 12:23:31 --> Severity: Warning --> Invalid argument supplied for foreach() /home/admin/domains/spshd.com/public_html/khachhang/application/views/tab4.php 394
ERROR - 2020-03-01 12:23:31 --> Could not find the language line "Đóng"
ERROR - 2020-03-01 12:23:31 --> Could not find the language line "Xác Nhận"
ERROR - 2020-03-01 12:23:31 --> Severity: Warning --> Invalid argument supplied for foreach() /home/admin/domains/spshd.com/public_html/khachhang/application/views/app.php 157
ERROR - 2020-03-01 12:23:31 --> Severity: Warning --> Invalid argument supplied for foreach() /home/admin/domains/spshd.com/public_html/khachhang/application/views/app.php 168
ERROR - 2020-03-01 12:23:31 --> Could not find the language line "Đóng"
ERROR - 2020-03-01 12:23:31 --> Could not find the language line "Xác Nhận"
ERROR - 2020-03-01 12:23:31 --> Could not find the language line "Đóng"
ERROR - 2020-03-01 12:23:31 --> Could not find the language line "Xác Nhận"
