ERROR - 2019-11-07 00:23:21 --> Could not find the language line "Tạo Điểm Lấy Hàng"
ERROR - 2019-11-07 00:23:21 --> Could not find the language line "Tạo Đơn Hàng"
ERROR - 2019-11-07 00:23:21 --> Severity: Warning --> Invalid argument supplied for foreach() /home/admin/domains/spshd.com/public_html/khachhang/application/views/tab4.php 394
ERROR - 2019-11-07 00:23:21 --> Could not find the language line "Đóng"
ERROR - 2019-11-07 00:23:21 --> Could not find the language line "Xác Nhận"
ERROR - 2019-11-07 00:23:21 --> Severity: Warning --> Invalid argument supplied for foreach() /home/admin/domains/spshd.com/public_html/khachhang/application/views/app.php 157
ERROR - 2019-11-07 00:23:21 --> Severity: Warning --> Invalid argument supplied for foreach() /home/admin/domains/spshd.com/public_html/khachhang/application/views/app.php 168
ERROR - 2019-11-07 00:23:21 --> Could not find the language line "Đóng"
ERROR - 2019-11-07 00:23:21 --> Could not find the language line "Xác Nhận"
ERROR - 2019-11-07 00:23:21 --> Could not find the language line "Đóng"
ERROR - 2019-11-07 00:23:21 --> Could not find the language line "Xác Nhận"
ERROR - 2019-11-07 01:12:33 --> Could not find the language line "Tạo Điểm Lấy Hàng"
ERROR - 2019-11-07 01:12:33 --> Could not find the language line "Tạo Đơn Hàng"
ERROR - 2019-11-07 01:12:33 --> Severity: Warning --> Invalid argument supplied for foreach() /home/admin/domains/spshd.com/public_html/khachhang/application/views/tab4.php 394
ERROR - 2019-11-07 01:12:33 --> Could not find the language line "Đóng"
ERROR - 2019-11-07 01:12:33 --> Could not find the language line "Xác Nhận"
ERROR - 2019-11-07 01:12:33 --> Severity: Warning --> Invalid argument supplied for foreach() /home/admin/domains/spshd.com/public_html/khachhang/application/views/app.php 157
ERROR - 2019-11-07 01:12:33 --> Severity: Warning --> Invalid argument supplied for foreach() /home/admin/domains/spshd.com/public_html/khachhang/application/views/app.php 168
ERROR - 2019-11-07 01:12:33 --> Could not find the language line "Đóng"
ERROR - 2019-11-07 01:12:33 --> Could not find the language line "Xác Nhận"
ERROR - 2019-11-07 01:12:33 --> Could not find the language line "Đóng"
ERROR - 2019-11-07 01:12:33 --> Could not find the language line "Xác Nhận"
ERROR - 2019-11-07 01:15:50 --> Could not find the language line "Tạo Điểm Lấy Hàng"
ERROR - 2019-11-07 01:15:50 --> Could not find the language line "Tạo Đơn Hàng"
ERROR - 2019-11-07 01:15:50 --> Severity: Warning --> Invalid argument supplied for foreach() /home/admin/domains/spshd.com/public_html/khachhang/application/views/tab4.php 394
ERROR - 2019-11-07 01:15:50 --> Could not find the language line "Đóng"
ERROR - 2019-11-07 01:15:50 --> Could not find the language line "Xác Nhận"
ERROR - 2019-11-07 01:15:50 --> Severity: Warning --> Invalid argument supplied for foreach() /home/admin/domains/spshd.com/public_html/khachhang/application/views/app.php 157
ERROR - 2019-11-07 01:15:50 --> Severity: Warning --> Invalid argument supplied for foreach() /home/admin/domains/spshd.com/public_html/khachhang/application/views/app.php 168
ERROR - 2019-11-07 01:15:50 --> Could not find the language line "Đóng"
ERROR - 2019-11-07 01:15:50 --> Could not find the language line "Xác Nhận"
ERROR - 2019-11-07 01:15:50 --> Could not find the language line "Đóng"
ERROR - 2019-11-07 01:15:50 --> Could not find the language line "Xác Nhận"
ERROR - 2019-11-07 01:15:51 --> Could not find the language line "Tạo Điểm Lấy Hàng"
ERROR - 2019-11-07 01:15:51 --> Could not find the language line "Tạo Đơn Hàng"
ERROR - 2019-11-07 01:15:51 --> Severity: Warning --> Invalid argument supplied for foreach() /home/admin/domains/spshd.com/public_html/khachhang/application/views/tab4.php 394
ERROR - 2019-11-07 01:15:51 --> Could not find the language line "Đóng"
ERROR - 2019-11-07 01:15:51 --> Could not find the language line "Xác Nhận"
ERROR - 2019-11-07 01:15:51 --> Severity: Warning --> Invalid argument supplied for foreach() /home/admin/domains/spshd.com/public_html/khachhang/application/views/app.php 157
ERROR - 2019-11-07 01:15:51 --> Severity: Warning --> Invalid argument supplied for foreach() /home/admin/domains/spshd.com/public_html/khachhang/application/views/app.php 168
ERROR - 2019-11-07 01:15:51 --> Could not find the language line "Đóng"
ERROR - 2019-11-07 01:15:51 --> Could not find the language line "Xác Nhận"
ERROR - 2019-11-07 01:15:51 --> Could not find the language line "Đóng"
ERROR - 2019-11-07 01:15:51 --> Could not find the language line "Xác Nhận"
ERROR - 2019-11-07 01:15:51 --> Could not find the language line "Tạo Điểm Lấy Hàng"
ERROR - 2019-11-07 01:15:51 --> Could not find the language line "Tạo Đơn Hàng"
ERROR - 2019-11-07 01:15:51 --> Severity: Warning --> Invalid argument supplied for foreach() /home/admin/domains/spshd.com/public_html/khachhang/application/views/tab4.php 394
ERROR - 2019-11-07 01:15:51 --> Could not find the language line "Đóng"
ERROR - 2019-11-07 01:15:51 --> Could not find the language line "Xác Nhận"
ERROR - 2019-11-07 01:15:51 --> Severity: Warning --> Invalid argument supplied for foreach() /home/admin/domains/spshd.com/public_html/khachhang/application/views/app.php 157
ERROR - 2019-11-07 01:15:51 --> Severity: Warning --> Invalid argument supplied for foreach() /home/admin/domains/spshd.com/public_html/khachhang/application/views/app.php 168
ERROR - 2019-11-07 01:15:51 --> Could not find the language line "Đóng"
ERROR - 2019-11-07 01:15:51 --> Could not find the language line "Xác Nhận"
ERROR - 2019-11-07 01:15:51 --> Could not find the language line "Đóng"
ERROR - 2019-11-07 01:15:51 --> Could not find the language line "Xác Nhận"
ERROR - 2019-11-07 01:15:52 --> Could not find the language line "Tạo Điểm Lấy Hàng"
ERROR - 2019-11-07 01:15:52 --> Could not find the language line "Tạo Đơn Hàng"
ERROR - 2019-11-07 01:15:52 --> Severity: Warning --> Invalid argument supplied for foreach() /home/admin/domains/spshd.com/public_html/khachhang/application/views/tab4.php 394
ERROR - 2019-11-07 01:15:52 --> Could not find the language line "Đóng"
ERROR - 2019-11-07 01:15:52 --> Could not find the language line "Xác Nhận"
ERROR - 2019-11-07 01:15:52 --> Severity: Warning --> Invalid argument supplied for foreach() /home/admin/domains/spshd.com/public_html/khachhang/application/views/app.php 157
ERROR - 2019-11-07 01:15:52 --> Severity: Warning --> Invalid argument supplied for foreach() /home/admin/domains/spshd.com/public_html/khachhang/application/views/app.php 168
ERROR - 2019-11-07 01:15:52 --> Could not find the language line "Đóng"
ERROR - 2019-11-07 01:15:52 --> Could not find the language line "Xác Nhận"
ERROR - 2019-11-07 01:15:52 --> Could not find the language line "Đóng"
ERROR - 2019-11-07 01:15:52 --> Could not find the language line "Xác Nhận"
ERROR - 2019-11-07 01:15:54 --> Could not find the language line "Email"
ERROR - 2019-11-07 01:15:54 --> Could not find the language line "password"
ERROR - 2019-11-07 03:51:21 --> Could not find the language line "Tạo Điểm Lấy Hàng"
ERROR - 2019-11-07 03:51:21 --> Could not find the language line "Tạo Đơn Hàng"
ERROR - 2019-11-07 03:51:21 --> Severity: Warning --> Invalid argument supplied for foreach() /home/admin/domains/spshd.com/public_html/khachhang/application/views/tab4.php 394
ERROR - 2019-11-07 03:51:21 --> Could not find the language line "Đóng"
ERROR - 2019-11-07 03:51:21 --> Could not find the language line "Xác Nhận"
ERROR - 2019-11-07 03:51:21 --> Severity: Warning --> Invalid argument supplied for foreach() /home/admin/domains/spshd.com/public_html/khachhang/application/views/app.php 157
ERROR - 2019-11-07 03:51:21 --> Severity: Warning --> Invalid argument supplied for foreach() /home/admin/domains/spshd.com/public_html/khachhang/application/views/app.php 168
ERROR - 2019-11-07 03:51:21 --> Could not find the language line "Đóng"
ERROR - 2019-11-07 03:51:21 --> Could not find the language line "Xác Nhận"
ERROR - 2019-11-07 03:51:21 --> Could not find the language line "Đóng"
ERROR - 2019-11-07 03:51:21 --> Could not find the language line "Xác Nhận"
ERROR - 2019-11-07 04:05:54 --> Could not find the language line "Tạo Điểm Lấy Hàng"
ERROR - 2019-11-07 04:05:54 --> Could not find the language line "Tạo Đơn Hàng"
ERROR - 2019-11-07 04:05:54 --> Severity: Warning --> Invalid argument supplied for foreach() /home/admin/domains/spshd.com/public_html/khachhang/application/views/tab4.php 394
ERROR - 2019-11-07 04:05:54 --> Could not find the language line "Đóng"
ERROR - 2019-11-07 04:05:54 --> Could not find the language line "Xác Nhận"
ERROR - 2019-11-07 04:05:54 --> Severity: Warning --> Invalid argument supplied for foreach() /home/admin/domains/spshd.com/public_html/khachhang/application/views/app.php 157
ERROR - 2019-11-07 04:05:54 --> Severity: Warning --> Invalid argument supplied for foreach() /home/admin/domains/spshd.com/public_html/khachhang/application/views/app.php 168
ERROR - 2019-11-07 04:05:54 --> Could not find the language line "Đóng"
ERROR - 2019-11-07 04:05:54 --> Could not find the language line "Xác Nhận"
ERROR - 2019-11-07 04:05:54 --> Could not find the language line "Đóng"
ERROR - 2019-11-07 04:05:54 --> Could not find the language line "Xác Nhận"
ERROR - 2019-11-07 04:07:28 --> Could not find the language line "Tạo Điểm Lấy Hàng"
ERROR - 2019-11-07 04:07:28 --> Could not find the language line "Tạo Đơn Hàng"
ERROR - 2019-11-07 04:07:28 --> Severity: Warning --> Invalid argument supplied for foreach() /home/admin/domains/spshd.com/public_html/khachhang/application/views/tab4.php 394
ERROR - 2019-11-07 04:07:28 --> Could not find the language line "Đóng"
ERROR - 2019-11-07 04:07:28 --> Could not find the language line "Xác Nhận"
ERROR - 2019-11-07 04:07:28 --> Severity: Warning --> Invalid argument supplied for foreach() /home/admin/domains/spshd.com/public_html/khachhang/application/views/app.php 157
ERROR - 2019-11-07 04:07:28 --> Severity: Warning --> Invalid argument supplied for foreach() /home/admin/domains/spshd.com/public_html/khachhang/application/views/app.php 168
ERROR - 2019-11-07 04:07:28 --> Could not find the language line "Đóng"
ERROR - 2019-11-07 04:07:28 --> Could not find the language line "Xác Nhận"
ERROR - 2019-11-07 04:07:28 --> Could not find the language line "Đóng"
ERROR - 2019-11-07 04:07:28 --> Could not find the language line "Xác Nhận"
ERROR - 2019-11-07 05:57:09 --> Could not find the language line "Tạo Điểm Lấy Hàng"
ERROR - 2019-11-07 05:57:09 --> Could not find the language line "Tạo Đơn Hàng"
ERROR - 2019-11-07 05:57:09 --> Severity: Warning --> Invalid argument supplied for foreach() /home/admin/domains/spshd.com/public_html/khachhang/application/views/tab4.php 394
ERROR - 2019-11-07 05:57:09 --> Could not find the language line "Đóng"
ERROR - 2019-11-07 05:57:09 --> Could not find the language line "Xác Nhận"
ERROR - 2019-11-07 05:57:09 --> Severity: Warning --> Invalid argument supplied for foreach() /home/admin/domains/spshd.com/public_html/khachhang/application/views/app.php 157
ERROR - 2019-11-07 05:57:09 --> Severity: Warning --> Invalid argument supplied for foreach() /home/admin/domains/spshd.com/public_html/khachhang/application/views/app.php 168
ERROR - 2019-11-07 05:57:09 --> Could not find the language line "Đóng"
ERROR - 2019-11-07 05:57:09 --> Could not find the language line "Xác Nhận"
ERROR - 2019-11-07 05:57:09 --> Could not find the language line "Đóng"
ERROR - 2019-11-07 05:57:09 --> Could not find the language line "Xác Nhận"
ERROR - 2019-11-07 09:20:40 --> Could not find the language line "Tạo Điểm Lấy Hàng"
ERROR - 2019-11-07 09:20:40 --> Could not find the language line "Tạo Đơn Hàng"
ERROR - 2019-11-07 09:20:40 --> Severity: Warning --> Invalid argument supplied for foreach() /home/admin/domains/spshd.com/public_html/khachhang/application/views/tab4.php 394
ERROR - 2019-11-07 09:20:40 --> Could not find the language line "Đóng"
ERROR - 2019-11-07 09:20:40 --> Could not find the language line "Xác Nhận"
ERROR - 2019-11-07 09:20:40 --> Severity: Warning --> Invalid argument supplied for foreach() /home/admin/domains/spshd.com/public_html/khachhang/application/views/app.php 157
ERROR - 2019-11-07 09:20:40 --> Severity: Warning --> Invalid argument supplied for foreach() /home/admin/domains/spshd.com/public_html/khachhang/application/views/app.php 168
ERROR - 2019-11-07 09:20:40 --> Could not find the language line "Đóng"
ERROR - 2019-11-07 09:20:40 --> Could not find the language line "Xác Nhận"
ERROR - 2019-11-07 09:20:40 --> Could not find the language line "Đóng"
ERROR - 2019-11-07 09:20:40 --> Could not find the language line "Xác Nhận"
ERROR - 2019-11-07 10:32:42 --> Could not find the language line "Tạo Điểm Lấy Hàng"
ERROR - 2019-11-07 10:32:42 --> Could not find the language line "Tạo Đơn Hàng"
ERROR - 2019-11-07 10:32:42 --> Severity: Warning --> Invalid argument supplied for foreach() /home/admin/domains/spshd.com/public_html/khachhang/application/views/tab4.php 394
ERROR - 2019-11-07 10:32:42 --> Could not find the language line "Đóng"
ERROR - 2019-11-07 10:32:42 --> Could not find the language line "Xác Nhận"
ERROR - 2019-11-07 10:32:42 --> Severity: Warning --> Invalid argument supplied for foreach() /home/admin/domains/spshd.com/public_html/khachhang/application/views/app.php 157
ERROR - 2019-11-07 10:32:42 --> Severity: Warning --> Invalid argument supplied for foreach() /home/admin/domains/spshd.com/public_html/khachhang/application/views/app.php 168
ERROR - 2019-11-07 10:32:42 --> Could not find the language line "Đóng"
ERROR - 2019-11-07 10:32:42 --> Could not find the language line "Xác Nhận"
ERROR - 2019-11-07 10:32:42 --> Could not find the language line "Đóng"
ERROR - 2019-11-07 10:32:42 --> Could not find the language line "Xác Nhận"
ERROR - 2019-11-07 11:25:37 --> Could not find the language line "Tạo Điểm Lấy Hàng"
ERROR - 2019-11-07 11:25:37 --> Could not find the language line "Tạo Đơn Hàng"
ERROR - 2019-11-07 11:25:37 --> Severity: Warning --> Invalid argument supplied for foreach() /home/admin/domains/spshd.com/public_html/khachhang/application/views/tab4.php 394
ERROR - 2019-11-07 11:25:37 --> Could not find the language line "Đóng"
ERROR - 2019-11-07 11:25:37 --> Could not find the language line "Xác Nhận"
ERROR - 2019-11-07 11:25:37 --> Severity: Warning --> Invalid argument supplied for foreach() /home/admin/domains/spshd.com/public_html/khachhang/application/views/app.php 157
ERROR - 2019-11-07 11:25:37 --> Severity: Warning --> Invalid argument supplied for foreach() /home/admin/domains/spshd.com/public_html/khachhang/application/views/app.php 168
ERROR - 2019-11-07 11:25:37 --> Could not find the language line "Đóng"
ERROR - 2019-11-07 11:25:37 --> Could not find the language line "Xác Nhận"
ERROR - 2019-11-07 11:25:37 --> Could not find the language line "Đóng"
ERROR - 2019-11-07 11:25:37 --> Could not find the language line "Xác Nhận"
ERROR - 2019-11-07 11:27:28 --> Could not find the language line "Tạo Điểm Lấy Hàng"
ERROR - 2019-11-07 11:27:28 --> Could not find the language line "Tạo Đơn Hàng"
ERROR - 2019-11-07 11:27:28 --> Severity: Warning --> Invalid argument supplied for foreach() /home/admin/domains/spshd.com/public_html/khachhang/application/views/tab4.php 394
ERROR - 2019-11-07 11:27:28 --> Could not find the language line "Đóng"
ERROR - 2019-11-07 11:27:28 --> Could not find the language line "Xác Nhận"
ERROR - 2019-11-07 11:27:28 --> Severity: Warning --> Invalid argument supplied for foreach() /home/admin/domains/spshd.com/public_html/khachhang/application/views/app.php 157
ERROR - 2019-11-07 11:27:28 --> Severity: Warning --> Invalid argument supplied for foreach() /home/admin/domains/spshd.com/public_html/khachhang/application/views/app.php 168
ERROR - 2019-11-07 11:27:28 --> Could not find the language line "Đóng"
ERROR - 2019-11-07 11:27:28 --> Could not find the language line "Xác Nhận"
ERROR - 2019-11-07 11:27:28 --> Could not find the language line "Đóng"
ERROR - 2019-11-07 11:27:28 --> Could not find the language line "Xác Nhận"
ERROR - 2019-11-07 13:31:31 --> Could not find the language line "Tạo Điểm Lấy Hàng"
ERROR - 2019-11-07 13:31:31 --> Could not find the language line "Tạo Đơn Hàng"
ERROR - 2019-11-07 13:31:31 --> Severity: Warning --> Invalid argument supplied for foreach() /home/admin/domains/spshd.com/public_html/khachhang/application/views/tab4.php 394
ERROR - 2019-11-07 13:31:31 --> Could not find the language line "Đóng"
ERROR - 2019-11-07 13:31:31 --> Could not find the language line "Xác Nhận"
ERROR - 2019-11-07 13:31:31 --> Severity: Warning --> Invalid argument supplied for foreach() /home/admin/domains/spshd.com/public_html/khachhang/application/views/app.php 157
ERROR - 2019-11-07 13:31:31 --> Severity: Warning --> Invalid argument supplied for foreach() /home/admin/domains/spshd.com/public_html/khachhang/application/views/app.php 168
ERROR - 2019-11-07 13:31:31 --> Could not find the language line "Đóng"
ERROR - 2019-11-07 13:31:31 --> Could not find the language line "Xác Nhận"
ERROR - 2019-11-07 13:31:31 --> Could not find the language line "Đóng"
ERROR - 2019-11-07 13:31:31 --> Could not find the language line "Xác Nhận"
ERROR - 2019-11-07 15:19:31 --> Could not find the language line "Tạo Điểm Lấy Hàng"
ERROR - 2019-11-07 15:19:31 --> Could not find the language line "Tạo Đơn Hàng"
ERROR - 2019-11-07 15:19:31 --> Severity: Warning --> Invalid argument supplied for foreach() /home/admin/domains/spshd.com/public_html/khachhang/application/views/tab4.php 394
ERROR - 2019-11-07 15:19:31 --> Could not find the language line "Đóng"
ERROR - 2019-11-07 15:19:31 --> Could not find the language line "Xác Nhận"
ERROR - 2019-11-07 15:19:31 --> Severity: Warning --> Invalid argument supplied for foreach() /home/admin/domains/spshd.com/public_html/khachhang/application/views/app.php 157
ERROR - 2019-11-07 15:19:31 --> Severity: Warning --> Invalid argument supplied for foreach() /home/admin/domains/spshd.com/public_html/khachhang/application/views/app.php 168
ERROR - 2019-11-07 15:19:31 --> Could not find the language line "Đóng"
ERROR - 2019-11-07 15:19:31 --> Could not find the language line "Xác Nhận"
ERROR - 2019-11-07 15:19:31 --> Could not find the language line "Đóng"
ERROR - 2019-11-07 15:19:31 --> Could not find the language line "Xác Nhận"
ERROR - 2019-11-07 15:19:32 --> Could not find the language line "Tạo Điểm Lấy Hàng"
ERROR - 2019-11-07 15:19:32 --> Could not find the language line "Tạo Đơn Hàng"
ERROR - 2019-11-07 15:19:32 --> Severity: Warning --> Invalid argument supplied for foreach() /home/admin/domains/spshd.com/public_html/khachhang/application/views/tab4.php 394
ERROR - 2019-11-07 15:19:32 --> Could not find the language line "Đóng"
ERROR - 2019-11-07 15:19:32 --> Could not find the language line "Xác Nhận"
ERROR - 2019-11-07 15:19:32 --> Severity: Warning --> Invalid argument supplied for foreach() /home/admin/domains/spshd.com/public_html/khachhang/application/views/app.php 157
ERROR - 2019-11-07 15:19:32 --> Severity: Warning --> Invalid argument supplied for foreach() /home/admin/domains/spshd.com/public_html/khachhang/application/views/app.php 168
ERROR - 2019-11-07 15:19:32 --> Could not find the language line "Đóng"
ERROR - 2019-11-07 15:19:32 --> Could not find the language line "Xác Nhận"
ERROR - 2019-11-07 15:19:32 --> Could not find the language line "Đóng"
ERROR - 2019-11-07 15:19:32 --> Could not find the language line "Xác Nhận"
