ERROR - 2020-01-10 01:42:32 --> Could not find the language line "Tạo Điểm Lấy Hàng"
ERROR - 2020-01-10 01:42:32 --> Could not find the language line "Tạo Đơn Hàng"
ERROR - 2020-01-10 01:42:32 --> Severity: Warning --> Invalid argument supplied for foreach() /home/admin/domains/spshd.com/public_html/khachhang/application/views/tab4.php 394
ERROR - 2020-01-10 01:42:32 --> Could not find the language line "Đóng"
ERROR - 2020-01-10 01:42:32 --> Could not find the language line "Xác Nhận"
ERROR - 2020-01-10 01:42:32 --> Severity: Warning --> Invalid argument supplied for foreach() /home/admin/domains/spshd.com/public_html/khachhang/application/views/app.php 157
ERROR - 2020-01-10 01:42:32 --> Severity: Warning --> Invalid argument supplied for foreach() /home/admin/domains/spshd.com/public_html/khachhang/application/views/app.php 168
ERROR - 2020-01-10 01:42:32 --> Could not find the language line "Đóng"
ERROR - 2020-01-10 01:42:32 --> Could not find the language line "Xác Nhận"
ERROR - 2020-01-10 01:42:32 --> Could not find the language line "Đóng"
ERROR - 2020-01-10 01:42:32 --> Could not find the language line "Xác Nhận"
ERROR - 2020-01-10 03:42:35 --> Could not find the language line "Tạo Điểm Lấy Hàng"
ERROR - 2020-01-10 03:42:35 --> Could not find the language line "Tạo Đơn Hàng"
ERROR - 2020-01-10 03:42:35 --> Severity: Warning --> Invalid argument supplied for foreach() /home/admin/domains/spshd.com/public_html/khachhang/application/views/tab4.php 394
ERROR - 2020-01-10 03:42:35 --> Could not find the language line "Đóng"
ERROR - 2020-01-10 03:42:35 --> Could not find the language line "Xác Nhận"
ERROR - 2020-01-10 03:42:35 --> Severity: Warning --> Invalid argument supplied for foreach() /home/admin/domains/spshd.com/public_html/khachhang/application/views/app.php 157
ERROR - 2020-01-10 03:42:35 --> Severity: Warning --> Invalid argument supplied for foreach() /home/admin/domains/spshd.com/public_html/khachhang/application/views/app.php 168
ERROR - 2020-01-10 03:42:35 --> Could not find the language line "Đóng"
ERROR - 2020-01-10 03:42:35 --> Could not find the language line "Xác Nhận"
ERROR - 2020-01-10 03:42:35 --> Could not find the language line "Đóng"
ERROR - 2020-01-10 03:42:35 --> Could not find the language line "Xác Nhận"
ERROR - 2020-01-10 03:43:52 --> Could not find the language line "Tạo Điểm Lấy Hàng"
ERROR - 2020-01-10 03:43:52 --> Could not find the language line "Tạo Đơn Hàng"
ERROR - 2020-01-10 03:43:52 --> Severity: Warning --> Invalid argument supplied for foreach() /home/admin/domains/spshd.com/public_html/khachhang/application/views/tab4.php 394
ERROR - 2020-01-10 03:43:52 --> Could not find the language line "Đóng"
ERROR - 2020-01-10 03:43:52 --> Could not find the language line "Xác Nhận"
ERROR - 2020-01-10 03:43:52 --> Severity: Warning --> Invalid argument supplied for foreach() /home/admin/domains/spshd.com/public_html/khachhang/application/views/app.php 157
ERROR - 2020-01-10 03:43:52 --> Severity: Warning --> Invalid argument supplied for foreach() /home/admin/domains/spshd.com/public_html/khachhang/application/views/app.php 168
ERROR - 2020-01-10 03:43:52 --> Could not find the language line "Đóng"
ERROR - 2020-01-10 03:43:52 --> Could not find the language line "Xác Nhận"
ERROR - 2020-01-10 03:43:52 --> Could not find the language line "Đóng"
ERROR - 2020-01-10 03:43:52 --> Could not find the language line "Xác Nhận"
ERROR - 2020-01-10 03:45:22 --> Could not find the language line "Tạo Điểm Lấy Hàng"
ERROR - 2020-01-10 03:45:22 --> Could not find the language line "Tạo Đơn Hàng"
ERROR - 2020-01-10 03:45:22 --> Severity: Warning --> Invalid argument supplied for foreach() /home/admin/domains/spshd.com/public_html/khachhang/application/views/tab4.php 394
ERROR - 2020-01-10 03:45:22 --> Could not find the language line "Đóng"
ERROR - 2020-01-10 03:45:22 --> Could not find the language line "Xác Nhận"
ERROR - 2020-01-10 03:45:22 --> Severity: Warning --> Invalid argument supplied for foreach() /home/admin/domains/spshd.com/public_html/khachhang/application/views/app.php 157
ERROR - 2020-01-10 03:45:22 --> Severity: Warning --> Invalid argument supplied for foreach() /home/admin/domains/spshd.com/public_html/khachhang/application/views/app.php 168
ERROR - 2020-01-10 03:45:22 --> Could not find the language line "Đóng"
ERROR - 2020-01-10 03:45:22 --> Could not find the language line "Xác Nhận"
ERROR - 2020-01-10 03:45:22 --> Could not find the language line "Đóng"
ERROR - 2020-01-10 03:45:22 --> Could not find the language line "Xác Nhận"
ERROR - 2020-01-10 03:45:33 --> Could not find the language line "Email"
ERROR - 2020-01-10 03:45:33 --> Could not find the language line "password"
ERROR - 2020-01-10 05:14:38 --> Could not find the language line "Tạo Điểm Lấy Hàng"
ERROR - 2020-01-10 05:14:38 --> Could not find the language line "Tạo Đơn Hàng"
ERROR - 2020-01-10 05:14:38 --> Severity: Warning --> Invalid argument supplied for foreach() /home/admin/domains/spshd.com/public_html/khachhang/application/views/tab4.php 394
ERROR - 2020-01-10 05:14:38 --> Could not find the language line "Đóng"
ERROR - 2020-01-10 05:14:38 --> Could not find the language line "Xác Nhận"
ERROR - 2020-01-10 05:14:38 --> Severity: Warning --> Invalid argument supplied for foreach() /home/admin/domains/spshd.com/public_html/khachhang/application/views/app.php 157
ERROR - 2020-01-10 05:14:38 --> Severity: Warning --> Invalid argument supplied for foreach() /home/admin/domains/spshd.com/public_html/khachhang/application/views/app.php 168
ERROR - 2020-01-10 05:14:38 --> Could not find the language line "Đóng"
ERROR - 2020-01-10 05:14:38 --> Could not find the language line "Xác Nhận"
ERROR - 2020-01-10 05:14:38 --> Could not find the language line "Đóng"
ERROR - 2020-01-10 05:14:38 --> Could not find the language line "Xác Nhận"
ERROR - 2020-01-10 05:29:02 --> Could not find the language line "Tạo Điểm Lấy Hàng"
ERROR - 2020-01-10 05:29:02 --> Could not find the language line "Tạo Đơn Hàng"
ERROR - 2020-01-10 05:29:02 --> Severity: Warning --> Invalid argument supplied for foreach() /home/admin/domains/spshd.com/public_html/khachhang/application/views/tab4.php 394
ERROR - 2020-01-10 05:29:02 --> Could not find the language line "Đóng"
ERROR - 2020-01-10 05:29:02 --> Could not find the language line "Xác Nhận"
ERROR - 2020-01-10 05:29:02 --> Severity: Warning --> Invalid argument supplied for foreach() /home/admin/domains/spshd.com/public_html/khachhang/application/views/app.php 157
ERROR - 2020-01-10 05:29:02 --> Severity: Warning --> Invalid argument supplied for foreach() /home/admin/domains/spshd.com/public_html/khachhang/application/views/app.php 168
ERROR - 2020-01-10 05:29:02 --> Could not find the language line "Đóng"
ERROR - 2020-01-10 05:29:02 --> Could not find the language line "Xác Nhận"
ERROR - 2020-01-10 05:29:02 --> Could not find the language line "Đóng"
ERROR - 2020-01-10 05:29:02 --> Could not find the language line "Xác Nhận"
ERROR - 2020-01-10 08:59:53 --> Could not find the language line "Tạo Điểm Lấy Hàng"
ERROR - 2020-01-10 08:59:53 --> Could not find the language line "Tạo Đơn Hàng"
ERROR - 2020-01-10 08:59:53 --> Severity: Warning --> Invalid argument supplied for foreach() /home/admin/domains/spshd.com/public_html/khachhang/application/views/tab4.php 394
ERROR - 2020-01-10 08:59:53 --> Could not find the language line "Đóng"
ERROR - 2020-01-10 08:59:53 --> Could not find the language line "Xác Nhận"
ERROR - 2020-01-10 08:59:53 --> Severity: Warning --> Invalid argument supplied for foreach() /home/admin/domains/spshd.com/public_html/khachhang/application/views/app.php 157
ERROR - 2020-01-10 08:59:53 --> Severity: Warning --> Invalid argument supplied for foreach() /home/admin/domains/spshd.com/public_html/khachhang/application/views/app.php 168
ERROR - 2020-01-10 08:59:53 --> Could not find the language line "Đóng"
ERROR - 2020-01-10 08:59:53 --> Could not find the language line "Xác Nhận"
ERROR - 2020-01-10 08:59:53 --> Could not find the language line "Đóng"
ERROR - 2020-01-10 08:59:53 --> Could not find the language line "Xác Nhận"
ERROR - 2020-01-10 09:03:27 --> Could not find the language line "Tạo Điểm Lấy Hàng"
ERROR - 2020-01-10 09:03:27 --> Could not find the language line "Tạo Đơn Hàng"
ERROR - 2020-01-10 09:03:27 --> Severity: Warning --> Invalid argument supplied for foreach() /home/admin/domains/spshd.com/public_html/khachhang/application/views/tab4.php 394
ERROR - 2020-01-10 09:03:27 --> Could not find the language line "Đóng"
ERROR - 2020-01-10 09:03:27 --> Could not find the language line "Xác Nhận"
ERROR - 2020-01-10 09:03:27 --> Severity: Warning --> Invalid argument supplied for foreach() /home/admin/domains/spshd.com/public_html/khachhang/application/views/app.php 157
ERROR - 2020-01-10 09:03:27 --> Severity: Warning --> Invalid argument supplied for foreach() /home/admin/domains/spshd.com/public_html/khachhang/application/views/app.php 168
ERROR - 2020-01-10 09:03:27 --> Could not find the language line "Đóng"
ERROR - 2020-01-10 09:03:27 --> Could not find the language line "Xác Nhận"
ERROR - 2020-01-10 09:03:27 --> Could not find the language line "Đóng"
ERROR - 2020-01-10 09:03:27 --> Could not find the language line "Xác Nhận"
ERROR - 2020-01-10 09:06:48 --> Could not find the language line "Tạo Điểm Lấy Hàng"
ERROR - 2020-01-10 09:06:48 --> Could not find the language line "Tạo Đơn Hàng"
ERROR - 2020-01-10 09:06:48 --> Severity: Warning --> Invalid argument supplied for foreach() /home/admin/domains/spshd.com/public_html/khachhang/application/views/tab4.php 394
ERROR - 2020-01-10 09:06:48 --> Could not find the language line "Đóng"
ERROR - 2020-01-10 09:06:48 --> Could not find the language line "Xác Nhận"
ERROR - 2020-01-10 09:06:48 --> Severity: Warning --> Invalid argument supplied for foreach() /home/admin/domains/spshd.com/public_html/khachhang/application/views/app.php 157
ERROR - 2020-01-10 09:06:48 --> Severity: Warning --> Invalid argument supplied for foreach() /home/admin/domains/spshd.com/public_html/khachhang/application/views/app.php 168
ERROR - 2020-01-10 09:06:48 --> Could not find the language line "Đóng"
ERROR - 2020-01-10 09:06:48 --> Could not find the language line "Xác Nhận"
ERROR - 2020-01-10 09:06:48 --> Could not find the language line "Đóng"
ERROR - 2020-01-10 09:06:48 --> Could not find the language line "Xác Nhận"
ERROR - 2020-01-10 09:10:00 --> Could not find the language line "Tạo Điểm Lấy Hàng"
ERROR - 2020-01-10 09:10:00 --> Could not find the language line "Tạo Đơn Hàng"
ERROR - 2020-01-10 09:10:00 --> Severity: Warning --> Invalid argument supplied for foreach() /home/admin/domains/spshd.com/public_html/khachhang/application/views/tab4.php 394
ERROR - 2020-01-10 09:10:00 --> Could not find the language line "Đóng"
ERROR - 2020-01-10 09:10:00 --> Could not find the language line "Xác Nhận"
ERROR - 2020-01-10 09:10:00 --> Severity: Warning --> Invalid argument supplied for foreach() /home/admin/domains/spshd.com/public_html/khachhang/application/views/app.php 157
ERROR - 2020-01-10 09:10:00 --> Severity: Warning --> Invalid argument supplied for foreach() /home/admin/domains/spshd.com/public_html/khachhang/application/views/app.php 168
ERROR - 2020-01-10 09:10:00 --> Could not find the language line "Đóng"
ERROR - 2020-01-10 09:10:00 --> Could not find the language line "Xác Nhận"
ERROR - 2020-01-10 09:10:00 --> Could not find the language line "Đóng"
ERROR - 2020-01-10 09:10:00 --> Could not find the language line "Xác Nhận"
ERROR - 2020-01-10 09:11:29 --> Could not find the language line "Tạo Điểm Lấy Hàng"
ERROR - 2020-01-10 09:11:29 --> Could not find the language line "Tạo Đơn Hàng"
ERROR - 2020-01-10 09:11:29 --> Severity: Warning --> Invalid argument supplied for foreach() /home/admin/domains/spshd.com/public_html/khachhang/application/views/tab4.php 394
ERROR - 2020-01-10 09:11:29 --> Could not find the language line "Đóng"
ERROR - 2020-01-10 09:11:29 --> Could not find the language line "Xác Nhận"
ERROR - 2020-01-10 09:11:29 --> Severity: Warning --> Invalid argument supplied for foreach() /home/admin/domains/spshd.com/public_html/khachhang/application/views/app.php 157
ERROR - 2020-01-10 09:11:29 --> Severity: Warning --> Invalid argument supplied for foreach() /home/admin/domains/spshd.com/public_html/khachhang/application/views/app.php 168
ERROR - 2020-01-10 09:11:29 --> Could not find the language line "Đóng"
ERROR - 2020-01-10 09:11:29 --> Could not find the language line "Xác Nhận"
ERROR - 2020-01-10 09:11:29 --> Could not find the language line "Đóng"
ERROR - 2020-01-10 09:11:29 --> Could not find the language line "Xác Nhận"
ERROR - 2020-01-10 09:58:38 --> Could not find the language line "Tạo Điểm Lấy Hàng"
ERROR - 2020-01-10 09:58:38 --> Could not find the language line "Tạo Đơn Hàng"
ERROR - 2020-01-10 09:58:38 --> Severity: Warning --> Invalid argument supplied for foreach() /home/admin/domains/spshd.com/public_html/khachhang/application/views/tab4.php 394
ERROR - 2020-01-10 09:58:38 --> Could not find the language line "Đóng"
ERROR - 2020-01-10 09:58:38 --> Could not find the language line "Xác Nhận"
ERROR - 2020-01-10 09:58:38 --> Severity: Warning --> Invalid argument supplied for foreach() /home/admin/domains/spshd.com/public_html/khachhang/application/views/app.php 157
ERROR - 2020-01-10 09:58:38 --> Severity: Warning --> Invalid argument supplied for foreach() /home/admin/domains/spshd.com/public_html/khachhang/application/views/app.php 168
ERROR - 2020-01-10 09:58:38 --> Could not find the language line "Đóng"
ERROR - 2020-01-10 09:58:38 --> Could not find the language line "Xác Nhận"
ERROR - 2020-01-10 09:58:38 --> Could not find the language line "Đóng"
ERROR - 2020-01-10 09:58:38 --> Could not find the language line "Xác Nhận"
ERROR - 2020-01-10 12:05:33 --> Could not find the language line "Tạo Điểm Lấy Hàng"
ERROR - 2020-01-10 12:05:33 --> Could not find the language line "Tạo Đơn Hàng"
ERROR - 2020-01-10 12:05:33 --> Severity: Warning --> Invalid argument supplied for foreach() /home/admin/domains/spshd.com/public_html/khachhang/application/views/tab4.php 394
ERROR - 2020-01-10 12:05:33 --> Could not find the language line "Đóng"
ERROR - 2020-01-10 12:05:33 --> Could not find the language line "Xác Nhận"
ERROR - 2020-01-10 12:05:33 --> Severity: Warning --> Invalid argument supplied for foreach() /home/admin/domains/spshd.com/public_html/khachhang/application/views/app.php 157
ERROR - 2020-01-10 12:05:33 --> Severity: Warning --> Invalid argument supplied for foreach() /home/admin/domains/spshd.com/public_html/khachhang/application/views/app.php 168
ERROR - 2020-01-10 12:05:33 --> Could not find the language line "Đóng"
ERROR - 2020-01-10 12:05:33 --> Could not find the language line "Xác Nhận"
ERROR - 2020-01-10 12:05:33 --> Could not find the language line "Đóng"
ERROR - 2020-01-10 12:05:33 --> Could not find the language line "Xác Nhận"
ERROR - 2020-01-10 13:15:48 --> Could not find the language line "Tạo Điểm Lấy Hàng"
ERROR - 2020-01-10 13:15:48 --> Could not find the language line "Tạo Đơn Hàng"
ERROR - 2020-01-10 13:15:48 --> Severity: Warning --> Invalid argument supplied for foreach() /home/admin/domains/spshd.com/public_html/khachhang/application/views/tab4.php 394
ERROR - 2020-01-10 13:15:48 --> Could not find the language line "Đóng"
ERROR - 2020-01-10 13:15:48 --> Could not find the language line "Xác Nhận"
ERROR - 2020-01-10 13:15:48 --> Severity: Warning --> Invalid argument supplied for foreach() /home/admin/domains/spshd.com/public_html/khachhang/application/views/app.php 157
ERROR - 2020-01-10 13:15:48 --> Severity: Warning --> Invalid argument supplied for foreach() /home/admin/domains/spshd.com/public_html/khachhang/application/views/app.php 168
ERROR - 2020-01-10 13:15:48 --> Could not find the language line "Đóng"
ERROR - 2020-01-10 13:15:48 --> Could not find the language line "Xác Nhận"
ERROR - 2020-01-10 13:15:48 --> Could not find the language line "Đóng"
ERROR - 2020-01-10 13:15:48 --> Could not find the language line "Xác Nhận"
ERROR - 2020-01-10 13:16:49 --> Could not find the language line "Tạo Điểm Lấy Hàng"
ERROR - 2020-01-10 13:16:49 --> Could not find the language line "Tạo Đơn Hàng"
ERROR - 2020-01-10 13:16:49 --> Severity: Warning --> Invalid argument supplied for foreach() /home/admin/domains/spshd.com/public_html/khachhang/application/views/tab4.php 394
ERROR - 2020-01-10 13:16:49 --> Could not find the language line "Đóng"
ERROR - 2020-01-10 13:16:49 --> Could not find the language line "Xác Nhận"
ERROR - 2020-01-10 13:16:49 --> Severity: Warning --> Invalid argument supplied for foreach() /home/admin/domains/spshd.com/public_html/khachhang/application/views/app.php 157
ERROR - 2020-01-10 13:16:49 --> Severity: Warning --> Invalid argument supplied for foreach() /home/admin/domains/spshd.com/public_html/khachhang/application/views/app.php 168
ERROR - 2020-01-10 13:16:49 --> Could not find the language line "Đóng"
ERROR - 2020-01-10 13:16:49 --> Could not find the language line "Xác Nhận"
ERROR - 2020-01-10 13:16:49 --> Could not find the language line "Đóng"
ERROR - 2020-01-10 13:16:49 --> Could not find the language line "Xác Nhận"
ERROR - 2020-01-10 14:43:55 --> Could not find the language line "Tạo Điểm Lấy Hàng"
ERROR - 2020-01-10 14:43:55 --> Could not find the language line "Tạo Đơn Hàng"
ERROR - 2020-01-10 14:43:55 --> Severity: Warning --> Invalid argument supplied for foreach() /home/admin/domains/spshd.com/public_html/khachhang/application/views/tab4.php 394
ERROR - 2020-01-10 14:43:55 --> Could not find the language line "Đóng"
ERROR - 2020-01-10 14:43:55 --> Could not find the language line "Xác Nhận"
ERROR - 2020-01-10 14:43:55 --> Severity: Warning --> Invalid argument supplied for foreach() /home/admin/domains/spshd.com/public_html/khachhang/application/views/app.php 157
ERROR - 2020-01-10 14:43:55 --> Severity: Warning --> Invalid argument supplied for foreach() /home/admin/domains/spshd.com/public_html/khachhang/application/views/app.php 168
ERROR - 2020-01-10 14:43:55 --> Could not find the language line "Đóng"
ERROR - 2020-01-10 14:43:55 --> Could not find the language line "Xác Nhận"
ERROR - 2020-01-10 14:43:55 --> Could not find the language line "Đóng"
ERROR - 2020-01-10 14:43:55 --> Could not find the language line "Xác Nhận"
ERROR - 2020-01-10 14:58:18 --> Could not find the language line "Email"
ERROR - 2020-01-10 14:58:18 --> Could not find the language line "password"
ERROR - 2020-01-10 16:43:22 --> Could not find the language line "Email"
ERROR - 2020-01-10 16:43:22 --> Could not find the language line "password"
ERROR - 2020-01-10 23:45:29 --> Could not find the language line "Tạo Điểm Lấy Hàng"
ERROR - 2020-01-10 23:45:29 --> Could not find the language line "Tạo Đơn Hàng"
ERROR - 2020-01-10 23:45:29 --> Severity: Warning --> Invalid argument supplied for foreach() /home/admin/domains/spshd.com/public_html/khachhang/application/views/tab4.php 394
ERROR - 2020-01-10 23:45:29 --> Could not find the language line "Đóng"
ERROR - 2020-01-10 23:45:29 --> Could not find the language line "Xác Nhận"
ERROR - 2020-01-10 23:45:29 --> Severity: Warning --> Invalid argument supplied for foreach() /home/admin/domains/spshd.com/public_html/khachhang/application/views/app.php 157
ERROR - 2020-01-10 23:45:29 --> Severity: Warning --> Invalid argument supplied for foreach() /home/admin/domains/spshd.com/public_html/khachhang/application/views/app.php 168
ERROR - 2020-01-10 23:45:29 --> Could not find the language line "Đóng"
ERROR - 2020-01-10 23:45:29 --> Could not find the language line "Xác Nhận"
ERROR - 2020-01-10 23:45:29 --> Could not find the language line "Đóng"
ERROR - 2020-01-10 23:45:29 --> Could not find the language line "Xác Nhận"
ERROR - 2020-01-10 23:45:32 --> Could not find the language line "Tạo Điểm Lấy Hàng"
ERROR - 2020-01-10 23:45:32 --> Could not find the language line "Tạo Đơn Hàng"
ERROR - 2020-01-10 23:45:32 --> Severity: Warning --> Invalid argument supplied for foreach() /home/admin/domains/spshd.com/public_html/khachhang/application/views/tab4.php 394
ERROR - 2020-01-10 23:45:32 --> Could not find the language line "Đóng"
ERROR - 2020-01-10 23:45:32 --> Could not find the language line "Xác Nhận"
ERROR - 2020-01-10 23:45:32 --> Severity: Warning --> Invalid argument supplied for foreach() /home/admin/domains/spshd.com/public_html/khachhang/application/views/app.php 157
ERROR - 2020-01-10 23:45:32 --> Severity: Warning --> Invalid argument supplied for foreach() /home/admin/domains/spshd.com/public_html/khachhang/application/views/app.php 168
ERROR - 2020-01-10 23:45:32 --> Could not find the language line "Đóng"
ERROR - 2020-01-10 23:45:32 --> Could not find the language line "Xác Nhận"
ERROR - 2020-01-10 23:45:32 --> Could not find the language line "Đóng"
ERROR - 2020-01-10 23:45:32 --> Could not find the language line "Xác Nhận"
ERROR - 2020-01-10 23:45:33 --> Could not find the language line "Tạo Điểm Lấy Hàng"
ERROR - 2020-01-10 23:45:33 --> Could not find the language line "Tạo Đơn Hàng"
ERROR - 2020-01-10 23:45:33 --> Severity: Warning --> Invalid argument supplied for foreach() /home/admin/domains/spshd.com/public_html/khachhang/application/views/tab4.php 394
ERROR - 2020-01-10 23:45:33 --> Could not find the language line "Đóng"
ERROR - 2020-01-10 23:45:33 --> Could not find the language line "Xác Nhận"
ERROR - 2020-01-10 23:45:33 --> Severity: Warning --> Invalid argument supplied for foreach() /home/admin/domains/spshd.com/public_html/khachhang/application/views/app.php 157
ERROR - 2020-01-10 23:45:33 --> Severity: Warning --> Invalid argument supplied for foreach() /home/admin/domains/spshd.com/public_html/khachhang/application/views/app.php 168
ERROR - 2020-01-10 23:45:33 --> Could not find the language line "Đóng"
ERROR - 2020-01-10 23:45:33 --> Could not find the language line "Xác Nhận"
ERROR - 2020-01-10 23:45:33 --> Could not find the language line "Đóng"
ERROR - 2020-01-10 23:45:33 --> Could not find the language line "Xác Nhận"
ERROR - 2020-01-10 23:50:09 --> Could not find the language line "Email"
ERROR - 2020-01-10 23:50:09 --> Could not find the language line "password"
ERROR - 2020-01-10 23:51:03 --> Could not find the language line "Tạo Điểm Lấy Hàng"
ERROR - 2020-01-10 23:51:03 --> Could not find the language line "Tạo Đơn Hàng"
ERROR - 2020-01-10 23:51:03 --> Severity: Warning --> Invalid argument supplied for foreach() /home/admin/domains/spshd.com/public_html/khachhang/application/views/tab4.php 394
ERROR - 2020-01-10 23:51:03 --> Could not find the language line "Đóng"
ERROR - 2020-01-10 23:51:03 --> Could not find the language line "Xác Nhận"
ERROR - 2020-01-10 23:51:03 --> Severity: Warning --> Invalid argument supplied for foreach() /home/admin/domains/spshd.com/public_html/khachhang/application/views/app.php 157
ERROR - 2020-01-10 23:51:03 --> Severity: Warning --> Invalid argument supplied for foreach() /home/admin/domains/spshd.com/public_html/khachhang/application/views/app.php 168
ERROR - 2020-01-10 23:51:03 --> Could not find the language line "Đóng"
ERROR - 2020-01-10 23:51:03 --> Could not find the language line "Xác Nhận"
ERROR - 2020-01-10 23:51:03 --> Could not find the language line "Đóng"
ERROR - 2020-01-10 23:51:03 --> Could not find the language line "Xác Nhận"
ERROR - 2020-01-10 23:53:21 --> Could not find the language line "Tạo Điểm Lấy Hàng"
ERROR - 2020-01-10 23:53:21 --> Could not find the language line "Tạo Đơn Hàng"
ERROR - 2020-01-10 23:53:21 --> Severity: Warning --> Invalid argument supplied for foreach() /home/admin/domains/spshd.com/public_html/khachhang/application/views/tab4.php 394
ERROR - 2020-01-10 23:53:21 --> Could not find the language line "Đóng"
ERROR - 2020-01-10 23:53:21 --> Could not find the language line "Xác Nhận"
ERROR - 2020-01-10 23:53:21 --> Severity: Warning --> Invalid argument supplied for foreach() /home/admin/domains/spshd.com/public_html/khachhang/application/views/app.php 157
ERROR - 2020-01-10 23:53:21 --> Severity: Warning --> Invalid argument supplied for foreach() /home/admin/domains/spshd.com/public_html/khachhang/application/views/app.php 168
ERROR - 2020-01-10 23:53:21 --> Could not find the language line "Đóng"
ERROR - 2020-01-10 23:53:21 --> Could not find the language line "Xác Nhận"
ERROR - 2020-01-10 23:53:21 --> Could not find the language line "Đóng"
ERROR - 2020-01-10 23:53:21 --> Could not find the language line "Xác Nhận"
