ERROR - 2020-04-15 02:11:41 --> Could not find the language line "Email"
ERROR - 2020-04-15 02:11:41 --> Could not find the language line "password"
ERROR - 2020-04-15 02:32:56 --> Could not find the language line "Email"
ERROR - 2020-04-15 02:32:56 --> Could not find the language line "password"
ERROR - 2020-04-15 08:33:16 --> Could not find the language line "Tạo Điểm Lấy Hàng"
ERROR - 2020-04-15 08:33:16 --> Could not find the language line "Tạo Đơn Hàng"
ERROR - 2020-04-15 08:33:16 --> Could not find the language line "Đóng"
ERROR - 2020-04-15 08:33:16 --> Could not find the language line "Xác Nhận"
ERROR - 2020-04-15 08:33:16 --> Severity: Warning --> Invalid argument supplied for foreach() /home/admin/domains/spshd.com/public_html/khachhang/application/views/app.php 161
ERROR - 2020-04-15 08:33:16 --> Severity: Warning --> Invalid argument supplied for foreach() /home/admin/domains/spshd.com/public_html/khachhang/application/views/app.php 172
ERROR - 2020-04-15 08:33:16 --> Could not find the language line "Đóng"
ERROR - 2020-04-15 08:33:16 --> Could not find the language line "Xác Nhận"
ERROR - 2020-04-15 08:33:16 --> Could not find the language line "Đóng"
ERROR - 2020-04-15 08:33:16 --> Could not find the language line "Xác Nhận"
ERROR - 2020-04-15 08:33:57 --> Could not find the language line "Tạo Điểm Lấy Hàng"
ERROR - 2020-04-15 08:33:57 --> Could not find the language line "Tạo Đơn Hàng"
ERROR - 2020-04-15 08:33:57 --> Could not find the language line "Đóng"
ERROR - 2020-04-15 08:33:57 --> Could not find the language line "Xác Nhận"
ERROR - 2020-04-15 08:33:57 --> Severity: Warning --> Invalid argument supplied for foreach() /home/admin/domains/spshd.com/public_html/khachhang/application/views/app.php 161
ERROR - 2020-04-15 08:33:57 --> Severity: Warning --> Invalid argument supplied for foreach() /home/admin/domains/spshd.com/public_html/khachhang/application/views/app.php 172
ERROR - 2020-04-15 08:33:57 --> Could not find the language line "Đóng"
ERROR - 2020-04-15 08:33:57 --> Could not find the language line "Xác Nhận"
ERROR - 2020-04-15 08:33:57 --> Could not find the language line "Đóng"
ERROR - 2020-04-15 08:33:57 --> Could not find the language line "Xác Nhận"
ERROR - 2020-04-15 08:33:58 --> Could not find the language line "Tạo Điểm Lấy Hàng"
ERROR - 2020-04-15 08:33:58 --> Could not find the language line "Tạo Đơn Hàng"
ERROR - 2020-04-15 08:33:58 --> Could not find the language line "Đóng"
ERROR - 2020-04-15 08:33:58 --> Could not find the language line "Xác Nhận"
ERROR - 2020-04-15 08:33:58 --> Severity: Warning --> Invalid argument supplied for foreach() /home/admin/domains/spshd.com/public_html/khachhang/application/views/app.php 161
ERROR - 2020-04-15 08:33:58 --> Severity: Warning --> Invalid argument supplied for foreach() /home/admin/domains/spshd.com/public_html/khachhang/application/views/app.php 172
ERROR - 2020-04-15 08:33:58 --> Could not find the language line "Đóng"
ERROR - 2020-04-15 08:33:58 --> Could not find the language line "Xác Nhận"
ERROR - 2020-04-15 08:33:58 --> Could not find the language line "Đóng"
ERROR - 2020-04-15 08:33:58 --> Could not find the language line "Xác Nhận"
ERROR - 2020-04-15 08:45:15 --> Could not find the language line "Tạo Điểm Lấy Hàng"
ERROR - 2020-04-15 08:45:15 --> Could not find the language line "Tạo Đơn Hàng"
ERROR - 2020-04-15 08:45:15 --> Could not find the language line "Đóng"
ERROR - 2020-04-15 08:45:15 --> Could not find the language line "Xác Nhận"
ERROR - 2020-04-15 08:45:15 --> Severity: Warning --> Invalid argument supplied for foreach() /home/admin/domains/spshd.com/public_html/khachhang/application/views/app.php 161
ERROR - 2020-04-15 08:45:15 --> Severity: Warning --> Invalid argument supplied for foreach() /home/admin/domains/spshd.com/public_html/khachhang/application/views/app.php 172
ERROR - 2020-04-15 08:45:15 --> Could not find the language line "Đóng"
ERROR - 2020-04-15 08:45:15 --> Could not find the language line "Xác Nhận"
ERROR - 2020-04-15 08:45:15 --> Could not find the language line "Đóng"
ERROR - 2020-04-15 08:45:15 --> Could not find the language line "Xác Nhận"
ERROR - 2020-04-15 08:58:26 --> Could not find the language line "Tạo Điểm Lấy Hàng"
ERROR - 2020-04-15 08:58:26 --> Could not find the language line "Tạo Đơn Hàng"
ERROR - 2020-04-15 08:58:26 --> Could not find the language line "Đóng"
ERROR - 2020-04-15 08:58:26 --> Could not find the language line "Xác Nhận"
ERROR - 2020-04-15 08:58:26 --> Severity: Warning --> Invalid argument supplied for foreach() /home/admin/domains/spshd.com/public_html/khachhang/application/views/app.php 161
ERROR - 2020-04-15 08:58:26 --> Severity: Warning --> Invalid argument supplied for foreach() /home/admin/domains/spshd.com/public_html/khachhang/application/views/app.php 172
ERROR - 2020-04-15 08:58:26 --> Could not find the language line "Đóng"
ERROR - 2020-04-15 08:58:26 --> Could not find the language line "Xác Nhận"
ERROR - 2020-04-15 08:58:26 --> Could not find the language line "Đóng"
ERROR - 2020-04-15 08:58:26 --> Could not find the language line "Xác Nhận"
ERROR - 2020-04-15 09:43:08 --> Could not find the language line "Tạo Điểm Lấy Hàng"
ERROR - 2020-04-15 09:43:08 --> Could not find the language line "Tạo Đơn Hàng"
ERROR - 2020-04-15 09:43:08 --> Could not find the language line "Đóng"
ERROR - 2020-04-15 09:43:08 --> Could not find the language line "Xác Nhận"
ERROR - 2020-04-15 09:43:08 --> Severity: Warning --> Invalid argument supplied for foreach() /home/admin/domains/spshd.com/public_html/khachhang/application/views/app.php 161
ERROR - 2020-04-15 09:43:08 --> Severity: Warning --> Invalid argument supplied for foreach() /home/admin/domains/spshd.com/public_html/khachhang/application/views/app.php 172
ERROR - 2020-04-15 09:43:08 --> Could not find the language line "Đóng"
ERROR - 2020-04-15 09:43:08 --> Could not find the language line "Xác Nhận"
ERROR - 2020-04-15 09:43:08 --> Could not find the language line "Đóng"
ERROR - 2020-04-15 09:43:08 --> Could not find the language line "Xác Nhận"
ERROR - 2020-04-15 09:43:09 --> Could not find the language line "Tạo Điểm Lấy Hàng"
ERROR - 2020-04-15 09:43:09 --> Could not find the language line "Tạo Đơn Hàng"
ERROR - 2020-04-15 09:43:09 --> Could not find the language line "Đóng"
ERROR - 2020-04-15 09:43:09 --> Could not find the language line "Xác Nhận"
ERROR - 2020-04-15 09:43:09 --> Severity: Warning --> Invalid argument supplied for foreach() /home/admin/domains/spshd.com/public_html/khachhang/application/views/app.php 161
ERROR - 2020-04-15 09:43:09 --> Severity: Warning --> Invalid argument supplied for foreach() /home/admin/domains/spshd.com/public_html/khachhang/application/views/app.php 172
ERROR - 2020-04-15 09:43:09 --> Could not find the language line "Đóng"
ERROR - 2020-04-15 09:43:09 --> Could not find the language line "Xác Nhận"
ERROR - 2020-04-15 09:43:09 --> Could not find the language line "Đóng"
ERROR - 2020-04-15 09:43:09 --> Could not find the language line "Xác Nhận"
ERROR - 2020-04-15 09:49:04 --> Could not find the language line "Tạo Điểm Lấy Hàng"
ERROR - 2020-04-15 09:49:04 --> Could not find the language line "Tạo Đơn Hàng"
ERROR - 2020-04-15 09:49:04 --> Could not find the language line "Đóng"
ERROR - 2020-04-15 09:49:04 --> Could not find the language line "Xác Nhận"
ERROR - 2020-04-15 09:49:04 --> Severity: Warning --> Invalid argument supplied for foreach() /home/admin/domains/spshd.com/public_html/khachhang/application/views/app.php 161
ERROR - 2020-04-15 09:49:04 --> Severity: Warning --> Invalid argument supplied for foreach() /home/admin/domains/spshd.com/public_html/khachhang/application/views/app.php 172
ERROR - 2020-04-15 09:49:04 --> Could not find the language line "Đóng"
ERROR - 2020-04-15 09:49:04 --> Could not find the language line "Xác Nhận"
ERROR - 2020-04-15 09:49:04 --> Could not find the language line "Đóng"
ERROR - 2020-04-15 09:49:04 --> Could not find the language line "Xác Nhận"
ERROR - 2020-04-15 09:51:22 --> Could not find the language line "Tạo Điểm Lấy Hàng"
ERROR - 2020-04-15 09:51:22 --> Could not find the language line "Tạo Đơn Hàng"
ERROR - 2020-04-15 09:51:22 --> Could not find the language line "Đóng"
ERROR - 2020-04-15 09:51:22 --> Could not find the language line "Xác Nhận"
ERROR - 2020-04-15 09:51:22 --> Severity: Warning --> Invalid argument supplied for foreach() /home/admin/domains/spshd.com/public_html/khachhang/application/views/app.php 161
ERROR - 2020-04-15 09:51:22 --> Severity: Warning --> Invalid argument supplied for foreach() /home/admin/domains/spshd.com/public_html/khachhang/application/views/app.php 172
ERROR - 2020-04-15 09:51:22 --> Could not find the language line "Đóng"
ERROR - 2020-04-15 09:51:22 --> Could not find the language line "Xác Nhận"
ERROR - 2020-04-15 09:51:22 --> Could not find the language line "Đóng"
ERROR - 2020-04-15 09:51:22 --> Could not find the language line "Xác Nhận"
ERROR - 2020-04-15 09:54:28 --> Could not find the language line "Tạo Điểm Lấy Hàng"
ERROR - 2020-04-15 09:54:28 --> Could not find the language line "Tạo Đơn Hàng"
ERROR - 2020-04-15 09:54:28 --> Could not find the language line "Đóng"
ERROR - 2020-04-15 09:54:28 --> Could not find the language line "Xác Nhận"
ERROR - 2020-04-15 09:54:28 --> Severity: Warning --> Invalid argument supplied for foreach() /home/admin/domains/spshd.com/public_html/khachhang/application/views/app.php 161
ERROR - 2020-04-15 09:54:28 --> Severity: Warning --> Invalid argument supplied for foreach() /home/admin/domains/spshd.com/public_html/khachhang/application/views/app.php 172
ERROR - 2020-04-15 09:54:28 --> Could not find the language line "Đóng"
ERROR - 2020-04-15 09:54:28 --> Could not find the language line "Xác Nhận"
ERROR - 2020-04-15 09:54:28 --> Could not find the language line "Đóng"
ERROR - 2020-04-15 09:54:28 --> Could not find the language line "Xác Nhận"
ERROR - 2020-04-15 09:55:24 --> Could not find the language line "Tạo Điểm Lấy Hàng"
ERROR - 2020-04-15 09:55:24 --> Could not find the language line "Tạo Đơn Hàng"
ERROR - 2020-04-15 09:55:24 --> Could not find the language line "Đóng"
ERROR - 2020-04-15 09:55:24 --> Could not find the language line "Xác Nhận"
ERROR - 2020-04-15 09:55:24 --> Severity: Warning --> Invalid argument supplied for foreach() /home/admin/domains/spshd.com/public_html/khachhang/application/views/app.php 161
ERROR - 2020-04-15 09:55:24 --> Severity: Warning --> Invalid argument supplied for foreach() /home/admin/domains/spshd.com/public_html/khachhang/application/views/app.php 172
ERROR - 2020-04-15 09:55:24 --> Could not find the language line "Đóng"
ERROR - 2020-04-15 09:55:24 --> Could not find the language line "Xác Nhận"
ERROR - 2020-04-15 09:55:24 --> Could not find the language line "Đóng"
ERROR - 2020-04-15 09:55:24 --> Could not find the language line "Xác Nhận"
ERROR - 2020-04-15 10:00:07 --> Could not find the language line "Tạo Điểm Lấy Hàng"
ERROR - 2020-04-15 10:00:07 --> Could not find the language line "Tạo Đơn Hàng"
ERROR - 2020-04-15 10:00:07 --> Could not find the language line "Đóng"
ERROR - 2020-04-15 10:00:07 --> Could not find the language line "Xác Nhận"
ERROR - 2020-04-15 10:00:07 --> Severity: Warning --> Invalid argument supplied for foreach() /home/admin/domains/spshd.com/public_html/khachhang/application/views/app.php 161
ERROR - 2020-04-15 10:00:07 --> Severity: Warning --> Invalid argument supplied for foreach() /home/admin/domains/spshd.com/public_html/khachhang/application/views/app.php 172
ERROR - 2020-04-15 10:00:07 --> Could not find the language line "Đóng"
ERROR - 2020-04-15 10:00:07 --> Could not find the language line "Xác Nhận"
ERROR - 2020-04-15 10:00:07 --> Could not find the language line "Đóng"
ERROR - 2020-04-15 10:00:07 --> Could not find the language line "Xác Nhận"
ERROR - 2020-04-15 10:02:23 --> Could not find the language line "Tạo Điểm Lấy Hàng"
ERROR - 2020-04-15 10:02:23 --> Could not find the language line "Tạo Đơn Hàng"
ERROR - 2020-04-15 10:02:23 --> Could not find the language line "Đóng"
ERROR - 2020-04-15 10:02:23 --> Could not find the language line "Xác Nhận"
ERROR - 2020-04-15 10:02:23 --> Severity: Warning --> Invalid argument supplied for foreach() /home/admin/domains/spshd.com/public_html/khachhang/application/views/app.php 161
ERROR - 2020-04-15 10:02:23 --> Severity: Warning --> Invalid argument supplied for foreach() /home/admin/domains/spshd.com/public_html/khachhang/application/views/app.php 172
ERROR - 2020-04-15 10:02:23 --> Could not find the language line "Đóng"
ERROR - 2020-04-15 10:02:23 --> Could not find the language line "Xác Nhận"
ERROR - 2020-04-15 10:02:23 --> Could not find the language line "Đóng"
ERROR - 2020-04-15 10:02:23 --> Could not find the language line "Xác Nhận"
ERROR - 2020-04-15 10:07:15 --> Could not find the language line "Tạo Điểm Lấy Hàng"
ERROR - 2020-04-15 10:07:15 --> Could not find the language line "Tạo Đơn Hàng"
ERROR - 2020-04-15 10:07:15 --> Could not find the language line "Đóng"
ERROR - 2020-04-15 10:07:15 --> Could not find the language line "Xác Nhận"
ERROR - 2020-04-15 10:07:15 --> Severity: Warning --> Invalid argument supplied for foreach() /home/admin/domains/spshd.com/public_html/khachhang/application/views/app.php 161
ERROR - 2020-04-15 10:07:15 --> Severity: Warning --> Invalid argument supplied for foreach() /home/admin/domains/spshd.com/public_html/khachhang/application/views/app.php 172
ERROR - 2020-04-15 10:07:15 --> Could not find the language line "Đóng"
ERROR - 2020-04-15 10:07:15 --> Could not find the language line "Xác Nhận"
ERROR - 2020-04-15 10:07:15 --> Could not find the language line "Đóng"
ERROR - 2020-04-15 10:07:15 --> Could not find the language line "Xác Nhận"
ERROR - 2020-04-15 10:12:08 --> Could not find the language line "Tạo Điểm Lấy Hàng"
ERROR - 2020-04-15 10:12:08 --> Could not find the language line "Tạo Đơn Hàng"
ERROR - 2020-04-15 10:12:08 --> Could not find the language line "Đóng"
ERROR - 2020-04-15 10:12:08 --> Could not find the language line "Xác Nhận"
ERROR - 2020-04-15 10:12:08 --> Severity: Warning --> Invalid argument supplied for foreach() /home/admin/domains/spshd.com/public_html/khachhang/application/views/app.php 161
ERROR - 2020-04-15 10:12:08 --> Severity: Warning --> Invalid argument supplied for foreach() /home/admin/domains/spshd.com/public_html/khachhang/application/views/app.php 172
ERROR - 2020-04-15 10:12:08 --> Could not find the language line "Đóng"
ERROR - 2020-04-15 10:12:08 --> Could not find the language line "Xác Nhận"
ERROR - 2020-04-15 10:12:08 --> Could not find the language line "Đóng"
ERROR - 2020-04-15 10:12:08 --> Could not find the language line "Xác Nhận"
ERROR - 2020-04-15 10:33:10 --> Could not find the language line "Tạo Điểm Lấy Hàng"
ERROR - 2020-04-15 10:33:10 --> Could not find the language line "Tạo Đơn Hàng"
ERROR - 2020-04-15 10:33:10 --> Could not find the language line "Đóng"
ERROR - 2020-04-15 10:33:10 --> Could not find the language line "Xác Nhận"
ERROR - 2020-04-15 10:33:10 --> Severity: Warning --> Invalid argument supplied for foreach() /home/admin/domains/spshd.com/public_html/khachhang/application/views/app.php 161
ERROR - 2020-04-15 10:33:10 --> Severity: Warning --> Invalid argument supplied for foreach() /home/admin/domains/spshd.com/public_html/khachhang/application/views/app.php 172
ERROR - 2020-04-15 10:33:10 --> Could not find the language line "Đóng"
ERROR - 2020-04-15 10:33:10 --> Could not find the language line "Xác Nhận"
ERROR - 2020-04-15 10:33:10 --> Could not find the language line "Đóng"
ERROR - 2020-04-15 10:33:10 --> Could not find the language line "Xác Nhận"
ERROR - 2020-04-15 10:38:15 --> Could not find the language line "Tạo Điểm Lấy Hàng"
ERROR - 2020-04-15 10:38:15 --> Could not find the language line "Tạo Đơn Hàng"
ERROR - 2020-04-15 10:38:15 --> Could not find the language line "Đóng"
ERROR - 2020-04-15 10:38:15 --> Could not find the language line "Xác Nhận"
ERROR - 2020-04-15 10:38:15 --> Severity: Warning --> Invalid argument supplied for foreach() /home/admin/domains/spshd.com/public_html/khachhang/application/views/app.php 161
ERROR - 2020-04-15 10:38:15 --> Severity: Warning --> Invalid argument supplied for foreach() /home/admin/domains/spshd.com/public_html/khachhang/application/views/app.php 172
ERROR - 2020-04-15 10:38:15 --> Could not find the language line "Đóng"
ERROR - 2020-04-15 10:38:15 --> Could not find the language line "Xác Nhận"
ERROR - 2020-04-15 10:38:15 --> Could not find the language line "Đóng"
ERROR - 2020-04-15 10:38:15 --> Could not find the language line "Xác Nhận"
ERROR - 2020-04-15 10:38:15 --> Could not find the language line "Tạo Điểm Lấy Hàng"
ERROR - 2020-04-15 10:38:15 --> Could not find the language line "Tạo Đơn Hàng"
ERROR - 2020-04-15 10:38:15 --> Could not find the language line "Đóng"
ERROR - 2020-04-15 10:38:15 --> Could not find the language line "Xác Nhận"
ERROR - 2020-04-15 10:38:15 --> Severity: Warning --> Invalid argument supplied for foreach() /home/admin/domains/spshd.com/public_html/khachhang/application/views/app.php 161
ERROR - 2020-04-15 10:38:15 --> Severity: Warning --> Invalid argument supplied for foreach() /home/admin/domains/spshd.com/public_html/khachhang/application/views/app.php 172
ERROR - 2020-04-15 10:38:15 --> Could not find the language line "Đóng"
ERROR - 2020-04-15 10:38:15 --> Could not find the language line "Xác Nhận"
ERROR - 2020-04-15 10:38:15 --> Could not find the language line "Đóng"
ERROR - 2020-04-15 10:38:15 --> Could not find the language line "Xác Nhận"
ERROR - 2020-04-15 10:45:37 --> Could not find the language line "Tạo Điểm Lấy Hàng"
ERROR - 2020-04-15 10:45:37 --> Could not find the language line "Tạo Đơn Hàng"
ERROR - 2020-04-15 10:45:37 --> Could not find the language line "Đóng"
ERROR - 2020-04-15 10:45:37 --> Could not find the language line "Xác Nhận"
ERROR - 2020-04-15 10:45:37 --> Severity: Warning --> Invalid argument supplied for foreach() /home/admin/domains/spshd.com/public_html/khachhang/application/views/app.php 161
ERROR - 2020-04-15 10:45:37 --> Severity: Warning --> Invalid argument supplied for foreach() /home/admin/domains/spshd.com/public_html/khachhang/application/views/app.php 172
ERROR - 2020-04-15 10:45:37 --> Could not find the language line "Đóng"
ERROR - 2020-04-15 10:45:37 --> Could not find the language line "Xác Nhận"
ERROR - 2020-04-15 10:45:37 --> Could not find the language line "Đóng"
ERROR - 2020-04-15 10:45:37 --> Could not find the language line "Xác Nhận"
ERROR - 2020-04-15 10:45:37 --> Could not find the language line "Tạo Điểm Lấy Hàng"
ERROR - 2020-04-15 10:45:37 --> Could not find the language line "Tạo Đơn Hàng"
ERROR - 2020-04-15 10:45:37 --> Could not find the language line "Đóng"
ERROR - 2020-04-15 10:45:37 --> Could not find the language line "Xác Nhận"
ERROR - 2020-04-15 10:45:37 --> Severity: Warning --> Invalid argument supplied for foreach() /home/admin/domains/spshd.com/public_html/khachhang/application/views/app.php 161
ERROR - 2020-04-15 10:45:37 --> Severity: Warning --> Invalid argument supplied for foreach() /home/admin/domains/spshd.com/public_html/khachhang/application/views/app.php 172
ERROR - 2020-04-15 10:45:37 --> Could not find the language line "Đóng"
ERROR - 2020-04-15 10:45:37 --> Could not find the language line "Xác Nhận"
ERROR - 2020-04-15 10:45:37 --> Could not find the language line "Đóng"
ERROR - 2020-04-15 10:45:37 --> Could not find the language line "Xác Nhận"
ERROR - 2020-04-15 10:46:15 --> Could not find the language line "Tạo Điểm Lấy Hàng"
ERROR - 2020-04-15 10:46:15 --> Could not find the language line "Tạo Đơn Hàng"
ERROR - 2020-04-15 10:46:15 --> Could not find the language line "Đóng"
ERROR - 2020-04-15 10:46:15 --> Could not find the language line "Xác Nhận"
ERROR - 2020-04-15 10:46:15 --> Severity: Warning --> Invalid argument supplied for foreach() /home/admin/domains/spshd.com/public_html/khachhang/application/views/app.php 161
ERROR - 2020-04-15 10:46:15 --> Severity: Warning --> Invalid argument supplied for foreach() /home/admin/domains/spshd.com/public_html/khachhang/application/views/app.php 172
ERROR - 2020-04-15 10:46:15 --> Could not find the language line "Đóng"
ERROR - 2020-04-15 10:46:15 --> Could not find the language line "Xác Nhận"
ERROR - 2020-04-15 10:46:15 --> Could not find the language line "Đóng"
ERROR - 2020-04-15 10:46:15 --> Could not find the language line "Xác Nhận"
ERROR - 2020-04-15 10:46:38 --> Could not find the language line "Tạo Điểm Lấy Hàng"
ERROR - 2020-04-15 10:46:38 --> Could not find the language line "Tạo Đơn Hàng"
ERROR - 2020-04-15 10:46:38 --> Could not find the language line "Đóng"
ERROR - 2020-04-15 10:46:38 --> Could not find the language line "Xác Nhận"
ERROR - 2020-04-15 10:46:38 --> Severity: Warning --> Invalid argument supplied for foreach() /home/admin/domains/spshd.com/public_html/khachhang/application/views/app.php 161
ERROR - 2020-04-15 10:46:38 --> Severity: Warning --> Invalid argument supplied for foreach() /home/admin/domains/spshd.com/public_html/khachhang/application/views/app.php 172
ERROR - 2020-04-15 10:46:38 --> Could not find the language line "Đóng"
ERROR - 2020-04-15 10:46:38 --> Could not find the language line "Xác Nhận"
ERROR - 2020-04-15 10:46:38 --> Could not find the language line "Đóng"
ERROR - 2020-04-15 10:46:38 --> Could not find the language line "Xác Nhận"
ERROR - 2020-04-15 05:05:14 --> Could not find the language line "Email"
ERROR - 2020-04-15 05:05:14 --> Could not find the language line "password"
ERROR - 2020-04-15 11:16:52 --> Could not find the language line "Tạo Điểm Lấy Hàng"
ERROR - 2020-04-15 11:16:52 --> Could not find the language line "Tạo Đơn Hàng"
ERROR - 2020-04-15 11:16:52 --> Could not find the language line "Đóng"
ERROR - 2020-04-15 11:16:52 --> Could not find the language line "Xác Nhận"
ERROR - 2020-04-15 11:16:52 --> Severity: Warning --> Invalid argument supplied for foreach() /home/admin/domains/spshd.com/public_html/khachhang/application/views/app.php 161
ERROR - 2020-04-15 11:16:52 --> Severity: Warning --> Invalid argument supplied for foreach() /home/admin/domains/spshd.com/public_html/khachhang/application/views/app.php 172
ERROR - 2020-04-15 11:16:52 --> Could not find the language line "Đóng"
ERROR - 2020-04-15 11:16:52 --> Could not find the language line "Xác Nhận"
ERROR - 2020-04-15 11:16:52 --> Could not find the language line "Đóng"
ERROR - 2020-04-15 11:16:52 --> Could not find the language line "Xác Nhận"
ERROR - 2020-04-15 11:21:31 --> Could not find the language line "Tạo Điểm Lấy Hàng"
ERROR - 2020-04-15 11:21:31 --> Could not find the language line "Tạo Đơn Hàng"
ERROR - 2020-04-15 11:21:31 --> Could not find the language line "Đóng"
ERROR - 2020-04-15 11:21:31 --> Could not find the language line "Xác Nhận"
ERROR - 2020-04-15 11:21:31 --> Severity: Warning --> Invalid argument supplied for foreach() /home/admin/domains/spshd.com/public_html/khachhang/application/views/app.php 161
ERROR - 2020-04-15 11:21:31 --> Severity: Warning --> Invalid argument supplied for foreach() /home/admin/domains/spshd.com/public_html/khachhang/application/views/app.php 172
ERROR - 2020-04-15 11:21:31 --> Could not find the language line "Đóng"
ERROR - 2020-04-15 11:21:31 --> Could not find the language line "Xác Nhận"
ERROR - 2020-04-15 11:21:31 --> Could not find the language line "Đóng"
ERROR - 2020-04-15 11:21:31 --> Could not find the language line "Xác Nhận"
ERROR - 2020-04-15 11:21:32 --> Could not find the language line "Tạo Điểm Lấy Hàng"
ERROR - 2020-04-15 11:21:32 --> Could not find the language line "Tạo Đơn Hàng"
ERROR - 2020-04-15 11:21:32 --> Could not find the language line "Đóng"
ERROR - 2020-04-15 11:21:32 --> Could not find the language line "Xác Nhận"
ERROR - 2020-04-15 11:21:32 --> Severity: Warning --> Invalid argument supplied for foreach() /home/admin/domains/spshd.com/public_html/khachhang/application/views/app.php 161
ERROR - 2020-04-15 11:21:32 --> Severity: Warning --> Invalid argument supplied for foreach() /home/admin/domains/spshd.com/public_html/khachhang/application/views/app.php 172
ERROR - 2020-04-15 11:21:32 --> Could not find the language line "Đóng"
ERROR - 2020-04-15 11:21:32 --> Could not find the language line "Xác Nhận"
ERROR - 2020-04-15 11:21:32 --> Could not find the language line "Đóng"
ERROR - 2020-04-15 11:21:32 --> Could not find the language line "Xác Nhận"
ERROR - 2020-04-15 11:21:45 --> Could not find the language line "Tạo Điểm Lấy Hàng"
ERROR - 2020-04-15 11:21:45 --> Could not find the language line "Tạo Đơn Hàng"
ERROR - 2020-04-15 11:21:45 --> Could not find the language line "Đóng"
ERROR - 2020-04-15 11:21:45 --> Could not find the language line "Xác Nhận"
ERROR - 2020-04-15 11:21:45 --> Severity: Warning --> Invalid argument supplied for foreach() /home/admin/domains/spshd.com/public_html/khachhang/application/views/app.php 161
ERROR - 2020-04-15 11:21:45 --> Severity: Warning --> Invalid argument supplied for foreach() /home/admin/domains/spshd.com/public_html/khachhang/application/views/app.php 172
ERROR - 2020-04-15 11:21:45 --> Could not find the language line "Đóng"
ERROR - 2020-04-15 11:21:45 --> Could not find the language line "Xác Nhận"
ERROR - 2020-04-15 11:21:45 --> Could not find the language line "Đóng"
ERROR - 2020-04-15 11:21:45 --> Could not find the language line "Xác Nhận"
ERROR - 2020-04-15 12:16:02 --> Could not find the language line "Tạo Điểm Lấy Hàng"
ERROR - 2020-04-15 12:16:02 --> Could not find the language line "Tạo Đơn Hàng"
ERROR - 2020-04-15 12:16:02 --> Could not find the language line "Đóng"
ERROR - 2020-04-15 12:16:02 --> Could not find the language line "Xác Nhận"
ERROR - 2020-04-15 12:16:02 --> Severity: Warning --> Invalid argument supplied for foreach() /home/admin/domains/spshd.com/public_html/khachhang/application/views/app.php 161
ERROR - 2020-04-15 12:16:02 --> Severity: Warning --> Invalid argument supplied for foreach() /home/admin/domains/spshd.com/public_html/khachhang/application/views/app.php 172
ERROR - 2020-04-15 12:16:02 --> Could not find the language line "Đóng"
ERROR - 2020-04-15 12:16:02 --> Could not find the language line "Xác Nhận"
ERROR - 2020-04-15 12:16:02 --> Could not find the language line "Đóng"
ERROR - 2020-04-15 12:16:02 --> Could not find the language line "Xác Nhận"
ERROR - 2020-04-15 12:47:54 --> Could not find the language line "Tạo Điểm Lấy Hàng"
ERROR - 2020-04-15 12:47:54 --> Could not find the language line "Tạo Đơn Hàng"
ERROR - 2020-04-15 12:47:54 --> Could not find the language line "Đóng"
ERROR - 2020-04-15 12:47:54 --> Could not find the language line "Xác Nhận"
ERROR - 2020-04-15 12:47:54 --> Severity: Warning --> Invalid argument supplied for foreach() /home/admin/domains/spshd.com/public_html/khachhang/application/views/app.php 161
ERROR - 2020-04-15 12:47:54 --> Severity: Warning --> Invalid argument supplied for foreach() /home/admin/domains/spshd.com/public_html/khachhang/application/views/app.php 172
ERROR - 2020-04-15 12:47:54 --> Could not find the language line "Đóng"
ERROR - 2020-04-15 12:47:54 --> Could not find the language line "Xác Nhận"
ERROR - 2020-04-15 12:47:54 --> Could not find the language line "Đóng"
ERROR - 2020-04-15 12:47:54 --> Could not find the language line "Xác Nhận"
ERROR - 2020-04-15 13:02:41 --> Could not find the language line "Tạo Điểm Lấy Hàng"
ERROR - 2020-04-15 13:02:41 --> Could not find the language line "Tạo Đơn Hàng"
ERROR - 2020-04-15 13:02:41 --> Could not find the language line "Đóng"
ERROR - 2020-04-15 13:02:41 --> Could not find the language line "Xác Nhận"
ERROR - 2020-04-15 13:02:41 --> Severity: Warning --> Invalid argument supplied for foreach() /home/admin/domains/spshd.com/public_html/khachhang/application/views/app.php 161
ERROR - 2020-04-15 13:02:41 --> Severity: Warning --> Invalid argument supplied for foreach() /home/admin/domains/spshd.com/public_html/khachhang/application/views/app.php 172
ERROR - 2020-04-15 13:02:41 --> Could not find the language line "Đóng"
ERROR - 2020-04-15 13:02:41 --> Could not find the language line "Xác Nhận"
ERROR - 2020-04-15 13:02:41 --> Could not find the language line "Đóng"
ERROR - 2020-04-15 13:02:41 --> Could not find the language line "Xác Nhận"
ERROR - 2020-04-15 07:07:53 --> Could not find the language line "Email"
ERROR - 2020-04-15 07:07:53 --> Could not find the language line "password"
ERROR - 2020-04-15 13:17:26 --> Could not find the language line "Tạo Điểm Lấy Hàng"
ERROR - 2020-04-15 13:17:26 --> Could not find the language line "Tạo Đơn Hàng"
ERROR - 2020-04-15 13:17:26 --> Could not find the language line "Đóng"
ERROR - 2020-04-15 13:17:26 --> Could not find the language line "Xác Nhận"
ERROR - 2020-04-15 13:17:26 --> Severity: Warning --> Invalid argument supplied for foreach() /home/admin/domains/spshd.com/public_html/khachhang/application/views/app.php 161
ERROR - 2020-04-15 13:17:26 --> Severity: Warning --> Invalid argument supplied for foreach() /home/admin/domains/spshd.com/public_html/khachhang/application/views/app.php 172
ERROR - 2020-04-15 13:17:26 --> Could not find the language line "Đóng"
ERROR - 2020-04-15 13:17:26 --> Could not find the language line "Xác Nhận"
ERROR - 2020-04-15 13:17:26 --> Could not find the language line "Đóng"
ERROR - 2020-04-15 13:17:26 --> Could not find the language line "Xác Nhận"
ERROR - 2020-04-15 13:50:59 --> Could not find the language line "Tạo Điểm Lấy Hàng"
ERROR - 2020-04-15 13:50:59 --> Could not find the language line "Tạo Đơn Hàng"
ERROR - 2020-04-15 13:50:59 --> Could not find the language line "Đóng"
ERROR - 2020-04-15 13:50:59 --> Could not find the language line "Xác Nhận"
ERROR - 2020-04-15 13:50:59 --> Severity: Warning --> Invalid argument supplied for foreach() /home/admin/domains/spshd.com/public_html/khachhang/application/views/app.php 161
ERROR - 2020-04-15 13:50:59 --> Severity: Warning --> Invalid argument supplied for foreach() /home/admin/domains/spshd.com/public_html/khachhang/application/views/app.php 172
ERROR - 2020-04-15 13:50:59 --> Could not find the language line "Đóng"
ERROR - 2020-04-15 13:50:59 --> Could not find the language line "Xác Nhận"
ERROR - 2020-04-15 13:50:59 --> Could not find the language line "Đóng"
ERROR - 2020-04-15 13:50:59 --> Could not find the language line "Xác Nhận"
ERROR - 2020-04-15 14:28:54 --> Could not find the language line "Tạo Điểm Lấy Hàng"
ERROR - 2020-04-15 14:28:54 --> Could not find the language line "Tạo Đơn Hàng"
ERROR - 2020-04-15 14:28:54 --> Could not find the language line "Đóng"
ERROR - 2020-04-15 14:28:54 --> Could not find the language line "Xác Nhận"
ERROR - 2020-04-15 14:28:54 --> Severity: Warning --> Invalid argument supplied for foreach() /home/admin/domains/spshd.com/public_html/khachhang/application/views/app.php 161
ERROR - 2020-04-15 14:28:54 --> Severity: Warning --> Invalid argument supplied for foreach() /home/admin/domains/spshd.com/public_html/khachhang/application/views/app.php 172
ERROR - 2020-04-15 14:28:54 --> Could not find the language line "Đóng"
ERROR - 2020-04-15 14:28:54 --> Could not find the language line "Xác Nhận"
ERROR - 2020-04-15 14:28:54 --> Could not find the language line "Đóng"
ERROR - 2020-04-15 14:28:54 --> Could not find the language line "Xác Nhận"
ERROR - 2020-04-15 14:44:12 --> Could not find the language line "Tạo Điểm Lấy Hàng"
ERROR - 2020-04-15 14:44:12 --> Could not find the language line "Tạo Đơn Hàng"
ERROR - 2020-04-15 14:44:12 --> Could not find the language line "Đóng"
ERROR - 2020-04-15 14:44:12 --> Could not find the language line "Xác Nhận"
ERROR - 2020-04-15 14:44:12 --> Severity: Warning --> Invalid argument supplied for foreach() /home/admin/domains/spshd.com/public_html/khachhang/application/views/app.php 161
ERROR - 2020-04-15 14:44:12 --> Severity: Warning --> Invalid argument supplied for foreach() /home/admin/domains/spshd.com/public_html/khachhang/application/views/app.php 172
ERROR - 2020-04-15 14:44:12 --> Could not find the language line "Đóng"
ERROR - 2020-04-15 14:44:12 --> Could not find the language line "Xác Nhận"
ERROR - 2020-04-15 14:44:12 --> Could not find the language line "Đóng"
ERROR - 2020-04-15 14:44:12 --> Could not find the language line "Xác Nhận"
ERROR - 2020-04-15 15:09:13 --> Could not find the language line "Tạo Điểm Lấy Hàng"
ERROR - 2020-04-15 15:09:13 --> Could not find the language line "Tạo Đơn Hàng"
ERROR - 2020-04-15 15:09:13 --> Could not find the language line "Đóng"
ERROR - 2020-04-15 15:09:13 --> Could not find the language line "Xác Nhận"
ERROR - 2020-04-15 15:09:13 --> Severity: Warning --> Invalid argument supplied for foreach() /home/admin/domains/spshd.com/public_html/khachhang/application/views/app.php 161
ERROR - 2020-04-15 15:09:13 --> Severity: Warning --> Invalid argument supplied for foreach() /home/admin/domains/spshd.com/public_html/khachhang/application/views/app.php 172
ERROR - 2020-04-15 15:09:13 --> Could not find the language line "Đóng"
ERROR - 2020-04-15 15:09:13 --> Could not find the language line "Xác Nhận"
ERROR - 2020-04-15 15:09:13 --> Could not find the language line "Đóng"
ERROR - 2020-04-15 15:09:13 --> Could not find the language line "Xác Nhận"
ERROR - 2020-04-15 15:22:24 --> Could not find the language line "Tạo Điểm Lấy Hàng"
ERROR - 2020-04-15 15:22:24 --> Could not find the language line "Tạo Đơn Hàng"
ERROR - 2020-04-15 15:22:24 --> Could not find the language line "Đóng"
ERROR - 2020-04-15 15:22:24 --> Could not find the language line "Xác Nhận"
ERROR - 2020-04-15 15:22:24 --> Severity: Warning --> Invalid argument supplied for foreach() /home/admin/domains/spshd.com/public_html/khachhang/application/views/app.php 161
ERROR - 2020-04-15 15:22:24 --> Severity: Warning --> Invalid argument supplied for foreach() /home/admin/domains/spshd.com/public_html/khachhang/application/views/app.php 172
ERROR - 2020-04-15 15:22:24 --> Could not find the language line "Đóng"
ERROR - 2020-04-15 15:22:24 --> Could not find the language line "Xác Nhận"
ERROR - 2020-04-15 15:22:24 --> Could not find the language line "Đóng"
ERROR - 2020-04-15 15:22:24 --> Could not find the language line "Xác Nhận"
ERROR - 2020-04-15 15:41:49 --> Could not find the language line "Tạo Điểm Lấy Hàng"
ERROR - 2020-04-15 15:41:49 --> Could not find the language line "Tạo Đơn Hàng"
ERROR - 2020-04-15 15:41:49 --> Could not find the language line "Đóng"
ERROR - 2020-04-15 15:41:49 --> Could not find the language line "Xác Nhận"
ERROR - 2020-04-15 15:41:49 --> Severity: Warning --> Invalid argument supplied for foreach() /home/admin/domains/spshd.com/public_html/khachhang/application/views/app.php 161
ERROR - 2020-04-15 15:41:49 --> Severity: Warning --> Invalid argument supplied for foreach() /home/admin/domains/spshd.com/public_html/khachhang/application/views/app.php 172
ERROR - 2020-04-15 15:41:49 --> Could not find the language line "Đóng"
ERROR - 2020-04-15 15:41:49 --> Could not find the language line "Xác Nhận"
ERROR - 2020-04-15 15:41:49 --> Could not find the language line "Đóng"
ERROR - 2020-04-15 15:41:49 --> Could not find the language line "Xác Nhận"
ERROR - 2020-04-15 15:41:50 --> Could not find the language line "Tạo Điểm Lấy Hàng"
ERROR - 2020-04-15 15:41:50 --> Could not find the language line "Tạo Đơn Hàng"
ERROR - 2020-04-15 15:41:50 --> Could not find the language line "Đóng"
ERROR - 2020-04-15 15:41:50 --> Could not find the language line "Xác Nhận"
ERROR - 2020-04-15 15:41:50 --> Severity: Warning --> Invalid argument supplied for foreach() /home/admin/domains/spshd.com/public_html/khachhang/application/views/app.php 161
ERROR - 2020-04-15 15:41:50 --> Severity: Warning --> Invalid argument supplied for foreach() /home/admin/domains/spshd.com/public_html/khachhang/application/views/app.php 172
ERROR - 2020-04-15 15:41:50 --> Could not find the language line "Đóng"
ERROR - 2020-04-15 15:41:50 --> Could not find the language line "Xác Nhận"
ERROR - 2020-04-15 15:41:50 --> Could not find the language line "Đóng"
ERROR - 2020-04-15 15:41:50 --> Could not find the language line "Xác Nhận"
ERROR - 2020-04-15 16:01:56 --> Could not find the language line "Tạo Điểm Lấy Hàng"
ERROR - 2020-04-15 16:01:56 --> Could not find the language line "Tạo Đơn Hàng"
ERROR - 2020-04-15 16:01:56 --> Could not find the language line "Đóng"
ERROR - 2020-04-15 16:01:56 --> Could not find the language line "Xác Nhận"
ERROR - 2020-04-15 16:01:56 --> Severity: Warning --> Invalid argument supplied for foreach() /home/admin/domains/spshd.com/public_html/khachhang/application/views/app.php 161
ERROR - 2020-04-15 16:01:56 --> Severity: Warning --> Invalid argument supplied for foreach() /home/admin/domains/spshd.com/public_html/khachhang/application/views/app.php 172
ERROR - 2020-04-15 16:01:56 --> Could not find the language line "Đóng"
ERROR - 2020-04-15 16:01:56 --> Could not find the language line "Xác Nhận"
ERROR - 2020-04-15 16:01:56 --> Could not find the language line "Đóng"
ERROR - 2020-04-15 16:01:56 --> Could not find the language line "Xác Nhận"
ERROR - 2020-04-15 10:29:12 --> Could not find the language line "Email"
ERROR - 2020-04-15 10:29:12 --> Could not find the language line "password"
ERROR - 2020-04-15 16:30:13 --> Could not find the language line "Tạo Điểm Lấy Hàng"
ERROR - 2020-04-15 16:30:13 --> Could not find the language line "Tạo Đơn Hàng"
ERROR - 2020-04-15 16:30:13 --> Could not find the language line "Đóng"
ERROR - 2020-04-15 16:30:13 --> Could not find the language line "Xác Nhận"
ERROR - 2020-04-15 16:30:13 --> Severity: Warning --> Invalid argument supplied for foreach() /home/admin/domains/spshd.com/public_html/khachhang/application/views/app.php 161
ERROR - 2020-04-15 16:30:13 --> Severity: Warning --> Invalid argument supplied for foreach() /home/admin/domains/spshd.com/public_html/khachhang/application/views/app.php 172
ERROR - 2020-04-15 16:30:13 --> Could not find the language line "Đóng"
ERROR - 2020-04-15 16:30:13 --> Could not find the language line "Xác Nhận"
ERROR - 2020-04-15 16:30:13 --> Could not find the language line "Đóng"
ERROR - 2020-04-15 16:30:13 --> Could not find the language line "Xác Nhận"
ERROR - 2020-04-15 16:33:02 --> Could not find the language line "Tạo Điểm Lấy Hàng"
ERROR - 2020-04-15 16:33:02 --> Could not find the language line "Tạo Đơn Hàng"
ERROR - 2020-04-15 16:33:02 --> Could not find the language line "Đóng"
ERROR - 2020-04-15 16:33:02 --> Could not find the language line "Xác Nhận"
ERROR - 2020-04-15 16:33:02 --> Severity: Warning --> Invalid argument supplied for foreach() /home/admin/domains/spshd.com/public_html/khachhang/application/views/app.php 161
ERROR - 2020-04-15 16:33:02 --> Severity: Warning --> Invalid argument supplied for foreach() /home/admin/domains/spshd.com/public_html/khachhang/application/views/app.php 172
ERROR - 2020-04-15 16:33:02 --> Could not find the language line "Đóng"
ERROR - 2020-04-15 16:33:02 --> Could not find the language line "Xác Nhận"
ERROR - 2020-04-15 16:33:02 --> Could not find the language line "Đóng"
ERROR - 2020-04-15 16:33:02 --> Could not find the language line "Xác Nhận"
ERROR - 2020-04-15 16:45:45 --> Could not find the language line "Tạo Điểm Lấy Hàng"
ERROR - 2020-04-15 16:45:45 --> Could not find the language line "Tạo Đơn Hàng"
ERROR - 2020-04-15 16:45:45 --> Could not find the language line "Đóng"
ERROR - 2020-04-15 16:45:45 --> Could not find the language line "Xác Nhận"
ERROR - 2020-04-15 16:45:45 --> Severity: Warning --> Invalid argument supplied for foreach() /home/admin/domains/spshd.com/public_html/khachhang/application/views/app.php 161
ERROR - 2020-04-15 16:45:45 --> Severity: Warning --> Invalid argument supplied for foreach() /home/admin/domains/spshd.com/public_html/khachhang/application/views/app.php 172
ERROR - 2020-04-15 16:45:45 --> Could not find the language line "Đóng"
ERROR - 2020-04-15 16:45:45 --> Could not find the language line "Xác Nhận"
ERROR - 2020-04-15 16:45:45 --> Could not find the language line "Đóng"
ERROR - 2020-04-15 16:45:45 --> Could not find the language line "Xác Nhận"
ERROR - 2020-04-15 16:45:45 --> Could not find the language line "Tạo Điểm Lấy Hàng"
ERROR - 2020-04-15 16:45:45 --> Could not find the language line "Tạo Đơn Hàng"
ERROR - 2020-04-15 16:45:45 --> Could not find the language line "Đóng"
ERROR - 2020-04-15 16:45:45 --> Could not find the language line "Xác Nhận"
ERROR - 2020-04-15 16:45:45 --> Severity: Warning --> Invalid argument supplied for foreach() /home/admin/domains/spshd.com/public_html/khachhang/application/views/app.php 161
ERROR - 2020-04-15 16:45:45 --> Severity: Warning --> Invalid argument supplied for foreach() /home/admin/domains/spshd.com/public_html/khachhang/application/views/app.php 172
ERROR - 2020-04-15 16:45:45 --> Could not find the language line "Đóng"
ERROR - 2020-04-15 16:45:45 --> Could not find the language line "Xác Nhận"
ERROR - 2020-04-15 16:45:45 --> Could not find the language line "Đóng"
ERROR - 2020-04-15 16:45:45 --> Could not find the language line "Xác Nhận"
ERROR - 2020-04-15 17:43:14 --> Could not find the language line "Tạo Điểm Lấy Hàng"
ERROR - 2020-04-15 17:43:14 --> Could not find the language line "Tạo Đơn Hàng"
ERROR - 2020-04-15 17:43:14 --> Could not find the language line "Đóng"
ERROR - 2020-04-15 17:43:14 --> Could not find the language line "Xác Nhận"
ERROR - 2020-04-15 17:43:14 --> Severity: Warning --> Invalid argument supplied for foreach() /home/admin/domains/spshd.com/public_html/khachhang/application/views/app.php 161
ERROR - 2020-04-15 17:43:14 --> Severity: Warning --> Invalid argument supplied for foreach() /home/admin/domains/spshd.com/public_html/khachhang/application/views/app.php 172
ERROR - 2020-04-15 17:43:14 --> Could not find the language line "Đóng"
ERROR - 2020-04-15 17:43:14 --> Could not find the language line "Xác Nhận"
ERROR - 2020-04-15 17:43:14 --> Could not find the language line "Đóng"
ERROR - 2020-04-15 17:43:14 --> Could not find the language line "Xác Nhận"
ERROR - 2020-04-15 17:43:15 --> Could not find the language line "Tạo Điểm Lấy Hàng"
ERROR - 2020-04-15 17:43:15 --> Could not find the language line "Tạo Đơn Hàng"
ERROR - 2020-04-15 17:43:15 --> Could not find the language line "Đóng"
ERROR - 2020-04-15 17:43:15 --> Could not find the language line "Xác Nhận"
ERROR - 2020-04-15 17:43:15 --> Severity: Warning --> Invalid argument supplied for foreach() /home/admin/domains/spshd.com/public_html/khachhang/application/views/app.php 161
ERROR - 2020-04-15 17:43:15 --> Severity: Warning --> Invalid argument supplied for foreach() /home/admin/domains/spshd.com/public_html/khachhang/application/views/app.php 172
ERROR - 2020-04-15 17:43:15 --> Could not find the language line "Đóng"
ERROR - 2020-04-15 17:43:15 --> Could not find the language line "Xác Nhận"
ERROR - 2020-04-15 17:43:15 --> Could not find the language line "Đóng"
ERROR - 2020-04-15 17:43:15 --> Could not find the language line "Xác Nhận"
ERROR - 2020-04-15 17:47:17 --> Could not find the language line "Tạo Điểm Lấy Hàng"
ERROR - 2020-04-15 17:47:17 --> Could not find the language line "Tạo Đơn Hàng"
ERROR - 2020-04-15 17:47:17 --> Could not find the language line "Đóng"
ERROR - 2020-04-15 17:47:17 --> Could not find the language line "Xác Nhận"
ERROR - 2020-04-15 17:47:17 --> Severity: Warning --> Invalid argument supplied for foreach() /home/admin/domains/spshd.com/public_html/khachhang/application/views/app.php 161
ERROR - 2020-04-15 17:47:17 --> Severity: Warning --> Invalid argument supplied for foreach() /home/admin/domains/spshd.com/public_html/khachhang/application/views/app.php 172
ERROR - 2020-04-15 17:47:17 --> Could not find the language line "Đóng"
ERROR - 2020-04-15 17:47:17 --> Could not find the language line "Xác Nhận"
ERROR - 2020-04-15 17:47:17 --> Could not find the language line "Đóng"
ERROR - 2020-04-15 17:47:17 --> Could not find the language line "Xác Nhận"
ERROR - 2020-04-15 17:51:29 --> Could not find the language line "Tạo Điểm Lấy Hàng"
ERROR - 2020-04-15 17:51:29 --> Could not find the language line "Tạo Đơn Hàng"
ERROR - 2020-04-15 17:51:29 --> Could not find the language line "Đóng"
ERROR - 2020-04-15 17:51:29 --> Could not find the language line "Xác Nhận"
ERROR - 2020-04-15 17:51:29 --> Severity: Warning --> Invalid argument supplied for foreach() /home/admin/domains/spshd.com/public_html/khachhang/application/views/app.php 161
ERROR - 2020-04-15 17:51:29 --> Severity: Warning --> Invalid argument supplied for foreach() /home/admin/domains/spshd.com/public_html/khachhang/application/views/app.php 172
ERROR - 2020-04-15 17:51:29 --> Could not find the language line "Đóng"
ERROR - 2020-04-15 17:51:29 --> Could not find the language line "Xác Nhận"
ERROR - 2020-04-15 17:51:29 --> Could not find the language line "Đóng"
ERROR - 2020-04-15 17:51:29 --> Could not find the language line "Xác Nhận"
ERROR - 2020-04-15 18:47:44 --> Could not find the language line "Tạo Điểm Lấy Hàng"
ERROR - 2020-04-15 18:47:44 --> Could not find the language line "Tạo Đơn Hàng"
ERROR - 2020-04-15 18:47:44 --> Could not find the language line "Đóng"
ERROR - 2020-04-15 18:47:44 --> Could not find the language line "Xác Nhận"
ERROR - 2020-04-15 18:47:44 --> Severity: Warning --> Invalid argument supplied for foreach() /home/admin/domains/spshd.com/public_html/khachhang/application/views/app.php 161
ERROR - 2020-04-15 18:47:44 --> Severity: Warning --> Invalid argument supplied for foreach() /home/admin/domains/spshd.com/public_html/khachhang/application/views/app.php 172
ERROR - 2020-04-15 18:47:44 --> Could not find the language line "Đóng"
ERROR - 2020-04-15 18:47:44 --> Could not find the language line "Xác Nhận"
ERROR - 2020-04-15 18:47:44 --> Could not find the language line "Đóng"
ERROR - 2020-04-15 18:47:44 --> Could not find the language line "Xác Nhận"
ERROR - 2020-04-15 18:49:53 --> Could not find the language line "Tạo Điểm Lấy Hàng"
ERROR - 2020-04-15 18:49:53 --> Could not find the language line "Tạo Đơn Hàng"
ERROR - 2020-04-15 18:49:53 --> Could not find the language line "Đóng"
ERROR - 2020-04-15 18:49:53 --> Could not find the language line "Xác Nhận"
ERROR - 2020-04-15 18:49:53 --> Severity: Warning --> Invalid argument supplied for foreach() /home/admin/domains/spshd.com/public_html/khachhang/application/views/app.php 161
ERROR - 2020-04-15 18:49:53 --> Severity: Warning --> Invalid argument supplied for foreach() /home/admin/domains/spshd.com/public_html/khachhang/application/views/app.php 172
ERROR - 2020-04-15 18:49:53 --> Could not find the language line "Đóng"
ERROR - 2020-04-15 18:49:53 --> Could not find the language line "Xác Nhận"
ERROR - 2020-04-15 18:49:53 --> Could not find the language line "Đóng"
ERROR - 2020-04-15 18:49:53 --> Could not find the language line "Xác Nhận"
ERROR - 2020-04-15 18:58:15 --> Could not find the language line "Tạo Điểm Lấy Hàng"
ERROR - 2020-04-15 18:58:15 --> Could not find the language line "Tạo Đơn Hàng"
ERROR - 2020-04-15 18:58:15 --> Could not find the language line "Đóng"
ERROR - 2020-04-15 18:58:15 --> Could not find the language line "Xác Nhận"
ERROR - 2020-04-15 18:58:15 --> Severity: Warning --> Invalid argument supplied for foreach() /home/admin/domains/spshd.com/public_html/khachhang/application/views/app.php 161
ERROR - 2020-04-15 18:58:15 --> Severity: Warning --> Invalid argument supplied for foreach() /home/admin/domains/spshd.com/public_html/khachhang/application/views/app.php 172
ERROR - 2020-04-15 18:58:15 --> Could not find the language line "Đóng"
ERROR - 2020-04-15 18:58:15 --> Could not find the language line "Xác Nhận"
ERROR - 2020-04-15 18:58:15 --> Could not find the language line "Đóng"
ERROR - 2020-04-15 18:58:15 --> Could not find the language line "Xác Nhận"
ERROR - 2020-04-15 19:03:25 --> Could not find the language line "Tạo Điểm Lấy Hàng"
ERROR - 2020-04-15 19:03:25 --> Could not find the language line "Tạo Đơn Hàng"
ERROR - 2020-04-15 19:03:25 --> Could not find the language line "Đóng"
ERROR - 2020-04-15 19:03:25 --> Could not find the language line "Xác Nhận"
ERROR - 2020-04-15 19:03:25 --> Severity: Warning --> Invalid argument supplied for foreach() /home/admin/domains/spshd.com/public_html/khachhang/application/views/app.php 161
ERROR - 2020-04-15 19:03:25 --> Severity: Warning --> Invalid argument supplied for foreach() /home/admin/domains/spshd.com/public_html/khachhang/application/views/app.php 172
ERROR - 2020-04-15 19:03:25 --> Could not find the language line "Đóng"
ERROR - 2020-04-15 19:03:25 --> Could not find the language line "Xác Nhận"
ERROR - 2020-04-15 19:03:25 --> Could not find the language line "Đóng"
ERROR - 2020-04-15 19:03:25 --> Could not find the language line "Xác Nhận"
ERROR - 2020-04-15 19:07:01 --> Could not find the language line "Tạo Điểm Lấy Hàng"
ERROR - 2020-04-15 19:07:01 --> Could not find the language line "Tạo Đơn Hàng"
ERROR - 2020-04-15 19:07:01 --> Could not find the language line "Đóng"
ERROR - 2020-04-15 19:07:01 --> Could not find the language line "Xác Nhận"
ERROR - 2020-04-15 19:07:01 --> Severity: Warning --> Invalid argument supplied for foreach() /home/admin/domains/spshd.com/public_html/khachhang/application/views/app.php 161
ERROR - 2020-04-15 19:07:01 --> Severity: Warning --> Invalid argument supplied for foreach() /home/admin/domains/spshd.com/public_html/khachhang/application/views/app.php 172
ERROR - 2020-04-15 19:07:01 --> Could not find the language line "Đóng"
ERROR - 2020-04-15 19:07:01 --> Could not find the language line "Xác Nhận"
ERROR - 2020-04-15 19:07:01 --> Could not find the language line "Đóng"
ERROR - 2020-04-15 19:07:01 --> Could not find the language line "Xác Nhận"
ERROR - 2020-04-15 19:46:11 --> Could not find the language line "Tạo Điểm Lấy Hàng"
ERROR - 2020-04-15 19:46:11 --> Could not find the language line "Tạo Đơn Hàng"
ERROR - 2020-04-15 19:46:11 --> Could not find the language line "Đóng"
ERROR - 2020-04-15 19:46:11 --> Could not find the language line "Xác Nhận"
ERROR - 2020-04-15 19:46:11 --> Severity: Warning --> Invalid argument supplied for foreach() /home/admin/domains/spshd.com/public_html/khachhang/application/views/app.php 161
ERROR - 2020-04-15 19:46:11 --> Severity: Warning --> Invalid argument supplied for foreach() /home/admin/domains/spshd.com/public_html/khachhang/application/views/app.php 172
ERROR - 2020-04-15 19:46:11 --> Could not find the language line "Đóng"
ERROR - 2020-04-15 19:46:11 --> Could not find the language line "Xác Nhận"
ERROR - 2020-04-15 19:46:11 --> Could not find the language line "Đóng"
ERROR - 2020-04-15 19:46:11 --> Could not find the language line "Xác Nhận"
ERROR - 2020-04-15 14:17:12 --> Could not find the language line "Email"
ERROR - 2020-04-15 14:17:12 --> Could not find the language line "password"
ERROR - 2020-04-15 20:17:28 --> Could not find the language line "Tạo Điểm Lấy Hàng"
ERROR - 2020-04-15 20:17:28 --> Could not find the language line "Tạo Đơn Hàng"
ERROR - 2020-04-15 20:17:28 --> Could not find the language line "Đóng"
ERROR - 2020-04-15 20:17:28 --> Could not find the language line "Xác Nhận"
ERROR - 2020-04-15 20:17:28 --> Severity: Warning --> Invalid argument supplied for foreach() /home/admin/domains/spshd.com/public_html/khachhang/application/views/app.php 161
ERROR - 2020-04-15 20:17:28 --> Severity: Warning --> Invalid argument supplied for foreach() /home/admin/domains/spshd.com/public_html/khachhang/application/views/app.php 172
ERROR - 2020-04-15 20:17:28 --> Could not find the language line "Đóng"
ERROR - 2020-04-15 20:17:28 --> Could not find the language line "Xác Nhận"
ERROR - 2020-04-15 20:17:28 --> Could not find the language line "Đóng"
ERROR - 2020-04-15 20:17:28 --> Could not find the language line "Xác Nhận"
ERROR - 2020-04-15 20:43:27 --> Could not find the language line "Tạo Điểm Lấy Hàng"
ERROR - 2020-04-15 20:43:27 --> Could not find the language line "Tạo Đơn Hàng"
ERROR - 2020-04-15 20:43:27 --> Could not find the language line "Đóng"
ERROR - 2020-04-15 20:43:27 --> Could not find the language line "Xác Nhận"
ERROR - 2020-04-15 20:43:27 --> Severity: Warning --> Invalid argument supplied for foreach() /home/admin/domains/spshd.com/public_html/khachhang/application/views/app.php 161
ERROR - 2020-04-15 20:43:27 --> Severity: Warning --> Invalid argument supplied for foreach() /home/admin/domains/spshd.com/public_html/khachhang/application/views/app.php 172
ERROR - 2020-04-15 20:43:27 --> Could not find the language line "Đóng"
ERROR - 2020-04-15 20:43:27 --> Could not find the language line "Xác Nhận"
ERROR - 2020-04-15 20:43:27 --> Could not find the language line "Đóng"
ERROR - 2020-04-15 20:43:27 --> Could not find the language line "Xác Nhận"
ERROR - 2020-04-15 21:19:23 --> Could not find the language line "Tạo Điểm Lấy Hàng"
ERROR - 2020-04-15 21:19:23 --> Could not find the language line "Tạo Đơn Hàng"
ERROR - 2020-04-15 21:19:23 --> Could not find the language line "Đóng"
ERROR - 2020-04-15 21:19:23 --> Could not find the language line "Xác Nhận"
ERROR - 2020-04-15 21:19:23 --> Severity: Warning --> Invalid argument supplied for foreach() /home/admin/domains/spshd.com/public_html/khachhang/application/views/app.php 161
ERROR - 2020-04-15 21:19:23 --> Severity: Warning --> Invalid argument supplied for foreach() /home/admin/domains/spshd.com/public_html/khachhang/application/views/app.php 172
ERROR - 2020-04-15 21:19:23 --> Could not find the language line "Đóng"
ERROR - 2020-04-15 21:19:23 --> Could not find the language line "Xác Nhận"
ERROR - 2020-04-15 21:19:23 --> Could not find the language line "Đóng"
ERROR - 2020-04-15 21:19:23 --> Could not find the language line "Xác Nhận"
ERROR - 2020-04-15 15:20:42 --> Could not find the language line "Email"
ERROR - 2020-04-15 15:20:42 --> Could not find the language line "password"
ERROR - 2020-04-15 21:20:54 --> Could not find the language line "Tạo Điểm Lấy Hàng"
ERROR - 2020-04-15 21:20:54 --> Could not find the language line "Tạo Đơn Hàng"
ERROR - 2020-04-15 21:20:54 --> Could not find the language line "Đóng"
ERROR - 2020-04-15 21:20:54 --> Could not find the language line "Xác Nhận"
ERROR - 2020-04-15 21:20:54 --> Severity: Warning --> Invalid argument supplied for foreach() /home/admin/domains/spshd.com/public_html/khachhang/application/views/app.php 161
ERROR - 2020-04-15 21:20:54 --> Severity: Warning --> Invalid argument supplied for foreach() /home/admin/domains/spshd.com/public_html/khachhang/application/views/app.php 172
ERROR - 2020-04-15 21:20:54 --> Could not find the language line "Đóng"
ERROR - 2020-04-15 21:20:54 --> Could not find the language line "Xác Nhận"
ERROR - 2020-04-15 21:20:54 --> Could not find the language line "Đóng"
ERROR - 2020-04-15 21:20:54 --> Could not find the language line "Xác Nhận"
ERROR - 2020-04-15 21:21:18 --> Could not find the language line "Tạo Điểm Lấy Hàng"
ERROR - 2020-04-15 21:21:18 --> Could not find the language line "Tạo Đơn Hàng"
ERROR - 2020-04-15 21:21:18 --> Could not find the language line "Đóng"
ERROR - 2020-04-15 21:21:18 --> Could not find the language line "Xác Nhận"
ERROR - 2020-04-15 21:21:18 --> Severity: Warning --> Invalid argument supplied for foreach() /home/admin/domains/spshd.com/public_html/khachhang/application/views/app.php 161
ERROR - 2020-04-15 21:21:18 --> Severity: Warning --> Invalid argument supplied for foreach() /home/admin/domains/spshd.com/public_html/khachhang/application/views/app.php 172
ERROR - 2020-04-15 21:21:18 --> Could not find the language line "Đóng"
ERROR - 2020-04-15 21:21:18 --> Could not find the language line "Xác Nhận"
ERROR - 2020-04-15 21:21:18 --> Could not find the language line "Đóng"
ERROR - 2020-04-15 21:21:18 --> Could not find the language line "Xác Nhận"
ERROR - 2020-04-15 22:13:14 --> Could not find the language line "Tạo Điểm Lấy Hàng"
ERROR - 2020-04-15 22:13:14 --> Could not find the language line "Tạo Đơn Hàng"
ERROR - 2020-04-15 22:13:14 --> Could not find the language line "Đóng"
ERROR - 2020-04-15 22:13:14 --> Could not find the language line "Xác Nhận"
ERROR - 2020-04-15 22:13:14 --> Severity: Warning --> Invalid argument supplied for foreach() /home/admin/domains/spshd.com/public_html/khachhang/application/views/app.php 161
ERROR - 2020-04-15 22:13:14 --> Severity: Warning --> Invalid argument supplied for foreach() /home/admin/domains/spshd.com/public_html/khachhang/application/views/app.php 172
ERROR - 2020-04-15 22:13:14 --> Could not find the language line "Đóng"
ERROR - 2020-04-15 22:13:14 --> Could not find the language line "Xác Nhận"
ERROR - 2020-04-15 22:13:14 --> Could not find the language line "Đóng"
ERROR - 2020-04-15 22:13:14 --> Could not find the language line "Xác Nhận"
ERROR - 2020-04-15 22:13:14 --> Could not find the language line "Tạo Điểm Lấy Hàng"
ERROR - 2020-04-15 22:13:14 --> Could not find the language line "Tạo Đơn Hàng"
ERROR - 2020-04-15 22:13:14 --> Could not find the language line "Đóng"
ERROR - 2020-04-15 22:13:14 --> Could not find the language line "Xác Nhận"
ERROR - 2020-04-15 22:13:14 --> Severity: Warning --> Invalid argument supplied for foreach() /home/admin/domains/spshd.com/public_html/khachhang/application/views/app.php 161
ERROR - 2020-04-15 22:13:14 --> Severity: Warning --> Invalid argument supplied for foreach() /home/admin/domains/spshd.com/public_html/khachhang/application/views/app.php 172
ERROR - 2020-04-15 22:13:14 --> Could not find the language line "Đóng"
ERROR - 2020-04-15 22:13:14 --> Could not find the language line "Xác Nhận"
ERROR - 2020-04-15 22:13:14 --> Could not find the language line "Đóng"
ERROR - 2020-04-15 22:13:14 --> Could not find the language line "Xác Nhận"
ERROR - 2020-04-15 16:31:00 --> Could not find the language line "Email"
ERROR - 2020-04-15 16:31:00 --> Could not find the language line "password"
ERROR - 2020-04-15 22:58:27 --> Could not find the language line "Tạo Điểm Lấy Hàng"
ERROR - 2020-04-15 22:58:27 --> Could not find the language line "Tạo Đơn Hàng"
ERROR - 2020-04-15 22:58:27 --> Could not find the language line "Đóng"
ERROR - 2020-04-15 22:58:27 --> Could not find the language line "Xác Nhận"
ERROR - 2020-04-15 22:58:27 --> Severity: Warning --> Invalid argument supplied for foreach() /home/admin/domains/spshd.com/public_html/khachhang/application/views/app.php 161
ERROR - 2020-04-15 22:58:27 --> Severity: Warning --> Invalid argument supplied for foreach() /home/admin/domains/spshd.com/public_html/khachhang/application/views/app.php 172
ERROR - 2020-04-15 22:58:27 --> Could not find the language line "Đóng"
ERROR - 2020-04-15 22:58:27 --> Could not find the language line "Xác Nhận"
ERROR - 2020-04-15 22:58:27 --> Could not find the language line "Đóng"
ERROR - 2020-04-15 22:58:27 --> Could not find the language line "Xác Nhận"
ERROR - 2020-04-15 23:03:25 --> Could not find the language line "Tạo Điểm Lấy Hàng"
ERROR - 2020-04-15 23:03:25 --> Could not find the language line "Tạo Đơn Hàng"
ERROR - 2020-04-15 23:03:25 --> Could not find the language line "Đóng"
ERROR - 2020-04-15 23:03:25 --> Could not find the language line "Xác Nhận"
ERROR - 2020-04-15 23:03:25 --> Severity: Warning --> Invalid argument supplied for foreach() /home/admin/domains/spshd.com/public_html/khachhang/application/views/app.php 161
ERROR - 2020-04-15 23:03:25 --> Severity: Warning --> Invalid argument supplied for foreach() /home/admin/domains/spshd.com/public_html/khachhang/application/views/app.php 172
ERROR - 2020-04-15 23:03:25 --> Could not find the language line "Đóng"
ERROR - 2020-04-15 23:03:25 --> Could not find the language line "Xác Nhận"
ERROR - 2020-04-15 23:03:25 --> Could not find the language line "Đóng"
ERROR - 2020-04-15 23:03:25 --> Could not find the language line "Xác Nhận"
ERROR - 2020-04-15 17:03:29 --> Could not find the language line "Email"
ERROR - 2020-04-15 17:03:29 --> Could not find the language line "password"
ERROR - 2020-04-15 23:03:41 --> Could not find the language line "Tạo Điểm Lấy Hàng"
ERROR - 2020-04-15 23:03:41 --> Could not find the language line "Tạo Đơn Hàng"
ERROR - 2020-04-15 23:03:41 --> Could not find the language line "Đóng"
ERROR - 2020-04-15 23:03:41 --> Could not find the language line "Xác Nhận"
ERROR - 2020-04-15 23:03:41 --> Severity: Warning --> Invalid argument supplied for foreach() /home/admin/domains/spshd.com/public_html/khachhang/application/views/app.php 161
ERROR - 2020-04-15 23:03:41 --> Severity: Warning --> Invalid argument supplied for foreach() /home/admin/domains/spshd.com/public_html/khachhang/application/views/app.php 172
ERROR - 2020-04-15 23:03:41 --> Could not find the language line "Đóng"
ERROR - 2020-04-15 23:03:41 --> Could not find the language line "Xác Nhận"
ERROR - 2020-04-15 23:03:41 --> Could not find the language line "Đóng"
ERROR - 2020-04-15 23:03:41 --> Could not find the language line "Xác Nhận"
ERROR - 2020-04-15 17:06:28 --> Could not find the language line "Email"
ERROR - 2020-04-15 17:06:28 --> Could not find the language line "password"
ERROR - 2020-04-15 17:06:28 --> Could not find the language line "Email"
ERROR - 2020-04-15 17:06:28 --> Could not find the language line "password"
ERROR - 2020-04-15 23:06:39 --> Could not find the language line "Tạo Điểm Lấy Hàng"
ERROR - 2020-04-15 23:06:39 --> Could not find the language line "Tạo Đơn Hàng"
ERROR - 2020-04-15 23:06:39 --> Could not find the language line "Đóng"
ERROR - 2020-04-15 23:06:39 --> Could not find the language line "Xác Nhận"
ERROR - 2020-04-15 23:06:39 --> Severity: Warning --> Invalid argument supplied for foreach() /home/admin/domains/spshd.com/public_html/khachhang/application/views/app.php 161
ERROR - 2020-04-15 23:06:39 --> Severity: Warning --> Invalid argument supplied for foreach() /home/admin/domains/spshd.com/public_html/khachhang/application/views/app.php 172
ERROR - 2020-04-15 23:06:39 --> Could not find the language line "Đóng"
ERROR - 2020-04-15 23:06:39 --> Could not find the language line "Xác Nhận"
ERROR - 2020-04-15 23:06:39 --> Could not find the language line "Đóng"
ERROR - 2020-04-15 23:06:39 --> Could not find the language line "Xác Nhận"
ERROR - 2020-04-15 23:07:04 --> Could not find the language line "Tạo Điểm Lấy Hàng"
ERROR - 2020-04-15 23:07:04 --> Could not find the language line "Tạo Đơn Hàng"
ERROR - 2020-04-15 23:07:04 --> Could not find the language line "Đóng"
ERROR - 2020-04-15 23:07:04 --> Could not find the language line "Xác Nhận"
ERROR - 2020-04-15 23:07:04 --> Severity: Warning --> Invalid argument supplied for foreach() /home/admin/domains/spshd.com/public_html/khachhang/application/views/app.php 161
ERROR - 2020-04-15 23:07:04 --> Severity: Warning --> Invalid argument supplied for foreach() /home/admin/domains/spshd.com/public_html/khachhang/application/views/app.php 172
ERROR - 2020-04-15 23:07:04 --> Could not find the language line "Đóng"
ERROR - 2020-04-15 23:07:04 --> Could not find the language line "Xác Nhận"
ERROR - 2020-04-15 23:07:04 --> Could not find the language line "Đóng"
ERROR - 2020-04-15 23:07:04 --> Could not find the language line "Xác Nhận"
ERROR - 2020-04-15 17:15:18 --> Could not find the language line "Email"
ERROR - 2020-04-15 17:15:18 --> Could not find the language line "password"
