ERROR - 2020-02-13 03:11:04 --> Could not find the language line "Tạo Điểm Lấy Hàng"
ERROR - 2020-02-13 03:11:04 --> Could not find the language line "Tạo Đơn Hàng"
ERROR - 2020-02-13 03:11:04 --> Severity: Warning --> Invalid argument supplied for foreach() /home/admin/domains/spshd.com/public_html/khachhang/application/views/tab4.php 394
ERROR - 2020-02-13 03:11:04 --> Could not find the language line "Đóng"
ERROR - 2020-02-13 03:11:04 --> Could not find the language line "Xác Nhận"
ERROR - 2020-02-13 03:11:04 --> Severity: Warning --> Invalid argument supplied for foreach() /home/admin/domains/spshd.com/public_html/khachhang/application/views/app.php 157
ERROR - 2020-02-13 03:11:04 --> Severity: Warning --> Invalid argument supplied for foreach() /home/admin/domains/spshd.com/public_html/khachhang/application/views/app.php 168
ERROR - 2020-02-13 03:11:04 --> Could not find the language line "Đóng"
ERROR - 2020-02-13 03:11:04 --> Could not find the language line "Xác Nhận"
ERROR - 2020-02-13 03:11:04 --> Could not find the language line "Đóng"
ERROR - 2020-02-13 03:11:04 --> Could not find the language line "Xác Nhận"
ERROR - 2020-02-13 06:48:02 --> Could not find the language line "Tạo Điểm Lấy Hàng"
ERROR - 2020-02-13 06:48:02 --> Could not find the language line "Tạo Đơn Hàng"
ERROR - 2020-02-13 06:48:02 --> Severity: Warning --> Invalid argument supplied for foreach() /home/admin/domains/spshd.com/public_html/khachhang/application/views/tab4.php 394
ERROR - 2020-02-13 06:48:02 --> Could not find the language line "Đóng"
ERROR - 2020-02-13 06:48:02 --> Could not find the language line "Xác Nhận"
ERROR - 2020-02-13 06:48:02 --> Severity: Warning --> Invalid argument supplied for foreach() /home/admin/domains/spshd.com/public_html/khachhang/application/views/app.php 157
ERROR - 2020-02-13 06:48:02 --> Severity: Warning --> Invalid argument supplied for foreach() /home/admin/domains/spshd.com/public_html/khachhang/application/views/app.php 168
ERROR - 2020-02-13 06:48:02 --> Could not find the language line "Đóng"
ERROR - 2020-02-13 06:48:02 --> Could not find the language line "Xác Nhận"
ERROR - 2020-02-13 06:48:02 --> Could not find the language line "Đóng"
ERROR - 2020-02-13 06:48:02 --> Could not find the language line "Xác Nhận"
ERROR - 2020-02-13 07:59:55 --> Could not find the language line "Tạo Điểm Lấy Hàng"
ERROR - 2020-02-13 07:59:55 --> Could not find the language line "Tạo Đơn Hàng"
ERROR - 2020-02-13 07:59:55 --> Severity: Warning --> Invalid argument supplied for foreach() /home/admin/domains/spshd.com/public_html/khachhang/application/views/tab4.php 394
ERROR - 2020-02-13 07:59:55 --> Could not find the language line "Đóng"
ERROR - 2020-02-13 07:59:55 --> Could not find the language line "Xác Nhận"
ERROR - 2020-02-13 07:59:55 --> Severity: Warning --> Invalid argument supplied for foreach() /home/admin/domains/spshd.com/public_html/khachhang/application/views/app.php 157
ERROR - 2020-02-13 07:59:55 --> Severity: Warning --> Invalid argument supplied for foreach() /home/admin/domains/spshd.com/public_html/khachhang/application/views/app.php 168
ERROR - 2020-02-13 07:59:55 --> Could not find the language line "Đóng"
ERROR - 2020-02-13 07:59:55 --> Could not find the language line "Xác Nhận"
ERROR - 2020-02-13 07:59:55 --> Could not find the language line "Đóng"
ERROR - 2020-02-13 07:59:55 --> Could not find the language line "Xác Nhận"
ERROR - 2020-02-13 07:59:58 --> Could not find the language line "Tạo Điểm Lấy Hàng"
ERROR - 2020-02-13 07:59:58 --> Could not find the language line "Tạo Đơn Hàng"
ERROR - 2020-02-13 07:59:58 --> Severity: Warning --> Invalid argument supplied for foreach() /home/admin/domains/spshd.com/public_html/khachhang/application/views/tab4.php 394
ERROR - 2020-02-13 07:59:58 --> Could not find the language line "Đóng"
ERROR - 2020-02-13 07:59:58 --> Could not find the language line "Xác Nhận"
ERROR - 2020-02-13 07:59:58 --> Severity: Warning --> Invalid argument supplied for foreach() /home/admin/domains/spshd.com/public_html/khachhang/application/views/app.php 157
ERROR - 2020-02-13 07:59:58 --> Severity: Warning --> Invalid argument supplied for foreach() /home/admin/domains/spshd.com/public_html/khachhang/application/views/app.php 168
ERROR - 2020-02-13 07:59:58 --> Could not find the language line "Đóng"
ERROR - 2020-02-13 07:59:58 --> Could not find the language line "Xác Nhận"
ERROR - 2020-02-13 07:59:58 --> Could not find the language line "Đóng"
ERROR - 2020-02-13 07:59:58 --> Could not find the language line "Xác Nhận"
ERROR - 2020-02-13 08:37:46 --> Could not find the language line "Tạo Điểm Lấy Hàng"
ERROR - 2020-02-13 08:37:46 --> Could not find the language line "Tạo Đơn Hàng"
ERROR - 2020-02-13 08:37:46 --> Severity: Warning --> Invalid argument supplied for foreach() /home/admin/domains/spshd.com/public_html/khachhang/application/views/tab4.php 394
ERROR - 2020-02-13 08:37:46 --> Could not find the language line "Đóng"
ERROR - 2020-02-13 08:37:46 --> Could not find the language line "Xác Nhận"
ERROR - 2020-02-13 08:37:46 --> Severity: Warning --> Invalid argument supplied for foreach() /home/admin/domains/spshd.com/public_html/khachhang/application/views/app.php 157
ERROR - 2020-02-13 08:37:46 --> Severity: Warning --> Invalid argument supplied for foreach() /home/admin/domains/spshd.com/public_html/khachhang/application/views/app.php 168
ERROR - 2020-02-13 08:37:46 --> Could not find the language line "Đóng"
ERROR - 2020-02-13 08:37:46 --> Could not find the language line "Xác Nhận"
ERROR - 2020-02-13 08:37:46 --> Could not find the language line "Đóng"
ERROR - 2020-02-13 08:37:46 --> Could not find the language line "Xác Nhận"
ERROR - 2020-02-13 09:02:58 --> Could not find the language line "Tạo Điểm Lấy Hàng"
ERROR - 2020-02-13 09:02:58 --> Could not find the language line "Tạo Đơn Hàng"
ERROR - 2020-02-13 09:02:58 --> Severity: Warning --> Invalid argument supplied for foreach() /home/admin/domains/spshd.com/public_html/khachhang/application/views/tab4.php 394
ERROR - 2020-02-13 09:02:58 --> Could not find the language line "Đóng"
ERROR - 2020-02-13 09:02:58 --> Could not find the language line "Xác Nhận"
ERROR - 2020-02-13 09:02:58 --> Severity: Warning --> Invalid argument supplied for foreach() /home/admin/domains/spshd.com/public_html/khachhang/application/views/app.php 157
ERROR - 2020-02-13 09:02:58 --> Severity: Warning --> Invalid argument supplied for foreach() /home/admin/domains/spshd.com/public_html/khachhang/application/views/app.php 168
ERROR - 2020-02-13 09:02:58 --> Could not find the language line "Đóng"
ERROR - 2020-02-13 09:02:58 --> Could not find the language line "Xác Nhận"
ERROR - 2020-02-13 09:02:58 --> Could not find the language line "Đóng"
ERROR - 2020-02-13 09:02:58 --> Could not find the language line "Xác Nhận"
ERROR - 2020-02-13 09:54:19 --> Could not find the language line "Tạo Điểm Lấy Hàng"
ERROR - 2020-02-13 09:54:19 --> Could not find the language line "Tạo Đơn Hàng"
ERROR - 2020-02-13 09:54:19 --> Severity: Warning --> Invalid argument supplied for foreach() /home/admin/domains/spshd.com/public_html/khachhang/application/views/tab4.php 394
ERROR - 2020-02-13 09:54:19 --> Could not find the language line "Đóng"
ERROR - 2020-02-13 09:54:19 --> Could not find the language line "Xác Nhận"
ERROR - 2020-02-13 09:54:19 --> Severity: Warning --> Invalid argument supplied for foreach() /home/admin/domains/spshd.com/public_html/khachhang/application/views/app.php 157
ERROR - 2020-02-13 09:54:19 --> Severity: Warning --> Invalid argument supplied for foreach() /home/admin/domains/spshd.com/public_html/khachhang/application/views/app.php 168
ERROR - 2020-02-13 09:54:19 --> Could not find the language line "Đóng"
ERROR - 2020-02-13 09:54:19 --> Could not find the language line "Xác Nhận"
ERROR - 2020-02-13 09:54:19 --> Could not find the language line "Đóng"
ERROR - 2020-02-13 09:54:19 --> Could not find the language line "Xác Nhận"
ERROR - 2020-02-13 09:54:27 --> Could not find the language line "Tạo Điểm Lấy Hàng"
ERROR - 2020-02-13 09:54:27 --> Could not find the language line "Tạo Đơn Hàng"
ERROR - 2020-02-13 09:54:27 --> Severity: Warning --> Invalid argument supplied for foreach() /home/admin/domains/spshd.com/public_html/khachhang/application/views/tab4.php 394
ERROR - 2020-02-13 09:54:27 --> Could not find the language line "Đóng"
ERROR - 2020-02-13 09:54:27 --> Could not find the language line "Xác Nhận"
ERROR - 2020-02-13 09:54:27 --> Severity: Warning --> Invalid argument supplied for foreach() /home/admin/domains/spshd.com/public_html/khachhang/application/views/app.php 157
ERROR - 2020-02-13 09:54:27 --> Severity: Warning --> Invalid argument supplied for foreach() /home/admin/domains/spshd.com/public_html/khachhang/application/views/app.php 168
ERROR - 2020-02-13 09:54:27 --> Could not find the language line "Đóng"
ERROR - 2020-02-13 09:54:27 --> Could not find the language line "Xác Nhận"
ERROR - 2020-02-13 09:54:27 --> Could not find the language line "Đóng"
ERROR - 2020-02-13 09:54:27 --> Could not find the language line "Xác Nhận"
ERROR - 2020-02-13 11:07:06 --> Could not find the language line "Tạo Điểm Lấy Hàng"
ERROR - 2020-02-13 11:07:06 --> Could not find the language line "Tạo Đơn Hàng"
ERROR - 2020-02-13 11:07:06 --> Severity: Warning --> Invalid argument supplied for foreach() /home/admin/domains/spshd.com/public_html/khachhang/application/views/tab4.php 394
ERROR - 2020-02-13 11:07:06 --> Could not find the language line "Đóng"
ERROR - 2020-02-13 11:07:06 --> Could not find the language line "Xác Nhận"
ERROR - 2020-02-13 11:07:06 --> Severity: Warning --> Invalid argument supplied for foreach() /home/admin/domains/spshd.com/public_html/khachhang/application/views/app.php 157
ERROR - 2020-02-13 11:07:06 --> Severity: Warning --> Invalid argument supplied for foreach() /home/admin/domains/spshd.com/public_html/khachhang/application/views/app.php 168
ERROR - 2020-02-13 11:07:06 --> Could not find the language line "Đóng"
ERROR - 2020-02-13 11:07:06 --> Could not find the language line "Xác Nhận"
ERROR - 2020-02-13 11:07:06 --> Could not find the language line "Đóng"
ERROR - 2020-02-13 11:07:06 --> Could not find the language line "Xác Nhận"
