ERROR - 2020-05-27 00:29:59 --> Could not find the language line "Tạo Điểm Lấy Hàng"
ERROR - 2020-05-27 00:29:59 --> Could not find the language line "Tạo Đơn Hàng"
ERROR - 2020-05-27 00:29:59 --> Could not find the language line "Tải Excel"
ERROR - 2020-05-27 00:29:59 --> Could not find the language line "Đóng"
ERROR - 2020-05-27 00:29:59 --> Could not find the language line "Xác Nhận"
ERROR - 2020-05-27 00:29:59 --> Severity: Warning --> Invalid argument supplied for foreach() /home/admin/domains/spshd.com/public_html/khachhang/application/views/app.php 162
ERROR - 2020-05-27 00:29:59 --> Severity: Warning --> Invalid argument supplied for foreach() /home/admin/domains/spshd.com/public_html/khachhang/application/views/app.php 173
ERROR - 2020-05-27 00:29:59 --> Could not find the language line "Đóng"
ERROR - 2020-05-27 00:29:59 --> Could not find the language line "Xác Nhận"
ERROR - 2020-05-27 00:29:59 --> Could not find the language line "Đóng"
ERROR - 2020-05-27 00:29:59 --> Could not find the language line "Xác Nhận"
ERROR - 2020-05-27 00:29:59 --> Could not find the language line "Đóng"
ERROR - 2020-05-27 00:29:59 --> Could not find the language line "Tải"
ERROR - 2020-05-27 06:33:10 --> Could not find the language line "Tạo Điểm Lấy Hàng"
ERROR - 2020-05-27 06:33:10 --> Could not find the language line "Tạo Đơn Hàng"
ERROR - 2020-05-27 06:33:10 --> Could not find the language line "Tải Excel"
ERROR - 2020-05-27 06:33:10 --> Could not find the language line "Đóng"
ERROR - 2020-05-27 06:33:10 --> Could not find the language line "Xác Nhận"
ERROR - 2020-05-27 06:33:10 --> Severity: Warning --> Invalid argument supplied for foreach() /home/admin/domains/spshd.com/public_html/khachhang/application/views/app.php 162
ERROR - 2020-05-27 06:33:10 --> Severity: Warning --> Invalid argument supplied for foreach() /home/admin/domains/spshd.com/public_html/khachhang/application/views/app.php 173
ERROR - 2020-05-27 06:33:10 --> Could not find the language line "Đóng"
ERROR - 2020-05-27 06:33:10 --> Could not find the language line "Xác Nhận"
ERROR - 2020-05-27 06:33:10 --> Could not find the language line "Đóng"
ERROR - 2020-05-27 06:33:10 --> Could not find the language line "Xác Nhận"
ERROR - 2020-05-27 06:33:10 --> Could not find the language line "Đóng"
ERROR - 2020-05-27 06:33:10 --> Could not find the language line "Tải"
ERROR - 2020-05-27 06:39:45 --> Could not find the language line "Tạo Điểm Lấy Hàng"
ERROR - 2020-05-27 06:39:45 --> Could not find the language line "Tạo Đơn Hàng"
ERROR - 2020-05-27 06:39:45 --> Could not find the language line "Tải Excel"
ERROR - 2020-05-27 06:39:45 --> Could not find the language line "Đóng"
ERROR - 2020-05-27 06:39:45 --> Could not find the language line "Xác Nhận"
ERROR - 2020-05-27 06:39:45 --> Severity: Warning --> Invalid argument supplied for foreach() /home/admin/domains/spshd.com/public_html/khachhang/application/views/app.php 162
ERROR - 2020-05-27 06:39:45 --> Severity: Warning --> Invalid argument supplied for foreach() /home/admin/domains/spshd.com/public_html/khachhang/application/views/app.php 173
ERROR - 2020-05-27 06:39:45 --> Could not find the language line "Đóng"
ERROR - 2020-05-27 06:39:45 --> Could not find the language line "Xác Nhận"
ERROR - 2020-05-27 06:39:45 --> Could not find the language line "Đóng"
ERROR - 2020-05-27 06:39:45 --> Could not find the language line "Xác Nhận"
ERROR - 2020-05-27 06:39:45 --> Could not find the language line "Đóng"
ERROR - 2020-05-27 06:39:45 --> Could not find the language line "Tải"
ERROR - 2020-05-27 06:42:19 --> Could not find the language line "Tạo Điểm Lấy Hàng"
ERROR - 2020-05-27 06:42:19 --> Could not find the language line "Tạo Đơn Hàng"
ERROR - 2020-05-27 06:42:19 --> Could not find the language line "Tải Excel"
ERROR - 2020-05-27 06:42:19 --> Could not find the language line "Đóng"
ERROR - 2020-05-27 06:42:19 --> Could not find the language line "Xác Nhận"
ERROR - 2020-05-27 06:42:19 --> Severity: Warning --> Invalid argument supplied for foreach() /home/admin/domains/spshd.com/public_html/khachhang/application/views/app.php 162
ERROR - 2020-05-27 06:42:19 --> Severity: Warning --> Invalid argument supplied for foreach() /home/admin/domains/spshd.com/public_html/khachhang/application/views/app.php 173
ERROR - 2020-05-27 06:42:19 --> Could not find the language line "Đóng"
ERROR - 2020-05-27 06:42:19 --> Could not find the language line "Xác Nhận"
ERROR - 2020-05-27 06:42:19 --> Could not find the language line "Đóng"
ERROR - 2020-05-27 06:42:19 --> Could not find the language line "Xác Nhận"
ERROR - 2020-05-27 06:42:19 --> Could not find the language line "Đóng"
ERROR - 2020-05-27 06:42:19 --> Could not find the language line "Tải"
ERROR - 2020-05-27 07:18:28 --> Could not find the language line "Tạo Điểm Lấy Hàng"
ERROR - 2020-05-27 07:18:28 --> Could not find the language line "Tạo Đơn Hàng"
ERROR - 2020-05-27 07:18:28 --> Could not find the language line "Tải Excel"
ERROR - 2020-05-27 07:18:28 --> Could not find the language line "Đóng"
ERROR - 2020-05-27 07:18:28 --> Could not find the language line "Xác Nhận"
ERROR - 2020-05-27 07:18:28 --> Severity: Warning --> Invalid argument supplied for foreach() /home/admin/domains/spshd.com/public_html/khachhang/application/views/app.php 162
ERROR - 2020-05-27 07:18:28 --> Severity: Warning --> Invalid argument supplied for foreach() /home/admin/domains/spshd.com/public_html/khachhang/application/views/app.php 173
ERROR - 2020-05-27 07:18:28 --> Could not find the language line "Đóng"
ERROR - 2020-05-27 07:18:28 --> Could not find the language line "Xác Nhận"
ERROR - 2020-05-27 07:18:28 --> Could not find the language line "Đóng"
ERROR - 2020-05-27 07:18:28 --> Could not find the language line "Xác Nhận"
ERROR - 2020-05-27 07:18:28 --> Could not find the language line "Đóng"
ERROR - 2020-05-27 07:18:28 --> Could not find the language line "Tải"
ERROR - 2020-05-27 07:19:34 --> Could not find the language line "Tạo Điểm Lấy Hàng"
ERROR - 2020-05-27 07:19:34 --> Could not find the language line "Tạo Đơn Hàng"
ERROR - 2020-05-27 07:19:34 --> Could not find the language line "Tải Excel"
ERROR - 2020-05-27 07:19:34 --> Could not find the language line "Đóng"
ERROR - 2020-05-27 07:19:34 --> Could not find the language line "Xác Nhận"
ERROR - 2020-05-27 07:19:34 --> Severity: Warning --> Invalid argument supplied for foreach() /home/admin/domains/spshd.com/public_html/khachhang/application/views/app.php 162
ERROR - 2020-05-27 07:19:34 --> Severity: Warning --> Invalid argument supplied for foreach() /home/admin/domains/spshd.com/public_html/khachhang/application/views/app.php 173
ERROR - 2020-05-27 07:19:34 --> Could not find the language line "Đóng"
ERROR - 2020-05-27 07:19:34 --> Could not find the language line "Xác Nhận"
ERROR - 2020-05-27 07:19:34 --> Could not find the language line "Đóng"
ERROR - 2020-05-27 07:19:34 --> Could not find the language line "Xác Nhận"
ERROR - 2020-05-27 07:19:34 --> Could not find the language line "Đóng"
ERROR - 2020-05-27 07:19:34 --> Could not find the language line "Tải"
ERROR - 2020-05-27 08:38:15 --> Could not find the language line "Tạo Điểm Lấy Hàng"
ERROR - 2020-05-27 08:38:15 --> Could not find the language line "Tạo Đơn Hàng"
ERROR - 2020-05-27 08:38:15 --> Could not find the language line "Tải Excel"
ERROR - 2020-05-27 08:38:15 --> Could not find the language line "Đóng"
ERROR - 2020-05-27 08:38:15 --> Could not find the language line "Xác Nhận"
ERROR - 2020-05-27 08:38:15 --> Severity: Warning --> Invalid argument supplied for foreach() /home/admin/domains/spshd.com/public_html/khachhang/application/views/app.php 162
ERROR - 2020-05-27 08:38:15 --> Severity: Warning --> Invalid argument supplied for foreach() /home/admin/domains/spshd.com/public_html/khachhang/application/views/app.php 173
ERROR - 2020-05-27 08:38:15 --> Could not find the language line "Đóng"
ERROR - 2020-05-27 08:38:15 --> Could not find the language line "Xác Nhận"
ERROR - 2020-05-27 08:38:15 --> Could not find the language line "Đóng"
ERROR - 2020-05-27 08:38:15 --> Could not find the language line "Xác Nhận"
ERROR - 2020-05-27 08:38:15 --> Could not find the language line "Đóng"
ERROR - 2020-05-27 08:38:15 --> Could not find the language line "Tải"
ERROR - 2020-05-27 08:39:37 --> Could not find the language line "Tạo Điểm Lấy Hàng"
ERROR - 2020-05-27 08:39:37 --> Could not find the language line "Tạo Đơn Hàng"
ERROR - 2020-05-27 08:39:37 --> Could not find the language line "Tải Excel"
ERROR - 2020-05-27 08:39:37 --> Could not find the language line "Đóng"
ERROR - 2020-05-27 08:39:37 --> Could not find the language line "Xác Nhận"
ERROR - 2020-05-27 08:39:37 --> Severity: Warning --> Invalid argument supplied for foreach() /home/admin/domains/spshd.com/public_html/khachhang/application/views/app.php 162
ERROR - 2020-05-27 08:39:37 --> Severity: Warning --> Invalid argument supplied for foreach() /home/admin/domains/spshd.com/public_html/khachhang/application/views/app.php 173
ERROR - 2020-05-27 08:39:37 --> Could not find the language line "Đóng"
ERROR - 2020-05-27 08:39:37 --> Could not find the language line "Xác Nhận"
ERROR - 2020-05-27 08:39:37 --> Could not find the language line "Đóng"
ERROR - 2020-05-27 08:39:37 --> Could not find the language line "Xác Nhận"
ERROR - 2020-05-27 08:39:37 --> Could not find the language line "Đóng"
ERROR - 2020-05-27 08:39:37 --> Could not find the language line "Tải"
ERROR - 2020-05-27 08:54:14 --> Could not find the language line "Tạo Điểm Lấy Hàng"
ERROR - 2020-05-27 08:54:14 --> Could not find the language line "Tạo Đơn Hàng"
ERROR - 2020-05-27 08:54:14 --> Could not find the language line "Tải Excel"
ERROR - 2020-05-27 08:54:14 --> Could not find the language line "Đóng"
ERROR - 2020-05-27 08:54:14 --> Could not find the language line "Xác Nhận"
ERROR - 2020-05-27 08:54:14 --> Severity: Warning --> Invalid argument supplied for foreach() /home/admin/domains/spshd.com/public_html/khachhang/application/views/app.php 162
ERROR - 2020-05-27 08:54:14 --> Severity: Warning --> Invalid argument supplied for foreach() /home/admin/domains/spshd.com/public_html/khachhang/application/views/app.php 173
ERROR - 2020-05-27 08:54:14 --> Could not find the language line "Đóng"
ERROR - 2020-05-27 08:54:14 --> Could not find the language line "Xác Nhận"
ERROR - 2020-05-27 08:54:14 --> Could not find the language line "Đóng"
ERROR - 2020-05-27 08:54:14 --> Could not find the language line "Xác Nhận"
ERROR - 2020-05-27 08:54:14 --> Could not find the language line "Đóng"
ERROR - 2020-05-27 08:54:14 --> Could not find the language line "Tải"
ERROR - 2020-05-27 09:31:03 --> Could not find the language line "Tạo Điểm Lấy Hàng"
ERROR - 2020-05-27 09:31:03 --> Could not find the language line "Tạo Đơn Hàng"
ERROR - 2020-05-27 09:31:03 --> Could not find the language line "Tải Excel"
ERROR - 2020-05-27 09:31:03 --> Could not find the language line "Đóng"
ERROR - 2020-05-27 09:31:03 --> Could not find the language line "Xác Nhận"
ERROR - 2020-05-27 09:31:03 --> Severity: Warning --> Invalid argument supplied for foreach() /home/admin/domains/spshd.com/public_html/khachhang/application/views/app.php 162
ERROR - 2020-05-27 09:31:03 --> Severity: Warning --> Invalid argument supplied for foreach() /home/admin/domains/spshd.com/public_html/khachhang/application/views/app.php 173
ERROR - 2020-05-27 09:31:03 --> Could not find the language line "Đóng"
ERROR - 2020-05-27 09:31:03 --> Could not find the language line "Xác Nhận"
ERROR - 2020-05-27 09:31:03 --> Could not find the language line "Đóng"
ERROR - 2020-05-27 09:31:03 --> Could not find the language line "Xác Nhận"
ERROR - 2020-05-27 09:31:03 --> Could not find the language line "Đóng"
ERROR - 2020-05-27 09:31:03 --> Could not find the language line "Tải"
ERROR - 2020-05-27 10:48:07 --> Could not find the language line "Tạo Điểm Lấy Hàng"
ERROR - 2020-05-27 10:48:07 --> Could not find the language line "Tạo Đơn Hàng"
ERROR - 2020-05-27 10:48:07 --> Could not find the language line "Tải Excel"
ERROR - 2020-05-27 10:48:07 --> Could not find the language line "Đóng"
ERROR - 2020-05-27 10:48:07 --> Could not find the language line "Xác Nhận"
ERROR - 2020-05-27 10:48:07 --> Severity: Warning --> Invalid argument supplied for foreach() /home/admin/domains/spshd.com/public_html/khachhang/application/views/app.php 162
ERROR - 2020-05-27 10:48:07 --> Severity: Warning --> Invalid argument supplied for foreach() /home/admin/domains/spshd.com/public_html/khachhang/application/views/app.php 173
ERROR - 2020-05-27 10:48:07 --> Could not find the language line "Đóng"
ERROR - 2020-05-27 10:48:07 --> Could not find the language line "Xác Nhận"
ERROR - 2020-05-27 10:48:07 --> Could not find the language line "Đóng"
ERROR - 2020-05-27 10:48:07 --> Could not find the language line "Xác Nhận"
ERROR - 2020-05-27 10:48:07 --> Could not find the language line "Đóng"
ERROR - 2020-05-27 10:48:07 --> Could not find the language line "Tải"
ERROR - 2020-05-27 10:51:42 --> Could not find the language line "Tạo Điểm Lấy Hàng"
ERROR - 2020-05-27 10:51:42 --> Could not find the language line "Tạo Đơn Hàng"
ERROR - 2020-05-27 10:51:42 --> Could not find the language line "Tải Excel"
ERROR - 2020-05-27 10:51:42 --> Could not find the language line "Đóng"
ERROR - 2020-05-27 10:51:42 --> Could not find the language line "Xác Nhận"
ERROR - 2020-05-27 10:51:42 --> Severity: Warning --> Invalid argument supplied for foreach() /home/admin/domains/spshd.com/public_html/khachhang/application/views/app.php 162
ERROR - 2020-05-27 10:51:42 --> Severity: Warning --> Invalid argument supplied for foreach() /home/admin/domains/spshd.com/public_html/khachhang/application/views/app.php 173
ERROR - 2020-05-27 10:51:42 --> Could not find the language line "Đóng"
ERROR - 2020-05-27 10:51:42 --> Could not find the language line "Xác Nhận"
ERROR - 2020-05-27 10:51:42 --> Could not find the language line "Đóng"
ERROR - 2020-05-27 10:51:42 --> Could not find the language line "Xác Nhận"
ERROR - 2020-05-27 10:51:42 --> Could not find the language line "Đóng"
ERROR - 2020-05-27 10:51:42 --> Could not find the language line "Tải"
ERROR - 2020-05-27 10:55:13 --> Could not find the language line "Tạo Điểm Lấy Hàng"
ERROR - 2020-05-27 10:55:13 --> Could not find the language line "Tạo Đơn Hàng"
ERROR - 2020-05-27 10:55:13 --> Could not find the language line "Tải Excel"
ERROR - 2020-05-27 10:55:13 --> Could not find the language line "Đóng"
ERROR - 2020-05-27 10:55:13 --> Could not find the language line "Xác Nhận"
ERROR - 2020-05-27 10:55:13 --> Severity: Warning --> Invalid argument supplied for foreach() /home/admin/domains/spshd.com/public_html/khachhang/application/views/app.php 162
ERROR - 2020-05-27 10:55:13 --> Severity: Warning --> Invalid argument supplied for foreach() /home/admin/domains/spshd.com/public_html/khachhang/application/views/app.php 173
ERROR - 2020-05-27 10:55:13 --> Could not find the language line "Đóng"
ERROR - 2020-05-27 10:55:13 --> Could not find the language line "Xác Nhận"
ERROR - 2020-05-27 10:55:13 --> Could not find the language line "Đóng"
ERROR - 2020-05-27 10:55:13 --> Could not find the language line "Xác Nhận"
ERROR - 2020-05-27 10:55:13 --> Could not find the language line "Đóng"
ERROR - 2020-05-27 10:55:13 --> Could not find the language line "Tải"
ERROR - 2020-05-27 10:55:14 --> Could not find the language line "Tạo Điểm Lấy Hàng"
ERROR - 2020-05-27 10:55:14 --> Could not find the language line "Tạo Đơn Hàng"
ERROR - 2020-05-27 10:55:14 --> Could not find the language line "Tải Excel"
ERROR - 2020-05-27 10:55:14 --> Could not find the language line "Đóng"
ERROR - 2020-05-27 10:55:14 --> Could not find the language line "Xác Nhận"
ERROR - 2020-05-27 10:55:14 --> Severity: Warning --> Invalid argument supplied for foreach() /home/admin/domains/spshd.com/public_html/khachhang/application/views/app.php 162
ERROR - 2020-05-27 10:55:14 --> Severity: Warning --> Invalid argument supplied for foreach() /home/admin/domains/spshd.com/public_html/khachhang/application/views/app.php 173
ERROR - 2020-05-27 10:55:14 --> Could not find the language line "Đóng"
ERROR - 2020-05-27 10:55:14 --> Could not find the language line "Xác Nhận"
ERROR - 2020-05-27 10:55:14 --> Could not find the language line "Đóng"
ERROR - 2020-05-27 10:55:14 --> Could not find the language line "Xác Nhận"
ERROR - 2020-05-27 10:55:14 --> Could not find the language line "Đóng"
ERROR - 2020-05-27 10:55:14 --> Could not find the language line "Tải"
ERROR - 2020-05-27 11:01:47 --> Could not find the language line "Tạo Điểm Lấy Hàng"
ERROR - 2020-05-27 11:01:47 --> Could not find the language line "Tạo Đơn Hàng"
ERROR - 2020-05-27 11:01:47 --> Could not find the language line "Tải Excel"
ERROR - 2020-05-27 11:01:47 --> Could not find the language line "Đóng"
ERROR - 2020-05-27 11:01:47 --> Could not find the language line "Xác Nhận"
ERROR - 2020-05-27 11:01:47 --> Severity: Warning --> Invalid argument supplied for foreach() /home/admin/domains/spshd.com/public_html/khachhang/application/views/app.php 162
ERROR - 2020-05-27 11:01:47 --> Severity: Warning --> Invalid argument supplied for foreach() /home/admin/domains/spshd.com/public_html/khachhang/application/views/app.php 173
ERROR - 2020-05-27 11:01:47 --> Could not find the language line "Đóng"
ERROR - 2020-05-27 11:01:47 --> Could not find the language line "Xác Nhận"
ERROR - 2020-05-27 11:01:47 --> Could not find the language line "Đóng"
ERROR - 2020-05-27 11:01:47 --> Could not find the language line "Xác Nhận"
ERROR - 2020-05-27 11:01:47 --> Could not find the language line "Đóng"
ERROR - 2020-05-27 11:01:47 --> Could not find the language line "Tải"
ERROR - 2020-05-27 11:02:12 --> Could not find the language line "Tạo Điểm Lấy Hàng"
ERROR - 2020-05-27 11:02:12 --> Could not find the language line "Tạo Đơn Hàng"
ERROR - 2020-05-27 11:02:12 --> Could not find the language line "Tải Excel"
ERROR - 2020-05-27 11:02:12 --> Could not find the language line "Đóng"
ERROR - 2020-05-27 11:02:12 --> Could not find the language line "Xác Nhận"
ERROR - 2020-05-27 11:02:12 --> Severity: Warning --> Invalid argument supplied for foreach() /home/admin/domains/spshd.com/public_html/khachhang/application/views/app.php 162
ERROR - 2020-05-27 11:02:12 --> Severity: Warning --> Invalid argument supplied for foreach() /home/admin/domains/spshd.com/public_html/khachhang/application/views/app.php 173
ERROR - 2020-05-27 11:02:12 --> Could not find the language line "Đóng"
ERROR - 2020-05-27 11:02:12 --> Could not find the language line "Xác Nhận"
ERROR - 2020-05-27 11:02:12 --> Could not find the language line "Đóng"
ERROR - 2020-05-27 11:02:12 --> Could not find the language line "Xác Nhận"
ERROR - 2020-05-27 11:02:12 --> Could not find the language line "Đóng"
ERROR - 2020-05-27 11:02:12 --> Could not find the language line "Tải"
ERROR - 2020-05-27 11:02:13 --> Could not find the language line "Tạo Điểm Lấy Hàng"
ERROR - 2020-05-27 11:02:13 --> Could not find the language line "Tạo Đơn Hàng"
ERROR - 2020-05-27 11:02:13 --> Could not find the language line "Tải Excel"
ERROR - 2020-05-27 11:02:13 --> Could not find the language line "Đóng"
ERROR - 2020-05-27 11:02:13 --> Could not find the language line "Xác Nhận"
ERROR - 2020-05-27 11:02:13 --> Severity: Warning --> Invalid argument supplied for foreach() /home/admin/domains/spshd.com/public_html/khachhang/application/views/app.php 162
ERROR - 2020-05-27 11:02:13 --> Severity: Warning --> Invalid argument supplied for foreach() /home/admin/domains/spshd.com/public_html/khachhang/application/views/app.php 173
ERROR - 2020-05-27 11:02:13 --> Could not find the language line "Đóng"
ERROR - 2020-05-27 11:02:13 --> Could not find the language line "Xác Nhận"
ERROR - 2020-05-27 11:02:13 --> Could not find the language line "Đóng"
ERROR - 2020-05-27 11:02:13 --> Could not find the language line "Xác Nhận"
ERROR - 2020-05-27 11:02:13 --> Could not find the language line "Đóng"
ERROR - 2020-05-27 11:02:13 --> Could not find the language line "Tải"
ERROR - 2020-05-27 11:48:23 --> Could not find the language line "Tạo Điểm Lấy Hàng"
ERROR - 2020-05-27 11:48:23 --> Could not find the language line "Tạo Đơn Hàng"
ERROR - 2020-05-27 11:48:23 --> Could not find the language line "Tải Excel"
ERROR - 2020-05-27 11:48:23 --> Could not find the language line "Đóng"
ERROR - 2020-05-27 11:48:23 --> Could not find the language line "Xác Nhận"
ERROR - 2020-05-27 11:48:23 --> Severity: Warning --> Invalid argument supplied for foreach() /home/admin/domains/spshd.com/public_html/khachhang/application/views/app.php 162
ERROR - 2020-05-27 11:48:23 --> Severity: Warning --> Invalid argument supplied for foreach() /home/admin/domains/spshd.com/public_html/khachhang/application/views/app.php 173
ERROR - 2020-05-27 11:48:23 --> Could not find the language line "Đóng"
ERROR - 2020-05-27 11:48:23 --> Could not find the language line "Xác Nhận"
ERROR - 2020-05-27 11:48:23 --> Could not find the language line "Đóng"
ERROR - 2020-05-27 11:48:23 --> Could not find the language line "Xác Nhận"
ERROR - 2020-05-27 11:48:23 --> Could not find the language line "Đóng"
ERROR - 2020-05-27 11:48:23 --> Could not find the language line "Tải"
ERROR - 2020-05-27 11:59:48 --> Could not find the language line "Tạo Điểm Lấy Hàng"
ERROR - 2020-05-27 11:59:48 --> Could not find the language line "Tạo Đơn Hàng"
ERROR - 2020-05-27 11:59:48 --> Could not find the language line "Tải Excel"
ERROR - 2020-05-27 11:59:48 --> Could not find the language line "Đóng"
ERROR - 2020-05-27 11:59:48 --> Could not find the language line "Xác Nhận"
ERROR - 2020-05-27 11:59:48 --> Severity: Warning --> Invalid argument supplied for foreach() /home/admin/domains/spshd.com/public_html/khachhang/application/views/app.php 162
ERROR - 2020-05-27 11:59:48 --> Severity: Warning --> Invalid argument supplied for foreach() /home/admin/domains/spshd.com/public_html/khachhang/application/views/app.php 173
ERROR - 2020-05-27 11:59:48 --> Could not find the language line "Đóng"
ERROR - 2020-05-27 11:59:48 --> Could not find the language line "Xác Nhận"
ERROR - 2020-05-27 11:59:48 --> Could not find the language line "Đóng"
ERROR - 2020-05-27 11:59:48 --> Could not find the language line "Xác Nhận"
ERROR - 2020-05-27 11:59:48 --> Could not find the language line "Đóng"
ERROR - 2020-05-27 11:59:48 --> Could not find the language line "Tải"
ERROR - 2020-05-27 06:16:16 --> Could not find the language line "Email"
ERROR - 2020-05-27 06:16:16 --> Could not find the language line "password"
ERROR - 2020-05-27 12:55:00 --> Could not find the language line "Tạo Điểm Lấy Hàng"
ERROR - 2020-05-27 12:55:00 --> Could not find the language line "Tạo Đơn Hàng"
ERROR - 2020-05-27 12:55:00 --> Could not find the language line "Tải Excel"
ERROR - 2020-05-27 12:55:00 --> Could not find the language line "Đóng"
ERROR - 2020-05-27 12:55:00 --> Could not find the language line "Xác Nhận"
ERROR - 2020-05-27 12:55:00 --> Severity: Warning --> Invalid argument supplied for foreach() /home/admin/domains/spshd.com/public_html/khachhang/application/views/app.php 162
ERROR - 2020-05-27 12:55:00 --> Severity: Warning --> Invalid argument supplied for foreach() /home/admin/domains/spshd.com/public_html/khachhang/application/views/app.php 173
ERROR - 2020-05-27 12:55:00 --> Could not find the language line "Đóng"
ERROR - 2020-05-27 12:55:00 --> Could not find the language line "Xác Nhận"
ERROR - 2020-05-27 12:55:00 --> Could not find the language line "Đóng"
ERROR - 2020-05-27 12:55:00 --> Could not find the language line "Xác Nhận"
ERROR - 2020-05-27 12:55:00 --> Could not find the language line "Đóng"
ERROR - 2020-05-27 12:55:00 --> Could not find the language line "Tải"
ERROR - 2020-05-27 13:36:49 --> Could not find the language line "Tạo Điểm Lấy Hàng"
ERROR - 2020-05-27 13:36:49 --> Could not find the language line "Tạo Đơn Hàng"
ERROR - 2020-05-27 13:36:49 --> Could not find the language line "Tải Excel"
ERROR - 2020-05-27 13:36:49 --> Could not find the language line "Đóng"
ERROR - 2020-05-27 13:36:49 --> Could not find the language line "Xác Nhận"
ERROR - 2020-05-27 13:36:49 --> Severity: Warning --> Invalid argument supplied for foreach() /home/admin/domains/spshd.com/public_html/khachhang/application/views/app.php 162
ERROR - 2020-05-27 13:36:49 --> Severity: Warning --> Invalid argument supplied for foreach() /home/admin/domains/spshd.com/public_html/khachhang/application/views/app.php 173
ERROR - 2020-05-27 13:36:49 --> Could not find the language line "Đóng"
ERROR - 2020-05-27 13:36:49 --> Could not find the language line "Xác Nhận"
ERROR - 2020-05-27 13:36:49 --> Could not find the language line "Đóng"
ERROR - 2020-05-27 13:36:49 --> Could not find the language line "Xác Nhận"
ERROR - 2020-05-27 13:36:49 --> Could not find the language line "Đóng"
ERROR - 2020-05-27 13:36:49 --> Could not find the language line "Tải"
ERROR - 2020-05-27 13:44:25 --> Could not find the language line "Tạo Điểm Lấy Hàng"
ERROR - 2020-05-27 13:44:25 --> Could not find the language line "Tạo Đơn Hàng"
ERROR - 2020-05-27 13:44:25 --> Could not find the language line "Tải Excel"
ERROR - 2020-05-27 13:44:25 --> Could not find the language line "Đóng"
ERROR - 2020-05-27 13:44:25 --> Could not find the language line "Xác Nhận"
ERROR - 2020-05-27 13:44:25 --> Severity: Warning --> Invalid argument supplied for foreach() /home/admin/domains/spshd.com/public_html/khachhang/application/views/app.php 162
ERROR - 2020-05-27 13:44:25 --> Severity: Warning --> Invalid argument supplied for foreach() /home/admin/domains/spshd.com/public_html/khachhang/application/views/app.php 173
ERROR - 2020-05-27 13:44:25 --> Could not find the language line "Đóng"
ERROR - 2020-05-27 13:44:25 --> Could not find the language line "Xác Nhận"
ERROR - 2020-05-27 13:44:25 --> Could not find the language line "Đóng"
ERROR - 2020-05-27 13:44:25 --> Could not find the language line "Xác Nhận"
ERROR - 2020-05-27 13:44:25 --> Could not find the language line "Đóng"
ERROR - 2020-05-27 13:44:25 --> Could not find the language line "Tải"
ERROR - 2020-05-27 13:52:25 --> Could not find the language line "Tạo Điểm Lấy Hàng"
ERROR - 2020-05-27 13:52:25 --> Could not find the language line "Tạo Đơn Hàng"
ERROR - 2020-05-27 13:52:25 --> Could not find the language line "Tải Excel"
ERROR - 2020-05-27 13:52:25 --> Could not find the language line "Đóng"
ERROR - 2020-05-27 13:52:25 --> Could not find the language line "Xác Nhận"
ERROR - 2020-05-27 13:52:25 --> Severity: Warning --> Invalid argument supplied for foreach() /home/admin/domains/spshd.com/public_html/khachhang/application/views/app.php 162
ERROR - 2020-05-27 13:52:25 --> Severity: Warning --> Invalid argument supplied for foreach() /home/admin/domains/spshd.com/public_html/khachhang/application/views/app.php 173
ERROR - 2020-05-27 13:52:25 --> Could not find the language line "Đóng"
ERROR - 2020-05-27 13:52:25 --> Could not find the language line "Xác Nhận"
ERROR - 2020-05-27 13:52:25 --> Could not find the language line "Đóng"
ERROR - 2020-05-27 13:52:25 --> Could not find the language line "Xác Nhận"
ERROR - 2020-05-27 13:52:25 --> Could not find the language line "Đóng"
ERROR - 2020-05-27 13:52:25 --> Could not find the language line "Tải"
ERROR - 2020-05-27 13:53:05 --> Could not find the language line "Tạo Điểm Lấy Hàng"
ERROR - 2020-05-27 13:53:05 --> Could not find the language line "Tạo Đơn Hàng"
ERROR - 2020-05-27 13:53:05 --> Could not find the language line "Tải Excel"
ERROR - 2020-05-27 13:53:05 --> Could not find the language line "Đóng"
ERROR - 2020-05-27 13:53:05 --> Could not find the language line "Xác Nhận"
ERROR - 2020-05-27 13:53:05 --> Severity: Warning --> Invalid argument supplied for foreach() /home/admin/domains/spshd.com/public_html/khachhang/application/views/app.php 162
ERROR - 2020-05-27 13:53:05 --> Severity: Warning --> Invalid argument supplied for foreach() /home/admin/domains/spshd.com/public_html/khachhang/application/views/app.php 173
ERROR - 2020-05-27 13:53:05 --> Could not find the language line "Đóng"
ERROR - 2020-05-27 13:53:05 --> Could not find the language line "Xác Nhận"
ERROR - 2020-05-27 13:53:05 --> Could not find the language line "Đóng"
ERROR - 2020-05-27 13:53:05 --> Could not find the language line "Xác Nhận"
ERROR - 2020-05-27 13:53:05 --> Could not find the language line "Đóng"
ERROR - 2020-05-27 13:53:05 --> Could not find the language line "Tải"
ERROR - 2020-05-27 13:53:55 --> Could not find the language line "Tạo Điểm Lấy Hàng"
ERROR - 2020-05-27 13:53:55 --> Could not find the language line "Tạo Đơn Hàng"
ERROR - 2020-05-27 13:53:55 --> Could not find the language line "Tải Excel"
ERROR - 2020-05-27 13:53:55 --> Could not find the language line "Đóng"
ERROR - 2020-05-27 13:53:55 --> Could not find the language line "Xác Nhận"
ERROR - 2020-05-27 13:53:55 --> Severity: Warning --> Invalid argument supplied for foreach() /home/admin/domains/spshd.com/public_html/khachhang/application/views/app.php 162
ERROR - 2020-05-27 13:53:55 --> Severity: Warning --> Invalid argument supplied for foreach() /home/admin/domains/spshd.com/public_html/khachhang/application/views/app.php 173
ERROR - 2020-05-27 13:53:55 --> Could not find the language line "Đóng"
ERROR - 2020-05-27 13:53:55 --> Could not find the language line "Xác Nhận"
ERROR - 2020-05-27 13:53:55 --> Could not find the language line "Đóng"
ERROR - 2020-05-27 13:53:55 --> Could not find the language line "Xác Nhận"
ERROR - 2020-05-27 13:53:55 --> Could not find the language line "Đóng"
ERROR - 2020-05-27 13:53:55 --> Could not find the language line "Tải"
ERROR - 2020-05-27 13:56:51 --> Could not find the language line "Tạo Điểm Lấy Hàng"
ERROR - 2020-05-27 13:56:51 --> Could not find the language line "Tạo Đơn Hàng"
ERROR - 2020-05-27 13:56:51 --> Could not find the language line "Tải Excel"
ERROR - 2020-05-27 13:56:51 --> Could not find the language line "Đóng"
ERROR - 2020-05-27 13:56:51 --> Could not find the language line "Xác Nhận"
ERROR - 2020-05-27 13:56:51 --> Severity: Warning --> Invalid argument supplied for foreach() /home/admin/domains/spshd.com/public_html/khachhang/application/views/app.php 162
ERROR - 2020-05-27 13:56:51 --> Severity: Warning --> Invalid argument supplied for foreach() /home/admin/domains/spshd.com/public_html/khachhang/application/views/app.php 173
ERROR - 2020-05-27 13:56:51 --> Could not find the language line "Đóng"
ERROR - 2020-05-27 13:56:51 --> Could not find the language line "Xác Nhận"
ERROR - 2020-05-27 13:56:51 --> Could not find the language line "Đóng"
ERROR - 2020-05-27 13:56:51 --> Could not find the language line "Xác Nhận"
ERROR - 2020-05-27 13:56:51 --> Could not find the language line "Đóng"
ERROR - 2020-05-27 13:56:51 --> Could not find the language line "Tải"
ERROR - 2020-05-27 13:57:09 --> Could not find the language line "Tạo Điểm Lấy Hàng"
ERROR - 2020-05-27 13:57:09 --> Could not find the language line "Tạo Đơn Hàng"
ERROR - 2020-05-27 13:57:09 --> Could not find the language line "Tải Excel"
ERROR - 2020-05-27 13:57:09 --> Could not find the language line "Đóng"
ERROR - 2020-05-27 13:57:09 --> Could not find the language line "Xác Nhận"
ERROR - 2020-05-27 13:57:09 --> Severity: Warning --> Invalid argument supplied for foreach() /home/admin/domains/spshd.com/public_html/khachhang/application/views/app.php 162
ERROR - 2020-05-27 13:57:09 --> Severity: Warning --> Invalid argument supplied for foreach() /home/admin/domains/spshd.com/public_html/khachhang/application/views/app.php 173
ERROR - 2020-05-27 13:57:09 --> Could not find the language line "Đóng"
ERROR - 2020-05-27 13:57:09 --> Could not find the language line "Xác Nhận"
ERROR - 2020-05-27 13:57:09 --> Could not find the language line "Đóng"
ERROR - 2020-05-27 13:57:09 --> Could not find the language line "Xác Nhận"
ERROR - 2020-05-27 13:57:09 --> Could not find the language line "Đóng"
ERROR - 2020-05-27 13:57:09 --> Could not find the language line "Tải"
ERROR - 2020-05-27 13:59:38 --> Could not find the language line "Tạo Điểm Lấy Hàng"
ERROR - 2020-05-27 13:59:38 --> Could not find the language line "Tạo Đơn Hàng"
ERROR - 2020-05-27 13:59:38 --> Could not find the language line "Tải Excel"
ERROR - 2020-05-27 13:59:38 --> Could not find the language line "Đóng"
ERROR - 2020-05-27 13:59:38 --> Could not find the language line "Xác Nhận"
ERROR - 2020-05-27 13:59:38 --> Severity: Warning --> Invalid argument supplied for foreach() /home/admin/domains/spshd.com/public_html/khachhang/application/views/app.php 162
ERROR - 2020-05-27 13:59:38 --> Severity: Warning --> Invalid argument supplied for foreach() /home/admin/domains/spshd.com/public_html/khachhang/application/views/app.php 173
ERROR - 2020-05-27 13:59:38 --> Could not find the language line "Đóng"
ERROR - 2020-05-27 13:59:38 --> Could not find the language line "Xác Nhận"
ERROR - 2020-05-27 13:59:38 --> Could not find the language line "Đóng"
ERROR - 2020-05-27 13:59:38 --> Could not find the language line "Xác Nhận"
ERROR - 2020-05-27 13:59:38 --> Could not find the language line "Đóng"
ERROR - 2020-05-27 13:59:38 --> Could not find the language line "Tải"
ERROR - 2020-05-27 14:25:01 --> Could not find the language line "Tạo Điểm Lấy Hàng"
ERROR - 2020-05-27 14:25:01 --> Could not find the language line "Tạo Đơn Hàng"
ERROR - 2020-05-27 14:25:01 --> Could not find the language line "Tải Excel"
ERROR - 2020-05-27 14:25:01 --> Could not find the language line "Đóng"
ERROR - 2020-05-27 14:25:01 --> Could not find the language line "Xác Nhận"
ERROR - 2020-05-27 14:25:01 --> Severity: Warning --> Invalid argument supplied for foreach() /home/admin/domains/spshd.com/public_html/khachhang/application/views/app.php 162
ERROR - 2020-05-27 14:25:01 --> Severity: Warning --> Invalid argument supplied for foreach() /home/admin/domains/spshd.com/public_html/khachhang/application/views/app.php 173
ERROR - 2020-05-27 14:25:01 --> Could not find the language line "Đóng"
ERROR - 2020-05-27 14:25:01 --> Could not find the language line "Xác Nhận"
ERROR - 2020-05-27 14:25:01 --> Could not find the language line "Đóng"
ERROR - 2020-05-27 14:25:01 --> Could not find the language line "Xác Nhận"
ERROR - 2020-05-27 14:25:01 --> Could not find the language line "Đóng"
ERROR - 2020-05-27 14:25:01 --> Could not find the language line "Tải"
ERROR - 2020-05-27 14:48:06 --> Could not find the language line "Tạo Điểm Lấy Hàng"
ERROR - 2020-05-27 14:48:06 --> Could not find the language line "Tạo Đơn Hàng"
ERROR - 2020-05-27 14:48:06 --> Could not find the language line "Tải Excel"
ERROR - 2020-05-27 14:48:06 --> Could not find the language line "Đóng"
ERROR - 2020-05-27 14:48:06 --> Could not find the language line "Xác Nhận"
ERROR - 2020-05-27 14:48:06 --> Severity: Warning --> Invalid argument supplied for foreach() /home/admin/domains/spshd.com/public_html/khachhang/application/views/app.php 162
ERROR - 2020-05-27 14:48:06 --> Severity: Warning --> Invalid argument supplied for foreach() /home/admin/domains/spshd.com/public_html/khachhang/application/views/app.php 173
ERROR - 2020-05-27 14:48:06 --> Could not find the language line "Đóng"
ERROR - 2020-05-27 14:48:06 --> Could not find the language line "Xác Nhận"
ERROR - 2020-05-27 14:48:06 --> Could not find the language line "Đóng"
ERROR - 2020-05-27 14:48:06 --> Could not find the language line "Xác Nhận"
ERROR - 2020-05-27 14:48:06 --> Could not find the language line "Đóng"
ERROR - 2020-05-27 14:48:06 --> Could not find the language line "Tải"
ERROR - 2020-05-27 14:48:06 --> Could not find the language line "Tạo Điểm Lấy Hàng"
ERROR - 2020-05-27 14:48:06 --> Could not find the language line "Tạo Đơn Hàng"
ERROR - 2020-05-27 14:48:06 --> Could not find the language line "Tải Excel"
ERROR - 2020-05-27 14:48:06 --> Could not find the language line "Đóng"
ERROR - 2020-05-27 14:48:06 --> Could not find the language line "Xác Nhận"
ERROR - 2020-05-27 14:48:06 --> Severity: Warning --> Invalid argument supplied for foreach() /home/admin/domains/spshd.com/public_html/khachhang/application/views/app.php 162
ERROR - 2020-05-27 14:48:06 --> Severity: Warning --> Invalid argument supplied for foreach() /home/admin/domains/spshd.com/public_html/khachhang/application/views/app.php 173
ERROR - 2020-05-27 14:48:06 --> Could not find the language line "Đóng"
ERROR - 2020-05-27 14:48:06 --> Could not find the language line "Xác Nhận"
ERROR - 2020-05-27 14:48:06 --> Could not find the language line "Đóng"
ERROR - 2020-05-27 14:48:06 --> Could not find the language line "Xác Nhận"
ERROR - 2020-05-27 14:48:06 --> Could not find the language line "Đóng"
ERROR - 2020-05-27 14:48:06 --> Could not find the language line "Tải"
ERROR - 2020-05-27 15:29:38 --> Could not find the language line "Tạo Điểm Lấy Hàng"
ERROR - 2020-05-27 15:29:38 --> Could not find the language line "Tạo Đơn Hàng"
ERROR - 2020-05-27 15:29:38 --> Could not find the language line "Tải Excel"
ERROR - 2020-05-27 15:29:38 --> Could not find the language line "Đóng"
ERROR - 2020-05-27 15:29:38 --> Could not find the language line "Xác Nhận"
ERROR - 2020-05-27 15:29:38 --> Severity: Warning --> Invalid argument supplied for foreach() /home/admin/domains/spshd.com/public_html/khachhang/application/views/app.php 162
ERROR - 2020-05-27 15:29:38 --> Severity: Warning --> Invalid argument supplied for foreach() /home/admin/domains/spshd.com/public_html/khachhang/application/views/app.php 173
ERROR - 2020-05-27 15:29:38 --> Could not find the language line "Đóng"
ERROR - 2020-05-27 15:29:38 --> Could not find the language line "Xác Nhận"
ERROR - 2020-05-27 15:29:38 --> Could not find the language line "Đóng"
ERROR - 2020-05-27 15:29:38 --> Could not find the language line "Xác Nhận"
ERROR - 2020-05-27 15:29:38 --> Could not find the language line "Đóng"
ERROR - 2020-05-27 15:29:38 --> Could not find the language line "Tải"
ERROR - 2020-05-27 15:36:38 --> Could not find the language line "Tạo Điểm Lấy Hàng"
ERROR - 2020-05-27 15:36:38 --> Could not find the language line "Tạo Đơn Hàng"
ERROR - 2020-05-27 15:36:38 --> Could not find the language line "Tải Excel"
ERROR - 2020-05-27 15:36:38 --> Could not find the language line "Đóng"
ERROR - 2020-05-27 15:36:38 --> Could not find the language line "Xác Nhận"
ERROR - 2020-05-27 15:36:38 --> Severity: Warning --> Invalid argument supplied for foreach() /home/admin/domains/spshd.com/public_html/khachhang/application/views/app.php 162
ERROR - 2020-05-27 15:36:38 --> Severity: Warning --> Invalid argument supplied for foreach() /home/admin/domains/spshd.com/public_html/khachhang/application/views/app.php 173
ERROR - 2020-05-27 15:36:38 --> Could not find the language line "Đóng"
ERROR - 2020-05-27 15:36:38 --> Could not find the language line "Xác Nhận"
ERROR - 2020-05-27 15:36:38 --> Could not find the language line "Đóng"
ERROR - 2020-05-27 15:36:38 --> Could not find the language line "Xác Nhận"
ERROR - 2020-05-27 15:36:38 --> Could not find the language line "Đóng"
ERROR - 2020-05-27 15:36:38 --> Could not find the language line "Tải"
ERROR - 2020-05-27 09:40:04 --> Could not find the language line "Email"
ERROR - 2020-05-27 09:40:04 --> Could not find the language line "password"
ERROR - 2020-05-27 09:40:08 --> Could not find the language line "Email"
ERROR - 2020-05-27 09:40:08 --> Could not find the language line "password"
ERROR - 2020-05-27 09:41:34 --> Could not find the language line "Email"
ERROR - 2020-05-27 09:41:34 --> Could not find the language line "password"
ERROR - 2020-05-27 09:43:45 --> Could not find the language line "Email"
ERROR - 2020-05-27 09:43:45 --> Could not find the language line "password"
ERROR - 2020-05-27 15:50:43 --> Could not find the language line "Tạo Điểm Lấy Hàng"
ERROR - 2020-05-27 15:50:43 --> Could not find the language line "Tạo Đơn Hàng"
ERROR - 2020-05-27 15:50:43 --> Could not find the language line "Tải Excel"
ERROR - 2020-05-27 15:50:43 --> Could not find the language line "Đóng"
ERROR - 2020-05-27 15:50:43 --> Could not find the language line "Xác Nhận"
ERROR - 2020-05-27 15:50:43 --> Severity: Warning --> Invalid argument supplied for foreach() /home/admin/domains/spshd.com/public_html/khachhang/application/views/app.php 162
ERROR - 2020-05-27 15:50:43 --> Severity: Warning --> Invalid argument supplied for foreach() /home/admin/domains/spshd.com/public_html/khachhang/application/views/app.php 173
ERROR - 2020-05-27 15:50:43 --> Could not find the language line "Đóng"
ERROR - 2020-05-27 15:50:43 --> Could not find the language line "Xác Nhận"
ERROR - 2020-05-27 15:50:43 --> Could not find the language line "Đóng"
ERROR - 2020-05-27 15:50:43 --> Could not find the language line "Xác Nhận"
ERROR - 2020-05-27 15:50:43 --> Could not find the language line "Đóng"
ERROR - 2020-05-27 15:50:43 --> Could not find the language line "Tải"
ERROR - 2020-05-27 15:50:43 --> Could not find the language line "Tạo Điểm Lấy Hàng"
ERROR - 2020-05-27 15:50:43 --> Could not find the language line "Tạo Đơn Hàng"
ERROR - 2020-05-27 15:50:43 --> Could not find the language line "Tải Excel"
ERROR - 2020-05-27 15:50:43 --> Could not find the language line "Đóng"
ERROR - 2020-05-27 15:50:43 --> Could not find the language line "Xác Nhận"
ERROR - 2020-05-27 15:50:43 --> Severity: Warning --> Invalid argument supplied for foreach() /home/admin/domains/spshd.com/public_html/khachhang/application/views/app.php 162
ERROR - 2020-05-27 15:50:43 --> Severity: Warning --> Invalid argument supplied for foreach() /home/admin/domains/spshd.com/public_html/khachhang/application/views/app.php 173
ERROR - 2020-05-27 15:50:43 --> Could not find the language line "Đóng"
ERROR - 2020-05-27 15:50:43 --> Could not find the language line "Xác Nhận"
ERROR - 2020-05-27 15:50:43 --> Could not find the language line "Đóng"
ERROR - 2020-05-27 15:50:43 --> Could not find the language line "Xác Nhận"
ERROR - 2020-05-27 15:50:43 --> Could not find the language line "Đóng"
ERROR - 2020-05-27 15:50:43 --> Could not find the language line "Tải"
ERROR - 2020-05-27 15:55:59 --> Could not find the language line "Tạo Điểm Lấy Hàng"
ERROR - 2020-05-27 15:55:59 --> Could not find the language line "Tạo Đơn Hàng"
ERROR - 2020-05-27 15:55:59 --> Could not find the language line "Tải Excel"
ERROR - 2020-05-27 15:55:59 --> Could not find the language line "Đóng"
ERROR - 2020-05-27 15:55:59 --> Could not find the language line "Xác Nhận"
ERROR - 2020-05-27 15:55:59 --> Severity: Warning --> Invalid argument supplied for foreach() /home/admin/domains/spshd.com/public_html/khachhang/application/views/app.php 162
ERROR - 2020-05-27 15:55:59 --> Severity: Warning --> Invalid argument supplied for foreach() /home/admin/domains/spshd.com/public_html/khachhang/application/views/app.php 173
ERROR - 2020-05-27 15:55:59 --> Could not find the language line "Đóng"
ERROR - 2020-05-27 15:55:59 --> Could not find the language line "Xác Nhận"
ERROR - 2020-05-27 15:55:59 --> Could not find the language line "Đóng"
ERROR - 2020-05-27 15:55:59 --> Could not find the language line "Xác Nhận"
ERROR - 2020-05-27 15:55:59 --> Could not find the language line "Đóng"
ERROR - 2020-05-27 15:55:59 --> Could not find the language line "Tải"
ERROR - 2020-05-27 16:02:54 --> Could not find the language line "Tạo Điểm Lấy Hàng"
ERROR - 2020-05-27 16:02:54 --> Could not find the language line "Tạo Đơn Hàng"
ERROR - 2020-05-27 16:02:54 --> Could not find the language line "Tải Excel"
ERROR - 2020-05-27 16:02:54 --> Could not find the language line "Đóng"
ERROR - 2020-05-27 16:02:54 --> Could not find the language line "Xác Nhận"
ERROR - 2020-05-27 16:02:54 --> Severity: Warning --> Invalid argument supplied for foreach() /home/admin/domains/spshd.com/public_html/khachhang/application/views/app.php 162
ERROR - 2020-05-27 16:02:54 --> Severity: Warning --> Invalid argument supplied for foreach() /home/admin/domains/spshd.com/public_html/khachhang/application/views/app.php 173
ERROR - 2020-05-27 16:02:54 --> Could not find the language line "Đóng"
ERROR - 2020-05-27 16:02:54 --> Could not find the language line "Xác Nhận"
ERROR - 2020-05-27 16:02:54 --> Could not find the language line "Đóng"
ERROR - 2020-05-27 16:02:54 --> Could not find the language line "Xác Nhận"
ERROR - 2020-05-27 16:02:54 --> Could not find the language line "Đóng"
ERROR - 2020-05-27 16:02:54 --> Could not find the language line "Tải"
ERROR - 2020-05-27 16:23:58 --> Could not find the language line "Tạo Điểm Lấy Hàng"
ERROR - 2020-05-27 16:23:58 --> Could not find the language line "Tạo Đơn Hàng"
ERROR - 2020-05-27 16:23:58 --> Could not find the language line "Tải Excel"
ERROR - 2020-05-27 16:23:58 --> Could not find the language line "Đóng"
ERROR - 2020-05-27 16:23:58 --> Could not find the language line "Xác Nhận"
ERROR - 2020-05-27 16:23:58 --> Severity: Warning --> Invalid argument supplied for foreach() /home/admin/domains/spshd.com/public_html/khachhang/application/views/app.php 162
ERROR - 2020-05-27 16:23:58 --> Severity: Warning --> Invalid argument supplied for foreach() /home/admin/domains/spshd.com/public_html/khachhang/application/views/app.php 173
ERROR - 2020-05-27 16:23:58 --> Could not find the language line "Đóng"
ERROR - 2020-05-27 16:23:58 --> Could not find the language line "Xác Nhận"
ERROR - 2020-05-27 16:23:58 --> Could not find the language line "Đóng"
ERROR - 2020-05-27 16:23:58 --> Could not find the language line "Xác Nhận"
ERROR - 2020-05-27 16:23:58 --> Could not find the language line "Đóng"
ERROR - 2020-05-27 16:23:58 --> Could not find the language line "Tải"
ERROR - 2020-05-27 17:29:23 --> Could not find the language line "Tạo Điểm Lấy Hàng"
ERROR - 2020-05-27 17:29:23 --> Could not find the language line "Tạo Đơn Hàng"
ERROR - 2020-05-27 17:29:23 --> Could not find the language line "Tải Excel"
ERROR - 2020-05-27 17:29:24 --> Could not find the language line "Đóng"
ERROR - 2020-05-27 17:29:24 --> Could not find the language line "Xác Nhận"
ERROR - 2020-05-27 17:29:24 --> Severity: Warning --> Invalid argument supplied for foreach() /home/admin/domains/spshd.com/public_html/khachhang/application/views/app.php 162
ERROR - 2020-05-27 17:29:24 --> Severity: Warning --> Invalid argument supplied for foreach() /home/admin/domains/spshd.com/public_html/khachhang/application/views/app.php 173
ERROR - 2020-05-27 17:29:24 --> Could not find the language line "Đóng"
ERROR - 2020-05-27 17:29:24 --> Could not find the language line "Xác Nhận"
ERROR - 2020-05-27 17:29:24 --> Could not find the language line "Đóng"
ERROR - 2020-05-27 17:29:24 --> Could not find the language line "Xác Nhận"
ERROR - 2020-05-27 17:29:24 --> Could not find the language line "Đóng"
ERROR - 2020-05-27 17:29:24 --> Could not find the language line "Tải"
ERROR - 2020-05-27 17:30:03 --> Could not find the language line "Tạo Điểm Lấy Hàng"
ERROR - 2020-05-27 17:30:03 --> Could not find the language line "Tạo Đơn Hàng"
ERROR - 2020-05-27 17:30:03 --> Could not find the language line "Tải Excel"
ERROR - 2020-05-27 17:30:03 --> Could not find the language line "Đóng"
ERROR - 2020-05-27 17:30:03 --> Could not find the language line "Xác Nhận"
ERROR - 2020-05-27 17:30:03 --> Severity: Warning --> Invalid argument supplied for foreach() /home/admin/domains/spshd.com/public_html/khachhang/application/views/app.php 162
ERROR - 2020-05-27 17:30:03 --> Severity: Warning --> Invalid argument supplied for foreach() /home/admin/domains/spshd.com/public_html/khachhang/application/views/app.php 173
ERROR - 2020-05-27 17:30:03 --> Could not find the language line "Đóng"
ERROR - 2020-05-27 17:30:03 --> Could not find the language line "Xác Nhận"
ERROR - 2020-05-27 17:30:03 --> Could not find the language line "Đóng"
ERROR - 2020-05-27 17:30:03 --> Could not find the language line "Xác Nhận"
ERROR - 2020-05-27 17:30:03 --> Could not find the language line "Đóng"
ERROR - 2020-05-27 17:30:03 --> Could not find the language line "Tải"
ERROR - 2020-05-27 17:34:13 --> Could not find the language line "Tạo Điểm Lấy Hàng"
ERROR - 2020-05-27 17:34:13 --> Could not find the language line "Tạo Đơn Hàng"
ERROR - 2020-05-27 17:34:13 --> Could not find the language line "Tải Excel"
ERROR - 2020-05-27 17:34:13 --> Could not find the language line "Đóng"
ERROR - 2020-05-27 17:34:13 --> Could not find the language line "Xác Nhận"
ERROR - 2020-05-27 17:34:13 --> Severity: Warning --> Invalid argument supplied for foreach() /home/admin/domains/spshd.com/public_html/khachhang/application/views/app.php 162
ERROR - 2020-05-27 17:34:13 --> Severity: Warning --> Invalid argument supplied for foreach() /home/admin/domains/spshd.com/public_html/khachhang/application/views/app.php 173
ERROR - 2020-05-27 17:34:13 --> Could not find the language line "Đóng"
ERROR - 2020-05-27 17:34:13 --> Could not find the language line "Xác Nhận"
ERROR - 2020-05-27 17:34:13 --> Could not find the language line "Đóng"
ERROR - 2020-05-27 17:34:13 --> Could not find the language line "Xác Nhận"
ERROR - 2020-05-27 17:34:13 --> Could not find the language line "Đóng"
ERROR - 2020-05-27 17:34:13 --> Could not find the language line "Tải"
ERROR - 2020-05-27 11:37:19 --> Could not find the language line "Email"
ERROR - 2020-05-27 11:37:19 --> Could not find the language line "password"
ERROR - 2020-05-27 12:33:17 --> Could not find the language line "Email"
ERROR - 2020-05-27 12:33:17 --> Could not find the language line "password"
ERROR - 2020-05-27 18:54:59 --> Could not find the language line "Tạo Điểm Lấy Hàng"
ERROR - 2020-05-27 18:54:59 --> Could not find the language line "Tạo Đơn Hàng"
ERROR - 2020-05-27 18:54:59 --> Could not find the language line "Tải Excel"
ERROR - 2020-05-27 18:54:59 --> Could not find the language line "Đóng"
ERROR - 2020-05-27 18:54:59 --> Could not find the language line "Xác Nhận"
ERROR - 2020-05-27 18:54:59 --> Severity: Warning --> Invalid argument supplied for foreach() /home/admin/domains/spshd.com/public_html/khachhang/application/views/app.php 162
ERROR - 2020-05-27 18:54:59 --> Severity: Warning --> Invalid argument supplied for foreach() /home/admin/domains/spshd.com/public_html/khachhang/application/views/app.php 173
ERROR - 2020-05-27 18:54:59 --> Could not find the language line "Đóng"
ERROR - 2020-05-27 18:54:59 --> Could not find the language line "Xác Nhận"
ERROR - 2020-05-27 18:54:59 --> Could not find the language line "Đóng"
ERROR - 2020-05-27 18:54:59 --> Could not find the language line "Xác Nhận"
ERROR - 2020-05-27 18:54:59 --> Could not find the language line "Đóng"
ERROR - 2020-05-27 18:54:59 --> Could not find the language line "Tải"
ERROR - 2020-05-27 19:20:36 --> Could not find the language line "Tạo Điểm Lấy Hàng"
ERROR - 2020-05-27 19:20:36 --> Could not find the language line "Tạo Đơn Hàng"
ERROR - 2020-05-27 19:20:36 --> Could not find the language line "Tải Excel"
ERROR - 2020-05-27 19:20:36 --> Could not find the language line "Đóng"
ERROR - 2020-05-27 19:20:36 --> Could not find the language line "Xác Nhận"
ERROR - 2020-05-27 19:20:36 --> Severity: Warning --> Invalid argument supplied for foreach() /home/admin/domains/spshd.com/public_html/khachhang/application/views/app.php 162
ERROR - 2020-05-27 19:20:36 --> Severity: Warning --> Invalid argument supplied for foreach() /home/admin/domains/spshd.com/public_html/khachhang/application/views/app.php 173
ERROR - 2020-05-27 19:20:36 --> Could not find the language line "Đóng"
ERROR - 2020-05-27 19:20:36 --> Could not find the language line "Xác Nhận"
ERROR - 2020-05-27 19:20:36 --> Could not find the language line "Đóng"
ERROR - 2020-05-27 19:20:36 --> Could not find the language line "Xác Nhận"
ERROR - 2020-05-27 19:20:36 --> Could not find the language line "Đóng"
ERROR - 2020-05-27 19:20:36 --> Could not find the language line "Tải"
ERROR - 2020-05-27 19:20:36 --> Could not find the language line "Tạo Điểm Lấy Hàng"
ERROR - 2020-05-27 19:20:36 --> Could not find the language line "Tạo Đơn Hàng"
ERROR - 2020-05-27 19:20:36 --> Could not find the language line "Tải Excel"
ERROR - 2020-05-27 19:20:36 --> Could not find the language line "Đóng"
ERROR - 2020-05-27 19:20:36 --> Could not find the language line "Xác Nhận"
ERROR - 2020-05-27 19:20:36 --> Severity: Warning --> Invalid argument supplied for foreach() /home/admin/domains/spshd.com/public_html/khachhang/application/views/app.php 162
ERROR - 2020-05-27 19:20:36 --> Severity: Warning --> Invalid argument supplied for foreach() /home/admin/domains/spshd.com/public_html/khachhang/application/views/app.php 173
ERROR - 2020-05-27 19:20:36 --> Could not find the language line "Đóng"
ERROR - 2020-05-27 19:20:36 --> Could not find the language line "Xác Nhận"
ERROR - 2020-05-27 19:20:36 --> Could not find the language line "Đóng"
ERROR - 2020-05-27 19:20:36 --> Could not find the language line "Xác Nhận"
ERROR - 2020-05-27 19:20:36 --> Could not find the language line "Đóng"
ERROR - 2020-05-27 19:20:36 --> Could not find the language line "Tải"
ERROR - 2020-05-27 19:24:24 --> Could not find the language line "Tạo Điểm Lấy Hàng"
ERROR - 2020-05-27 19:24:24 --> Could not find the language line "Tạo Đơn Hàng"
ERROR - 2020-05-27 19:24:24 --> Could not find the language line "Tải Excel"
ERROR - 2020-05-27 19:24:24 --> Could not find the language line "Đóng"
ERROR - 2020-05-27 19:24:24 --> Could not find the language line "Xác Nhận"
ERROR - 2020-05-27 19:24:24 --> Severity: Warning --> Invalid argument supplied for foreach() /home/admin/domains/spshd.com/public_html/khachhang/application/views/app.php 162
ERROR - 2020-05-27 19:24:24 --> Severity: Warning --> Invalid argument supplied for foreach() /home/admin/domains/spshd.com/public_html/khachhang/application/views/app.php 173
ERROR - 2020-05-27 19:24:24 --> Could not find the language line "Đóng"
ERROR - 2020-05-27 19:24:24 --> Could not find the language line "Xác Nhận"
ERROR - 2020-05-27 19:24:24 --> Could not find the language line "Đóng"
ERROR - 2020-05-27 19:24:24 --> Could not find the language line "Xác Nhận"
ERROR - 2020-05-27 19:24:24 --> Could not find the language line "Đóng"
ERROR - 2020-05-27 19:24:24 --> Could not find the language line "Tải"
ERROR - 2020-05-27 19:59:10 --> Could not find the language line "Tạo Điểm Lấy Hàng"
ERROR - 2020-05-27 19:59:10 --> Could not find the language line "Tạo Đơn Hàng"
ERROR - 2020-05-27 19:59:10 --> Could not find the language line "Tải Excel"
ERROR - 2020-05-27 19:59:10 --> Could not find the language line "Đóng"
ERROR - 2020-05-27 19:59:10 --> Could not find the language line "Xác Nhận"
ERROR - 2020-05-27 19:59:10 --> Severity: Warning --> Invalid argument supplied for foreach() /home/admin/domains/spshd.com/public_html/khachhang/application/views/app.php 162
ERROR - 2020-05-27 19:59:10 --> Severity: Warning --> Invalid argument supplied for foreach() /home/admin/domains/spshd.com/public_html/khachhang/application/views/app.php 173
ERROR - 2020-05-27 19:59:10 --> Could not find the language line "Đóng"
ERROR - 2020-05-27 19:59:10 --> Could not find the language line "Xác Nhận"
ERROR - 2020-05-27 19:59:10 --> Could not find the language line "Đóng"
ERROR - 2020-05-27 19:59:10 --> Could not find the language line "Xác Nhận"
ERROR - 2020-05-27 19:59:10 --> Could not find the language line "Đóng"
ERROR - 2020-05-27 19:59:10 --> Could not find the language line "Tải"
ERROR - 2020-05-27 14:17:49 --> Could not find the language line "Email"
ERROR - 2020-05-27 14:17:49 --> Could not find the language line "password"
ERROR - 2020-05-27 20:36:59 --> Could not find the language line "Tạo Điểm Lấy Hàng"
ERROR - 2020-05-27 20:36:59 --> Could not find the language line "Tạo Đơn Hàng"
ERROR - 2020-05-27 20:36:59 --> Could not find the language line "Tải Excel"
ERROR - 2020-05-27 20:36:59 --> Could not find the language line "Đóng"
ERROR - 2020-05-27 20:36:59 --> Could not find the language line "Xác Nhận"
ERROR - 2020-05-27 20:36:59 --> Severity: Warning --> Invalid argument supplied for foreach() /home/admin/domains/spshd.com/public_html/khachhang/application/views/app.php 162
ERROR - 2020-05-27 20:36:59 --> Severity: Warning --> Invalid argument supplied for foreach() /home/admin/domains/spshd.com/public_html/khachhang/application/views/app.php 173
ERROR - 2020-05-27 20:36:59 --> Could not find the language line "Đóng"
ERROR - 2020-05-27 20:36:59 --> Could not find the language line "Xác Nhận"
ERROR - 2020-05-27 20:36:59 --> Could not find the language line "Đóng"
ERROR - 2020-05-27 20:36:59 --> Could not find the language line "Xác Nhận"
ERROR - 2020-05-27 20:36:59 --> Could not find the language line "Đóng"
ERROR - 2020-05-27 20:36:59 --> Could not find the language line "Tải"
ERROR - 2020-05-27 21:52:09 --> Could not find the language line "Tạo Điểm Lấy Hàng"
ERROR - 2020-05-27 21:52:09 --> Could not find the language line "Tạo Đơn Hàng"
ERROR - 2020-05-27 21:52:09 --> Could not find the language line "Tải Excel"
ERROR - 2020-05-27 21:52:09 --> Could not find the language line "Đóng"
ERROR - 2020-05-27 21:52:09 --> Could not find the language line "Xác Nhận"
ERROR - 2020-05-27 21:52:09 --> Severity: Warning --> Invalid argument supplied for foreach() /home/admin/domains/spshd.com/public_html/khachhang/application/views/app.php 162
ERROR - 2020-05-27 21:52:09 --> Severity: Warning --> Invalid argument supplied for foreach() /home/admin/domains/spshd.com/public_html/khachhang/application/views/app.php 173
ERROR - 2020-05-27 21:52:09 --> Could not find the language line "Đóng"
ERROR - 2020-05-27 21:52:09 --> Could not find the language line "Xác Nhận"
ERROR - 2020-05-27 21:52:09 --> Could not find the language line "Đóng"
ERROR - 2020-05-27 21:52:09 --> Could not find the language line "Xác Nhận"
ERROR - 2020-05-27 21:52:09 --> Could not find the language line "Đóng"
ERROR - 2020-05-27 21:52:09 --> Could not find the language line "Tải"
ERROR - 2020-05-27 22:10:10 --> Could not find the language line "Tạo Điểm Lấy Hàng"
ERROR - 2020-05-27 22:10:10 --> Could not find the language line "Tạo Đơn Hàng"
ERROR - 2020-05-27 22:10:10 --> Could not find the language line "Tải Excel"
ERROR - 2020-05-27 22:10:10 --> Could not find the language line "Đóng"
ERROR - 2020-05-27 22:10:10 --> Could not find the language line "Xác Nhận"
ERROR - 2020-05-27 22:10:10 --> Severity: Warning --> Invalid argument supplied for foreach() /home/admin/domains/spshd.com/public_html/khachhang/application/views/app.php 162
ERROR - 2020-05-27 22:10:10 --> Severity: Warning --> Invalid argument supplied for foreach() /home/admin/domains/spshd.com/public_html/khachhang/application/views/app.php 173
ERROR - 2020-05-27 22:10:10 --> Could not find the language line "Đóng"
ERROR - 2020-05-27 22:10:10 --> Could not find the language line "Xác Nhận"
ERROR - 2020-05-27 22:10:10 --> Could not find the language line "Đóng"
ERROR - 2020-05-27 22:10:10 --> Could not find the language line "Xác Nhận"
ERROR - 2020-05-27 22:10:10 --> Could not find the language line "Đóng"
ERROR - 2020-05-27 22:10:10 --> Could not find the language line "Tải"
ERROR - 2020-05-27 22:12:49 --> Could not find the language line "Tạo Điểm Lấy Hàng"
ERROR - 2020-05-27 22:12:49 --> Could not find the language line "Tạo Đơn Hàng"
ERROR - 2020-05-27 22:12:49 --> Could not find the language line "Tải Excel"
ERROR - 2020-05-27 22:12:49 --> Could not find the language line "Đóng"
ERROR - 2020-05-27 22:12:49 --> Could not find the language line "Xác Nhận"
ERROR - 2020-05-27 22:12:49 --> Severity: Warning --> Invalid argument supplied for foreach() /home/admin/domains/spshd.com/public_html/khachhang/application/views/app.php 162
ERROR - 2020-05-27 22:12:49 --> Severity: Warning --> Invalid argument supplied for foreach() /home/admin/domains/spshd.com/public_html/khachhang/application/views/app.php 173
ERROR - 2020-05-27 22:12:49 --> Could not find the language line "Đóng"
ERROR - 2020-05-27 22:12:49 --> Could not find the language line "Xác Nhận"
ERROR - 2020-05-27 22:12:49 --> Could not find the language line "Đóng"
ERROR - 2020-05-27 22:12:49 --> Could not find the language line "Xác Nhận"
ERROR - 2020-05-27 22:12:49 --> Could not find the language line "Đóng"
ERROR - 2020-05-27 22:12:49 --> Could not find the language line "Tải"
ERROR - 2020-05-27 23:20:39 --> Could not find the language line "Tạo Điểm Lấy Hàng"
ERROR - 2020-05-27 23:20:39 --> Could not find the language line "Tạo Đơn Hàng"
ERROR - 2020-05-27 23:20:39 --> Could not find the language line "Tải Excel"
ERROR - 2020-05-27 23:20:39 --> Could not find the language line "Đóng"
ERROR - 2020-05-27 23:20:39 --> Could not find the language line "Xác Nhận"
ERROR - 2020-05-27 23:20:39 --> Severity: Warning --> Invalid argument supplied for foreach() /home/admin/domains/spshd.com/public_html/khachhang/application/views/app.php 162
ERROR - 2020-05-27 23:20:39 --> Severity: Warning --> Invalid argument supplied for foreach() /home/admin/domains/spshd.com/public_html/khachhang/application/views/app.php 173
ERROR - 2020-05-27 23:20:39 --> Could not find the language line "Đóng"
ERROR - 2020-05-27 23:20:39 --> Could not find the language line "Xác Nhận"
ERROR - 2020-05-27 23:20:39 --> Could not find the language line "Đóng"
ERROR - 2020-05-27 23:20:39 --> Could not find the language line "Xác Nhận"
ERROR - 2020-05-27 23:20:39 --> Could not find the language line "Đóng"
ERROR - 2020-05-27 23:20:39 --> Could not find the language line "Tải"
