ERROR - 2019-12-19 02:26:08 --> Could not find the language line "Email"
ERROR - 2019-12-19 02:26:08 --> Could not find the language line "password"
ERROR - 2019-12-19 03:09:19 --> Could not find the language line "Email"
ERROR - 2019-12-19 03:09:19 --> Could not find the language line "password"
ERROR - 2019-12-19 03:35:41 --> Could not find the language line "Email"
ERROR - 2019-12-19 03:35:41 --> Could not find the language line "password"
ERROR - 2019-12-19 03:36:02 --> Could not find the language line "Tạo Điểm Lấy Hàng"
ERROR - 2019-12-19 03:36:02 --> Could not find the language line "Tạo Đơn Hàng"
ERROR - 2019-12-19 03:36:02 --> Severity: Warning --> Invalid argument supplied for foreach() /home/admin/domains/spshd.com/public_html/khachhang/application/views/tab4.php 394
ERROR - 2019-12-19 03:36:02 --> Could not find the language line "Đóng"
ERROR - 2019-12-19 03:36:02 --> Could not find the language line "Xác Nhận"
ERROR - 2019-12-19 03:36:02 --> Severity: Warning --> Invalid argument supplied for foreach() /home/admin/domains/spshd.com/public_html/khachhang/application/views/app.php 157
ERROR - 2019-12-19 03:36:02 --> Severity: Warning --> Invalid argument supplied for foreach() /home/admin/domains/spshd.com/public_html/khachhang/application/views/app.php 168
ERROR - 2019-12-19 03:36:02 --> Could not find the language line "Đóng"
ERROR - 2019-12-19 03:36:02 --> Could not find the language line "Xác Nhận"
ERROR - 2019-12-19 03:36:02 --> Could not find the language line "Đóng"
ERROR - 2019-12-19 03:36:02 --> Could not find the language line "Xác Nhận"
ERROR - 2019-12-19 03:36:18 --> Could not find the language line "Tạo Điểm Lấy Hàng"
ERROR - 2019-12-19 03:36:18 --> Could not find the language line "Tạo Đơn Hàng"
ERROR - 2019-12-19 03:36:18 --> Severity: Warning --> Invalid argument supplied for foreach() /home/admin/domains/spshd.com/public_html/khachhang/application/views/tab4.php 394
ERROR - 2019-12-19 03:36:18 --> Could not find the language line "Đóng"
ERROR - 2019-12-19 03:36:18 --> Could not find the language line "Xác Nhận"
ERROR - 2019-12-19 03:36:18 --> Severity: Warning --> Invalid argument supplied for foreach() /home/admin/domains/spshd.com/public_html/khachhang/application/views/app.php 157
ERROR - 2019-12-19 03:36:18 --> Severity: Warning --> Invalid argument supplied for foreach() /home/admin/domains/spshd.com/public_html/khachhang/application/views/app.php 168
ERROR - 2019-12-19 03:36:18 --> Could not find the language line "Đóng"
ERROR - 2019-12-19 03:36:18 --> Could not find the language line "Xác Nhận"
ERROR - 2019-12-19 03:36:18 --> Could not find the language line "Đóng"
ERROR - 2019-12-19 03:36:18 --> Could not find the language line "Xác Nhận"
ERROR - 2019-12-19 03:39:12 --> Could not find the language line "Tạo Điểm Lấy Hàng"
ERROR - 2019-12-19 03:39:12 --> Could not find the language line "Tạo Đơn Hàng"
ERROR - 2019-12-19 03:39:12 --> Severity: Warning --> Invalid argument supplied for foreach() /home/admin/domains/spshd.com/public_html/khachhang/application/views/tab4.php 394
ERROR - 2019-12-19 03:39:12 --> Could not find the language line "Đóng"
ERROR - 2019-12-19 03:39:12 --> Could not find the language line "Xác Nhận"
ERROR - 2019-12-19 03:39:12 --> Severity: Warning --> Invalid argument supplied for foreach() /home/admin/domains/spshd.com/public_html/khachhang/application/views/app.php 157
ERROR - 2019-12-19 03:39:12 --> Severity: Warning --> Invalid argument supplied for foreach() /home/admin/domains/spshd.com/public_html/khachhang/application/views/app.php 168
ERROR - 2019-12-19 03:39:12 --> Could not find the language line "Đóng"
ERROR - 2019-12-19 03:39:12 --> Could not find the language line "Xác Nhận"
ERROR - 2019-12-19 03:39:12 --> Could not find the language line "Đóng"
ERROR - 2019-12-19 03:39:12 --> Could not find the language line "Xác Nhận"
ERROR - 2019-12-19 03:39:35 --> Could not find the language line "Tạo Điểm Lấy Hàng"
ERROR - 2019-12-19 03:39:35 --> Could not find the language line "Tạo Đơn Hàng"
ERROR - 2019-12-19 03:39:35 --> Severity: Warning --> Invalid argument supplied for foreach() /home/admin/domains/spshd.com/public_html/khachhang/application/views/tab4.php 394
ERROR - 2019-12-19 03:39:35 --> Could not find the language line "Đóng"
ERROR - 2019-12-19 03:39:35 --> Could not find the language line "Xác Nhận"
ERROR - 2019-12-19 03:39:35 --> Severity: Warning --> Invalid argument supplied for foreach() /home/admin/domains/spshd.com/public_html/khachhang/application/views/app.php 157
ERROR - 2019-12-19 03:39:35 --> Severity: Warning --> Invalid argument supplied for foreach() /home/admin/domains/spshd.com/public_html/khachhang/application/views/app.php 168
ERROR - 2019-12-19 03:39:35 --> Could not find the language line "Đóng"
ERROR - 2019-12-19 03:39:35 --> Could not find the language line "Xác Nhận"
ERROR - 2019-12-19 03:39:35 --> Could not find the language line "Đóng"
ERROR - 2019-12-19 03:39:35 --> Could not find the language line "Xác Nhận"
ERROR - 2019-12-19 04:29:48 --> Could not find the language line "Tạo Điểm Lấy Hàng"
ERROR - 2019-12-19 04:29:48 --> Could not find the language line "Tạo Đơn Hàng"
ERROR - 2019-12-19 04:29:48 --> Severity: Warning --> Invalid argument supplied for foreach() /home/admin/domains/spshd.com/public_html/khachhang/application/views/tab4.php 394
ERROR - 2019-12-19 04:29:48 --> Could not find the language line "Đóng"
ERROR - 2019-12-19 04:29:48 --> Could not find the language line "Xác Nhận"
ERROR - 2019-12-19 04:29:48 --> Severity: Warning --> Invalid argument supplied for foreach() /home/admin/domains/spshd.com/public_html/khachhang/application/views/app.php 157
ERROR - 2019-12-19 04:29:48 --> Severity: Warning --> Invalid argument supplied for foreach() /home/admin/domains/spshd.com/public_html/khachhang/application/views/app.php 168
ERROR - 2019-12-19 04:29:48 --> Could not find the language line "Đóng"
ERROR - 2019-12-19 04:29:48 --> Could not find the language line "Xác Nhận"
ERROR - 2019-12-19 04:29:48 --> Could not find the language line "Đóng"
ERROR - 2019-12-19 04:29:48 --> Could not find the language line "Xác Nhận"
ERROR - 2019-12-19 04:29:49 --> Could not find the language line "Tạo Điểm Lấy Hàng"
ERROR - 2019-12-19 04:29:49 --> Could not find the language line "Tạo Đơn Hàng"
ERROR - 2019-12-19 04:29:49 --> Severity: Warning --> Invalid argument supplied for foreach() /home/admin/domains/spshd.com/public_html/khachhang/application/views/tab4.php 394
ERROR - 2019-12-19 04:29:49 --> Could not find the language line "Đóng"
ERROR - 2019-12-19 04:29:49 --> Could not find the language line "Xác Nhận"
ERROR - 2019-12-19 04:29:49 --> Severity: Warning --> Invalid argument supplied for foreach() /home/admin/domains/spshd.com/public_html/khachhang/application/views/app.php 157
ERROR - 2019-12-19 04:29:49 --> Severity: Warning --> Invalid argument supplied for foreach() /home/admin/domains/spshd.com/public_html/khachhang/application/views/app.php 168
ERROR - 2019-12-19 04:29:49 --> Could not find the language line "Đóng"
ERROR - 2019-12-19 04:29:49 --> Could not find the language line "Xác Nhận"
ERROR - 2019-12-19 04:29:49 --> Could not find the language line "Đóng"
ERROR - 2019-12-19 04:29:49 --> Could not find the language line "Xác Nhận"
ERROR - 2019-12-19 04:29:51 --> Could not find the language line "Tạo Điểm Lấy Hàng"
ERROR - 2019-12-19 04:29:51 --> Could not find the language line "Tạo Đơn Hàng"
ERROR - 2019-12-19 04:29:51 --> Severity: Warning --> Invalid argument supplied for foreach() /home/admin/domains/spshd.com/public_html/khachhang/application/views/tab4.php 394
ERROR - 2019-12-19 04:29:51 --> Could not find the language line "Đóng"
ERROR - 2019-12-19 04:29:51 --> Could not find the language line "Xác Nhận"
ERROR - 2019-12-19 04:29:51 --> Severity: Warning --> Invalid argument supplied for foreach() /home/admin/domains/spshd.com/public_html/khachhang/application/views/app.php 157
ERROR - 2019-12-19 04:29:51 --> Severity: Warning --> Invalid argument supplied for foreach() /home/admin/domains/spshd.com/public_html/khachhang/application/views/app.php 168
ERROR - 2019-12-19 04:29:51 --> Could not find the language line "Đóng"
ERROR - 2019-12-19 04:29:51 --> Could not find the language line "Xác Nhận"
ERROR - 2019-12-19 04:29:51 --> Could not find the language line "Đóng"
ERROR - 2019-12-19 04:29:51 --> Could not find the language line "Xác Nhận"
ERROR - 2019-12-19 05:22:06 --> Could not find the language line "Tạo Điểm Lấy Hàng"
ERROR - 2019-12-19 05:22:06 --> Could not find the language line "Tạo Đơn Hàng"
ERROR - 2019-12-19 05:22:06 --> Severity: Warning --> Invalid argument supplied for foreach() /home/admin/domains/spshd.com/public_html/khachhang/application/views/tab4.php 394
ERROR - 2019-12-19 05:22:06 --> Could not find the language line "Đóng"
ERROR - 2019-12-19 05:22:06 --> Could not find the language line "Xác Nhận"
ERROR - 2019-12-19 05:22:06 --> Severity: Warning --> Invalid argument supplied for foreach() /home/admin/domains/spshd.com/public_html/khachhang/application/views/app.php 157
ERROR - 2019-12-19 05:22:06 --> Severity: Warning --> Invalid argument supplied for foreach() /home/admin/domains/spshd.com/public_html/khachhang/application/views/app.php 168
ERROR - 2019-12-19 05:22:06 --> Could not find the language line "Đóng"
ERROR - 2019-12-19 05:22:06 --> Could not find the language line "Xác Nhận"
ERROR - 2019-12-19 05:22:06 --> Could not find the language line "Đóng"
ERROR - 2019-12-19 05:22:06 --> Could not find the language line "Xác Nhận"
ERROR - 2019-12-19 06:29:44 --> Could not find the language line "Tạo Điểm Lấy Hàng"
ERROR - 2019-12-19 06:29:44 --> Could not find the language line "Tạo Đơn Hàng"
ERROR - 2019-12-19 06:29:44 --> Severity: Warning --> Invalid argument supplied for foreach() /home/admin/domains/spshd.com/public_html/khachhang/application/views/tab4.php 394
ERROR - 2019-12-19 06:29:44 --> Could not find the language line "Đóng"
ERROR - 2019-12-19 06:29:44 --> Could not find the language line "Xác Nhận"
ERROR - 2019-12-19 06:29:44 --> Severity: Warning --> Invalid argument supplied for foreach() /home/admin/domains/spshd.com/public_html/khachhang/application/views/app.php 157
ERROR - 2019-12-19 06:29:44 --> Severity: Warning --> Invalid argument supplied for foreach() /home/admin/domains/spshd.com/public_html/khachhang/application/views/app.php 168
ERROR - 2019-12-19 06:29:44 --> Could not find the language line "Đóng"
ERROR - 2019-12-19 06:29:44 --> Could not find the language line "Xác Nhận"
ERROR - 2019-12-19 06:29:44 --> Could not find the language line "Đóng"
ERROR - 2019-12-19 06:29:44 --> Could not find the language line "Xác Nhận"
ERROR - 2019-12-19 06:29:44 --> Could not find the language line "Tạo Điểm Lấy Hàng"
ERROR - 2019-12-19 06:29:44 --> Could not find the language line "Tạo Đơn Hàng"
ERROR - 2019-12-19 06:29:44 --> Severity: Warning --> Invalid argument supplied for foreach() /home/admin/domains/spshd.com/public_html/khachhang/application/views/tab4.php 394
ERROR - 2019-12-19 06:29:44 --> Could not find the language line "Đóng"
ERROR - 2019-12-19 06:29:44 --> Could not find the language line "Xác Nhận"
ERROR - 2019-12-19 06:29:44 --> Severity: Warning --> Invalid argument supplied for foreach() /home/admin/domains/spshd.com/public_html/khachhang/application/views/app.php 157
ERROR - 2019-12-19 06:29:44 --> Severity: Warning --> Invalid argument supplied for foreach() /home/admin/domains/spshd.com/public_html/khachhang/application/views/app.php 168
ERROR - 2019-12-19 06:29:44 --> Could not find the language line "Đóng"
ERROR - 2019-12-19 06:29:44 --> Could not find the language line "Xác Nhận"
ERROR - 2019-12-19 06:29:44 --> Could not find the language line "Đóng"
ERROR - 2019-12-19 06:29:44 --> Could not find the language line "Xác Nhận"
ERROR - 2019-12-19 08:20:05 --> Could not find the language line "Tạo Điểm Lấy Hàng"
ERROR - 2019-12-19 08:20:05 --> Could not find the language line "Tạo Đơn Hàng"
ERROR - 2019-12-19 08:20:05 --> Severity: Warning --> Invalid argument supplied for foreach() /home/admin/domains/spshd.com/public_html/khachhang/application/views/tab4.php 394
ERROR - 2019-12-19 08:20:05 --> Could not find the language line "Đóng"
ERROR - 2019-12-19 08:20:05 --> Could not find the language line "Xác Nhận"
ERROR - 2019-12-19 08:20:05 --> Severity: Warning --> Invalid argument supplied for foreach() /home/admin/domains/spshd.com/public_html/khachhang/application/views/app.php 157
ERROR - 2019-12-19 08:20:05 --> Severity: Warning --> Invalid argument supplied for foreach() /home/admin/domains/spshd.com/public_html/khachhang/application/views/app.php 168
ERROR - 2019-12-19 08:20:05 --> Could not find the language line "Đóng"
ERROR - 2019-12-19 08:20:05 --> Could not find the language line "Xác Nhận"
ERROR - 2019-12-19 08:20:05 --> Could not find the language line "Đóng"
ERROR - 2019-12-19 08:20:05 --> Could not find the language line "Xác Nhận"
ERROR - 2019-12-19 09:55:54 --> Could not find the language line "Tạo Điểm Lấy Hàng"
ERROR - 2019-12-19 09:55:54 --> Could not find the language line "Tạo Đơn Hàng"
ERROR - 2019-12-19 09:55:54 --> Severity: Warning --> Invalid argument supplied for foreach() /home/admin/domains/spshd.com/public_html/khachhang/application/views/tab4.php 394
ERROR - 2019-12-19 09:55:54 --> Could not find the language line "Đóng"
ERROR - 2019-12-19 09:55:54 --> Could not find the language line "Xác Nhận"
ERROR - 2019-12-19 09:55:54 --> Severity: Warning --> Invalid argument supplied for foreach() /home/admin/domains/spshd.com/public_html/khachhang/application/views/app.php 157
ERROR - 2019-12-19 09:55:54 --> Severity: Warning --> Invalid argument supplied for foreach() /home/admin/domains/spshd.com/public_html/khachhang/application/views/app.php 168
ERROR - 2019-12-19 09:55:54 --> Could not find the language line "Đóng"
ERROR - 2019-12-19 09:55:54 --> Could not find the language line "Xác Nhận"
ERROR - 2019-12-19 09:55:54 --> Could not find the language line "Đóng"
ERROR - 2019-12-19 09:55:54 --> Could not find the language line "Xác Nhận"
ERROR - 2019-12-19 12:01:59 --> Could not find the language line "Email"
ERROR - 2019-12-19 12:01:59 --> Could not find the language line "password"
ERROR - 2019-12-19 12:02:35 --> Could not find the language line "Tạo Điểm Lấy Hàng"
ERROR - 2019-12-19 12:02:35 --> Could not find the language line "Tạo Đơn Hàng"
ERROR - 2019-12-19 12:02:35 --> Severity: Warning --> Invalid argument supplied for foreach() /home/admin/domains/spshd.com/public_html/khachhang/application/views/tab4.php 394
ERROR - 2019-12-19 12:02:35 --> Could not find the language line "Đóng"
ERROR - 2019-12-19 12:02:35 --> Could not find the language line "Xác Nhận"
ERROR - 2019-12-19 12:02:35 --> Severity: Warning --> Invalid argument supplied for foreach() /home/admin/domains/spshd.com/public_html/khachhang/application/views/app.php 157
ERROR - 2019-12-19 12:02:35 --> Severity: Warning --> Invalid argument supplied for foreach() /home/admin/domains/spshd.com/public_html/khachhang/application/views/app.php 168
ERROR - 2019-12-19 12:02:35 --> Could not find the language line "Đóng"
ERROR - 2019-12-19 12:02:35 --> Could not find the language line "Xác Nhận"
ERROR - 2019-12-19 12:02:35 --> Could not find the language line "Đóng"
ERROR - 2019-12-19 12:02:35 --> Could not find the language line "Xác Nhận"
ERROR - 2019-12-19 15:10:56 --> Could not find the language line "Tạo Điểm Lấy Hàng"
ERROR - 2019-12-19 15:10:56 --> Could not find the language line "Tạo Đơn Hàng"
ERROR - 2019-12-19 15:10:56 --> Severity: Warning --> Invalid argument supplied for foreach() /home/admin/domains/spshd.com/public_html/khachhang/application/views/tab4.php 394
ERROR - 2019-12-19 15:10:56 --> Could not find the language line "Đóng"
ERROR - 2019-12-19 15:10:56 --> Could not find the language line "Xác Nhận"
ERROR - 2019-12-19 15:10:56 --> Severity: Warning --> Invalid argument supplied for foreach() /home/admin/domains/spshd.com/public_html/khachhang/application/views/app.php 157
ERROR - 2019-12-19 15:10:56 --> Severity: Warning --> Invalid argument supplied for foreach() /home/admin/domains/spshd.com/public_html/khachhang/application/views/app.php 168
ERROR - 2019-12-19 15:10:56 --> Could not find the language line "Đóng"
ERROR - 2019-12-19 15:10:56 --> Could not find the language line "Xác Nhận"
ERROR - 2019-12-19 15:10:56 --> Could not find the language line "Đóng"
ERROR - 2019-12-19 15:10:56 --> Could not find the language line "Xác Nhận"
ERROR - 2019-12-19 15:18:57 --> Could not find the language line "Tạo Điểm Lấy Hàng"
ERROR - 2019-12-19 15:18:57 --> Could not find the language line "Tạo Đơn Hàng"
ERROR - 2019-12-19 15:18:57 --> Severity: Warning --> Invalid argument supplied for foreach() /home/admin/domains/spshd.com/public_html/khachhang/application/views/tab4.php 394
ERROR - 2019-12-19 15:18:57 --> Could not find the language line "Đóng"
ERROR - 2019-12-19 15:18:57 --> Could not find the language line "Xác Nhận"
ERROR - 2019-12-19 15:18:57 --> Severity: Warning --> Invalid argument supplied for foreach() /home/admin/domains/spshd.com/public_html/khachhang/application/views/app.php 157
ERROR - 2019-12-19 15:18:57 --> Severity: Warning --> Invalid argument supplied for foreach() /home/admin/domains/spshd.com/public_html/khachhang/application/views/app.php 168
ERROR - 2019-12-19 15:18:57 --> Could not find the language line "Đóng"
ERROR - 2019-12-19 15:18:57 --> Could not find the language line "Xác Nhận"
ERROR - 2019-12-19 15:18:57 --> Could not find the language line "Đóng"
ERROR - 2019-12-19 15:18:57 --> Could not find the language line "Xác Nhận"
ERROR - 2019-12-19 16:07:11 --> Could not find the language line "Email"
ERROR - 2019-12-19 16:07:11 --> Could not find the language line "password"
ERROR - 2019-12-19 20:13:00 --> Could not find the language line "Email"
ERROR - 2019-12-19 20:13:00 --> Could not find the language line "password"
ERROR - 2019-12-19 23:17:49 --> Could not find the language line "Email"
ERROR - 2019-12-19 23:17:49 --> Could not find the language line "password"
