ERROR - 2019-10-04 02:59:21 --> Could not find the language line "Tạo Điểm Lấy Hàng"
ERROR - 2019-10-04 02:59:21 --> Could not find the language line "Tạo Đơn Hàng"
ERROR - 2019-10-04 02:59:21 --> Severity: Warning --> Invalid argument supplied for foreach() /home/admin/domains/spshd.com/public_html/khachhang/application/views/tab4.php 394
ERROR - 2019-10-04 02:59:21 --> Could not find the language line "Đóng"
ERROR - 2019-10-04 02:59:21 --> Could not find the language line "Xác Nhận"
ERROR - 2019-10-04 02:59:21 --> Severity: Warning --> Invalid argument supplied for foreach() /home/admin/domains/spshd.com/public_html/khachhang/application/views/app.php 157
ERROR - 2019-10-04 02:59:21 --> Severity: Warning --> Invalid argument supplied for foreach() /home/admin/domains/spshd.com/public_html/khachhang/application/views/app.php 168
ERROR - 2019-10-04 02:59:21 --> Could not find the language line "Đóng"
ERROR - 2019-10-04 02:59:21 --> Could not find the language line "Xác Nhận"
ERROR - 2019-10-04 02:59:21 --> Could not find the language line "Đóng"
ERROR - 2019-10-04 02:59:21 --> Could not find the language line "Xác Nhận"
ERROR - 2019-10-04 10:17:22 --> Could not find the language line "Tạo Điểm Lấy Hàng"
ERROR - 2019-10-04 10:17:22 --> Could not find the language line "Tạo Đơn Hàng"
ERROR - 2019-10-04 10:17:22 --> Severity: Warning --> Invalid argument supplied for foreach() /home/admin/domains/spshd.com/public_html/khachhang/application/views/tab4.php 394
ERROR - 2019-10-04 10:17:22 --> Could not find the language line "Đóng"
ERROR - 2019-10-04 10:17:22 --> Could not find the language line "Xác Nhận"
ERROR - 2019-10-04 10:17:22 --> Severity: Warning --> Invalid argument supplied for foreach() /home/admin/domains/spshd.com/public_html/khachhang/application/views/app.php 157
ERROR - 2019-10-04 10:17:22 --> Severity: Warning --> Invalid argument supplied for foreach() /home/admin/domains/spshd.com/public_html/khachhang/application/views/app.php 168
ERROR - 2019-10-04 10:17:22 --> Could not find the language line "Đóng"
ERROR - 2019-10-04 10:17:22 --> Could not find the language line "Xác Nhận"
ERROR - 2019-10-04 10:17:22 --> Could not find the language line "Đóng"
ERROR - 2019-10-04 10:17:22 --> Could not find the language line "Xác Nhận"
