ERROR - 2020-03-07 00:57:26 --> Could not find the language line "Tạo Điểm Lấy Hàng"
ERROR - 2020-03-07 00:57:26 --> Could not find the language line "Tạo Đơn Hàng"
ERROR - 2020-03-07 00:57:26 --> Severity: Warning --> Invalid argument supplied for foreach() /home/admin/domains/spshd.com/public_html/khachhang/application/views/tab4.php 394
ERROR - 2020-03-07 00:57:26 --> Could not find the language line "Đóng"
ERROR - 2020-03-07 00:57:26 --> Could not find the language line "Xác Nhận"
ERROR - 2020-03-07 00:57:26 --> Severity: Warning --> Invalid argument supplied for foreach() /home/admin/domains/spshd.com/public_html/khachhang/application/views/app.php 157
ERROR - 2020-03-07 00:57:26 --> Severity: Warning --> Invalid argument supplied for foreach() /home/admin/domains/spshd.com/public_html/khachhang/application/views/app.php 168
ERROR - 2020-03-07 00:57:26 --> Could not find the language line "Đóng"
ERROR - 2020-03-07 00:57:26 --> Could not find the language line "Xác Nhận"
ERROR - 2020-03-07 00:57:26 --> Could not find the language line "Đóng"
ERROR - 2020-03-07 00:57:26 --> Could not find the language line "Xác Nhận"
ERROR - 2020-03-07 02:47:58 --> Could not find the language line "Tạo Điểm Lấy Hàng"
ERROR - 2020-03-07 02:47:58 --> Could not find the language line "Tạo Đơn Hàng"
ERROR - 2020-03-07 02:47:58 --> Severity: Warning --> Invalid argument supplied for foreach() /home/admin/domains/spshd.com/public_html/khachhang/application/views/tab4.php 394
ERROR - 2020-03-07 02:47:58 --> Could not find the language line "Đóng"
ERROR - 2020-03-07 02:47:58 --> Could not find the language line "Xác Nhận"
ERROR - 2020-03-07 02:47:58 --> Severity: Warning --> Invalid argument supplied for foreach() /home/admin/domains/spshd.com/public_html/khachhang/application/views/app.php 157
ERROR - 2020-03-07 02:47:58 --> Severity: Warning --> Invalid argument supplied for foreach() /home/admin/domains/spshd.com/public_html/khachhang/application/views/app.php 168
ERROR - 2020-03-07 02:47:58 --> Could not find the language line "Đóng"
ERROR - 2020-03-07 02:47:58 --> Could not find the language line "Xác Nhận"
ERROR - 2020-03-07 02:47:58 --> Could not find the language line "Đóng"
ERROR - 2020-03-07 02:47:58 --> Could not find the language line "Xác Nhận"
ERROR - 2020-03-07 05:17:00 --> Could not find the language line "Tạo Điểm Lấy Hàng"
ERROR - 2020-03-07 05:17:00 --> Could not find the language line "Tạo Đơn Hàng"
ERROR - 2020-03-07 05:17:00 --> Severity: Warning --> Invalid argument supplied for foreach() /home/admin/domains/spshd.com/public_html/khachhang/application/views/tab4.php 394
ERROR - 2020-03-07 05:17:00 --> Could not find the language line "Đóng"
ERROR - 2020-03-07 05:17:00 --> Could not find the language line "Xác Nhận"
ERROR - 2020-03-07 05:17:00 --> Severity: Warning --> Invalid argument supplied for foreach() /home/admin/domains/spshd.com/public_html/khachhang/application/views/app.php 157
ERROR - 2020-03-07 05:17:00 --> Severity: Warning --> Invalid argument supplied for foreach() /home/admin/domains/spshd.com/public_html/khachhang/application/views/app.php 168
ERROR - 2020-03-07 05:17:00 --> Could not find the language line "Đóng"
ERROR - 2020-03-07 05:17:00 --> Could not find the language line "Xác Nhận"
ERROR - 2020-03-07 05:17:00 --> Could not find the language line "Đóng"
ERROR - 2020-03-07 05:17:00 --> Could not find the language line "Xác Nhận"
ERROR - 2020-03-07 07:49:35 --> Could not find the language line "Tạo Điểm Lấy Hàng"
ERROR - 2020-03-07 07:49:35 --> Could not find the language line "Tạo Đơn Hàng"
ERROR - 2020-03-07 07:49:35 --> Severity: Warning --> Invalid argument supplied for foreach() /home/admin/domains/spshd.com/public_html/khachhang/application/views/tab4.php 394
ERROR - 2020-03-07 07:49:35 --> Could not find the language line "Đóng"
ERROR - 2020-03-07 07:49:35 --> Could not find the language line "Xác Nhận"
ERROR - 2020-03-07 07:49:35 --> Severity: Warning --> Invalid argument supplied for foreach() /home/admin/domains/spshd.com/public_html/khachhang/application/views/app.php 157
ERROR - 2020-03-07 07:49:35 --> Severity: Warning --> Invalid argument supplied for foreach() /home/admin/domains/spshd.com/public_html/khachhang/application/views/app.php 168
ERROR - 2020-03-07 07:49:35 --> Could not find the language line "Đóng"
ERROR - 2020-03-07 07:49:35 --> Could not find the language line "Xác Nhận"
ERROR - 2020-03-07 07:49:35 --> Could not find the language line "Đóng"
ERROR - 2020-03-07 07:49:35 --> Could not find the language line "Xác Nhận"
ERROR - 2020-03-07 08:36:01 --> Could not find the language line "Tạo Điểm Lấy Hàng"
ERROR - 2020-03-07 08:36:01 --> Could not find the language line "Tạo Đơn Hàng"
ERROR - 2020-03-07 08:36:01 --> Severity: Warning --> Invalid argument supplied for foreach() /home/admin/domains/spshd.com/public_html/khachhang/application/views/tab4.php 394
ERROR - 2020-03-07 08:36:01 --> Could not find the language line "Đóng"
ERROR - 2020-03-07 08:36:01 --> Could not find the language line "Xác Nhận"
ERROR - 2020-03-07 08:36:01 --> Severity: Warning --> Invalid argument supplied for foreach() /home/admin/domains/spshd.com/public_html/khachhang/application/views/app.php 157
ERROR - 2020-03-07 08:36:01 --> Severity: Warning --> Invalid argument supplied for foreach() /home/admin/domains/spshd.com/public_html/khachhang/application/views/app.php 168
ERROR - 2020-03-07 08:36:01 --> Could not find the language line "Đóng"
ERROR - 2020-03-07 08:36:01 --> Could not find the language line "Xác Nhận"
ERROR - 2020-03-07 08:36:01 --> Could not find the language line "Đóng"
ERROR - 2020-03-07 08:36:01 --> Could not find the language line "Xác Nhận"
ERROR - 2020-03-07 09:53:15 --> Could not find the language line "Tạo Điểm Lấy Hàng"
ERROR - 2020-03-07 09:53:15 --> Could not find the language line "Tạo Đơn Hàng"
ERROR - 2020-03-07 09:53:15 --> Severity: Warning --> Invalid argument supplied for foreach() /home/admin/domains/spshd.com/public_html/khachhang/application/views/tab4.php 394
ERROR - 2020-03-07 09:53:15 --> Could not find the language line "Đóng"
ERROR - 2020-03-07 09:53:15 --> Could not find the language line "Xác Nhận"
ERROR - 2020-03-07 09:53:15 --> Severity: Warning --> Invalid argument supplied for foreach() /home/admin/domains/spshd.com/public_html/khachhang/application/views/app.php 157
ERROR - 2020-03-07 09:53:15 --> Severity: Warning --> Invalid argument supplied for foreach() /home/admin/domains/spshd.com/public_html/khachhang/application/views/app.php 168
ERROR - 2020-03-07 09:53:15 --> Could not find the language line "Đóng"
ERROR - 2020-03-07 09:53:15 --> Could not find the language line "Xác Nhận"
ERROR - 2020-03-07 09:53:15 --> Could not find the language line "Đóng"
ERROR - 2020-03-07 09:53:15 --> Could not find the language line "Xác Nhận"
ERROR - 2020-03-07 09:57:06 --> Could not find the language line "Email"
ERROR - 2020-03-07 09:57:06 --> Could not find the language line "password"
ERROR - 2020-03-07 09:57:14 --> Could not find the language line "Email"
ERROR - 2020-03-07 09:57:14 --> Could not find the language line "password"
ERROR - 2020-03-07 09:57:56 --> Could not find the language line "Email"
ERROR - 2020-03-07 09:57:56 --> Could not find the language line "password"
ERROR - 2020-03-07 09:58:03 --> Could not find the language line "Email"
ERROR - 2020-03-07 09:58:03 --> Could not find the language line "password"
ERROR - 2020-03-07 09:58:16 --> Could not find the language line "Email"
ERROR - 2020-03-07 09:58:16 --> Could not find the language line "password"
ERROR - 2020-03-07 09:59:38 --> Could not find the language line "Email"
ERROR - 2020-03-07 09:59:38 --> Could not find the language line "password"
ERROR - 2020-03-07 09:59:46 --> Could not find the language line "Email"
ERROR - 2020-03-07 09:59:46 --> Could not find the language line "password"
ERROR - 2020-03-07 09:59:52 --> Could not find the language line "Email"
ERROR - 2020-03-07 09:59:52 --> Could not find the language line "password"
ERROR - 2020-03-07 10:00:16 --> Could not find the language line "Email"
ERROR - 2020-03-07 10:00:16 --> Could not find the language line "password"
ERROR - 2020-03-07 10:00:42 --> Could not find the language line "Email"
ERROR - 2020-03-07 10:00:42 --> Could not find the language line "password"
ERROR - 2020-03-07 10:00:48 --> Could not find the language line "Email"
ERROR - 2020-03-07 10:00:48 --> Could not find the language line "password"
ERROR - 2020-03-07 10:02:04 --> Could not find the language line "Email"
ERROR - 2020-03-07 10:02:04 --> Could not find the language line "password"
ERROR - 2020-03-07 10:02:08 --> Could not find the language line "Email"
ERROR - 2020-03-07 10:02:08 --> Could not find the language line "password"
ERROR - 2020-03-07 10:02:18 --> Could not find the language line "Email"
ERROR - 2020-03-07 10:02:18 --> Could not find the language line "password"
ERROR - 2020-03-07 10:02:50 --> Could not find the language line "Tạo Điểm Lấy Hàng"
ERROR - 2020-03-07 10:02:50 --> Could not find the language line "Tạo Đơn Hàng"
ERROR - 2020-03-07 10:02:50 --> Severity: Warning --> Invalid argument supplied for foreach() /home/admin/domains/spshd.com/public_html/khachhang/application/views/tab4.php 394
ERROR - 2020-03-07 10:02:50 --> Could not find the language line "Đóng"
ERROR - 2020-03-07 10:02:50 --> Could not find the language line "Xác Nhận"
ERROR - 2020-03-07 10:02:50 --> Severity: Warning --> Invalid argument supplied for foreach() /home/admin/domains/spshd.com/public_html/khachhang/application/views/app.php 157
ERROR - 2020-03-07 10:02:50 --> Severity: Warning --> Invalid argument supplied for foreach() /home/admin/domains/spshd.com/public_html/khachhang/application/views/app.php 168
ERROR - 2020-03-07 10:02:50 --> Could not find the language line "Đóng"
ERROR - 2020-03-07 10:02:50 --> Could not find the language line "Xác Nhận"
ERROR - 2020-03-07 10:02:50 --> Could not find the language line "Đóng"
ERROR - 2020-03-07 10:02:50 --> Could not find the language line "Xác Nhận"
ERROR - 2020-03-07 10:02:55 --> Could not find the language line "Email"
ERROR - 2020-03-07 10:02:55 --> Could not find the language line "password"
ERROR - 2020-03-07 10:03:47 --> Could not find the language line "Email"
ERROR - 2020-03-07 10:03:47 --> Could not find the language line "password"
ERROR - 2020-03-07 10:04:06 --> Could not find the language line "Email"
ERROR - 2020-03-07 10:04:06 --> Could not find the language line "password"
ERROR - 2020-03-07 10:04:24 --> Could not find the language line "Email"
ERROR - 2020-03-07 10:04:24 --> Could not find the language line "password"
ERROR - 2020-03-07 10:04:58 --> Could not find the language line "Tạo Điểm Lấy Hàng"
ERROR - 2020-03-07 10:04:58 --> Could not find the language line "Tạo Đơn Hàng"
ERROR - 2020-03-07 10:04:58 --> Severity: Warning --> Invalid argument supplied for foreach() /home/admin/domains/spshd.com/public_html/khachhang/application/views/tab4.php 394
ERROR - 2020-03-07 10:04:58 --> Could not find the language line "Đóng"
ERROR - 2020-03-07 10:04:58 --> Could not find the language line "Xác Nhận"
ERROR - 2020-03-07 10:04:58 --> Severity: Warning --> Invalid argument supplied for foreach() /home/admin/domains/spshd.com/public_html/khachhang/application/views/app.php 157
ERROR - 2020-03-07 10:04:58 --> Severity: Warning --> Invalid argument supplied for foreach() /home/admin/domains/spshd.com/public_html/khachhang/application/views/app.php 168
ERROR - 2020-03-07 10:04:58 --> Could not find the language line "Đóng"
ERROR - 2020-03-07 10:04:58 --> Could not find the language line "Xác Nhận"
ERROR - 2020-03-07 10:04:58 --> Could not find the language line "Đóng"
ERROR - 2020-03-07 10:04:58 --> Could not find the language line "Xác Nhận"
ERROR - 2020-03-07 10:05:39 --> Could not find the language line "Email"
ERROR - 2020-03-07 10:05:39 --> Could not find the language line "password"
ERROR - 2020-03-07 10:07:58 --> Could not find the language line "Email"
ERROR - 2020-03-07 10:07:58 --> Could not find the language line "password"
ERROR - 2020-03-07 10:24:32 --> Could not find the language line "Tạo Điểm Lấy Hàng"
ERROR - 2020-03-07 10:24:32 --> Could not find the language line "Tạo Đơn Hàng"
ERROR - 2020-03-07 10:24:32 --> Severity: Warning --> Invalid argument supplied for foreach() /home/admin/domains/spshd.com/public_html/khachhang/application/views/tab4.php 394
ERROR - 2020-03-07 10:24:32 --> Could not find the language line "Đóng"
ERROR - 2020-03-07 10:24:32 --> Could not find the language line "Xác Nhận"
ERROR - 2020-03-07 10:24:32 --> Severity: Warning --> Invalid argument supplied for foreach() /home/admin/domains/spshd.com/public_html/khachhang/application/views/app.php 157
ERROR - 2020-03-07 10:24:32 --> Severity: Warning --> Invalid argument supplied for foreach() /home/admin/domains/spshd.com/public_html/khachhang/application/views/app.php 168
ERROR - 2020-03-07 10:24:32 --> Could not find the language line "Đóng"
ERROR - 2020-03-07 10:24:32 --> Could not find the language line "Xác Nhận"
ERROR - 2020-03-07 10:24:32 --> Could not find the language line "Đóng"
ERROR - 2020-03-07 10:24:32 --> Could not find the language line "Xác Nhận"
ERROR - 2020-03-07 12:08:20 --> Could not find the language line "Email"
ERROR - 2020-03-07 12:08:20 --> Could not find the language line "password"
ERROR - 2020-03-07 13:21:31 --> Could not find the language line "Email"
ERROR - 2020-03-07 13:21:31 --> Could not find the language line "password"
ERROR - 2020-03-07 13:32:07 --> Could not find the language line "Tạo Điểm Lấy Hàng"
ERROR - 2020-03-07 13:32:07 --> Could not find the language line "Tạo Đơn Hàng"
ERROR - 2020-03-07 13:32:07 --> Severity: Warning --> Invalid argument supplied for foreach() /home/admin/domains/spshd.com/public_html/khachhang/application/views/tab4.php 394
ERROR - 2020-03-07 13:32:07 --> Could not find the language line "Đóng"
ERROR - 2020-03-07 13:32:07 --> Could not find the language line "Xác Nhận"
ERROR - 2020-03-07 13:32:07 --> Severity: Warning --> Invalid argument supplied for foreach() /home/admin/domains/spshd.com/public_html/khachhang/application/views/app.php 157
ERROR - 2020-03-07 13:32:07 --> Severity: Warning --> Invalid argument supplied for foreach() /home/admin/domains/spshd.com/public_html/khachhang/application/views/app.php 168
ERROR - 2020-03-07 13:32:07 --> Could not find the language line "Đóng"
ERROR - 2020-03-07 13:32:07 --> Could not find the language line "Xác Nhận"
ERROR - 2020-03-07 13:32:07 --> Could not find the language line "Đóng"
ERROR - 2020-03-07 13:32:07 --> Could not find the language line "Xác Nhận"
ERROR - 2020-03-07 13:32:17 --> Could not find the language line "Tạo Điểm Lấy Hàng"
ERROR - 2020-03-07 13:32:17 --> Could not find the language line "Tạo Đơn Hàng"
ERROR - 2020-03-07 13:32:17 --> Severity: Warning --> Invalid argument supplied for foreach() /home/admin/domains/spshd.com/public_html/khachhang/application/views/tab4.php 394
ERROR - 2020-03-07 13:32:17 --> Could not find the language line "Đóng"
ERROR - 2020-03-07 13:32:17 --> Could not find the language line "Xác Nhận"
ERROR - 2020-03-07 13:32:17 --> Severity: Warning --> Invalid argument supplied for foreach() /home/admin/domains/spshd.com/public_html/khachhang/application/views/app.php 157
ERROR - 2020-03-07 13:32:17 --> Severity: Warning --> Invalid argument supplied for foreach() /home/admin/domains/spshd.com/public_html/khachhang/application/views/app.php 168
ERROR - 2020-03-07 13:32:17 --> Could not find the language line "Đóng"
ERROR - 2020-03-07 13:32:17 --> Could not find the language line "Xác Nhận"
ERROR - 2020-03-07 13:32:17 --> Could not find the language line "Đóng"
ERROR - 2020-03-07 13:32:17 --> Could not find the language line "Xác Nhận"
ERROR - 2020-03-07 13:42:16 --> Could not find the language line "Email"
ERROR - 2020-03-07 13:42:16 --> Could not find the language line "password"
ERROR - 2020-03-07 14:01:58 --> Could not find the language line "Email"
ERROR - 2020-03-07 14:01:58 --> Could not find the language line "password"
ERROR - 2020-03-07 14:17:34 --> Could not find the language line "Tạo Điểm Lấy Hàng"
ERROR - 2020-03-07 14:17:34 --> Could not find the language line "Tạo Đơn Hàng"
ERROR - 2020-03-07 14:17:34 --> Severity: Warning --> Invalid argument supplied for foreach() /home/admin/domains/spshd.com/public_html/khachhang/application/views/tab4.php 394
ERROR - 2020-03-07 14:17:34 --> Could not find the language line "Đóng"
ERROR - 2020-03-07 14:17:34 --> Could not find the language line "Xác Nhận"
ERROR - 2020-03-07 14:17:34 --> Severity: Warning --> Invalid argument supplied for foreach() /home/admin/domains/spshd.com/public_html/khachhang/application/views/app.php 157
ERROR - 2020-03-07 14:17:34 --> Severity: Warning --> Invalid argument supplied for foreach() /home/admin/domains/spshd.com/public_html/khachhang/application/views/app.php 168
ERROR - 2020-03-07 14:17:34 --> Could not find the language line "Đóng"
ERROR - 2020-03-07 14:17:34 --> Could not find the language line "Xác Nhận"
ERROR - 2020-03-07 14:17:34 --> Could not find the language line "Đóng"
ERROR - 2020-03-07 14:17:34 --> Could not find the language line "Xác Nhận"
ERROR - 2020-03-07 14:26:30 --> Could not find the language line "Tạo Điểm Lấy Hàng"
ERROR - 2020-03-07 14:26:30 --> Could not find the language line "Tạo Đơn Hàng"
ERROR - 2020-03-07 14:26:30 --> Severity: Warning --> Invalid argument supplied for foreach() /home/admin/domains/spshd.com/public_html/khachhang/application/views/tab4.php 394
ERROR - 2020-03-07 14:26:30 --> Could not find the language line "Đóng"
ERROR - 2020-03-07 14:26:30 --> Could not find the language line "Xác Nhận"
ERROR - 2020-03-07 14:26:30 --> Severity: Warning --> Invalid argument supplied for foreach() /home/admin/domains/spshd.com/public_html/khachhang/application/views/app.php 157
ERROR - 2020-03-07 14:26:30 --> Severity: Warning --> Invalid argument supplied for foreach() /home/admin/domains/spshd.com/public_html/khachhang/application/views/app.php 168
ERROR - 2020-03-07 14:26:30 --> Could not find the language line "Đóng"
ERROR - 2020-03-07 14:26:30 --> Could not find the language line "Xác Nhận"
ERROR - 2020-03-07 14:26:30 --> Could not find the language line "Đóng"
ERROR - 2020-03-07 14:26:30 --> Could not find the language line "Xác Nhận"
