ERROR - 2020-01-03 03:01:57 --> Could not find the language line "Tạo Điểm Lấy Hàng"
ERROR - 2020-01-03 03:01:57 --> Could not find the language line "Tạo Đơn Hàng"
ERROR - 2020-01-03 03:01:57 --> Severity: Warning --> Invalid argument supplied for foreach() /home/admin/domains/spshd.com/public_html/khachhang/application/views/tab4.php 394
ERROR - 2020-01-03 03:01:57 --> Could not find the language line "Đóng"
ERROR - 2020-01-03 03:01:57 --> Could not find the language line "Xác Nhận"
ERROR - 2020-01-03 03:01:57 --> Severity: Warning --> Invalid argument supplied for foreach() /home/admin/domains/spshd.com/public_html/khachhang/application/views/app.php 157
ERROR - 2020-01-03 03:01:57 --> Severity: Warning --> Invalid argument supplied for foreach() /home/admin/domains/spshd.com/public_html/khachhang/application/views/app.php 168
ERROR - 2020-01-03 03:01:57 --> Could not find the language line "Đóng"
ERROR - 2020-01-03 03:01:57 --> Could not find the language line "Xác Nhận"
ERROR - 2020-01-03 03:01:57 --> Could not find the language line "Đóng"
ERROR - 2020-01-03 03:01:57 --> Could not find the language line "Xác Nhận"
ERROR - 2020-01-03 06:07:58 --> Could not find the language line "Tạo Điểm Lấy Hàng"
ERROR - 2020-01-03 06:07:58 --> Could not find the language line "Tạo Đơn Hàng"
ERROR - 2020-01-03 06:07:58 --> Severity: Warning --> Invalid argument supplied for foreach() /home/admin/domains/spshd.com/public_html/khachhang/application/views/tab4.php 394
ERROR - 2020-01-03 06:07:58 --> Could not find the language line "Đóng"
ERROR - 2020-01-03 06:07:58 --> Could not find the language line "Xác Nhận"
ERROR - 2020-01-03 06:07:58 --> Severity: Warning --> Invalid argument supplied for foreach() /home/admin/domains/spshd.com/public_html/khachhang/application/views/app.php 157
ERROR - 2020-01-03 06:07:58 --> Severity: Warning --> Invalid argument supplied for foreach() /home/admin/domains/spshd.com/public_html/khachhang/application/views/app.php 168
ERROR - 2020-01-03 06:07:58 --> Could not find the language line "Đóng"
ERROR - 2020-01-03 06:07:58 --> Could not find the language line "Xác Nhận"
ERROR - 2020-01-03 06:07:58 --> Could not find the language line "Đóng"
ERROR - 2020-01-03 06:07:58 --> Could not find the language line "Xác Nhận"
ERROR - 2020-01-03 06:12:09 --> Could not find the language line "Tạo Điểm Lấy Hàng"
ERROR - 2020-01-03 06:12:09 --> Could not find the language line "Tạo Đơn Hàng"
ERROR - 2020-01-03 06:12:09 --> Severity: Warning --> Invalid argument supplied for foreach() /home/admin/domains/spshd.com/public_html/khachhang/application/views/tab4.php 394
ERROR - 2020-01-03 06:12:09 --> Could not find the language line "Đóng"
ERROR - 2020-01-03 06:12:09 --> Could not find the language line "Xác Nhận"
ERROR - 2020-01-03 06:12:09 --> Severity: Warning --> Invalid argument supplied for foreach() /home/admin/domains/spshd.com/public_html/khachhang/application/views/app.php 157
ERROR - 2020-01-03 06:12:09 --> Severity: Warning --> Invalid argument supplied for foreach() /home/admin/domains/spshd.com/public_html/khachhang/application/views/app.php 168
ERROR - 2020-01-03 06:12:09 --> Could not find the language line "Đóng"
ERROR - 2020-01-03 06:12:09 --> Could not find the language line "Xác Nhận"
ERROR - 2020-01-03 06:12:09 --> Could not find the language line "Đóng"
ERROR - 2020-01-03 06:12:09 --> Could not find the language line "Xác Nhận"
ERROR - 2020-01-03 09:17:49 --> Could not find the language line "Tạo Điểm Lấy Hàng"
ERROR - 2020-01-03 09:17:49 --> Could not find the language line "Tạo Đơn Hàng"
ERROR - 2020-01-03 09:17:49 --> Severity: Warning --> Invalid argument supplied for foreach() /home/admin/domains/spshd.com/public_html/khachhang/application/views/tab4.php 394
ERROR - 2020-01-03 09:17:49 --> Could not find the language line "Đóng"
ERROR - 2020-01-03 09:17:49 --> Could not find the language line "Xác Nhận"
ERROR - 2020-01-03 09:17:49 --> Severity: Warning --> Invalid argument supplied for foreach() /home/admin/domains/spshd.com/public_html/khachhang/application/views/app.php 157
ERROR - 2020-01-03 09:17:49 --> Severity: Warning --> Invalid argument supplied for foreach() /home/admin/domains/spshd.com/public_html/khachhang/application/views/app.php 168
ERROR - 2020-01-03 09:17:49 --> Could not find the language line "Đóng"
ERROR - 2020-01-03 09:17:49 --> Could not find the language line "Xác Nhận"
ERROR - 2020-01-03 09:17:49 --> Could not find the language line "Đóng"
ERROR - 2020-01-03 09:17:49 --> Could not find the language line "Xác Nhận"
ERROR - 2020-01-03 10:33:34 --> Could not find the language line "Tạo Điểm Lấy Hàng"
ERROR - 2020-01-03 10:33:34 --> Could not find the language line "Tạo Đơn Hàng"
ERROR - 2020-01-03 10:33:34 --> Severity: Warning --> Invalid argument supplied for foreach() /home/admin/domains/spshd.com/public_html/khachhang/application/views/tab4.php 394
ERROR - 2020-01-03 10:33:34 --> Could not find the language line "Đóng"
ERROR - 2020-01-03 10:33:34 --> Could not find the language line "Xác Nhận"
ERROR - 2020-01-03 10:33:34 --> Severity: Warning --> Invalid argument supplied for foreach() /home/admin/domains/spshd.com/public_html/khachhang/application/views/app.php 157
ERROR - 2020-01-03 10:33:34 --> Severity: Warning --> Invalid argument supplied for foreach() /home/admin/domains/spshd.com/public_html/khachhang/application/views/app.php 168
ERROR - 2020-01-03 10:33:34 --> Could not find the language line "Đóng"
ERROR - 2020-01-03 10:33:34 --> Could not find the language line "Xác Nhận"
ERROR - 2020-01-03 10:33:34 --> Could not find the language line "Đóng"
ERROR - 2020-01-03 10:33:34 --> Could not find the language line "Xác Nhận"
ERROR - 2020-01-03 11:30:52 --> Could not find the language line "Tạo Điểm Lấy Hàng"
ERROR - 2020-01-03 11:30:52 --> Could not find the language line "Tạo Đơn Hàng"
ERROR - 2020-01-03 11:30:52 --> Severity: Warning --> Invalid argument supplied for foreach() /home/admin/domains/spshd.com/public_html/khachhang/application/views/tab4.php 394
ERROR - 2020-01-03 11:30:52 --> Could not find the language line "Đóng"
ERROR - 2020-01-03 11:30:52 --> Could not find the language line "Xác Nhận"
ERROR - 2020-01-03 11:30:52 --> Severity: Warning --> Invalid argument supplied for foreach() /home/admin/domains/spshd.com/public_html/khachhang/application/views/app.php 157
ERROR - 2020-01-03 11:30:52 --> Severity: Warning --> Invalid argument supplied for foreach() /home/admin/domains/spshd.com/public_html/khachhang/application/views/app.php 168
ERROR - 2020-01-03 11:30:52 --> Could not find the language line "Đóng"
ERROR - 2020-01-03 11:30:52 --> Could not find the language line "Xác Nhận"
ERROR - 2020-01-03 11:30:52 --> Could not find the language line "Đóng"
ERROR - 2020-01-03 11:30:52 --> Could not find the language line "Xác Nhận"
ERROR - 2020-01-03 12:01:28 --> Could not find the language line "Tạo Điểm Lấy Hàng"
ERROR - 2020-01-03 12:01:28 --> Could not find the language line "Tạo Đơn Hàng"
ERROR - 2020-01-03 12:01:28 --> Severity: Warning --> Invalid argument supplied for foreach() /home/admin/domains/spshd.com/public_html/khachhang/application/views/tab4.php 394
ERROR - 2020-01-03 12:01:28 --> Could not find the language line "Đóng"
ERROR - 2020-01-03 12:01:28 --> Could not find the language line "Xác Nhận"
ERROR - 2020-01-03 12:01:28 --> Severity: Warning --> Invalid argument supplied for foreach() /home/admin/domains/spshd.com/public_html/khachhang/application/views/app.php 157
ERROR - 2020-01-03 12:01:28 --> Severity: Warning --> Invalid argument supplied for foreach() /home/admin/domains/spshd.com/public_html/khachhang/application/views/app.php 168
ERROR - 2020-01-03 12:01:28 --> Could not find the language line "Đóng"
ERROR - 2020-01-03 12:01:28 --> Could not find the language line "Xác Nhận"
ERROR - 2020-01-03 12:01:28 --> Could not find the language line "Đóng"
ERROR - 2020-01-03 12:01:28 --> Could not find the language line "Xác Nhận"
ERROR - 2020-01-03 12:01:29 --> Could not find the language line "Tạo Điểm Lấy Hàng"
ERROR - 2020-01-03 12:01:29 --> Could not find the language line "Tạo Đơn Hàng"
ERROR - 2020-01-03 12:01:29 --> Severity: Warning --> Invalid argument supplied for foreach() /home/admin/domains/spshd.com/public_html/khachhang/application/views/tab4.php 394
ERROR - 2020-01-03 12:01:29 --> Could not find the language line "Đóng"
ERROR - 2020-01-03 12:01:29 --> Could not find the language line "Xác Nhận"
ERROR - 2020-01-03 12:01:29 --> Severity: Warning --> Invalid argument supplied for foreach() /home/admin/domains/spshd.com/public_html/khachhang/application/views/app.php 157
ERROR - 2020-01-03 12:01:29 --> Severity: Warning --> Invalid argument supplied for foreach() /home/admin/domains/spshd.com/public_html/khachhang/application/views/app.php 168
ERROR - 2020-01-03 12:01:29 --> Could not find the language line "Đóng"
ERROR - 2020-01-03 12:01:29 --> Could not find the language line "Xác Nhận"
ERROR - 2020-01-03 12:01:29 --> Could not find the language line "Đóng"
ERROR - 2020-01-03 12:01:29 --> Could not find the language line "Xác Nhận"
ERROR - 2020-01-03 12:01:32 --> Could not find the language line "Tạo Điểm Lấy Hàng"
ERROR - 2020-01-03 12:01:32 --> Could not find the language line "Tạo Đơn Hàng"
ERROR - 2020-01-03 12:01:32 --> Severity: Warning --> Invalid argument supplied for foreach() /home/admin/domains/spshd.com/public_html/khachhang/application/views/tab4.php 394
ERROR - 2020-01-03 12:01:32 --> Could not find the language line "Đóng"
ERROR - 2020-01-03 12:01:32 --> Could not find the language line "Xác Nhận"
ERROR - 2020-01-03 12:01:32 --> Severity: Warning --> Invalid argument supplied for foreach() /home/admin/domains/spshd.com/public_html/khachhang/application/views/app.php 157
ERROR - 2020-01-03 12:01:32 --> Severity: Warning --> Invalid argument supplied for foreach() /home/admin/domains/spshd.com/public_html/khachhang/application/views/app.php 168
ERROR - 2020-01-03 12:01:32 --> Could not find the language line "Đóng"
ERROR - 2020-01-03 12:01:32 --> Could not find the language line "Xác Nhận"
ERROR - 2020-01-03 12:01:32 --> Could not find the language line "Đóng"
ERROR - 2020-01-03 12:01:32 --> Could not find the language line "Xác Nhận"
ERROR - 2020-01-03 12:01:32 --> Could not find the language line "Tạo Điểm Lấy Hàng"
ERROR - 2020-01-03 12:01:32 --> Could not find the language line "Tạo Đơn Hàng"
ERROR - 2020-01-03 12:01:32 --> Severity: Warning --> Invalid argument supplied for foreach() /home/admin/domains/spshd.com/public_html/khachhang/application/views/tab4.php 394
ERROR - 2020-01-03 12:01:32 --> Could not find the language line "Đóng"
ERROR - 2020-01-03 12:01:32 --> Could not find the language line "Xác Nhận"
ERROR - 2020-01-03 12:01:32 --> Severity: Warning --> Invalid argument supplied for foreach() /home/admin/domains/spshd.com/public_html/khachhang/application/views/app.php 157
ERROR - 2020-01-03 12:01:32 --> Severity: Warning --> Invalid argument supplied for foreach() /home/admin/domains/spshd.com/public_html/khachhang/application/views/app.php 168
ERROR - 2020-01-03 12:01:32 --> Could not find the language line "Đóng"
ERROR - 2020-01-03 12:01:32 --> Could not find the language line "Xác Nhận"
ERROR - 2020-01-03 12:01:32 --> Could not find the language line "Đóng"
ERROR - 2020-01-03 12:01:32 --> Could not find the language line "Xác Nhận"
ERROR - 2020-01-03 13:21:28 --> Could not find the language line "Email"
ERROR - 2020-01-03 13:21:28 --> Could not find the language line "password"
ERROR - 2020-01-03 13:28:26 --> Could not find the language line "Email"
ERROR - 2020-01-03 13:28:26 --> Could not find the language line "password"
ERROR - 2020-01-03 13:59:02 --> Could not find the language line "Tạo Điểm Lấy Hàng"
ERROR - 2020-01-03 13:59:02 --> Could not find the language line "Tạo Đơn Hàng"
ERROR - 2020-01-03 13:59:02 --> Severity: Warning --> Invalid argument supplied for foreach() /home/admin/domains/spshd.com/public_html/khachhang/application/views/tab4.php 394
ERROR - 2020-01-03 13:59:02 --> Could not find the language line "Đóng"
ERROR - 2020-01-03 13:59:02 --> Could not find the language line "Xác Nhận"
ERROR - 2020-01-03 13:59:02 --> Severity: Warning --> Invalid argument supplied for foreach() /home/admin/domains/spshd.com/public_html/khachhang/application/views/app.php 157
ERROR - 2020-01-03 13:59:02 --> Severity: Warning --> Invalid argument supplied for foreach() /home/admin/domains/spshd.com/public_html/khachhang/application/views/app.php 168
ERROR - 2020-01-03 13:59:02 --> Could not find the language line "Đóng"
ERROR - 2020-01-03 13:59:02 --> Could not find the language line "Xác Nhận"
ERROR - 2020-01-03 13:59:02 --> Could not find the language line "Đóng"
ERROR - 2020-01-03 13:59:02 --> Could not find the language line "Xác Nhận"
ERROR - 2020-01-03 14:24:04 --> Could not find the language line "Tạo Điểm Lấy Hàng"
ERROR - 2020-01-03 14:24:04 --> Could not find the language line "Tạo Đơn Hàng"
ERROR - 2020-01-03 14:24:04 --> Severity: Warning --> Invalid argument supplied for foreach() /home/admin/domains/spshd.com/public_html/khachhang/application/views/tab4.php 394
ERROR - 2020-01-03 14:24:04 --> Could not find the language line "Đóng"
ERROR - 2020-01-03 14:24:04 --> Could not find the language line "Xác Nhận"
ERROR - 2020-01-03 14:24:04 --> Severity: Warning --> Invalid argument supplied for foreach() /home/admin/domains/spshd.com/public_html/khachhang/application/views/app.php 157
ERROR - 2020-01-03 14:24:04 --> Severity: Warning --> Invalid argument supplied for foreach() /home/admin/domains/spshd.com/public_html/khachhang/application/views/app.php 168
ERROR - 2020-01-03 14:24:04 --> Could not find the language line "Đóng"
ERROR - 2020-01-03 14:24:04 --> Could not find the language line "Xác Nhận"
ERROR - 2020-01-03 14:24:04 --> Could not find the language line "Đóng"
ERROR - 2020-01-03 14:24:04 --> Could not find the language line "Xác Nhận"
ERROR - 2020-01-03 14:27:13 --> Could not find the language line "Email"
ERROR - 2020-01-03 14:27:13 --> Could not find the language line "password"
ERROR - 2020-01-03 14:33:01 --> Could not find the language line "Email"
ERROR - 2020-01-03 14:33:01 --> Could not find the language line "password"
ERROR - 2020-01-03 17:08:14 --> Could not find the language line "Email"
ERROR - 2020-01-03 17:08:14 --> Could not find the language line "password"
