ERROR - 2020-02-12 01:09:28 --> Could not find the language line "Tạo Điểm Lấy Hàng"
ERROR - 2020-02-12 01:09:28 --> Could not find the language line "Tạo Đơn Hàng"
ERROR - 2020-02-12 01:09:28 --> Severity: Warning --> Invalid argument supplied for foreach() /home/admin/domains/spshd.com/public_html/khachhang/application/views/tab4.php 394
ERROR - 2020-02-12 01:09:28 --> Could not find the language line "Đóng"
ERROR - 2020-02-12 01:09:28 --> Could not find the language line "Xác Nhận"
ERROR - 2020-02-12 01:09:28 --> Severity: Warning --> Invalid argument supplied for foreach() /home/admin/domains/spshd.com/public_html/khachhang/application/views/app.php 157
ERROR - 2020-02-12 01:09:28 --> Severity: Warning --> Invalid argument supplied for foreach() /home/admin/domains/spshd.com/public_html/khachhang/application/views/app.php 168
ERROR - 2020-02-12 01:09:28 --> Could not find the language line "Đóng"
ERROR - 2020-02-12 01:09:28 --> Could not find the language line "Xác Nhận"
ERROR - 2020-02-12 01:09:28 --> Could not find the language line "Đóng"
ERROR - 2020-02-12 01:09:28 --> Could not find the language line "Xác Nhận"
ERROR - 2020-02-12 01:09:29 --> Could not find the language line "Tạo Điểm Lấy Hàng"
ERROR - 2020-02-12 01:09:29 --> Could not find the language line "Tạo Đơn Hàng"
ERROR - 2020-02-12 01:09:29 --> Severity: Warning --> Invalid argument supplied for foreach() /home/admin/domains/spshd.com/public_html/khachhang/application/views/tab4.php 394
ERROR - 2020-02-12 01:09:29 --> Could not find the language line "Đóng"
ERROR - 2020-02-12 01:09:29 --> Could not find the language line "Xác Nhận"
ERROR - 2020-02-12 01:09:29 --> Severity: Warning --> Invalid argument supplied for foreach() /home/admin/domains/spshd.com/public_html/khachhang/application/views/app.php 157
ERROR - 2020-02-12 01:09:29 --> Severity: Warning --> Invalid argument supplied for foreach() /home/admin/domains/spshd.com/public_html/khachhang/application/views/app.php 168
ERROR - 2020-02-12 01:09:29 --> Could not find the language line "Đóng"
ERROR - 2020-02-12 01:09:29 --> Could not find the language line "Xác Nhận"
ERROR - 2020-02-12 01:09:29 --> Could not find the language line "Đóng"
ERROR - 2020-02-12 01:09:29 --> Could not find the language line "Xác Nhận"
ERROR - 2020-02-12 04:03:30 --> Could not find the language line "Tạo Điểm Lấy Hàng"
ERROR - 2020-02-12 04:03:30 --> Could not find the language line "Tạo Đơn Hàng"
ERROR - 2020-02-12 04:03:30 --> Severity: Warning --> Invalid argument supplied for foreach() /home/admin/domains/spshd.com/public_html/khachhang/application/views/tab4.php 394
ERROR - 2020-02-12 04:03:30 --> Could not find the language line "Đóng"
ERROR - 2020-02-12 04:03:30 --> Could not find the language line "Xác Nhận"
ERROR - 2020-02-12 04:03:30 --> Severity: Warning --> Invalid argument supplied for foreach() /home/admin/domains/spshd.com/public_html/khachhang/application/views/app.php 157
ERROR - 2020-02-12 04:03:30 --> Severity: Warning --> Invalid argument supplied for foreach() /home/admin/domains/spshd.com/public_html/khachhang/application/views/app.php 168
ERROR - 2020-02-12 04:03:30 --> Could not find the language line "Đóng"
ERROR - 2020-02-12 04:03:30 --> Could not find the language line "Xác Nhận"
ERROR - 2020-02-12 04:03:30 --> Could not find the language line "Đóng"
ERROR - 2020-02-12 04:03:30 --> Could not find the language line "Xác Nhận"
ERROR - 2020-02-12 06:33:07 --> Could not find the language line "Email"
ERROR - 2020-02-12 06:33:07 --> Could not find the language line "password"
ERROR - 2020-02-12 06:37:02 --> Could not find the language line "Email"
ERROR - 2020-02-12 06:37:02 --> Could not find the language line "password"
ERROR - 2020-02-12 06:37:23 --> Could not find the language line "Tạo Điểm Lấy Hàng"
ERROR - 2020-02-12 06:37:23 --> Could not find the language line "Tạo Đơn Hàng"
ERROR - 2020-02-12 06:37:23 --> Severity: Warning --> Invalid argument supplied for foreach() /home/admin/domains/spshd.com/public_html/khachhang/application/views/tab4.php 394
ERROR - 2020-02-12 06:37:23 --> Could not find the language line "Đóng"
ERROR - 2020-02-12 06:37:23 --> Could not find the language line "Xác Nhận"
ERROR - 2020-02-12 06:37:23 --> Severity: Warning --> Invalid argument supplied for foreach() /home/admin/domains/spshd.com/public_html/khachhang/application/views/app.php 157
ERROR - 2020-02-12 06:37:23 --> Severity: Warning --> Invalid argument supplied for foreach() /home/admin/domains/spshd.com/public_html/khachhang/application/views/app.php 168
ERROR - 2020-02-12 06:37:23 --> Could not find the language line "Đóng"
ERROR - 2020-02-12 06:37:23 --> Could not find the language line "Xác Nhận"
ERROR - 2020-02-12 06:37:23 --> Could not find the language line "Đóng"
ERROR - 2020-02-12 06:37:23 --> Could not find the language line "Xác Nhận"
ERROR - 2020-02-12 06:39:26 --> Could not find the language line "Email"
ERROR - 2020-02-12 06:39:26 --> Could not find the language line "password"
ERROR - 2020-02-12 06:39:31 --> Could not find the language line "Tạo Điểm Lấy Hàng"
ERROR - 2020-02-12 06:39:31 --> Could not find the language line "Tạo Đơn Hàng"
ERROR - 2020-02-12 06:39:31 --> Severity: Warning --> Invalid argument supplied for foreach() /home/admin/domains/spshd.com/public_html/khachhang/application/views/tab4.php 394
ERROR - 2020-02-12 06:39:31 --> Could not find the language line "Đóng"
ERROR - 2020-02-12 06:39:31 --> Could not find the language line "Xác Nhận"
ERROR - 2020-02-12 06:39:31 --> Severity: Warning --> Invalid argument supplied for foreach() /home/admin/domains/spshd.com/public_html/khachhang/application/views/app.php 157
ERROR - 2020-02-12 06:39:31 --> Severity: Warning --> Invalid argument supplied for foreach() /home/admin/domains/spshd.com/public_html/khachhang/application/views/app.php 168
ERROR - 2020-02-12 06:39:31 --> Could not find the language line "Đóng"
ERROR - 2020-02-12 06:39:31 --> Could not find the language line "Xác Nhận"
ERROR - 2020-02-12 06:39:31 --> Could not find the language line "Đóng"
ERROR - 2020-02-12 06:39:31 --> Could not find the language line "Xác Nhận"
ERROR - 2020-02-12 07:19:24 --> Could not find the language line "Tạo Điểm Lấy Hàng"
ERROR - 2020-02-12 07:19:24 --> Could not find the language line "Tạo Đơn Hàng"
ERROR - 2020-02-12 07:19:24 --> Severity: Warning --> Invalid argument supplied for foreach() /home/admin/domains/spshd.com/public_html/khachhang/application/views/tab4.php 394
ERROR - 2020-02-12 07:19:24 --> Could not find the language line "Đóng"
ERROR - 2020-02-12 07:19:24 --> Could not find the language line "Xác Nhận"
ERROR - 2020-02-12 07:19:24 --> Severity: Warning --> Invalid argument supplied for foreach() /home/admin/domains/spshd.com/public_html/khachhang/application/views/app.php 157
ERROR - 2020-02-12 07:19:24 --> Severity: Warning --> Invalid argument supplied for foreach() /home/admin/domains/spshd.com/public_html/khachhang/application/views/app.php 168
ERROR - 2020-02-12 07:19:24 --> Could not find the language line "Đóng"
ERROR - 2020-02-12 07:19:24 --> Could not find the language line "Xác Nhận"
ERROR - 2020-02-12 07:19:24 --> Could not find the language line "Đóng"
ERROR - 2020-02-12 07:19:24 --> Could not find the language line "Xác Nhận"
ERROR - 2020-02-12 07:45:06 --> Could not find the language line "Tạo Điểm Lấy Hàng"
ERROR - 2020-02-12 07:45:06 --> Could not find the language line "Tạo Đơn Hàng"
ERROR - 2020-02-12 07:45:06 --> Severity: Warning --> Invalid argument supplied for foreach() /home/admin/domains/spshd.com/public_html/khachhang/application/views/tab4.php 394
ERROR - 2020-02-12 07:45:06 --> Could not find the language line "Đóng"
ERROR - 2020-02-12 07:45:06 --> Could not find the language line "Xác Nhận"
ERROR - 2020-02-12 07:45:06 --> Severity: Warning --> Invalid argument supplied for foreach() /home/admin/domains/spshd.com/public_html/khachhang/application/views/app.php 157
ERROR - 2020-02-12 07:45:06 --> Severity: Warning --> Invalid argument supplied for foreach() /home/admin/domains/spshd.com/public_html/khachhang/application/views/app.php 168
ERROR - 2020-02-12 07:45:06 --> Could not find the language line "Đóng"
ERROR - 2020-02-12 07:45:06 --> Could not find the language line "Xác Nhận"
ERROR - 2020-02-12 07:45:06 --> Could not find the language line "Đóng"
ERROR - 2020-02-12 07:45:06 --> Could not find the language line "Xác Nhận"
ERROR - 2020-02-12 08:16:08 --> Could not find the language line "Tạo Điểm Lấy Hàng"
ERROR - 2020-02-12 08:16:08 --> Could not find the language line "Tạo Đơn Hàng"
ERROR - 2020-02-12 08:16:08 --> Severity: Warning --> Invalid argument supplied for foreach() /home/admin/domains/spshd.com/public_html/khachhang/application/views/tab4.php 394
ERROR - 2020-02-12 08:16:08 --> Could not find the language line "Đóng"
ERROR - 2020-02-12 08:16:08 --> Could not find the language line "Xác Nhận"
ERROR - 2020-02-12 08:16:08 --> Severity: Warning --> Invalid argument supplied for foreach() /home/admin/domains/spshd.com/public_html/khachhang/application/views/app.php 157
ERROR - 2020-02-12 08:16:08 --> Severity: Warning --> Invalid argument supplied for foreach() /home/admin/domains/spshd.com/public_html/khachhang/application/views/app.php 168
ERROR - 2020-02-12 08:16:08 --> Could not find the language line "Đóng"
ERROR - 2020-02-12 08:16:08 --> Could not find the language line "Xác Nhận"
ERROR - 2020-02-12 08:16:08 --> Could not find the language line "Đóng"
ERROR - 2020-02-12 08:16:08 --> Could not find the language line "Xác Nhận"
ERROR - 2020-02-12 08:40:52 --> Could not find the language line "Tạo Điểm Lấy Hàng"
ERROR - 2020-02-12 08:40:52 --> Could not find the language line "Tạo Đơn Hàng"
ERROR - 2020-02-12 08:40:52 --> Severity: Warning --> Invalid argument supplied for foreach() /home/admin/domains/spshd.com/public_html/khachhang/application/views/tab4.php 394
ERROR - 2020-02-12 08:40:52 --> Could not find the language line "Đóng"
ERROR - 2020-02-12 08:40:52 --> Could not find the language line "Xác Nhận"
ERROR - 2020-02-12 08:40:52 --> Severity: Warning --> Invalid argument supplied for foreach() /home/admin/domains/spshd.com/public_html/khachhang/application/views/app.php 157
ERROR - 2020-02-12 08:40:52 --> Severity: Warning --> Invalid argument supplied for foreach() /home/admin/domains/spshd.com/public_html/khachhang/application/views/app.php 168
ERROR - 2020-02-12 08:40:52 --> Could not find the language line "Đóng"
ERROR - 2020-02-12 08:40:52 --> Could not find the language line "Xác Nhận"
ERROR - 2020-02-12 08:40:52 --> Could not find the language line "Đóng"
ERROR - 2020-02-12 08:40:52 --> Could not find the language line "Xác Nhận"
ERROR - 2020-02-12 09:09:03 --> Could not find the language line "Tạo Điểm Lấy Hàng"
ERROR - 2020-02-12 09:09:03 --> Could not find the language line "Tạo Đơn Hàng"
ERROR - 2020-02-12 09:09:03 --> Severity: Warning --> Invalid argument supplied for foreach() /home/admin/domains/spshd.com/public_html/khachhang/application/views/tab4.php 394
ERROR - 2020-02-12 09:09:03 --> Could not find the language line "Đóng"
ERROR - 2020-02-12 09:09:03 --> Could not find the language line "Xác Nhận"
ERROR - 2020-02-12 09:09:03 --> Severity: Warning --> Invalid argument supplied for foreach() /home/admin/domains/spshd.com/public_html/khachhang/application/views/app.php 157
ERROR - 2020-02-12 09:09:03 --> Severity: Warning --> Invalid argument supplied for foreach() /home/admin/domains/spshd.com/public_html/khachhang/application/views/app.php 168
ERROR - 2020-02-12 09:09:03 --> Could not find the language line "Đóng"
ERROR - 2020-02-12 09:09:03 --> Could not find the language line "Xác Nhận"
ERROR - 2020-02-12 09:09:03 --> Could not find the language line "Đóng"
ERROR - 2020-02-12 09:09:03 --> Could not find the language line "Xác Nhận"
ERROR - 2020-02-12 09:58:43 --> Could not find the language line "Tạo Điểm Lấy Hàng"
ERROR - 2020-02-12 09:58:43 --> Could not find the language line "Tạo Đơn Hàng"
ERROR - 2020-02-12 09:58:43 --> Severity: Warning --> Invalid argument supplied for foreach() /home/admin/domains/spshd.com/public_html/khachhang/application/views/tab4.php 394
ERROR - 2020-02-12 09:58:43 --> Could not find the language line "Đóng"
ERROR - 2020-02-12 09:58:43 --> Could not find the language line "Xác Nhận"
ERROR - 2020-02-12 09:58:43 --> Severity: Warning --> Invalid argument supplied for foreach() /home/admin/domains/spshd.com/public_html/khachhang/application/views/app.php 157
ERROR - 2020-02-12 09:58:43 --> Severity: Warning --> Invalid argument supplied for foreach() /home/admin/domains/spshd.com/public_html/khachhang/application/views/app.php 168
ERROR - 2020-02-12 09:58:43 --> Could not find the language line "Đóng"
ERROR - 2020-02-12 09:58:43 --> Could not find the language line "Xác Nhận"
ERROR - 2020-02-12 09:58:43 --> Could not find the language line "Đóng"
ERROR - 2020-02-12 09:58:43 --> Could not find the language line "Xác Nhận"
ERROR - 2020-02-12 10:04:45 --> Could not find the language line "Tạo Điểm Lấy Hàng"
ERROR - 2020-02-12 10:04:45 --> Could not find the language line "Tạo Đơn Hàng"
ERROR - 2020-02-12 10:04:45 --> Severity: Warning --> Invalid argument supplied for foreach() /home/admin/domains/spshd.com/public_html/khachhang/application/views/tab4.php 394
ERROR - 2020-02-12 10:04:45 --> Could not find the language line "Đóng"
ERROR - 2020-02-12 10:04:45 --> Could not find the language line "Xác Nhận"
ERROR - 2020-02-12 10:04:45 --> Severity: Warning --> Invalid argument supplied for foreach() /home/admin/domains/spshd.com/public_html/khachhang/application/views/app.php 157
ERROR - 2020-02-12 10:04:45 --> Severity: Warning --> Invalid argument supplied for foreach() /home/admin/domains/spshd.com/public_html/khachhang/application/views/app.php 168
ERROR - 2020-02-12 10:04:45 --> Could not find the language line "Đóng"
ERROR - 2020-02-12 10:04:45 --> Could not find the language line "Xác Nhận"
ERROR - 2020-02-12 10:04:45 --> Could not find the language line "Đóng"
ERROR - 2020-02-12 10:04:45 --> Could not find the language line "Xác Nhận"
ERROR - 2020-02-12 11:15:35 --> Could not find the language line "Tạo Điểm Lấy Hàng"
ERROR - 2020-02-12 11:15:35 --> Could not find the language line "Tạo Đơn Hàng"
ERROR - 2020-02-12 11:15:35 --> Severity: Warning --> Invalid argument supplied for foreach() /home/admin/domains/spshd.com/public_html/khachhang/application/views/tab4.php 394
ERROR - 2020-02-12 11:15:35 --> Could not find the language line "Đóng"
ERROR - 2020-02-12 11:15:35 --> Could not find the language line "Xác Nhận"
ERROR - 2020-02-12 11:15:35 --> Severity: Warning --> Invalid argument supplied for foreach() /home/admin/domains/spshd.com/public_html/khachhang/application/views/app.php 157
ERROR - 2020-02-12 11:15:35 --> Severity: Warning --> Invalid argument supplied for foreach() /home/admin/domains/spshd.com/public_html/khachhang/application/views/app.php 168
ERROR - 2020-02-12 11:15:35 --> Could not find the language line "Đóng"
ERROR - 2020-02-12 11:15:35 --> Could not find the language line "Xác Nhận"
ERROR - 2020-02-12 11:15:35 --> Could not find the language line "Đóng"
ERROR - 2020-02-12 11:15:35 --> Could not find the language line "Xác Nhận"
ERROR - 2020-02-12 11:49:51 --> Could not find the language line "Tạo Điểm Lấy Hàng"
ERROR - 2020-02-12 11:49:51 --> Could not find the language line "Tạo Đơn Hàng"
ERROR - 2020-02-12 11:49:51 --> Severity: Warning --> Invalid argument supplied for foreach() /home/admin/domains/spshd.com/public_html/khachhang/application/views/tab4.php 394
ERROR - 2020-02-12 11:49:51 --> Could not find the language line "Đóng"
ERROR - 2020-02-12 11:49:51 --> Could not find the language line "Xác Nhận"
ERROR - 2020-02-12 11:49:51 --> Severity: Warning --> Invalid argument supplied for foreach() /home/admin/domains/spshd.com/public_html/khachhang/application/views/app.php 157
ERROR - 2020-02-12 11:49:51 --> Severity: Warning --> Invalid argument supplied for foreach() /home/admin/domains/spshd.com/public_html/khachhang/application/views/app.php 168
ERROR - 2020-02-12 11:49:51 --> Could not find the language line "Đóng"
ERROR - 2020-02-12 11:49:51 --> Could not find the language line "Xác Nhận"
ERROR - 2020-02-12 11:49:51 --> Could not find the language line "Đóng"
ERROR - 2020-02-12 11:49:51 --> Could not find the language line "Xác Nhận"
ERROR - 2020-02-12 12:15:27 --> Could not find the language line "Tạo Điểm Lấy Hàng"
ERROR - 2020-02-12 12:15:27 --> Could not find the language line "Tạo Đơn Hàng"
ERROR - 2020-02-12 12:15:27 --> Severity: Warning --> Invalid argument supplied for foreach() /home/admin/domains/spshd.com/public_html/khachhang/application/views/tab4.php 394
ERROR - 2020-02-12 12:15:27 --> Could not find the language line "Đóng"
ERROR - 2020-02-12 12:15:27 --> Could not find the language line "Xác Nhận"
ERROR - 2020-02-12 12:15:27 --> Severity: Warning --> Invalid argument supplied for foreach() /home/admin/domains/spshd.com/public_html/khachhang/application/views/app.php 157
ERROR - 2020-02-12 12:15:27 --> Severity: Warning --> Invalid argument supplied for foreach() /home/admin/domains/spshd.com/public_html/khachhang/application/views/app.php 168
ERROR - 2020-02-12 12:15:27 --> Could not find the language line "Đóng"
ERROR - 2020-02-12 12:15:27 --> Could not find the language line "Xác Nhận"
ERROR - 2020-02-12 12:15:27 --> Could not find the language line "Đóng"
ERROR - 2020-02-12 12:15:27 --> Could not find the language line "Xác Nhận"
ERROR - 2020-02-12 12:53:01 --> Could not find the language line "Tạo Điểm Lấy Hàng"
ERROR - 2020-02-12 12:53:01 --> Could not find the language line "Tạo Đơn Hàng"
ERROR - 2020-02-12 12:53:01 --> Severity: Warning --> Invalid argument supplied for foreach() /home/admin/domains/spshd.com/public_html/khachhang/application/views/tab4.php 394
ERROR - 2020-02-12 12:53:01 --> Could not find the language line "Đóng"
ERROR - 2020-02-12 12:53:01 --> Could not find the language line "Xác Nhận"
ERROR - 2020-02-12 12:53:01 --> Severity: Warning --> Invalid argument supplied for foreach() /home/admin/domains/spshd.com/public_html/khachhang/application/views/app.php 157
ERROR - 2020-02-12 12:53:01 --> Severity: Warning --> Invalid argument supplied for foreach() /home/admin/domains/spshd.com/public_html/khachhang/application/views/app.php 168
ERROR - 2020-02-12 12:53:01 --> Could not find the language line "Đóng"
ERROR - 2020-02-12 12:53:01 --> Could not find the language line "Xác Nhận"
ERROR - 2020-02-12 12:53:01 --> Could not find the language line "Đóng"
ERROR - 2020-02-12 12:53:01 --> Could not find the language line "Xác Nhận"
ERROR - 2020-02-12 15:14:37 --> Could not find the language line "Tạo Điểm Lấy Hàng"
ERROR - 2020-02-12 15:14:37 --> Could not find the language line "Tạo Đơn Hàng"
ERROR - 2020-02-12 15:14:37 --> Severity: Warning --> Invalid argument supplied for foreach() /home/admin/domains/spshd.com/public_html/khachhang/application/views/tab4.php 394
ERROR - 2020-02-12 15:14:37 --> Could not find the language line "Đóng"
ERROR - 2020-02-12 15:14:37 --> Could not find the language line "Xác Nhận"
ERROR - 2020-02-12 15:14:37 --> Severity: Warning --> Invalid argument supplied for foreach() /home/admin/domains/spshd.com/public_html/khachhang/application/views/app.php 157
ERROR - 2020-02-12 15:14:37 --> Severity: Warning --> Invalid argument supplied for foreach() /home/admin/domains/spshd.com/public_html/khachhang/application/views/app.php 168
ERROR - 2020-02-12 15:14:37 --> Could not find the language line "Đóng"
ERROR - 2020-02-12 15:14:37 --> Could not find the language line "Xác Nhận"
ERROR - 2020-02-12 15:14:37 --> Could not find the language line "Đóng"
ERROR - 2020-02-12 15:14:37 --> Could not find the language line "Xác Nhận"
