ERROR - 2020-02-19 02:00:03 --> Could not find the language line "Tạo Điểm Lấy Hàng"
ERROR - 2020-02-19 02:00:03 --> Could not find the language line "Tạo Đơn Hàng"
ERROR - 2020-02-19 02:00:03 --> Severity: Warning --> Invalid argument supplied for foreach() /home/admin/domains/spshd.com/public_html/khachhang/application/views/tab4.php 394
ERROR - 2020-02-19 02:00:03 --> Could not find the language line "Đóng"
ERROR - 2020-02-19 02:00:03 --> Could not find the language line "Xác Nhận"
ERROR - 2020-02-19 02:00:03 --> Severity: Warning --> Invalid argument supplied for foreach() /home/admin/domains/spshd.com/public_html/khachhang/application/views/app.php 157
ERROR - 2020-02-19 02:00:03 --> Severity: Warning --> Invalid argument supplied for foreach() /home/admin/domains/spshd.com/public_html/khachhang/application/views/app.php 168
ERROR - 2020-02-19 02:00:03 --> Could not find the language line "Đóng"
ERROR - 2020-02-19 02:00:03 --> Could not find the language line "Xác Nhận"
ERROR - 2020-02-19 02:00:03 --> Could not find the language line "Đóng"
ERROR - 2020-02-19 02:00:03 --> Could not find the language line "Xác Nhận"
ERROR - 2020-02-19 02:08:40 --> Could not find the language line "Tạo Điểm Lấy Hàng"
ERROR - 2020-02-19 02:08:40 --> Could not find the language line "Tạo Đơn Hàng"
ERROR - 2020-02-19 02:08:40 --> Severity: Warning --> Invalid argument supplied for foreach() /home/admin/domains/spshd.com/public_html/khachhang/application/views/tab4.php 394
ERROR - 2020-02-19 02:08:40 --> Could not find the language line "Đóng"
ERROR - 2020-02-19 02:08:40 --> Could not find the language line "Xác Nhận"
ERROR - 2020-02-19 02:08:40 --> Severity: Warning --> Invalid argument supplied for foreach() /home/admin/domains/spshd.com/public_html/khachhang/application/views/app.php 157
ERROR - 2020-02-19 02:08:40 --> Severity: Warning --> Invalid argument supplied for foreach() /home/admin/domains/spshd.com/public_html/khachhang/application/views/app.php 168
ERROR - 2020-02-19 02:08:40 --> Could not find the language line "Đóng"
ERROR - 2020-02-19 02:08:40 --> Could not find the language line "Xác Nhận"
ERROR - 2020-02-19 02:08:40 --> Could not find the language line "Đóng"
ERROR - 2020-02-19 02:08:40 --> Could not find the language line "Xác Nhận"
ERROR - 2020-02-19 06:13:51 --> Could not find the language line "Tạo Điểm Lấy Hàng"
ERROR - 2020-02-19 06:13:51 --> Could not find the language line "Tạo Đơn Hàng"
ERROR - 2020-02-19 06:13:51 --> Severity: Warning --> Invalid argument supplied for foreach() /home/admin/domains/spshd.com/public_html/khachhang/application/views/tab4.php 394
ERROR - 2020-02-19 06:13:51 --> Could not find the language line "Đóng"
ERROR - 2020-02-19 06:13:51 --> Could not find the language line "Xác Nhận"
ERROR - 2020-02-19 06:13:51 --> Severity: Warning --> Invalid argument supplied for foreach() /home/admin/domains/spshd.com/public_html/khachhang/application/views/app.php 157
ERROR - 2020-02-19 06:13:51 --> Severity: Warning --> Invalid argument supplied for foreach() /home/admin/domains/spshd.com/public_html/khachhang/application/views/app.php 168
ERROR - 2020-02-19 06:13:51 --> Could not find the language line "Đóng"
ERROR - 2020-02-19 06:13:51 --> Could not find the language line "Xác Nhận"
ERROR - 2020-02-19 06:13:51 --> Could not find the language line "Đóng"
ERROR - 2020-02-19 06:13:51 --> Could not find the language line "Xác Nhận"
ERROR - 2020-02-19 06:15:52 --> Could not find the language line "Tạo Điểm Lấy Hàng"
ERROR - 2020-02-19 06:15:52 --> Could not find the language line "Tạo Đơn Hàng"
ERROR - 2020-02-19 06:15:52 --> Severity: Warning --> Invalid argument supplied for foreach() /home/admin/domains/spshd.com/public_html/khachhang/application/views/tab4.php 394
ERROR - 2020-02-19 06:15:52 --> Could not find the language line "Đóng"
ERROR - 2020-02-19 06:15:52 --> Could not find the language line "Xác Nhận"
ERROR - 2020-02-19 06:15:52 --> Severity: Warning --> Invalid argument supplied for foreach() /home/admin/domains/spshd.com/public_html/khachhang/application/views/app.php 157
ERROR - 2020-02-19 06:15:52 --> Severity: Warning --> Invalid argument supplied for foreach() /home/admin/domains/spshd.com/public_html/khachhang/application/views/app.php 168
ERROR - 2020-02-19 06:15:52 --> Could not find the language line "Đóng"
ERROR - 2020-02-19 06:15:52 --> Could not find the language line "Xác Nhận"
ERROR - 2020-02-19 06:15:52 --> Could not find the language line "Đóng"
ERROR - 2020-02-19 06:15:52 --> Could not find the language line "Xác Nhận"
ERROR - 2020-02-19 06:16:06 --> Could not find the language line "Tạo Điểm Lấy Hàng"
ERROR - 2020-02-19 06:16:06 --> Could not find the language line "Tạo Đơn Hàng"
ERROR - 2020-02-19 06:16:06 --> Severity: Warning --> Invalid argument supplied for foreach() /home/admin/domains/spshd.com/public_html/khachhang/application/views/tab4.php 394
ERROR - 2020-02-19 06:16:06 --> Could not find the language line "Đóng"
ERROR - 2020-02-19 06:16:06 --> Could not find the language line "Xác Nhận"
ERROR - 2020-02-19 06:16:06 --> Severity: Warning --> Invalid argument supplied for foreach() /home/admin/domains/spshd.com/public_html/khachhang/application/views/app.php 157
ERROR - 2020-02-19 06:16:06 --> Severity: Warning --> Invalid argument supplied for foreach() /home/admin/domains/spshd.com/public_html/khachhang/application/views/app.php 168
ERROR - 2020-02-19 06:16:06 --> Could not find the language line "Đóng"
ERROR - 2020-02-19 06:16:06 --> Could not find the language line "Xác Nhận"
ERROR - 2020-02-19 06:16:06 --> Could not find the language line "Đóng"
ERROR - 2020-02-19 06:16:06 --> Could not find the language line "Xác Nhận"
ERROR - 2020-02-19 07:02:04 --> Could not find the language line "Tạo Điểm Lấy Hàng"
ERROR - 2020-02-19 07:02:04 --> Could not find the language line "Tạo Đơn Hàng"
ERROR - 2020-02-19 07:02:04 --> Severity: Warning --> Invalid argument supplied for foreach() /home/admin/domains/spshd.com/public_html/khachhang/application/views/tab4.php 394
ERROR - 2020-02-19 07:02:04 --> Could not find the language line "Đóng"
ERROR - 2020-02-19 07:02:04 --> Could not find the language line "Xác Nhận"
ERROR - 2020-02-19 07:02:04 --> Severity: Warning --> Invalid argument supplied for foreach() /home/admin/domains/spshd.com/public_html/khachhang/application/views/app.php 157
ERROR - 2020-02-19 07:02:04 --> Severity: Warning --> Invalid argument supplied for foreach() /home/admin/domains/spshd.com/public_html/khachhang/application/views/app.php 168
ERROR - 2020-02-19 07:02:04 --> Could not find the language line "Đóng"
ERROR - 2020-02-19 07:02:04 --> Could not find the language line "Xác Nhận"
ERROR - 2020-02-19 07:02:04 --> Could not find the language line "Đóng"
ERROR - 2020-02-19 07:02:04 --> Could not find the language line "Xác Nhận"
ERROR - 2020-02-19 07:02:38 --> Could not find the language line "Tạo Điểm Lấy Hàng"
ERROR - 2020-02-19 07:02:38 --> Could not find the language line "Tạo Đơn Hàng"
ERROR - 2020-02-19 07:02:38 --> Severity: Warning --> Invalid argument supplied for foreach() /home/admin/domains/spshd.com/public_html/khachhang/application/views/tab4.php 394
ERROR - 2020-02-19 07:02:38 --> Could not find the language line "Đóng"
ERROR - 2020-02-19 07:02:38 --> Could not find the language line "Xác Nhận"
ERROR - 2020-02-19 07:02:38 --> Severity: Warning --> Invalid argument supplied for foreach() /home/admin/domains/spshd.com/public_html/khachhang/application/views/app.php 157
ERROR - 2020-02-19 07:02:38 --> Severity: Warning --> Invalid argument supplied for foreach() /home/admin/domains/spshd.com/public_html/khachhang/application/views/app.php 168
ERROR - 2020-02-19 07:02:38 --> Could not find the language line "Đóng"
ERROR - 2020-02-19 07:02:38 --> Could not find the language line "Xác Nhận"
ERROR - 2020-02-19 07:02:38 --> Could not find the language line "Đóng"
ERROR - 2020-02-19 07:02:38 --> Could not find the language line "Xác Nhận"
ERROR - 2020-02-19 07:02:39 --> Could not find the language line "Tạo Điểm Lấy Hàng"
ERROR - 2020-02-19 07:02:39 --> Could not find the language line "Tạo Đơn Hàng"
ERROR - 2020-02-19 07:02:39 --> Severity: Warning --> Invalid argument supplied for foreach() /home/admin/domains/spshd.com/public_html/khachhang/application/views/tab4.php 394
ERROR - 2020-02-19 07:02:39 --> Could not find the language line "Đóng"
ERROR - 2020-02-19 07:02:39 --> Could not find the language line "Xác Nhận"
ERROR - 2020-02-19 07:02:39 --> Severity: Warning --> Invalid argument supplied for foreach() /home/admin/domains/spshd.com/public_html/khachhang/application/views/app.php 157
ERROR - 2020-02-19 07:02:39 --> Severity: Warning --> Invalid argument supplied for foreach() /home/admin/domains/spshd.com/public_html/khachhang/application/views/app.php 168
ERROR - 2020-02-19 07:02:39 --> Could not find the language line "Đóng"
ERROR - 2020-02-19 07:02:39 --> Could not find the language line "Xác Nhận"
ERROR - 2020-02-19 07:02:39 --> Could not find the language line "Đóng"
ERROR - 2020-02-19 07:02:39 --> Could not find the language line "Xác Nhận"
ERROR - 2020-02-19 07:03:34 --> Could not find the language line "Tạo Điểm Lấy Hàng"
ERROR - 2020-02-19 07:03:34 --> Could not find the language line "Tạo Đơn Hàng"
ERROR - 2020-02-19 07:03:34 --> Severity: Warning --> Invalid argument supplied for foreach() /home/admin/domains/spshd.com/public_html/khachhang/application/views/tab4.php 394
ERROR - 2020-02-19 07:03:34 --> Could not find the language line "Đóng"
ERROR - 2020-02-19 07:03:34 --> Could not find the language line "Xác Nhận"
ERROR - 2020-02-19 07:03:34 --> Severity: Warning --> Invalid argument supplied for foreach() /home/admin/domains/spshd.com/public_html/khachhang/application/views/app.php 157
ERROR - 2020-02-19 07:03:34 --> Severity: Warning --> Invalid argument supplied for foreach() /home/admin/domains/spshd.com/public_html/khachhang/application/views/app.php 168
ERROR - 2020-02-19 07:03:34 --> Could not find the language line "Đóng"
ERROR - 2020-02-19 07:03:34 --> Could not find the language line "Xác Nhận"
ERROR - 2020-02-19 07:03:34 --> Could not find the language line "Đóng"
ERROR - 2020-02-19 07:03:34 --> Could not find the language line "Xác Nhận"
ERROR - 2020-02-19 07:03:47 --> Could not find the language line "Tạo Điểm Lấy Hàng"
ERROR - 2020-02-19 07:03:47 --> Could not find the language line "Tạo Đơn Hàng"
ERROR - 2020-02-19 07:03:47 --> Severity: Warning --> Invalid argument supplied for foreach() /home/admin/domains/spshd.com/public_html/khachhang/application/views/tab4.php 394
ERROR - 2020-02-19 07:03:47 --> Could not find the language line "Đóng"
ERROR - 2020-02-19 07:03:47 --> Could not find the language line "Xác Nhận"
ERROR - 2020-02-19 07:03:47 --> Severity: Warning --> Invalid argument supplied for foreach() /home/admin/domains/spshd.com/public_html/khachhang/application/views/app.php 157
ERROR - 2020-02-19 07:03:47 --> Severity: Warning --> Invalid argument supplied for foreach() /home/admin/domains/spshd.com/public_html/khachhang/application/views/app.php 168
ERROR - 2020-02-19 07:03:47 --> Could not find the language line "Đóng"
ERROR - 2020-02-19 07:03:47 --> Could not find the language line "Xác Nhận"
ERROR - 2020-02-19 07:03:47 --> Could not find the language line "Đóng"
ERROR - 2020-02-19 07:03:47 --> Could not find the language line "Xác Nhận"
ERROR - 2020-02-19 07:19:44 --> Could not find the language line "Tạo Điểm Lấy Hàng"
ERROR - 2020-02-19 07:19:44 --> Could not find the language line "Tạo Đơn Hàng"
ERROR - 2020-02-19 07:19:44 --> Severity: Warning --> Invalid argument supplied for foreach() /home/admin/domains/spshd.com/public_html/khachhang/application/views/tab4.php 394
ERROR - 2020-02-19 07:19:44 --> Could not find the language line "Đóng"
ERROR - 2020-02-19 07:19:44 --> Could not find the language line "Xác Nhận"
ERROR - 2020-02-19 07:19:44 --> Severity: Warning --> Invalid argument supplied for foreach() /home/admin/domains/spshd.com/public_html/khachhang/application/views/app.php 157
ERROR - 2020-02-19 07:19:44 --> Severity: Warning --> Invalid argument supplied for foreach() /home/admin/domains/spshd.com/public_html/khachhang/application/views/app.php 168
ERROR - 2020-02-19 07:19:44 --> Could not find the language line "Đóng"
ERROR - 2020-02-19 07:19:44 --> Could not find the language line "Xác Nhận"
ERROR - 2020-02-19 07:19:44 --> Could not find the language line "Đóng"
ERROR - 2020-02-19 07:19:44 --> Could not find the language line "Xác Nhận"
ERROR - 2020-02-19 08:26:25 --> Could not find the language line "Tạo Điểm Lấy Hàng"
ERROR - 2020-02-19 08:26:25 --> Could not find the language line "Tạo Đơn Hàng"
ERROR - 2020-02-19 08:26:25 --> Severity: Warning --> Invalid argument supplied for foreach() /home/admin/domains/spshd.com/public_html/khachhang/application/views/tab4.php 394
ERROR - 2020-02-19 08:26:25 --> Could not find the language line "Đóng"
ERROR - 2020-02-19 08:26:25 --> Could not find the language line "Xác Nhận"
ERROR - 2020-02-19 08:26:25 --> Severity: Warning --> Invalid argument supplied for foreach() /home/admin/domains/spshd.com/public_html/khachhang/application/views/app.php 157
ERROR - 2020-02-19 08:26:25 --> Severity: Warning --> Invalid argument supplied for foreach() /home/admin/domains/spshd.com/public_html/khachhang/application/views/app.php 168
ERROR - 2020-02-19 08:26:25 --> Could not find the language line "Đóng"
ERROR - 2020-02-19 08:26:25 --> Could not find the language line "Xác Nhận"
ERROR - 2020-02-19 08:26:25 --> Could not find the language line "Đóng"
ERROR - 2020-02-19 08:26:25 --> Could not find the language line "Xác Nhận"
ERROR - 2020-02-19 09:16:57 --> Could not find the language line "Tạo Điểm Lấy Hàng"
ERROR - 2020-02-19 09:16:57 --> Could not find the language line "Tạo Đơn Hàng"
ERROR - 2020-02-19 09:16:57 --> Severity: Warning --> Invalid argument supplied for foreach() /home/admin/domains/spshd.com/public_html/khachhang/application/views/tab4.php 394
ERROR - 2020-02-19 09:16:57 --> Could not find the language line "Đóng"
ERROR - 2020-02-19 09:16:57 --> Could not find the language line "Xác Nhận"
ERROR - 2020-02-19 09:16:57 --> Severity: Warning --> Invalid argument supplied for foreach() /home/admin/domains/spshd.com/public_html/khachhang/application/views/app.php 157
ERROR - 2020-02-19 09:16:57 --> Severity: Warning --> Invalid argument supplied for foreach() /home/admin/domains/spshd.com/public_html/khachhang/application/views/app.php 168
ERROR - 2020-02-19 09:16:57 --> Could not find the language line "Đóng"
ERROR - 2020-02-19 09:16:57 --> Could not find the language line "Xác Nhận"
ERROR - 2020-02-19 09:16:57 --> Could not find the language line "Đóng"
ERROR - 2020-02-19 09:16:57 --> Could not find the language line "Xác Nhận"
ERROR - 2020-02-19 10:35:38 --> Could not find the language line "Tạo Điểm Lấy Hàng"
ERROR - 2020-02-19 10:35:38 --> Could not find the language line "Tạo Đơn Hàng"
ERROR - 2020-02-19 10:35:38 --> Severity: Warning --> Invalid argument supplied for foreach() /home/admin/domains/spshd.com/public_html/khachhang/application/views/tab4.php 394
ERROR - 2020-02-19 10:35:38 --> Could not find the language line "Đóng"
ERROR - 2020-02-19 10:35:38 --> Could not find the language line "Xác Nhận"
ERROR - 2020-02-19 10:35:38 --> Severity: Warning --> Invalid argument supplied for foreach() /home/admin/domains/spshd.com/public_html/khachhang/application/views/app.php 157
ERROR - 2020-02-19 10:35:38 --> Severity: Warning --> Invalid argument supplied for foreach() /home/admin/domains/spshd.com/public_html/khachhang/application/views/app.php 168
ERROR - 2020-02-19 10:35:38 --> Could not find the language line "Đóng"
ERROR - 2020-02-19 10:35:38 --> Could not find the language line "Xác Nhận"
ERROR - 2020-02-19 10:35:38 --> Could not find the language line "Đóng"
ERROR - 2020-02-19 10:35:38 --> Could not find the language line "Xác Nhận"
ERROR - 2020-02-19 10:36:00 --> Could not find the language line "Tạo Điểm Lấy Hàng"
ERROR - 2020-02-19 10:36:00 --> Could not find the language line "Tạo Đơn Hàng"
ERROR - 2020-02-19 10:36:00 --> Severity: Warning --> Invalid argument supplied for foreach() /home/admin/domains/spshd.com/public_html/khachhang/application/views/tab4.php 394
ERROR - 2020-02-19 10:36:00 --> Could not find the language line "Đóng"
ERROR - 2020-02-19 10:36:00 --> Could not find the language line "Xác Nhận"
ERROR - 2020-02-19 10:36:00 --> Severity: Warning --> Invalid argument supplied for foreach() /home/admin/domains/spshd.com/public_html/khachhang/application/views/app.php 157
ERROR - 2020-02-19 10:36:00 --> Severity: Warning --> Invalid argument supplied for foreach() /home/admin/domains/spshd.com/public_html/khachhang/application/views/app.php 168
ERROR - 2020-02-19 10:36:00 --> Could not find the language line "Đóng"
ERROR - 2020-02-19 10:36:00 --> Could not find the language line "Xác Nhận"
ERROR - 2020-02-19 10:36:00 --> Could not find the language line "Đóng"
ERROR - 2020-02-19 10:36:00 --> Could not find the language line "Xác Nhận"
ERROR - 2020-02-19 10:39:33 --> Could not find the language line "Tạo Điểm Lấy Hàng"
ERROR - 2020-02-19 10:39:33 --> Could not find the language line "Tạo Đơn Hàng"
ERROR - 2020-02-19 10:39:33 --> Severity: Warning --> Invalid argument supplied for foreach() /home/admin/domains/spshd.com/public_html/khachhang/application/views/tab4.php 394
ERROR - 2020-02-19 10:39:33 --> Could not find the language line "Đóng"
ERROR - 2020-02-19 10:39:33 --> Could not find the language line "Xác Nhận"
ERROR - 2020-02-19 10:39:33 --> Severity: Warning --> Invalid argument supplied for foreach() /home/admin/domains/spshd.com/public_html/khachhang/application/views/app.php 157
ERROR - 2020-02-19 10:39:33 --> Severity: Warning --> Invalid argument supplied for foreach() /home/admin/domains/spshd.com/public_html/khachhang/application/views/app.php 168
ERROR - 2020-02-19 10:39:33 --> Could not find the language line "Đóng"
ERROR - 2020-02-19 10:39:33 --> Could not find the language line "Xác Nhận"
ERROR - 2020-02-19 10:39:33 --> Could not find the language line "Đóng"
ERROR - 2020-02-19 10:39:33 --> Could not find the language line "Xác Nhận"
ERROR - 2020-02-19 10:53:52 --> Could not find the language line "Tạo Điểm Lấy Hàng"
ERROR - 2020-02-19 10:53:52 --> Could not find the language line "Tạo Đơn Hàng"
ERROR - 2020-02-19 10:53:52 --> Severity: Warning --> Invalid argument supplied for foreach() /home/admin/domains/spshd.com/public_html/khachhang/application/views/tab4.php 394
ERROR - 2020-02-19 10:53:52 --> Could not find the language line "Đóng"
ERROR - 2020-02-19 10:53:52 --> Could not find the language line "Xác Nhận"
ERROR - 2020-02-19 10:53:52 --> Severity: Warning --> Invalid argument supplied for foreach() /home/admin/domains/spshd.com/public_html/khachhang/application/views/app.php 157
ERROR - 2020-02-19 10:53:52 --> Severity: Warning --> Invalid argument supplied for foreach() /home/admin/domains/spshd.com/public_html/khachhang/application/views/app.php 168
ERROR - 2020-02-19 10:53:52 --> Could not find the language line "Đóng"
ERROR - 2020-02-19 10:53:52 --> Could not find the language line "Xác Nhận"
ERROR - 2020-02-19 10:53:52 --> Could not find the language line "Đóng"
ERROR - 2020-02-19 10:53:52 --> Could not find the language line "Xác Nhận"
ERROR - 2020-02-19 11:14:10 --> Could not find the language line "Tạo Điểm Lấy Hàng"
ERROR - 2020-02-19 11:14:10 --> Could not find the language line "Tạo Đơn Hàng"
ERROR - 2020-02-19 11:14:10 --> Severity: Warning --> Invalid argument supplied for foreach() /home/admin/domains/spshd.com/public_html/khachhang/application/views/tab4.php 394
ERROR - 2020-02-19 11:14:10 --> Could not find the language line "Đóng"
ERROR - 2020-02-19 11:14:10 --> Could not find the language line "Xác Nhận"
ERROR - 2020-02-19 11:14:10 --> Severity: Warning --> Invalid argument supplied for foreach() /home/admin/domains/spshd.com/public_html/khachhang/application/views/app.php 157
ERROR - 2020-02-19 11:14:10 --> Severity: Warning --> Invalid argument supplied for foreach() /home/admin/domains/spshd.com/public_html/khachhang/application/views/app.php 168
ERROR - 2020-02-19 11:14:10 --> Could not find the language line "Đóng"
ERROR - 2020-02-19 11:14:10 --> Could not find the language line "Xác Nhận"
ERROR - 2020-02-19 11:14:10 --> Could not find the language line "Đóng"
ERROR - 2020-02-19 11:14:10 --> Could not find the language line "Xác Nhận"
ERROR - 2020-02-19 11:14:15 --> Could not find the language line "Tạo Điểm Lấy Hàng"
ERROR - 2020-02-19 11:14:15 --> Could not find the language line "Tạo Đơn Hàng"
ERROR - 2020-02-19 11:14:15 --> Severity: Warning --> Invalid argument supplied for foreach() /home/admin/domains/spshd.com/public_html/khachhang/application/views/tab4.php 394
ERROR - 2020-02-19 11:14:15 --> Could not find the language line "Đóng"
ERROR - 2020-02-19 11:14:15 --> Could not find the language line "Xác Nhận"
ERROR - 2020-02-19 11:14:15 --> Severity: Warning --> Invalid argument supplied for foreach() /home/admin/domains/spshd.com/public_html/khachhang/application/views/app.php 157
ERROR - 2020-02-19 11:14:15 --> Severity: Warning --> Invalid argument supplied for foreach() /home/admin/domains/spshd.com/public_html/khachhang/application/views/app.php 168
ERROR - 2020-02-19 11:14:15 --> Could not find the language line "Đóng"
ERROR - 2020-02-19 11:14:15 --> Could not find the language line "Xác Nhận"
ERROR - 2020-02-19 11:14:15 --> Could not find the language line "Đóng"
ERROR - 2020-02-19 11:14:15 --> Could not find the language line "Xác Nhận"
ERROR - 2020-02-19 11:17:50 --> Could not find the language line "Tạo Điểm Lấy Hàng"
ERROR - 2020-02-19 11:17:50 --> Could not find the language line "Tạo Đơn Hàng"
ERROR - 2020-02-19 11:17:50 --> Severity: Warning --> Invalid argument supplied for foreach() /home/admin/domains/spshd.com/public_html/khachhang/application/views/tab4.php 394
ERROR - 2020-02-19 11:17:50 --> Could not find the language line "Đóng"
ERROR - 2020-02-19 11:17:50 --> Could not find the language line "Xác Nhận"
ERROR - 2020-02-19 11:17:50 --> Severity: Warning --> Invalid argument supplied for foreach() /home/admin/domains/spshd.com/public_html/khachhang/application/views/app.php 157
ERROR - 2020-02-19 11:17:50 --> Severity: Warning --> Invalid argument supplied for foreach() /home/admin/domains/spshd.com/public_html/khachhang/application/views/app.php 168
ERROR - 2020-02-19 11:17:50 --> Could not find the language line "Đóng"
ERROR - 2020-02-19 11:17:50 --> Could not find the language line "Xác Nhận"
ERROR - 2020-02-19 11:17:50 --> Could not find the language line "Đóng"
ERROR - 2020-02-19 11:17:50 --> Could not find the language line "Xác Nhận"
ERROR - 2020-02-19 23:56:51 --> Could not find the language line "Tạo Điểm Lấy Hàng"
ERROR - 2020-02-19 23:56:51 --> Could not find the language line "Tạo Đơn Hàng"
ERROR - 2020-02-19 23:56:51 --> Severity: Warning --> Invalid argument supplied for foreach() /home/admin/domains/spshd.com/public_html/khachhang/application/views/tab4.php 394
ERROR - 2020-02-19 23:56:51 --> Could not find the language line "Đóng"
ERROR - 2020-02-19 23:56:51 --> Could not find the language line "Xác Nhận"
ERROR - 2020-02-19 23:56:51 --> Severity: Warning --> Invalid argument supplied for foreach() /home/admin/domains/spshd.com/public_html/khachhang/application/views/app.php 157
ERROR - 2020-02-19 23:56:51 --> Severity: Warning --> Invalid argument supplied for foreach() /home/admin/domains/spshd.com/public_html/khachhang/application/views/app.php 168
ERROR - 2020-02-19 23:56:51 --> Could not find the language line "Đóng"
ERROR - 2020-02-19 23:56:51 --> Could not find the language line "Xác Nhận"
ERROR - 2020-02-19 23:56:51 --> Could not find the language line "Đóng"
ERROR - 2020-02-19 23:56:51 --> Could not find the language line "Xác Nhận"
ERROR - 2020-02-19 23:56:51 --> Could not find the language line "Tạo Điểm Lấy Hàng"
ERROR - 2020-02-19 23:56:51 --> Could not find the language line "Tạo Đơn Hàng"
ERROR - 2020-02-19 23:56:51 --> Severity: Warning --> Invalid argument supplied for foreach() /home/admin/domains/spshd.com/public_html/khachhang/application/views/tab4.php 394
ERROR - 2020-02-19 23:56:51 --> Could not find the language line "Đóng"
ERROR - 2020-02-19 23:56:51 --> Could not find the language line "Xác Nhận"
ERROR - 2020-02-19 23:56:51 --> Severity: Warning --> Invalid argument supplied for foreach() /home/admin/domains/spshd.com/public_html/khachhang/application/views/app.php 157
ERROR - 2020-02-19 23:56:51 --> Severity: Warning --> Invalid argument supplied for foreach() /home/admin/domains/spshd.com/public_html/khachhang/application/views/app.php 168
ERROR - 2020-02-19 23:56:51 --> Could not find the language line "Đóng"
ERROR - 2020-02-19 23:56:51 --> Could not find the language line "Xác Nhận"
ERROR - 2020-02-19 23:56:51 --> Could not find the language line "Đóng"
ERROR - 2020-02-19 23:56:51 --> Could not find the language line "Xác Nhận"
ERROR - 2020-02-19 23:57:08 --> Could not find the language line "Tạo Điểm Lấy Hàng"
ERROR - 2020-02-19 23:57:08 --> Could not find the language line "Tạo Đơn Hàng"
ERROR - 2020-02-19 23:57:08 --> Severity: Warning --> Invalid argument supplied for foreach() /home/admin/domains/spshd.com/public_html/khachhang/application/views/tab4.php 394
ERROR - 2020-02-19 23:57:08 --> Could not find the language line "Đóng"
ERROR - 2020-02-19 23:57:08 --> Could not find the language line "Xác Nhận"
ERROR - 2020-02-19 23:57:08 --> Severity: Warning --> Invalid argument supplied for foreach() /home/admin/domains/spshd.com/public_html/khachhang/application/views/app.php 157
ERROR - 2020-02-19 23:57:08 --> Severity: Warning --> Invalid argument supplied for foreach() /home/admin/domains/spshd.com/public_html/khachhang/application/views/app.php 168
ERROR - 2020-02-19 23:57:08 --> Could not find the language line "Đóng"
ERROR - 2020-02-19 23:57:08 --> Could not find the language line "Xác Nhận"
ERROR - 2020-02-19 23:57:08 --> Could not find the language line "Đóng"
ERROR - 2020-02-19 23:57:08 --> Could not find the language line "Xác Nhận"
ERROR - 2020-02-19 23:57:12 --> Could not find the language line "Tạo Điểm Lấy Hàng"
ERROR - 2020-02-19 23:57:12 --> Could not find the language line "Tạo Đơn Hàng"
ERROR - 2020-02-19 23:57:12 --> Severity: Warning --> Invalid argument supplied for foreach() /home/admin/domains/spshd.com/public_html/khachhang/application/views/tab4.php 394
ERROR - 2020-02-19 23:57:12 --> Could not find the language line "Đóng"
ERROR - 2020-02-19 23:57:12 --> Could not find the language line "Xác Nhận"
ERROR - 2020-02-19 23:57:12 --> Severity: Warning --> Invalid argument supplied for foreach() /home/admin/domains/spshd.com/public_html/khachhang/application/views/app.php 157
ERROR - 2020-02-19 23:57:12 --> Severity: Warning --> Invalid argument supplied for foreach() /home/admin/domains/spshd.com/public_html/khachhang/application/views/app.php 168
ERROR - 2020-02-19 23:57:12 --> Could not find the language line "Đóng"
ERROR - 2020-02-19 23:57:12 --> Could not find the language line "Xác Nhận"
ERROR - 2020-02-19 23:57:12 --> Could not find the language line "Đóng"
ERROR - 2020-02-19 23:57:12 --> Could not find the language line "Xác Nhận"
