ERROR - 2020-01-24 01:54:28 --> Could not find the language line "Tạo Điểm Lấy Hàng"
ERROR - 2020-01-24 01:54:28 --> Could not find the language line "Tạo Đơn Hàng"
ERROR - 2020-01-24 01:54:28 --> Severity: Warning --> Invalid argument supplied for foreach() /home/admin/domains/spshd.com/public_html/khachhang/application/views/tab4.php 394
ERROR - 2020-01-24 01:54:28 --> Could not find the language line "Đóng"
ERROR - 2020-01-24 01:54:28 --> Could not find the language line "Xác Nhận"
ERROR - 2020-01-24 01:54:28 --> Severity: Warning --> Invalid argument supplied for foreach() /home/admin/domains/spshd.com/public_html/khachhang/application/views/app.php 157
ERROR - 2020-01-24 01:54:28 --> Severity: Warning --> Invalid argument supplied for foreach() /home/admin/domains/spshd.com/public_html/khachhang/application/views/app.php 168
ERROR - 2020-01-24 01:54:28 --> Could not find the language line "Đóng"
ERROR - 2020-01-24 01:54:28 --> Could not find the language line "Xác Nhận"
ERROR - 2020-01-24 01:54:28 --> Could not find the language line "Đóng"
ERROR - 2020-01-24 01:54:28 --> Could not find the language line "Xác Nhận"
ERROR - 2020-01-24 01:56:44 --> Could not find the language line "Tạo Điểm Lấy Hàng"
ERROR - 2020-01-24 01:56:44 --> Could not find the language line "Tạo Đơn Hàng"
ERROR - 2020-01-24 01:56:44 --> Severity: Warning --> Invalid argument supplied for foreach() /home/admin/domains/spshd.com/public_html/khachhang/application/views/tab4.php 394
ERROR - 2020-01-24 01:56:44 --> Could not find the language line "Đóng"
ERROR - 2020-01-24 01:56:44 --> Could not find the language line "Xác Nhận"
ERROR - 2020-01-24 01:56:44 --> Severity: Warning --> Invalid argument supplied for foreach() /home/admin/domains/spshd.com/public_html/khachhang/application/views/app.php 157
ERROR - 2020-01-24 01:56:44 --> Severity: Warning --> Invalid argument supplied for foreach() /home/admin/domains/spshd.com/public_html/khachhang/application/views/app.php 168
ERROR - 2020-01-24 01:56:44 --> Could not find the language line "Đóng"
ERROR - 2020-01-24 01:56:44 --> Could not find the language line "Xác Nhận"
ERROR - 2020-01-24 01:56:44 --> Could not find the language line "Đóng"
ERROR - 2020-01-24 01:56:44 --> Could not find the language line "Xác Nhận"
ERROR - 2020-01-24 01:56:54 --> Could not find the language line "Tạo Điểm Lấy Hàng"
ERROR - 2020-01-24 01:56:54 --> Could not find the language line "Tạo Đơn Hàng"
ERROR - 2020-01-24 01:56:54 --> Severity: Warning --> Invalid argument supplied for foreach() /home/admin/domains/spshd.com/public_html/khachhang/application/views/tab4.php 394
ERROR - 2020-01-24 01:56:54 --> Could not find the language line "Đóng"
ERROR - 2020-01-24 01:56:54 --> Could not find the language line "Xác Nhận"
ERROR - 2020-01-24 01:56:54 --> Severity: Warning --> Invalid argument supplied for foreach() /home/admin/domains/spshd.com/public_html/khachhang/application/views/app.php 157
ERROR - 2020-01-24 01:56:54 --> Severity: Warning --> Invalid argument supplied for foreach() /home/admin/domains/spshd.com/public_html/khachhang/application/views/app.php 168
ERROR - 2020-01-24 01:56:54 --> Could not find the language line "Đóng"
ERROR - 2020-01-24 01:56:54 --> Could not find the language line "Xác Nhận"
ERROR - 2020-01-24 01:56:54 --> Could not find the language line "Đóng"
ERROR - 2020-01-24 01:56:54 --> Could not find the language line "Xác Nhận"
ERROR - 2020-01-24 12:08:52 --> Could not find the language line "Tạo Điểm Lấy Hàng"
ERROR - 2020-01-24 12:08:52 --> Could not find the language line "Tạo Đơn Hàng"
ERROR - 2020-01-24 12:08:52 --> Severity: Warning --> Invalid argument supplied for foreach() /home/admin/domains/spshd.com/public_html/khachhang/application/views/tab4.php 394
ERROR - 2020-01-24 12:08:52 --> Could not find the language line "Đóng"
ERROR - 2020-01-24 12:08:52 --> Could not find the language line "Xác Nhận"
ERROR - 2020-01-24 12:08:52 --> Severity: Warning --> Invalid argument supplied for foreach() /home/admin/domains/spshd.com/public_html/khachhang/application/views/app.php 157
ERROR - 2020-01-24 12:08:52 --> Severity: Warning --> Invalid argument supplied for foreach() /home/admin/domains/spshd.com/public_html/khachhang/application/views/app.php 168
ERROR - 2020-01-24 12:08:52 --> Could not find the language line "Đóng"
ERROR - 2020-01-24 12:08:52 --> Could not find the language line "Xác Nhận"
ERROR - 2020-01-24 12:08:52 --> Could not find the language line "Đóng"
ERROR - 2020-01-24 12:08:52 --> Could not find the language line "Xác Nhận"
ERROR - 2020-01-24 18:36:57 --> Could not find the language line "Email"
ERROR - 2020-01-24 18:36:57 --> Could not find the language line "password"
ERROR - 2020-01-24 18:42:53 --> Could not find the language line "Email"
ERROR - 2020-01-24 18:42:53 --> Could not find the language line "password"
