ERROR - 2019-10-23 01:02:47 --> Could not find the language line "Tạo Điểm Lấy Hàng"
ERROR - 2019-10-23 01:02:47 --> Could not find the language line "Tạo Đơn Hàng"
ERROR - 2019-10-23 01:02:47 --> Severity: Warning --> Invalid argument supplied for foreach() /home/admin/domains/spshd.com/public_html/khachhang/application/views/tab4.php 394
ERROR - 2019-10-23 01:02:47 --> Could not find the language line "Đóng"
ERROR - 2019-10-23 01:02:47 --> Could not find the language line "Xác Nhận"
ERROR - 2019-10-23 01:02:47 --> Severity: Warning --> Invalid argument supplied for foreach() /home/admin/domains/spshd.com/public_html/khachhang/application/views/app.php 157
ERROR - 2019-10-23 01:02:47 --> Severity: Warning --> Invalid argument supplied for foreach() /home/admin/domains/spshd.com/public_html/khachhang/application/views/app.php 168
ERROR - 2019-10-23 01:02:47 --> Could not find the language line "Đóng"
ERROR - 2019-10-23 01:02:47 --> Could not find the language line "Xác Nhận"
ERROR - 2019-10-23 01:02:47 --> Could not find the language line "Đóng"
ERROR - 2019-10-23 01:02:47 --> Could not find the language line "Xác Nhận"
ERROR - 2019-10-23 01:02:47 --> Could not find the language line "Tạo Điểm Lấy Hàng"
ERROR - 2019-10-23 01:02:47 --> Could not find the language line "Tạo Đơn Hàng"
ERROR - 2019-10-23 01:02:47 --> Severity: Warning --> Invalid argument supplied for foreach() /home/admin/domains/spshd.com/public_html/khachhang/application/views/tab4.php 394
ERROR - 2019-10-23 01:02:47 --> Could not find the language line "Đóng"
ERROR - 2019-10-23 01:02:47 --> Could not find the language line "Xác Nhận"
ERROR - 2019-10-23 01:02:47 --> Severity: Warning --> Invalid argument supplied for foreach() /home/admin/domains/spshd.com/public_html/khachhang/application/views/app.php 157
ERROR - 2019-10-23 01:02:47 --> Severity: Warning --> Invalid argument supplied for foreach() /home/admin/domains/spshd.com/public_html/khachhang/application/views/app.php 168
ERROR - 2019-10-23 01:02:47 --> Could not find the language line "Đóng"
ERROR - 2019-10-23 01:02:47 --> Could not find the language line "Xác Nhận"
ERROR - 2019-10-23 01:02:47 --> Could not find the language line "Đóng"
ERROR - 2019-10-23 01:02:47 --> Could not find the language line "Xác Nhận"
ERROR - 2019-10-23 02:49:32 --> Could not find the language line "Tạo Điểm Lấy Hàng"
ERROR - 2019-10-23 02:49:32 --> Could not find the language line "Tạo Đơn Hàng"
ERROR - 2019-10-23 02:49:32 --> Severity: Warning --> Invalid argument supplied for foreach() /home/admin/domains/spshd.com/public_html/khachhang/application/views/tab4.php 394
ERROR - 2019-10-23 02:49:32 --> Could not find the language line "Đóng"
ERROR - 2019-10-23 02:49:32 --> Could not find the language line "Xác Nhận"
ERROR - 2019-10-23 02:49:32 --> Severity: Warning --> Invalid argument supplied for foreach() /home/admin/domains/spshd.com/public_html/khachhang/application/views/app.php 157
ERROR - 2019-10-23 02:49:32 --> Severity: Warning --> Invalid argument supplied for foreach() /home/admin/domains/spshd.com/public_html/khachhang/application/views/app.php 168
ERROR - 2019-10-23 02:49:32 --> Could not find the language line "Đóng"
ERROR - 2019-10-23 02:49:32 --> Could not find the language line "Xác Nhận"
ERROR - 2019-10-23 02:49:32 --> Could not find the language line "Đóng"
ERROR - 2019-10-23 02:49:32 --> Could not find the language line "Xác Nhận"
ERROR - 2019-10-23 04:04:10 --> Could not find the language line "Tạo Điểm Lấy Hàng"
ERROR - 2019-10-23 04:04:10 --> Could not find the language line "Tạo Đơn Hàng"
ERROR - 2019-10-23 04:04:10 --> Severity: Warning --> Invalid argument supplied for foreach() /home/admin/domains/spshd.com/public_html/khachhang/application/views/tab4.php 394
ERROR - 2019-10-23 04:04:10 --> Could not find the language line "Đóng"
ERROR - 2019-10-23 04:04:10 --> Could not find the language line "Xác Nhận"
ERROR - 2019-10-23 04:04:10 --> Severity: Warning --> Invalid argument supplied for foreach() /home/admin/domains/spshd.com/public_html/khachhang/application/views/app.php 157
ERROR - 2019-10-23 04:04:10 --> Severity: Warning --> Invalid argument supplied for foreach() /home/admin/domains/spshd.com/public_html/khachhang/application/views/app.php 168
ERROR - 2019-10-23 04:04:10 --> Could not find the language line "Đóng"
ERROR - 2019-10-23 04:04:10 --> Could not find the language line "Xác Nhận"
ERROR - 2019-10-23 04:04:10 --> Could not find the language line "Đóng"
ERROR - 2019-10-23 04:04:10 --> Could not find the language line "Xác Nhận"
ERROR - 2019-10-23 04:04:10 --> Could not find the language line "Tạo Điểm Lấy Hàng"
ERROR - 2019-10-23 04:04:10 --> Could not find the language line "Tạo Đơn Hàng"
ERROR - 2019-10-23 04:04:10 --> Severity: Warning --> Invalid argument supplied for foreach() /home/admin/domains/spshd.com/public_html/khachhang/application/views/tab4.php 394
ERROR - 2019-10-23 04:04:10 --> Could not find the language line "Đóng"
ERROR - 2019-10-23 04:04:10 --> Could not find the language line "Xác Nhận"
ERROR - 2019-10-23 04:04:10 --> Severity: Warning --> Invalid argument supplied for foreach() /home/admin/domains/spshd.com/public_html/khachhang/application/views/app.php 157
ERROR - 2019-10-23 04:04:10 --> Severity: Warning --> Invalid argument supplied for foreach() /home/admin/domains/spshd.com/public_html/khachhang/application/views/app.php 168
ERROR - 2019-10-23 04:04:10 --> Could not find the language line "Đóng"
ERROR - 2019-10-23 04:04:10 --> Could not find the language line "Xác Nhận"
ERROR - 2019-10-23 04:04:10 --> Could not find the language line "Đóng"
ERROR - 2019-10-23 04:04:10 --> Could not find the language line "Xác Nhận"
ERROR - 2019-10-23 04:58:47 --> Could not find the language line "Tạo Điểm Lấy Hàng"
ERROR - 2019-10-23 04:58:47 --> Could not find the language line "Tạo Đơn Hàng"
ERROR - 2019-10-23 04:58:47 --> Severity: Warning --> Invalid argument supplied for foreach() /home/admin/domains/spshd.com/public_html/khachhang/application/views/tab4.php 394
ERROR - 2019-10-23 04:58:47 --> Could not find the language line "Đóng"
ERROR - 2019-10-23 04:58:47 --> Could not find the language line "Xác Nhận"
ERROR - 2019-10-23 04:58:47 --> Severity: Warning --> Invalid argument supplied for foreach() /home/admin/domains/spshd.com/public_html/khachhang/application/views/app.php 157
ERROR - 2019-10-23 04:58:47 --> Severity: Warning --> Invalid argument supplied for foreach() /home/admin/domains/spshd.com/public_html/khachhang/application/views/app.php 168
ERROR - 2019-10-23 04:58:47 --> Could not find the language line "Đóng"
ERROR - 2019-10-23 04:58:47 --> Could not find the language line "Xác Nhận"
ERROR - 2019-10-23 04:58:47 --> Could not find the language line "Đóng"
ERROR - 2019-10-23 04:58:47 --> Could not find the language line "Xác Nhận"
ERROR - 2019-10-23 04:58:47 --> Could not find the language line "Tạo Điểm Lấy Hàng"
ERROR - 2019-10-23 04:58:47 --> Could not find the language line "Tạo Đơn Hàng"
ERROR - 2019-10-23 04:58:47 --> Severity: Warning --> Invalid argument supplied for foreach() /home/admin/domains/spshd.com/public_html/khachhang/application/views/tab4.php 394
ERROR - 2019-10-23 04:58:47 --> Could not find the language line "Đóng"
ERROR - 2019-10-23 04:58:47 --> Could not find the language line "Xác Nhận"
ERROR - 2019-10-23 04:58:47 --> Severity: Warning --> Invalid argument supplied for foreach() /home/admin/domains/spshd.com/public_html/khachhang/application/views/app.php 157
ERROR - 2019-10-23 04:58:47 --> Severity: Warning --> Invalid argument supplied for foreach() /home/admin/domains/spshd.com/public_html/khachhang/application/views/app.php 168
ERROR - 2019-10-23 04:58:47 --> Could not find the language line "Đóng"
ERROR - 2019-10-23 04:58:47 --> Could not find the language line "Xác Nhận"
ERROR - 2019-10-23 04:58:47 --> Could not find the language line "Đóng"
ERROR - 2019-10-23 04:58:47 --> Could not find the language line "Xác Nhận"
ERROR - 2019-10-23 04:59:03 --> Could not find the language line "Tạo Điểm Lấy Hàng"
ERROR - 2019-10-23 04:59:03 --> Could not find the language line "Tạo Đơn Hàng"
ERROR - 2019-10-23 04:59:03 --> Severity: Warning --> Invalid argument supplied for foreach() /home/admin/domains/spshd.com/public_html/khachhang/application/views/tab4.php 394
ERROR - 2019-10-23 04:59:03 --> Could not find the language line "Đóng"
ERROR - 2019-10-23 04:59:03 --> Could not find the language line "Xác Nhận"
ERROR - 2019-10-23 04:59:03 --> Severity: Warning --> Invalid argument supplied for foreach() /home/admin/domains/spshd.com/public_html/khachhang/application/views/app.php 157
ERROR - 2019-10-23 04:59:03 --> Severity: Warning --> Invalid argument supplied for foreach() /home/admin/domains/spshd.com/public_html/khachhang/application/views/app.php 168
ERROR - 2019-10-23 04:59:03 --> Could not find the language line "Đóng"
ERROR - 2019-10-23 04:59:03 --> Could not find the language line "Xác Nhận"
ERROR - 2019-10-23 04:59:03 --> Could not find the language line "Đóng"
ERROR - 2019-10-23 04:59:03 --> Could not find the language line "Xác Nhận"
ERROR - 2019-10-23 05:43:12 --> Could not find the language line "Tạo Điểm Lấy Hàng"
ERROR - 2019-10-23 05:43:12 --> Could not find the language line "Tạo Đơn Hàng"
ERROR - 2019-10-23 05:43:12 --> Severity: Warning --> Invalid argument supplied for foreach() /home/admin/domains/spshd.com/public_html/khachhang/application/views/tab4.php 394
ERROR - 2019-10-23 05:43:12 --> Could not find the language line "Đóng"
ERROR - 2019-10-23 05:43:12 --> Could not find the language line "Xác Nhận"
ERROR - 2019-10-23 05:43:12 --> Severity: Warning --> Invalid argument supplied for foreach() /home/admin/domains/spshd.com/public_html/khachhang/application/views/app.php 157
ERROR - 2019-10-23 05:43:12 --> Severity: Warning --> Invalid argument supplied for foreach() /home/admin/domains/spshd.com/public_html/khachhang/application/views/app.php 168
ERROR - 2019-10-23 05:43:12 --> Could not find the language line "Đóng"
ERROR - 2019-10-23 05:43:12 --> Could not find the language line "Xác Nhận"
ERROR - 2019-10-23 05:43:12 --> Could not find the language line "Đóng"
ERROR - 2019-10-23 05:43:12 --> Could not find the language line "Xác Nhận"
ERROR - 2019-10-23 09:20:43 --> Could not find the language line "Tạo Điểm Lấy Hàng"
ERROR - 2019-10-23 09:20:43 --> Could not find the language line "Tạo Đơn Hàng"
ERROR - 2019-10-23 09:20:43 --> Severity: Warning --> Invalid argument supplied for foreach() /home/admin/domains/spshd.com/public_html/khachhang/application/views/tab4.php 394
ERROR - 2019-10-23 09:20:43 --> Could not find the language line "Đóng"
ERROR - 2019-10-23 09:20:43 --> Could not find the language line "Xác Nhận"
ERROR - 2019-10-23 09:20:43 --> Severity: Warning --> Invalid argument supplied for foreach() /home/admin/domains/spshd.com/public_html/khachhang/application/views/app.php 157
ERROR - 2019-10-23 09:20:43 --> Severity: Warning --> Invalid argument supplied for foreach() /home/admin/domains/spshd.com/public_html/khachhang/application/views/app.php 168
ERROR - 2019-10-23 09:20:43 --> Could not find the language line "Đóng"
ERROR - 2019-10-23 09:20:43 --> Could not find the language line "Xác Nhận"
ERROR - 2019-10-23 09:20:43 --> Could not find the language line "Đóng"
ERROR - 2019-10-23 09:20:43 --> Could not find the language line "Xác Nhận"
ERROR - 2019-10-23 09:55:55 --> Could not find the language line "Tạo Điểm Lấy Hàng"
ERROR - 2019-10-23 09:55:55 --> Could not find the language line "Tạo Đơn Hàng"
ERROR - 2019-10-23 09:55:55 --> Severity: Warning --> Invalid argument supplied for foreach() /home/admin/domains/spshd.com/public_html/khachhang/application/views/tab4.php 394
ERROR - 2019-10-23 09:55:55 --> Could not find the language line "Đóng"
ERROR - 2019-10-23 09:55:55 --> Could not find the language line "Xác Nhận"
ERROR - 2019-10-23 09:55:55 --> Severity: Warning --> Invalid argument supplied for foreach() /home/admin/domains/spshd.com/public_html/khachhang/application/views/app.php 157
ERROR - 2019-10-23 09:55:55 --> Severity: Warning --> Invalid argument supplied for foreach() /home/admin/domains/spshd.com/public_html/khachhang/application/views/app.php 168
ERROR - 2019-10-23 09:55:55 --> Could not find the language line "Đóng"
ERROR - 2019-10-23 09:55:55 --> Could not find the language line "Xác Nhận"
ERROR - 2019-10-23 09:55:55 --> Could not find the language line "Đóng"
ERROR - 2019-10-23 09:55:55 --> Could not find the language line "Xác Nhận"
ERROR - 2019-10-23 12:23:56 --> Could not find the language line "Tạo Điểm Lấy Hàng"
ERROR - 2019-10-23 12:23:56 --> Could not find the language line "Tạo Đơn Hàng"
ERROR - 2019-10-23 12:23:56 --> Severity: Warning --> Invalid argument supplied for foreach() /home/admin/domains/spshd.com/public_html/khachhang/application/views/tab4.php 394
ERROR - 2019-10-23 12:23:56 --> Could not find the language line "Đóng"
ERROR - 2019-10-23 12:23:56 --> Could not find the language line "Xác Nhận"
ERROR - 2019-10-23 12:23:56 --> Severity: Warning --> Invalid argument supplied for foreach() /home/admin/domains/spshd.com/public_html/khachhang/application/views/app.php 157
ERROR - 2019-10-23 12:23:56 --> Severity: Warning --> Invalid argument supplied for foreach() /home/admin/domains/spshd.com/public_html/khachhang/application/views/app.php 168
ERROR - 2019-10-23 12:23:56 --> Could not find the language line "Đóng"
ERROR - 2019-10-23 12:23:56 --> Could not find the language line "Xác Nhận"
ERROR - 2019-10-23 12:23:56 --> Could not find the language line "Đóng"
ERROR - 2019-10-23 12:23:56 --> Could not find the language line "Xác Nhận"
ERROR - 2019-10-23 12:23:57 --> Could not find the language line "Tạo Điểm Lấy Hàng"
ERROR - 2019-10-23 12:23:57 --> Could not find the language line "Tạo Đơn Hàng"
ERROR - 2019-10-23 12:23:57 --> Severity: Warning --> Invalid argument supplied for foreach() /home/admin/domains/spshd.com/public_html/khachhang/application/views/tab4.php 394
ERROR - 2019-10-23 12:23:57 --> Could not find the language line "Đóng"
ERROR - 2019-10-23 12:23:57 --> Could not find the language line "Xác Nhận"
ERROR - 2019-10-23 12:23:57 --> Severity: Warning --> Invalid argument supplied for foreach() /home/admin/domains/spshd.com/public_html/khachhang/application/views/app.php 157
ERROR - 2019-10-23 12:23:57 --> Severity: Warning --> Invalid argument supplied for foreach() /home/admin/domains/spshd.com/public_html/khachhang/application/views/app.php 168
ERROR - 2019-10-23 12:23:57 --> Could not find the language line "Đóng"
ERROR - 2019-10-23 12:23:57 --> Could not find the language line "Xác Nhận"
ERROR - 2019-10-23 12:23:57 --> Could not find the language line "Đóng"
ERROR - 2019-10-23 12:23:57 --> Could not find the language line "Xác Nhận"
ERROR - 2019-10-23 12:40:42 --> Could not find the language line "Tạo Điểm Lấy Hàng"
ERROR - 2019-10-23 12:40:42 --> Could not find the language line "Tạo Đơn Hàng"
ERROR - 2019-10-23 12:40:42 --> Severity: Warning --> Invalid argument supplied for foreach() /home/admin/domains/spshd.com/public_html/khachhang/application/views/tab4.php 394
ERROR - 2019-10-23 12:40:42 --> Could not find the language line "Đóng"
ERROR - 2019-10-23 12:40:42 --> Could not find the language line "Xác Nhận"
ERROR - 2019-10-23 12:40:42 --> Severity: Warning --> Invalid argument supplied for foreach() /home/admin/domains/spshd.com/public_html/khachhang/application/views/app.php 157
ERROR - 2019-10-23 12:40:42 --> Severity: Warning --> Invalid argument supplied for foreach() /home/admin/domains/spshd.com/public_html/khachhang/application/views/app.php 168
ERROR - 2019-10-23 12:40:42 --> Could not find the language line "Đóng"
ERROR - 2019-10-23 12:40:42 --> Could not find the language line "Xác Nhận"
ERROR - 2019-10-23 12:40:42 --> Could not find the language line "Đóng"
ERROR - 2019-10-23 12:40:42 --> Could not find the language line "Xác Nhận"
ERROR - 2019-10-23 12:40:44 --> Could not find the language line "Tạo Điểm Lấy Hàng"
ERROR - 2019-10-23 12:40:44 --> Could not find the language line "Tạo Đơn Hàng"
ERROR - 2019-10-23 12:40:44 --> Severity: Warning --> Invalid argument supplied for foreach() /home/admin/domains/spshd.com/public_html/khachhang/application/views/tab4.php 394
ERROR - 2019-10-23 12:40:44 --> Could not find the language line "Đóng"
ERROR - 2019-10-23 12:40:44 --> Could not find the language line "Xác Nhận"
ERROR - 2019-10-23 12:40:44 --> Severity: Warning --> Invalid argument supplied for foreach() /home/admin/domains/spshd.com/public_html/khachhang/application/views/app.php 157
ERROR - 2019-10-23 12:40:44 --> Severity: Warning --> Invalid argument supplied for foreach() /home/admin/domains/spshd.com/public_html/khachhang/application/views/app.php 168
ERROR - 2019-10-23 12:40:44 --> Could not find the language line "Đóng"
ERROR - 2019-10-23 12:40:44 --> Could not find the language line "Xác Nhận"
ERROR - 2019-10-23 12:40:44 --> Could not find the language line "Đóng"
ERROR - 2019-10-23 12:40:44 --> Could not find the language line "Xác Nhận"
ERROR - 2019-10-23 16:33:04 --> Could not find the language line "Tạo Điểm Lấy Hàng"
ERROR - 2019-10-23 16:33:04 --> Could not find the language line "Tạo Đơn Hàng"
ERROR - 2019-10-23 16:33:04 --> Severity: Warning --> Invalid argument supplied for foreach() /home/admin/domains/spshd.com/public_html/khachhang/application/views/tab4.php 394
ERROR - 2019-10-23 16:33:04 --> Could not find the language line "Đóng"
ERROR - 2019-10-23 16:33:04 --> Could not find the language line "Xác Nhận"
ERROR - 2019-10-23 16:33:04 --> Severity: Warning --> Invalid argument supplied for foreach() /home/admin/domains/spshd.com/public_html/khachhang/application/views/app.php 157
ERROR - 2019-10-23 16:33:04 --> Severity: Warning --> Invalid argument supplied for foreach() /home/admin/domains/spshd.com/public_html/khachhang/application/views/app.php 168
ERROR - 2019-10-23 16:33:04 --> Could not find the language line "Đóng"
ERROR - 2019-10-23 16:33:04 --> Could not find the language line "Xác Nhận"
ERROR - 2019-10-23 16:33:04 --> Could not find the language line "Đóng"
ERROR - 2019-10-23 16:33:04 --> Could not find the language line "Xác Nhận"
ERROR - 2019-10-23 16:33:04 --> Could not find the language line "Tạo Điểm Lấy Hàng"
ERROR - 2019-10-23 16:33:04 --> Could not find the language line "Tạo Đơn Hàng"
ERROR - 2019-10-23 16:33:04 --> Severity: Warning --> Invalid argument supplied for foreach() /home/admin/domains/spshd.com/public_html/khachhang/application/views/tab4.php 394
ERROR - 2019-10-23 16:33:04 --> Could not find the language line "Đóng"
ERROR - 2019-10-23 16:33:04 --> Could not find the language line "Xác Nhận"
ERROR - 2019-10-23 16:33:04 --> Severity: Warning --> Invalid argument supplied for foreach() /home/admin/domains/spshd.com/public_html/khachhang/application/views/app.php 157
ERROR - 2019-10-23 16:33:04 --> Severity: Warning --> Invalid argument supplied for foreach() /home/admin/domains/spshd.com/public_html/khachhang/application/views/app.php 168
ERROR - 2019-10-23 16:33:04 --> Could not find the language line "Đóng"
ERROR - 2019-10-23 16:33:04 --> Could not find the language line "Xác Nhận"
ERROR - 2019-10-23 16:33:04 --> Could not find the language line "Đóng"
ERROR - 2019-10-23 16:33:04 --> Could not find the language line "Xác Nhận"
ERROR - 2019-10-23 16:34:02 --> Could not find the language line "Email"
ERROR - 2019-10-23 16:34:02 --> Could not find the language line "password"
ERROR - 2019-10-23 16:57:41 --> Could not find the language line "Tạo Điểm Lấy Hàng"
ERROR - 2019-10-23 16:57:41 --> Could not find the language line "Tạo Đơn Hàng"
ERROR - 2019-10-23 16:57:41 --> Severity: Warning --> Invalid argument supplied for foreach() /home/admin/domains/spshd.com/public_html/khachhang/application/views/tab4.php 394
ERROR - 2019-10-23 16:57:41 --> Could not find the language line "Đóng"
ERROR - 2019-10-23 16:57:41 --> Could not find the language line "Xác Nhận"
ERROR - 2019-10-23 16:57:41 --> Severity: Warning --> Invalid argument supplied for foreach() /home/admin/domains/spshd.com/public_html/khachhang/application/views/app.php 157
ERROR - 2019-10-23 16:57:41 --> Severity: Warning --> Invalid argument supplied for foreach() /home/admin/domains/spshd.com/public_html/khachhang/application/views/app.php 168
ERROR - 2019-10-23 16:57:41 --> Could not find the language line "Đóng"
ERROR - 2019-10-23 16:57:41 --> Could not find the language line "Xác Nhận"
ERROR - 2019-10-23 16:57:41 --> Could not find the language line "Đóng"
ERROR - 2019-10-23 16:57:41 --> Could not find the language line "Xác Nhận"
