ERROR - 2020-04-17 00:07:24 --> Could not find the language line "Tạo Điểm Lấy Hàng"
ERROR - 2020-04-17 00:07:24 --> Could not find the language line "Tạo Đơn Hàng"
ERROR - 2020-04-17 00:07:24 --> Could not find the language line "Đóng"
ERROR - 2020-04-17 00:07:24 --> Could not find the language line "Xác Nhận"
ERROR - 2020-04-17 00:07:24 --> Severity: Warning --> Invalid argument supplied for foreach() /home/admin/domains/spshd.com/public_html/khachhang/application/views/app.php 161
ERROR - 2020-04-17 00:07:24 --> Severity: Warning --> Invalid argument supplied for foreach() /home/admin/domains/spshd.com/public_html/khachhang/application/views/app.php 172
ERROR - 2020-04-17 00:07:24 --> Could not find the language line "Đóng"
ERROR - 2020-04-17 00:07:24 --> Could not find the language line "Xác Nhận"
ERROR - 2020-04-17 00:07:24 --> Could not find the language line "Đóng"
ERROR - 2020-04-17 00:07:24 --> Could not find the language line "Xác Nhận"
ERROR - 2020-04-17 01:01:40 --> Could not find the language line "Tạo Điểm Lấy Hàng"
ERROR - 2020-04-17 01:01:40 --> Could not find the language line "Tạo Đơn Hàng"
ERROR - 2020-04-17 01:01:40 --> Could not find the language line "Đóng"
ERROR - 2020-04-17 01:01:40 --> Could not find the language line "Xác Nhận"
ERROR - 2020-04-17 01:01:40 --> Severity: Warning --> Invalid argument supplied for foreach() /home/admin/domains/spshd.com/public_html/khachhang/application/views/app.php 161
ERROR - 2020-04-17 01:01:40 --> Severity: Warning --> Invalid argument supplied for foreach() /home/admin/domains/spshd.com/public_html/khachhang/application/views/app.php 172
ERROR - 2020-04-17 01:01:40 --> Could not find the language line "Đóng"
ERROR - 2020-04-17 01:01:40 --> Could not find the language line "Xác Nhận"
ERROR - 2020-04-17 01:01:40 --> Could not find the language line "Đóng"
ERROR - 2020-04-17 01:01:40 --> Could not find the language line "Xác Nhận"
ERROR - 2020-04-17 02:00:17 --> Could not find the language line "Tạo Điểm Lấy Hàng"
ERROR - 2020-04-17 02:00:17 --> Could not find the language line "Tạo Đơn Hàng"
ERROR - 2020-04-17 02:00:17 --> Could not find the language line "Đóng"
ERROR - 2020-04-17 02:00:17 --> Could not find the language line "Xác Nhận"
ERROR - 2020-04-17 02:00:17 --> Severity: Warning --> Invalid argument supplied for foreach() /home/admin/domains/spshd.com/public_html/khachhang/application/views/app.php 161
ERROR - 2020-04-17 02:00:17 --> Severity: Warning --> Invalid argument supplied for foreach() /home/admin/domains/spshd.com/public_html/khachhang/application/views/app.php 172
ERROR - 2020-04-17 02:00:17 --> Could not find the language line "Đóng"
ERROR - 2020-04-17 02:00:17 --> Could not find the language line "Xác Nhận"
ERROR - 2020-04-17 02:00:17 --> Could not find the language line "Đóng"
ERROR - 2020-04-17 02:00:17 --> Could not find the language line "Xác Nhận"
ERROR - 2020-04-17 02:53:30 --> Could not find the language line "Tạo Điểm Lấy Hàng"
ERROR - 2020-04-17 02:53:30 --> Could not find the language line "Tạo Đơn Hàng"
ERROR - 2020-04-17 02:53:30 --> Could not find the language line "Đóng"
ERROR - 2020-04-17 02:53:30 --> Could not find the language line "Xác Nhận"
ERROR - 2020-04-17 02:53:30 --> Severity: Warning --> Invalid argument supplied for foreach() /home/admin/domains/spshd.com/public_html/khachhang/application/views/app.php 161
ERROR - 2020-04-17 02:53:30 --> Severity: Warning --> Invalid argument supplied for foreach() /home/admin/domains/spshd.com/public_html/khachhang/application/views/app.php 172
ERROR - 2020-04-17 02:53:30 --> Could not find the language line "Đóng"
ERROR - 2020-04-17 02:53:30 --> Could not find the language line "Xác Nhận"
ERROR - 2020-04-17 02:53:30 --> Could not find the language line "Đóng"
ERROR - 2020-04-17 02:53:30 --> Could not find the language line "Xác Nhận"
ERROR - 2020-04-17 08:19:01 --> Could not find the language line "Tạo Điểm Lấy Hàng"
ERROR - 2020-04-17 08:19:01 --> Could not find the language line "Tạo Đơn Hàng"
ERROR - 2020-04-17 08:19:01 --> Could not find the language line "Đóng"
ERROR - 2020-04-17 08:19:01 --> Could not find the language line "Xác Nhận"
ERROR - 2020-04-17 08:19:01 --> Severity: Warning --> Invalid argument supplied for foreach() /home/admin/domains/spshd.com/public_html/khachhang/application/views/app.php 161
ERROR - 2020-04-17 08:19:01 --> Severity: Warning --> Invalid argument supplied for foreach() /home/admin/domains/spshd.com/public_html/khachhang/application/views/app.php 172
ERROR - 2020-04-17 08:19:01 --> Could not find the language line "Đóng"
ERROR - 2020-04-17 08:19:01 --> Could not find the language line "Xác Nhận"
ERROR - 2020-04-17 08:19:01 --> Could not find the language line "Đóng"
ERROR - 2020-04-17 08:19:01 --> Could not find the language line "Xác Nhận"
ERROR - 2020-04-17 08:51:42 --> Could not find the language line "Tạo Điểm Lấy Hàng"
ERROR - 2020-04-17 08:51:42 --> Could not find the language line "Tạo Đơn Hàng"
ERROR - 2020-04-17 08:51:42 --> Could not find the language line "Đóng"
ERROR - 2020-04-17 08:51:42 --> Could not find the language line "Xác Nhận"
ERROR - 2020-04-17 08:51:42 --> Severity: Warning --> Invalid argument supplied for foreach() /home/admin/domains/spshd.com/public_html/khachhang/application/views/app.php 161
ERROR - 2020-04-17 08:51:42 --> Severity: Warning --> Invalid argument supplied for foreach() /home/admin/domains/spshd.com/public_html/khachhang/application/views/app.php 172
ERROR - 2020-04-17 08:51:42 --> Could not find the language line "Đóng"
ERROR - 2020-04-17 08:51:42 --> Could not find the language line "Xác Nhận"
ERROR - 2020-04-17 08:51:42 --> Could not find the language line "Đóng"
ERROR - 2020-04-17 08:51:42 --> Could not find the language line "Xác Nhận"
ERROR - 2020-04-17 09:23:14 --> Could not find the language line "Tạo Điểm Lấy Hàng"
ERROR - 2020-04-17 09:23:14 --> Could not find the language line "Tạo Đơn Hàng"
ERROR - 2020-04-17 09:23:14 --> Could not find the language line "Đóng"
ERROR - 2020-04-17 09:23:14 --> Could not find the language line "Xác Nhận"
ERROR - 2020-04-17 09:23:14 --> Severity: Warning --> Invalid argument supplied for foreach() /home/admin/domains/spshd.com/public_html/khachhang/application/views/app.php 161
ERROR - 2020-04-17 09:23:14 --> Severity: Warning --> Invalid argument supplied for foreach() /home/admin/domains/spshd.com/public_html/khachhang/application/views/app.php 172
ERROR - 2020-04-17 09:23:14 --> Could not find the language line "Đóng"
ERROR - 2020-04-17 09:23:14 --> Could not find the language line "Xác Nhận"
ERROR - 2020-04-17 09:23:14 --> Could not find the language line "Đóng"
ERROR - 2020-04-17 09:23:14 --> Could not find the language line "Xác Nhận"
ERROR - 2020-04-17 09:57:10 --> Could not find the language line "Tạo Điểm Lấy Hàng"
ERROR - 2020-04-17 09:57:10 --> Could not find the language line "Tạo Đơn Hàng"
ERROR - 2020-04-17 09:57:10 --> Could not find the language line "Đóng"
ERROR - 2020-04-17 09:57:10 --> Could not find the language line "Xác Nhận"
ERROR - 2020-04-17 09:57:10 --> Severity: Warning --> Invalid argument supplied for foreach() /home/admin/domains/spshd.com/public_html/khachhang/application/views/app.php 161
ERROR - 2020-04-17 09:57:10 --> Severity: Warning --> Invalid argument supplied for foreach() /home/admin/domains/spshd.com/public_html/khachhang/application/views/app.php 172
ERROR - 2020-04-17 09:57:10 --> Could not find the language line "Đóng"
ERROR - 2020-04-17 09:57:10 --> Could not find the language line "Xác Nhận"
ERROR - 2020-04-17 09:57:10 --> Could not find the language line "Đóng"
ERROR - 2020-04-17 09:57:10 --> Could not find the language line "Xác Nhận"
ERROR - 2020-04-17 09:57:11 --> Could not find the language line "Tạo Điểm Lấy Hàng"
ERROR - 2020-04-17 09:57:11 --> Could not find the language line "Tạo Đơn Hàng"
ERROR - 2020-04-17 09:57:11 --> Could not find the language line "Đóng"
ERROR - 2020-04-17 09:57:11 --> Could not find the language line "Xác Nhận"
ERROR - 2020-04-17 09:57:11 --> Severity: Warning --> Invalid argument supplied for foreach() /home/admin/domains/spshd.com/public_html/khachhang/application/views/app.php 161
ERROR - 2020-04-17 09:57:11 --> Severity: Warning --> Invalid argument supplied for foreach() /home/admin/domains/spshd.com/public_html/khachhang/application/views/app.php 172
ERROR - 2020-04-17 09:57:11 --> Could not find the language line "Đóng"
ERROR - 2020-04-17 09:57:11 --> Could not find the language line "Xác Nhận"
ERROR - 2020-04-17 09:57:11 --> Could not find the language line "Đóng"
ERROR - 2020-04-17 09:57:11 --> Could not find the language line "Xác Nhận"
ERROR - 2020-04-17 10:14:05 --> Could not find the language line "Tạo Điểm Lấy Hàng"
ERROR - 2020-04-17 10:14:05 --> Could not find the language line "Tạo Đơn Hàng"
ERROR - 2020-04-17 10:14:05 --> Could not find the language line "Đóng"
ERROR - 2020-04-17 10:14:05 --> Could not find the language line "Xác Nhận"
ERROR - 2020-04-17 10:14:05 --> Severity: Warning --> Invalid argument supplied for foreach() /home/admin/domains/spshd.com/public_html/khachhang/application/views/app.php 161
ERROR - 2020-04-17 10:14:05 --> Severity: Warning --> Invalid argument supplied for foreach() /home/admin/domains/spshd.com/public_html/khachhang/application/views/app.php 172
ERROR - 2020-04-17 10:14:05 --> Could not find the language line "Đóng"
ERROR - 2020-04-17 10:14:05 --> Could not find the language line "Xác Nhận"
ERROR - 2020-04-17 10:14:05 --> Could not find the language line "Đóng"
ERROR - 2020-04-17 10:14:05 --> Could not find the language line "Xác Nhận"
ERROR - 2020-04-17 10:25:43 --> Could not find the language line "Tạo Điểm Lấy Hàng"
ERROR - 2020-04-17 10:25:43 --> Could not find the language line "Tạo Đơn Hàng"
ERROR - 2020-04-17 10:25:43 --> Could not find the language line "Đóng"
ERROR - 2020-04-17 10:25:43 --> Could not find the language line "Xác Nhận"
ERROR - 2020-04-17 10:25:43 --> Severity: Warning --> Invalid argument supplied for foreach() /home/admin/domains/spshd.com/public_html/khachhang/application/views/app.php 161
ERROR - 2020-04-17 10:25:43 --> Severity: Warning --> Invalid argument supplied for foreach() /home/admin/domains/spshd.com/public_html/khachhang/application/views/app.php 172
ERROR - 2020-04-17 10:25:43 --> Could not find the language line "Đóng"
ERROR - 2020-04-17 10:25:43 --> Could not find the language line "Xác Nhận"
ERROR - 2020-04-17 10:25:43 --> Could not find the language line "Đóng"
ERROR - 2020-04-17 10:25:43 --> Could not find the language line "Xác Nhận"
ERROR - 2020-04-17 10:41:00 --> Could not find the language line "Tạo Điểm Lấy Hàng"
ERROR - 2020-04-17 10:41:00 --> Could not find the language line "Tạo Đơn Hàng"
ERROR - 2020-04-17 10:41:00 --> Could not find the language line "Đóng"
ERROR - 2020-04-17 10:41:00 --> Could not find the language line "Xác Nhận"
ERROR - 2020-04-17 10:41:00 --> Severity: Warning --> Invalid argument supplied for foreach() /home/admin/domains/spshd.com/public_html/khachhang/application/views/app.php 161
ERROR - 2020-04-17 10:41:00 --> Severity: Warning --> Invalid argument supplied for foreach() /home/admin/domains/spshd.com/public_html/khachhang/application/views/app.php 172
ERROR - 2020-04-17 10:41:00 --> Could not find the language line "Đóng"
ERROR - 2020-04-17 10:41:00 --> Could not find the language line "Xác Nhận"
ERROR - 2020-04-17 10:41:00 --> Could not find the language line "Đóng"
ERROR - 2020-04-17 10:41:00 --> Could not find the language line "Xác Nhận"
ERROR - 2020-04-17 04:43:01 --> Could not find the language line "Email"
ERROR - 2020-04-17 04:43:01 --> Could not find the language line "password"
ERROR - 2020-04-17 11:05:39 --> Could not find the language line "Tạo Điểm Lấy Hàng"
ERROR - 2020-04-17 11:05:39 --> Could not find the language line "Tạo Đơn Hàng"
ERROR - 2020-04-17 11:05:39 --> Could not find the language line "Đóng"
ERROR - 2020-04-17 11:05:39 --> Could not find the language line "Xác Nhận"
ERROR - 2020-04-17 11:05:39 --> Severity: Warning --> Invalid argument supplied for foreach() /home/admin/domains/spshd.com/public_html/khachhang/application/views/app.php 161
ERROR - 2020-04-17 11:05:39 --> Severity: Warning --> Invalid argument supplied for foreach() /home/admin/domains/spshd.com/public_html/khachhang/application/views/app.php 172
ERROR - 2020-04-17 11:05:39 --> Could not find the language line "Đóng"
ERROR - 2020-04-17 11:05:39 --> Could not find the language line "Xác Nhận"
ERROR - 2020-04-17 11:05:39 --> Could not find the language line "Đóng"
ERROR - 2020-04-17 11:05:39 --> Could not find the language line "Xác Nhận"
ERROR - 2020-04-17 11:09:06 --> Could not find the language line "Tạo Điểm Lấy Hàng"
ERROR - 2020-04-17 11:09:06 --> Could not find the language line "Tạo Đơn Hàng"
ERROR - 2020-04-17 11:09:06 --> Could not find the language line "Đóng"
ERROR - 2020-04-17 11:09:06 --> Could not find the language line "Xác Nhận"
ERROR - 2020-04-17 11:09:06 --> Severity: Warning --> Invalid argument supplied for foreach() /home/admin/domains/spshd.com/public_html/khachhang/application/views/app.php 161
ERROR - 2020-04-17 11:09:06 --> Severity: Warning --> Invalid argument supplied for foreach() /home/admin/domains/spshd.com/public_html/khachhang/application/views/app.php 172
ERROR - 2020-04-17 11:09:06 --> Could not find the language line "Đóng"
ERROR - 2020-04-17 11:09:06 --> Could not find the language line "Xác Nhận"
ERROR - 2020-04-17 11:09:06 --> Could not find the language line "Đóng"
ERROR - 2020-04-17 11:09:06 --> Could not find the language line "Xác Nhận"
ERROR - 2020-04-17 11:09:07 --> Could not find the language line "Tạo Điểm Lấy Hàng"
ERROR - 2020-04-17 11:09:07 --> Could not find the language line "Tạo Đơn Hàng"
ERROR - 2020-04-17 11:09:07 --> Could not find the language line "Đóng"
ERROR - 2020-04-17 11:09:07 --> Could not find the language line "Xác Nhận"
ERROR - 2020-04-17 11:09:07 --> Severity: Warning --> Invalid argument supplied for foreach() /home/admin/domains/spshd.com/public_html/khachhang/application/views/app.php 161
ERROR - 2020-04-17 11:09:07 --> Severity: Warning --> Invalid argument supplied for foreach() /home/admin/domains/spshd.com/public_html/khachhang/application/views/app.php 172
ERROR - 2020-04-17 11:09:07 --> Could not find the language line "Đóng"
ERROR - 2020-04-17 11:09:07 --> Could not find the language line "Xác Nhận"
ERROR - 2020-04-17 11:09:07 --> Could not find the language line "Đóng"
ERROR - 2020-04-17 11:09:07 --> Could not find the language line "Xác Nhận"
ERROR - 2020-04-17 11:20:42 --> Could not find the language line "Tạo Điểm Lấy Hàng"
ERROR - 2020-04-17 11:20:42 --> Could not find the language line "Tạo Đơn Hàng"
ERROR - 2020-04-17 11:20:42 --> Could not find the language line "Đóng"
ERROR - 2020-04-17 11:20:42 --> Could not find the language line "Xác Nhận"
ERROR - 2020-04-17 11:20:42 --> Severity: Warning --> Invalid argument supplied for foreach() /home/admin/domains/spshd.com/public_html/khachhang/application/views/app.php 161
ERROR - 2020-04-17 11:20:42 --> Severity: Warning --> Invalid argument supplied for foreach() /home/admin/domains/spshd.com/public_html/khachhang/application/views/app.php 172
ERROR - 2020-04-17 11:20:42 --> Could not find the language line "Đóng"
ERROR - 2020-04-17 11:20:42 --> Could not find the language line "Xác Nhận"
ERROR - 2020-04-17 11:20:42 --> Could not find the language line "Đóng"
ERROR - 2020-04-17 11:20:42 --> Could not find the language line "Xác Nhận"
ERROR - 2020-04-17 05:24:19 --> Could not find the language line "Email"
ERROR - 2020-04-17 05:24:19 --> Could not find the language line "password"
ERROR - 2020-04-17 11:24:43 --> Could not find the language line "Tạo Điểm Lấy Hàng"
ERROR - 2020-04-17 11:24:43 --> Could not find the language line "Tạo Đơn Hàng"
ERROR - 2020-04-17 11:24:43 --> Could not find the language line "Đóng"
ERROR - 2020-04-17 11:24:43 --> Could not find the language line "Xác Nhận"
ERROR - 2020-04-17 11:24:43 --> Severity: Warning --> Invalid argument supplied for foreach() /home/admin/domains/spshd.com/public_html/khachhang/application/views/app.php 161
ERROR - 2020-04-17 11:24:43 --> Severity: Warning --> Invalid argument supplied for foreach() /home/admin/domains/spshd.com/public_html/khachhang/application/views/app.php 172
ERROR - 2020-04-17 11:24:43 --> Could not find the language line "Đóng"
ERROR - 2020-04-17 11:24:43 --> Could not find the language line "Xác Nhận"
ERROR - 2020-04-17 11:24:43 --> Could not find the language line "Đóng"
ERROR - 2020-04-17 11:24:43 --> Could not find the language line "Xác Nhận"
ERROR - 2020-04-17 11:25:40 --> Could not find the language line "Tạo Điểm Lấy Hàng"
ERROR - 2020-04-17 11:25:40 --> Could not find the language line "Tạo Đơn Hàng"
ERROR - 2020-04-17 11:25:40 --> Could not find the language line "Đóng"
ERROR - 2020-04-17 11:25:40 --> Could not find the language line "Xác Nhận"
ERROR - 2020-04-17 11:25:40 --> Severity: Warning --> Invalid argument supplied for foreach() /home/admin/domains/spshd.com/public_html/khachhang/application/views/app.php 161
ERROR - 2020-04-17 11:25:40 --> Severity: Warning --> Invalid argument supplied for foreach() /home/admin/domains/spshd.com/public_html/khachhang/application/views/app.php 172
ERROR - 2020-04-17 11:25:40 --> Could not find the language line "Đóng"
ERROR - 2020-04-17 11:25:40 --> Could not find the language line "Xác Nhận"
ERROR - 2020-04-17 11:25:40 --> Could not find the language line "Đóng"
ERROR - 2020-04-17 11:25:40 --> Could not find the language line "Xác Nhận"
ERROR - 2020-04-17 11:26:11 --> Could not find the language line "Tạo Điểm Lấy Hàng"
ERROR - 2020-04-17 11:26:11 --> Could not find the language line "Tạo Đơn Hàng"
ERROR - 2020-04-17 11:26:11 --> Could not find the language line "Đóng"
ERROR - 2020-04-17 11:26:11 --> Could not find the language line "Xác Nhận"
ERROR - 2020-04-17 11:26:11 --> Severity: Warning --> Invalid argument supplied for foreach() /home/admin/domains/spshd.com/public_html/khachhang/application/views/app.php 161
ERROR - 2020-04-17 11:26:11 --> Severity: Warning --> Invalid argument supplied for foreach() /home/admin/domains/spshd.com/public_html/khachhang/application/views/app.php 172
ERROR - 2020-04-17 11:26:11 --> Could not find the language line "Đóng"
ERROR - 2020-04-17 11:26:11 --> Could not find the language line "Xác Nhận"
ERROR - 2020-04-17 11:26:11 --> Could not find the language line "Đóng"
ERROR - 2020-04-17 11:26:11 --> Could not find the language line "Xác Nhận"
ERROR - 2020-04-17 11:28:42 --> Could not find the language line "Tạo Điểm Lấy Hàng"
ERROR - 2020-04-17 11:28:42 --> Could not find the language line "Tạo Đơn Hàng"
ERROR - 2020-04-17 11:28:42 --> Could not find the language line "Đóng"
ERROR - 2020-04-17 11:28:42 --> Could not find the language line "Xác Nhận"
ERROR - 2020-04-17 11:28:42 --> Severity: Warning --> Invalid argument supplied for foreach() /home/admin/domains/spshd.com/public_html/khachhang/application/views/app.php 161
ERROR - 2020-04-17 11:28:42 --> Severity: Warning --> Invalid argument supplied for foreach() /home/admin/domains/spshd.com/public_html/khachhang/application/views/app.php 172
ERROR - 2020-04-17 11:28:42 --> Could not find the language line "Đóng"
ERROR - 2020-04-17 11:28:42 --> Could not find the language line "Xác Nhận"
ERROR - 2020-04-17 11:28:42 --> Could not find the language line "Đóng"
ERROR - 2020-04-17 11:28:42 --> Could not find the language line "Xác Nhận"
ERROR - 2020-04-17 05:28:56 --> Could not find the language line "Email"
ERROR - 2020-04-17 05:28:56 --> Could not find the language line "password"
ERROR - 2020-04-17 11:29:06 --> Could not find the language line "Tạo Điểm Lấy Hàng"
ERROR - 2020-04-17 11:29:06 --> Could not find the language line "Tạo Đơn Hàng"
ERROR - 2020-04-17 11:29:06 --> Could not find the language line "Đóng"
ERROR - 2020-04-17 11:29:06 --> Could not find the language line "Xác Nhận"
ERROR - 2020-04-17 11:29:06 --> Severity: Warning --> Invalid argument supplied for foreach() /home/admin/domains/spshd.com/public_html/khachhang/application/views/app.php 161
ERROR - 2020-04-17 11:29:06 --> Severity: Warning --> Invalid argument supplied for foreach() /home/admin/domains/spshd.com/public_html/khachhang/application/views/app.php 172
ERROR - 2020-04-17 11:29:06 --> Could not find the language line "Đóng"
ERROR - 2020-04-17 11:29:06 --> Could not find the language line "Xác Nhận"
ERROR - 2020-04-17 11:29:06 --> Could not find the language line "Đóng"
ERROR - 2020-04-17 11:29:06 --> Could not find the language line "Xác Nhận"
ERROR - 2020-04-17 11:32:02 --> Could not find the language line "Tạo Điểm Lấy Hàng"
ERROR - 2020-04-17 11:32:02 --> Could not find the language line "Tạo Đơn Hàng"
ERROR - 2020-04-17 11:32:02 --> Could not find the language line "Đóng"
ERROR - 2020-04-17 11:32:02 --> Could not find the language line "Xác Nhận"
ERROR - 2020-04-17 11:32:02 --> Severity: Warning --> Invalid argument supplied for foreach() /home/admin/domains/spshd.com/public_html/khachhang/application/views/app.php 161
ERROR - 2020-04-17 11:32:02 --> Severity: Warning --> Invalid argument supplied for foreach() /home/admin/domains/spshd.com/public_html/khachhang/application/views/app.php 172
ERROR - 2020-04-17 11:32:02 --> Could not find the language line "Đóng"
ERROR - 2020-04-17 11:32:02 --> Could not find the language line "Xác Nhận"
ERROR - 2020-04-17 11:32:02 --> Could not find the language line "Đóng"
ERROR - 2020-04-17 11:32:02 --> Could not find the language line "Xác Nhận"
ERROR - 2020-04-17 11:32:02 --> Could not find the language line "Tạo Điểm Lấy Hàng"
ERROR - 2020-04-17 11:32:02 --> Could not find the language line "Tạo Đơn Hàng"
ERROR - 2020-04-17 11:32:02 --> Could not find the language line "Đóng"
ERROR - 2020-04-17 11:32:02 --> Could not find the language line "Xác Nhận"
ERROR - 2020-04-17 11:32:02 --> Severity: Warning --> Invalid argument supplied for foreach() /home/admin/domains/spshd.com/public_html/khachhang/application/views/app.php 161
ERROR - 2020-04-17 11:32:02 --> Severity: Warning --> Invalid argument supplied for foreach() /home/admin/domains/spshd.com/public_html/khachhang/application/views/app.php 172
ERROR - 2020-04-17 11:32:02 --> Could not find the language line "Đóng"
ERROR - 2020-04-17 11:32:02 --> Could not find the language line "Xác Nhận"
ERROR - 2020-04-17 11:32:02 --> Could not find the language line "Đóng"
ERROR - 2020-04-17 11:32:02 --> Could not find the language line "Xác Nhận"
ERROR - 2020-04-17 11:33:14 --> Could not find the language line "Tạo Điểm Lấy Hàng"
ERROR - 2020-04-17 11:33:14 --> Could not find the language line "Tạo Đơn Hàng"
ERROR - 2020-04-17 11:33:14 --> Could not find the language line "Đóng"
ERROR - 2020-04-17 11:33:14 --> Could not find the language line "Xác Nhận"
ERROR - 2020-04-17 11:33:14 --> Severity: Warning --> Invalid argument supplied for foreach() /home/admin/domains/spshd.com/public_html/khachhang/application/views/app.php 161
ERROR - 2020-04-17 11:33:14 --> Severity: Warning --> Invalid argument supplied for foreach() /home/admin/domains/spshd.com/public_html/khachhang/application/views/app.php 172
ERROR - 2020-04-17 11:33:14 --> Could not find the language line "Đóng"
ERROR - 2020-04-17 11:33:14 --> Could not find the language line "Xác Nhận"
ERROR - 2020-04-17 11:33:14 --> Could not find the language line "Đóng"
ERROR - 2020-04-17 11:33:14 --> Could not find the language line "Xác Nhận"
ERROR - 2020-04-17 11:33:15 --> Could not find the language line "Tạo Điểm Lấy Hàng"
ERROR - 2020-04-17 11:33:15 --> Could not find the language line "Tạo Đơn Hàng"
ERROR - 2020-04-17 11:33:15 --> Could not find the language line "Đóng"
ERROR - 2020-04-17 11:33:15 --> Could not find the language line "Xác Nhận"
ERROR - 2020-04-17 11:33:15 --> Severity: Warning --> Invalid argument supplied for foreach() /home/admin/domains/spshd.com/public_html/khachhang/application/views/app.php 161
ERROR - 2020-04-17 11:33:15 --> Severity: Warning --> Invalid argument supplied for foreach() /home/admin/domains/spshd.com/public_html/khachhang/application/views/app.php 172
ERROR - 2020-04-17 11:33:15 --> Could not find the language line "Đóng"
ERROR - 2020-04-17 11:33:15 --> Could not find the language line "Xác Nhận"
ERROR - 2020-04-17 11:33:15 --> Could not find the language line "Đóng"
ERROR - 2020-04-17 11:33:15 --> Could not find the language line "Xác Nhận"
ERROR - 2020-04-17 12:06:48 --> Could not find the language line "Tạo Điểm Lấy Hàng"
ERROR - 2020-04-17 12:06:48 --> Could not find the language line "Tạo Đơn Hàng"
ERROR - 2020-04-17 12:06:48 --> Could not find the language line "Đóng"
ERROR - 2020-04-17 12:06:48 --> Could not find the language line "Xác Nhận"
ERROR - 2020-04-17 12:06:48 --> Severity: Warning --> Invalid argument supplied for foreach() /home/admin/domains/spshd.com/public_html/khachhang/application/views/app.php 161
ERROR - 2020-04-17 12:06:48 --> Severity: Warning --> Invalid argument supplied for foreach() /home/admin/domains/spshd.com/public_html/khachhang/application/views/app.php 172
ERROR - 2020-04-17 12:06:48 --> Could not find the language line "Đóng"
ERROR - 2020-04-17 12:06:48 --> Could not find the language line "Xác Nhận"
ERROR - 2020-04-17 12:06:48 --> Could not find the language line "Đóng"
ERROR - 2020-04-17 12:06:48 --> Could not find the language line "Xác Nhận"
ERROR - 2020-04-17 12:06:49 --> Could not find the language line "Tạo Điểm Lấy Hàng"
ERROR - 2020-04-17 12:06:49 --> Could not find the language line "Tạo Đơn Hàng"
ERROR - 2020-04-17 12:06:49 --> Could not find the language line "Đóng"
ERROR - 2020-04-17 12:06:49 --> Could not find the language line "Xác Nhận"
ERROR - 2020-04-17 12:06:49 --> Severity: Warning --> Invalid argument supplied for foreach() /home/admin/domains/spshd.com/public_html/khachhang/application/views/app.php 161
ERROR - 2020-04-17 12:06:49 --> Severity: Warning --> Invalid argument supplied for foreach() /home/admin/domains/spshd.com/public_html/khachhang/application/views/app.php 172
ERROR - 2020-04-17 12:06:49 --> Could not find the language line "Đóng"
ERROR - 2020-04-17 12:06:49 --> Could not find the language line "Xác Nhận"
ERROR - 2020-04-17 12:06:49 --> Could not find the language line "Đóng"
ERROR - 2020-04-17 12:06:49 --> Could not find the language line "Xác Nhận"
ERROR - 2020-04-17 12:31:25 --> Could not find the language line "Tạo Điểm Lấy Hàng"
ERROR - 2020-04-17 12:31:25 --> Could not find the language line "Tạo Đơn Hàng"
ERROR - 2020-04-17 12:31:25 --> Could not find the language line "Đóng"
ERROR - 2020-04-17 12:31:25 --> Could not find the language line "Xác Nhận"
ERROR - 2020-04-17 12:31:25 --> Severity: Warning --> Invalid argument supplied for foreach() /home/admin/domains/spshd.com/public_html/khachhang/application/views/app.php 161
ERROR - 2020-04-17 12:31:25 --> Severity: Warning --> Invalid argument supplied for foreach() /home/admin/domains/spshd.com/public_html/khachhang/application/views/app.php 172
ERROR - 2020-04-17 12:31:25 --> Could not find the language line "Đóng"
ERROR - 2020-04-17 12:31:25 --> Could not find the language line "Xác Nhận"
ERROR - 2020-04-17 12:31:25 --> Could not find the language line "Đóng"
ERROR - 2020-04-17 12:31:25 --> Could not find the language line "Xác Nhận"
ERROR - 2020-04-17 13:00:53 --> Could not find the language line "Tạo Điểm Lấy Hàng"
ERROR - 2020-04-17 13:00:53 --> Could not find the language line "Tạo Đơn Hàng"
ERROR - 2020-04-17 13:00:53 --> Could not find the language line "Đóng"
ERROR - 2020-04-17 13:00:53 --> Could not find the language line "Xác Nhận"
ERROR - 2020-04-17 13:00:53 --> Severity: Warning --> Invalid argument supplied for foreach() /home/admin/domains/spshd.com/public_html/khachhang/application/views/app.php 161
ERROR - 2020-04-17 13:00:53 --> Severity: Warning --> Invalid argument supplied for foreach() /home/admin/domains/spshd.com/public_html/khachhang/application/views/app.php 172
ERROR - 2020-04-17 13:00:53 --> Could not find the language line "Đóng"
ERROR - 2020-04-17 13:00:53 --> Could not find the language line "Xác Nhận"
ERROR - 2020-04-17 13:00:53 --> Could not find the language line "Đóng"
ERROR - 2020-04-17 13:00:53 --> Could not find the language line "Xác Nhận"
ERROR - 2020-04-17 13:00:53 --> Could not find the language line "Tạo Điểm Lấy Hàng"
ERROR - 2020-04-17 13:00:53 --> Could not find the language line "Tạo Đơn Hàng"
ERROR - 2020-04-17 13:00:53 --> Could not find the language line "Đóng"
ERROR - 2020-04-17 13:00:53 --> Could not find the language line "Xác Nhận"
ERROR - 2020-04-17 13:00:53 --> Severity: Warning --> Invalid argument supplied for foreach() /home/admin/domains/spshd.com/public_html/khachhang/application/views/app.php 161
ERROR - 2020-04-17 13:00:53 --> Severity: Warning --> Invalid argument supplied for foreach() /home/admin/domains/spshd.com/public_html/khachhang/application/views/app.php 172
ERROR - 2020-04-17 13:00:53 --> Could not find the language line "Đóng"
ERROR - 2020-04-17 13:00:53 --> Could not find the language line "Xác Nhận"
ERROR - 2020-04-17 13:00:53 --> Could not find the language line "Đóng"
ERROR - 2020-04-17 13:00:53 --> Could not find the language line "Xác Nhận"
ERROR - 2020-04-17 13:52:08 --> Could not find the language line "Tạo Điểm Lấy Hàng"
ERROR - 2020-04-17 13:52:08 --> Could not find the language line "Tạo Đơn Hàng"
ERROR - 2020-04-17 13:52:08 --> Could not find the language line "Đóng"
ERROR - 2020-04-17 13:52:08 --> Could not find the language line "Xác Nhận"
ERROR - 2020-04-17 13:52:08 --> Severity: Warning --> Invalid argument supplied for foreach() /home/admin/domains/spshd.com/public_html/khachhang/application/views/app.php 161
ERROR - 2020-04-17 13:52:08 --> Severity: Warning --> Invalid argument supplied for foreach() /home/admin/domains/spshd.com/public_html/khachhang/application/views/app.php 172
ERROR - 2020-04-17 13:52:08 --> Could not find the language line "Đóng"
ERROR - 2020-04-17 13:52:08 --> Could not find the language line "Xác Nhận"
ERROR - 2020-04-17 13:52:08 --> Could not find the language line "Đóng"
ERROR - 2020-04-17 13:52:08 --> Could not find the language line "Xác Nhận"
ERROR - 2020-04-17 13:58:37 --> Could not find the language line "Tạo Điểm Lấy Hàng"
ERROR - 2020-04-17 13:58:37 --> Could not find the language line "Tạo Đơn Hàng"
ERROR - 2020-04-17 13:58:37 --> Could not find the language line "Đóng"
ERROR - 2020-04-17 13:58:37 --> Could not find the language line "Xác Nhận"
ERROR - 2020-04-17 13:58:37 --> Severity: Warning --> Invalid argument supplied for foreach() /home/admin/domains/spshd.com/public_html/khachhang/application/views/app.php 161
ERROR - 2020-04-17 13:58:37 --> Severity: Warning --> Invalid argument supplied for foreach() /home/admin/domains/spshd.com/public_html/khachhang/application/views/app.php 172
ERROR - 2020-04-17 13:58:37 --> Could not find the language line "Đóng"
ERROR - 2020-04-17 13:58:37 --> Could not find the language line "Xác Nhận"
ERROR - 2020-04-17 13:58:37 --> Could not find the language line "Đóng"
ERROR - 2020-04-17 13:58:37 --> Could not find the language line "Xác Nhận"
ERROR - 2020-04-17 14:22:06 --> Could not find the language line "Tạo Điểm Lấy Hàng"
ERROR - 2020-04-17 14:22:06 --> Could not find the language line "Tạo Đơn Hàng"
ERROR - 2020-04-17 14:22:06 --> Could not find the language line "Đóng"
ERROR - 2020-04-17 14:22:06 --> Could not find the language line "Xác Nhận"
ERROR - 2020-04-17 14:22:06 --> Severity: Warning --> Invalid argument supplied for foreach() /home/admin/domains/spshd.com/public_html/khachhang/application/views/app.php 161
ERROR - 2020-04-17 14:22:06 --> Severity: Warning --> Invalid argument supplied for foreach() /home/admin/domains/spshd.com/public_html/khachhang/application/views/app.php 172
ERROR - 2020-04-17 14:22:06 --> Could not find the language line "Đóng"
ERROR - 2020-04-17 14:22:06 --> Could not find the language line "Xác Nhận"
ERROR - 2020-04-17 14:22:06 --> Could not find the language line "Đóng"
ERROR - 2020-04-17 14:22:06 --> Could not find the language line "Xác Nhận"
ERROR - 2020-04-17 09:13:38 --> Could not find the language line "Email"
ERROR - 2020-04-17 09:13:38 --> Could not find the language line "password"
ERROR - 2020-04-17 15:41:55 --> Could not find the language line "Tạo Điểm Lấy Hàng"
ERROR - 2020-04-17 15:41:55 --> Could not find the language line "Tạo Đơn Hàng"
ERROR - 2020-04-17 15:41:55 --> Could not find the language line "Đóng"
ERROR - 2020-04-17 15:41:55 --> Could not find the language line "Xác Nhận"
ERROR - 2020-04-17 15:41:55 --> Severity: Warning --> Invalid argument supplied for foreach() /home/admin/domains/spshd.com/public_html/khachhang/application/views/app.php 161
ERROR - 2020-04-17 15:41:55 --> Severity: Warning --> Invalid argument supplied for foreach() /home/admin/domains/spshd.com/public_html/khachhang/application/views/app.php 172
ERROR - 2020-04-17 15:41:55 --> Could not find the language line "Đóng"
ERROR - 2020-04-17 15:41:55 --> Could not find the language line "Xác Nhận"
ERROR - 2020-04-17 15:41:55 --> Could not find the language line "Đóng"
ERROR - 2020-04-17 15:41:55 --> Could not find the language line "Xác Nhận"
ERROR - 2020-04-17 15:42:01 --> Could not find the language line "Tạo Điểm Lấy Hàng"
ERROR - 2020-04-17 15:42:01 --> Could not find the language line "Tạo Đơn Hàng"
ERROR - 2020-04-17 15:42:01 --> Could not find the language line "Đóng"
ERROR - 2020-04-17 15:42:01 --> Could not find the language line "Xác Nhận"
ERROR - 2020-04-17 15:42:01 --> Severity: Warning --> Invalid argument supplied for foreach() /home/admin/domains/spshd.com/public_html/khachhang/application/views/app.php 161
ERROR - 2020-04-17 15:42:01 --> Severity: Warning --> Invalid argument supplied for foreach() /home/admin/domains/spshd.com/public_html/khachhang/application/views/app.php 172
ERROR - 2020-04-17 15:42:01 --> Could not find the language line "Đóng"
ERROR - 2020-04-17 15:42:01 --> Could not find the language line "Xác Nhận"
ERROR - 2020-04-17 15:42:01 --> Could not find the language line "Đóng"
ERROR - 2020-04-17 15:42:01 --> Could not find the language line "Xác Nhận"
ERROR - 2020-04-17 15:46:09 --> Could not find the language line "Tạo Điểm Lấy Hàng"
ERROR - 2020-04-17 15:46:09 --> Could not find the language line "Tạo Đơn Hàng"
ERROR - 2020-04-17 15:46:09 --> Could not find the language line "Đóng"
ERROR - 2020-04-17 15:46:09 --> Could not find the language line "Xác Nhận"
ERROR - 2020-04-17 15:46:09 --> Severity: Warning --> Invalid argument supplied for foreach() /home/admin/domains/spshd.com/public_html/khachhang/application/views/app.php 161
ERROR - 2020-04-17 15:46:09 --> Severity: Warning --> Invalid argument supplied for foreach() /home/admin/domains/spshd.com/public_html/khachhang/application/views/app.php 172
ERROR - 2020-04-17 15:46:09 --> Could not find the language line "Đóng"
ERROR - 2020-04-17 15:46:09 --> Could not find the language line "Xác Nhận"
ERROR - 2020-04-17 15:46:09 --> Could not find the language line "Đóng"
ERROR - 2020-04-17 15:46:09 --> Could not find the language line "Xác Nhận"
ERROR - 2020-04-17 09:46:20 --> Could not find the language line "Email"
ERROR - 2020-04-17 09:46:20 --> Could not find the language line "password"
ERROR - 2020-04-17 15:54:56 --> Could not find the language line "Tạo Điểm Lấy Hàng"
ERROR - 2020-04-17 15:54:56 --> Could not find the language line "Tạo Đơn Hàng"
ERROR - 2020-04-17 15:54:56 --> Could not find the language line "Đóng"
ERROR - 2020-04-17 15:54:56 --> Could not find the language line "Xác Nhận"
ERROR - 2020-04-17 15:54:56 --> Severity: Warning --> Invalid argument supplied for foreach() /home/admin/domains/spshd.com/public_html/khachhang/application/views/app.php 161
ERROR - 2020-04-17 15:54:56 --> Severity: Warning --> Invalid argument supplied for foreach() /home/admin/domains/spshd.com/public_html/khachhang/application/views/app.php 172
ERROR - 2020-04-17 15:54:56 --> Could not find the language line "Đóng"
ERROR - 2020-04-17 15:54:56 --> Could not find the language line "Xác Nhận"
ERROR - 2020-04-17 15:54:56 --> Could not find the language line "Đóng"
ERROR - 2020-04-17 15:54:56 --> Could not find the language line "Xác Nhận"
ERROR - 2020-04-17 16:22:54 --> Could not find the language line "Tạo Điểm Lấy Hàng"
ERROR - 2020-04-17 16:22:54 --> Could not find the language line "Tạo Đơn Hàng"
ERROR - 2020-04-17 16:22:54 --> Could not find the language line "Đóng"
ERROR - 2020-04-17 16:22:54 --> Could not find the language line "Xác Nhận"
ERROR - 2020-04-17 16:22:54 --> Severity: Warning --> Invalid argument supplied for foreach() /home/admin/domains/spshd.com/public_html/khachhang/application/views/app.php 161
ERROR - 2020-04-17 16:22:54 --> Severity: Warning --> Invalid argument supplied for foreach() /home/admin/domains/spshd.com/public_html/khachhang/application/views/app.php 172
ERROR - 2020-04-17 16:22:54 --> Could not find the language line "Đóng"
ERROR - 2020-04-17 16:22:54 --> Could not find the language line "Xác Nhận"
ERROR - 2020-04-17 16:22:54 --> Could not find the language line "Đóng"
ERROR - 2020-04-17 16:22:54 --> Could not find the language line "Xác Nhận"
ERROR - 2020-04-17 16:32:03 --> Could not find the language line "Tạo Điểm Lấy Hàng"
ERROR - 2020-04-17 16:32:03 --> Could not find the language line "Tạo Đơn Hàng"
ERROR - 2020-04-17 16:32:03 --> Could not find the language line "Đóng"
ERROR - 2020-04-17 16:32:03 --> Could not find the language line "Xác Nhận"
ERROR - 2020-04-17 16:32:03 --> Severity: Warning --> Invalid argument supplied for foreach() /home/admin/domains/spshd.com/public_html/khachhang/application/views/app.php 161
ERROR - 2020-04-17 16:32:03 --> Severity: Warning --> Invalid argument supplied for foreach() /home/admin/domains/spshd.com/public_html/khachhang/application/views/app.php 172
ERROR - 2020-04-17 16:32:03 --> Could not find the language line "Đóng"
ERROR - 2020-04-17 16:32:03 --> Could not find the language line "Xác Nhận"
ERROR - 2020-04-17 16:32:03 --> Could not find the language line "Đóng"
ERROR - 2020-04-17 16:32:03 --> Could not find the language line "Xác Nhận"
ERROR - 2020-04-17 16:32:03 --> Could not find the language line "Tạo Điểm Lấy Hàng"
ERROR - 2020-04-17 16:32:03 --> Could not find the language line "Tạo Đơn Hàng"
ERROR - 2020-04-17 16:32:03 --> Could not find the language line "Đóng"
ERROR - 2020-04-17 16:32:03 --> Could not find the language line "Xác Nhận"
ERROR - 2020-04-17 16:32:03 --> Severity: Warning --> Invalid argument supplied for foreach() /home/admin/domains/spshd.com/public_html/khachhang/application/views/app.php 161
ERROR - 2020-04-17 16:32:03 --> Severity: Warning --> Invalid argument supplied for foreach() /home/admin/domains/spshd.com/public_html/khachhang/application/views/app.php 172
ERROR - 2020-04-17 16:32:03 --> Could not find the language line "Đóng"
ERROR - 2020-04-17 16:32:03 --> Could not find the language line "Xác Nhận"
ERROR - 2020-04-17 16:32:03 --> Could not find the language line "Đóng"
ERROR - 2020-04-17 16:32:03 --> Could not find the language line "Xác Nhận"
ERROR - 2020-04-17 16:55:08 --> Could not find the language line "Tạo Điểm Lấy Hàng"
ERROR - 2020-04-17 16:55:08 --> Could not find the language line "Tạo Đơn Hàng"
ERROR - 2020-04-17 16:55:08 --> Could not find the language line "Đóng"
ERROR - 2020-04-17 16:55:08 --> Could not find the language line "Xác Nhận"
ERROR - 2020-04-17 16:55:08 --> Severity: Warning --> Invalid argument supplied for foreach() /home/admin/domains/spshd.com/public_html/khachhang/application/views/app.php 161
ERROR - 2020-04-17 16:55:08 --> Severity: Warning --> Invalid argument supplied for foreach() /home/admin/domains/spshd.com/public_html/khachhang/application/views/app.php 172
ERROR - 2020-04-17 16:55:08 --> Could not find the language line "Đóng"
ERROR - 2020-04-17 16:55:08 --> Could not find the language line "Xác Nhận"
ERROR - 2020-04-17 16:55:08 --> Could not find the language line "Đóng"
ERROR - 2020-04-17 16:55:08 --> Could not find the language line "Xác Nhận"
ERROR - 2020-04-17 17:21:28 --> Could not find the language line "Tạo Điểm Lấy Hàng"
ERROR - 2020-04-17 17:21:28 --> Could not find the language line "Tạo Đơn Hàng"
ERROR - 2020-04-17 17:21:28 --> Could not find the language line "Đóng"
ERROR - 2020-04-17 17:21:28 --> Could not find the language line "Xác Nhận"
ERROR - 2020-04-17 17:21:28 --> Severity: Warning --> Invalid argument supplied for foreach() /home/admin/domains/spshd.com/public_html/khachhang/application/views/app.php 161
ERROR - 2020-04-17 17:21:28 --> Severity: Warning --> Invalid argument supplied for foreach() /home/admin/domains/spshd.com/public_html/khachhang/application/views/app.php 172
ERROR - 2020-04-17 17:21:28 --> Could not find the language line "Đóng"
ERROR - 2020-04-17 17:21:28 --> Could not find the language line "Xác Nhận"
ERROR - 2020-04-17 17:21:28 --> Could not find the language line "Đóng"
ERROR - 2020-04-17 17:21:28 --> Could not find the language line "Xác Nhận"
ERROR - 2020-04-17 17:36:31 --> Could not find the language line "Tạo Điểm Lấy Hàng"
ERROR - 2020-04-17 17:36:31 --> Could not find the language line "Tạo Đơn Hàng"
ERROR - 2020-04-17 17:36:31 --> Could not find the language line "Đóng"
ERROR - 2020-04-17 17:36:31 --> Could not find the language line "Xác Nhận"
ERROR - 2020-04-17 17:36:31 --> Severity: Warning --> Invalid argument supplied for foreach() /home/admin/domains/spshd.com/public_html/khachhang/application/views/app.php 161
ERROR - 2020-04-17 17:36:31 --> Severity: Warning --> Invalid argument supplied for foreach() /home/admin/domains/spshd.com/public_html/khachhang/application/views/app.php 172
ERROR - 2020-04-17 17:36:31 --> Could not find the language line "Đóng"
ERROR - 2020-04-17 17:36:31 --> Could not find the language line "Xác Nhận"
ERROR - 2020-04-17 17:36:31 --> Could not find the language line "Đóng"
ERROR - 2020-04-17 17:36:31 --> Could not find the language line "Xác Nhận"
ERROR - 2020-04-17 17:36:51 --> Could not find the language line "Tạo Điểm Lấy Hàng"
ERROR - 2020-04-17 17:36:51 --> Could not find the language line "Tạo Đơn Hàng"
ERROR - 2020-04-17 17:36:51 --> Could not find the language line "Đóng"
ERROR - 2020-04-17 17:36:51 --> Could not find the language line "Xác Nhận"
ERROR - 2020-04-17 17:36:51 --> Severity: Warning --> Invalid argument supplied for foreach() /home/admin/domains/spshd.com/public_html/khachhang/application/views/app.php 161
ERROR - 2020-04-17 17:36:51 --> Severity: Warning --> Invalid argument supplied for foreach() /home/admin/domains/spshd.com/public_html/khachhang/application/views/app.php 172
ERROR - 2020-04-17 17:36:51 --> Could not find the language line "Đóng"
ERROR - 2020-04-17 17:36:51 --> Could not find the language line "Xác Nhận"
ERROR - 2020-04-17 17:36:51 --> Could not find the language line "Đóng"
ERROR - 2020-04-17 17:36:51 --> Could not find the language line "Xác Nhận"
ERROR - 2020-04-17 12:48:04 --> Could not find the language line "Email"
ERROR - 2020-04-17 12:48:04 --> Could not find the language line "password"
ERROR - 2020-04-17 12:48:07 --> Could not find the language line "Email"
ERROR - 2020-04-17 12:48:07 --> Could not find the language line "password"
ERROR - 2020-04-17 18:48:17 --> Could not find the language line "Tạo Điểm Lấy Hàng"
ERROR - 2020-04-17 18:48:17 --> Could not find the language line "Tạo Đơn Hàng"
ERROR - 2020-04-17 18:48:17 --> Could not find the language line "Đóng"
ERROR - 2020-04-17 18:48:17 --> Could not find the language line "Xác Nhận"
ERROR - 2020-04-17 18:48:17 --> Severity: Warning --> Invalid argument supplied for foreach() /home/admin/domains/spshd.com/public_html/khachhang/application/views/app.php 161
ERROR - 2020-04-17 18:48:17 --> Severity: Warning --> Invalid argument supplied for foreach() /home/admin/domains/spshd.com/public_html/khachhang/application/views/app.php 172
ERROR - 2020-04-17 18:48:17 --> Could not find the language line "Đóng"
ERROR - 2020-04-17 18:48:17 --> Could not find the language line "Xác Nhận"
ERROR - 2020-04-17 18:48:17 --> Could not find the language line "Đóng"
ERROR - 2020-04-17 18:48:17 --> Could not find the language line "Xác Nhận"
ERROR - 2020-04-17 19:53:55 --> Could not find the language line "Tạo Điểm Lấy Hàng"
ERROR - 2020-04-17 19:53:55 --> Could not find the language line "Tạo Đơn Hàng"
ERROR - 2020-04-17 19:53:55 --> Could not find the language line "Đóng"
ERROR - 2020-04-17 19:53:55 --> Could not find the language line "Xác Nhận"
ERROR - 2020-04-17 19:53:55 --> Severity: Warning --> Invalid argument supplied for foreach() /home/admin/domains/spshd.com/public_html/khachhang/application/views/app.php 161
ERROR - 2020-04-17 19:53:55 --> Severity: Warning --> Invalid argument supplied for foreach() /home/admin/domains/spshd.com/public_html/khachhang/application/views/app.php 172
ERROR - 2020-04-17 19:53:55 --> Could not find the language line "Đóng"
ERROR - 2020-04-17 19:53:55 --> Could not find the language line "Xác Nhận"
ERROR - 2020-04-17 19:53:55 --> Could not find the language line "Đóng"
ERROR - 2020-04-17 19:53:55 --> Could not find the language line "Xác Nhận"
ERROR - 2020-04-17 19:53:55 --> Could not find the language line "Tạo Điểm Lấy Hàng"
ERROR - 2020-04-17 19:53:55 --> Could not find the language line "Tạo Đơn Hàng"
ERROR - 2020-04-17 19:53:55 --> Could not find the language line "Đóng"
ERROR - 2020-04-17 19:53:55 --> Could not find the language line "Xác Nhận"
ERROR - 2020-04-17 19:53:55 --> Severity: Warning --> Invalid argument supplied for foreach() /home/admin/domains/spshd.com/public_html/khachhang/application/views/app.php 161
ERROR - 2020-04-17 19:53:55 --> Severity: Warning --> Invalid argument supplied for foreach() /home/admin/domains/spshd.com/public_html/khachhang/application/views/app.php 172
ERROR - 2020-04-17 19:53:55 --> Could not find the language line "Đóng"
ERROR - 2020-04-17 19:53:55 --> Could not find the language line "Xác Nhận"
ERROR - 2020-04-17 19:53:55 --> Could not find the language line "Đóng"
ERROR - 2020-04-17 19:53:55 --> Could not find the language line "Xác Nhận"
ERROR - 2020-04-17 20:06:26 --> Could not find the language line "Tạo Điểm Lấy Hàng"
ERROR - 2020-04-17 20:06:26 --> Could not find the language line "Tạo Đơn Hàng"
ERROR - 2020-04-17 20:06:26 --> Could not find the language line "Đóng"
ERROR - 2020-04-17 20:06:26 --> Could not find the language line "Xác Nhận"
ERROR - 2020-04-17 20:06:26 --> Severity: Warning --> Invalid argument supplied for foreach() /home/admin/domains/spshd.com/public_html/khachhang/application/views/app.php 161
ERROR - 2020-04-17 20:06:26 --> Severity: Warning --> Invalid argument supplied for foreach() /home/admin/domains/spshd.com/public_html/khachhang/application/views/app.php 172
ERROR - 2020-04-17 20:06:26 --> Could not find the language line "Đóng"
ERROR - 2020-04-17 20:06:26 --> Could not find the language line "Xác Nhận"
ERROR - 2020-04-17 20:06:26 --> Could not find the language line "Đóng"
ERROR - 2020-04-17 20:06:26 --> Could not find the language line "Xác Nhận"
ERROR - 2020-04-17 20:17:39 --> Could not find the language line "Tạo Điểm Lấy Hàng"
ERROR - 2020-04-17 20:17:39 --> Could not find the language line "Tạo Đơn Hàng"
ERROR - 2020-04-17 20:17:39 --> Could not find the language line "Đóng"
ERROR - 2020-04-17 20:17:39 --> Could not find the language line "Xác Nhận"
ERROR - 2020-04-17 20:17:39 --> Severity: Warning --> Invalid argument supplied for foreach() /home/admin/domains/spshd.com/public_html/khachhang/application/views/app.php 161
ERROR - 2020-04-17 20:17:39 --> Severity: Warning --> Invalid argument supplied for foreach() /home/admin/domains/spshd.com/public_html/khachhang/application/views/app.php 172
ERROR - 2020-04-17 20:17:39 --> Could not find the language line "Đóng"
ERROR - 2020-04-17 20:17:39 --> Could not find the language line "Xác Nhận"
ERROR - 2020-04-17 20:17:39 --> Could not find the language line "Đóng"
ERROR - 2020-04-17 20:17:39 --> Could not find the language line "Xác Nhận"
ERROR - 2020-04-17 20:24:32 --> Could not find the language line "Tạo Điểm Lấy Hàng"
ERROR - 2020-04-17 20:24:32 --> Could not find the language line "Tạo Đơn Hàng"
ERROR - 2020-04-17 20:24:32 --> Could not find the language line "Đóng"
ERROR - 2020-04-17 20:24:32 --> Could not find the language line "Xác Nhận"
ERROR - 2020-04-17 20:24:32 --> Severity: Warning --> Invalid argument supplied for foreach() /home/admin/domains/spshd.com/public_html/khachhang/application/views/app.php 161
ERROR - 2020-04-17 20:24:32 --> Severity: Warning --> Invalid argument supplied for foreach() /home/admin/domains/spshd.com/public_html/khachhang/application/views/app.php 172
ERROR - 2020-04-17 20:24:32 --> Could not find the language line "Đóng"
ERROR - 2020-04-17 20:24:32 --> Could not find the language line "Xác Nhận"
ERROR - 2020-04-17 20:24:32 --> Could not find the language line "Đóng"
ERROR - 2020-04-17 20:24:32 --> Could not find the language line "Xác Nhận"
ERROR - 2020-04-17 20:40:05 --> Could not find the language line "Tạo Điểm Lấy Hàng"
ERROR - 2020-04-17 20:40:05 --> Could not find the language line "Tạo Đơn Hàng"
ERROR - 2020-04-17 20:40:05 --> Could not find the language line "Đóng"
ERROR - 2020-04-17 20:40:05 --> Could not find the language line "Xác Nhận"
ERROR - 2020-04-17 20:40:05 --> Severity: Warning --> Invalid argument supplied for foreach() /home/admin/domains/spshd.com/public_html/khachhang/application/views/app.php 161
ERROR - 2020-04-17 20:40:05 --> Severity: Warning --> Invalid argument supplied for foreach() /home/admin/domains/spshd.com/public_html/khachhang/application/views/app.php 172
ERROR - 2020-04-17 20:40:05 --> Could not find the language line "Đóng"
ERROR - 2020-04-17 20:40:05 --> Could not find the language line "Xác Nhận"
ERROR - 2020-04-17 20:40:05 --> Could not find the language line "Đóng"
ERROR - 2020-04-17 20:40:05 --> Could not find the language line "Xác Nhận"
ERROR - 2020-04-17 21:13:54 --> Could not find the language line "Tạo Điểm Lấy Hàng"
ERROR - 2020-04-17 21:13:54 --> Could not find the language line "Tạo Đơn Hàng"
ERROR - 2020-04-17 21:13:54 --> Could not find the language line "Đóng"
ERROR - 2020-04-17 21:13:54 --> Could not find the language line "Xác Nhận"
ERROR - 2020-04-17 21:13:54 --> Severity: Warning --> Invalid argument supplied for foreach() /home/admin/domains/spshd.com/public_html/khachhang/application/views/app.php 161
ERROR - 2020-04-17 21:13:54 --> Severity: Warning --> Invalid argument supplied for foreach() /home/admin/domains/spshd.com/public_html/khachhang/application/views/app.php 172
ERROR - 2020-04-17 21:13:54 --> Could not find the language line "Đóng"
ERROR - 2020-04-17 21:13:54 --> Could not find the language line "Xác Nhận"
ERROR - 2020-04-17 21:13:54 --> Could not find the language line "Đóng"
ERROR - 2020-04-17 21:13:54 --> Could not find the language line "Xác Nhận"
ERROR - 2020-04-17 21:14:23 --> Could not find the language line "Tạo Điểm Lấy Hàng"
ERROR - 2020-04-17 21:14:23 --> Could not find the language line "Tạo Đơn Hàng"
ERROR - 2020-04-17 21:14:23 --> Could not find the language line "Đóng"
ERROR - 2020-04-17 21:14:23 --> Could not find the language line "Xác Nhận"
ERROR - 2020-04-17 21:14:23 --> Severity: Warning --> Invalid argument supplied for foreach() /home/admin/domains/spshd.com/public_html/khachhang/application/views/app.php 161
ERROR - 2020-04-17 21:14:23 --> Severity: Warning --> Invalid argument supplied for foreach() /home/admin/domains/spshd.com/public_html/khachhang/application/views/app.php 172
ERROR - 2020-04-17 21:14:23 --> Could not find the language line "Đóng"
ERROR - 2020-04-17 21:14:23 --> Could not find the language line "Xác Nhận"
ERROR - 2020-04-17 21:14:23 --> Could not find the language line "Đóng"
ERROR - 2020-04-17 21:14:23 --> Could not find the language line "Xác Nhận"
ERROR - 2020-04-17 21:15:10 --> Could not find the language line "Tạo Điểm Lấy Hàng"
ERROR - 2020-04-17 21:15:10 --> Could not find the language line "Tạo Đơn Hàng"
ERROR - 2020-04-17 21:15:10 --> Could not find the language line "Đóng"
ERROR - 2020-04-17 21:15:10 --> Could not find the language line "Xác Nhận"
ERROR - 2020-04-17 21:15:10 --> Severity: Warning --> Invalid argument supplied for foreach() /home/admin/domains/spshd.com/public_html/khachhang/application/views/app.php 161
ERROR - 2020-04-17 21:15:10 --> Severity: Warning --> Invalid argument supplied for foreach() /home/admin/domains/spshd.com/public_html/khachhang/application/views/app.php 172
ERROR - 2020-04-17 21:15:10 --> Could not find the language line "Đóng"
ERROR - 2020-04-17 21:15:10 --> Could not find the language line "Xác Nhận"
ERROR - 2020-04-17 21:15:10 --> Could not find the language line "Đóng"
ERROR - 2020-04-17 21:15:10 --> Could not find the language line "Xác Nhận"
ERROR - 2020-04-17 21:16:57 --> Could not find the language line "Tạo Điểm Lấy Hàng"
ERROR - 2020-04-17 21:16:57 --> Could not find the language line "Tạo Đơn Hàng"
ERROR - 2020-04-17 21:16:57 --> Could not find the language line "Đóng"
ERROR - 2020-04-17 21:16:57 --> Could not find the language line "Xác Nhận"
ERROR - 2020-04-17 21:16:57 --> Severity: Warning --> Invalid argument supplied for foreach() /home/admin/domains/spshd.com/public_html/khachhang/application/views/app.php 161
ERROR - 2020-04-17 21:16:57 --> Severity: Warning --> Invalid argument supplied for foreach() /home/admin/domains/spshd.com/public_html/khachhang/application/views/app.php 172
ERROR - 2020-04-17 21:16:57 --> Could not find the language line "Đóng"
ERROR - 2020-04-17 21:16:57 --> Could not find the language line "Xác Nhận"
ERROR - 2020-04-17 21:16:57 --> Could not find the language line "Đóng"
ERROR - 2020-04-17 21:16:57 --> Could not find the language line "Xác Nhận"
ERROR - 2020-04-17 15:17:23 --> Could not find the language line "Email"
ERROR - 2020-04-17 15:17:23 --> Could not find the language line "password"
ERROR - 2020-04-17 21:17:42 --> Could not find the language line "Tạo Điểm Lấy Hàng"
ERROR - 2020-04-17 21:17:42 --> Could not find the language line "Tạo Đơn Hàng"
ERROR - 2020-04-17 21:17:42 --> Could not find the language line "Đóng"
ERROR - 2020-04-17 21:17:42 --> Could not find the language line "Xác Nhận"
ERROR - 2020-04-17 21:17:42 --> Severity: Warning --> Invalid argument supplied for foreach() /home/admin/domains/spshd.com/public_html/khachhang/application/views/app.php 161
ERROR - 2020-04-17 21:17:42 --> Severity: Warning --> Invalid argument supplied for foreach() /home/admin/domains/spshd.com/public_html/khachhang/application/views/app.php 172
ERROR - 2020-04-17 21:17:42 --> Could not find the language line "Đóng"
ERROR - 2020-04-17 21:17:42 --> Could not find the language line "Xác Nhận"
ERROR - 2020-04-17 21:17:42 --> Could not find the language line "Đóng"
ERROR - 2020-04-17 21:17:42 --> Could not find the language line "Xác Nhận"
ERROR - 2020-04-17 15:22:19 --> Could not find the language line "Email"
ERROR - 2020-04-17 15:22:19 --> Could not find the language line "password"
ERROR - 2020-04-17 15:29:30 --> Could not find the language line "Email"
ERROR - 2020-04-17 15:29:30 --> Could not find the language line "password"
ERROR - 2020-04-17 21:29:46 --> Could not find the language line "Tạo Điểm Lấy Hàng"
ERROR - 2020-04-17 21:29:46 --> Could not find the language line "Tạo Đơn Hàng"
ERROR - 2020-04-17 21:29:46 --> Could not find the language line "Đóng"
ERROR - 2020-04-17 21:29:46 --> Could not find the language line "Xác Nhận"
ERROR - 2020-04-17 21:29:46 --> Severity: Warning --> Invalid argument supplied for foreach() /home/admin/domains/spshd.com/public_html/khachhang/application/views/app.php 161
ERROR - 2020-04-17 21:29:46 --> Severity: Warning --> Invalid argument supplied for foreach() /home/admin/domains/spshd.com/public_html/khachhang/application/views/app.php 172
ERROR - 2020-04-17 21:29:46 --> Could not find the language line "Đóng"
ERROR - 2020-04-17 21:29:46 --> Could not find the language line "Xác Nhận"
ERROR - 2020-04-17 21:29:46 --> Could not find the language line "Đóng"
ERROR - 2020-04-17 21:29:46 --> Could not find the language line "Xác Nhận"
ERROR - 2020-04-17 21:49:25 --> Could not find the language line "Tạo Điểm Lấy Hàng"
ERROR - 2020-04-17 21:49:25 --> Could not find the language line "Tạo Đơn Hàng"
ERROR - 2020-04-17 21:49:25 --> Could not find the language line "Đóng"
ERROR - 2020-04-17 21:49:25 --> Could not find the language line "Xác Nhận"
ERROR - 2020-04-17 21:49:25 --> Severity: Warning --> Invalid argument supplied for foreach() /home/admin/domains/spshd.com/public_html/khachhang/application/views/app.php 161
ERROR - 2020-04-17 21:49:25 --> Severity: Warning --> Invalid argument supplied for foreach() /home/admin/domains/spshd.com/public_html/khachhang/application/views/app.php 172
ERROR - 2020-04-17 21:49:25 --> Could not find the language line "Đóng"
ERROR - 2020-04-17 21:49:25 --> Could not find the language line "Xác Nhận"
ERROR - 2020-04-17 21:49:25 --> Could not find the language line "Đóng"
ERROR - 2020-04-17 21:49:25 --> Could not find the language line "Xác Nhận"
ERROR - 2020-04-17 21:53:37 --> Could not find the language line "Tạo Điểm Lấy Hàng"
ERROR - 2020-04-17 21:53:37 --> Could not find the language line "Tạo Đơn Hàng"
ERROR - 2020-04-17 21:53:37 --> Could not find the language line "Đóng"
ERROR - 2020-04-17 21:53:37 --> Could not find the language line "Xác Nhận"
ERROR - 2020-04-17 21:53:37 --> Severity: Warning --> Invalid argument supplied for foreach() /home/admin/domains/spshd.com/public_html/khachhang/application/views/app.php 161
ERROR - 2020-04-17 21:53:37 --> Severity: Warning --> Invalid argument supplied for foreach() /home/admin/domains/spshd.com/public_html/khachhang/application/views/app.php 172
ERROR - 2020-04-17 21:53:37 --> Could not find the language line "Đóng"
ERROR - 2020-04-17 21:53:37 --> Could not find the language line "Xác Nhận"
ERROR - 2020-04-17 21:53:37 --> Could not find the language line "Đóng"
ERROR - 2020-04-17 21:53:37 --> Could not find the language line "Xác Nhận"
ERROR - 2020-04-17 21:57:31 --> Could not find the language line "Tạo Điểm Lấy Hàng"
ERROR - 2020-04-17 21:57:31 --> Could not find the language line "Tạo Đơn Hàng"
ERROR - 2020-04-17 21:57:31 --> Could not find the language line "Đóng"
ERROR - 2020-04-17 21:57:31 --> Could not find the language line "Xác Nhận"
ERROR - 2020-04-17 21:57:31 --> Severity: Warning --> Invalid argument supplied for foreach() /home/admin/domains/spshd.com/public_html/khachhang/application/views/app.php 161
ERROR - 2020-04-17 21:57:31 --> Severity: Warning --> Invalid argument supplied for foreach() /home/admin/domains/spshd.com/public_html/khachhang/application/views/app.php 172
ERROR - 2020-04-17 21:57:31 --> Could not find the language line "Đóng"
ERROR - 2020-04-17 21:57:31 --> Could not find the language line "Xác Nhận"
ERROR - 2020-04-17 21:57:31 --> Could not find the language line "Đóng"
ERROR - 2020-04-17 21:57:31 --> Could not find the language line "Xác Nhận"
ERROR - 2020-04-17 16:05:33 --> Could not find the language line "Email"
ERROR - 2020-04-17 16:05:33 --> Could not find the language line "password"
ERROR - 2020-04-17 22:18:01 --> Could not find the language line "Tạo Điểm Lấy Hàng"
ERROR - 2020-04-17 22:18:01 --> Could not find the language line "Tạo Đơn Hàng"
ERROR - 2020-04-17 22:18:01 --> Could not find the language line "Đóng"
ERROR - 2020-04-17 22:18:01 --> Could not find the language line "Xác Nhận"
ERROR - 2020-04-17 22:18:01 --> Severity: Warning --> Invalid argument supplied for foreach() /home/admin/domains/spshd.com/public_html/khachhang/application/views/app.php 161
ERROR - 2020-04-17 22:18:01 --> Severity: Warning --> Invalid argument supplied for foreach() /home/admin/domains/spshd.com/public_html/khachhang/application/views/app.php 172
ERROR - 2020-04-17 22:18:01 --> Could not find the language line "Đóng"
ERROR - 2020-04-17 22:18:01 --> Could not find the language line "Xác Nhận"
ERROR - 2020-04-17 22:18:01 --> Could not find the language line "Đóng"
ERROR - 2020-04-17 22:18:01 --> Could not find the language line "Xác Nhận"
ERROR - 2020-04-17 22:22:40 --> Could not find the language line "Tạo Điểm Lấy Hàng"
ERROR - 2020-04-17 22:22:40 --> Could not find the language line "Tạo Đơn Hàng"
ERROR - 2020-04-17 22:22:40 --> Could not find the language line "Đóng"
ERROR - 2020-04-17 22:22:40 --> Could not find the language line "Xác Nhận"
ERROR - 2020-04-17 22:22:40 --> Severity: Warning --> Invalid argument supplied for foreach() /home/admin/domains/spshd.com/public_html/khachhang/application/views/app.php 161
ERROR - 2020-04-17 22:22:40 --> Severity: Warning --> Invalid argument supplied for foreach() /home/admin/domains/spshd.com/public_html/khachhang/application/views/app.php 172
ERROR - 2020-04-17 22:22:40 --> Could not find the language line "Đóng"
ERROR - 2020-04-17 22:22:40 --> Could not find the language line "Xác Nhận"
ERROR - 2020-04-17 22:22:40 --> Could not find the language line "Đóng"
ERROR - 2020-04-17 22:22:40 --> Could not find the language line "Xác Nhận"
ERROR - 2020-04-17 22:50:52 --> Could not find the language line "Tạo Điểm Lấy Hàng"
ERROR - 2020-04-17 22:50:52 --> Could not find the language line "Tạo Đơn Hàng"
ERROR - 2020-04-17 22:50:52 --> Could not find the language line "Đóng"
ERROR - 2020-04-17 22:50:52 --> Could not find the language line "Xác Nhận"
ERROR - 2020-04-17 22:50:52 --> Severity: Warning --> Invalid argument supplied for foreach() /home/admin/domains/spshd.com/public_html/khachhang/application/views/app.php 161
ERROR - 2020-04-17 22:50:52 --> Severity: Warning --> Invalid argument supplied for foreach() /home/admin/domains/spshd.com/public_html/khachhang/application/views/app.php 172
ERROR - 2020-04-17 22:50:52 --> Could not find the language line "Đóng"
ERROR - 2020-04-17 22:50:52 --> Could not find the language line "Xác Nhận"
ERROR - 2020-04-17 22:50:52 --> Could not find the language line "Đóng"
ERROR - 2020-04-17 22:50:52 --> Could not find the language line "Xác Nhận"
ERROR - 2020-04-17 23:11:04 --> Could not find the language line "Tạo Điểm Lấy Hàng"
ERROR - 2020-04-17 23:11:04 --> Could not find the language line "Tạo Đơn Hàng"
ERROR - 2020-04-17 23:11:04 --> Could not find the language line "Đóng"
ERROR - 2020-04-17 23:11:04 --> Could not find the language line "Xác Nhận"
ERROR - 2020-04-17 23:11:04 --> Severity: Warning --> Invalid argument supplied for foreach() /home/admin/domains/spshd.com/public_html/khachhang/application/views/app.php 161
ERROR - 2020-04-17 23:11:04 --> Severity: Warning --> Invalid argument supplied for foreach() /home/admin/domains/spshd.com/public_html/khachhang/application/views/app.php 172
ERROR - 2020-04-17 23:11:04 --> Could not find the language line "Đóng"
ERROR - 2020-04-17 23:11:04 --> Could not find the language line "Xác Nhận"
ERROR - 2020-04-17 23:11:04 --> Could not find the language line "Đóng"
ERROR - 2020-04-17 23:11:04 --> Could not find the language line "Xác Nhận"
ERROR - 2020-04-17 23:35:00 --> Could not find the language line "Tạo Điểm Lấy Hàng"
ERROR - 2020-04-17 23:35:00 --> Could not find the language line "Tạo Đơn Hàng"
ERROR - 2020-04-17 23:35:00 --> Could not find the language line "Đóng"
ERROR - 2020-04-17 23:35:00 --> Could not find the language line "Xác Nhận"
ERROR - 2020-04-17 23:35:00 --> Severity: Warning --> Invalid argument supplied for foreach() /home/admin/domains/spshd.com/public_html/khachhang/application/views/app.php 161
ERROR - 2020-04-17 23:35:00 --> Severity: Warning --> Invalid argument supplied for foreach() /home/admin/domains/spshd.com/public_html/khachhang/application/views/app.php 172
ERROR - 2020-04-17 23:35:00 --> Could not find the language line "Đóng"
ERROR - 2020-04-17 23:35:00 --> Could not find the language line "Xác Nhận"
ERROR - 2020-04-17 23:35:00 --> Could not find the language line "Đóng"
ERROR - 2020-04-17 23:35:00 --> Could not find the language line "Xác Nhận"
ERROR - 2020-04-17 23:35:00 --> Could not find the language line "Tạo Điểm Lấy Hàng"
ERROR - 2020-04-17 23:35:00 --> Could not find the language line "Tạo Đơn Hàng"
ERROR - 2020-04-17 23:35:00 --> Could not find the language line "Đóng"
ERROR - 2020-04-17 23:35:00 --> Could not find the language line "Xác Nhận"
ERROR - 2020-04-17 23:35:00 --> Severity: Warning --> Invalid argument supplied for foreach() /home/admin/domains/spshd.com/public_html/khachhang/application/views/app.php 161
ERROR - 2020-04-17 23:35:00 --> Severity: Warning --> Invalid argument supplied for foreach() /home/admin/domains/spshd.com/public_html/khachhang/application/views/app.php 172
ERROR - 2020-04-17 23:35:00 --> Could not find the language line "Đóng"
ERROR - 2020-04-17 23:35:00 --> Could not find the language line "Xác Nhận"
ERROR - 2020-04-17 23:35:00 --> Could not find the language line "Đóng"
ERROR - 2020-04-17 23:35:00 --> Could not find the language line "Xác Nhận"
ERROR - 2020-04-17 23:37:47 --> Could not find the language line "Tạo Điểm Lấy Hàng"
ERROR - 2020-04-17 23:37:47 --> Could not find the language line "Tạo Đơn Hàng"
ERROR - 2020-04-17 23:37:47 --> Could not find the language line "Đóng"
ERROR - 2020-04-17 23:37:47 --> Could not find the language line "Xác Nhận"
ERROR - 2020-04-17 23:37:47 --> Severity: Warning --> Invalid argument supplied for foreach() /home/admin/domains/spshd.com/public_html/khachhang/application/views/app.php 161
ERROR - 2020-04-17 23:37:47 --> Severity: Warning --> Invalid argument supplied for foreach() /home/admin/domains/spshd.com/public_html/khachhang/application/views/app.php 172
ERROR - 2020-04-17 23:37:47 --> Could not find the language line "Đóng"
ERROR - 2020-04-17 23:37:47 --> Could not find the language line "Xác Nhận"
ERROR - 2020-04-17 23:37:47 --> Could not find the language line "Đóng"
ERROR - 2020-04-17 23:37:47 --> Could not find the language line "Xác Nhận"
ERROR - 2020-04-17 23:45:08 --> Could not find the language line "Tạo Điểm Lấy Hàng"
ERROR - 2020-04-17 23:45:08 --> Could not find the language line "Tạo Đơn Hàng"
ERROR - 2020-04-17 23:45:08 --> Could not find the language line "Đóng"
ERROR - 2020-04-17 23:45:08 --> Could not find the language line "Xác Nhận"
ERROR - 2020-04-17 23:45:08 --> Severity: Warning --> Invalid argument supplied for foreach() /home/admin/domains/spshd.com/public_html/khachhang/application/views/app.php 161
ERROR - 2020-04-17 23:45:08 --> Severity: Warning --> Invalid argument supplied for foreach() /home/admin/domains/spshd.com/public_html/khachhang/application/views/app.php 172
ERROR - 2020-04-17 23:45:08 --> Could not find the language line "Đóng"
ERROR - 2020-04-17 23:45:08 --> Could not find the language line "Xác Nhận"
ERROR - 2020-04-17 23:45:08 --> Could not find the language line "Đóng"
ERROR - 2020-04-17 23:45:08 --> Could not find the language line "Xác Nhận"
