ERROR - 2020-05-02 00:17:01 --> Could not find the language line "Tạo Điểm Lấy Hàng"
ERROR - 2020-05-02 00:17:01 --> Could not find the language line "Tạo Đơn Hàng"
ERROR - 2020-05-02 00:17:01 --> Could not find the language line "Tải Excel"
ERROR - 2020-05-02 00:17:01 --> Could not find the language line "Đóng"
ERROR - 2020-05-02 00:17:01 --> Could not find the language line "Xác Nhận"
ERROR - 2020-05-02 00:17:01 --> Severity: Warning --> Invalid argument supplied for foreach() /home/admin/domains/spshd.com/public_html/khachhang/application/views/app.php 161
ERROR - 2020-05-02 00:17:01 --> Severity: Warning --> Invalid argument supplied for foreach() /home/admin/domains/spshd.com/public_html/khachhang/application/views/app.php 172
ERROR - 2020-05-02 00:17:01 --> Could not find the language line "Đóng"
ERROR - 2020-05-02 00:17:01 --> Could not find the language line "Xác Nhận"
ERROR - 2020-05-02 00:17:01 --> Could not find the language line "Đóng"
ERROR - 2020-05-02 00:17:01 --> Could not find the language line "Xác Nhận"
ERROR - 2020-05-02 00:17:01 --> Could not find the language line "Đóng"
ERROR - 2020-05-02 00:17:01 --> Could not find the language line "Tải"
ERROR - 2020-05-02 07:05:42 --> Could not find the language line "Tạo Điểm Lấy Hàng"
ERROR - 2020-05-02 07:05:42 --> Could not find the language line "Tạo Đơn Hàng"
ERROR - 2020-05-02 07:05:42 --> Could not find the language line "Tải Excel"
ERROR - 2020-05-02 07:05:42 --> Could not find the language line "Đóng"
ERROR - 2020-05-02 07:05:42 --> Could not find the language line "Xác Nhận"
ERROR - 2020-05-02 07:05:42 --> Severity: Warning --> Invalid argument supplied for foreach() /home/admin/domains/spshd.com/public_html/khachhang/application/views/app.php 161
ERROR - 2020-05-02 07:05:42 --> Severity: Warning --> Invalid argument supplied for foreach() /home/admin/domains/spshd.com/public_html/khachhang/application/views/app.php 172
ERROR - 2020-05-02 07:05:42 --> Could not find the language line "Đóng"
ERROR - 2020-05-02 07:05:42 --> Could not find the language line "Xác Nhận"
ERROR - 2020-05-02 07:05:42 --> Could not find the language line "Đóng"
ERROR - 2020-05-02 07:05:42 --> Could not find the language line "Xác Nhận"
ERROR - 2020-05-02 07:05:42 --> Could not find the language line "Đóng"
ERROR - 2020-05-02 07:05:42 --> Could not find the language line "Tải"
ERROR - 2020-05-02 07:22:11 --> Could not find the language line "Tạo Điểm Lấy Hàng"
ERROR - 2020-05-02 07:22:11 --> Could not find the language line "Tạo Đơn Hàng"
ERROR - 2020-05-02 07:22:11 --> Could not find the language line "Tải Excel"
ERROR - 2020-05-02 07:22:11 --> Could not find the language line "Đóng"
ERROR - 2020-05-02 07:22:11 --> Could not find the language line "Xác Nhận"
ERROR - 2020-05-02 07:22:11 --> Severity: Warning --> Invalid argument supplied for foreach() /home/admin/domains/spshd.com/public_html/khachhang/application/views/app.php 161
ERROR - 2020-05-02 07:22:11 --> Severity: Warning --> Invalid argument supplied for foreach() /home/admin/domains/spshd.com/public_html/khachhang/application/views/app.php 172
ERROR - 2020-05-02 07:22:11 --> Could not find the language line "Đóng"
ERROR - 2020-05-02 07:22:11 --> Could not find the language line "Xác Nhận"
ERROR - 2020-05-02 07:22:11 --> Could not find the language line "Đóng"
ERROR - 2020-05-02 07:22:11 --> Could not find the language line "Xác Nhận"
ERROR - 2020-05-02 07:22:11 --> Could not find the language line "Đóng"
ERROR - 2020-05-02 07:22:11 --> Could not find the language line "Tải"
ERROR - 2020-05-02 07:56:43 --> Could not find the language line "Tạo Điểm Lấy Hàng"
ERROR - 2020-05-02 07:56:43 --> Could not find the language line "Tạo Đơn Hàng"
ERROR - 2020-05-02 07:56:43 --> Could not find the language line "Tải Excel"
ERROR - 2020-05-02 07:56:43 --> Could not find the language line "Đóng"
ERROR - 2020-05-02 07:56:43 --> Could not find the language line "Xác Nhận"
ERROR - 2020-05-02 07:56:43 --> Severity: Warning --> Invalid argument supplied for foreach() /home/admin/domains/spshd.com/public_html/khachhang/application/views/app.php 161
ERROR - 2020-05-02 07:56:43 --> Severity: Warning --> Invalid argument supplied for foreach() /home/admin/domains/spshd.com/public_html/khachhang/application/views/app.php 172
ERROR - 2020-05-02 07:56:43 --> Could not find the language line "Đóng"
ERROR - 2020-05-02 07:56:43 --> Could not find the language line "Xác Nhận"
ERROR - 2020-05-02 07:56:43 --> Could not find the language line "Đóng"
ERROR - 2020-05-02 07:56:43 --> Could not find the language line "Xác Nhận"
ERROR - 2020-05-02 07:56:43 --> Could not find the language line "Đóng"
ERROR - 2020-05-02 07:56:43 --> Could not find the language line "Tải"
ERROR - 2020-05-02 08:31:13 --> Could not find the language line "Tạo Điểm Lấy Hàng"
ERROR - 2020-05-02 08:31:13 --> Could not find the language line "Tạo Đơn Hàng"
ERROR - 2020-05-02 08:31:13 --> Could not find the language line "Tải Excel"
ERROR - 2020-05-02 08:31:13 --> Could not find the language line "Đóng"
ERROR - 2020-05-02 08:31:13 --> Could not find the language line "Xác Nhận"
ERROR - 2020-05-02 08:31:13 --> Severity: Warning --> Invalid argument supplied for foreach() /home/admin/domains/spshd.com/public_html/khachhang/application/views/app.php 161
ERROR - 2020-05-02 08:31:13 --> Severity: Warning --> Invalid argument supplied for foreach() /home/admin/domains/spshd.com/public_html/khachhang/application/views/app.php 172
ERROR - 2020-05-02 08:31:13 --> Could not find the language line "Đóng"
ERROR - 2020-05-02 08:31:13 --> Could not find the language line "Xác Nhận"
ERROR - 2020-05-02 08:31:13 --> Could not find the language line "Đóng"
ERROR - 2020-05-02 08:31:13 --> Could not find the language line "Xác Nhận"
ERROR - 2020-05-02 08:31:13 --> Could not find the language line "Đóng"
ERROR - 2020-05-02 08:31:13 --> Could not find the language line "Tải"
ERROR - 2020-05-02 09:51:15 --> Could not find the language line "Tạo Điểm Lấy Hàng"
ERROR - 2020-05-02 09:51:15 --> Could not find the language line "Tạo Đơn Hàng"
ERROR - 2020-05-02 09:51:15 --> Could not find the language line "Tải Excel"
ERROR - 2020-05-02 09:51:15 --> Could not find the language line "Đóng"
ERROR - 2020-05-02 09:51:15 --> Could not find the language line "Xác Nhận"
ERROR - 2020-05-02 09:51:15 --> Severity: Warning --> Invalid argument supplied for foreach() /home/admin/domains/spshd.com/public_html/khachhang/application/views/app.php 161
ERROR - 2020-05-02 09:51:15 --> Severity: Warning --> Invalid argument supplied for foreach() /home/admin/domains/spshd.com/public_html/khachhang/application/views/app.php 172
ERROR - 2020-05-02 09:51:15 --> Could not find the language line "Đóng"
ERROR - 2020-05-02 09:51:15 --> Could not find the language line "Xác Nhận"
ERROR - 2020-05-02 09:51:15 --> Could not find the language line "Đóng"
ERROR - 2020-05-02 09:51:15 --> Could not find the language line "Xác Nhận"
ERROR - 2020-05-02 09:51:15 --> Could not find the language line "Đóng"
ERROR - 2020-05-02 09:51:15 --> Could not find the language line "Tải"
ERROR - 2020-05-02 09:51:15 --> Could not find the language line "Tạo Điểm Lấy Hàng"
ERROR - 2020-05-02 09:51:15 --> Could not find the language line "Tạo Đơn Hàng"
ERROR - 2020-05-02 09:51:15 --> Could not find the language line "Tải Excel"
ERROR - 2020-05-02 09:51:15 --> Could not find the language line "Đóng"
ERROR - 2020-05-02 09:51:15 --> Could not find the language line "Xác Nhận"
ERROR - 2020-05-02 09:51:15 --> Severity: Warning --> Invalid argument supplied for foreach() /home/admin/domains/spshd.com/public_html/khachhang/application/views/app.php 161
ERROR - 2020-05-02 09:51:15 --> Severity: Warning --> Invalid argument supplied for foreach() /home/admin/domains/spshd.com/public_html/khachhang/application/views/app.php 172
ERROR - 2020-05-02 09:51:15 --> Could not find the language line "Đóng"
ERROR - 2020-05-02 09:51:15 --> Could not find the language line "Xác Nhận"
ERROR - 2020-05-02 09:51:15 --> Could not find the language line "Đóng"
ERROR - 2020-05-02 09:51:15 --> Could not find the language line "Xác Nhận"
ERROR - 2020-05-02 09:51:15 --> Could not find the language line "Đóng"
ERROR - 2020-05-02 09:51:15 --> Could not find the language line "Tải"
ERROR - 2020-05-02 10:06:11 --> Could not find the language line "Tạo Điểm Lấy Hàng"
ERROR - 2020-05-02 10:06:11 --> Could not find the language line "Tạo Đơn Hàng"
ERROR - 2020-05-02 10:06:11 --> Could not find the language line "Tải Excel"
ERROR - 2020-05-02 10:06:11 --> Could not find the language line "Đóng"
ERROR - 2020-05-02 10:06:11 --> Could not find the language line "Xác Nhận"
ERROR - 2020-05-02 10:06:11 --> Severity: Warning --> Invalid argument supplied for foreach() /home/admin/domains/spshd.com/public_html/khachhang/application/views/app.php 161
ERROR - 2020-05-02 10:06:11 --> Severity: Warning --> Invalid argument supplied for foreach() /home/admin/domains/spshd.com/public_html/khachhang/application/views/app.php 172
ERROR - 2020-05-02 10:06:11 --> Could not find the language line "Đóng"
ERROR - 2020-05-02 10:06:11 --> Could not find the language line "Xác Nhận"
ERROR - 2020-05-02 10:06:11 --> Could not find the language line "Đóng"
ERROR - 2020-05-02 10:06:11 --> Could not find the language line "Xác Nhận"
ERROR - 2020-05-02 10:06:11 --> Could not find the language line "Đóng"
ERROR - 2020-05-02 10:06:11 --> Could not find the language line "Tải"
ERROR - 2020-05-02 10:40:43 --> Could not find the language line "Tạo Điểm Lấy Hàng"
ERROR - 2020-05-02 10:40:43 --> Could not find the language line "Tạo Đơn Hàng"
ERROR - 2020-05-02 10:40:43 --> Could not find the language line "Tải Excel"
ERROR - 2020-05-02 10:40:43 --> Could not find the language line "Đóng"
ERROR - 2020-05-02 10:40:43 --> Could not find the language line "Xác Nhận"
ERROR - 2020-05-02 10:40:43 --> Severity: Warning --> Invalid argument supplied for foreach() /home/admin/domains/spshd.com/public_html/khachhang/application/views/app.php 161
ERROR - 2020-05-02 10:40:43 --> Severity: Warning --> Invalid argument supplied for foreach() /home/admin/domains/spshd.com/public_html/khachhang/application/views/app.php 172
ERROR - 2020-05-02 10:40:43 --> Could not find the language line "Đóng"
ERROR - 2020-05-02 10:40:43 --> Could not find the language line "Xác Nhận"
ERROR - 2020-05-02 10:40:43 --> Could not find the language line "Đóng"
ERROR - 2020-05-02 10:40:43 --> Could not find the language line "Xác Nhận"
ERROR - 2020-05-02 10:40:43 --> Could not find the language line "Đóng"
ERROR - 2020-05-02 10:40:43 --> Could not find the language line "Tải"
ERROR - 2020-05-02 11:51:41 --> Could not find the language line "Tạo Điểm Lấy Hàng"
ERROR - 2020-05-02 11:51:41 --> Could not find the language line "Tạo Đơn Hàng"
ERROR - 2020-05-02 11:51:41 --> Could not find the language line "Tải Excel"
ERROR - 2020-05-02 11:51:41 --> Could not find the language line "Đóng"
ERROR - 2020-05-02 11:51:41 --> Could not find the language line "Xác Nhận"
ERROR - 2020-05-02 11:51:41 --> Severity: Warning --> Invalid argument supplied for foreach() /home/admin/domains/spshd.com/public_html/khachhang/application/views/app.php 161
ERROR - 2020-05-02 11:51:41 --> Severity: Warning --> Invalid argument supplied for foreach() /home/admin/domains/spshd.com/public_html/khachhang/application/views/app.php 172
ERROR - 2020-05-02 11:51:41 --> Could not find the language line "Đóng"
ERROR - 2020-05-02 11:51:41 --> Could not find the language line "Xác Nhận"
ERROR - 2020-05-02 11:51:41 --> Could not find the language line "Đóng"
ERROR - 2020-05-02 11:51:41 --> Could not find the language line "Xác Nhận"
ERROR - 2020-05-02 11:51:41 --> Could not find the language line "Đóng"
ERROR - 2020-05-02 11:51:41 --> Could not find the language line "Tải"
ERROR - 2020-05-02 12:06:57 --> Could not find the language line "Tạo Điểm Lấy Hàng"
ERROR - 2020-05-02 12:06:57 --> Could not find the language line "Tạo Đơn Hàng"
ERROR - 2020-05-02 12:06:57 --> Could not find the language line "Tải Excel"
ERROR - 2020-05-02 12:06:57 --> Could not find the language line "Đóng"
ERROR - 2020-05-02 12:06:57 --> Could not find the language line "Xác Nhận"
ERROR - 2020-05-02 12:06:57 --> Severity: Warning --> Invalid argument supplied for foreach() /home/admin/domains/spshd.com/public_html/khachhang/application/views/app.php 161
ERROR - 2020-05-02 12:06:57 --> Severity: Warning --> Invalid argument supplied for foreach() /home/admin/domains/spshd.com/public_html/khachhang/application/views/app.php 172
ERROR - 2020-05-02 12:06:57 --> Could not find the language line "Đóng"
ERROR - 2020-05-02 12:06:57 --> Could not find the language line "Xác Nhận"
ERROR - 2020-05-02 12:06:57 --> Could not find the language line "Đóng"
ERROR - 2020-05-02 12:06:57 --> Could not find the language line "Xác Nhận"
ERROR - 2020-05-02 12:06:57 --> Could not find the language line "Tạo Điểm Lấy Hàng"
ERROR - 2020-05-02 12:06:57 --> Could not find the language line "Đóng"
ERROR - 2020-05-02 12:06:57 --> Could not find the language line "Tải"
ERROR - 2020-05-02 12:06:57 --> Could not find the language line "Tạo Đơn Hàng"
ERROR - 2020-05-02 12:06:57 --> Could not find the language line "Tải Excel"
ERROR - 2020-05-02 12:06:57 --> Could not find the language line "Đóng"
ERROR - 2020-05-02 12:06:57 --> Could not find the language line "Xác Nhận"
ERROR - 2020-05-02 12:06:57 --> Severity: Warning --> Invalid argument supplied for foreach() /home/admin/domains/spshd.com/public_html/khachhang/application/views/app.php 161
ERROR - 2020-05-02 12:06:57 --> Severity: Warning --> Invalid argument supplied for foreach() /home/admin/domains/spshd.com/public_html/khachhang/application/views/app.php 172
ERROR - 2020-05-02 12:06:57 --> Could not find the language line "Đóng"
ERROR - 2020-05-02 12:06:57 --> Could not find the language line "Xác Nhận"
ERROR - 2020-05-02 12:06:57 --> Could not find the language line "Đóng"
ERROR - 2020-05-02 12:06:57 --> Could not find the language line "Xác Nhận"
ERROR - 2020-05-02 12:06:57 --> Could not find the language line "Đóng"
ERROR - 2020-05-02 12:06:57 --> Could not find the language line "Tải"
ERROR - 2020-05-02 12:20:14 --> Could not find the language line "Tạo Điểm Lấy Hàng"
ERROR - 2020-05-02 12:20:14 --> Could not find the language line "Tạo Đơn Hàng"
ERROR - 2020-05-02 12:20:14 --> Could not find the language line "Tải Excel"
ERROR - 2020-05-02 12:20:14 --> Could not find the language line "Đóng"
ERROR - 2020-05-02 12:20:14 --> Could not find the language line "Xác Nhận"
ERROR - 2020-05-02 12:20:14 --> Severity: Warning --> Invalid argument supplied for foreach() /home/admin/domains/spshd.com/public_html/khachhang/application/views/app.php 161
ERROR - 2020-05-02 12:20:14 --> Severity: Warning --> Invalid argument supplied for foreach() /home/admin/domains/spshd.com/public_html/khachhang/application/views/app.php 172
ERROR - 2020-05-02 12:20:14 --> Could not find the language line "Đóng"
ERROR - 2020-05-02 12:20:14 --> Could not find the language line "Xác Nhận"
ERROR - 2020-05-02 12:20:14 --> Could not find the language line "Đóng"
ERROR - 2020-05-02 12:20:14 --> Could not find the language line "Xác Nhận"
ERROR - 2020-05-02 12:20:14 --> Could not find the language line "Đóng"
ERROR - 2020-05-02 12:20:14 --> Could not find the language line "Tải"
ERROR - 2020-05-02 12:20:37 --> Could not find the language line "Tạo Điểm Lấy Hàng"
ERROR - 2020-05-02 12:20:37 --> Could not find the language line "Tạo Đơn Hàng"
ERROR - 2020-05-02 12:20:37 --> Could not find the language line "Tải Excel"
ERROR - 2020-05-02 12:20:37 --> Could not find the language line "Đóng"
ERROR - 2020-05-02 12:20:37 --> Could not find the language line "Xác Nhận"
ERROR - 2020-05-02 12:20:37 --> Severity: Warning --> Invalid argument supplied for foreach() /home/admin/domains/spshd.com/public_html/khachhang/application/views/app.php 161
ERROR - 2020-05-02 12:20:37 --> Severity: Warning --> Invalid argument supplied for foreach() /home/admin/domains/spshd.com/public_html/khachhang/application/views/app.php 172
ERROR - 2020-05-02 12:20:37 --> Could not find the language line "Đóng"
ERROR - 2020-05-02 12:20:37 --> Could not find the language line "Xác Nhận"
ERROR - 2020-05-02 12:20:37 --> Could not find the language line "Đóng"
ERROR - 2020-05-02 12:20:37 --> Could not find the language line "Xác Nhận"
ERROR - 2020-05-02 12:20:37 --> Could not find the language line "Đóng"
ERROR - 2020-05-02 12:20:37 --> Could not find the language line "Tải"
ERROR - 2020-05-02 07:05:19 --> Could not find the language line "Email"
ERROR - 2020-05-02 07:05:19 --> Could not find the language line "password"
ERROR - 2020-05-02 13:50:44 --> Could not find the language line "Tạo Điểm Lấy Hàng"
ERROR - 2020-05-02 13:50:44 --> Could not find the language line "Tạo Đơn Hàng"
ERROR - 2020-05-02 13:50:44 --> Could not find the language line "Tải Excel"
ERROR - 2020-05-02 13:50:44 --> Could not find the language line "Đóng"
ERROR - 2020-05-02 13:50:44 --> Could not find the language line "Xác Nhận"
ERROR - 2020-05-02 13:50:44 --> Severity: Warning --> Invalid argument supplied for foreach() /home/admin/domains/spshd.com/public_html/khachhang/application/views/app.php 161
ERROR - 2020-05-02 13:50:44 --> Severity: Warning --> Invalid argument supplied for foreach() /home/admin/domains/spshd.com/public_html/khachhang/application/views/app.php 172
ERROR - 2020-05-02 13:50:44 --> Could not find the language line "Đóng"
ERROR - 2020-05-02 13:50:44 --> Could not find the language line "Xác Nhận"
ERROR - 2020-05-02 13:50:44 --> Could not find the language line "Đóng"
ERROR - 2020-05-02 13:50:44 --> Could not find the language line "Xác Nhận"
ERROR - 2020-05-02 13:50:44 --> Could not find the language line "Đóng"
ERROR - 2020-05-02 13:50:44 --> Could not find the language line "Tải"
ERROR - 2020-05-02 14:08:44 --> Could not find the language line "Tạo Điểm Lấy Hàng"
ERROR - 2020-05-02 14:08:44 --> Could not find the language line "Tạo Đơn Hàng"
ERROR - 2020-05-02 14:08:44 --> Could not find the language line "Tải Excel"
ERROR - 2020-05-02 14:08:44 --> Could not find the language line "Đóng"
ERROR - 2020-05-02 14:08:44 --> Could not find the language line "Xác Nhận"
ERROR - 2020-05-02 14:08:44 --> Severity: Warning --> Invalid argument supplied for foreach() /home/admin/domains/spshd.com/public_html/khachhang/application/views/app.php 161
ERROR - 2020-05-02 14:08:44 --> Severity: Warning --> Invalid argument supplied for foreach() /home/admin/domains/spshd.com/public_html/khachhang/application/views/app.php 172
ERROR - 2020-05-02 14:08:44 --> Could not find the language line "Đóng"
ERROR - 2020-05-02 14:08:44 --> Could not find the language line "Xác Nhận"
ERROR - 2020-05-02 14:08:44 --> Could not find the language line "Đóng"
ERROR - 2020-05-02 14:08:44 --> Could not find the language line "Xác Nhận"
ERROR - 2020-05-02 14:08:44 --> Could not find the language line "Đóng"
ERROR - 2020-05-02 14:08:44 --> Could not find the language line "Tải"
ERROR - 2020-05-02 14:11:08 --> Could not find the language line "Tạo Điểm Lấy Hàng"
ERROR - 2020-05-02 14:11:08 --> Could not find the language line "Tạo Đơn Hàng"
ERROR - 2020-05-02 14:11:08 --> Could not find the language line "Tải Excel"
ERROR - 2020-05-02 14:11:08 --> Could not find the language line "Đóng"
ERROR - 2020-05-02 14:11:08 --> Could not find the language line "Xác Nhận"
ERROR - 2020-05-02 14:11:08 --> Severity: Warning --> Invalid argument supplied for foreach() /home/admin/domains/spshd.com/public_html/khachhang/application/views/app.php 161
ERROR - 2020-05-02 14:11:08 --> Severity: Warning --> Invalid argument supplied for foreach() /home/admin/domains/spshd.com/public_html/khachhang/application/views/app.php 172
ERROR - 2020-05-02 14:11:08 --> Could not find the language line "Đóng"
ERROR - 2020-05-02 14:11:08 --> Could not find the language line "Xác Nhận"
ERROR - 2020-05-02 14:11:08 --> Could not find the language line "Đóng"
ERROR - 2020-05-02 14:11:08 --> Could not find the language line "Xác Nhận"
ERROR - 2020-05-02 14:11:08 --> Could not find the language line "Đóng"
ERROR - 2020-05-02 14:11:08 --> Could not find the language line "Tải"
ERROR - 2020-05-02 14:22:44 --> Could not find the language line "Tạo Điểm Lấy Hàng"
ERROR - 2020-05-02 14:22:44 --> Could not find the language line "Tạo Đơn Hàng"
ERROR - 2020-05-02 14:22:44 --> Could not find the language line "Tải Excel"
ERROR - 2020-05-02 14:22:44 --> Could not find the language line "Đóng"
ERROR - 2020-05-02 14:22:44 --> Could not find the language line "Xác Nhận"
ERROR - 2020-05-02 14:22:44 --> Severity: Warning --> Invalid argument supplied for foreach() /home/admin/domains/spshd.com/public_html/khachhang/application/views/app.php 161
ERROR - 2020-05-02 14:22:44 --> Severity: Warning --> Invalid argument supplied for foreach() /home/admin/domains/spshd.com/public_html/khachhang/application/views/app.php 172
ERROR - 2020-05-02 14:22:44 --> Could not find the language line "Đóng"
ERROR - 2020-05-02 14:22:44 --> Could not find the language line "Xác Nhận"
ERROR - 2020-05-02 14:22:44 --> Could not find the language line "Đóng"
ERROR - 2020-05-02 14:22:44 --> Could not find the language line "Xác Nhận"
ERROR - 2020-05-02 14:22:44 --> Could not find the language line "Đóng"
ERROR - 2020-05-02 14:22:44 --> Could not find the language line "Tải"
ERROR - 2020-05-02 14:57:54 --> Could not find the language line "Tạo Điểm Lấy Hàng"
ERROR - 2020-05-02 14:57:54 --> Could not find the language line "Tạo Đơn Hàng"
ERROR - 2020-05-02 14:57:54 --> Could not find the language line "Tải Excel"
ERROR - 2020-05-02 14:57:54 --> Could not find the language line "Đóng"
ERROR - 2020-05-02 14:57:54 --> Could not find the language line "Xác Nhận"
ERROR - 2020-05-02 14:57:54 --> Severity: Warning --> Invalid argument supplied for foreach() /home/admin/domains/spshd.com/public_html/khachhang/application/views/app.php 161
ERROR - 2020-05-02 14:57:54 --> Severity: Warning --> Invalid argument supplied for foreach() /home/admin/domains/spshd.com/public_html/khachhang/application/views/app.php 172
ERROR - 2020-05-02 14:57:54 --> Could not find the language line "Đóng"
ERROR - 2020-05-02 14:57:54 --> Could not find the language line "Xác Nhận"
ERROR - 2020-05-02 14:57:54 --> Could not find the language line "Đóng"
ERROR - 2020-05-02 14:57:54 --> Could not find the language line "Xác Nhận"
ERROR - 2020-05-02 14:57:54 --> Could not find the language line "Đóng"
ERROR - 2020-05-02 14:57:54 --> Could not find the language line "Tải"
ERROR - 2020-05-02 15:20:29 --> Could not find the language line "Tạo Điểm Lấy Hàng"
ERROR - 2020-05-02 15:20:29 --> Could not find the language line "Tạo Đơn Hàng"
ERROR - 2020-05-02 15:20:29 --> Could not find the language line "Tải Excel"
ERROR - 2020-05-02 15:20:29 --> Could not find the language line "Đóng"
ERROR - 2020-05-02 15:20:29 --> Could not find the language line "Xác Nhận"
ERROR - 2020-05-02 15:20:29 --> Severity: Warning --> Invalid argument supplied for foreach() /home/admin/domains/spshd.com/public_html/khachhang/application/views/app.php 161
ERROR - 2020-05-02 15:20:29 --> Severity: Warning --> Invalid argument supplied for foreach() /home/admin/domains/spshd.com/public_html/khachhang/application/views/app.php 172
ERROR - 2020-05-02 15:20:29 --> Could not find the language line "Đóng"
ERROR - 2020-05-02 15:20:29 --> Could not find the language line "Xác Nhận"
ERROR - 2020-05-02 15:20:29 --> Could not find the language line "Đóng"
ERROR - 2020-05-02 15:20:29 --> Could not find the language line "Xác Nhận"
ERROR - 2020-05-02 15:20:29 --> Could not find the language line "Đóng"
ERROR - 2020-05-02 15:20:29 --> Could not find the language line "Tải"
ERROR - 2020-05-02 11:01:34 --> Could not find the language line "Email"
ERROR - 2020-05-02 11:01:34 --> Could not find the language line "password"
ERROR - 2020-05-02 11:08:35 --> Could not find the language line "Email"
ERROR - 2020-05-02 11:08:35 --> Could not find the language line "password"
ERROR - 2020-05-02 18:35:48 --> Could not find the language line "Tạo Điểm Lấy Hàng"
ERROR - 2020-05-02 18:35:48 --> Could not find the language line "Tạo Đơn Hàng"
ERROR - 2020-05-02 18:35:48 --> Could not find the language line "Tải Excel"
ERROR - 2020-05-02 18:35:48 --> Could not find the language line "Đóng"
ERROR - 2020-05-02 18:35:48 --> Could not find the language line "Xác Nhận"
ERROR - 2020-05-02 18:35:48 --> Severity: Warning --> Invalid argument supplied for foreach() /home/admin/domains/spshd.com/public_html/khachhang/application/views/app.php 161
ERROR - 2020-05-02 18:35:48 --> Severity: Warning --> Invalid argument supplied for foreach() /home/admin/domains/spshd.com/public_html/khachhang/application/views/app.php 172
ERROR - 2020-05-02 18:35:48 --> Could not find the language line "Đóng"
ERROR - 2020-05-02 18:35:48 --> Could not find the language line "Xác Nhận"
ERROR - 2020-05-02 18:35:48 --> Could not find the language line "Đóng"
ERROR - 2020-05-02 18:35:48 --> Could not find the language line "Xác Nhận"
ERROR - 2020-05-02 18:35:48 --> Could not find the language line "Đóng"
ERROR - 2020-05-02 18:35:48 --> Could not find the language line "Tải"
ERROR - 2020-05-02 18:43:10 --> Could not find the language line "Tạo Điểm Lấy Hàng"
ERROR - 2020-05-02 18:43:10 --> Could not find the language line "Tạo Đơn Hàng"
ERROR - 2020-05-02 18:43:10 --> Could not find the language line "Tải Excel"
ERROR - 2020-05-02 18:43:10 --> Could not find the language line "Đóng"
ERROR - 2020-05-02 18:43:10 --> Could not find the language line "Xác Nhận"
ERROR - 2020-05-02 18:43:10 --> Severity: Warning --> Invalid argument supplied for foreach() /home/admin/domains/spshd.com/public_html/khachhang/application/views/app.php 161
ERROR - 2020-05-02 18:43:10 --> Severity: Warning --> Invalid argument supplied for foreach() /home/admin/domains/spshd.com/public_html/khachhang/application/views/app.php 172
ERROR - 2020-05-02 18:43:10 --> Could not find the language line "Đóng"
ERROR - 2020-05-02 18:43:10 --> Could not find the language line "Xác Nhận"
ERROR - 2020-05-02 18:43:10 --> Could not find the language line "Đóng"
ERROR - 2020-05-02 18:43:10 --> Could not find the language line "Xác Nhận"
ERROR - 2020-05-02 18:43:10 --> Could not find the language line "Đóng"
ERROR - 2020-05-02 18:43:10 --> Could not find the language line "Tải"
ERROR - 2020-05-02 12:58:29 --> Could not find the language line "Email"
ERROR - 2020-05-02 12:58:29 --> Could not find the language line "password"
ERROR - 2020-05-02 18:58:41 --> Could not find the language line "Tạo Điểm Lấy Hàng"
ERROR - 2020-05-02 18:58:41 --> Could not find the language line "Tạo Đơn Hàng"
ERROR - 2020-05-02 18:58:41 --> Could not find the language line "Tải Excel"
ERROR - 2020-05-02 18:58:41 --> Could not find the language line "Đóng"
ERROR - 2020-05-02 18:58:41 --> Could not find the language line "Xác Nhận"
ERROR - 2020-05-02 18:58:41 --> Severity: Warning --> Invalid argument supplied for foreach() /home/admin/domains/spshd.com/public_html/khachhang/application/views/app.php 161
ERROR - 2020-05-02 18:58:41 --> Severity: Warning --> Invalid argument supplied for foreach() /home/admin/domains/spshd.com/public_html/khachhang/application/views/app.php 172
ERROR - 2020-05-02 18:58:41 --> Could not find the language line "Đóng"
ERROR - 2020-05-02 18:58:41 --> Could not find the language line "Xác Nhận"
ERROR - 2020-05-02 18:58:41 --> Could not find the language line "Đóng"
ERROR - 2020-05-02 18:58:41 --> Could not find the language line "Xác Nhận"
ERROR - 2020-05-02 18:58:41 --> Could not find the language line "Đóng"
ERROR - 2020-05-02 18:58:41 --> Could not find the language line "Tải"
ERROR - 2020-05-02 19:00:43 --> Could not find the language line "Tạo Điểm Lấy Hàng"
ERROR - 2020-05-02 19:00:43 --> Could not find the language line "Tạo Đơn Hàng"
ERROR - 2020-05-02 19:00:43 --> Could not find the language line "Tải Excel"
ERROR - 2020-05-02 19:00:43 --> Could not find the language line "Đóng"
ERROR - 2020-05-02 19:00:43 --> Could not find the language line "Xác Nhận"
ERROR - 2020-05-02 19:00:43 --> Severity: Warning --> Invalid argument supplied for foreach() /home/admin/domains/spshd.com/public_html/khachhang/application/views/app.php 161
ERROR - 2020-05-02 19:00:43 --> Severity: Warning --> Invalid argument supplied for foreach() /home/admin/domains/spshd.com/public_html/khachhang/application/views/app.php 172
ERROR - 2020-05-02 19:00:43 --> Could not find the language line "Đóng"
ERROR - 2020-05-02 19:00:43 --> Could not find the language line "Xác Nhận"
ERROR - 2020-05-02 19:00:43 --> Could not find the language line "Đóng"
ERROR - 2020-05-02 19:00:43 --> Could not find the language line "Xác Nhận"
ERROR - 2020-05-02 19:00:43 --> Could not find the language line "Đóng"
ERROR - 2020-05-02 19:00:43 --> Could not find the language line "Tải"
ERROR - 2020-05-02 19:00:46 --> Could not find the language line "Tạo Điểm Lấy Hàng"
ERROR - 2020-05-02 19:00:46 --> Could not find the language line "Tạo Đơn Hàng"
ERROR - 2020-05-02 19:00:46 --> Could not find the language line "Tải Excel"
ERROR - 2020-05-02 19:00:46 --> Could not find the language line "Đóng"
ERROR - 2020-05-02 19:00:46 --> Could not find the language line "Xác Nhận"
ERROR - 2020-05-02 19:00:46 --> Severity: Warning --> Invalid argument supplied for foreach() /home/admin/domains/spshd.com/public_html/khachhang/application/views/app.php 161
ERROR - 2020-05-02 19:00:46 --> Severity: Warning --> Invalid argument supplied for foreach() /home/admin/domains/spshd.com/public_html/khachhang/application/views/app.php 172
ERROR - 2020-05-02 19:00:46 --> Could not find the language line "Đóng"
ERROR - 2020-05-02 19:00:46 --> Could not find the language line "Xác Nhận"
ERROR - 2020-05-02 19:00:46 --> Could not find the language line "Đóng"
ERROR - 2020-05-02 19:00:46 --> Could not find the language line "Xác Nhận"
ERROR - 2020-05-02 19:00:46 --> Could not find the language line "Đóng"
ERROR - 2020-05-02 19:00:46 --> Could not find the language line "Tải"
ERROR - 2020-05-02 19:00:56 --> Could not find the language line "Tạo Điểm Lấy Hàng"
ERROR - 2020-05-02 19:00:56 --> Could not find the language line "Tạo Đơn Hàng"
ERROR - 2020-05-02 19:00:56 --> Could not find the language line "Tải Excel"
ERROR - 2020-05-02 19:00:56 --> Could not find the language line "Đóng"
ERROR - 2020-05-02 19:00:56 --> Could not find the language line "Xác Nhận"
ERROR - 2020-05-02 19:00:56 --> Severity: Warning --> Invalid argument supplied for foreach() /home/admin/domains/spshd.com/public_html/khachhang/application/views/app.php 161
ERROR - 2020-05-02 19:00:56 --> Severity: Warning --> Invalid argument supplied for foreach() /home/admin/domains/spshd.com/public_html/khachhang/application/views/app.php 172
ERROR - 2020-05-02 19:00:56 --> Could not find the language line "Đóng"
ERROR - 2020-05-02 19:00:56 --> Could not find the language line "Xác Nhận"
ERROR - 2020-05-02 19:00:56 --> Could not find the language line "Đóng"
ERROR - 2020-05-02 19:00:56 --> Could not find the language line "Xác Nhận"
ERROR - 2020-05-02 19:00:56 --> Could not find the language line "Đóng"
ERROR - 2020-05-02 19:00:56 --> Could not find the language line "Tải"
ERROR - 2020-05-02 13:01:00 --> Could not find the language line "Email"
ERROR - 2020-05-02 13:01:00 --> Could not find the language line "password"
ERROR - 2020-05-02 13:01:00 --> Could not find the language line "Email"
ERROR - 2020-05-02 13:01:00 --> Could not find the language line "password"
ERROR - 2020-05-02 13:01:04 --> Could not find the language line "Email"
ERROR - 2020-05-02 13:01:04 --> Could not find the language line "password"
ERROR - 2020-05-02 19:01:17 --> Could not find the language line "Tạo Điểm Lấy Hàng"
ERROR - 2020-05-02 19:01:17 --> Could not find the language line "Tạo Đơn Hàng"
ERROR - 2020-05-02 19:01:17 --> Could not find the language line "Tải Excel"
ERROR - 2020-05-02 19:01:17 --> Could not find the language line "Đóng"
ERROR - 2020-05-02 19:01:17 --> Could not find the language line "Xác Nhận"
ERROR - 2020-05-02 19:01:17 --> Severity: Warning --> Invalid argument supplied for foreach() /home/admin/domains/spshd.com/public_html/khachhang/application/views/app.php 161
ERROR - 2020-05-02 19:01:17 --> Severity: Warning --> Invalid argument supplied for foreach() /home/admin/domains/spshd.com/public_html/khachhang/application/views/app.php 172
ERROR - 2020-05-02 19:01:17 --> Could not find the language line "Đóng"
ERROR - 2020-05-02 19:01:17 --> Could not find the language line "Xác Nhận"
ERROR - 2020-05-02 19:01:17 --> Could not find the language line "Đóng"
ERROR - 2020-05-02 19:01:17 --> Could not find the language line "Xác Nhận"
ERROR - 2020-05-02 19:01:17 --> Could not find the language line "Đóng"
ERROR - 2020-05-02 19:01:17 --> Could not find the language line "Tải"
ERROR - 2020-05-02 19:19:59 --> Could not find the language line "Tạo Điểm Lấy Hàng"
ERROR - 2020-05-02 19:19:59 --> Could not find the language line "Tạo Đơn Hàng"
ERROR - 2020-05-02 19:19:59 --> Could not find the language line "Tải Excel"
ERROR - 2020-05-02 19:19:59 --> Could not find the language line "Đóng"
ERROR - 2020-05-02 19:19:59 --> Could not find the language line "Xác Nhận"
ERROR - 2020-05-02 19:19:59 --> Severity: Warning --> Invalid argument supplied for foreach() /home/admin/domains/spshd.com/public_html/khachhang/application/views/app.php 161
ERROR - 2020-05-02 19:19:59 --> Severity: Warning --> Invalid argument supplied for foreach() /home/admin/domains/spshd.com/public_html/khachhang/application/views/app.php 172
ERROR - 2020-05-02 19:19:59 --> Could not find the language line "Đóng"
ERROR - 2020-05-02 19:19:59 --> Could not find the language line "Xác Nhận"
ERROR - 2020-05-02 19:19:59 --> Could not find the language line "Đóng"
ERROR - 2020-05-02 19:19:59 --> Could not find the language line "Xác Nhận"
ERROR - 2020-05-02 19:19:59 --> Could not find the language line "Đóng"
ERROR - 2020-05-02 19:19:59 --> Could not find the language line "Tải"
ERROR - 2020-05-02 19:20:58 --> Could not find the language line "Tạo Điểm Lấy Hàng"
ERROR - 2020-05-02 19:20:58 --> Could not find the language line "Tạo Đơn Hàng"
ERROR - 2020-05-02 19:20:58 --> Could not find the language line "Tải Excel"
ERROR - 2020-05-02 19:20:58 --> Could not find the language line "Đóng"
ERROR - 2020-05-02 19:20:58 --> Could not find the language line "Xác Nhận"
ERROR - 2020-05-02 19:20:58 --> Severity: Warning --> Invalid argument supplied for foreach() /home/admin/domains/spshd.com/public_html/khachhang/application/views/app.php 161
ERROR - 2020-05-02 19:20:58 --> Severity: Warning --> Invalid argument supplied for foreach() /home/admin/domains/spshd.com/public_html/khachhang/application/views/app.php 172
ERROR - 2020-05-02 19:20:58 --> Could not find the language line "Đóng"
ERROR - 2020-05-02 19:20:58 --> Could not find the language line "Xác Nhận"
ERROR - 2020-05-02 19:20:58 --> Could not find the language line "Đóng"
ERROR - 2020-05-02 19:20:58 --> Could not find the language line "Xác Nhận"
ERROR - 2020-05-02 19:20:58 --> Could not find the language line "Đóng"
ERROR - 2020-05-02 19:20:58 --> Could not find the language line "Tải"
ERROR - 2020-05-02 19:42:44 --> Could not find the language line "Tạo Điểm Lấy Hàng"
ERROR - 2020-05-02 19:42:44 --> Could not find the language line "Tạo Đơn Hàng"
ERROR - 2020-05-02 19:42:44 --> Could not find the language line "Tải Excel"
ERROR - 2020-05-02 19:42:44 --> Could not find the language line "Đóng"
ERROR - 2020-05-02 19:42:44 --> Could not find the language line "Xác Nhận"
ERROR - 2020-05-02 19:42:44 --> Severity: Warning --> Invalid argument supplied for foreach() /home/admin/domains/spshd.com/public_html/khachhang/application/views/app.php 161
ERROR - 2020-05-02 19:42:44 --> Severity: Warning --> Invalid argument supplied for foreach() /home/admin/domains/spshd.com/public_html/khachhang/application/views/app.php 172
ERROR - 2020-05-02 19:42:44 --> Could not find the language line "Đóng"
ERROR - 2020-05-02 19:42:44 --> Could not find the language line "Xác Nhận"
ERROR - 2020-05-02 19:42:44 --> Could not find the language line "Đóng"
ERROR - 2020-05-02 19:42:44 --> Could not find the language line "Xác Nhận"
ERROR - 2020-05-02 19:42:44 --> Could not find the language line "Đóng"
ERROR - 2020-05-02 19:42:44 --> Could not find the language line "Tải"
ERROR - 2020-05-02 19:42:45 --> Could not find the language line "Tạo Điểm Lấy Hàng"
ERROR - 2020-05-02 19:42:45 --> Could not find the language line "Tạo Đơn Hàng"
ERROR - 2020-05-02 19:42:45 --> Could not find the language line "Tải Excel"
ERROR - 2020-05-02 19:42:45 --> Could not find the language line "Đóng"
ERROR - 2020-05-02 19:42:45 --> Could not find the language line "Xác Nhận"
ERROR - 2020-05-02 19:42:45 --> Severity: Warning --> Invalid argument supplied for foreach() /home/admin/domains/spshd.com/public_html/khachhang/application/views/app.php 161
ERROR - 2020-05-02 19:42:45 --> Severity: Warning --> Invalid argument supplied for foreach() /home/admin/domains/spshd.com/public_html/khachhang/application/views/app.php 172
ERROR - 2020-05-02 19:42:45 --> Could not find the language line "Đóng"
ERROR - 2020-05-02 19:42:45 --> Could not find the language line "Xác Nhận"
ERROR - 2020-05-02 19:42:45 --> Could not find the language line "Đóng"
ERROR - 2020-05-02 19:42:45 --> Could not find the language line "Xác Nhận"
ERROR - 2020-05-02 19:42:45 --> Could not find the language line "Đóng"
ERROR - 2020-05-02 19:42:45 --> Could not find the language line "Tải"
ERROR - 2020-05-02 19:46:08 --> Could not find the language line "Tạo Điểm Lấy Hàng"
ERROR - 2020-05-02 19:46:08 --> Could not find the language line "Tạo Đơn Hàng"
ERROR - 2020-05-02 19:46:08 --> Could not find the language line "Tải Excel"
ERROR - 2020-05-02 19:46:08 --> Could not find the language line "Đóng"
ERROR - 2020-05-02 19:46:08 --> Could not find the language line "Xác Nhận"
ERROR - 2020-05-02 19:46:08 --> Severity: Warning --> Invalid argument supplied for foreach() /home/admin/domains/spshd.com/public_html/khachhang/application/views/app.php 161
ERROR - 2020-05-02 19:46:08 --> Severity: Warning --> Invalid argument supplied for foreach() /home/admin/domains/spshd.com/public_html/khachhang/application/views/app.php 172
ERROR - 2020-05-02 19:46:08 --> Could not find the language line "Đóng"
ERROR - 2020-05-02 19:46:08 --> Could not find the language line "Xác Nhận"
ERROR - 2020-05-02 19:46:08 --> Could not find the language line "Đóng"
ERROR - 2020-05-02 19:46:08 --> Could not find the language line "Xác Nhận"
ERROR - 2020-05-02 19:46:08 --> Could not find the language line "Đóng"
ERROR - 2020-05-02 19:46:08 --> Could not find the language line "Tải"
ERROR - 2020-05-02 19:46:08 --> Could not find the language line "Tạo Điểm Lấy Hàng"
ERROR - 2020-05-02 19:46:08 --> Could not find the language line "Tạo Đơn Hàng"
ERROR - 2020-05-02 19:46:08 --> Could not find the language line "Tải Excel"
ERROR - 2020-05-02 19:46:08 --> Could not find the language line "Đóng"
ERROR - 2020-05-02 19:46:08 --> Could not find the language line "Xác Nhận"
ERROR - 2020-05-02 19:46:08 --> Severity: Warning --> Invalid argument supplied for foreach() /home/admin/domains/spshd.com/public_html/khachhang/application/views/app.php 161
ERROR - 2020-05-02 19:46:08 --> Severity: Warning --> Invalid argument supplied for foreach() /home/admin/domains/spshd.com/public_html/khachhang/application/views/app.php 172
ERROR - 2020-05-02 19:46:08 --> Could not find the language line "Đóng"
ERROR - 2020-05-02 19:46:08 --> Could not find the language line "Xác Nhận"
ERROR - 2020-05-02 19:46:08 --> Could not find the language line "Đóng"
ERROR - 2020-05-02 19:46:08 --> Could not find the language line "Xác Nhận"
ERROR - 2020-05-02 19:46:08 --> Could not find the language line "Đóng"
ERROR - 2020-05-02 19:46:08 --> Could not find the language line "Tải"
ERROR - 2020-05-02 21:59:02 --> Could not find the language line "Tạo Điểm Lấy Hàng"
ERROR - 2020-05-02 21:59:02 --> Could not find the language line "Tạo Điểm Lấy Hàng"
ERROR - 2020-05-02 21:59:02 --> Could not find the language line "Tạo Đơn Hàng"
ERROR - 2020-05-02 21:59:02 --> Could not find the language line "Tải Excel"
ERROR - 2020-05-02 21:59:02 --> Could not find the language line "Tạo Đơn Hàng"
ERROR - 2020-05-02 21:59:02 --> Could not find the language line "Tải Excel"
ERROR - 2020-05-02 21:59:02 --> Could not find the language line "Đóng"
ERROR - 2020-05-02 21:59:02 --> Could not find the language line "Xác Nhận"
ERROR - 2020-05-02 21:59:02 --> Could not find the language line "Đóng"
ERROR - 2020-05-02 21:59:02 --> Could not find the language line "Xác Nhận"
ERROR - 2020-05-02 21:59:02 --> Severity: Warning --> Invalid argument supplied for foreach() /home/admin/domains/spshd.com/public_html/khachhang/application/views/app.php 161
ERROR - 2020-05-02 21:59:02 --> Severity: Warning --> Invalid argument supplied for foreach() /home/admin/domains/spshd.com/public_html/khachhang/application/views/app.php 161
ERROR - 2020-05-02 21:59:02 --> Severity: Warning --> Invalid argument supplied for foreach() /home/admin/domains/spshd.com/public_html/khachhang/application/views/app.php 172
ERROR - 2020-05-02 21:59:02 --> Severity: Warning --> Invalid argument supplied for foreach() /home/admin/domains/spshd.com/public_html/khachhang/application/views/app.php 172
ERROR - 2020-05-02 21:59:02 --> Could not find the language line "Đóng"
ERROR - 2020-05-02 21:59:02 --> Could not find the language line "Xác Nhận"
ERROR - 2020-05-02 21:59:02 --> Could not find the language line "Đóng"
ERROR - 2020-05-02 21:59:02 --> Could not find the language line "Đóng"
ERROR - 2020-05-02 21:59:02 --> Could not find the language line "Xác Nhận"
ERROR - 2020-05-02 21:59:02 --> Could not find the language line "Xác Nhận"
ERROR - 2020-05-02 21:59:02 --> Could not find the language line "Đóng"
ERROR - 2020-05-02 21:59:02 --> Could not find the language line "Đóng"
ERROR - 2020-05-02 21:59:02 --> Could not find the language line "Tải"
ERROR - 2020-05-02 21:59:02 --> Could not find the language line "Xác Nhận"
ERROR - 2020-05-02 21:59:02 --> Could not find the language line "Đóng"
ERROR - 2020-05-02 21:59:02 --> Could not find the language line "Tải"
ERROR - 2020-05-02 22:01:38 --> Could not find the language line "Tạo Điểm Lấy Hàng"
ERROR - 2020-05-02 22:01:38 --> Could not find the language line "Tạo Đơn Hàng"
ERROR - 2020-05-02 22:01:38 --> Could not find the language line "Tải Excel"
ERROR - 2020-05-02 22:01:39 --> Could not find the language line "Đóng"
ERROR - 2020-05-02 22:01:39 --> Could not find the language line "Xác Nhận"
ERROR - 2020-05-02 22:01:39 --> Severity: Warning --> Invalid argument supplied for foreach() /home/admin/domains/spshd.com/public_html/khachhang/application/views/app.php 161
ERROR - 2020-05-02 22:01:39 --> Severity: Warning --> Invalid argument supplied for foreach() /home/admin/domains/spshd.com/public_html/khachhang/application/views/app.php 172
ERROR - 2020-05-02 22:01:39 --> Could not find the language line "Đóng"
ERROR - 2020-05-02 22:01:39 --> Could not find the language line "Xác Nhận"
ERROR - 2020-05-02 22:01:39 --> Could not find the language line "Đóng"
ERROR - 2020-05-02 22:01:39 --> Could not find the language line "Xác Nhận"
ERROR - 2020-05-02 22:01:39 --> Could not find the language line "Đóng"
ERROR - 2020-05-02 22:01:39 --> Could not find the language line "Tải"
ERROR - 2020-05-02 22:45:30 --> Could not find the language line "Tạo Điểm Lấy Hàng"
ERROR - 2020-05-02 22:45:30 --> Could not find the language line "Tạo Đơn Hàng"
ERROR - 2020-05-02 22:45:30 --> Could not find the language line "Tải Excel"
ERROR - 2020-05-02 22:45:30 --> Could not find the language line "Đóng"
ERROR - 2020-05-02 22:45:30 --> Could not find the language line "Xác Nhận"
ERROR - 2020-05-02 22:45:30 --> Severity: Warning --> Invalid argument supplied for foreach() /home/admin/domains/spshd.com/public_html/khachhang/application/views/app.php 161
ERROR - 2020-05-02 22:45:30 --> Severity: Warning --> Invalid argument supplied for foreach() /home/admin/domains/spshd.com/public_html/khachhang/application/views/app.php 172
ERROR - 2020-05-02 22:45:30 --> Could not find the language line "Đóng"
ERROR - 2020-05-02 22:45:30 --> Could not find the language line "Xác Nhận"
ERROR - 2020-05-02 22:45:30 --> Could not find the language line "Đóng"
ERROR - 2020-05-02 22:45:30 --> Could not find the language line "Xác Nhận"
ERROR - 2020-05-02 22:45:30 --> Could not find the language line "Đóng"
ERROR - 2020-05-02 22:45:30 --> Could not find the language line "Tải"
ERROR - 2020-05-02 22:46:07 --> Could not find the language line "Tạo Điểm Lấy Hàng"
ERROR - 2020-05-02 22:46:07 --> Could not find the language line "Tạo Đơn Hàng"
ERROR - 2020-05-02 22:46:07 --> Could not find the language line "Tải Excel"
ERROR - 2020-05-02 22:46:07 --> Could not find the language line "Đóng"
ERROR - 2020-05-02 22:46:07 --> Could not find the language line "Xác Nhận"
ERROR - 2020-05-02 22:46:07 --> Severity: Warning --> Invalid argument supplied for foreach() /home/admin/domains/spshd.com/public_html/khachhang/application/views/app.php 161
ERROR - 2020-05-02 22:46:07 --> Severity: Warning --> Invalid argument supplied for foreach() /home/admin/domains/spshd.com/public_html/khachhang/application/views/app.php 172
ERROR - 2020-05-02 22:46:07 --> Could not find the language line "Đóng"
ERROR - 2020-05-02 22:46:07 --> Could not find the language line "Xác Nhận"
ERROR - 2020-05-02 22:46:07 --> Could not find the language line "Đóng"
ERROR - 2020-05-02 22:46:07 --> Could not find the language line "Xác Nhận"
ERROR - 2020-05-02 22:46:07 --> Could not find the language line "Đóng"
ERROR - 2020-05-02 22:46:07 --> Could not find the language line "Tải"
ERROR - 2020-05-02 23:06:22 --> Could not find the language line "Tạo Điểm Lấy Hàng"
ERROR - 2020-05-02 23:06:22 --> Could not find the language line "Tạo Đơn Hàng"
ERROR - 2020-05-02 23:06:22 --> Could not find the language line "Tải Excel"
ERROR - 2020-05-02 23:06:22 --> Could not find the language line "Đóng"
ERROR - 2020-05-02 23:06:22 --> Could not find the language line "Xác Nhận"
ERROR - 2020-05-02 23:06:22 --> Severity: Warning --> Invalid argument supplied for foreach() /home/admin/domains/spshd.com/public_html/khachhang/application/views/app.php 161
ERROR - 2020-05-02 23:06:22 --> Severity: Warning --> Invalid argument supplied for foreach() /home/admin/domains/spshd.com/public_html/khachhang/application/views/app.php 172
ERROR - 2020-05-02 23:06:22 --> Could not find the language line "Đóng"
ERROR - 2020-05-02 23:06:22 --> Could not find the language line "Xác Nhận"
ERROR - 2020-05-02 23:06:22 --> Could not find the language line "Đóng"
ERROR - 2020-05-02 23:06:22 --> Could not find the language line "Xác Nhận"
ERROR - 2020-05-02 23:06:22 --> Could not find the language line "Đóng"
ERROR - 2020-05-02 23:06:22 --> Could not find the language line "Tải"
ERROR - 2020-05-02 23:07:01 --> Could not find the language line "Tạo Điểm Lấy Hàng"
ERROR - 2020-05-02 23:07:01 --> Could not find the language line "Tạo Đơn Hàng"
ERROR - 2020-05-02 23:07:01 --> Could not find the language line "Tải Excel"
ERROR - 2020-05-02 23:07:01 --> Could not find the language line "Đóng"
ERROR - 2020-05-02 23:07:01 --> Could not find the language line "Xác Nhận"
ERROR - 2020-05-02 23:07:01 --> Severity: Warning --> Invalid argument supplied for foreach() /home/admin/domains/spshd.com/public_html/khachhang/application/views/app.php 161
ERROR - 2020-05-02 23:07:01 --> Severity: Warning --> Invalid argument supplied for foreach() /home/admin/domains/spshd.com/public_html/khachhang/application/views/app.php 172
ERROR - 2020-05-02 23:07:01 --> Could not find the language line "Đóng"
ERROR - 2020-05-02 23:07:01 --> Could not find the language line "Xác Nhận"
ERROR - 2020-05-02 23:07:01 --> Could not find the language line "Đóng"
ERROR - 2020-05-02 23:07:01 --> Could not find the language line "Xác Nhận"
ERROR - 2020-05-02 23:07:01 --> Could not find the language line "Đóng"
ERROR - 2020-05-02 23:07:01 --> Could not find the language line "Tải"
ERROR - 2020-05-02 17:15:02 --> Could not find the language line "Email"
ERROR - 2020-05-02 17:15:02 --> Could not find the language line "password"
ERROR - 2020-05-02 23:15:23 --> Could not find the language line "Tạo Điểm Lấy Hàng"
ERROR - 2020-05-02 23:15:23 --> Could not find the language line "Tạo Đơn Hàng"
ERROR - 2020-05-02 23:15:23 --> Could not find the language line "Tải Excel"
ERROR - 2020-05-02 23:15:23 --> Could not find the language line "Đóng"
ERROR - 2020-05-02 23:15:23 --> Could not find the language line "Xác Nhận"
ERROR - 2020-05-02 23:15:23 --> Severity: Warning --> Invalid argument supplied for foreach() /home/admin/domains/spshd.com/public_html/khachhang/application/views/app.php 161
ERROR - 2020-05-02 23:15:23 --> Severity: Warning --> Invalid argument supplied for foreach() /home/admin/domains/spshd.com/public_html/khachhang/application/views/app.php 172
ERROR - 2020-05-02 23:15:23 --> Could not find the language line "Đóng"
ERROR - 2020-05-02 23:15:23 --> Could not find the language line "Xác Nhận"
ERROR - 2020-05-02 23:15:23 --> Could not find the language line "Đóng"
ERROR - 2020-05-02 23:15:23 --> Could not find the language line "Xác Nhận"
ERROR - 2020-05-02 23:15:23 --> Could not find the language line "Đóng"
ERROR - 2020-05-02 23:15:23 --> Could not find the language line "Tải"
ERROR - 2020-05-02 23:26:58 --> Could not find the language line "Tạo Điểm Lấy Hàng"
ERROR - 2020-05-02 23:26:58 --> Could not find the language line "Tạo Đơn Hàng"
ERROR - 2020-05-02 23:26:58 --> Could not find the language line "Tải Excel"
ERROR - 2020-05-02 23:26:58 --> Could not find the language line "Đóng"
ERROR - 2020-05-02 23:26:58 --> Could not find the language line "Xác Nhận"
ERROR - 2020-05-02 23:26:58 --> Severity: Warning --> Invalid argument supplied for foreach() /home/admin/domains/spshd.com/public_html/khachhang/application/views/app.php 161
ERROR - 2020-05-02 23:26:58 --> Severity: Warning --> Invalid argument supplied for foreach() /home/admin/domains/spshd.com/public_html/khachhang/application/views/app.php 172
ERROR - 2020-05-02 23:26:58 --> Could not find the language line "Đóng"
ERROR - 2020-05-02 23:26:58 --> Could not find the language line "Xác Nhận"
ERROR - 2020-05-02 23:26:58 --> Could not find the language line "Đóng"
ERROR - 2020-05-02 23:26:58 --> Could not find the language line "Xác Nhận"
ERROR - 2020-05-02 23:26:58 --> Could not find the language line "Đóng"
ERROR - 2020-05-02 23:26:58 --> Could not find the language line "Tải"
ERROR - 2020-05-02 23:26:58 --> Could not find the language line "Tạo Điểm Lấy Hàng"
ERROR - 2020-05-02 23:26:58 --> Could not find the language line "Tạo Đơn Hàng"
ERROR - 2020-05-02 23:26:58 --> Could not find the language line "Tải Excel"
ERROR - 2020-05-02 23:26:58 --> Could not find the language line "Đóng"
ERROR - 2020-05-02 23:26:58 --> Could not find the language line "Xác Nhận"
ERROR - 2020-05-02 23:26:58 --> Severity: Warning --> Invalid argument supplied for foreach() /home/admin/domains/spshd.com/public_html/khachhang/application/views/app.php 161
ERROR - 2020-05-02 23:26:58 --> Severity: Warning --> Invalid argument supplied for foreach() /home/admin/domains/spshd.com/public_html/khachhang/application/views/app.php 172
ERROR - 2020-05-02 23:26:58 --> Could not find the language line "Đóng"
ERROR - 2020-05-02 23:26:58 --> Could not find the language line "Xác Nhận"
ERROR - 2020-05-02 23:26:58 --> Could not find the language line "Đóng"
ERROR - 2020-05-02 23:26:58 --> Could not find the language line "Xác Nhận"
ERROR - 2020-05-02 23:26:58 --> Could not find the language line "Đóng"
ERROR - 2020-05-02 23:26:58 --> Could not find the language line "Tải"
ERROR - 2020-05-02 18:39:56 --> Could not find the language line "Email"
ERROR - 2020-05-02 18:39:56 --> Could not find the language line "password"
ERROR - 2020-05-02 18:40:02 --> Could not find the language line "Email"
ERROR - 2020-05-02 18:40:02 --> Could not find the language line "password"
ERROR - 2020-05-02 19:17:25 --> Could not find the language line "Email"
ERROR - 2020-05-02 19:17:25 --> Could not find the language line "password"
