ERROR - 2020-03-05 00:41:23 --> Could not find the language line "Tạo Điểm Lấy Hàng"
ERROR - 2020-03-05 00:41:23 --> Could not find the language line "Tạo Đơn Hàng"
ERROR - 2020-03-05 00:41:23 --> Severity: Warning --> Invalid argument supplied for foreach() /home/admin/domains/spshd.com/public_html/khachhang/application/views/tab4.php 394
ERROR - 2020-03-05 00:41:23 --> Could not find the language line "Đóng"
ERROR - 2020-03-05 00:41:23 --> Could not find the language line "Xác Nhận"
ERROR - 2020-03-05 00:41:23 --> Severity: Warning --> Invalid argument supplied for foreach() /home/admin/domains/spshd.com/public_html/khachhang/application/views/app.php 157
ERROR - 2020-03-05 00:41:23 --> Severity: Warning --> Invalid argument supplied for foreach() /home/admin/domains/spshd.com/public_html/khachhang/application/views/app.php 168
ERROR - 2020-03-05 00:41:23 --> Could not find the language line "Đóng"
ERROR - 2020-03-05 00:41:23 --> Could not find the language line "Xác Nhận"
ERROR - 2020-03-05 00:41:23 --> Could not find the language line "Đóng"
ERROR - 2020-03-05 00:41:23 --> Could not find the language line "Xác Nhận"
ERROR - 2020-03-05 00:41:23 --> Could not find the language line "Tạo Điểm Lấy Hàng"
ERROR - 2020-03-05 00:41:23 --> Could not find the language line "Tạo Đơn Hàng"
ERROR - 2020-03-05 00:41:23 --> Severity: Warning --> Invalid argument supplied for foreach() /home/admin/domains/spshd.com/public_html/khachhang/application/views/tab4.php 394
ERROR - 2020-03-05 00:41:23 --> Could not find the language line "Đóng"
ERROR - 2020-03-05 00:41:23 --> Could not find the language line "Xác Nhận"
ERROR - 2020-03-05 00:41:23 --> Severity: Warning --> Invalid argument supplied for foreach() /home/admin/domains/spshd.com/public_html/khachhang/application/views/app.php 157
ERROR - 2020-03-05 00:41:23 --> Severity: Warning --> Invalid argument supplied for foreach() /home/admin/domains/spshd.com/public_html/khachhang/application/views/app.php 168
ERROR - 2020-03-05 00:41:23 --> Could not find the language line "Đóng"
ERROR - 2020-03-05 00:41:23 --> Could not find the language line "Xác Nhận"
ERROR - 2020-03-05 00:41:23 --> Could not find the language line "Đóng"
ERROR - 2020-03-05 00:41:23 --> Could not find the language line "Xác Nhận"
ERROR - 2020-03-05 01:25:11 --> Could not find the language line "Tạo Điểm Lấy Hàng"
ERROR - 2020-03-05 01:25:11 --> Could not find the language line "Tạo Đơn Hàng"
ERROR - 2020-03-05 01:25:11 --> Severity: Warning --> Invalid argument supplied for foreach() /home/admin/domains/spshd.com/public_html/khachhang/application/views/tab4.php 394
ERROR - 2020-03-05 01:25:11 --> Could not find the language line "Đóng"
ERROR - 2020-03-05 01:25:11 --> Could not find the language line "Xác Nhận"
ERROR - 2020-03-05 01:25:11 --> Severity: Warning --> Invalid argument supplied for foreach() /home/admin/domains/spshd.com/public_html/khachhang/application/views/app.php 157
ERROR - 2020-03-05 01:25:11 --> Severity: Warning --> Invalid argument supplied for foreach() /home/admin/domains/spshd.com/public_html/khachhang/application/views/app.php 168
ERROR - 2020-03-05 01:25:11 --> Could not find the language line "Đóng"
ERROR - 2020-03-05 01:25:11 --> Could not find the language line "Xác Nhận"
ERROR - 2020-03-05 01:25:11 --> Could not find the language line "Đóng"
ERROR - 2020-03-05 01:25:11 --> Could not find the language line "Xác Nhận"
ERROR - 2020-03-05 03:12:18 --> Could not find the language line "Tạo Điểm Lấy Hàng"
ERROR - 2020-03-05 03:12:18 --> Could not find the language line "Tạo Đơn Hàng"
ERROR - 2020-03-05 03:12:18 --> Severity: Warning --> Invalid argument supplied for foreach() /home/admin/domains/spshd.com/public_html/khachhang/application/views/tab4.php 394
ERROR - 2020-03-05 03:12:18 --> Could not find the language line "Đóng"
ERROR - 2020-03-05 03:12:18 --> Could not find the language line "Xác Nhận"
ERROR - 2020-03-05 03:12:18 --> Severity: Warning --> Invalid argument supplied for foreach() /home/admin/domains/spshd.com/public_html/khachhang/application/views/app.php 157
ERROR - 2020-03-05 03:12:18 --> Severity: Warning --> Invalid argument supplied for foreach() /home/admin/domains/spshd.com/public_html/khachhang/application/views/app.php 168
ERROR - 2020-03-05 03:12:18 --> Could not find the language line "Đóng"
ERROR - 2020-03-05 03:12:18 --> Could not find the language line "Xác Nhận"
ERROR - 2020-03-05 03:12:18 --> Could not find the language line "Đóng"
ERROR - 2020-03-05 03:12:18 --> Could not find the language line "Xác Nhận"
ERROR - 2020-03-05 03:13:43 --> Could not find the language line "Tạo Điểm Lấy Hàng"
ERROR - 2020-03-05 03:13:43 --> Could not find the language line "Tạo Đơn Hàng"
ERROR - 2020-03-05 03:13:43 --> Severity: Warning --> Invalid argument supplied for foreach() /home/admin/domains/spshd.com/public_html/khachhang/application/views/tab4.php 394
ERROR - 2020-03-05 03:13:43 --> Could not find the language line "Đóng"
ERROR - 2020-03-05 03:13:43 --> Could not find the language line "Xác Nhận"
ERROR - 2020-03-05 03:13:43 --> Severity: Warning --> Invalid argument supplied for foreach() /home/admin/domains/spshd.com/public_html/khachhang/application/views/app.php 157
ERROR - 2020-03-05 03:13:43 --> Severity: Warning --> Invalid argument supplied for foreach() /home/admin/domains/spshd.com/public_html/khachhang/application/views/app.php 168
ERROR - 2020-03-05 03:13:43 --> Could not find the language line "Đóng"
ERROR - 2020-03-05 03:13:43 --> Could not find the language line "Xác Nhận"
ERROR - 2020-03-05 03:13:43 --> Could not find the language line "Đóng"
ERROR - 2020-03-05 03:13:43 --> Could not find the language line "Xác Nhận"
ERROR - 2020-03-05 03:24:06 --> Could not find the language line "Tạo Điểm Lấy Hàng"
ERROR - 2020-03-05 03:24:06 --> Could not find the language line "Tạo Đơn Hàng"
ERROR - 2020-03-05 03:24:06 --> Severity: Warning --> Invalid argument supplied for foreach() /home/admin/domains/spshd.com/public_html/khachhang/application/views/tab4.php 394
ERROR - 2020-03-05 03:24:06 --> Could not find the language line "Đóng"
ERROR - 2020-03-05 03:24:06 --> Could not find the language line "Xác Nhận"
ERROR - 2020-03-05 03:24:06 --> Severity: Warning --> Invalid argument supplied for foreach() /home/admin/domains/spshd.com/public_html/khachhang/application/views/app.php 157
ERROR - 2020-03-05 03:24:06 --> Severity: Warning --> Invalid argument supplied for foreach() /home/admin/domains/spshd.com/public_html/khachhang/application/views/app.php 168
ERROR - 2020-03-05 03:24:06 --> Could not find the language line "Đóng"
ERROR - 2020-03-05 03:24:06 --> Could not find the language line "Xác Nhận"
ERROR - 2020-03-05 03:24:06 --> Could not find the language line "Đóng"
ERROR - 2020-03-05 03:24:06 --> Could not find the language line "Xác Nhận"
ERROR - 2020-03-05 04:18:39 --> Could not find the language line "Tạo Điểm Lấy Hàng"
ERROR - 2020-03-05 04:18:39 --> Could not find the language line "Tạo Đơn Hàng"
ERROR - 2020-03-05 04:18:39 --> Severity: Warning --> Invalid argument supplied for foreach() /home/admin/domains/spshd.com/public_html/khachhang/application/views/tab4.php 394
ERROR - 2020-03-05 04:18:39 --> Could not find the language line "Đóng"
ERROR - 2020-03-05 04:18:39 --> Could not find the language line "Xác Nhận"
ERROR - 2020-03-05 04:18:39 --> Severity: Warning --> Invalid argument supplied for foreach() /home/admin/domains/spshd.com/public_html/khachhang/application/views/app.php 157
ERROR - 2020-03-05 04:18:39 --> Severity: Warning --> Invalid argument supplied for foreach() /home/admin/domains/spshd.com/public_html/khachhang/application/views/app.php 168
ERROR - 2020-03-05 04:18:39 --> Could not find the language line "Đóng"
ERROR - 2020-03-05 04:18:39 --> Could not find the language line "Xác Nhận"
ERROR - 2020-03-05 04:18:39 --> Could not find the language line "Đóng"
ERROR - 2020-03-05 04:18:39 --> Could not find the language line "Xác Nhận"
ERROR - 2020-03-05 04:27:24 --> Could not find the language line "Tạo Điểm Lấy Hàng"
ERROR - 2020-03-05 04:27:24 --> Could not find the language line "Tạo Đơn Hàng"
ERROR - 2020-03-05 04:27:24 --> Severity: Warning --> Invalid argument supplied for foreach() /home/admin/domains/spshd.com/public_html/khachhang/application/views/tab4.php 394
ERROR - 2020-03-05 04:27:24 --> Could not find the language line "Đóng"
ERROR - 2020-03-05 04:27:24 --> Could not find the language line "Xác Nhận"
ERROR - 2020-03-05 04:27:24 --> Severity: Warning --> Invalid argument supplied for foreach() /home/admin/domains/spshd.com/public_html/khachhang/application/views/app.php 157
ERROR - 2020-03-05 04:27:24 --> Severity: Warning --> Invalid argument supplied for foreach() /home/admin/domains/spshd.com/public_html/khachhang/application/views/app.php 168
ERROR - 2020-03-05 04:27:24 --> Could not find the language line "Đóng"
ERROR - 2020-03-05 04:27:24 --> Could not find the language line "Xác Nhận"
ERROR - 2020-03-05 04:27:24 --> Could not find the language line "Đóng"
ERROR - 2020-03-05 04:27:24 --> Could not find the language line "Xác Nhận"
ERROR - 2020-03-05 04:42:29 --> Could not find the language line "Tạo Điểm Lấy Hàng"
ERROR - 2020-03-05 04:42:29 --> Could not find the language line "Tạo Đơn Hàng"
ERROR - 2020-03-05 04:42:29 --> Severity: Warning --> Invalid argument supplied for foreach() /home/admin/domains/spshd.com/public_html/khachhang/application/views/tab4.php 394
ERROR - 2020-03-05 04:42:29 --> Could not find the language line "Đóng"
ERROR - 2020-03-05 04:42:29 --> Could not find the language line "Xác Nhận"
ERROR - 2020-03-05 04:42:29 --> Severity: Warning --> Invalid argument supplied for foreach() /home/admin/domains/spshd.com/public_html/khachhang/application/views/app.php 157
ERROR - 2020-03-05 04:42:29 --> Severity: Warning --> Invalid argument supplied for foreach() /home/admin/domains/spshd.com/public_html/khachhang/application/views/app.php 168
ERROR - 2020-03-05 04:42:29 --> Could not find the language line "Đóng"
ERROR - 2020-03-05 04:42:29 --> Could not find the language line "Xác Nhận"
ERROR - 2020-03-05 04:42:29 --> Could not find the language line "Đóng"
ERROR - 2020-03-05 04:42:29 --> Could not find the language line "Xác Nhận"
ERROR - 2020-03-05 05:39:05 --> Could not find the language line "Tạo Điểm Lấy Hàng"
ERROR - 2020-03-05 05:39:05 --> Could not find the language line "Tạo Đơn Hàng"
ERROR - 2020-03-05 05:39:05 --> Severity: Warning --> Invalid argument supplied for foreach() /home/admin/domains/spshd.com/public_html/khachhang/application/views/tab4.php 394
ERROR - 2020-03-05 05:39:05 --> Could not find the language line "Đóng"
ERROR - 2020-03-05 05:39:05 --> Could not find the language line "Xác Nhận"
ERROR - 2020-03-05 05:39:05 --> Severity: Warning --> Invalid argument supplied for foreach() /home/admin/domains/spshd.com/public_html/khachhang/application/views/app.php 157
ERROR - 2020-03-05 05:39:05 --> Severity: Warning --> Invalid argument supplied for foreach() /home/admin/domains/spshd.com/public_html/khachhang/application/views/app.php 168
ERROR - 2020-03-05 05:39:05 --> Could not find the language line "Đóng"
ERROR - 2020-03-05 05:39:05 --> Could not find the language line "Xác Nhận"
ERROR - 2020-03-05 05:39:05 --> Could not find the language line "Đóng"
ERROR - 2020-03-05 05:39:05 --> Could not find the language line "Xác Nhận"
ERROR - 2020-03-05 05:54:30 --> Could not find the language line "Tạo Điểm Lấy Hàng"
ERROR - 2020-03-05 05:54:30 --> Could not find the language line "Tạo Đơn Hàng"
ERROR - 2020-03-05 05:54:30 --> Severity: Warning --> Invalid argument supplied for foreach() /home/admin/domains/spshd.com/public_html/khachhang/application/views/tab4.php 394
ERROR - 2020-03-05 05:54:30 --> Could not find the language line "Đóng"
ERROR - 2020-03-05 05:54:30 --> Could not find the language line "Xác Nhận"
ERROR - 2020-03-05 05:54:30 --> Severity: Warning --> Invalid argument supplied for foreach() /home/admin/domains/spshd.com/public_html/khachhang/application/views/app.php 157
ERROR - 2020-03-05 05:54:30 --> Severity: Warning --> Invalid argument supplied for foreach() /home/admin/domains/spshd.com/public_html/khachhang/application/views/app.php 168
ERROR - 2020-03-05 05:54:30 --> Could not find the language line "Đóng"
ERROR - 2020-03-05 05:54:30 --> Could not find the language line "Xác Nhận"
ERROR - 2020-03-05 05:54:30 --> Could not find the language line "Đóng"
ERROR - 2020-03-05 05:54:30 --> Could not find the language line "Xác Nhận"
ERROR - 2020-03-05 05:54:30 --> Could not find the language line "Tạo Điểm Lấy Hàng"
ERROR - 2020-03-05 05:54:30 --> Could not find the language line "Tạo Đơn Hàng"
ERROR - 2020-03-05 05:54:30 --> Severity: Warning --> Invalid argument supplied for foreach() /home/admin/domains/spshd.com/public_html/khachhang/application/views/tab4.php 394
ERROR - 2020-03-05 05:54:30 --> Could not find the language line "Đóng"
ERROR - 2020-03-05 05:54:30 --> Could not find the language line "Xác Nhận"
ERROR - 2020-03-05 05:54:30 --> Severity: Warning --> Invalid argument supplied for foreach() /home/admin/domains/spshd.com/public_html/khachhang/application/views/app.php 157
ERROR - 2020-03-05 05:54:30 --> Severity: Warning --> Invalid argument supplied for foreach() /home/admin/domains/spshd.com/public_html/khachhang/application/views/app.php 168
ERROR - 2020-03-05 05:54:30 --> Could not find the language line "Đóng"
ERROR - 2020-03-05 05:54:30 --> Could not find the language line "Xác Nhận"
ERROR - 2020-03-05 05:54:30 --> Could not find the language line "Đóng"
ERROR - 2020-03-05 05:54:30 --> Could not find the language line "Xác Nhận"
ERROR - 2020-03-05 07:00:55 --> Could not find the language line "Tạo Điểm Lấy Hàng"
ERROR - 2020-03-05 07:00:55 --> Could not find the language line "Tạo Đơn Hàng"
ERROR - 2020-03-05 07:00:55 --> Severity: Warning --> Invalid argument supplied for foreach() /home/admin/domains/spshd.com/public_html/khachhang/application/views/tab4.php 394
ERROR - 2020-03-05 07:00:55 --> Could not find the language line "Đóng"
ERROR - 2020-03-05 07:00:55 --> Could not find the language line "Xác Nhận"
ERROR - 2020-03-05 07:00:55 --> Severity: Warning --> Invalid argument supplied for foreach() /home/admin/domains/spshd.com/public_html/khachhang/application/views/app.php 157
ERROR - 2020-03-05 07:00:55 --> Severity: Warning --> Invalid argument supplied for foreach() /home/admin/domains/spshd.com/public_html/khachhang/application/views/app.php 168
ERROR - 2020-03-05 07:00:55 --> Could not find the language line "Đóng"
ERROR - 2020-03-05 07:00:55 --> Could not find the language line "Xác Nhận"
ERROR - 2020-03-05 07:00:55 --> Could not find the language line "Đóng"
ERROR - 2020-03-05 07:00:55 --> Could not find the language line "Xác Nhận"
ERROR - 2020-03-05 07:04:10 --> Could not find the language line "Tạo Điểm Lấy Hàng"
ERROR - 2020-03-05 07:04:10 --> Could not find the language line "Tạo Đơn Hàng"
ERROR - 2020-03-05 07:04:10 --> Severity: Warning --> Invalid argument supplied for foreach() /home/admin/domains/spshd.com/public_html/khachhang/application/views/tab4.php 394
ERROR - 2020-03-05 07:04:10 --> Could not find the language line "Đóng"
ERROR - 2020-03-05 07:04:10 --> Could not find the language line "Xác Nhận"
ERROR - 2020-03-05 07:04:10 --> Severity: Warning --> Invalid argument supplied for foreach() /home/admin/domains/spshd.com/public_html/khachhang/application/views/app.php 157
ERROR - 2020-03-05 07:04:10 --> Severity: Warning --> Invalid argument supplied for foreach() /home/admin/domains/spshd.com/public_html/khachhang/application/views/app.php 168
ERROR - 2020-03-05 07:04:10 --> Could not find the language line "Đóng"
ERROR - 2020-03-05 07:04:10 --> Could not find the language line "Xác Nhận"
ERROR - 2020-03-05 07:04:10 --> Could not find the language line "Đóng"
ERROR - 2020-03-05 07:04:10 --> Could not find the language line "Xác Nhận"
ERROR - 2020-03-05 07:04:36 --> Could not find the language line "Tạo Điểm Lấy Hàng"
ERROR - 2020-03-05 07:04:36 --> Could not find the language line "Tạo Đơn Hàng"
ERROR - 2020-03-05 07:04:36 --> Severity: Warning --> Invalid argument supplied for foreach() /home/admin/domains/spshd.com/public_html/khachhang/application/views/tab4.php 394
ERROR - 2020-03-05 07:04:36 --> Could not find the language line "Đóng"
ERROR - 2020-03-05 07:04:36 --> Could not find the language line "Xác Nhận"
ERROR - 2020-03-05 07:04:36 --> Severity: Warning --> Invalid argument supplied for foreach() /home/admin/domains/spshd.com/public_html/khachhang/application/views/app.php 157
ERROR - 2020-03-05 07:04:36 --> Severity: Warning --> Invalid argument supplied for foreach() /home/admin/domains/spshd.com/public_html/khachhang/application/views/app.php 168
ERROR - 2020-03-05 07:04:36 --> Could not find the language line "Đóng"
ERROR - 2020-03-05 07:04:36 --> Could not find the language line "Xác Nhận"
ERROR - 2020-03-05 07:04:36 --> Could not find the language line "Đóng"
ERROR - 2020-03-05 07:04:36 --> Could not find the language line "Xác Nhận"
ERROR - 2020-03-05 07:26:45 --> Could not find the language line "Tạo Điểm Lấy Hàng"
ERROR - 2020-03-05 07:26:45 --> Could not find the language line "Tạo Đơn Hàng"
ERROR - 2020-03-05 07:26:45 --> Severity: Warning --> Invalid argument supplied for foreach() /home/admin/domains/spshd.com/public_html/khachhang/application/views/tab4.php 394
ERROR - 2020-03-05 07:26:45 --> Could not find the language line "Đóng"
ERROR - 2020-03-05 07:26:45 --> Could not find the language line "Xác Nhận"
ERROR - 2020-03-05 07:26:45 --> Severity: Warning --> Invalid argument supplied for foreach() /home/admin/domains/spshd.com/public_html/khachhang/application/views/app.php 157
ERROR - 2020-03-05 07:26:45 --> Severity: Warning --> Invalid argument supplied for foreach() /home/admin/domains/spshd.com/public_html/khachhang/application/views/app.php 168
ERROR - 2020-03-05 07:26:45 --> Could not find the language line "Đóng"
ERROR - 2020-03-05 07:26:45 --> Could not find the language line "Xác Nhận"
ERROR - 2020-03-05 07:26:45 --> Could not find the language line "Đóng"
ERROR - 2020-03-05 07:26:45 --> Could not find the language line "Xác Nhận"
ERROR - 2020-03-05 07:26:47 --> Could not find the language line "Tạo Điểm Lấy Hàng"
ERROR - 2020-03-05 07:26:47 --> Could not find the language line "Tạo Đơn Hàng"
ERROR - 2020-03-05 07:26:47 --> Severity: Warning --> Invalid argument supplied for foreach() /home/admin/domains/spshd.com/public_html/khachhang/application/views/tab4.php 394
ERROR - 2020-03-05 07:26:47 --> Could not find the language line "Đóng"
ERROR - 2020-03-05 07:26:47 --> Could not find the language line "Xác Nhận"
ERROR - 2020-03-05 07:26:47 --> Severity: Warning --> Invalid argument supplied for foreach() /home/admin/domains/spshd.com/public_html/khachhang/application/views/app.php 157
ERROR - 2020-03-05 07:26:47 --> Severity: Warning --> Invalid argument supplied for foreach() /home/admin/domains/spshd.com/public_html/khachhang/application/views/app.php 168
ERROR - 2020-03-05 07:26:47 --> Could not find the language line "Đóng"
ERROR - 2020-03-05 07:26:47 --> Could not find the language line "Xác Nhận"
ERROR - 2020-03-05 07:26:47 --> Could not find the language line "Đóng"
ERROR - 2020-03-05 07:26:47 --> Could not find the language line "Xác Nhận"
ERROR - 2020-03-05 07:26:47 --> Could not find the language line "Tạo Điểm Lấy Hàng"
ERROR - 2020-03-05 07:26:47 --> Could not find the language line "Tạo Đơn Hàng"
ERROR - 2020-03-05 07:26:47 --> Severity: Warning --> Invalid argument supplied for foreach() /home/admin/domains/spshd.com/public_html/khachhang/application/views/tab4.php 394
ERROR - 2020-03-05 07:26:47 --> Could not find the language line "Đóng"
ERROR - 2020-03-05 07:26:47 --> Could not find the language line "Xác Nhận"
ERROR - 2020-03-05 07:26:47 --> Severity: Warning --> Invalid argument supplied for foreach() /home/admin/domains/spshd.com/public_html/khachhang/application/views/app.php 157
ERROR - 2020-03-05 07:26:47 --> Severity: Warning --> Invalid argument supplied for foreach() /home/admin/domains/spshd.com/public_html/khachhang/application/views/app.php 168
ERROR - 2020-03-05 07:26:47 --> Could not find the language line "Đóng"
ERROR - 2020-03-05 07:26:47 --> Could not find the language line "Xác Nhận"
ERROR - 2020-03-05 07:26:47 --> Could not find the language line "Đóng"
ERROR - 2020-03-05 07:26:47 --> Could not find the language line "Xác Nhận"
ERROR - 2020-03-05 07:27:12 --> Could not find the language line "Tạo Điểm Lấy Hàng"
ERROR - 2020-03-05 07:27:12 --> Could not find the language line "Tạo Đơn Hàng"
ERROR - 2020-03-05 07:27:12 --> Severity: Warning --> Invalid argument supplied for foreach() /home/admin/domains/spshd.com/public_html/khachhang/application/views/tab4.php 394
ERROR - 2020-03-05 07:27:12 --> Could not find the language line "Đóng"
ERROR - 2020-03-05 07:27:12 --> Could not find the language line "Xác Nhận"
ERROR - 2020-03-05 07:27:12 --> Severity: Warning --> Invalid argument supplied for foreach() /home/admin/domains/spshd.com/public_html/khachhang/application/views/app.php 157
ERROR - 2020-03-05 07:27:12 --> Severity: Warning --> Invalid argument supplied for foreach() /home/admin/domains/spshd.com/public_html/khachhang/application/views/app.php 168
ERROR - 2020-03-05 07:27:12 --> Could not find the language line "Đóng"
ERROR - 2020-03-05 07:27:12 --> Could not find the language line "Xác Nhận"
ERROR - 2020-03-05 07:27:12 --> Could not find the language line "Đóng"
ERROR - 2020-03-05 07:27:12 --> Could not find the language line "Xác Nhận"
ERROR - 2020-03-05 07:47:48 --> Could not find the language line "Tạo Điểm Lấy Hàng"
ERROR - 2020-03-05 07:47:48 --> Could not find the language line "Tạo Đơn Hàng"
ERROR - 2020-03-05 07:47:48 --> Severity: Warning --> Invalid argument supplied for foreach() /home/admin/domains/spshd.com/public_html/khachhang/application/views/tab4.php 394
ERROR - 2020-03-05 07:47:48 --> Could not find the language line "Đóng"
ERROR - 2020-03-05 07:47:48 --> Could not find the language line "Xác Nhận"
ERROR - 2020-03-05 07:47:48 --> Severity: Warning --> Invalid argument supplied for foreach() /home/admin/domains/spshd.com/public_html/khachhang/application/views/app.php 157
ERROR - 2020-03-05 07:47:48 --> Severity: Warning --> Invalid argument supplied for foreach() /home/admin/domains/spshd.com/public_html/khachhang/application/views/app.php 168
ERROR - 2020-03-05 07:47:48 --> Could not find the language line "Đóng"
ERROR - 2020-03-05 07:47:48 --> Could not find the language line "Xác Nhận"
ERROR - 2020-03-05 07:47:48 --> Could not find the language line "Đóng"
ERROR - 2020-03-05 07:47:48 --> Could not find the language line "Xác Nhận"
ERROR - 2020-03-05 07:52:10 --> Could not find the language line "Tạo Điểm Lấy Hàng"
ERROR - 2020-03-05 07:52:10 --> Could not find the language line "Tạo Đơn Hàng"
ERROR - 2020-03-05 07:52:10 --> Severity: Warning --> Invalid argument supplied for foreach() /home/admin/domains/spshd.com/public_html/khachhang/application/views/tab4.php 394
ERROR - 2020-03-05 07:52:10 --> Could not find the language line "Đóng"
ERROR - 2020-03-05 07:52:10 --> Could not find the language line "Xác Nhận"
ERROR - 2020-03-05 07:52:10 --> Severity: Warning --> Invalid argument supplied for foreach() /home/admin/domains/spshd.com/public_html/khachhang/application/views/app.php 157
ERROR - 2020-03-05 07:52:10 --> Severity: Warning --> Invalid argument supplied for foreach() /home/admin/domains/spshd.com/public_html/khachhang/application/views/app.php 168
ERROR - 2020-03-05 07:52:10 --> Could not find the language line "Đóng"
ERROR - 2020-03-05 07:52:10 --> Could not find the language line "Xác Nhận"
ERROR - 2020-03-05 07:52:10 --> Could not find the language line "Đóng"
ERROR - 2020-03-05 07:52:10 --> Could not find the language line "Xác Nhận"
ERROR - 2020-03-05 07:52:44 --> Could not find the language line "Tạo Điểm Lấy Hàng"
ERROR - 2020-03-05 07:52:44 --> Could not find the language line "Tạo Đơn Hàng"
ERROR - 2020-03-05 07:52:44 --> Severity: Warning --> Invalid argument supplied for foreach() /home/admin/domains/spshd.com/public_html/khachhang/application/views/tab4.php 394
ERROR - 2020-03-05 07:52:44 --> Could not find the language line "Đóng"
ERROR - 2020-03-05 07:52:44 --> Could not find the language line "Xác Nhận"
ERROR - 2020-03-05 07:52:44 --> Severity: Warning --> Invalid argument supplied for foreach() /home/admin/domains/spshd.com/public_html/khachhang/application/views/app.php 157
ERROR - 2020-03-05 07:52:44 --> Severity: Warning --> Invalid argument supplied for foreach() /home/admin/domains/spshd.com/public_html/khachhang/application/views/app.php 168
ERROR - 2020-03-05 07:52:44 --> Could not find the language line "Đóng"
ERROR - 2020-03-05 07:52:44 --> Could not find the language line "Xác Nhận"
ERROR - 2020-03-05 07:52:44 --> Could not find the language line "Đóng"
ERROR - 2020-03-05 07:52:44 --> Could not find the language line "Xác Nhận"
ERROR - 2020-03-05 07:58:24 --> Could not find the language line "Tạo Điểm Lấy Hàng"
ERROR - 2020-03-05 07:58:24 --> Could not find the language line "Tạo Đơn Hàng"
ERROR - 2020-03-05 07:58:24 --> Severity: Warning --> Invalid argument supplied for foreach() /home/admin/domains/spshd.com/public_html/khachhang/application/views/tab4.php 394
ERROR - 2020-03-05 07:58:24 --> Could not find the language line "Đóng"
ERROR - 2020-03-05 07:58:24 --> Could not find the language line "Xác Nhận"
ERROR - 2020-03-05 07:58:24 --> Severity: Warning --> Invalid argument supplied for foreach() /home/admin/domains/spshd.com/public_html/khachhang/application/views/app.php 157
ERROR - 2020-03-05 07:58:24 --> Severity: Warning --> Invalid argument supplied for foreach() /home/admin/domains/spshd.com/public_html/khachhang/application/views/app.php 168
ERROR - 2020-03-05 07:58:24 --> Could not find the language line "Đóng"
ERROR - 2020-03-05 07:58:24 --> Could not find the language line "Xác Nhận"
ERROR - 2020-03-05 07:58:24 --> Could not find the language line "Đóng"
ERROR - 2020-03-05 07:58:24 --> Could not find the language line "Xác Nhận"
ERROR - 2020-03-05 08:23:01 --> Could not find the language line "Tạo Điểm Lấy Hàng"
ERROR - 2020-03-05 08:23:01 --> Could not find the language line "Tạo Đơn Hàng"
ERROR - 2020-03-05 08:23:01 --> Severity: Warning --> Invalid argument supplied for foreach() /home/admin/domains/spshd.com/public_html/khachhang/application/views/tab4.php 394
ERROR - 2020-03-05 08:23:01 --> Could not find the language line "Đóng"
ERROR - 2020-03-05 08:23:01 --> Could not find the language line "Xác Nhận"
ERROR - 2020-03-05 08:23:01 --> Severity: Warning --> Invalid argument supplied for foreach() /home/admin/domains/spshd.com/public_html/khachhang/application/views/app.php 157
ERROR - 2020-03-05 08:23:01 --> Severity: Warning --> Invalid argument supplied for foreach() /home/admin/domains/spshd.com/public_html/khachhang/application/views/app.php 168
ERROR - 2020-03-05 08:23:01 --> Could not find the language line "Đóng"
ERROR - 2020-03-05 08:23:01 --> Could not find the language line "Xác Nhận"
ERROR - 2020-03-05 08:23:01 --> Could not find the language line "Đóng"
ERROR - 2020-03-05 08:23:01 --> Could not find the language line "Xác Nhận"
ERROR - 2020-03-05 10:57:12 --> Could not find the language line "Tạo Điểm Lấy Hàng"
ERROR - 2020-03-05 10:57:12 --> Could not find the language line "Tạo Đơn Hàng"
ERROR - 2020-03-05 10:57:12 --> Severity: Warning --> Invalid argument supplied for foreach() /home/admin/domains/spshd.com/public_html/khachhang/application/views/tab4.php 394
ERROR - 2020-03-05 10:57:12 --> Could not find the language line "Đóng"
ERROR - 2020-03-05 10:57:12 --> Could not find the language line "Xác Nhận"
ERROR - 2020-03-05 10:57:12 --> Severity: Warning --> Invalid argument supplied for foreach() /home/admin/domains/spshd.com/public_html/khachhang/application/views/app.php 157
ERROR - 2020-03-05 10:57:12 --> Severity: Warning --> Invalid argument supplied for foreach() /home/admin/domains/spshd.com/public_html/khachhang/application/views/app.php 168
ERROR - 2020-03-05 10:57:12 --> Could not find the language line "Đóng"
ERROR - 2020-03-05 10:57:12 --> Could not find the language line "Xác Nhận"
ERROR - 2020-03-05 10:57:12 --> Could not find the language line "Đóng"
ERROR - 2020-03-05 10:57:12 --> Could not find the language line "Xác Nhận"
ERROR - 2020-03-05 12:14:31 --> Could not find the language line "Tạo Điểm Lấy Hàng"
ERROR - 2020-03-05 12:14:31 --> Could not find the language line "Tạo Đơn Hàng"
ERROR - 2020-03-05 12:14:31 --> Severity: Warning --> Invalid argument supplied for foreach() /home/admin/domains/spshd.com/public_html/khachhang/application/views/tab4.php 394
ERROR - 2020-03-05 12:14:31 --> Could not find the language line "Đóng"
ERROR - 2020-03-05 12:14:31 --> Could not find the language line "Xác Nhận"
ERROR - 2020-03-05 12:14:31 --> Severity: Warning --> Invalid argument supplied for foreach() /home/admin/domains/spshd.com/public_html/khachhang/application/views/app.php 157
ERROR - 2020-03-05 12:14:31 --> Severity: Warning --> Invalid argument supplied for foreach() /home/admin/domains/spshd.com/public_html/khachhang/application/views/app.php 168
ERROR - 2020-03-05 12:14:31 --> Could not find the language line "Đóng"
ERROR - 2020-03-05 12:14:31 --> Could not find the language line "Xác Nhận"
ERROR - 2020-03-05 12:14:31 --> Could not find the language line "Đóng"
ERROR - 2020-03-05 12:14:31 --> Could not find the language line "Xác Nhận"
ERROR - 2020-03-05 14:11:21 --> Could not find the language line "Tạo Điểm Lấy Hàng"
ERROR - 2020-03-05 14:11:21 --> Could not find the language line "Tạo Đơn Hàng"
ERROR - 2020-03-05 14:11:21 --> Severity: Warning --> Invalid argument supplied for foreach() /home/admin/domains/spshd.com/public_html/khachhang/application/views/tab4.php 394
ERROR - 2020-03-05 14:11:21 --> Could not find the language line "Đóng"
ERROR - 2020-03-05 14:11:21 --> Could not find the language line "Xác Nhận"
ERROR - 2020-03-05 14:11:21 --> Severity: Warning --> Invalid argument supplied for foreach() /home/admin/domains/spshd.com/public_html/khachhang/application/views/app.php 157
ERROR - 2020-03-05 14:11:21 --> Severity: Warning --> Invalid argument supplied for foreach() /home/admin/domains/spshd.com/public_html/khachhang/application/views/app.php 168
ERROR - 2020-03-05 14:11:21 --> Could not find the language line "Đóng"
ERROR - 2020-03-05 14:11:21 --> Could not find the language line "Xác Nhận"
ERROR - 2020-03-05 14:11:21 --> Could not find the language line "Đóng"
ERROR - 2020-03-05 14:11:21 --> Could not find the language line "Xác Nhận"
ERROR - 2020-03-05 16:34:07 --> Could not find the language line "Tạo Điểm Lấy Hàng"
ERROR - 2020-03-05 16:34:07 --> Could not find the language line "Tạo Đơn Hàng"
ERROR - 2020-03-05 16:34:07 --> Severity: Warning --> Invalid argument supplied for foreach() /home/admin/domains/spshd.com/public_html/khachhang/application/views/tab4.php 394
ERROR - 2020-03-05 16:34:07 --> Could not find the language line "Đóng"
ERROR - 2020-03-05 16:34:07 --> Could not find the language line "Xác Nhận"
ERROR - 2020-03-05 16:34:07 --> Severity: Warning --> Invalid argument supplied for foreach() /home/admin/domains/spshd.com/public_html/khachhang/application/views/app.php 157
ERROR - 2020-03-05 16:34:07 --> Severity: Warning --> Invalid argument supplied for foreach() /home/admin/domains/spshd.com/public_html/khachhang/application/views/app.php 168
ERROR - 2020-03-05 16:34:07 --> Could not find the language line "Đóng"
ERROR - 2020-03-05 16:34:07 --> Could not find the language line "Xác Nhận"
ERROR - 2020-03-05 16:34:07 --> Could not find the language line "Đóng"
ERROR - 2020-03-05 16:34:07 --> Could not find the language line "Xác Nhận"
ERROR - 2020-03-05 16:34:07 --> Could not find the language line "Tạo Điểm Lấy Hàng"
ERROR - 2020-03-05 16:34:07 --> Could not find the language line "Tạo Đơn Hàng"
ERROR - 2020-03-05 16:34:07 --> Severity: Warning --> Invalid argument supplied for foreach() /home/admin/domains/spshd.com/public_html/khachhang/application/views/tab4.php 394
ERROR - 2020-03-05 16:34:07 --> Could not find the language line "Đóng"
ERROR - 2020-03-05 16:34:07 --> Could not find the language line "Xác Nhận"
ERROR - 2020-03-05 16:34:07 --> Severity: Warning --> Invalid argument supplied for foreach() /home/admin/domains/spshd.com/public_html/khachhang/application/views/app.php 157
ERROR - 2020-03-05 16:34:07 --> Severity: Warning --> Invalid argument supplied for foreach() /home/admin/domains/spshd.com/public_html/khachhang/application/views/app.php 168
ERROR - 2020-03-05 16:34:07 --> Could not find the language line "Đóng"
ERROR - 2020-03-05 16:34:07 --> Could not find the language line "Xác Nhận"
ERROR - 2020-03-05 16:34:07 --> Could not find the language line "Đóng"
ERROR - 2020-03-05 16:34:07 --> Could not find the language line "Xác Nhận"
ERROR - 2020-03-05 16:34:13 --> Could not find the language line "Email"
ERROR - 2020-03-05 16:34:13 --> Could not find the language line "password"
ERROR - 2020-03-05 16:34:35 --> Could not find the language line "Tạo Điểm Lấy Hàng"
ERROR - 2020-03-05 16:34:35 --> Could not find the language line "Tạo Đơn Hàng"
ERROR - 2020-03-05 16:34:35 --> Severity: Warning --> Invalid argument supplied for foreach() /home/admin/domains/spshd.com/public_html/khachhang/application/views/tab4.php 394
ERROR - 2020-03-05 16:34:35 --> Could not find the language line "Đóng"
ERROR - 2020-03-05 16:34:35 --> Could not find the language line "Xác Nhận"
ERROR - 2020-03-05 16:34:35 --> Severity: Warning --> Invalid argument supplied for foreach() /home/admin/domains/spshd.com/public_html/khachhang/application/views/app.php 157
ERROR - 2020-03-05 16:34:35 --> Severity: Warning --> Invalid argument supplied for foreach() /home/admin/domains/spshd.com/public_html/khachhang/application/views/app.php 168
ERROR - 2020-03-05 16:34:35 --> Could not find the language line "Đóng"
ERROR - 2020-03-05 16:34:35 --> Could not find the language line "Xác Nhận"
ERROR - 2020-03-05 16:34:35 --> Could not find the language line "Đóng"
ERROR - 2020-03-05 16:34:35 --> Could not find the language line "Xác Nhận"
ERROR - 2020-03-05 17:33:53 --> Could not find the language line "Tạo Điểm Lấy Hàng"
ERROR - 2020-03-05 17:33:53 --> Could not find the language line "Tạo Đơn Hàng"
ERROR - 2020-03-05 17:33:53 --> Severity: Warning --> Invalid argument supplied for foreach() /home/admin/domains/spshd.com/public_html/khachhang/application/views/tab4.php 394
ERROR - 2020-03-05 17:33:53 --> Could not find the language line "Đóng"
ERROR - 2020-03-05 17:33:53 --> Could not find the language line "Xác Nhận"
ERROR - 2020-03-05 17:33:53 --> Severity: Warning --> Invalid argument supplied for foreach() /home/admin/domains/spshd.com/public_html/khachhang/application/views/app.php 157
ERROR - 2020-03-05 17:33:53 --> Severity: Warning --> Invalid argument supplied for foreach() /home/admin/domains/spshd.com/public_html/khachhang/application/views/app.php 168
ERROR - 2020-03-05 17:33:53 --> Could not find the language line "Đóng"
ERROR - 2020-03-05 17:33:53 --> Could not find the language line "Xác Nhận"
ERROR - 2020-03-05 17:33:53 --> Could not find the language line "Đóng"
ERROR - 2020-03-05 17:33:54 --> Could not find the language line "Xác Nhận"
ERROR - 2020-03-05 17:52:24 --> Could not find the language line "Tạo Điểm Lấy Hàng"
ERROR - 2020-03-05 17:52:24 --> Could not find the language line "Tạo Đơn Hàng"
ERROR - 2020-03-05 17:52:24 --> Severity: Warning --> Invalid argument supplied for foreach() /home/admin/domains/spshd.com/public_html/khachhang/application/views/tab4.php 394
ERROR - 2020-03-05 17:52:24 --> Could not find the language line "Đóng"
ERROR - 2020-03-05 17:52:24 --> Could not find the language line "Xác Nhận"
ERROR - 2020-03-05 17:52:24 --> Severity: Warning --> Invalid argument supplied for foreach() /home/admin/domains/spshd.com/public_html/khachhang/application/views/app.php 157
ERROR - 2020-03-05 17:52:24 --> Severity: Warning --> Invalid argument supplied for foreach() /home/admin/domains/spshd.com/public_html/khachhang/application/views/app.php 168
ERROR - 2020-03-05 17:52:24 --> Could not find the language line "Đóng"
ERROR - 2020-03-05 17:52:24 --> Could not find the language line "Xác Nhận"
ERROR - 2020-03-05 17:52:24 --> Could not find the language line "Đóng"
ERROR - 2020-03-05 17:52:24 --> Could not find the language line "Xác Nhận"
ERROR - 2020-03-05 18:42:31 --> Could not find the language line "Tạo Điểm Lấy Hàng"
ERROR - 2020-03-05 18:42:31 --> Could not find the language line "Tạo Đơn Hàng"
ERROR - 2020-03-05 18:42:31 --> Severity: Warning --> Invalid argument supplied for foreach() /home/admin/domains/spshd.com/public_html/khachhang/application/views/tab4.php 394
ERROR - 2020-03-05 18:42:31 --> Could not find the language line "Đóng"
ERROR - 2020-03-05 18:42:31 --> Could not find the language line "Xác Nhận"
ERROR - 2020-03-05 18:42:31 --> Severity: Warning --> Invalid argument supplied for foreach() /home/admin/domains/spshd.com/public_html/khachhang/application/views/app.php 157
ERROR - 2020-03-05 18:42:31 --> Severity: Warning --> Invalid argument supplied for foreach() /home/admin/domains/spshd.com/public_html/khachhang/application/views/app.php 168
ERROR - 2020-03-05 18:42:31 --> Could not find the language line "Đóng"
ERROR - 2020-03-05 18:42:31 --> Could not find the language line "Xác Nhận"
ERROR - 2020-03-05 18:42:31 --> Could not find the language line "Đóng"
ERROR - 2020-03-05 18:42:31 --> Could not find the language line "Xác Nhận"
ERROR - 2020-03-05 18:42:44 --> Could not find the language line "Tạo Điểm Lấy Hàng"
ERROR - 2020-03-05 18:42:44 --> Could not find the language line "Tạo Đơn Hàng"
ERROR - 2020-03-05 18:42:44 --> Severity: Warning --> Invalid argument supplied for foreach() /home/admin/domains/spshd.com/public_html/khachhang/application/views/tab4.php 394
ERROR - 2020-03-05 18:42:44 --> Could not find the language line "Đóng"
ERROR - 2020-03-05 18:42:44 --> Could not find the language line "Xác Nhận"
ERROR - 2020-03-05 18:42:44 --> Severity: Warning --> Invalid argument supplied for foreach() /home/admin/domains/spshd.com/public_html/khachhang/application/views/app.php 157
ERROR - 2020-03-05 18:42:44 --> Severity: Warning --> Invalid argument supplied for foreach() /home/admin/domains/spshd.com/public_html/khachhang/application/views/app.php 168
ERROR - 2020-03-05 18:42:44 --> Could not find the language line "Đóng"
ERROR - 2020-03-05 18:42:44 --> Could not find the language line "Xác Nhận"
ERROR - 2020-03-05 18:42:44 --> Could not find the language line "Đóng"
ERROR - 2020-03-05 18:42:44 --> Could not find the language line "Xác Nhận"
ERROR - 2020-03-05 18:43:22 --> Could not find the language line "Tạo Điểm Lấy Hàng"
ERROR - 2020-03-05 18:43:22 --> Could not find the language line "Tạo Đơn Hàng"
ERROR - 2020-03-05 18:43:22 --> Severity: Warning --> Invalid argument supplied for foreach() /home/admin/domains/spshd.com/public_html/khachhang/application/views/tab4.php 394
ERROR - 2020-03-05 18:43:22 --> Could not find the language line "Đóng"
ERROR - 2020-03-05 18:43:22 --> Could not find the language line "Xác Nhận"
ERROR - 2020-03-05 18:43:22 --> Severity: Warning --> Invalid argument supplied for foreach() /home/admin/domains/spshd.com/public_html/khachhang/application/views/app.php 157
ERROR - 2020-03-05 18:43:22 --> Severity: Warning --> Invalid argument supplied for foreach() /home/admin/domains/spshd.com/public_html/khachhang/application/views/app.php 168
ERROR - 2020-03-05 18:43:22 --> Could not find the language line "Đóng"
ERROR - 2020-03-05 18:43:22 --> Could not find the language line "Xác Nhận"
ERROR - 2020-03-05 18:43:22 --> Could not find the language line "Đóng"
ERROR - 2020-03-05 18:43:22 --> Could not find the language line "Xác Nhận"
