ERROR - 2020-06-30 01:43:21 --> Could not find the language line "Tạo Điểm Lấy Hàng"
ERROR - 2020-06-30 01:43:21 --> Could not find the language line "Tạo Đơn Hàng"
ERROR - 2020-06-30 01:43:21 --> Could not find the language line "Tải Excel"
ERROR - 2020-06-30 01:43:21 --> Could not find the language line "Đóng"
ERROR - 2020-06-30 01:43:21 --> Could not find the language line "Xác Nhận"
ERROR - 2020-06-30 01:43:21 --> Severity: Warning --> Invalid argument supplied for foreach() /home/admin/domains/spshd.com/public_html/khachhang/application/views/app.php 162
ERROR - 2020-06-30 01:43:21 --> Severity: Warning --> Invalid argument supplied for foreach() /home/admin/domains/spshd.com/public_html/khachhang/application/views/app.php 173
ERROR - 2020-06-30 01:43:21 --> Could not find the language line "Đóng"
ERROR - 2020-06-30 01:43:21 --> Could not find the language line "Xác Nhận"
ERROR - 2020-06-30 01:43:21 --> Could not find the language line "Đóng"
ERROR - 2020-06-30 01:43:21 --> Could not find the language line "Xác Nhận"
ERROR - 2020-06-30 01:43:21 --> Could not find the language line "Đóng"
ERROR - 2020-06-30 01:43:21 --> Could not find the language line "Tải"
ERROR - 2020-06-30 01:43:21 --> Could not find the language line "Tạo Điểm Lấy Hàng"
ERROR - 2020-06-30 01:43:21 --> Could not find the language line "Tạo Đơn Hàng"
ERROR - 2020-06-30 01:43:21 --> Could not find the language line "Tải Excel"
ERROR - 2020-06-30 01:43:21 --> Could not find the language line "Đóng"
ERROR - 2020-06-30 01:43:21 --> Could not find the language line "Xác Nhận"
ERROR - 2020-06-30 01:43:21 --> Severity: Warning --> Invalid argument supplied for foreach() /home/admin/domains/spshd.com/public_html/khachhang/application/views/app.php 162
ERROR - 2020-06-30 01:43:21 --> Severity: Warning --> Invalid argument supplied for foreach() /home/admin/domains/spshd.com/public_html/khachhang/application/views/app.php 173
ERROR - 2020-06-30 01:43:21 --> Could not find the language line "Đóng"
ERROR - 2020-06-30 01:43:21 --> Could not find the language line "Xác Nhận"
ERROR - 2020-06-30 01:43:21 --> Could not find the language line "Đóng"
ERROR - 2020-06-30 01:43:21 --> Could not find the language line "Xác Nhận"
ERROR - 2020-06-30 01:43:21 --> Could not find the language line "Đóng"
ERROR - 2020-06-30 01:43:21 --> Could not find the language line "Tải"
ERROR - 2020-06-30 00:53:18 --> Could not find the language line "Email"
ERROR - 2020-06-30 00:53:18 --> Could not find the language line "password"
ERROR - 2020-06-30 00:56:53 --> Could not find the language line "Email"
ERROR - 2020-06-30 00:56:53 --> Could not find the language line "password"
ERROR - 2020-06-30 00:59:18 --> Could not find the language line "Email"
ERROR - 2020-06-30 00:59:18 --> Could not find the language line "password"
ERROR - 2020-06-30 01:02:53 --> Could not find the language line "Email"
ERROR - 2020-06-30 01:02:53 --> Could not find the language line "password"
ERROR - 2020-06-30 02:27:31 --> Could not find the language line "Email"
ERROR - 2020-06-30 02:27:31 --> Could not find the language line "password"
ERROR - 2020-06-30 08:30:47 --> Could not find the language line "Tạo Điểm Lấy Hàng"
ERROR - 2020-06-30 08:30:47 --> Could not find the language line "Tạo Đơn Hàng"
ERROR - 2020-06-30 08:30:47 --> Could not find the language line "Tải Excel"
ERROR - 2020-06-30 08:30:47 --> Could not find the language line "Đóng"
ERROR - 2020-06-30 08:30:47 --> Could not find the language line "Xác Nhận"
ERROR - 2020-06-30 08:30:47 --> Severity: Warning --> Invalid argument supplied for foreach() /home/admin/domains/spshd.com/public_html/khachhang/application/views/app.php 162
ERROR - 2020-06-30 08:30:47 --> Severity: Warning --> Invalid argument supplied for foreach() /home/admin/domains/spshd.com/public_html/khachhang/application/views/app.php 173
ERROR - 2020-06-30 08:30:47 --> Could not find the language line "Đóng"
ERROR - 2020-06-30 08:30:47 --> Could not find the language line "Xác Nhận"
ERROR - 2020-06-30 08:30:47 --> Could not find the language line "Đóng"
ERROR - 2020-06-30 08:30:47 --> Could not find the language line "Xác Nhận"
ERROR - 2020-06-30 08:30:47 --> Could not find the language line "Đóng"
ERROR - 2020-06-30 08:30:47 --> Could not find the language line "Tải"
ERROR - 2020-06-30 02:37:46 --> Could not find the language line "Email"
ERROR - 2020-06-30 02:37:46 --> Could not find the language line "password"
ERROR - 2020-06-30 02:38:00 --> Could not find the language line "Email"
ERROR - 2020-06-30 02:38:00 --> Could not find the language line "password"
ERROR - 2020-06-30 02:38:36 --> Could not find the language line "Email"
ERROR - 2020-06-30 02:38:36 --> Could not find the language line "password"
ERROR - 2020-06-30 02:39:37 --> Could not find the language line "Email"
ERROR - 2020-06-30 02:39:37 --> Could not find the language line "password"
ERROR - 2020-06-30 02:42:11 --> Could not find the language line "Email"
ERROR - 2020-06-30 02:42:11 --> Could not find the language line "password"
ERROR - 2020-06-30 08:43:20 --> Could not find the language line "Tạo Điểm Lấy Hàng"
ERROR - 2020-06-30 08:43:20 --> Could not find the language line "Tạo Đơn Hàng"
ERROR - 2020-06-30 08:43:20 --> Could not find the language line "Tải Excel"
ERROR - 2020-06-30 08:43:20 --> Could not find the language line "Đóng"
ERROR - 2020-06-30 08:43:20 --> Could not find the language line "Xác Nhận"
ERROR - 2020-06-30 08:43:20 --> Severity: Warning --> Invalid argument supplied for foreach() /home/admin/domains/spshd.com/public_html/khachhang/application/views/app.php 162
ERROR - 2020-06-30 08:43:20 --> Severity: Warning --> Invalid argument supplied for foreach() /home/admin/domains/spshd.com/public_html/khachhang/application/views/app.php 173
ERROR - 2020-06-30 08:43:20 --> Could not find the language line "Đóng"
ERROR - 2020-06-30 08:43:20 --> Could not find the language line "Xác Nhận"
ERROR - 2020-06-30 08:43:20 --> Could not find the language line "Đóng"
ERROR - 2020-06-30 08:43:20 --> Could not find the language line "Xác Nhận"
ERROR - 2020-06-30 08:43:20 --> Could not find the language line "Đóng"
ERROR - 2020-06-30 08:43:20 --> Could not find the language line "Tải"
ERROR - 2020-06-30 02:43:51 --> Could not find the language line "Email"
ERROR - 2020-06-30 02:43:51 --> Could not find the language line "password"
ERROR - 2020-06-30 02:45:42 --> Could not find the language line "Email"
ERROR - 2020-06-30 02:45:42 --> Could not find the language line "password"
ERROR - 2020-06-30 08:46:44 --> Could not find the language line "Tạo Điểm Lấy Hàng"
ERROR - 2020-06-30 08:46:44 --> Could not find the language line "Tạo Đơn Hàng"
ERROR - 2020-06-30 08:46:44 --> Could not find the language line "Tải Excel"
ERROR - 2020-06-30 08:46:44 --> Could not find the language line "Đóng"
ERROR - 2020-06-30 08:46:44 --> Could not find the language line "Xác Nhận"
ERROR - 2020-06-30 08:46:44 --> Severity: Warning --> Invalid argument supplied for foreach() /home/admin/domains/spshd.com/public_html/khachhang/application/views/app.php 162
ERROR - 2020-06-30 08:46:44 --> Severity: Warning --> Invalid argument supplied for foreach() /home/admin/domains/spshd.com/public_html/khachhang/application/views/app.php 173
ERROR - 2020-06-30 08:46:44 --> Could not find the language line "Đóng"
ERROR - 2020-06-30 08:46:44 --> Could not find the language line "Xác Nhận"
ERROR - 2020-06-30 08:46:44 --> Could not find the language line "Đóng"
ERROR - 2020-06-30 08:46:44 --> Could not find the language line "Xác Nhận"
ERROR - 2020-06-30 08:46:44 --> Could not find the language line "Đóng"
ERROR - 2020-06-30 08:46:44 --> Could not find the language line "Tải"
ERROR - 2020-06-30 02:48:50 --> Could not find the language line "Email"
ERROR - 2020-06-30 02:48:50 --> Could not find the language line "password"
ERROR - 2020-06-30 09:06:39 --> Could not find the language line "Tạo Điểm Lấy Hàng"
ERROR - 2020-06-30 09:06:39 --> Could not find the language line "Tạo Đơn Hàng"
ERROR - 2020-06-30 09:06:39 --> Could not find the language line "Tải Excel"
ERROR - 2020-06-30 09:06:39 --> Could not find the language line "Đóng"
ERROR - 2020-06-30 09:06:39 --> Could not find the language line "Xác Nhận"
ERROR - 2020-06-30 09:06:39 --> Severity: Warning --> Invalid argument supplied for foreach() /home/admin/domains/spshd.com/public_html/khachhang/application/views/app.php 162
ERROR - 2020-06-30 09:06:39 --> Severity: Warning --> Invalid argument supplied for foreach() /home/admin/domains/spshd.com/public_html/khachhang/application/views/app.php 173
ERROR - 2020-06-30 09:06:39 --> Could not find the language line "Đóng"
ERROR - 2020-06-30 09:06:39 --> Could not find the language line "Xác Nhận"
ERROR - 2020-06-30 09:06:39 --> Could not find the language line "Đóng"
ERROR - 2020-06-30 09:06:39 --> Could not find the language line "Xác Nhận"
ERROR - 2020-06-30 09:06:39 --> Could not find the language line "Đóng"
ERROR - 2020-06-30 09:06:39 --> Could not find the language line "Tải"
ERROR - 2020-06-30 09:23:04 --> Could not find the language line "Tạo Điểm Lấy Hàng"
ERROR - 2020-06-30 09:23:04 --> Could not find the language line "Tạo Đơn Hàng"
ERROR - 2020-06-30 09:23:04 --> Could not find the language line "Tải Excel"
ERROR - 2020-06-30 09:23:04 --> Could not find the language line "Đóng"
ERROR - 2020-06-30 09:23:04 --> Could not find the language line "Xác Nhận"
ERROR - 2020-06-30 09:23:04 --> Severity: Warning --> Invalid argument supplied for foreach() /home/admin/domains/spshd.com/public_html/khachhang/application/views/app.php 162
ERROR - 2020-06-30 09:23:04 --> Severity: Warning --> Invalid argument supplied for foreach() /home/admin/domains/spshd.com/public_html/khachhang/application/views/app.php 173
ERROR - 2020-06-30 09:23:04 --> Could not find the language line "Đóng"
ERROR - 2020-06-30 09:23:04 --> Could not find the language line "Xác Nhận"
ERROR - 2020-06-30 09:23:04 --> Could not find the language line "Đóng"
ERROR - 2020-06-30 09:23:04 --> Could not find the language line "Xác Nhận"
ERROR - 2020-06-30 09:23:04 --> Could not find the language line "Đóng"
ERROR - 2020-06-30 09:23:04 --> Could not find the language line "Tải"
ERROR - 2020-06-30 04:17:49 --> Could not find the language line "Email"
ERROR - 2020-06-30 04:17:49 --> Could not find the language line "password"
ERROR - 2020-06-30 10:42:18 --> Could not find the language line "Tạo Điểm Lấy Hàng"
ERROR - 2020-06-30 10:42:18 --> Could not find the language line "Tạo Đơn Hàng"
ERROR - 2020-06-30 10:42:18 --> Could not find the language line "Tải Excel"
ERROR - 2020-06-30 10:42:18 --> Could not find the language line "Đóng"
ERROR - 2020-06-30 10:42:18 --> Could not find the language line "Xác Nhận"
ERROR - 2020-06-30 10:42:18 --> Severity: Warning --> Invalid argument supplied for foreach() /home/admin/domains/spshd.com/public_html/khachhang/application/views/app.php 162
ERROR - 2020-06-30 10:42:18 --> Severity: Warning --> Invalid argument supplied for foreach() /home/admin/domains/spshd.com/public_html/khachhang/application/views/app.php 173
ERROR - 2020-06-30 10:42:18 --> Could not find the language line "Đóng"
ERROR - 2020-06-30 10:42:18 --> Could not find the language line "Xác Nhận"
ERROR - 2020-06-30 10:42:18 --> Could not find the language line "Đóng"
ERROR - 2020-06-30 10:42:18 --> Could not find the language line "Xác Nhận"
ERROR - 2020-06-30 10:42:18 --> Could not find the language line "Đóng"
ERROR - 2020-06-30 10:42:18 --> Could not find the language line "Tải"
ERROR - 2020-06-30 11:03:36 --> Could not find the language line "Tạo Điểm Lấy Hàng"
ERROR - 2020-06-30 11:03:36 --> Could not find the language line "Tạo Đơn Hàng"
ERROR - 2020-06-30 11:03:36 --> Could not find the language line "Tải Excel"
ERROR - 2020-06-30 11:03:36 --> Could not find the language line "Đóng"
ERROR - 2020-06-30 11:03:36 --> Could not find the language line "Xác Nhận"
ERROR - 2020-06-30 11:03:36 --> Severity: Warning --> Invalid argument supplied for foreach() /home/admin/domains/spshd.com/public_html/khachhang/application/views/app.php 162
ERROR - 2020-06-30 11:03:36 --> Severity: Warning --> Invalid argument supplied for foreach() /home/admin/domains/spshd.com/public_html/khachhang/application/views/app.php 173
ERROR - 2020-06-30 11:03:36 --> Could not find the language line "Đóng"
ERROR - 2020-06-30 11:03:36 --> Could not find the language line "Xác Nhận"
ERROR - 2020-06-30 11:03:36 --> Could not find the language line "Đóng"
ERROR - 2020-06-30 11:03:36 --> Could not find the language line "Xác Nhận"
ERROR - 2020-06-30 11:03:36 --> Could not find the language line "Đóng"
ERROR - 2020-06-30 11:03:36 --> Could not find the language line "Tải"
ERROR - 2020-06-30 11:30:51 --> Could not find the language line "Tạo Điểm Lấy Hàng"
ERROR - 2020-06-30 11:30:51 --> Could not find the language line "Tạo Đơn Hàng"
ERROR - 2020-06-30 11:30:51 --> Could not find the language line "Tải Excel"
ERROR - 2020-06-30 11:30:51 --> Could not find the language line "Đóng"
ERROR - 2020-06-30 11:30:51 --> Could not find the language line "Xác Nhận"
ERROR - 2020-06-30 11:30:51 --> Severity: Warning --> Invalid argument supplied for foreach() /home/admin/domains/spshd.com/public_html/khachhang/application/views/app.php 162
ERROR - 2020-06-30 11:30:51 --> Severity: Warning --> Invalid argument supplied for foreach() /home/admin/domains/spshd.com/public_html/khachhang/application/views/app.php 173
ERROR - 2020-06-30 11:30:51 --> Could not find the language line "Đóng"
ERROR - 2020-06-30 11:30:51 --> Could not find the language line "Xác Nhận"
ERROR - 2020-06-30 11:30:51 --> Could not find the language line "Đóng"
ERROR - 2020-06-30 11:30:51 --> Could not find the language line "Xác Nhận"
ERROR - 2020-06-30 11:30:51 --> Could not find the language line "Đóng"
ERROR - 2020-06-30 11:30:51 --> Could not find the language line "Tải"
ERROR - 2020-06-30 11:37:19 --> Could not find the language line "Tạo Điểm Lấy Hàng"
ERROR - 2020-06-30 11:37:19 --> Could not find the language line "Tạo Đơn Hàng"
ERROR - 2020-06-30 11:37:19 --> Could not find the language line "Tải Excel"
ERROR - 2020-06-30 11:37:19 --> Could not find the language line "Đóng"
ERROR - 2020-06-30 11:37:19 --> Could not find the language line "Xác Nhận"
ERROR - 2020-06-30 11:37:19 --> Severity: Warning --> Invalid argument supplied for foreach() /home/admin/domains/spshd.com/public_html/khachhang/application/views/app.php 162
ERROR - 2020-06-30 11:37:19 --> Severity: Warning --> Invalid argument supplied for foreach() /home/admin/domains/spshd.com/public_html/khachhang/application/views/app.php 173
ERROR - 2020-06-30 11:37:19 --> Could not find the language line "Đóng"
ERROR - 2020-06-30 11:37:19 --> Could not find the language line "Xác Nhận"
ERROR - 2020-06-30 11:37:19 --> Could not find the language line "Đóng"
ERROR - 2020-06-30 11:37:19 --> Could not find the language line "Xác Nhận"
ERROR - 2020-06-30 11:37:19 --> Could not find the language line "Đóng"
ERROR - 2020-06-30 11:37:19 --> Could not find the language line "Tải"
ERROR - 2020-06-30 05:49:41 --> Could not find the language line "Email"
ERROR - 2020-06-30 05:49:41 --> Could not find the language line "password"
ERROR - 2020-06-30 11:56:38 --> Could not find the language line "Tạo Điểm Lấy Hàng"
ERROR - 2020-06-30 11:56:38 --> Could not find the language line "Tạo Đơn Hàng"
ERROR - 2020-06-30 11:56:38 --> Could not find the language line "Tải Excel"
ERROR - 2020-06-30 11:56:38 --> Could not find the language line "Đóng"
ERROR - 2020-06-30 11:56:38 --> Could not find the language line "Xác Nhận"
ERROR - 2020-06-30 11:56:38 --> Severity: Warning --> Invalid argument supplied for foreach() /home/admin/domains/spshd.com/public_html/khachhang/application/views/app.php 162
ERROR - 2020-06-30 11:56:38 --> Severity: Warning --> Invalid argument supplied for foreach() /home/admin/domains/spshd.com/public_html/khachhang/application/views/app.php 173
ERROR - 2020-06-30 11:56:38 --> Could not find the language line "Đóng"
ERROR - 2020-06-30 11:56:38 --> Could not find the language line "Xác Nhận"
ERROR - 2020-06-30 11:56:38 --> Could not find the language line "Đóng"
ERROR - 2020-06-30 11:56:38 --> Could not find the language line "Xác Nhận"
ERROR - 2020-06-30 11:56:38 --> Could not find the language line "Đóng"
ERROR - 2020-06-30 11:56:38 --> Could not find the language line "Tải"
ERROR - 2020-06-30 11:56:38 --> Could not find the language line "Tạo Điểm Lấy Hàng"
ERROR - 2020-06-30 11:56:38 --> Could not find the language line "Tạo Đơn Hàng"
ERROR - 2020-06-30 11:56:38 --> Could not find the language line "Tải Excel"
ERROR - 2020-06-30 11:56:38 --> Could not find the language line "Đóng"
ERROR - 2020-06-30 11:56:38 --> Could not find the language line "Xác Nhận"
ERROR - 2020-06-30 11:56:38 --> Severity: Warning --> Invalid argument supplied for foreach() /home/admin/domains/spshd.com/public_html/khachhang/application/views/app.php 162
ERROR - 2020-06-30 11:56:38 --> Severity: Warning --> Invalid argument supplied for foreach() /home/admin/domains/spshd.com/public_html/khachhang/application/views/app.php 173
ERROR - 2020-06-30 11:56:38 --> Could not find the language line "Đóng"
ERROR - 2020-06-30 11:56:38 --> Could not find the language line "Xác Nhận"
ERROR - 2020-06-30 11:56:38 --> Could not find the language line "Đóng"
ERROR - 2020-06-30 11:56:38 --> Could not find the language line "Xác Nhận"
ERROR - 2020-06-30 11:56:38 --> Could not find the language line "Đóng"
ERROR - 2020-06-30 11:56:38 --> Could not find the language line "Tải"
ERROR - 2020-06-30 11:57:32 --> Could not find the language line "Tạo Điểm Lấy Hàng"
ERROR - 2020-06-30 11:57:32 --> Could not find the language line "Tạo Đơn Hàng"
ERROR - 2020-06-30 11:57:32 --> Could not find the language line "Tải Excel"
ERROR - 2020-06-30 11:57:32 --> Could not find the language line "Đóng"
ERROR - 2020-06-30 11:57:32 --> Could not find the language line "Xác Nhận"
ERROR - 2020-06-30 11:57:32 --> Severity: Warning --> Invalid argument supplied for foreach() /home/admin/domains/spshd.com/public_html/khachhang/application/views/app.php 162
ERROR - 2020-06-30 11:57:32 --> Severity: Warning --> Invalid argument supplied for foreach() /home/admin/domains/spshd.com/public_html/khachhang/application/views/app.php 173
ERROR - 2020-06-30 11:57:32 --> Could not find the language line "Đóng"
ERROR - 2020-06-30 11:57:32 --> Could not find the language line "Xác Nhận"
ERROR - 2020-06-30 11:57:32 --> Could not find the language line "Đóng"
ERROR - 2020-06-30 11:57:32 --> Could not find the language line "Xác Nhận"
ERROR - 2020-06-30 11:57:32 --> Could not find the language line "Đóng"
ERROR - 2020-06-30 11:57:32 --> Could not find the language line "Tải"
ERROR - 2020-06-30 05:58:11 --> Could not find the language line "Email"
ERROR - 2020-06-30 05:58:11 --> Could not find the language line "password"
ERROR - 2020-06-30 12:03:50 --> Could not find the language line "Tạo Điểm Lấy Hàng"
ERROR - 2020-06-30 12:03:50 --> Could not find the language line "Tạo Đơn Hàng"
ERROR - 2020-06-30 12:03:50 --> Could not find the language line "Tải Excel"
ERROR - 2020-06-30 12:03:50 --> Could not find the language line "Đóng"
ERROR - 2020-06-30 12:03:50 --> Could not find the language line "Xác Nhận"
ERROR - 2020-06-30 12:03:50 --> Severity: Warning --> Invalid argument supplied for foreach() /home/admin/domains/spshd.com/public_html/khachhang/application/views/app.php 162
ERROR - 2020-06-30 12:03:50 --> Severity: Warning --> Invalid argument supplied for foreach() /home/admin/domains/spshd.com/public_html/khachhang/application/views/app.php 173
ERROR - 2020-06-30 12:03:50 --> Could not find the language line "Đóng"
ERROR - 2020-06-30 12:03:50 --> Could not find the language line "Xác Nhận"
ERROR - 2020-06-30 12:03:50 --> Could not find the language line "Đóng"
ERROR - 2020-06-30 12:03:50 --> Could not find the language line "Xác Nhận"
ERROR - 2020-06-30 12:03:50 --> Could not find the language line "Đóng"
ERROR - 2020-06-30 12:03:50 --> Could not find the language line "Tải"
ERROR - 2020-06-30 06:04:12 --> Could not find the language line "Email"
ERROR - 2020-06-30 06:04:12 --> Could not find the language line "password"
ERROR - 2020-06-30 06:04:13 --> Could not find the language line "Email"
ERROR - 2020-06-30 06:04:13 --> Could not find the language line "password"
ERROR - 2020-06-30 06:10:00 --> Could not find the language line "Email"
ERROR - 2020-06-30 06:10:00 --> Could not find the language line "password"
ERROR - 2020-06-30 12:15:50 --> Could not find the language line "Tạo Điểm Lấy Hàng"
ERROR - 2020-06-30 12:15:50 --> Could not find the language line "Tạo Đơn Hàng"
ERROR - 2020-06-30 12:15:50 --> Could not find the language line "Tải Excel"
ERROR - 2020-06-30 12:15:50 --> Could not find the language line "Đóng"
ERROR - 2020-06-30 12:15:50 --> Could not find the language line "Xác Nhận"
ERROR - 2020-06-30 12:15:50 --> Severity: Warning --> Invalid argument supplied for foreach() /home/admin/domains/spshd.com/public_html/khachhang/application/views/app.php 162
ERROR - 2020-06-30 12:15:50 --> Severity: Warning --> Invalid argument supplied for foreach() /home/admin/domains/spshd.com/public_html/khachhang/application/views/app.php 173
ERROR - 2020-06-30 12:15:50 --> Could not find the language line "Đóng"
ERROR - 2020-06-30 12:15:50 --> Could not find the language line "Xác Nhận"
ERROR - 2020-06-30 12:15:50 --> Could not find the language line "Đóng"
ERROR - 2020-06-30 12:15:50 --> Could not find the language line "Xác Nhận"
ERROR - 2020-06-30 12:15:50 --> Could not find the language line "Đóng"
ERROR - 2020-06-30 12:15:50 --> Could not find the language line "Tải"
ERROR - 2020-06-30 12:15:50 --> Could not find the language line "Tạo Điểm Lấy Hàng"
ERROR - 2020-06-30 12:15:50 --> Could not find the language line "Tạo Đơn Hàng"
ERROR - 2020-06-30 12:15:50 --> Could not find the language line "Tải Excel"
ERROR - 2020-06-30 12:15:50 --> Could not find the language line "Đóng"
ERROR - 2020-06-30 12:15:50 --> Could not find the language line "Xác Nhận"
ERROR - 2020-06-30 12:15:50 --> Severity: Warning --> Invalid argument supplied for foreach() /home/admin/domains/spshd.com/public_html/khachhang/application/views/app.php 162
ERROR - 2020-06-30 12:15:50 --> Severity: Warning --> Invalid argument supplied for foreach() /home/admin/domains/spshd.com/public_html/khachhang/application/views/app.php 173
ERROR - 2020-06-30 12:15:50 --> Could not find the language line "Đóng"
ERROR - 2020-06-30 12:15:50 --> Could not find the language line "Xác Nhận"
ERROR - 2020-06-30 12:15:50 --> Could not find the language line "Đóng"
ERROR - 2020-06-30 12:15:50 --> Could not find the language line "Xác Nhận"
ERROR - 2020-06-30 12:15:50 --> Could not find the language line "Đóng"
ERROR - 2020-06-30 12:15:50 --> Could not find the language line "Tải"
ERROR - 2020-06-30 13:51:01 --> Could not find the language line "Tạo Điểm Lấy Hàng"
ERROR - 2020-06-30 13:51:01 --> Could not find the language line "Tạo Đơn Hàng"
ERROR - 2020-06-30 13:51:01 --> Could not find the language line "Tải Excel"
ERROR - 2020-06-30 13:51:01 --> Could not find the language line "Đóng"
ERROR - 2020-06-30 13:51:01 --> Could not find the language line "Xác Nhận"
ERROR - 2020-06-30 13:51:01 --> Severity: Warning --> Invalid argument supplied for foreach() /home/admin/domains/spshd.com/public_html/khachhang/application/views/app.php 162
ERROR - 2020-06-30 13:51:01 --> Severity: Warning --> Invalid argument supplied for foreach() /home/admin/domains/spshd.com/public_html/khachhang/application/views/app.php 173
ERROR - 2020-06-30 13:51:01 --> Could not find the language line "Đóng"
ERROR - 2020-06-30 13:51:01 --> Could not find the language line "Xác Nhận"
ERROR - 2020-06-30 13:51:01 --> Could not find the language line "Đóng"
ERROR - 2020-06-30 13:51:01 --> Could not find the language line "Xác Nhận"
ERROR - 2020-06-30 13:51:01 --> Could not find the language line "Đóng"
ERROR - 2020-06-30 13:51:01 --> Could not find the language line "Tải"
ERROR - 2020-06-30 13:58:31 --> Could not find the language line "Tạo Điểm Lấy Hàng"
ERROR - 2020-06-30 13:58:31 --> Could not find the language line "Tạo Đơn Hàng"
ERROR - 2020-06-30 13:58:31 --> Could not find the language line "Tải Excel"
ERROR - 2020-06-30 13:58:31 --> Could not find the language line "Đóng"
ERROR - 2020-06-30 13:58:31 --> Could not find the language line "Xác Nhận"
ERROR - 2020-06-30 13:58:31 --> Severity: Warning --> Invalid argument supplied for foreach() /home/admin/domains/spshd.com/public_html/khachhang/application/views/app.php 162
ERROR - 2020-06-30 13:58:31 --> Severity: Warning --> Invalid argument supplied for foreach() /home/admin/domains/spshd.com/public_html/khachhang/application/views/app.php 173
ERROR - 2020-06-30 13:58:31 --> Could not find the language line "Đóng"
ERROR - 2020-06-30 13:58:31 --> Could not find the language line "Xác Nhận"
ERROR - 2020-06-30 13:58:31 --> Could not find the language line "Đóng"
ERROR - 2020-06-30 13:58:31 --> Could not find the language line "Xác Nhận"
ERROR - 2020-06-30 13:58:31 --> Could not find the language line "Đóng"
ERROR - 2020-06-30 13:58:31 --> Could not find the language line "Tải"
ERROR - 2020-06-30 14:19:27 --> Could not find the language line "Tạo Điểm Lấy Hàng"
ERROR - 2020-06-30 14:19:27 --> Could not find the language line "Tạo Đơn Hàng"
ERROR - 2020-06-30 14:19:27 --> Could not find the language line "Tải Excel"
ERROR - 2020-06-30 14:19:27 --> Could not find the language line "Đóng"
ERROR - 2020-06-30 14:19:27 --> Could not find the language line "Xác Nhận"
ERROR - 2020-06-30 14:19:27 --> Severity: Warning --> Invalid argument supplied for foreach() /home/admin/domains/spshd.com/public_html/khachhang/application/views/app.php 162
ERROR - 2020-06-30 14:19:27 --> Severity: Warning --> Invalid argument supplied for foreach() /home/admin/domains/spshd.com/public_html/khachhang/application/views/app.php 173
ERROR - 2020-06-30 14:19:27 --> Could not find the language line "Đóng"
ERROR - 2020-06-30 14:19:27 --> Could not find the language line "Xác Nhận"
ERROR - 2020-06-30 14:19:27 --> Could not find the language line "Đóng"
ERROR - 2020-06-30 14:19:27 --> Could not find the language line "Xác Nhận"
ERROR - 2020-06-30 14:19:27 --> Could not find the language line "Đóng"
ERROR - 2020-06-30 14:19:27 --> Could not find the language line "Tải"
ERROR - 2020-06-30 14:19:27 --> Could not find the language line "Tạo Điểm Lấy Hàng"
ERROR - 2020-06-30 14:19:27 --> Could not find the language line "Tạo Đơn Hàng"
ERROR - 2020-06-30 14:19:27 --> Could not find the language line "Tải Excel"
ERROR - 2020-06-30 14:19:27 --> Could not find the language line "Đóng"
ERROR - 2020-06-30 14:19:27 --> Could not find the language line "Xác Nhận"
ERROR - 2020-06-30 14:19:27 --> Severity: Warning --> Invalid argument supplied for foreach() /home/admin/domains/spshd.com/public_html/khachhang/application/views/app.php 162
ERROR - 2020-06-30 14:19:27 --> Severity: Warning --> Invalid argument supplied for foreach() /home/admin/domains/spshd.com/public_html/khachhang/application/views/app.php 173
ERROR - 2020-06-30 14:19:27 --> Could not find the language line "Đóng"
ERROR - 2020-06-30 14:19:27 --> Could not find the language line "Xác Nhận"
ERROR - 2020-06-30 14:19:27 --> Could not find the language line "Đóng"
ERROR - 2020-06-30 14:19:27 --> Could not find the language line "Xác Nhận"
ERROR - 2020-06-30 14:19:27 --> Could not find the language line "Đóng"
ERROR - 2020-06-30 14:19:27 --> Could not find the language line "Tải"
ERROR - 2020-06-30 14:32:36 --> Could not find the language line "Tạo Điểm Lấy Hàng"
ERROR - 2020-06-30 14:32:36 --> Could not find the language line "Tạo Đơn Hàng"
ERROR - 2020-06-30 14:32:36 --> Could not find the language line "Tải Excel"
ERROR - 2020-06-30 14:32:36 --> Could not find the language line "Đóng"
ERROR - 2020-06-30 14:32:36 --> Could not find the language line "Xác Nhận"
ERROR - 2020-06-30 14:32:36 --> Severity: Warning --> Invalid argument supplied for foreach() /home/admin/domains/spshd.com/public_html/khachhang/application/views/app.php 162
ERROR - 2020-06-30 14:32:36 --> Severity: Warning --> Invalid argument supplied for foreach() /home/admin/domains/spshd.com/public_html/khachhang/application/views/app.php 173
ERROR - 2020-06-30 14:32:36 --> Could not find the language line "Đóng"
ERROR - 2020-06-30 14:32:36 --> Could not find the language line "Xác Nhận"
ERROR - 2020-06-30 14:32:36 --> Could not find the language line "Đóng"
ERROR - 2020-06-30 14:32:36 --> Could not find the language line "Xác Nhận"
ERROR - 2020-06-30 14:32:36 --> Could not find the language line "Đóng"
ERROR - 2020-06-30 14:32:36 --> Could not find the language line "Tải"
ERROR - 2020-06-30 09:37:28 --> Could not find the language line "Email"
ERROR - 2020-06-30 09:37:28 --> Could not find the language line "password"
ERROR - 2020-06-30 15:46:06 --> Could not find the language line "Tạo Điểm Lấy Hàng"
ERROR - 2020-06-30 15:46:06 --> Could not find the language line "Tạo Đơn Hàng"
ERROR - 2020-06-30 15:46:06 --> Could not find the language line "Tải Excel"
ERROR - 2020-06-30 15:46:06 --> Could not find the language line "Đóng"
ERROR - 2020-06-30 15:46:06 --> Could not find the language line "Xác Nhận"
ERROR - 2020-06-30 15:46:06 --> Severity: Warning --> Invalid argument supplied for foreach() /home/admin/domains/spshd.com/public_html/khachhang/application/views/app.php 162
ERROR - 2020-06-30 15:46:06 --> Severity: Warning --> Invalid argument supplied for foreach() /home/admin/domains/spshd.com/public_html/khachhang/application/views/app.php 173
ERROR - 2020-06-30 15:46:06 --> Could not find the language line "Đóng"
ERROR - 2020-06-30 15:46:06 --> Could not find the language line "Xác Nhận"
ERROR - 2020-06-30 15:46:06 --> Could not find the language line "Đóng"
ERROR - 2020-06-30 15:46:06 --> Could not find the language line "Xác Nhận"
ERROR - 2020-06-30 15:46:06 --> Could not find the language line "Đóng"
ERROR - 2020-06-30 15:46:06 --> Could not find the language line "Tải"
ERROR - 2020-06-30 15:46:54 --> Could not find the language line "Tạo Điểm Lấy Hàng"
ERROR - 2020-06-30 15:46:54 --> Could not find the language line "Tạo Đơn Hàng"
ERROR - 2020-06-30 15:46:54 --> Could not find the language line "Tải Excel"
ERROR - 2020-06-30 15:46:54 --> Could not find the language line "Đóng"
ERROR - 2020-06-30 15:46:54 --> Could not find the language line "Xác Nhận"
ERROR - 2020-06-30 15:46:54 --> Severity: Warning --> Invalid argument supplied for foreach() /home/admin/domains/spshd.com/public_html/khachhang/application/views/app.php 162
ERROR - 2020-06-30 15:46:54 --> Severity: Warning --> Invalid argument supplied for foreach() /home/admin/domains/spshd.com/public_html/khachhang/application/views/app.php 173
ERROR - 2020-06-30 15:46:54 --> Could not find the language line "Đóng"
ERROR - 2020-06-30 15:46:54 --> Could not find the language line "Xác Nhận"
ERROR - 2020-06-30 15:46:54 --> Could not find the language line "Đóng"
ERROR - 2020-06-30 15:46:54 --> Could not find the language line "Xác Nhận"
ERROR - 2020-06-30 15:46:54 --> Could not find the language line "Đóng"
ERROR - 2020-06-30 15:46:54 --> Could not find the language line "Tải"
ERROR - 2020-06-30 16:02:12 --> Could not find the language line "Tạo Điểm Lấy Hàng"
ERROR - 2020-06-30 16:02:12 --> Could not find the language line "Tạo Đơn Hàng"
ERROR - 2020-06-30 16:02:12 --> Could not find the language line "Tải Excel"
ERROR - 2020-06-30 16:02:12 --> Could not find the language line "Đóng"
ERROR - 2020-06-30 16:02:12 --> Could not find the language line "Xác Nhận"
ERROR - 2020-06-30 16:02:12 --> Severity: Warning --> Invalid argument supplied for foreach() /home/admin/domains/spshd.com/public_html/khachhang/application/views/app.php 162
ERROR - 2020-06-30 16:02:12 --> Severity: Warning --> Invalid argument supplied for foreach() /home/admin/domains/spshd.com/public_html/khachhang/application/views/app.php 173
ERROR - 2020-06-30 16:02:12 --> Could not find the language line "Đóng"
ERROR - 2020-06-30 16:02:12 --> Could not find the language line "Xác Nhận"
ERROR - 2020-06-30 16:02:12 --> Could not find the language line "Đóng"
ERROR - 2020-06-30 16:02:12 --> Could not find the language line "Xác Nhận"
ERROR - 2020-06-30 16:02:12 --> Could not find the language line "Đóng"
ERROR - 2020-06-30 16:02:12 --> Could not find the language line "Tải"
ERROR - 2020-06-30 16:10:12 --> Could not find the language line "Tạo Điểm Lấy Hàng"
ERROR - 2020-06-30 16:10:12 --> Could not find the language line "Tạo Đơn Hàng"
ERROR - 2020-06-30 16:10:12 --> Could not find the language line "Tải Excel"
ERROR - 2020-06-30 16:10:12 --> Could not find the language line "Đóng"
ERROR - 2020-06-30 16:10:12 --> Could not find the language line "Xác Nhận"
ERROR - 2020-06-30 16:10:12 --> Severity: Warning --> Invalid argument supplied for foreach() /home/admin/domains/spshd.com/public_html/khachhang/application/views/app.php 162
ERROR - 2020-06-30 16:10:12 --> Severity: Warning --> Invalid argument supplied for foreach() /home/admin/domains/spshd.com/public_html/khachhang/application/views/app.php 173
ERROR - 2020-06-30 16:10:12 --> Could not find the language line "Đóng"
ERROR - 2020-06-30 16:10:12 --> Could not find the language line "Xác Nhận"
ERROR - 2020-06-30 16:10:12 --> Could not find the language line "Đóng"
ERROR - 2020-06-30 16:10:12 --> Could not find the language line "Xác Nhận"
ERROR - 2020-06-30 16:10:12 --> Could not find the language line "Đóng"
ERROR - 2020-06-30 16:10:12 --> Could not find the language line "Tải"
ERROR - 2020-06-30 16:23:14 --> Could not find the language line "Tạo Điểm Lấy Hàng"
ERROR - 2020-06-30 16:23:14 --> Could not find the language line "Tạo Đơn Hàng"
ERROR - 2020-06-30 16:23:14 --> Could not find the language line "Tải Excel"
ERROR - 2020-06-30 16:23:14 --> Could not find the language line "Đóng"
ERROR - 2020-06-30 16:23:14 --> Could not find the language line "Xác Nhận"
ERROR - 2020-06-30 16:23:14 --> Severity: Warning --> Invalid argument supplied for foreach() /home/admin/domains/spshd.com/public_html/khachhang/application/views/app.php 162
ERROR - 2020-06-30 16:23:14 --> Severity: Warning --> Invalid argument supplied for foreach() /home/admin/domains/spshd.com/public_html/khachhang/application/views/app.php 173
ERROR - 2020-06-30 16:23:14 --> Could not find the language line "Đóng"
ERROR - 2020-06-30 16:23:14 --> Could not find the language line "Xác Nhận"
ERROR - 2020-06-30 16:23:14 --> Could not find the language line "Đóng"
ERROR - 2020-06-30 16:23:14 --> Could not find the language line "Xác Nhận"
ERROR - 2020-06-30 16:23:14 --> Could not find the language line "Đóng"
ERROR - 2020-06-30 16:23:14 --> Could not find the language line "Tải"
ERROR - 2020-06-30 16:27:40 --> Could not find the language line "Tạo Điểm Lấy Hàng"
ERROR - 2020-06-30 16:27:40 --> Could not find the language line "Tạo Đơn Hàng"
ERROR - 2020-06-30 16:27:40 --> Could not find the language line "Tải Excel"
ERROR - 2020-06-30 16:27:40 --> Could not find the language line "Đóng"
ERROR - 2020-06-30 16:27:40 --> Could not find the language line "Xác Nhận"
ERROR - 2020-06-30 16:27:40 --> Severity: Warning --> Invalid argument supplied for foreach() /home/admin/domains/spshd.com/public_html/khachhang/application/views/app.php 162
ERROR - 2020-06-30 16:27:40 --> Severity: Warning --> Invalid argument supplied for foreach() /home/admin/domains/spshd.com/public_html/khachhang/application/views/app.php 173
ERROR - 2020-06-30 16:27:40 --> Could not find the language line "Đóng"
ERROR - 2020-06-30 16:27:40 --> Could not find the language line "Xác Nhận"
ERROR - 2020-06-30 16:27:40 --> Could not find the language line "Đóng"
ERROR - 2020-06-30 16:27:40 --> Could not find the language line "Xác Nhận"
ERROR - 2020-06-30 16:27:40 --> Could not find the language line "Đóng"
ERROR - 2020-06-30 16:27:40 --> Could not find the language line "Tải"
ERROR - 2020-06-30 16:28:17 --> Could not find the language line "Tạo Điểm Lấy Hàng"
ERROR - 2020-06-30 16:28:17 --> Could not find the language line "Tạo Đơn Hàng"
ERROR - 2020-06-30 16:28:17 --> Could not find the language line "Tải Excel"
ERROR - 2020-06-30 16:28:17 --> Could not find the language line "Đóng"
ERROR - 2020-06-30 16:28:17 --> Could not find the language line "Xác Nhận"
ERROR - 2020-06-30 16:28:17 --> Severity: Warning --> Invalid argument supplied for foreach() /home/admin/domains/spshd.com/public_html/khachhang/application/views/app.php 162
ERROR - 2020-06-30 16:28:17 --> Severity: Warning --> Invalid argument supplied for foreach() /home/admin/domains/spshd.com/public_html/khachhang/application/views/app.php 173
ERROR - 2020-06-30 16:28:17 --> Could not find the language line "Đóng"
ERROR - 2020-06-30 16:28:17 --> Could not find the language line "Xác Nhận"
ERROR - 2020-06-30 16:28:17 --> Could not find the language line "Đóng"
ERROR - 2020-06-30 16:28:17 --> Could not find the language line "Xác Nhận"
ERROR - 2020-06-30 16:28:17 --> Could not find the language line "Đóng"
ERROR - 2020-06-30 16:28:17 --> Could not find the language line "Tải"
ERROR - 2020-06-30 16:30:33 --> Could not find the language line "Tạo Điểm Lấy Hàng"
ERROR - 2020-06-30 16:30:33 --> Could not find the language line "Tạo Đơn Hàng"
ERROR - 2020-06-30 16:30:33 --> Could not find the language line "Tải Excel"
ERROR - 2020-06-30 16:30:33 --> Could not find the language line "Đóng"
ERROR - 2020-06-30 16:30:33 --> Could not find the language line "Xác Nhận"
ERROR - 2020-06-30 16:30:33 --> Severity: Warning --> Invalid argument supplied for foreach() /home/admin/domains/spshd.com/public_html/khachhang/application/views/app.php 162
ERROR - 2020-06-30 16:30:33 --> Severity: Warning --> Invalid argument supplied for foreach() /home/admin/domains/spshd.com/public_html/khachhang/application/views/app.php 173
ERROR - 2020-06-30 16:30:33 --> Could not find the language line "Đóng"
ERROR - 2020-06-30 16:30:33 --> Could not find the language line "Xác Nhận"
ERROR - 2020-06-30 16:30:33 --> Could not find the language line "Đóng"
ERROR - 2020-06-30 16:30:33 --> Could not find the language line "Xác Nhận"
ERROR - 2020-06-30 16:30:33 --> Could not find the language line "Đóng"
ERROR - 2020-06-30 16:30:33 --> Could not find the language line "Tải"
ERROR - 2020-06-30 16:34:11 --> Could not find the language line "Tạo Điểm Lấy Hàng"
ERROR - 2020-06-30 16:34:11 --> Could not find the language line "Tạo Đơn Hàng"
ERROR - 2020-06-30 16:34:11 --> Could not find the language line "Tải Excel"
ERROR - 2020-06-30 16:34:11 --> Could not find the language line "Đóng"
ERROR - 2020-06-30 16:34:11 --> Could not find the language line "Xác Nhận"
ERROR - 2020-06-30 16:34:11 --> Severity: Warning --> Invalid argument supplied for foreach() /home/admin/domains/spshd.com/public_html/khachhang/application/views/app.php 162
ERROR - 2020-06-30 16:34:11 --> Severity: Warning --> Invalid argument supplied for foreach() /home/admin/domains/spshd.com/public_html/khachhang/application/views/app.php 173
ERROR - 2020-06-30 16:34:11 --> Could not find the language line "Đóng"
ERROR - 2020-06-30 16:34:11 --> Could not find the language line "Xác Nhận"
ERROR - 2020-06-30 16:34:11 --> Could not find the language line "Đóng"
ERROR - 2020-06-30 16:34:11 --> Could not find the language line "Xác Nhận"
ERROR - 2020-06-30 16:34:11 --> Could not find the language line "Đóng"
ERROR - 2020-06-30 16:34:11 --> Could not find the language line "Tải"
ERROR - 2020-06-30 16:38:01 --> Could not find the language line "Tạo Điểm Lấy Hàng"
ERROR - 2020-06-30 16:38:01 --> Could not find the language line "Tạo Đơn Hàng"
ERROR - 2020-06-30 16:38:01 --> Could not find the language line "Tải Excel"
ERROR - 2020-06-30 16:38:01 --> Could not find the language line "Đóng"
ERROR - 2020-06-30 16:38:01 --> Could not find the language line "Xác Nhận"
ERROR - 2020-06-30 16:38:01 --> Severity: Warning --> Invalid argument supplied for foreach() /home/admin/domains/spshd.com/public_html/khachhang/application/views/app.php 162
ERROR - 2020-06-30 16:38:01 --> Severity: Warning --> Invalid argument supplied for foreach() /home/admin/domains/spshd.com/public_html/khachhang/application/views/app.php 173
ERROR - 2020-06-30 16:38:01 --> Could not find the language line "Đóng"
ERROR - 2020-06-30 16:38:01 --> Could not find the language line "Xác Nhận"
ERROR - 2020-06-30 16:38:01 --> Could not find the language line "Đóng"
ERROR - 2020-06-30 16:38:01 --> Could not find the language line "Xác Nhận"
ERROR - 2020-06-30 16:38:01 --> Could not find the language line "Đóng"
ERROR - 2020-06-30 16:38:01 --> Could not find the language line "Tải"
ERROR - 2020-06-30 16:40:28 --> Could not find the language line "Tạo Điểm Lấy Hàng"
ERROR - 2020-06-30 16:40:28 --> Could not find the language line "Tạo Đơn Hàng"
ERROR - 2020-06-30 16:40:28 --> Could not find the language line "Tải Excel"
ERROR - 2020-06-30 16:40:28 --> Could not find the language line "Đóng"
ERROR - 2020-06-30 16:40:28 --> Could not find the language line "Xác Nhận"
ERROR - 2020-06-30 16:40:28 --> Severity: Warning --> Invalid argument supplied for foreach() /home/admin/domains/spshd.com/public_html/khachhang/application/views/app.php 162
ERROR - 2020-06-30 16:40:28 --> Severity: Warning --> Invalid argument supplied for foreach() /home/admin/domains/spshd.com/public_html/khachhang/application/views/app.php 173
ERROR - 2020-06-30 16:40:28 --> Could not find the language line "Đóng"
ERROR - 2020-06-30 16:40:28 --> Could not find the language line "Xác Nhận"
ERROR - 2020-06-30 16:40:28 --> Could not find the language line "Đóng"
ERROR - 2020-06-30 16:40:28 --> Could not find the language line "Xác Nhận"
ERROR - 2020-06-30 16:40:28 --> Could not find the language line "Đóng"
ERROR - 2020-06-30 16:40:28 --> Could not find the language line "Tải"
ERROR - 2020-06-30 16:44:14 --> Could not find the language line "Tạo Điểm Lấy Hàng"
ERROR - 2020-06-30 16:44:14 --> Could not find the language line "Tạo Đơn Hàng"
ERROR - 2020-06-30 16:44:14 --> Could not find the language line "Tải Excel"
ERROR - 2020-06-30 16:44:14 --> Could not find the language line "Đóng"
ERROR - 2020-06-30 16:44:14 --> Could not find the language line "Xác Nhận"
ERROR - 2020-06-30 16:44:14 --> Severity: Warning --> Invalid argument supplied for foreach() /home/admin/domains/spshd.com/public_html/khachhang/application/views/app.php 162
ERROR - 2020-06-30 16:44:14 --> Severity: Warning --> Invalid argument supplied for foreach() /home/admin/domains/spshd.com/public_html/khachhang/application/views/app.php 173
ERROR - 2020-06-30 16:44:14 --> Could not find the language line "Đóng"
ERROR - 2020-06-30 16:44:14 --> Could not find the language line "Xác Nhận"
ERROR - 2020-06-30 16:44:14 --> Could not find the language line "Đóng"
ERROR - 2020-06-30 16:44:14 --> Could not find the language line "Xác Nhận"
ERROR - 2020-06-30 16:44:14 --> Could not find the language line "Đóng"
ERROR - 2020-06-30 16:44:14 --> Could not find the language line "Tải"
ERROR - 2020-06-30 17:00:33 --> Could not find the language line "Tạo Điểm Lấy Hàng"
ERROR - 2020-06-30 17:00:33 --> Could not find the language line "Tạo Đơn Hàng"
ERROR - 2020-06-30 17:00:33 --> Could not find the language line "Tải Excel"
ERROR - 2020-06-30 17:00:33 --> Could not find the language line "Đóng"
ERROR - 2020-06-30 17:00:33 --> Could not find the language line "Xác Nhận"
ERROR - 2020-06-30 17:00:33 --> Severity: Warning --> Invalid argument supplied for foreach() /home/admin/domains/spshd.com/public_html/khachhang/application/views/app.php 162
ERROR - 2020-06-30 17:00:33 --> Severity: Warning --> Invalid argument supplied for foreach() /home/admin/domains/spshd.com/public_html/khachhang/application/views/app.php 173
ERROR - 2020-06-30 17:00:33 --> Could not find the language line "Đóng"
ERROR - 2020-06-30 17:00:33 --> Could not find the language line "Xác Nhận"
ERROR - 2020-06-30 17:00:33 --> Could not find the language line "Đóng"
ERROR - 2020-06-30 17:00:33 --> Could not find the language line "Xác Nhận"
ERROR - 2020-06-30 17:00:33 --> Could not find the language line "Đóng"
ERROR - 2020-06-30 17:00:33 --> Could not find the language line "Tải"
ERROR - 2020-06-30 17:07:40 --> Could not find the language line "Tạo Điểm Lấy Hàng"
ERROR - 2020-06-30 17:07:40 --> Could not find the language line "Tạo Đơn Hàng"
ERROR - 2020-06-30 17:07:40 --> Could not find the language line "Tải Excel"
ERROR - 2020-06-30 17:07:40 --> Could not find the language line "Đóng"
ERROR - 2020-06-30 17:07:40 --> Could not find the language line "Xác Nhận"
ERROR - 2020-06-30 17:07:40 --> Severity: Warning --> Invalid argument supplied for foreach() /home/admin/domains/spshd.com/public_html/khachhang/application/views/app.php 162
ERROR - 2020-06-30 17:07:40 --> Severity: Warning --> Invalid argument supplied for foreach() /home/admin/domains/spshd.com/public_html/khachhang/application/views/app.php 173
ERROR - 2020-06-30 17:07:40 --> Could not find the language line "Đóng"
ERROR - 2020-06-30 17:07:40 --> Could not find the language line "Xác Nhận"
ERROR - 2020-06-30 17:07:40 --> Could not find the language line "Đóng"
ERROR - 2020-06-30 17:07:40 --> Could not find the language line "Xác Nhận"
ERROR - 2020-06-30 17:07:40 --> Could not find the language line "Đóng"
ERROR - 2020-06-30 17:07:40 --> Could not find the language line "Tải"
ERROR - 2020-06-30 17:09:27 --> Could not find the language line "Tạo Điểm Lấy Hàng"
ERROR - 2020-06-30 17:09:27 --> Could not find the language line "Tạo Đơn Hàng"
ERROR - 2020-06-30 17:09:27 --> Could not find the language line "Tải Excel"
ERROR - 2020-06-30 17:09:27 --> Could not find the language line "Đóng"
ERROR - 2020-06-30 17:09:27 --> Could not find the language line "Xác Nhận"
ERROR - 2020-06-30 17:09:27 --> Severity: Warning --> Invalid argument supplied for foreach() /home/admin/domains/spshd.com/public_html/khachhang/application/views/app.php 162
ERROR - 2020-06-30 17:09:27 --> Severity: Warning --> Invalid argument supplied for foreach() /home/admin/domains/spshd.com/public_html/khachhang/application/views/app.php 173
ERROR - 2020-06-30 17:09:27 --> Could not find the language line "Đóng"
ERROR - 2020-06-30 17:09:27 --> Could not find the language line "Xác Nhận"
ERROR - 2020-06-30 17:09:27 --> Could not find the language line "Đóng"
ERROR - 2020-06-30 17:09:27 --> Could not find the language line "Xác Nhận"
ERROR - 2020-06-30 17:09:27 --> Could not find the language line "Đóng"
ERROR - 2020-06-30 17:09:27 --> Could not find the language line "Tải"
ERROR - 2020-06-30 17:16:16 --> Could not find the language line "Tạo Điểm Lấy Hàng"
ERROR - 2020-06-30 17:16:16 --> Could not find the language line "Tạo Đơn Hàng"
ERROR - 2020-06-30 17:16:16 --> Could not find the language line "Tải Excel"
ERROR - 2020-06-30 17:16:16 --> Could not find the language line "Đóng"
ERROR - 2020-06-30 17:16:16 --> Could not find the language line "Xác Nhận"
ERROR - 2020-06-30 17:16:16 --> Severity: Warning --> Invalid argument supplied for foreach() /home/admin/domains/spshd.com/public_html/khachhang/application/views/app.php 162
ERROR - 2020-06-30 17:16:16 --> Severity: Warning --> Invalid argument supplied for foreach() /home/admin/domains/spshd.com/public_html/khachhang/application/views/app.php 173
ERROR - 2020-06-30 17:16:16 --> Could not find the language line "Đóng"
ERROR - 2020-06-30 17:16:16 --> Could not find the language line "Xác Nhận"
ERROR - 2020-06-30 17:16:16 --> Could not find the language line "Đóng"
ERROR - 2020-06-30 17:16:16 --> Could not find the language line "Xác Nhận"
ERROR - 2020-06-30 17:16:16 --> Could not find the language line "Đóng"
ERROR - 2020-06-30 17:16:16 --> Could not find the language line "Tải"
ERROR - 2020-06-30 17:18:10 --> Could not find the language line "Tạo Điểm Lấy Hàng"
ERROR - 2020-06-30 17:18:10 --> Could not find the language line "Tạo Đơn Hàng"
ERROR - 2020-06-30 17:18:10 --> Could not find the language line "Tải Excel"
ERROR - 2020-06-30 17:18:10 --> Could not find the language line "Đóng"
ERROR - 2020-06-30 17:18:10 --> Could not find the language line "Xác Nhận"
ERROR - 2020-06-30 17:18:10 --> Severity: Warning --> Invalid argument supplied for foreach() /home/admin/domains/spshd.com/public_html/khachhang/application/views/app.php 162
ERROR - 2020-06-30 17:18:10 --> Severity: Warning --> Invalid argument supplied for foreach() /home/admin/domains/spshd.com/public_html/khachhang/application/views/app.php 173
ERROR - 2020-06-30 17:18:10 --> Could not find the language line "Đóng"
ERROR - 2020-06-30 17:18:10 --> Could not find the language line "Xác Nhận"
ERROR - 2020-06-30 17:18:10 --> Could not find the language line "Đóng"
ERROR - 2020-06-30 17:18:10 --> Could not find the language line "Xác Nhận"
ERROR - 2020-06-30 17:18:10 --> Could not find the language line "Đóng"
ERROR - 2020-06-30 17:18:10 --> Could not find the language line "Tải"
ERROR - 2020-06-30 11:29:58 --> Could not find the language line "Email"
ERROR - 2020-06-30 11:29:58 --> Could not find the language line "password"
ERROR - 2020-06-30 11:29:58 --> Could not find the language line "Email"
ERROR - 2020-06-30 11:29:58 --> Could not find the language line "password"
ERROR - 2020-06-30 17:30:26 --> Could not find the language line "Tạo Điểm Lấy Hàng"
ERROR - 2020-06-30 17:30:26 --> Could not find the language line "Tạo Đơn Hàng"
ERROR - 2020-06-30 17:30:26 --> Could not find the language line "Tải Excel"
ERROR - 2020-06-30 17:30:26 --> Could not find the language line "Đóng"
ERROR - 2020-06-30 17:30:26 --> Could not find the language line "Xác Nhận"
ERROR - 2020-06-30 17:30:26 --> Severity: Warning --> Invalid argument supplied for foreach() /home/admin/domains/spshd.com/public_html/khachhang/application/views/app.php 162
ERROR - 2020-06-30 17:30:26 --> Severity: Warning --> Invalid argument supplied for foreach() /home/admin/domains/spshd.com/public_html/khachhang/application/views/app.php 173
ERROR - 2020-06-30 17:30:26 --> Could not find the language line "Đóng"
ERROR - 2020-06-30 17:30:26 --> Could not find the language line "Xác Nhận"
ERROR - 2020-06-30 17:30:26 --> Could not find the language line "Đóng"
ERROR - 2020-06-30 17:30:26 --> Could not find the language line "Xác Nhận"
ERROR - 2020-06-30 17:30:26 --> Could not find the language line "Đóng"
ERROR - 2020-06-30 17:30:26 --> Could not find the language line "Tải"
ERROR - 2020-06-30 17:34:24 --> Could not find the language line "Tạo Điểm Lấy Hàng"
ERROR - 2020-06-30 17:34:24 --> Could not find the language line "Tạo Đơn Hàng"
ERROR - 2020-06-30 17:34:24 --> Could not find the language line "Tải Excel"
ERROR - 2020-06-30 17:34:24 --> Could not find the language line "Đóng"
ERROR - 2020-06-30 17:34:24 --> Could not find the language line "Xác Nhận"
ERROR - 2020-06-30 17:34:24 --> Severity: Warning --> Invalid argument supplied for foreach() /home/admin/domains/spshd.com/public_html/khachhang/application/views/app.php 162
ERROR - 2020-06-30 17:34:24 --> Severity: Warning --> Invalid argument supplied for foreach() /home/admin/domains/spshd.com/public_html/khachhang/application/views/app.php 173
ERROR - 2020-06-30 17:34:24 --> Could not find the language line "Đóng"
ERROR - 2020-06-30 17:34:24 --> Could not find the language line "Xác Nhận"
ERROR - 2020-06-30 17:34:24 --> Could not find the language line "Đóng"
ERROR - 2020-06-30 17:34:24 --> Could not find the language line "Xác Nhận"
ERROR - 2020-06-30 17:34:24 --> Could not find the language line "Đóng"
ERROR - 2020-06-30 17:34:24 --> Could not find the language line "Tải"
ERROR - 2020-06-30 17:37:01 --> Could not find the language line "Tạo Điểm Lấy Hàng"
ERROR - 2020-06-30 17:37:01 --> Could not find the language line "Tạo Đơn Hàng"
ERROR - 2020-06-30 17:37:01 --> Could not find the language line "Tải Excel"
ERROR - 2020-06-30 17:37:01 --> Could not find the language line "Đóng"
ERROR - 2020-06-30 17:37:01 --> Could not find the language line "Xác Nhận"
ERROR - 2020-06-30 17:37:01 --> Severity: Warning --> Invalid argument supplied for foreach() /home/admin/domains/spshd.com/public_html/khachhang/application/views/app.php 162
ERROR - 2020-06-30 17:37:01 --> Severity: Warning --> Invalid argument supplied for foreach() /home/admin/domains/spshd.com/public_html/khachhang/application/views/app.php 173
ERROR - 2020-06-30 17:37:01 --> Could not find the language line "Đóng"
ERROR - 2020-06-30 17:37:01 --> Could not find the language line "Xác Nhận"
ERROR - 2020-06-30 17:37:01 --> Could not find the language line "Đóng"
ERROR - 2020-06-30 17:37:01 --> Could not find the language line "Xác Nhận"
ERROR - 2020-06-30 17:37:01 --> Could not find the language line "Đóng"
ERROR - 2020-06-30 17:37:01 --> Could not find the language line "Tải"
ERROR - 2020-06-30 17:47:44 --> Could not find the language line "Tạo Điểm Lấy Hàng"
ERROR - 2020-06-30 17:47:44 --> Could not find the language line "Tạo Đơn Hàng"
ERROR - 2020-06-30 17:47:44 --> Could not find the language line "Tải Excel"
ERROR - 2020-06-30 17:47:44 --> Could not find the language line "Đóng"
ERROR - 2020-06-30 17:47:44 --> Could not find the language line "Xác Nhận"
ERROR - 2020-06-30 17:47:44 --> Severity: Warning --> Invalid argument supplied for foreach() /home/admin/domains/spshd.com/public_html/khachhang/application/views/app.php 162
ERROR - 2020-06-30 17:47:44 --> Severity: Warning --> Invalid argument supplied for foreach() /home/admin/domains/spshd.com/public_html/khachhang/application/views/app.php 173
ERROR - 2020-06-30 17:47:44 --> Could not find the language line "Đóng"
ERROR - 2020-06-30 17:47:44 --> Could not find the language line "Xác Nhận"
ERROR - 2020-06-30 17:47:44 --> Could not find the language line "Đóng"
ERROR - 2020-06-30 17:47:44 --> Could not find the language line "Xác Nhận"
ERROR - 2020-06-30 17:47:44 --> Could not find the language line "Đóng"
ERROR - 2020-06-30 17:47:44 --> Could not find the language line "Tải"
ERROR - 2020-06-30 11:47:51 --> Could not find the language line "Email"
ERROR - 2020-06-30 11:47:51 --> Could not find the language line "password"
ERROR - 2020-06-30 17:48:07 --> Could not find the language line "Tạo Điểm Lấy Hàng"
ERROR - 2020-06-30 17:48:07 --> Could not find the language line "Tạo Đơn Hàng"
ERROR - 2020-06-30 17:48:07 --> Could not find the language line "Tải Excel"
ERROR - 2020-06-30 17:48:07 --> Could not find the language line "Đóng"
ERROR - 2020-06-30 17:48:07 --> Could not find the language line "Xác Nhận"
ERROR - 2020-06-30 17:48:07 --> Severity: Warning --> Invalid argument supplied for foreach() /home/admin/domains/spshd.com/public_html/khachhang/application/views/app.php 162
ERROR - 2020-06-30 17:48:07 --> Severity: Warning --> Invalid argument supplied for foreach() /home/admin/domains/spshd.com/public_html/khachhang/application/views/app.php 173
ERROR - 2020-06-30 17:48:07 --> Could not find the language line "Đóng"
ERROR - 2020-06-30 17:48:07 --> Could not find the language line "Xác Nhận"
ERROR - 2020-06-30 17:48:07 --> Could not find the language line "Đóng"
ERROR - 2020-06-30 17:48:07 --> Could not find the language line "Xác Nhận"
ERROR - 2020-06-30 17:48:07 --> Could not find the language line "Đóng"
ERROR - 2020-06-30 17:48:07 --> Could not find the language line "Tải"
ERROR - 2020-06-30 17:48:15 --> Could not find the language line "Tạo Điểm Lấy Hàng"
ERROR - 2020-06-30 17:48:15 --> Could not find the language line "Tạo Đơn Hàng"
ERROR - 2020-06-30 17:48:15 --> Could not find the language line "Tải Excel"
ERROR - 2020-06-30 17:48:15 --> Could not find the language line "Đóng"
ERROR - 2020-06-30 17:48:15 --> Could not find the language line "Xác Nhận"
ERROR - 2020-06-30 17:48:15 --> Severity: Warning --> Invalid argument supplied for foreach() /home/admin/domains/spshd.com/public_html/khachhang/application/views/app.php 162
ERROR - 2020-06-30 17:48:15 --> Severity: Warning --> Invalid argument supplied for foreach() /home/admin/domains/spshd.com/public_html/khachhang/application/views/app.php 173
ERROR - 2020-06-30 17:48:15 --> Could not find the language line "Đóng"
ERROR - 2020-06-30 17:48:15 --> Could not find the language line "Xác Nhận"
ERROR - 2020-06-30 17:48:15 --> Could not find the language line "Đóng"
ERROR - 2020-06-30 17:48:15 --> Could not find the language line "Xác Nhận"
ERROR - 2020-06-30 17:48:15 --> Could not find the language line "Đóng"
ERROR - 2020-06-30 17:48:15 --> Could not find the language line "Tải"
ERROR - 2020-06-30 17:49:47 --> Could not find the language line "Tạo Điểm Lấy Hàng"
ERROR - 2020-06-30 17:49:47 --> Could not find the language line "Tạo Đơn Hàng"
ERROR - 2020-06-30 17:49:47 --> Could not find the language line "Tải Excel"
ERROR - 2020-06-30 17:49:47 --> Could not find the language line "Đóng"
ERROR - 2020-06-30 17:49:47 --> Could not find the language line "Xác Nhận"
ERROR - 2020-06-30 17:49:47 --> Severity: Warning --> Invalid argument supplied for foreach() /home/admin/domains/spshd.com/public_html/khachhang/application/views/app.php 162
ERROR - 2020-06-30 17:49:47 --> Severity: Warning --> Invalid argument supplied for foreach() /home/admin/domains/spshd.com/public_html/khachhang/application/views/app.php 173
ERROR - 2020-06-30 17:49:47 --> Could not find the language line "Đóng"
ERROR - 2020-06-30 17:49:47 --> Could not find the language line "Xác Nhận"
ERROR - 2020-06-30 17:49:47 --> Could not find the language line "Đóng"
ERROR - 2020-06-30 17:49:47 --> Could not find the language line "Xác Nhận"
ERROR - 2020-06-30 17:49:47 --> Could not find the language line "Đóng"
ERROR - 2020-06-30 17:49:47 --> Could not find the language line "Tải"
ERROR - 2020-06-30 17:53:05 --> Could not find the language line "Tạo Điểm Lấy Hàng"
ERROR - 2020-06-30 17:53:05 --> Could not find the language line "Tạo Đơn Hàng"
ERROR - 2020-06-30 17:53:05 --> Could not find the language line "Tải Excel"
ERROR - 2020-06-30 17:53:05 --> Could not find the language line "Đóng"
ERROR - 2020-06-30 17:53:05 --> Could not find the language line "Xác Nhận"
ERROR - 2020-06-30 17:53:05 --> Severity: Warning --> Invalid argument supplied for foreach() /home/admin/domains/spshd.com/public_html/khachhang/application/views/app.php 162
ERROR - 2020-06-30 17:53:05 --> Severity: Warning --> Invalid argument supplied for foreach() /home/admin/domains/spshd.com/public_html/khachhang/application/views/app.php 173
ERROR - 2020-06-30 17:53:05 --> Could not find the language line "Đóng"
ERROR - 2020-06-30 17:53:05 --> Could not find the language line "Xác Nhận"
ERROR - 2020-06-30 17:53:05 --> Could not find the language line "Đóng"
ERROR - 2020-06-30 17:53:05 --> Could not find the language line "Xác Nhận"
ERROR - 2020-06-30 17:53:05 --> Could not find the language line "Đóng"
ERROR - 2020-06-30 17:53:05 --> Could not find the language line "Tải"
ERROR - 2020-06-30 17:55:05 --> Could not find the language line "Tạo Điểm Lấy Hàng"
ERROR - 2020-06-30 17:55:05 --> Could not find the language line "Tạo Đơn Hàng"
ERROR - 2020-06-30 17:55:05 --> Could not find the language line "Tải Excel"
ERROR - 2020-06-30 17:55:05 --> Could not find the language line "Đóng"
ERROR - 2020-06-30 17:55:05 --> Could not find the language line "Xác Nhận"
ERROR - 2020-06-30 17:55:05 --> Severity: Warning --> Invalid argument supplied for foreach() /home/admin/domains/spshd.com/public_html/khachhang/application/views/app.php 162
ERROR - 2020-06-30 17:55:05 --> Severity: Warning --> Invalid argument supplied for foreach() /home/admin/domains/spshd.com/public_html/khachhang/application/views/app.php 173
ERROR - 2020-06-30 17:55:05 --> Could not find the language line "Đóng"
ERROR - 2020-06-30 17:55:05 --> Could not find the language line "Xác Nhận"
ERROR - 2020-06-30 17:55:05 --> Could not find the language line "Đóng"
ERROR - 2020-06-30 17:55:05 --> Could not find the language line "Xác Nhận"
ERROR - 2020-06-30 17:55:05 --> Could not find the language line "Đóng"
ERROR - 2020-06-30 17:55:05 --> Could not find the language line "Tải"
ERROR - 2020-06-30 17:59:41 --> Could not find the language line "Tạo Điểm Lấy Hàng"
ERROR - 2020-06-30 17:59:41 --> Could not find the language line "Tạo Đơn Hàng"
ERROR - 2020-06-30 17:59:41 --> Could not find the language line "Tải Excel"
ERROR - 2020-06-30 17:59:41 --> Could not find the language line "Đóng"
ERROR - 2020-06-30 17:59:41 --> Could not find the language line "Xác Nhận"
ERROR - 2020-06-30 17:59:41 --> Severity: Warning --> Invalid argument supplied for foreach() /home/admin/domains/spshd.com/public_html/khachhang/application/views/app.php 162
ERROR - 2020-06-30 17:59:41 --> Severity: Warning --> Invalid argument supplied for foreach() /home/admin/domains/spshd.com/public_html/khachhang/application/views/app.php 173
ERROR - 2020-06-30 17:59:41 --> Could not find the language line "Đóng"
ERROR - 2020-06-30 17:59:41 --> Could not find the language line "Xác Nhận"
ERROR - 2020-06-30 17:59:41 --> Could not find the language line "Đóng"
ERROR - 2020-06-30 17:59:41 --> Could not find the language line "Xác Nhận"
ERROR - 2020-06-30 17:59:41 --> Could not find the language line "Đóng"
ERROR - 2020-06-30 17:59:41 --> Could not find the language line "Tải"
ERROR - 2020-06-30 18:22:13 --> Could not find the language line "Tạo Điểm Lấy Hàng"
ERROR - 2020-06-30 18:22:13 --> Could not find the language line "Tạo Đơn Hàng"
ERROR - 2020-06-30 18:22:13 --> Could not find the language line "Tải Excel"
ERROR - 2020-06-30 18:22:13 --> Could not find the language line "Đóng"
ERROR - 2020-06-30 18:22:13 --> Could not find the language line "Xác Nhận"
ERROR - 2020-06-30 18:22:13 --> Severity: Warning --> Invalid argument supplied for foreach() /home/admin/domains/spshd.com/public_html/khachhang/application/views/app.php 162
ERROR - 2020-06-30 18:22:13 --> Severity: Warning --> Invalid argument supplied for foreach() /home/admin/domains/spshd.com/public_html/khachhang/application/views/app.php 173
ERROR - 2020-06-30 18:22:13 --> Could not find the language line "Đóng"
ERROR - 2020-06-30 18:22:13 --> Could not find the language line "Xác Nhận"
ERROR - 2020-06-30 18:22:13 --> Could not find the language line "Đóng"
ERROR - 2020-06-30 18:22:13 --> Could not find the language line "Xác Nhận"
ERROR - 2020-06-30 18:22:13 --> Could not find the language line "Đóng"
ERROR - 2020-06-30 18:22:13 --> Could not find the language line "Tải"
ERROR - 2020-06-30 18:25:02 --> Could not find the language line "Tạo Điểm Lấy Hàng"
ERROR - 2020-06-30 18:25:02 --> Could not find the language line "Tạo Đơn Hàng"
ERROR - 2020-06-30 18:25:02 --> Could not find the language line "Tải Excel"
ERROR - 2020-06-30 18:25:02 --> Could not find the language line "Đóng"
ERROR - 2020-06-30 18:25:02 --> Could not find the language line "Xác Nhận"
ERROR - 2020-06-30 18:25:02 --> Severity: Warning --> Invalid argument supplied for foreach() /home/admin/domains/spshd.com/public_html/khachhang/application/views/app.php 162
ERROR - 2020-06-30 18:25:02 --> Severity: Warning --> Invalid argument supplied for foreach() /home/admin/domains/spshd.com/public_html/khachhang/application/views/app.php 173
ERROR - 2020-06-30 18:25:02 --> Could not find the language line "Đóng"
ERROR - 2020-06-30 18:25:02 --> Could not find the language line "Xác Nhận"
ERROR - 2020-06-30 18:25:02 --> Could not find the language line "Đóng"
ERROR - 2020-06-30 18:25:02 --> Could not find the language line "Xác Nhận"
ERROR - 2020-06-30 18:25:02 --> Could not find the language line "Đóng"
ERROR - 2020-06-30 18:25:02 --> Could not find the language line "Tải"
ERROR - 2020-06-30 12:32:35 --> Could not find the language line "Email"
ERROR - 2020-06-30 12:32:35 --> Could not find the language line "password"
ERROR - 2020-06-30 18:32:38 --> Could not find the language line "Tạo Điểm Lấy Hàng"
ERROR - 2020-06-30 18:32:38 --> Could not find the language line "Tạo Đơn Hàng"
ERROR - 2020-06-30 18:32:38 --> Could not find the language line "Tải Excel"
ERROR - 2020-06-30 18:32:38 --> Could not find the language line "Đóng"
ERROR - 2020-06-30 18:32:38 --> Could not find the language line "Xác Nhận"
ERROR - 2020-06-30 18:32:38 --> Severity: Warning --> Invalid argument supplied for foreach() /home/admin/domains/spshd.com/public_html/khachhang/application/views/app.php 162
ERROR - 2020-06-30 18:32:38 --> Severity: Warning --> Invalid argument supplied for foreach() /home/admin/domains/spshd.com/public_html/khachhang/application/views/app.php 173
ERROR - 2020-06-30 18:32:38 --> Could not find the language line "Đóng"
ERROR - 2020-06-30 18:32:38 --> Could not find the language line "Xác Nhận"
ERROR - 2020-06-30 18:32:38 --> Could not find the language line "Đóng"
ERROR - 2020-06-30 18:32:38 --> Could not find the language line "Xác Nhận"
ERROR - 2020-06-30 18:32:38 --> Could not find the language line "Đóng"
ERROR - 2020-06-30 18:32:38 --> Could not find the language line "Tải"
ERROR - 2020-06-30 18:34:19 --> Could not find the language line "Tạo Điểm Lấy Hàng"
ERROR - 2020-06-30 18:34:19 --> Could not find the language line "Tạo Đơn Hàng"
ERROR - 2020-06-30 18:34:19 --> Could not find the language line "Tải Excel"
ERROR - 2020-06-30 18:34:19 --> Could not find the language line "Đóng"
ERROR - 2020-06-30 18:34:19 --> Could not find the language line "Xác Nhận"
ERROR - 2020-06-30 18:34:19 --> Severity: Warning --> Invalid argument supplied for foreach() /home/admin/domains/spshd.com/public_html/khachhang/application/views/app.php 162
ERROR - 2020-06-30 18:34:19 --> Severity: Warning --> Invalid argument supplied for foreach() /home/admin/domains/spshd.com/public_html/khachhang/application/views/app.php 173
ERROR - 2020-06-30 18:34:19 --> Could not find the language line "Đóng"
ERROR - 2020-06-30 18:34:19 --> Could not find the language line "Xác Nhận"
ERROR - 2020-06-30 18:34:19 --> Could not find the language line "Đóng"
ERROR - 2020-06-30 18:34:19 --> Could not find the language line "Xác Nhận"
ERROR - 2020-06-30 18:34:19 --> Could not find the language line "Đóng"
ERROR - 2020-06-30 18:34:19 --> Could not find the language line "Tải"
ERROR - 2020-06-30 18:36:07 --> Could not find the language line "Tạo Điểm Lấy Hàng"
ERROR - 2020-06-30 18:36:07 --> Could not find the language line "Tạo Đơn Hàng"
ERROR - 2020-06-30 18:36:07 --> Could not find the language line "Tải Excel"
ERROR - 2020-06-30 18:36:07 --> Could not find the language line "Đóng"
ERROR - 2020-06-30 18:36:07 --> Could not find the language line "Xác Nhận"
ERROR - 2020-06-30 18:36:07 --> Severity: Warning --> Invalid argument supplied for foreach() /home/admin/domains/spshd.com/public_html/khachhang/application/views/app.php 162
ERROR - 2020-06-30 18:36:07 --> Severity: Warning --> Invalid argument supplied for foreach() /home/admin/domains/spshd.com/public_html/khachhang/application/views/app.php 173
ERROR - 2020-06-30 18:36:07 --> Could not find the language line "Đóng"
ERROR - 2020-06-30 18:36:07 --> Could not find the language line "Xác Nhận"
ERROR - 2020-06-30 18:36:07 --> Could not find the language line "Đóng"
ERROR - 2020-06-30 18:36:07 --> Could not find the language line "Xác Nhận"
ERROR - 2020-06-30 18:36:07 --> Could not find the language line "Đóng"
ERROR - 2020-06-30 18:36:07 --> Could not find the language line "Tải"
ERROR - 2020-06-30 18:37:43 --> Could not find the language line "Tạo Điểm Lấy Hàng"
ERROR - 2020-06-30 18:37:43 --> Could not find the language line "Tạo Đơn Hàng"
ERROR - 2020-06-30 18:37:43 --> Could not find the language line "Tải Excel"
ERROR - 2020-06-30 18:37:43 --> Could not find the language line "Đóng"
ERROR - 2020-06-30 18:37:43 --> Could not find the language line "Xác Nhận"
ERROR - 2020-06-30 18:37:43 --> Severity: Warning --> Invalid argument supplied for foreach() /home/admin/domains/spshd.com/public_html/khachhang/application/views/app.php 162
ERROR - 2020-06-30 18:37:43 --> Severity: Warning --> Invalid argument supplied for foreach() /home/admin/domains/spshd.com/public_html/khachhang/application/views/app.php 173
ERROR - 2020-06-30 18:37:43 --> Could not find the language line "Đóng"
ERROR - 2020-06-30 18:37:43 --> Could not find the language line "Xác Nhận"
ERROR - 2020-06-30 18:37:43 --> Could not find the language line "Đóng"
ERROR - 2020-06-30 18:37:43 --> Could not find the language line "Xác Nhận"
ERROR - 2020-06-30 18:37:43 --> Could not find the language line "Đóng"
ERROR - 2020-06-30 18:37:43 --> Could not find the language line "Tải"
ERROR - 2020-06-30 18:39:12 --> Could not find the language line "Tạo Điểm Lấy Hàng"
ERROR - 2020-06-30 18:39:12 --> Could not find the language line "Tạo Đơn Hàng"
ERROR - 2020-06-30 18:39:12 --> Could not find the language line "Tải Excel"
ERROR - 2020-06-30 18:39:12 --> Could not find the language line "Đóng"
ERROR - 2020-06-30 18:39:12 --> Could not find the language line "Xác Nhận"
ERROR - 2020-06-30 18:39:12 --> Severity: Warning --> Invalid argument supplied for foreach() /home/admin/domains/spshd.com/public_html/khachhang/application/views/app.php 162
ERROR - 2020-06-30 18:39:12 --> Severity: Warning --> Invalid argument supplied for foreach() /home/admin/domains/spshd.com/public_html/khachhang/application/views/app.php 173
ERROR - 2020-06-30 18:39:12 --> Could not find the language line "Đóng"
ERROR - 2020-06-30 18:39:12 --> Could not find the language line "Xác Nhận"
ERROR - 2020-06-30 18:39:12 --> Could not find the language line "Đóng"
ERROR - 2020-06-30 18:39:12 --> Could not find the language line "Xác Nhận"
ERROR - 2020-06-30 18:39:12 --> Could not find the language line "Đóng"
ERROR - 2020-06-30 18:39:12 --> Could not find the language line "Tải"
ERROR - 2020-06-30 18:41:10 --> Could not find the language line "Tạo Điểm Lấy Hàng"
ERROR - 2020-06-30 18:41:10 --> Could not find the language line "Tạo Đơn Hàng"
ERROR - 2020-06-30 18:41:10 --> Could not find the language line "Tải Excel"
ERROR - 2020-06-30 18:41:10 --> Could not find the language line "Đóng"
ERROR - 2020-06-30 18:41:10 --> Could not find the language line "Xác Nhận"
ERROR - 2020-06-30 18:41:10 --> Severity: Warning --> Invalid argument supplied for foreach() /home/admin/domains/spshd.com/public_html/khachhang/application/views/app.php 162
ERROR - 2020-06-30 18:41:10 --> Severity: Warning --> Invalid argument supplied for foreach() /home/admin/domains/spshd.com/public_html/khachhang/application/views/app.php 173
ERROR - 2020-06-30 18:41:10 --> Could not find the language line "Đóng"
ERROR - 2020-06-30 18:41:10 --> Could not find the language line "Xác Nhận"
ERROR - 2020-06-30 18:41:10 --> Could not find the language line "Đóng"
ERROR - 2020-06-30 18:41:10 --> Could not find the language line "Xác Nhận"
ERROR - 2020-06-30 18:41:10 --> Could not find the language line "Đóng"
ERROR - 2020-06-30 18:41:10 --> Could not find the language line "Tải"
ERROR - 2020-06-30 18:42:53 --> Could not find the language line "Tạo Điểm Lấy Hàng"
ERROR - 2020-06-30 18:42:53 --> Could not find the language line "Tạo Đơn Hàng"
ERROR - 2020-06-30 18:42:53 --> Could not find the language line "Tải Excel"
ERROR - 2020-06-30 18:42:53 --> Could not find the language line "Đóng"
ERROR - 2020-06-30 18:42:53 --> Could not find the language line "Xác Nhận"
ERROR - 2020-06-30 18:42:53 --> Severity: Warning --> Invalid argument supplied for foreach() /home/admin/domains/spshd.com/public_html/khachhang/application/views/app.php 162
ERROR - 2020-06-30 18:42:53 --> Severity: Warning --> Invalid argument supplied for foreach() /home/admin/domains/spshd.com/public_html/khachhang/application/views/app.php 173
ERROR - 2020-06-30 18:42:53 --> Could not find the language line "Đóng"
ERROR - 2020-06-30 18:42:53 --> Could not find the language line "Xác Nhận"
ERROR - 2020-06-30 18:42:53 --> Could not find the language line "Đóng"
ERROR - 2020-06-30 18:42:53 --> Could not find the language line "Xác Nhận"
ERROR - 2020-06-30 18:42:53 --> Could not find the language line "Đóng"
ERROR - 2020-06-30 18:42:53 --> Could not find the language line "Tải"
ERROR - 2020-06-30 18:44:31 --> Could not find the language line "Tạo Điểm Lấy Hàng"
ERROR - 2020-06-30 18:44:31 --> Could not find the language line "Tạo Đơn Hàng"
ERROR - 2020-06-30 18:44:31 --> Could not find the language line "Tải Excel"
ERROR - 2020-06-30 18:44:31 --> Could not find the language line "Đóng"
ERROR - 2020-06-30 18:44:31 --> Could not find the language line "Xác Nhận"
ERROR - 2020-06-30 18:44:31 --> Severity: Warning --> Invalid argument supplied for foreach() /home/admin/domains/spshd.com/public_html/khachhang/application/views/app.php 162
ERROR - 2020-06-30 18:44:31 --> Severity: Warning --> Invalid argument supplied for foreach() /home/admin/domains/spshd.com/public_html/khachhang/application/views/app.php 173
ERROR - 2020-06-30 18:44:31 --> Could not find the language line "Đóng"
ERROR - 2020-06-30 18:44:31 --> Could not find the language line "Xác Nhận"
ERROR - 2020-06-30 18:44:31 --> Could not find the language line "Đóng"
ERROR - 2020-06-30 18:44:31 --> Could not find the language line "Xác Nhận"
ERROR - 2020-06-30 18:44:31 --> Could not find the language line "Đóng"
ERROR - 2020-06-30 18:44:31 --> Could not find the language line "Tải"
ERROR - 2020-06-30 13:55:37 --> Could not find the language line "Email"
ERROR - 2020-06-30 13:55:37 --> Could not find the language line "password"
ERROR - 2020-06-30 19:55:58 --> Could not find the language line "Tạo Điểm Lấy Hàng"
ERROR - 2020-06-30 19:55:58 --> Could not find the language line "Tạo Đơn Hàng"
ERROR - 2020-06-30 19:55:58 --> Could not find the language line "Tải Excel"
ERROR - 2020-06-30 19:55:58 --> Could not find the language line "Đóng"
ERROR - 2020-06-30 19:55:58 --> Could not find the language line "Xác Nhận"
ERROR - 2020-06-30 19:55:58 --> Severity: Warning --> Invalid argument supplied for foreach() /home/admin/domains/spshd.com/public_html/khachhang/application/views/app.php 162
ERROR - 2020-06-30 19:55:58 --> Severity: Warning --> Invalid argument supplied for foreach() /home/admin/domains/spshd.com/public_html/khachhang/application/views/app.php 173
ERROR - 2020-06-30 19:55:58 --> Could not find the language line "Đóng"
ERROR - 2020-06-30 19:55:58 --> Could not find the language line "Xác Nhận"
ERROR - 2020-06-30 19:55:58 --> Could not find the language line "Đóng"
ERROR - 2020-06-30 19:55:58 --> Could not find the language line "Xác Nhận"
ERROR - 2020-06-30 19:55:58 --> Could not find the language line "Đóng"
ERROR - 2020-06-30 19:55:58 --> Could not find the language line "Tải"
ERROR - 2020-06-30 14:46:35 --> Could not find the language line "Email"
ERROR - 2020-06-30 14:46:35 --> Could not find the language line "password"
ERROR - 2020-06-30 14:49:20 --> Could not find the language line "Email"
ERROR - 2020-06-30 14:49:20 --> Could not find the language line "password"
ERROR - 2020-06-30 22:04:47 --> Could not find the language line "Tạo Điểm Lấy Hàng"
ERROR - 2020-06-30 22:04:47 --> Could not find the language line "Tạo Đơn Hàng"
ERROR - 2020-06-30 22:04:47 --> Could not find the language line "Tải Excel"
ERROR - 2020-06-30 22:04:47 --> Could not find the language line "Đóng"
ERROR - 2020-06-30 22:04:47 --> Could not find the language line "Xác Nhận"
ERROR - 2020-06-30 22:04:47 --> Severity: Warning --> Invalid argument supplied for foreach() /home/admin/domains/spshd.com/public_html/khachhang/application/views/app.php 162
ERROR - 2020-06-30 22:04:47 --> Severity: Warning --> Invalid argument supplied for foreach() /home/admin/domains/spshd.com/public_html/khachhang/application/views/app.php 173
ERROR - 2020-06-30 22:04:47 --> Could not find the language line "Đóng"
ERROR - 2020-06-30 22:04:47 --> Could not find the language line "Xác Nhận"
ERROR - 2020-06-30 22:04:47 --> Could not find the language line "Đóng"
ERROR - 2020-06-30 22:04:47 --> Could not find the language line "Xác Nhận"
ERROR - 2020-06-30 22:04:47 --> Could not find the language line "Đóng"
ERROR - 2020-06-30 22:04:47 --> Could not find the language line "Tải"
ERROR - 2020-06-30 22:13:27 --> Could not find the language line "Tạo Điểm Lấy Hàng"
ERROR - 2020-06-30 22:13:27 --> Could not find the language line "Tạo Đơn Hàng"
ERROR - 2020-06-30 22:13:27 --> Could not find the language line "Tải Excel"
ERROR - 2020-06-30 22:13:27 --> Could not find the language line "Đóng"
ERROR - 2020-06-30 22:13:27 --> Could not find the language line "Xác Nhận"
ERROR - 2020-06-30 22:13:27 --> Severity: Warning --> Invalid argument supplied for foreach() /home/admin/domains/spshd.com/public_html/khachhang/application/views/app.php 162
ERROR - 2020-06-30 22:13:27 --> Severity: Warning --> Invalid argument supplied for foreach() /home/admin/domains/spshd.com/public_html/khachhang/application/views/app.php 173
ERROR - 2020-06-30 22:13:27 --> Could not find the language line "Đóng"
ERROR - 2020-06-30 22:13:27 --> Could not find the language line "Xác Nhận"
ERROR - 2020-06-30 22:13:27 --> Could not find the language line "Đóng"
ERROR - 2020-06-30 22:13:27 --> Could not find the language line "Xác Nhận"
ERROR - 2020-06-30 22:13:27 --> Could not find the language line "Đóng"
ERROR - 2020-06-30 22:13:27 --> Could not find the language line "Tải"
ERROR - 2020-06-30 22:17:49 --> Could not find the language line "Tạo Điểm Lấy Hàng"
ERROR - 2020-06-30 22:17:49 --> Could not find the language line "Tạo Đơn Hàng"
ERROR - 2020-06-30 22:17:49 --> Could not find the language line "Tải Excel"
ERROR - 2020-06-30 22:17:49 --> Could not find the language line "Đóng"
ERROR - 2020-06-30 22:17:49 --> Could not find the language line "Xác Nhận"
ERROR - 2020-06-30 22:17:49 --> Severity: Warning --> Invalid argument supplied for foreach() /home/admin/domains/spshd.com/public_html/khachhang/application/views/app.php 162
ERROR - 2020-06-30 22:17:49 --> Severity: Warning --> Invalid argument supplied for foreach() /home/admin/domains/spshd.com/public_html/khachhang/application/views/app.php 173
ERROR - 2020-06-30 22:17:49 --> Could not find the language line "Đóng"
ERROR - 2020-06-30 22:17:49 --> Could not find the language line "Xác Nhận"
ERROR - 2020-06-30 22:17:49 --> Could not find the language line "Đóng"
ERROR - 2020-06-30 22:17:49 --> Could not find the language line "Xác Nhận"
ERROR - 2020-06-30 22:17:49 --> Could not find the language line "Đóng"
ERROR - 2020-06-30 22:17:49 --> Could not find the language line "Tải"
ERROR - 2020-06-30 22:18:32 --> Could not find the language line "Tạo Điểm Lấy Hàng"
ERROR - 2020-06-30 22:18:32 --> Could not find the language line "Tạo Đơn Hàng"
ERROR - 2020-06-30 22:18:32 --> Could not find the language line "Tải Excel"
ERROR - 2020-06-30 22:18:32 --> Could not find the language line "Đóng"
ERROR - 2020-06-30 22:18:32 --> Could not find the language line "Xác Nhận"
ERROR - 2020-06-30 22:18:32 --> Severity: Warning --> Invalid argument supplied for foreach() /home/admin/domains/spshd.com/public_html/khachhang/application/views/app.php 162
ERROR - 2020-06-30 22:18:32 --> Severity: Warning --> Invalid argument supplied for foreach() /home/admin/domains/spshd.com/public_html/khachhang/application/views/app.php 173
ERROR - 2020-06-30 22:18:32 --> Could not find the language line "Đóng"
ERROR - 2020-06-30 22:18:32 --> Could not find the language line "Xác Nhận"
ERROR - 2020-06-30 22:18:32 --> Could not find the language line "Đóng"
ERROR - 2020-06-30 22:18:32 --> Could not find the language line "Xác Nhận"
ERROR - 2020-06-30 22:18:32 --> Could not find the language line "Đóng"
ERROR - 2020-06-30 22:18:32 --> Could not find the language line "Tải"
ERROR - 2020-06-30 22:18:34 --> Could not find the language line "Tạo Điểm Lấy Hàng"
ERROR - 2020-06-30 22:18:34 --> Could not find the language line "Tạo Đơn Hàng"
ERROR - 2020-06-30 22:18:34 --> Could not find the language line "Tải Excel"
ERROR - 2020-06-30 22:18:34 --> Could not find the language line "Đóng"
ERROR - 2020-06-30 22:18:34 --> Could not find the language line "Xác Nhận"
ERROR - 2020-06-30 22:18:34 --> Severity: Warning --> Invalid argument supplied for foreach() /home/admin/domains/spshd.com/public_html/khachhang/application/views/app.php 162
ERROR - 2020-06-30 22:18:34 --> Severity: Warning --> Invalid argument supplied for foreach() /home/admin/domains/spshd.com/public_html/khachhang/application/views/app.php 173
ERROR - 2020-06-30 22:18:34 --> Could not find the language line "Đóng"
ERROR - 2020-06-30 22:18:34 --> Could not find the language line "Xác Nhận"
ERROR - 2020-06-30 22:18:34 --> Could not find the language line "Đóng"
ERROR - 2020-06-30 22:18:34 --> Could not find the language line "Xác Nhận"
ERROR - 2020-06-30 22:18:34 --> Could not find the language line "Đóng"
ERROR - 2020-06-30 22:18:34 --> Could not find the language line "Tải"
ERROR - 2020-06-30 22:26:11 --> Could not find the language line "Tạo Điểm Lấy Hàng"
ERROR - 2020-06-30 22:26:11 --> Could not find the language line "Tạo Đơn Hàng"
ERROR - 2020-06-30 22:26:11 --> Could not find the language line "Tải Excel"
ERROR - 2020-06-30 22:26:11 --> Could not find the language line "Đóng"
ERROR - 2020-06-30 22:26:11 --> Could not find the language line "Xác Nhận"
ERROR - 2020-06-30 22:26:11 --> Severity: Warning --> Invalid argument supplied for foreach() /home/admin/domains/spshd.com/public_html/khachhang/application/views/app.php 162
ERROR - 2020-06-30 22:26:11 --> Severity: Warning --> Invalid argument supplied for foreach() /home/admin/domains/spshd.com/public_html/khachhang/application/views/app.php 173
ERROR - 2020-06-30 22:26:11 --> Could not find the language line "Đóng"
ERROR - 2020-06-30 22:26:11 --> Could not find the language line "Xác Nhận"
ERROR - 2020-06-30 22:26:11 --> Could not find the language line "Đóng"
ERROR - 2020-06-30 22:26:11 --> Could not find the language line "Xác Nhận"
ERROR - 2020-06-30 22:26:11 --> Could not find the language line "Đóng"
ERROR - 2020-06-30 22:26:11 --> Could not find the language line "Tải"
ERROR - 2020-06-30 22:28:52 --> Could not find the language line "Tạo Điểm Lấy Hàng"
ERROR - 2020-06-30 22:28:52 --> Could not find the language line "Tạo Đơn Hàng"
ERROR - 2020-06-30 22:28:52 --> Could not find the language line "Tải Excel"
ERROR - 2020-06-30 22:28:52 --> Could not find the language line "Đóng"
ERROR - 2020-06-30 22:28:52 --> Could not find the language line "Xác Nhận"
ERROR - 2020-06-30 22:28:52 --> Severity: Warning --> Invalid argument supplied for foreach() /home/admin/domains/spshd.com/public_html/khachhang/application/views/app.php 162
ERROR - 2020-06-30 22:28:52 --> Severity: Warning --> Invalid argument supplied for foreach() /home/admin/domains/spshd.com/public_html/khachhang/application/views/app.php 173
ERROR - 2020-06-30 22:28:52 --> Could not find the language line "Đóng"
ERROR - 2020-06-30 22:28:52 --> Could not find the language line "Xác Nhận"
ERROR - 2020-06-30 22:28:52 --> Could not find the language line "Đóng"
ERROR - 2020-06-30 22:28:52 --> Could not find the language line "Xác Nhận"
ERROR - 2020-06-30 22:28:52 --> Could not find the language line "Đóng"
ERROR - 2020-06-30 22:28:52 --> Could not find the language line "Tải"
ERROR - 2020-06-30 22:31:01 --> Could not find the language line "Tạo Điểm Lấy Hàng"
ERROR - 2020-06-30 22:31:01 --> Could not find the language line "Tạo Đơn Hàng"
ERROR - 2020-06-30 22:31:01 --> Could not find the language line "Tải Excel"
ERROR - 2020-06-30 22:31:01 --> Could not find the language line "Đóng"
ERROR - 2020-06-30 22:31:01 --> Could not find the language line "Xác Nhận"
ERROR - 2020-06-30 22:31:01 --> Severity: Warning --> Invalid argument supplied for foreach() /home/admin/domains/spshd.com/public_html/khachhang/application/views/app.php 162
ERROR - 2020-06-30 22:31:01 --> Severity: Warning --> Invalid argument supplied for foreach() /home/admin/domains/spshd.com/public_html/khachhang/application/views/app.php 173
ERROR - 2020-06-30 22:31:01 --> Could not find the language line "Đóng"
ERROR - 2020-06-30 22:31:01 --> Could not find the language line "Xác Nhận"
ERROR - 2020-06-30 22:31:01 --> Could not find the language line "Đóng"
ERROR - 2020-06-30 22:31:01 --> Could not find the language line "Xác Nhận"
ERROR - 2020-06-30 22:31:01 --> Could not find the language line "Đóng"
ERROR - 2020-06-30 22:31:01 --> Could not find the language line "Tải"
ERROR - 2020-06-30 22:31:02 --> Could not find the language line "Tạo Điểm Lấy Hàng"
ERROR - 2020-06-30 22:31:02 --> Could not find the language line "Tạo Đơn Hàng"
ERROR - 2020-06-30 22:31:02 --> Could not find the language line "Tải Excel"
ERROR - 2020-06-30 22:31:02 --> Could not find the language line "Đóng"
ERROR - 2020-06-30 22:31:02 --> Could not find the language line "Xác Nhận"
ERROR - 2020-06-30 22:31:02 --> Severity: Warning --> Invalid argument supplied for foreach() /home/admin/domains/spshd.com/public_html/khachhang/application/views/app.php 162
ERROR - 2020-06-30 22:31:02 --> Severity: Warning --> Invalid argument supplied for foreach() /home/admin/domains/spshd.com/public_html/khachhang/application/views/app.php 173
ERROR - 2020-06-30 22:31:02 --> Could not find the language line "Đóng"
ERROR - 2020-06-30 22:31:02 --> Could not find the language line "Xác Nhận"
ERROR - 2020-06-30 22:31:02 --> Could not find the language line "Đóng"
ERROR - 2020-06-30 22:31:02 --> Could not find the language line "Xác Nhận"
ERROR - 2020-06-30 22:31:02 --> Could not find the language line "Đóng"
ERROR - 2020-06-30 22:31:02 --> Could not find the language line "Tải"
ERROR - 2020-06-30 23:05:07 --> Could not find the language line "Tạo Điểm Lấy Hàng"
ERROR - 2020-06-30 23:05:07 --> Could not find the language line "Tạo Đơn Hàng"
ERROR - 2020-06-30 23:05:07 --> Could not find the language line "Tải Excel"
ERROR - 2020-06-30 23:05:07 --> Could not find the language line "Đóng"
ERROR - 2020-06-30 23:05:07 --> Could not find the language line "Xác Nhận"
ERROR - 2020-06-30 23:05:07 --> Severity: Warning --> Invalid argument supplied for foreach() /home/admin/domains/spshd.com/public_html/khachhang/application/views/app.php 162
ERROR - 2020-06-30 23:05:07 --> Severity: Warning --> Invalid argument supplied for foreach() /home/admin/domains/spshd.com/public_html/khachhang/application/views/app.php 173
ERROR - 2020-06-30 23:05:07 --> Could not find the language line "Đóng"
ERROR - 2020-06-30 23:05:07 --> Could not find the language line "Xác Nhận"
ERROR - 2020-06-30 23:05:07 --> Could not find the language line "Đóng"
ERROR - 2020-06-30 23:05:07 --> Could not find the language line "Xác Nhận"
ERROR - 2020-06-30 23:05:07 --> Could not find the language line "Đóng"
ERROR - 2020-06-30 23:05:07 --> Could not find the language line "Tải"
ERROR - 2020-06-30 23:05:07 --> Could not find the language line "Tạo Điểm Lấy Hàng"
ERROR - 2020-06-30 23:05:07 --> Could not find the language line "Tạo Đơn Hàng"
ERROR - 2020-06-30 23:05:07 --> Could not find the language line "Tải Excel"
ERROR - 2020-06-30 23:05:07 --> Could not find the language line "Đóng"
ERROR - 2020-06-30 23:05:07 --> Could not find the language line "Xác Nhận"
ERROR - 2020-06-30 23:05:07 --> Severity: Warning --> Invalid argument supplied for foreach() /home/admin/domains/spshd.com/public_html/khachhang/application/views/app.php 162
ERROR - 2020-06-30 23:05:07 --> Severity: Warning --> Invalid argument supplied for foreach() /home/admin/domains/spshd.com/public_html/khachhang/application/views/app.php 173
ERROR - 2020-06-30 23:05:07 --> Could not find the language line "Đóng"
ERROR - 2020-06-30 23:05:07 --> Could not find the language line "Xác Nhận"
ERROR - 2020-06-30 23:05:07 --> Could not find the language line "Đóng"
ERROR - 2020-06-30 23:05:07 --> Could not find the language line "Xác Nhận"
ERROR - 2020-06-30 23:05:07 --> Could not find the language line "Đóng"
ERROR - 2020-06-30 23:05:07 --> Could not find the language line "Tải"
ERROR - 2020-06-30 23:10:59 --> Could not find the language line "Tạo Điểm Lấy Hàng"
ERROR - 2020-06-30 23:10:59 --> Could not find the language line "Tạo Đơn Hàng"
ERROR - 2020-06-30 23:10:59 --> Could not find the language line "Tải Excel"
ERROR - 2020-06-30 23:10:59 --> Could not find the language line "Đóng"
ERROR - 2020-06-30 23:10:59 --> Could not find the language line "Xác Nhận"
ERROR - 2020-06-30 23:10:59 --> Severity: Warning --> Invalid argument supplied for foreach() /home/admin/domains/spshd.com/public_html/khachhang/application/views/app.php 162
ERROR - 2020-06-30 23:10:59 --> Severity: Warning --> Invalid argument supplied for foreach() /home/admin/domains/spshd.com/public_html/khachhang/application/views/app.php 173
ERROR - 2020-06-30 23:10:59 --> Could not find the language line "Đóng"
ERROR - 2020-06-30 23:10:59 --> Could not find the language line "Xác Nhận"
ERROR - 2020-06-30 23:10:59 --> Could not find the language line "Đóng"
ERROR - 2020-06-30 23:10:59 --> Could not find the language line "Xác Nhận"
ERROR - 2020-06-30 23:10:59 --> Could not find the language line "Đóng"
ERROR - 2020-06-30 23:10:59 --> Could not find the language line "Tải"
ERROR - 2020-06-30 17:32:55 --> Could not find the language line "Email"
ERROR - 2020-06-30 17:32:55 --> Could not find the language line "password"
