ERROR - 2019-11-21 01:15:33 --> Could not find the language line "Tạo Điểm Lấy Hàng"
ERROR - 2019-11-21 01:15:33 --> Could not find the language line "Tạo Đơn Hàng"
ERROR - 2019-11-21 01:15:33 --> Severity: Warning --> Invalid argument supplied for foreach() /home/admin/domains/spshd.com/public_html/khachhang/application/views/tab4.php 394
ERROR - 2019-11-21 01:15:33 --> Could not find the language line "Đóng"
ERROR - 2019-11-21 01:15:33 --> Could not find the language line "Xác Nhận"
ERROR - 2019-11-21 01:15:33 --> Severity: Warning --> Invalid argument supplied for foreach() /home/admin/domains/spshd.com/public_html/khachhang/application/views/app.php 157
ERROR - 2019-11-21 01:15:33 --> Severity: Warning --> Invalid argument supplied for foreach() /home/admin/domains/spshd.com/public_html/khachhang/application/views/app.php 168
ERROR - 2019-11-21 01:15:33 --> Could not find the language line "Đóng"
ERROR - 2019-11-21 01:15:33 --> Could not find the language line "Xác Nhận"
ERROR - 2019-11-21 01:15:33 --> Could not find the language line "Đóng"
ERROR - 2019-11-21 01:15:33 --> Could not find the language line "Xác Nhận"
ERROR - 2019-11-21 01:15:34 --> Could not find the language line "Tạo Điểm Lấy Hàng"
ERROR - 2019-11-21 01:15:34 --> Could not find the language line "Tạo Đơn Hàng"
ERROR - 2019-11-21 01:15:34 --> Severity: Warning --> Invalid argument supplied for foreach() /home/admin/domains/spshd.com/public_html/khachhang/application/views/tab4.php 394
ERROR - 2019-11-21 01:15:34 --> Could not find the language line "Đóng"
ERROR - 2019-11-21 01:15:34 --> Could not find the language line "Xác Nhận"
ERROR - 2019-11-21 01:15:34 --> Severity: Warning --> Invalid argument supplied for foreach() /home/admin/domains/spshd.com/public_html/khachhang/application/views/app.php 157
ERROR - 2019-11-21 01:15:34 --> Severity: Warning --> Invalid argument supplied for foreach() /home/admin/domains/spshd.com/public_html/khachhang/application/views/app.php 168
ERROR - 2019-11-21 01:15:34 --> Could not find the language line "Đóng"
ERROR - 2019-11-21 01:15:34 --> Could not find the language line "Xác Nhận"
ERROR - 2019-11-21 01:15:34 --> Could not find the language line "Đóng"
ERROR - 2019-11-21 01:15:34 --> Could not find the language line "Xác Nhận"
ERROR - 2019-11-21 01:16:26 --> Could not find the language line "Tạo Điểm Lấy Hàng"
ERROR - 2019-11-21 01:16:26 --> Could not find the language line "Tạo Đơn Hàng"
ERROR - 2019-11-21 01:16:26 --> Severity: Warning --> Invalid argument supplied for foreach() /home/admin/domains/spshd.com/public_html/khachhang/application/views/tab4.php 394
ERROR - 2019-11-21 01:16:26 --> Could not find the language line "Đóng"
ERROR - 2019-11-21 01:16:26 --> Could not find the language line "Xác Nhận"
ERROR - 2019-11-21 01:16:26 --> Severity: Warning --> Invalid argument supplied for foreach() /home/admin/domains/spshd.com/public_html/khachhang/application/views/app.php 157
ERROR - 2019-11-21 01:16:26 --> Severity: Warning --> Invalid argument supplied for foreach() /home/admin/domains/spshd.com/public_html/khachhang/application/views/app.php 168
ERROR - 2019-11-21 01:16:26 --> Could not find the language line "Đóng"
ERROR - 2019-11-21 01:16:26 --> Could not find the language line "Xác Nhận"
ERROR - 2019-11-21 01:16:26 --> Could not find the language line "Đóng"
ERROR - 2019-11-21 01:16:26 --> Could not find the language line "Xác Nhận"
ERROR - 2019-11-21 01:16:47 --> Could not find the language line "Tạo Điểm Lấy Hàng"
ERROR - 2019-11-21 01:16:47 --> Could not find the language line "Tạo Đơn Hàng"
ERROR - 2019-11-21 01:16:47 --> Severity: Warning --> Invalid argument supplied for foreach() /home/admin/domains/spshd.com/public_html/khachhang/application/views/tab4.php 394
ERROR - 2019-11-21 01:16:47 --> Could not find the language line "Đóng"
ERROR - 2019-11-21 01:16:47 --> Could not find the language line "Xác Nhận"
ERROR - 2019-11-21 01:16:47 --> Severity: Warning --> Invalid argument supplied for foreach() /home/admin/domains/spshd.com/public_html/khachhang/application/views/app.php 157
ERROR - 2019-11-21 01:16:47 --> Severity: Warning --> Invalid argument supplied for foreach() /home/admin/domains/spshd.com/public_html/khachhang/application/views/app.php 168
ERROR - 2019-11-21 01:16:47 --> Could not find the language line "Đóng"
ERROR - 2019-11-21 01:16:47 --> Could not find the language line "Xác Nhận"
ERROR - 2019-11-21 01:16:47 --> Could not find the language line "Đóng"
ERROR - 2019-11-21 01:16:47 --> Could not find the language line "Xác Nhận"
ERROR - 2019-11-21 01:16:49 --> Could not find the language line "Tạo Điểm Lấy Hàng"
ERROR - 2019-11-21 01:16:49 --> Could not find the language line "Tạo Đơn Hàng"
ERROR - 2019-11-21 01:16:49 --> Severity: Warning --> Invalid argument supplied for foreach() /home/admin/domains/spshd.com/public_html/khachhang/application/views/tab4.php 394
ERROR - 2019-11-21 01:16:49 --> Could not find the language line "Đóng"
ERROR - 2019-11-21 01:16:49 --> Could not find the language line "Xác Nhận"
ERROR - 2019-11-21 01:16:49 --> Severity: Warning --> Invalid argument supplied for foreach() /home/admin/domains/spshd.com/public_html/khachhang/application/views/app.php 157
ERROR - 2019-11-21 01:16:49 --> Severity: Warning --> Invalid argument supplied for foreach() /home/admin/domains/spshd.com/public_html/khachhang/application/views/app.php 168
ERROR - 2019-11-21 01:16:49 --> Could not find the language line "Đóng"
ERROR - 2019-11-21 01:16:49 --> Could not find the language line "Xác Nhận"
ERROR - 2019-11-21 01:16:49 --> Could not find the language line "Đóng"
ERROR - 2019-11-21 01:16:49 --> Could not find the language line "Xác Nhận"
ERROR - 2019-11-21 01:19:31 --> Could not find the language line "Tạo Điểm Lấy Hàng"
ERROR - 2019-11-21 01:19:31 --> Could not find the language line "Tạo Đơn Hàng"
ERROR - 2019-11-21 01:19:31 --> Severity: Warning --> Invalid argument supplied for foreach() /home/admin/domains/spshd.com/public_html/khachhang/application/views/tab4.php 394
ERROR - 2019-11-21 01:19:31 --> Could not find the language line "Đóng"
ERROR - 2019-11-21 01:19:31 --> Could not find the language line "Xác Nhận"
ERROR - 2019-11-21 01:19:31 --> Severity: Warning --> Invalid argument supplied for foreach() /home/admin/domains/spshd.com/public_html/khachhang/application/views/app.php 157
ERROR - 2019-11-21 01:19:31 --> Severity: Warning --> Invalid argument supplied for foreach() /home/admin/domains/spshd.com/public_html/khachhang/application/views/app.php 168
ERROR - 2019-11-21 01:19:31 --> Could not find the language line "Đóng"
ERROR - 2019-11-21 01:19:31 --> Could not find the language line "Xác Nhận"
ERROR - 2019-11-21 01:19:31 --> Could not find the language line "Đóng"
ERROR - 2019-11-21 01:19:31 --> Could not find the language line "Xác Nhận"
ERROR - 2019-11-21 06:20:10 --> Could not find the language line "Tạo Điểm Lấy Hàng"
ERROR - 2019-11-21 06:20:10 --> Could not find the language line "Tạo Đơn Hàng"
ERROR - 2019-11-21 06:20:10 --> Severity: Warning --> Invalid argument supplied for foreach() /home/admin/domains/spshd.com/public_html/khachhang/application/views/tab4.php 394
ERROR - 2019-11-21 06:20:10 --> Could not find the language line "Đóng"
ERROR - 2019-11-21 06:20:10 --> Could not find the language line "Xác Nhận"
ERROR - 2019-11-21 06:20:10 --> Severity: Warning --> Invalid argument supplied for foreach() /home/admin/domains/spshd.com/public_html/khachhang/application/views/app.php 157
ERROR - 2019-11-21 06:20:10 --> Severity: Warning --> Invalid argument supplied for foreach() /home/admin/domains/spshd.com/public_html/khachhang/application/views/app.php 168
ERROR - 2019-11-21 06:20:10 --> Could not find the language line "Đóng"
ERROR - 2019-11-21 06:20:10 --> Could not find the language line "Xác Nhận"
ERROR - 2019-11-21 06:20:10 --> Could not find the language line "Đóng"
ERROR - 2019-11-21 06:20:10 --> Could not find the language line "Xác Nhận"
ERROR - 2019-11-21 07:07:13 --> Could not find the language line "Tạo Điểm Lấy Hàng"
ERROR - 2019-11-21 07:07:13 --> Could not find the language line "Tạo Đơn Hàng"
ERROR - 2019-11-21 07:07:13 --> Severity: Warning --> Invalid argument supplied for foreach() /home/admin/domains/spshd.com/public_html/khachhang/application/views/tab4.php 394
ERROR - 2019-11-21 07:07:13 --> Could not find the language line "Đóng"
ERROR - 2019-11-21 07:07:13 --> Could not find the language line "Xác Nhận"
ERROR - 2019-11-21 07:07:13 --> Severity: Warning --> Invalid argument supplied for foreach() /home/admin/domains/spshd.com/public_html/khachhang/application/views/app.php 157
ERROR - 2019-11-21 07:07:13 --> Severity: Warning --> Invalid argument supplied for foreach() /home/admin/domains/spshd.com/public_html/khachhang/application/views/app.php 168
ERROR - 2019-11-21 07:07:13 --> Could not find the language line "Đóng"
ERROR - 2019-11-21 07:07:13 --> Could not find the language line "Xác Nhận"
ERROR - 2019-11-21 07:07:13 --> Could not find the language line "Đóng"
ERROR - 2019-11-21 07:07:13 --> Could not find the language line "Xác Nhận"
ERROR - 2019-11-21 08:10:51 --> Could not find the language line "Tạo Điểm Lấy Hàng"
ERROR - 2019-11-21 08:10:51 --> Could not find the language line "Tạo Đơn Hàng"
ERROR - 2019-11-21 08:10:51 --> Severity: Warning --> Invalid argument supplied for foreach() /home/admin/domains/spshd.com/public_html/khachhang/application/views/tab4.php 394
ERROR - 2019-11-21 08:10:51 --> Could not find the language line "Đóng"
ERROR - 2019-11-21 08:10:51 --> Could not find the language line "Xác Nhận"
ERROR - 2019-11-21 08:10:51 --> Severity: Warning --> Invalid argument supplied for foreach() /home/admin/domains/spshd.com/public_html/khachhang/application/views/app.php 157
ERROR - 2019-11-21 08:10:51 --> Severity: Warning --> Invalid argument supplied for foreach() /home/admin/domains/spshd.com/public_html/khachhang/application/views/app.php 168
ERROR - 2019-11-21 08:10:51 --> Could not find the language line "Đóng"
ERROR - 2019-11-21 08:10:51 --> Could not find the language line "Xác Nhận"
ERROR - 2019-11-21 08:10:51 --> Could not find the language line "Đóng"
ERROR - 2019-11-21 08:10:51 --> Could not find the language line "Xác Nhận"
ERROR - 2019-11-21 08:49:52 --> Could not find the language line "Tạo Điểm Lấy Hàng"
ERROR - 2019-11-21 08:49:52 --> Could not find the language line "Tạo Đơn Hàng"
ERROR - 2019-11-21 08:49:52 --> Severity: Warning --> Invalid argument supplied for foreach() /home/admin/domains/spshd.com/public_html/khachhang/application/views/tab4.php 394
ERROR - 2019-11-21 08:49:52 --> Could not find the language line "Đóng"
ERROR - 2019-11-21 08:49:52 --> Could not find the language line "Xác Nhận"
ERROR - 2019-11-21 08:49:52 --> Severity: Warning --> Invalid argument supplied for foreach() /home/admin/domains/spshd.com/public_html/khachhang/application/views/app.php 157
ERROR - 2019-11-21 08:49:52 --> Severity: Warning --> Invalid argument supplied for foreach() /home/admin/domains/spshd.com/public_html/khachhang/application/views/app.php 168
ERROR - 2019-11-21 08:49:52 --> Could not find the language line "Đóng"
ERROR - 2019-11-21 08:49:52 --> Could not find the language line "Xác Nhận"
ERROR - 2019-11-21 08:49:52 --> Could not find the language line "Đóng"
ERROR - 2019-11-21 08:49:52 --> Could not find the language line "Xác Nhận"
ERROR - 2019-11-21 09:53:29 --> Could not find the language line "Tạo Điểm Lấy Hàng"
ERROR - 2019-11-21 09:53:29 --> Could not find the language line "Tạo Đơn Hàng"
ERROR - 2019-11-21 09:53:29 --> Severity: Warning --> Invalid argument supplied for foreach() /home/admin/domains/spshd.com/public_html/khachhang/application/views/tab4.php 394
ERROR - 2019-11-21 09:53:29 --> Could not find the language line "Đóng"
ERROR - 2019-11-21 09:53:29 --> Could not find the language line "Xác Nhận"
ERROR - 2019-11-21 09:53:29 --> Severity: Warning --> Invalid argument supplied for foreach() /home/admin/domains/spshd.com/public_html/khachhang/application/views/app.php 157
ERROR - 2019-11-21 09:53:29 --> Severity: Warning --> Invalid argument supplied for foreach() /home/admin/domains/spshd.com/public_html/khachhang/application/views/app.php 168
ERROR - 2019-11-21 09:53:29 --> Could not find the language line "Đóng"
ERROR - 2019-11-21 09:53:29 --> Could not find the language line "Xác Nhận"
ERROR - 2019-11-21 09:53:29 --> Could not find the language line "Đóng"
ERROR - 2019-11-21 09:53:29 --> Could not find the language line "Xác Nhận"
ERROR - 2019-11-21 12:09:05 --> Could not find the language line "Tạo Điểm Lấy Hàng"
ERROR - 2019-11-21 12:09:05 --> Could not find the language line "Tạo Đơn Hàng"
ERROR - 2019-11-21 12:09:05 --> Severity: Warning --> Invalid argument supplied for foreach() /home/admin/domains/spshd.com/public_html/khachhang/application/views/tab4.php 394
ERROR - 2019-11-21 12:09:05 --> Could not find the language line "Đóng"
ERROR - 2019-11-21 12:09:05 --> Could not find the language line "Xác Nhận"
ERROR - 2019-11-21 12:09:05 --> Severity: Warning --> Invalid argument supplied for foreach() /home/admin/domains/spshd.com/public_html/khachhang/application/views/app.php 157
ERROR - 2019-11-21 12:09:05 --> Severity: Warning --> Invalid argument supplied for foreach() /home/admin/domains/spshd.com/public_html/khachhang/application/views/app.php 168
ERROR - 2019-11-21 12:09:05 --> Could not find the language line "Đóng"
ERROR - 2019-11-21 12:09:05 --> Could not find the language line "Xác Nhận"
ERROR - 2019-11-21 12:09:05 --> Could not find the language line "Đóng"
ERROR - 2019-11-21 12:09:05 --> Could not find the language line "Xác Nhận"
ERROR - 2019-11-21 12:14:18 --> Could not find the language line "Tạo Điểm Lấy Hàng"
ERROR - 2019-11-21 12:14:18 --> Could not find the language line "Tạo Đơn Hàng"
ERROR - 2019-11-21 12:14:18 --> Severity: Warning --> Invalid argument supplied for foreach() /home/admin/domains/spshd.com/public_html/khachhang/application/views/tab4.php 394
ERROR - 2019-11-21 12:14:18 --> Could not find the language line "Đóng"
ERROR - 2019-11-21 12:14:18 --> Could not find the language line "Xác Nhận"
ERROR - 2019-11-21 12:14:18 --> Severity: Warning --> Invalid argument supplied for foreach() /home/admin/domains/spshd.com/public_html/khachhang/application/views/app.php 157
ERROR - 2019-11-21 12:14:18 --> Severity: Warning --> Invalid argument supplied for foreach() /home/admin/domains/spshd.com/public_html/khachhang/application/views/app.php 168
ERROR - 2019-11-21 12:14:18 --> Could not find the language line "Đóng"
ERROR - 2019-11-21 12:14:18 --> Could not find the language line "Xác Nhận"
ERROR - 2019-11-21 12:14:18 --> Could not find the language line "Đóng"
ERROR - 2019-11-21 12:14:18 --> Could not find the language line "Xác Nhận"
ERROR - 2019-11-21 12:22:07 --> Could not find the language line "Tạo Điểm Lấy Hàng"
ERROR - 2019-11-21 12:22:07 --> Could not find the language line "Tạo Đơn Hàng"
ERROR - 2019-11-21 12:22:07 --> Severity: Warning --> Invalid argument supplied for foreach() /home/admin/domains/spshd.com/public_html/khachhang/application/views/tab4.php 394
ERROR - 2019-11-21 12:22:07 --> Could not find the language line "Đóng"
ERROR - 2019-11-21 12:22:07 --> Could not find the language line "Xác Nhận"
ERROR - 2019-11-21 12:22:07 --> Severity: Warning --> Invalid argument supplied for foreach() /home/admin/domains/spshd.com/public_html/khachhang/application/views/app.php 157
ERROR - 2019-11-21 12:22:07 --> Severity: Warning --> Invalid argument supplied for foreach() /home/admin/domains/spshd.com/public_html/khachhang/application/views/app.php 168
ERROR - 2019-11-21 12:22:07 --> Could not find the language line "Đóng"
ERROR - 2019-11-21 12:22:07 --> Could not find the language line "Xác Nhận"
ERROR - 2019-11-21 12:22:07 --> Could not find the language line "Đóng"
ERROR - 2019-11-21 12:22:07 --> Could not find the language line "Xác Nhận"
ERROR - 2019-11-21 12:22:18 --> Could not find the language line "Email"
ERROR - 2019-11-21 12:22:18 --> Could not find the language line "password"
ERROR - 2019-11-21 12:22:23 --> Could not find the language line "Email"
ERROR - 2019-11-21 12:22:23 --> Could not find the language line "password"
ERROR - 2019-11-21 12:23:28 --> Could not find the language line "Tạo Điểm Lấy Hàng"
ERROR - 2019-11-21 12:23:28 --> Could not find the language line "Tạo Đơn Hàng"
ERROR - 2019-11-21 12:23:28 --> Severity: Warning --> Invalid argument supplied for foreach() /home/admin/domains/spshd.com/public_html/khachhang/application/views/tab4.php 394
ERROR - 2019-11-21 12:23:28 --> Could not find the language line "Đóng"
ERROR - 2019-11-21 12:23:28 --> Could not find the language line "Xác Nhận"
ERROR - 2019-11-21 12:23:28 --> Severity: Warning --> Invalid argument supplied for foreach() /home/admin/domains/spshd.com/public_html/khachhang/application/views/app.php 157
ERROR - 2019-11-21 12:23:28 --> Severity: Warning --> Invalid argument supplied for foreach() /home/admin/domains/spshd.com/public_html/khachhang/application/views/app.php 168
ERROR - 2019-11-21 12:23:28 --> Could not find the language line "Đóng"
ERROR - 2019-11-21 12:23:28 --> Could not find the language line "Xác Nhận"
ERROR - 2019-11-21 12:23:28 --> Could not find the language line "Đóng"
ERROR - 2019-11-21 12:23:28 --> Could not find the language line "Xác Nhận"
ERROR - 2019-11-21 14:11:27 --> Could not find the language line "Tạo Điểm Lấy Hàng"
ERROR - 2019-11-21 14:11:27 --> Could not find the language line "Tạo Đơn Hàng"
ERROR - 2019-11-21 14:11:27 --> Severity: Warning --> Invalid argument supplied for foreach() /home/admin/domains/spshd.com/public_html/khachhang/application/views/tab4.php 394
ERROR - 2019-11-21 14:11:27 --> Could not find the language line "Đóng"
ERROR - 2019-11-21 14:11:27 --> Could not find the language line "Xác Nhận"
ERROR - 2019-11-21 14:11:27 --> Severity: Warning --> Invalid argument supplied for foreach() /home/admin/domains/spshd.com/public_html/khachhang/application/views/app.php 157
ERROR - 2019-11-21 14:11:27 --> Severity: Warning --> Invalid argument supplied for foreach() /home/admin/domains/spshd.com/public_html/khachhang/application/views/app.php 168
ERROR - 2019-11-21 14:11:27 --> Could not find the language line "Đóng"
ERROR - 2019-11-21 14:11:27 --> Could not find the language line "Xác Nhận"
ERROR - 2019-11-21 14:11:27 --> Could not find the language line "Đóng"
ERROR - 2019-11-21 14:11:27 --> Could not find the language line "Xác Nhận"
ERROR - 2019-11-21 14:11:27 --> Could not find the language line "Tạo Điểm Lấy Hàng"
ERROR - 2019-11-21 14:11:27 --> Could not find the language line "Tạo Đơn Hàng"
ERROR - 2019-11-21 14:11:27 --> Severity: Warning --> Invalid argument supplied for foreach() /home/admin/domains/spshd.com/public_html/khachhang/application/views/tab4.php 394
ERROR - 2019-11-21 14:11:27 --> Could not find the language line "Đóng"
ERROR - 2019-11-21 14:11:27 --> Could not find the language line "Xác Nhận"
ERROR - 2019-11-21 14:11:27 --> Severity: Warning --> Invalid argument supplied for foreach() /home/admin/domains/spshd.com/public_html/khachhang/application/views/app.php 157
ERROR - 2019-11-21 14:11:27 --> Severity: Warning --> Invalid argument supplied for foreach() /home/admin/domains/spshd.com/public_html/khachhang/application/views/app.php 168
ERROR - 2019-11-21 14:11:27 --> Could not find the language line "Đóng"
ERROR - 2019-11-21 14:11:27 --> Could not find the language line "Xác Nhận"
ERROR - 2019-11-21 14:11:27 --> Could not find the language line "Đóng"
ERROR - 2019-11-21 14:11:27 --> Could not find the language line "Xác Nhận"
ERROR - 2019-11-21 15:27:19 --> Could not find the language line "Tạo Điểm Lấy Hàng"
ERROR - 2019-11-21 15:27:19 --> Could not find the language line "Tạo Đơn Hàng"
ERROR - 2019-11-21 15:27:19 --> Severity: Warning --> Invalid argument supplied for foreach() /home/admin/domains/spshd.com/public_html/khachhang/application/views/tab4.php 394
ERROR - 2019-11-21 15:27:19 --> Could not find the language line "Đóng"
ERROR - 2019-11-21 15:27:19 --> Could not find the language line "Xác Nhận"
ERROR - 2019-11-21 15:27:19 --> Severity: Warning --> Invalid argument supplied for foreach() /home/admin/domains/spshd.com/public_html/khachhang/application/views/app.php 157
ERROR - 2019-11-21 15:27:19 --> Severity: Warning --> Invalid argument supplied for foreach() /home/admin/domains/spshd.com/public_html/khachhang/application/views/app.php 168
ERROR - 2019-11-21 15:27:19 --> Could not find the language line "Đóng"
ERROR - 2019-11-21 15:27:19 --> Could not find the language line "Xác Nhận"
ERROR - 2019-11-21 15:27:19 --> Could not find the language line "Đóng"
ERROR - 2019-11-21 15:27:19 --> Could not find the language line "Xác Nhận"
ERROR - 2019-11-21 16:04:21 --> Could not find the language line "Tạo Điểm Lấy Hàng"
ERROR - 2019-11-21 16:04:21 --> Could not find the language line "Tạo Đơn Hàng"
ERROR - 2019-11-21 16:04:21 --> Severity: Warning --> Invalid argument supplied for foreach() /home/admin/domains/spshd.com/public_html/khachhang/application/views/tab4.php 394
ERROR - 2019-11-21 16:04:21 --> Could not find the language line "Đóng"
ERROR - 2019-11-21 16:04:21 --> Could not find the language line "Xác Nhận"
ERROR - 2019-11-21 16:04:21 --> Severity: Warning --> Invalid argument supplied for foreach() /home/admin/domains/spshd.com/public_html/khachhang/application/views/app.php 157
ERROR - 2019-11-21 16:04:21 --> Severity: Warning --> Invalid argument supplied for foreach() /home/admin/domains/spshd.com/public_html/khachhang/application/views/app.php 168
ERROR - 2019-11-21 16:04:21 --> Could not find the language line "Đóng"
ERROR - 2019-11-21 16:04:21 --> Could not find the language line "Xác Nhận"
ERROR - 2019-11-21 16:04:21 --> Could not find the language line "Đóng"
ERROR - 2019-11-21 16:04:21 --> Could not find the language line "Xác Nhận"
ERROR - 2019-11-21 16:04:21 --> Could not find the language line "Tạo Điểm Lấy Hàng"
ERROR - 2019-11-21 16:04:21 --> Could not find the language line "Tạo Đơn Hàng"
ERROR - 2019-11-21 16:04:21 --> Severity: Warning --> Invalid argument supplied for foreach() /home/admin/domains/spshd.com/public_html/khachhang/application/views/tab4.php 394
ERROR - 2019-11-21 16:04:21 --> Could not find the language line "Đóng"
ERROR - 2019-11-21 16:04:21 --> Could not find the language line "Xác Nhận"
ERROR - 2019-11-21 16:04:21 --> Severity: Warning --> Invalid argument supplied for foreach() /home/admin/domains/spshd.com/public_html/khachhang/application/views/app.php 157
ERROR - 2019-11-21 16:04:21 --> Severity: Warning --> Invalid argument supplied for foreach() /home/admin/domains/spshd.com/public_html/khachhang/application/views/app.php 168
ERROR - 2019-11-21 16:04:21 --> Could not find the language line "Đóng"
ERROR - 2019-11-21 16:04:21 --> Could not find the language line "Xác Nhận"
ERROR - 2019-11-21 16:04:21 --> Could not find the language line "Đóng"
ERROR - 2019-11-21 16:04:21 --> Could not find the language line "Xác Nhận"
ERROR - 2019-11-21 16:04:54 --> Could not find the language line "Tạo Điểm Lấy Hàng"
ERROR - 2019-11-21 16:04:54 --> Could not find the language line "Tạo Đơn Hàng"
ERROR - 2019-11-21 16:04:54 --> Severity: Warning --> Invalid argument supplied for foreach() /home/admin/domains/spshd.com/public_html/khachhang/application/views/tab4.php 394
ERROR - 2019-11-21 16:04:54 --> Could not find the language line "Đóng"
ERROR - 2019-11-21 16:04:54 --> Could not find the language line "Xác Nhận"
ERROR - 2019-11-21 16:04:54 --> Severity: Warning --> Invalid argument supplied for foreach() /home/admin/domains/spshd.com/public_html/khachhang/application/views/app.php 157
ERROR - 2019-11-21 16:04:54 --> Severity: Warning --> Invalid argument supplied for foreach() /home/admin/domains/spshd.com/public_html/khachhang/application/views/app.php 168
ERROR - 2019-11-21 16:04:54 --> Could not find the language line "Đóng"
ERROR - 2019-11-21 16:04:54 --> Could not find the language line "Xác Nhận"
ERROR - 2019-11-21 16:04:54 --> Could not find the language line "Đóng"
ERROR - 2019-11-21 16:04:54 --> Could not find the language line "Xác Nhận"
ERROR - 2019-11-21 16:04:56 --> Could not find the language line "Tạo Điểm Lấy Hàng"
ERROR - 2019-11-21 16:04:56 --> Could not find the language line "Tạo Đơn Hàng"
ERROR - 2019-11-21 16:04:56 --> Severity: Warning --> Invalid argument supplied for foreach() /home/admin/domains/spshd.com/public_html/khachhang/application/views/tab4.php 394
ERROR - 2019-11-21 16:04:56 --> Could not find the language line "Đóng"
ERROR - 2019-11-21 16:04:56 --> Could not find the language line "Xác Nhận"
ERROR - 2019-11-21 16:04:56 --> Severity: Warning --> Invalid argument supplied for foreach() /home/admin/domains/spshd.com/public_html/khachhang/application/views/app.php 157
ERROR - 2019-11-21 16:04:56 --> Severity: Warning --> Invalid argument supplied for foreach() /home/admin/domains/spshd.com/public_html/khachhang/application/views/app.php 168
ERROR - 2019-11-21 16:04:56 --> Could not find the language line "Đóng"
ERROR - 2019-11-21 16:04:56 --> Could not find the language line "Xác Nhận"
ERROR - 2019-11-21 16:04:56 --> Could not find the language line "Đóng"
ERROR - 2019-11-21 16:04:56 --> Could not find the language line "Xác Nhận"
ERROR - 2019-11-21 16:04:56 --> Could not find the language line "Tạo Điểm Lấy Hàng"
ERROR - 2019-11-21 16:04:56 --> Could not find the language line "Tạo Đơn Hàng"
ERROR - 2019-11-21 16:04:56 --> Severity: Warning --> Invalid argument supplied for foreach() /home/admin/domains/spshd.com/public_html/khachhang/application/views/tab4.php 394
ERROR - 2019-11-21 16:04:56 --> Could not find the language line "Đóng"
ERROR - 2019-11-21 16:04:56 --> Could not find the language line "Xác Nhận"
ERROR - 2019-11-21 16:04:56 --> Severity: Warning --> Invalid argument supplied for foreach() /home/admin/domains/spshd.com/public_html/khachhang/application/views/app.php 157
ERROR - 2019-11-21 16:04:56 --> Severity: Warning --> Invalid argument supplied for foreach() /home/admin/domains/spshd.com/public_html/khachhang/application/views/app.php 168
ERROR - 2019-11-21 16:04:56 --> Could not find the language line "Đóng"
ERROR - 2019-11-21 16:04:56 --> Could not find the language line "Xác Nhận"
ERROR - 2019-11-21 16:04:56 --> Could not find the language line "Đóng"
ERROR - 2019-11-21 16:04:56 --> Could not find the language line "Xác Nhận"
ERROR - 2019-11-21 16:05:01 --> Could not find the language line "Email"
ERROR - 2019-11-21 16:05:01 --> Could not find the language line "password"
