ERROR - 2020-06-06 08:51:17 --> Could not find the language line "Tạo Điểm Lấy Hàng"
ERROR - 2020-06-06 08:51:17 --> Could not find the language line "Tạo Đơn Hàng"
ERROR - 2020-06-06 08:51:17 --> Could not find the language line "Tải Excel"
ERROR - 2020-06-06 08:51:17 --> Could not find the language line "Đóng"
ERROR - 2020-06-06 08:51:17 --> Could not find the language line "Xác Nhận"
ERROR - 2020-06-06 08:51:17 --> Severity: Warning --> Invalid argument supplied for foreach() /home/admin/domains/spshd.com/public_html/khachhang/application/views/app.php 162
ERROR - 2020-06-06 08:51:17 --> Severity: Warning --> Invalid argument supplied for foreach() /home/admin/domains/spshd.com/public_html/khachhang/application/views/app.php 173
ERROR - 2020-06-06 08:51:17 --> Could not find the language line "Đóng"
ERROR - 2020-06-06 08:51:17 --> Could not find the language line "Xác Nhận"
ERROR - 2020-06-06 08:51:17 --> Could not find the language line "Đóng"
ERROR - 2020-06-06 08:51:17 --> Could not find the language line "Xác Nhận"
ERROR - 2020-06-06 08:51:17 --> Could not find the language line "Đóng"
ERROR - 2020-06-06 08:51:17 --> Could not find the language line "Tải"
ERROR - 2020-06-06 08:55:14 --> Could not find the language line "Tạo Điểm Lấy Hàng"
ERROR - 2020-06-06 08:55:14 --> Could not find the language line "Tạo Đơn Hàng"
ERROR - 2020-06-06 08:55:14 --> Could not find the language line "Tải Excel"
ERROR - 2020-06-06 08:55:14 --> Could not find the language line "Đóng"
ERROR - 2020-06-06 08:55:14 --> Could not find the language line "Xác Nhận"
ERROR - 2020-06-06 08:55:14 --> Severity: Warning --> Invalid argument supplied for foreach() /home/admin/domains/spshd.com/public_html/khachhang/application/views/app.php 162
ERROR - 2020-06-06 08:55:14 --> Severity: Warning --> Invalid argument supplied for foreach() /home/admin/domains/spshd.com/public_html/khachhang/application/views/app.php 173
ERROR - 2020-06-06 08:55:14 --> Could not find the language line "Đóng"
ERROR - 2020-06-06 08:55:14 --> Could not find the language line "Xác Nhận"
ERROR - 2020-06-06 08:55:14 --> Could not find the language line "Đóng"
ERROR - 2020-06-06 08:55:14 --> Could not find the language line "Xác Nhận"
ERROR - 2020-06-06 08:55:14 --> Could not find the language line "Đóng"
ERROR - 2020-06-06 08:55:14 --> Could not find the language line "Tải"
ERROR - 2020-06-06 09:23:45 --> Could not find the language line "Tạo Điểm Lấy Hàng"
ERROR - 2020-06-06 09:23:45 --> Could not find the language line "Tạo Đơn Hàng"
ERROR - 2020-06-06 09:23:45 --> Could not find the language line "Tải Excel"
ERROR - 2020-06-06 09:23:45 --> Could not find the language line "Đóng"
ERROR - 2020-06-06 09:23:45 --> Could not find the language line "Xác Nhận"
ERROR - 2020-06-06 09:23:45 --> Severity: Warning --> Invalid argument supplied for foreach() /home/admin/domains/spshd.com/public_html/khachhang/application/views/app.php 162
ERROR - 2020-06-06 09:23:45 --> Severity: Warning --> Invalid argument supplied for foreach() /home/admin/domains/spshd.com/public_html/khachhang/application/views/app.php 173
ERROR - 2020-06-06 09:23:45 --> Could not find the language line "Đóng"
ERROR - 2020-06-06 09:23:45 --> Could not find the language line "Xác Nhận"
ERROR - 2020-06-06 09:23:45 --> Could not find the language line "Đóng"
ERROR - 2020-06-06 09:23:45 --> Could not find the language line "Xác Nhận"
ERROR - 2020-06-06 09:23:45 --> Could not find the language line "Đóng"
ERROR - 2020-06-06 09:23:45 --> Could not find the language line "Tải"
ERROR - 2020-06-06 03:42:02 --> Could not find the language line "Email"
ERROR - 2020-06-06 03:42:02 --> Could not find the language line "password"
ERROR - 2020-06-06 09:42:32 --> Could not find the language line "Tạo Điểm Lấy Hàng"
ERROR - 2020-06-06 09:42:32 --> Could not find the language line "Tạo Đơn Hàng"
ERROR - 2020-06-06 09:42:32 --> Could not find the language line "Tải Excel"
ERROR - 2020-06-06 09:42:32 --> Could not find the language line "Đóng"
ERROR - 2020-06-06 09:42:32 --> Could not find the language line "Xác Nhận"
ERROR - 2020-06-06 09:42:32 --> Severity: Warning --> Invalid argument supplied for foreach() /home/admin/domains/spshd.com/public_html/khachhang/application/views/app.php 162
ERROR - 2020-06-06 09:42:32 --> Severity: Warning --> Invalid argument supplied for foreach() /home/admin/domains/spshd.com/public_html/khachhang/application/views/app.php 173
ERROR - 2020-06-06 09:42:32 --> Could not find the language line "Đóng"
ERROR - 2020-06-06 09:42:32 --> Could not find the language line "Xác Nhận"
ERROR - 2020-06-06 09:42:32 --> Could not find the language line "Đóng"
ERROR - 2020-06-06 09:42:32 --> Could not find the language line "Xác Nhận"
ERROR - 2020-06-06 09:42:32 --> Could not find the language line "Đóng"
ERROR - 2020-06-06 09:42:32 --> Could not find the language line "Tải"
ERROR - 2020-06-06 10:28:30 --> Could not find the language line "Tạo Điểm Lấy Hàng"
ERROR - 2020-06-06 10:28:30 --> Could not find the language line "Tạo Đơn Hàng"
ERROR - 2020-06-06 10:28:30 --> Could not find the language line "Tải Excel"
ERROR - 2020-06-06 10:28:30 --> Could not find the language line "Đóng"
ERROR - 2020-06-06 10:28:30 --> Could not find the language line "Xác Nhận"
ERROR - 2020-06-06 10:28:30 --> Severity: Warning --> Invalid argument supplied for foreach() /home/admin/domains/spshd.com/public_html/khachhang/application/views/app.php 162
ERROR - 2020-06-06 10:28:30 --> Severity: Warning --> Invalid argument supplied for foreach() /home/admin/domains/spshd.com/public_html/khachhang/application/views/app.php 173
ERROR - 2020-06-06 10:28:30 --> Could not find the language line "Đóng"
ERROR - 2020-06-06 10:28:30 --> Could not find the language line "Xác Nhận"
ERROR - 2020-06-06 10:28:30 --> Could not find the language line "Đóng"
ERROR - 2020-06-06 10:28:30 --> Could not find the language line "Xác Nhận"
ERROR - 2020-06-06 10:28:30 --> Could not find the language line "Đóng"
ERROR - 2020-06-06 10:28:30 --> Could not find the language line "Tải"
ERROR - 2020-06-06 10:33:47 --> Could not find the language line "Tạo Điểm Lấy Hàng"
ERROR - 2020-06-06 10:33:47 --> Could not find the language line "Tạo Đơn Hàng"
ERROR - 2020-06-06 10:33:47 --> Could not find the language line "Tải Excel"
ERROR - 2020-06-06 10:33:47 --> Could not find the language line "Đóng"
ERROR - 2020-06-06 10:33:47 --> Could not find the language line "Xác Nhận"
ERROR - 2020-06-06 10:33:47 --> Severity: Warning --> Invalid argument supplied for foreach() /home/admin/domains/spshd.com/public_html/khachhang/application/views/app.php 162
ERROR - 2020-06-06 10:33:47 --> Severity: Warning --> Invalid argument supplied for foreach() /home/admin/domains/spshd.com/public_html/khachhang/application/views/app.php 173
ERROR - 2020-06-06 10:33:47 --> Could not find the language line "Đóng"
ERROR - 2020-06-06 10:33:47 --> Could not find the language line "Xác Nhận"
ERROR - 2020-06-06 10:33:47 --> Could not find the language line "Đóng"
ERROR - 2020-06-06 10:33:47 --> Could not find the language line "Xác Nhận"
ERROR - 2020-06-06 10:33:47 --> Could not find the language line "Đóng"
ERROR - 2020-06-06 10:33:47 --> Could not find the language line "Tải"
ERROR - 2020-06-06 04:38:57 --> Could not find the language line "Email"
ERROR - 2020-06-06 04:38:57 --> Could not find the language line "password"
ERROR - 2020-06-06 04:48:52 --> Could not find the language line "Email"
ERROR - 2020-06-06 04:48:52 --> Could not find the language line "password"
ERROR - 2020-06-06 04:50:46 --> Could not find the language line "Email"
ERROR - 2020-06-06 04:50:46 --> Could not find the language line "password"
ERROR - 2020-06-06 10:50:53 --> Could not find the language line "Tạo Điểm Lấy Hàng"
ERROR - 2020-06-06 10:50:53 --> Could not find the language line "Tạo Đơn Hàng"
ERROR - 2020-06-06 10:50:53 --> Could not find the language line "Tải Excel"
ERROR - 2020-06-06 10:50:53 --> Could not find the language line "Đóng"
ERROR - 2020-06-06 10:50:53 --> Could not find the language line "Xác Nhận"
ERROR - 2020-06-06 10:50:53 --> Severity: Warning --> Invalid argument supplied for foreach() /home/admin/domains/spshd.com/public_html/khachhang/application/views/app.php 162
ERROR - 2020-06-06 10:50:53 --> Severity: Warning --> Invalid argument supplied for foreach() /home/admin/domains/spshd.com/public_html/khachhang/application/views/app.php 173
ERROR - 2020-06-06 10:50:53 --> Could not find the language line "Đóng"
ERROR - 2020-06-06 10:50:53 --> Could not find the language line "Xác Nhận"
ERROR - 2020-06-06 10:50:53 --> Could not find the language line "Đóng"
ERROR - 2020-06-06 10:50:53 --> Could not find the language line "Xác Nhận"
ERROR - 2020-06-06 10:50:53 --> Could not find the language line "Đóng"
ERROR - 2020-06-06 10:50:53 --> Could not find the language line "Tải"
ERROR - 2020-06-06 10:50:53 --> Could not find the language line "Tạo Điểm Lấy Hàng"
ERROR - 2020-06-06 10:50:53 --> Could not find the language line "Tạo Đơn Hàng"
ERROR - 2020-06-06 10:50:53 --> Could not find the language line "Tải Excel"
ERROR - 2020-06-06 10:50:53 --> Could not find the language line "Đóng"
ERROR - 2020-06-06 10:50:53 --> Could not find the language line "Xác Nhận"
ERROR - 2020-06-06 10:50:53 --> Severity: Warning --> Invalid argument supplied for foreach() /home/admin/domains/spshd.com/public_html/khachhang/application/views/app.php 162
ERROR - 2020-06-06 10:50:53 --> Severity: Warning --> Invalid argument supplied for foreach() /home/admin/domains/spshd.com/public_html/khachhang/application/views/app.php 173
ERROR - 2020-06-06 10:50:53 --> Could not find the language line "Đóng"
ERROR - 2020-06-06 10:50:53 --> Could not find the language line "Xác Nhận"
ERROR - 2020-06-06 10:50:53 --> Could not find the language line "Đóng"
ERROR - 2020-06-06 10:50:53 --> Could not find the language line "Xác Nhận"
ERROR - 2020-06-06 10:50:53 --> Could not find the language line "Đóng"
ERROR - 2020-06-06 10:50:53 --> Could not find the language line "Tải"
ERROR - 2020-06-06 10:52:07 --> Could not find the language line "Tạo Điểm Lấy Hàng"
ERROR - 2020-06-06 10:52:07 --> Could not find the language line "Tạo Đơn Hàng"
ERROR - 2020-06-06 10:52:07 --> Could not find the language line "Tải Excel"
ERROR - 2020-06-06 10:52:07 --> Could not find the language line "Đóng"
ERROR - 2020-06-06 10:52:07 --> Could not find the language line "Xác Nhận"
ERROR - 2020-06-06 10:52:07 --> Severity: Warning --> Invalid argument supplied for foreach() /home/admin/domains/spshd.com/public_html/khachhang/application/views/app.php 162
ERROR - 2020-06-06 10:52:07 --> Severity: Warning --> Invalid argument supplied for foreach() /home/admin/domains/spshd.com/public_html/khachhang/application/views/app.php 173
ERROR - 2020-06-06 10:52:07 --> Could not find the language line "Đóng"
ERROR - 2020-06-06 10:52:07 --> Could not find the language line "Xác Nhận"
ERROR - 2020-06-06 10:52:07 --> Could not find the language line "Đóng"
ERROR - 2020-06-06 10:52:07 --> Could not find the language line "Xác Nhận"
ERROR - 2020-06-06 10:52:07 --> Could not find the language line "Đóng"
ERROR - 2020-06-06 10:52:07 --> Could not find the language line "Tải"
ERROR - 2020-06-06 10:54:33 --> Could not find the language line "Tạo Điểm Lấy Hàng"
ERROR - 2020-06-06 10:54:33 --> Could not find the language line "Tạo Đơn Hàng"
ERROR - 2020-06-06 10:54:33 --> Could not find the language line "Tải Excel"
ERROR - 2020-06-06 10:54:33 --> Could not find the language line "Đóng"
ERROR - 2020-06-06 10:54:33 --> Could not find the language line "Xác Nhận"
ERROR - 2020-06-06 10:54:33 --> Severity: Warning --> Invalid argument supplied for foreach() /home/admin/domains/spshd.com/public_html/khachhang/application/views/app.php 162
ERROR - 2020-06-06 10:54:33 --> Severity: Warning --> Invalid argument supplied for foreach() /home/admin/domains/spshd.com/public_html/khachhang/application/views/app.php 173
ERROR - 2020-06-06 10:54:33 --> Could not find the language line "Đóng"
ERROR - 2020-06-06 10:54:33 --> Could not find the language line "Xác Nhận"
ERROR - 2020-06-06 10:54:33 --> Could not find the language line "Đóng"
ERROR - 2020-06-06 10:54:33 --> Could not find the language line "Xác Nhận"
ERROR - 2020-06-06 10:54:33 --> Could not find the language line "Đóng"
ERROR - 2020-06-06 10:54:33 --> Could not find the language line "Tải"
ERROR - 2020-06-06 12:09:34 --> Could not find the language line "Tạo Điểm Lấy Hàng"
ERROR - 2020-06-06 12:09:34 --> Could not find the language line "Tạo Đơn Hàng"
ERROR - 2020-06-06 12:09:34 --> Could not find the language line "Tải Excel"
ERROR - 2020-06-06 12:09:34 --> Could not find the language line "Đóng"
ERROR - 2020-06-06 12:09:34 --> Could not find the language line "Xác Nhận"
ERROR - 2020-06-06 12:09:34 --> Severity: Warning --> Invalid argument supplied for foreach() /home/admin/domains/spshd.com/public_html/khachhang/application/views/app.php 162
ERROR - 2020-06-06 12:09:34 --> Severity: Warning --> Invalid argument supplied for foreach() /home/admin/domains/spshd.com/public_html/khachhang/application/views/app.php 173
ERROR - 2020-06-06 12:09:34 --> Could not find the language line "Đóng"
ERROR - 2020-06-06 12:09:34 --> Could not find the language line "Xác Nhận"
ERROR - 2020-06-06 12:09:34 --> Could not find the language line "Đóng"
ERROR - 2020-06-06 12:09:34 --> Could not find the language line "Xác Nhận"
ERROR - 2020-06-06 12:09:34 --> Could not find the language line "Đóng"
ERROR - 2020-06-06 12:09:34 --> Could not find the language line "Tải"
ERROR - 2020-06-06 12:16:39 --> Could not find the language line "Tạo Điểm Lấy Hàng"
ERROR - 2020-06-06 12:16:39 --> Could not find the language line "Tạo Đơn Hàng"
ERROR - 2020-06-06 12:16:39 --> Could not find the language line "Tải Excel"
ERROR - 2020-06-06 12:16:39 --> Could not find the language line "Đóng"
ERROR - 2020-06-06 12:16:39 --> Could not find the language line "Xác Nhận"
ERROR - 2020-06-06 12:16:39 --> Severity: Warning --> Invalid argument supplied for foreach() /home/admin/domains/spshd.com/public_html/khachhang/application/views/app.php 162
ERROR - 2020-06-06 12:16:39 --> Severity: Warning --> Invalid argument supplied for foreach() /home/admin/domains/spshd.com/public_html/khachhang/application/views/app.php 173
ERROR - 2020-06-06 12:16:39 --> Could not find the language line "Đóng"
ERROR - 2020-06-06 12:16:39 --> Could not find the language line "Xác Nhận"
ERROR - 2020-06-06 12:16:39 --> Could not find the language line "Đóng"
ERROR - 2020-06-06 12:16:39 --> Could not find the language line "Xác Nhận"
ERROR - 2020-06-06 12:16:39 --> Could not find the language line "Đóng"
ERROR - 2020-06-06 12:16:39 --> Could not find the language line "Tải"
ERROR - 2020-06-06 12:47:18 --> Could not find the language line "Tạo Điểm Lấy Hàng"
ERROR - 2020-06-06 12:47:18 --> Could not find the language line "Tạo Đơn Hàng"
ERROR - 2020-06-06 12:47:18 --> Could not find the language line "Tải Excel"
ERROR - 2020-06-06 12:47:18 --> Could not find the language line "Đóng"
ERROR - 2020-06-06 12:47:18 --> Could not find the language line "Xác Nhận"
ERROR - 2020-06-06 12:47:18 --> Severity: Warning --> Invalid argument supplied for foreach() /home/admin/domains/spshd.com/public_html/khachhang/application/views/app.php 162
ERROR - 2020-06-06 12:47:18 --> Severity: Warning --> Invalid argument supplied for foreach() /home/admin/domains/spshd.com/public_html/khachhang/application/views/app.php 173
ERROR - 2020-06-06 12:47:18 --> Could not find the language line "Đóng"
ERROR - 2020-06-06 12:47:18 --> Could not find the language line "Xác Nhận"
ERROR - 2020-06-06 12:47:18 --> Could not find the language line "Đóng"
ERROR - 2020-06-06 12:47:18 --> Could not find the language line "Xác Nhận"
ERROR - 2020-06-06 12:47:18 --> Could not find the language line "Đóng"
ERROR - 2020-06-06 12:47:18 --> Could not find the language line "Tải"
ERROR - 2020-06-06 12:47:19 --> Could not find the language line "Tạo Điểm Lấy Hàng"
ERROR - 2020-06-06 12:47:19 --> Could not find the language line "Tạo Đơn Hàng"
ERROR - 2020-06-06 12:47:19 --> Could not find the language line "Tải Excel"
ERROR - 2020-06-06 12:47:19 --> Could not find the language line "Đóng"
ERROR - 2020-06-06 12:47:19 --> Could not find the language line "Xác Nhận"
ERROR - 2020-06-06 12:47:19 --> Severity: Warning --> Invalid argument supplied for foreach() /home/admin/domains/spshd.com/public_html/khachhang/application/views/app.php 162
ERROR - 2020-06-06 12:47:19 --> Severity: Warning --> Invalid argument supplied for foreach() /home/admin/domains/spshd.com/public_html/khachhang/application/views/app.php 173
ERROR - 2020-06-06 12:47:19 --> Could not find the language line "Đóng"
ERROR - 2020-06-06 12:47:19 --> Could not find the language line "Xác Nhận"
ERROR - 2020-06-06 12:47:19 --> Could not find the language line "Đóng"
ERROR - 2020-06-06 12:47:19 --> Could not find the language line "Xác Nhận"
ERROR - 2020-06-06 12:47:19 --> Could not find the language line "Đóng"
ERROR - 2020-06-06 12:47:19 --> Could not find the language line "Tải"
ERROR - 2020-06-06 13:45:22 --> Could not find the language line "Tạo Điểm Lấy Hàng"
ERROR - 2020-06-06 13:45:22 --> Could not find the language line "Tạo Đơn Hàng"
ERROR - 2020-06-06 13:45:22 --> Could not find the language line "Tải Excel"
ERROR - 2020-06-06 13:45:22 --> Could not find the language line "Đóng"
ERROR - 2020-06-06 13:45:22 --> Could not find the language line "Xác Nhận"
ERROR - 2020-06-06 13:45:22 --> Severity: Warning --> Invalid argument supplied for foreach() /home/admin/domains/spshd.com/public_html/khachhang/application/views/app.php 162
ERROR - 2020-06-06 13:45:22 --> Severity: Warning --> Invalid argument supplied for foreach() /home/admin/domains/spshd.com/public_html/khachhang/application/views/app.php 173
ERROR - 2020-06-06 13:45:22 --> Could not find the language line "Đóng"
ERROR - 2020-06-06 13:45:22 --> Could not find the language line "Xác Nhận"
ERROR - 2020-06-06 13:45:22 --> Could not find the language line "Đóng"
ERROR - 2020-06-06 13:45:22 --> Could not find the language line "Xác Nhận"
ERROR - 2020-06-06 13:45:22 --> Could not find the language line "Đóng"
ERROR - 2020-06-06 13:45:22 --> Could not find the language line "Tải"
ERROR - 2020-06-06 08:28:50 --> Could not find the language line "Email"
ERROR - 2020-06-06 08:28:50 --> Could not find the language line "password"
ERROR - 2020-06-06 14:28:52 --> Could not find the language line "Tạo Điểm Lấy Hàng"
ERROR - 2020-06-06 14:28:52 --> Could not find the language line "Tạo Đơn Hàng"
ERROR - 2020-06-06 14:28:52 --> Could not find the language line "Tải Excel"
ERROR - 2020-06-06 14:28:52 --> Could not find the language line "Đóng"
ERROR - 2020-06-06 14:28:52 --> Could not find the language line "Xác Nhận"
ERROR - 2020-06-06 14:28:52 --> Severity: Warning --> Invalid argument supplied for foreach() /home/admin/domains/spshd.com/public_html/khachhang/application/views/app.php 162
ERROR - 2020-06-06 14:28:52 --> Severity: Warning --> Invalid argument supplied for foreach() /home/admin/domains/spshd.com/public_html/khachhang/application/views/app.php 173
ERROR - 2020-06-06 14:28:52 --> Could not find the language line "Đóng"
ERROR - 2020-06-06 14:28:52 --> Could not find the language line "Xác Nhận"
ERROR - 2020-06-06 14:28:52 --> Could not find the language line "Đóng"
ERROR - 2020-06-06 14:28:52 --> Could not find the language line "Xác Nhận"
ERROR - 2020-06-06 14:28:52 --> Could not find the language line "Đóng"
ERROR - 2020-06-06 14:28:52 --> Could not find the language line "Tải"
ERROR - 2020-06-06 08:37:15 --> Could not find the language line "Email"
ERROR - 2020-06-06 08:37:15 --> Could not find the language line "password"
ERROR - 2020-06-06 08:42:27 --> Could not find the language line "Email"
ERROR - 2020-06-06 08:42:27 --> Could not find the language line "password"
ERROR - 2020-06-06 08:47:12 --> Could not find the language line "Email"
ERROR - 2020-06-06 08:47:12 --> Could not find the language line "password"
ERROR - 2020-06-06 14:52:44 --> Could not find the language line "Tạo Điểm Lấy Hàng"
ERROR - 2020-06-06 14:52:44 --> Could not find the language line "Tạo Đơn Hàng"
ERROR - 2020-06-06 14:52:44 --> Could not find the language line "Tải Excel"
ERROR - 2020-06-06 14:52:44 --> Could not find the language line "Đóng"
ERROR - 2020-06-06 14:52:44 --> Could not find the language line "Xác Nhận"
ERROR - 2020-06-06 14:52:44 --> Severity: Warning --> Invalid argument supplied for foreach() /home/admin/domains/spshd.com/public_html/khachhang/application/views/app.php 162
ERROR - 2020-06-06 14:52:44 --> Severity: Warning --> Invalid argument supplied for foreach() /home/admin/domains/spshd.com/public_html/khachhang/application/views/app.php 173
ERROR - 2020-06-06 14:52:44 --> Could not find the language line "Đóng"
ERROR - 2020-06-06 14:52:44 --> Could not find the language line "Xác Nhận"
ERROR - 2020-06-06 14:52:44 --> Could not find the language line "Đóng"
ERROR - 2020-06-06 14:52:44 --> Could not find the language line "Xác Nhận"
ERROR - 2020-06-06 14:52:44 --> Could not find the language line "Đóng"
ERROR - 2020-06-06 14:52:44 --> Could not find the language line "Tải"
ERROR - 2020-06-06 15:11:37 --> Could not find the language line "Tạo Điểm Lấy Hàng"
ERROR - 2020-06-06 15:11:37 --> Could not find the language line "Tạo Đơn Hàng"
ERROR - 2020-06-06 15:11:37 --> Could not find the language line "Tải Excel"
ERROR - 2020-06-06 15:11:37 --> Could not find the language line "Đóng"
ERROR - 2020-06-06 15:11:37 --> Could not find the language line "Xác Nhận"
ERROR - 2020-06-06 15:11:37 --> Severity: Warning --> Invalid argument supplied for foreach() /home/admin/domains/spshd.com/public_html/khachhang/application/views/app.php 162
ERROR - 2020-06-06 15:11:37 --> Severity: Warning --> Invalid argument supplied for foreach() /home/admin/domains/spshd.com/public_html/khachhang/application/views/app.php 173
ERROR - 2020-06-06 15:11:37 --> Could not find the language line "Đóng"
ERROR - 2020-06-06 15:11:37 --> Could not find the language line "Xác Nhận"
ERROR - 2020-06-06 15:11:37 --> Could not find the language line "Đóng"
ERROR - 2020-06-06 15:11:37 --> Could not find the language line "Xác Nhận"
ERROR - 2020-06-06 15:11:37 --> Could not find the language line "Đóng"
ERROR - 2020-06-06 15:11:37 --> Could not find the language line "Tải"
ERROR - 2020-06-06 15:11:46 --> Could not find the language line "Tạo Điểm Lấy Hàng"
ERROR - 2020-06-06 15:11:46 --> Could not find the language line "Tạo Đơn Hàng"
ERROR - 2020-06-06 15:11:46 --> Could not find the language line "Tải Excel"
ERROR - 2020-06-06 15:11:46 --> Could not find the language line "Đóng"
ERROR - 2020-06-06 15:11:46 --> Could not find the language line "Xác Nhận"
ERROR - 2020-06-06 15:11:46 --> Severity: Warning --> Invalid argument supplied for foreach() /home/admin/domains/spshd.com/public_html/khachhang/application/views/app.php 162
ERROR - 2020-06-06 15:11:46 --> Severity: Warning --> Invalid argument supplied for foreach() /home/admin/domains/spshd.com/public_html/khachhang/application/views/app.php 173
ERROR - 2020-06-06 15:11:46 --> Could not find the language line "Đóng"
ERROR - 2020-06-06 15:11:46 --> Could not find the language line "Xác Nhận"
ERROR - 2020-06-06 15:11:46 --> Could not find the language line "Đóng"
ERROR - 2020-06-06 15:11:46 --> Could not find the language line "Xác Nhận"
ERROR - 2020-06-06 15:11:46 --> Could not find the language line "Đóng"
ERROR - 2020-06-06 15:11:46 --> Could not find the language line "Tải"
ERROR - 2020-06-06 17:03:54 --> Could not find the language line "Tạo Điểm Lấy Hàng"
ERROR - 2020-06-06 17:03:54 --> Could not find the language line "Tạo Đơn Hàng"
ERROR - 2020-06-06 17:03:54 --> Could not find the language line "Tải Excel"
ERROR - 2020-06-06 17:03:54 --> Could not find the language line "Đóng"
ERROR - 2020-06-06 17:03:54 --> Could not find the language line "Xác Nhận"
ERROR - 2020-06-06 17:03:54 --> Severity: Warning --> Invalid argument supplied for foreach() /home/admin/domains/spshd.com/public_html/khachhang/application/views/app.php 162
ERROR - 2020-06-06 17:03:54 --> Severity: Warning --> Invalid argument supplied for foreach() /home/admin/domains/spshd.com/public_html/khachhang/application/views/app.php 173
ERROR - 2020-06-06 17:03:54 --> Could not find the language line "Đóng"
ERROR - 2020-06-06 17:03:54 --> Could not find the language line "Xác Nhận"
ERROR - 2020-06-06 17:03:54 --> Could not find the language line "Đóng"
ERROR - 2020-06-06 17:03:54 --> Could not find the language line "Xác Nhận"
ERROR - 2020-06-06 17:03:54 --> Could not find the language line "Đóng"
ERROR - 2020-06-06 17:03:54 --> Could not find the language line "Tải"
ERROR - 2020-06-06 19:18:37 --> Could not find the language line "Tạo Điểm Lấy Hàng"
ERROR - 2020-06-06 19:18:37 --> Could not find the language line "Tạo Đơn Hàng"
ERROR - 2020-06-06 19:18:37 --> Could not find the language line "Tải Excel"
ERROR - 2020-06-06 19:18:37 --> Could not find the language line "Đóng"
ERROR - 2020-06-06 19:18:37 --> Could not find the language line "Xác Nhận"
ERROR - 2020-06-06 19:18:37 --> Severity: Warning --> Invalid argument supplied for foreach() /home/admin/domains/spshd.com/public_html/khachhang/application/views/app.php 162
ERROR - 2020-06-06 19:18:37 --> Severity: Warning --> Invalid argument supplied for foreach() /home/admin/domains/spshd.com/public_html/khachhang/application/views/app.php 173
ERROR - 2020-06-06 19:18:37 --> Could not find the language line "Đóng"
ERROR - 2020-06-06 19:18:37 --> Could not find the language line "Xác Nhận"
ERROR - 2020-06-06 19:18:37 --> Could not find the language line "Đóng"
ERROR - 2020-06-06 19:18:37 --> Could not find the language line "Xác Nhận"
ERROR - 2020-06-06 19:18:37 --> Could not find the language line "Đóng"
ERROR - 2020-06-06 19:18:37 --> Could not find the language line "Tải"
ERROR - 2020-06-06 19:42:38 --> Could not find the language line "Tạo Điểm Lấy Hàng"
ERROR - 2020-06-06 19:42:38 --> Could not find the language line "Tạo Đơn Hàng"
ERROR - 2020-06-06 19:42:38 --> Could not find the language line "Tải Excel"
ERROR - 2020-06-06 19:42:38 --> Could not find the language line "Đóng"
ERROR - 2020-06-06 19:42:38 --> Could not find the language line "Xác Nhận"
ERROR - 2020-06-06 19:42:38 --> Severity: Warning --> Invalid argument supplied for foreach() /home/admin/domains/spshd.com/public_html/khachhang/application/views/app.php 162
ERROR - 2020-06-06 19:42:38 --> Severity: Warning --> Invalid argument supplied for foreach() /home/admin/domains/spshd.com/public_html/khachhang/application/views/app.php 173
ERROR - 2020-06-06 19:42:38 --> Could not find the language line "Đóng"
ERROR - 2020-06-06 19:42:38 --> Could not find the language line "Xác Nhận"
ERROR - 2020-06-06 19:42:38 --> Could not find the language line "Đóng"
ERROR - 2020-06-06 19:42:38 --> Could not find the language line "Xác Nhận"
ERROR - 2020-06-06 19:42:38 --> Could not find the language line "Đóng"
ERROR - 2020-06-06 19:42:38 --> Could not find the language line "Tải"
ERROR - 2020-06-06 15:00:47 --> Could not find the language line "Email"
ERROR - 2020-06-06 15:00:47 --> Could not find the language line "password"
ERROR - 2020-06-06 15:22:22 --> Could not find the language line "Email"
ERROR - 2020-06-06 15:22:22 --> Could not find the language line "password"
ERROR - 2020-06-06 21:42:12 --> Could not find the language line "Tạo Điểm Lấy Hàng"
ERROR - 2020-06-06 21:42:12 --> Could not find the language line "Tạo Đơn Hàng"
ERROR - 2020-06-06 21:42:12 --> Could not find the language line "Tải Excel"
ERROR - 2020-06-06 21:42:12 --> Could not find the language line "Đóng"
ERROR - 2020-06-06 21:42:12 --> Could not find the language line "Xác Nhận"
ERROR - 2020-06-06 21:42:12 --> Severity: Warning --> Invalid argument supplied for foreach() /home/admin/domains/spshd.com/public_html/khachhang/application/views/app.php 162
ERROR - 2020-06-06 21:42:12 --> Severity: Warning --> Invalid argument supplied for foreach() /home/admin/domains/spshd.com/public_html/khachhang/application/views/app.php 173
ERROR - 2020-06-06 21:42:12 --> Could not find the language line "Đóng"
ERROR - 2020-06-06 21:42:12 --> Could not find the language line "Xác Nhận"
ERROR - 2020-06-06 21:42:12 --> Could not find the language line "Đóng"
ERROR - 2020-06-06 21:42:12 --> Could not find the language line "Xác Nhận"
ERROR - 2020-06-06 21:42:12 --> Could not find the language line "Đóng"
ERROR - 2020-06-06 21:42:12 --> Could not find the language line "Tải"
ERROR - 2020-06-06 22:19:40 --> Could not find the language line "Tạo Điểm Lấy Hàng"
ERROR - 2020-06-06 22:19:40 --> Could not find the language line "Tạo Đơn Hàng"
ERROR - 2020-06-06 22:19:40 --> Could not find the language line "Tải Excel"
ERROR - 2020-06-06 22:19:40 --> Could not find the language line "Đóng"
ERROR - 2020-06-06 22:19:40 --> Could not find the language line "Xác Nhận"
ERROR - 2020-06-06 22:19:40 --> Severity: Warning --> Invalid argument supplied for foreach() /home/admin/domains/spshd.com/public_html/khachhang/application/views/app.php 162
ERROR - 2020-06-06 22:19:40 --> Severity: Warning --> Invalid argument supplied for foreach() /home/admin/domains/spshd.com/public_html/khachhang/application/views/app.php 173
ERROR - 2020-06-06 22:19:40 --> Could not find the language line "Đóng"
ERROR - 2020-06-06 22:19:40 --> Could not find the language line "Xác Nhận"
ERROR - 2020-06-06 22:19:40 --> Could not find the language line "Đóng"
ERROR - 2020-06-06 22:19:40 --> Could not find the language line "Xác Nhận"
ERROR - 2020-06-06 22:19:40 --> Could not find the language line "Đóng"
ERROR - 2020-06-06 22:19:40 --> Could not find the language line "Tải"
ERROR - 2020-06-06 22:30:54 --> Could not find the language line "Tạo Điểm Lấy Hàng"
ERROR - 2020-06-06 22:30:54 --> Could not find the language line "Tạo Đơn Hàng"
ERROR - 2020-06-06 22:30:54 --> Could not find the language line "Tải Excel"
ERROR - 2020-06-06 22:30:54 --> Could not find the language line "Đóng"
ERROR - 2020-06-06 22:30:54 --> Could not find the language line "Xác Nhận"
ERROR - 2020-06-06 22:30:54 --> Severity: Warning --> Invalid argument supplied for foreach() /home/admin/domains/spshd.com/public_html/khachhang/application/views/app.php 162
ERROR - 2020-06-06 22:30:54 --> Severity: Warning --> Invalid argument supplied for foreach() /home/admin/domains/spshd.com/public_html/khachhang/application/views/app.php 173
ERROR - 2020-06-06 22:30:54 --> Could not find the language line "Đóng"
ERROR - 2020-06-06 22:30:54 --> Could not find the language line "Xác Nhận"
ERROR - 2020-06-06 22:30:54 --> Could not find the language line "Đóng"
ERROR - 2020-06-06 22:30:54 --> Could not find the language line "Xác Nhận"
ERROR - 2020-06-06 22:30:54 --> Could not find the language line "Đóng"
ERROR - 2020-06-06 22:30:54 --> Could not find the language line "Tải"
ERROR - 2020-06-06 22:32:11 --> Could not find the language line "Tạo Điểm Lấy Hàng"
ERROR - 2020-06-06 22:32:11 --> Could not find the language line "Tạo Đơn Hàng"
ERROR - 2020-06-06 22:32:11 --> Could not find the language line "Tải Excel"
ERROR - 2020-06-06 22:32:11 --> Could not find the language line "Đóng"
ERROR - 2020-06-06 22:32:11 --> Could not find the language line "Xác Nhận"
ERROR - 2020-06-06 22:32:11 --> Severity: Warning --> Invalid argument supplied for foreach() /home/admin/domains/spshd.com/public_html/khachhang/application/views/app.php 162
ERROR - 2020-06-06 22:32:11 --> Severity: Warning --> Invalid argument supplied for foreach() /home/admin/domains/spshd.com/public_html/khachhang/application/views/app.php 173
ERROR - 2020-06-06 22:32:11 --> Could not find the language line "Đóng"
ERROR - 2020-06-06 22:32:11 --> Could not find the language line "Xác Nhận"
ERROR - 2020-06-06 22:32:11 --> Could not find the language line "Đóng"
ERROR - 2020-06-06 22:32:11 --> Could not find the language line "Xác Nhận"
ERROR - 2020-06-06 22:32:11 --> Could not find the language line "Đóng"
ERROR - 2020-06-06 22:32:11 --> Could not find the language line "Tải"
ERROR - 2020-06-06 22:34:52 --> Could not find the language line "Tạo Điểm Lấy Hàng"
ERROR - 2020-06-06 22:34:52 --> Could not find the language line "Tạo Đơn Hàng"
ERROR - 2020-06-06 22:34:52 --> Could not find the language line "Tải Excel"
ERROR - 2020-06-06 22:34:52 --> Could not find the language line "Đóng"
ERROR - 2020-06-06 22:34:52 --> Could not find the language line "Xác Nhận"
ERROR - 2020-06-06 22:34:52 --> Severity: Warning --> Invalid argument supplied for foreach() /home/admin/domains/spshd.com/public_html/khachhang/application/views/app.php 162
ERROR - 2020-06-06 22:34:52 --> Severity: Warning --> Invalid argument supplied for foreach() /home/admin/domains/spshd.com/public_html/khachhang/application/views/app.php 173
ERROR - 2020-06-06 22:34:52 --> Could not find the language line "Đóng"
ERROR - 2020-06-06 22:34:52 --> Could not find the language line "Xác Nhận"
ERROR - 2020-06-06 22:34:52 --> Could not find the language line "Đóng"
ERROR - 2020-06-06 22:34:52 --> Could not find the language line "Xác Nhận"
ERROR - 2020-06-06 22:34:52 --> Could not find the language line "Đóng"
ERROR - 2020-06-06 22:34:52 --> Could not find the language line "Tải"
ERROR - 2020-06-06 23:18:02 --> Could not find the language line "Tạo Điểm Lấy Hàng"
ERROR - 2020-06-06 23:18:02 --> Could not find the language line "Tạo Đơn Hàng"
ERROR - 2020-06-06 23:18:02 --> Could not find the language line "Tải Excel"
ERROR - 2020-06-06 23:18:02 --> Could not find the language line "Đóng"
ERROR - 2020-06-06 23:18:02 --> Could not find the language line "Xác Nhận"
ERROR - 2020-06-06 23:18:02 --> Severity: Warning --> Invalid argument supplied for foreach() /home/admin/domains/spshd.com/public_html/khachhang/application/views/app.php 162
ERROR - 2020-06-06 23:18:02 --> Severity: Warning --> Invalid argument supplied for foreach() /home/admin/domains/spshd.com/public_html/khachhang/application/views/app.php 173
ERROR - 2020-06-06 23:18:02 --> Could not find the language line "Đóng"
ERROR - 2020-06-06 23:18:02 --> Could not find the language line "Xác Nhận"
ERROR - 2020-06-06 23:18:02 --> Could not find the language line "Đóng"
ERROR - 2020-06-06 23:18:02 --> Could not find the language line "Xác Nhận"
ERROR - 2020-06-06 23:18:02 --> Could not find the language line "Đóng"
ERROR - 2020-06-06 23:18:02 --> Could not find the language line "Tải"
ERROR - 2020-06-06 20:37:58 --> Could not find the language line "Email"
ERROR - 2020-06-06 20:37:58 --> Could not find the language line "password"
