ERROR - 2019-12-24 00:49:33 --> Could not find the language line "Email"
ERROR - 2019-12-24 00:49:33 --> Could not find the language line "password"
ERROR - 2019-12-24 02:05:34 --> Could not find the language line "Tạo Điểm Lấy Hàng"
ERROR - 2019-12-24 02:05:34 --> Could not find the language line "Tạo Đơn Hàng"
ERROR - 2019-12-24 02:05:34 --> Severity: Warning --> Invalid argument supplied for foreach() /home/admin/domains/spshd.com/public_html/khachhang/application/views/tab4.php 394
ERROR - 2019-12-24 02:05:34 --> Could not find the language line "Đóng"
ERROR - 2019-12-24 02:05:34 --> Could not find the language line "Xác Nhận"
ERROR - 2019-12-24 02:05:34 --> Severity: Warning --> Invalid argument supplied for foreach() /home/admin/domains/spshd.com/public_html/khachhang/application/views/app.php 157
ERROR - 2019-12-24 02:05:34 --> Severity: Warning --> Invalid argument supplied for foreach() /home/admin/domains/spshd.com/public_html/khachhang/application/views/app.php 168
ERROR - 2019-12-24 02:05:34 --> Could not find the language line "Đóng"
ERROR - 2019-12-24 02:05:34 --> Could not find the language line "Xác Nhận"
ERROR - 2019-12-24 02:05:34 --> Could not find the language line "Đóng"
ERROR - 2019-12-24 02:05:34 --> Could not find the language line "Xác Nhận"
ERROR - 2019-12-24 02:05:36 --> Could not find the language line "Tạo Điểm Lấy Hàng"
ERROR - 2019-12-24 02:05:36 --> Could not find the language line "Tạo Đơn Hàng"
ERROR - 2019-12-24 02:05:36 --> Severity: Warning --> Invalid argument supplied for foreach() /home/admin/domains/spshd.com/public_html/khachhang/application/views/tab4.php 394
ERROR - 2019-12-24 02:05:36 --> Could not find the language line "Đóng"
ERROR - 2019-12-24 02:05:36 --> Could not find the language line "Xác Nhận"
ERROR - 2019-12-24 02:05:36 --> Severity: Warning --> Invalid argument supplied for foreach() /home/admin/domains/spshd.com/public_html/khachhang/application/views/app.php 157
ERROR - 2019-12-24 02:05:36 --> Severity: Warning --> Invalid argument supplied for foreach() /home/admin/domains/spshd.com/public_html/khachhang/application/views/app.php 168
ERROR - 2019-12-24 02:05:36 --> Could not find the language line "Đóng"
ERROR - 2019-12-24 02:05:36 --> Could not find the language line "Xác Nhận"
ERROR - 2019-12-24 02:05:36 --> Could not find the language line "Đóng"
ERROR - 2019-12-24 02:05:36 --> Could not find the language line "Xác Nhận"
ERROR - 2019-12-24 02:05:36 --> Could not find the language line "Tạo Điểm Lấy Hàng"
ERROR - 2019-12-24 02:05:36 --> Could not find the language line "Tạo Đơn Hàng"
ERROR - 2019-12-24 02:05:36 --> Severity: Warning --> Invalid argument supplied for foreach() /home/admin/domains/spshd.com/public_html/khachhang/application/views/tab4.php 394
ERROR - 2019-12-24 02:05:36 --> Could not find the language line "Đóng"
ERROR - 2019-12-24 02:05:36 --> Could not find the language line "Xác Nhận"
ERROR - 2019-12-24 02:05:36 --> Severity: Warning --> Invalid argument supplied for foreach() /home/admin/domains/spshd.com/public_html/khachhang/application/views/app.php 157
ERROR - 2019-12-24 02:05:36 --> Severity: Warning --> Invalid argument supplied for foreach() /home/admin/domains/spshd.com/public_html/khachhang/application/views/app.php 168
ERROR - 2019-12-24 02:05:36 --> Could not find the language line "Đóng"
ERROR - 2019-12-24 02:05:36 --> Could not find the language line "Xác Nhận"
ERROR - 2019-12-24 02:05:36 --> Could not find the language line "Đóng"
ERROR - 2019-12-24 02:05:36 --> Could not find the language line "Xác Nhận"
ERROR - 2019-12-24 02:05:38 --> Could not find the language line "Tạo Điểm Lấy Hàng"
ERROR - 2019-12-24 02:05:38 --> Could not find the language line "Tạo Đơn Hàng"
ERROR - 2019-12-24 02:05:38 --> Severity: Warning --> Invalid argument supplied for foreach() /home/admin/domains/spshd.com/public_html/khachhang/application/views/tab4.php 394
ERROR - 2019-12-24 02:05:38 --> Could not find the language line "Đóng"
ERROR - 2019-12-24 02:05:38 --> Could not find the language line "Xác Nhận"
ERROR - 2019-12-24 02:05:38 --> Severity: Warning --> Invalid argument supplied for foreach() /home/admin/domains/spshd.com/public_html/khachhang/application/views/app.php 157
ERROR - 2019-12-24 02:05:38 --> Severity: Warning --> Invalid argument supplied for foreach() /home/admin/domains/spshd.com/public_html/khachhang/application/views/app.php 168
ERROR - 2019-12-24 02:05:38 --> Could not find the language line "Đóng"
ERROR - 2019-12-24 02:05:38 --> Could not find the language line "Xác Nhận"
ERROR - 2019-12-24 02:05:38 --> Could not find the language line "Đóng"
ERROR - 2019-12-24 02:05:38 --> Could not find the language line "Xác Nhận"
ERROR - 2019-12-24 04:16:45 --> Could not find the language line "Tạo Điểm Lấy Hàng"
ERROR - 2019-12-24 04:16:45 --> Could not find the language line "Tạo Đơn Hàng"
ERROR - 2019-12-24 04:16:45 --> Severity: Warning --> Invalid argument supplied for foreach() /home/admin/domains/spshd.com/public_html/khachhang/application/views/tab4.php 394
ERROR - 2019-12-24 04:16:45 --> Could not find the language line "Đóng"
ERROR - 2019-12-24 04:16:45 --> Could not find the language line "Xác Nhận"
ERROR - 2019-12-24 04:16:45 --> Severity: Warning --> Invalid argument supplied for foreach() /home/admin/domains/spshd.com/public_html/khachhang/application/views/app.php 157
ERROR - 2019-12-24 04:16:45 --> Severity: Warning --> Invalid argument supplied for foreach() /home/admin/domains/spshd.com/public_html/khachhang/application/views/app.php 168
ERROR - 2019-12-24 04:16:45 --> Could not find the language line "Đóng"
ERROR - 2019-12-24 04:16:45 --> Could not find the language line "Xác Nhận"
ERROR - 2019-12-24 04:16:45 --> Could not find the language line "Đóng"
ERROR - 2019-12-24 04:16:45 --> Could not find the language line "Xác Nhận"
ERROR - 2019-12-24 04:16:47 --> Could not find the language line "Tạo Điểm Lấy Hàng"
ERROR - 2019-12-24 04:16:47 --> Could not find the language line "Tạo Đơn Hàng"
ERROR - 2019-12-24 04:16:47 --> Severity: Warning --> Invalid argument supplied for foreach() /home/admin/domains/spshd.com/public_html/khachhang/application/views/tab4.php 394
ERROR - 2019-12-24 04:16:47 --> Could not find the language line "Đóng"
ERROR - 2019-12-24 04:16:47 --> Could not find the language line "Xác Nhận"
ERROR - 2019-12-24 04:16:47 --> Severity: Warning --> Invalid argument supplied for foreach() /home/admin/domains/spshd.com/public_html/khachhang/application/views/app.php 157
ERROR - 2019-12-24 04:16:47 --> Severity: Warning --> Invalid argument supplied for foreach() /home/admin/domains/spshd.com/public_html/khachhang/application/views/app.php 168
ERROR - 2019-12-24 04:16:47 --> Could not find the language line "Đóng"
ERROR - 2019-12-24 04:16:47 --> Could not find the language line "Xác Nhận"
ERROR - 2019-12-24 04:16:47 --> Could not find the language line "Đóng"
ERROR - 2019-12-24 04:16:47 --> Could not find the language line "Xác Nhận"
ERROR - 2019-12-24 04:16:47 --> Could not find the language line "Tạo Điểm Lấy Hàng"
ERROR - 2019-12-24 04:16:47 --> Could not find the language line "Tạo Đơn Hàng"
ERROR - 2019-12-24 04:16:47 --> Severity: Warning --> Invalid argument supplied for foreach() /home/admin/domains/spshd.com/public_html/khachhang/application/views/tab4.php 394
ERROR - 2019-12-24 04:16:47 --> Could not find the language line "Đóng"
ERROR - 2019-12-24 04:16:47 --> Could not find the language line "Xác Nhận"
ERROR - 2019-12-24 04:16:47 --> Severity: Warning --> Invalid argument supplied for foreach() /home/admin/domains/spshd.com/public_html/khachhang/application/views/app.php 157
ERROR - 2019-12-24 04:16:47 --> Severity: Warning --> Invalid argument supplied for foreach() /home/admin/domains/spshd.com/public_html/khachhang/application/views/app.php 168
ERROR - 2019-12-24 04:16:47 --> Could not find the language line "Đóng"
ERROR - 2019-12-24 04:16:47 --> Could not find the language line "Xác Nhận"
ERROR - 2019-12-24 04:16:47 --> Could not find the language line "Đóng"
ERROR - 2019-12-24 04:16:47 --> Could not find the language line "Xác Nhận"
ERROR - 2019-12-24 04:16:47 --> Could not find the language line "Tạo Điểm Lấy Hàng"
ERROR - 2019-12-24 04:16:47 --> Could not find the language line "Tạo Đơn Hàng"
ERROR - 2019-12-24 04:16:47 --> Severity: Warning --> Invalid argument supplied for foreach() /home/admin/domains/spshd.com/public_html/khachhang/application/views/tab4.php 394
ERROR - 2019-12-24 04:16:47 --> Could not find the language line "Đóng"
ERROR - 2019-12-24 04:16:47 --> Could not find the language line "Xác Nhận"
ERROR - 2019-12-24 04:16:47 --> Severity: Warning --> Invalid argument supplied for foreach() /home/admin/domains/spshd.com/public_html/khachhang/application/views/app.php 157
ERROR - 2019-12-24 04:16:47 --> Severity: Warning --> Invalid argument supplied for foreach() /home/admin/domains/spshd.com/public_html/khachhang/application/views/app.php 168
ERROR - 2019-12-24 04:16:47 --> Could not find the language line "Đóng"
ERROR - 2019-12-24 04:16:47 --> Could not find the language line "Xác Nhận"
ERROR - 2019-12-24 04:16:47 --> Could not find the language line "Đóng"
ERROR - 2019-12-24 04:16:47 --> Could not find the language line "Xác Nhận"
ERROR - 2019-12-24 06:07:38 --> Could not find the language line "Tạo Điểm Lấy Hàng"
ERROR - 2019-12-24 06:07:38 --> Could not find the language line "Tạo Đơn Hàng"
ERROR - 2019-12-24 06:07:38 --> Severity: Warning --> Invalid argument supplied for foreach() /home/admin/domains/spshd.com/public_html/khachhang/application/views/tab4.php 394
ERROR - 2019-12-24 06:07:38 --> Could not find the language line "Đóng"
ERROR - 2019-12-24 06:07:38 --> Could not find the language line "Xác Nhận"
ERROR - 2019-12-24 06:07:38 --> Severity: Warning --> Invalid argument supplied for foreach() /home/admin/domains/spshd.com/public_html/khachhang/application/views/app.php 157
ERROR - 2019-12-24 06:07:38 --> Severity: Warning --> Invalid argument supplied for foreach() /home/admin/domains/spshd.com/public_html/khachhang/application/views/app.php 168
ERROR - 2019-12-24 06:07:38 --> Could not find the language line "Đóng"
ERROR - 2019-12-24 06:07:38 --> Could not find the language line "Xác Nhận"
ERROR - 2019-12-24 06:07:38 --> Could not find the language line "Đóng"
ERROR - 2019-12-24 06:07:38 --> Could not find the language line "Xác Nhận"
ERROR - 2019-12-24 06:11:50 --> Could not find the language line "Email"
ERROR - 2019-12-24 06:11:50 --> Could not find the language line "password"
