ERROR - 2020-01-31 09:08:00 --> Could not find the language line "Tạo Điểm Lấy Hàng"
ERROR - 2020-01-31 09:08:00 --> Could not find the language line "Tạo Đơn Hàng"
ERROR - 2020-01-31 09:08:00 --> Severity: Warning --> Invalid argument supplied for foreach() /home/admin/domains/spshd.com/public_html/khachhang/application/views/tab4.php 394
ERROR - 2020-01-31 09:08:00 --> Could not find the language line "Đóng"
ERROR - 2020-01-31 09:08:00 --> Could not find the language line "Xác Nhận"
ERROR - 2020-01-31 09:08:00 --> Severity: Warning --> Invalid argument supplied for foreach() /home/admin/domains/spshd.com/public_html/khachhang/application/views/app.php 157
ERROR - 2020-01-31 09:08:00 --> Severity: Warning --> Invalid argument supplied for foreach() /home/admin/domains/spshd.com/public_html/khachhang/application/views/app.php 168
ERROR - 2020-01-31 09:08:00 --> Could not find the language line "Đóng"
ERROR - 2020-01-31 09:08:00 --> Could not find the language line "Xác Nhận"
ERROR - 2020-01-31 09:08:00 --> Could not find the language line "Đóng"
ERROR - 2020-01-31 09:08:00 --> Could not find the language line "Xác Nhận"
ERROR - 2020-01-31 10:14:43 --> Could not find the language line "Tạo Điểm Lấy Hàng"
ERROR - 2020-01-31 10:14:43 --> Could not find the language line "Tạo Đơn Hàng"
ERROR - 2020-01-31 10:14:43 --> Severity: Warning --> Invalid argument supplied for foreach() /home/admin/domains/spshd.com/public_html/khachhang/application/views/tab4.php 394
ERROR - 2020-01-31 10:14:43 --> Could not find the language line "Đóng"
ERROR - 2020-01-31 10:14:43 --> Could not find the language line "Xác Nhận"
ERROR - 2020-01-31 10:14:43 --> Severity: Warning --> Invalid argument supplied for foreach() /home/admin/domains/spshd.com/public_html/khachhang/application/views/app.php 157
ERROR - 2020-01-31 10:14:43 --> Severity: Warning --> Invalid argument supplied for foreach() /home/admin/domains/spshd.com/public_html/khachhang/application/views/app.php 168
ERROR - 2020-01-31 10:14:43 --> Could not find the language line "Đóng"
ERROR - 2020-01-31 10:14:43 --> Could not find the language line "Xác Nhận"
ERROR - 2020-01-31 10:14:43 --> Could not find the language line "Đóng"
ERROR - 2020-01-31 10:14:43 --> Could not find the language line "Xác Nhận"
ERROR - 2020-01-31 10:15:43 --> Could not find the language line "Tạo Điểm Lấy Hàng"
ERROR - 2020-01-31 10:15:43 --> Could not find the language line "Tạo Đơn Hàng"
ERROR - 2020-01-31 10:15:43 --> Severity: Warning --> Invalid argument supplied for foreach() /home/admin/domains/spshd.com/public_html/khachhang/application/views/tab4.php 394
ERROR - 2020-01-31 10:15:43 --> Could not find the language line "Đóng"
ERROR - 2020-01-31 10:15:43 --> Could not find the language line "Xác Nhận"
ERROR - 2020-01-31 10:15:43 --> Severity: Warning --> Invalid argument supplied for foreach() /home/admin/domains/spshd.com/public_html/khachhang/application/views/app.php 157
ERROR - 2020-01-31 10:15:43 --> Severity: Warning --> Invalid argument supplied for foreach() /home/admin/domains/spshd.com/public_html/khachhang/application/views/app.php 168
ERROR - 2020-01-31 10:15:43 --> Could not find the language line "Đóng"
ERROR - 2020-01-31 10:15:43 --> Could not find the language line "Xác Nhận"
ERROR - 2020-01-31 10:15:43 --> Could not find the language line "Đóng"
ERROR - 2020-01-31 10:15:43 --> Could not find the language line "Xác Nhận"
ERROR - 2020-01-31 13:10:08 --> Could not find the language line "Tạo Điểm Lấy Hàng"
ERROR - 2020-01-31 13:10:08 --> Could not find the language line "Tạo Đơn Hàng"
ERROR - 2020-01-31 13:10:08 --> Severity: Warning --> Invalid argument supplied for foreach() /home/admin/domains/spshd.com/public_html/khachhang/application/views/tab4.php 394
ERROR - 2020-01-31 13:10:08 --> Could not find the language line "Đóng"
ERROR - 2020-01-31 13:10:08 --> Could not find the language line "Xác Nhận"
ERROR - 2020-01-31 13:10:08 --> Severity: Warning --> Invalid argument supplied for foreach() /home/admin/domains/spshd.com/public_html/khachhang/application/views/app.php 157
ERROR - 2020-01-31 13:10:08 --> Severity: Warning --> Invalid argument supplied for foreach() /home/admin/domains/spshd.com/public_html/khachhang/application/views/app.php 168
ERROR - 2020-01-31 13:10:08 --> Could not find the language line "Đóng"
ERROR - 2020-01-31 13:10:08 --> Could not find the language line "Xác Nhận"
ERROR - 2020-01-31 13:10:08 --> Could not find the language line "Đóng"
ERROR - 2020-01-31 13:10:08 --> Could not find the language line "Xác Nhận"
ERROR - 2020-01-31 13:10:09 --> Could not find the language line "Tạo Điểm Lấy Hàng"
ERROR - 2020-01-31 13:10:09 --> Could not find the language line "Tạo Đơn Hàng"
ERROR - 2020-01-31 13:10:09 --> Severity: Warning --> Invalid argument supplied for foreach() /home/admin/domains/spshd.com/public_html/khachhang/application/views/tab4.php 394
ERROR - 2020-01-31 13:10:09 --> Could not find the language line "Đóng"
ERROR - 2020-01-31 13:10:09 --> Could not find the language line "Xác Nhận"
ERROR - 2020-01-31 13:10:09 --> Severity: Warning --> Invalid argument supplied for foreach() /home/admin/domains/spshd.com/public_html/khachhang/application/views/app.php 157
ERROR - 2020-01-31 13:10:09 --> Severity: Warning --> Invalid argument supplied for foreach() /home/admin/domains/spshd.com/public_html/khachhang/application/views/app.php 168
ERROR - 2020-01-31 13:10:09 --> Could not find the language line "Đóng"
ERROR - 2020-01-31 13:10:09 --> Could not find the language line "Xác Nhận"
ERROR - 2020-01-31 13:10:09 --> Could not find the language line "Đóng"
ERROR - 2020-01-31 13:10:09 --> Could not find the language line "Xác Nhận"
ERROR - 2020-01-31 15:50:09 --> Could not find the language line "Tạo Điểm Lấy Hàng"
ERROR - 2020-01-31 15:50:09 --> Could not find the language line "Tạo Đơn Hàng"
ERROR - 2020-01-31 15:50:09 --> Severity: Warning --> Invalid argument supplied for foreach() /home/admin/domains/spshd.com/public_html/khachhang/application/views/tab4.php 394
ERROR - 2020-01-31 15:50:09 --> Could not find the language line "Đóng"
ERROR - 2020-01-31 15:50:09 --> Could not find the language line "Xác Nhận"
ERROR - 2020-01-31 15:50:09 --> Severity: Warning --> Invalid argument supplied for foreach() /home/admin/domains/spshd.com/public_html/khachhang/application/views/app.php 157
ERROR - 2020-01-31 15:50:09 --> Severity: Warning --> Invalid argument supplied for foreach() /home/admin/domains/spshd.com/public_html/khachhang/application/views/app.php 168
ERROR - 2020-01-31 15:50:09 --> Could not find the language line "Đóng"
ERROR - 2020-01-31 15:50:09 --> Could not find the language line "Xác Nhận"
ERROR - 2020-01-31 15:50:09 --> Could not find the language line "Đóng"
ERROR - 2020-01-31 15:50:09 --> Could not find the language line "Xác Nhận"
ERROR - 2020-01-31 15:53:05 --> Could not find the language line "Tạo Điểm Lấy Hàng"
ERROR - 2020-01-31 15:53:05 --> Could not find the language line "Tạo Đơn Hàng"
ERROR - 2020-01-31 15:53:05 --> Severity: Warning --> Invalid argument supplied for foreach() /home/admin/domains/spshd.com/public_html/khachhang/application/views/tab4.php 394
ERROR - 2020-01-31 15:53:05 --> Could not find the language line "Đóng"
ERROR - 2020-01-31 15:53:05 --> Could not find the language line "Xác Nhận"
ERROR - 2020-01-31 15:53:05 --> Severity: Warning --> Invalid argument supplied for foreach() /home/admin/domains/spshd.com/public_html/khachhang/application/views/app.php 157
ERROR - 2020-01-31 15:53:05 --> Severity: Warning --> Invalid argument supplied for foreach() /home/admin/domains/spshd.com/public_html/khachhang/application/views/app.php 168
ERROR - 2020-01-31 15:53:05 --> Could not find the language line "Đóng"
ERROR - 2020-01-31 15:53:05 --> Could not find the language line "Xác Nhận"
ERROR - 2020-01-31 15:53:05 --> Could not find the language line "Đóng"
ERROR - 2020-01-31 15:53:05 --> Could not find the language line "Xác Nhận"
ERROR - 2020-01-31 15:53:12 --> Could not find the language line "Tạo Điểm Lấy Hàng"
ERROR - 2020-01-31 15:53:12 --> Could not find the language line "Tạo Đơn Hàng"
ERROR - 2020-01-31 15:53:12 --> Severity: Warning --> Invalid argument supplied for foreach() /home/admin/domains/spshd.com/public_html/khachhang/application/views/tab4.php 394
ERROR - 2020-01-31 15:53:12 --> Could not find the language line "Đóng"
ERROR - 2020-01-31 15:53:12 --> Could not find the language line "Xác Nhận"
ERROR - 2020-01-31 15:53:12 --> Severity: Warning --> Invalid argument supplied for foreach() /home/admin/domains/spshd.com/public_html/khachhang/application/views/app.php 157
ERROR - 2020-01-31 15:53:12 --> Severity: Warning --> Invalid argument supplied for foreach() /home/admin/domains/spshd.com/public_html/khachhang/application/views/app.php 168
ERROR - 2020-01-31 15:53:12 --> Could not find the language line "Đóng"
ERROR - 2020-01-31 15:53:12 --> Could not find the language line "Xác Nhận"
ERROR - 2020-01-31 15:53:12 --> Could not find the language line "Đóng"
ERROR - 2020-01-31 15:53:12 --> Could not find the language line "Xác Nhận"
ERROR - 2020-01-31 16:15:37 --> Could not find the language line "Email"
ERROR - 2020-01-31 16:15:37 --> Could not find the language line "password"
ERROR - 2020-01-31 22:38:15 --> Could not find the language line "Email"
ERROR - 2020-01-31 22:38:15 --> Could not find the language line "password"
